
RAxML-NG v. 1.1.0 released on 29.11.2021 by The Exelixis Lab.
Developed by: Alexey M. Kozlov and Alexandros Stamatakis.
Contributors: Diego Darriba, Tomas Flouri, Benoit Morel, Sarah Lutteropp, Ben Bettisworth.
Latest version: https://github.com/amkozlov/raxml-ng
Questions/problems/suggestions? Please visit: https://groups.google.com/forum/#!forum/raxml

System: AMD Ryzen 7 5800X 8-Core Processor, 8 cores, 31 GB RAM

RAxML-NG was called at 27-Jun-2023 13:05:42 as follows:

/home/fili/Documents/KIT/2023/BA/resources/tools/RAxML-NG/raxml-ng --msa /home/fili/Documents/KIT/2023/BA/code/output/families/ssim_DL_s20_f100_sites200_GTR_bl1.0_d1.0_l1.0_t0.0_gc0.0_p0.0_pop10_ms0.0_mf0.0_seed19732311/families/family_006/alignment.msa --model F81 --prefix /home/fili/Documents/KIT/2023/BA/code/output/families/ssim_DL_s20_f100_sites200_GTR_bl1.0_d1.0_l1.0_t0.0_gc0.0_p0.0_pop10_ms0.0_mf0.0_seed19732311/families/family_006/misc/raxml_output.F81

Analysis options:
  run mode: ML tree search
  start tree(s): random (10) + parsimony (10)
  random seed: 1687863942
  tip-inner: OFF
  pattern compression: ON
  per-rate scalers: OFF
  site repeats: ON
  fast spr radius: AUTO
  spr subtree cutoff: 1.000000
  branch lengths: proportional (ML estimate, algorithm: NR-FAST)
  SIMD kernels: AVX2
  parallelization: coarse-grained (auto), PTHREADS (auto)

[00:00:00] Reading alignment from file: /home/fili/Documents/KIT/2023/BA/code/output/families/ssim_DL_s20_f100_sites200_GTR_bl1.0_d1.0_l1.0_t0.0_gc0.0_p0.0_pop10_ms0.0_mf0.0_seed19732311/families/family_006/alignment.msa
[00:00:00] Loaded alignment with 14 taxa and 151 sites

WARNING: Sequences 14_0_0 and 14_1_0 are exactly identical!
WARNING: Duplicate sequences found: 1

NOTE: Reduced alignment (with duplicates and gap-only sites/taxa removed) 
NOTE: was saved to: /home/fili/Documents/KIT/2023/BA/code/output/families/ssim_DL_s20_f100_sites200_GTR_bl1.0_d1.0_l1.0_t0.0_gc0.0_p0.0_pop10_ms0.0_mf0.0_seed19732311/families/family_006/misc/raxml_output.F81.raxml.reduced.phy

Alignment comprises 1 partitions and 31 patterns

Partition 0: noname
Model: F81+FO
Alignment sites / patterns: 151 / 31
Gaps: 0.00 %
Invariant sites: 74.83 %


NOTE: Binary MSA file created: /home/fili/Documents/KIT/2023/BA/code/output/families/ssim_DL_s20_f100_sites200_GTR_bl1.0_d1.0_l1.0_t0.0_gc0.0_p0.0_pop10_ms0.0_mf0.0_seed19732311/families/family_006/misc/raxml_output.F81.raxml.rba

Parallelization scheme autoconfig: 8 worker(s) x 1 thread(s)

Parallel reduction/worker buffer size: 1 KB  / 0 KB

[00:00:00] Generating 10 random starting tree(s) with 14 taxa
[00:00:00] Generating 10 parsimony starting tree(s) with 14 taxa
[00:00:00] Data distribution: max. partitions/sites/weight per thread: 1 / 31 / 124
[00:00:00] Data distribution: max. searches per worker: 3

Starting ML tree search with 20 distinct starting trees

[00:00:00 -949.041128] Initial branch length optimization
[00:00:00 -730.393903] Model parameter optimization (eps = 10.000000)
[00:00:00 -714.206724] AUTODETECT spr round 1 (radius: 5)
[00:00:00 -465.959482] AUTODETECT spr round 2 (radius: 10)
[00:00:00 -465.954859] SPR radius for FAST iterations: 5 (autodetect)
[00:00:00 -465.954859] Model parameter optimization (eps = 3.000000)
[00:00:00 -464.739923] FAST spr round 1 (radius: 5)
[00:00:00 -464.739580] Model parameter optimization (eps = 1.000000)
[00:00:00 -464.739551] SLOW spr round 1 (radius: 5)
[00:00:00] [worker #6] ML tree search #7, logLikelihood: -462.393011
[00:00:00] [worker #2] ML tree search #3, logLikelihood: -462.393011
[00:00:00] [worker #3] ML tree search #4, logLikelihood: -462.393011
[00:00:00] [worker #7] ML tree search #8, logLikelihood: -462.393010
[00:00:00] [worker #4] ML tree search #5, logLikelihood: -462.393010
[00:00:00 -462.431810] SLOW spr round 2 (radius: 5)
[00:00:00] [worker #5] ML tree search #6, logLikelihood: -462.393010
[00:00:00] [worker #1] ML tree search #2, logLikelihood: -462.393011
[00:00:00] [worker #6] ML tree search #15, logLikelihood: -462.393011
[00:00:00 -462.431810] SLOW spr round 3 (radius: 10)
[00:00:00] [worker #2] ML tree search #11, logLikelihood: -462.393010
[00:00:00] [worker #3] ML tree search #12, logLikelihood: -462.393011
[00:00:00 -462.431810] Model parameter optimization (eps = 0.100000)
[00:00:00] [worker #7] ML tree search #16, logLikelihood: -462.393010

[00:00:00] [worker #0] ML tree search #1, logLikelihood: -462.393010

[00:00:00] [worker #4] ML tree search #13, logLikelihood: -462.393010
[00:00:00] [worker #5] ML tree search #14, logLikelihood: -462.393010
[00:00:00 -942.477874] Initial branch length optimization
[00:00:00 -731.740542] Model parameter optimization (eps = 10.000000)
[00:00:00 -717.047211] AUTODETECT spr round 1 (radius: 5)
[00:00:00 -473.305608] AUTODETECT spr round 2 (radius: 10)
[00:00:00 -473.305608] SPR radius for FAST iterations: 5 (autodetect)
[00:00:00 -473.305608] Model parameter optimization (eps = 3.000000)
[00:00:00 -472.199451] FAST spr round 1 (radius: 5)
[00:00:00] [worker #3] ML tree search #20, logLikelihood: -462.393011
[00:00:00] [worker #2] ML tree search #19, logLikelihood: -462.393010
[00:00:00 -462.569858] FAST spr round 2 (radius: 5)
[00:00:00 -462.569135] Model parameter optimization (eps = 1.000000)
[00:00:00 -462.393153] SLOW spr round 1 (radius: 5)
[00:00:00] [worker #1] ML tree search #10, logLikelihood: -462.393010
[00:00:00 -462.393013] SLOW spr round 2 (radius: 10)
[00:00:00 -462.393011] Model parameter optimization (eps = 0.100000)

[00:00:00] [worker #0] ML tree search #9, logLikelihood: -462.393011

[00:00:00 -737.782225] Initial branch length optimization
[00:00:00 -473.151181] Model parameter optimization (eps = 10.000000)
[00:00:00 -462.475386] AUTODETECT spr round 1 (radius: 5)
[00:00:00 -462.393235] SPR radius for FAST iterations: 5 (autodetect)
[00:00:00 -462.393235] Model parameter optimization (eps = 3.000000)
[00:00:00 -462.393068] FAST spr round 1 (radius: 5)
[00:00:00 -462.393014] Model parameter optimization (eps = 1.000000)
[00:00:00 -462.393011] SLOW spr round 1 (radius: 5)
[00:00:00] [worker #1] ML tree search #18, logLikelihood: -462.393010
[00:00:00 -462.393010] SLOW spr round 2 (radius: 10)
[00:00:00 -462.393010] Model parameter optimization (eps = 0.100000)

[00:00:00] [worker #0] ML tree search #17, logLikelihood: -462.393010


Optimized model parameters:

   Partition 0: noname
   Rate heterogeneity: NONE
   Base frequencies (ML): 0.242655 0.130948 0.277544 0.348853 
   Substitution rates (model): 1.000000 1.000000 1.000000 1.000000 1.000000 1.000000 


Final LogLikelihood: -462.393010

AIC score: 980.786020 / AICc score: 994.097495 / BIC score: 1065.269856
Free parameters (model + branch lengths): 28

WARNING: Best ML tree contains 3 near-zero branches!

Best ML tree with collapsed near-zero branches saved to: /home/fili/Documents/KIT/2023/BA/code/output/families/ssim_DL_s20_f100_sites200_GTR_bl1.0_d1.0_l1.0_t0.0_gc0.0_p0.0_pop10_ms0.0_mf0.0_seed19732311/families/family_006/misc/raxml_output.F81.raxml.bestTreeCollapsed
Best ML tree saved to: /home/fili/Documents/KIT/2023/BA/code/output/families/ssim_DL_s20_f100_sites200_GTR_bl1.0_d1.0_l1.0_t0.0_gc0.0_p0.0_pop10_ms0.0_mf0.0_seed19732311/families/family_006/misc/raxml_output.F81.raxml.bestTree
All ML trees saved to: /home/fili/Documents/KIT/2023/BA/code/output/families/ssim_DL_s20_f100_sites200_GTR_bl1.0_d1.0_l1.0_t0.0_gc0.0_p0.0_pop10_ms0.0_mf0.0_seed19732311/families/family_006/misc/raxml_output.F81.raxml.mlTrees
Optimized model saved to: /home/fili/Documents/KIT/2023/BA/code/output/families/ssim_DL_s20_f100_sites200_GTR_bl1.0_d1.0_l1.0_t0.0_gc0.0_p0.0_pop10_ms0.0_mf0.0_seed19732311/families/family_006/misc/raxml_output.F81.raxml.bestModel

Execution log saved to: /home/fili/Documents/KIT/2023/BA/code/output/families/ssim_DL_s20_f100_sites200_GTR_bl1.0_d1.0_l1.0_t0.0_gc0.0_p0.0_pop10_ms0.0_mf0.0_seed19732311/families/family_006/misc/raxml_output.F81.raxml.log

Analysis started: 27-Jun-2023 13:05:42 / finished: 27-Jun-2023 13:05:42

Elapsed time: 0.096 seconds

