
RAxML-NG v. 1.1.0 released on 29.11.2021 by The Exelixis Lab.
Developed by: Alexey M. Kozlov and Alexandros Stamatakis.
Contributors: Diego Darriba, Tomas Flouri, Benoit Morel, Sarah Lutteropp, Ben Bettisworth.
Latest version: https://github.com/amkozlov/raxml-ng
Questions/problems/suggestions? Please visit: https://groups.google.com/forum/#!forum/raxml

System: AMD Ryzen 7 5800X 8-Core Processor, 8 cores, 31 GB RAM

RAxML-NG was called at 27-Jun-2023 13:01:50 as follows:

/home/fili/Documents/KIT/2023/BA/resources/tools/RAxML-NG/raxml-ng --msa /home/fili/Documents/KIT/2023/BA/code/output/families/ssim_DL_s20_f100_sites200_GTR_bl1.0_d1.0_l1.0_t0.0_gc0.0_p0.0_pop10_ms0.0_mf0.0_seed1007/families/family_010/alignment.msa --model F81 --prefix /home/fili/Documents/KIT/2023/BA/code/output/families/ssim_DL_s20_f100_sites200_GTR_bl1.0_d1.0_l1.0_t0.0_gc0.0_p0.0_pop10_ms0.0_mf0.0_seed1007/families/family_010/misc/raxml_output.F81

Analysis options:
  run mode: ML tree search
  start tree(s): random (10) + parsimony (10)
  random seed: 1687863710
  tip-inner: OFF
  pattern compression: ON
  per-rate scalers: OFF
  site repeats: ON
  fast spr radius: AUTO
  spr subtree cutoff: 1.000000
  branch lengths: proportional (ML estimate, algorithm: NR-FAST)
  SIMD kernels: AVX2
  parallelization: coarse-grained (auto), PTHREADS (auto)

[00:00:00] Reading alignment from file: /home/fili/Documents/KIT/2023/BA/code/output/families/ssim_DL_s20_f100_sites200_GTR_bl1.0_d1.0_l1.0_t0.0_gc0.0_p0.0_pop10_ms0.0_mf0.0_seed1007/families/family_010/alignment.msa
[00:00:00] Loaded alignment with 9 taxa and 152 sites

Alignment comprises 1 partitions and 50 patterns

Partition 0: noname
Model: F81+FO
Alignment sites / patterns: 152 / 50
Gaps: 0.00 %
Invariant sites: 61.84 %


NOTE: Binary MSA file created: /home/fili/Documents/KIT/2023/BA/code/output/families/ssim_DL_s20_f100_sites200_GTR_bl1.0_d1.0_l1.0_t0.0_gc0.0_p0.0_pop10_ms0.0_mf0.0_seed1007/families/family_010/misc/raxml_output.F81.raxml.rba

Parallelization scheme autoconfig: 8 worker(s) x 1 thread(s)

Parallel reduction/worker buffer size: 1 KB  / 0 KB

[00:00:00] Generating 10 random starting tree(s) with 9 taxa
[00:00:00] Generating 10 parsimony starting tree(s) with 9 taxa
[00:00:00] Data distribution: max. partitions/sites/weight per thread: 1 / 50 / 200
[00:00:00] Data distribution: max. searches per worker: 3

Starting ML tree search with 20 distinct starting trees

[00:00:00 -816.400350] Initial branch length optimization
[00:00:00 -750.283414] Model parameter optimization (eps = 10.000000)
[00:00:00 -723.549285] AUTODETECT spr round 1 (radius: 5)
[00:00:00 -624.643537] SPR radius for FAST iterations: 5 (autodetect)
[00:00:00 -624.643537] Model parameter optimization (eps = 3.000000)
[00:00:00 -624.256003] FAST spr round 1 (radius: 5)
[00:00:00 -620.909386] FAST spr round 2 (radius: 5)
[00:00:00 -620.909386] Model parameter optimization (eps = 1.000000)
[00:00:00 -620.896071] SLOW spr round 1 (radius: 5)
[00:00:00] [worker #3] ML tree search #4, logLikelihood: -620.896067
[00:00:00] [worker #1] ML tree search #2, logLikelihood: -620.896067
[00:00:00] [worker #4] ML tree search #5, logLikelihood: -620.896067
[00:00:00] [worker #6] ML tree search #7, logLikelihood: -620.896068
[00:00:00] [worker #2] ML tree search #3, logLikelihood: -620.896067
[00:00:00] [worker #5] ML tree search #6, logLikelihood: -620.896067
[00:00:00] [worker #7] ML tree search #8, logLikelihood: -620.896067
[00:00:00 -620.896068] Model parameter optimization (eps = 0.100000)

[00:00:00] [worker #0] ML tree search #1, logLikelihood: -620.896067

[00:00:00 -795.234443] Initial branch length optimization
[00:00:00 -725.304127] Model parameter optimization (eps = 10.000000)
[00:00:00 -702.281811] AUTODETECT spr round 1 (radius: 5)
[00:00:00 -627.427829] SPR radius for FAST iterations: 5 (autodetect)
[00:00:00 -627.427829] Model parameter optimization (eps = 3.000000)
[00:00:00 -627.321101] FAST spr round 1 (radius: 5)
[00:00:00 -620.945469] FAST spr round 2 (radius: 5)
[00:00:00] [worker #3] ML tree search #12, logLikelihood: -620.896068
[00:00:00] [worker #1] ML tree search #10, logLikelihood: -620.896067
[00:00:00] [worker #4] ML tree search #13, logLikelihood: -620.896067
[00:00:00] [worker #2] ML tree search #11, logLikelihood: -620.896068
[00:00:00] [worker #5] ML tree search #14, logLikelihood: -620.896067
[00:00:00] [worker #6] ML tree search #15, logLikelihood: -620.896067
[00:00:00] [worker #7] ML tree search #16, logLikelihood: -620.896067
[00:00:00 -620.945469] Model parameter optimization (eps = 1.000000)
[00:00:00 -620.896088] SLOW spr round 1 (radius: 5)
[00:00:00 -620.896078] Model parameter optimization (eps = 0.100000)

[00:00:00] [worker #0] ML tree search #9, logLikelihood: -620.896067

[00:00:00 -712.785920] Initial branch length optimization
[00:00:00 -644.033107] Model parameter optimization (eps = 10.000000)
[00:00:00 -625.323252] AUTODETECT spr round 1 (radius: 5)
[00:00:00] [worker #3] ML tree search #20, logLikelihood: -620.896068
[00:00:00 -620.907150] SPR radius for FAST iterations: 5 (autodetect)
[00:00:00 -620.907150] Model parameter optimization (eps = 3.000000)
[00:00:00] [worker #1] ML tree search #18, logLikelihood: -620.896067
[00:00:00] [worker #2] ML tree search #19, logLikelihood: -620.896067
[00:00:00 -620.896071] FAST spr round 1 (radius: 5)
[00:00:00 -620.896070] Model parameter optimization (eps = 1.000000)
[00:00:00 -620.896068] SLOW spr round 1 (radius: 5)
[00:00:00 -620.896068] Model parameter optimization (eps = 0.100000)

[00:00:00] [worker #0] ML tree search #17, logLikelihood: -620.896068


Optimized model parameters:

   Partition 0: noname
   Rate heterogeneity: NONE
   Base frequencies (ML): 0.377725 0.126620 0.299415 0.196240 
   Substitution rates (model): 1.000000 1.000000 1.000000 1.000000 1.000000 1.000000 


Final LogLikelihood: -620.896067

AIC score: 1277.792134 / AICc score: 1282.934991 / BIC score: 1332.221983
Free parameters (model + branch lengths): 18

Best ML tree saved to: /home/fili/Documents/KIT/2023/BA/code/output/families/ssim_DL_s20_f100_sites200_GTR_bl1.0_d1.0_l1.0_t0.0_gc0.0_p0.0_pop10_ms0.0_mf0.0_seed1007/families/family_010/misc/raxml_output.F81.raxml.bestTree
All ML trees saved to: /home/fili/Documents/KIT/2023/BA/code/output/families/ssim_DL_s20_f100_sites200_GTR_bl1.0_d1.0_l1.0_t0.0_gc0.0_p0.0_pop10_ms0.0_mf0.0_seed1007/families/family_010/misc/raxml_output.F81.raxml.mlTrees
Optimized model saved to: /home/fili/Documents/KIT/2023/BA/code/output/families/ssim_DL_s20_f100_sites200_GTR_bl1.0_d1.0_l1.0_t0.0_gc0.0_p0.0_pop10_ms0.0_mf0.0_seed1007/families/family_010/misc/raxml_output.F81.raxml.bestModel

Execution log saved to: /home/fili/Documents/KIT/2023/BA/code/output/families/ssim_DL_s20_f100_sites200_GTR_bl1.0_d1.0_l1.0_t0.0_gc0.0_p0.0_pop10_ms0.0_mf0.0_seed1007/families/family_010/misc/raxml_output.F81.raxml.log

Analysis started: 27-Jun-2023 13:01:50 / finished: 27-Jun-2023 13:01:50

Elapsed time: 0.060 seconds

