
RAxML-NG v. 1.1.0 released on 29.11.2021 by The Exelixis Lab.
Developed by: Alexey M. Kozlov and Alexandros Stamatakis.
Contributors: Diego Darriba, Tomas Flouri, Benoit Morel, Sarah Lutteropp, Ben Bettisworth.
Latest version: https://github.com/amkozlov/raxml-ng
Questions/problems/suggestions? Please visit: https://groups.google.com/forum/#!forum/raxml

System: AMD Ryzen 7 5800X 8-Core Processor, 8 cores, 31 GB RAM

RAxML-NG was called at 19-Jun-2023 17:10:51 as follows:

/home/fili/Documents/KIT/2023/BA/resources/tools/RAxML-NG/raxml-ng --msa /home/fili/Documents/KIT/2023/BA/code/output/families/ssim_NE_s20_f100_sites200_GTR_bl1.0_d0.0_l0.0_t0.0_gc0.0_p0.0_pop10_ms0.0_mf0.0_seed42/families/family_081/alignment.msa --model F81 --prefix /home/fili/Documents/KIT/2023/BA/code/output/families/ssim_NE_s20_f100_sites200_GTR_bl1.0_d0.0_l0.0_t0.0_gc0.0_p0.0_pop10_ms0.0_mf0.0_seed42/families/family_081/misc/raxml_output.F81

Analysis options:
  run mode: ML tree search
  start tree(s): random (10) + parsimony (10)
  random seed: 1687187451
  tip-inner: OFF
  pattern compression: ON
  per-rate scalers: OFF
  site repeats: ON
  fast spr radius: AUTO
  spr subtree cutoff: 1.000000
  branch lengths: proportional (ML estimate, algorithm: NR-FAST)
  SIMD kernels: AVX2
  parallelization: coarse-grained (auto), PTHREADS (auto)

[00:00:00] Reading alignment from file: /home/fili/Documents/KIT/2023/BA/code/output/families/ssim_NE_s20_f100_sites200_GTR_bl1.0_d0.0_l0.0_t0.0_gc0.0_p0.0_pop10_ms0.0_mf0.0_seed42/families/family_081/alignment.msa
[00:00:00] Loaded alignment with 20 taxa and 221 sites

WARNING: Sequences 12_0_0 and 4_0_0 are exactly identical!
WARNING: Sequences 9_0_0 and 13_0_0 are exactly identical!
WARNING: Duplicate sequences found: 2

NOTE: Reduced alignment (with duplicates and gap-only sites/taxa removed) 
NOTE: was saved to: /home/fili/Documents/KIT/2023/BA/code/output/families/ssim_NE_s20_f100_sites200_GTR_bl1.0_d0.0_l0.0_t0.0_gc0.0_p0.0_pop10_ms0.0_mf0.0_seed42/families/family_081/misc/raxml_output.F81.raxml.reduced.phy

Alignment comprises 1 partitions and 143 patterns

Partition 0: noname
Model: F81+FO
Alignment sites / patterns: 221 / 143
Gaps: 0.00 %
Invariant sites: 24.89 %


NOTE: Binary MSA file created: /home/fili/Documents/KIT/2023/BA/code/output/families/ssim_NE_s20_f100_sites200_GTR_bl1.0_d0.0_l0.0_t0.0_gc0.0_p0.0_pop10_ms0.0_mf0.0_seed42/families/family_081/misc/raxml_output.F81.raxml.rba

Parallelization scheme autoconfig: 8 worker(s) x 1 thread(s)

Parallel reduction/worker buffer size: 1 KB  / 0 KB

[00:00:00] Generating 10 random starting tree(s) with 20 taxa
[00:00:00] Generating 10 parsimony starting tree(s) with 20 taxa
[00:00:00] Data distribution: max. partitions/sites/weight per thread: 1 / 143 / 572
[00:00:00] Data distribution: max. searches per worker: 3

Starting ML tree search with 20 distinct starting trees

[00:00:00 -3671.365053] Initial branch length optimization
[00:00:00 -3282.011405] Model parameter optimization (eps = 10.000000)
[00:00:00 -3194.505095] AUTODETECT spr round 1 (radius: 5)
[00:00:00 -1867.841150] AUTODETECT spr round 2 (radius: 10)
[00:00:00 -1793.694016] AUTODETECT spr round 3 (radius: 15)
[00:00:00 -1793.693245] SPR radius for FAST iterations: 10 (autodetect)
[00:00:00 -1793.693245] Model parameter optimization (eps = 3.000000)
[00:00:00 -1793.602484] FAST spr round 1 (radius: 10)
[00:00:00 -1762.978953] FAST spr round 2 (radius: 10)
[00:00:00 -1761.736754] FAST spr round 3 (radius: 10)
[00:00:00 -1761.407767] FAST spr round 4 (radius: 10)
[00:00:00] [worker #1] ML tree search #2, logLikelihood: -1761.063520
[00:00:00 -1761.407714] Model parameter optimization (eps = 1.000000)
[00:00:00] [worker #6] ML tree search #7, logLikelihood: -1761.063521
[00:00:00 -1761.063937] SLOW spr round 1 (radius: 5)
[00:00:00] [worker #4] ML tree search #5, logLikelihood: -1761.063520
[00:00:00] [worker #5] ML tree search #6, logLikelihood: -1761.063535
[00:00:00] [worker #2] ML tree search #3, logLikelihood: -1761.063520
[00:00:00] [worker #7] ML tree search #8, logLikelihood: -1761.063522
[00:00:00] [worker #3] ML tree search #4, logLikelihood: -1761.063521
[00:00:00 -1761.063603] SLOW spr round 2 (radius: 10)
[00:00:00 -1761.063603] SLOW spr round 3 (radius: 15)
[00:00:00 -1761.063603] SLOW spr round 4 (radius: 20)
[00:00:00 -1761.063603] Model parameter optimization (eps = 0.100000)

[00:00:00] [worker #0] ML tree search #1, logLikelihood: -1761.063520

[00:00:00 -3618.880169] Initial branch length optimization
[00:00:00] [worker #6] ML tree search #15, logLikelihood: -1763.514987
[00:00:00 -3143.370477] Model parameter optimization (eps = 10.000000)
[00:00:00 -3051.017216] AUTODETECT spr round 1 (radius: 5)
[00:00:00] [worker #4] ML tree search #13, logLikelihood: -1761.063521
[00:00:00 -1773.105462] AUTODETECT spr round 2 (radius: 10)
[00:00:00 -1773.104973] SPR radius for FAST iterations: 5 (autodetect)
[00:00:00 -1773.104973] Model parameter optimization (eps = 3.000000)
[00:00:00] [worker #1] ML tree search #10, logLikelihood: -1761.063521
[00:00:00 -1772.418178] FAST spr round 1 (radius: 5)
[00:00:00 -1762.111243] FAST spr round 2 (radius: 5)
[00:00:00] [worker #5] ML tree search #14, logLikelihood: -1761.063520
[00:00:00] [worker #2] ML tree search #11, logLikelihood: -1761.063521
[00:00:00 -1761.366592] FAST spr round 3 (radius: 5)
[00:00:00 -1761.064655] FAST spr round 4 (radius: 5)
[00:00:00] [worker #3] ML tree search #12, logLikelihood: -1761.063522
[00:00:00 -1761.064593] Model parameter optimization (eps = 1.000000)
[00:00:00 -1761.063521] SLOW spr round 1 (radius: 5)
[00:00:00] [worker #1] ML tree search #18, logLikelihood: -1761.063521
[00:00:00 -1761.063521] SLOW spr round 2 (radius: 10)
[00:00:00] [worker #7] ML tree search #16, logLikelihood: -1761.063521
[00:00:00 -1761.063521] SLOW spr round 3 (radius: 15)
[00:00:00 -1761.063521] SLOW spr round 4 (radius: 20)
[00:00:00 -1761.063521] Model parameter optimization (eps = 0.100000)

[00:00:00] [worker #0] ML tree search #9, logLikelihood: -1761.063520

[00:00:00] [worker #2] ML tree search #19, logLikelihood: -1761.063539
[00:00:00 -2240.514215] Initial branch length optimization
[00:00:00 -1816.441861] Model parameter optimization (eps = 10.000000)
[00:00:00 -1771.652301] AUTODETECT spr round 1 (radius: 5)
[00:00:00 -1765.465652] AUTODETECT spr round 2 (radius: 10)
[00:00:00 -1765.465568] SPR radius for FAST iterations: 5 (autodetect)
[00:00:00 -1765.465568] Model parameter optimization (eps = 3.000000)
[00:00:00 -1765.420985] FAST spr round 1 (radius: 5)
[00:00:00] [worker #3] ML tree search #20, logLikelihood: -1761.063541
[00:00:00 -1763.493482] FAST spr round 2 (radius: 5)
[00:00:00 -1762.443146] FAST spr round 3 (radius: 5)
[00:00:00 -1761.117232] FAST spr round 4 (radius: 5)
[00:00:00 -1761.117215] Model parameter optimization (eps = 1.000000)
[00:00:00 -1761.063616] SLOW spr round 1 (radius: 5)
[00:00:00 -1761.063564] SLOW spr round 2 (radius: 10)
[00:00:00 -1761.063564] SLOW spr round 3 (radius: 15)
[00:00:00 -1761.063564] SLOW spr round 4 (radius: 20)
[00:00:00 -1761.063564] Model parameter optimization (eps = 0.100000)

[00:00:00] [worker #0] ML tree search #17, logLikelihood: -1761.063520


Optimized model parameters:

   Partition 0: noname
   Rate heterogeneity: NONE
   Base frequencies (ML): 0.285904 0.124854 0.390854 0.198388 
   Substitution rates (model): 1.000000 1.000000 1.000000 1.000000 1.000000 1.000000 


Final LogLikelihood: -1761.063520

AIC score: 3602.127039 / AICc score: 3620.349262 / BIC score: 3738.053547
Free parameters (model + branch lengths): 40

Best ML tree saved to: /home/fili/Documents/KIT/2023/BA/code/output/families/ssim_NE_s20_f100_sites200_GTR_bl1.0_d0.0_l0.0_t0.0_gc0.0_p0.0_pop10_ms0.0_mf0.0_seed42/families/family_081/misc/raxml_output.F81.raxml.bestTree
All ML trees saved to: /home/fili/Documents/KIT/2023/BA/code/output/families/ssim_NE_s20_f100_sites200_GTR_bl1.0_d0.0_l0.0_t0.0_gc0.0_p0.0_pop10_ms0.0_mf0.0_seed42/families/family_081/misc/raxml_output.F81.raxml.mlTrees
Optimized model saved to: /home/fili/Documents/KIT/2023/BA/code/output/families/ssim_NE_s20_f100_sites200_GTR_bl1.0_d0.0_l0.0_t0.0_gc0.0_p0.0_pop10_ms0.0_mf0.0_seed42/families/family_081/misc/raxml_output.F81.raxml.bestModel

Execution log saved to: /home/fili/Documents/KIT/2023/BA/code/output/families/ssim_NE_s20_f100_sites200_GTR_bl1.0_d0.0_l0.0_t0.0_gc0.0_p0.0_pop10_ms0.0_mf0.0_seed42/families/family_081/misc/raxml_output.F81.raxml.log

Analysis started: 19-Jun-2023 17:10:51 / finished: 19-Jun-2023 17:10:52

Elapsed time: 0.514 seconds

