
RAxML-NG v. 1.1.0 released on 29.11.2021 by The Exelixis Lab.
Developed by: Alexey M. Kozlov and Alexandros Stamatakis.
Contributors: Diego Darriba, Tomas Flouri, Benoit Morel, Sarah Lutteropp, Ben Bettisworth.
Latest version: https://github.com/amkozlov/raxml-ng
Questions/problems/suggestions? Please visit: https://groups.google.com/forum/#!forum/raxml

System: AMD Ryzen 7 5800X 8-Core Processor, 8 cores, 31 GB RAM

RAxML-NG was called at 19-Jun-2023 17:11:16 as follows:

/home/fili/Documents/KIT/2023/BA/resources/tools/RAxML-NG/raxml-ng --msa /home/fili/Documents/KIT/2023/BA/code/output/families/ssim_NE_s20_f100_sites200_GTR_bl1.0_d0.0_l0.0_t0.0_gc0.0_p0.0_pop10_ms0.0_mf0.0_seed42/families/family_013/alignment.msa --model F81 --prefix /home/fili/Documents/KIT/2023/BA/code/output/families/ssim_NE_s20_f100_sites200_GTR_bl1.0_d0.0_l0.0_t0.0_gc0.0_p0.0_pop10_ms0.0_mf0.0_seed42/families/family_013/misc/raxml_output.F81

Analysis options:
  run mode: ML tree search
  start tree(s): random (10) + parsimony (10)
  random seed: 1687187476
  tip-inner: OFF
  pattern compression: ON
  per-rate scalers: OFF
  site repeats: ON
  fast spr radius: AUTO
  spr subtree cutoff: 1.000000
  branch lengths: proportional (ML estimate, algorithm: NR-FAST)
  SIMD kernels: AVX2
  parallelization: coarse-grained (auto), PTHREADS (auto)

[00:00:00] Reading alignment from file: /home/fili/Documents/KIT/2023/BA/code/output/families/ssim_NE_s20_f100_sites200_GTR_bl1.0_d0.0_l0.0_t0.0_gc0.0_p0.0_pop10_ms0.0_mf0.0_seed42/families/family_013/alignment.msa
[00:00:00] Loaded alignment with 20 taxa and 148 sites

WARNING: Sequences 1_0_0 and 3_0_0 are exactly identical!
WARNING: Sequences 4_0_0 and 12_0_0 are exactly identical!
WARNING: Sequences 9_0_0 and 13_0_0 are exactly identical!
WARNING: Duplicate sequences found: 3

NOTE: Reduced alignment (with duplicates and gap-only sites/taxa removed) 
NOTE: was saved to: /home/fili/Documents/KIT/2023/BA/code/output/families/ssim_NE_s20_f100_sites200_GTR_bl1.0_d0.0_l0.0_t0.0_gc0.0_p0.0_pop10_ms0.0_mf0.0_seed42/families/family_013/misc/raxml_output.F81.raxml.reduced.phy

Alignment comprises 1 partitions and 60 patterns

Partition 0: noname
Model: F81+FO
Alignment sites / patterns: 148 / 60
Gaps: 0.00 %
Invariant sites: 55.41 %


NOTE: Binary MSA file created: /home/fili/Documents/KIT/2023/BA/code/output/families/ssim_NE_s20_f100_sites200_GTR_bl1.0_d0.0_l0.0_t0.0_gc0.0_p0.0_pop10_ms0.0_mf0.0_seed42/families/family_013/misc/raxml_output.F81.raxml.rba

Parallelization scheme autoconfig: 8 worker(s) x 1 thread(s)

Parallel reduction/worker buffer size: 1 KB  / 0 KB

[00:00:00] Generating 10 random starting tree(s) with 20 taxa
[00:00:00] Generating 10 parsimony starting tree(s) with 20 taxa
[00:00:00] Data distribution: max. partitions/sites/weight per thread: 1 / 60 / 240
[00:00:00] Data distribution: max. searches per worker: 3

Starting ML tree search with 20 distinct starting trees

[00:00:00 -1577.114557] Initial branch length optimization
[00:00:00 -1324.415153] Model parameter optimization (eps = 10.000000)
[00:00:00 -1300.133702] AUTODETECT spr round 1 (radius: 5)
[00:00:00 -829.915546] AUTODETECT spr round 2 (radius: 10)
[00:00:00 -829.915546] SPR radius for FAST iterations: 5 (autodetect)
[00:00:00 -829.915546] Model parameter optimization (eps = 3.000000)
[00:00:00 -828.451880] FAST spr round 1 (radius: 5)
[00:00:00 -821.556768] FAST spr round 2 (radius: 5)
[00:00:00 -819.398732] FAST spr round 3 (radius: 5)
[00:00:00 -819.398728] Model parameter optimization (eps = 1.000000)
[00:00:00 -819.278340] SLOW spr round 1 (radius: 5)
[00:00:00] [worker #2] ML tree search #3, logLikelihood: -817.989777
[00:00:00] [worker #6] ML tree search #7, logLikelihood: -817.989777
[00:00:00] [worker #1] ML tree search #2, logLikelihood: -817.209938
[00:00:00 -819.278317] SLOW spr round 2 (radius: 10)
[00:00:00 -819.278316] SLOW spr round 3 (radius: 15)
[00:00:00 -819.278315] SLOW spr round 4 (radius: 20)
[00:00:00 -819.278315] Model parameter optimization (eps = 0.100000)

[00:00:00] [worker #0] ML tree search #1, logLikelihood: -819.278304

[00:00:00] [worker #7] ML tree search #8, logLikelihood: -817.209938
[00:00:00 -1607.711640] Initial branch length optimization
[00:00:00 -1403.399600] Model parameter optimization (eps = 10.000000)
[00:00:00] [worker #2] ML tree search #11, logLikelihood: -817.209938
[00:00:00 -1373.317421] AUTODETECT spr round 1 (radius: 5)
[00:00:00] [worker #4] ML tree search #5, logLikelihood: -817.209938
[00:00:00 -825.074806] AUTODETECT spr round 2 (radius: 10)
[00:00:00] [worker #3] ML tree search #4, logLikelihood: -817.989777
[00:00:00 -825.074714] SPR radius for FAST iterations: 5 (autodetect)
[00:00:00 -825.074714] Model parameter optimization (eps = 3.000000)
[00:00:00 -823.033747] FAST spr round 1 (radius: 5)
[00:00:00 -821.223345] FAST spr round 2 (radius: 5)
[00:00:00] [worker #6] ML tree search #15, logLikelihood: -817.209937
[00:00:00] [worker #5] ML tree search #6, logLikelihood: -817.989782
[00:00:00 -818.871011] FAST spr round 3 (radius: 5)
[00:00:00] [worker #1] ML tree search #10, logLikelihood: -817.209939
[00:00:00 -818.870991] Model parameter optimization (eps = 1.000000)
[00:00:00 -818.828874] SLOW spr round 1 (radius: 5)
[00:00:00] [worker #2] ML tree search #19, logLikelihood: -817.989778
[00:00:00] [worker #4] ML tree search #13, logLikelihood: -819.278304
[00:00:00 -818.699490] SLOW spr round 2 (radius: 5)
[00:00:00] [worker #3] ML tree search #12, logLikelihood: -819.278303
[00:00:00] [worker #7] ML tree search #16, logLikelihood: -817.209937
[00:00:00] [worker #1] ML tree search #18, logLikelihood: -819.278303
[00:00:00 -817.998288] SLOW spr round 3 (radius: 5)
[00:00:00 -817.998287] SLOW spr round 4 (radius: 10)
[00:00:00] [worker #3] ML tree search #20, logLikelihood: -817.209939
[00:00:00] [worker #5] ML tree search #14, logLikelihood: -817.209938
[00:00:00 -817.998287] SLOW spr round 5 (radius: 15)
[00:00:00 -817.998287] SLOW spr round 6 (radius: 20)
[00:00:00 -817.998287] Model parameter optimization (eps = 0.100000)

[00:00:00] [worker #0] ML tree search #9, logLikelihood: -817.989782

[00:00:00 -1157.232352] Initial branch length optimization
[00:00:00 -836.142032] Model parameter optimization (eps = 10.000000)
[00:00:00 -825.034172] AUTODETECT spr round 1 (radius: 5)
[00:00:00 -819.586404] AUTODETECT spr round 2 (radius: 10)
[00:00:00 -819.586151] SPR radius for FAST iterations: 5 (autodetect)
[00:00:00 -819.586151] Model parameter optimization (eps = 3.000000)
[00:00:00 -819.569106] FAST spr round 1 (radius: 5)
[00:00:00 -818.004174] FAST spr round 2 (radius: 5)
[00:00:00 -818.004104] Model parameter optimization (eps = 1.000000)
[00:00:00 -817.989786] SLOW spr round 1 (radius: 5)
[00:00:00 -817.989779] SLOW spr round 2 (radius: 10)
[00:00:00 -817.989779] SLOW spr round 3 (radius: 15)
[00:00:00 -817.989779] SLOW spr round 4 (radius: 20)
[00:00:00 -817.989779] Model parameter optimization (eps = 0.100000)

[00:00:00] [worker #0] ML tree search #17, logLikelihood: -817.989777


Optimized model parameters:

   Partition 0: noname
   Rate heterogeneity: NONE
   Base frequencies (ML): 0.319732 0.155618 0.302263 0.222387 
   Substitution rates (model): 1.000000 1.000000 1.000000 1.000000 1.000000 1.000000 


Final LogLikelihood: -817.209937

AIC score: 1714.419874 / AICc score: 1745.074080 / BIC score: 1834.308365
Free parameters (model + branch lengths): 40

WARNING: Best ML tree contains 2 near-zero branches!

Best ML tree with collapsed near-zero branches saved to: /home/fili/Documents/KIT/2023/BA/code/output/families/ssim_NE_s20_f100_sites200_GTR_bl1.0_d0.0_l0.0_t0.0_gc0.0_p0.0_pop10_ms0.0_mf0.0_seed42/families/family_013/misc/raxml_output.F81.raxml.bestTreeCollapsed
Best ML tree saved to: /home/fili/Documents/KIT/2023/BA/code/output/families/ssim_NE_s20_f100_sites200_GTR_bl1.0_d0.0_l0.0_t0.0_gc0.0_p0.0_pop10_ms0.0_mf0.0_seed42/families/family_013/misc/raxml_output.F81.raxml.bestTree
All ML trees saved to: /home/fili/Documents/KIT/2023/BA/code/output/families/ssim_NE_s20_f100_sites200_GTR_bl1.0_d0.0_l0.0_t0.0_gc0.0_p0.0_pop10_ms0.0_mf0.0_seed42/families/family_013/misc/raxml_output.F81.raxml.mlTrees
Optimized model saved to: /home/fili/Documents/KIT/2023/BA/code/output/families/ssim_NE_s20_f100_sites200_GTR_bl1.0_d0.0_l0.0_t0.0_gc0.0_p0.0_pop10_ms0.0_mf0.0_seed42/families/family_013/misc/raxml_output.F81.raxml.bestModel

Execution log saved to: /home/fili/Documents/KIT/2023/BA/code/output/families/ssim_NE_s20_f100_sites200_GTR_bl1.0_d0.0_l0.0_t0.0_gc0.0_p0.0_pop10_ms0.0_mf0.0_seed42/families/family_013/misc/raxml_output.F81.raxml.log

Analysis started: 19-Jun-2023 17:11:16 / finished: 19-Jun-2023 17:11:17

Elapsed time: 0.283 seconds

