
RAxML-NG v. 1.1.0 released on 29.11.2021 by The Exelixis Lab.
Developed by: Alexey M. Kozlov and Alexandros Stamatakis.
Contributors: Diego Darriba, Tomas Flouri, Benoit Morel, Sarah Lutteropp, Ben Bettisworth.
Latest version: https://github.com/amkozlov/raxml-ng
Questions/problems/suggestions? Please visit: https://groups.google.com/forum/#!forum/raxml

System: AMD Ryzen 7 5800X 8-Core Processor, 8 cores, 31 GB RAM

RAxML-NG was called at 19-Jun-2023 17:11:02 as follows:

/home/fili/Documents/KIT/2023/BA/resources/tools/RAxML-NG/raxml-ng --msa /home/fili/Documents/KIT/2023/BA/code/output/families/ssim_NE_s20_f100_sites200_GTR_bl1.0_d0.0_l0.0_t0.0_gc0.0_p0.0_pop10_ms0.0_mf0.0_seed42/families/family_027/alignment.msa --model F81 --prefix /home/fili/Documents/KIT/2023/BA/code/output/families/ssim_NE_s20_f100_sites200_GTR_bl1.0_d0.0_l0.0_t0.0_gc0.0_p0.0_pop10_ms0.0_mf0.0_seed42/families/family_027/misc/raxml_output.F81

Analysis options:
  run mode: ML tree search
  start tree(s): random (10) + parsimony (10)
  random seed: 1687187462
  tip-inner: OFF
  pattern compression: ON
  per-rate scalers: OFF
  site repeats: ON
  fast spr radius: AUTO
  spr subtree cutoff: 1.000000
  branch lengths: proportional (ML estimate, algorithm: NR-FAST)
  SIMD kernels: AVX2
  parallelization: coarse-grained (auto), PTHREADS (auto)

[00:00:00] Reading alignment from file: /home/fili/Documents/KIT/2023/BA/code/output/families/ssim_NE_s20_f100_sites200_GTR_bl1.0_d0.0_l0.0_t0.0_gc0.0_p0.0_pop10_ms0.0_mf0.0_seed42/families/family_027/alignment.msa
[00:00:00] Loaded alignment with 20 taxa and 201 sites

WARNING: Sequences 9_0_0 and 13_0_0 are exactly identical!
WARNING: Sequences 4_0_0 and 12_0_0 are exactly identical!
WARNING: Duplicate sequences found: 2

NOTE: Reduced alignment (with duplicates and gap-only sites/taxa removed) 
NOTE: was saved to: /home/fili/Documents/KIT/2023/BA/code/output/families/ssim_NE_s20_f100_sites200_GTR_bl1.0_d0.0_l0.0_t0.0_gc0.0_p0.0_pop10_ms0.0_mf0.0_seed42/families/family_027/misc/raxml_output.F81.raxml.reduced.phy

Alignment comprises 1 partitions and 134 patterns

Partition 0: noname
Model: F81+FO
Alignment sites / patterns: 201 / 134
Gaps: 0.00 %
Invariant sites: 27.86 %


NOTE: Binary MSA file created: /home/fili/Documents/KIT/2023/BA/code/output/families/ssim_NE_s20_f100_sites200_GTR_bl1.0_d0.0_l0.0_t0.0_gc0.0_p0.0_pop10_ms0.0_mf0.0_seed42/families/family_027/misc/raxml_output.F81.raxml.rba

Parallelization scheme autoconfig: 8 worker(s) x 1 thread(s)

Parallel reduction/worker buffer size: 1 KB  / 0 KB

[00:00:00] Generating 10 random starting tree(s) with 20 taxa
[00:00:00] Generating 10 parsimony starting tree(s) with 20 taxa
[00:00:00] Data distribution: max. partitions/sites/weight per thread: 1 / 134 / 536
[00:00:00] Data distribution: max. searches per worker: 3

Starting ML tree search with 20 distinct starting trees

[00:00:00 -3245.756593] Initial branch length optimization
[00:00:00 -2986.734760] Model parameter optimization (eps = 10.000000)
[00:00:00 -2906.003520] AUTODETECT spr round 1 (radius: 5)
[00:00:00 -1627.913508] AUTODETECT spr round 2 (radius: 10)
[00:00:00 -1627.906133] SPR radius for FAST iterations: 5 (autodetect)
[00:00:00 -1627.906133] Model parameter optimization (eps = 3.000000)
[00:00:00 -1625.815160] FAST spr round 1 (radius: 5)
[00:00:00 -1624.809426] FAST spr round 2 (radius: 5)
[00:00:00 -1624.809240] Model parameter optimization (eps = 1.000000)
[00:00:00 -1624.796207] SLOW spr round 1 (radius: 5)
[00:00:00] [worker #4] ML tree search #5, logLikelihood: -1624.796188
[00:00:00] [worker #2] ML tree search #3, logLikelihood: -1624.796188
[00:00:00] [worker #5] ML tree search #6, logLikelihood: -1624.796190
[00:00:00] [worker #6] ML tree search #7, logLikelihood: -1624.796191
[00:00:00 -1624.796201] SLOW spr round 2 (radius: 10)
[00:00:00] [worker #1] ML tree search #2, logLikelihood: -1624.796189
[00:00:00] [worker #3] ML tree search #4, logLikelihood: -1624.796192
[00:00:00 -1624.796201] SLOW spr round 3 (radius: 15)
[00:00:00 -1624.796201] SLOW spr round 4 (radius: 20)
[00:00:00 -1624.796201] Model parameter optimization (eps = 0.100000)

[00:00:00] [worker #0] ML tree search #1, logLikelihood: -1624.796188

[00:00:00] [worker #7] ML tree search #8, logLikelihood: -1624.796189
[00:00:00 -2971.147059] Initial branch length optimization
[00:00:00 -2519.191470] Model parameter optimization (eps = 10.000000)
[00:00:00 -2469.395998] AUTODETECT spr round 1 (radius: 5)
[00:00:00 -1636.735492] AUTODETECT spr round 2 (radius: 10)
[00:00:00 -1636.734189] SPR radius for FAST iterations: 5 (autodetect)
[00:00:00 -1636.734189] Model parameter optimization (eps = 3.000000)
[00:00:00 -1636.172519] FAST spr round 1 (radius: 5)
[00:00:00 -1624.841996] FAST spr round 2 (radius: 5)
[00:00:00] [worker #4] ML tree search #13, logLikelihood: -1624.796189
[00:00:00] [worker #2] ML tree search #11, logLikelihood: -1624.796188
[00:00:00] [worker #5] ML tree search #14, logLikelihood: -1624.796189
[00:00:00 -1624.841634] Model parameter optimization (eps = 1.000000)
[00:00:00 -1624.796287] SLOW spr round 1 (radius: 5)
[00:00:00] [worker #6] ML tree search #15, logLikelihood: -1624.796189
[00:00:00] [worker #1] ML tree search #10, logLikelihood: -1624.796190
[00:00:00 -1624.796226] SLOW spr round 2 (radius: 10)
[00:00:00 -1624.796221] SLOW spr round 3 (radius: 15)
[00:00:00 -1624.796221] SLOW spr round 4 (radius: 20)
[00:00:00] [worker #3] ML tree search #12, logLikelihood: -1624.796188
[00:00:00 -1624.796221] Model parameter optimization (eps = 0.100000)

[00:00:00] [worker #0] ML tree search #9, logLikelihood: -1624.796194

[00:00:00 -1973.725557] Initial branch length optimization
[00:00:00 -1654.371078] Model parameter optimization (eps = 10.000000)
[00:00:00 -1627.359694] AUTODETECT spr round 1 (radius: 5)
[00:00:00 -1627.196039] AUTODETECT spr round 2 (radius: 10)
[00:00:00] [worker #2] ML tree search #19, logLikelihood: -1624.796189
[00:00:00 -1627.186787] SPR radius for FAST iterations: 5 (autodetect)
[00:00:00 -1627.186787] Model parameter optimization (eps = 3.000000)
[00:00:00 -1627.183448] FAST spr round 1 (radius: 5)
[00:00:00 -1626.215707] FAST spr round 2 (radius: 5)
[00:00:00] [worker #7] ML tree search #16, logLikelihood: -1624.796188
[00:00:00 -1624.815701] FAST spr round 3 (radius: 5)
[00:00:00 -1624.815527] Model parameter optimization (eps = 1.000000)
[00:00:00 -1624.796214] SLOW spr round 1 (radius: 5)
[00:00:00] [worker #1] ML tree search #18, logLikelihood: -1624.796188
[00:00:00 -1624.796201] SLOW spr round 2 (radius: 10)
[00:00:00 -1624.796201] SLOW spr round 3 (radius: 15)
[00:00:00 -1624.796201] SLOW spr round 4 (radius: 20)
[00:00:00 -1624.796201] Model parameter optimization (eps = 0.100000)

[00:00:00] [worker #0] ML tree search #17, logLikelihood: -1624.796189

[00:00:00] [worker #3] ML tree search #20, logLikelihood: -1624.796188

Optimized model parameters:

   Partition 0: noname
   Rate heterogeneity: NONE
   Base frequencies (ML): 0.306801 0.149213 0.351789 0.192197 
   Substitution rates (model): 1.000000 1.000000 1.000000 1.000000 1.000000 1.000000 


Final LogLikelihood: -1624.796188

AIC score: 3329.592376 / AICc score: 3350.092376 / BIC score: 3461.724572
Free parameters (model + branch lengths): 40

Best ML tree saved to: /home/fili/Documents/KIT/2023/BA/code/output/families/ssim_NE_s20_f100_sites200_GTR_bl1.0_d0.0_l0.0_t0.0_gc0.0_p0.0_pop10_ms0.0_mf0.0_seed42/families/family_027/misc/raxml_output.F81.raxml.bestTree
All ML trees saved to: /home/fili/Documents/KIT/2023/BA/code/output/families/ssim_NE_s20_f100_sites200_GTR_bl1.0_d0.0_l0.0_t0.0_gc0.0_p0.0_pop10_ms0.0_mf0.0_seed42/families/family_027/misc/raxml_output.F81.raxml.mlTrees
Optimized model saved to: /home/fili/Documents/KIT/2023/BA/code/output/families/ssim_NE_s20_f100_sites200_GTR_bl1.0_d0.0_l0.0_t0.0_gc0.0_p0.0_pop10_ms0.0_mf0.0_seed42/families/family_027/misc/raxml_output.F81.raxml.bestModel

Execution log saved to: /home/fili/Documents/KIT/2023/BA/code/output/families/ssim_NE_s20_f100_sites200_GTR_bl1.0_d0.0_l0.0_t0.0_gc0.0_p0.0_pop10_ms0.0_mf0.0_seed42/families/family_027/misc/raxml_output.F81.raxml.log

Analysis started: 19-Jun-2023 17:11:02 / finished: 19-Jun-2023 17:11:03

Elapsed time: 0.333 seconds

