
RAxML-NG v. 1.1.0 released on 29.11.2021 by The Exelixis Lab.
Developed by: Alexey M. Kozlov and Alexandros Stamatakis.
Contributors: Diego Darriba, Tomas Flouri, Benoit Morel, Sarah Lutteropp, Ben Bettisworth.
Latest version: https://github.com/amkozlov/raxml-ng
Questions/problems/suggestions? Please visit: https://groups.google.com/forum/#!forum/raxml

System: AMD Ryzen 7 5800X 8-Core Processor, 8 cores, 31 GB RAM

RAxML-NG was called at 27-Jun-2023 13:47:20 as follows:

/home/fili/Documents/KIT/2023/BA/resources/tools/RAxML-NG/raxml-ng --msa /home/fili/Documents/KIT/2023/BA/code/output/families/ssim_NE_s20_f100_sites200_GTR_bl1.0_d0.0_l0.0_t0.0_gc0.0_p0.0_pop10_ms0.0_mf0.0_seed121873/families/family_090/alignment.msa --model F81 --prefix /home/fili/Documents/KIT/2023/BA/code/output/families/ssim_NE_s20_f100_sites200_GTR_bl1.0_d0.0_l0.0_t0.0_gc0.0_p0.0_pop10_ms0.0_mf0.0_seed121873/families/family_090/misc/raxml_output.F81

Analysis options:
  run mode: ML tree search
  start tree(s): random (10) + parsimony (10)
  random seed: 1687866440
  tip-inner: OFF
  pattern compression: ON
  per-rate scalers: OFF
  site repeats: ON
  fast spr radius: AUTO
  spr subtree cutoff: 1.000000
  branch lengths: proportional (ML estimate, algorithm: NR-FAST)
  SIMD kernels: AVX2
  parallelization: coarse-grained (auto), PTHREADS (auto)

[00:00:00] Reading alignment from file: /home/fili/Documents/KIT/2023/BA/code/output/families/ssim_NE_s20_f100_sites200_GTR_bl1.0_d0.0_l0.0_t0.0_gc0.0_p0.0_pop10_ms0.0_mf0.0_seed121873/families/family_090/alignment.msa
[00:00:00] Loaded alignment with 20 taxa and 177 sites

Alignment comprises 1 partitions and 116 patterns

Partition 0: noname
Model: F81+FO
Alignment sites / patterns: 177 / 116
Gaps: 0.00 %
Invariant sites: 31.07 %


NOTE: Binary MSA file created: /home/fili/Documents/KIT/2023/BA/code/output/families/ssim_NE_s20_f100_sites200_GTR_bl1.0_d0.0_l0.0_t0.0_gc0.0_p0.0_pop10_ms0.0_mf0.0_seed121873/families/family_090/misc/raxml_output.F81.raxml.rba

Parallelization scheme autoconfig: 8 worker(s) x 1 thread(s)

Parallel reduction/worker buffer size: 1 KB  / 0 KB

[00:00:00] Generating 10 random starting tree(s) with 20 taxa
[00:00:00] Generating 10 parsimony starting tree(s) with 20 taxa
[00:00:00] Data distribution: max. partitions/sites/weight per thread: 1 / 116 / 464
[00:00:00] Data distribution: max. searches per worker: 3

Starting ML tree search with 20 distinct starting trees

[00:00:00 -2948.001518] Initial branch length optimization
[00:00:00 -2574.944474] Model parameter optimization (eps = 10.000000)
[00:00:00 -2520.038764] AUTODETECT spr round 1 (radius: 5)
[00:00:00 -1567.266830] AUTODETECT spr round 2 (radius: 10)
[00:00:00 -1567.266013] SPR radius for FAST iterations: 5 (autodetect)
[00:00:00 -1567.266013] Model parameter optimization (eps = 3.000000)
[00:00:00 -1564.544760] FAST spr round 1 (radius: 5)
[00:00:00 -1562.843915] FAST spr round 2 (radius: 5)
[00:00:00 -1547.817438] FAST spr round 3 (radius: 5)
[00:00:00 -1543.864301] FAST spr round 4 (radius: 5)
[00:00:00 -1543.864292] Model parameter optimization (eps = 1.000000)
[00:00:00 -1543.765114] SLOW spr round 1 (radius: 5)
[00:00:00 -1543.764943] SLOW spr round 2 (radius: 10)
[00:00:00] [worker #2] ML tree search #3, logLikelihood: -1543.764848
[00:00:00] [worker #5] ML tree search #6, logLikelihood: -1543.764846
[00:00:00 -1543.764943] SLOW spr round 3 (radius: 15)
[00:00:00 -1543.764943] SLOW spr round 4 (radius: 20)
[00:00:00 -1543.764943] Model parameter optimization (eps = 0.100000)
[00:00:00] [worker #4] ML tree search #5, logLikelihood: -1543.764846

[00:00:00] [worker #0] ML tree search #1, logLikelihood: -1543.764846

[00:00:00] [worker #3] ML tree search #4, logLikelihood: -1543.764847
[00:00:00 -2940.161189] Initial branch length optimization
[00:00:00 -2613.906601] Model parameter optimization (eps = 10.000000)
[00:00:00 -2556.824480] AUTODETECT spr round 1 (radius: 5)
[00:00:00 -1651.979166] AUTODETECT spr round 2 (radius: 10)
[00:00:00 -1604.232890] AUTODETECT spr round 3 (radius: 15)
[00:00:00 -1604.232812] SPR radius for FAST iterations: 10 (autodetect)
[00:00:00 -1604.232812] Model parameter optimization (eps = 3.000000)
[00:00:00] [worker #7] ML tree search #8, logLikelihood: -1543.764846
[00:00:00 -1602.024834] FAST spr round 1 (radius: 10)
[00:00:00 -1555.931214] FAST spr round 2 (radius: 10)
[00:00:00] [worker #1] ML tree search #2, logLikelihood: -1543.764846
[00:00:00] [worker #6] ML tree search #7, logLikelihood: -1543.764846
[00:00:00 -1553.887932] FAST spr round 3 (radius: 10)
[00:00:00 -1548.493400] FAST spr round 4 (radius: 10)
[00:00:00 -1544.226833] FAST spr round 5 (radius: 10)
[00:00:00 -1543.908067] FAST spr round 6 (radius: 10)
[00:00:00] [worker #4] ML tree search #13, logLikelihood: -1543.764846
[00:00:00] [worker #3] ML tree search #12, logLikelihood: -1543.764846
[00:00:00] [worker #5] ML tree search #14, logLikelihood: -1543.764847
[00:00:00 -1543.907951] Model parameter optimization (eps = 1.000000)
[00:00:00 -1543.765199] SLOW spr round 1 (radius: 5)
[00:00:00] [worker #7] ML tree search #16, logLikelihood: -1543.764846
[00:00:00 -1543.764956] SLOW spr round 2 (radius: 10)
[00:00:00] [worker #2] ML tree search #11, logLikelihood: -1543.764917
[00:00:00] [worker #1] ML tree search #10, logLikelihood: -1543.764849
[00:00:00 -1543.764956] SLOW spr round 3 (radius: 15)
[00:00:00 -1543.764956] SLOW spr round 4 (radius: 20)
[00:00:00 -1543.764956] Model parameter optimization (eps = 0.100000)

[00:00:00] [worker #0] ML tree search #9, logLikelihood: -1543.764846

[00:00:00 -1830.080081] Initial branch length optimization
[00:00:00 -1583.587263] Model parameter optimization (eps = 10.000000)
[00:00:00 -1545.201370] AUTODETECT spr round 1 (radius: 5)
[00:00:00 -1544.795837] AUTODETECT spr round 2 (radius: 10)
[00:00:00 -1544.794964] SPR radius for FAST iterations: 5 (autodetect)
[00:00:00 -1544.794964] Model parameter optimization (eps = 3.000000)
[00:00:00 -1544.794557] FAST spr round 1 (radius: 5)
[00:00:00 -1544.223826] FAST spr round 2 (radius: 5)
[00:00:00 -1543.891684] FAST spr round 3 (radius: 5)
[00:00:00] [worker #3] ML tree search #20, logLikelihood: -1543.764846
[00:00:00 -1543.770414] FAST spr round 4 (radius: 5)
[00:00:00 -1543.770398] Model parameter optimization (eps = 1.000000)
[00:00:00 -1543.764861] SLOW spr round 1 (radius: 5)
[00:00:00] [worker #6] ML tree search #15, logLikelihood: -1543.764846
[00:00:00 -1543.764852] SLOW spr round 2 (radius: 10)
[00:00:00] [worker #1] ML tree search #18, logLikelihood: -1543.764847
[00:00:00 -1543.764852] SLOW spr round 3 (radius: 15)
[00:00:00 -1543.764852] SLOW spr round 4 (radius: 20)
[00:00:00 -1543.764852] Model parameter optimization (eps = 0.100000)

[00:00:00] [worker #0] ML tree search #17, logLikelihood: -1543.764850

[00:00:00] [worker #2] ML tree search #19, logLikelihood: -1543.764846

Optimized model parameters:

   Partition 0: noname
   Rate heterogeneity: NONE
   Base frequencies (ML): 0.311805 0.109210 0.352234 0.226751 
   Substitution rates (model): 1.000000 1.000000 1.000000 1.000000 1.000000 1.000000 


Final LogLikelihood: -1543.764846

AIC score: 3167.529692 / AICc score: 3191.647339 / BIC score: 3294.575681
Free parameters (model + branch lengths): 40

Best ML tree saved to: /home/fili/Documents/KIT/2023/BA/code/output/families/ssim_NE_s20_f100_sites200_GTR_bl1.0_d0.0_l0.0_t0.0_gc0.0_p0.0_pop10_ms0.0_mf0.0_seed121873/families/family_090/misc/raxml_output.F81.raxml.bestTree
All ML trees saved to: /home/fili/Documents/KIT/2023/BA/code/output/families/ssim_NE_s20_f100_sites200_GTR_bl1.0_d0.0_l0.0_t0.0_gc0.0_p0.0_pop10_ms0.0_mf0.0_seed121873/families/family_090/misc/raxml_output.F81.raxml.mlTrees
Optimized model saved to: /home/fili/Documents/KIT/2023/BA/code/output/families/ssim_NE_s20_f100_sites200_GTR_bl1.0_d0.0_l0.0_t0.0_gc0.0_p0.0_pop10_ms0.0_mf0.0_seed121873/families/family_090/misc/raxml_output.F81.raxml.bestModel

Execution log saved to: /home/fili/Documents/KIT/2023/BA/code/output/families/ssim_NE_s20_f100_sites200_GTR_bl1.0_d0.0_l0.0_t0.0_gc0.0_p0.0_pop10_ms0.0_mf0.0_seed121873/families/family_090/misc/raxml_output.F81.raxml.log

Analysis started: 27-Jun-2023 13:47:20 / finished: 27-Jun-2023 13:47:21

Elapsed time: 0.319 seconds

