
RAxML-NG v. 1.1.0 released on 29.11.2021 by The Exelixis Lab.
Developed by: Alexey M. Kozlov and Alexandros Stamatakis.
Contributors: Diego Darriba, Tomas Flouri, Benoit Morel, Sarah Lutteropp, Ben Bettisworth.
Latest version: https://github.com/amkozlov/raxml-ng
Questions/problems/suggestions? Please visit: https://groups.google.com/forum/#!forum/raxml

System: AMD Ryzen 7 5800X 8-Core Processor, 8 cores, 31 GB RAM

RAxML-NG was called at 12-Jun-2023 12:40:42 as follows:

/home/fili/Documents/KIT/2023/BA/resources/tools/RAxML-NG/raxml-ng --msa /home/fili/Documents/KIT/2023/BA/code/output/families/ssim_dtl_s20_f100_sites200_GTR_bl1.0_d0.0_l0.0_t1.0_gc0.0_p0.0_pop10_ms0.0_mf0.0_seed42/families/family_069/alignment.msa --model GTR+G --prefix /home/fili/Documents/KIT/2023/BA/code/output/families/ssim_dtl_s20_f100_sites200_GTR_bl1.0_d0.0_l0.0_t1.0_gc0.0_p0.0_pop10_ms0.0_mf0.0_seed42/families/family_069/misc/raxml_output.GTR+G

Analysis options:
  run mode: ML tree search
  start tree(s): random (10) + parsimony (10)
  random seed: 1686566442
  tip-inner: OFF
  pattern compression: ON
  per-rate scalers: OFF
  site repeats: ON
  fast spr radius: AUTO
  spr subtree cutoff: 1.000000
  branch lengths: proportional (ML estimate, algorithm: NR-FAST)
  SIMD kernels: AVX2
  parallelization: coarse-grained (auto), PTHREADS (auto)

[00:00:00] Reading alignment from file: /home/fili/Documents/KIT/2023/BA/code/output/families/ssim_dtl_s20_f100_sites200_GTR_bl1.0_d0.0_l0.0_t1.0_gc0.0_p0.0_pop10_ms0.0_mf0.0_seed42/families/family_069/alignment.msa
[00:00:00] Loaded alignment with 20 taxa and 250 sites

WARNING: Sequences 9_0_0 and 13_0_0 are exactly identical!
WARNING: Sequences 3_0_0 and 2_0_0 are exactly identical!
WARNING: Sequences 12_0_0 and 4_0_0 are exactly identical!
WARNING: Duplicate sequences found: 3

NOTE: Reduced alignment (with duplicates and gap-only sites/taxa removed) 
NOTE: was saved to: /home/fili/Documents/KIT/2023/BA/code/output/families/ssim_dtl_s20_f100_sites200_GTR_bl1.0_d0.0_l0.0_t1.0_gc0.0_p0.0_pop10_ms0.0_mf0.0_seed42/families/family_069/misc/raxml_output.GTR+G.raxml.reduced.phy

Alignment comprises 1 partitions and 118 patterns

Partition 0: noname
Model: GTR+FO+G4m
Alignment sites / patterns: 250 / 118
Gaps: 0.00 %
Invariant sites: 46.00 %


NOTE: Binary MSA file created: /home/fili/Documents/KIT/2023/BA/code/output/families/ssim_dtl_s20_f100_sites200_GTR_bl1.0_d0.0_l0.0_t1.0_gc0.0_p0.0_pop10_ms0.0_mf0.0_seed42/families/family_069/misc/raxml_output.GTR+G.raxml.rba

Parallelization scheme autoconfig: 8 worker(s) x 1 thread(s)

Parallel reduction/worker buffer size: 1 KB  / 0 KB

[00:00:00] Generating 10 random starting tree(s) with 20 taxa
[00:00:00] Generating 10 parsimony starting tree(s) with 20 taxa
[00:00:00] Data distribution: max. partitions/sites/weight per thread: 1 / 118 / 1888
[00:00:00] Data distribution: max. searches per worker: 3

Starting ML tree search with 20 distinct starting trees

[00:00:00 -2758.542990] Initial branch length optimization
[00:00:00 -2430.621026] Model parameter optimization (eps = 10.000000)
[00:00:00 -1903.130395] AUTODETECT spr round 1 (radius: 5)
[00:00:00 -1498.583035] AUTODETECT spr round 2 (radius: 10)
[00:00:00 -1498.558348] SPR radius for FAST iterations: 5 (autodetect)
[00:00:00 -1498.558348] Model parameter optimization (eps = 3.000000)
[00:00:00 -1491.773231] FAST spr round 1 (radius: 5)
[00:00:00 -1393.823006] FAST spr round 2 (radius: 5)
[00:00:00 -1393.821287] Model parameter optimization (eps = 1.000000)
[00:00:00 -1391.028656] SLOW spr round 1 (radius: 5)
[00:00:00 -1390.962905] SLOW spr round 2 (radius: 10)
[00:00:00 -1390.962039] SLOW spr round 3 (radius: 15)
[00:00:00 -1390.961174] SLOW spr round 4 (radius: 20)
[00:00:00 -1390.960302] Model parameter optimization (eps = 0.100000)
[00:00:00] [worker #7] ML tree search #8, logLikelihood: -1390.205877

[00:00:00] [worker #0] ML tree search #1, logLikelihood: -1390.258187

[00:00:00 -2782.640242] Initial branch length optimization
[00:00:00 -2403.618170] Model parameter optimization (eps = 10.000000)
[00:00:00] [worker #2] ML tree search #3, logLikelihood: -1390.241521
[00:00:00] [worker #4] ML tree search #5, logLikelihood: -1390.222764
[00:00:00 -1877.404192] AUTODETECT spr round 1 (radius: 5)
[00:00:00 -1416.587687] AUTODETECT spr round 2 (radius: 10)
[00:00:00 -1416.573785] SPR radius for FAST iterations: 5 (autodetect)
[00:00:00 -1416.573785] Model parameter optimization (eps = 3.000000)
[00:00:00] [worker #5] ML tree search #6, logLikelihood: -1390.211333
[00:00:00 -1408.400253] FAST spr round 1 (radius: 5)
[00:00:00] [worker #1] ML tree search #2, logLikelihood: -1390.205084
[00:00:00] [worker #3] ML tree search #4, logLikelihood: -1390.238008
[00:00:00 -1391.726717] FAST spr round 2 (radius: 5)
[00:00:00] [worker #6] ML tree search #7, logLikelihood: -1390.274555
[00:00:00 -1391.641550] Model parameter optimization (eps = 1.000000)
[00:00:00 -1390.801747] SLOW spr round 1 (radius: 5)
[00:00:00] [worker #7] ML tree search #16, logLikelihood: -1390.146572
[00:00:00] [worker #2] ML tree search #11, logLikelihood: -1390.146968
[00:00:00] [worker #4] ML tree search #13, logLikelihood: -1390.146965
[00:00:00 -1390.761936] SLOW spr round 2 (radius: 10)
[00:00:00 -1390.760935] SLOW spr round 3 (radius: 15)
[00:00:00 -1390.759927] SLOW spr round 4 (radius: 20)
[00:00:00 -1390.758912] Model parameter optimization (eps = 0.100000)

[00:00:00] [worker #0] ML tree search #9, logLikelihood: -1390.229601

[00:00:00 -1936.481220] Initial branch length optimization
[00:00:00 -1677.150427] Model parameter optimization (eps = 10.000000)
[00:00:00] [worker #6] ML tree search #15, logLikelihood: -1390.146687
[00:00:00] [worker #5] ML tree search #14, logLikelihood: -1390.147131
[00:00:00 -1401.382935] AUTODETECT spr round 1 (radius: 5)
[00:00:00 -1390.651307] AUTODETECT spr round 2 (radius: 10)
[00:00:00 -1390.648895] SPR radius for FAST iterations: 5 (autodetect)
[00:00:00 -1390.648895] Model parameter optimization (eps = 3.000000)
[00:00:00 -1390.226540] FAST spr round 1 (radius: 5)
[00:00:00] [worker #2] ML tree search #19, logLikelihood: -1390.146858
[00:00:00] [worker #3] ML tree search #12, logLikelihood: -1390.146921
[00:00:00 -1390.188875] Model parameter optimization (eps = 1.000000)
[00:00:00 -1390.151872] SLOW spr round 1 (radius: 5)
[00:00:00] [worker #1] ML tree search #10, logLikelihood: -1390.191447
[00:00:00 -1390.151430] SLOW spr round 2 (radius: 10)
[00:00:00 -1390.151429] SLOW spr round 3 (radius: 15)
[00:00:00 -1390.151429] SLOW spr round 4 (radius: 20)
[00:00:00 -1390.151429] Model parameter optimization (eps = 0.100000)

[00:00:00] [worker #0] ML tree search #17, logLikelihood: -1390.146869

[00:00:00] [worker #1] ML tree search #18, logLikelihood: -1390.146883
[00:00:00] [worker #3] ML tree search #20, logLikelihood: -1390.147453

Optimized model parameters:

   Partition 0: noname
   Rate heterogeneity: GAMMA (4 cats, mean),  alpha: 0.598042 (ML),  weights&rates: (0.250000,0.052704) (0.250000,0.311182) (0.250000,0.880317) (0.250000,2.755797) 
   Base frequencies (ML): 0.236747 0.110563 0.454231 0.198458 
   Substitution rates (ML): 0.228167 18.497077 0.327248 1.194511 2.775806 1.000000 


Final LogLikelihood: -1390.146572

AIC score: 2872.293145 / AICc score: 2893.593638 / BIC score: 3034.280347
Free parameters (model + branch lengths): 46

WARNING: Best ML tree contains 3 near-zero branches!

Best ML tree with collapsed near-zero branches saved to: /home/fili/Documents/KIT/2023/BA/code/output/families/ssim_dtl_s20_f100_sites200_GTR_bl1.0_d0.0_l0.0_t1.0_gc0.0_p0.0_pop10_ms0.0_mf0.0_seed42/families/family_069/misc/raxml_output.GTR+G.raxml.bestTreeCollapsed
Best ML tree saved to: /home/fili/Documents/KIT/2023/BA/code/output/families/ssim_dtl_s20_f100_sites200_GTR_bl1.0_d0.0_l0.0_t1.0_gc0.0_p0.0_pop10_ms0.0_mf0.0_seed42/families/family_069/misc/raxml_output.GTR+G.raxml.bestTree
All ML trees saved to: /home/fili/Documents/KIT/2023/BA/code/output/families/ssim_dtl_s20_f100_sites200_GTR_bl1.0_d0.0_l0.0_t1.0_gc0.0_p0.0_pop10_ms0.0_mf0.0_seed42/families/family_069/misc/raxml_output.GTR+G.raxml.mlTrees
Optimized model saved to: /home/fili/Documents/KIT/2023/BA/code/output/families/ssim_dtl_s20_f100_sites200_GTR_bl1.0_d0.0_l0.0_t1.0_gc0.0_p0.0_pop10_ms0.0_mf0.0_seed42/families/family_069/misc/raxml_output.GTR+G.raxml.bestModel

Execution log saved to: /home/fili/Documents/KIT/2023/BA/code/output/families/ssim_dtl_s20_f100_sites200_GTR_bl1.0_d0.0_l0.0_t1.0_gc0.0_p0.0_pop10_ms0.0_mf0.0_seed42/families/family_069/misc/raxml_output.GTR+G.raxml.log

Analysis started: 12-Jun-2023 12:40:42 / finished: 12-Jun-2023 12:40:42

Elapsed time: 0.757 seconds

