
RAxML-NG v. 1.1.0 released on 29.11.2021 by The Exelixis Lab.
Developed by: Alexey M. Kozlov and Alexandros Stamatakis.
Contributors: Diego Darriba, Tomas Flouri, Benoit Morel, Sarah Lutteropp, Ben Bettisworth.
Latest version: https://github.com/amkozlov/raxml-ng
Questions/problems/suggestions? Please visit: https://groups.google.com/forum/#!forum/raxml

System: AMD Ryzen 7 5800X 8-Core Processor, 8 cores, 31 GB RAM

RAxML-NG was called at 12-Jun-2023 12:38:56 as follows:

/home/fili/Documents/KIT/2023/BA/resources/tools/RAxML-NG/raxml-ng --msa /home/fili/Documents/KIT/2023/BA/code/output/families/ssim_dtl_s20_f100_sites200_GTR_bl1.0_d0.0_l0.0_t1.0_gc0.0_p0.0_pop10_ms0.0_mf0.0_seed42/families/family_014/alignment.msa --model F81 --prefix /home/fili/Documents/KIT/2023/BA/code/output/families/ssim_dtl_s20_f100_sites200_GTR_bl1.0_d0.0_l0.0_t1.0_gc0.0_p0.0_pop10_ms0.0_mf0.0_seed42/families/family_014/misc/raxml_output.F81

Analysis options:
  run mode: ML tree search
  start tree(s): random (10) + parsimony (10)
  random seed: 1686566336
  tip-inner: OFF
  pattern compression: ON
  per-rate scalers: OFF
  site repeats: ON
  fast spr radius: AUTO
  spr subtree cutoff: 1.000000
  branch lengths: proportional (ML estimate, algorithm: NR-FAST)
  SIMD kernels: AVX2
  parallelization: coarse-grained (auto), PTHREADS (auto)

[00:00:00] Reading alignment from file: /home/fili/Documents/KIT/2023/BA/code/output/families/ssim_dtl_s20_f100_sites200_GTR_bl1.0_d0.0_l0.0_t1.0_gc0.0_p0.0_pop10_ms0.0_mf0.0_seed42/families/family_014/alignment.msa
[00:00:00] Loaded alignment with 20 taxa and 423 sites

WARNING: Sequences 9_0_0 and 13_0_0 are exactly identical!
WARNING: Sequences 12_0_0 and 4_0_0 are exactly identical!
WARNING: Duplicate sequences found: 2

NOTE: Reduced alignment (with duplicates and gap-only sites/taxa removed) 
NOTE: was saved to: /home/fili/Documents/KIT/2023/BA/code/output/families/ssim_dtl_s20_f100_sites200_GTR_bl1.0_d0.0_l0.0_t1.0_gc0.0_p0.0_pop10_ms0.0_mf0.0_seed42/families/family_014/misc/raxml_output.F81.raxml.reduced.phy

Alignment comprises 1 partitions and 241 patterns

Partition 0: noname
Model: F81+FO
Alignment sites / patterns: 423 / 241
Gaps: 0.00 %
Invariant sites: 30.97 %


NOTE: Binary MSA file created: /home/fili/Documents/KIT/2023/BA/code/output/families/ssim_dtl_s20_f100_sites200_GTR_bl1.0_d0.0_l0.0_t1.0_gc0.0_p0.0_pop10_ms0.0_mf0.0_seed42/families/family_014/misc/raxml_output.F81.raxml.rba

Parallelization scheme autoconfig: 8 worker(s) x 1 thread(s)

Parallel reduction/worker buffer size: 1 KB  / 0 KB

[00:00:00] Generating 10 random starting tree(s) with 20 taxa
[00:00:00] Generating 10 parsimony starting tree(s) with 20 taxa
[00:00:00] Data distribution: max. partitions/sites/weight per thread: 1 / 241 / 964
[00:00:00] Data distribution: max. searches per worker: 3

Starting ML tree search with 20 distinct starting trees

[00:00:00 -6712.402660] Initial branch length optimization
[00:00:00 -5853.404397] Model parameter optimization (eps = 10.000000)
[00:00:00 -5653.172844] AUTODETECT spr round 1 (radius: 5)
[00:00:00 -3385.342734] AUTODETECT spr round 2 (radius: 10)
[00:00:00 -3385.342649] SPR radius for FAST iterations: 5 (autodetect)
[00:00:00 -3385.342649] Model parameter optimization (eps = 3.000000)
[00:00:00 -3380.705457] FAST spr round 1 (radius: 5)
[00:00:00 -3273.716722] FAST spr round 2 (radius: 5)
[00:00:00 -3263.039242] FAST spr round 3 (radius: 5)
[00:00:00 -3263.039234] Model parameter optimization (eps = 1.000000)
[00:00:00 -3262.304030] SLOW spr round 1 (radius: 5)
[00:00:00] [worker #2] ML tree search #3, logLikelihood: -3262.281973
[00:00:00] [worker #4] ML tree search #5, logLikelihood: -3262.281971
[00:00:00] [worker #3] ML tree search #4, logLikelihood: -3262.281973
[00:00:00 -3262.286537] SLOW spr round 2 (radius: 10)
[00:00:00] [worker #6] ML tree search #7, logLikelihood: -3262.281972
[00:00:00] [worker #1] ML tree search #2, logLikelihood: -3262.281973
[00:00:00] [worker #7] ML tree search #8, logLikelihood: -3262.281972
[00:00:00 -3262.286536] SLOW spr round 3 (radius: 15)
[00:00:00 -3262.286536] SLOW spr round 4 (radius: 20)
[00:00:00 -3262.286536] Model parameter optimization (eps = 0.100000)

[00:00:00] [worker #0] ML tree search #1, logLikelihood: -3262.281973

[00:00:00 -6904.685636] Initial branch length optimization
[00:00:00 -6468.271347] Model parameter optimization (eps = 10.000000)
[00:00:00 -6143.620619] AUTODETECT spr round 1 (radius: 5)
[00:00:00] [worker #5] ML tree search #6, logLikelihood: -3262.281973
[00:00:00 -3272.957460] AUTODETECT spr round 2 (radius: 10)
[00:00:00 -3272.957369] SPR radius for FAST iterations: 5 (autodetect)
[00:00:00 -3272.957369] Model parameter optimization (eps = 3.000000)
[00:00:00 -3266.452388] FAST spr round 1 (radius: 5)
[00:00:00] [worker #4] ML tree search #13, logLikelihood: -3262.281973
[00:00:00] [worker #2] ML tree search #11, logLikelihood: -3262.281971
[00:00:00 -3262.283633] FAST spr round 2 (radius: 5)
[00:00:00] [worker #3] ML tree search #12, logLikelihood: -3262.281971
[00:00:00 -3262.283631] Model parameter optimization (eps = 1.000000)
[00:00:00 -3262.281978] SLOW spr round 1 (radius: 5)
[00:00:00] [worker #6] ML tree search #15, logLikelihood: -3262.281971
[00:00:00 -3262.281976] SLOW spr round 2 (radius: 10)
[00:00:00] [worker #7] ML tree search #16, logLikelihood: -3262.281971
[00:00:00] [worker #5] ML tree search #14, logLikelihood: -3262.281971
[00:00:00 -3262.281976] SLOW spr round 3 (radius: 15)
[00:00:00 -3262.281976] SLOW spr round 4 (radius: 20)
[00:00:00 -3262.281976] Model parameter optimization (eps = 0.100000)

[00:00:00] [worker #0] ML tree search #9, logLikelihood: -3262.281974

[00:00:00 -4025.960233] Initial branch length optimization
[00:00:00 -3352.834944] Model parameter optimization (eps = 10.000000)
[00:00:00 -3263.842814] AUTODETECT spr round 1 (radius: 5)
[00:00:00] [worker #3] ML tree search #20, logLikelihood: -3262.281971
[00:00:00] [worker #2] ML tree search #19, logLikelihood: -3262.281971
[00:00:00 -3262.308123] AUTODETECT spr round 2 (radius: 10)
[00:00:00 -3262.308112] SPR radius for FAST iterations: 5 (autodetect)
[00:00:00 -3262.308112] Model parameter optimization (eps = 3.000000)
[00:00:00 -3262.303579] FAST spr round 1 (radius: 5)
[00:00:00] [worker #1] ML tree search #10, logLikelihood: -3262.281973
[00:00:00 -3262.285256] Model parameter optimization (eps = 1.000000)
[00:00:00 -3262.281972] SLOW spr round 1 (radius: 5)
[00:00:00 -3262.281971] SLOW spr round 2 (radius: 10)
[00:00:00 -3262.281971] SLOW spr round 3 (radius: 15)
[00:00:00 -3262.281971] SLOW spr round 4 (radius: 20)
[00:00:00 -3262.281971] Model parameter optimization (eps = 0.100000)

[00:00:00] [worker #0] ML tree search #17, logLikelihood: -3262.281971

[00:00:00] [worker #1] ML tree search #18, logLikelihood: -3262.281971

Optimized model parameters:

   Partition 0: noname
   Rate heterogeneity: NONE
   Base frequencies (ML): 0.301116 0.119750 0.387250 0.191884 
   Substitution rates (model): 1.000000 1.000000 1.000000 1.000000 1.000000 1.000000 


Final LogLikelihood: -3262.281971

AIC score: 6604.563942 / AICc score: 6613.150330 / BIC score: 6766.458829
Free parameters (model + branch lengths): 40

Best ML tree saved to: /home/fili/Documents/KIT/2023/BA/code/output/families/ssim_dtl_s20_f100_sites200_GTR_bl1.0_d0.0_l0.0_t1.0_gc0.0_p0.0_pop10_ms0.0_mf0.0_seed42/families/family_014/misc/raxml_output.F81.raxml.bestTree
All ML trees saved to: /home/fili/Documents/KIT/2023/BA/code/output/families/ssim_dtl_s20_f100_sites200_GTR_bl1.0_d0.0_l0.0_t1.0_gc0.0_p0.0_pop10_ms0.0_mf0.0_seed42/families/family_014/misc/raxml_output.F81.raxml.mlTrees
Optimized model saved to: /home/fili/Documents/KIT/2023/BA/code/output/families/ssim_dtl_s20_f100_sites200_GTR_bl1.0_d0.0_l0.0_t1.0_gc0.0_p0.0_pop10_ms0.0_mf0.0_seed42/families/family_014/misc/raxml_output.F81.raxml.bestModel

Execution log saved to: /home/fili/Documents/KIT/2023/BA/code/output/families/ssim_dtl_s20_f100_sites200_GTR_bl1.0_d0.0_l0.0_t1.0_gc0.0_p0.0_pop10_ms0.0_mf0.0_seed42/families/family_014/misc/raxml_output.F81.raxml.log

Analysis started: 12-Jun-2023 12:38:56 / finished: 12-Jun-2023 12:38:56

Elapsed time: 0.517 seconds

