
RAxML-NG v. 1.1.0 released on 29.11.2021 by The Exelixis Lab.
Developed by: Alexey M. Kozlov and Alexandros Stamatakis.
Contributors: Diego Darriba, Tomas Flouri, Benoit Morel, Sarah Lutteropp, Ben Bettisworth.
Latest version: https://github.com/amkozlov/raxml-ng
Questions/problems/suggestions? Please visit: https://groups.google.com/forum/#!forum/raxml

System: AMD Ryzen 7 5800X 8-Core Processor, 8 cores, 31 GB RAM

RAxML-NG was called at 12-Jun-2023 12:41:36 as follows:

/home/fili/Documents/KIT/2023/BA/resources/tools/RAxML-NG/raxml-ng --msa /home/fili/Documents/KIT/2023/BA/code/output/families/ssim_dtl_s20_f100_sites200_GTR_bl1.0_d0.0_l0.0_t1.0_gc0.0_p0.0_pop10_ms0.0_mf0.0_seed42/families/family_014/alignment.msa --model GTR+G --prefix /home/fili/Documents/KIT/2023/BA/code/output/families/ssim_dtl_s20_f100_sites200_GTR_bl1.0_d0.0_l0.0_t1.0_gc0.0_p0.0_pop10_ms0.0_mf0.0_seed42/families/family_014/misc/raxml_output.GTR+G

Analysis options:
  run mode: ML tree search
  start tree(s): random (10) + parsimony (10)
  random seed: 1686566496
  tip-inner: OFF
  pattern compression: ON
  per-rate scalers: OFF
  site repeats: ON
  fast spr radius: AUTO
  spr subtree cutoff: 1.000000
  branch lengths: proportional (ML estimate, algorithm: NR-FAST)
  SIMD kernels: AVX2
  parallelization: coarse-grained (auto), PTHREADS (auto)

[00:00:00] Reading alignment from file: /home/fili/Documents/KIT/2023/BA/code/output/families/ssim_dtl_s20_f100_sites200_GTR_bl1.0_d0.0_l0.0_t1.0_gc0.0_p0.0_pop10_ms0.0_mf0.0_seed42/families/family_014/alignment.msa
[00:00:00] Loaded alignment with 20 taxa and 423 sites

WARNING: Sequences 9_0_0 and 13_0_0 are exactly identical!
WARNING: Sequences 12_0_0 and 4_0_0 are exactly identical!
WARNING: Duplicate sequences found: 2

NOTE: Reduced alignment (with duplicates and gap-only sites/taxa removed) 
NOTE: was saved to: /home/fili/Documents/KIT/2023/BA/code/output/families/ssim_dtl_s20_f100_sites200_GTR_bl1.0_d0.0_l0.0_t1.0_gc0.0_p0.0_pop10_ms0.0_mf0.0_seed42/families/family_014/misc/raxml_output.GTR+G.raxml.reduced.phy

Alignment comprises 1 partitions and 241 patterns

Partition 0: noname
Model: GTR+FO+G4m
Alignment sites / patterns: 423 / 241
Gaps: 0.00 %
Invariant sites: 30.97 %


NOTE: Binary MSA file created: /home/fili/Documents/KIT/2023/BA/code/output/families/ssim_dtl_s20_f100_sites200_GTR_bl1.0_d0.0_l0.0_t1.0_gc0.0_p0.0_pop10_ms0.0_mf0.0_seed42/families/family_014/misc/raxml_output.GTR+G.raxml.rba

Parallelization scheme autoconfig: 8 worker(s) x 1 thread(s)

Parallel reduction/worker buffer size: 1 KB  / 0 KB

[00:00:00] Generating 10 random starting tree(s) with 20 taxa
[00:00:00] Generating 10 parsimony starting tree(s) with 20 taxa
[00:00:00] Data distribution: max. partitions/sites/weight per thread: 1 / 241 / 3856
[00:00:00] Data distribution: max. searches per worker: 3

Starting ML tree search with 20 distinct starting trees

[00:00:00 -6269.149509] Initial branch length optimization
[00:00:00 -5550.301604] Model parameter optimization (eps = 10.000000)
[00:00:00 -4431.519605] AUTODETECT spr round 1 (radius: 5)
[00:00:00 -2927.781547] AUTODETECT spr round 2 (radius: 10)
[00:00:00 -2842.566682] AUTODETECT spr round 3 (radius: 15)
[00:00:00 -2842.553258] SPR radius for FAST iterations: 10 (autodetect)
[00:00:00 -2842.553258] Model parameter optimization (eps = 3.000000)
[00:00:00 -2790.660495] FAST spr round 1 (radius: 10)
[00:00:00 -2768.145268] FAST spr round 2 (radius: 10)
[00:00:00 -2764.557274] FAST spr round 3 (radius: 10)
[00:00:00 -2764.557097] Model parameter optimization (eps = 1.000000)
[00:00:00] [worker #5] ML tree search #6, logLikelihood: -2762.150075
[00:00:00 -2762.412048] SLOW spr round 1 (radius: 5)
[00:00:00] [worker #1] ML tree search #2, logLikelihood: -2762.163581
[00:00:00] [worker #4] ML tree search #5, logLikelihood: -2762.159358
[00:00:00] [worker #3] ML tree search #4, logLikelihood: -2762.158135
[00:00:00] [worker #2] ML tree search #3, logLikelihood: -2762.170402
[00:00:00] [worker #7] ML tree search #8, logLikelihood: -2762.140993
[00:00:00 -2762.392729] SLOW spr round 2 (radius: 10)
[00:00:00] [worker #6] ML tree search #7, logLikelihood: -2762.141711
[00:00:00 -2762.392368] SLOW spr round 3 (radius: 15)
[00:00:00 -2762.392344] SLOW spr round 4 (radius: 20)
[00:00:00 -2762.392343] Model parameter optimization (eps = 0.100000)

[00:00:00] [worker #0] ML tree search #1, logLikelihood: -2762.152639

[00:00:00 -6525.098345] Initial branch length optimization
[00:00:00 -5752.618005] Model parameter optimization (eps = 10.000000)
[00:00:00] [worker #5] ML tree search #14, logLikelihood: -2762.159306
[00:00:00] [worker #3] ML tree search #12, logLikelihood: -2762.154968
[00:00:00] [worker #4] ML tree search #13, logLikelihood: -2762.156528
[00:00:00] [worker #2] ML tree search #11, logLikelihood: -2762.157122
[00:00:00] [worker #7] ML tree search #16, logLikelihood: -2762.155845
[00:00:00 -4503.960340] AUTODETECT spr round 1 (radius: 5)
[00:00:00 -2874.881508] AUTODETECT spr round 2 (radius: 10)
[00:00:00 -2874.859037] SPR radius for FAST iterations: 5 (autodetect)
[00:00:00 -2874.859037] Model parameter optimization (eps = 3.000000)
[00:00:00 -2822.056234] FAST spr round 1 (radius: 5)
[00:00:00] [worker #6] ML tree search #15, logLikelihood: -2762.156294
[00:00:00 -2778.051532] FAST spr round 2 (radius: 5)
[00:00:00] [worker #1] ML tree search #10, logLikelihood: -2762.153948
[00:00:00 -2770.213949] FAST spr round 3 (radius: 5)
[00:00:00 -2770.213813] Model parameter optimization (eps = 1.000000)
[00:00:01 -2762.532181] SLOW spr round 1 (radius: 5)
[00:00:01] [worker #3] ML tree search #20, logLikelihood: -2762.154673
[00:00:01 -2762.514528] SLOW spr round 2 (radius: 10)
[00:00:01 -2762.513837] SLOW spr round 3 (radius: 15)
[00:00:01 -2762.513779] SLOW spr round 4 (radius: 20)
[00:00:01 -2762.513774] Model parameter optimization (eps = 0.100000)
[00:00:01] [worker #2] ML tree search #19, logLikelihood: -2762.157687

[00:00:01] [worker #0] ML tree search #9, logLikelihood: -2762.166764

[00:00:01 -3799.202743] Initial branch length optimization
[00:00:01 -3337.592600] Model parameter optimization (eps = 10.000000)
[00:00:01 -2765.329490] AUTODETECT spr round 1 (radius: 5)
[00:00:01] [worker #1] ML tree search #18, logLikelihood: -2762.157960
[00:00:01 -2763.927715] AUTODETECT spr round 2 (radius: 10)
[00:00:01 -2763.925082] SPR radius for FAST iterations: 5 (autodetect)
[00:00:01 -2763.925082] Model parameter optimization (eps = 3.000000)
[00:00:01 -2762.651445] FAST spr round 1 (radius: 5)
[00:00:01 -2762.543609] FAST spr round 2 (radius: 5)
[00:00:01 -2762.543602] Model parameter optimization (eps = 1.000000)
[00:00:01 -2762.240624] SLOW spr round 1 (radius: 5)
[00:00:01 -2762.235041] SLOW spr round 2 (radius: 10)
[00:00:01 -2762.234997] SLOW spr round 3 (radius: 15)
[00:00:01 -2762.234996] SLOW spr round 4 (radius: 20)
[00:00:01 -2762.234995] Model parameter optimization (eps = 0.100000)

[00:00:01] [worker #0] ML tree search #17, logLikelihood: -2762.157378


Optimized model parameters:

   Partition 0: noname
   Rate heterogeneity: GAMMA (4 cats, mean),  alpha: 3.037703 (ML),  weights&rates: (0.250000,0.392158) (0.250000,0.733594) (0.250000,1.082696) (0.250000,1.791552) 
   Base frequencies (ML): 0.183681 0.185746 0.338859 0.291714 
   Substitution rates (ML): 0.395124 23.590544 0.169800 0.689525 2.020445 1.000000 


Final LogLikelihood: -2762.140993

AIC score: 5616.281985 / AICc score: 5627.781985 / BIC score: 5802.461105
Free parameters (model + branch lengths): 46

Best ML tree saved to: /home/fili/Documents/KIT/2023/BA/code/output/families/ssim_dtl_s20_f100_sites200_GTR_bl1.0_d0.0_l0.0_t1.0_gc0.0_p0.0_pop10_ms0.0_mf0.0_seed42/families/family_014/misc/raxml_output.GTR+G.raxml.bestTree
All ML trees saved to: /home/fili/Documents/KIT/2023/BA/code/output/families/ssim_dtl_s20_f100_sites200_GTR_bl1.0_d0.0_l0.0_t1.0_gc0.0_p0.0_pop10_ms0.0_mf0.0_seed42/families/family_014/misc/raxml_output.GTR+G.raxml.mlTrees
Optimized model saved to: /home/fili/Documents/KIT/2023/BA/code/output/families/ssim_dtl_s20_f100_sites200_GTR_bl1.0_d0.0_l0.0_t1.0_gc0.0_p0.0_pop10_ms0.0_mf0.0_seed42/families/family_014/misc/raxml_output.GTR+G.raxml.bestModel

Execution log saved to: /home/fili/Documents/KIT/2023/BA/code/output/families/ssim_dtl_s20_f100_sites200_GTR_bl1.0_d0.0_l0.0_t1.0_gc0.0_p0.0_pop10_ms0.0_mf0.0_seed42/families/family_014/misc/raxml_output.GTR+G.raxml.log

Analysis started: 12-Jun-2023 12:41:36 / finished: 12-Jun-2023 12:41:37

Elapsed time: 1.429 seconds

