
RAxML-NG v. 1.1.0 released on 29.11.2021 by The Exelixis Lab.
Developed by: Alexey M. Kozlov and Alexandros Stamatakis.
Contributors: Diego Darriba, Tomas Flouri, Benoit Morel, Sarah Lutteropp, Ben Bettisworth.
Latest version: https://github.com/amkozlov/raxml-ng
Questions/problems/suggestions? Please visit: https://groups.google.com/forum/#!forum/raxml

System: AMD Ryzen 7 5800X 8-Core Processor, 8 cores, 31 GB RAM

RAxML-NG was called at 21-Jun-2023 14:53:21 as follows:

/home/fili/Documents/KIT/2023/BA/resources/tools/RAxML-NG/raxml-ng --msa /home/fili/Documents/KIT/2023/BA/code/output/families/ssim_NE_s20_f100_sites200_GTR_bl1.0_d0.0_l0.0_t0.0_gc0.0_p0.0_pop10_ms0.0_mf0.0_seed19732311/families/family_008/alignment.msa --model F81 --prefix /home/fili/Documents/KIT/2023/BA/code/output/families/ssim_NE_s20_f100_sites200_GTR_bl1.0_d0.0_l0.0_t0.0_gc0.0_p0.0_pop10_ms0.0_mf0.0_seed19732311/families/family_008/misc/raxml_output.F81

Analysis options:
  run mode: ML tree search
  start tree(s): random (10) + parsimony (10)
  random seed: 1687352001
  tip-inner: OFF
  pattern compression: ON
  per-rate scalers: OFF
  site repeats: ON
  fast spr radius: AUTO
  spr subtree cutoff: 1.000000
  branch lengths: proportional (ML estimate, algorithm: NR-FAST)
  SIMD kernels: AVX2
  parallelization: coarse-grained (auto), PTHREADS (auto)

[00:00:00] Reading alignment from file: /home/fili/Documents/KIT/2023/BA/code/output/families/ssim_NE_s20_f100_sites200_GTR_bl1.0_d0.0_l0.0_t0.0_gc0.0_p0.0_pop10_ms0.0_mf0.0_seed19732311/families/family_008/alignment.msa
[00:00:00] Loaded alignment with 20 taxa and 133 sites

Alignment comprises 1 partitions and 79 patterns

Partition 0: noname
Model: F81+FO
Alignment sites / patterns: 133 / 79
Gaps: 0.00 %
Invariant sites: 41.35 %


NOTE: Binary MSA file created: /home/fili/Documents/KIT/2023/BA/code/output/families/ssim_NE_s20_f100_sites200_GTR_bl1.0_d0.0_l0.0_t0.0_gc0.0_p0.0_pop10_ms0.0_mf0.0_seed19732311/families/family_008/misc/raxml_output.F81.raxml.rba

Parallelization scheme autoconfig: 8 worker(s) x 1 thread(s)

Parallel reduction/worker buffer size: 1 KB  / 0 KB

[00:00:00] Generating 10 random starting tree(s) with 20 taxa
[00:00:00] Generating 10 parsimony starting tree(s) with 20 taxa
[00:00:00] Data distribution: max. partitions/sites/weight per thread: 1 / 79 / 316
[00:00:00] Data distribution: max. searches per worker: 3

Starting ML tree search with 20 distinct starting trees

[00:00:00 -1880.153507] Initial branch length optimization
[00:00:00 -1660.175747] Model parameter optimization (eps = 10.000000)
[00:00:00 -1602.155930] AUTODETECT spr round 1 (radius: 5)
[00:00:00 -1008.432080] AUTODETECT spr round 2 (radius: 10)
[00:00:00 -1008.429632] SPR radius for FAST iterations: 5 (autodetect)
[00:00:00 -1008.429632] Model parameter optimization (eps = 3.000000)
[00:00:00 -1008.246462] FAST spr round 1 (radius: 5)
[00:00:00 -986.670033] FAST spr round 2 (radius: 5)
[00:00:00 -983.997719] FAST spr round 3 (radius: 5)
[00:00:00 -983.164177] FAST spr round 4 (radius: 5)
[00:00:00 -982.576846] FAST spr round 5 (radius: 5)
[00:00:00 -982.576846] Model parameter optimization (eps = 1.000000)
[00:00:00 -982.432641] SLOW spr round 1 (radius: 5)
[00:00:00] [worker #3] ML tree search #4, logLikelihood: -982.432426
[00:00:00] [worker #7] ML tree search #8, logLikelihood: -982.432427
[00:00:00 -982.432570] SLOW spr round 2 (radius: 10)
[00:00:00] [worker #2] ML tree search #3, logLikelihood: -982.432426
[00:00:00] [worker #4] ML tree search #5, logLikelihood: -982.432426
[00:00:00 -982.432570] SLOW spr round 3 (radius: 15)
[00:00:00 -982.432570] SLOW spr round 4 (radius: 20)
[00:00:00] [worker #6] ML tree search #7, logLikelihood: -982.432426
[00:00:00 -982.432570] Model parameter optimization (eps = 0.100000)

[00:00:00] [worker #0] ML tree search #1, logLikelihood: -982.432426

[00:00:00] [worker #5] ML tree search #6, logLikelihood: -982.432426
[00:00:00] [worker #1] ML tree search #2, logLikelihood: -982.432426
[00:00:00 -1904.332133] Initial branch length optimization
[00:00:00 -1690.529988] Model parameter optimization (eps = 10.000000)
[00:00:00 -1639.261614] AUTODETECT spr round 1 (radius: 5)
[00:00:00 -1010.421909] AUTODETECT spr round 2 (radius: 10)
[00:00:00 -1010.421852] SPR radius for FAST iterations: 5 (autodetect)
[00:00:00 -1010.421852] Model parameter optimization (eps = 3.000000)
[00:00:00 -1010.262080] FAST spr round 1 (radius: 5)
[00:00:00 -984.664192] FAST spr round 2 (radius: 5)
[00:00:00 -984.392276] FAST spr round 3 (radius: 5)
[00:00:00 -982.545585] FAST spr round 4 (radius: 5)
[00:00:00 -982.545529] Model parameter optimization (eps = 1.000000)
[00:00:00 -982.432592] SLOW spr round 1 (radius: 5)
[00:00:00] [worker #7] ML tree search #16, logLikelihood: -982.432426
[00:00:00] [worker #5] ML tree search #14, logLikelihood: -982.432426
[00:00:00] [worker #3] ML tree search #12, logLikelihood: -982.432426
[00:00:00 -982.432562] SLOW spr round 2 (radius: 10)
[00:00:00] [worker #4] ML tree search #13, logLikelihood: -982.432426
[00:00:00] [worker #6] ML tree search #15, logLikelihood: -982.432427
[00:00:00 -982.432562] SLOW spr round 3 (radius: 15)
[00:00:00] [worker #1] ML tree search #10, logLikelihood: -982.432426
[00:00:00 -982.432562] SLOW spr round 4 (radius: 20)
[00:00:00 -982.432562] Model parameter optimization (eps = 0.100000)

[00:00:00] [worker #0] ML tree search #9, logLikelihood: -982.432426

[00:00:00 -1220.565322] Initial branch length optimization
[00:00:00 -1017.825184] Model parameter optimization (eps = 10.000000)
[00:00:00 -989.919996] AUTODETECT spr round 1 (radius: 5)
[00:00:00 -983.926883] AUTODETECT spr round 2 (radius: 10)
[00:00:00 -983.922912] SPR radius for FAST iterations: 5 (autodetect)
[00:00:00 -983.922912] Model parameter optimization (eps = 3.000000)
[00:00:00 -983.783500] FAST spr round 1 (radius: 5)
[00:00:00] [worker #2] ML tree search #11, logLikelihood: -982.432427
[00:00:00 -982.460351] FAST spr round 2 (radius: 5)
[00:00:00 -982.460195] Model parameter optimization (eps = 1.000000)
[00:00:00 -982.432460] SLOW spr round 1 (radius: 5)
[00:00:00 -982.432441] SLOW spr round 2 (radius: 10)
[00:00:00 -982.432441] SLOW spr round 3 (radius: 15)
[00:00:00 -982.432441] SLOW spr round 4 (radius: 20)
[00:00:00 -982.432441] Model parameter optimization (eps = 0.100000)

[00:00:00] [worker #0] ML tree search #17, logLikelihood: -982.432426

[00:00:00] [worker #1] ML tree search #18, logLikelihood: -982.432426
[00:00:00] [worker #3] ML tree search #20, logLikelihood: -982.432427
[00:00:00] [worker #2] ML tree search #19, logLikelihood: -982.432427

Optimized model parameters:

   Partition 0: noname
   Rate heterogeneity: NONE
   Base frequencies (ML): 0.364512 0.130240 0.339730 0.165518 
   Substitution rates (model): 1.000000 1.000000 1.000000 1.000000 1.000000 1.000000 


Final LogLikelihood: -982.432426

AIC score: 2044.864851 / AICc score: 2080.517025 / BIC score: 2160.478816
Free parameters (model + branch lengths): 40

Best ML tree saved to: /home/fili/Documents/KIT/2023/BA/code/output/families/ssim_NE_s20_f100_sites200_GTR_bl1.0_d0.0_l0.0_t0.0_gc0.0_p0.0_pop10_ms0.0_mf0.0_seed19732311/families/family_008/misc/raxml_output.F81.raxml.bestTree
All ML trees saved to: /home/fili/Documents/KIT/2023/BA/code/output/families/ssim_NE_s20_f100_sites200_GTR_bl1.0_d0.0_l0.0_t0.0_gc0.0_p0.0_pop10_ms0.0_mf0.0_seed19732311/families/family_008/misc/raxml_output.F81.raxml.mlTrees
Optimized model saved to: /home/fili/Documents/KIT/2023/BA/code/output/families/ssim_NE_s20_f100_sites200_GTR_bl1.0_d0.0_l0.0_t0.0_gc0.0_p0.0_pop10_ms0.0_mf0.0_seed19732311/families/family_008/misc/raxml_output.F81.raxml.bestModel

Execution log saved to: /home/fili/Documents/KIT/2023/BA/code/output/families/ssim_NE_s20_f100_sites200_GTR_bl1.0_d0.0_l0.0_t0.0_gc0.0_p0.0_pop10_ms0.0_mf0.0_seed19732311/families/family_008/misc/raxml_output.F81.raxml.log

Analysis started: 21-Jun-2023 14:53:21 / finished: 21-Jun-2023 14:53:21

Elapsed time: 0.264 seconds

