
RAxML-NG v. 1.1.0 released on 29.11.2021 by The Exelixis Lab.
Developed by: Alexey M. Kozlov and Alexandros Stamatakis.
Contributors: Diego Darriba, Tomas Flouri, Benoit Morel, Sarah Lutteropp, Ben Bettisworth.
Latest version: https://github.com/amkozlov/raxml-ng
Questions/problems/suggestions? Please visit: https://groups.google.com/forum/#!forum/raxml

System: AMD Ryzen 7 5800X 8-Core Processor, 8 cores, 31 GB RAM

RAxML-NG was called at 16-Jun-2023 09:59:14 as follows:

/home/fili/Documents/KIT/2023/BA/resources/tools/RAxML-NG/raxml-ng --msa /home/fili/Documents/KIT/2023/BA/code/output/families/ssim_NE_s20_f100_sites200_GTR_bl1.0_d0.0_l0.0_t0.0_gc0.0_p0.0_pop10_ms0.0_mf0.0_seed1007/families/family_073/alignment.msa --model F81 --prefix /home/fili/Documents/KIT/2023/BA/code/output/families/ssim_NE_s20_f100_sites200_GTR_bl1.0_d0.0_l0.0_t0.0_gc0.0_p0.0_pop10_ms0.0_mf0.0_seed1007/families/family_073/misc/raxml_output.F81

Analysis options:
  run mode: ML tree search
  start tree(s): random (10) + parsimony (10)
  random seed: 1686902354
  tip-inner: OFF
  pattern compression: ON
  per-rate scalers: OFF
  site repeats: ON
  fast spr radius: AUTO
  spr subtree cutoff: 1.000000
  branch lengths: proportional (ML estimate, algorithm: NR-FAST)
  SIMD kernels: AVX2
  parallelization: coarse-grained (auto), PTHREADS (auto)

[00:00:00] Reading alignment from file: /home/fili/Documents/KIT/2023/BA/code/output/families/ssim_NE_s20_f100_sites200_GTR_bl1.0_d0.0_l0.0_t0.0_gc0.0_p0.0_pop10_ms0.0_mf0.0_seed1007/families/family_073/alignment.msa
[00:00:00] Loaded alignment with 20 taxa and 122 sites

WARNING: Sequences 14_0_0 and 18_0_0 are exactly identical!
WARNING: Sequences 19_0_0 and 12_0_0 are exactly identical!
WARNING: Sequences 19_0_0 and 20_0_0 are exactly identical!
WARNING: Sequences 8_0_0 and 2_0_0 are exactly identical!
WARNING: Duplicate sequences found: 4

NOTE: Reduced alignment (with duplicates and gap-only sites/taxa removed) 
NOTE: was saved to: /home/fili/Documents/KIT/2023/BA/code/output/families/ssim_NE_s20_f100_sites200_GTR_bl1.0_d0.0_l0.0_t0.0_gc0.0_p0.0_pop10_ms0.0_mf0.0_seed1007/families/family_073/misc/raxml_output.F81.raxml.reduced.phy

Alignment comprises 1 partitions and 53 patterns

Partition 0: noname
Model: F81+FO
Alignment sites / patterns: 122 / 53
Gaps: 0.00 %
Invariant sites: 54.10 %


NOTE: Binary MSA file created: /home/fili/Documents/KIT/2023/BA/code/output/families/ssim_NE_s20_f100_sites200_GTR_bl1.0_d0.0_l0.0_t0.0_gc0.0_p0.0_pop10_ms0.0_mf0.0_seed1007/families/family_073/misc/raxml_output.F81.raxml.rba

Parallelization scheme autoconfig: 8 worker(s) x 1 thread(s)

Parallel reduction/worker buffer size: 1 KB  / 0 KB

[00:00:00] Generating 10 random starting tree(s) with 20 taxa
[00:00:00] Generating 10 parsimony starting tree(s) with 20 taxa
[00:00:00] Data distribution: max. partitions/sites/weight per thread: 1 / 53 / 212
[00:00:00] Data distribution: max. searches per worker: 3

Starting ML tree search with 20 distinct starting trees

[00:00:00 -1416.017703] Initial branch length optimization
[00:00:00 -1230.565530] Model parameter optimization (eps = 10.000000)
[00:00:00 -1180.878967] AUTODETECT spr round 1 (radius: 5)
[00:00:00 -772.135571] AUTODETECT spr round 2 (radius: 10)
[00:00:00 -720.186814] AUTODETECT spr round 3 (radius: 15)
[00:00:00 -720.151013] SPR radius for FAST iterations: 10 (autodetect)
[00:00:00 -720.151013] Model parameter optimization (eps = 3.000000)
[00:00:00 -719.918692] FAST spr round 1 (radius: 10)
[00:00:00 -712.355274] FAST spr round 2 (radius: 10)
[00:00:00 -711.494322] FAST spr round 3 (radius: 10)
[00:00:00 -711.494322] Model parameter optimization (eps = 1.000000)
[00:00:00 -711.390909] SLOW spr round 1 (radius: 5)
[00:00:00 -711.390892] SLOW spr round 2 (radius: 10)
[00:00:00] [worker #3] ML tree search #4, logLikelihood: -711.390886
[00:00:00 -711.390892] SLOW spr round 3 (radius: 15)
[00:00:00] [worker #4] ML tree search #5, logLikelihood: -711.844899
[00:00:00] [worker #1] ML tree search #2, logLikelihood: -711.390886
[00:00:00 -711.390892] SLOW spr round 4 (radius: 20)
[00:00:00] [worker #5] ML tree search #6, logLikelihood: -711.390886
[00:00:00 -711.390892] Model parameter optimization (eps = 0.100000)

[00:00:00] [worker #0] ML tree search #1, logLikelihood: -711.390886

[00:00:00] [worker #7] ML tree search #8, logLikelihood: -711.390887
[00:00:00] [worker #6] ML tree search #7, logLikelihood: -711.844900
[00:00:00] [worker #2] ML tree search #3, logLikelihood: -711.390895
[00:00:00 -1507.291466] Initial branch length optimization
[00:00:00 -1326.891431] Model parameter optimization (eps = 10.000000)
[00:00:00 -1267.958469] AUTODETECT spr round 1 (radius: 5)
[00:00:00 -764.232523] AUTODETECT spr round 2 (radius: 10)
[00:00:00 -738.614046] AUTODETECT spr round 3 (radius: 15)
[00:00:00 -738.601327] SPR radius for FAST iterations: 10 (autodetect)
[00:00:00 -738.601327] Model parameter optimization (eps = 3.000000)
[00:00:00 -738.541838] FAST spr round 1 (radius: 10)
[00:00:00 -717.486231] FAST spr round 2 (radius: 10)
[00:00:00 -712.624669] FAST spr round 3 (radius: 10)
[00:00:00] [worker #4] ML tree search #13, logLikelihood: -711.390886
[00:00:00] [worker #7] ML tree search #16, logLikelihood: -711.844911
[00:00:00 -711.940935] FAST spr round 4 (radius: 10)
[00:00:00] [worker #2] ML tree search #11, logLikelihood: -711.390886
[00:00:00] [worker #6] ML tree search #15, logLikelihood: -711.844899
[00:00:00] [worker #3] ML tree search #12, logLikelihood: -711.390895
[00:00:00 -711.940875] Model parameter optimization (eps = 1.000000)
[00:00:00] [worker #1] ML tree search #10, logLikelihood: -711.390887
[00:00:00 -711.844977] SLOW spr round 1 (radius: 5)
[00:00:00] [worker #5] ML tree search #14, logLikelihood: -711.844914
[00:00:00 -711.844940] SLOW spr round 2 (radius: 10)
[00:00:00] [worker #2] ML tree search #19, logLikelihood: -711.390896
[00:00:00 -711.844940] SLOW spr round 3 (radius: 15)
[00:00:00 -711.844940] SLOW spr round 4 (radius: 20)
[00:00:00] [worker #1] ML tree search #18, logLikelihood: -711.390886
[00:00:00 -711.844940] Model parameter optimization (eps = 0.100000)

[00:00:00] [worker #0] ML tree search #9, logLikelihood: -711.844899

[00:00:00 -980.591491] Initial branch length optimization
[00:00:00 -741.381269] Model parameter optimization (eps = 10.000000)
[00:00:00 -712.436187] AUTODETECT spr round 1 (radius: 5)
[00:00:00 -711.587080] AUTODETECT spr round 2 (radius: 10)
[00:00:00 -711.587080] SPR radius for FAST iterations: 5 (autodetect)
[00:00:00 -711.587080] Model parameter optimization (eps = 3.000000)
[00:00:00 -711.586926] FAST spr round 1 (radius: 5)
[00:00:00] [worker #3] ML tree search #20, logLikelihood: -711.844911
[00:00:00 -711.409289] FAST spr round 2 (radius: 5)
[00:00:00 -711.409287] Model parameter optimization (eps = 1.000000)
[00:00:00 -711.390934] SLOW spr round 1 (radius: 5)
[00:00:00 -711.390891] SLOW spr round 2 (radius: 10)
[00:00:00 -711.390891] SLOW spr round 3 (radius: 15)
[00:00:00 -711.390891] SLOW spr round 4 (radius: 20)
[00:00:00 -711.390891] Model parameter optimization (eps = 0.100000)

[00:00:00] [worker #0] ML tree search #17, logLikelihood: -711.390886


Optimized model parameters:

   Partition 0: noname
   Rate heterogeneity: NONE
   Base frequencies (ML): 0.391587 0.125388 0.349544 0.133481 
   Substitution rates (model): 1.000000 1.000000 1.000000 1.000000 1.000000 1.000000 


Final LogLikelihood: -711.390886

AIC score: 1502.781771 / AICc score: 1543.275598 / BIC score: 1614.942613
Free parameters (model + branch lengths): 40

WARNING: Best ML tree contains 3 near-zero branches!

Best ML tree with collapsed near-zero branches saved to: /home/fili/Documents/KIT/2023/BA/code/output/families/ssim_NE_s20_f100_sites200_GTR_bl1.0_d0.0_l0.0_t0.0_gc0.0_p0.0_pop10_ms0.0_mf0.0_seed1007/families/family_073/misc/raxml_output.F81.raxml.bestTreeCollapsed
Best ML tree saved to: /home/fili/Documents/KIT/2023/BA/code/output/families/ssim_NE_s20_f100_sites200_GTR_bl1.0_d0.0_l0.0_t0.0_gc0.0_p0.0_pop10_ms0.0_mf0.0_seed1007/families/family_073/misc/raxml_output.F81.raxml.bestTree
All ML trees saved to: /home/fili/Documents/KIT/2023/BA/code/output/families/ssim_NE_s20_f100_sites200_GTR_bl1.0_d0.0_l0.0_t0.0_gc0.0_p0.0_pop10_ms0.0_mf0.0_seed1007/families/family_073/misc/raxml_output.F81.raxml.mlTrees
Optimized model saved to: /home/fili/Documents/KIT/2023/BA/code/output/families/ssim_NE_s20_f100_sites200_GTR_bl1.0_d0.0_l0.0_t0.0_gc0.0_p0.0_pop10_ms0.0_mf0.0_seed1007/families/family_073/misc/raxml_output.F81.raxml.bestModel

Execution log saved to: /home/fili/Documents/KIT/2023/BA/code/output/families/ssim_NE_s20_f100_sites200_GTR_bl1.0_d0.0_l0.0_t0.0_gc0.0_p0.0_pop10_ms0.0_mf0.0_seed1007/families/family_073/misc/raxml_output.F81.raxml.log

Analysis started: 16-Jun-2023 09:59:14 / finished: 16-Jun-2023 09:59:15

Elapsed time: 0.192 seconds

