
RAxML-NG v. 1.1.0 released on 29.11.2021 by The Exelixis Lab.
Developed by: Alexey M. Kozlov and Alexandros Stamatakis.
Contributors: Diego Darriba, Tomas Flouri, Benoit Morel, Sarah Lutteropp, Ben Bettisworth.
Latest version: https://github.com/amkozlov/raxml-ng
Questions/problems/suggestions? Please visit: https://groups.google.com/forum/#!forum/raxml

System: AMD Ryzen 7 5800X 8-Core Processor, 8 cores, 31 GB RAM

RAxML-NG was called at 16-Jun-2023 09:59:21 as follows:

/home/fili/Documents/KIT/2023/BA/resources/tools/RAxML-NG/raxml-ng --msa /home/fili/Documents/KIT/2023/BA/code/output/families/ssim_NE_s20_f100_sites200_GTR_bl1.0_d0.0_l0.0_t0.0_gc0.0_p0.0_pop10_ms0.0_mf0.0_seed1007/families/family_034/alignment.msa --model F81 --prefix /home/fili/Documents/KIT/2023/BA/code/output/families/ssim_NE_s20_f100_sites200_GTR_bl1.0_d0.0_l0.0_t0.0_gc0.0_p0.0_pop10_ms0.0_mf0.0_seed1007/families/family_034/misc/raxml_output.F81

Analysis options:
  run mode: ML tree search
  start tree(s): random (10) + parsimony (10)
  random seed: 1686902361
  tip-inner: OFF
  pattern compression: ON
  per-rate scalers: OFF
  site repeats: ON
  fast spr radius: AUTO
  spr subtree cutoff: 1.000000
  branch lengths: proportional (ML estimate, algorithm: NR-FAST)
  SIMD kernels: AVX2
  parallelization: coarse-grained (auto), PTHREADS (auto)

[00:00:00] Reading alignment from file: /home/fili/Documents/KIT/2023/BA/code/output/families/ssim_NE_s20_f100_sites200_GTR_bl1.0_d0.0_l0.0_t0.0_gc0.0_p0.0_pop10_ms0.0_mf0.0_seed1007/families/family_034/alignment.msa
[00:00:00] Loaded alignment with 20 taxa and 190 sites

WARNING: Sequences 20_0_0 and 19_0_0 are exactly identical!
WARNING: Sequences 2_0_0 and 8_0_0 are exactly identical!
WARNING: Duplicate sequences found: 2

NOTE: Reduced alignment (with duplicates and gap-only sites/taxa removed) 
NOTE: was saved to: /home/fili/Documents/KIT/2023/BA/code/output/families/ssim_NE_s20_f100_sites200_GTR_bl1.0_d0.0_l0.0_t0.0_gc0.0_p0.0_pop10_ms0.0_mf0.0_seed1007/families/family_034/misc/raxml_output.F81.raxml.reduced.phy

Alignment comprises 1 partitions and 98 patterns

Partition 0: noname
Model: F81+FO
Alignment sites / patterns: 190 / 98
Gaps: 0.00 %
Invariant sites: 42.63 %


NOTE: Binary MSA file created: /home/fili/Documents/KIT/2023/BA/code/output/families/ssim_NE_s20_f100_sites200_GTR_bl1.0_d0.0_l0.0_t0.0_gc0.0_p0.0_pop10_ms0.0_mf0.0_seed1007/families/family_034/misc/raxml_output.F81.raxml.rba

Parallelization scheme autoconfig: 8 worker(s) x 1 thread(s)

Parallel reduction/worker buffer size: 1 KB  / 0 KB

[00:00:00] Generating 10 random starting tree(s) with 20 taxa
[00:00:00] Generating 10 parsimony starting tree(s) with 20 taxa
[00:00:00] Data distribution: max. partitions/sites/weight per thread: 1 / 98 / 392
[00:00:00] Data distribution: max. searches per worker: 3

Starting ML tree search with 20 distinct starting trees

[00:00:00 -2976.051926] Initial branch length optimization
[00:00:00 -2533.347481] Model parameter optimization (eps = 10.000000)
[00:00:00 -2511.723954] AUTODETECT spr round 1 (radius: 5)
[00:00:00 -1372.373341] AUTODETECT spr round 2 (radius: 10)
[00:00:00 -1372.372386] SPR radius for FAST iterations: 5 (autodetect)
[00:00:00 -1372.372386] Model parameter optimization (eps = 3.000000)
[00:00:00 -1370.945757] FAST spr round 1 (radius: 5)
[00:00:00 -1352.365475] FAST spr round 2 (radius: 5)
[00:00:00 -1352.365462] Model parameter optimization (eps = 1.000000)
[00:00:00 -1352.346145] SLOW spr round 1 (radius: 5)
[00:00:00 -1352.346133] SLOW spr round 2 (radius: 10)
[00:00:00 -1352.346133] SLOW spr round 3 (radius: 15)
[00:00:00 -1352.346133] SLOW spr round 4 (radius: 20)
[00:00:00 -1352.346133] Model parameter optimization (eps = 0.100000)

[00:00:00] [worker #0] ML tree search #1, logLikelihood: -1352.346125

[00:00:00 -2969.628875] Initial branch length optimization
[00:00:00 -2646.492386] Model parameter optimization (eps = 10.000000)
[00:00:00 -2621.215286] AUTODETECT spr round 1 (radius: 5)
[00:00:00] [worker #1] ML tree search #2, logLikelihood: -1352.346122
[00:00:00 -1664.346733] AUTODETECT spr round 2 (radius: 10)
[00:00:00] [worker #5] ML tree search #6, logLikelihood: -1352.346127
[00:00:00 -1517.899006] AUTODETECT spr round 3 (radius: 15)
[00:00:00 -1517.898196] SPR radius for FAST iterations: 10 (autodetect)
[00:00:00 -1517.898196] Model parameter optimization (eps = 3.000000)
[00:00:00 -1515.548497] FAST spr round 1 (radius: 10)
[00:00:00] [worker #7] ML tree search #8, logLikelihood: -1352.346122
[00:00:00] [worker #6] ML tree search #7, logLikelihood: -1352.346122
[00:00:00] [worker #3] ML tree search #4, logLikelihood: -1352.346125
[00:00:00 -1357.643893] FAST spr round 2 (radius: 10)
[00:00:00 -1352.443171] FAST spr round 3 (radius: 10)
[00:00:00 -1352.443170] Model parameter optimization (eps = 1.000000)
[00:00:00 -1352.346243] SLOW spr round 1 (radius: 5)
[00:00:00] [worker #2] ML tree search #3, logLikelihood: -1352.346126
[00:00:00 -1352.346191] SLOW spr round 2 (radius: 10)
[00:00:00] [worker #4] ML tree search #5, logLikelihood: -1352.346126
[00:00:00 -1352.346191] SLOW spr round 3 (radius: 15)
[00:00:00] [worker #7] ML tree search #16, logLikelihood: -1352.346122
[00:00:00 -1352.346191] SLOW spr round 4 (radius: 20)
[00:00:00 -1352.346191] Model parameter optimization (eps = 0.100000)

[00:00:00] [worker #0] ML tree search #9, logLikelihood: -1352.346122

[00:00:00] [worker #5] ML tree search #14, logLikelihood: -1352.346122
[00:00:00 -1688.132588] Initial branch length optimization
[00:00:00 -1373.255071] Model parameter optimization (eps = 10.000000)
[00:00:00] [worker #6] ML tree search #15, logLikelihood: -1352.346125
[00:00:00 -1354.056182] AUTODETECT spr round 1 (radius: 5)
[00:00:00] [worker #1] ML tree search #10, logLikelihood: -1352.346122
[00:00:00 -1352.379140] AUTODETECT spr round 2 (radius: 10)
[00:00:00 -1352.378887] SPR radius for FAST iterations: 5 (autodetect)
[00:00:00 -1352.378887] Model parameter optimization (eps = 3.000000)
[00:00:00 -1352.346151] FAST spr round 1 (radius: 5)
[00:00:00] [worker #3] ML tree search #12, logLikelihood: -1352.346123
[00:00:00 -1352.346135] Model parameter optimization (eps = 1.000000)
[00:00:00 -1352.346126] SLOW spr round 1 (radius: 5)
[00:00:00 -1352.346126] SLOW spr round 2 (radius: 10)
[00:00:00 -1352.346126] SLOW spr round 3 (radius: 15)
[00:00:00 -1352.346126] SLOW spr round 4 (radius: 20)
[00:00:00 -1352.346126] Model parameter optimization (eps = 0.100000)

[00:00:00] [worker #0] ML tree search #17, logLikelihood: -1352.346123

[00:00:00] [worker #1] ML tree search #18, logLikelihood: -1352.346122
[00:00:00] [worker #4] ML tree search #13, logLikelihood: -1352.346122
[00:00:00] [worker #2] ML tree search #11, logLikelihood: -1352.346126
[00:00:00] [worker #3] ML tree search #20, logLikelihood: -1352.346123
[00:00:00] [worker #2] ML tree search #19, logLikelihood: -1352.346122

Optimized model parameters:

   Partition 0: noname
   Rate heterogeneity: NONE
   Base frequencies (ML): 0.265652 0.153597 0.365680 0.215071 
   Substitution rates (model): 1.000000 1.000000 1.000000 1.000000 1.000000 1.000000 


Final LogLikelihood: -1352.346122

AIC score: 2784.692243 / AICc score: 2806.705666 / BIC score: 2914.573206
Free parameters (model + branch lengths): 40

WARNING: Best ML tree contains 1 near-zero branches!

Best ML tree with collapsed near-zero branches saved to: /home/fili/Documents/KIT/2023/BA/code/output/families/ssim_NE_s20_f100_sites200_GTR_bl1.0_d0.0_l0.0_t0.0_gc0.0_p0.0_pop10_ms0.0_mf0.0_seed1007/families/family_034/misc/raxml_output.F81.raxml.bestTreeCollapsed
Best ML tree saved to: /home/fili/Documents/KIT/2023/BA/code/output/families/ssim_NE_s20_f100_sites200_GTR_bl1.0_d0.0_l0.0_t0.0_gc0.0_p0.0_pop10_ms0.0_mf0.0_seed1007/families/family_034/misc/raxml_output.F81.raxml.bestTree
All ML trees saved to: /home/fili/Documents/KIT/2023/BA/code/output/families/ssim_NE_s20_f100_sites200_GTR_bl1.0_d0.0_l0.0_t0.0_gc0.0_p0.0_pop10_ms0.0_mf0.0_seed1007/families/family_034/misc/raxml_output.F81.raxml.mlTrees
Optimized model saved to: /home/fili/Documents/KIT/2023/BA/code/output/families/ssim_NE_s20_f100_sites200_GTR_bl1.0_d0.0_l0.0_t0.0_gc0.0_p0.0_pop10_ms0.0_mf0.0_seed1007/families/family_034/misc/raxml_output.F81.raxml.bestModel

Execution log saved to: /home/fili/Documents/KIT/2023/BA/code/output/families/ssim_NE_s20_f100_sites200_GTR_bl1.0_d0.0_l0.0_t0.0_gc0.0_p0.0_pop10_ms0.0_mf0.0_seed1007/families/family_034/misc/raxml_output.F81.raxml.log

Analysis started: 16-Jun-2023 09:59:21 / finished: 16-Jun-2023 09:59:22

Elapsed time: 0.259 seconds

