
RAxML-NG v. 1.1.0 released on 29.11.2021 by The Exelixis Lab.
Developed by: Alexey M. Kozlov and Alexandros Stamatakis.
Contributors: Diego Darriba, Tomas Flouri, Benoit Morel, Sarah Lutteropp, Ben Bettisworth.
Latest version: https://github.com/amkozlov/raxml-ng
Questions/problems/suggestions? Please visit: https://groups.google.com/forum/#!forum/raxml

System: AMD Ryzen 7 5800X 8-Core Processor, 8 cores, 31 GB RAM

RAxML-NG was called at 12-Jun-2023 12:38:33 as follows:

/home/fili/Documents/KIT/2023/BA/resources/tools/RAxML-NG/raxml-ng --msa /home/fili/Documents/KIT/2023/BA/code/output/families/ssim_dtl_s20_f100_sites200_GTR_bl1.0_d0.0_l0.0_t1.0_gc0.0_p0.0_pop10_ms0.0_mf0.0_seed42/families/family_003/alignment.msa --model F81 --prefix /home/fili/Documents/KIT/2023/BA/code/output/families/ssim_dtl_s20_f100_sites200_GTR_bl1.0_d0.0_l0.0_t1.0_gc0.0_p0.0_pop10_ms0.0_mf0.0_seed42/families/family_003/misc/raxml_output.F81

Analysis options:
  run mode: ML tree search
  start tree(s): random (10) + parsimony (10)
  random seed: 1686566313
  tip-inner: OFF
  pattern compression: ON
  per-rate scalers: OFF
  site repeats: ON
  fast spr radius: AUTO
  spr subtree cutoff: 1.000000
  branch lengths: proportional (ML estimate, algorithm: NR-FAST)
  SIMD kernels: AVX2
  parallelization: coarse-grained (auto), PTHREADS (auto)

[00:00:00] Reading alignment from file: /home/fili/Documents/KIT/2023/BA/code/output/families/ssim_dtl_s20_f100_sites200_GTR_bl1.0_d0.0_l0.0_t1.0_gc0.0_p0.0_pop10_ms0.0_mf0.0_seed42/families/family_003/alignment.msa
[00:00:00] Loaded alignment with 20 taxa and 131 sites

WARNING: Sequences 9_0_0 and 13_0_0 are exactly identical!
WARNING: Sequences 18_0_0 and 8_0_0 are exactly identical!
WARNING: Sequences 3_0_0 and 1_0_0 are exactly identical!
WARNING: Duplicate sequences found: 3

NOTE: Reduced alignment (with duplicates and gap-only sites/taxa removed) 
NOTE: was saved to: /home/fili/Documents/KIT/2023/BA/code/output/families/ssim_dtl_s20_f100_sites200_GTR_bl1.0_d0.0_l0.0_t1.0_gc0.0_p0.0_pop10_ms0.0_mf0.0_seed42/families/family_003/misc/raxml_output.F81.raxml.reduced.phy

Alignment comprises 1 partitions and 82 patterns

Partition 0: noname
Model: F81+FO
Alignment sites / patterns: 131 / 82
Gaps: 0.00 %
Invariant sites: 35.88 %


NOTE: Binary MSA file created: /home/fili/Documents/KIT/2023/BA/code/output/families/ssim_dtl_s20_f100_sites200_GTR_bl1.0_d0.0_l0.0_t1.0_gc0.0_p0.0_pop10_ms0.0_mf0.0_seed42/families/family_003/misc/raxml_output.F81.raxml.rba

Parallelization scheme autoconfig: 8 worker(s) x 1 thread(s)

Parallel reduction/worker buffer size: 1 KB  / 0 KB

[00:00:00] Generating 10 random starting tree(s) with 20 taxa
[00:00:00] Generating 10 parsimony starting tree(s) with 20 taxa
[00:00:00] Data distribution: max. partitions/sites/weight per thread: 1 / 82 / 328
[00:00:00] Data distribution: max. searches per worker: 3

Starting ML tree search with 20 distinct starting trees

[00:00:00 -2049.815925] Initial branch length optimization
[00:00:00 -1887.797906] Model parameter optimization (eps = 10.000000)
[00:00:00 -1834.866715] AUTODETECT spr round 1 (radius: 5)
[00:00:00 -1072.304299] AUTODETECT spr round 2 (radius: 10)
[00:00:00 -1055.560765] AUTODETECT spr round 3 (radius: 15)
[00:00:00 -1055.557949] SPR radius for FAST iterations: 10 (autodetect)
[00:00:00 -1055.557949] Model parameter optimization (eps = 3.000000)
[00:00:00 -1054.119845] FAST spr round 1 (radius: 10)
[00:00:00 -1024.514192] FAST spr round 2 (radius: 10)
[00:00:00 -1024.288422] FAST spr round 3 (radius: 10)
[00:00:00 -1024.288175] Model parameter optimization (eps = 1.000000)
[00:00:00 -1024.100774] SLOW spr round 1 (radius: 5)
[00:00:00] [worker #6] ML tree search #7, logLikelihood: -1024.099650
[00:00:00] [worker #4] ML tree search #5, logLikelihood: -1024.099961
[00:00:00] [worker #5] ML tree search #6, logLikelihood: -1026.811531
[00:00:00] [worker #3] ML tree search #4, logLikelihood: -1024.099475
[00:00:00 -1024.100401] SLOW spr round 2 (radius: 10)
[00:00:00] [worker #7] ML tree search #8, logLikelihood: -1026.811644
[00:00:00] [worker #1] ML tree search #2, logLikelihood: -1024.100049
[00:00:00] [worker #2] ML tree search #3, logLikelihood: -1024.099419
[00:00:00 -1024.100268] SLOW spr round 3 (radius: 15)
[00:00:00 -1024.100156] SLOW spr round 4 (radius: 20)
[00:00:00 -1024.100063] Model parameter optimization (eps = 0.100000)

[00:00:00] [worker #0] ML tree search #1, logLikelihood: -1024.099863

[00:00:00 -2068.569925] Initial branch length optimization
[00:00:00 -1899.518499] Model parameter optimization (eps = 10.000000)
[00:00:00 -1849.211104] AUTODETECT spr round 1 (radius: 5)
[00:00:00 -1112.896367] AUTODETECT spr round 2 (radius: 10)
[00:00:00] [worker #3] ML tree search #12, logLikelihood: -1024.101090
[00:00:00 -1056.606598] AUTODETECT spr round 3 (radius: 15)
[00:00:00 -1056.606379] SPR radius for FAST iterations: 10 (autodetect)
[00:00:00 -1056.606379] Model parameter optimization (eps = 3.000000)
[00:00:00 -1056.236693] FAST spr round 1 (radius: 10)
[00:00:00] [worker #6] ML tree search #15, logLikelihood: -1024.099825
[00:00:00 -1024.241440] FAST spr round 2 (radius: 10)
[00:00:00 -1024.241231] Model parameter optimization (eps = 1.000000)
[00:00:00 -1024.099912] SLOW spr round 1 (radius: 5)
[00:00:00] [worker #5] ML tree search #14, logLikelihood: -1026.812377
[00:00:00] [worker #4] ML tree search #13, logLikelihood: -1024.099421
[00:00:00 -1024.099794] SLOW spr round 2 (radius: 10)
[00:00:00] [worker #7] ML tree search #16, logLikelihood: -1026.811702
[00:00:00] [worker #1] ML tree search #10, logLikelihood: -1024.100952
[00:00:00] [worker #2] ML tree search #11, logLikelihood: -1024.099822
[00:00:00 -1024.099738] SLOW spr round 3 (radius: 15)
[00:00:00 -1024.099691] SLOW spr round 4 (radius: 20)
[00:00:00 -1024.099652] Model parameter optimization (eps = 0.100000)

[00:00:00] [worker #0] ML tree search #9, logLikelihood: -1024.099606

[00:00:00 -1277.602067] Initial branch length optimization
[00:00:00 -1046.946489] Model parameter optimization (eps = 10.000000)
[00:00:00 -1024.099640] AUTODETECT spr round 1 (radius: 5)
[00:00:00 -1024.099507] SPR radius for FAST iterations: 5 (autodetect)
[00:00:00 -1024.099507] Model parameter optimization (eps = 3.000000)
[00:00:00] [worker #3] ML tree search #20, logLikelihood: -1024.099419
[00:00:00 -1024.099496] FAST spr round 1 (radius: 5)
[00:00:00 -1024.099487] Model parameter optimization (eps = 1.000000)
[00:00:00 -1024.099484] SLOW spr round 1 (radius: 5)
[00:00:00 -1024.099452] SLOW spr round 2 (radius: 10)
[00:00:00 -1024.099447] SLOW spr round 3 (radius: 15)
[00:00:00] [worker #2] ML tree search #19, logLikelihood: -1024.099822
[00:00:00 -1024.099442] SLOW spr round 4 (radius: 20)
[00:00:00] [worker #1] ML tree search #18, logLikelihood: -1026.811773
[00:00:00 -1024.099438] Model parameter optimization (eps = 0.100000)

[00:00:00] [worker #0] ML tree search #17, logLikelihood: -1024.099437


Optimized model parameters:

   Partition 0: noname
   Rate heterogeneity: NONE
   Base frequencies (ML): 0.374897 0.147269 0.304385 0.173449 
   Substitution rates (model): 1.000000 1.000000 1.000000 1.000000 1.000000 1.000000 


Final LogLikelihood: -1024.099419

AIC score: 2128.198838 / AICc score: 2164.643283 / BIC score: 2243.206731
Free parameters (model + branch lengths): 40

WARNING: Best ML tree contains 2 near-zero branches!

Best ML tree with collapsed near-zero branches saved to: /home/fili/Documents/KIT/2023/BA/code/output/families/ssim_dtl_s20_f100_sites200_GTR_bl1.0_d0.0_l0.0_t1.0_gc0.0_p0.0_pop10_ms0.0_mf0.0_seed42/families/family_003/misc/raxml_output.F81.raxml.bestTreeCollapsed
Best ML tree saved to: /home/fili/Documents/KIT/2023/BA/code/output/families/ssim_dtl_s20_f100_sites200_GTR_bl1.0_d0.0_l0.0_t1.0_gc0.0_p0.0_pop10_ms0.0_mf0.0_seed42/families/family_003/misc/raxml_output.F81.raxml.bestTree
All ML trees saved to: /home/fili/Documents/KIT/2023/BA/code/output/families/ssim_dtl_s20_f100_sites200_GTR_bl1.0_d0.0_l0.0_t1.0_gc0.0_p0.0_pop10_ms0.0_mf0.0_seed42/families/family_003/misc/raxml_output.F81.raxml.mlTrees
Optimized model saved to: /home/fili/Documents/KIT/2023/BA/code/output/families/ssim_dtl_s20_f100_sites200_GTR_bl1.0_d0.0_l0.0_t1.0_gc0.0_p0.0_pop10_ms0.0_mf0.0_seed42/families/family_003/misc/raxml_output.F81.raxml.bestModel

Execution log saved to: /home/fili/Documents/KIT/2023/BA/code/output/families/ssim_dtl_s20_f100_sites200_GTR_bl1.0_d0.0_l0.0_t1.0_gc0.0_p0.0_pop10_ms0.0_mf0.0_seed42/families/family_003/misc/raxml_output.F81.raxml.log

Analysis started: 12-Jun-2023 12:38:33 / finished: 12-Jun-2023 12:38:33

Elapsed time: 0.283 seconds

