
RAxML-NG v. 1.1.0 released on 29.11.2021 by The Exelixis Lab.
Developed by: Alexey M. Kozlov and Alexandros Stamatakis.
Contributors: Diego Darriba, Tomas Flouri, Benoit Morel, Sarah Lutteropp, Ben Bettisworth.
Latest version: https://github.com/amkozlov/raxml-ng
Questions/problems/suggestions? Please visit: https://groups.google.com/forum/#!forum/raxml

System: AMD Ryzen 7 5800X 8-Core Processor, 8 cores, 31 GB RAM

RAxML-NG was called at 16-Jun-2023 09:59:10 as follows:

/home/fili/Documents/KIT/2023/BA/resources/tools/RAxML-NG/raxml-ng --msa /home/fili/Documents/KIT/2023/BA/code/output/families/ssim_NE_s20_f100_sites200_GTR_bl1.0_d0.0_l0.0_t0.0_gc0.0_p0.0_pop10_ms0.0_mf0.0_seed1007/families/family_022/alignment.msa --model F81 --prefix /home/fili/Documents/KIT/2023/BA/code/output/families/ssim_NE_s20_f100_sites200_GTR_bl1.0_d0.0_l0.0_t0.0_gc0.0_p0.0_pop10_ms0.0_mf0.0_seed1007/families/family_022/misc/raxml_output.F81

Analysis options:
  run mode: ML tree search
  start tree(s): random (10) + parsimony (10)
  random seed: 1686902350
  tip-inner: OFF
  pattern compression: ON
  per-rate scalers: OFF
  site repeats: ON
  fast spr radius: AUTO
  spr subtree cutoff: 1.000000
  branch lengths: proportional (ML estimate, algorithm: NR-FAST)
  SIMD kernels: AVX2
  parallelization: coarse-grained (auto), PTHREADS (auto)

[00:00:00] Reading alignment from file: /home/fili/Documents/KIT/2023/BA/code/output/families/ssim_NE_s20_f100_sites200_GTR_bl1.0_d0.0_l0.0_t0.0_gc0.0_p0.0_pop10_ms0.0_mf0.0_seed1007/families/family_022/alignment.msa
[00:00:00] Loaded alignment with 20 taxa and 178 sites

WARNING: Sequences 2_0_0 and 8_0_0 are exactly identical!
WARNING: Sequences 19_0_0 and 12_0_0 are exactly identical!
WARNING: Duplicate sequences found: 2

NOTE: Reduced alignment (with duplicates and gap-only sites/taxa removed) 
NOTE: was saved to: /home/fili/Documents/KIT/2023/BA/code/output/families/ssim_NE_s20_f100_sites200_GTR_bl1.0_d0.0_l0.0_t0.0_gc0.0_p0.0_pop10_ms0.0_mf0.0_seed1007/families/family_022/misc/raxml_output.F81.raxml.reduced.phy

Alignment comprises 1 partitions and 102 patterns

Partition 0: noname
Model: F81+FO
Alignment sites / patterns: 178 / 102
Gaps: 0.00 %
Invariant sites: 39.89 %


NOTE: Binary MSA file created: /home/fili/Documents/KIT/2023/BA/code/output/families/ssim_NE_s20_f100_sites200_GTR_bl1.0_d0.0_l0.0_t0.0_gc0.0_p0.0_pop10_ms0.0_mf0.0_seed1007/families/family_022/misc/raxml_output.F81.raxml.rba

Parallelization scheme autoconfig: 8 worker(s) x 1 thread(s)

Parallel reduction/worker buffer size: 1 KB  / 0 KB

[00:00:00] Generating 10 random starting tree(s) with 20 taxa
[00:00:00] Generating 10 parsimony starting tree(s) with 20 taxa
[00:00:00] Data distribution: max. partitions/sites/weight per thread: 1 / 102 / 408
[00:00:00] Data distribution: max. searches per worker: 3

Starting ML tree search with 20 distinct starting trees

[00:00:00 -2802.134605] Initial branch length optimization
[00:00:00 -2506.277058] Model parameter optimization (eps = 10.000000)
[00:00:00 -2478.666003] AUTODETECT spr round 1 (radius: 5)
[00:00:00 -1561.799443] AUTODETECT spr round 2 (radius: 10)
[00:00:00 -1546.659459] AUTODETECT spr round 3 (radius: 15)
[00:00:00 -1546.659168] SPR radius for FAST iterations: 10 (autodetect)
[00:00:00 -1546.659168] Model parameter optimization (eps = 3.000000)
[00:00:00 -1544.779661] FAST spr round 1 (radius: 10)
[00:00:00 -1429.094761] FAST spr round 2 (radius: 10)
[00:00:00 -1424.278148] FAST spr round 3 (radius: 10)
[00:00:00] [worker #1] ML tree search #2, logLikelihood: -1424.033028
[00:00:00] [worker #2] ML tree search #3, logLikelihood: -1424.033024
[00:00:00 -1424.278147] Model parameter optimization (eps = 1.000000)
[00:00:00 -1424.033195] SLOW spr round 1 (radius: 5)
[00:00:00] [worker #3] ML tree search #4, logLikelihood: -1424.033025
[00:00:00] [worker #4] ML tree search #5, logLikelihood: -1424.033024
[00:00:00] [worker #6] ML tree search #7, logLikelihood: -1424.033041
[00:00:00] [worker #5] ML tree search #6, logLikelihood: -1424.033024
[00:00:00 -1424.033117] SLOW spr round 2 (radius: 10)
[00:00:00 -1424.033117] SLOW spr round 3 (radius: 15)
[00:00:00 -1424.033117] SLOW spr round 4 (radius: 20)
[00:00:00 -1424.033117] Model parameter optimization (eps = 0.100000)

[00:00:00] [worker #0] ML tree search #1, logLikelihood: -1424.033025

[00:00:00 -2735.219379] Initial branch length optimization
[00:00:00 -2544.132882] Model parameter optimization (eps = 10.000000)
[00:00:00 -2509.590861] AUTODETECT spr round 1 (radius: 5)
[00:00:00] [worker #2] ML tree search #11, logLikelihood: -1424.033024
[00:00:00] [worker #3] ML tree search #12, logLikelihood: -1424.033026
[00:00:00] [worker #6] ML tree search #15, logLikelihood: -1424.033025
[00:00:00 -1546.101819] AUTODETECT spr round 2 (radius: 10)
[00:00:00] [worker #1] ML tree search #10, logLikelihood: -1424.033024
[00:00:00] [worker #5] ML tree search #14, logLikelihood: -1424.033028
[00:00:00 -1537.712779] AUTODETECT spr round 3 (radius: 15)
[00:00:00] [worker #7] ML tree search #8, logLikelihood: -1424.033025
[00:00:00 -1537.711280] SPR radius for FAST iterations: 10 (autodetect)
[00:00:00 -1537.711280] Model parameter optimization (eps = 3.000000)
[00:00:00 -1535.682838] FAST spr round 1 (radius: 10)
[00:00:00] [worker #4] ML tree search #13, logLikelihood: -1424.033025
[00:00:00 -1424.212800] FAST spr round 2 (radius: 10)
[00:00:00 -1424.212770] Model parameter optimization (eps = 1.000000)
[00:00:00 -1424.033255] SLOW spr round 1 (radius: 5)
[00:00:00] [worker #3] ML tree search #20, logLikelihood: -1424.033024
[00:00:00] [worker #2] ML tree search #19, logLikelihood: -1424.033024
[00:00:00] [worker #1] ML tree search #18, logLikelihood: -1424.033025
[00:00:00 -1424.033116] SLOW spr round 2 (radius: 10)
[00:00:00 -1424.033115] SLOW spr round 3 (radius: 15)
[00:00:00] [worker #7] ML tree search #16, logLikelihood: -1424.033025
[00:00:00 -1424.033115] SLOW spr round 4 (radius: 20)
[00:00:00 -1424.033115] Model parameter optimization (eps = 0.100000)

[00:00:00] [worker #0] ML tree search #9, logLikelihood: -1424.033025

[00:00:00 -1721.467878] Initial branch length optimization
[00:00:00 -1462.440402] Model parameter optimization (eps = 10.000000)
[00:00:00 -1437.682211] AUTODETECT spr round 1 (radius: 5)
[00:00:00 -1424.058024] AUTODETECT spr round 2 (radius: 10)
[00:00:00 -1424.057940] SPR radius for FAST iterations: 5 (autodetect)
[00:00:00 -1424.057940] Model parameter optimization (eps = 3.000000)
[00:00:00 -1424.033096] FAST spr round 1 (radius: 5)
[00:00:00 -1424.033043] Model parameter optimization (eps = 1.000000)
[00:00:00 -1424.033025] SLOW spr round 1 (radius: 5)
[00:00:00 -1424.033025] SLOW spr round 2 (radius: 10)
[00:00:00 -1424.033025] SLOW spr round 3 (radius: 15)
[00:00:00 -1424.033025] SLOW spr round 4 (radius: 20)
[00:00:00 -1424.033025] Model parameter optimization (eps = 0.100000)

[00:00:00] [worker #0] ML tree search #17, logLikelihood: -1424.033025


Optimized model parameters:

   Partition 0: noname
   Rate heterogeneity: NONE
   Base frequencies (ML): 0.340954 0.144157 0.314926 0.199963 
   Substitution rates (model): 1.000000 1.000000 1.000000 1.000000 1.000000 1.000000 


Final LogLikelihood: -1424.033024

AIC score: 2928.066048 / AICc score: 2952.007654 / BIC score: 3055.337390
Free parameters (model + branch lengths): 40

Best ML tree saved to: /home/fili/Documents/KIT/2023/BA/code/output/families/ssim_NE_s20_f100_sites200_GTR_bl1.0_d0.0_l0.0_t0.0_gc0.0_p0.0_pop10_ms0.0_mf0.0_seed1007/families/family_022/misc/raxml_output.F81.raxml.bestTree
All ML trees saved to: /home/fili/Documents/KIT/2023/BA/code/output/families/ssim_NE_s20_f100_sites200_GTR_bl1.0_d0.0_l0.0_t0.0_gc0.0_p0.0_pop10_ms0.0_mf0.0_seed1007/families/family_022/misc/raxml_output.F81.raxml.mlTrees
Optimized model saved to: /home/fili/Documents/KIT/2023/BA/code/output/families/ssim_NE_s20_f100_sites200_GTR_bl1.0_d0.0_l0.0_t0.0_gc0.0_p0.0_pop10_ms0.0_mf0.0_seed1007/families/family_022/misc/raxml_output.F81.raxml.bestModel

Execution log saved to: /home/fili/Documents/KIT/2023/BA/code/output/families/ssim_NE_s20_f100_sites200_GTR_bl1.0_d0.0_l0.0_t0.0_gc0.0_p0.0_pop10_ms0.0_mf0.0_seed1007/families/family_022/misc/raxml_output.F81.raxml.log

Analysis started: 16-Jun-2023 09:59:10 / finished: 16-Jun-2023 09:59:10

Elapsed time: 0.340 seconds

