
RAxML-NG v. 1.1.0 released on 29.11.2021 by The Exelixis Lab.
Developed by: Alexey M. Kozlov and Alexandros Stamatakis.
Contributors: Diego Darriba, Tomas Flouri, Benoit Morel, Sarah Lutteropp, Ben Bettisworth.
Latest version: https://github.com/amkozlov/raxml-ng
Questions/problems/suggestions? Please visit: https://groups.google.com/forum/#!forum/raxml

System: AMD Ryzen 7 5800X 8-Core Processor, 8 cores, 31 GB RAM

RAxML-NG was called at 12-May-2023 21:00:32 as follows:

/home/fili/Documents/KIT/2023/BA/resources/tools/RAxML-NG/raxml-ng --msa /home/fili/Documents/KIT/2023/BA/code/output/families/ssim_dtl_s20_f100_sites200_GTR_bl1.0_d0.0_l0.0_t1.0_gc0.0_p0.0_pop10_ms0.0_mf0.0_seed42/families/family_055/alignment.msa --model GTR+G --prefix /home/fili/Documents/KIT/2023/BA/code/output/families/ssim_dtl_s20_f100_sites200_GTR_bl1.0_d0.0_l0.0_t1.0_gc0.0_p0.0_pop10_ms0.0_mf0.0_seed42/families/family_055/misc/raxml_output.GTR+G

Analysis options:
  run mode: ML tree search
  start tree(s): random (10) + parsimony (10)
  random seed: 1683918032
  tip-inner: OFF
  pattern compression: ON
  per-rate scalers: OFF
  site repeats: ON
  fast spr radius: AUTO
  spr subtree cutoff: 1.000000
  branch lengths: proportional (ML estimate, algorithm: NR-FAST)
  SIMD kernels: AVX2
  parallelization: coarse-grained (auto), PTHREADS (auto)

[00:00:00] Reading alignment from file: /home/fili/Documents/KIT/2023/BA/code/output/families/ssim_dtl_s20_f100_sites200_GTR_bl1.0_d0.0_l0.0_t1.0_gc0.0_p0.0_pop10_ms0.0_mf0.0_seed42/families/family_055/alignment.msa
[00:00:00] Loaded alignment with 20 taxa and 326 sites

WARNING: Sequences 12_0_0 and 4_0_0 are exactly identical!
WARNING: Sequences 9_0_0 and 13_0_0 are exactly identical!
WARNING: Duplicate sequences found: 2

NOTE: Reduced alignment (with duplicates and gap-only sites/taxa removed) 
NOTE: was saved to: /home/fili/Documents/KIT/2023/BA/code/output/families/ssim_dtl_s20_f100_sites200_GTR_bl1.0_d0.0_l0.0_t1.0_gc0.0_p0.0_pop10_ms0.0_mf0.0_seed42/families/family_055/misc/raxml_output.GTR+G.raxml.reduced.phy

Alignment comprises 1 partitions and 130 patterns

Partition 0: noname
Model: GTR+FO+G4m
Alignment sites / patterns: 326 / 130
Gaps: 0.00 %
Invariant sites: 54.60 %


NOTE: Binary MSA file created: /home/fili/Documents/KIT/2023/BA/code/output/families/ssim_dtl_s20_f100_sites200_GTR_bl1.0_d0.0_l0.0_t1.0_gc0.0_p0.0_pop10_ms0.0_mf0.0_seed42/families/family_055/misc/raxml_output.GTR+G.raxml.rba

Parallelization scheme autoconfig: 8 worker(s) x 1 thread(s)

Parallel reduction/worker buffer size: 1 KB  / 0 KB

[00:00:00] Generating 10 random starting tree(s) with 20 taxa
[00:00:00] Generating 10 parsimony starting tree(s) with 20 taxa
[00:00:00] Data distribution: max. partitions/sites/weight per thread: 1 / 130 / 2080
[00:00:00] Data distribution: max. searches per worker: 3

Starting ML tree search with 20 distinct starting trees

[00:00:00 -3368.756630] Initial branch length optimization
[00:00:00 -2956.695955] Model parameter optimization (eps = 10.000000)
[00:00:00 -2453.835687] AUTODETECT spr round 1 (radius: 5)
[00:00:00 -1703.970308] AUTODETECT spr round 2 (radius: 10)
[00:00:00 -1703.961487] SPR radius for FAST iterations: 5 (autodetect)
[00:00:00 -1703.961487] Model parameter optimization (eps = 3.000000)
[00:00:00 -1677.122381] FAST spr round 1 (radius: 5)
[00:00:00 -1659.847553] FAST spr round 2 (radius: 5)
[00:00:00 -1659.847420] Model parameter optimization (eps = 1.000000)
[00:00:00 -1659.243720] SLOW spr round 1 (radius: 5)
[00:00:00] [worker #7] ML tree search #8, logLikelihood: -1659.213455
[00:00:00] [worker #2] ML tree search #3, logLikelihood: -1659.212550
[00:00:00] [worker #6] ML tree search #7, logLikelihood: -1659.218476
[00:00:00] [worker #3] ML tree search #4, logLikelihood: -1659.216068
[00:00:00] [worker #5] ML tree search #6, logLikelihood: -1659.216628
[00:00:00] [worker #1] ML tree search #2, logLikelihood: -1659.238588
[00:00:00 -1659.242769] SLOW spr round 2 (radius: 10)
[00:00:00 -1659.242765] SLOW spr round 3 (radius: 15)
[00:00:00 -1659.242765] SLOW spr round 4 (radius: 20)
[00:00:00 -1659.242765] Model parameter optimization (eps = 0.100000)

[00:00:00] [worker #0] ML tree search #1, logLikelihood: -1659.216451

[00:00:00 -3405.386050] Initial branch length optimization
[00:00:00 -3013.268637] Model parameter optimization (eps = 10.000000)
[00:00:00] [worker #4] ML tree search #5, logLikelihood: -1659.222637
[00:00:00] [worker #7] ML tree search #16, logLikelihood: -1659.229497
[00:00:00] [worker #2] ML tree search #11, logLikelihood: -1659.228643
[00:00:00] [worker #6] ML tree search #15, logLikelihood: -1659.228977
[00:00:00] [worker #5] ML tree search #14, logLikelihood: -1659.228261
[00:00:00] [worker #3] ML tree search #12, logLikelihood: -1659.229225
[00:00:00 -2509.357441] AUTODETECT spr round 1 (radius: 5)
[00:00:00 -1767.020987] AUTODETECT spr round 2 (radius: 10)
[00:00:00 -1760.790694] AUTODETECT spr round 3 (radius: 15)
[00:00:00 -1760.789950] SPR radius for FAST iterations: 10 (autodetect)
[00:00:00 -1760.789950] Model parameter optimization (eps = 3.000000)
[00:00:00 -1720.874476] FAST spr round 1 (radius: 10)
[00:00:00] [worker #1] ML tree search #10, logLikelihood: -1659.211873
[00:00:00 -1661.678797] FAST spr round 2 (radius: 10)
[00:00:00 -1660.874863] FAST spr round 3 (radius: 10)
[00:00:00] [worker #2] ML tree search #19, logLikelihood: -1659.228885
[00:00:00 -1660.874674] Model parameter optimization (eps = 1.000000)
[00:00:00 -1659.277245] SLOW spr round 1 (radius: 5)
[00:00:00] [worker #4] ML tree search #13, logLikelihood: -1659.229212
[00:00:00] [worker #3] ML tree search #20, logLikelihood: -1659.228212
[00:00:00 -1659.276873] SLOW spr round 2 (radius: 10)
[00:00:00 -1659.276872] SLOW spr round 3 (radius: 15)
[00:00:00 -1659.276872] SLOW spr round 4 (radius: 20)
[00:00:00 -1659.276872] Model parameter optimization (eps = 0.100000)

[00:00:00] [worker #0] ML tree search #9, logLikelihood: -1659.233540

[00:00:00] [worker #1] ML tree search #18, logLikelihood: -1659.229214
[00:00:00 -2200.076900] Initial branch length optimization
[00:00:00 -1868.778068] Model parameter optimization (eps = 10.000000)
[00:00:00 -1664.176006] AUTODETECT spr round 1 (radius: 5)
[00:00:00 -1661.665235] AUTODETECT spr round 2 (radius: 10)
[00:00:00 -1661.665209] SPR radius for FAST iterations: 5 (autodetect)
[00:00:00 -1661.665209] Model parameter optimization (eps = 3.000000)
[00:00:00 -1659.809828] FAST spr round 1 (radius: 5)
[00:00:00 -1659.799218] Model parameter optimization (eps = 1.000000)
[00:00:00 -1659.378071] SLOW spr round 1 (radius: 5)
[00:00:00 -1659.374065] SLOW spr round 2 (radius: 10)
[00:00:00 -1659.374060] SLOW spr round 3 (radius: 15)
[00:00:00 -1659.374060] SLOW spr round 4 (radius: 20)
[00:00:00 -1659.374060] Model parameter optimization (eps = 0.100000)

[00:00:00] [worker #0] ML tree search #17, logLikelihood: -1659.228888


Optimized model parameters:

   Partition 0: noname
   Rate heterogeneity: GAMMA (4 cats, mean),  alpha: 0.648621 (ML),  weights&rates: (0.250000,0.063266) (0.250000,0.338245) (0.250000,0.904232) (0.250000,2.694256) 
   Base frequencies (ML): 0.124680 0.261733 0.279861 0.333726 
   Substitution rates (ML): 0.787907 39.082882 1.058185 1.317156 3.600342 1.000000 


Final LogLikelihood: -1659.211873

AIC score: 3410.423747 / AICc score: 3425.921955 / BIC score: 3584.621026
Free parameters (model + branch lengths): 46

WARNING: Best ML tree contains 3 near-zero branches!

Best ML tree with collapsed near-zero branches saved to: /home/fili/Documents/KIT/2023/BA/code/output/families/ssim_dtl_s20_f100_sites200_GTR_bl1.0_d0.0_l0.0_t1.0_gc0.0_p0.0_pop10_ms0.0_mf0.0_seed42/families/family_055/misc/raxml_output.GTR+G.raxml.bestTreeCollapsed
Best ML tree saved to: /home/fili/Documents/KIT/2023/BA/code/output/families/ssim_dtl_s20_f100_sites200_GTR_bl1.0_d0.0_l0.0_t1.0_gc0.0_p0.0_pop10_ms0.0_mf0.0_seed42/families/family_055/misc/raxml_output.GTR+G.raxml.bestTree
All ML trees saved to: /home/fili/Documents/KIT/2023/BA/code/output/families/ssim_dtl_s20_f100_sites200_GTR_bl1.0_d0.0_l0.0_t1.0_gc0.0_p0.0_pop10_ms0.0_mf0.0_seed42/families/family_055/misc/raxml_output.GTR+G.raxml.mlTrees
Optimized model saved to: /home/fili/Documents/KIT/2023/BA/code/output/families/ssim_dtl_s20_f100_sites200_GTR_bl1.0_d0.0_l0.0_t1.0_gc0.0_p0.0_pop10_ms0.0_mf0.0_seed42/families/family_055/misc/raxml_output.GTR+G.raxml.bestModel

Execution log saved to: /home/fili/Documents/KIT/2023/BA/code/output/families/ssim_dtl_s20_f100_sites200_GTR_bl1.0_d0.0_l0.0_t1.0_gc0.0_p0.0_pop10_ms0.0_mf0.0_seed42/families/family_055/misc/raxml_output.GTR+G.raxml.log

Analysis started: 12-May-2023 21:00:32 / finished: 12-May-2023 21:00:33

Elapsed time: 0.735 seconds

