
RAxML-NG v. 1.1.0 released on 29.11.2021 by The Exelixis Lab.
Developed by: Alexey M. Kozlov and Alexandros Stamatakis.
Contributors: Diego Darriba, Tomas Flouri, Benoit Morel, Sarah Lutteropp, Ben Bettisworth.
Latest version: https://github.com/amkozlov/raxml-ng
Questions/problems/suggestions? Please visit: https://groups.google.com/forum/#!forum/raxml

System: AMD Ryzen 7 5800X 8-Core Processor, 8 cores, 31 GB RAM

RAxML-NG was called at 12-Jun-2023 12:38:51 as follows:

/home/fili/Documents/KIT/2023/BA/resources/tools/RAxML-NG/raxml-ng --msa /home/fili/Documents/KIT/2023/BA/code/output/families/ssim_dtl_s20_f100_sites200_GTR_bl1.0_d0.0_l0.0_t1.0_gc0.0_p0.0_pop10_ms0.0_mf0.0_seed42/families/family_055/alignment.msa --model F81 --prefix /home/fili/Documents/KIT/2023/BA/code/output/families/ssim_dtl_s20_f100_sites200_GTR_bl1.0_d0.0_l0.0_t1.0_gc0.0_p0.0_pop10_ms0.0_mf0.0_seed42/families/family_055/misc/raxml_output.F81

Analysis options:
  run mode: ML tree search
  start tree(s): random (10) + parsimony (10)
  random seed: 1686566331
  tip-inner: OFF
  pattern compression: ON
  per-rate scalers: OFF
  site repeats: ON
  fast spr radius: AUTO
  spr subtree cutoff: 1.000000
  branch lengths: proportional (ML estimate, algorithm: NR-FAST)
  SIMD kernels: AVX2
  parallelization: coarse-grained (auto), PTHREADS (auto)

[00:00:00] Reading alignment from file: /home/fili/Documents/KIT/2023/BA/code/output/families/ssim_dtl_s20_f100_sites200_GTR_bl1.0_d0.0_l0.0_t1.0_gc0.0_p0.0_pop10_ms0.0_mf0.0_seed42/families/family_055/alignment.msa
[00:00:00] Loaded alignment with 20 taxa and 326 sites

WARNING: Sequences 12_0_0 and 4_0_0 are exactly identical!
WARNING: Sequences 12_0_0 and 10_0_0 are exactly identical!
WARNING: Sequences 9_0_0 and 13_0_0 are exactly identical!
WARNING: Duplicate sequences found: 3

NOTE: Reduced alignment (with duplicates and gap-only sites/taxa removed) 
NOTE: was saved to: /home/fili/Documents/KIT/2023/BA/code/output/families/ssim_dtl_s20_f100_sites200_GTR_bl1.0_d0.0_l0.0_t1.0_gc0.0_p0.0_pop10_ms0.0_mf0.0_seed42/families/family_055/misc/raxml_output.F81.raxml.reduced.phy

Alignment comprises 1 partitions and 115 patterns

Partition 0: noname
Model: F81+FO
Alignment sites / patterns: 326 / 115
Gaps: 0.00 %
Invariant sites: 61.66 %


NOTE: Binary MSA file created: /home/fili/Documents/KIT/2023/BA/code/output/families/ssim_dtl_s20_f100_sites200_GTR_bl1.0_d0.0_l0.0_t1.0_gc0.0_p0.0_pop10_ms0.0_mf0.0_seed42/families/family_055/misc/raxml_output.F81.raxml.rba

Parallelization scheme autoconfig: 8 worker(s) x 1 thread(s)

Parallel reduction/worker buffer size: 1 KB  / 0 KB

[00:00:00] Generating 10 random starting tree(s) with 20 taxa
[00:00:00] Generating 10 parsimony starting tree(s) with 20 taxa
[00:00:00] Data distribution: max. partitions/sites/weight per thread: 1 / 115 / 460
[00:00:00] Data distribution: max. searches per worker: 3

Starting ML tree search with 20 distinct starting trees

[00:00:00 -3392.693284] Initial branch length optimization
[00:00:00 -2933.114483] Model parameter optimization (eps = 10.000000)
[00:00:00 -2918.074533] AUTODETECT spr round 1 (radius: 5)
[00:00:00 -1770.759444] AUTODETECT spr round 2 (radius: 10)
[00:00:00 -1770.759444] SPR radius for FAST iterations: 5 (autodetect)
[00:00:00 -1770.759444] Model parameter optimization (eps = 3.000000)
[00:00:00 -1769.643344] FAST spr round 1 (radius: 5)
[00:00:00 -1759.295309] FAST spr round 2 (radius: 5)
[00:00:00 -1752.466923] FAST spr round 3 (radius: 5)
[00:00:00 -1752.466922] Model parameter optimization (eps = 1.000000)
[00:00:00 -1752.144595] SLOW spr round 1 (radius: 5)
[00:00:00] [worker #2] ML tree search #3, logLikelihood: -1752.144526
[00:00:00] [worker #3] ML tree search #4, logLikelihood: -1752.144526
[00:00:00] [worker #4] ML tree search #5, logLikelihood: -1752.144526
[00:00:00] [worker #5] ML tree search #6, logLikelihood: -1752.144526
[00:00:00 -1752.144568] SLOW spr round 2 (radius: 10)
[00:00:00] [worker #6] ML tree search #7, logLikelihood: -1752.144526
[00:00:00] [worker #1] ML tree search #2, logLikelihood: -1752.144526
[00:00:00 -1752.144568] SLOW spr round 3 (radius: 15)
[00:00:00 -1752.144568] SLOW spr round 4 (radius: 20)
[00:00:00 -1752.144568] Model parameter optimization (eps = 0.100000)

[00:00:00] [worker #0] ML tree search #1, logLikelihood: -1752.144526

[00:00:00 -3308.581707] Initial branch length optimization
[00:00:00 -2816.393533] Model parameter optimization (eps = 10.000000)
[00:00:00] [worker #7] ML tree search #8, logLikelihood: -1752.144526
[00:00:00 -2805.732632] AUTODETECT spr round 1 (radius: 5)
[00:00:00 -1779.191450] AUTODETECT spr round 2 (radius: 10)
[00:00:00 -1779.191442] SPR radius for FAST iterations: 5 (autodetect)
[00:00:00 -1779.191442] Model parameter optimization (eps = 3.000000)
[00:00:00 -1777.848134] FAST spr round 1 (radius: 5)
[00:00:00] [worker #2] ML tree search #11, logLikelihood: -1752.144532
[00:00:00] [worker #3] ML tree search #12, logLikelihood: -1752.144532
[00:00:00] [worker #4] ML tree search #13, logLikelihood: -1752.144532
[00:00:00 -1753.331902] FAST spr round 2 (radius: 5)
[00:00:00 -1752.387804] FAST spr round 3 (radius: 5)
[00:00:00] [worker #6] ML tree search #15, logLikelihood: -1752.144532
[00:00:00] [worker #5] ML tree search #14, logLikelihood: -1752.144532
[00:00:00 -1752.387803] Model parameter optimization (eps = 1.000000)
[00:00:00 -1752.144566] SLOW spr round 1 (radius: 5)
[00:00:00] [worker #1] ML tree search #10, logLikelihood: -1752.144536
[00:00:00 -1752.144547] SLOW spr round 2 (radius: 10)
[00:00:00] [worker #2] ML tree search #19, logLikelihood: -1752.144526
[00:00:00] [worker #3] ML tree search #20, logLikelihood: -1752.144526
[00:00:00 -1752.144547] SLOW spr round 3 (radius: 15)
[00:00:00] [worker #7] ML tree search #16, logLikelihood: -1752.144532
[00:00:00 -1752.144547] SLOW spr round 4 (radius: 20)
[00:00:00 -1752.144547] Model parameter optimization (eps = 0.100000)

[00:00:00] [worker #0] ML tree search #9, logLikelihood: -1752.144526

[00:00:00 -2459.119900] Initial branch length optimization
[00:00:00 -1771.156835] Model parameter optimization (eps = 10.000000)
[00:00:00 -1759.356262] AUTODETECT spr round 1 (radius: 5)
[00:00:00 -1753.573229] AUTODETECT spr round 2 (radius: 10)
[00:00:00 -1753.573203] SPR radius for FAST iterations: 5 (autodetect)
[00:00:00 -1753.573203] Model parameter optimization (eps = 3.000000)
[00:00:00] [worker #1] ML tree search #18, logLikelihood: -1752.144529
[00:00:00 -1753.561207] FAST spr round 1 (radius: 5)
[00:00:00 -1752.707488] FAST spr round 2 (radius: 5)
[00:00:00 -1752.385535] FAST spr round 3 (radius: 5)
[00:00:00 -1752.385534] Model parameter optimization (eps = 1.000000)
[00:00:00 -1752.144591] SLOW spr round 1 (radius: 5)
[00:00:00 -1752.144569] SLOW spr round 2 (radius: 10)
[00:00:00 -1752.144569] SLOW spr round 3 (radius: 15)
[00:00:00 -1752.144569] SLOW spr round 4 (radius: 20)
[00:00:00 -1752.144569] Model parameter optimization (eps = 0.100000)

[00:00:00] [worker #0] ML tree search #17, logLikelihood: -1752.144532


Optimized model parameters:

   Partition 0: noname
   Rate heterogeneity: NONE
   Base frequencies (ML): 0.204484 0.182539 0.301885 0.311092 
   Substitution rates (model): 1.000000 1.000000 1.000000 1.000000 1.000000 1.000000 


Final LogLikelihood: -1752.144526

AIC score: 3584.289051 / AICc score: 3595.797823 / BIC score: 3735.764946
Free parameters (model + branch lengths): 40

WARNING: Best ML tree contains 2 near-zero branches!

Best ML tree with collapsed near-zero branches saved to: /home/fili/Documents/KIT/2023/BA/code/output/families/ssim_dtl_s20_f100_sites200_GTR_bl1.0_d0.0_l0.0_t1.0_gc0.0_p0.0_pop10_ms0.0_mf0.0_seed42/families/family_055/misc/raxml_output.F81.raxml.bestTreeCollapsed
Best ML tree saved to: /home/fili/Documents/KIT/2023/BA/code/output/families/ssim_dtl_s20_f100_sites200_GTR_bl1.0_d0.0_l0.0_t1.0_gc0.0_p0.0_pop10_ms0.0_mf0.0_seed42/families/family_055/misc/raxml_output.F81.raxml.bestTree
All ML trees saved to: /home/fili/Documents/KIT/2023/BA/code/output/families/ssim_dtl_s20_f100_sites200_GTR_bl1.0_d0.0_l0.0_t1.0_gc0.0_p0.0_pop10_ms0.0_mf0.0_seed42/families/family_055/misc/raxml_output.F81.raxml.mlTrees
Optimized model saved to: /home/fili/Documents/KIT/2023/BA/code/output/families/ssim_dtl_s20_f100_sites200_GTR_bl1.0_d0.0_l0.0_t1.0_gc0.0_p0.0_pop10_ms0.0_mf0.0_seed42/families/family_055/misc/raxml_output.F81.raxml.bestModel

Execution log saved to: /home/fili/Documents/KIT/2023/BA/code/output/families/ssim_dtl_s20_f100_sites200_GTR_bl1.0_d0.0_l0.0_t1.0_gc0.0_p0.0_pop10_ms0.0_mf0.0_seed42/families/family_055/misc/raxml_output.F81.raxml.log

Analysis started: 12-Jun-2023 12:38:51 / finished: 12-Jun-2023 12:38:52

Elapsed time: 0.328 seconds

