
RAxML-NG v. 1.1.0 released on 29.11.2021 by The Exelixis Lab.
Developed by: Alexey M. Kozlov and Alexandros Stamatakis.
Contributors: Diego Darriba, Tomas Flouri, Benoit Morel, Sarah Lutteropp, Ben Bettisworth.
Latest version: https://github.com/amkozlov/raxml-ng
Questions/problems/suggestions? Please visit: https://groups.google.com/forum/#!forum/raxml

System: AMD Ryzen 7 5800X 8-Core Processor, 8 cores, 31 GB RAM

RAxML-NG was called at 05-Jun-2023 13:02:01 as follows:

/home/fili/Documents/KIT/2023/BA/resources/tools/RAxML-NG/raxml-ng --msa /home/fili/Documents/KIT/2023/BA/code/output/families/ssim_dtl_s20_f100_sites200_GTR_bl1.0_d0.0_l0.0_t1.0_gc0.0_p0.0_pop10_ms0.0_mf0.0_seed42/families/family_022/alignment.msa --model GTR+G --prefix /home/fili/Documents/KIT/2023/BA/code/output/families/ssim_dtl_s20_f100_sites200_GTR_bl1.0_d0.0_l0.0_t1.0_gc0.0_p0.0_pop10_ms0.0_mf0.0_seed42/families/family_022/misc/raxml_output.GTR+G

Analysis options:
  run mode: ML tree search
  start tree(s): random (10) + parsimony (10)
  random seed: 1685962921
  tip-inner: OFF
  pattern compression: ON
  per-rate scalers: OFF
  site repeats: ON
  fast spr radius: AUTO
  spr subtree cutoff: 1.000000
  branch lengths: proportional (ML estimate, algorithm: NR-FAST)
  SIMD kernels: AVX2
  parallelization: coarse-grained (auto), PTHREADS (auto)

[00:00:00] Reading alignment from file: /home/fili/Documents/KIT/2023/BA/code/output/families/ssim_dtl_s20_f100_sites200_GTR_bl1.0_d0.0_l0.0_t1.0_gc0.0_p0.0_pop10_ms0.0_mf0.0_seed42/families/family_022/alignment.msa
[00:00:00] Loaded alignment with 20 taxa and 230 sites

WARNING: Sequences 15_0_0 and 17_0_0 are exactly identical!
WARNING: Sequences 8_0_0 and 18_0_0 are exactly identical!
WARNING: Sequences 8_0_0 and 7_0_0 are exactly identical!
WARNING: Sequences 10_0_0 and 4_0_0 are exactly identical!
WARNING: Sequences 10_0_0 and 12_0_0 are exactly identical!
WARNING: Sequences 5_0_0 and 16_0_0 are exactly identical!
WARNING: Sequences 13_0_0 and 9_0_0 are exactly identical!
WARNING: Sequences 13_0_0 and 1_0_0 are exactly identical!
WARNING: Sequences 13_0_0 and 2_0_0 are exactly identical!
WARNING: Sequences 13_0_0 and 3_0_0 are exactly identical!
WARNING: Duplicate sequences found: 10

NOTE: Reduced alignment (with duplicates and gap-only sites/taxa removed) 
NOTE: was saved to: /home/fili/Documents/KIT/2023/BA/code/output/families/ssim_dtl_s20_f100_sites200_GTR_bl1.0_d0.0_l0.0_t1.0_gc0.0_p0.0_pop10_ms0.0_mf0.0_seed42/families/family_022/misc/raxml_output.GTR+G.raxml.reduced.phy

Alignment comprises 1 partitions and 35 patterns

Partition 0: noname
Model: GTR+FO+G4m
Alignment sites / patterns: 230 / 35
Gaps: 0.00 %
Invariant sites: 81.30 %


NOTE: Binary MSA file created: /home/fili/Documents/KIT/2023/BA/code/output/families/ssim_dtl_s20_f100_sites200_GTR_bl1.0_d0.0_l0.0_t1.0_gc0.0_p0.0_pop10_ms0.0_mf0.0_seed42/families/family_022/misc/raxml_output.GTR+G.raxml.rba

Parallelization scheme autoconfig: 8 worker(s) x 1 thread(s)

Parallel reduction/worker buffer size: 1 KB  / 0 KB

[00:00:00] Generating 10 random starting tree(s) with 20 taxa
[00:00:00] Generating 10 parsimony starting tree(s) with 20 taxa
[00:00:00] Data distribution: max. partitions/sites/weight per thread: 1 / 35 / 560
[00:00:00] Data distribution: max. searches per worker: 3

Starting ML tree search with 20 distinct starting trees

[00:00:00 -1247.502863] Initial branch length optimization
[00:00:00 -1035.010255] Model parameter optimization (eps = 10.000000)
[00:00:00 -796.665321] AUTODETECT spr round 1 (radius: 5)
[00:00:00 -557.436142] AUTODETECT spr round 2 (radius: 10)
[00:00:00 -550.574549] AUTODETECT spr round 3 (radius: 15)
[00:00:00 -550.573499] SPR radius for FAST iterations: 10 (autodetect)
[00:00:00 -550.573499] Model parameter optimization (eps = 3.000000)
[00:00:00 -536.577511] FAST spr round 1 (radius: 10)
[00:00:00 -536.336785] FAST spr round 2 (radius: 10)
[00:00:00 -536.336785] Model parameter optimization (eps = 1.000000)
[00:00:00 -536.330918] SLOW spr round 1 (radius: 5)
[00:00:00 -536.330896] SLOW spr round 2 (radius: 10)
[00:00:00] [worker #3] ML tree search #4, logLikelihood: -536.352283
[00:00:00] [worker #4] ML tree search #5, logLikelihood: -536.329610
[00:00:00] [worker #5] ML tree search #6, logLikelihood: -536.330876
[00:00:00] [worker #1] ML tree search #2, logLikelihood: -536.350641
[00:00:00 -536.330896] SLOW spr round 3 (radius: 15)
[00:00:00 -536.330896] SLOW spr round 4 (radius: 20)
[00:00:00 -536.330896] Model parameter optimization (eps = 0.100000)

[00:00:00] [worker #0] ML tree search #1, logLikelihood: -536.330792

[00:00:00] [worker #7] ML tree search #8, logLikelihood: -536.347151
[00:00:00 -1199.699096] Initial branch length optimization
[00:00:00 -974.745839] Model parameter optimization (eps = 10.000000)
[00:00:00] [worker #6] ML tree search #7, logLikelihood: -536.347034
[00:00:00] [worker #2] ML tree search #3, logLikelihood: -536.329395
[00:00:00 -764.486096] AUTODETECT spr round 1 (radius: 5)
[00:00:00 -565.699171] AUTODETECT spr round 2 (radius: 10)
[00:00:00 -565.697965] SPR radius for FAST iterations: 5 (autodetect)
[00:00:00 -565.697965] Model parameter optimization (eps = 3.000000)
[00:00:00] [worker #4] ML tree search #13, logLikelihood: -536.329463
[00:00:00] [worker #5] ML tree search #14, logLikelihood: -536.329465
[00:00:00 -555.740195] FAST spr round 1 (radius: 5)
[00:00:00] [worker #7] ML tree search #16, logLikelihood: -536.329438
[00:00:00 -537.247452] FAST spr round 2 (radius: 5)
[00:00:00] [worker #3] ML tree search #12, logLikelihood: -536.347231
[00:00:00 -537.247452] Model parameter optimization (eps = 1.000000)
[00:00:00 -536.582167] SLOW spr round 1 (radius: 5)
[00:00:00] [worker #6] ML tree search #15, logLikelihood: -536.347186
[00:00:00] [worker #2] ML tree search #11, logLikelihood: -536.329556
[00:00:00 -536.374279] SLOW spr round 2 (radius: 5)
[00:00:00] [worker #1] ML tree search #10, logLikelihood: -536.347849
[00:00:00 -536.374216] SLOW spr round 3 (radius: 10)
[00:00:00 -536.374216] SLOW spr round 4 (radius: 15)
[00:00:00 -536.374216] SLOW spr round 5 (radius: 20)
[00:00:00 -536.374216] Model parameter optimization (eps = 0.100000)

[00:00:00] [worker #0] ML tree search #9, logLikelihood: -536.348314

[00:00:00 -930.481159] Initial branch length optimization
[00:00:00 -617.697865] Model parameter optimization (eps = 10.000000)
[00:00:00] [worker #3] ML tree search #20, logLikelihood: -536.347155
[00:00:00 -536.515906] AUTODETECT spr round 1 (radius: 5)
[00:00:00 -536.515590] SPR radius for FAST iterations: 5 (autodetect)
[00:00:00 -536.515590] Model parameter optimization (eps = 3.000000)
[00:00:00 -536.511250] FAST spr round 1 (radius: 5)
[00:00:00] [worker #2] ML tree search #19, logLikelihood: -536.329460
[00:00:00] [worker #1] ML tree search #18, logLikelihood: -536.329432
[00:00:00 -536.511238] Model parameter optimization (eps = 1.000000)
[00:00:00 -536.511201] SLOW spr round 1 (radius: 5)
[00:00:00 -536.351051] SLOW spr round 2 (radius: 5)
[00:00:00 -536.351051] SLOW spr round 3 (radius: 10)
[00:00:00 -536.351051] SLOW spr round 4 (radius: 15)
[00:00:00 -536.351051] SLOW spr round 5 (radius: 20)
[00:00:00 -536.351051] Model parameter optimization (eps = 0.100000)

[00:00:00] [worker #0] ML tree search #17, logLikelihood: -536.347100


Optimized model parameters:

   Partition 0: noname
   Rate heterogeneity: GAMMA (4 cats, mean),  alpha: 8.203689 (ML),  weights&rates: (0.250000,0.597539) (0.250000,0.854716) (0.250000,1.076182) (0.250000,1.471563) 
   Base frequencies (ML): 0.159540 0.223939 0.266630 0.349891 
   Substitution rates (ML): 0.001000 108.385850 0.001000 1.570252 7.270520 1.000000 


Final LogLikelihood: -536.329395

AIC score: 1164.658790 / AICc score: 1188.287206 / BIC score: 1322.810439
Free parameters (model + branch lengths): 46

WARNING: Best ML tree contains 9 near-zero branches!

Best ML tree with collapsed near-zero branches saved to: /home/fili/Documents/KIT/2023/BA/code/output/families/ssim_dtl_s20_f100_sites200_GTR_bl1.0_d0.0_l0.0_t1.0_gc0.0_p0.0_pop10_ms0.0_mf0.0_seed42/families/family_022/misc/raxml_output.GTR+G.raxml.bestTreeCollapsed
Best ML tree saved to: /home/fili/Documents/KIT/2023/BA/code/output/families/ssim_dtl_s20_f100_sites200_GTR_bl1.0_d0.0_l0.0_t1.0_gc0.0_p0.0_pop10_ms0.0_mf0.0_seed42/families/family_022/misc/raxml_output.GTR+G.raxml.bestTree
All ML trees saved to: /home/fili/Documents/KIT/2023/BA/code/output/families/ssim_dtl_s20_f100_sites200_GTR_bl1.0_d0.0_l0.0_t1.0_gc0.0_p0.0_pop10_ms0.0_mf0.0_seed42/families/family_022/misc/raxml_output.GTR+G.raxml.mlTrees
Optimized model saved to: /home/fili/Documents/KIT/2023/BA/code/output/families/ssim_dtl_s20_f100_sites200_GTR_bl1.0_d0.0_l0.0_t1.0_gc0.0_p0.0_pop10_ms0.0_mf0.0_seed42/families/family_022/misc/raxml_output.GTR+G.raxml.bestModel

Execution log saved to: /home/fili/Documents/KIT/2023/BA/code/output/families/ssim_dtl_s20_f100_sites200_GTR_bl1.0_d0.0_l0.0_t1.0_gc0.0_p0.0_pop10_ms0.0_mf0.0_seed42/families/family_022/misc/raxml_output.GTR+G.raxml.log

Analysis started: 05-Jun-2023 13:02:01 / finished: 05-Jun-2023 13:02:02

Elapsed time: 0.247 seconds

