
RAxML-NG v. 1.1.0 released on 29.11.2021 by The Exelixis Lab.
Developed by: Alexey M. Kozlov and Alexandros Stamatakis.
Contributors: Diego Darriba, Tomas Flouri, Benoit Morel, Sarah Lutteropp, Ben Bettisworth.
Latest version: https://github.com/amkozlov/raxml-ng
Questions/problems/suggestions? Please visit: https://groups.google.com/forum/#!forum/raxml

System: AMD Ryzen 7 5800X 8-Core Processor, 8 cores, 31 GB RAM

RAxML-NG was called at 27-Jun-2023 13:43:30 as follows:

/home/fili/Documents/KIT/2023/BA/resources/tools/RAxML-NG/raxml-ng --msa /home/fili/Documents/KIT/2023/BA/code/output/families/ssim_DL_s20_f100_sites200_GTR_bl1.0_d1.0_l1.0_t0.0_gc0.0_p0.0_pop10_ms0.0_mf0.0_seed14976684177860080345/families/family_097/alignment.msa --model F81 --prefix /home/fili/Documents/KIT/2023/BA/code/output/families/ssim_DL_s20_f100_sites200_GTR_bl1.0_d1.0_l1.0_t0.0_gc0.0_p0.0_pop10_ms0.0_mf0.0_seed14976684177860080345/families/family_097/misc/raxml_output.F81

Analysis options:
  run mode: ML tree search
  start tree(s): random (10) + parsimony (10)
  random seed: 1687866210
  tip-inner: OFF
  pattern compression: ON
  per-rate scalers: OFF
  site repeats: ON
  fast spr radius: AUTO
  spr subtree cutoff: 1.000000
  branch lengths: proportional (ML estimate, algorithm: NR-FAST)
  SIMD kernels: AVX2
  parallelization: coarse-grained (auto), PTHREADS (auto)

[00:00:00] Reading alignment from file: /home/fili/Documents/KIT/2023/BA/code/output/families/ssim_DL_s20_f100_sites200_GTR_bl1.0_d1.0_l1.0_t0.0_gc0.0_p0.0_pop10_ms0.0_mf0.0_seed14976684177860080345/families/family_097/alignment.msa
[00:00:00] Loaded alignment with 27 taxa and 272 sites

WARNING: Sequences 2_0_0 and 14_0_0 are exactly identical!
WARNING: Duplicate sequences found: 1

NOTE: Reduced alignment (with duplicates and gap-only sites/taxa removed) 
NOTE: was saved to: /home/fili/Documents/KIT/2023/BA/code/output/families/ssim_DL_s20_f100_sites200_GTR_bl1.0_d1.0_l1.0_t0.0_gc0.0_p0.0_pop10_ms0.0_mf0.0_seed14976684177860080345/families/family_097/misc/raxml_output.F81.raxml.reduced.phy

Alignment comprises 1 partitions and 115 patterns

Partition 0: noname
Model: F81+FO
Alignment sites / patterns: 272 / 115
Gaps: 0.00 %
Invariant sites: 52.21 %


NOTE: Binary MSA file created: /home/fili/Documents/KIT/2023/BA/code/output/families/ssim_DL_s20_f100_sites200_GTR_bl1.0_d1.0_l1.0_t0.0_gc0.0_p0.0_pop10_ms0.0_mf0.0_seed14976684177860080345/families/family_097/misc/raxml_output.F81.raxml.rba

Parallelization scheme autoconfig: 8 worker(s) x 1 thread(s)

Parallel reduction/worker buffer size: 1 KB  / 0 KB

[00:00:00] Generating 10 random starting tree(s) with 27 taxa
[00:00:00] Generating 10 parsimony starting tree(s) with 27 taxa
[00:00:00] Data distribution: max. partitions/sites/weight per thread: 1 / 115 / 460
[00:00:00] Data distribution: max. searches per worker: 3

Starting ML tree search with 20 distinct starting trees

[00:00:00 -4198.727335] Initial branch length optimization
[00:00:00 -3555.306794] Model parameter optimization (eps = 10.000000)
[00:00:00 -3504.170393] AUTODETECT spr round 1 (radius: 5)
[00:00:00 -1882.714196] AUTODETECT spr round 2 (radius: 10)
[00:00:00 -1843.580825] AUTODETECT spr round 3 (radius: 15)
[00:00:00 -1838.484865] AUTODETECT spr round 4 (radius: 20)
[00:00:00 -1838.484854] SPR radius for FAST iterations: 15 (autodetect)
[00:00:00 -1838.484854] Model parameter optimization (eps = 3.000000)
[00:00:00 -1837.597947] FAST spr round 1 (radius: 15)
[00:00:00 -1808.012920] FAST spr round 2 (radius: 15)
[00:00:00 -1792.472481] FAST spr round 3 (radius: 15)
[00:00:00 -1792.210012] FAST spr round 4 (radius: 15)
[00:00:00 -1792.210012] Model parameter optimization (eps = 1.000000)
[00:00:00 -1792.111027] SLOW spr round 1 (radius: 5)
[00:00:00 -1792.111005] SLOW spr round 2 (radius: 10)
[00:00:00] [worker #7] ML tree search #8, logLikelihood: -1792.110980
[00:00:00] [worker #5] ML tree search #6, logLikelihood: -1792.110987
[00:00:00] [worker #1] ML tree search #2, logLikelihood: -1792.110982
[00:00:00] [worker #2] ML tree search #3, logLikelihood: -1792.110983
[00:00:00] [worker #3] ML tree search #4, logLikelihood: -1792.110983
[00:00:00 -1792.111005] SLOW spr round 3 (radius: 15)
[00:00:00] [worker #4] ML tree search #5, logLikelihood: -1792.110983
[00:00:00] [worker #6] ML tree search #7, logLikelihood: -1792.110981
[00:00:00 -1792.111005] SLOW spr round 4 (radius: 20)
[00:00:00 -1792.111005] SLOW spr round 5 (radius: 25)
[00:00:00 -1792.111005] Model parameter optimization (eps = 0.100000)

[00:00:00] [worker #0] ML tree search #1, logLikelihood: -1792.110984

[00:00:00 -4581.294843] Initial branch length optimization
[00:00:00 -3928.818781] Model parameter optimization (eps = 10.000000)
[00:00:00 -3874.952578] AUTODETECT spr round 1 (radius: 5)
[00:00:00 -1849.370130] AUTODETECT spr round 2 (radius: 10)
[00:00:00 -1838.645609] AUTODETECT spr round 3 (radius: 15)
[00:00:00 -1838.645498] SPR radius for FAST iterations: 10 (autodetect)
[00:00:00 -1838.645498] Model parameter optimization (eps = 3.000000)
[00:00:00 -1837.513548] FAST spr round 1 (radius: 10)
[00:00:00 -1792.158499] FAST spr round 2 (radius: 10)
[00:00:00 -1792.158497] Model parameter optimization (eps = 1.000000)
[00:00:00 -1792.111005] SLOW spr round 1 (radius: 5)
[00:00:00] [worker #2] ML tree search #11, logLikelihood: -1791.916271
[00:00:00] [worker #7] ML tree search #16, logLikelihood: -1791.916271
[00:00:00] [worker #3] ML tree search #12, logLikelihood: -1791.916272
[00:00:00] [worker #4] ML tree search #13, logLikelihood: -1791.916271
[00:00:00 -1792.110992] SLOW spr round 2 (radius: 10)
[00:00:00] [worker #6] ML tree search #15, logLikelihood: -1792.110982
[00:00:00] [worker #5] ML tree search #14, logLikelihood: -1792.110981
[00:00:00 -1792.110992] SLOW spr round 3 (radius: 15)
[00:00:00] [worker #1] ML tree search #10, logLikelihood: -1792.110981
[00:00:00 -1792.110992] SLOW spr round 4 (radius: 20)
[00:00:00 -1792.110992] SLOW spr round 5 (radius: 25)
[00:00:00 -1792.110992] Model parameter optimization (eps = 0.100000)

[00:00:00] [worker #0] ML tree search #9, logLikelihood: -1792.110982

[00:00:00 -2635.982274] Initial branch length optimization
[00:00:00 -1817.121217] Model parameter optimization (eps = 10.000000)
[00:00:00 -1800.871822] AUTODETECT spr round 1 (radius: 5)
[00:00:00 -1791.923273] AUTODETECT spr round 2 (radius: 10)
[00:00:00 -1791.923272] SPR radius for FAST iterations: 5 (autodetect)
[00:00:00 -1791.923272] Model parameter optimization (eps = 3.000000)
[00:00:00 -1791.916274] FAST spr round 1 (radius: 5)
[00:00:00 -1791.916273] Model parameter optimization (eps = 1.000000)
[00:00:00 -1791.916271] SLOW spr round 1 (radius: 5)
[00:00:00] [worker #2] ML tree search #19, logLikelihood: -1792.110982
[00:00:00 -1791.916271] SLOW spr round 2 (radius: 10)
[00:00:00] [worker #3] ML tree search #20, logLikelihood: -1792.110981
[00:00:00 -1791.916271] SLOW spr round 3 (radius: 15)
[00:00:00] [worker #1] ML tree search #18, logLikelihood: -1791.916271
[00:00:00 -1791.916271] SLOW spr round 4 (radius: 20)
[00:00:00 -1791.916271] SLOW spr round 5 (radius: 25)
[00:00:00 -1791.916271] Model parameter optimization (eps = 0.100000)

[00:00:00] [worker #0] ML tree search #17, logLikelihood: -1791.916271


Optimized model parameters:

   Partition 0: noname
   Rate heterogeneity: NONE
   Base frequencies (ML): 0.256827 0.170216 0.337809 0.235148 
   Substitution rates (model): 1.000000 1.000000 1.000000 1.000000 1.000000 1.000000 


Final LogLikelihood: -1791.916271

AIC score: 3691.832542 / AICc score: 3719.205814 / BIC score: 3886.545854
Free parameters (model + branch lengths): 54

WARNING: Best ML tree contains 3 near-zero branches!

Best ML tree with collapsed near-zero branches saved to: /home/fili/Documents/KIT/2023/BA/code/output/families/ssim_DL_s20_f100_sites200_GTR_bl1.0_d1.0_l1.0_t0.0_gc0.0_p0.0_pop10_ms0.0_mf0.0_seed14976684177860080345/families/family_097/misc/raxml_output.F81.raxml.bestTreeCollapsed
Best ML tree saved to: /home/fili/Documents/KIT/2023/BA/code/output/families/ssim_DL_s20_f100_sites200_GTR_bl1.0_d1.0_l1.0_t0.0_gc0.0_p0.0_pop10_ms0.0_mf0.0_seed14976684177860080345/families/family_097/misc/raxml_output.F81.raxml.bestTree
All ML trees saved to: /home/fili/Documents/KIT/2023/BA/code/output/families/ssim_DL_s20_f100_sites200_GTR_bl1.0_d1.0_l1.0_t0.0_gc0.0_p0.0_pop10_ms0.0_mf0.0_seed14976684177860080345/families/family_097/misc/raxml_output.F81.raxml.mlTrees
Optimized model saved to: /home/fili/Documents/KIT/2023/BA/code/output/families/ssim_DL_s20_f100_sites200_GTR_bl1.0_d1.0_l1.0_t0.0_gc0.0_p0.0_pop10_ms0.0_mf0.0_seed14976684177860080345/families/family_097/misc/raxml_output.F81.raxml.bestModel

Execution log saved to: /home/fili/Documents/KIT/2023/BA/code/output/families/ssim_DL_s20_f100_sites200_GTR_bl1.0_d1.0_l1.0_t0.0_gc0.0_p0.0_pop10_ms0.0_mf0.0_seed14976684177860080345/families/family_097/misc/raxml_output.F81.raxml.log

Analysis started: 27-Jun-2023 13:43:30 / finished: 27-Jun-2023 13:43:30

Elapsed time: 0.342 seconds

