
RAxML-NG v. 1.1.0 released on 29.11.2021 by The Exelixis Lab.
Developed by: Alexey M. Kozlov and Alexandros Stamatakis.
Contributors: Diego Darriba, Tomas Flouri, Benoit Morel, Sarah Lutteropp, Ben Bettisworth.
Latest version: https://github.com/amkozlov/raxml-ng
Questions/problems/suggestions? Please visit: https://groups.google.com/forum/#!forum/raxml

System: AMD Ryzen 7 5800X 8-Core Processor, 8 cores, 31 GB RAM

RAxML-NG was called at 27-Jun-2023 12:58:47 as follows:

/home/fili/Documents/KIT/2023/BA/resources/tools/RAxML-NG/raxml-ng --msa /home/fili/Documents/KIT/2023/BA/code/output/families/ssim_DL_s20_f100_sites200_GTR_bl1.0_d1.0_l1.0_t0.0_gc0.0_p0.0_pop10_ms0.0_mf0.0_seed42/families/family_030/alignment.msa --model F81 --prefix /home/fili/Documents/KIT/2023/BA/code/output/families/ssim_DL_s20_f100_sites200_GTR_bl1.0_d1.0_l1.0_t0.0_gc0.0_p0.0_pop10_ms0.0_mf0.0_seed42/families/family_030/misc/raxml_output.F81

Analysis options:
  run mode: ML tree search
  start tree(s): random (10) + parsimony (10)
  random seed: 1687863527
  tip-inner: OFF
  pattern compression: ON
  per-rate scalers: OFF
  site repeats: ON
  fast spr radius: AUTO
  spr subtree cutoff: 1.000000
  branch lengths: proportional (ML estimate, algorithm: NR-FAST)
  SIMD kernels: AVX2
  parallelization: coarse-grained (auto), PTHREADS (auto)

[00:00:00] Reading alignment from file: /home/fili/Documents/KIT/2023/BA/code/output/families/ssim_DL_s20_f100_sites200_GTR_bl1.0_d1.0_l1.0_t0.0_gc0.0_p0.0_pop10_ms0.0_mf0.0_seed42/families/family_030/alignment.msa
[00:00:00] Loaded alignment with 17 taxa and 202 sites

WARNING: Sequences 9_0_0 and 13_0_0 are exactly identical!
WARNING: Sequences 12_0_0 and 4_0_0 are exactly identical!
WARNING: Duplicate sequences found: 2

NOTE: Reduced alignment (with duplicates and gap-only sites/taxa removed) 
NOTE: was saved to: /home/fili/Documents/KIT/2023/BA/code/output/families/ssim_DL_s20_f100_sites200_GTR_bl1.0_d1.0_l1.0_t0.0_gc0.0_p0.0_pop10_ms0.0_mf0.0_seed42/families/family_030/misc/raxml_output.F81.raxml.reduced.phy

Alignment comprises 1 partitions and 110 patterns

Partition 0: noname
Model: F81+FO
Alignment sites / patterns: 202 / 110
Gaps: 0.00 %
Invariant sites: 40.10 %


NOTE: Binary MSA file created: /home/fili/Documents/KIT/2023/BA/code/output/families/ssim_DL_s20_f100_sites200_GTR_bl1.0_d1.0_l1.0_t0.0_gc0.0_p0.0_pop10_ms0.0_mf0.0_seed42/families/family_030/misc/raxml_output.F81.raxml.rba

Parallelization scheme autoconfig: 8 worker(s) x 1 thread(s)

Parallel reduction/worker buffer size: 1 KB  / 0 KB

[00:00:00] Generating 10 random starting tree(s) with 17 taxa
[00:00:00] Generating 10 parsimony starting tree(s) with 17 taxa
[00:00:00] Data distribution: max. partitions/sites/weight per thread: 1 / 110 / 440
[00:00:00] Data distribution: max. searches per worker: 3

Starting ML tree search with 20 distinct starting trees

[00:00:00 -2416.994235] Initial branch length optimization
[00:00:00 -2248.893567] Model parameter optimization (eps = 10.000000)
[00:00:00 -2203.993473] AUTODETECT spr round 1 (radius: 5)
[00:00:00 -1398.112185] AUTODETECT spr round 2 (radius: 10)
[00:00:00 -1398.112073] SPR radius for FAST iterations: 5 (autodetect)
[00:00:00 -1398.112073] Model parameter optimization (eps = 3.000000)
[00:00:00 -1397.246139] FAST spr round 1 (radius: 5)
[00:00:00 -1390.277160] FAST spr round 2 (radius: 5)
[00:00:00 -1390.277130] Model parameter optimization (eps = 1.000000)
[00:00:00 -1390.261001] SLOW spr round 1 (radius: 5)
[00:00:00] [worker #2] ML tree search #3, logLikelihood: -1390.260941
[00:00:00] [worker #4] ML tree search #5, logLikelihood: -1390.260938
[00:00:00] [worker #3] ML tree search #4, logLikelihood: -1390.260939
[00:00:00] [worker #7] ML tree search #8, logLikelihood: -1390.260938
[00:00:00 -1390.260948] SLOW spr round 2 (radius: 10)
[00:00:00] [worker #1] ML tree search #2, logLikelihood: -1390.260938
[00:00:00] [worker #6] ML tree search #7, logLikelihood: -1390.260938
[00:00:00 -1390.260948] SLOW spr round 3 (radius: 15)
[00:00:00 -1390.260948] Model parameter optimization (eps = 0.100000)

[00:00:00] [worker #0] ML tree search #1, logLikelihood: -1390.260938

[00:00:00 -2456.391626] Initial branch length optimization
[00:00:00 -2239.619509] Model parameter optimization (eps = 10.000000)
[00:00:00] [worker #2] ML tree search #11, logLikelihood: -1390.260938
[00:00:00 -2194.281363] AUTODETECT spr round 1 (radius: 5)
[00:00:00] [worker #4] ML tree search #13, logLikelihood: -1390.260938
[00:00:00] [worker #5] ML tree search #6, logLikelihood: -1390.260938
[00:00:00 -1401.700199] AUTODETECT spr round 2 (radius: 10)
[00:00:00 -1401.699769] SPR radius for FAST iterations: 5 (autodetect)
[00:00:00 -1401.699769] Model parameter optimization (eps = 3.000000)
[00:00:00] [worker #3] ML tree search #12, logLikelihood: -1390.260938
[00:00:00] [worker #7] ML tree search #16, logLikelihood: -1390.260938
[00:00:00 -1401.490383] FAST spr round 1 (radius: 5)
[00:00:00] [worker #6] ML tree search #15, logLikelihood: -1390.260938
[00:00:00 -1393.220703] FAST spr round 2 (radius: 5)
[00:00:00 -1392.416235] FAST spr round 3 (radius: 5)
[00:00:00] [worker #2] ML tree search #19, logLikelihood: -1390.260938
[00:00:00] [worker #1] ML tree search #10, logLikelihood: -1390.260938
[00:00:00 -1390.315525] FAST spr round 4 (radius: 5)
[00:00:00] [worker #3] ML tree search #20, logLikelihood: -1390.260938
[00:00:00 -1390.315513] Model parameter optimization (eps = 1.000000)
[00:00:00 -1390.261042] SLOW spr round 1 (radius: 5)
[00:00:00] [worker #5] ML tree search #14, logLikelihood: -1390.260938
[00:00:00 -1390.260986] SLOW spr round 2 (radius: 10)
[00:00:00 -1390.260985] SLOW spr round 3 (radius: 15)
[00:00:00 -1390.260985] Model parameter optimization (eps = 0.100000)

[00:00:00] [worker #0] ML tree search #9, logLikelihood: -1390.260938

[00:00:00 -1664.991414] Initial branch length optimization
[00:00:00 -1413.305667] Model parameter optimization (eps = 10.000000)
[00:00:00] [worker #1] ML tree search #18, logLikelihood: -1390.260938
[00:00:00 -1393.031104] AUTODETECT spr round 1 (radius: 5)
[00:00:00 -1390.281506] AUTODETECT spr round 2 (radius: 10)
[00:00:00 -1390.280820] SPR radius for FAST iterations: 5 (autodetect)
[00:00:00 -1390.280820] Model parameter optimization (eps = 3.000000)
[00:00:00 -1390.261038] FAST spr round 1 (radius: 5)
[00:00:00 -1390.260967] Model parameter optimization (eps = 1.000000)
[00:00:00 -1390.260938] SLOW spr round 1 (radius: 5)
[00:00:00 -1390.260938] SLOW spr round 2 (radius: 10)
[00:00:00 -1390.260938] SLOW spr round 3 (radius: 15)
[00:00:00 -1390.260938] Model parameter optimization (eps = 0.100000)

[00:00:00] [worker #0] ML tree search #17, logLikelihood: -1390.260938


Optimized model parameters:

   Partition 0: noname
   Rate heterogeneity: NONE
   Base frequencies (ML): 0.313423 0.201997 0.330158 0.154423 
   Substitution rates (model): 1.000000 1.000000 1.000000 1.000000 1.000000 1.000000 


Final LogLikelihood: -1390.260938

AIC score: 2848.521875 / AICc score: 2862.773372 / BIC score: 2961.002977
Free parameters (model + branch lengths): 34

WARNING: Best ML tree contains 1 near-zero branches!

Best ML tree with collapsed near-zero branches saved to: /home/fili/Documents/KIT/2023/BA/code/output/families/ssim_DL_s20_f100_sites200_GTR_bl1.0_d1.0_l1.0_t0.0_gc0.0_p0.0_pop10_ms0.0_mf0.0_seed42/families/family_030/misc/raxml_output.F81.raxml.bestTreeCollapsed
Best ML tree saved to: /home/fili/Documents/KIT/2023/BA/code/output/families/ssim_DL_s20_f100_sites200_GTR_bl1.0_d1.0_l1.0_t0.0_gc0.0_p0.0_pop10_ms0.0_mf0.0_seed42/families/family_030/misc/raxml_output.F81.raxml.bestTree
All ML trees saved to: /home/fili/Documents/KIT/2023/BA/code/output/families/ssim_DL_s20_f100_sites200_GTR_bl1.0_d1.0_l1.0_t0.0_gc0.0_p0.0_pop10_ms0.0_mf0.0_seed42/families/family_030/misc/raxml_output.F81.raxml.mlTrees
Optimized model saved to: /home/fili/Documents/KIT/2023/BA/code/output/families/ssim_DL_s20_f100_sites200_GTR_bl1.0_d1.0_l1.0_t0.0_gc0.0_p0.0_pop10_ms0.0_mf0.0_seed42/families/family_030/misc/raxml_output.F81.raxml.bestModel

Execution log saved to: /home/fili/Documents/KIT/2023/BA/code/output/families/ssim_DL_s20_f100_sites200_GTR_bl1.0_d1.0_l1.0_t0.0_gc0.0_p0.0_pop10_ms0.0_mf0.0_seed42/families/family_030/misc/raxml_output.F81.raxml.log

Analysis started: 27-Jun-2023 12:58:47 / finished: 27-Jun-2023 12:58:47

Elapsed time: 0.217 seconds

