
RAxML-NG v. 1.1.0 released on 29.11.2021 by The Exelixis Lab.
Developed by: Alexey M. Kozlov and Alexandros Stamatakis.
Contributors: Diego Darriba, Tomas Flouri, Benoit Morel, Sarah Lutteropp, Ben Bettisworth.
Latest version: https://github.com/amkozlov/raxml-ng
Questions/problems/suggestions? Please visit: https://groups.google.com/forum/#!forum/raxml

System: AMD Ryzen 7 5800X 8-Core Processor, 8 cores, 31 GB RAM

RAxML-NG was called at 27-Jun-2023 13:05:42 as follows:

/home/fili/Documents/KIT/2023/BA/resources/tools/RAxML-NG/raxml-ng --msa /home/fili/Documents/KIT/2023/BA/code/output/families/ssim_DL_s20_f100_sites200_GTR_bl1.0_d1.0_l1.0_t0.0_gc0.0_p0.0_pop10_ms0.0_mf0.0_seed19732311/families/family_002/alignment.msa --model F81 --prefix /home/fili/Documents/KIT/2023/BA/code/output/families/ssim_DL_s20_f100_sites200_GTR_bl1.0_d1.0_l1.0_t0.0_gc0.0_p0.0_pop10_ms0.0_mf0.0_seed19732311/families/family_002/misc/raxml_output.F81

Analysis options:
  run mode: ML tree search
  start tree(s): random (10) + parsimony (10)
  random seed: 1687863942
  tip-inner: OFF
  pattern compression: ON
  per-rate scalers: OFF
  site repeats: ON
  fast spr radius: AUTO
  spr subtree cutoff: 1.000000
  branch lengths: proportional (ML estimate, algorithm: NR-FAST)
  SIMD kernels: AVX2
  parallelization: coarse-grained (auto), PTHREADS (auto)

[00:00:00] Reading alignment from file: /home/fili/Documents/KIT/2023/BA/code/output/families/ssim_DL_s20_f100_sites200_GTR_bl1.0_d1.0_l1.0_t0.0_gc0.0_p0.0_pop10_ms0.0_mf0.0_seed19732311/families/family_002/alignment.msa
[00:00:00] Loaded alignment with 16 taxa and 138 sites

WARNING: Sequences 6_24_0 and 6_29_0 are exactly identical!
WARNING: Sequences 14_21_0 and 14_25_0 are exactly identical!
WARNING: Duplicate sequences found: 2

NOTE: Reduced alignment (with duplicates and gap-only sites/taxa removed) 
NOTE: was saved to: /home/fili/Documents/KIT/2023/BA/code/output/families/ssim_DL_s20_f100_sites200_GTR_bl1.0_d1.0_l1.0_t0.0_gc0.0_p0.0_pop10_ms0.0_mf0.0_seed19732311/families/family_002/misc/raxml_output.F81.raxml.reduced.phy

Alignment comprises 1 partitions and 59 patterns

Partition 0: noname
Model: F81+FO
Alignment sites / patterns: 138 / 59
Gaps: 0.00 %
Invariant sites: 51.45 %


NOTE: Binary MSA file created: /home/fili/Documents/KIT/2023/BA/code/output/families/ssim_DL_s20_f100_sites200_GTR_bl1.0_d1.0_l1.0_t0.0_gc0.0_p0.0_pop10_ms0.0_mf0.0_seed19732311/families/family_002/misc/raxml_output.F81.raxml.rba

Parallelization scheme autoconfig: 8 worker(s) x 1 thread(s)

Parallel reduction/worker buffer size: 1 KB  / 0 KB

[00:00:00] Generating 10 random starting tree(s) with 16 taxa
[00:00:00] Generating 10 parsimony starting tree(s) with 16 taxa
[00:00:00] Data distribution: max. partitions/sites/weight per thread: 1 / 59 / 236
[00:00:00] Data distribution: max. searches per worker: 3

Starting ML tree search with 20 distinct starting trees

[00:00:00 -1300.156086] Initial branch length optimization
[00:00:00 -1123.819721] Model parameter optimization (eps = 10.000000)
[00:00:00 -1117.787066] AUTODETECT spr round 1 (radius: 5)
[00:00:00 -738.641404] AUTODETECT spr round 2 (radius: 10)
[00:00:00 -738.641227] SPR radius for FAST iterations: 5 (autodetect)
[00:00:00 -738.641227] Model parameter optimization (eps = 3.000000)
[00:00:00 -737.899729] FAST spr round 1 (radius: 5)
[00:00:00 -735.961585] FAST spr round 2 (radius: 5)
[00:00:00 -726.911418] FAST spr round 3 (radius: 5)
[00:00:00 -726.911418] Model parameter optimization (eps = 1.000000)
[00:00:00 -726.714833] SLOW spr round 1 (radius: 5)
[00:00:00] [worker #7] ML tree search #8, logLikelihood: -726.714788
[00:00:00] [worker #3] ML tree search #4, logLikelihood: -726.714789
[00:00:00 -726.714796] SLOW spr round 2 (radius: 10)
[00:00:00] [worker #1] ML tree search #2, logLikelihood: -726.714788
[00:00:00] [worker #6] ML tree search #7, logLikelihood: -726.001858
[00:00:00] [worker #5] ML tree search #6, logLikelihood: -726.714788
[00:00:00] [worker #2] ML tree search #3, logLikelihood: -726.714788
[00:00:00] [worker #4] ML tree search #5, logLikelihood: -726.714788
[00:00:00 -726.714796] SLOW spr round 3 (radius: 15)
[00:00:00 -726.714796] Model parameter optimization (eps = 0.100000)

[00:00:00] [worker #0] ML tree search #1, logLikelihood: -726.714787

[00:00:00 -1406.423740] Initial branch length optimization
[00:00:00 -1223.731450] Model parameter optimization (eps = 10.000000)
[00:00:00 -1217.447291] AUTODETECT spr round 1 (radius: 5)
[00:00:00 -750.101441] AUTODETECT spr round 2 (radius: 10)
[00:00:00 -750.101409] SPR radius for FAST iterations: 5 (autodetect)
[00:00:00 -750.101409] Model parameter optimization (eps = 3.000000)
[00:00:00 -748.291667] FAST spr round 1 (radius: 5)
[00:00:00 -734.176197] FAST spr round 2 (radius: 5)
[00:00:00 -726.083716] FAST spr round 3 (radius: 5)
[00:00:00] [worker #7] ML tree search #16, logLikelihood: -726.714788
[00:00:00] [worker #3] ML tree search #12, logLikelihood: -726.714788
[00:00:00 -726.083716] Model parameter optimization (eps = 1.000000)
[00:00:00] [worker #6] ML tree search #15, logLikelihood: -726.714788
[00:00:00 -726.001866] SLOW spr round 1 (radius: 5)
[00:00:00] [worker #5] ML tree search #14, logLikelihood: -726.714788
[00:00:00] [worker #4] ML tree search #13, logLikelihood: -726.714788
[00:00:00] [worker #2] ML tree search #11, logLikelihood: -726.714788
[00:00:00 -726.001858] SLOW spr round 2 (radius: 10)
[00:00:00] [worker #1] ML tree search #10, logLikelihood: -726.001856
[00:00:00 -726.001858] SLOW spr round 3 (radius: 15)
[00:00:00 -726.001858] Model parameter optimization (eps = 0.100000)

[00:00:00] [worker #0] ML tree search #9, logLikelihood: -726.001857

[00:00:00 -930.271478] Initial branch length optimization
[00:00:00 -729.975938] Model parameter optimization (eps = 10.000000)
[00:00:00 -726.715091] AUTODETECT spr round 1 (radius: 5)
[00:00:00] [worker #3] ML tree search #20, logLikelihood: -726.714788
[00:00:00 -726.714888] SPR radius for FAST iterations: 5 (autodetect)
[00:00:00 -726.714888] Model parameter optimization (eps = 3.000000)
[00:00:00 -726.714793] FAST spr round 1 (radius: 5)
[00:00:00 -726.714793] Model parameter optimization (eps = 1.000000)
[00:00:00 -726.714793] SLOW spr round 1 (radius: 5)
[00:00:00] [worker #2] ML tree search #19, logLikelihood: -726.714787
[00:00:00 -726.714788] SLOW spr round 2 (radius: 10)
[00:00:00] [worker #1] ML tree search #18, logLikelihood: -726.714788
[00:00:00 -726.714788] SLOW spr round 3 (radius: 15)
[00:00:00 -726.714788] Model parameter optimization (eps = 0.100000)

[00:00:00] [worker #0] ML tree search #17, logLikelihood: -726.714788


Optimized model parameters:

   Partition 0: noname
   Rate heterogeneity: NONE
   Base frequencies (ML): 0.264358 0.220508 0.313577 0.201557 
   Substitution rates (model): 1.000000 1.000000 1.000000 1.000000 1.000000 1.000000 


Final LogLikelihood: -726.001856

AIC score: 1516.003712 / AICc score: 1536.117998 / BIC score: 1609.675830
Free parameters (model + branch lengths): 32

WARNING: Best ML tree contains 1 near-zero branches!

Best ML tree with collapsed near-zero branches saved to: /home/fili/Documents/KIT/2023/BA/code/output/families/ssim_DL_s20_f100_sites200_GTR_bl1.0_d1.0_l1.0_t0.0_gc0.0_p0.0_pop10_ms0.0_mf0.0_seed19732311/families/family_002/misc/raxml_output.F81.raxml.bestTreeCollapsed
Best ML tree saved to: /home/fili/Documents/KIT/2023/BA/code/output/families/ssim_DL_s20_f100_sites200_GTR_bl1.0_d1.0_l1.0_t0.0_gc0.0_p0.0_pop10_ms0.0_mf0.0_seed19732311/families/family_002/misc/raxml_output.F81.raxml.bestTree
All ML trees saved to: /home/fili/Documents/KIT/2023/BA/code/output/families/ssim_DL_s20_f100_sites200_GTR_bl1.0_d1.0_l1.0_t0.0_gc0.0_p0.0_pop10_ms0.0_mf0.0_seed19732311/families/family_002/misc/raxml_output.F81.raxml.mlTrees
Optimized model saved to: /home/fili/Documents/KIT/2023/BA/code/output/families/ssim_DL_s20_f100_sites200_GTR_bl1.0_d1.0_l1.0_t0.0_gc0.0_p0.0_pop10_ms0.0_mf0.0_seed19732311/families/family_002/misc/raxml_output.F81.raxml.bestModel

Execution log saved to: /home/fili/Documents/KIT/2023/BA/code/output/families/ssim_DL_s20_f100_sites200_GTR_bl1.0_d1.0_l1.0_t0.0_gc0.0_p0.0_pop10_ms0.0_mf0.0_seed19732311/families/family_002/misc/raxml_output.F81.raxml.log

Analysis started: 27-Jun-2023 13:05:42 / finished: 27-Jun-2023 13:05:42

Elapsed time: 0.116 seconds

