
RAxML-NG v. 1.1.0 released on 29.11.2021 by The Exelixis Lab.
Developed by: Alexey M. Kozlov and Alexandros Stamatakis.
Contributors: Diego Darriba, Tomas Flouri, Benoit Morel, Sarah Lutteropp, Ben Bettisworth.
Latest version: https://github.com/amkozlov/raxml-ng
Questions/problems/suggestions? Please visit: https://groups.google.com/forum/#!forum/raxml

System: AMD Ryzen 7 5800X 8-Core Processor, 8 cores, 31 GB RAM

RAxML-NG was called at 27-Jun-2023 12:59:34 as follows:

/home/fili/Documents/KIT/2023/BA/resources/tools/RAxML-NG/raxml-ng --msa /home/fili/Documents/KIT/2023/BA/code/output/families/ssim_DL_s20_f100_sites200_GTR_bl1.0_d1.0_l1.0_t0.0_gc0.0_p0.0_pop10_ms0.0_mf0.0_seed42/families/family_096/alignment.msa --model F81 --prefix /home/fili/Documents/KIT/2023/BA/code/output/families/ssim_DL_s20_f100_sites200_GTR_bl1.0_d1.0_l1.0_t0.0_gc0.0_p0.0_pop10_ms0.0_mf0.0_seed42/families/family_096/misc/raxml_output.F81

Analysis options:
  run mode: ML tree search
  start tree(s): random (10) + parsimony (10)
  random seed: 1687863574
  tip-inner: OFF
  pattern compression: ON
  per-rate scalers: OFF
  site repeats: ON
  fast spr radius: AUTO
  spr subtree cutoff: 1.000000
  branch lengths: proportional (ML estimate, algorithm: NR-FAST)
  SIMD kernels: AVX2
  parallelization: coarse-grained (auto), PTHREADS (auto)

[00:00:00] Reading alignment from file: /home/fili/Documents/KIT/2023/BA/code/output/families/ssim_DL_s20_f100_sites200_GTR_bl1.0_d1.0_l1.0_t0.0_gc0.0_p0.0_pop10_ms0.0_mf0.0_seed42/families/family_096/alignment.msa
[00:00:00] Loaded alignment with 32 taxa and 142 sites

WARNING: Sequences 9_4_0 and 13_4_0 are exactly identical!
WARNING: Sequences 13_0_0 and 9_0_0 are exactly identical!
WARNING: Sequences 9_3_0 and 13_3_0 are exactly identical!
WARNING: Sequences 4_0_0 and 12_0_0 are exactly identical!
WARNING: Sequences 1_0_0 and 2_0_0 are exactly identical!
WARNING: Duplicate sequences found: 5

NOTE: Reduced alignment (with duplicates and gap-only sites/taxa removed) 
NOTE: was saved to: /home/fili/Documents/KIT/2023/BA/code/output/families/ssim_DL_s20_f100_sites200_GTR_bl1.0_d1.0_l1.0_t0.0_gc0.0_p0.0_pop10_ms0.0_mf0.0_seed42/families/family_096/misc/raxml_output.F81.raxml.reduced.phy

Alignment comprises 1 partitions and 105 patterns

Partition 0: noname
Model: F81+FO
Alignment sites / patterns: 142 / 105
Gaps: 0.00 %
Invariant sites: 23.94 %


NOTE: Binary MSA file created: /home/fili/Documents/KIT/2023/BA/code/output/families/ssim_DL_s20_f100_sites200_GTR_bl1.0_d1.0_l1.0_t0.0_gc0.0_p0.0_pop10_ms0.0_mf0.0_seed42/families/family_096/misc/raxml_output.F81.raxml.rba

Parallelization scheme autoconfig: 8 worker(s) x 1 thread(s)

Parallel reduction/worker buffer size: 1 KB  / 0 KB

[00:00:00] Generating 10 random starting tree(s) with 32 taxa
[00:00:00] Generating 10 parsimony starting tree(s) with 32 taxa
[00:00:00] Data distribution: max. partitions/sites/weight per thread: 1 / 105 / 420
[00:00:00] Data distribution: max. searches per worker: 3

Starting ML tree search with 20 distinct starting trees

[00:00:00 -3305.180756] Initial branch length optimization
[00:00:00 -2954.247986] Model parameter optimization (eps = 10.000000)
[00:00:00 -2863.458303] AUTODETECT spr round 1 (radius: 5)
[00:00:00 -1590.845324] AUTODETECT spr round 2 (radius: 10)
[00:00:00 -1482.713171] AUTODETECT spr round 3 (radius: 15)
[00:00:00 -1482.713103] SPR radius for FAST iterations: 10 (autodetect)
[00:00:00 -1482.713103] Model parameter optimization (eps = 3.000000)
[00:00:00 -1482.496502] FAST spr round 1 (radius: 10)
[00:00:00 -1431.717764] FAST spr round 2 (radius: 10)
[00:00:00 -1424.111002] FAST spr round 3 (radius: 10)
[00:00:00 -1424.074525] Model parameter optimization (eps = 1.000000)
[00:00:00 -1424.043284] SLOW spr round 1 (radius: 5)
[00:00:00 -1424.043264] SLOW spr round 2 (radius: 10)
[00:00:00] [worker #3] ML tree search #4, logLikelihood: -1424.043386
[00:00:00] [worker #2] ML tree search #3, logLikelihood: -1424.043247
[00:00:00] [worker #5] ML tree search #6, logLikelihood: -1424.043249
[00:00:00] [worker #4] ML tree search #5, logLikelihood: -1424.043383
[00:00:00 -1424.043264] SLOW spr round 3 (radius: 15)
[00:00:00 -1424.043264] SLOW spr round 4 (radius: 20)
[00:00:00 -1424.043264] SLOW spr round 5 (radius: 25)
[00:00:00] [worker #7] ML tree search #8, logLikelihood: -1424.043331
[00:00:00] [worker #1] ML tree search #2, logLikelihood: -1424.043245
[00:00:00 -1424.043264] Model parameter optimization (eps = 0.100000)

[00:00:00] [worker #0] ML tree search #1, logLikelihood: -1424.043247

[00:00:00 -3263.666989] Initial branch length optimization
[00:00:00 -2934.350017] Model parameter optimization (eps = 10.000000)
[00:00:00] [worker #6] ML tree search #7, logLikelihood: -1424.043287
[00:00:00 -2838.003366] AUTODETECT spr round 1 (radius: 5)
[00:00:00 -1585.615030] AUTODETECT spr round 2 (radius: 10)
[00:00:00 -1531.278844] AUTODETECT spr round 3 (radius: 15)
[00:00:00 -1531.272220] SPR radius for FAST iterations: 10 (autodetect)
[00:00:00 -1531.272220] Model parameter optimization (eps = 3.000000)
[00:00:00 -1529.196382] FAST spr round 1 (radius: 10)
[00:00:00 -1447.424462] FAST spr round 2 (radius: 10)
[00:00:00 -1424.633581] FAST spr round 3 (radius: 10)
[00:00:00 -1424.588771] Model parameter optimization (eps = 1.000000)
[00:00:00 -1424.117276] SLOW spr round 1 (radius: 5)
[00:00:00] [worker #3] ML tree search #12, logLikelihood: -1424.043383
[00:00:00] [worker #5] ML tree search #14, logLikelihood: -1424.043246
[00:00:00] [worker #7] ML tree search #16, logLikelihood: -1424.043245
[00:00:00 -1424.060579] SLOW spr round 2 (radius: 10)
[00:00:00] [worker #2] ML tree search #11, logLikelihood: -1424.043245
[00:00:00 -1424.060514] SLOW spr round 3 (radius: 15)
[00:00:00] [worker #1] ML tree search #10, logLikelihood: -1424.043248
[00:00:00 -1424.060514] SLOW spr round 4 (radius: 20)
[00:00:00 -1424.060514] SLOW spr round 5 (radius: 25)
[00:00:00 -1424.060514] Model parameter optimization (eps = 0.100000)

[00:00:00] [worker #0] ML tree search #9, logLikelihood: -1424.043340

[00:00:00 -1920.179185] Initial branch length optimization
[00:00:00 -1474.501762] Model parameter optimization (eps = 10.000000)
[00:00:00] [worker #4] ML tree search #13, logLikelihood: -1424.043275
[00:00:00 -1433.030253] AUTODETECT spr round 1 (radius: 5)
[00:00:00 -1426.627815] AUTODETECT spr round 2 (radius: 10)
[00:00:00] [worker #6] ML tree search #15, logLikelihood: -1424.043284
[00:00:00] [worker #3] ML tree search #20, logLikelihood: -1424.043246
[00:00:00 -1426.627477] SPR radius for FAST iterations: 5 (autodetect)
[00:00:00 -1426.627477] Model parameter optimization (eps = 3.000000)
[00:00:00 -1426.613667] FAST spr round 1 (radius: 5)
[00:00:00 -1426.210077] FAST spr round 2 (radius: 5)
[00:00:00 -1425.820589] FAST spr round 3 (radius: 5)
[00:00:00 -1424.267009] FAST spr round 4 (radius: 5)
[00:00:00 -1424.226669] Model parameter optimization (eps = 1.000000)
[00:00:00 -1424.044100] SLOW spr round 1 (radius: 5)
[00:00:00] [worker #2] ML tree search #19, logLikelihood: -1424.043244
[00:00:00 -1424.043666] SLOW spr round 2 (radius: 10)
[00:00:00] [worker #1] ML tree search #18, logLikelihood: -1424.043247
[00:00:00 -1424.043666] SLOW spr round 3 (radius: 15)
[00:00:00 -1424.043666] SLOW spr round 4 (radius: 20)
[00:00:00 -1424.043666] SLOW spr round 5 (radius: 25)
[00:00:00 -1424.043666] Model parameter optimization (eps = 0.100000)

[00:00:00] [worker #0] ML tree search #17, logLikelihood: -1424.043248


Optimized model parameters:

   Partition 0: noname
   Rate heterogeneity: NONE
   Base frequencies (ML): 0.335654 0.116291 0.373832 0.174223 
   Substitution rates (model): 1.000000 1.000000 1.000000 1.000000 1.000000 1.000000 


Final LogLikelihood: -1424.043244

AIC score: 2976.086489 / AICc score: 3084.138437 / BIC score: 3165.259420
Free parameters (model + branch lengths): 64

WARNING: Best ML tree contains 3 near-zero branches!

Best ML tree with collapsed near-zero branches saved to: /home/fili/Documents/KIT/2023/BA/code/output/families/ssim_DL_s20_f100_sites200_GTR_bl1.0_d1.0_l1.0_t0.0_gc0.0_p0.0_pop10_ms0.0_mf0.0_seed42/families/family_096/misc/raxml_output.F81.raxml.bestTreeCollapsed
Best ML tree saved to: /home/fili/Documents/KIT/2023/BA/code/output/families/ssim_DL_s20_f100_sites200_GTR_bl1.0_d1.0_l1.0_t0.0_gc0.0_p0.0_pop10_ms0.0_mf0.0_seed42/families/family_096/misc/raxml_output.F81.raxml.bestTree
All ML trees saved to: /home/fili/Documents/KIT/2023/BA/code/output/families/ssim_DL_s20_f100_sites200_GTR_bl1.0_d1.0_l1.0_t0.0_gc0.0_p0.0_pop10_ms0.0_mf0.0_seed42/families/family_096/misc/raxml_output.F81.raxml.mlTrees
Optimized model saved to: /home/fili/Documents/KIT/2023/BA/code/output/families/ssim_DL_s20_f100_sites200_GTR_bl1.0_d1.0_l1.0_t0.0_gc0.0_p0.0_pop10_ms0.0_mf0.0_seed42/families/family_096/misc/raxml_output.F81.raxml.bestModel

Execution log saved to: /home/fili/Documents/KIT/2023/BA/code/output/families/ssim_DL_s20_f100_sites200_GTR_bl1.0_d1.0_l1.0_t0.0_gc0.0_p0.0_pop10_ms0.0_mf0.0_seed42/families/family_096/misc/raxml_output.F81.raxml.log

Analysis started: 27-Jun-2023 12:59:34 / finished: 27-Jun-2023 12:59:34

Elapsed time: 0.475 seconds

