
RAxML-NG v. 1.1.0 released on 29.11.2021 by The Exelixis Lab.
Developed by: Alexey M. Kozlov and Alexandros Stamatakis.
Contributors: Diego Darriba, Tomas Flouri, Benoit Morel, Sarah Lutteropp, Ben Bettisworth.
Latest version: https://github.com/amkozlov/raxml-ng
Questions/problems/suggestions? Please visit: https://groups.google.com/forum/#!forum/raxml

System: AMD Ryzen 7 5800X 8-Core Processor, 8 cores, 31 GB RAM

RAxML-NG was called at 13-Jun-2023 13:44:00 as follows:

/home/fili/Documents/KIT/2023/BA/resources/tools/RAxML-NG/raxml-ng --msa /home/fili/Documents/KIT/2023/BA/code/output/families/ssim_NE_s20_f100_sites200_GTR_bl1.0_d0.0_l0.0_t0.0_gc0.0_p0.0_pop10_ms0.0_mf0.0_seed42/families/family_001/alignment.msa --model F81 --prefix /home/fili/Documents/KIT/2023/BA/code/output/families/ssim_NE_s20_f100_sites200_GTR_bl1.0_d0.0_l0.0_t0.0_gc0.0_p0.0_pop10_ms0.0_mf0.0_seed42/families/family_001/misc/raxml_output.F81

Analysis options:
  run mode: ML tree search
  start tree(s): random (10) + parsimony (10)
  random seed: 1686656640
  tip-inner: OFF
  pattern compression: ON
  per-rate scalers: OFF
  site repeats: ON
  fast spr radius: AUTO
  spr subtree cutoff: 1.000000
  branch lengths: proportional (ML estimate, algorithm: NR-FAST)
  SIMD kernels: AVX2
  parallelization: coarse-grained (auto), PTHREADS (auto)

[00:00:00] Reading alignment from file: /home/fili/Documents/KIT/2023/BA/code/output/families/ssim_NE_s20_f100_sites200_GTR_bl1.0_d0.0_l0.0_t0.0_gc0.0_p0.0_pop10_ms0.0_mf0.0_seed42/families/family_001/alignment.msa
[00:00:00] Loaded alignment with 20 taxa and 170 sites

WARNING: Sequences 13_0_0 and 9_0_0 are exactly identical!
WARNING: Sequences 12_0_0 and 4_0_0 are exactly identical!
WARNING: Duplicate sequences found: 2

NOTE: Reduced alignment (with duplicates and gap-only sites/taxa removed) 
NOTE: was saved to: /home/fili/Documents/KIT/2023/BA/code/output/families/ssim_NE_s20_f100_sites200_GTR_bl1.0_d0.0_l0.0_t0.0_gc0.0_p0.0_pop10_ms0.0_mf0.0_seed42/families/family_001/misc/raxml_output.F81.raxml.reduced.phy

Alignment comprises 1 partitions and 108 patterns

Partition 0: noname
Model: F81+FO
Alignment sites / patterns: 170 / 108
Gaps: 0.00 %
Invariant sites: 35.29 %


NOTE: Binary MSA file created: /home/fili/Documents/KIT/2023/BA/code/output/families/ssim_NE_s20_f100_sites200_GTR_bl1.0_d0.0_l0.0_t0.0_gc0.0_p0.0_pop10_ms0.0_mf0.0_seed42/families/family_001/misc/raxml_output.F81.raxml.rba

Parallelization scheme autoconfig: 8 worker(s) x 1 thread(s)

Parallel reduction/worker buffer size: 1 KB  / 0 KB

[00:00:00] Generating 10 random starting tree(s) with 20 taxa
[00:00:00] Generating 10 parsimony starting tree(s) with 20 taxa
[00:00:00] Data distribution: max. partitions/sites/weight per thread: 1 / 108 / 432
[00:00:00] Data distribution: max. searches per worker: 3

Starting ML tree search with 20 distinct starting trees

[00:00:00 -2625.164009] Initial branch length optimization
[00:00:00 -2364.405450] Model parameter optimization (eps = 10.000000)
[00:00:00 -2180.843688] AUTODETECT spr round 1 (radius: 5)
[00:00:00 -1318.658543] AUTODETECT spr round 2 (radius: 10)
[00:00:00 -1293.310152] AUTODETECT spr round 3 (radius: 15)
[00:00:00 -1293.309791] SPR radius for FAST iterations: 10 (autodetect)
[00:00:00 -1293.309791] Model parameter optimization (eps = 3.000000)
[00:00:00 -1290.250966] FAST spr round 1 (radius: 10)
[00:00:00 -1274.872605] FAST spr round 2 (radius: 10)
[00:00:00 -1274.872150] Model parameter optimization (eps = 1.000000)
[00:00:00 -1274.841858] SLOW spr round 1 (radius: 5)
[00:00:00 -1274.841802] SLOW spr round 2 (radius: 10)
[00:00:00] [worker #3] ML tree search #4, logLikelihood: -1274.841794
[00:00:00 -1274.841800] SLOW spr round 3 (radius: 15)
[00:00:00 -1274.841800] SLOW spr round 4 (radius: 20)
[00:00:00 -1274.841800] Model parameter optimization (eps = 0.100000)

[00:00:00] [worker #0] ML tree search #1, logLikelihood: -1274.841793

[00:00:00 -2695.583311] Initial branch length optimization
[00:00:00 -2448.918015] Model parameter optimization (eps = 10.000000)
[00:00:00] [worker #1] ML tree search #2, logLikelihood: -1274.841796
[00:00:00 -2263.909279] AUTODETECT spr round 1 (radius: 5)
[00:00:00] [worker #5] ML tree search #6, logLikelihood: -1274.841800
[00:00:00 -1301.365392] AUTODETECT spr round 2 (radius: 10)
[00:00:00 -1301.365175] SPR radius for FAST iterations: 5 (autodetect)
[00:00:00 -1301.365175] Model parameter optimization (eps = 3.000000)
[00:00:00 -1299.330103] FAST spr round 1 (radius: 5)
[00:00:00] [worker #4] ML tree search #5, logLikelihood: -1274.841801
[00:00:00 -1274.882443] FAST spr round 2 (radius: 5)
[00:00:00 -1274.859839] Model parameter optimization (eps = 1.000000)
[00:00:00 -1274.841869] SLOW spr round 1 (radius: 5)
[00:00:00] [worker #6] ML tree search #7, logLikelihood: -1274.841807
[00:00:00] [worker #7] ML tree search #8, logLikelihood: -1274.841795
[00:00:00] [worker #2] ML tree search #3, logLikelihood: -1274.841792
[00:00:00 -1274.841834] SLOW spr round 2 (radius: 10)
[00:00:00] [worker #3] ML tree search #12, logLikelihood: -1274.841789
[00:00:00 -1274.841833] SLOW spr round 3 (radius: 15)
[00:00:00 -1274.841833] SLOW spr round 4 (radius: 20)
[00:00:00 -1274.841833] Model parameter optimization (eps = 0.100000)

[00:00:00] [worker #0] ML tree search #9, logLikelihood: -1274.841790

[00:00:00 -1662.967008] Initial branch length optimization
[00:00:00 -1372.457983] Model parameter optimization (eps = 10.000000)
[00:00:00 -1290.689597] AUTODETECT spr round 1 (radius: 5)
[00:00:00 -1275.512031] AUTODETECT spr round 2 (radius: 10)
[00:00:00] [worker #5] ML tree search #14, logLikelihood: -1274.841795
[00:00:00 -1275.511432] SPR radius for FAST iterations: 5 (autodetect)
[00:00:00 -1275.511432] Model parameter optimization (eps = 3.000000)
[00:00:00 -1275.484946] FAST spr round 1 (radius: 5)
[00:00:00 -1274.865451] FAST spr round 2 (radius: 5)
[00:00:00] [worker #4] ML tree search #13, logLikelihood: -1274.841789
[00:00:00 -1274.842202] Model parameter optimization (eps = 1.000000)
[00:00:00 -1274.841806] SLOW spr round 1 (radius: 5)
[00:00:00] [worker #6] ML tree search #15, logLikelihood: -1274.841800
[00:00:00] [worker #1] ML tree search #10, logLikelihood: -1274.841793
[00:00:00] [worker #3] ML tree search #20, logLikelihood: -1274.841789
[00:00:00 -1274.841791] SLOW spr round 2 (radius: 10)
[00:00:00 -1274.841790] SLOW spr round 3 (radius: 15)
[00:00:00 -1274.841790] SLOW spr round 4 (radius: 20)
[00:00:00 -1274.841790] Model parameter optimization (eps = 0.100000)

[00:00:00] [worker #0] ML tree search #17, logLikelihood: -1274.841790

[00:00:00] [worker #2] ML tree search #11, logLikelihood: -1274.841791
[00:00:00] [worker #7] ML tree search #16, logLikelihood: -1274.841792
[00:00:00] [worker #1] ML tree search #18, logLikelihood: -1274.841790
[00:00:00] [worker #2] ML tree search #19, logLikelihood: -1274.841791

Optimized model parameters:

   Partition 0: noname
   Rate heterogeneity: NONE
   Base frequencies (ML): 0.397613 0.081037 0.388342 0.133008 
   Substitution rates (model): 1.000000 1.000000 1.000000 1.000000 1.000000 1.000000 


Final LogLikelihood: -1274.841789

AIC score: 2629.683577 / AICc score: 2655.109934 / BIC score: 2755.115515
Free parameters (model + branch lengths): 40

Best ML tree saved to: /home/fili/Documents/KIT/2023/BA/code/output/families/ssim_NE_s20_f100_sites200_GTR_bl1.0_d0.0_l0.0_t0.0_gc0.0_p0.0_pop10_ms0.0_mf0.0_seed42/families/family_001/misc/raxml_output.F81.raxml.bestTree
All ML trees saved to: /home/fili/Documents/KIT/2023/BA/code/output/families/ssim_NE_s20_f100_sites200_GTR_bl1.0_d0.0_l0.0_t0.0_gc0.0_p0.0_pop10_ms0.0_mf0.0_seed42/families/family_001/misc/raxml_output.F81.raxml.mlTrees
Optimized model saved to: /home/fili/Documents/KIT/2023/BA/code/output/families/ssim_NE_s20_f100_sites200_GTR_bl1.0_d0.0_l0.0_t0.0_gc0.0_p0.0_pop10_ms0.0_mf0.0_seed42/families/family_001/misc/raxml_output.F81.raxml.bestModel

Execution log saved to: /home/fili/Documents/KIT/2023/BA/code/output/families/ssim_NE_s20_f100_sites200_GTR_bl1.0_d0.0_l0.0_t0.0_gc0.0_p0.0_pop10_ms0.0_mf0.0_seed42/families/family_001/misc/raxml_output.F81.raxml.log

Analysis started: 13-Jun-2023 13:44:00 / finished: 13-Jun-2023 13:44:01

Elapsed time: 0.345 seconds

