
RAxML-NG v. 1.1.0 released on 29.11.2021 by The Exelixis Lab.
Developed by: Alexey M. Kozlov and Alexandros Stamatakis.
Contributors: Diego Darriba, Tomas Flouri, Benoit Morel, Sarah Lutteropp, Ben Bettisworth.
Latest version: https://github.com/amkozlov/raxml-ng
Questions/problems/suggestions? Please visit: https://groups.google.com/forum/#!forum/raxml

System: AMD Ryzen 7 5800X 8-Core Processor, 8 cores, 31 GB RAM

RAxML-NG was called at 12-Jun-2023 12:40:49 as follows:

/home/fili/Documents/KIT/2023/BA/resources/tools/RAxML-NG/raxml-ng --msa /home/fili/Documents/KIT/2023/BA/code/output/families/ssim_dtl_s20_f100_sites200_GTR_bl1.0_d0.0_l0.0_t1.0_gc0.0_p0.0_pop10_ms0.0_mf0.0_seed42/families/family_001/alignment.msa --model GTR+G --prefix /home/fili/Documents/KIT/2023/BA/code/output/families/ssim_dtl_s20_f100_sites200_GTR_bl1.0_d0.0_l0.0_t1.0_gc0.0_p0.0_pop10_ms0.0_mf0.0_seed42/families/family_001/misc/raxml_output.GTR+G

Analysis options:
  run mode: ML tree search
  start tree(s): random (10) + parsimony (10)
  random seed: 1686566449
  tip-inner: OFF
  pattern compression: ON
  per-rate scalers: OFF
  site repeats: ON
  fast spr radius: AUTO
  spr subtree cutoff: 1.000000
  branch lengths: proportional (ML estimate, algorithm: NR-FAST)
  SIMD kernels: AVX2
  parallelization: coarse-grained (auto), PTHREADS (auto)

[00:00:00] Reading alignment from file: /home/fili/Documents/KIT/2023/BA/code/output/families/ssim_dtl_s20_f100_sites200_GTR_bl1.0_d0.0_l0.0_t1.0_gc0.0_p0.0_pop10_ms0.0_mf0.0_seed42/families/family_001/alignment.msa
[00:00:00] Loaded alignment with 20 taxa and 170 sites

WARNING: Sequences 9_0_0 and 13_0_0 are exactly identical!
WARNING: Sequences 12_0_0 and 4_0_0 are exactly identical!
WARNING: Duplicate sequences found: 2

NOTE: Reduced alignment (with duplicates and gap-only sites/taxa removed) 
NOTE: was saved to: /home/fili/Documents/KIT/2023/BA/code/output/families/ssim_dtl_s20_f100_sites200_GTR_bl1.0_d0.0_l0.0_t1.0_gc0.0_p0.0_pop10_ms0.0_mf0.0_seed42/families/family_001/misc/raxml_output.GTR+G.raxml.reduced.phy

Alignment comprises 1 partitions and 126 patterns

Partition 0: noname
Model: GTR+FO+G4m
Alignment sites / patterns: 170 / 126
Gaps: 0.00 %
Invariant sites: 22.35 %


NOTE: Binary MSA file created: /home/fili/Documents/KIT/2023/BA/code/output/families/ssim_dtl_s20_f100_sites200_GTR_bl1.0_d0.0_l0.0_t1.0_gc0.0_p0.0_pop10_ms0.0_mf0.0_seed42/families/family_001/misc/raxml_output.GTR+G.raxml.rba

Parallelization scheme autoconfig: 8 worker(s) x 1 thread(s)

Parallel reduction/worker buffer size: 1 KB  / 0 KB

[00:00:00] Generating 10 random starting tree(s) with 20 taxa
[00:00:00] Generating 10 parsimony starting tree(s) with 20 taxa
[00:00:00] Data distribution: max. partitions/sites/weight per thread: 1 / 126 / 2016
[00:00:00] Data distribution: max. searches per worker: 3

Starting ML tree search with 20 distinct starting trees

[00:00:00 -3035.938244] Initial branch length optimization
[00:00:00 -2559.026084] Model parameter optimization (eps = 10.000000)
[00:00:00 -2027.550739] AUTODETECT spr round 1 (radius: 5)
[00:00:00 -1250.491136] AUTODETECT spr round 2 (radius: 10)
[00:00:00 -1250.468817] SPR radius for FAST iterations: 5 (autodetect)
[00:00:00 -1250.468817] Model parameter optimization (eps = 3.000000)
[00:00:00 -1216.942504] FAST spr round 1 (radius: 5)
[00:00:00 -1203.510686] FAST spr round 2 (radius: 5)
[00:00:00 -1202.181096] FAST spr round 3 (radius: 5)
[00:00:00 -1202.180587] Model parameter optimization (eps = 1.000000)
[00:00:00 -1197.574285] SLOW spr round 1 (radius: 5)
[00:00:00] [worker #5] ML tree search #6, logLikelihood: -1197.205460
[00:00:00] [worker #3] ML tree search #4, logLikelihood: -1197.206656
[00:00:00] [worker #6] ML tree search #7, logLikelihood: -1197.191650
[00:00:00 -1197.567586] SLOW spr round 2 (radius: 10)
[00:00:00] [worker #7] ML tree search #8, logLikelihood: -1197.205112
[00:00:00 -1197.567572] SLOW spr round 3 (radius: 15)
[00:00:00 -1197.567572] SLOW spr round 4 (radius: 20)
[00:00:00 -1197.567572] Model parameter optimization (eps = 0.100000)
[00:00:00] [worker #2] ML tree search #3, logLikelihood: -1197.206651

[00:00:00] [worker #0] ML tree search #1, logLikelihood: -1197.205334

[00:00:00 -3014.195045] Initial branch length optimization
[00:00:00 -2533.872162] Model parameter optimization (eps = 10.000000)
[00:00:00] [worker #4] ML tree search #5, logLikelihood: -1197.200838
[00:00:00 -2019.228983] AUTODETECT spr round 1 (radius: 5)
[00:00:00 -1232.598285] AUTODETECT spr round 2 (radius: 10)
[00:00:00 -1232.583414] SPR radius for FAST iterations: 5 (autodetect)
[00:00:00 -1232.583414] Model parameter optimization (eps = 3.000000)
[00:00:00] [worker #1] ML tree search #2, logLikelihood: -1197.189414
[00:00:00 -1200.910266] FAST spr round 1 (radius: 5)
[00:00:00 -1199.602371] FAST spr round 2 (radius: 5)
[00:00:00 -1199.602357] Model parameter optimization (eps = 1.000000)
[00:00:00] [worker #3] ML tree search #12, logLikelihood: -1197.195773
[00:00:00] [worker #5] ML tree search #14, logLikelihood: -1197.207258
[00:00:00 -1197.520787] SLOW spr round 1 (radius: 5)
[00:00:00 -1197.515158] SLOW spr round 2 (radius: 10)
[00:00:00] [worker #6] ML tree search #15, logLikelihood: -1197.187410
[00:00:00] [worker #7] ML tree search #16, logLikelihood: -1197.207628
[00:00:00 -1197.515139] SLOW spr round 3 (radius: 15)
[00:00:00 -1197.515138] SLOW spr round 4 (radius: 20)
[00:00:00 -1197.515138] Model parameter optimization (eps = 0.100000)
[00:00:00] [worker #2] ML tree search #11, logLikelihood: -1197.207930

[00:00:00] [worker #0] ML tree search #9, logLikelihood: -1197.202890

[00:00:00 -1769.953440] Initial branch length optimization
[00:00:00 -1516.799247] Model parameter optimization (eps = 10.000000)
[00:00:00 -1199.624085] AUTODETECT spr round 1 (radius: 5)
[00:00:00 -1197.962124] AUTODETECT spr round 2 (radius: 10)
[00:00:00 -1197.958488] SPR radius for FAST iterations: 5 (autodetect)
[00:00:00 -1197.958488] Model parameter optimization (eps = 3.000000)
[00:00:00 -1197.416923] FAST spr round 1 (radius: 5)
[00:00:00] [worker #4] ML tree search #13, logLikelihood: -1197.198908
[00:00:00] [worker #3] ML tree search #20, logLikelihood: -1197.201308
[00:00:00 -1197.409273] Model parameter optimization (eps = 1.000000)
[00:00:00 -1197.259842] SLOW spr round 1 (radius: 5)
[00:00:00 -1197.258854] SLOW spr round 2 (radius: 10)
[00:00:00 -1197.258854] SLOW spr round 3 (radius: 15)
[00:00:00 -1197.258854] SLOW spr round 4 (radius: 20)
[00:00:00 -1197.258854] Model parameter optimization (eps = 0.100000)

[00:00:00] [worker #0] ML tree search #17, logLikelihood: -1197.207892

[00:00:00] [worker #2] ML tree search #19, logLikelihood: -1197.194595
[00:00:00] [worker #1] ML tree search #10, logLikelihood: -1197.195597
[00:00:01] [worker #1] ML tree search #18, logLikelihood: -1197.194779

Optimized model parameters:

   Partition 0: noname
   Rate heterogeneity: GAMMA (4 cats, mean),  alpha: 99.846735 (ML),  weights&rates: (0.250000,0.875813) (0.250000,0.964710) (0.250000,1.029570) (0.250000,1.129908) 
   Base frequencies (ML): 0.288554 0.139678 0.317900 0.253868 
   Substitution rates (ML): 0.381218 18.392732 0.094304 1.049245 1.110674 1.000000 


Final LogLikelihood: -1197.187410

AIC score: 2486.374820 / AICc score: 2521.529292 / BIC score: 2630.621548
Free parameters (model + branch lengths): 46

WARNING: Best ML tree contains 5 near-zero branches!

Best ML tree with collapsed near-zero branches saved to: /home/fili/Documents/KIT/2023/BA/code/output/families/ssim_dtl_s20_f100_sites200_GTR_bl1.0_d0.0_l0.0_t1.0_gc0.0_p0.0_pop10_ms0.0_mf0.0_seed42/families/family_001/misc/raxml_output.GTR+G.raxml.bestTreeCollapsed
Best ML tree saved to: /home/fili/Documents/KIT/2023/BA/code/output/families/ssim_dtl_s20_f100_sites200_GTR_bl1.0_d0.0_l0.0_t1.0_gc0.0_p0.0_pop10_ms0.0_mf0.0_seed42/families/family_001/misc/raxml_output.GTR+G.raxml.bestTree
All ML trees saved to: /home/fili/Documents/KIT/2023/BA/code/output/families/ssim_dtl_s20_f100_sites200_GTR_bl1.0_d0.0_l0.0_t1.0_gc0.0_p0.0_pop10_ms0.0_mf0.0_seed42/families/family_001/misc/raxml_output.GTR+G.raxml.mlTrees
Optimized model saved to: /home/fili/Documents/KIT/2023/BA/code/output/families/ssim_dtl_s20_f100_sites200_GTR_bl1.0_d0.0_l0.0_t1.0_gc0.0_p0.0_pop10_ms0.0_mf0.0_seed42/families/family_001/misc/raxml_output.GTR+G.raxml.bestModel

Execution log saved to: /home/fili/Documents/KIT/2023/BA/code/output/families/ssim_dtl_s20_f100_sites200_GTR_bl1.0_d0.0_l0.0_t1.0_gc0.0_p0.0_pop10_ms0.0_mf0.0_seed42/families/family_001/misc/raxml_output.GTR+G.raxml.log

Analysis started: 12-Jun-2023 12:40:49 / finished: 12-Jun-2023 12:40:50

Elapsed time: 1.017 seconds

