
RAxML-NG v. 1.1.0 released on 29.11.2021 by The Exelixis Lab.
Developed by: Alexey M. Kozlov and Alexandros Stamatakis.
Contributors: Diego Darriba, Tomas Flouri, Benoit Morel, Sarah Lutteropp, Ben Bettisworth.
Latest version: https://github.com/amkozlov/raxml-ng
Questions/problems/suggestions? Please visit: https://groups.google.com/forum/#!forum/raxml

System: AMD Ryzen 7 5800X 8-Core Processor, 8 cores, 31 GB RAM

RAxML-NG was called at 27-Jun-2023 13:47:11 as follows:

/home/fili/Documents/KIT/2023/BA/resources/tools/RAxML-NG/raxml-ng --msa /home/fili/Documents/KIT/2023/BA/code/output/families/ssim_NE_s20_f100_sites200_GTR_bl1.0_d0.0_l0.0_t0.0_gc0.0_p0.0_pop10_ms0.0_mf0.0_seed121873/families/family_100/alignment.msa --model F81 --prefix /home/fili/Documents/KIT/2023/BA/code/output/families/ssim_NE_s20_f100_sites200_GTR_bl1.0_d0.0_l0.0_t0.0_gc0.0_p0.0_pop10_ms0.0_mf0.0_seed121873/families/family_100/misc/raxml_output.F81

Analysis options:
  run mode: ML tree search
  start tree(s): random (10) + parsimony (10)
  random seed: 1687866431
  tip-inner: OFF
  pattern compression: ON
  per-rate scalers: OFF
  site repeats: ON
  fast spr radius: AUTO
  spr subtree cutoff: 1.000000
  branch lengths: proportional (ML estimate, algorithm: NR-FAST)
  SIMD kernels: AVX2
  parallelization: coarse-grained (auto), PTHREADS (auto)

[00:00:00] Reading alignment from file: /home/fili/Documents/KIT/2023/BA/code/output/families/ssim_NE_s20_f100_sites200_GTR_bl1.0_d0.0_l0.0_t0.0_gc0.0_p0.0_pop10_ms0.0_mf0.0_seed121873/families/family_100/alignment.msa
[00:00:00] Loaded alignment with 20 taxa and 226 sites

Alignment comprises 1 partitions and 106 patterns

Partition 0: noname
Model: F81+FO
Alignment sites / patterns: 226 / 106
Gaps: 0.00 %
Invariant sites: 49.56 %


NOTE: Binary MSA file created: /home/fili/Documents/KIT/2023/BA/code/output/families/ssim_NE_s20_f100_sites200_GTR_bl1.0_d0.0_l0.0_t0.0_gc0.0_p0.0_pop10_ms0.0_mf0.0_seed121873/families/family_100/misc/raxml_output.F81.raxml.rba

Parallelization scheme autoconfig: 8 worker(s) x 1 thread(s)

Parallel reduction/worker buffer size: 1 KB  / 0 KB

[00:00:00] Generating 10 random starting tree(s) with 20 taxa
[00:00:00] Generating 10 parsimony starting tree(s) with 20 taxa
[00:00:00] Data distribution: max. partitions/sites/weight per thread: 1 / 106 / 424
[00:00:00] Data distribution: max. searches per worker: 3

Starting ML tree search with 20 distinct starting trees

[00:00:00 -2864.221691] Initial branch length optimization
[00:00:00 -2571.537643] Model parameter optimization (eps = 10.000000)
[00:00:00 -2478.179508] AUTODETECT spr round 1 (radius: 5)
[00:00:00 -1478.562239] AUTODETECT spr round 2 (radius: 10)
[00:00:00 -1478.561948] SPR radius for FAST iterations: 5 (autodetect)
[00:00:00 -1478.561948] Model parameter optimization (eps = 3.000000)
[00:00:00 -1476.543044] FAST spr round 1 (radius: 5)
[00:00:00 -1466.887371] FAST spr round 2 (radius: 5)
[00:00:00 -1453.032345] FAST spr round 3 (radius: 5)
[00:00:00 -1450.699920] FAST spr round 4 (radius: 5)
[00:00:00 -1449.126854] FAST spr round 5 (radius: 5)
[00:00:00 -1449.126297] Model parameter optimization (eps = 1.000000)
[00:00:00 -1448.844066] SLOW spr round 1 (radius: 5)
[00:00:00] [worker #4] ML tree search #5, logLikelihood: -1448.843273
[00:00:00] [worker #7] ML tree search #8, logLikelihood: -1448.843249
[00:00:00] [worker #5] ML tree search #6, logLikelihood: -1448.843251
[00:00:00] [worker #1] ML tree search #2, logLikelihood: -1448.843247
[00:00:00 -1448.843441] SLOW spr round 2 (radius: 10)
[00:00:00] [worker #2] ML tree search #3, logLikelihood: -1448.843254
[00:00:00] [worker #3] ML tree search #4, logLikelihood: -1448.843246
[00:00:00] [worker #6] ML tree search #7, logLikelihood: -1448.843247
[00:00:00 -1448.843408] SLOW spr round 3 (radius: 15)
[00:00:00 -1448.843406] SLOW spr round 4 (radius: 20)
[00:00:00 -1448.843406] Model parameter optimization (eps = 0.100000)

[00:00:00] [worker #0] ML tree search #1, logLikelihood: -1448.843247

[00:00:00 -2755.217288] Initial branch length optimization
[00:00:00 -2389.450460] Model parameter optimization (eps = 10.000000)
[00:00:00 -2295.217658] AUTODETECT spr round 1 (radius: 5)
[00:00:00 -1520.753807] AUTODETECT spr round 2 (radius: 10)
[00:00:00 -1520.752835] SPR radius for FAST iterations: 5 (autodetect)
[00:00:00 -1520.752835] Model parameter optimization (eps = 3.000000)
[00:00:00 -1519.415842] FAST spr round 1 (radius: 5)
[00:00:00] [worker #4] ML tree search #13, logLikelihood: -1448.843246
[00:00:00 -1450.872381] FAST spr round 2 (radius: 5)
[00:00:00 -1449.278805] FAST spr round 3 (radius: 5)
[00:00:00] [worker #7] ML tree search #16, logLikelihood: -1448.843246
[00:00:00 -1449.277900] Model parameter optimization (eps = 1.000000)
[00:00:00 -1448.852287] SLOW spr round 1 (radius: 5)
[00:00:00] [worker #5] ML tree search #14, logLikelihood: -1448.843250
[00:00:00] [worker #3] ML tree search #12, logLikelihood: -1448.843247
[00:00:00] [worker #2] ML tree search #11, logLikelihood: -1448.843246
[00:00:00] [worker #6] ML tree search #15, logLikelihood: -1448.843246
[00:00:00 -1448.845144] SLOW spr round 2 (radius: 10)
[00:00:00] [worker #1] ML tree search #10, logLikelihood: -1448.843254
[00:00:00 -1448.844461] SLOW spr round 3 (radius: 15)
[00:00:00 -1448.844389] SLOW spr round 4 (radius: 20)
[00:00:00 -1448.844384] Model parameter optimization (eps = 0.100000)

[00:00:00] [worker #0] ML tree search #9, logLikelihood: -1448.843256

[00:00:00 -1860.295458] Initial branch length optimization
[00:00:00 -1491.765094] Model parameter optimization (eps = 10.000000)
[00:00:00 -1449.300928] AUTODETECT spr round 1 (radius: 5)
[00:00:00 -1449.299832] SPR radius for FAST iterations: 5 (autodetect)
[00:00:00 -1449.299832] Model parameter optimization (eps = 3.000000)
[00:00:00 -1449.299525] FAST spr round 1 (radius: 5)
[00:00:00 -1448.910230] FAST spr round 2 (radius: 5)
[00:00:00 -1448.910217] Model parameter optimization (eps = 1.000000)
[00:00:00 -1448.843952] SLOW spr round 1 (radius: 5)
[00:00:00] [worker #3] ML tree search #20, logLikelihood: -1448.843246
[00:00:00] [worker #2] ML tree search #19, logLikelihood: -1448.843246
[00:00:00 -1448.843394] SLOW spr round 2 (radius: 10)
[00:00:00] [worker #1] ML tree search #18, logLikelihood: -1448.843250
[00:00:00 -1448.843360] SLOW spr round 3 (radius: 15)
[00:00:00 -1448.843358] SLOW spr round 4 (radius: 20)
[00:00:00 -1448.843358] Model parameter optimization (eps = 0.100000)

[00:00:00] [worker #0] ML tree search #17, logLikelihood: -1448.843246


Optimized model parameters:

   Partition 0: noname
   Rate heterogeneity: NONE
   Base frequencies (ML): 0.338887 0.093628 0.325631 0.241854 
   Substitution rates (model): 1.000000 1.000000 1.000000 1.000000 1.000000 1.000000 


Final LogLikelihood: -1448.843246

AIC score: 2977.686492 / AICc score: 2995.416221 / BIC score: 3114.507892
Free parameters (model + branch lengths): 40

Best ML tree saved to: /home/fili/Documents/KIT/2023/BA/code/output/families/ssim_NE_s20_f100_sites200_GTR_bl1.0_d0.0_l0.0_t0.0_gc0.0_p0.0_pop10_ms0.0_mf0.0_seed121873/families/family_100/misc/raxml_output.F81.raxml.bestTree
All ML trees saved to: /home/fili/Documents/KIT/2023/BA/code/output/families/ssim_NE_s20_f100_sites200_GTR_bl1.0_d0.0_l0.0_t0.0_gc0.0_p0.0_pop10_ms0.0_mf0.0_seed121873/families/family_100/misc/raxml_output.F81.raxml.mlTrees
Optimized model saved to: /home/fili/Documents/KIT/2023/BA/code/output/families/ssim_NE_s20_f100_sites200_GTR_bl1.0_d0.0_l0.0_t0.0_gc0.0_p0.0_pop10_ms0.0_mf0.0_seed121873/families/family_100/misc/raxml_output.F81.raxml.bestModel

Execution log saved to: /home/fili/Documents/KIT/2023/BA/code/output/families/ssim_NE_s20_f100_sites200_GTR_bl1.0_d0.0_l0.0_t0.0_gc0.0_p0.0_pop10_ms0.0_mf0.0_seed121873/families/family_100/misc/raxml_output.F81.raxml.log

Analysis started: 27-Jun-2023 13:47:11 / finished: 27-Jun-2023 13:47:12

Elapsed time: 0.241 seconds

