
RAxML-NG v. 1.1.0 released on 29.11.2021 by The Exelixis Lab.
Developed by: Alexey M. Kozlov and Alexandros Stamatakis.
Contributors: Diego Darriba, Tomas Flouri, Benoit Morel, Sarah Lutteropp, Ben Bettisworth.
Latest version: https://github.com/amkozlov/raxml-ng
Questions/problems/suggestions? Please visit: https://groups.google.com/forum/#!forum/raxml

System: AMD Ryzen 7 5800X 8-Core Processor, 8 cores, 31 GB RAM

RAxML-NG was called at 27-Jun-2023 13:43:23 as follows:

/home/fili/Documents/KIT/2023/BA/resources/tools/RAxML-NG/raxml-ng --msa /home/fili/Documents/KIT/2023/BA/code/output/families/ssim_DL_s20_f100_sites200_GTR_bl1.0_d1.0_l1.0_t0.0_gc0.0_p0.0_pop10_ms0.0_mf0.0_seed14976684177860080345/families/family_019/alignment.msa --model F81 --prefix /home/fili/Documents/KIT/2023/BA/code/output/families/ssim_DL_s20_f100_sites200_GTR_bl1.0_d1.0_l1.0_t0.0_gc0.0_p0.0_pop10_ms0.0_mf0.0_seed14976684177860080345/families/family_019/misc/raxml_output.F81

Analysis options:
  run mode: ML tree search
  start tree(s): random (10) + parsimony (10)
  random seed: 1687866203
  tip-inner: OFF
  pattern compression: ON
  per-rate scalers: OFF
  site repeats: ON
  fast spr radius: AUTO
  spr subtree cutoff: 1.000000
  branch lengths: proportional (ML estimate, algorithm: NR-FAST)
  SIMD kernels: AVX2
  parallelization: coarse-grained (auto), PTHREADS (auto)

[00:00:00] Reading alignment from file: /home/fili/Documents/KIT/2023/BA/code/output/families/ssim_DL_s20_f100_sites200_GTR_bl1.0_d1.0_l1.0_t0.0_gc0.0_p0.0_pop10_ms0.0_mf0.0_seed14976684177860080345/families/family_019/alignment.msa
[00:00:00] Loaded alignment with 24 taxa and 202 sites

WARNING: Sequences 1_0_0 and 7_0_0 are exactly identical!
WARNING: Sequences 14_0_0 and 2_0_0 are exactly identical!
WARNING: Sequences 18_0_0 and 17_0_0 are exactly identical!
WARNING: Duplicate sequences found: 3

NOTE: Reduced alignment (with duplicates and gap-only sites/taxa removed) 
NOTE: was saved to: /home/fili/Documents/KIT/2023/BA/code/output/families/ssim_DL_s20_f100_sites200_GTR_bl1.0_d1.0_l1.0_t0.0_gc0.0_p0.0_pop10_ms0.0_mf0.0_seed14976684177860080345/families/family_019/misc/raxml_output.F81.raxml.reduced.phy

Alignment comprises 1 partitions and 72 patterns

Partition 0: noname
Model: F81+FO
Alignment sites / patterns: 202 / 72
Gaps: 0.00 %
Invariant sites: 59.90 %


NOTE: Binary MSA file created: /home/fili/Documents/KIT/2023/BA/code/output/families/ssim_DL_s20_f100_sites200_GTR_bl1.0_d1.0_l1.0_t0.0_gc0.0_p0.0_pop10_ms0.0_mf0.0_seed14976684177860080345/families/family_019/misc/raxml_output.F81.raxml.rba

Parallelization scheme autoconfig: 8 worker(s) x 1 thread(s)

Parallel reduction/worker buffer size: 1 KB  / 0 KB

[00:00:00] Generating 10 random starting tree(s) with 24 taxa
[00:00:00] Generating 10 parsimony starting tree(s) with 24 taxa
[00:00:00] Data distribution: max. partitions/sites/weight per thread: 1 / 72 / 288
[00:00:00] Data distribution: max. searches per worker: 3

Starting ML tree search with 20 distinct starting trees

[00:00:00 -2880.024129] Initial branch length optimization
[00:00:00 -2330.057373] Model parameter optimization (eps = 10.000000)
[00:00:00 -2314.082994] AUTODETECT spr round 1 (radius: 5)
[00:00:00 -1298.441543] AUTODETECT spr round 2 (radius: 10)
[00:00:00 -1006.108704] AUTODETECT spr round 3 (radius: 15)
[00:00:00 -1006.098561] SPR radius for FAST iterations: 10 (autodetect)
[00:00:00 -1006.098561] Model parameter optimization (eps = 3.000000)
[00:00:00 -1005.486196] FAST spr round 1 (radius: 10)
[00:00:00 -972.129403] FAST spr round 2 (radius: 10)
[00:00:00 -972.129379] Model parameter optimization (eps = 1.000000)
[00:00:00 -972.115506] SLOW spr round 1 (radius: 5)
[00:00:00] [worker #1] ML tree search #2, logLikelihood: -972.115504
[00:00:00 -972.115504] SLOW spr round 2 (radius: 10)
[00:00:00] [worker #2] ML tree search #3, logLikelihood: -972.115504
[00:00:00] [worker #4] ML tree search #5, logLikelihood: -972.115503
[00:00:00] [worker #6] ML tree search #7, logLikelihood: -972.115503
[00:00:00 -972.115504] SLOW spr round 3 (radius: 15)
[00:00:00] [worker #5] ML tree search #6, logLikelihood: -972.115503
[00:00:00 -972.115504] SLOW spr round 4 (radius: 20)
[00:00:00 -972.115503] Model parameter optimization (eps = 0.100000)

[00:00:00] [worker #0] ML tree search #1, logLikelihood: -972.115503

[00:00:00] [worker #7] ML tree search #8, logLikelihood: -972.115505
[00:00:00] [worker #3] ML tree search #4, logLikelihood: -972.115503
[00:00:00 -2925.884810] Initial branch length optimization
[00:00:00 -2419.922195] Model parameter optimization (eps = 10.000000)
[00:00:00 -2401.118486] AUTODETECT spr round 1 (radius: 5)
[00:00:00 -1025.365338] AUTODETECT spr round 2 (radius: 10)
[00:00:00 -1013.140046] AUTODETECT spr round 3 (radius: 15)
[00:00:00 -1013.135453] SPR radius for FAST iterations: 10 (autodetect)
[00:00:00 -1013.135453] Model parameter optimization (eps = 3.000000)
[00:00:00 -1012.555729] FAST spr round 1 (radius: 10)
[00:00:00] [worker #4] ML tree search #13, logLikelihood: -972.115504
[00:00:00] [worker #2] ML tree search #11, logLikelihood: -972.115503
[00:00:00] [worker #6] ML tree search #15, logLikelihood: -972.115504
[00:00:00] [worker #1] ML tree search #10, logLikelihood: -972.115503
[00:00:00 -978.503598] FAST spr round 2 (radius: 10)
[00:00:00 -972.266054] FAST spr round 3 (radius: 10)
[00:00:00] [worker #5] ML tree search #14, logLikelihood: -972.115504
[00:00:00] [worker #3] ML tree search #12, logLikelihood: -972.115503
[00:00:00 -972.266053] Model parameter optimization (eps = 1.000000)
[00:00:00 -972.115519] SLOW spr round 1 (radius: 5)
[00:00:00 -972.115508] SLOW spr round 2 (radius: 10)
[00:00:00] [worker #7] ML tree search #16, logLikelihood: -972.115504
[00:00:00 -972.115508] SLOW spr round 3 (radius: 15)
[00:00:00] [worker #2] ML tree search #19, logLikelihood: -972.115509
[00:00:00] [worker #1] ML tree search #18, logLikelihood: -972.115510
[00:00:00 -972.115508] SLOW spr round 4 (radius: 20)
[00:00:00 -972.115508] Model parameter optimization (eps = 0.100000)

[00:00:00] [worker #0] ML tree search #9, logLikelihood: -972.115504

[00:00:00 -1616.202350] Initial branch length optimization
[00:00:00 -989.402834] Model parameter optimization (eps = 10.000000)
[00:00:00 -984.359281] AUTODETECT spr round 1 (radius: 5)
[00:00:00 -972.298441] AUTODETECT spr round 2 (radius: 10)
[00:00:00 -972.298178] SPR radius for FAST iterations: 5 (autodetect)
[00:00:00 -972.298178] Model parameter optimization (eps = 3.000000)
[00:00:00] [worker #3] ML tree search #20, logLikelihood: -972.115503
[00:00:00 -972.171477] FAST spr round 1 (radius: 5)
[00:00:00 -972.115528] Model parameter optimization (eps = 1.000000)
[00:00:00 -972.115511] SLOW spr round 1 (radius: 5)
[00:00:00 -972.115505] SLOW spr round 2 (radius: 10)
[00:00:00 -972.115504] SLOW spr round 3 (radius: 15)
[00:00:00 -972.115504] SLOW spr round 4 (radius: 20)
[00:00:00 -972.115504] Model parameter optimization (eps = 0.100000)

[00:00:00] [worker #0] ML tree search #17, logLikelihood: -972.115503


Optimized model parameters:

   Partition 0: noname
   Rate heterogeneity: NONE
   Base frequencies (ML): 0.275553 0.263866 0.271366 0.189215 
   Substitution rates (model): 1.000000 1.000000 1.000000 1.000000 1.000000 1.000000 


Final LogLikelihood: -972.115503

AIC score: 2040.231005 / AICc score: 2070.976103 / BIC score: 2199.027855
Free parameters (model + branch lengths): 48

WARNING: Best ML tree contains 7 near-zero branches!

Best ML tree with collapsed near-zero branches saved to: /home/fili/Documents/KIT/2023/BA/code/output/families/ssim_DL_s20_f100_sites200_GTR_bl1.0_d1.0_l1.0_t0.0_gc0.0_p0.0_pop10_ms0.0_mf0.0_seed14976684177860080345/families/family_019/misc/raxml_output.F81.raxml.bestTreeCollapsed
Best ML tree saved to: /home/fili/Documents/KIT/2023/BA/code/output/families/ssim_DL_s20_f100_sites200_GTR_bl1.0_d1.0_l1.0_t0.0_gc0.0_p0.0_pop10_ms0.0_mf0.0_seed14976684177860080345/families/family_019/misc/raxml_output.F81.raxml.bestTree
All ML trees saved to: /home/fili/Documents/KIT/2023/BA/code/output/families/ssim_DL_s20_f100_sites200_GTR_bl1.0_d1.0_l1.0_t0.0_gc0.0_p0.0_pop10_ms0.0_mf0.0_seed14976684177860080345/families/family_019/misc/raxml_output.F81.raxml.mlTrees
Optimized model saved to: /home/fili/Documents/KIT/2023/BA/code/output/families/ssim_DL_s20_f100_sites200_GTR_bl1.0_d1.0_l1.0_t0.0_gc0.0_p0.0_pop10_ms0.0_mf0.0_seed14976684177860080345/families/family_019/misc/raxml_output.F81.raxml.bestModel

Execution log saved to: /home/fili/Documents/KIT/2023/BA/code/output/families/ssim_DL_s20_f100_sites200_GTR_bl1.0_d1.0_l1.0_t0.0_gc0.0_p0.0_pop10_ms0.0_mf0.0_seed14976684177860080345/families/family_019/misc/raxml_output.F81.raxml.log

Analysis started: 27-Jun-2023 13:43:23 / finished: 27-Jun-2023 13:43:23

Elapsed time: 0.252 seconds

