
RAxML-NG v. 1.1.0 released on 29.11.2021 by The Exelixis Lab.
Developed by: Alexey M. Kozlov and Alexandros Stamatakis.
Contributors: Diego Darriba, Tomas Flouri, Benoit Morel, Sarah Lutteropp, Ben Bettisworth.
Latest version: https://github.com/amkozlov/raxml-ng
Questions/problems/suggestions? Please visit: https://groups.google.com/forum/#!forum/raxml

System: AMD Ryzen 7 5800X 8-Core Processor, 8 cores, 31 GB RAM

RAxML-NG was called at 16-Jun-2023 09:59:18 as follows:

/home/fili/Documents/KIT/2023/BA/resources/tools/RAxML-NG/raxml-ng --msa /home/fili/Documents/KIT/2023/BA/code/output/families/ssim_NE_s20_f100_sites200_GTR_bl1.0_d0.0_l0.0_t0.0_gc0.0_p0.0_pop10_ms0.0_mf0.0_seed1007/families/family_064/alignment.msa --model F81 --prefix /home/fili/Documents/KIT/2023/BA/code/output/families/ssim_NE_s20_f100_sites200_GTR_bl1.0_d0.0_l0.0_t0.0_gc0.0_p0.0_pop10_ms0.0_mf0.0_seed1007/families/family_064/misc/raxml_output.F81

Analysis options:
  run mode: ML tree search
  start tree(s): random (10) + parsimony (10)
  random seed: 1686902358
  tip-inner: OFF
  pattern compression: ON
  per-rate scalers: OFF
  site repeats: ON
  fast spr radius: AUTO
  spr subtree cutoff: 1.000000
  branch lengths: proportional (ML estimate, algorithm: NR-FAST)
  SIMD kernels: AVX2
  parallelization: coarse-grained (auto), PTHREADS (auto)

[00:00:00] Reading alignment from file: /home/fili/Documents/KIT/2023/BA/code/output/families/ssim_NE_s20_f100_sites200_GTR_bl1.0_d0.0_l0.0_t0.0_gc0.0_p0.0_pop10_ms0.0_mf0.0_seed1007/families/family_064/alignment.msa
[00:00:00] Loaded alignment with 20 taxa and 188 sites

WARNING: Sequences 2_0_0 and 8_0_0 are exactly identical!
WARNING: Sequences 19_0_0 and 12_0_0 are exactly identical!
WARNING: Duplicate sequences found: 2

NOTE: Reduced alignment (with duplicates and gap-only sites/taxa removed) 
NOTE: was saved to: /home/fili/Documents/KIT/2023/BA/code/output/families/ssim_NE_s20_f100_sites200_GTR_bl1.0_d0.0_l0.0_t0.0_gc0.0_p0.0_pop10_ms0.0_mf0.0_seed1007/families/family_064/misc/raxml_output.F81.raxml.reduced.phy

Alignment comprises 1 partitions and 81 patterns

Partition 0: noname
Model: F81+FO
Alignment sites / patterns: 188 / 81
Gaps: 0.00 %
Invariant sites: 47.34 %


NOTE: Binary MSA file created: /home/fili/Documents/KIT/2023/BA/code/output/families/ssim_NE_s20_f100_sites200_GTR_bl1.0_d0.0_l0.0_t0.0_gc0.0_p0.0_pop10_ms0.0_mf0.0_seed1007/families/family_064/misc/raxml_output.F81.raxml.rba

Parallelization scheme autoconfig: 8 worker(s) x 1 thread(s)

Parallel reduction/worker buffer size: 1 KB  / 0 KB

[00:00:00] Generating 10 random starting tree(s) with 20 taxa
[00:00:00] Generating 10 parsimony starting tree(s) with 20 taxa
[00:00:00] Data distribution: max. partitions/sites/weight per thread: 1 / 81 / 324
[00:00:00] Data distribution: max. searches per worker: 3

Starting ML tree search with 20 distinct starting trees

[00:00:00 -2120.401344] Initial branch length optimization
[00:00:00 -1853.511802] Model parameter optimization (eps = 10.000000)
[00:00:00 -1739.406829] AUTODETECT spr round 1 (radius: 5)
[00:00:00 -1095.741797] AUTODETECT spr round 2 (radius: 10)
[00:00:00 -1091.040586] AUTODETECT spr round 3 (radius: 15)
[00:00:00 -1091.040450] SPR radius for FAST iterations: 10 (autodetect)
[00:00:00 -1091.040450] Model parameter optimization (eps = 3.000000)
[00:00:00 -1086.346290] FAST spr round 1 (radius: 10)
[00:00:00 -1060.511516] FAST spr round 2 (radius: 10)
[00:00:00 -1059.282855] FAST spr round 3 (radius: 10)
[00:00:00 -1059.282848] Model parameter optimization (eps = 1.000000)
[00:00:00 -1059.235065] SLOW spr round 1 (radius: 5)
[00:00:00] [worker #1] ML tree search #2, logLikelihood: -1059.235047
[00:00:00] [worker #5] ML tree search #6, logLikelihood: -1059.235050
[00:00:00] [worker #6] ML tree search #7, logLikelihood: -1059.235047
[00:00:00] [worker #7] ML tree search #8, logLikelihood: -1059.235046
[00:00:00] [worker #4] ML tree search #5, logLikelihood: -1059.235051
[00:00:00] [worker #2] ML tree search #3, logLikelihood: -1059.235050
[00:00:00 -1059.235055] SLOW spr round 2 (radius: 10)
[00:00:00 -1059.235055] SLOW spr round 3 (radius: 15)
[00:00:00 -1059.235055] SLOW spr round 4 (radius: 20)
[00:00:00 -1059.235055] Model parameter optimization (eps = 0.100000)

[00:00:00] [worker #0] ML tree search #1, logLikelihood: -1059.235048

[00:00:00 -2221.640430] Initial branch length optimization
[00:00:00 -1959.984379] Model parameter optimization (eps = 10.000000)
[00:00:00] [worker #3] ML tree search #4, logLikelihood: -1059.235049
[00:00:00 -1834.275231] AUTODETECT spr round 1 (radius: 5)
[00:00:00 -1074.235256] AUTODETECT spr round 2 (radius: 10)
[00:00:00] [worker #6] ML tree search #15, logLikelihood: -1059.235047
[00:00:00] [worker #2] ML tree search #11, logLikelihood: -1059.235046
[00:00:00 -1074.208445] SPR radius for FAST iterations: 5 (autodetect)
[00:00:00 -1074.208445] Model parameter optimization (eps = 3.000000)
[00:00:00] [worker #7] ML tree search #16, logLikelihood: -1059.235047
[00:00:00] [worker #1] ML tree search #10, logLikelihood: -1059.235049
[00:00:00 -1070.256892] FAST spr round 1 (radius: 5)
[00:00:00 -1066.039551] FAST spr round 2 (radius: 5)
[00:00:00] [worker #5] ML tree search #14, logLikelihood: -1059.235048
[00:00:00 -1059.512405] FAST spr round 3 (radius: 5)
[00:00:00] [worker #4] ML tree search #13, logLikelihood: -1059.235047
[00:00:00 -1059.253548] FAST spr round 4 (radius: 5)
[00:00:00 -1059.253548] Model parameter optimization (eps = 1.000000)
[00:00:00 -1059.235074] SLOW spr round 1 (radius: 5)
[00:00:00] [worker #2] ML tree search #19, logLikelihood: -1059.235046
[00:00:00] [worker #3] ML tree search #12, logLikelihood: -1059.235047
[00:00:00 -1059.235065] SLOW spr round 2 (radius: 10)
[00:00:00 -1059.235065] SLOW spr round 3 (radius: 15)
[00:00:00 -1059.235065] SLOW spr round 4 (radius: 20)
[00:00:00 -1059.235065] Model parameter optimization (eps = 0.100000)

[00:00:00] [worker #0] ML tree search #9, logLikelihood: -1059.235047

[00:00:00 -1489.381321] Initial branch length optimization
[00:00:00 -1111.095580] Model parameter optimization (eps = 10.000000)
[00:00:00 -1064.011374] AUTODETECT spr round 1 (radius: 5)
[00:00:00 -1062.691607] AUTODETECT spr round 2 (radius: 10)
[00:00:00] [worker #1] ML tree search #18, logLikelihood: -1059.235047
[00:00:00 -1062.691595] SPR radius for FAST iterations: 5 (autodetect)
[00:00:00 -1062.691595] Model parameter optimization (eps = 3.000000)
[00:00:00 -1062.690121] FAST spr round 1 (radius: 5)
[00:00:00 -1062.204356] FAST spr round 2 (radius: 5)
[00:00:00 -1061.506283] FAST spr round 3 (radius: 5)
[00:00:00 -1059.235790] FAST spr round 4 (radius: 5)
[00:00:00 -1059.235789] Model parameter optimization (eps = 1.000000)
[00:00:00] [worker #3] ML tree search #20, logLikelihood: -1059.235047
[00:00:00 -1059.235050] SLOW spr round 1 (radius: 5)
[00:00:00 -1059.235047] SLOW spr round 2 (radius: 10)
[00:00:00 -1059.235047] SLOW spr round 3 (radius: 15)
[00:00:00 -1059.235047] SLOW spr round 4 (radius: 20)
[00:00:00 -1059.235047] Model parameter optimization (eps = 0.100000)

[00:00:00] [worker #0] ML tree search #17, logLikelihood: -1059.235047


Optimized model parameters:

   Partition 0: noname
   Rate heterogeneity: NONE
   Base frequencies (ML): 0.329549 0.088025 0.394676 0.187750 
   Substitution rates (model): 1.000000 1.000000 1.000000 1.000000 1.000000 1.000000 


Final LogLikelihood: -1059.235046

AIC score: 2198.470093 / AICc score: 2220.783018 / BIC score: 2327.927771
Free parameters (model + branch lengths): 40

WARNING: Best ML tree contains 1 near-zero branches!

Best ML tree with collapsed near-zero branches saved to: /home/fili/Documents/KIT/2023/BA/code/output/families/ssim_NE_s20_f100_sites200_GTR_bl1.0_d0.0_l0.0_t0.0_gc0.0_p0.0_pop10_ms0.0_mf0.0_seed1007/families/family_064/misc/raxml_output.F81.raxml.bestTreeCollapsed
Best ML tree saved to: /home/fili/Documents/KIT/2023/BA/code/output/families/ssim_NE_s20_f100_sites200_GTR_bl1.0_d0.0_l0.0_t0.0_gc0.0_p0.0_pop10_ms0.0_mf0.0_seed1007/families/family_064/misc/raxml_output.F81.raxml.bestTree
All ML trees saved to: /home/fili/Documents/KIT/2023/BA/code/output/families/ssim_NE_s20_f100_sites200_GTR_bl1.0_d0.0_l0.0_t0.0_gc0.0_p0.0_pop10_ms0.0_mf0.0_seed1007/families/family_064/misc/raxml_output.F81.raxml.mlTrees
Optimized model saved to: /home/fili/Documents/KIT/2023/BA/code/output/families/ssim_NE_s20_f100_sites200_GTR_bl1.0_d0.0_l0.0_t0.0_gc0.0_p0.0_pop10_ms0.0_mf0.0_seed1007/families/family_064/misc/raxml_output.F81.raxml.bestModel

Execution log saved to: /home/fili/Documents/KIT/2023/BA/code/output/families/ssim_NE_s20_f100_sites200_GTR_bl1.0_d0.0_l0.0_t0.0_gc0.0_p0.0_pop10_ms0.0_mf0.0_seed1007/families/family_064/misc/raxml_output.F81.raxml.log

Analysis started: 16-Jun-2023 09:59:18 / finished: 16-Jun-2023 09:59:18

Elapsed time: 0.285 seconds

