
RAxML-NG v. 1.1.0 released on 29.11.2021 by The Exelixis Lab.
Developed by: Alexey M. Kozlov and Alexandros Stamatakis.
Contributors: Diego Darriba, Tomas Flouri, Benoit Morel, Sarah Lutteropp, Ben Bettisworth.
Latest version: https://github.com/amkozlov/raxml-ng
Questions/problems/suggestions? Please visit: https://groups.google.com/forum/#!forum/raxml

System: AMD Ryzen 7 5800X 8-Core Processor, 8 cores, 31 GB RAM

RAxML-NG was called at 27-Jun-2023 13:41:56 as follows:

/home/fili/Documents/KIT/2023/BA/resources/tools/RAxML-NG/raxml-ng --msa /home/fili/Documents/KIT/2023/BA/code/output/families/ssim_DL_s20_f100_sites200_GTR_bl1.0_d1.0_l1.0_t0.0_gc0.0_p0.0_pop10_ms0.0_mf0.0_seed121873/families/family_047/alignment.msa --model F81 --prefix /home/fili/Documents/KIT/2023/BA/code/output/families/ssim_DL_s20_f100_sites200_GTR_bl1.0_d1.0_l1.0_t0.0_gc0.0_p0.0_pop10_ms0.0_mf0.0_seed121873/families/family_047/misc/raxml_output.F81

Analysis options:
  run mode: ML tree search
  start tree(s): random (10) + parsimony (10)
  random seed: 1687866116
  tip-inner: OFF
  pattern compression: ON
  per-rate scalers: OFF
  site repeats: ON
  fast spr radius: AUTO
  spr subtree cutoff: 1.000000
  branch lengths: proportional (ML estimate, algorithm: NR-FAST)
  SIMD kernels: AVX2
  parallelization: coarse-grained (auto), PTHREADS (auto)

[00:00:00] Reading alignment from file: /home/fili/Documents/KIT/2023/BA/code/output/families/ssim_DL_s20_f100_sites200_GTR_bl1.0_d1.0_l1.0_t0.0_gc0.0_p0.0_pop10_ms0.0_mf0.0_seed121873/families/family_047/alignment.msa
[00:00:00] Loaded alignment with 43 taxa and 177 sites

WARNING: Sequences 4_1_0 and 4_0_0 are exactly identical!
WARNING: Sequences 13_4_0 and 19_4_0 are exactly identical!
WARNING: Sequences 15_2_0 and 17_2_0 are exactly identical!
WARNING: Sequences 15_3_0 and 17_3_0 are exactly identical!
WARNING: Duplicate sequences found: 4

NOTE: Reduced alignment (with duplicates and gap-only sites/taxa removed) 
NOTE: was saved to: /home/fili/Documents/KIT/2023/BA/code/output/families/ssim_DL_s20_f100_sites200_GTR_bl1.0_d1.0_l1.0_t0.0_gc0.0_p0.0_pop10_ms0.0_mf0.0_seed121873/families/family_047/misc/raxml_output.F81.raxml.reduced.phy

Alignment comprises 1 partitions and 145 patterns

Partition 0: noname
Model: F81+FO
Alignment sites / patterns: 177 / 145
Gaps: 0.00 %
Invariant sites: 18.08 %


NOTE: Binary MSA file created: /home/fili/Documents/KIT/2023/BA/code/output/families/ssim_DL_s20_f100_sites200_GTR_bl1.0_d1.0_l1.0_t0.0_gc0.0_p0.0_pop10_ms0.0_mf0.0_seed121873/families/family_047/misc/raxml_output.F81.raxml.rba

Parallelization scheme autoconfig: 8 worker(s) x 1 thread(s)

Parallel reduction/worker buffer size: 1 KB  / 0 KB

[00:00:00] Generating 10 random starting tree(s) with 43 taxa
[00:00:00] Generating 10 parsimony starting tree(s) with 43 taxa
[00:00:00] Data distribution: max. partitions/sites/weight per thread: 1 / 145 / 580
[00:00:00] Data distribution: max. searches per worker: 3

Starting ML tree search with 20 distinct starting trees

[00:00:00 -6175.516821] Initial branch length optimization
[00:00:00 -5447.426042] Model parameter optimization (eps = 10.000000)
[00:00:00 -5306.382476] AUTODETECT spr round 1 (radius: 5)
[00:00:00 -2841.051538] AUTODETECT spr round 2 (radius: 10)
[00:00:00 -2719.879865] AUTODETECT spr round 3 (radius: 15)
[00:00:00 -2719.879845] SPR radius for FAST iterations: 10 (autodetect)
[00:00:00 -2719.879845] Model parameter optimization (eps = 3.000000)
[00:00:00 -2715.072185] FAST spr round 1 (radius: 10)
[00:00:00 -2549.464812] FAST spr round 2 (radius: 10)
[00:00:00 -2539.221638] FAST spr round 3 (radius: 10)
[00:00:00 -2539.136953] Model parameter optimization (eps = 1.000000)
[00:00:00 -2538.984276] SLOW spr round 1 (radius: 5)
[00:00:00 -2538.948450] SLOW spr round 2 (radius: 10)
[00:00:00 -2538.945704] SLOW spr round 3 (radius: 15)
[00:00:00 -2538.945513] SLOW spr round 4 (radius: 20)
[00:00:00 -2538.945498] SLOW spr round 5 (radius: 25)
[00:00:00 -2538.945497] Model parameter optimization (eps = 0.100000)

[00:00:00] [worker #0] ML tree search #1, logLikelihood: -2538.939218

[00:00:00 -6529.658388] Initial branch length optimization
[00:00:00 -5729.345382] Model parameter optimization (eps = 10.000000)
[00:00:00] [worker #5] ML tree search #6, logLikelihood: -2538.921487
[00:00:00 -5589.068413] AUTODETECT spr round 1 (radius: 5)
[00:00:00] [worker #1] ML tree search #2, logLikelihood: -2538.921527
[00:00:00] [worker #3] ML tree search #4, logLikelihood: -2538.921489
[00:00:00 -3125.251562] AUTODETECT spr round 2 (radius: 10)
[00:00:00] [worker #2] ML tree search #3, logLikelihood: -2538.181136
[00:00:00 -2654.677252] AUTODETECT spr round 3 (radius: 15)
[00:00:00] [worker #4] ML tree search #5, logLikelihood: -2538.181123
[00:00:00 -2654.663885] SPR radius for FAST iterations: 10 (autodetect)
[00:00:00 -2654.663885] Model parameter optimization (eps = 3.000000)
[00:00:00 -2650.531300] FAST spr round 1 (radius: 10)
[00:00:00] [worker #7] ML tree search #8, logLikelihood: -2538.939361
[00:00:00] [worker #6] ML tree search #7, logLikelihood: -2538.921489
[00:00:00 -2562.591472] FAST spr round 2 (radius: 10)
[00:00:00 -2539.811219] FAST spr round 3 (radius: 10)
[00:00:00 -2539.222829] FAST spr round 4 (radius: 10)
[00:00:00 -2539.222522] Model parameter optimization (eps = 1.000000)
[00:00:00 -2538.939439] SLOW spr round 1 (radius: 5)
[00:00:00 -2538.923243] SLOW spr round 2 (radius: 10)
[00:00:00] [worker #2] ML tree search #11, logLikelihood: -2538.181123
[00:00:00] [worker #5] ML tree search #14, logLikelihood: -2538.921519
[00:00:00] [worker #3] ML tree search #12, logLikelihood: -2538.921488
[00:00:00 -2538.923151] SLOW spr round 3 (radius: 15)
[00:00:00] [worker #4] ML tree search #13, logLikelihood: -2538.181123
[00:00:00 -2538.923147] SLOW spr round 4 (radius: 20)
[00:00:00] [worker #1] ML tree search #10, logLikelihood: -2538.921489
[00:00:00 -2538.923147] SLOW spr round 5 (radius: 25)
[00:00:00 -2538.923147] Model parameter optimization (eps = 0.100000)

[00:00:00] [worker #0] ML tree search #9, logLikelihood: -2538.921506

[00:00:00 -3336.309982] Initial branch length optimization
[00:00:00 -2630.679072] Model parameter optimization (eps = 10.000000)
[00:00:00 -2556.189136] AUTODETECT spr round 1 (radius: 5)
[00:00:00] [worker #7] ML tree search #16, logLikelihood: -2538.921491
[00:00:00 -2539.079270] AUTODETECT spr round 2 (radius: 10)
[00:00:00] [worker #6] ML tree search #15, logLikelihood: -2538.181124
[00:00:00 -2539.078611] SPR radius for FAST iterations: 5 (autodetect)
[00:00:00 -2539.078611] Model parameter optimization (eps = 3.000000)
[00:00:00 -2538.923283] FAST spr round 1 (radius: 5)
[00:00:00 -2538.922138] Model parameter optimization (eps = 1.000000)
[00:00:00 -2538.921537] SLOW spr round 1 (radius: 5)
[00:00:00 -2538.921503] SLOW spr round 2 (radius: 10)
[00:00:00 -2538.921501] SLOW spr round 3 (radius: 15)
[00:00:00] [worker #3] ML tree search #20, logLikelihood: -2538.181123
[00:00:00 -2538.921501] SLOW spr round 4 (radius: 20)
[00:00:00 -2538.921501] SLOW spr round 5 (radius: 25)
[00:00:00 -2538.921501] Model parameter optimization (eps = 0.100000)

[00:00:00] [worker #0] ML tree search #17, logLikelihood: -2538.921497

[00:00:00] [worker #1] ML tree search #18, logLikelihood: -2538.180838
[00:00:01] [worker #2] ML tree search #19, logLikelihood: -2538.921728

Optimized model parameters:

   Partition 0: noname
   Rate heterogeneity: NONE
   Base frequencies (ML): 0.319160 0.122322 0.400994 0.157524 
   Substitution rates (model): 1.000000 1.000000 1.000000 1.000000 1.000000 1.000000 


Final LogLikelihood: -2538.180838

AIC score: 5248.361676 / AICc score: 5414.628342 / BIC score: 5521.510553
Free parameters (model + branch lengths): 86

WARNING: Best ML tree contains 3 near-zero branches!

Best ML tree with collapsed near-zero branches saved to: /home/fili/Documents/KIT/2023/BA/code/output/families/ssim_DL_s20_f100_sites200_GTR_bl1.0_d1.0_l1.0_t0.0_gc0.0_p0.0_pop10_ms0.0_mf0.0_seed121873/families/family_047/misc/raxml_output.F81.raxml.bestTreeCollapsed
Best ML tree saved to: /home/fili/Documents/KIT/2023/BA/code/output/families/ssim_DL_s20_f100_sites200_GTR_bl1.0_d1.0_l1.0_t0.0_gc0.0_p0.0_pop10_ms0.0_mf0.0_seed121873/families/family_047/misc/raxml_output.F81.raxml.bestTree
All ML trees saved to: /home/fili/Documents/KIT/2023/BA/code/output/families/ssim_DL_s20_f100_sites200_GTR_bl1.0_d1.0_l1.0_t0.0_gc0.0_p0.0_pop10_ms0.0_mf0.0_seed121873/families/family_047/misc/raxml_output.F81.raxml.mlTrees
Optimized model saved to: /home/fili/Documents/KIT/2023/BA/code/output/families/ssim_DL_s20_f100_sites200_GTR_bl1.0_d1.0_l1.0_t0.0_gc0.0_p0.0_pop10_ms0.0_mf0.0_seed121873/families/family_047/misc/raxml_output.F81.raxml.bestModel

Execution log saved to: /home/fili/Documents/KIT/2023/BA/code/output/families/ssim_DL_s20_f100_sites200_GTR_bl1.0_d1.0_l1.0_t0.0_gc0.0_p0.0_pop10_ms0.0_mf0.0_seed121873/families/family_047/misc/raxml_output.F81.raxml.log

Analysis started: 27-Jun-2023 13:41:56 / finished: 27-Jun-2023 13:41:57

Elapsed time: 1.001 seconds

