
RAxML-NG v. 1.1.0 released on 29.11.2021 by The Exelixis Lab.
Developed by: Alexey M. Kozlov and Alexandros Stamatakis.
Contributors: Diego Darriba, Tomas Flouri, Benoit Morel, Sarah Lutteropp, Ben Bettisworth.
Latest version: https://github.com/amkozlov/raxml-ng
Questions/problems/suggestions? Please visit: https://groups.google.com/forum/#!forum/raxml

System: AMD Ryzen 7 5800X 8-Core Processor, 8 cores, 31 GB RAM

RAxML-NG was called at 27-Jun-2023 13:43:38 as follows:

/home/fili/Documents/KIT/2023/BA/resources/tools/RAxML-NG/raxml-ng --msa /home/fili/Documents/KIT/2023/BA/code/output/families/ssim_DL_s20_f100_sites200_GTR_bl1.0_d1.0_l1.0_t0.0_gc0.0_p0.0_pop10_ms0.0_mf0.0_seed14976684177860080345/families/family_066/alignment.msa --model F81 --prefix /home/fili/Documents/KIT/2023/BA/code/output/families/ssim_DL_s20_f100_sites200_GTR_bl1.0_d1.0_l1.0_t0.0_gc0.0_p0.0_pop10_ms0.0_mf0.0_seed14976684177860080345/families/family_066/misc/raxml_output.F81

Analysis options:
  run mode: ML tree search
  start tree(s): random (10) + parsimony (10)
  random seed: 1687866218
  tip-inner: OFF
  pattern compression: ON
  per-rate scalers: OFF
  site repeats: ON
  fast spr radius: AUTO
  spr subtree cutoff: 1.000000
  branch lengths: proportional (ML estimate, algorithm: NR-FAST)
  SIMD kernels: AVX2
  parallelization: coarse-grained (auto), PTHREADS (auto)

[00:00:00] Reading alignment from file: /home/fili/Documents/KIT/2023/BA/code/output/families/ssim_DL_s20_f100_sites200_GTR_bl1.0_d1.0_l1.0_t0.0_gc0.0_p0.0_pop10_ms0.0_mf0.0_seed14976684177860080345/families/family_066/alignment.msa
[00:00:00] Loaded alignment with 19 taxa and 153 sites

Alignment comprises 1 partitions and 81 patterns

Partition 0: noname
Model: F81+FO
Alignment sites / patterns: 153 / 81
Gaps: 0.00 %
Invariant sites: 37.91 %


NOTE: Binary MSA file created: /home/fili/Documents/KIT/2023/BA/code/output/families/ssim_DL_s20_f100_sites200_GTR_bl1.0_d1.0_l1.0_t0.0_gc0.0_p0.0_pop10_ms0.0_mf0.0_seed14976684177860080345/families/family_066/misc/raxml_output.F81.raxml.rba

Parallelization scheme autoconfig: 8 worker(s) x 1 thread(s)

Parallel reduction/worker buffer size: 1 KB  / 0 KB

[00:00:00] Generating 10 random starting tree(s) with 19 taxa
[00:00:00] Generating 10 parsimony starting tree(s) with 19 taxa
[00:00:00] Data distribution: max. partitions/sites/weight per thread: 1 / 81 / 324
[00:00:00] Data distribution: max. searches per worker: 3

Starting ML tree search with 20 distinct starting trees

[00:00:00 -1981.847101] Initial branch length optimization
[00:00:00 -1698.539235] Model parameter optimization (eps = 10.000000)
[00:00:00 -1638.072817] AUTODETECT spr round 1 (radius: 5)
[00:00:00 -1116.694888] AUTODETECT spr round 2 (radius: 10)
[00:00:00 -1113.429291] AUTODETECT spr round 3 (radius: 15)
[00:00:00 -1113.428673] SPR radius for FAST iterations: 10 (autodetect)
[00:00:00 -1113.428673] Model parameter optimization (eps = 3.000000)
[00:00:00 -1113.331370] FAST spr round 1 (radius: 10)
[00:00:00 -996.481518] FAST spr round 2 (radius: 10)
[00:00:00 -996.314919] FAST spr round 3 (radius: 10)
[00:00:00 -996.314470] Model parameter optimization (eps = 1.000000)
[00:00:00 -996.222380] SLOW spr round 1 (radius: 5)
[00:00:00 -996.222242] SLOW spr round 2 (radius: 10)
[00:00:00] [worker #6] ML tree search #7, logLikelihood: -996.222204
[00:00:00] [worker #4] ML tree search #5, logLikelihood: -996.222207
[00:00:00] [worker #1] ML tree search #2, logLikelihood: -996.222204
[00:00:00] [worker #5] ML tree search #6, logLikelihood: -996.222205
[00:00:00 -996.222242] SLOW spr round 3 (radius: 15)
[00:00:00 -996.222242] Model parameter optimization (eps = 0.100000)

[00:00:00] [worker #0] ML tree search #1, logLikelihood: -996.222204

[00:00:00] [worker #2] ML tree search #3, logLikelihood: -996.222203
[00:00:00 -2205.474618] Initial branch length optimization
[00:00:00 -1990.513850] Model parameter optimization (eps = 10.000000)
[00:00:00 -1922.035179] AUTODETECT spr round 1 (radius: 5)
[00:00:00] [worker #3] ML tree search #4, logLikelihood: -996.222204
[00:00:00 -1002.116011] AUTODETECT spr round 2 (radius: 10)
[00:00:00 -1002.115977] SPR radius for FAST iterations: 5 (autodetect)
[00:00:00 -1002.115977] Model parameter optimization (eps = 3.000000)
[00:00:00 -1001.997143] FAST spr round 1 (radius: 5)
[00:00:00] [worker #7] ML tree search #8, logLikelihood: -996.222204
[00:00:00 -996.349798] FAST spr round 2 (radius: 5)
[00:00:00 -996.349226] Model parameter optimization (eps = 1.000000)
[00:00:00 -996.222412] SLOW spr round 1 (radius: 5)
[00:00:00] [worker #4] ML tree search #13, logLikelihood: -996.222204
[00:00:00] [worker #5] ML tree search #14, logLikelihood: -996.222205
[00:00:00] [worker #6] ML tree search #15, logLikelihood: -996.222205
[00:00:00 -996.222271] SLOW spr round 2 (radius: 10)
[00:00:00] [worker #2] ML tree search #11, logLikelihood: -996.222205
[00:00:00 -996.222270] SLOW spr round 3 (radius: 15)
[00:00:00 -996.222270] Model parameter optimization (eps = 0.100000)

[00:00:00] [worker #0] ML tree search #9, logLikelihood: -996.222205

[00:00:00 -1286.474918] Initial branch length optimization
[00:00:00 -1028.281562] Model parameter optimization (eps = 10.000000)
[00:00:00 -996.647143] AUTODETECT spr round 1 (radius: 5)
[00:00:00 -996.239662] AUTODETECT spr round 2 (radius: 10)
[00:00:00] [worker #1] ML tree search #10, logLikelihood: -996.222203
[00:00:00 -996.230481] SPR radius for FAST iterations: 5 (autodetect)
[00:00:00 -996.230481] Model parameter optimization (eps = 3.000000)
[00:00:00 -996.222270] FAST spr round 1 (radius: 5)
[00:00:00 -996.222222] Model parameter optimization (eps = 1.000000)
[00:00:00 -996.222204] SLOW spr round 1 (radius: 5)
[00:00:00 -996.222204] SLOW spr round 2 (radius: 10)
[00:00:00] [worker #3] ML tree search #12, logLikelihood: -996.222204
[00:00:00] [worker #2] ML tree search #19, logLikelihood: -996.222203
[00:00:00] [worker #7] ML tree search #16, logLikelihood: -996.222204
[00:00:00 -996.222204] SLOW spr round 3 (radius: 15)
[00:00:00 -996.222204] Model parameter optimization (eps = 0.100000)

[00:00:00] [worker #0] ML tree search #17, logLikelihood: -996.222203

[00:00:00] [worker #1] ML tree search #18, logLikelihood: -996.222203
[00:00:00] [worker #3] ML tree search #20, logLikelihood: -996.222204

Optimized model parameters:

   Partition 0: noname
   Rate heterogeneity: NONE
   Base frequencies (ML): 0.337233 0.110104 0.365788 0.186875 
   Substitution rates (model): 1.000000 1.000000 1.000000 1.000000 1.000000 1.000000 


Final LogLikelihood: -996.222203

AIC score: 2068.444406 / AICc score: 2094.444406 / BIC score: 2183.601047
Free parameters (model + branch lengths): 38

WARNING: Best ML tree contains 2 near-zero branches!

Best ML tree with collapsed near-zero branches saved to: /home/fili/Documents/KIT/2023/BA/code/output/families/ssim_DL_s20_f100_sites200_GTR_bl1.0_d1.0_l1.0_t0.0_gc0.0_p0.0_pop10_ms0.0_mf0.0_seed14976684177860080345/families/family_066/misc/raxml_output.F81.raxml.bestTreeCollapsed
Best ML tree saved to: /home/fili/Documents/KIT/2023/BA/code/output/families/ssim_DL_s20_f100_sites200_GTR_bl1.0_d1.0_l1.0_t0.0_gc0.0_p0.0_pop10_ms0.0_mf0.0_seed14976684177860080345/families/family_066/misc/raxml_output.F81.raxml.bestTree
All ML trees saved to: /home/fili/Documents/KIT/2023/BA/code/output/families/ssim_DL_s20_f100_sites200_GTR_bl1.0_d1.0_l1.0_t0.0_gc0.0_p0.0_pop10_ms0.0_mf0.0_seed14976684177860080345/families/family_066/misc/raxml_output.F81.raxml.mlTrees
Optimized model saved to: /home/fili/Documents/KIT/2023/BA/code/output/families/ssim_DL_s20_f100_sites200_GTR_bl1.0_d1.0_l1.0_t0.0_gc0.0_p0.0_pop10_ms0.0_mf0.0_seed14976684177860080345/families/family_066/misc/raxml_output.F81.raxml.bestModel

Execution log saved to: /home/fili/Documents/KIT/2023/BA/code/output/families/ssim_DL_s20_f100_sites200_GTR_bl1.0_d1.0_l1.0_t0.0_gc0.0_p0.0_pop10_ms0.0_mf0.0_seed14976684177860080345/families/family_066/misc/raxml_output.F81.raxml.log

Analysis started: 27-Jun-2023 13:43:38 / finished: 27-Jun-2023 13:43:38

Elapsed time: 0.208 seconds

