
RAxML-NG v. 1.1.0 released on 29.11.2021 by The Exelixis Lab.
Developed by: Alexey M. Kozlov and Alexandros Stamatakis.
Contributors: Diego Darriba, Tomas Flouri, Benoit Morel, Sarah Lutteropp, Ben Bettisworth.
Latest version: https://github.com/amkozlov/raxml-ng
Questions/problems/suggestions? Please visit: https://groups.google.com/forum/#!forum/raxml

System: AMD Ryzen 7 5800X 8-Core Processor, 8 cores, 31 GB RAM

RAxML-NG was called at 27-Jun-2023 13:01:41 as follows:

/home/fili/Documents/KIT/2023/BA/resources/tools/RAxML-NG/raxml-ng --msa /home/fili/Documents/KIT/2023/BA/code/output/families/ssim_DL_s20_f100_sites200_GTR_bl1.0_d1.0_l1.0_t0.0_gc0.0_p0.0_pop10_ms0.0_mf0.0_seed1007/families/family_017/alignment.msa --model F81 --prefix /home/fili/Documents/KIT/2023/BA/code/output/families/ssim_DL_s20_f100_sites200_GTR_bl1.0_d1.0_l1.0_t0.0_gc0.0_p0.0_pop10_ms0.0_mf0.0_seed1007/families/family_017/misc/raxml_output.F81

Analysis options:
  run mode: ML tree search
  start tree(s): random (10) + parsimony (10)
  random seed: 1687863701
  tip-inner: OFF
  pattern compression: ON
  per-rate scalers: OFF
  site repeats: ON
  fast spr radius: AUTO
  spr subtree cutoff: 1.000000
  branch lengths: proportional (ML estimate, algorithm: NR-FAST)
  SIMD kernels: AVX2
  parallelization: coarse-grained (auto), PTHREADS (auto)

[00:00:00] Reading alignment from file: /home/fili/Documents/KIT/2023/BA/code/output/families/ssim_DL_s20_f100_sites200_GTR_bl1.0_d1.0_l1.0_t0.0_gc0.0_p0.0_pop10_ms0.0_mf0.0_seed1007/families/family_017/alignment.msa
[00:00:00] Loaded alignment with 20 taxa and 177 sites

WARNING: Sequences 19_0_0 and 20_0_0 are exactly identical!
WARNING: Sequences 2_0_0 and 8_0_0 are exactly identical!
WARNING: Duplicate sequences found: 2

NOTE: Reduced alignment (with duplicates and gap-only sites/taxa removed) 
NOTE: was saved to: /home/fili/Documents/KIT/2023/BA/code/output/families/ssim_DL_s20_f100_sites200_GTR_bl1.0_d1.0_l1.0_t0.0_gc0.0_p0.0_pop10_ms0.0_mf0.0_seed1007/families/family_017/misc/raxml_output.F81.raxml.reduced.phy

Alignment comprises 1 partitions and 109 patterns

Partition 0: noname
Model: F81+FO
Alignment sites / patterns: 177 / 109
Gaps: 0.00 %
Invariant sites: 32.20 %


NOTE: Binary MSA file created: /home/fili/Documents/KIT/2023/BA/code/output/families/ssim_DL_s20_f100_sites200_GTR_bl1.0_d1.0_l1.0_t0.0_gc0.0_p0.0_pop10_ms0.0_mf0.0_seed1007/families/family_017/misc/raxml_output.F81.raxml.rba

Parallelization scheme autoconfig: 8 worker(s) x 1 thread(s)

Parallel reduction/worker buffer size: 1 KB  / 0 KB

[00:00:00] Generating 10 random starting tree(s) with 20 taxa
[00:00:00] Generating 10 parsimony starting tree(s) with 20 taxa
[00:00:00] Data distribution: max. partitions/sites/weight per thread: 1 / 109 / 436
[00:00:00] Data distribution: max. searches per worker: 3

Starting ML tree search with 20 distinct starting trees

[00:00:00 -2443.231192] Initial branch length optimization
[00:00:00 -2218.489821] Model parameter optimization (eps = 10.000000)
[00:00:00 -2175.567433] AUTODETECT spr round 1 (radius: 5)
[00:00:00 -1393.295346] AUTODETECT spr round 2 (radius: 10)
[00:00:00 -1393.292895] SPR radius for FAST iterations: 5 (autodetect)
[00:00:00 -1393.292895] Model parameter optimization (eps = 3.000000)
[00:00:00 -1393.201817] FAST spr round 1 (radius: 5)
[00:00:00 -1390.791405] FAST spr round 2 (radius: 5)
[00:00:00 -1390.772408] Model parameter optimization (eps = 1.000000)
[00:00:00 -1390.210228] SLOW spr round 1 (radius: 5)
[00:00:00 -1389.985326] SLOW spr round 2 (radius: 5)
[00:00:00] [worker #7] ML tree search #8, logLikelihood: -1389.919387
[00:00:00 -1389.985320] SLOW spr round 3 (radius: 10)
[00:00:00 -1389.985320] SLOW spr round 4 (radius: 15)
[00:00:00 -1389.985320] SLOW spr round 5 (radius: 20)
[00:00:00] [worker #4] ML tree search #5, logLikelihood: -1389.919388
[00:00:00 -1389.985320] Model parameter optimization (eps = 0.100000)

[00:00:00] [worker #0] ML tree search #1, logLikelihood: -1389.919469

[00:00:00] [worker #1] ML tree search #2, logLikelihood: -1389.919387
[00:00:00 -2439.433833] Initial branch length optimization
[00:00:00 -2181.666197] Model parameter optimization (eps = 10.000000)
[00:00:00 -2131.080013] AUTODETECT spr round 1 (radius: 5)
[00:00:00] [worker #3] ML tree search #4, logLikelihood: -1389.919388
[00:00:00] [worker #2] ML tree search #3, logLikelihood: -1389.919466
[00:00:00 -1421.303828] AUTODETECT spr round 2 (radius: 10)
[00:00:00 -1421.303765] SPR radius for FAST iterations: 5 (autodetect)
[00:00:00 -1421.303765] Model parameter optimization (eps = 3.000000)
[00:00:00 -1421.103676] FAST spr round 1 (radius: 5)
[00:00:00] [worker #6] ML tree search #7, logLikelihood: -1389.919458
[00:00:00 -1393.623507] FAST spr round 2 (radius: 5)
[00:00:00 -1393.518643] FAST spr round 3 (radius: 5)
[00:00:00] [worker #5] ML tree search #6, logLikelihood: -1389.919396
[00:00:00 -1393.518640] Model parameter optimization (eps = 1.000000)
[00:00:00 -1393.042112] SLOW spr round 1 (radius: 5)
[00:00:00] [worker #4] ML tree search #13, logLikelihood: -1389.919392
[00:00:00] [worker #2] ML tree search #11, logLikelihood: -1389.919387
[00:00:00 -1392.145223] SLOW spr round 2 (radius: 5)
[00:00:00] [worker #3] ML tree search #12, logLikelihood: -1392.721084
[00:00:00] [worker #7] ML tree search #16, logLikelihood: -1389.919394
[00:00:00] [worker #1] ML tree search #10, logLikelihood: -1389.919399
[00:00:00 -1390.808858] SLOW spr round 3 (radius: 5)
[00:00:00 -1390.701776] SLOW spr round 4 (radius: 5)
[00:00:00] [worker #6] ML tree search #15, logLikelihood: -1389.919392
[00:00:00] [worker #3] ML tree search #20, logLikelihood: -1389.919388
[00:00:00] [worker #2] ML tree search #19, logLikelihood: -1389.919392
[00:00:00 -1390.532218] SLOW spr round 5 (radius: 5)
[00:00:00 -1390.462458] SLOW spr round 6 (radius: 10)
[00:00:00] [worker #5] ML tree search #14, logLikelihood: -1389.919396
[00:00:00 -1390.462453] SLOW spr round 7 (radius: 15)
[00:00:00 -1390.462453] SLOW spr round 8 (radius: 20)
[00:00:00 -1390.462453] Model parameter optimization (eps = 0.100000)

[00:00:00] [worker #0] ML tree search #9, logLikelihood: -1389.919410

[00:00:00 -1684.517716] Initial branch length optimization
[00:00:00 -1417.163985] Model parameter optimization (eps = 10.000000)
[00:00:00 -1392.721264] AUTODETECT spr round 1 (radius: 5)
[00:00:00 -1390.704278] AUTODETECT spr round 2 (radius: 10)
[00:00:00 -1390.704121] SPR radius for FAST iterations: 5 (autodetect)
[00:00:00 -1390.704121] Model parameter optimization (eps = 3.000000)
[00:00:00 -1390.699986] FAST spr round 1 (radius: 5)
[00:00:00 -1390.699982] Model parameter optimization (eps = 1.000000)
[00:00:00 -1390.699979] SLOW spr round 1 (radius: 5)
[00:00:00 -1390.506124] SLOW spr round 2 (radius: 5)
[00:00:00 -1390.121739] SLOW spr round 3 (radius: 5)
[00:00:00] [worker #1] ML tree search #18, logLikelihood: -1389.919393
[00:00:00 -1390.121735] SLOW spr round 4 (radius: 10)
[00:00:00 -1390.121735] SLOW spr round 5 (radius: 15)
[00:00:00 -1390.121735] SLOW spr round 6 (radius: 20)
[00:00:00 -1390.121735] Model parameter optimization (eps = 0.100000)

[00:00:00] [worker #0] ML tree search #17, logLikelihood: -1389.919393


Optimized model parameters:

   Partition 0: noname
   Rate heterogeneity: NONE
   Base frequencies (ML): 0.332337 0.154076 0.332368 0.181219 
   Substitution rates (model): 1.000000 1.000000 1.000000 1.000000 1.000000 1.000000 


Final LogLikelihood: -1389.919387

AIC score: 2859.838773 / AICc score: 2883.956420 / BIC score: 2986.884763
Free parameters (model + branch lengths): 40

WARNING: Best ML tree contains 1 near-zero branches!

Best ML tree with collapsed near-zero branches saved to: /home/fili/Documents/KIT/2023/BA/code/output/families/ssim_DL_s20_f100_sites200_GTR_bl1.0_d1.0_l1.0_t0.0_gc0.0_p0.0_pop10_ms0.0_mf0.0_seed1007/families/family_017/misc/raxml_output.F81.raxml.bestTreeCollapsed
Best ML tree saved to: /home/fili/Documents/KIT/2023/BA/code/output/families/ssim_DL_s20_f100_sites200_GTR_bl1.0_d1.0_l1.0_t0.0_gc0.0_p0.0_pop10_ms0.0_mf0.0_seed1007/families/family_017/misc/raxml_output.F81.raxml.bestTree
All ML trees saved to: /home/fili/Documents/KIT/2023/BA/code/output/families/ssim_DL_s20_f100_sites200_GTR_bl1.0_d1.0_l1.0_t0.0_gc0.0_p0.0_pop10_ms0.0_mf0.0_seed1007/families/family_017/misc/raxml_output.F81.raxml.mlTrees
Optimized model saved to: /home/fili/Documents/KIT/2023/BA/code/output/families/ssim_DL_s20_f100_sites200_GTR_bl1.0_d1.0_l1.0_t0.0_gc0.0_p0.0_pop10_ms0.0_mf0.0_seed1007/families/family_017/misc/raxml_output.F81.raxml.bestModel

Execution log saved to: /home/fili/Documents/KIT/2023/BA/code/output/families/ssim_DL_s20_f100_sites200_GTR_bl1.0_d1.0_l1.0_t0.0_gc0.0_p0.0_pop10_ms0.0_mf0.0_seed1007/families/family_017/misc/raxml_output.F81.raxml.log

Analysis started: 27-Jun-2023 13:01:41 / finished: 27-Jun-2023 13:01:42

Elapsed time: 0.372 seconds

