
RAxML-NG v. 1.1.0 released on 29.11.2021 by The Exelixis Lab.
Developed by: Alexey M. Kozlov and Alexandros Stamatakis.
Contributors: Diego Darriba, Tomas Flouri, Benoit Morel, Sarah Lutteropp, Ben Bettisworth.
Latest version: https://github.com/amkozlov/raxml-ng
Questions/problems/suggestions? Please visit: https://groups.google.com/forum/#!forum/raxml

System: AMD Ryzen 7 5800X 8-Core Processor, 8 cores, 31 GB RAM

RAxML-NG was called at 05-Jun-2023 13:02:26 as follows:

/home/fili/Documents/KIT/2023/BA/resources/tools/RAxML-NG/raxml-ng --msa /home/fili/Documents/KIT/2023/BA/code/output/families/ssim_dtl_s20_f100_sites200_GTR_bl1.0_d0.0_l0.0_t1.0_gc0.0_p0.0_pop10_ms0.0_mf0.0_seed42/families/family_070/alignment.msa --model GTR+G --prefix /home/fili/Documents/KIT/2023/BA/code/output/families/ssim_dtl_s20_f100_sites200_GTR_bl1.0_d0.0_l0.0_t1.0_gc0.0_p0.0_pop10_ms0.0_mf0.0_seed42/families/family_070/misc/raxml_output.GTR+G

Analysis options:
  run mode: ML tree search
  start tree(s): random (10) + parsimony (10)
  random seed: 1685962946
  tip-inner: OFF
  pattern compression: ON
  per-rate scalers: OFF
  site repeats: ON
  fast spr radius: AUTO
  spr subtree cutoff: 1.000000
  branch lengths: proportional (ML estimate, algorithm: NR-FAST)
  SIMD kernels: AVX2
  parallelization: coarse-grained (auto), PTHREADS (auto)

[00:00:00] Reading alignment from file: /home/fili/Documents/KIT/2023/BA/code/output/families/ssim_dtl_s20_f100_sites200_GTR_bl1.0_d0.0_l0.0_t1.0_gc0.0_p0.0_pop10_ms0.0_mf0.0_seed42/families/family_070/alignment.msa
[00:00:00] Loaded alignment with 20 taxa and 142 sites

WARNING: Sequences 13_0_0 and 9_0_0 are exactly identical!
WARNING: Sequences 1_0_0 and 3_0_0 are exactly identical!
WARNING: Sequences 7_0_0 and 10_0_0 are exactly identical!
WARNING: Sequences 7_0_0 and 12_0_0 are exactly identical!
WARNING: Sequences 7_0_0 and 4_0_0 are exactly identical!
WARNING: Sequences 7_0_0 and 6_0_0 are exactly identical!
WARNING: Duplicate sequences found: 6

NOTE: Reduced alignment (with duplicates and gap-only sites/taxa removed) 
NOTE: was saved to: /home/fili/Documents/KIT/2023/BA/code/output/families/ssim_dtl_s20_f100_sites200_GTR_bl1.0_d0.0_l0.0_t1.0_gc0.0_p0.0_pop10_ms0.0_mf0.0_seed42/families/family_070/misc/raxml_output.GTR+G.raxml.reduced.phy

Alignment comprises 1 partitions and 47 patterns

Partition 0: noname
Model: GTR+FO+G4m
Alignment sites / patterns: 142 / 47
Gaps: 0.00 %
Invariant sites: 61.27 %


NOTE: Binary MSA file created: /home/fili/Documents/KIT/2023/BA/code/output/families/ssim_dtl_s20_f100_sites200_GTR_bl1.0_d0.0_l0.0_t1.0_gc0.0_p0.0_pop10_ms0.0_mf0.0_seed42/families/family_070/misc/raxml_output.GTR+G.raxml.rba

Parallelization scheme autoconfig: 8 worker(s) x 1 thread(s)

Parallel reduction/worker buffer size: 1 KB  / 0 KB

[00:00:00] Generating 10 random starting tree(s) with 20 taxa
[00:00:00] Generating 10 parsimony starting tree(s) with 20 taxa
[00:00:00] Data distribution: max. partitions/sites/weight per thread: 1 / 47 / 752
[00:00:00] Data distribution: max. searches per worker: 3

Starting ML tree search with 20 distinct starting trees

[00:00:00 -1151.770425] Initial branch length optimization
[00:00:00 -963.908442] Model parameter optimization (eps = 10.000000)
[00:00:00 -800.382564] AUTODETECT spr round 1 (radius: 5)
[00:00:00 -602.550165] AUTODETECT spr round 2 (radius: 10)
[00:00:00 -600.636629] AUTODETECT spr round 3 (radius: 15)
[00:00:00 -600.635817] SPR radius for FAST iterations: 10 (autodetect)
[00:00:00 -600.635817] Model parameter optimization (eps = 3.000000)
[00:00:00 -597.119187] FAST spr round 1 (radius: 10)
[00:00:00 -595.171292] FAST spr round 2 (radius: 10)
[00:00:00 -594.125719] FAST spr round 3 (radius: 10)
[00:00:00 -594.073105] Model parameter optimization (eps = 1.000000)
[00:00:00 -593.439023] SLOW spr round 1 (radius: 5)
[00:00:00 -593.433760] SLOW spr round 2 (radius: 10)
[00:00:00] [worker #2] ML tree search #3, logLikelihood: -593.722510
[00:00:00] [worker #5] ML tree search #6, logLikelihood: -593.598268
[00:00:00] [worker #3] ML tree search #4, logLikelihood: -593.570189
[00:00:00 -593.433751] SLOW spr round 3 (radius: 15)
[00:00:00 -593.433751] SLOW spr round 4 (radius: 20)
[00:00:00 -593.433751] Model parameter optimization (eps = 0.100000)

[00:00:00] [worker #0] ML tree search #1, logLikelihood: -593.367943

[00:00:00] [worker #1] ML tree search #2, logLikelihood: -593.617745
[00:00:00 -1102.802850] Initial branch length optimization
[00:00:00 -884.425453] Model parameter optimization (eps = 10.000000)
[00:00:00] [worker #7] ML tree search #8, logLikelihood: -593.662283
[00:00:00 -738.894300] AUTODETECT spr round 1 (radius: 5)
[00:00:00 -624.619841] AUTODETECT spr round 2 (radius: 10)
[00:00:00 -606.192174] AUTODETECT spr round 3 (radius: 15)
[00:00:00 -606.187073] SPR radius for FAST iterations: 10 (autodetect)
[00:00:00 -606.187073] Model parameter optimization (eps = 3.000000)
[00:00:00] [worker #6] ML tree search #7, logLikelihood: -593.372295
[00:00:00 -602.070364] FAST spr round 1 (radius: 10)
[00:00:00] [worker #4] ML tree search #5, logLikelihood: -593.531895
[00:00:00 -594.928340] FAST spr round 2 (radius: 10)
[00:00:00 -594.927931] Model parameter optimization (eps = 1.000000)
[00:00:00 -593.611352] SLOW spr round 1 (radius: 5)
[00:00:00] [worker #5] ML tree search #14, logLikelihood: -593.352461
[00:00:00] [worker #3] ML tree search #12, logLikelihood: -593.352663
[00:00:00] [worker #2] ML tree search #11, logLikelihood: -593.353919
[00:00:00 -593.610186] SLOW spr round 2 (radius: 10)
[00:00:00 -593.610183] SLOW spr round 3 (radius: 15)
[00:00:00 -593.610183] SLOW spr round 4 (radius: 20)
[00:00:00 -593.610183] Model parameter optimization (eps = 0.100000)

[00:00:00] [worker #0] ML tree search #9, logLikelihood: -593.589475

[00:00:00 -846.869428] Initial branch length optimization
[00:00:00] [worker #7] ML tree search #16, logLikelihood: -593.352475
[00:00:00 -651.346462] Model parameter optimization (eps = 10.000000)
[00:00:00] [worker #1] ML tree search #10, logLikelihood: -593.360494
[00:00:00 -596.362147] AUTODETECT spr round 1 (radius: 5)
[00:00:00] [worker #6] ML tree search #15, logLikelihood: -593.353358
[00:00:00 -594.602323] AUTODETECT spr round 2 (radius: 10)
[00:00:00 -594.600781] SPR radius for FAST iterations: 5 (autodetect)
[00:00:00 -594.600781] Model parameter optimization (eps = 3.000000)
[00:00:00 -594.208967] FAST spr round 1 (radius: 5)
[00:00:00 -594.206324] Model parameter optimization (eps = 1.000000)
[00:00:00 -594.149972] SLOW spr round 1 (radius: 5)
[00:00:00] [worker #4] ML tree search #13, logLikelihood: -593.355979
[00:00:00] [worker #3] ML tree search #20, logLikelihood: -593.354841
[00:00:00 -593.422284] SLOW spr round 2 (radius: 5)
[00:00:00] [worker #2] ML tree search #19, logLikelihood: -593.351788
[00:00:00 -593.421919] SLOW spr round 3 (radius: 10)
[00:00:00 -593.421918] SLOW spr round 4 (radius: 15)
[00:00:00 -593.421918] SLOW spr round 5 (radius: 20)
[00:00:00] [worker #1] ML tree search #18, logLikelihood: -593.354681
[00:00:00 -593.421918] Model parameter optimization (eps = 0.100000)

[00:00:00] [worker #0] ML tree search #17, logLikelihood: -593.356895


Optimized model parameters:

   Partition 0: noname
   Rate heterogeneity: GAMMA (4 cats, mean),  alpha: 0.344176 (ML),  weights&rates: (0.250000,0.009552) (0.250000,0.139020) (0.250000,0.663053) (0.250000,3.188374) 
   Base frequencies (ML): 0.241457 0.213472 0.223410 0.321662 
   Substitution rates (ML): 6.051764 52.956842 1.917045 3.253280 12.309887 1.000000 


Final LogLikelihood: -593.351788

AIC score: 1278.703576 / AICc score: 1324.219366 / BIC score: 1414.671621
Free parameters (model + branch lengths): 46

WARNING: Best ML tree contains 8 near-zero branches!

Best ML tree with collapsed near-zero branches saved to: /home/fili/Documents/KIT/2023/BA/code/output/families/ssim_dtl_s20_f100_sites200_GTR_bl1.0_d0.0_l0.0_t1.0_gc0.0_p0.0_pop10_ms0.0_mf0.0_seed42/families/family_070/misc/raxml_output.GTR+G.raxml.bestTreeCollapsed
Best ML tree saved to: /home/fili/Documents/KIT/2023/BA/code/output/families/ssim_dtl_s20_f100_sites200_GTR_bl1.0_d0.0_l0.0_t1.0_gc0.0_p0.0_pop10_ms0.0_mf0.0_seed42/families/family_070/misc/raxml_output.GTR+G.raxml.bestTree
All ML trees saved to: /home/fili/Documents/KIT/2023/BA/code/output/families/ssim_dtl_s20_f100_sites200_GTR_bl1.0_d0.0_l0.0_t1.0_gc0.0_p0.0_pop10_ms0.0_mf0.0_seed42/families/family_070/misc/raxml_output.GTR+G.raxml.mlTrees
Optimized model saved to: /home/fili/Documents/KIT/2023/BA/code/output/families/ssim_dtl_s20_f100_sites200_GTR_bl1.0_d0.0_l0.0_t1.0_gc0.0_p0.0_pop10_ms0.0_mf0.0_seed42/families/family_070/misc/raxml_output.GTR+G.raxml.bestModel

Execution log saved to: /home/fili/Documents/KIT/2023/BA/code/output/families/ssim_dtl_s20_f100_sites200_GTR_bl1.0_d0.0_l0.0_t1.0_gc0.0_p0.0_pop10_ms0.0_mf0.0_seed42/families/family_070/misc/raxml_output.GTR+G.raxml.log

Analysis started: 05-Jun-2023 13:02:26 / finished: 05-Jun-2023 13:02:26

Elapsed time: 0.284 seconds

