GeneRax was called as follow:
/home/fili/Documents/KIT/2023/BA/resources/tools/GeneRax/build/bin/generax -f /home/fili/Documents/KIT/2023/BA/code/output/families/ssim_NE_s20_f100_sites200_GTR_bl1.0_d0.0_l0.0_t0.0_gc0.0_p0.0_pop10_ms0.0_mf0.0_seed1007/runs/F81/families-generax.txt -s /home/fili/Documents/KIT/2023/BA/code/output/families/ssim_NE_s20_f100_sites200_GTR_bl1.0_d0.0_l0.0_t0.0_gc0.0_p0.0_pop10_ms0.0_mf0.0_seed1007/species_trees/speciesTree.newick --strategy SPR -p /home/fili/Documents/KIT/2023/BA/code/output/families/ssim_NE_s20_f100_sites200_GTR_bl1.0_d0.0_l0.0_t0.0_gc0.0_p0.0_pop10_ms0.0_mf0.0_seed1007/runs/F81/generax 

General information:
- Output prefix: /home/fili/Documents/KIT/2023/BA/code/output/families/ssim_NE_s20_f100_sites200_GTR_bl1.0_d0.0_l0.0_t0.0_gc0.0_p0.0_pop10_ms0.0_mf0.0_seed1007/runs/F81/generax
- Families information: /home/fili/Documents/KIT/2023/BA/code/output/families/ssim_NE_s20_f100_sites200_GTR_bl1.0_d0.0_l0.0_t0.0_gc0.0_p0.0_pop10_ms0.0_mf0.0_seed1007/runs/F81/families-generax.txt
- Species tree: /home/fili/Documents/KIT/2023/BA/code/output/families/ssim_NE_s20_f100_sites200_GTR_bl1.0_d0.0_l0.0_t0.0_gc0.0_p0.0_pop10_ms0.0_mf0.0_seed1007/species_trees/speciesTree.newick
- MPI Ranks: 1
- Random seed: 123
- Reconciliation model: UndatedDTL
- DTL rates: global rates
- Infer ML reconciliation: ON
- Unrooted reconciliation likelihood: OFF
- Prune species tree mode: OFF

Gene tree correction information:
- Gene tree search strategy: SPR
- Max gene SPR radius: 5

[00:00:00] Filtering invalid families...

End of instance initialization

[00:00:00] [Initialization] Initial optimization of the starting random gene trees from the MSAs only
[00:00:05] [Initialization] Finished optimizing the gene trees from the MSAs

[00:00:05] Starting species tree initialization...
[00:00:05] End of species tree initialization
[00:00:05] Filtering invalid families based on the starting species tree...

[00:00:05] Gathering statistics about the families...
[00:00:05] Input data information:
- Number of gene families: 100
- Number of species: 20
- Total number of genes: 2000
- Average number of genes per family: 20
- Maximum number of genes per family: 20
- Species covered with the smallest family coverage: "14" (covered by 100/100 families)
- Average (over species) species family coverage: 100

[00:00:05] Reconciliation rates optimization... 
	D=1e-07, L=0.0543807, T=0.096579, RecLL= -2959.68

[00:00:05] Optimizing gene trees with radius=1... 
[00:00:08] JointLL=-137621 RecLL=-1452.78 LibpllLL=-136168

[00:00:08] Reconciliation rates optimization... 
	D=1e-07, L=0.0157178, T=0.0328611, RecLL= -1300.29

[00:00:09] Optimizing gene trees with radius=2... 
[00:00:14] JointLL=-137068 RecLL=-788.959 LibpllLL=-136279

[00:00:14] Reconciliation rates optimization... 
	D=1e-07, L=0.00577258, T=0.0192405, RecLL= -763.322

[00:00:15] Optimizing gene trees with radius=3... 
[00:00:21] JointLL=-136829 RecLL=-411.214 LibpllLL=-136418

[00:00:21] Reconciliation rates optimization... 
	D=1e-07, L=0.00301918, T=0.00917839, RecLL= -395.404

[00:00:22] Optimizing gene trees with radius=4... 
[00:00:28] JointLL=-136722 RecLL=-308.961 LibpllLL=-136413

[00:00:28] Reconciliation rates optimization... 
	D=1e-07, L=0.00244136, T=0.00661601, RecLL= -307.329

[00:00:29] Optimizing gene trees with radius=5... 
[00:00:35] JointLL=-136710 RecLL=-289.961 LibpllLL=-136420

[00:00:35] Reconciling gene trees with the species tree...
[00:00:35] Terminating the instance..

[00:00:35] DTL rates: D=1e-07 L= 0.00244136 T=0.00661601
[00:00:35] Reconciliation likelihood: -289.961
[00:00:35] Phylogenetic likelihood: -136420
[00:00:35] Joint likelihood: -136710
[00:00:35] Results directory: /home/fili/Documents/KIT/2023/BA/code/output/families/ssim_NE_s20_f100_sites200_GTR_bl1.0_d0.0_l0.0_t0.0_gc0.0_p0.0_pop10_ms0.0_mf0.0_seed1007/runs/F81/generax
[00:00:35] End of GeneRax execution
