
RAxML-NG v. 1.1.0 released on 29.11.2021 by The Exelixis Lab.
Developed by: Alexey M. Kozlov and Alexandros Stamatakis.
Contributors: Diego Darriba, Tomas Flouri, Benoit Morel, Sarah Lutteropp, Ben Bettisworth.
Latest version: https://github.com/amkozlov/raxml-ng
Questions/problems/suggestions? Please visit: https://groups.google.com/forum/#!forum/raxml

System: AMD Ryzen 7 5800X 8-Core Processor, 8 cores, 31 GB RAM

RAxML-NG was called at 13-Jun-2023 13:44:21 as follows:

/home/fili/Documents/KIT/2023/BA/resources/tools/RAxML-NG/raxml-ng --msa /home/fili/Documents/KIT/2023/BA/code/output/families/ssim_NE_s20_f100_sites200_GTR_bl1.0_d0.0_l0.0_t0.0_gc0.0_p0.0_pop10_ms0.0_mf0.0_seed42/families/family_070/alignment.msa --model F81 --prefix /home/fili/Documents/KIT/2023/BA/code/output/families/ssim_NE_s20_f100_sites200_GTR_bl1.0_d0.0_l0.0_t0.0_gc0.0_p0.0_pop10_ms0.0_mf0.0_seed42/families/family_070/misc/raxml_output.F81

Analysis options:
  run mode: ML tree search
  start tree(s): random (10) + parsimony (10)
  random seed: 1686656661
  tip-inner: OFF
  pattern compression: ON
  per-rate scalers: OFF
  site repeats: ON
  fast spr radius: AUTO
  spr subtree cutoff: 1.000000
  branch lengths: proportional (ML estimate, algorithm: NR-FAST)
  SIMD kernels: AVX2
  parallelization: coarse-grained (auto), PTHREADS (auto)

[00:00:00] Reading alignment from file: /home/fili/Documents/KIT/2023/BA/code/output/families/ssim_NE_s20_f100_sites200_GTR_bl1.0_d0.0_l0.0_t0.0_gc0.0_p0.0_pop10_ms0.0_mf0.0_seed42/families/family_070/alignment.msa
[00:00:00] Loaded alignment with 20 taxa and 142 sites

WARNING: Sequences 2_0_0 and 3_0_0 are exactly identical!
WARNING: Sequences 9_0_0 and 13_0_0 are exactly identical!
WARNING: Duplicate sequences found: 2

NOTE: Reduced alignment (with duplicates and gap-only sites/taxa removed) 
NOTE: was saved to: /home/fili/Documents/KIT/2023/BA/code/output/families/ssim_NE_s20_f100_sites200_GTR_bl1.0_d0.0_l0.0_t0.0_gc0.0_p0.0_pop10_ms0.0_mf0.0_seed42/families/family_070/misc/raxml_output.F81.raxml.reduced.phy

Alignment comprises 1 partitions and 66 patterns

Partition 0: noname
Model: F81+FO
Alignment sites / patterns: 142 / 66
Gaps: 0.00 %
Invariant sites: 55.63 %


NOTE: Binary MSA file created: /home/fili/Documents/KIT/2023/BA/code/output/families/ssim_NE_s20_f100_sites200_GTR_bl1.0_d0.0_l0.0_t0.0_gc0.0_p0.0_pop10_ms0.0_mf0.0_seed42/families/family_070/misc/raxml_output.F81.raxml.rba

Parallelization scheme autoconfig: 8 worker(s) x 1 thread(s)

Parallel reduction/worker buffer size: 1 KB  / 0 KB

[00:00:00] Generating 10 random starting tree(s) with 20 taxa
[00:00:00] Generating 10 parsimony starting tree(s) with 20 taxa
[00:00:00] Data distribution: max. partitions/sites/weight per thread: 1 / 66 / 264
[00:00:00] Data distribution: max. searches per worker: 3

Starting ML tree search with 20 distinct starting trees

[00:00:00 -1727.360271] Initial branch length optimization
[00:00:00 -1582.698890] Model parameter optimization (eps = 10.000000)
[00:00:00 -1579.267855] AUTODETECT spr round 1 (radius: 5)
[00:00:00 -994.886460] AUTODETECT spr round 2 (radius: 10)
[00:00:00 -994.885821] SPR radius for FAST iterations: 5 (autodetect)
[00:00:00 -994.885821] Model parameter optimization (eps = 3.000000)
[00:00:00 -994.656141] FAST spr round 1 (radius: 5)
[00:00:00 -976.709121] FAST spr round 2 (radius: 5)
[00:00:00 -974.740042] FAST spr round 3 (radius: 5)
[00:00:00 -974.739963] Model parameter optimization (eps = 1.000000)
[00:00:00 -974.659425] SLOW spr round 1 (radius: 5)
[00:00:00] [worker #6] ML tree search #7, logLikelihood: -974.660570
[00:00:00] [worker #5] ML tree search #6, logLikelihood: -974.660717
[00:00:00] [worker #3] ML tree search #4, logLikelihood: -974.660833
[00:00:00 -974.659321] SLOW spr round 2 (radius: 10)
[00:00:00] [worker #2] ML tree search #3, logLikelihood: -974.659302
[00:00:00] [worker #7] ML tree search #8, logLikelihood: -974.659406
[00:00:00] [worker #4] ML tree search #5, logLikelihood: -974.659295
[00:00:00 -974.659268] SLOW spr round 3 (radius: 15)
[00:00:00 -974.659228] SLOW spr round 4 (radius: 20)
[00:00:00 -974.659199] Model parameter optimization (eps = 0.100000)

[00:00:00] [worker #0] ML tree search #1, logLikelihood: -974.659181

[00:00:00 -1730.624130] Initial branch length optimization
[00:00:00 -1575.228356] Model parameter optimization (eps = 10.000000)
[00:00:00] [worker #1] ML tree search #2, logLikelihood: -974.659901
[00:00:00 -1572.627345] AUTODETECT spr round 1 (radius: 5)
[00:00:00] [worker #6] ML tree search #15, logLikelihood: -974.659595
[00:00:00 -985.739747] AUTODETECT spr round 2 (radius: 10)
[00:00:00 -985.729841] SPR radius for FAST iterations: 5 (autodetect)
[00:00:00 -985.729841] Model parameter optimization (eps = 3.000000)
[00:00:00] [worker #3] ML tree search #12, logLikelihood: -974.659590
[00:00:00 -985.175440] FAST spr round 1 (radius: 5)
[00:00:00] [worker #5] ML tree search #14, logLikelihood: -974.660068
[00:00:00 -976.652208] FAST spr round 2 (radius: 5)
[00:00:00] [worker #7] ML tree search #16, logLikelihood: -974.660581
[00:00:00 -976.274506] FAST spr round 3 (radius: 5)
[00:00:00] [worker #2] ML tree search #11, logLikelihood: -974.660460
[00:00:00 -974.669388] FAST spr round 4 (radius: 5)
[00:00:00] [worker #4] ML tree search #13, logLikelihood: -974.659383
[00:00:00 -974.669376] Model parameter optimization (eps = 1.000000)
[00:00:00 -974.659130] SLOW spr round 1 (radius: 5)
[00:00:00] [worker #2] ML tree search #19, logLikelihood: -974.660145
[00:00:00 -974.659123] SLOW spr round 2 (radius: 10)
[00:00:00 -974.659118] SLOW spr round 3 (radius: 15)
[00:00:00] [worker #1] ML tree search #10, logLikelihood: -974.659447
[00:00:00 -974.659115] SLOW spr round 4 (radius: 20)
[00:00:00] [worker #3] ML tree search #20, logLikelihood: -974.661236
[00:00:00 -974.659112] Model parameter optimization (eps = 0.100000)

[00:00:00] [worker #0] ML tree search #9, logLikelihood: -974.659111

[00:00:00 -1220.198998] Initial branch length optimization
[00:00:00 -980.369750] Model parameter optimization (eps = 10.000000)
[00:00:00 -977.925969] AUTODETECT spr round 1 (radius: 5)
[00:00:00 -977.864946] SPR radius for FAST iterations: 5 (autodetect)
[00:00:00 -977.864946] Model parameter optimization (eps = 3.000000)
[00:00:00 -977.864759] FAST spr round 1 (radius: 5)
[00:00:00 -977.770418] Model parameter optimization (eps = 1.000000)
[00:00:00 -977.717050] SLOW spr round 1 (radius: 5)
[00:00:00 -974.850710] SLOW spr round 2 (radius: 5)
[00:00:00 -974.848205] SLOW spr round 3 (radius: 10)
[00:00:00] [worker #1] ML tree search #18, logLikelihood: -974.659330
[00:00:00 -974.846334] SLOW spr round 4 (radius: 15)
[00:00:00 -974.844937] SLOW spr round 5 (radius: 20)
[00:00:00 -974.843894] Model parameter optimization (eps = 0.100000)

[00:00:00] [worker #0] ML tree search #17, logLikelihood: -974.661393


Optimized model parameters:

   Partition 0: noname
   Rate heterogeneity: NONE
   Base frequencies (ML): 0.253927 0.217765 0.238470 0.289838 
   Substitution rates (model): 1.000000 1.000000 1.000000 1.000000 1.000000 1.000000 


Final LogLikelihood: -974.659111

AIC score: 2029.318222 / AICc score: 2061.793469 / BIC score: 2147.551304
Free parameters (model + branch lengths): 40

WARNING: Best ML tree contains 1 near-zero branches!

Best ML tree with collapsed near-zero branches saved to: /home/fili/Documents/KIT/2023/BA/code/output/families/ssim_NE_s20_f100_sites200_GTR_bl1.0_d0.0_l0.0_t0.0_gc0.0_p0.0_pop10_ms0.0_mf0.0_seed42/families/family_070/misc/raxml_output.F81.raxml.bestTreeCollapsed
Best ML tree saved to: /home/fili/Documents/KIT/2023/BA/code/output/families/ssim_NE_s20_f100_sites200_GTR_bl1.0_d0.0_l0.0_t0.0_gc0.0_p0.0_pop10_ms0.0_mf0.0_seed42/families/family_070/misc/raxml_output.F81.raxml.bestTree
All ML trees saved to: /home/fili/Documents/KIT/2023/BA/code/output/families/ssim_NE_s20_f100_sites200_GTR_bl1.0_d0.0_l0.0_t0.0_gc0.0_p0.0_pop10_ms0.0_mf0.0_seed42/families/family_070/misc/raxml_output.F81.raxml.mlTrees
Optimized model saved to: /home/fili/Documents/KIT/2023/BA/code/output/families/ssim_NE_s20_f100_sites200_GTR_bl1.0_d0.0_l0.0_t0.0_gc0.0_p0.0_pop10_ms0.0_mf0.0_seed42/families/family_070/misc/raxml_output.F81.raxml.bestModel

Execution log saved to: /home/fili/Documents/KIT/2023/BA/code/output/families/ssim_NE_s20_f100_sites200_GTR_bl1.0_d0.0_l0.0_t0.0_gc0.0_p0.0_pop10_ms0.0_mf0.0_seed42/families/family_070/misc/raxml_output.F81.raxml.log

Analysis started: 13-Jun-2023 13:44:21 / finished: 13-Jun-2023 13:44:21

Elapsed time: 0.277 seconds

