
RAxML-NG v. 1.1.0 released on 29.11.2021 by The Exelixis Lab.
Developed by: Alexey M. Kozlov and Alexandros Stamatakis.
Contributors: Diego Darriba, Tomas Flouri, Benoit Morel, Sarah Lutteropp, Ben Bettisworth.
Latest version: https://github.com/amkozlov/raxml-ng
Questions/problems/suggestions? Please visit: https://groups.google.com/forum/#!forum/raxml

System: AMD Ryzen 7 5800X 8-Core Processor, 8 cores, 31 GB RAM

RAxML-NG was called at 27-Jun-2023 13:43:59 as follows:

/home/fili/Documents/KIT/2023/BA/resources/tools/RAxML-NG/raxml-ng --msa /home/fili/Documents/KIT/2023/BA/code/output/families/ssim_DL_s20_f100_sites200_GTR_bl1.0_d1.0_l1.0_t0.0_gc0.0_p0.0_pop10_ms0.0_mf0.0_seed14976684177860080345/families/family_005/alignment.msa --model F81 --prefix /home/fili/Documents/KIT/2023/BA/code/output/families/ssim_DL_s20_f100_sites200_GTR_bl1.0_d1.0_l1.0_t0.0_gc0.0_p0.0_pop10_ms0.0_mf0.0_seed14976684177860080345/families/family_005/misc/raxml_output.F81

Analysis options:
  run mode: ML tree search
  start tree(s): random (10) + parsimony (10)
  random seed: 1687866239
  tip-inner: OFF
  pattern compression: ON
  per-rate scalers: OFF
  site repeats: ON
  fast spr radius: AUTO
  spr subtree cutoff: 1.000000
  branch lengths: proportional (ML estimate, algorithm: NR-FAST)
  SIMD kernels: AVX2
  parallelization: coarse-grained (auto), PTHREADS (auto)

[00:00:00] Reading alignment from file: /home/fili/Documents/KIT/2023/BA/code/output/families/ssim_DL_s20_f100_sites200_GTR_bl1.0_d1.0_l1.0_t0.0_gc0.0_p0.0_pop10_ms0.0_mf0.0_seed14976684177860080345/families/family_005/alignment.msa
[00:00:00] Loaded alignment with 84 taxa and 196 sites

WARNING: Sequences 15_36_0 and 15_40_0 are exactly identical!
WARNING: Sequences 18_36_0 and 18_52_0 are exactly identical!
WARNING: Duplicate sequences found: 2

NOTE: Reduced alignment (with duplicates and gap-only sites/taxa removed) 
NOTE: was saved to: /home/fili/Documents/KIT/2023/BA/code/output/families/ssim_DL_s20_f100_sites200_GTR_bl1.0_d1.0_l1.0_t0.0_gc0.0_p0.0_pop10_ms0.0_mf0.0_seed14976684177860080345/families/family_005/misc/raxml_output.F81.raxml.reduced.phy

Alignment comprises 1 partitions and 194 patterns

Partition 0: noname
Model: F81+FO
Alignment sites / patterns: 196 / 194
Gaps: 0.00 %
Invariant sites: 2.04 %


NOTE: Binary MSA file created: /home/fili/Documents/KIT/2023/BA/code/output/families/ssim_DL_s20_f100_sites200_GTR_bl1.0_d1.0_l1.0_t0.0_gc0.0_p0.0_pop10_ms0.0_mf0.0_seed14976684177860080345/families/family_005/misc/raxml_output.F81.raxml.rba

Parallelization scheme autoconfig: 8 worker(s) x 1 thread(s)

Parallel reduction/worker buffer size: 1 KB  / 0 KB

[00:00:00] Generating 10 random starting tree(s) with 84 taxa
[00:00:00] Generating 10 parsimony starting tree(s) with 84 taxa
[00:00:00] Data distribution: max. partitions/sites/weight per thread: 1 / 194 / 776
[00:00:00] Data distribution: max. searches per worker: 3

Starting ML tree search with 20 distinct starting trees

[00:00:00 -18950.307061] Initial branch length optimization
[00:00:00 -15710.004137] Model parameter optimization (eps = 10.000000)
[00:00:00 -15620.204290] AUTODETECT spr round 1 (radius: 5)
[00:00:00 -10116.089285] AUTODETECT spr round 2 (radius: 10)
[00:00:00 -8330.142029] AUTODETECT spr round 3 (radius: 15)
[00:00:00 -8261.616816] AUTODETECT spr round 4 (radius: 20)
[00:00:00 -8261.605121] SPR radius for FAST iterations: 15 (autodetect)
[00:00:00 -8261.605121] Model parameter optimization (eps = 3.000000)
[00:00:00 -8181.472561] FAST spr round 1 (radius: 15)
[00:00:00 -7533.483191] FAST spr round 2 (radius: 15)
[00:00:00 -7524.108044] FAST spr round 3 (radius: 15)
[00:00:00 -7521.856023] FAST spr round 4 (radius: 15)
[00:00:00 -7520.719930] FAST spr round 5 (radius: 15)
[00:00:00 -7520.719890] Model parameter optimization (eps = 1.000000)
[00:00:00 -7518.141308] SLOW spr round 1 (radius: 5)
[00:00:00 -7518.138263] SLOW spr round 2 (radius: 10)
[00:00:00 -7518.138187] SLOW spr round 3 (radius: 15)
[00:00:01 -7518.138185] SLOW spr round 4 (radius: 20)
[00:00:01 -7518.138185] SLOW spr round 5 (radius: 25)
[00:00:01 -7518.138185] Model parameter optimization (eps = 0.100000)

[00:00:01] [worker #0] ML tree search #1, logLikelihood: -7518.137554

[00:00:01 -19441.592486] Initial branch length optimization
[00:00:01 -15952.895964] Model parameter optimization (eps = 10.000000)
[00:00:01 -15882.076423] AUTODETECT spr round 1 (radius: 5)
[00:00:01] [worker #7] ML tree search #8, logLikelihood: -7518.108552
[00:00:01 -10194.613314] AUTODETECT spr round 2 (radius: 10)
[00:00:01 -8973.201277] AUTODETECT spr round 3 (radius: 15)
[00:00:01] [worker #2] ML tree search #3, logLikelihood: -7516.546636
[00:00:01] [worker #6] ML tree search #7, logLikelihood: -7518.137568
[00:00:01 -8635.778301] AUTODETECT spr round 4 (radius: 20)
[00:00:01] [worker #1] ML tree search #2, logLikelihood: -7519.081287
[00:00:01] [worker #3] ML tree search #4, logLikelihood: -7518.919011
[00:00:01] [worker #4] ML tree search #5, logLikelihood: -7518.856810
[00:00:01] [worker #5] ML tree search #6, logLikelihood: -7518.805100
[00:00:01 -8635.774108] SPR radius for FAST iterations: 15 (autodetect)
[00:00:01 -8635.774108] Model parameter optimization (eps = 3.000000)
[00:00:01 -8550.933237] FAST spr round 1 (radius: 15)
[00:00:01 -7626.774629] FAST spr round 2 (radius: 15)
[00:00:01 -7540.050225] FAST spr round 3 (radius: 15)
[00:00:01 -7526.138955] FAST spr round 4 (radius: 15)
[00:00:01 -7521.770441] FAST spr round 5 (radius: 15)
[00:00:02 -7521.388279] FAST spr round 6 (radius: 15)
[00:00:02 -7521.224008] FAST spr round 7 (radius: 15)
[00:00:02 -7521.224002] Model parameter optimization (eps = 1.000000)
[00:00:02 -7518.964263] SLOW spr round 1 (radius: 5)
[00:00:02 -7518.833342] SLOW spr round 2 (radius: 5)
[00:00:02 -7518.832987] SLOW spr round 3 (radius: 10)
[00:00:02] [worker #7] ML tree search #16, logLikelihood: -7517.164976
[00:00:02] [worker #2] ML tree search #11, logLikelihood: -7519.121189
[00:00:02 -7518.832987] SLOW spr round 4 (radius: 15)
[00:00:02] [worker #6] ML tree search #15, logLikelihood: -7517.125906
[00:00:02] [worker #4] ML tree search #13, logLikelihood: -7517.097680
[00:00:02 -7518.832987] SLOW spr round 5 (radius: 20)
[00:00:02] [worker #5] ML tree search #14, logLikelihood: -7517.097689
[00:00:02 -7518.832987] SLOW spr round 6 (radius: 25)
[00:00:03 -7518.832987] Model parameter optimization (eps = 0.100000)

[00:00:03] [worker #0] ML tree search #9, logLikelihood: -7518.805071

[00:00:03 -8797.784515] Initial branch length optimization
[00:00:03 -7657.005750] Model parameter optimization (eps = 10.000000)
[00:00:03 -7548.651854] AUTODETECT spr round 1 (radius: 5)
[00:00:03 -7517.616535] AUTODETECT spr round 2 (radius: 10)
[00:00:03] [worker #3] ML tree search #12, logLikelihood: -7516.360221
[00:00:03 -7517.614733] SPR radius for FAST iterations: 5 (autodetect)
[00:00:03 -7517.614733] Model parameter optimization (eps = 3.000000)
[00:00:03 -7517.525471] FAST spr round 1 (radius: 5)
[00:00:03 -7517.126907] FAST spr round 2 (radius: 5)
[00:00:03 -7517.126906] Model parameter optimization (eps = 1.000000)
[00:00:03 -7517.126056] SLOW spr round 1 (radius: 5)
[00:00:03] [worker #1] ML tree search #10, logLikelihood: -7516.420773
[00:00:03 -7517.125906] SLOW spr round 2 (radius: 10)
[00:00:03 -7517.125906] SLOW spr round 3 (radius: 15)
[00:00:03] [worker #2] ML tree search #19, logLikelihood: -7518.139586
[00:00:03 -7517.125906] SLOW spr round 4 (radius: 20)
[00:00:03 -7517.125906] SLOW spr round 5 (radius: 25)
[00:00:03 -7517.125906] Model parameter optimization (eps = 0.100000)

[00:00:03] [worker #0] ML tree search #17, logLikelihood: -7517.125905

[00:00:04] [worker #3] ML tree search #20, logLikelihood: -7516.421963
[00:00:04] [worker #1] ML tree search #18, logLikelihood: -7518.098359

Optimized model parameters:

   Partition 0: noname
   Rate heterogeneity: NONE
   Base frequencies (ML): 0.350254 0.140468 0.303440 0.205838 
   Substitution rates (model): 1.000000 1.000000 1.000000 1.000000 1.000000 1.000000 


Final LogLikelihood: -7516.360221

AIC score: 15368.720442 / AICc score: 17471.831553 / BIC score: 15919.443704
Free parameters (model + branch lengths): 168

WARNING: Best ML tree contains 6 near-zero branches!

Best ML tree with collapsed near-zero branches saved to: /home/fili/Documents/KIT/2023/BA/code/output/families/ssim_DL_s20_f100_sites200_GTR_bl1.0_d1.0_l1.0_t0.0_gc0.0_p0.0_pop10_ms0.0_mf0.0_seed14976684177860080345/families/family_005/misc/raxml_output.F81.raxml.bestTreeCollapsed
Best ML tree saved to: /home/fili/Documents/KIT/2023/BA/code/output/families/ssim_DL_s20_f100_sites200_GTR_bl1.0_d1.0_l1.0_t0.0_gc0.0_p0.0_pop10_ms0.0_mf0.0_seed14976684177860080345/families/family_005/misc/raxml_output.F81.raxml.bestTree
All ML trees saved to: /home/fili/Documents/KIT/2023/BA/code/output/families/ssim_DL_s20_f100_sites200_GTR_bl1.0_d1.0_l1.0_t0.0_gc0.0_p0.0_pop10_ms0.0_mf0.0_seed14976684177860080345/families/family_005/misc/raxml_output.F81.raxml.mlTrees
Optimized model saved to: /home/fili/Documents/KIT/2023/BA/code/output/families/ssim_DL_s20_f100_sites200_GTR_bl1.0_d1.0_l1.0_t0.0_gc0.0_p0.0_pop10_ms0.0_mf0.0_seed14976684177860080345/families/family_005/misc/raxml_output.F81.raxml.bestModel

Execution log saved to: /home/fili/Documents/KIT/2023/BA/code/output/families/ssim_DL_s20_f100_sites200_GTR_bl1.0_d1.0_l1.0_t0.0_gc0.0_p0.0_pop10_ms0.0_mf0.0_seed14976684177860080345/families/family_005/misc/raxml_output.F81.raxml.log

Analysis started: 27-Jun-2023 13:43:59 / finished: 27-Jun-2023 13:44:03

Elapsed time: 4.497 seconds

