
RAxML-NG v. 1.1.0 released on 29.11.2021 by The Exelixis Lab.
Developed by: Alexey M. Kozlov and Alexandros Stamatakis.
Contributors: Diego Darriba, Tomas Flouri, Benoit Morel, Sarah Lutteropp, Ben Bettisworth.
Latest version: https://github.com/amkozlov/raxml-ng
Questions/problems/suggestions? Please visit: https://groups.google.com/forum/#!forum/raxml

System: AMD Ryzen 7 5800X 8-Core Processor, 8 cores, 31 GB RAM

RAxML-NG was called at 19-Jun-2023 17:10:46 as follows:

/home/fili/Documents/KIT/2023/BA/resources/tools/RAxML-NG/raxml-ng --msa /home/fili/Documents/KIT/2023/BA/code/output/families/ssim_NE_s20_f100_sites200_GTR_bl1.0_d0.0_l0.0_t0.0_gc0.0_p0.0_pop10_ms0.0_mf0.0_seed42/families/family_069/alignment.msa --model F81 --prefix /home/fili/Documents/KIT/2023/BA/code/output/families/ssim_NE_s20_f100_sites200_GTR_bl1.0_d0.0_l0.0_t0.0_gc0.0_p0.0_pop10_ms0.0_mf0.0_seed42/families/family_069/misc/raxml_output.F81

Analysis options:
  run mode: ML tree search
  start tree(s): random (10) + parsimony (10)
  random seed: 1687187446
  tip-inner: OFF
  pattern compression: ON
  per-rate scalers: OFF
  site repeats: ON
  fast spr radius: AUTO
  spr subtree cutoff: 1.000000
  branch lengths: proportional (ML estimate, algorithm: NR-FAST)
  SIMD kernels: AVX2
  parallelization: coarse-grained (auto), PTHREADS (auto)

[00:00:00] Reading alignment from file: /home/fili/Documents/KIT/2023/BA/code/output/families/ssim_NE_s20_f100_sites200_GTR_bl1.0_d0.0_l0.0_t0.0_gc0.0_p0.0_pop10_ms0.0_mf0.0_seed42/families/family_069/alignment.msa
[00:00:00] Loaded alignment with 20 taxa and 250 sites

WARNING: Sequences 1_0_0 and 3_0_0 are exactly identical!
WARNING: Sequences 13_0_0 and 9_0_0 are exactly identical!
WARNING: Duplicate sequences found: 2

NOTE: Reduced alignment (with duplicates and gap-only sites/taxa removed) 
NOTE: was saved to: /home/fili/Documents/KIT/2023/BA/code/output/families/ssim_NE_s20_f100_sites200_GTR_bl1.0_d0.0_l0.0_t0.0_gc0.0_p0.0_pop10_ms0.0_mf0.0_seed42/families/family_069/misc/raxml_output.F81.raxml.reduced.phy

Alignment comprises 1 partitions and 108 patterns

Partition 0: noname
Model: F81+FO
Alignment sites / patterns: 250 / 108
Gaps: 0.00 %
Invariant sites: 50.40 %


NOTE: Binary MSA file created: /home/fili/Documents/KIT/2023/BA/code/output/families/ssim_NE_s20_f100_sites200_GTR_bl1.0_d0.0_l0.0_t0.0_gc0.0_p0.0_pop10_ms0.0_mf0.0_seed42/families/family_069/misc/raxml_output.F81.raxml.rba

Parallelization scheme autoconfig: 8 worker(s) x 1 thread(s)

Parallel reduction/worker buffer size: 1 KB  / 0 KB

[00:00:00] Generating 10 random starting tree(s) with 20 taxa
[00:00:00] Generating 10 parsimony starting tree(s) with 20 taxa
[00:00:00] Data distribution: max. partitions/sites/weight per thread: 1 / 108 / 432
[00:00:00] Data distribution: max. searches per worker: 3

Starting ML tree search with 20 distinct starting trees

[00:00:00 -2965.851293] Initial branch length optimization
[00:00:00 -2600.742164] Model parameter optimization (eps = 10.000000)
[00:00:00 -2404.617938] AUTODETECT spr round 1 (radius: 5)
[00:00:00 -1458.145317] AUTODETECT spr round 2 (radius: 10)
[00:00:00 -1451.973008] AUTODETECT spr round 3 (radius: 15)
[00:00:00 -1451.937945] SPR radius for FAST iterations: 10 (autodetect)
[00:00:00 -1451.937945] Model parameter optimization (eps = 3.000000)
[00:00:00 -1449.064658] FAST spr round 1 (radius: 10)
[00:00:00 -1419.141979] FAST spr round 2 (radius: 10)
[00:00:00 -1414.626908] FAST spr round 3 (radius: 10)
[00:00:00 -1414.020618] FAST spr round 4 (radius: 10)
[00:00:00 -1414.020605] Model parameter optimization (eps = 1.000000)
[00:00:00 -1413.980651] SLOW spr round 1 (radius: 5)
[00:00:00] [worker #6] ML tree search #7, logLikelihood: -1413.980628
[00:00:00] [worker #4] ML tree search #5, logLikelihood: -1413.980631
[00:00:00 -1413.980638] SLOW spr round 2 (radius: 10)
[00:00:00] [worker #2] ML tree search #3, logLikelihood: -1413.980628
[00:00:00] [worker #5] ML tree search #6, logLikelihood: -1413.980629
[00:00:00] [worker #3] ML tree search #4, logLikelihood: -1413.980629
[00:00:00 -1413.980638] SLOW spr round 3 (radius: 15)
[00:00:00 -1413.980638] SLOW spr round 4 (radius: 20)
[00:00:00 -1413.980638] Model parameter optimization (eps = 0.100000)

[00:00:00] [worker #0] ML tree search #1, logLikelihood: -1413.980628

[00:00:00 -2913.269331] Initial branch length optimization
[00:00:00 -2542.504318] Model parameter optimization (eps = 10.000000)
[00:00:00 -2354.216299] AUTODETECT spr round 1 (radius: 5)
[00:00:00] [worker #1] ML tree search #2, logLikelihood: -1413.980629
[00:00:00 -1538.660928] AUTODETECT spr round 2 (radius: 10)
[00:00:00] [worker #7] ML tree search #8, logLikelihood: -1413.980629
[00:00:00 -1491.972478] AUTODETECT spr round 3 (radius: 15)
[00:00:00 -1491.972185] SPR radius for FAST iterations: 10 (autodetect)
[00:00:00 -1491.972185] Model parameter optimization (eps = 3.000000)
[00:00:00 -1489.809524] FAST spr round 1 (radius: 10)
[00:00:00 -1414.141419] FAST spr round 2 (radius: 10)
[00:00:00] [worker #6] ML tree search #15, logLikelihood: -1413.980630
[00:00:00] [worker #3] ML tree search #12, logLikelihood: -1413.980628
[00:00:00 -1414.141416] Model parameter optimization (eps = 1.000000)
[00:00:00 -1413.980705] SLOW spr round 1 (radius: 5)
[00:00:00] [worker #5] ML tree search #14, logLikelihood: -1413.980629
[00:00:00] [worker #2] ML tree search #11, logLikelihood: -1413.980630
[00:00:00] [worker #4] ML tree search #13, logLikelihood: -1413.980628
[00:00:00 -1413.980664] SLOW spr round 2 (radius: 10)
[00:00:00] [worker #3] ML tree search #20, logLikelihood: -1413.980629
[00:00:00 -1413.980664] SLOW spr round 3 (radius: 15)
[00:00:00] [worker #7] ML tree search #16, logLikelihood: -1413.980629
[00:00:00 -1413.980664] SLOW spr round 4 (radius: 20)
[00:00:00 -1413.980664] Model parameter optimization (eps = 0.100000)

[00:00:00] [worker #0] ML tree search #9, logLikelihood: -1413.980629

[00:00:00 -2004.606412] Initial branch length optimization
[00:00:00] [worker #2] ML tree search #19, logLikelihood: -1413.980630
[00:00:00 -1507.652613] Model parameter optimization (eps = 10.000000)
[00:00:00 -1413.980820] AUTODETECT spr round 1 (radius: 5)
[00:00:00 -1413.980675] SPR radius for FAST iterations: 5 (autodetect)
[00:00:00 -1413.980675] Model parameter optimization (eps = 3.000000)
[00:00:00 -1413.980631] FAST spr round 1 (radius: 5)
[00:00:00] [worker #1] ML tree search #10, logLikelihood: -1413.980628
[00:00:00 -1413.980631] Model parameter optimization (eps = 1.000000)
[00:00:00 -1413.980630] SLOW spr round 1 (radius: 5)
[00:00:00 -1413.980630] SLOW spr round 2 (radius: 10)
[00:00:00 -1413.980630] SLOW spr round 3 (radius: 15)
[00:00:00 -1413.980630] SLOW spr round 4 (radius: 20)
[00:00:00 -1413.980630] Model parameter optimization (eps = 0.100000)

[00:00:00] [worker #0] ML tree search #17, logLikelihood: -1413.980630

[00:00:00] [worker #1] ML tree search #18, logLikelihood: -1413.980630

Optimized model parameters:

   Partition 0: noname
   Rate heterogeneity: NONE
   Base frequencies (ML): 0.343137 0.079463 0.441884 0.135515 
   Substitution rates (model): 1.000000 1.000000 1.000000 1.000000 1.000000 1.000000 


Final LogLikelihood: -1413.980628

AIC score: 2907.961256 / AICc score: 2923.655036 / BIC score: 3048.819693
Free parameters (model + branch lengths): 40

WARNING: Best ML tree contains 2 near-zero branches!

Best ML tree with collapsed near-zero branches saved to: /home/fili/Documents/KIT/2023/BA/code/output/families/ssim_NE_s20_f100_sites200_GTR_bl1.0_d0.0_l0.0_t0.0_gc0.0_p0.0_pop10_ms0.0_mf0.0_seed42/families/family_069/misc/raxml_output.F81.raxml.bestTreeCollapsed
Best ML tree saved to: /home/fili/Documents/KIT/2023/BA/code/output/families/ssim_NE_s20_f100_sites200_GTR_bl1.0_d0.0_l0.0_t0.0_gc0.0_p0.0_pop10_ms0.0_mf0.0_seed42/families/family_069/misc/raxml_output.F81.raxml.bestTree
All ML trees saved to: /home/fili/Documents/KIT/2023/BA/code/output/families/ssim_NE_s20_f100_sites200_GTR_bl1.0_d0.0_l0.0_t0.0_gc0.0_p0.0_pop10_ms0.0_mf0.0_seed42/families/family_069/misc/raxml_output.F81.raxml.mlTrees
Optimized model saved to: /home/fili/Documents/KIT/2023/BA/code/output/families/ssim_NE_s20_f100_sites200_GTR_bl1.0_d0.0_l0.0_t0.0_gc0.0_p0.0_pop10_ms0.0_mf0.0_seed42/families/family_069/misc/raxml_output.F81.raxml.bestModel

Execution log saved to: /home/fili/Documents/KIT/2023/BA/code/output/families/ssim_NE_s20_f100_sites200_GTR_bl1.0_d0.0_l0.0_t0.0_gc0.0_p0.0_pop10_ms0.0_mf0.0_seed42/families/family_069/misc/raxml_output.F81.raxml.log

Analysis started: 19-Jun-2023 17:10:46 / finished: 19-Jun-2023 17:10:46

Elapsed time: 0.288 seconds

