
RAxML-NG v. 1.1.0 released on 29.11.2021 by The Exelixis Lab.
Developed by: Alexey M. Kozlov and Alexandros Stamatakis.
Contributors: Diego Darriba, Tomas Flouri, Benoit Morel, Sarah Lutteropp, Ben Bettisworth.
Latest version: https://github.com/amkozlov/raxml-ng
Questions/problems/suggestions? Please visit: https://groups.google.com/forum/#!forum/raxml

System: AMD Ryzen 7 5800X 8-Core Processor, 8 cores, 31 GB RAM

RAxML-NG was called at 21-Jun-2023 14:53:13 as follows:

/home/fili/Documents/KIT/2023/BA/resources/tools/RAxML-NG/raxml-ng --msa /home/fili/Documents/KIT/2023/BA/code/output/families/ssim_NE_s20_f100_sites200_GTR_bl1.0_d0.0_l0.0_t0.0_gc0.0_p0.0_pop10_ms0.0_mf0.0_seed19732311/families/family_069/alignment.msa --model F81 --prefix /home/fili/Documents/KIT/2023/BA/code/output/families/ssim_NE_s20_f100_sites200_GTR_bl1.0_d0.0_l0.0_t0.0_gc0.0_p0.0_pop10_ms0.0_mf0.0_seed19732311/families/family_069/misc/raxml_output.F81

Analysis options:
  run mode: ML tree search
  start tree(s): random (10) + parsimony (10)
  random seed: 1687351993
  tip-inner: OFF
  pattern compression: ON
  per-rate scalers: OFF
  site repeats: ON
  fast spr radius: AUTO
  spr subtree cutoff: 1.000000
  branch lengths: proportional (ML estimate, algorithm: NR-FAST)
  SIMD kernels: AVX2
  parallelization: coarse-grained (auto), PTHREADS (auto)

[00:00:00] Reading alignment from file: /home/fili/Documents/KIT/2023/BA/code/output/families/ssim_NE_s20_f100_sites200_GTR_bl1.0_d0.0_l0.0_t0.0_gc0.0_p0.0_pop10_ms0.0_mf0.0_seed19732311/families/family_069/alignment.msa
[00:00:00] Loaded alignment with 20 taxa and 176 sites

WARNING: Sequences 1_0_0 and 2_0_0 are exactly identical!
WARNING: Sequences 6_0_0 and 11_0_0 are exactly identical!
WARNING: Duplicate sequences found: 2

NOTE: Reduced alignment (with duplicates and gap-only sites/taxa removed) 
NOTE: was saved to: /home/fili/Documents/KIT/2023/BA/code/output/families/ssim_NE_s20_f100_sites200_GTR_bl1.0_d0.0_l0.0_t0.0_gc0.0_p0.0_pop10_ms0.0_mf0.0_seed19732311/families/family_069/misc/raxml_output.F81.raxml.reduced.phy

Alignment comprises 1 partitions and 96 patterns

Partition 0: noname
Model: F81+FO
Alignment sites / patterns: 176 / 96
Gaps: 0.00 %
Invariant sites: 38.64 %


NOTE: Binary MSA file created: /home/fili/Documents/KIT/2023/BA/code/output/families/ssim_NE_s20_f100_sites200_GTR_bl1.0_d0.0_l0.0_t0.0_gc0.0_p0.0_pop10_ms0.0_mf0.0_seed19732311/families/family_069/misc/raxml_output.F81.raxml.rba

Parallelization scheme autoconfig: 8 worker(s) x 1 thread(s)

Parallel reduction/worker buffer size: 1 KB  / 0 KB

[00:00:00] Generating 10 random starting tree(s) with 20 taxa
[00:00:00] Generating 10 parsimony starting tree(s) with 20 taxa
[00:00:00] Data distribution: max. partitions/sites/weight per thread: 1 / 96 / 384
[00:00:00] Data distribution: max. searches per worker: 3

Starting ML tree search with 20 distinct starting trees

[00:00:00 -2680.519264] Initial branch length optimization
[00:00:00 -2403.589007] Model parameter optimization (eps = 10.000000)
[00:00:00 -2328.790549] AUTODETECT spr round 1 (radius: 5)
[00:00:00 -1224.409327] AUTODETECT spr round 2 (radius: 10)
[00:00:00 -1219.042948] AUTODETECT spr round 3 (radius: 15)
[00:00:00 -1218.993599] SPR radius for FAST iterations: 10 (autodetect)
[00:00:00 -1218.993599] Model parameter optimization (eps = 3.000000)
[00:00:00 -1216.709431] FAST spr round 1 (radius: 10)
[00:00:00 -1121.889774] FAST spr round 2 (radius: 10)
[00:00:00 -1119.262900] FAST spr round 3 (radius: 10)
[00:00:00 -1118.890338] FAST spr round 4 (radius: 10)
[00:00:00 -1118.713443] FAST spr round 5 (radius: 10)
[00:00:00 -1118.713332] Model parameter optimization (eps = 1.000000)
[00:00:00 -1118.686491] SLOW spr round 1 (radius: 5)
[00:00:00] [worker #6] ML tree search #7, logLikelihood: -1118.686472
[00:00:00] [worker #5] ML tree search #6, logLikelihood: -1118.686473
[00:00:00] [worker #1] ML tree search #2, logLikelihood: -1118.686472
[00:00:00] [worker #2] ML tree search #3, logLikelihood: -1118.686472
[00:00:00] [worker #4] ML tree search #5, logLikelihood: -1118.686473
[00:00:00] [worker #3] ML tree search #4, logLikelihood: -1118.686472
[00:00:00 -1118.686480] SLOW spr round 2 (radius: 10)
[00:00:00] [worker #7] ML tree search #8, logLikelihood: -1118.686472
[00:00:00 -1118.686480] SLOW spr round 3 (radius: 15)
[00:00:00 -1118.686480] SLOW spr round 4 (radius: 20)
[00:00:00 -1118.686480] Model parameter optimization (eps = 0.100000)

[00:00:00] [worker #0] ML tree search #1, logLikelihood: -1118.686471

[00:00:00 -2635.443070] Initial branch length optimization
[00:00:00 -2265.870615] Model parameter optimization (eps = 10.000000)
[00:00:00 -2209.377629] AUTODETECT spr round 1 (radius: 5)
[00:00:00] [worker #6] ML tree search #15, logLikelihood: -1118.686472
[00:00:00 -1129.466803] AUTODETECT spr round 2 (radius: 10)
[00:00:00 -1129.466629] SPR radius for FAST iterations: 5 (autodetect)
[00:00:00 -1129.466629] Model parameter optimization (eps = 3.000000)
[00:00:00 -1128.934932] FAST spr round 1 (radius: 5)
[00:00:00] [worker #5] ML tree search #14, logLikelihood: -1118.686472
[00:00:00] [worker #2] ML tree search #11, logLikelihood: -1118.686472
[00:00:00 -1118.700899] FAST spr round 2 (radius: 5)
[00:00:00] [worker #4] ML tree search #13, logLikelihood: -1118.686473
[00:00:00 -1118.700799] Model parameter optimization (eps = 1.000000)
[00:00:00 -1118.686484] SLOW spr round 1 (radius: 5)
[00:00:00] [worker #3] ML tree search #12, logLikelihood: -1118.686472
[00:00:00] [worker #7] ML tree search #16, logLikelihood: -1118.686472
[00:00:00] [worker #1] ML tree search #10, logLikelihood: -1118.686471
[00:00:00 -1118.686479] SLOW spr round 2 (radius: 10)
[00:00:00 -1118.686479] SLOW spr round 3 (radius: 15)
[00:00:00 -1118.686479] SLOW spr round 4 (radius: 20)
[00:00:00 -1118.686479] Model parameter optimization (eps = 0.100000)

[00:00:00] [worker #0] ML tree search #9, logLikelihood: -1118.686472

[00:00:00 -1516.497245] Initial branch length optimization
[00:00:00 -1150.660774] Model parameter optimization (eps = 10.000000)
[00:00:00 -1123.681401] AUTODETECT spr round 1 (radius: 5)
[00:00:00 -1118.838875] AUTODETECT spr round 2 (radius: 10)
[00:00:00] [worker #2] ML tree search #19, logLikelihood: -1118.686472
[00:00:00 -1118.838150] SPR radius for FAST iterations: 5 (autodetect)
[00:00:00 -1118.838150] Model parameter optimization (eps = 3.000000)
[00:00:00 -1118.837000] FAST spr round 1 (radius: 5)
[00:00:00 -1118.693573] FAST spr round 2 (radius: 5)
[00:00:00 -1118.693572] Model parameter optimization (eps = 1.000000)
[00:00:00 -1118.686472] SLOW spr round 1 (radius: 5)
[00:00:00] [worker #3] ML tree search #20, logLikelihood: -1118.686472
[00:00:00] [worker #1] ML tree search #18, logLikelihood: -1118.686472
[00:00:00 -1118.686472] SLOW spr round 2 (radius: 10)
[00:00:00 -1118.686472] SLOW spr round 3 (radius: 15)
[00:00:00 -1118.686472] SLOW spr round 4 (radius: 20)
[00:00:00 -1118.686472] Model parameter optimization (eps = 0.100000)

[00:00:00] [worker #0] ML tree search #17, logLikelihood: -1118.686472


Optimized model parameters:

   Partition 0: noname
   Rate heterogeneity: NONE
   Base frequencies (ML): 0.356893 0.151835 0.325907 0.165365 
   Substitution rates (model): 1.000000 1.000000 1.000000 1.000000 1.000000 1.000000 


Final LogLikelihood: -1118.686471

AIC score: 2317.372943 / AICc score: 2341.669239 / BIC score: 2444.192303
Free parameters (model + branch lengths): 40

WARNING: Best ML tree contains 1 near-zero branches!

Best ML tree with collapsed near-zero branches saved to: /home/fili/Documents/KIT/2023/BA/code/output/families/ssim_NE_s20_f100_sites200_GTR_bl1.0_d0.0_l0.0_t0.0_gc0.0_p0.0_pop10_ms0.0_mf0.0_seed19732311/families/family_069/misc/raxml_output.F81.raxml.bestTreeCollapsed
Best ML tree saved to: /home/fili/Documents/KIT/2023/BA/code/output/families/ssim_NE_s20_f100_sites200_GTR_bl1.0_d0.0_l0.0_t0.0_gc0.0_p0.0_pop10_ms0.0_mf0.0_seed19732311/families/family_069/misc/raxml_output.F81.raxml.bestTree
All ML trees saved to: /home/fili/Documents/KIT/2023/BA/code/output/families/ssim_NE_s20_f100_sites200_GTR_bl1.0_d0.0_l0.0_t0.0_gc0.0_p0.0_pop10_ms0.0_mf0.0_seed19732311/families/family_069/misc/raxml_output.F81.raxml.mlTrees
Optimized model saved to: /home/fili/Documents/KIT/2023/BA/code/output/families/ssim_NE_s20_f100_sites200_GTR_bl1.0_d0.0_l0.0_t0.0_gc0.0_p0.0_pop10_ms0.0_mf0.0_seed19732311/families/family_069/misc/raxml_output.F81.raxml.bestModel

Execution log saved to: /home/fili/Documents/KIT/2023/BA/code/output/families/ssim_NE_s20_f100_sites200_GTR_bl1.0_d0.0_l0.0_t0.0_gc0.0_p0.0_pop10_ms0.0_mf0.0_seed19732311/families/family_069/misc/raxml_output.F81.raxml.log

Analysis started: 21-Jun-2023 14:53:13 / finished: 21-Jun-2023 14:53:13

Elapsed time: 0.219 seconds

