
RAxML-NG v. 1.1.0 released on 29.11.2021 by The Exelixis Lab.
Developed by: Alexey M. Kozlov and Alexandros Stamatakis.
Contributors: Diego Darriba, Tomas Flouri, Benoit Morel, Sarah Lutteropp, Ben Bettisworth.
Latest version: https://github.com/amkozlov/raxml-ng
Questions/problems/suggestions? Please visit: https://groups.google.com/forum/#!forum/raxml

System: AMD Ryzen 7 5800X 8-Core Processor, 8 cores, 31 GB RAM

RAxML-NG was called at 21-Jun-2023 14:53:22 as follows:

/home/fili/Documents/KIT/2023/BA/resources/tools/RAxML-NG/raxml-ng --msa /home/fili/Documents/KIT/2023/BA/code/output/families/ssim_NE_s20_f100_sites200_GTR_bl1.0_d0.0_l0.0_t0.0_gc0.0_p0.0_pop10_ms0.0_mf0.0_seed19732311/families/family_025/alignment.msa --model F81 --prefix /home/fili/Documents/KIT/2023/BA/code/output/families/ssim_NE_s20_f100_sites200_GTR_bl1.0_d0.0_l0.0_t0.0_gc0.0_p0.0_pop10_ms0.0_mf0.0_seed19732311/families/family_025/misc/raxml_output.F81

Analysis options:
  run mode: ML tree search
  start tree(s): random (10) + parsimony (10)
  random seed: 1687352002
  tip-inner: OFF
  pattern compression: ON
  per-rate scalers: OFF
  site repeats: ON
  fast spr radius: AUTO
  spr subtree cutoff: 1.000000
  branch lengths: proportional (ML estimate, algorithm: NR-FAST)
  SIMD kernels: AVX2
  parallelization: coarse-grained (auto), PTHREADS (auto)

[00:00:00] Reading alignment from file: /home/fili/Documents/KIT/2023/BA/code/output/families/ssim_NE_s20_f100_sites200_GTR_bl1.0_d0.0_l0.0_t0.0_gc0.0_p0.0_pop10_ms0.0_mf0.0_seed19732311/families/family_025/alignment.msa
[00:00:00] Loaded alignment with 20 taxa and 296 sites

WARNING: Sequences 8_0_0 and 20_0_0 are exactly identical!
WARNING: Sequences 17_0_0 and 14_0_0 are exactly identical!
WARNING: Duplicate sequences found: 2

NOTE: Reduced alignment (with duplicates and gap-only sites/taxa removed) 
NOTE: was saved to: /home/fili/Documents/KIT/2023/BA/code/output/families/ssim_NE_s20_f100_sites200_GTR_bl1.0_d0.0_l0.0_t0.0_gc0.0_p0.0_pop10_ms0.0_mf0.0_seed19732311/families/family_025/misc/raxml_output.F81.raxml.reduced.phy

Alignment comprises 1 partitions and 44 patterns

Partition 0: noname
Model: F81+FO
Alignment sites / patterns: 296 / 44
Gaps: 0.00 %
Invariant sites: 86.15 %


NOTE: Binary MSA file created: /home/fili/Documents/KIT/2023/BA/code/output/families/ssim_NE_s20_f100_sites200_GTR_bl1.0_d0.0_l0.0_t0.0_gc0.0_p0.0_pop10_ms0.0_mf0.0_seed19732311/families/family_025/misc/raxml_output.F81.raxml.rba

Parallelization scheme autoconfig: 8 worker(s) x 1 thread(s)

Parallel reduction/worker buffer size: 1 KB  / 0 KB

[00:00:00] Generating 10 random starting tree(s) with 20 taxa
[00:00:00] Generating 10 parsimony starting tree(s) with 20 taxa
[00:00:00] Data distribution: max. partitions/sites/weight per thread: 1 / 44 / 176
[00:00:00] Data distribution: max. searches per worker: 3

Starting ML tree search with 20 distinct starting trees

[00:00:00 -2227.271523] Initial branch length optimization
[00:00:00 -1651.900068] Model parameter optimization (eps = 10.000000)
[00:00:00 -1639.541287] AUTODETECT spr round 1 (radius: 5)
[00:00:00 -993.947697] AUTODETECT spr round 2 (radius: 10)
[00:00:00 -993.947666] SPR radius for FAST iterations: 5 (autodetect)
[00:00:00 -993.947666] Model parameter optimization (eps = 3.000000)
[00:00:00 -989.822953] FAST spr round 1 (radius: 5)
[00:00:00 -983.830743] FAST spr round 2 (radius: 5)
[00:00:00 -983.830724] Model parameter optimization (eps = 1.000000)
[00:00:00 -983.823052] SLOW spr round 1 (radius: 5)
[00:00:00 -983.822856] SLOW spr round 2 (radius: 10)
[00:00:00 -983.822856] SLOW spr round 3 (radius: 15)
[00:00:00 -983.822856] SLOW spr round 4 (radius: 20)
[00:00:00 -983.822856] Model parameter optimization (eps = 0.100000)

[00:00:00] [worker #0] ML tree search #1, logLikelihood: -983.822856

[00:00:00] [worker #5] ML tree search #6, logLikelihood: -983.822856
[00:00:00 -2230.380821] Initial branch length optimization
[00:00:00 -1639.791800] Model parameter optimization (eps = 10.000000)
[00:00:00] [worker #6] ML tree search #7, logLikelihood: -983.822855
[00:00:00 -1627.998677] AUTODETECT spr round 1 (radius: 5)
[00:00:00] [worker #1] ML tree search #2, logLikelihood: -983.822860
[00:00:00] [worker #4] ML tree search #5, logLikelihood: -983.822857
[00:00:00 -1097.211988] AUTODETECT spr round 2 (radius: 10)
[00:00:00] [worker #3] ML tree search #4, logLikelihood: -983.822855
[00:00:00 -1097.211323] SPR radius for FAST iterations: 5 (autodetect)
[00:00:00 -1097.211323] Model parameter optimization (eps = 3.000000)
[00:00:00 -1096.856518] FAST spr round 1 (radius: 5)
[00:00:00 -994.887136] FAST spr round 2 (radius: 5)
[00:00:00 -985.828009] FAST spr round 3 (radius: 5)
[00:00:00 -984.116335] FAST spr round 4 (radius: 5)
[00:00:00 -984.116324] Model parameter optimization (eps = 1.000000)
[00:00:00] [worker #7] ML tree search #8, logLikelihood: -983.822856
[00:00:00 -983.823179] SLOW spr round 1 (radius: 5)
[00:00:00] [worker #2] ML tree search #3, logLikelihood: -983.822856
[00:00:00 -983.822864] SLOW spr round 2 (radius: 10)
[00:00:00] [worker #4] ML tree search #13, logLikelihood: -983.822857
[00:00:00] [worker #6] ML tree search #15, logLikelihood: -983.822884
[00:00:00 -983.822863] SLOW spr round 3 (radius: 15)
[00:00:00 -983.822863] SLOW spr round 4 (radius: 20)
[00:00:00] [worker #1] ML tree search #10, logLikelihood: -983.822856
[00:00:00] [worker #3] ML tree search #12, logLikelihood: -983.822880
[00:00:00 -983.822863] Model parameter optimization (eps = 0.100000)

[00:00:00] [worker #0] ML tree search #9, logLikelihood: -983.822855

[00:00:00 -1791.157689] Initial branch length optimization
[00:00:00 -996.303788] Model parameter optimization (eps = 10.000000)
[00:00:00 -988.182772] AUTODETECT spr round 1 (radius: 5)
[00:00:00 -985.623598] AUTODETECT spr round 2 (radius: 10)
[00:00:00] [worker #5] ML tree search #14, logLikelihood: -983.822858
[00:00:00 -985.604234] SPR radius for FAST iterations: 5 (autodetect)
[00:00:00 -985.604234] Model parameter optimization (eps = 3.000000)
[00:00:00 -985.584367] FAST spr round 1 (radius: 5)
[00:00:00 -985.580156] Model parameter optimization (eps = 1.000000)
[00:00:00 -985.579726] SLOW spr round 1 (radius: 5)
[00:00:00 -984.794771] SLOW spr round 2 (radius: 5)
[00:00:00] [worker #7] ML tree search #16, logLikelihood: -985.579246
[00:00:00] [worker #3] ML tree search #20, logLikelihood: -985.579247
[00:00:00 -983.833285] SLOW spr round 3 (radius: 5)
[00:00:00] [worker #2] ML tree search #11, logLikelihood: -983.822857
[00:00:00] [worker #1] ML tree search #18, logLikelihood: -983.822885
[00:00:00 -983.832896] SLOW spr round 4 (radius: 10)
[00:00:00 -983.832895] SLOW spr round 5 (radius: 15)
[00:00:00 -983.832895] SLOW spr round 6 (radius: 20)
[00:00:00 -983.832895] Model parameter optimization (eps = 0.100000)

[00:00:00] [worker #0] ML tree search #17, logLikelihood: -983.822858

[00:00:00] [worker #2] ML tree search #19, logLikelihood: -983.822857

Optimized model parameters:

   Partition 0: noname
   Rate heterogeneity: NONE
   Base frequencies (ML): 0.196312 0.203100 0.298100 0.302489 
   Substitution rates (model): 1.000000 1.000000 1.000000 1.000000 1.000000 1.000000 


Final LogLikelihood: -983.822855

AIC score: 2047.645710 / AICc score: 2060.508455 / BIC score: 2195.260088
Free parameters (model + branch lengths): 40

WARNING: Best ML tree contains 3 near-zero branches!

Best ML tree with collapsed near-zero branches saved to: /home/fili/Documents/KIT/2023/BA/code/output/families/ssim_NE_s20_f100_sites200_GTR_bl1.0_d0.0_l0.0_t0.0_gc0.0_p0.0_pop10_ms0.0_mf0.0_seed19732311/families/family_025/misc/raxml_output.F81.raxml.bestTreeCollapsed
Best ML tree saved to: /home/fili/Documents/KIT/2023/BA/code/output/families/ssim_NE_s20_f100_sites200_GTR_bl1.0_d0.0_l0.0_t0.0_gc0.0_p0.0_pop10_ms0.0_mf0.0_seed19732311/families/family_025/misc/raxml_output.F81.raxml.bestTree
All ML trees saved to: /home/fili/Documents/KIT/2023/BA/code/output/families/ssim_NE_s20_f100_sites200_GTR_bl1.0_d0.0_l0.0_t0.0_gc0.0_p0.0_pop10_ms0.0_mf0.0_seed19732311/families/family_025/misc/raxml_output.F81.raxml.mlTrees
Optimized model saved to: /home/fili/Documents/KIT/2023/BA/code/output/families/ssim_NE_s20_f100_sites200_GTR_bl1.0_d0.0_l0.0_t0.0_gc0.0_p0.0_pop10_ms0.0_mf0.0_seed19732311/families/family_025/misc/raxml_output.F81.raxml.bestModel

Execution log saved to: /home/fili/Documents/KIT/2023/BA/code/output/families/ssim_NE_s20_f100_sites200_GTR_bl1.0_d0.0_l0.0_t0.0_gc0.0_p0.0_pop10_ms0.0_mf0.0_seed19732311/families/family_025/misc/raxml_output.F81.raxml.log

Analysis started: 21-Jun-2023 14:53:22 / finished: 21-Jun-2023 14:53:22

Elapsed time: 0.190 seconds

