
RAxML-NG v. 1.1.0 released on 29.11.2021 by The Exelixis Lab.
Developed by: Alexey M. Kozlov and Alexandros Stamatakis.
Contributors: Diego Darriba, Tomas Flouri, Benoit Morel, Sarah Lutteropp, Ben Bettisworth.
Latest version: https://github.com/amkozlov/raxml-ng
Questions/problems/suggestions? Please visit: https://groups.google.com/forum/#!forum/raxml

System: AMD Ryzen 7 5800X 8-Core Processor, 8 cores, 31 GB RAM

RAxML-NG was called at 27-Jun-2023 13:47:13 as follows:

/home/fili/Documents/KIT/2023/BA/resources/tools/RAxML-NG/raxml-ng --msa /home/fili/Documents/KIT/2023/BA/code/output/families/ssim_NE_s20_f100_sites200_GTR_bl1.0_d0.0_l0.0_t0.0_gc0.0_p0.0_pop10_ms0.0_mf0.0_seed121873/families/family_082/alignment.msa --model F81 --prefix /home/fili/Documents/KIT/2023/BA/code/output/families/ssim_NE_s20_f100_sites200_GTR_bl1.0_d0.0_l0.0_t0.0_gc0.0_p0.0_pop10_ms0.0_mf0.0_seed121873/families/family_082/misc/raxml_output.F81

Analysis options:
  run mode: ML tree search
  start tree(s): random (10) + parsimony (10)
  random seed: 1687866433
  tip-inner: OFF
  pattern compression: ON
  per-rate scalers: OFF
  site repeats: ON
  fast spr radius: AUTO
  spr subtree cutoff: 1.000000
  branch lengths: proportional (ML estimate, algorithm: NR-FAST)
  SIMD kernels: AVX2
  parallelization: coarse-grained (auto), PTHREADS (auto)

[00:00:00] Reading alignment from file: /home/fili/Documents/KIT/2023/BA/code/output/families/ssim_NE_s20_f100_sites200_GTR_bl1.0_d0.0_l0.0_t0.0_gc0.0_p0.0_pop10_ms0.0_mf0.0_seed121873/families/family_082/alignment.msa
[00:00:00] Loaded alignment with 20 taxa and 207 sites

WARNING: Sequences 2_0_0 and 12_0_0 are exactly identical!
WARNING: Duplicate sequences found: 1

NOTE: Reduced alignment (with duplicates and gap-only sites/taxa removed) 
NOTE: was saved to: /home/fili/Documents/KIT/2023/BA/code/output/families/ssim_NE_s20_f100_sites200_GTR_bl1.0_d0.0_l0.0_t0.0_gc0.0_p0.0_pop10_ms0.0_mf0.0_seed121873/families/family_082/misc/raxml_output.F81.raxml.reduced.phy

Alignment comprises 1 partitions and 123 patterns

Partition 0: noname
Model: F81+FO
Alignment sites / patterns: 207 / 123
Gaps: 0.00 %
Invariant sites: 36.71 %


NOTE: Binary MSA file created: /home/fili/Documents/KIT/2023/BA/code/output/families/ssim_NE_s20_f100_sites200_GTR_bl1.0_d0.0_l0.0_t0.0_gc0.0_p0.0_pop10_ms0.0_mf0.0_seed121873/families/family_082/misc/raxml_output.F81.raxml.rba

Parallelization scheme autoconfig: 8 worker(s) x 1 thread(s)

Parallel reduction/worker buffer size: 1 KB  / 0 KB

[00:00:00] Generating 10 random starting tree(s) with 20 taxa
[00:00:00] Generating 10 parsimony starting tree(s) with 20 taxa
[00:00:00] Data distribution: max. partitions/sites/weight per thread: 1 / 123 / 492
[00:00:00] Data distribution: max. searches per worker: 3

Starting ML tree search with 20 distinct starting trees

[00:00:00 -3030.775223] Initial branch length optimization
[00:00:00 -2744.272807] Model parameter optimization (eps = 10.000000)
[00:00:00 -2714.242648] AUTODETECT spr round 1 (radius: 5)
[00:00:00 -1981.026228] AUTODETECT spr round 2 (radius: 10)
[00:00:00 -1829.834909] AUTODETECT spr round 3 (radius: 15)
[00:00:00 -1829.800603] SPR radius for FAST iterations: 10 (autodetect)
[00:00:00 -1829.800603] Model parameter optimization (eps = 3.000000)
[00:00:00 -1827.689448] FAST spr round 1 (radius: 10)
[00:00:00 -1768.824394] FAST spr round 2 (radius: 10)
[00:00:00 -1766.969074] FAST spr round 3 (radius: 10)
[00:00:00] [worker #5] ML tree search #6, logLikelihood: -1766.832253
[00:00:00 -1766.969011] Model parameter optimization (eps = 1.000000)
[00:00:00 -1766.832365] SLOW spr round 1 (radius: 5)
[00:00:00] [worker #3] ML tree search #4, logLikelihood: -1766.832253
[00:00:00] [worker #4] ML tree search #5, logLikelihood: -1766.832252
[00:00:00] [worker #6] ML tree search #7, logLikelihood: -1766.832252
[00:00:00] [worker #1] ML tree search #2, logLikelihood: -1766.832253
[00:00:00] [worker #2] ML tree search #3, logLikelihood: -1766.832258
[00:00:00 -1766.832288] SLOW spr round 2 (radius: 10)
[00:00:00 -1766.832288] SLOW spr round 3 (radius: 15)
[00:00:00] [worker #5] ML tree search #14, logLikelihood: -1766.832253
[00:00:00 -1766.832288] SLOW spr round 4 (radius: 20)
[00:00:00 -1766.832288] Model parameter optimization (eps = 0.100000)

[00:00:00] [worker #0] ML tree search #1, logLikelihood: -1766.832253

[00:00:00 -3028.580430] Initial branch length optimization
[00:00:00 -2754.738069] Model parameter optimization (eps = 10.000000)
[00:00:00 -2731.870159] AUTODETECT spr round 1 (radius: 5)
[00:00:00] [worker #6] ML tree search #15, logLikelihood: -1766.832253
[00:00:00 -1812.914109] AUTODETECT spr round 2 (radius: 10)
[00:00:00] [worker #4] ML tree search #13, logLikelihood: -1766.832255
[00:00:00] [worker #3] ML tree search #12, logLikelihood: -1766.832253
[00:00:00 -1812.914089] SPR radius for FAST iterations: 5 (autodetect)
[00:00:00 -1812.914089] Model parameter optimization (eps = 3.000000)
[00:00:00 -1811.541879] FAST spr round 1 (radius: 5)
[00:00:00 -1770.510397] FAST spr round 2 (radius: 5)
[00:00:00] [worker #1] ML tree search #10, logLikelihood: -1766.832252
[00:00:00 -1770.389420] FAST spr round 3 (radius: 5)
[00:00:00 -1770.389356] Model parameter optimization (eps = 1.000000)
[00:00:00] [worker #7] ML tree search #8, logLikelihood: -1766.832261
[00:00:00 -1770.300706] SLOW spr round 1 (radius: 5)
[00:00:00 -1769.042281] SLOW spr round 2 (radius: 5)
[00:00:00] [worker #3] ML tree search #20, logLikelihood: -1766.832252
[00:00:00] [worker #2] ML tree search #11, logLikelihood: -1766.832265
[00:00:00 -1767.065552] SLOW spr round 3 (radius: 5)
[00:00:00] [worker #1] ML tree search #18, logLikelihood: -1766.832255
[00:00:00] [worker #7] ML tree search #16, logLikelihood: -1766.832253
[00:00:00 -1767.065546] SLOW spr round 4 (radius: 10)
[00:00:00 -1767.065545] SLOW spr round 5 (radius: 15)
[00:00:00 -1767.065545] SLOW spr round 6 (radius: 20)
[00:00:00 -1767.065545] Model parameter optimization (eps = 0.100000)

[00:00:00] [worker #0] ML tree search #9, logLikelihood: -1766.832260

[00:00:00 -2070.247244] Initial branch length optimization
[00:00:00 -1786.805395] Model parameter optimization (eps = 10.000000)
[00:00:00 -1773.941311] AUTODETECT spr round 1 (radius: 5)
[00:00:00 -1766.876446] AUTODETECT spr round 2 (radius: 10)
[00:00:00 -1766.876403] SPR radius for FAST iterations: 5 (autodetect)
[00:00:00 -1766.876403] Model parameter optimization (eps = 3.000000)
[00:00:00 -1766.832288] FAST spr round 1 (radius: 5)
[00:00:00] [worker #2] ML tree search #19, logLikelihood: -1766.832253
[00:00:00 -1766.832266] Model parameter optimization (eps = 1.000000)
[00:00:00 -1766.832252] SLOW spr round 1 (radius: 5)
[00:00:00 -1766.832252] SLOW spr round 2 (radius: 10)
[00:00:00 -1766.832252] SLOW spr round 3 (radius: 15)
[00:00:00 -1766.832252] SLOW spr round 4 (radius: 20)
[00:00:00 -1766.832252] Model parameter optimization (eps = 0.100000)

[00:00:00] [worker #0] ML tree search #17, logLikelihood: -1766.832252


Optimized model parameters:

   Partition 0: noname
   Rate heterogeneity: NONE
   Base frequencies (ML): 0.327392 0.197555 0.278286 0.196768 
   Substitution rates (model): 1.000000 1.000000 1.000000 1.000000 1.000000 1.000000 


Final LogLikelihood: -1766.832252

AIC score: 3613.664503 / AICc score: 3633.423539 / BIC score: 3746.973255
Free parameters (model + branch lengths): 40

Best ML tree saved to: /home/fili/Documents/KIT/2023/BA/code/output/families/ssim_NE_s20_f100_sites200_GTR_bl1.0_d0.0_l0.0_t0.0_gc0.0_p0.0_pop10_ms0.0_mf0.0_seed121873/families/family_082/misc/raxml_output.F81.raxml.bestTree
All ML trees saved to: /home/fili/Documents/KIT/2023/BA/code/output/families/ssim_NE_s20_f100_sites200_GTR_bl1.0_d0.0_l0.0_t0.0_gc0.0_p0.0_pop10_ms0.0_mf0.0_seed121873/families/family_082/misc/raxml_output.F81.raxml.mlTrees
Optimized model saved to: /home/fili/Documents/KIT/2023/BA/code/output/families/ssim_NE_s20_f100_sites200_GTR_bl1.0_d0.0_l0.0_t0.0_gc0.0_p0.0_pop10_ms0.0_mf0.0_seed121873/families/family_082/misc/raxml_output.F81.raxml.bestModel

Execution log saved to: /home/fili/Documents/KIT/2023/BA/code/output/families/ssim_NE_s20_f100_sites200_GTR_bl1.0_d0.0_l0.0_t0.0_gc0.0_p0.0_pop10_ms0.0_mf0.0_seed121873/families/family_082/misc/raxml_output.F81.raxml.log

Analysis started: 27-Jun-2023 13:47:13 / finished: 27-Jun-2023 13:47:13

Elapsed time: 0.343 seconds

