
RAxML-NG v. 1.1.0 released on 29.11.2021 by The Exelixis Lab.
Developed by: Alexey M. Kozlov and Alexandros Stamatakis.
Contributors: Diego Darriba, Tomas Flouri, Benoit Morel, Sarah Lutteropp, Ben Bettisworth.
Latest version: https://github.com/amkozlov/raxml-ng
Questions/problems/suggestions? Please visit: https://groups.google.com/forum/#!forum/raxml

System: AMD Ryzen 7 5800X 8-Core Processor, 8 cores, 31 GB RAM

RAxML-NG was called at 27-Jun-2023 13:47:02 as follows:

/home/fili/Documents/KIT/2023/BA/resources/tools/RAxML-NG/raxml-ng --msa /home/fili/Documents/KIT/2023/BA/code/output/families/ssim_NE_s20_f100_sites200_GTR_bl1.0_d0.0_l0.0_t0.0_gc0.0_p0.0_pop10_ms0.0_mf0.0_seed121873/families/family_078/alignment.msa --model F81 --prefix /home/fili/Documents/KIT/2023/BA/code/output/families/ssim_NE_s20_f100_sites200_GTR_bl1.0_d0.0_l0.0_t0.0_gc0.0_p0.0_pop10_ms0.0_mf0.0_seed121873/families/family_078/misc/raxml_output.F81

Analysis options:
  run mode: ML tree search
  start tree(s): random (10) + parsimony (10)
  random seed: 1687866422
  tip-inner: OFF
  pattern compression: ON
  per-rate scalers: OFF
  site repeats: ON
  fast spr radius: AUTO
  spr subtree cutoff: 1.000000
  branch lengths: proportional (ML estimate, algorithm: NR-FAST)
  SIMD kernels: AVX2
  parallelization: coarse-grained (auto), PTHREADS (auto)

[00:00:00] Reading alignment from file: /home/fili/Documents/KIT/2023/BA/code/output/families/ssim_NE_s20_f100_sites200_GTR_bl1.0_d0.0_l0.0_t0.0_gc0.0_p0.0_pop10_ms0.0_mf0.0_seed121873/families/family_078/alignment.msa
[00:00:00] Loaded alignment with 20 taxa and 350 sites

Alignment comprises 1 partitions and 197 patterns

Partition 0: noname
Model: F81+FO
Alignment sites / patterns: 350 / 197
Gaps: 0.00 %
Invariant sites: 35.71 %


NOTE: Binary MSA file created: /home/fili/Documents/KIT/2023/BA/code/output/families/ssim_NE_s20_f100_sites200_GTR_bl1.0_d0.0_l0.0_t0.0_gc0.0_p0.0_pop10_ms0.0_mf0.0_seed121873/families/family_078/misc/raxml_output.F81.raxml.rba

Parallelization scheme autoconfig: 8 worker(s) x 1 thread(s)

Parallel reduction/worker buffer size: 1 KB  / 0 KB

[00:00:00] Generating 10 random starting tree(s) with 20 taxa
[00:00:00] Generating 10 parsimony starting tree(s) with 20 taxa
[00:00:00] Data distribution: max. partitions/sites/weight per thread: 1 / 197 / 788
[00:00:00] Data distribution: max. searches per worker: 3

Starting ML tree search with 20 distinct starting trees

[00:00:00 -5267.972500] Initial branch length optimization
[00:00:00 -4851.287957] Model parameter optimization (eps = 10.000000)
[00:00:00 -4660.928219] AUTODETECT spr round 1 (radius: 5)
[00:00:00 -3000.159413] AUTODETECT spr round 2 (radius: 10)
[00:00:00 -3000.159114] SPR radius for FAST iterations: 5 (autodetect)
[00:00:00 -3000.159114] Model parameter optimization (eps = 3.000000)
[00:00:00 -2999.473758] FAST spr round 1 (radius: 5)
[00:00:00 -2975.834962] FAST spr round 2 (radius: 5)
[00:00:00 -2973.753040] FAST spr round 3 (radius: 5)
[00:00:00 -2973.753037] Model parameter optimization (eps = 1.000000)
[00:00:00 -2973.726419] SLOW spr round 1 (radius: 5)
[00:00:00 -2973.726378] SLOW spr round 2 (radius: 10)
[00:00:00] [worker #3] ML tree search #4, logLikelihood: -2973.726324
[00:00:00 -2973.726378] SLOW spr round 3 (radius: 15)
[00:00:00 -2973.726378] SLOW spr round 4 (radius: 20)
[00:00:00 -2973.726378] Model parameter optimization (eps = 0.100000)

[00:00:00] [worker #0] ML tree search #1, logLikelihood: -2973.726323

[00:00:00 -5161.296352] Initial branch length optimization
[00:00:00] [worker #1] ML tree search #2, logLikelihood: -2973.726321
[00:00:00 -4784.109330] Model parameter optimization (eps = 10.000000)
[00:00:00 -4629.297246] AUTODETECT spr round 1 (radius: 5)
[00:00:00] [worker #6] ML tree search #7, logLikelihood: -2973.726324
[00:00:00] [worker #5] ML tree search #6, logLikelihood: -2973.726331
[00:00:00 -3300.744242] AUTODETECT spr round 2 (radius: 10)
[00:00:00 -3026.342513] AUTODETECT spr round 3 (radius: 15)
[00:00:00 -3026.341390] SPR radius for FAST iterations: 10 (autodetect)
[00:00:00 -3026.341390] Model parameter optimization (eps = 3.000000)
[00:00:00 -3025.784562] FAST spr round 1 (radius: 10)
[00:00:00] [worker #2] ML tree search #3, logLikelihood: -2973.726323
[00:00:00 -2987.296883] FAST spr round 2 (radius: 10)
[00:00:00] [worker #7] ML tree search #8, logLikelihood: -2973.726322
[00:00:00] [worker #4] ML tree search #5, logLikelihood: -2973.726322
[00:00:00 -2973.761465] FAST spr round 3 (radius: 10)
[00:00:00 -2973.761462] Model parameter optimization (eps = 1.000000)
[00:00:00 -2973.726352] SLOW spr round 1 (radius: 5)
[00:00:00] [worker #3] ML tree search #12, logLikelihood: -2973.726328
[00:00:00 -2973.726340] SLOW spr round 2 (radius: 10)
[00:00:00] [worker #5] ML tree search #14, logLikelihood: -2973.726323
[00:00:00] [worker #1] ML tree search #10, logLikelihood: -2973.726322
[00:00:00 -2973.726340] SLOW spr round 3 (radius: 15)
[00:00:00 -2973.726340] SLOW spr round 4 (radius: 20)
[00:00:00 -2973.726340] Model parameter optimization (eps = 0.100000)

[00:00:00] [worker #0] ML tree search #9, logLikelihood: -2973.726334

[00:00:00 -3512.988643] Initial branch length optimization
[00:00:00 -3091.266824] Model parameter optimization (eps = 10.000000)
[00:00:00] [worker #2] ML tree search #11, logLikelihood: -2973.726329
[00:00:00 -2980.682684] AUTODETECT spr round 1 (radius: 5)
[00:00:00] [worker #6] ML tree search #15, logLikelihood: -2973.726321
[00:00:00 -2975.147276] AUTODETECT spr round 2 (radius: 10)
[00:00:00 -2975.144045] SPR radius for FAST iterations: 5 (autodetect)
[00:00:00 -2975.144045] Model parameter optimization (eps = 3.000000)
[00:00:00 -2975.114121] FAST spr round 1 (radius: 5)
[00:00:00] [worker #7] ML tree search #16, logLikelihood: -2973.726330
[00:00:00 -2974.501489] FAST spr round 2 (radius: 5)
[00:00:00 -2973.749630] FAST spr round 3 (radius: 5)
[00:00:00] [worker #4] ML tree search #13, logLikelihood: -2973.726321
[00:00:00 -2973.749618] Model parameter optimization (eps = 1.000000)
[00:00:00 -2973.726363] SLOW spr round 1 (radius: 5)
[00:00:00] [worker #1] ML tree search #18, logLikelihood: -2973.726321
[00:00:00] [worker #3] ML tree search #20, logLikelihood: -2973.726323
[00:00:00 -2973.726342] SLOW spr round 2 (radius: 10)
[00:00:00] [worker #2] ML tree search #19, logLikelihood: -2973.726329
[00:00:00 -2973.726342] SLOW spr round 3 (radius: 15)
[00:00:00 -2973.726342] SLOW spr round 4 (radius: 20)
[00:00:00 -2973.726342] Model parameter optimization (eps = 0.100000)

[00:00:00] [worker #0] ML tree search #17, logLikelihood: -2973.726323


Optimized model parameters:

   Partition 0: noname
   Rate heterogeneity: NONE
   Base frequencies (ML): 0.343400 0.119116 0.391037 0.146446 
   Substitution rates (model): 1.000000 1.000000 1.000000 1.000000 1.000000 1.000000 


Final LogLikelihood: -2973.726321

AIC score: 6027.452642 / AICc score: 6038.067529 / BIC score: 6181.769968
Free parameters (model + branch lengths): 40

Best ML tree saved to: /home/fili/Documents/KIT/2023/BA/code/output/families/ssim_NE_s20_f100_sites200_GTR_bl1.0_d0.0_l0.0_t0.0_gc0.0_p0.0_pop10_ms0.0_mf0.0_seed121873/families/family_078/misc/raxml_output.F81.raxml.bestTree
All ML trees saved to: /home/fili/Documents/KIT/2023/BA/code/output/families/ssim_NE_s20_f100_sites200_GTR_bl1.0_d0.0_l0.0_t0.0_gc0.0_p0.0_pop10_ms0.0_mf0.0_seed121873/families/family_078/misc/raxml_output.F81.raxml.mlTrees
Optimized model saved to: /home/fili/Documents/KIT/2023/BA/code/output/families/ssim_NE_s20_f100_sites200_GTR_bl1.0_d0.0_l0.0_t0.0_gc0.0_p0.0_pop10_ms0.0_mf0.0_seed121873/families/family_078/misc/raxml_output.F81.raxml.bestModel

Execution log saved to: /home/fili/Documents/KIT/2023/BA/code/output/families/ssim_NE_s20_f100_sites200_GTR_bl1.0_d0.0_l0.0_t0.0_gc0.0_p0.0_pop10_ms0.0_mf0.0_seed121873/families/family_078/misc/raxml_output.F81.raxml.log

Analysis started: 27-Jun-2023 13:47:02 / finished: 27-Jun-2023 13:47:03

Elapsed time: 0.348 seconds

