
RAxML-NG v. 1.1.0 released on 29.11.2021 by The Exelixis Lab.
Developed by: Alexey M. Kozlov and Alexandros Stamatakis.
Contributors: Diego Darriba, Tomas Flouri, Benoit Morel, Sarah Lutteropp, Ben Bettisworth.
Latest version: https://github.com/amkozlov/raxml-ng
Questions/problems/suggestions? Please visit: https://groups.google.com/forum/#!forum/raxml

System: AMD Ryzen 7 5800X 8-Core Processor, 8 cores, 31 GB RAM

RAxML-NG was called at 12-May-2023 21:00:34 as follows:

/home/fili/Documents/KIT/2023/BA/resources/tools/RAxML-NG/raxml-ng --msa /home/fili/Documents/KIT/2023/BA/code/output/families/ssim_dtl_s20_f100_sites200_GTR_bl1.0_d0.0_l0.0_t1.0_gc0.0_p0.0_pop10_ms0.0_mf0.0_seed42/families/family_011/alignment.msa --model GTR+G --prefix /home/fili/Documents/KIT/2023/BA/code/output/families/ssim_dtl_s20_f100_sites200_GTR_bl1.0_d0.0_l0.0_t1.0_gc0.0_p0.0_pop10_ms0.0_mf0.0_seed42/families/family_011/misc/raxml_output.GTR+G

Analysis options:
  run mode: ML tree search
  start tree(s): random (10) + parsimony (10)
  random seed: 1683918034
  tip-inner: OFF
  pattern compression: ON
  per-rate scalers: OFF
  site repeats: ON
  fast spr radius: AUTO
  spr subtree cutoff: 1.000000
  branch lengths: proportional (ML estimate, algorithm: NR-FAST)
  SIMD kernels: AVX2
  parallelization: coarse-grained (auto), PTHREADS (auto)

[00:00:00] Reading alignment from file: /home/fili/Documents/KIT/2023/BA/code/output/families/ssim_dtl_s20_f100_sites200_GTR_bl1.0_d0.0_l0.0_t1.0_gc0.0_p0.0_pop10_ms0.0_mf0.0_seed42/families/family_011/alignment.msa
[00:00:00] Loaded alignment with 20 taxa and 184 sites

WARNING: Sequences 12_0_0 and 4_0_0 are exactly identical!
WARNING: Sequences 13_0_0 and 9_0_0 are exactly identical!
WARNING: Sequences 2_0_0 and 1_0_0 are exactly identical!
WARNING: Duplicate sequences found: 3

NOTE: Reduced alignment (with duplicates and gap-only sites/taxa removed) 
NOTE: was saved to: /home/fili/Documents/KIT/2023/BA/code/output/families/ssim_dtl_s20_f100_sites200_GTR_bl1.0_d0.0_l0.0_t1.0_gc0.0_p0.0_pop10_ms0.0_mf0.0_seed42/families/family_011/misc/raxml_output.GTR+G.raxml.reduced.phy

Alignment comprises 1 partitions and 101 patterns

Partition 0: noname
Model: GTR+FO+G4m
Alignment sites / patterns: 184 / 101
Gaps: 0.00 %
Invariant sites: 40.22 %


NOTE: Binary MSA file created: /home/fili/Documents/KIT/2023/BA/code/output/families/ssim_dtl_s20_f100_sites200_GTR_bl1.0_d0.0_l0.0_t1.0_gc0.0_p0.0_pop10_ms0.0_mf0.0_seed42/families/family_011/misc/raxml_output.GTR+G.raxml.rba

Parallelization scheme autoconfig: 8 worker(s) x 1 thread(s)

Parallel reduction/worker buffer size: 1 KB  / 0 KB

[00:00:00] Generating 10 random starting tree(s) with 20 taxa
[00:00:00] Generating 10 parsimony starting tree(s) with 20 taxa
[00:00:00] Data distribution: max. partitions/sites/weight per thread: 1 / 101 / 1616
[00:00:00] Data distribution: max. searches per worker: 3

Starting ML tree search with 20 distinct starting trees

[00:00:00 -2409.333980] Initial branch length optimization
[00:00:00 -2103.933521] Model parameter optimization (eps = 10.000000)
[00:00:00 -1629.522661] AUTODETECT spr round 1 (radius: 5)
[00:00:00 -1098.713758] AUTODETECT spr round 2 (radius: 10)
[00:00:00 -1098.704819] SPR radius for FAST iterations: 5 (autodetect)
[00:00:00 -1098.704819] Model parameter optimization (eps = 3.000000)
[00:00:00 -1072.399709] FAST spr round 1 (radius: 5)
[00:00:00 -1069.055749] FAST spr round 2 (radius: 5)
[00:00:00 -1061.761584] FAST spr round 3 (radius: 5)
[00:00:00 -1061.761440] Model parameter optimization (eps = 1.000000)
[00:00:00 -1061.001125] SLOW spr round 1 (radius: 5)
[00:00:00] [worker #7] ML tree search #8, logLikelihood: -1060.138862
[00:00:00] [worker #1] ML tree search #2, logLikelihood: -1060.185048
[00:00:00 -1060.998546] SLOW spr round 2 (radius: 10)
[00:00:00] [worker #6] ML tree search #7, logLikelihood: -1060.065395
[00:00:00] [worker #4] ML tree search #5, logLikelihood: -1060.163448
[00:00:00] [worker #3] ML tree search #4, logLikelihood: -1060.160765
[00:00:00 -1060.998545] SLOW spr round 3 (radius: 15)
[00:00:00 -1060.998545] SLOW spr round 4 (radius: 20)
[00:00:00 -1060.998545] Model parameter optimization (eps = 0.100000)
[00:00:00] [worker #5] ML tree search #6, logLikelihood: -1060.069026
[00:00:00] [worker #2] ML tree search #3, logLikelihood: -1060.101699

[00:00:00] [worker #0] ML tree search #1, logLikelihood: -1060.046667

[00:00:00 -2444.540422] Initial branch length optimization
[00:00:00 -2227.513347] Model parameter optimization (eps = 10.000000)
[00:00:00 -1733.743861] AUTODETECT spr round 1 (radius: 5)
[00:00:00 -1100.808836] AUTODETECT spr round 2 (radius: 10)
[00:00:00 -1095.081735] AUTODETECT spr round 3 (radius: 15)
[00:00:00 -1095.080602] SPR radius for FAST iterations: 10 (autodetect)
[00:00:00 -1095.080602] Model parameter optimization (eps = 3.000000)
[00:00:00 -1071.316257] FAST spr round 1 (radius: 10)
[00:00:00] [worker #7] ML tree search #16, logLikelihood: -1059.911060
[00:00:00 -1063.474732] FAST spr round 2 (radius: 10)
[00:00:00 -1061.174055] FAST spr round 3 (radius: 10)
[00:00:00] [worker #6] ML tree search #15, logLikelihood: -1059.962102
[00:00:00] [worker #4] ML tree search #13, logLikelihood: -1059.921147
[00:00:00] [worker #3] ML tree search #12, logLikelihood: -1059.918330
[00:00:00 -1061.174023] Model parameter optimization (eps = 1.000000)
[00:00:00 -1060.580962] SLOW spr round 1 (radius: 5)
[00:00:00] [worker #5] ML tree search #14, logLikelihood: -1059.918495
[00:00:00] [worker #1] ML tree search #10, logLikelihood: -1059.995701
[00:00:00] [worker #2] ML tree search #11, logLikelihood: -1059.912051
[00:00:00 -1060.579762] SLOW spr round 2 (radius: 10)
[00:00:00 -1060.579761] SLOW spr round 3 (radius: 15)
[00:00:00 -1060.579761] SLOW spr round 4 (radius: 20)
[00:00:00 -1060.579761] Model parameter optimization (eps = 0.100000)

[00:00:00] [worker #0] ML tree search #9, logLikelihood: -1060.053787

[00:00:00 -1557.342868] Initial branch length optimization
[00:00:00 -1331.089154] Model parameter optimization (eps = 10.000000)
[00:00:00 -1061.190679] AUTODETECT spr round 1 (radius: 5)
[00:00:00 -1060.410098] AUTODETECT spr round 2 (radius: 10)
[00:00:00] [worker #3] ML tree search #20, logLikelihood: -1059.918817
[00:00:00 -1060.409751] SPR radius for FAST iterations: 5 (autodetect)
[00:00:00 -1060.409751] Model parameter optimization (eps = 3.000000)
[00:00:00 -1060.022849] FAST spr round 1 (radius: 5)
[00:00:00 -1060.016294] Model parameter optimization (eps = 1.000000)
[00:00:00 -1059.927063] SLOW spr round 1 (radius: 5)
[00:00:00] [worker #1] ML tree search #18, logLikelihood: -1059.910800
[00:00:00] [worker #2] ML tree search #19, logLikelihood: -1059.918540
[00:00:00 -1059.925313] SLOW spr round 2 (radius: 10)
[00:00:00 -1059.925309] SLOW spr round 3 (radius: 15)
[00:00:00 -1059.925309] SLOW spr round 4 (radius: 20)
[00:00:00 -1059.925309] Model parameter optimization (eps = 0.100000)

[00:00:00] [worker #0] ML tree search #17, logLikelihood: -1059.906071


Optimized model parameters:

   Partition 0: noname
   Rate heterogeneity: GAMMA (4 cats, mean),  alpha: 1.347975 (ML),  weights&rates: (0.250000,0.200854) (0.250000,0.561127) (0.250000,1.040089) (0.250000,2.197930) 
   Base frequencies (ML): 0.301032 0.128811 0.253592 0.316565 
   Substitution rates (ML): 0.942402 163.492287 1.378188 14.488904 12.865849 1.000000 


Final LogLikelihood: -1059.906071

AIC score: 2211.812142 / AICc score: 2243.374186 / BIC score: 2359.699187
Free parameters (model + branch lengths): 46

WARNING: Best ML tree contains 5 near-zero branches!

Best ML tree with collapsed near-zero branches saved to: /home/fili/Documents/KIT/2023/BA/code/output/families/ssim_dtl_s20_f100_sites200_GTR_bl1.0_d0.0_l0.0_t1.0_gc0.0_p0.0_pop10_ms0.0_mf0.0_seed42/families/family_011/misc/raxml_output.GTR+G.raxml.bestTreeCollapsed
Best ML tree saved to: /home/fili/Documents/KIT/2023/BA/code/output/families/ssim_dtl_s20_f100_sites200_GTR_bl1.0_d0.0_l0.0_t1.0_gc0.0_p0.0_pop10_ms0.0_mf0.0_seed42/families/family_011/misc/raxml_output.GTR+G.raxml.bestTree
All ML trees saved to: /home/fili/Documents/KIT/2023/BA/code/output/families/ssim_dtl_s20_f100_sites200_GTR_bl1.0_d0.0_l0.0_t1.0_gc0.0_p0.0_pop10_ms0.0_mf0.0_seed42/families/family_011/misc/raxml_output.GTR+G.raxml.mlTrees
Optimized model saved to: /home/fili/Documents/KIT/2023/BA/code/output/families/ssim_dtl_s20_f100_sites200_GTR_bl1.0_d0.0_l0.0_t1.0_gc0.0_p0.0_pop10_ms0.0_mf0.0_seed42/families/family_011/misc/raxml_output.GTR+G.raxml.bestModel

Execution log saved to: /home/fili/Documents/KIT/2023/BA/code/output/families/ssim_dtl_s20_f100_sites200_GTR_bl1.0_d0.0_l0.0_t1.0_gc0.0_p0.0_pop10_ms0.0_mf0.0_seed42/families/family_011/misc/raxml_output.GTR+G.raxml.log

Analysis started: 12-May-2023 21:00:34 / finished: 12-May-2023 21:00:35

Elapsed time: 0.499 seconds

