
RAxML-NG v. 1.1.0 released on 29.11.2021 by The Exelixis Lab.
Developed by: Alexey M. Kozlov and Alexandros Stamatakis.
Contributors: Diego Darriba, Tomas Flouri, Benoit Morel, Sarah Lutteropp, Ben Bettisworth.
Latest version: https://github.com/amkozlov/raxml-ng
Questions/problems/suggestions? Please visit: https://groups.google.com/forum/#!forum/raxml

System: AMD Ryzen 7 5800X 8-Core Processor, 8 cores, 31 GB RAM

RAxML-NG was called at 27-Jun-2023 13:47:23 as follows:

/home/fili/Documents/KIT/2023/BA/resources/tools/RAxML-NG/raxml-ng --msa /home/fili/Documents/KIT/2023/BA/code/output/families/ssim_NE_s20_f100_sites200_GTR_bl1.0_d0.0_l0.0_t0.0_gc0.0_p0.0_pop10_ms0.0_mf0.0_seed121873/families/family_037/alignment.msa --model F81 --prefix /home/fili/Documents/KIT/2023/BA/code/output/families/ssim_NE_s20_f100_sites200_GTR_bl1.0_d0.0_l0.0_t0.0_gc0.0_p0.0_pop10_ms0.0_mf0.0_seed121873/families/family_037/misc/raxml_output.F81

Analysis options:
  run mode: ML tree search
  start tree(s): random (10) + parsimony (10)
  random seed: 1687866443
  tip-inner: OFF
  pattern compression: ON
  per-rate scalers: OFF
  site repeats: ON
  fast spr radius: AUTO
  spr subtree cutoff: 1.000000
  branch lengths: proportional (ML estimate, algorithm: NR-FAST)
  SIMD kernels: AVX2
  parallelization: coarse-grained (auto), PTHREADS (auto)

[00:00:00] Reading alignment from file: /home/fili/Documents/KIT/2023/BA/code/output/families/ssim_NE_s20_f100_sites200_GTR_bl1.0_d0.0_l0.0_t0.0_gc0.0_p0.0_pop10_ms0.0_mf0.0_seed121873/families/family_037/alignment.msa
[00:00:00] Loaded alignment with 20 taxa and 159 sites

WARNING: Sequences 13_0_0 and 19_0_0 are exactly identical!
WARNING: Duplicate sequences found: 1

NOTE: Reduced alignment (with duplicates and gap-only sites/taxa removed) 
NOTE: was saved to: /home/fili/Documents/KIT/2023/BA/code/output/families/ssim_NE_s20_f100_sites200_GTR_bl1.0_d0.0_l0.0_t0.0_gc0.0_p0.0_pop10_ms0.0_mf0.0_seed121873/families/family_037/misc/raxml_output.F81.raxml.reduced.phy

Alignment comprises 1 partitions and 100 patterns

Partition 0: noname
Model: F81+FO
Alignment sites / patterns: 159 / 100
Gaps: 0.00 %
Invariant sites: 35.22 %


NOTE: Binary MSA file created: /home/fili/Documents/KIT/2023/BA/code/output/families/ssim_NE_s20_f100_sites200_GTR_bl1.0_d0.0_l0.0_t0.0_gc0.0_p0.0_pop10_ms0.0_mf0.0_seed121873/families/family_037/misc/raxml_output.F81.raxml.rba

Parallelization scheme autoconfig: 8 worker(s) x 1 thread(s)

Parallel reduction/worker buffer size: 1 KB  / 0 KB

[00:00:00] Generating 10 random starting tree(s) with 20 taxa
[00:00:00] Generating 10 parsimony starting tree(s) with 20 taxa
[00:00:00] Data distribution: max. partitions/sites/weight per thread: 1 / 100 / 400
[00:00:00] Data distribution: max. searches per worker: 3

Starting ML tree search with 20 distinct starting trees

[00:00:00 -2362.847899] Initial branch length optimization
[00:00:00 -2129.105758] Model parameter optimization (eps = 10.000000)
[00:00:00 -2076.297614] AUTODETECT spr round 1 (radius: 5)
[00:00:00 -1351.708237] AUTODETECT spr round 2 (radius: 10)
[00:00:00 -1299.598159] AUTODETECT spr round 3 (radius: 15)
[00:00:00 -1299.595929] SPR radius for FAST iterations: 10 (autodetect)
[00:00:00 -1299.595929] Model parameter optimization (eps = 3.000000)
[00:00:00 -1298.457933] FAST spr round 1 (radius: 10)
[00:00:00 -1270.039280] FAST spr round 2 (radius: 10)
[00:00:00 -1269.027872] FAST spr round 3 (radius: 10)
[00:00:00 -1268.739325] FAST spr round 4 (radius: 10)
[00:00:00 -1267.513128] FAST spr round 5 (radius: 10)
[00:00:00 -1267.513119] Model parameter optimization (eps = 1.000000)
[00:00:00 -1267.449163] SLOW spr round 1 (radius: 5)
[00:00:00] [worker #6] ML tree search #7, logLikelihood: -1267.448977
[00:00:00] [worker #4] ML tree search #5, logLikelihood: -1267.448978
[00:00:00] [worker #3] ML tree search #4, logLikelihood: -1267.448976
[00:00:00] [worker #2] ML tree search #3, logLikelihood: -1268.401275
[00:00:00] [worker #1] ML tree search #2, logLikelihood: -1267.448977
[00:00:00] [worker #7] ML tree search #8, logLikelihood: -1267.448977
[00:00:00 -1267.449010] SLOW spr round 2 (radius: 10)
[00:00:00] [worker #5] ML tree search #6, logLikelihood: -1268.401277
[00:00:00 -1267.449004] SLOW spr round 3 (radius: 15)
[00:00:00 -1267.449004] SLOW spr round 4 (radius: 20)
[00:00:00 -1267.449004] Model parameter optimization (eps = 0.100000)

[00:00:00] [worker #0] ML tree search #1, logLikelihood: -1267.448976

[00:00:00 -2548.014309] Initial branch length optimization
[00:00:00 -2345.932911] Model parameter optimization (eps = 10.000000)
[00:00:00 -2285.412105] AUTODETECT spr round 1 (radius: 5)
[00:00:00 -1362.877707] AUTODETECT spr round 2 (radius: 10)
[00:00:00 -1362.877600] SPR radius for FAST iterations: 5 (autodetect)
[00:00:00 -1362.877600] Model parameter optimization (eps = 3.000000)
[00:00:00 -1362.303508] FAST spr round 1 (radius: 5)
[00:00:00 -1283.780064] FAST spr round 2 (radius: 5)
[00:00:00 -1270.674608] FAST spr round 3 (radius: 5)
[00:00:00] [worker #2] ML tree search #11, logLikelihood: -1267.448976
[00:00:00] [worker #7] ML tree search #16, logLikelihood: -1267.448976
[00:00:00] [worker #4] ML tree search #13, logLikelihood: -1268.401275
[00:00:00 -1269.019471] FAST spr round 4 (radius: 5)
[00:00:00] [worker #3] ML tree search #12, logLikelihood: -1268.401275
[00:00:00] [worker #6] ML tree search #15, logLikelihood: -1267.448996
[00:00:00 -1267.803709] FAST spr round 5 (radius: 5)
[00:00:00 -1267.803709] Model parameter optimization (eps = 1.000000)
[00:00:00] [worker #1] ML tree search #10, logLikelihood: -1267.448977
[00:00:00 -1267.450239] SLOW spr round 1 (radius: 5)
[00:00:00] [worker #5] ML tree search #14, logLikelihood: -1267.448976
[00:00:00 -1267.449377] SLOW spr round 2 (radius: 10)
[00:00:00 -1267.449335] SLOW spr round 3 (radius: 15)
[00:00:00 -1267.449333] SLOW spr round 4 (radius: 20)
[00:00:00 -1267.449333] Model parameter optimization (eps = 0.100000)

[00:00:00] [worker #0] ML tree search #9, logLikelihood: -1267.448978

[00:00:00 -1545.625934] Initial branch length optimization
[00:00:00 -1303.201632] Model parameter optimization (eps = 10.000000)
[00:00:00 -1279.191529] AUTODETECT spr round 1 (radius: 5)
[00:00:00] [worker #2] ML tree search #19, logLikelihood: -1268.401275
[00:00:00 -1269.293965] AUTODETECT spr round 2 (radius: 10)
[00:00:00 -1269.291533] SPR radius for FAST iterations: 5 (autodetect)
[00:00:00 -1269.291533] Model parameter optimization (eps = 3.000000)
[00:00:00 -1269.286551] FAST spr round 1 (radius: 5)
[00:00:00 -1269.286379] Model parameter optimization (eps = 1.000000)
[00:00:00 -1269.286366] SLOW spr round 1 (radius: 5)
[00:00:00] [worker #3] ML tree search #20, logLikelihood: -1267.448976
[00:00:00] [worker #1] ML tree search #18, logLikelihood: -1268.401275
[00:00:00 -1267.462190] SLOW spr round 2 (radius: 5)
[00:00:00 -1267.462188] SLOW spr round 3 (radius: 10)
[00:00:00 -1267.462188] SLOW spr round 4 (radius: 15)
[00:00:00 -1267.462188] SLOW spr round 5 (radius: 20)
[00:00:00 -1267.462188] Model parameter optimization (eps = 0.100000)

[00:00:00] [worker #0] ML tree search #17, logLikelihood: -1267.449007


Optimized model parameters:

   Partition 0: noname
   Rate heterogeneity: NONE
   Base frequencies (ML): 0.330919 0.162348 0.339246 0.167487 
   Substitution rates (model): 1.000000 1.000000 1.000000 1.000000 1.000000 1.000000 


Final LogLikelihood: -1267.448976

AIC score: 2614.897951 / AICc score: 2642.694561 / BIC score: 2737.654119
Free parameters (model + branch lengths): 40

Best ML tree saved to: /home/fili/Documents/KIT/2023/BA/code/output/families/ssim_NE_s20_f100_sites200_GTR_bl1.0_d0.0_l0.0_t0.0_gc0.0_p0.0_pop10_ms0.0_mf0.0_seed121873/families/family_037/misc/raxml_output.F81.raxml.bestTree
All ML trees saved to: /home/fili/Documents/KIT/2023/BA/code/output/families/ssim_NE_s20_f100_sites200_GTR_bl1.0_d0.0_l0.0_t0.0_gc0.0_p0.0_pop10_ms0.0_mf0.0_seed121873/families/family_037/misc/raxml_output.F81.raxml.mlTrees
Optimized model saved to: /home/fili/Documents/KIT/2023/BA/code/output/families/ssim_NE_s20_f100_sites200_GTR_bl1.0_d0.0_l0.0_t0.0_gc0.0_p0.0_pop10_ms0.0_mf0.0_seed121873/families/family_037/misc/raxml_output.F81.raxml.bestModel

Execution log saved to: /home/fili/Documents/KIT/2023/BA/code/output/families/ssim_NE_s20_f100_sites200_GTR_bl1.0_d0.0_l0.0_t0.0_gc0.0_p0.0_pop10_ms0.0_mf0.0_seed121873/families/family_037/misc/raxml_output.F81.raxml.log

Analysis started: 27-Jun-2023 13:47:23 / finished: 27-Jun-2023 13:47:23

Elapsed time: 0.239 seconds

