
RAxML-NG v. 1.1.0 released on 29.11.2021 by The Exelixis Lab.
Developed by: Alexey M. Kozlov and Alexandros Stamatakis.
Contributors: Diego Darriba, Tomas Flouri, Benoit Morel, Sarah Lutteropp, Ben Bettisworth.
Latest version: https://github.com/amkozlov/raxml-ng
Questions/problems/suggestions? Please visit: https://groups.google.com/forum/#!forum/raxml

System: AMD Ryzen 7 5800X 8-Core Processor, 8 cores, 31 GB RAM

RAxML-NG was called at 27-Jun-2023 13:43:50 as follows:

/home/fili/Documents/KIT/2023/BA/resources/tools/RAxML-NG/raxml-ng --msa /home/fili/Documents/KIT/2023/BA/code/output/families/ssim_DL_s20_f100_sites200_GTR_bl1.0_d1.0_l1.0_t0.0_gc0.0_p0.0_pop10_ms0.0_mf0.0_seed14976684177860080345/families/family_009/alignment.msa --model F81 --prefix /home/fili/Documents/KIT/2023/BA/code/output/families/ssim_DL_s20_f100_sites200_GTR_bl1.0_d1.0_l1.0_t0.0_gc0.0_p0.0_pop10_ms0.0_mf0.0_seed14976684177860080345/families/family_009/misc/raxml_output.F81

Analysis options:
  run mode: ML tree search
  start tree(s): random (10) + parsimony (10)
  random seed: 1687866230
  tip-inner: OFF
  pattern compression: ON
  per-rate scalers: OFF
  site repeats: ON
  fast spr radius: AUTO
  spr subtree cutoff: 1.000000
  branch lengths: proportional (ML estimate, algorithm: NR-FAST)
  SIMD kernels: AVX2
  parallelization: coarse-grained (auto), PTHREADS (auto)

[00:00:00] Reading alignment from file: /home/fili/Documents/KIT/2023/BA/code/output/families/ssim_DL_s20_f100_sites200_GTR_bl1.0_d1.0_l1.0_t0.0_gc0.0_p0.0_pop10_ms0.0_mf0.0_seed14976684177860080345/families/family_009/alignment.msa
[00:00:00] Loaded alignment with 20 taxa and 202 sites

WARNING: Sequences 17_0_0 and 18_0_0 are exactly identical!
WARNING: Duplicate sequences found: 1

NOTE: Reduced alignment (with duplicates and gap-only sites/taxa removed) 
NOTE: was saved to: /home/fili/Documents/KIT/2023/BA/code/output/families/ssim_DL_s20_f100_sites200_GTR_bl1.0_d1.0_l1.0_t0.0_gc0.0_p0.0_pop10_ms0.0_mf0.0_seed14976684177860080345/families/family_009/misc/raxml_output.F81.raxml.reduced.phy

Alignment comprises 1 partitions and 123 patterns

Partition 0: noname
Model: F81+FO
Alignment sites / patterns: 202 / 123
Gaps: 0.00 %
Invariant sites: 27.72 %


NOTE: Binary MSA file created: /home/fili/Documents/KIT/2023/BA/code/output/families/ssim_DL_s20_f100_sites200_GTR_bl1.0_d1.0_l1.0_t0.0_gc0.0_p0.0_pop10_ms0.0_mf0.0_seed14976684177860080345/families/family_009/misc/raxml_output.F81.raxml.rba

Parallelization scheme autoconfig: 8 worker(s) x 1 thread(s)

Parallel reduction/worker buffer size: 1 KB  / 0 KB

[00:00:00] Generating 10 random starting tree(s) with 20 taxa
[00:00:00] Generating 10 parsimony starting tree(s) with 20 taxa
[00:00:00] Data distribution: max. partitions/sites/weight per thread: 1 / 123 / 492
[00:00:00] Data distribution: max. searches per worker: 3

Starting ML tree search with 20 distinct starting trees

[00:00:00 -3485.563314] Initial branch length optimization
[00:00:00 -3051.247108] Model parameter optimization (eps = 10.000000)
[00:00:00 -2900.427891] AUTODETECT spr round 1 (radius: 5)
[00:00:00 -1573.683990] AUTODETECT spr round 2 (radius: 10)
[00:00:00 -1573.683409] SPR radius for FAST iterations: 5 (autodetect)
[00:00:00 -1573.683409] Model parameter optimization (eps = 3.000000)
[00:00:00 -1571.341246] FAST spr round 1 (radius: 5)
[00:00:00 -1532.551762] FAST spr round 2 (radius: 5)
[00:00:00 -1530.159006] FAST spr round 3 (radius: 5)
[00:00:00 -1530.158975] Model parameter optimization (eps = 1.000000)
[00:00:00 -1529.748366] SLOW spr round 1 (radius: 5)
[00:00:00 -1529.747920] SLOW spr round 2 (radius: 10)
[00:00:00] [worker #3] ML tree search #4, logLikelihood: -1529.747780
[00:00:00] [worker #5] ML tree search #6, logLikelihood: -1529.747780
[00:00:00 -1529.747920] SLOW spr round 3 (radius: 15)
[00:00:00 -1529.747920] SLOW spr round 4 (radius: 20)
[00:00:00 -1529.747920] Model parameter optimization (eps = 0.100000)
[00:00:00] [worker #7] ML tree search #8, logLikelihood: -1529.747781

[00:00:00] [worker #0] ML tree search #1, logLikelihood: -1529.747779

[00:00:00] [worker #1] ML tree search #2, logLikelihood: -1529.747782
[00:00:00] [worker #4] ML tree search #5, logLikelihood: -1529.747785
[00:00:00 -3419.093170] Initial branch length optimization
[00:00:00 -2985.774303] Model parameter optimization (eps = 10.000000)
[00:00:00] [worker #6] ML tree search #7, logLikelihood: -1529.747779
[00:00:00] [worker #2] ML tree search #3, logLikelihood: -1529.747781
[00:00:00 -2844.448821] AUTODETECT spr round 1 (radius: 5)
[00:00:00 -1642.292139] AUTODETECT spr round 2 (radius: 10)
[00:00:00 -1586.438366] AUTODETECT spr round 3 (radius: 15)
[00:00:00 -1586.438045] SPR radius for FAST iterations: 10 (autodetect)
[00:00:00 -1586.438045] Model parameter optimization (eps = 3.000000)
[00:00:00 -1584.748206] FAST spr round 1 (radius: 10)
[00:00:00] [worker #5] ML tree search #14, logLikelihood: -1529.747779
[00:00:00 -1568.398469] FAST spr round 2 (radius: 10)
[00:00:00] [worker #7] ML tree search #16, logLikelihood: -1529.747780
[00:00:00] [worker #4] ML tree search #13, logLikelihood: -1529.747780
[00:00:00 -1529.842747] FAST spr round 3 (radius: 10)
[00:00:00] [worker #6] ML tree search #15, logLikelihood: -1529.747779
[00:00:00] [worker #2] ML tree search #11, logLikelihood: -1529.747779
[00:00:00] [worker #3] ML tree search #12, logLikelihood: -1529.747779
[00:00:00 -1529.842696] Model parameter optimization (eps = 1.000000)
[00:00:00 -1529.747902] SLOW spr round 1 (radius: 5)
[00:00:00] [worker #1] ML tree search #10, logLikelihood: -1529.747785
[00:00:00 -1529.747850] SLOW spr round 2 (radius: 10)
[00:00:00 -1529.747850] SLOW spr round 3 (radius: 15)
[00:00:00 -1529.747850] SLOW spr round 4 (radius: 20)
[00:00:00 -1529.747850] Model parameter optimization (eps = 0.100000)

[00:00:00] [worker #0] ML tree search #9, logLikelihood: -1529.747785

[00:00:00 -1936.850368] Initial branch length optimization
[00:00:00 -1610.312252] Model parameter optimization (eps = 10.000000)
[00:00:00 -1530.944679] AUTODETECT spr round 1 (radius: 5)
[00:00:00 -1529.754382] AUTODETECT spr round 2 (radius: 10)
[00:00:00 -1529.753701] SPR radius for FAST iterations: 5 (autodetect)
[00:00:00 -1529.753701] Model parameter optimization (eps = 3.000000)
[00:00:00 -1529.747784] FAST spr round 1 (radius: 5)
[00:00:00] [worker #3] ML tree search #20, logLikelihood: -1529.747779
[00:00:00] [worker #2] ML tree search #19, logLikelihood: -1529.747779
[00:00:00 -1529.747780] Model parameter optimization (eps = 1.000000)
[00:00:00 -1529.747779] SLOW spr round 1 (radius: 5)
[00:00:00] [worker #1] ML tree search #18, logLikelihood: -1529.747781
[00:00:00 -1529.747779] SLOW spr round 2 (radius: 10)
[00:00:00 -1529.747779] SLOW spr round 3 (radius: 15)
[00:00:00 -1529.747779] SLOW spr round 4 (radius: 20)
[00:00:00 -1529.747779] Model parameter optimization (eps = 0.100000)

[00:00:00] [worker #0] ML tree search #17, logLikelihood: -1529.747779


Optimized model parameters:

   Partition 0: noname
   Rate heterogeneity: NONE
   Base frequencies (ML): 0.324916 0.108539 0.439501 0.127045 
   Substitution rates (model): 1.000000 1.000000 1.000000 1.000000 1.000000 1.000000 


Final LogLikelihood: -1529.747779

AIC score: 3139.495558 / AICc score: 3159.868229 / BIC score: 3271.826266
Free parameters (model + branch lengths): 40

WARNING: Best ML tree contains 1 near-zero branches!

Best ML tree with collapsed near-zero branches saved to: /home/fili/Documents/KIT/2023/BA/code/output/families/ssim_DL_s20_f100_sites200_GTR_bl1.0_d1.0_l1.0_t0.0_gc0.0_p0.0_pop10_ms0.0_mf0.0_seed14976684177860080345/families/family_009/misc/raxml_output.F81.raxml.bestTreeCollapsed
Best ML tree saved to: /home/fili/Documents/KIT/2023/BA/code/output/families/ssim_DL_s20_f100_sites200_GTR_bl1.0_d1.0_l1.0_t0.0_gc0.0_p0.0_pop10_ms0.0_mf0.0_seed14976684177860080345/families/family_009/misc/raxml_output.F81.raxml.bestTree
All ML trees saved to: /home/fili/Documents/KIT/2023/BA/code/output/families/ssim_DL_s20_f100_sites200_GTR_bl1.0_d1.0_l1.0_t0.0_gc0.0_p0.0_pop10_ms0.0_mf0.0_seed14976684177860080345/families/family_009/misc/raxml_output.F81.raxml.mlTrees
Optimized model saved to: /home/fili/Documents/KIT/2023/BA/code/output/families/ssim_DL_s20_f100_sites200_GTR_bl1.0_d1.0_l1.0_t0.0_gc0.0_p0.0_pop10_ms0.0_mf0.0_seed14976684177860080345/families/family_009/misc/raxml_output.F81.raxml.bestModel

Execution log saved to: /home/fili/Documents/KIT/2023/BA/code/output/families/ssim_DL_s20_f100_sites200_GTR_bl1.0_d1.0_l1.0_t0.0_gc0.0_p0.0_pop10_ms0.0_mf0.0_seed14976684177860080345/families/family_009/misc/raxml_output.F81.raxml.log

Analysis started: 27-Jun-2023 13:43:50 / finished: 27-Jun-2023 13:43:50

Elapsed time: 0.248 seconds

