
RAxML-NG v. 1.1.0 released on 29.11.2021 by The Exelixis Lab.
Developed by: Alexey M. Kozlov and Alexandros Stamatakis.
Contributors: Diego Darriba, Tomas Flouri, Benoit Morel, Sarah Lutteropp, Ben Bettisworth.
Latest version: https://github.com/amkozlov/raxml-ng
Questions/problems/suggestions? Please visit: https://groups.google.com/forum/#!forum/raxml

System: AMD Ryzen 7 5800X 8-Core Processor, 8 cores, 31 GB RAM

RAxML-NG was called at 13-Jun-2023 16:02:57 as follows:

/home/fili/Documents/KIT/2023/BA/resources/tools/RAxML-NG/raxml-ng --msa /home/fili/Documents/KIT/2023/BA/code/output/families/ssim_DL_s20_f100_sites200_GTR_bl1.0_d1.0_l1.0_t0.0_gc0.0_p0.0_pop10_ms0.0_mf0.0_seed42/families/family_058/alignment.msa --model F81 --prefix /home/fili/Documents/KIT/2023/BA/code/output/families/ssim_DL_s20_f100_sites200_GTR_bl1.0_d1.0_l1.0_t0.0_gc0.0_p0.0_pop10_ms0.0_mf0.0_seed42/families/family_058/misc/raxml_output.F81

Analysis options:
  run mode: ML tree search
  start tree(s): random (10) + parsimony (10)
  random seed: 1686664977
  tip-inner: OFF
  pattern compression: ON
  per-rate scalers: OFF
  site repeats: ON
  fast spr radius: AUTO
  spr subtree cutoff: 1.000000
  branch lengths: proportional (ML estimate, algorithm: NR-FAST)
  SIMD kernels: AVX2
  parallelization: coarse-grained (auto), PTHREADS (auto)

[00:00:00] Reading alignment from file: /home/fili/Documents/KIT/2023/BA/code/output/families/ssim_DL_s20_f100_sites200_GTR_bl1.0_d1.0_l1.0_t0.0_gc0.0_p0.0_pop10_ms0.0_mf0.0_seed42/families/family_058/alignment.msa
[00:00:00] Loaded alignment with 11 taxa and 169 sites

WARNING: Sequences 1_0_0 and 3_0_0 are exactly identical!
WARNING: Sequences 1_0_0 and 2_0_0 are exactly identical!
WARNING: Sequences 9_0_0 and 13_0_0 are exactly identical!
WARNING: Duplicate sequences found: 3

NOTE: Reduced alignment (with duplicates and gap-only sites/taxa removed) 
NOTE: was saved to: /home/fili/Documents/KIT/2023/BA/code/output/families/ssim_DL_s20_f100_sites200_GTR_bl1.0_d1.0_l1.0_t0.0_gc0.0_p0.0_pop10_ms0.0_mf0.0_seed42/families/family_058/misc/raxml_output.F81.raxml.reduced.phy

Alignment comprises 1 partitions and 46 patterns

Partition 0: noname
Model: F81+FO
Alignment sites / patterns: 169 / 46
Gaps: 0.00 %
Invariant sites: 48.52 %


NOTE: Binary MSA file created: /home/fili/Documents/KIT/2023/BA/code/output/families/ssim_DL_s20_f100_sites200_GTR_bl1.0_d1.0_l1.0_t0.0_gc0.0_p0.0_pop10_ms0.0_mf0.0_seed42/families/family_058/misc/raxml_output.F81.raxml.rba

Parallelization scheme autoconfig: 8 worker(s) x 1 thread(s)

Parallel reduction/worker buffer size: 1 KB  / 0 KB

[00:00:00] Generating 10 random starting tree(s) with 11 taxa
[00:00:00] Generating 10 parsimony starting tree(s) with 11 taxa
[00:00:00] Data distribution: max. partitions/sites/weight per thread: 1 / 46 / 184
[00:00:00] Data distribution: max. searches per worker: 3

Starting ML tree search with 20 distinct starting trees

[00:00:00 -1393.057189] Initial branch length optimization
[00:00:00 -1254.851589] Model parameter optimization (eps = 10.000000)
[00:00:00 -1186.716237] AUTODETECT spr round 1 (radius: 5)
[00:00:00 -710.901285] AUTODETECT spr round 2 (radius: 10)
[00:00:00 -710.901160] SPR radius for FAST iterations: 5 (autodetect)
[00:00:00 -710.901160] Model parameter optimization (eps = 3.000000)
[00:00:00 -708.616540] FAST spr round 1 (radius: 5)
[00:00:00 -708.616138] Model parameter optimization (eps = 1.000000)
[00:00:00 -708.615393] SLOW spr round 1 (radius: 5)
[00:00:00] [worker #6] ML tree search #7, logLikelihood: -707.778186
[00:00:00] [worker #2] ML tree search #3, logLikelihood: -707.778187
[00:00:00] [worker #7] ML tree search #8, logLikelihood: -707.778186
[00:00:00] [worker #1] ML tree search #2, logLikelihood: -707.778186
[00:00:00 -707.885397] SLOW spr round 2 (radius: 5)
[00:00:00] [worker #6] ML tree search #15, logLikelihood: -707.778186
[00:00:00] [worker #3] ML tree search #4, logLikelihood: -707.778186
[00:00:00 -707.885367] SLOW spr round 3 (radius: 10)
[00:00:00 -707.885367] Model parameter optimization (eps = 0.100000)
[00:00:00] [worker #5] ML tree search #6, logLikelihood: -707.778187
[00:00:00] [worker #2] ML tree search #11, logLikelihood: -707.778186
[00:00:00] [worker #4] ML tree search #5, logLikelihood: -707.778187

[00:00:00] [worker #0] ML tree search #1, logLikelihood: -707.778187

[00:00:00] [worker #7] ML tree search #16, logLikelihood: -707.778186
[00:00:00] [worker #1] ML tree search #10, logLikelihood: -707.778187
[00:00:00 -1481.940997] Initial branch length optimization
[00:00:00 -1335.354463] Model parameter optimization (eps = 10.000000)
[00:00:00 -1258.496756] AUTODETECT spr round 1 (radius: 5)
[00:00:00 -719.979582] AUTODETECT spr round 2 (radius: 10)
[00:00:00 -719.978841] SPR radius for FAST iterations: 5 (autodetect)
[00:00:00 -719.978841] Model parameter optimization (eps = 3.000000)
[00:00:00 -717.956805] FAST spr round 1 (radius: 5)
[00:00:00] [worker #2] ML tree search #19, logLikelihood: -707.778186
[00:00:00 -717.956257] Model parameter optimization (eps = 1.000000)
[00:00:00 -717.954611] SLOW spr round 1 (radius: 5)
[00:00:00] [worker #1] ML tree search #18, logLikelihood: -707.778186
[00:00:00] [worker #3] ML tree search #12, logLikelihood: -707.778186
[00:00:00] [worker #5] ML tree search #14, logLikelihood: -707.778187
[00:00:00] [worker #4] ML tree search #13, logLikelihood: -707.778186
[00:00:00 -707.913301] SLOW spr round 2 (radius: 5)
[00:00:00 -707.913298] SLOW spr round 3 (radius: 10)
[00:00:00 -707.913298] Model parameter optimization (eps = 0.100000)

[00:00:00] [worker #0] ML tree search #9, logLikelihood: -707.778187

[00:00:00] [worker #3] ML tree search #20, logLikelihood: -707.778186
[00:00:00 -926.940093] Initial branch length optimization
[00:00:00 -741.345341] Model parameter optimization (eps = 10.000000)
[00:00:00 -707.778316] AUTODETECT spr round 1 (radius: 5)
[00:00:00 -707.778250] SPR radius for FAST iterations: 5 (autodetect)
[00:00:00 -707.778250] Model parameter optimization (eps = 3.000000)
[00:00:00 -707.778186] FAST spr round 1 (radius: 5)
[00:00:00 -707.778186] Model parameter optimization (eps = 1.000000)
[00:00:00 -707.778186] SLOW spr round 1 (radius: 5)
[00:00:00 -707.778186] SLOW spr round 2 (radius: 10)
[00:00:00 -707.778186] Model parameter optimization (eps = 0.100000)

[00:00:00] [worker #0] ML tree search #17, logLikelihood: -707.778186


Optimized model parameters:

   Partition 0: noname
   Rate heterogeneity: NONE
   Base frequencies (ML): 0.391032 0.088459 0.297361 0.223149 
   Substitution rates (model): 1.000000 1.000000 1.000000 1.000000 1.000000 1.000000 


Final LogLikelihood: -707.778186

AIC score: 1459.556371 / AICc score: 1466.487878 / BIC score: 1528.414143
Free parameters (model + branch lengths): 22

WARNING: Best ML tree contains 1 near-zero branches!

Best ML tree with collapsed near-zero branches saved to: /home/fili/Documents/KIT/2023/BA/code/output/families/ssim_DL_s20_f100_sites200_GTR_bl1.0_d1.0_l1.0_t0.0_gc0.0_p0.0_pop10_ms0.0_mf0.0_seed42/families/family_058/misc/raxml_output.F81.raxml.bestTreeCollapsed
Best ML tree saved to: /home/fili/Documents/KIT/2023/BA/code/output/families/ssim_DL_s20_f100_sites200_GTR_bl1.0_d1.0_l1.0_t0.0_gc0.0_p0.0_pop10_ms0.0_mf0.0_seed42/families/family_058/misc/raxml_output.F81.raxml.bestTree
All ML trees saved to: /home/fili/Documents/KIT/2023/BA/code/output/families/ssim_DL_s20_f100_sites200_GTR_bl1.0_d1.0_l1.0_t0.0_gc0.0_p0.0_pop10_ms0.0_mf0.0_seed42/families/family_058/misc/raxml_output.F81.raxml.mlTrees
Optimized model saved to: /home/fili/Documents/KIT/2023/BA/code/output/families/ssim_DL_s20_f100_sites200_GTR_bl1.0_d1.0_l1.0_t0.0_gc0.0_p0.0_pop10_ms0.0_mf0.0_seed42/families/family_058/misc/raxml_output.F81.raxml.bestModel

Execution log saved to: /home/fili/Documents/KIT/2023/BA/code/output/families/ssim_DL_s20_f100_sites200_GTR_bl1.0_d1.0_l1.0_t0.0_gc0.0_p0.0_pop10_ms0.0_mf0.0_seed42/families/family_058/misc/raxml_output.F81.raxml.log

Analysis started: 13-Jun-2023 16:02:57 / finished: 13-Jun-2023 16:02:57

Elapsed time: 0.105 seconds

