
RAxML-NG v. 1.1.0 released on 29.11.2021 by The Exelixis Lab.
Developed by: Alexey M. Kozlov and Alexandros Stamatakis.
Contributors: Diego Darriba, Tomas Flouri, Benoit Morel, Sarah Lutteropp, Ben Bettisworth.
Latest version: https://github.com/amkozlov/raxml-ng
Questions/problems/suggestions? Please visit: https://groups.google.com/forum/#!forum/raxml

System: AMD Ryzen 7 5800X 8-Core Processor, 8 cores, 31 GB RAM

RAxML-NG was called at 19-Jun-2023 17:11:04 as follows:

/home/fili/Documents/KIT/2023/BA/resources/tools/RAxML-NG/raxml-ng --msa /home/fili/Documents/KIT/2023/BA/code/output/families/ssim_NE_s20_f100_sites200_GTR_bl1.0_d0.0_l0.0_t0.0_gc0.0_p0.0_pop10_ms0.0_mf0.0_seed42/families/family_079/alignment.msa --model F81 --prefix /home/fili/Documents/KIT/2023/BA/code/output/families/ssim_NE_s20_f100_sites200_GTR_bl1.0_d0.0_l0.0_t0.0_gc0.0_p0.0_pop10_ms0.0_mf0.0_seed42/families/family_079/misc/raxml_output.F81

Analysis options:
  run mode: ML tree search
  start tree(s): random (10) + parsimony (10)
  random seed: 1687187464
  tip-inner: OFF
  pattern compression: ON
  per-rate scalers: OFF
  site repeats: ON
  fast spr radius: AUTO
  spr subtree cutoff: 1.000000
  branch lengths: proportional (ML estimate, algorithm: NR-FAST)
  SIMD kernels: AVX2
  parallelization: coarse-grained (auto), PTHREADS (auto)

[00:00:00] Reading alignment from file: /home/fili/Documents/KIT/2023/BA/code/output/families/ssim_NE_s20_f100_sites200_GTR_bl1.0_d0.0_l0.0_t0.0_gc0.0_p0.0_pop10_ms0.0_mf0.0_seed42/families/family_079/alignment.msa
[00:00:00] Loaded alignment with 20 taxa and 186 sites

WARNING: Sequences 2_0_0 and 3_0_0 are exactly identical!
WARNING: Sequences 9_0_0 and 13_0_0 are exactly identical!
WARNING: Duplicate sequences found: 2

NOTE: Reduced alignment (with duplicates and gap-only sites/taxa removed) 
NOTE: was saved to: /home/fili/Documents/KIT/2023/BA/code/output/families/ssim_NE_s20_f100_sites200_GTR_bl1.0_d0.0_l0.0_t0.0_gc0.0_p0.0_pop10_ms0.0_mf0.0_seed42/families/family_079/misc/raxml_output.F81.raxml.reduced.phy

Alignment comprises 1 partitions and 112 patterns

Partition 0: noname
Model: F81+FO
Alignment sites / patterns: 186 / 112
Gaps: 0.00 %
Invariant sites: 36.02 %


NOTE: Binary MSA file created: /home/fili/Documents/KIT/2023/BA/code/output/families/ssim_NE_s20_f100_sites200_GTR_bl1.0_d0.0_l0.0_t0.0_gc0.0_p0.0_pop10_ms0.0_mf0.0_seed42/families/family_079/misc/raxml_output.F81.raxml.rba

Parallelization scheme autoconfig: 8 worker(s) x 1 thread(s)

Parallel reduction/worker buffer size: 1 KB  / 0 KB

[00:00:00] Generating 10 random starting tree(s) with 20 taxa
[00:00:00] Generating 10 parsimony starting tree(s) with 20 taxa
[00:00:00] Data distribution: max. partitions/sites/weight per thread: 1 / 112 / 448
[00:00:00] Data distribution: max. searches per worker: 3

Starting ML tree search with 20 distinct starting trees

[00:00:00 -2520.911684] Initial branch length optimization
[00:00:00 -2259.168109] Model parameter optimization (eps = 10.000000)
[00:00:00 -2226.437175] AUTODETECT spr round 1 (radius: 5)
[00:00:00 -1347.483774] AUTODETECT spr round 2 (radius: 10)
[00:00:00 -1347.482766] SPR radius for FAST iterations: 5 (autodetect)
[00:00:00 -1347.482766] Model parameter optimization (eps = 3.000000)
[00:00:00 -1345.692551] FAST spr round 1 (radius: 5)
[00:00:00 -1336.625794] FAST spr round 2 (radius: 5)
[00:00:00 -1336.180543] FAST spr round 3 (radius: 5)
[00:00:00 -1336.180463] Model parameter optimization (eps = 1.000000)
[00:00:00 -1336.159171] SLOW spr round 1 (radius: 5)
[00:00:00 -1336.159160] SLOW spr round 2 (radius: 10)
[00:00:00 -1336.159160] SLOW spr round 3 (radius: 15)
[00:00:00 -1336.159160] SLOW spr round 4 (radius: 20)
[00:00:00 -1336.159160] Model parameter optimization (eps = 0.100000)

[00:00:00] [worker #0] ML tree search #1, logLikelihood: -1336.159155

[00:00:00 -2593.006950] Initial branch length optimization
[00:00:00 -2342.299460] Model parameter optimization (eps = 10.000000)
[00:00:00 -2306.801453] AUTODETECT spr round 1 (radius: 5)
[00:00:00] [worker #1] ML tree search #2, logLikelihood: -1336.159156
[00:00:00 -1378.978316] AUTODETECT spr round 2 (radius: 10)
[00:00:00 -1378.967567] SPR radius for FAST iterations: 5 (autodetect)
[00:00:00 -1378.967567] Model parameter optimization (eps = 3.000000)
[00:00:00 -1378.819003] FAST spr round 1 (radius: 5)
[00:00:00 -1338.487923] FAST spr round 2 (radius: 5)
[00:00:00] [worker #5] ML tree search #6, logLikelihood: -1336.159155
[00:00:00] [worker #7] ML tree search #8, logLikelihood: -1336.159155
[00:00:00 -1336.650155] FAST spr round 3 (radius: 5)
[00:00:00] [worker #2] ML tree search #3, logLikelihood: -1336.159156
[00:00:00 -1336.650136] Model parameter optimization (eps = 1.000000)
[00:00:00 -1336.159517] SLOW spr round 1 (radius: 5)
[00:00:00] [worker #3] ML tree search #4, logLikelihood: -1336.159155
[00:00:00] [worker #6] ML tree search #7, logLikelihood: -1336.159156
[00:00:00] [worker #4] ML tree search #5, logLikelihood: -1336.159155
[00:00:00 -1336.159301] SLOW spr round 2 (radius: 10)
[00:00:00 -1336.159301] SLOW spr round 3 (radius: 15)
[00:00:00 -1336.159301] SLOW spr round 4 (radius: 20)
[00:00:00 -1336.159301] Model parameter optimization (eps = 0.100000)

[00:00:00] [worker #0] ML tree search #9, logLikelihood: -1336.159156

[00:00:00 -1670.363330] Initial branch length optimization
[00:00:00 -1351.829674] Model parameter optimization (eps = 10.000000)
[00:00:00] [worker #1] ML tree search #10, logLikelihood: -1336.159155
[00:00:00 -1336.159260] AUTODETECT spr round 1 (radius: 5)
[00:00:00 -1336.159192] SPR radius for FAST iterations: 5 (autodetect)
[00:00:00 -1336.159192] Model parameter optimization (eps = 3.000000)
[00:00:00 -1336.159156] FAST spr round 1 (radius: 5)
[00:00:00 -1336.159156] Model parameter optimization (eps = 1.000000)
[00:00:00 -1336.159156] SLOW spr round 1 (radius: 5)
[00:00:00] [worker #7] ML tree search #16, logLikelihood: -1336.159156
[00:00:00 -1336.159156] SLOW spr round 2 (radius: 10)
[00:00:00] [worker #5] ML tree search #14, logLikelihood: -1336.159155
[00:00:00] [worker #2] ML tree search #11, logLikelihood: -1336.159155
[00:00:00] [worker #6] ML tree search #15, logLikelihood: -1336.159156
[00:00:00 -1336.159156] SLOW spr round 3 (radius: 15)
[00:00:00 -1336.159156] SLOW spr round 4 (radius: 20)
[00:00:00 -1336.159156] Model parameter optimization (eps = 0.100000)
[00:00:00] [worker #4] ML tree search #13, logLikelihood: -1336.159156

[00:00:00] [worker #0] ML tree search #17, logLikelihood: -1336.159156

[00:00:00] [worker #3] ML tree search #12, logLikelihood: -1336.159155
[00:00:00] [worker #1] ML tree search #18, logLikelihood: -1336.159156
[00:00:00] [worker #2] ML tree search #19, logLikelihood: -1336.159155
[00:00:00] [worker #3] ML tree search #20, logLikelihood: -1336.159156

Optimized model parameters:

   Partition 0: noname
   Rate heterogeneity: NONE
   Base frequencies (ML): 0.294556 0.174951 0.339282 0.191211 
   Substitution rates (model): 1.000000 1.000000 1.000000 1.000000 1.000000 1.000000 


Final LogLikelihood: -1336.159155

AIC score: 2752.318310 / AICc score: 2774.939000 / BIC score: 2881.348177
Free parameters (model + branch lengths): 40

Best ML tree saved to: /home/fili/Documents/KIT/2023/BA/code/output/families/ssim_NE_s20_f100_sites200_GTR_bl1.0_d0.0_l0.0_t0.0_gc0.0_p0.0_pop10_ms0.0_mf0.0_seed42/families/family_079/misc/raxml_output.F81.raxml.bestTree
All ML trees saved to: /home/fili/Documents/KIT/2023/BA/code/output/families/ssim_NE_s20_f100_sites200_GTR_bl1.0_d0.0_l0.0_t0.0_gc0.0_p0.0_pop10_ms0.0_mf0.0_seed42/families/family_079/misc/raxml_output.F81.raxml.mlTrees
Optimized model saved to: /home/fili/Documents/KIT/2023/BA/code/output/families/ssim_NE_s20_f100_sites200_GTR_bl1.0_d0.0_l0.0_t0.0_gc0.0_p0.0_pop10_ms0.0_mf0.0_seed42/families/family_079/misc/raxml_output.F81.raxml.bestModel

Execution log saved to: /home/fili/Documents/KIT/2023/BA/code/output/families/ssim_NE_s20_f100_sites200_GTR_bl1.0_d0.0_l0.0_t0.0_gc0.0_p0.0_pop10_ms0.0_mf0.0_seed42/families/family_079/misc/raxml_output.F81.raxml.log

Analysis started: 19-Jun-2023 17:11:04 / finished: 19-Jun-2023 17:11:04

Elapsed time: 0.305 seconds

