
RAxML-NG v. 1.1.0 released on 29.11.2021 by The Exelixis Lab.
Developed by: Alexey M. Kozlov and Alexandros Stamatakis.
Contributors: Diego Darriba, Tomas Flouri, Benoit Morel, Sarah Lutteropp, Ben Bettisworth.
Latest version: https://github.com/amkozlov/raxml-ng
Questions/problems/suggestions? Please visit: https://groups.google.com/forum/#!forum/raxml

System: AMD Ryzen 7 5800X 8-Core Processor, 8 cores, 31 GB RAM

RAxML-NG was called at 21-Jun-2023 14:53:29 as follows:

/home/fili/Documents/KIT/2023/BA/resources/tools/RAxML-NG/raxml-ng --msa /home/fili/Documents/KIT/2023/BA/code/output/families/ssim_NE_s20_f100_sites200_GTR_bl1.0_d0.0_l0.0_t0.0_gc0.0_p0.0_pop10_ms0.0_mf0.0_seed19732311/families/family_079/alignment.msa --model F81 --prefix /home/fili/Documents/KIT/2023/BA/code/output/families/ssim_NE_s20_f100_sites200_GTR_bl1.0_d0.0_l0.0_t0.0_gc0.0_p0.0_pop10_ms0.0_mf0.0_seed19732311/families/family_079/misc/raxml_output.F81

Analysis options:
  run mode: ML tree search
  start tree(s): random (10) + parsimony (10)
  random seed: 1687352009
  tip-inner: OFF
  pattern compression: ON
  per-rate scalers: OFF
  site repeats: ON
  fast spr radius: AUTO
  spr subtree cutoff: 1.000000
  branch lengths: proportional (ML estimate, algorithm: NR-FAST)
  SIMD kernels: AVX2
  parallelization: coarse-grained (auto), PTHREADS (auto)

[00:00:00] Reading alignment from file: /home/fili/Documents/KIT/2023/BA/code/output/families/ssim_NE_s20_f100_sites200_GTR_bl1.0_d0.0_l0.0_t0.0_gc0.0_p0.0_pop10_ms0.0_mf0.0_seed19732311/families/family_079/alignment.msa
[00:00:00] Loaded alignment with 20 taxa and 233 sites

Alignment comprises 1 partitions and 209 patterns

Partition 0: noname
Model: F81+FO
Alignment sites / patterns: 233 / 209
Gaps: 0.00 %
Invariant sites: 6.87 %


NOTE: Binary MSA file created: /home/fili/Documents/KIT/2023/BA/code/output/families/ssim_NE_s20_f100_sites200_GTR_bl1.0_d0.0_l0.0_t0.0_gc0.0_p0.0_pop10_ms0.0_mf0.0_seed19732311/families/family_079/misc/raxml_output.F81.raxml.rba

Parallelization scheme autoconfig: 8 worker(s) x 1 thread(s)

Parallel reduction/worker buffer size: 1 KB  / 0 KB

[00:00:00] Generating 10 random starting tree(s) with 20 taxa
[00:00:00] Generating 10 parsimony starting tree(s) with 20 taxa
[00:00:00] Data distribution: max. partitions/sites/weight per thread: 1 / 209 / 836
[00:00:00] Data distribution: max. searches per worker: 3

Starting ML tree search with 20 distinct starting trees

[00:00:00 -5643.681822] Initial branch length optimization
[00:00:00 -4645.135649] Model parameter optimization (eps = 10.000000)
[00:00:00 -4579.108439] AUTODETECT spr round 1 (radius: 5)
[00:00:00 -3031.573858] AUTODETECT spr round 2 (radius: 10)
[00:00:00 -3031.559740] SPR radius for FAST iterations: 5 (autodetect)
[00:00:00 -3031.559740] Model parameter optimization (eps = 3.000000)
[00:00:00 -3021.248763] FAST spr round 1 (radius: 5)
[00:00:00 -2901.311697] FAST spr round 2 (radius: 5)
[00:00:00 -2895.662083] FAST spr round 3 (radius: 5)
[00:00:00 -2894.529676] FAST spr round 4 (radius: 5)
[00:00:00 -2893.879705] FAST spr round 5 (radius: 5)
[00:00:00 -2893.878441] Model parameter optimization (eps = 1.000000)
[00:00:00 -2892.796847] SLOW spr round 1 (radius: 5)
[00:00:00] [worker #2] ML tree search #3, logLikelihood: -2891.958672
[00:00:00 -2892.030266] SLOW spr round 2 (radius: 5)
[00:00:00] [worker #6] ML tree search #7, logLikelihood: -2891.958693
[00:00:00] [worker #1] ML tree search #2, logLikelihood: -2891.958687
[00:00:00] [worker #3] ML tree search #4, logLikelihood: -2891.958677
[00:00:00] [worker #4] ML tree search #5, logLikelihood: -2891.958677
[00:00:00] [worker #5] ML tree search #6, logLikelihood: -2891.958678
[00:00:00] [worker #7] ML tree search #8, logLikelihood: -2891.958687
[00:00:00 -2891.965819] SLOW spr round 3 (radius: 10)
[00:00:00] [worker #2] ML tree search #11, logLikelihood: -2891.958669
[00:00:00 -2891.965453] SLOW spr round 4 (radius: 15)
[00:00:00 -2891.965449] SLOW spr round 5 (radius: 20)
[00:00:00 -2891.965449] Model parameter optimization (eps = 0.100000)

[00:00:00] [worker #0] ML tree search #1, logLikelihood: -2891.958677

[00:00:00 -5599.396032] Initial branch length optimization
[00:00:00 -4590.785042] Model parameter optimization (eps = 10.000000)
[00:00:00 -4501.306786] AUTODETECT spr round 1 (radius: 5)
[00:00:00 -2950.729423] AUTODETECT spr round 2 (radius: 10)
[00:00:00 -2950.231608] AUTODETECT spr round 3 (radius: 15)
[00:00:00 -2950.218873] SPR radius for FAST iterations: 10 (autodetect)
[00:00:00 -2950.218873] Model parameter optimization (eps = 3.000000)
[00:00:00 -2944.108595] FAST spr round 1 (radius: 10)
[00:00:00] [worker #6] ML tree search #15, logLikelihood: -2891.958669
[00:00:00 -2895.031550] FAST spr round 2 (radius: 10)
[00:00:00 -2892.098341] FAST spr round 3 (radius: 10)
[00:00:00] [worker #5] ML tree search #14, logLikelihood: -2891.958669
[00:00:00] [worker #3] ML tree search #12, logLikelihood: -2891.958669
[00:00:00] [worker #4] ML tree search #13, logLikelihood: -2891.958669
[00:00:00 -2892.098312] Model parameter optimization (eps = 1.000000)
[00:00:00 -2891.959519] SLOW spr round 1 (radius: 5)
[00:00:00 -2891.958867] SLOW spr round 2 (radius: 10)
[00:00:00] [worker #7] ML tree search #16, logLikelihood: -2891.958676
[00:00:00 -2891.958860] SLOW spr round 3 (radius: 15)
[00:00:00 -2891.958860] SLOW spr round 4 (radius: 20)
[00:00:00 -2891.958860] Model parameter optimization (eps = 0.100000)

[00:00:00] [worker #0] ML tree search #9, logLikelihood: -2891.958676

[00:00:00] [worker #1] ML tree search #10, logLikelihood: -2891.958687
[00:00:00 -3288.710816] Initial branch length optimization
[00:00:00 -2982.651427] Model parameter optimization (eps = 10.000000)
[00:00:00 -2905.414262] AUTODETECT spr round 1 (radius: 5)
[00:00:00] [worker #2] ML tree search #19, logLikelihood: -2891.958676
[00:00:00 -2892.872045] AUTODETECT spr round 2 (radius: 10)
[00:00:00] [worker #3] ML tree search #20, logLikelihood: -2891.958669
[00:00:00 -2892.871049] SPR radius for FAST iterations: 5 (autodetect)
[00:00:00 -2892.871049] Model parameter optimization (eps = 3.000000)
[00:00:00 -2892.844271] FAST spr round 1 (radius: 5)
[00:00:00 -2892.026608] FAST spr round 2 (radius: 5)
[00:00:00 -2891.963814] Model parameter optimization (eps = 1.000000)
[00:00:00 -2891.958679] SLOW spr round 1 (radius: 5)
[00:00:00 -2891.958672] SLOW spr round 2 (radius: 10)
[00:00:00] [worker #1] ML tree search #18, logLikelihood: -2891.958669
[00:00:00 -2891.958672] SLOW spr round 3 (radius: 15)
[00:00:00 -2891.958672] SLOW spr round 4 (radius: 20)
[00:00:00 -2891.958672] Model parameter optimization (eps = 0.100000)

[00:00:00] [worker #0] ML tree search #17, logLikelihood: -2891.958670


Optimized model parameters:

   Partition 0: noname
   Rate heterogeneity: NONE
   Base frequencies (ML): 0.359682 0.128554 0.334756 0.177008 
   Substitution rates (model): 1.000000 1.000000 1.000000 1.000000 1.000000 1.000000 


Final LogLikelihood: -2891.958669

AIC score: 5863.917337 / AICc score: 5881.000671 / BIC score: 6001.958876
Free parameters (model + branch lengths): 40

Best ML tree saved to: /home/fili/Documents/KIT/2023/BA/code/output/families/ssim_NE_s20_f100_sites200_GTR_bl1.0_d0.0_l0.0_t0.0_gc0.0_p0.0_pop10_ms0.0_mf0.0_seed19732311/families/family_079/misc/raxml_output.F81.raxml.bestTree
All ML trees saved to: /home/fili/Documents/KIT/2023/BA/code/output/families/ssim_NE_s20_f100_sites200_GTR_bl1.0_d0.0_l0.0_t0.0_gc0.0_p0.0_pop10_ms0.0_mf0.0_seed19732311/families/family_079/misc/raxml_output.F81.raxml.mlTrees
Optimized model saved to: /home/fili/Documents/KIT/2023/BA/code/output/families/ssim_NE_s20_f100_sites200_GTR_bl1.0_d0.0_l0.0_t0.0_gc0.0_p0.0_pop10_ms0.0_mf0.0_seed19732311/families/family_079/misc/raxml_output.F81.raxml.bestModel

Execution log saved to: /home/fili/Documents/KIT/2023/BA/code/output/families/ssim_NE_s20_f100_sites200_GTR_bl1.0_d0.0_l0.0_t0.0_gc0.0_p0.0_pop10_ms0.0_mf0.0_seed19732311/families/family_079/misc/raxml_output.F81.raxml.log

Analysis started: 21-Jun-2023 14:53:29 / finished: 21-Jun-2023 14:53:29

Elapsed time: 0.477 seconds

