
RAxML-NG v. 1.1.0 released on 29.11.2021 by The Exelixis Lab.
Developed by: Alexey M. Kozlov and Alexandros Stamatakis.
Contributors: Diego Darriba, Tomas Flouri, Benoit Morel, Sarah Lutteropp, Ben Bettisworth.
Latest version: https://github.com/amkozlov/raxml-ng
Questions/problems/suggestions? Please visit: https://groups.google.com/forum/#!forum/raxml

System: AMD Ryzen 7 5800X 8-Core Processor, 8 cores, 31 GB RAM

RAxML-NG was called at 27-Jun-2023 13:41:14 as follows:

/home/fili/Documents/KIT/2023/BA/resources/tools/RAxML-NG/raxml-ng --msa /home/fili/Documents/KIT/2023/BA/code/output/families/ssim_DL_s20_f100_sites200_GTR_bl1.0_d1.0_l1.0_t0.0_gc0.0_p0.0_pop10_ms0.0_mf0.0_seed121873/families/family_065/alignment.msa --model F81 --prefix /home/fili/Documents/KIT/2023/BA/code/output/families/ssim_DL_s20_f100_sites200_GTR_bl1.0_d1.0_l1.0_t0.0_gc0.0_p0.0_pop10_ms0.0_mf0.0_seed121873/families/family_065/misc/raxml_output.F81

Analysis options:
  run mode: ML tree search
  start tree(s): random (10) + parsimony (10)
  random seed: 1687866073
  tip-inner: OFF
  pattern compression: ON
  per-rate scalers: OFF
  site repeats: ON
  fast spr radius: AUTO
  spr subtree cutoff: 1.000000
  branch lengths: proportional (ML estimate, algorithm: NR-FAST)
  SIMD kernels: AVX2
  parallelization: coarse-grained (auto), PTHREADS (auto)

[00:00:00] Reading alignment from file: /home/fili/Documents/KIT/2023/BA/code/output/families/ssim_DL_s20_f100_sites200_GTR_bl1.0_d1.0_l1.0_t0.0_gc0.0_p0.0_pop10_ms0.0_mf0.0_seed121873/families/family_065/alignment.msa
[00:00:00] Loaded alignment with 54 taxa and 178 sites

WARNING: Sequences 12_1_0 and 2_1_0 are exactly identical!
WARNING: Sequences 4_1_0 and 11_1_0 are exactly identical!
WARNING: Sequences 12_3_0 and 2_3_0 are exactly identical!
WARNING: Sequences 2_0_0 and 12_0_0 are exactly identical!
WARNING: Sequences 11_0_0 and 4_0_0 are exactly identical!
WARNING: Sequences 13_7_0 and 19_7_0 are exactly identical!
WARNING: Sequences 17_0_0 and 15_0_0 are exactly identical!
WARNING: Sequences 13_8_0 and 19_8_0 are exactly identical!
WARNING: Duplicate sequences found: 8

NOTE: Reduced alignment (with duplicates and gap-only sites/taxa removed) 
NOTE: was saved to: /home/fili/Documents/KIT/2023/BA/code/output/families/ssim_DL_s20_f100_sites200_GTR_bl1.0_d1.0_l1.0_t0.0_gc0.0_p0.0_pop10_ms0.0_mf0.0_seed121873/families/family_065/misc/raxml_output.F81.raxml.reduced.phy

Alignment comprises 1 partitions and 91 patterns

Partition 0: noname
Model: F81+FO
Alignment sites / patterns: 178 / 91
Gaps: 0.00 %
Invariant sites: 50.00 %


NOTE: Binary MSA file created: /home/fili/Documents/KIT/2023/BA/code/output/families/ssim_DL_s20_f100_sites200_GTR_bl1.0_d1.0_l1.0_t0.0_gc0.0_p0.0_pop10_ms0.0_mf0.0_seed121873/families/family_065/misc/raxml_output.F81.raxml.rba

Parallelization scheme autoconfig: 8 worker(s) x 1 thread(s)

Parallel reduction/worker buffer size: 1 KB  / 0 KB

[00:00:00] Generating 10 random starting tree(s) with 54 taxa
[00:00:00] Generating 10 parsimony starting tree(s) with 54 taxa
[00:00:00] Data distribution: max. partitions/sites/weight per thread: 1 / 91 / 364
[00:00:00] Data distribution: max. searches per worker: 3

Starting ML tree search with 20 distinct starting trees

[00:00:00 -4673.786665] Initial branch length optimization
[00:00:00 -4029.670524] Model parameter optimization (eps = 10.000000)
[00:00:00 -3926.288715] AUTODETECT spr round 1 (radius: 5)
[00:00:00 -2184.445024] AUTODETECT spr round 2 (radius: 10)
[00:00:00 -1855.734496] AUTODETECT spr round 3 (radius: 15)
[00:00:00 -1855.725420] SPR radius for FAST iterations: 10 (autodetect)
[00:00:00 -1855.725420] Model parameter optimization (eps = 3.000000)
[00:00:00 -1855.330292] FAST spr round 1 (radius: 10)
[00:00:00 -1785.207125] FAST spr round 2 (radius: 10)
[00:00:00 -1728.907193] FAST spr round 3 (radius: 10)
[00:00:00 -1728.891766] Model parameter optimization (eps = 1.000000)
[00:00:00 -1728.740859] SLOW spr round 1 (radius: 5)
[00:00:00 -1723.417217] SLOW spr round 2 (radius: 5)
[00:00:00 -1718.016751] SLOW spr round 3 (radius: 5)
[00:00:00 -1718.016736] SLOW spr round 4 (radius: 10)
[00:00:00] [worker #4] ML tree search #5, logLikelihood: -1720.874958
[00:00:00] [worker #7] ML tree search #8, logLikelihood: -1727.541326
[00:00:00] [worker #6] ML tree search #7, logLikelihood: -1717.675716
[00:00:00] [worker #5] ML tree search #6, logLikelihood: -1720.028606
[00:00:00 -1718.016736] SLOW spr round 5 (radius: 15)
[00:00:00] [worker #3] ML tree search #4, logLikelihood: -1720.318017
[00:00:00] [worker #1] ML tree search #2, logLikelihood: -1717.867051
[00:00:00 -1718.016736] SLOW spr round 6 (radius: 20)
[00:00:00 -1718.016736] SLOW spr round 7 (radius: 25)
[00:00:00 -1718.016736] Model parameter optimization (eps = 0.100000)

[00:00:00] [worker #0] ML tree search #1, logLikelihood: -1718.001138

[00:00:00 -4641.580065] Initial branch length optimization
[00:00:00 -3944.008836] Model parameter optimization (eps = 10.000000)
[00:00:00 -3859.911753] AUTODETECT spr round 1 (radius: 5)
[00:00:00] [worker #2] ML tree search #3, logLikelihood: -1718.597957
[00:00:00 -2292.889052] AUTODETECT spr round 2 (radius: 10)
[00:00:00 -1818.405223] AUTODETECT spr round 3 (radius: 15)
[00:00:00 -1788.087170] AUTODETECT spr round 4 (radius: 20)
[00:00:00 -1788.086246] SPR radius for FAST iterations: 15 (autodetect)
[00:00:00 -1788.086246] Model parameter optimization (eps = 3.000000)
[00:00:00 -1787.941373] FAST spr round 1 (radius: 15)
[00:00:00 -1723.362553] FAST spr round 2 (radius: 15)
[00:00:00 -1718.044179] FAST spr round 3 (radius: 15)
[00:00:00 -1718.044177] Model parameter optimization (eps = 1.000000)
[00:00:00 -1717.717859] SLOW spr round 1 (radius: 5)
[00:00:00] [worker #4] ML tree search #13, logLikelihood: -1727.579096
[00:00:00] [worker #7] ML tree search #16, logLikelihood: -1727.589784
[00:00:00] [worker #5] ML tree search #14, logLikelihood: -1719.269535
[00:00:00 -1717.618454] SLOW spr round 2 (radius: 10)
[00:00:00] [worker #3] ML tree search #12, logLikelihood: -1718.118440
[00:00:00 -1717.618452] SLOW spr round 3 (radius: 15)
[00:00:00] [worker #1] ML tree search #10, logLikelihood: -1727.589784
[00:00:00 -1717.618452] SLOW spr round 4 (radius: 20)
[00:00:00 -1717.618452] SLOW spr round 5 (radius: 25)
[00:00:00 -1717.618452] Model parameter optimization (eps = 0.100000)
[00:00:00] [worker #6] ML tree search #15, logLikelihood: -1717.675766

[00:00:00] [worker #0] ML tree search #9, logLikelihood: -1717.618257

[00:00:00] [worker #2] ML tree search #11, logLikelihood: -1727.619609
[00:00:00 -2958.985077] Initial branch length optimization
[00:00:00 -1771.016064] Model parameter optimization (eps = 10.000000)
[00:00:00 -1733.680140] AUTODETECT spr round 1 (radius: 5)
[00:00:00 -1720.827454] AUTODETECT spr round 2 (radius: 10)
[00:00:00 -1720.826385] SPR radius for FAST iterations: 5 (autodetect)
[00:00:00 -1720.826385] Model parameter optimization (eps = 3.000000)
[00:00:00 -1720.751138] FAST spr round 1 (radius: 5)
[00:00:00 -1720.361881] FAST spr round 2 (radius: 5)
[00:00:00 -1720.361857] Model parameter optimization (eps = 1.000000)
[00:00:00 -1720.355488] SLOW spr round 1 (radius: 5)
[00:00:00] [worker #3] ML tree search #20, logLikelihood: -1719.411885
[00:00:00 -1720.355457] SLOW spr round 2 (radius: 10)
[00:00:00 -1720.355457] SLOW spr round 3 (radius: 15)
[00:00:00] [worker #2] ML tree search #19, logLikelihood: -1719.659675
[00:00:00 -1720.355457] SLOW spr round 4 (radius: 20)
[00:00:00] [worker #1] ML tree search #18, logLikelihood: -1717.675715
[00:00:00 -1720.355457] SLOW spr round 5 (radius: 25)
[00:00:00 -1720.355457] Model parameter optimization (eps = 0.100000)

[00:00:00] [worker #0] ML tree search #17, logLikelihood: -1720.355454


Optimized model parameters:

   Partition 0: noname
   Rate heterogeneity: NONE
   Base frequencies (ML): 0.275507 0.106793 0.389303 0.228397 
   Substitution rates (model): 1.000000 1.000000 1.000000 1.000000 1.000000 1.000000 


Final LogLikelihood: -1717.618257

AIC score: 3651.236514 / AICc score: 3992.453906 / BIC score: 3994.869138
Free parameters (model + branch lengths): 108

WARNING: Best ML tree contains 8 near-zero branches!

Best ML tree with collapsed near-zero branches saved to: /home/fili/Documents/KIT/2023/BA/code/output/families/ssim_DL_s20_f100_sites200_GTR_bl1.0_d1.0_l1.0_t0.0_gc0.0_p0.0_pop10_ms0.0_mf0.0_seed121873/families/family_065/misc/raxml_output.F81.raxml.bestTreeCollapsed
Best ML tree saved to: /home/fili/Documents/KIT/2023/BA/code/output/families/ssim_DL_s20_f100_sites200_GTR_bl1.0_d1.0_l1.0_t0.0_gc0.0_p0.0_pop10_ms0.0_mf0.0_seed121873/families/family_065/misc/raxml_output.F81.raxml.bestTree
All ML trees saved to: /home/fili/Documents/KIT/2023/BA/code/output/families/ssim_DL_s20_f100_sites200_GTR_bl1.0_d1.0_l1.0_t0.0_gc0.0_p0.0_pop10_ms0.0_mf0.0_seed121873/families/family_065/misc/raxml_output.F81.raxml.mlTrees
Optimized model saved to: /home/fili/Documents/KIT/2023/BA/code/output/families/ssim_DL_s20_f100_sites200_GTR_bl1.0_d1.0_l1.0_t0.0_gc0.0_p0.0_pop10_ms0.0_mf0.0_seed121873/families/family_065/misc/raxml_output.F81.raxml.bestModel

Execution log saved to: /home/fili/Documents/KIT/2023/BA/code/output/families/ssim_DL_s20_f100_sites200_GTR_bl1.0_d1.0_l1.0_t0.0_gc0.0_p0.0_pop10_ms0.0_mf0.0_seed121873/families/family_065/misc/raxml_output.F81.raxml.log

Analysis started: 27-Jun-2023 13:41:14 / finished: 27-Jun-2023 13:41:14

Elapsed time: 0.952 seconds

