
RAxML-NG v. 1.1.0 released on 29.11.2021 by The Exelixis Lab.
Developed by: Alexey M. Kozlov and Alexandros Stamatakis.
Contributors: Diego Darriba, Tomas Flouri, Benoit Morel, Sarah Lutteropp, Ben Bettisworth.
Latest version: https://github.com/amkozlov/raxml-ng
Questions/problems/suggestions? Please visit: https://groups.google.com/forum/#!forum/raxml

System: AMD Ryzen 7 5800X 8-Core Processor, 8 cores, 31 GB RAM

RAxML-NG was called at 27-Jun-2023 13:47:03 as follows:

/home/fili/Documents/KIT/2023/BA/resources/tools/RAxML-NG/raxml-ng --msa /home/fili/Documents/KIT/2023/BA/code/output/families/ssim_NE_s20_f100_sites200_GTR_bl1.0_d0.0_l0.0_t0.0_gc0.0_p0.0_pop10_ms0.0_mf0.0_seed121873/families/family_044/alignment.msa --model F81 --prefix /home/fili/Documents/KIT/2023/BA/code/output/families/ssim_NE_s20_f100_sites200_GTR_bl1.0_d0.0_l0.0_t0.0_gc0.0_p0.0_pop10_ms0.0_mf0.0_seed121873/families/family_044/misc/raxml_output.F81

Analysis options:
  run mode: ML tree search
  start tree(s): random (10) + parsimony (10)
  random seed: 1687866423
  tip-inner: OFF
  pattern compression: ON
  per-rate scalers: OFF
  site repeats: ON
  fast spr radius: AUTO
  spr subtree cutoff: 1.000000
  branch lengths: proportional (ML estimate, algorithm: NR-FAST)
  SIMD kernels: AVX2
  parallelization: coarse-grained (auto), PTHREADS (auto)

[00:00:00] Reading alignment from file: /home/fili/Documents/KIT/2023/BA/code/output/families/ssim_NE_s20_f100_sites200_GTR_bl1.0_d0.0_l0.0_t0.0_gc0.0_p0.0_pop10_ms0.0_mf0.0_seed121873/families/family_044/alignment.msa
[00:00:00] Loaded alignment with 20 taxa and 172 sites

WARNING: Sequences 15_0_0 and 17_0_0 are exactly identical!
WARNING: Sequences 2_0_0 and 12_0_0 are exactly identical!
WARNING: Duplicate sequences found: 2

NOTE: Reduced alignment (with duplicates and gap-only sites/taxa removed) 
NOTE: was saved to: /home/fili/Documents/KIT/2023/BA/code/output/families/ssim_NE_s20_f100_sites200_GTR_bl1.0_d0.0_l0.0_t0.0_gc0.0_p0.0_pop10_ms0.0_mf0.0_seed121873/families/family_044/misc/raxml_output.F81.raxml.reduced.phy

Alignment comprises 1 partitions and 81 patterns

Partition 0: noname
Model: F81+FO
Alignment sites / patterns: 172 / 81
Gaps: 0.00 %
Invariant sites: 51.74 %


NOTE: Binary MSA file created: /home/fili/Documents/KIT/2023/BA/code/output/families/ssim_NE_s20_f100_sites200_GTR_bl1.0_d0.0_l0.0_t0.0_gc0.0_p0.0_pop10_ms0.0_mf0.0_seed121873/families/family_044/misc/raxml_output.F81.raxml.rba

Parallelization scheme autoconfig: 8 worker(s) x 1 thread(s)

Parallel reduction/worker buffer size: 1 KB  / 0 KB

[00:00:00] Generating 10 random starting tree(s) with 20 taxa
[00:00:00] Generating 10 parsimony starting tree(s) with 20 taxa
[00:00:00] Data distribution: max. partitions/sites/weight per thread: 1 / 81 / 324
[00:00:00] Data distribution: max. searches per worker: 3

Starting ML tree search with 20 distinct starting trees

[00:00:00 -2278.057223] Initial branch length optimization
[00:00:00 -2070.317053] Model parameter optimization (eps = 10.000000)
[00:00:00 -2059.282742] AUTODETECT spr round 1 (radius: 5)
[00:00:00 -1268.381405] AUTODETECT spr round 2 (radius: 10)
[00:00:00 -1225.033163] AUTODETECT spr round 3 (radius: 15)
[00:00:00 -1225.032637] SPR radius for FAST iterations: 10 (autodetect)
[00:00:00 -1225.032637] Model parameter optimization (eps = 3.000000)
[00:00:00 -1223.811050] FAST spr round 1 (radius: 10)
[00:00:00 -1210.036308] FAST spr round 2 (radius: 10)
[00:00:00 -1172.508674] FAST spr round 3 (radius: 10)
[00:00:00 -1169.007442] FAST spr round 4 (radius: 10)
[00:00:00 -1169.007400] Model parameter optimization (eps = 1.000000)
[00:00:00 -1168.239143] SLOW spr round 1 (radius: 5)
[00:00:00] [worker #5] ML tree search #6, logLikelihood: -1168.238901
[00:00:00 -1168.238946] SLOW spr round 2 (radius: 10)
[00:00:00] [worker #2] ML tree search #3, logLikelihood: -1168.238902
[00:00:00 -1168.238946] SLOW spr round 3 (radius: 15)
[00:00:00] [worker #1] ML tree search #2, logLikelihood: -1168.238902
[00:00:00] [worker #6] ML tree search #7, logLikelihood: -1168.238901
[00:00:00 -1168.238946] SLOW spr round 4 (radius: 20)
[00:00:00 -1168.238946] Model parameter optimization (eps = 0.100000)
[00:00:00] [worker #4] ML tree search #5, logLikelihood: -1168.238900

[00:00:00] [worker #0] ML tree search #1, logLikelihood: -1168.238901

[00:00:00 -2341.986680] Initial branch length optimization
[00:00:00 -2149.709578] Model parameter optimization (eps = 10.000000)
[00:00:00 -2138.583109] AUTODETECT spr round 1 (radius: 5)
[00:00:00 -1258.724827] AUTODETECT spr round 2 (radius: 10)
[00:00:00] [worker #3] ML tree search #4, logLikelihood: -1168.238901
[00:00:00 -1258.724720] SPR radius for FAST iterations: 5 (autodetect)
[00:00:00 -1258.724720] Model parameter optimization (eps = 3.000000)
[00:00:00 -1256.123314] FAST spr round 1 (radius: 5)
[00:00:00 -1170.052085] FAST spr round 2 (radius: 5)
[00:00:00 -1169.262669] FAST spr round 3 (radius: 5)
[00:00:00] [worker #5] ML tree search #14, logLikelihood: -1168.238901
[00:00:00] [worker #7] ML tree search #8, logLikelihood: -1168.238900
[00:00:00 -1168.878844] FAST spr round 4 (radius: 5)
[00:00:00 -1168.878827] Model parameter optimization (eps = 1.000000)
[00:00:00 -1168.239221] SLOW spr round 1 (radius: 5)
[00:00:00] [worker #2] ML tree search #11, logLikelihood: -1168.238900
[00:00:00] [worker #6] ML tree search #15, logLikelihood: -1168.238900
[00:00:00] [worker #4] ML tree search #13, logLikelihood: -1168.238900
[00:00:00 -1168.239014] SLOW spr round 2 (radius: 10)
[00:00:00 -1168.239014] SLOW spr round 3 (radius: 15)
[00:00:00] [worker #1] ML tree search #10, logLikelihood: -1168.238901
[00:00:00 -1168.239014] SLOW spr round 4 (radius: 20)
[00:00:00 -1168.239014] Model parameter optimization (eps = 0.100000)

[00:00:00] [worker #0] ML tree search #9, logLikelihood: -1168.238901

[00:00:00 -1472.992201] Initial branch length optimization
[00:00:00] [worker #3] ML tree search #12, logLikelihood: -1168.238900
[00:00:00 -1180.153931] Model parameter optimization (eps = 10.000000)
[00:00:00 -1176.149540] AUTODETECT spr round 1 (radius: 5)
[00:00:00 -1168.443923] AUTODETECT spr round 2 (radius: 10)
[00:00:00 -1168.443873] SPR radius for FAST iterations: 5 (autodetect)
[00:00:00 -1168.443873] Model parameter optimization (eps = 3.000000)
[00:00:00 -1168.238937] FAST spr round 1 (radius: 5)
[00:00:00] [worker #2] ML tree search #19, logLikelihood: -1168.238900
[00:00:00] [worker #7] ML tree search #16, logLikelihood: -1168.238901
[00:00:00 -1168.238905] Model parameter optimization (eps = 1.000000)
[00:00:00 -1168.238901] SLOW spr round 1 (radius: 5)
[00:00:00 -1168.238901] SLOW spr round 2 (radius: 10)
[00:00:00 -1168.238901] SLOW spr round 3 (radius: 15)
[00:00:00 -1168.238901] SLOW spr round 4 (radius: 20)
[00:00:00 -1168.238901] Model parameter optimization (eps = 0.100000)

[00:00:00] [worker #0] ML tree search #17, logLikelihood: -1168.238901

[00:00:00] [worker #1] ML tree search #18, logLikelihood: -1168.238900
[00:00:00] [worker #3] ML tree search #20, logLikelihood: -1168.238900

Optimized model parameters:

   Partition 0: noname
   Rate heterogeneity: NONE
   Base frequencies (ML): 0.306188 0.245163 0.242193 0.206456 
   Substitution rates (model): 1.000000 1.000000 1.000000 1.000000 1.000000 1.000000 


Final LogLikelihood: -1168.238900

AIC score: 2416.477800 / AICc score: 2441.515968 / BIC score: 2542.377580
Free parameters (model + branch lengths): 40

Best ML tree saved to: /home/fili/Documents/KIT/2023/BA/code/output/families/ssim_NE_s20_f100_sites200_GTR_bl1.0_d0.0_l0.0_t0.0_gc0.0_p0.0_pop10_ms0.0_mf0.0_seed121873/families/family_044/misc/raxml_output.F81.raxml.bestTree
All ML trees saved to: /home/fili/Documents/KIT/2023/BA/code/output/families/ssim_NE_s20_f100_sites200_GTR_bl1.0_d0.0_l0.0_t0.0_gc0.0_p0.0_pop10_ms0.0_mf0.0_seed121873/families/family_044/misc/raxml_output.F81.raxml.mlTrees
Optimized model saved to: /home/fili/Documents/KIT/2023/BA/code/output/families/ssim_NE_s20_f100_sites200_GTR_bl1.0_d0.0_l0.0_t0.0_gc0.0_p0.0_pop10_ms0.0_mf0.0_seed121873/families/family_044/misc/raxml_output.F81.raxml.bestModel

Execution log saved to: /home/fili/Documents/KIT/2023/BA/code/output/families/ssim_NE_s20_f100_sites200_GTR_bl1.0_d0.0_l0.0_t0.0_gc0.0_p0.0_pop10_ms0.0_mf0.0_seed121873/families/family_044/misc/raxml_output.F81.raxml.log

Analysis started: 27-Jun-2023 13:47:03 / finished: 27-Jun-2023 13:47:03

Elapsed time: 0.215 seconds

