
RAxML-NG v. 1.1.0 released on 29.11.2021 by The Exelixis Lab.
Developed by: Alexey M. Kozlov and Alexandros Stamatakis.
Contributors: Diego Darriba, Tomas Flouri, Benoit Morel, Sarah Lutteropp, Ben Bettisworth.
Latest version: https://github.com/amkozlov/raxml-ng
Questions/problems/suggestions? Please visit: https://groups.google.com/forum/#!forum/raxml

System: AMD Ryzen 7 5800X 8-Core Processor, 8 cores, 31 GB RAM

RAxML-NG was called at 13-Jun-2023 13:44:20 as follows:

/home/fili/Documents/KIT/2023/BA/resources/tools/RAxML-NG/raxml-ng --msa /home/fili/Documents/KIT/2023/BA/code/output/families/ssim_NE_s20_f100_sites200_GTR_bl1.0_d0.0_l0.0_t0.0_gc0.0_p0.0_pop10_ms0.0_mf0.0_seed42/families/family_037/alignment.msa --model F81 --prefix /home/fili/Documents/KIT/2023/BA/code/output/families/ssim_NE_s20_f100_sites200_GTR_bl1.0_d0.0_l0.0_t0.0_gc0.0_p0.0_pop10_ms0.0_mf0.0_seed42/families/family_037/misc/raxml_output.F81

Analysis options:
  run mode: ML tree search
  start tree(s): random (10) + parsimony (10)
  random seed: 1686656660
  tip-inner: OFF
  pattern compression: ON
  per-rate scalers: OFF
  site repeats: ON
  fast spr radius: AUTO
  spr subtree cutoff: 1.000000
  branch lengths: proportional (ML estimate, algorithm: NR-FAST)
  SIMD kernels: AVX2
  parallelization: coarse-grained (auto), PTHREADS (auto)

[00:00:00] Reading alignment from file: /home/fili/Documents/KIT/2023/BA/code/output/families/ssim_NE_s20_f100_sites200_GTR_bl1.0_d0.0_l0.0_t0.0_gc0.0_p0.0_pop10_ms0.0_mf0.0_seed42/families/family_037/alignment.msa
[00:00:00] Loaded alignment with 20 taxa and 165 sites

WARNING: Sequences 4_0_0 and 12_0_0 are exactly identical!
WARNING: Sequences 13_0_0 and 9_0_0 are exactly identical!
WARNING: Sequences 3_0_0 and 2_0_0 are exactly identical!
WARNING: Duplicate sequences found: 3

NOTE: Reduced alignment (with duplicates and gap-only sites/taxa removed) 
NOTE: was saved to: /home/fili/Documents/KIT/2023/BA/code/output/families/ssim_NE_s20_f100_sites200_GTR_bl1.0_d0.0_l0.0_t0.0_gc0.0_p0.0_pop10_ms0.0_mf0.0_seed42/families/family_037/misc/raxml_output.F81.raxml.reduced.phy

Alignment comprises 1 partitions and 93 patterns

Partition 0: noname
Model: F81+FO
Alignment sites / patterns: 165 / 93
Gaps: 0.00 %
Invariant sites: 36.36 %


NOTE: Binary MSA file created: /home/fili/Documents/KIT/2023/BA/code/output/families/ssim_NE_s20_f100_sites200_GTR_bl1.0_d0.0_l0.0_t0.0_gc0.0_p0.0_pop10_ms0.0_mf0.0_seed42/families/family_037/misc/raxml_output.F81.raxml.rba

Parallelization scheme autoconfig: 8 worker(s) x 1 thread(s)

Parallel reduction/worker buffer size: 1 KB  / 0 KB

[00:00:00] Generating 10 random starting tree(s) with 20 taxa
[00:00:00] Generating 10 parsimony starting tree(s) with 20 taxa
[00:00:00] Data distribution: max. partitions/sites/weight per thread: 1 / 93 / 372
[00:00:00] Data distribution: max. searches per worker: 3

Starting ML tree search with 20 distinct starting trees

[00:00:00 -2366.640187] Initial branch length optimization
[00:00:00 -2123.303476] Model parameter optimization (eps = 10.000000)
[00:00:00 -2048.965602] AUTODETECT spr round 1 (radius: 5)
[00:00:00 -1117.401807] AUTODETECT spr round 2 (radius: 10)
[00:00:00 -1117.401506] SPR radius for FAST iterations: 5 (autodetect)
[00:00:00 -1117.401506] Model parameter optimization (eps = 3.000000)
[00:00:00 -1116.150645] FAST spr round 1 (radius: 5)
[00:00:00 -1107.384704] FAST spr round 2 (radius: 5)
[00:00:00 -1107.304925] Model parameter optimization (eps = 1.000000)
[00:00:00 -1107.248593] SLOW spr round 1 (radius: 5)
[00:00:00 -1107.248037] SLOW spr round 2 (radius: 10)
[00:00:00 -1107.248013] SLOW spr round 3 (radius: 15)
[00:00:00] [worker #3] ML tree search #4, logLikelihood: -1107.247916
[00:00:00] [worker #2] ML tree search #3, logLikelihood: -1107.247911
[00:00:00 -1107.248011] SLOW spr round 4 (radius: 20)
[00:00:00 -1107.248011] Model parameter optimization (eps = 0.100000)

[00:00:00] [worker #0] ML tree search #1, logLikelihood: -1107.247911

[00:00:00 -2322.327814] Initial branch length optimization
[00:00:00 -2031.295454] Model parameter optimization (eps = 10.000000)
[00:00:00] [worker #7] ML tree search #8, logLikelihood: -1107.271179
[00:00:00] [worker #6] ML tree search #7, logLikelihood: -1107.247913
[00:00:00] [worker #1] ML tree search #2, logLikelihood: -1107.247908
[00:00:00 -1954.560377] AUTODETECT spr round 1 (radius: 5)
[00:00:00 -1119.211511] AUTODETECT spr round 2 (radius: 10)
[00:00:00 -1119.211479] SPR radius for FAST iterations: 5 (autodetect)
[00:00:00 -1119.211479] Model parameter optimization (eps = 3.000000)
[00:00:00] [worker #5] ML tree search #6, logLikelihood: -1107.247911
[00:00:00 -1118.452662] FAST spr round 1 (radius: 5)
[00:00:00 -1107.325645] FAST spr round 2 (radius: 5)
[00:00:00 -1107.325642] Model parameter optimization (eps = 1.000000)
[00:00:00 -1107.271384] SLOW spr round 1 (radius: 5)
[00:00:00] [worker #4] ML tree search #5, logLikelihood: -1107.271179
[00:00:00 -1107.271194] SLOW spr round 2 (radius: 10)
[00:00:00] [worker #3] ML tree search #12, logLikelihood: -1107.247911
[00:00:00] [worker #2] ML tree search #11, logLikelihood: -1107.247911
[00:00:00 -1107.271194] SLOW spr round 3 (radius: 15)
[00:00:00 -1107.271194] SLOW spr round 4 (radius: 20)
[00:00:00 -1107.271194] Model parameter optimization (eps = 0.100000)

[00:00:00] [worker #0] ML tree search #9, logLikelihood: -1107.271179

[00:00:00] [worker #7] ML tree search #16, logLikelihood: -1107.247909
[00:00:00 -1462.435548] Initial branch length optimization
[00:00:00] [worker #6] ML tree search #15, logLikelihood: -1107.247911
[00:00:00 -1138.094724] Model parameter optimization (eps = 10.000000)
[00:00:00 -1108.584322] AUTODETECT spr round 1 (radius: 5)
[00:00:00] [worker #1] ML tree search #10, logLikelihood: -1107.247910
[00:00:00 -1107.352259] AUTODETECT spr round 2 (radius: 10)
[00:00:00 -1107.351541] SPR radius for FAST iterations: 5 (autodetect)
[00:00:00 -1107.351541] Model parameter optimization (eps = 3.000000)
[00:00:00 -1107.329663] FAST spr round 1 (radius: 5)
[00:00:00 -1107.248146] Model parameter optimization (eps = 1.000000)
[00:00:00 -1107.247941] SLOW spr round 1 (radius: 5)
[00:00:00 -1107.247913] SLOW spr round 2 (radius: 10)
[00:00:00] [worker #5] ML tree search #14, logLikelihood: -1107.247911
[00:00:00] [worker #2] ML tree search #19, logLikelihood: -1107.247910
[00:00:00 -1107.247911] SLOW spr round 3 (radius: 15)
[00:00:00] [worker #3] ML tree search #20, logLikelihood: -1107.247910
[00:00:00 -1107.247911] SLOW spr round 4 (radius: 20)
[00:00:00 -1107.247911] Model parameter optimization (eps = 0.100000)

[00:00:00] [worker #0] ML tree search #17, logLikelihood: -1107.247910

[00:00:00] [worker #4] ML tree search #13, logLikelihood: -1107.247909
[00:00:00] [worker #1] ML tree search #18, logLikelihood: -1107.247910

Optimized model parameters:

   Partition 0: noname
   Rate heterogeneity: NONE
   Base frequencies (ML): 0.292158 0.109680 0.368026 0.230136 
   Substitution rates (model): 1.000000 1.000000 1.000000 1.000000 1.000000 1.000000 


Final LogLikelihood: -1107.247908

AIC score: 2294.495817 / AICc score: 2320.947429 / BIC score: 2418.733635
Free parameters (model + branch lengths): 40

WARNING: Best ML tree contains 2 near-zero branches!

Best ML tree with collapsed near-zero branches saved to: /home/fili/Documents/KIT/2023/BA/code/output/families/ssim_NE_s20_f100_sites200_GTR_bl1.0_d0.0_l0.0_t0.0_gc0.0_p0.0_pop10_ms0.0_mf0.0_seed42/families/family_037/misc/raxml_output.F81.raxml.bestTreeCollapsed
Best ML tree saved to: /home/fili/Documents/KIT/2023/BA/code/output/families/ssim_NE_s20_f100_sites200_GTR_bl1.0_d0.0_l0.0_t0.0_gc0.0_p0.0_pop10_ms0.0_mf0.0_seed42/families/family_037/misc/raxml_output.F81.raxml.bestTree
All ML trees saved to: /home/fili/Documents/KIT/2023/BA/code/output/families/ssim_NE_s20_f100_sites200_GTR_bl1.0_d0.0_l0.0_t0.0_gc0.0_p0.0_pop10_ms0.0_mf0.0_seed42/families/family_037/misc/raxml_output.F81.raxml.mlTrees
Optimized model saved to: /home/fili/Documents/KIT/2023/BA/code/output/families/ssim_NE_s20_f100_sites200_GTR_bl1.0_d0.0_l0.0_t0.0_gc0.0_p0.0_pop10_ms0.0_mf0.0_seed42/families/family_037/misc/raxml_output.F81.raxml.bestModel

Execution log saved to: /home/fili/Documents/KIT/2023/BA/code/output/families/ssim_NE_s20_f100_sites200_GTR_bl1.0_d0.0_l0.0_t0.0_gc0.0_p0.0_pop10_ms0.0_mf0.0_seed42/families/family_037/misc/raxml_output.F81.raxml.log

Analysis started: 13-Jun-2023 13:44:20 / finished: 13-Jun-2023 13:44:20

Elapsed time: 0.189 seconds

