
RAxML-NG v. 1.1.0 released on 29.11.2021 by The Exelixis Lab.
Developed by: Alexey M. Kozlov and Alexandros Stamatakis.
Contributors: Diego Darriba, Tomas Flouri, Benoit Morel, Sarah Lutteropp, Ben Bettisworth.
Latest version: https://github.com/amkozlov/raxml-ng
Questions/problems/suggestions? Please visit: https://groups.google.com/forum/#!forum/raxml

System: AMD Ryzen 7 5800X 8-Core Processor, 8 cores, 31 GB RAM

RAxML-NG was called at 27-Jun-2023 13:02:15 as follows:

/home/fili/Documents/KIT/2023/BA/resources/tools/RAxML-NG/raxml-ng --msa /home/fili/Documents/KIT/2023/BA/code/output/families/ssim_DL_s20_f100_sites200_GTR_bl1.0_d1.0_l1.0_t0.0_gc0.0_p0.0_pop10_ms0.0_mf0.0_seed1007/families/family_080/alignment.msa --model F81 --prefix /home/fili/Documents/KIT/2023/BA/code/output/families/ssim_DL_s20_f100_sites200_GTR_bl1.0_d1.0_l1.0_t0.0_gc0.0_p0.0_pop10_ms0.0_mf0.0_seed1007/families/family_080/misc/raxml_output.F81

Analysis options:
  run mode: ML tree search
  start tree(s): random (10) + parsimony (10)
  random seed: 1687863735
  tip-inner: OFF
  pattern compression: ON
  per-rate scalers: OFF
  site repeats: ON
  fast spr radius: AUTO
  spr subtree cutoff: 1.000000
  branch lengths: proportional (ML estimate, algorithm: NR-FAST)
  SIMD kernels: AVX2
  parallelization: coarse-grained (auto), PTHREADS (auto)

[00:00:00] Reading alignment from file: /home/fili/Documents/KIT/2023/BA/code/output/families/ssim_DL_s20_f100_sites200_GTR_bl1.0_d1.0_l1.0_t0.0_gc0.0_p0.0_pop10_ms0.0_mf0.0_seed1007/families/family_080/alignment.msa
[00:00:00] Loaded alignment with 23 taxa and 224 sites

WARNING: Sequences 8_0_0 and 2_0_0 are exactly identical!
WARNING: Duplicate sequences found: 1

NOTE: Reduced alignment (with duplicates and gap-only sites/taxa removed) 
NOTE: was saved to: /home/fili/Documents/KIT/2023/BA/code/output/families/ssim_DL_s20_f100_sites200_GTR_bl1.0_d1.0_l1.0_t0.0_gc0.0_p0.0_pop10_ms0.0_mf0.0_seed1007/families/family_080/misc/raxml_output.F81.raxml.reduced.phy

Alignment comprises 1 partitions and 109 patterns

Partition 0: noname
Model: F81+FO
Alignment sites / patterns: 224 / 109
Gaps: 0.00 %
Invariant sites: 49.55 %


NOTE: Binary MSA file created: /home/fili/Documents/KIT/2023/BA/code/output/families/ssim_DL_s20_f100_sites200_GTR_bl1.0_d1.0_l1.0_t0.0_gc0.0_p0.0_pop10_ms0.0_mf0.0_seed1007/families/family_080/misc/raxml_output.F81.raxml.rba

Parallelization scheme autoconfig: 8 worker(s) x 1 thread(s)

Parallel reduction/worker buffer size: 1 KB  / 0 KB

[00:00:00] Generating 10 random starting tree(s) with 23 taxa
[00:00:00] Generating 10 parsimony starting tree(s) with 23 taxa
[00:00:00] Data distribution: max. partitions/sites/weight per thread: 1 / 109 / 436
[00:00:00] Data distribution: max. searches per worker: 3

Starting ML tree search with 20 distinct starting trees

[00:00:00 -3063.456141] Initial branch length optimization
[00:00:00 -2724.739612] Model parameter optimization (eps = 10.000000)
[00:00:00 -2685.811304] AUTODETECT spr round 1 (radius: 5)
[00:00:00 -1938.609645] AUTODETECT spr round 2 (radius: 10)
[00:00:00 -1938.609118] SPR radius for FAST iterations: 5 (autodetect)
[00:00:00 -1938.609118] Model parameter optimization (eps = 3.000000)
[00:00:00 -1938.193479] FAST spr round 1 (radius: 5)
[00:00:00 -1916.307709] FAST spr round 2 (radius: 5)
[00:00:00 -1910.946525] FAST spr round 3 (radius: 5)
[00:00:00 -1908.218240] FAST spr round 4 (radius: 5)
[00:00:00 -1908.218239] Model parameter optimization (eps = 1.000000)
[00:00:00 -1907.902893] SLOW spr round 1 (radius: 5)
[00:00:00 -1907.902570] SLOW spr round 2 (radius: 10)
[00:00:00 -1907.902570] SLOW spr round 3 (radius: 15)
[00:00:00 -1907.902570] SLOW spr round 4 (radius: 20)
[00:00:00 -1907.902570] Model parameter optimization (eps = 0.100000)
[00:00:00] [worker #3] ML tree search #4, logLikelihood: -1911.578940

[00:00:00] [worker #0] ML tree search #1, logLikelihood: -1907.902412

[00:00:00 -3475.506894] Initial branch length optimization
[00:00:00 -3161.915961] Model parameter optimization (eps = 10.000000)
[00:00:00] [worker #4] ML tree search #5, logLikelihood: -1907.902412
[00:00:00 -3120.567696] AUTODETECT spr round 1 (radius: 5)
[00:00:00] [worker #1] ML tree search #2, logLikelihood: -1907.902412
[00:00:00] [worker #5] ML tree search #6, logLikelihood: -1907.902413
[00:00:00 -2060.717714] AUTODETECT spr round 2 (radius: 10)
[00:00:00 -1941.499938] AUTODETECT spr round 3 (radius: 15)
[00:00:00 -1941.499661] SPR radius for FAST iterations: 10 (autodetect)
[00:00:00 -1941.499661] Model parameter optimization (eps = 3.000000)
[00:00:00 -1941.165718] FAST spr round 1 (radius: 10)
[00:00:00] [worker #7] ML tree search #8, logLikelihood: -1907.902414
[00:00:00 -1920.294115] FAST spr round 2 (radius: 10)
[00:00:00] [worker #6] ML tree search #7, logLikelihood: -1907.902417
[00:00:00 -1919.591535] FAST spr round 3 (radius: 10)
[00:00:00 -1917.233396] FAST spr round 4 (radius: 10)
[00:00:00] [worker #3] ML tree search #12, logLikelihood: -1907.902417
[00:00:00 -1914.715256] FAST spr round 5 (radius: 10)
[00:00:00 -1912.799400] FAST spr round 6 (radius: 10)
[00:00:00] [worker #1] ML tree search #10, logLikelihood: -1907.902411
[00:00:00] [worker #4] ML tree search #13, logLikelihood: -1907.902412
[00:00:00 -1911.814512] FAST spr round 7 (radius: 10)
[00:00:00] [worker #2] ML tree search #3, logLikelihood: -1907.902421
[00:00:00 -1911.592532] FAST spr round 8 (radius: 10)
[00:00:00 -1911.592519] Model parameter optimization (eps = 1.000000)
[00:00:00 -1911.578961] SLOW spr round 1 (radius: 5)
[00:00:00] [worker #6] ML tree search #15, logLikelihood: -1907.902412
[00:00:00] [worker #5] ML tree search #14, logLikelihood: -1911.578940
[00:00:00] [worker #3] ML tree search #20, logLikelihood: -1907.902411
[00:00:00 -1911.578952] SLOW spr round 2 (radius: 10)
[00:00:00] [worker #2] ML tree search #11, logLikelihood: -1915.733930
[00:00:00 -1911.578952] SLOW spr round 3 (radius: 15)
[00:00:00 -1911.578952] SLOW spr round 4 (radius: 20)
[00:00:00 -1911.578952] Model parameter optimization (eps = 0.100000)

[00:00:00] [worker #0] ML tree search #9, logLikelihood: -1911.578940

[00:00:00 -2329.055805] Initial branch length optimization
[00:00:00 -1953.968598] Model parameter optimization (eps = 10.000000)
[00:00:00 -1922.728793] AUTODETECT spr round 1 (radius: 5)
[00:00:00 -1913.332380] AUTODETECT spr round 2 (radius: 10)
[00:00:00 -1913.331768] SPR radius for FAST iterations: 5 (autodetect)
[00:00:00 -1913.331768] Model parameter optimization (eps = 3.000000)
[00:00:00 -1913.249139] FAST spr round 1 (radius: 5)
[00:00:00 -1913.096541] FAST spr round 2 (radius: 5)
[00:00:00 -1911.123800] FAST spr round 3 (radius: 5)
[00:00:00 -1910.894314] FAST spr round 4 (radius: 5)
[00:00:00] [worker #1] ML tree search #18, logLikelihood: -1907.902418
[00:00:00] [worker #2] ML tree search #19, logLikelihood: -1911.578939
[00:00:00] [worker #7] ML tree search #16, logLikelihood: -1907.902492
[00:00:00 -1910.701517] FAST spr round 5 (radius: 5)
[00:00:00 -1907.986950] FAST spr round 6 (radius: 5)
[00:00:00 -1907.986943] Model parameter optimization (eps = 1.000000)
[00:00:00 -1907.902526] SLOW spr round 1 (radius: 5)
[00:00:00 -1907.902444] SLOW spr round 2 (radius: 10)
[00:00:00 -1907.902444] SLOW spr round 3 (radius: 15)
[00:00:00 -1907.902444] SLOW spr round 4 (radius: 20)
[00:00:00 -1907.902444] Model parameter optimization (eps = 0.100000)

[00:00:00] [worker #0] ML tree search #17, logLikelihood: -1907.902413


Optimized model parameters:

   Partition 0: noname
   Rate heterogeneity: NONE
   Base frequencies (ML): 0.298241 0.146047 0.356703 0.199009 
   Substitution rates (model): 1.000000 1.000000 1.000000 1.000000 1.000000 1.000000 


Final LogLikelihood: -1907.902411

AIC score: 3907.804823 / AICc score: 3932.234201 / BIC score: 4064.740541
Free parameters (model + branch lengths): 46

Best ML tree saved to: /home/fili/Documents/KIT/2023/BA/code/output/families/ssim_DL_s20_f100_sites200_GTR_bl1.0_d1.0_l1.0_t0.0_gc0.0_p0.0_pop10_ms0.0_mf0.0_seed1007/families/family_080/misc/raxml_output.F81.raxml.bestTree
All ML trees saved to: /home/fili/Documents/KIT/2023/BA/code/output/families/ssim_DL_s20_f100_sites200_GTR_bl1.0_d1.0_l1.0_t0.0_gc0.0_p0.0_pop10_ms0.0_mf0.0_seed1007/families/family_080/misc/raxml_output.F81.raxml.mlTrees
Optimized model saved to: /home/fili/Documents/KIT/2023/BA/code/output/families/ssim_DL_s20_f100_sites200_GTR_bl1.0_d1.0_l1.0_t0.0_gc0.0_p0.0_pop10_ms0.0_mf0.0_seed1007/families/family_080/misc/raxml_output.F81.raxml.bestModel

Execution log saved to: /home/fili/Documents/KIT/2023/BA/code/output/families/ssim_DL_s20_f100_sites200_GTR_bl1.0_d1.0_l1.0_t0.0_gc0.0_p0.0_pop10_ms0.0_mf0.0_seed1007/families/family_080/misc/raxml_output.F81.raxml.log

Analysis started: 27-Jun-2023 13:02:15 / finished: 27-Jun-2023 13:02:16

Elapsed time: 0.477 seconds

