
RAxML-NG v. 1.1.0 released on 29.11.2021 by The Exelixis Lab.
Developed by: Alexey M. Kozlov and Alexandros Stamatakis.
Contributors: Diego Darriba, Tomas Flouri, Benoit Morel, Sarah Lutteropp, Ben Bettisworth.
Latest version: https://github.com/amkozlov/raxml-ng
Questions/problems/suggestions? Please visit: https://groups.google.com/forum/#!forum/raxml

System: AMD Ryzen 7 5800X 8-Core Processor, 8 cores, 31 GB RAM

RAxML-NG was called at 27-Jun-2023 13:47:21 as follows:

/home/fili/Documents/KIT/2023/BA/resources/tools/RAxML-NG/raxml-ng --msa /home/fili/Documents/KIT/2023/BA/code/output/families/ssim_NE_s20_f100_sites200_GTR_bl1.0_d0.0_l0.0_t0.0_gc0.0_p0.0_pop10_ms0.0_mf0.0_seed121873/families/family_004/alignment.msa --model F81 --prefix /home/fili/Documents/KIT/2023/BA/code/output/families/ssim_NE_s20_f100_sites200_GTR_bl1.0_d0.0_l0.0_t0.0_gc0.0_p0.0_pop10_ms0.0_mf0.0_seed121873/families/family_004/misc/raxml_output.F81

Analysis options:
  run mode: ML tree search
  start tree(s): random (10) + parsimony (10)
  random seed: 1687866441
  tip-inner: OFF
  pattern compression: ON
  per-rate scalers: OFF
  site repeats: ON
  fast spr radius: AUTO
  spr subtree cutoff: 1.000000
  branch lengths: proportional (ML estimate, algorithm: NR-FAST)
  SIMD kernels: AVX2
  parallelization: coarse-grained (auto), PTHREADS (auto)

[00:00:00] Reading alignment from file: /home/fili/Documents/KIT/2023/BA/code/output/families/ssim_NE_s20_f100_sites200_GTR_bl1.0_d0.0_l0.0_t0.0_gc0.0_p0.0_pop10_ms0.0_mf0.0_seed121873/families/family_004/alignment.msa
[00:00:00] Loaded alignment with 20 taxa and 168 sites

Alignment comprises 1 partitions and 109 patterns

Partition 0: noname
Model: F81+FO
Alignment sites / patterns: 168 / 109
Gaps: 0.00 %
Invariant sites: 30.95 %


NOTE: Binary MSA file created: /home/fili/Documents/KIT/2023/BA/code/output/families/ssim_NE_s20_f100_sites200_GTR_bl1.0_d0.0_l0.0_t0.0_gc0.0_p0.0_pop10_ms0.0_mf0.0_seed121873/families/family_004/misc/raxml_output.F81.raxml.rba

Parallelization scheme autoconfig: 8 worker(s) x 1 thread(s)

Parallel reduction/worker buffer size: 1 KB  / 0 KB

[00:00:00] Generating 10 random starting tree(s) with 20 taxa
[00:00:00] Generating 10 parsimony starting tree(s) with 20 taxa
[00:00:00] Data distribution: max. partitions/sites/weight per thread: 1 / 109 / 436
[00:00:00] Data distribution: max. searches per worker: 3

Starting ML tree search with 20 distinct starting trees

[00:00:00 -2742.307787] Initial branch length optimization
[00:00:00 -2465.682043] Model parameter optimization (eps = 10.000000)
[00:00:00 -2321.533526] AUTODETECT spr round 1 (radius: 5)
[00:00:00 -1453.334697] AUTODETECT spr round 2 (radius: 10)
[00:00:00 -1442.699947] AUTODETECT spr round 3 (radius: 15)
[00:00:00 -1442.698081] SPR radius for FAST iterations: 10 (autodetect)
[00:00:00 -1442.698081] Model parameter optimization (eps = 3.000000)
[00:00:00 -1442.461014] FAST spr round 1 (radius: 10)
[00:00:00 -1404.310577] FAST spr round 2 (radius: 10)
[00:00:00 -1403.811168] FAST spr round 3 (radius: 10)
[00:00:00 -1403.811084] Model parameter optimization (eps = 1.000000)
[00:00:00 -1403.730919] SLOW spr round 1 (radius: 5)
[00:00:00] [worker #5] ML tree search #6, logLikelihood: -1403.730723
[00:00:00] [worker #2] ML tree search #3, logLikelihood: -1403.730722
[00:00:00] [worker #3] ML tree search #4, logLikelihood: -1403.730723
[00:00:00] [worker #1] ML tree search #2, logLikelihood: -1403.730726
[00:00:00 -1403.730826] SLOW spr round 2 (radius: 10)
[00:00:00] [worker #4] ML tree search #5, logLikelihood: -1403.730723
[00:00:00] [worker #6] ML tree search #7, logLikelihood: -1403.730723
[00:00:00 -1403.730826] SLOW spr round 3 (radius: 15)
[00:00:00 -1403.730826] SLOW spr round 4 (radius: 20)
[00:00:00 -1403.730826] Model parameter optimization (eps = 0.100000)

[00:00:00] [worker #0] ML tree search #1, logLikelihood: -1403.730723

[00:00:00] [worker #7] ML tree search #8, logLikelihood: -1403.730727
[00:00:00 -2725.514983] Initial branch length optimization
[00:00:00 -2374.469439] Model parameter optimization (eps = 10.000000)
[00:00:00 -2238.908855] AUTODETECT spr round 1 (radius: 5)
[00:00:00] [worker #5] ML tree search #14, logLikelihood: -1403.730722
[00:00:00] [worker #2] ML tree search #11, logLikelihood: -1403.730722
[00:00:00] [worker #3] ML tree search #12, logLikelihood: -1403.730721
[00:00:00 -1448.471360] AUTODETECT spr round 2 (radius: 10)
[00:00:00 -1437.406293] AUTODETECT spr round 3 (radius: 15)
[00:00:00 -1437.404868] SPR radius for FAST iterations: 10 (autodetect)
[00:00:00 -1437.404868] Model parameter optimization (eps = 3.000000)
[00:00:00 -1436.998583] FAST spr round 1 (radius: 10)
[00:00:00 -1413.610074] FAST spr round 2 (radius: 10)
[00:00:00 -1404.268388] FAST spr round 3 (radius: 10)
[00:00:00 -1403.785676] FAST spr round 4 (radius: 10)
[00:00:00] [worker #4] ML tree search #13, logLikelihood: -1403.730722
[00:00:00] [worker #1] ML tree search #10, logLikelihood: -1403.730722
[00:00:00 -1403.785618] Model parameter optimization (eps = 1.000000)
[00:00:00 -1403.730738] SLOW spr round 1 (radius: 5)
[00:00:00] [worker #6] ML tree search #15, logLikelihood: -1403.730723
[00:00:00] [worker #7] ML tree search #16, logLikelihood: -1403.730722
[00:00:00 -1403.730724] SLOW spr round 2 (radius: 10)
[00:00:00] [worker #2] ML tree search #19, logLikelihood: -1403.730722
[00:00:00 -1403.730723] SLOW spr round 3 (radius: 15)
[00:00:00 -1403.730723] SLOW spr round 4 (radius: 20)
[00:00:00 -1403.730723] Model parameter optimization (eps = 0.100000)
[00:00:00] [worker #3] ML tree search #20, logLikelihood: -1403.730724

[00:00:00] [worker #0] ML tree search #9, logLikelihood: -1403.730722

[00:00:00 -1736.934678] Initial branch length optimization
[00:00:00 -1482.645191] Model parameter optimization (eps = 10.000000)
[00:00:00 -1406.151211] AUTODETECT spr round 1 (radius: 5)
[00:00:00 -1403.735804] AUTODETECT spr round 2 (radius: 10)
[00:00:00 -1403.735361] SPR radius for FAST iterations: 5 (autodetect)
[00:00:00 -1403.735361] Model parameter optimization (eps = 3.000000)
[00:00:00] [worker #1] ML tree search #18, logLikelihood: -1403.730721
[00:00:00 -1403.730737] FAST spr round 1 (radius: 5)
[00:00:00 -1403.730731] Model parameter optimization (eps = 1.000000)
[00:00:00 -1403.730721] SLOW spr round 1 (radius: 5)
[00:00:00 -1403.730721] SLOW spr round 2 (radius: 10)
[00:00:00 -1403.730721] SLOW spr round 3 (radius: 15)
[00:00:00 -1403.730721] SLOW spr round 4 (radius: 20)
[00:00:00 -1403.730721] Model parameter optimization (eps = 0.100000)

[00:00:00] [worker #0] ML tree search #17, logLikelihood: -1403.730721


Optimized model parameters:

   Partition 0: noname
   Rate heterogeneity: NONE
   Base frequencies (ML): 0.373067 0.083822 0.400054 0.143057 
   Substitution rates (model): 1.000000 1.000000 1.000000 1.000000 1.000000 1.000000 


Final LogLikelihood: -1403.730721

AIC score: 2887.461442 / AICc score: 2913.288213 / BIC score: 3012.420001
Free parameters (model + branch lengths): 40

WARNING: Best ML tree contains 1 near-zero branches!

Best ML tree with collapsed near-zero branches saved to: /home/fili/Documents/KIT/2023/BA/code/output/families/ssim_NE_s20_f100_sites200_GTR_bl1.0_d0.0_l0.0_t0.0_gc0.0_p0.0_pop10_ms0.0_mf0.0_seed121873/families/family_004/misc/raxml_output.F81.raxml.bestTreeCollapsed
Best ML tree saved to: /home/fili/Documents/KIT/2023/BA/code/output/families/ssim_NE_s20_f100_sites200_GTR_bl1.0_d0.0_l0.0_t0.0_gc0.0_p0.0_pop10_ms0.0_mf0.0_seed121873/families/family_004/misc/raxml_output.F81.raxml.bestTree
All ML trees saved to: /home/fili/Documents/KIT/2023/BA/code/output/families/ssim_NE_s20_f100_sites200_GTR_bl1.0_d0.0_l0.0_t0.0_gc0.0_p0.0_pop10_ms0.0_mf0.0_seed121873/families/family_004/misc/raxml_output.F81.raxml.mlTrees
Optimized model saved to: /home/fili/Documents/KIT/2023/BA/code/output/families/ssim_NE_s20_f100_sites200_GTR_bl1.0_d0.0_l0.0_t0.0_gc0.0_p0.0_pop10_ms0.0_mf0.0_seed121873/families/family_004/misc/raxml_output.F81.raxml.bestModel

Execution log saved to: /home/fili/Documents/KIT/2023/BA/code/output/families/ssim_NE_s20_f100_sites200_GTR_bl1.0_d0.0_l0.0_t0.0_gc0.0_p0.0_pop10_ms0.0_mf0.0_seed121873/families/family_004/misc/raxml_output.F81.raxml.log

Analysis started: 27-Jun-2023 13:47:21 / finished: 27-Jun-2023 13:47:21

Elapsed time: 0.278 seconds

