
RAxML-NG v. 1.1.0 released on 29.11.2021 by The Exelixis Lab.
Developed by: Alexey M. Kozlov and Alexandros Stamatakis.
Contributors: Diego Darriba, Tomas Flouri, Benoit Morel, Sarah Lutteropp, Ben Bettisworth.
Latest version: https://github.com/amkozlov/raxml-ng
Questions/problems/suggestions? Please visit: https://groups.google.com/forum/#!forum/raxml

System: AMD Ryzen 7 5800X 8-Core Processor, 8 cores, 31 GB RAM

RAxML-NG was called at 21-Jun-2023 14:53:40 as follows:

/home/fili/Documents/KIT/2023/BA/resources/tools/RAxML-NG/raxml-ng --msa /home/fili/Documents/KIT/2023/BA/code/output/families/ssim_NE_s20_f100_sites200_GTR_bl1.0_d0.0_l0.0_t0.0_gc0.0_p0.0_pop10_ms0.0_mf0.0_seed19732311/families/family_013/alignment.msa --model F81 --prefix /home/fili/Documents/KIT/2023/BA/code/output/families/ssim_NE_s20_f100_sites200_GTR_bl1.0_d0.0_l0.0_t0.0_gc0.0_p0.0_pop10_ms0.0_mf0.0_seed19732311/families/family_013/misc/raxml_output.F81

Analysis options:
  run mode: ML tree search
  start tree(s): random (10) + parsimony (10)
  random seed: 1687352020
  tip-inner: OFF
  pattern compression: ON
  per-rate scalers: OFF
  site repeats: ON
  fast spr radius: AUTO
  spr subtree cutoff: 1.000000
  branch lengths: proportional (ML estimate, algorithm: NR-FAST)
  SIMD kernels: AVX2
  parallelization: coarse-grained (auto), PTHREADS (auto)

[00:00:00] Reading alignment from file: /home/fili/Documents/KIT/2023/BA/code/output/families/ssim_NE_s20_f100_sites200_GTR_bl1.0_d0.0_l0.0_t0.0_gc0.0_p0.0_pop10_ms0.0_mf0.0_seed19732311/families/family_013/alignment.msa
[00:00:00] Loaded alignment with 20 taxa and 209 sites

Alignment comprises 1 partitions and 102 patterns

Partition 0: noname
Model: F81+FO
Alignment sites / patterns: 209 / 102
Gaps: 0.00 %
Invariant sites: 44.98 %


NOTE: Binary MSA file created: /home/fili/Documents/KIT/2023/BA/code/output/families/ssim_NE_s20_f100_sites200_GTR_bl1.0_d0.0_l0.0_t0.0_gc0.0_p0.0_pop10_ms0.0_mf0.0_seed19732311/families/family_013/misc/raxml_output.F81.raxml.rba

Parallelization scheme autoconfig: 8 worker(s) x 1 thread(s)

Parallel reduction/worker buffer size: 1 KB  / 0 KB

[00:00:00] Generating 10 random starting tree(s) with 20 taxa
[00:00:00] Generating 10 parsimony starting tree(s) with 20 taxa
[00:00:00] Data distribution: max. partitions/sites/weight per thread: 1 / 102 / 408
[00:00:00] Data distribution: max. searches per worker: 3

Starting ML tree search with 20 distinct starting trees

[00:00:00 -2877.816286] Initial branch length optimization
[00:00:00 -2609.042966] Model parameter optimization (eps = 10.000000)
[00:00:00 -2500.447240] AUTODETECT spr round 1 (radius: 5)
[00:00:00 -1386.390810] AUTODETECT spr round 2 (radius: 10)
[00:00:00 -1386.385386] SPR radius for FAST iterations: 5 (autodetect)
[00:00:00 -1386.385386] Model parameter optimization (eps = 3.000000)
[00:00:00 -1382.279997] FAST spr round 1 (radius: 5)
[00:00:00 -1335.047105] FAST spr round 2 (radius: 5)
[00:00:00 -1334.698312] FAST spr round 3 (radius: 5)
[00:00:00 -1334.698311] Model parameter optimization (eps = 1.000000)
[00:00:00 -1334.678560] SLOW spr round 1 (radius: 5)
[00:00:00 -1334.678558] SLOW spr round 2 (radius: 10)
[00:00:00 -1334.678558] SLOW spr round 3 (radius: 15)
[00:00:00] [worker #7] ML tree search #8, logLikelihood: -1334.678558
[00:00:00] [worker #3] ML tree search #4, logLikelihood: -1334.678556
[00:00:00 -1334.678558] SLOW spr round 4 (radius: 20)
[00:00:00] [worker #1] ML tree search #2, logLikelihood: -1334.678554
[00:00:00] [worker #4] ML tree search #5, logLikelihood: -1334.436129
[00:00:00 -1334.678558] Model parameter optimization (eps = 0.100000)

[00:00:00] [worker #0] ML tree search #1, logLikelihood: -1334.678554

[00:00:00 -2767.489542] Initial branch length optimization
[00:00:00 -2421.653419] Model parameter optimization (eps = 10.000000)
[00:00:00 -2320.173641] AUTODETECT spr round 1 (radius: 5)
[00:00:00] [worker #6] ML tree search #7, logLikelihood: -1334.678554
[00:00:00 -1363.758034] AUTODETECT spr round 2 (radius: 10)
[00:00:00 -1363.757697] SPR radius for FAST iterations: 5 (autodetect)
[00:00:00 -1363.757697] Model parameter optimization (eps = 3.000000)
[00:00:00 -1361.084159] FAST spr round 1 (radius: 5)
[00:00:00 -1341.215738] FAST spr round 2 (radius: 5)
[00:00:00 -1337.074409] FAST spr round 3 (radius: 5)
[00:00:00] [worker #5] ML tree search #6, logLikelihood: -1334.436125
[00:00:00] [worker #2] ML tree search #3, logLikelihood: -1334.436126
[00:00:00 -1334.710299] FAST spr round 4 (radius: 5)
[00:00:00 -1334.710298] Model parameter optimization (eps = 1.000000)
[00:00:00 -1334.678607] SLOW spr round 1 (radius: 5)
[00:00:00] [worker #4] ML tree search #13, logLikelihood: -1334.678555
[00:00:00] [worker #7] ML tree search #16, logLikelihood: -1334.678556
[00:00:00] [worker #3] ML tree search #12, logLikelihood: -1334.678556
[00:00:00 -1334.678580] SLOW spr round 2 (radius: 10)
[00:00:00] [worker #6] ML tree search #15, logLikelihood: -1334.678554
[00:00:00] [worker #1] ML tree search #10, logLikelihood: -1334.678554
[00:00:00 -1334.678580] SLOW spr round 3 (radius: 15)
[00:00:00 -1334.678580] SLOW spr round 4 (radius: 20)
[00:00:00 -1334.678580] Model parameter optimization (eps = 0.100000)

[00:00:00] [worker #0] ML tree search #9, logLikelihood: -1334.678557

[00:00:00 -1751.104296] Initial branch length optimization
[00:00:00 -1371.003492] Model parameter optimization (eps = 10.000000)
[00:00:00 -1334.679131] AUTODETECT spr round 1 (radius: 5)
[00:00:00 -1334.678642] SPR radius for FAST iterations: 5 (autodetect)
[00:00:00 -1334.678642] Model parameter optimization (eps = 3.000000)
[00:00:00 -1334.678563] FAST spr round 1 (radius: 5)
[00:00:00] [worker #5] ML tree search #14, logLikelihood: -1334.678554
[00:00:00] [worker #2] ML tree search #11, logLikelihood: -1334.678554
[00:00:00 -1334.678561] Model parameter optimization (eps = 1.000000)
[00:00:00 -1334.678553] SLOW spr round 1 (radius: 5)
[00:00:00 -1334.678553] SLOW spr round 2 (radius: 10)
[00:00:00] [worker #3] ML tree search #20, logLikelihood: -1334.678554
[00:00:00 -1334.678553] SLOW spr round 3 (radius: 15)
[00:00:00] [worker #1] ML tree search #18, logLikelihood: -1334.678555
[00:00:00 -1334.678553] SLOW spr round 4 (radius: 20)
[00:00:00 -1334.678553] Model parameter optimization (eps = 0.100000)

[00:00:00] [worker #0] ML tree search #17, logLikelihood: -1334.678553

[00:00:00] [worker #2] ML tree search #19, logLikelihood: -1334.678589

Optimized model parameters:

   Partition 0: noname
   Rate heterogeneity: NONE
   Base frequencies (ML): 0.334107 0.149344 0.363588 0.152962 
   Substitution rates (model): 1.000000 1.000000 1.000000 1.000000 1.000000 1.000000 


Final LogLikelihood: -1334.436125

AIC score: 2748.872250 / AICc score: 2768.396060 / BIC score: 2882.565620
Free parameters (model + branch lengths): 40

Best ML tree saved to: /home/fili/Documents/KIT/2023/BA/code/output/families/ssim_NE_s20_f100_sites200_GTR_bl1.0_d0.0_l0.0_t0.0_gc0.0_p0.0_pop10_ms0.0_mf0.0_seed19732311/families/family_013/misc/raxml_output.F81.raxml.bestTree
All ML trees saved to: /home/fili/Documents/KIT/2023/BA/code/output/families/ssim_NE_s20_f100_sites200_GTR_bl1.0_d0.0_l0.0_t0.0_gc0.0_p0.0_pop10_ms0.0_mf0.0_seed19732311/families/family_013/misc/raxml_output.F81.raxml.mlTrees
Optimized model saved to: /home/fili/Documents/KIT/2023/BA/code/output/families/ssim_NE_s20_f100_sites200_GTR_bl1.0_d0.0_l0.0_t0.0_gc0.0_p0.0_pop10_ms0.0_mf0.0_seed19732311/families/family_013/misc/raxml_output.F81.raxml.bestModel

Execution log saved to: /home/fili/Documents/KIT/2023/BA/code/output/families/ssim_NE_s20_f100_sites200_GTR_bl1.0_d0.0_l0.0_t0.0_gc0.0_p0.0_pop10_ms0.0_mf0.0_seed19732311/families/family_013/misc/raxml_output.F81.raxml.log

Analysis started: 21-Jun-2023 14:53:40 / finished: 21-Jun-2023 14:53:40

Elapsed time: 0.254 seconds

