
RAxML-NG v. 1.1.0 released on 29.11.2021 by The Exelixis Lab.
Developed by: Alexey M. Kozlov and Alexandros Stamatakis.
Contributors: Diego Darriba, Tomas Flouri, Benoit Morel, Sarah Lutteropp, Ben Bettisworth.
Latest version: https://github.com/amkozlov/raxml-ng
Questions/problems/suggestions? Please visit: https://groups.google.com/forum/#!forum/raxml

System: AMD Ryzen 7 5800X 8-Core Processor, 8 cores, 31 GB RAM

RAxML-NG was called at 05-Jun-2023 13:01:58 as follows:

/home/fili/Documents/KIT/2023/BA/resources/tools/RAxML-NG/raxml-ng --msa /home/fili/Documents/KIT/2023/BA/code/output/families/ssim_dtl_s20_f100_sites200_GTR_bl1.0_d0.0_l0.0_t1.0_gc0.0_p0.0_pop10_ms0.0_mf0.0_seed42/families/family_068/alignment.msa --model GTR+G --prefix /home/fili/Documents/KIT/2023/BA/code/output/families/ssim_dtl_s20_f100_sites200_GTR_bl1.0_d0.0_l0.0_t1.0_gc0.0_p0.0_pop10_ms0.0_mf0.0_seed42/families/family_068/misc/raxml_output.GTR+G

Analysis options:
  run mode: ML tree search
  start tree(s): random (10) + parsimony (10)
  random seed: 1685962918
  tip-inner: OFF
  pattern compression: ON
  per-rate scalers: OFF
  site repeats: ON
  fast spr radius: AUTO
  spr subtree cutoff: 1.000000
  branch lengths: proportional (ML estimate, algorithm: NR-FAST)
  SIMD kernels: AVX2
  parallelization: coarse-grained (auto), PTHREADS (auto)

[00:00:00] Reading alignment from file: /home/fili/Documents/KIT/2023/BA/code/output/families/ssim_dtl_s20_f100_sites200_GTR_bl1.0_d0.0_l0.0_t1.0_gc0.0_p0.0_pop10_ms0.0_mf0.0_seed42/families/family_068/alignment.msa
[00:00:00] Loaded alignment with 20 taxa and 187 sites

WARNING: Sequences 12_0_0 and 5_0_0 are exactly identical!
WARNING: Sequences 9_0_0 and 13_0_0 are exactly identical!
WARNING: Sequences 2_0_0 and 3_0_0 are exactly identical!
WARNING: Sequences 10_0_0 and 4_0_0 are exactly identical!
WARNING: Duplicate sequences found: 4

NOTE: Reduced alignment (with duplicates and gap-only sites/taxa removed) 
NOTE: was saved to: /home/fili/Documents/KIT/2023/BA/code/output/families/ssim_dtl_s20_f100_sites200_GTR_bl1.0_d0.0_l0.0_t1.0_gc0.0_p0.0_pop10_ms0.0_mf0.0_seed42/families/family_068/misc/raxml_output.GTR+G.raxml.reduced.phy

Alignment comprises 1 partitions and 39 patterns

Partition 0: noname
Model: GTR+FO+G4m
Alignment sites / patterns: 187 / 39
Gaps: 0.00 %
Invariant sites: 77.01 %


NOTE: Binary MSA file created: /home/fili/Documents/KIT/2023/BA/code/output/families/ssim_dtl_s20_f100_sites200_GTR_bl1.0_d0.0_l0.0_t1.0_gc0.0_p0.0_pop10_ms0.0_mf0.0_seed42/families/family_068/misc/raxml_output.GTR+G.raxml.rba

Parallelization scheme autoconfig: 8 worker(s) x 1 thread(s)

Parallel reduction/worker buffer size: 1 KB  / 0 KB

[00:00:00] Generating 10 random starting tree(s) with 20 taxa
[00:00:00] Generating 10 parsimony starting tree(s) with 20 taxa
[00:00:00] Data distribution: max. partitions/sites/weight per thread: 1 / 39 / 624
[00:00:00] Data distribution: max. searches per worker: 3

Starting ML tree search with 20 distinct starting trees

[00:00:00 -1042.552666] Initial branch length optimization
[00:00:00 -810.895599] Model parameter optimization (eps = 10.000000)
[00:00:00 -672.963467] AUTODETECT spr round 1 (radius: 5)
[00:00:00 -533.123320] AUTODETECT spr round 2 (radius: 10)
[00:00:00 -533.122119] SPR radius for FAST iterations: 5 (autodetect)
[00:00:00 -533.122119] Model parameter optimization (eps = 3.000000)
[00:00:00 -527.034076] FAST spr round 1 (radius: 5)
[00:00:00 -527.034010] Model parameter optimization (eps = 1.000000)
[00:00:00 -527.033265] SLOW spr round 1 (radius: 5)
[00:00:00 -527.033260] SLOW spr round 2 (radius: 10)
[00:00:00 -527.033260] SLOW spr round 3 (radius: 15)
[00:00:00 -527.033260] SLOW spr round 4 (radius: 20)
[00:00:00 -527.033260] Model parameter optimization (eps = 0.100000)

[00:00:00] [worker #0] ML tree search #1, logLikelihood: -527.033255

[00:00:00 -1050.587935] Initial branch length optimization
[00:00:00 -827.937483] Model parameter optimization (eps = 10.000000)
[00:00:00] [worker #5] ML tree search #6, logLikelihood: -526.825965
[00:00:00] [worker #7] ML tree search #8, logLikelihood: -526.825960
[00:00:00] [worker #4] ML tree search #5, logLikelihood: -539.171204
[00:00:00] [worker #3] ML tree search #4, logLikelihood: -527.033299
[00:00:00] [worker #6] ML tree search #7, logLikelihood: -526.826042
[00:00:00 -685.628979] AUTODETECT spr round 1 (radius: 5)
[00:00:00] [worker #2] ML tree search #3, logLikelihood: -526.825964
[00:00:00 -539.197619] AUTODETECT spr round 2 (radius: 10)
[00:00:00] [worker #1] ML tree search #2, logLikelihood: -526.825985
[00:00:00 -539.197075] SPR radius for FAST iterations: 5 (autodetect)
[00:00:00 -539.197075] Model parameter optimization (eps = 3.000000)
[00:00:00 -533.351598] FAST spr round 1 (radius: 5)
[00:00:00 -526.887024] FAST spr round 2 (radius: 5)
[00:00:00 -526.887024] Model parameter optimization (eps = 1.000000)
[00:00:00 -526.827292] SLOW spr round 1 (radius: 5)
[00:00:00] [worker #5] ML tree search #14, logLikelihood: -526.825954
[00:00:00 -526.827265] SLOW spr round 2 (radius: 10)
[00:00:00] [worker #7] ML tree search #16, logLikelihood: -526.825952
[00:00:00] [worker #3] ML tree search #12, logLikelihood: -526.825946
[00:00:00] [worker #6] ML tree search #15, logLikelihood: -526.825949
[00:00:00 -526.827265] SLOW spr round 3 (radius: 15)
[00:00:00 -526.827265] SLOW spr round 4 (radius: 20)
[00:00:00 -526.827265] Model parameter optimization (eps = 0.100000)

[00:00:00] [worker #0] ML tree search #9, logLikelihood: -526.825963

[00:00:00 -827.439701] Initial branch length optimization
[00:00:00 -594.775941] Model parameter optimization (eps = 10.000000)
[00:00:00 -528.669390] AUTODETECT spr round 1 (radius: 5)
[00:00:00 -526.833553] AUTODETECT spr round 2 (radius: 10)
[00:00:00] [worker #1] ML tree search #10, logLikelihood: -526.825950
[00:00:00 -526.833460] SPR radius for FAST iterations: 5 (autodetect)
[00:00:00 -526.833460] Model parameter optimization (eps = 3.000000)
[00:00:00 -526.826011] FAST spr round 1 (radius: 5)
[00:00:00 -526.826003] Model parameter optimization (eps = 1.000000)
[00:00:00 -526.825954] SLOW spr round 1 (radius: 5)
[00:00:00] [worker #2] ML tree search #11, logLikelihood: -526.825955
[00:00:00] [worker #3] ML tree search #20, logLikelihood: -526.825953
[00:00:00 -526.825954] SLOW spr round 2 (radius: 10)
[00:00:00] [worker #4] ML tree search #13, logLikelihood: -526.826336
[00:00:00 -526.825954] SLOW spr round 3 (radius: 15)
[00:00:00 -526.825954] SLOW spr round 4 (radius: 20)
[00:00:00 -526.825954] Model parameter optimization (eps = 0.100000)

[00:00:00] [worker #0] ML tree search #17, logLikelihood: -526.825951

[00:00:00] [worker #1] ML tree search #18, logLikelihood: -526.825951
[00:00:00] [worker #2] ML tree search #19, logLikelihood: -526.825948

Optimized model parameters:

   Partition 0: noname
   Rate heterogeneity: GAMMA (4 cats, mean),  alpha: 0.987264 (ML),  weights&rates: (0.250000,0.134406) (0.250000,0.472890) (0.250000,0.997857) (0.250000,2.394847) 
   Base frequencies (ML): 0.214262 0.235302 0.283020 0.267415 
   Substitution rates (ML): 0.301287 18.459898 0.001000 0.914526 0.598992 1.000000 


Final LogLikelihood: -526.825946

AIC score: 1145.651891 / AICc score: 1176.537606 / BIC score: 1294.282888
Free parameters (model + branch lengths): 46

WARNING: Best ML tree contains 7 near-zero branches!

Best ML tree with collapsed near-zero branches saved to: /home/fili/Documents/KIT/2023/BA/code/output/families/ssim_dtl_s20_f100_sites200_GTR_bl1.0_d0.0_l0.0_t1.0_gc0.0_p0.0_pop10_ms0.0_mf0.0_seed42/families/family_068/misc/raxml_output.GTR+G.raxml.bestTreeCollapsed
Best ML tree saved to: /home/fili/Documents/KIT/2023/BA/code/output/families/ssim_dtl_s20_f100_sites200_GTR_bl1.0_d0.0_l0.0_t1.0_gc0.0_p0.0_pop10_ms0.0_mf0.0_seed42/families/family_068/misc/raxml_output.GTR+G.raxml.bestTree
All ML trees saved to: /home/fili/Documents/KIT/2023/BA/code/output/families/ssim_dtl_s20_f100_sites200_GTR_bl1.0_d0.0_l0.0_t1.0_gc0.0_p0.0_pop10_ms0.0_mf0.0_seed42/families/family_068/misc/raxml_output.GTR+G.raxml.mlTrees
Optimized model saved to: /home/fili/Documents/KIT/2023/BA/code/output/families/ssim_dtl_s20_f100_sites200_GTR_bl1.0_d0.0_l0.0_t1.0_gc0.0_p0.0_pop10_ms0.0_mf0.0_seed42/families/family_068/misc/raxml_output.GTR+G.raxml.bestModel

Execution log saved to: /home/fili/Documents/KIT/2023/BA/code/output/families/ssim_dtl_s20_f100_sites200_GTR_bl1.0_d0.0_l0.0_t1.0_gc0.0_p0.0_pop10_ms0.0_mf0.0_seed42/families/family_068/misc/raxml_output.GTR+G.raxml.log

Analysis started: 05-Jun-2023 13:01:58 / finished: 05-Jun-2023 13:01:58

Elapsed time: 0.322 seconds

