
RAxML-NG v. 1.1.0 released on 29.11.2021 by The Exelixis Lab.
Developed by: Alexey M. Kozlov and Alexandros Stamatakis.
Contributors: Diego Darriba, Tomas Flouri, Benoit Morel, Sarah Lutteropp, Ben Bettisworth.
Latest version: https://github.com/amkozlov/raxml-ng
Questions/problems/suggestions? Please visit: https://groups.google.com/forum/#!forum/raxml

System: AMD Ryzen 7 5800X 8-Core Processor, 8 cores, 31 GB RAM

RAxML-NG was called at 27-Jun-2023 13:41:36 as follows:

/home/fili/Documents/KIT/2023/BA/resources/tools/RAxML-NG/raxml-ng --msa /home/fili/Documents/KIT/2023/BA/code/output/families/ssim_DL_s20_f100_sites200_GTR_bl1.0_d1.0_l1.0_t0.0_gc0.0_p0.0_pop10_ms0.0_mf0.0_seed121873/families/family_076/alignment.msa --model F81 --prefix /home/fili/Documents/KIT/2023/BA/code/output/families/ssim_DL_s20_f100_sites200_GTR_bl1.0_d1.0_l1.0_t0.0_gc0.0_p0.0_pop10_ms0.0_mf0.0_seed121873/families/family_076/misc/raxml_output.F81

Analysis options:
  run mode: ML tree search
  start tree(s): random (10) + parsimony (10)
  random seed: 1687866096
  tip-inner: OFF
  pattern compression: ON
  per-rate scalers: OFF
  site repeats: ON
  fast spr radius: AUTO
  spr subtree cutoff: 1.000000
  branch lengths: proportional (ML estimate, algorithm: NR-FAST)
  SIMD kernels: AVX2
  parallelization: coarse-grained (auto), PTHREADS (auto)

[00:00:00] Reading alignment from file: /home/fili/Documents/KIT/2023/BA/code/output/families/ssim_DL_s20_f100_sites200_GTR_bl1.0_d1.0_l1.0_t0.0_gc0.0_p0.0_pop10_ms0.0_mf0.0_seed121873/families/family_076/alignment.msa
[00:00:00] Loaded alignment with 19 taxa and 160 sites

Alignment comprises 1 partitions and 113 patterns

Partition 0: noname
Model: F81+FO
Alignment sites / patterns: 160 / 113
Gaps: 0.00 %
Invariant sites: 23.75 %


NOTE: Binary MSA file created: /home/fili/Documents/KIT/2023/BA/code/output/families/ssim_DL_s20_f100_sites200_GTR_bl1.0_d1.0_l1.0_t0.0_gc0.0_p0.0_pop10_ms0.0_mf0.0_seed121873/families/family_076/misc/raxml_output.F81.raxml.rba

Parallelization scheme autoconfig: 8 worker(s) x 1 thread(s)

Parallel reduction/worker buffer size: 1 KB  / 0 KB

[00:00:00] Generating 10 random starting tree(s) with 19 taxa
[00:00:00] Generating 10 parsimony starting tree(s) with 19 taxa
[00:00:00] Data distribution: max. partitions/sites/weight per thread: 1 / 113 / 452
[00:00:00] Data distribution: max. searches per worker: 3

Starting ML tree search with 20 distinct starting trees

[00:00:00 -2188.046253] Initial branch length optimization
[00:00:00 -1944.567639] Model parameter optimization (eps = 10.000000)
[00:00:00 -1897.871929] AUTODETECT spr round 1 (radius: 5)
[00:00:00 -1466.667393] AUTODETECT spr round 2 (radius: 10)
[00:00:00 -1460.973754] AUTODETECT spr round 3 (radius: 15)
[00:00:00 -1460.972350] SPR radius for FAST iterations: 10 (autodetect)
[00:00:00 -1460.972350] Model parameter optimization (eps = 3.000000)
[00:00:00 -1460.842617] FAST spr round 1 (radius: 10)
[00:00:00 -1448.115934] FAST spr round 2 (radius: 10)
[00:00:00 -1446.934171] FAST spr round 3 (radius: 10)
[00:00:00 -1446.934157] Model parameter optimization (eps = 1.000000)
[00:00:00 -1446.926899] SLOW spr round 1 (radius: 5)
[00:00:00 -1446.926881] SLOW spr round 2 (radius: 10)
[00:00:00] [worker #7] ML tree search #8, logLikelihood: -1446.926838
[00:00:00] [worker #4] ML tree search #5, logLikelihood: -1446.926836
[00:00:00] [worker #3] ML tree search #4, logLikelihood: -1446.926842
[00:00:00] [worker #5] ML tree search #6, logLikelihood: -1446.927080
[00:00:00] [worker #6] ML tree search #7, logLikelihood: -1446.927056
[00:00:00 -1446.926881] SLOW spr round 3 (radius: 15)
[00:00:00 -1446.926881] Model parameter optimization (eps = 0.100000)
[00:00:00] [worker #1] ML tree search #2, logLikelihood: -1446.927039

[00:00:00] [worker #0] ML tree search #1, logLikelihood: -1446.926836

[00:00:00] [worker #2] ML tree search #3, logLikelihood: -1446.926840
[00:00:00 -2307.312026] Initial branch length optimization
[00:00:00 -2055.515912] Model parameter optimization (eps = 10.000000)
[00:00:00 -1999.695827] AUTODETECT spr round 1 (radius: 5)
[00:00:00 -1473.708067] AUTODETECT spr round 2 (radius: 10)
[00:00:00 -1473.707340] SPR radius for FAST iterations: 5 (autodetect)
[00:00:00 -1473.707340] Model parameter optimization (eps = 3.000000)
[00:00:00 -1471.824084] FAST spr round 1 (radius: 5)
[00:00:00 -1448.895267] FAST spr round 2 (radius: 5)
[00:00:00 -1447.146222] FAST spr round 3 (radius: 5)
[00:00:00 -1447.146131] Model parameter optimization (eps = 1.000000)
[00:00:00 -1446.928747] SLOW spr round 1 (radius: 5)
[00:00:00] [worker #4] ML tree search #13, logLikelihood: -1446.926836
[00:00:00] [worker #2] ML tree search #11, logLikelihood: -1446.926837
[00:00:00] [worker #7] ML tree search #16, logLikelihood: -1446.926839
[00:00:00 -1446.928205] SLOW spr round 2 (radius: 10)
[00:00:00] [worker #5] ML tree search #14, logLikelihood: -1446.926838
[00:00:00] [worker #3] ML tree search #12, logLikelihood: -1446.926837
[00:00:00 -1446.928204] SLOW spr round 3 (radius: 15)
[00:00:00] [worker #1] ML tree search #10, logLikelihood: -1446.926840
[00:00:00 -1446.928204] Model parameter optimization (eps = 0.100000)

[00:00:00] [worker #0] ML tree search #9, logLikelihood: -1446.926851

[00:00:00 -1688.670319] Initial branch length optimization
[00:00:00 -1486.294224] Model parameter optimization (eps = 10.000000)
[00:00:00 -1447.985137] AUTODETECT spr round 1 (radius: 5)
[00:00:00 -1446.930971] AUTODETECT spr round 2 (radius: 10)
[00:00:00 -1446.930649] SPR radius for FAST iterations: 5 (autodetect)
[00:00:00 -1446.930649] Model parameter optimization (eps = 3.000000)
[00:00:00 -1446.926900] FAST spr round 1 (radius: 5)
[00:00:00] [worker #6] ML tree search #15, logLikelihood: -1446.926838
[00:00:00 -1446.926888] Model parameter optimization (eps = 1.000000)
[00:00:00 -1446.926855] SLOW spr round 1 (radius: 5)
[00:00:00] [worker #2] ML tree search #19, logLikelihood: -1446.926837
[00:00:00 -1446.926836] SLOW spr round 2 (radius: 10)
[00:00:00] [worker #3] ML tree search #20, logLikelihood: -1446.926838
[00:00:00 -1446.926836] SLOW spr round 3 (radius: 15)
[00:00:00 -1446.926836] Model parameter optimization (eps = 0.100000)

[00:00:00] [worker #0] ML tree search #17, logLikelihood: -1446.926836

[00:00:00] [worker #1] ML tree search #18, logLikelihood: -1446.926861

Optimized model parameters:

   Partition 0: noname
   Rate heterogeneity: NONE
   Base frequencies (ML): 0.330024 0.116922 0.356440 0.196614 
   Substitution rates (model): 1.000000 1.000000 1.000000 1.000000 1.000000 1.000000 


Final LogLikelihood: -1446.926836

AIC score: 2969.853671 / AICc score: 2994.349539 / BIC score: 3086.710276
Free parameters (model + branch lengths): 38

WARNING: Best ML tree contains 1 near-zero branches!

Best ML tree with collapsed near-zero branches saved to: /home/fili/Documents/KIT/2023/BA/code/output/families/ssim_DL_s20_f100_sites200_GTR_bl1.0_d1.0_l1.0_t0.0_gc0.0_p0.0_pop10_ms0.0_mf0.0_seed121873/families/family_076/misc/raxml_output.F81.raxml.bestTreeCollapsed
Best ML tree saved to: /home/fili/Documents/KIT/2023/BA/code/output/families/ssim_DL_s20_f100_sites200_GTR_bl1.0_d1.0_l1.0_t0.0_gc0.0_p0.0_pop10_ms0.0_mf0.0_seed121873/families/family_076/misc/raxml_output.F81.raxml.bestTree
All ML trees saved to: /home/fili/Documents/KIT/2023/BA/code/output/families/ssim_DL_s20_f100_sites200_GTR_bl1.0_d1.0_l1.0_t0.0_gc0.0_p0.0_pop10_ms0.0_mf0.0_seed121873/families/family_076/misc/raxml_output.F81.raxml.mlTrees
Optimized model saved to: /home/fili/Documents/KIT/2023/BA/code/output/families/ssim_DL_s20_f100_sites200_GTR_bl1.0_d1.0_l1.0_t0.0_gc0.0_p0.0_pop10_ms0.0_mf0.0_seed121873/families/family_076/misc/raxml_output.F81.raxml.bestModel

Execution log saved to: /home/fili/Documents/KIT/2023/BA/code/output/families/ssim_DL_s20_f100_sites200_GTR_bl1.0_d1.0_l1.0_t0.0_gc0.0_p0.0_pop10_ms0.0_mf0.0_seed121873/families/family_076/misc/raxml_output.F81.raxml.log

Analysis started: 27-Jun-2023 13:41:36 / finished: 27-Jun-2023 13:41:37

Elapsed time: 0.243 seconds

