
RAxML-NG v. 1.1.0 released on 29.11.2021 by The Exelixis Lab.
Developed by: Alexey M. Kozlov and Alexandros Stamatakis.
Contributors: Diego Darriba, Tomas Flouri, Benoit Morel, Sarah Lutteropp, Ben Bettisworth.
Latest version: https://github.com/amkozlov/raxml-ng
Questions/problems/suggestions? Please visit: https://groups.google.com/forum/#!forum/raxml

System: AMD Ryzen 7 5800X 8-Core Processor, 8 cores, 31 GB RAM

RAxML-NG was called at 12-May-2023 21:00:42 as follows:

/home/fili/Documents/KIT/2023/BA/resources/tools/RAxML-NG/raxml-ng --msa /home/fili/Documents/KIT/2023/BA/code/output/families/ssim_dtl_s20_f100_sites200_GTR_bl1.0_d0.0_l0.0_t1.0_gc0.0_p0.0_pop10_ms0.0_mf0.0_seed42/families/family_037/alignment.msa --model GTR+G --prefix /home/fili/Documents/KIT/2023/BA/code/output/families/ssim_dtl_s20_f100_sites200_GTR_bl1.0_d0.0_l0.0_t1.0_gc0.0_p0.0_pop10_ms0.0_mf0.0_seed42/families/family_037/misc/raxml_output.GTR+G

Analysis options:
  run mode: ML tree search
  start tree(s): random (10) + parsimony (10)
  random seed: 1683918042
  tip-inner: OFF
  pattern compression: ON
  per-rate scalers: OFF
  site repeats: ON
  fast spr radius: AUTO
  spr subtree cutoff: 1.000000
  branch lengths: proportional (ML estimate, algorithm: NR-FAST)
  SIMD kernels: AVX2
  parallelization: coarse-grained (auto), PTHREADS (auto)

[00:00:00] Reading alignment from file: /home/fili/Documents/KIT/2023/BA/code/output/families/ssim_dtl_s20_f100_sites200_GTR_bl1.0_d0.0_l0.0_t1.0_gc0.0_p0.0_pop10_ms0.0_mf0.0_seed42/families/family_037/alignment.msa
[00:00:00] Loaded alignment with 20 taxa and 165 sites

WARNING: Sequences 1_0_0 and 2_0_0 are exactly identical!
WARNING: Sequences 16_0_0 and 9_0_0 are exactly identical!
WARNING: Duplicate sequences found: 2

NOTE: Reduced alignment (with duplicates and gap-only sites/taxa removed) 
NOTE: was saved to: /home/fili/Documents/KIT/2023/BA/code/output/families/ssim_dtl_s20_f100_sites200_GTR_bl1.0_d0.0_l0.0_t1.0_gc0.0_p0.0_pop10_ms0.0_mf0.0_seed42/families/family_037/misc/raxml_output.GTR+G.raxml.reduced.phy

Alignment comprises 1 partitions and 110 patterns

Partition 0: noname
Model: GTR+FO+G4m
Alignment sites / patterns: 165 / 110
Gaps: 0.00 %
Invariant sites: 29.70 %


NOTE: Binary MSA file created: /home/fili/Documents/KIT/2023/BA/code/output/families/ssim_dtl_s20_f100_sites200_GTR_bl1.0_d0.0_l0.0_t1.0_gc0.0_p0.0_pop10_ms0.0_mf0.0_seed42/families/family_037/misc/raxml_output.GTR+G.raxml.rba

Parallelization scheme autoconfig: 8 worker(s) x 1 thread(s)

Parallel reduction/worker buffer size: 1 KB  / 0 KB

[00:00:00] Generating 10 random starting tree(s) with 20 taxa
[00:00:00] Generating 10 parsimony starting tree(s) with 20 taxa
[00:00:00] Data distribution: max. partitions/sites/weight per thread: 1 / 110 / 1760
[00:00:00] Data distribution: max. searches per worker: 3

Starting ML tree search with 20 distinct starting trees

[00:00:00 -2498.195456] Initial branch length optimization
[00:00:00 -2179.951627] Model parameter optimization (eps = 10.000000)
[00:00:00 -1756.888707] AUTODETECT spr round 1 (radius: 5)
[00:00:00 -1196.149067] AUTODETECT spr round 2 (radius: 10)
[00:00:00 -1196.130856] SPR radius for FAST iterations: 5 (autodetect)
[00:00:00 -1196.130856] Model parameter optimization (eps = 3.000000)
[00:00:00 -1178.860107] FAST spr round 1 (radius: 5)
[00:00:00 -1076.850235] FAST spr round 2 (radius: 5)
[00:00:00 -1075.725989] FAST spr round 3 (radius: 5)
[00:00:00 -1075.725170] Model parameter optimization (eps = 1.000000)
[00:00:00 -1072.093471] SLOW spr round 1 (radius: 5)
[00:00:00 -1072.084009] SLOW spr round 2 (radius: 10)
[00:00:00] [worker #1] ML tree search #2, logLikelihood: -1071.029857
[00:00:00 -1072.083843] SLOW spr round 3 (radius: 15)
[00:00:00 -1072.083838] SLOW spr round 4 (radius: 20)
[00:00:00 -1072.083838] Model parameter optimization (eps = 0.100000)
[00:00:00] [worker #7] ML tree search #8, logLikelihood: -1071.062661
[00:00:00] [worker #3] ML tree search #4, logLikelihood: -1071.050265
[00:00:00] [worker #4] ML tree search #5, logLikelihood: -1071.054342

[00:00:00] [worker #0] ML tree search #1, logLikelihood: -1071.048295

[00:00:00 -2556.627916] Initial branch length optimization
[00:00:00 -2269.707997] Model parameter optimization (eps = 10.000000)
[00:00:00] [worker #6] ML tree search #7, logLikelihood: -1071.022705
[00:00:00] [worker #2] ML tree search #3, logLikelihood: -1071.020568
[00:00:00] [worker #5] ML tree search #6, logLikelihood: -1071.051154
[00:00:00 -1791.714408] AUTODETECT spr round 1 (radius: 5)
[00:00:00 -1153.471775] AUTODETECT spr round 2 (radius: 10)
[00:00:00 -1114.111558] AUTODETECT spr round 3 (radius: 15)
[00:00:00 -1114.110531] SPR radius for FAST iterations: 10 (autodetect)
[00:00:00 -1114.110531] Model parameter optimization (eps = 3.000000)
[00:00:00 -1088.677083] FAST spr round 1 (radius: 10)
[00:00:00 -1075.140175] FAST spr round 2 (radius: 10)
[00:00:00] [worker #7] ML tree search #16, logLikelihood: -1070.986659
[00:00:00] [worker #4] ML tree search #13, logLikelihood: -1070.983886
[00:00:00] [worker #3] ML tree search #12, logLikelihood: -1070.986445
[00:00:00 -1074.409166] FAST spr round 3 (radius: 10)
[00:00:00 -1074.409105] Model parameter optimization (eps = 1.000000)
[00:00:00] [worker #6] ML tree search #15, logLikelihood: -1070.985615
[00:00:00 -1072.219371] SLOW spr round 1 (radius: 5)
[00:00:00] [worker #1] ML tree search #10, logLikelihood: -1071.040863
[00:00:00] [worker #2] ML tree search #11, logLikelihood: -1070.985964
[00:00:00] [worker #5] ML tree search #14, logLikelihood: -1070.985524
[00:00:00 -1072.195688] SLOW spr round 2 (radius: 10)
[00:00:00 -1072.195417] SLOW spr round 3 (radius: 15)
[00:00:00 -1072.195412] SLOW spr round 4 (radius: 20)
[00:00:00 -1072.195412] Model parameter optimization (eps = 0.100000)

[00:00:00] [worker #0] ML tree search #9, logLikelihood: -1071.048469

[00:00:00 -1497.317027] Initial branch length optimization
[00:00:00 -1291.799809] Model parameter optimization (eps = 10.000000)
[00:00:00] [worker #3] ML tree search #20, logLikelihood: -1070.984162
[00:00:00 -1072.338848] AUTODETECT spr round 1 (radius: 5)
[00:00:00 -1071.500401] AUTODETECT spr round 2 (radius: 10)
[00:00:00 -1071.497000] SPR radius for FAST iterations: 5 (autodetect)
[00:00:00 -1071.497000] Model parameter optimization (eps = 3.000000)
[00:00:00 -1071.056787] FAST spr round 1 (radius: 5)
[00:00:00] [worker #1] ML tree search #18, logLikelihood: -1070.985499
[00:00:00] [worker #2] ML tree search #19, logLikelihood: -1070.984651
[00:00:00 -1071.048052] Model parameter optimization (eps = 1.000000)
[00:00:00 -1071.002170] SLOW spr round 1 (radius: 5)
[00:00:00 -1071.001035] SLOW spr round 2 (radius: 10)
[00:00:00 -1071.001021] SLOW spr round 3 (radius: 15)
[00:00:00 -1071.001021] SLOW spr round 4 (radius: 20)
[00:00:00 -1071.001021] Model parameter optimization (eps = 0.100000)

[00:00:00] [worker #0] ML tree search #17, logLikelihood: -1070.984884


Optimized model parameters:

   Partition 0: noname
   Rate heterogeneity: GAMMA (4 cats, mean),  alpha: 34.509860 (ML),  weights&rates: (0.250000,0.792679) (0.250000,0.936770) (0.250000,1.046699) (0.250000,1.223852) 
   Base frequencies (ML): 0.183845 0.158816 0.326549 0.330790 
   Substitution rates (ML): 1.034300 54.315950 3.475554 1.273942 6.967397 1.000000 


Final LogLikelihood: -1070.983886

AIC score: 2233.967773 / AICc score: 2270.611841 / BIC score: 2376.841265
Free parameters (model + branch lengths): 46

WARNING: Best ML tree contains 3 near-zero branches!

Best ML tree with collapsed near-zero branches saved to: /home/fili/Documents/KIT/2023/BA/code/output/families/ssim_dtl_s20_f100_sites200_GTR_bl1.0_d0.0_l0.0_t1.0_gc0.0_p0.0_pop10_ms0.0_mf0.0_seed42/families/family_037/misc/raxml_output.GTR+G.raxml.bestTreeCollapsed
Best ML tree saved to: /home/fili/Documents/KIT/2023/BA/code/output/families/ssim_dtl_s20_f100_sites200_GTR_bl1.0_d0.0_l0.0_t1.0_gc0.0_p0.0_pop10_ms0.0_mf0.0_seed42/families/family_037/misc/raxml_output.GTR+G.raxml.bestTree
All ML trees saved to: /home/fili/Documents/KIT/2023/BA/code/output/families/ssim_dtl_s20_f100_sites200_GTR_bl1.0_d0.0_l0.0_t1.0_gc0.0_p0.0_pop10_ms0.0_mf0.0_seed42/families/family_037/misc/raxml_output.GTR+G.raxml.mlTrees
Optimized model saved to: /home/fili/Documents/KIT/2023/BA/code/output/families/ssim_dtl_s20_f100_sites200_GTR_bl1.0_d0.0_l0.0_t1.0_gc0.0_p0.0_pop10_ms0.0_mf0.0_seed42/families/family_037/misc/raxml_output.GTR+G.raxml.bestModel

Execution log saved to: /home/fili/Documents/KIT/2023/BA/code/output/families/ssim_dtl_s20_f100_sites200_GTR_bl1.0_d0.0_l0.0_t1.0_gc0.0_p0.0_pop10_ms0.0_mf0.0_seed42/families/family_037/misc/raxml_output.GTR+G.raxml.log

Analysis started: 12-May-2023 21:00:42 / finished: 12-May-2023 21:00:43

Elapsed time: 0.584 seconds

