
RAxML-NG v. 1.1.0 released on 29.11.2021 by The Exelixis Lab.
Developed by: Alexey M. Kozlov and Alexandros Stamatakis.
Contributors: Diego Darriba, Tomas Flouri, Benoit Morel, Sarah Lutteropp, Ben Bettisworth.
Latest version: https://github.com/amkozlov/raxml-ng
Questions/problems/suggestions? Please visit: https://groups.google.com/forum/#!forum/raxml

System: AMD Ryzen 7 5800X 8-Core Processor, 8 cores, 31 GB RAM

RAxML-NG was called at 12-May-2023 21:00:40 as follows:

/home/fili/Documents/KIT/2023/BA/resources/tools/RAxML-NG/raxml-ng --msa /home/fili/Documents/KIT/2023/BA/code/output/families/ssim_dtl_s20_f100_sites200_GTR_bl1.0_d0.0_l0.0_t1.0_gc0.0_p0.0_pop10_ms0.0_mf0.0_seed42/families/family_029/alignment.msa --model GTR+G --prefix /home/fili/Documents/KIT/2023/BA/code/output/families/ssim_dtl_s20_f100_sites200_GTR_bl1.0_d0.0_l0.0_t1.0_gc0.0_p0.0_pop10_ms0.0_mf0.0_seed42/families/family_029/misc/raxml_output.GTR+G

Analysis options:
  run mode: ML tree search
  start tree(s): random (10) + parsimony (10)
  random seed: 1683918040
  tip-inner: OFF
  pattern compression: ON
  per-rate scalers: OFF
  site repeats: ON
  fast spr radius: AUTO
  spr subtree cutoff: 1.000000
  branch lengths: proportional (ML estimate, algorithm: NR-FAST)
  SIMD kernels: AVX2
  parallelization: coarse-grained (auto), PTHREADS (auto)

[00:00:00] Reading alignment from file: /home/fili/Documents/KIT/2023/BA/code/output/families/ssim_dtl_s20_f100_sites200_GTR_bl1.0_d0.0_l0.0_t1.0_gc0.0_p0.0_pop10_ms0.0_mf0.0_seed42/families/family_029/alignment.msa
[00:00:00] Loaded alignment with 20 taxa and 173 sites

WARNING: Sequences 12_0_0 and 4_0_0 are exactly identical!
WARNING: Sequences 3_0_0 and 2_0_0 are exactly identical!
WARNING: Sequences 13_0_0 and 9_0_0 are exactly identical!
WARNING: Duplicate sequences found: 3

NOTE: Reduced alignment (with duplicates and gap-only sites/taxa removed) 
NOTE: was saved to: /home/fili/Documents/KIT/2023/BA/code/output/families/ssim_dtl_s20_f100_sites200_GTR_bl1.0_d0.0_l0.0_t1.0_gc0.0_p0.0_pop10_ms0.0_mf0.0_seed42/families/family_029/misc/raxml_output.GTR+G.raxml.reduced.phy

Alignment comprises 1 partitions and 104 patterns

Partition 0: noname
Model: GTR+FO+G4m
Alignment sites / patterns: 173 / 104
Gaps: 0.00 %
Invariant sites: 33.53 %


NOTE: Binary MSA file created: /home/fili/Documents/KIT/2023/BA/code/output/families/ssim_dtl_s20_f100_sites200_GTR_bl1.0_d0.0_l0.0_t1.0_gc0.0_p0.0_pop10_ms0.0_mf0.0_seed42/families/family_029/misc/raxml_output.GTR+G.raxml.rba

Parallelization scheme autoconfig: 8 worker(s) x 1 thread(s)

Parallel reduction/worker buffer size: 1 KB  / 0 KB

[00:00:00] Generating 10 random starting tree(s) with 20 taxa
[00:00:00] Generating 10 parsimony starting tree(s) with 20 taxa
[00:00:00] Data distribution: max. partitions/sites/weight per thread: 1 / 104 / 1664
[00:00:00] Data distribution: max. searches per worker: 3

Starting ML tree search with 20 distinct starting trees

[00:00:00 -2220.025097] Initial branch length optimization
[00:00:00 -1968.897281] Model parameter optimization (eps = 10.000000)
[00:00:00 -1446.684348] AUTODETECT spr round 1 (radius: 5)
[00:00:00 -1071.603965] AUTODETECT spr round 2 (radius: 10)
[00:00:00 -1071.576814] SPR radius for FAST iterations: 5 (autodetect)
[00:00:00 -1071.576814] Model parameter optimization (eps = 3.000000)
[00:00:00 -1056.531350] FAST spr round 1 (radius: 5)
[00:00:00 -1054.136867] FAST spr round 2 (radius: 5)
[00:00:00 -1053.607049] FAST spr round 3 (radius: 5)
[00:00:00 -1053.158526] FAST spr round 4 (radius: 5)
[00:00:00 -1053.158407] Model parameter optimization (eps = 1.000000)
[00:00:00 -1050.713825] SLOW spr round 1 (radius: 5)
[00:00:00 -1050.456633] SLOW spr round 2 (radius: 5)
[00:00:00] [worker #5] ML tree search #6, logLikelihood: -1050.510168
[00:00:00] [worker #7] ML tree search #8, logLikelihood: -1050.515262
[00:00:00] [worker #1] ML tree search #2, logLikelihood: -1049.550278
[00:00:00] [worker #4] ML tree search #5, logLikelihood: -1049.551286
[00:00:00] [worker #2] ML tree search #3, logLikelihood: -1050.519662
[00:00:00] [worker #3] ML tree search #4, logLikelihood: -1049.547352
[00:00:00 -1050.452968] SLOW spr round 3 (radius: 10)
[00:00:00 -1050.452401] SLOW spr round 4 (radius: 15)
[00:00:00 -1050.452138] SLOW spr round 5 (radius: 20)
[00:00:00 -1050.452032] Model parameter optimization (eps = 0.100000)

[00:00:00] [worker #0] ML tree search #1, logLikelihood: -1049.549238

[00:00:00 -2264.444096] Initial branch length optimization
[00:00:00 -1954.541514] Model parameter optimization (eps = 10.000000)
[00:00:00] [worker #6] ML tree search #7, logLikelihood: -1049.547014
[00:00:00 -1440.287604] AUTODETECT spr round 1 (radius: 5)
[00:00:00 -1086.173050] AUTODETECT spr round 2 (radius: 10)
[00:00:00] [worker #5] ML tree search #14, logLikelihood: -1049.542658
[00:00:00] [worker #7] ML tree search #16, logLikelihood: -1049.541156
[00:00:00] [worker #2] ML tree search #11, logLikelihood: -1049.542315
[00:00:00 -1086.159787] SPR radius for FAST iterations: 5 (autodetect)
[00:00:00 -1086.159787] Model parameter optimization (eps = 3.000000)
[00:00:00] [worker #4] ML tree search #13, logLikelihood: -1049.541838
[00:00:00] [worker #3] ML tree search #12, logLikelihood: -1049.541192
[00:00:00 -1064.700780] FAST spr round 1 (radius: 5)
[00:00:00 -1051.176040] FAST spr round 2 (radius: 5)
[00:00:00 -1051.169079] Model parameter optimization (eps = 1.000000)
[00:00:00] [worker #1] ML tree search #10, logLikelihood: -1050.515367
[00:00:00 -1049.647527] SLOW spr round 1 (radius: 5)
[00:00:00] [worker #6] ML tree search #15, logLikelihood: -1049.541608
[00:00:00 -1049.637913] SLOW spr round 2 (radius: 10)
[00:00:00] [worker #2] ML tree search #19, logLikelihood: -1049.542189
[00:00:00 -1049.637113] SLOW spr round 3 (radius: 15)
[00:00:00 -1049.636820] SLOW spr round 4 (radius: 20)
[00:00:00 -1049.636736] Model parameter optimization (eps = 0.100000)

[00:00:00] [worker #0] ML tree search #9, logLikelihood: -1049.558892

[00:00:00 -1525.837750] Initial branch length optimization
[00:00:00 -1344.267612] Model parameter optimization (eps = 10.000000)
[00:00:00] [worker #3] ML tree search #20, logLikelihood: -1049.543011
[00:00:00 -1050.080807] AUTODETECT spr round 1 (radius: 5)
[00:00:00 -1050.000832] SPR radius for FAST iterations: 5 (autodetect)
[00:00:00 -1050.000832] Model parameter optimization (eps = 3.000000)
[00:00:00 -1049.694855] FAST spr round 1 (radius: 5)
[00:00:00 -1049.631504] Model parameter optimization (eps = 1.000000)
[00:00:00 -1049.559294] SLOW spr round 1 (radius: 5)
[00:00:00] [worker #1] ML tree search #18, logLikelihood: -1049.540852
[00:00:00 -1049.558612] SLOW spr round 2 (radius: 10)
[00:00:00 -1049.558460] SLOW spr round 3 (radius: 15)
[00:00:00 -1049.558419] SLOW spr round 4 (radius: 20)
[00:00:00 -1049.558409] Model parameter optimization (eps = 0.100000)

[00:00:00] [worker #0] ML tree search #17, logLikelihood: -1049.542479


Optimized model parameters:

   Partition 0: noname
   Rate heterogeneity: GAMMA (4 cats, mean),  alpha: 5.166699 (ML),  weights&rates: (0.250000,0.508857) (0.250000,0.807848) (0.250000,1.082999) (0.250000,1.600296) 
   Base frequencies (ML): 0.241803 0.127702 0.371059 0.259435 
   Substitution rates (ML): 1.668676 41.929368 0.569934 0.001000 5.138171 1.000000 


Final LogLikelihood: -1049.540852

AIC score: 2191.081704 / AICc score: 2225.399165 / BIC score: 2336.133118
Free parameters (model + branch lengths): 46

WARNING: Best ML tree contains 3 near-zero branches!

Best ML tree with collapsed near-zero branches saved to: /home/fili/Documents/KIT/2023/BA/code/output/families/ssim_dtl_s20_f100_sites200_GTR_bl1.0_d0.0_l0.0_t1.0_gc0.0_p0.0_pop10_ms0.0_mf0.0_seed42/families/family_029/misc/raxml_output.GTR+G.raxml.bestTreeCollapsed
Best ML tree saved to: /home/fili/Documents/KIT/2023/BA/code/output/families/ssim_dtl_s20_f100_sites200_GTR_bl1.0_d0.0_l0.0_t1.0_gc0.0_p0.0_pop10_ms0.0_mf0.0_seed42/families/family_029/misc/raxml_output.GTR+G.raxml.bestTree
All ML trees saved to: /home/fili/Documents/KIT/2023/BA/code/output/families/ssim_dtl_s20_f100_sites200_GTR_bl1.0_d0.0_l0.0_t1.0_gc0.0_p0.0_pop10_ms0.0_mf0.0_seed42/families/family_029/misc/raxml_output.GTR+G.raxml.mlTrees
Optimized model saved to: /home/fili/Documents/KIT/2023/BA/code/output/families/ssim_dtl_s20_f100_sites200_GTR_bl1.0_d0.0_l0.0_t1.0_gc0.0_p0.0_pop10_ms0.0_mf0.0_seed42/families/family_029/misc/raxml_output.GTR+G.raxml.bestModel

Execution log saved to: /home/fili/Documents/KIT/2023/BA/code/output/families/ssim_dtl_s20_f100_sites200_GTR_bl1.0_d0.0_l0.0_t1.0_gc0.0_p0.0_pop10_ms0.0_mf0.0_seed42/families/family_029/misc/raxml_output.GTR+G.raxml.log

Analysis started: 12-May-2023 21:00:40 / finished: 12-May-2023 21:00:40

Elapsed time: 0.560 seconds

