
RAxML-NG v. 1.1.0 released on 29.11.2021 by The Exelixis Lab.
Developed by: Alexey M. Kozlov and Alexandros Stamatakis.
Contributors: Diego Darriba, Tomas Flouri, Benoit Morel, Sarah Lutteropp, Ben Bettisworth.
Latest version: https://github.com/amkozlov/raxml-ng
Questions/problems/suggestions? Please visit: https://groups.google.com/forum/#!forum/raxml

System: AMD Ryzen 7 5800X 8-Core Processor, 8 cores, 31 GB RAM

RAxML-NG was called at 27-Jun-2023 13:47:10 as follows:

/home/fili/Documents/KIT/2023/BA/resources/tools/RAxML-NG/raxml-ng --msa /home/fili/Documents/KIT/2023/BA/code/output/families/ssim_NE_s20_f100_sites200_GTR_bl1.0_d0.0_l0.0_t0.0_gc0.0_p0.0_pop10_ms0.0_mf0.0_seed121873/families/family_024/alignment.msa --model F81 --prefix /home/fili/Documents/KIT/2023/BA/code/output/families/ssim_NE_s20_f100_sites200_GTR_bl1.0_d0.0_l0.0_t0.0_gc0.0_p0.0_pop10_ms0.0_mf0.0_seed121873/families/family_024/misc/raxml_output.F81

Analysis options:
  run mode: ML tree search
  start tree(s): random (10) + parsimony (10)
  random seed: 1687866430
  tip-inner: OFF
  pattern compression: ON
  per-rate scalers: OFF
  site repeats: ON
  fast spr radius: AUTO
  spr subtree cutoff: 1.000000
  branch lengths: proportional (ML estimate, algorithm: NR-FAST)
  SIMD kernels: AVX2
  parallelization: coarse-grained (auto), PTHREADS (auto)

[00:00:00] Reading alignment from file: /home/fili/Documents/KIT/2023/BA/code/output/families/ssim_NE_s20_f100_sites200_GTR_bl1.0_d0.0_l0.0_t0.0_gc0.0_p0.0_pop10_ms0.0_mf0.0_seed121873/families/family_024/alignment.msa
[00:00:00] Loaded alignment with 20 taxa and 237 sites

Alignment comprises 1 partitions and 145 patterns

Partition 0: noname
Model: F81+FO
Alignment sites / patterns: 237 / 145
Gaps: 0.00 %
Invariant sites: 34.60 %


NOTE: Binary MSA file created: /home/fili/Documents/KIT/2023/BA/code/output/families/ssim_NE_s20_f100_sites200_GTR_bl1.0_d0.0_l0.0_t0.0_gc0.0_p0.0_pop10_ms0.0_mf0.0_seed121873/families/family_024/misc/raxml_output.F81.raxml.rba

Parallelization scheme autoconfig: 8 worker(s) x 1 thread(s)

Parallel reduction/worker buffer size: 1 KB  / 0 KB

[00:00:00] Generating 10 random starting tree(s) with 20 taxa
[00:00:00] Generating 10 parsimony starting tree(s) with 20 taxa
[00:00:00] Data distribution: max. partitions/sites/weight per thread: 1 / 145 / 580
[00:00:00] Data distribution: max. searches per worker: 3

Starting ML tree search with 20 distinct starting trees

[00:00:00 -3544.426504] Initial branch length optimization
[00:00:00 -3207.970892] Model parameter optimization (eps = 10.000000)
[00:00:00 -3140.004166] AUTODETECT spr round 1 (radius: 5)
[00:00:00 -2036.126670] AUTODETECT spr round 2 (radius: 10)
[00:00:00 -2036.125515] SPR radius for FAST iterations: 5 (autodetect)
[00:00:00 -2036.125515] Model parameter optimization (eps = 3.000000)
[00:00:00 -2033.928484] FAST spr round 1 (radius: 5)
[00:00:00 -1956.399193] FAST spr round 2 (radius: 5)
[00:00:00 -1956.399192] Model parameter optimization (eps = 1.000000)
[00:00:00 -1956.305366] SLOW spr round 1 (radius: 5)
[00:00:00 -1956.305297] SLOW spr round 2 (radius: 10)
[00:00:00] [worker #4] ML tree search #5, logLikelihood: -1956.305225
[00:00:00 -1956.305297] SLOW spr round 3 (radius: 15)
[00:00:00 -1956.305297] SLOW spr round 4 (radius: 20)
[00:00:00 -1956.305297] Model parameter optimization (eps = 0.100000)

[00:00:00] [worker #0] ML tree search #1, logLikelihood: -1956.305223

[00:00:00 -3678.890930] Initial branch length optimization
[00:00:00 -3311.903951] Model parameter optimization (eps = 10.000000)
[00:00:00 -3252.203732] AUTODETECT spr round 1 (radius: 5)
[00:00:00 -2018.541856] AUTODETECT spr round 2 (radius: 10)
[00:00:00] [worker #1] ML tree search #2, logLikelihood: -1956.305223
[00:00:00] [worker #7] ML tree search #8, logLikelihood: -1958.611867
[00:00:00 -2018.538314] SPR radius for FAST iterations: 5 (autodetect)
[00:00:00 -2018.538314] Model parameter optimization (eps = 3.000000)
[00:00:00 -2013.627154] FAST spr round 1 (radius: 5)
[00:00:00] [worker #3] ML tree search #4, logLikelihood: -1958.611869
[00:00:00] [worker #6] ML tree search #7, logLikelihood: -1956.305223
[00:00:00 -1957.620899] FAST spr round 2 (radius: 5)
[00:00:00 -1956.652042] FAST spr round 3 (radius: 5)
[00:00:00] [worker #5] ML tree search #6, logLikelihood: -1956.305222
[00:00:00 -1956.652031] Model parameter optimization (eps = 1.000000)
[00:00:00 -1956.305471] SLOW spr round 1 (radius: 5)
[00:00:00] [worker #2] ML tree search #3, logLikelihood: -1956.305229
[00:00:00] [worker #4] ML tree search #13, logLikelihood: -1958.611867
[00:00:00 -1956.305316] SLOW spr round 2 (radius: 10)
[00:00:00] [worker #7] ML tree search #16, logLikelihood: -1958.611868
[00:00:00 -1956.305316] SLOW spr round 3 (radius: 15)
[00:00:00] [worker #6] ML tree search #15, logLikelihood: -1956.305223
[00:00:00 -1956.305316] SLOW spr round 4 (radius: 20)
[00:00:00 -1956.305316] Model parameter optimization (eps = 0.100000)

[00:00:00] [worker #0] ML tree search #9, logLikelihood: -1956.305223

[00:00:00 -2308.346241] Initial branch length optimization
[00:00:00 -1996.184701] Model parameter optimization (eps = 10.000000)
[00:00:00 -1958.914864] AUTODETECT spr round 1 (radius: 5)
[00:00:00] [worker #1] ML tree search #10, logLikelihood: -1956.305224
[00:00:00 -1958.612855] AUTODETECT spr round 2 (radius: 10)
[00:00:00] [worker #3] ML tree search #12, logLikelihood: -1958.611868
[00:00:00 -1958.612449] SPR radius for FAST iterations: 5 (autodetect)
[00:00:00 -1958.612449] Model parameter optimization (eps = 3.000000)
[00:00:00 -1958.611868] FAST spr round 1 (radius: 5)
[00:00:00 -1958.611868] Model parameter optimization (eps = 1.000000)
[00:00:00 -1958.611868] SLOW spr round 1 (radius: 5)
[00:00:00] [worker #2] ML tree search #11, logLikelihood: -1958.611867
[00:00:00] [worker #5] ML tree search #14, logLikelihood: -1958.611867
[00:00:00 -1958.611868] SLOW spr round 2 (radius: 10)
[00:00:00 -1958.611868] SLOW spr round 3 (radius: 15)
[00:00:00 -1958.611868] SLOW spr round 4 (radius: 20)
[00:00:00 -1958.611868] Model parameter optimization (eps = 0.100000)

[00:00:00] [worker #0] ML tree search #17, logLikelihood: -1958.611868

[00:00:00] [worker #1] ML tree search #18, logLikelihood: -1956.305223
[00:00:00] [worker #3] ML tree search #20, logLikelihood: -1958.611868
[00:00:00] [worker #2] ML tree search #19, logLikelihood: -1956.305223

Optimized model parameters:

   Partition 0: noname
   Rate heterogeneity: NONE
   Base frequencies (ML): 0.309083 0.145101 0.359613 0.186203 
   Substitution rates (model): 1.000000 1.000000 1.000000 1.000000 1.000000 1.000000 


Final LogLikelihood: -1956.305222

AIC score: 3992.610445 / AICc score: 4009.345139 / BIC score: 4131.332850
Free parameters (model + branch lengths): 40

Best ML tree saved to: /home/fili/Documents/KIT/2023/BA/code/output/families/ssim_NE_s20_f100_sites200_GTR_bl1.0_d0.0_l0.0_t0.0_gc0.0_p0.0_pop10_ms0.0_mf0.0_seed121873/families/family_024/misc/raxml_output.F81.raxml.bestTree
All ML trees saved to: /home/fili/Documents/KIT/2023/BA/code/output/families/ssim_NE_s20_f100_sites200_GTR_bl1.0_d0.0_l0.0_t0.0_gc0.0_p0.0_pop10_ms0.0_mf0.0_seed121873/families/family_024/misc/raxml_output.F81.raxml.mlTrees
Optimized model saved to: /home/fili/Documents/KIT/2023/BA/code/output/families/ssim_NE_s20_f100_sites200_GTR_bl1.0_d0.0_l0.0_t0.0_gc0.0_p0.0_pop10_ms0.0_mf0.0_seed121873/families/family_024/misc/raxml_output.F81.raxml.bestModel

Execution log saved to: /home/fili/Documents/KIT/2023/BA/code/output/families/ssim_NE_s20_f100_sites200_GTR_bl1.0_d0.0_l0.0_t0.0_gc0.0_p0.0_pop10_ms0.0_mf0.0_seed121873/families/family_024/misc/raxml_output.F81.raxml.log

Analysis started: 27-Jun-2023 13:47:10 / finished: 27-Jun-2023 13:47:10

Elapsed time: 0.281 seconds

