
RAxML-NG v. 1.1.0 released on 29.11.2021 by The Exelixis Lab.
Developed by: Alexey M. Kozlov and Alexandros Stamatakis.
Contributors: Diego Darriba, Tomas Flouri, Benoit Morel, Sarah Lutteropp, Ben Bettisworth.
Latest version: https://github.com/amkozlov/raxml-ng
Questions/problems/suggestions? Please visit: https://groups.google.com/forum/#!forum/raxml

System: AMD Ryzen 7 5800X 8-Core Processor, 8 cores, 31 GB RAM

RAxML-NG was called at 27-Jun-2023 12:59:37 as follows:

/home/fili/Documents/KIT/2023/BA/resources/tools/RAxML-NG/raxml-ng --msa /home/fili/Documents/KIT/2023/BA/code/output/families/ssim_DL_s20_f100_sites200_GTR_bl1.0_d1.0_l1.0_t0.0_gc0.0_p0.0_pop10_ms0.0_mf0.0_seed42/families/family_013/alignment.msa --model F81 --prefix /home/fili/Documents/KIT/2023/BA/code/output/families/ssim_DL_s20_f100_sites200_GTR_bl1.0_d1.0_l1.0_t0.0_gc0.0_p0.0_pop10_ms0.0_mf0.0_seed42/families/family_013/misc/raxml_output.F81

Analysis options:
  run mode: ML tree search
  start tree(s): random (10) + parsimony (10)
  random seed: 1687863577
  tip-inner: OFF
  pattern compression: ON
  per-rate scalers: OFF
  site repeats: ON
  fast spr radius: AUTO
  spr subtree cutoff: 1.000000
  branch lengths: proportional (ML estimate, algorithm: NR-FAST)
  SIMD kernels: AVX2
  parallelization: coarse-grained (auto), PTHREADS (auto)

[00:00:00] Reading alignment from file: /home/fili/Documents/KIT/2023/BA/code/output/families/ssim_DL_s20_f100_sites200_GTR_bl1.0_d1.0_l1.0_t0.0_gc0.0_p0.0_pop10_ms0.0_mf0.0_seed42/families/family_013/alignment.msa
[00:00:00] Loaded alignment with 18 taxa and 148 sites

WARNING: Sequences 12_2_0 and 10_2_0 are exactly identical!
WARNING: Duplicate sequences found: 1

NOTE: Reduced alignment (with duplicates and gap-only sites/taxa removed) 
NOTE: was saved to: /home/fili/Documents/KIT/2023/BA/code/output/families/ssim_DL_s20_f100_sites200_GTR_bl1.0_d1.0_l1.0_t0.0_gc0.0_p0.0_pop10_ms0.0_mf0.0_seed42/families/family_013/misc/raxml_output.F81.raxml.reduced.phy

Alignment comprises 1 partitions and 63 patterns

Partition 0: noname
Model: F81+FO
Alignment sites / patterns: 148 / 63
Gaps: 0.00 %
Invariant sites: 60.14 %


NOTE: Binary MSA file created: /home/fili/Documents/KIT/2023/BA/code/output/families/ssim_DL_s20_f100_sites200_GTR_bl1.0_d1.0_l1.0_t0.0_gc0.0_p0.0_pop10_ms0.0_mf0.0_seed42/families/family_013/misc/raxml_output.F81.raxml.rba

Parallelization scheme autoconfig: 8 worker(s) x 1 thread(s)

Parallel reduction/worker buffer size: 1 KB  / 0 KB

[00:00:00] Generating 10 random starting tree(s) with 18 taxa
[00:00:00] Generating 10 parsimony starting tree(s) with 18 taxa
[00:00:00] Data distribution: max. partitions/sites/weight per thread: 1 / 63 / 252
[00:00:00] Data distribution: max. searches per worker: 3

Starting ML tree search with 20 distinct starting trees

[00:00:00 -1618.195236] Initial branch length optimization
[00:00:00 -1485.756508] Model parameter optimization (eps = 10.000000)
[00:00:00 -1464.635270] AUTODETECT spr round 1 (radius: 5)
[00:00:00 -923.097271] AUTODETECT spr round 2 (radius: 10)
[00:00:00 -923.075912] SPR radius for FAST iterations: 5 (autodetect)
[00:00:00 -923.075912] Model parameter optimization (eps = 3.000000)
[00:00:00 -922.502166] FAST spr round 1 (radius: 5)
[00:00:00 -907.461025] FAST spr round 2 (radius: 5)
[00:00:00 -907.458423] Model parameter optimization (eps = 1.000000)
[00:00:00 -907.407651] SLOW spr round 1 (radius: 5)
[00:00:00 -907.407425] SLOW spr round 2 (radius: 10)
[00:00:00] [worker #5] ML tree search #6, logLikelihood: -907.407357
[00:00:00] [worker #2] ML tree search #3, logLikelihood: -907.407358
[00:00:00 -907.407413] SLOW spr round 3 (radius: 15)
[00:00:00 -907.407412] Model parameter optimization (eps = 0.100000)

[00:00:00] [worker #0] ML tree search #1, logLikelihood: -907.407357

[00:00:00] [worker #7] ML tree search #8, logLikelihood: -907.436666
[00:00:00] [worker #3] ML tree search #4, logLikelihood: -907.407357
[00:00:00 -1655.546478] Initial branch length optimization
[00:00:00 -1517.121469] Model parameter optimization (eps = 10.000000)
[00:00:00] [worker #6] ML tree search #7, logLikelihood: -907.407529
[00:00:00] [worker #1] ML tree search #2, logLikelihood: -907.407357
[00:00:00 -1494.164035] AUTODETECT spr round 1 (radius: 5)
[00:00:00] [worker #4] ML tree search #5, logLikelihood: -907.436666
[00:00:00 -919.507004] AUTODETECT spr round 2 (radius: 10)
[00:00:00 -919.506915] SPR radius for FAST iterations: 5 (autodetect)
[00:00:00 -919.506915] Model parameter optimization (eps = 3.000000)
[00:00:00 -919.125607] FAST spr round 1 (radius: 5)
[00:00:00 -911.352461] FAST spr round 2 (radius: 5)
[00:00:00 -907.713199] FAST spr round 3 (radius: 5)
[00:00:00 -907.681041] Model parameter optimization (eps = 1.000000)
[00:00:00 -907.436758] SLOW spr round 1 (radius: 5)
[00:00:00] [worker #2] ML tree search #11, logLikelihood: -907.407357
[00:00:00] [worker #3] ML tree search #12, logLikelihood: -907.407357
[00:00:00] [worker #5] ML tree search #14, logLikelihood: -907.407357
[00:00:00 -907.436706] SLOW spr round 2 (radius: 10)
[00:00:00] [worker #4] ML tree search #13, logLikelihood: -907.407357
[00:00:00] [worker #7] ML tree search #16, logLikelihood: -907.407358
[00:00:00 -907.436706] SLOW spr round 3 (radius: 15)
[00:00:00 -907.436706] Model parameter optimization (eps = 0.100000)
[00:00:00] [worker #1] ML tree search #10, logLikelihood: -907.407357

[00:00:00] [worker #0] ML tree search #9, logLikelihood: -907.436665

[00:00:00] [worker #6] ML tree search #15, logLikelihood: -907.407358
[00:00:00 -1138.103349] Initial branch length optimization
[00:00:00 -926.004031] Model parameter optimization (eps = 10.000000)
[00:00:00 -911.544748] AUTODETECT spr round 1 (radius: 5)
[00:00:00 -907.442866] AUTODETECT spr round 2 (radius: 10)
[00:00:00 -907.442161] SPR radius for FAST iterations: 5 (autodetect)
[00:00:00 -907.442161] Model parameter optimization (eps = 3.000000)
[00:00:00 -907.407857] FAST spr round 1 (radius: 5)
[00:00:00 -907.407459] Model parameter optimization (eps = 1.000000)
[00:00:00 -907.407371] SLOW spr round 1 (radius: 5)
[00:00:00] [worker #2] ML tree search #19, logLikelihood: -907.407357
[00:00:00] [worker #3] ML tree search #20, logLikelihood: -907.436666
[00:00:00 -907.407358] SLOW spr round 2 (radius: 10)
[00:00:00 -907.407357] SLOW spr round 3 (radius: 15)
[00:00:00 -907.407357] Model parameter optimization (eps = 0.100000)

[00:00:00] [worker #0] ML tree search #17, logLikelihood: -907.407357

[00:00:00] [worker #1] ML tree search #18, logLikelihood: -907.407357

Optimized model parameters:

   Partition 0: noname
   Rate heterogeneity: NONE
   Base frequencies (ML): 0.340658 0.135501 0.272344 0.251497 
   Substitution rates (model): 1.000000 1.000000 1.000000 1.000000 1.000000 1.000000 


Final LogLikelihood: -907.407357

AIC score: 1886.814713 / AICc score: 1910.814713 / BIC score: 1994.714355
Free parameters (model + branch lengths): 36

WARNING: Best ML tree contains 1 near-zero branches!

Best ML tree with collapsed near-zero branches saved to: /home/fili/Documents/KIT/2023/BA/code/output/families/ssim_DL_s20_f100_sites200_GTR_bl1.0_d1.0_l1.0_t0.0_gc0.0_p0.0_pop10_ms0.0_mf0.0_seed42/families/family_013/misc/raxml_output.F81.raxml.bestTreeCollapsed
Best ML tree saved to: /home/fili/Documents/KIT/2023/BA/code/output/families/ssim_DL_s20_f100_sites200_GTR_bl1.0_d1.0_l1.0_t0.0_gc0.0_p0.0_pop10_ms0.0_mf0.0_seed42/families/family_013/misc/raxml_output.F81.raxml.bestTree
All ML trees saved to: /home/fili/Documents/KIT/2023/BA/code/output/families/ssim_DL_s20_f100_sites200_GTR_bl1.0_d1.0_l1.0_t0.0_gc0.0_p0.0_pop10_ms0.0_mf0.0_seed42/families/family_013/misc/raxml_output.F81.raxml.mlTrees
Optimized model saved to: /home/fili/Documents/KIT/2023/BA/code/output/families/ssim_DL_s20_f100_sites200_GTR_bl1.0_d1.0_l1.0_t0.0_gc0.0_p0.0_pop10_ms0.0_mf0.0_seed42/families/family_013/misc/raxml_output.F81.raxml.bestModel

Execution log saved to: /home/fili/Documents/KIT/2023/BA/code/output/families/ssim_DL_s20_f100_sites200_GTR_bl1.0_d1.0_l1.0_t0.0_gc0.0_p0.0_pop10_ms0.0_mf0.0_seed42/families/family_013/misc/raxml_output.F81.raxml.log

Analysis started: 27-Jun-2023 12:59:37 / finished: 27-Jun-2023 12:59:37

Elapsed time: 0.146 seconds

