
RAxML-NG v. 1.1.0 released on 29.11.2021 by The Exelixis Lab.
Developed by: Alexey M. Kozlov and Alexandros Stamatakis.
Contributors: Diego Darriba, Tomas Flouri, Benoit Morel, Sarah Lutteropp, Ben Bettisworth.
Latest version: https://github.com/amkozlov/raxml-ng
Questions/problems/suggestions? Please visit: https://groups.google.com/forum/#!forum/raxml

System: AMD Ryzen 7 5800X 8-Core Processor, 8 cores, 31 GB RAM

RAxML-NG was called at 27-Jun-2023 13:41:30 as follows:

/home/fili/Documents/KIT/2023/BA/resources/tools/RAxML-NG/raxml-ng --msa /home/fili/Documents/KIT/2023/BA/code/output/families/ssim_DL_s20_f100_sites200_GTR_bl1.0_d1.0_l1.0_t0.0_gc0.0_p0.0_pop10_ms0.0_mf0.0_seed121873/families/family_025/alignment.msa --model F81 --prefix /home/fili/Documents/KIT/2023/BA/code/output/families/ssim_DL_s20_f100_sites200_GTR_bl1.0_d1.0_l1.0_t0.0_gc0.0_p0.0_pop10_ms0.0_mf0.0_seed121873/families/family_025/misc/raxml_output.F81

Analysis options:
  run mode: ML tree search
  start tree(s): random (10) + parsimony (10)
  random seed: 1687866090
  tip-inner: OFF
  pattern compression: ON
  per-rate scalers: OFF
  site repeats: ON
  fast spr radius: AUTO
  spr subtree cutoff: 1.000000
  branch lengths: proportional (ML estimate, algorithm: NR-FAST)
  SIMD kernels: AVX2
  parallelization: coarse-grained (auto), PTHREADS (auto)

[00:00:00] Reading alignment from file: /home/fili/Documents/KIT/2023/BA/code/output/families/ssim_DL_s20_f100_sites200_GTR_bl1.0_d1.0_l1.0_t0.0_gc0.0_p0.0_pop10_ms0.0_mf0.0_seed121873/families/family_025/alignment.msa
[00:00:00] Loaded alignment with 26 taxa and 270 sites

Alignment comprises 1 partitions and 179 patterns

Partition 0: noname
Model: F81+FO
Alignment sites / patterns: 270 / 179
Gaps: 0.00 %
Invariant sites: 27.41 %


NOTE: Binary MSA file created: /home/fili/Documents/KIT/2023/BA/code/output/families/ssim_DL_s20_f100_sites200_GTR_bl1.0_d1.0_l1.0_t0.0_gc0.0_p0.0_pop10_ms0.0_mf0.0_seed121873/families/family_025/misc/raxml_output.F81.raxml.rba

Parallelization scheme autoconfig: 8 worker(s) x 1 thread(s)

Parallel reduction/worker buffer size: 1 KB  / 0 KB

[00:00:00] Generating 10 random starting tree(s) with 26 taxa
[00:00:00] Generating 10 parsimony starting tree(s) with 26 taxa
[00:00:00] Data distribution: max. partitions/sites/weight per thread: 1 / 179 / 716
[00:00:00] Data distribution: max. searches per worker: 3

Starting ML tree search with 20 distinct starting trees

[00:00:00 -5615.208251] Initial branch length optimization
[00:00:00 -5029.708197] Model parameter optimization (eps = 10.000000)
[00:00:00 -4794.551702] AUTODETECT spr round 1 (radius: 5)
[00:00:00 -2969.677373] AUTODETECT spr round 2 (radius: 10)
[00:00:00 -2946.303072] AUTODETECT spr round 3 (radius: 15)
[00:00:00 -2946.302856] SPR radius for FAST iterations: 10 (autodetect)
[00:00:00 -2946.302856] Model parameter optimization (eps = 3.000000)
[00:00:00 -2946.037555] FAST spr round 1 (radius: 10)
[00:00:00 -2848.371986] FAST spr round 2 (radius: 10)
[00:00:00 -2847.907390] FAST spr round 3 (radius: 10)
[00:00:00 -2847.907387] Model parameter optimization (eps = 1.000000)
[00:00:00 -2847.868129] SLOW spr round 1 (radius: 5)
[00:00:00] [worker #2] ML tree search #3, logLikelihood: -2847.868043
[00:00:00 -2847.868071] SLOW spr round 2 (radius: 10)
[00:00:00] [worker #4] ML tree search #5, logLikelihood: -2847.868051
[00:00:00 -2847.868070] SLOW spr round 3 (radius: 15)
[00:00:00] [worker #5] ML tree search #6, logLikelihood: -2847.868044
[00:00:00] [worker #7] ML tree search #8, logLikelihood: -2847.868048
[00:00:00] [worker #6] ML tree search #7, logLikelihood: -2847.868048
[00:00:00 -2847.868070] SLOW spr round 4 (radius: 20)
[00:00:00 -2847.868070] SLOW spr round 5 (radius: 25)
[00:00:00] [worker #3] ML tree search #4, logLikelihood: -2847.868044
[00:00:00 -2847.868070] Model parameter optimization (eps = 0.100000)

[00:00:00] [worker #0] ML tree search #1, logLikelihood: -2847.868044

[00:00:00 -5399.854143] Initial branch length optimization
[00:00:00 -4909.038672] Model parameter optimization (eps = 10.000000)
[00:00:00] [worker #1] ML tree search #2, logLikelihood: -2847.868056
[00:00:00 -4680.911612] AUTODETECT spr round 1 (radius: 5)
[00:00:00 -3056.837976] AUTODETECT spr round 2 (radius: 10)
[00:00:00 -2983.855211] AUTODETECT spr round 3 (radius: 15)
[00:00:00 -2983.854995] SPR radius for FAST iterations: 10 (autodetect)
[00:00:00 -2983.854995] Model parameter optimization (eps = 3.000000)
[00:00:00 -2982.325591] FAST spr round 1 (radius: 10)
[00:00:00 -2850.315474] FAST spr round 2 (radius: 10)
[00:00:00 -2848.490382] FAST spr round 3 (radius: 10)
[00:00:00 -2848.030256] FAST spr round 4 (radius: 10)
[00:00:00 -2848.030236] Model parameter optimization (eps = 1.000000)
[00:00:00 -2847.868430] SLOW spr round 1 (radius: 5)
[00:00:00] [worker #2] ML tree search #11, logLikelihood: -2847.868043
[00:00:00] [worker #5] ML tree search #14, logLikelihood: -2847.868045
[00:00:00] [worker #3] ML tree search #12, logLikelihood: -2852.163992
[00:00:00] [worker #4] ML tree search #13, logLikelihood: -2847.868043
[00:00:00 -2847.868273] SLOW spr round 2 (radius: 10)
[00:00:00] [worker #7] ML tree search #16, logLikelihood: -2847.868043
[00:00:00 -2847.868272] SLOW spr round 3 (radius: 15)
[00:00:00] [worker #6] ML tree search #15, logLikelihood: -2847.868044
[00:00:00 -2847.868272] SLOW spr round 4 (radius: 20)
[00:00:00 -2847.868272] SLOW spr round 5 (radius: 25)
[00:00:00 -2847.868272] Model parameter optimization (eps = 0.100000)

[00:00:00] [worker #0] ML tree search #9, logLikelihood: -2847.868051

[00:00:00 -3448.650656] Initial branch length optimization
[00:00:00 -2974.628801] Model parameter optimization (eps = 10.000000)
[00:00:00 -2853.373079] AUTODETECT spr round 1 (radius: 5)
[00:00:00 -2849.156002] AUTODETECT spr round 2 (radius: 10)
[00:00:00 -2849.155349] SPR radius for FAST iterations: 5 (autodetect)
[00:00:00 -2849.155349] Model parameter optimization (eps = 3.000000)
[00:00:00 -2849.125654] FAST spr round 1 (radius: 5)
[00:00:00] [worker #1] ML tree search #10, logLikelihood: -2847.868059
[00:00:00 -2848.354398] FAST spr round 2 (radius: 5)
[00:00:00 -2847.875993] FAST spr round 3 (radius: 5)
[00:00:00 -2847.875987] Model parameter optimization (eps = 1.000000)
[00:00:00 -2847.868053] SLOW spr round 1 (radius: 5)
[00:00:00] [worker #3] ML tree search #20, logLikelihood: -2847.868044
[00:00:00] [worker #2] ML tree search #19, logLikelihood: -2847.868043
[00:00:00 -2847.868049] SLOW spr round 2 (radius: 10)
[00:00:00 -2847.868049] SLOW spr round 3 (radius: 15)
[00:00:00 -2847.868049] SLOW spr round 4 (radius: 20)
[00:00:00 -2847.868049] SLOW spr round 5 (radius: 25)
[00:00:00 -2847.868049] Model parameter optimization (eps = 0.100000)

[00:00:00] [worker #0] ML tree search #17, logLikelihood: -2847.868043

[00:00:00] [worker #1] ML tree search #18, logLikelihood: -2847.868043

Optimized model parameters:

   Partition 0: noname
   Rate heterogeneity: NONE
   Base frequencies (ML): 0.384028 0.123813 0.376238 0.115921 
   Substitution rates (model): 1.000000 1.000000 1.000000 1.000000 1.000000 1.000000 


Final LogLikelihood: -2847.868043

AIC score: 5799.736086 / AICc score: 5825.137007 / BIC score: 5986.854027
Free parameters (model + branch lengths): 52

Best ML tree saved to: /home/fili/Documents/KIT/2023/BA/code/output/families/ssim_DL_s20_f100_sites200_GTR_bl1.0_d1.0_l1.0_t0.0_gc0.0_p0.0_pop10_ms0.0_mf0.0_seed121873/families/family_025/misc/raxml_output.F81.raxml.bestTree
All ML trees saved to: /home/fili/Documents/KIT/2023/BA/code/output/families/ssim_DL_s20_f100_sites200_GTR_bl1.0_d1.0_l1.0_t0.0_gc0.0_p0.0_pop10_ms0.0_mf0.0_seed121873/families/family_025/misc/raxml_output.F81.raxml.mlTrees
Optimized model saved to: /home/fili/Documents/KIT/2023/BA/code/output/families/ssim_DL_s20_f100_sites200_GTR_bl1.0_d1.0_l1.0_t0.0_gc0.0_p0.0_pop10_ms0.0_mf0.0_seed121873/families/family_025/misc/raxml_output.F81.raxml.bestModel

Execution log saved to: /home/fili/Documents/KIT/2023/BA/code/output/families/ssim_DL_s20_f100_sites200_GTR_bl1.0_d1.0_l1.0_t0.0_gc0.0_p0.0_pop10_ms0.0_mf0.0_seed121873/families/family_025/misc/raxml_output.F81.raxml.log

Analysis started: 27-Jun-2023 13:41:30 / finished: 27-Jun-2023 13:41:30

Elapsed time: 0.623 seconds

