
RAxML-NG v. 1.1.0 released on 29.11.2021 by The Exelixis Lab.
Developed by: Alexey M. Kozlov and Alexandros Stamatakis.
Contributors: Diego Darriba, Tomas Flouri, Benoit Morel, Sarah Lutteropp, Ben Bettisworth.
Latest version: https://github.com/amkozlov/raxml-ng
Questions/problems/suggestions? Please visit: https://groups.google.com/forum/#!forum/raxml

System: AMD Ryzen 7 5800X 8-Core Processor, 8 cores, 31 GB RAM

RAxML-NG was called at 12-May-2023 21:00:45 as follows:

/home/fili/Documents/KIT/2023/BA/resources/tools/RAxML-NG/raxml-ng --msa /home/fili/Documents/KIT/2023/BA/code/output/families/ssim_dtl_s20_f100_sites200_GTR_bl1.0_d0.0_l0.0_t1.0_gc0.0_p0.0_pop10_ms0.0_mf0.0_seed42/families/family_059/alignment.msa --model GTR+G --prefix /home/fili/Documents/KIT/2023/BA/code/output/families/ssim_dtl_s20_f100_sites200_GTR_bl1.0_d0.0_l0.0_t1.0_gc0.0_p0.0_pop10_ms0.0_mf0.0_seed42/families/family_059/misc/raxml_output.GTR+G

Analysis options:
  run mode: ML tree search
  start tree(s): random (10) + parsimony (10)
  random seed: 1683918045
  tip-inner: OFF
  pattern compression: ON
  per-rate scalers: OFF
  site repeats: ON
  fast spr radius: AUTO
  spr subtree cutoff: 1.000000
  branch lengths: proportional (ML estimate, algorithm: NR-FAST)
  SIMD kernels: AVX2
  parallelization: coarse-grained (auto), PTHREADS (auto)

[00:00:00] Reading alignment from file: /home/fili/Documents/KIT/2023/BA/code/output/families/ssim_dtl_s20_f100_sites200_GTR_bl1.0_d0.0_l0.0_t1.0_gc0.0_p0.0_pop10_ms0.0_mf0.0_seed42/families/family_059/alignment.msa
[00:00:00] Loaded alignment with 20 taxa and 170 sites

WARNING: Sequences 1_0_0 and 2_0_0 are exactly identical!
WARNING: Sequences 1_0_0 and 3_0_0 are exactly identical!
WARNING: Sequences 4_0_0 and 12_0_0 are exactly identical!
WARNING: Sequences 13_0_0 and 9_0_0 are exactly identical!
WARNING: Duplicate sequences found: 4

NOTE: Reduced alignment (with duplicates and gap-only sites/taxa removed) 
NOTE: was saved to: /home/fili/Documents/KIT/2023/BA/code/output/families/ssim_dtl_s20_f100_sites200_GTR_bl1.0_d0.0_l0.0_t1.0_gc0.0_p0.0_pop10_ms0.0_mf0.0_seed42/families/family_059/misc/raxml_output.GTR+G.raxml.reduced.phy

Alignment comprises 1 partitions and 62 patterns

Partition 0: noname
Model: GTR+FO+G4m
Alignment sites / patterns: 170 / 62
Gaps: 0.00 %
Invariant sites: 56.47 %


NOTE: Binary MSA file created: /home/fili/Documents/KIT/2023/BA/code/output/families/ssim_dtl_s20_f100_sites200_GTR_bl1.0_d0.0_l0.0_t1.0_gc0.0_p0.0_pop10_ms0.0_mf0.0_seed42/families/family_059/misc/raxml_output.GTR+G.raxml.rba

Parallelization scheme autoconfig: 8 worker(s) x 1 thread(s)

Parallel reduction/worker buffer size: 1 KB  / 0 KB

[00:00:00] Generating 10 random starting tree(s) with 20 taxa
[00:00:00] Generating 10 parsimony starting tree(s) with 20 taxa
[00:00:00] Data distribution: max. partitions/sites/weight per thread: 1 / 62 / 992
[00:00:00] Data distribution: max. searches per worker: 3

Starting ML tree search with 20 distinct starting trees

[00:00:00 -1474.251830] Initial branch length optimization
[00:00:00 -1282.593986] Model parameter optimization (eps = 10.000000)
[00:00:00 -1019.558215] AUTODETECT spr round 1 (radius: 5)
[00:00:00 -723.784232] AUTODETECT spr round 2 (radius: 10)
[00:00:00 -712.403752] AUTODETECT spr round 3 (radius: 15)
[00:00:00 -712.402048] SPR radius for FAST iterations: 10 (autodetect)
[00:00:00 -712.402048] Model parameter optimization (eps = 3.000000)
[00:00:00 -705.123468] FAST spr round 1 (radius: 10)
[00:00:00 -700.027274] FAST spr round 2 (radius: 10)
[00:00:00 -699.354372] FAST spr round 3 (radius: 10)
[00:00:00 -699.351543] Model parameter optimization (eps = 1.000000)
[00:00:00 -697.636581] SLOW spr round 1 (radius: 5)
[00:00:00] [worker #2] ML tree search #3, logLikelihood: -698.477704
[00:00:00 -697.629234] SLOW spr round 2 (radius: 10)
[00:00:00] [worker #6] ML tree search #7, logLikelihood: -698.709159
[00:00:00] [worker #1] ML tree search #2, logLikelihood: -697.545190
[00:00:00] [worker #7] ML tree search #8, logLikelihood: -698.682493
[00:00:00] [worker #3] ML tree search #4, logLikelihood: -698.500237
[00:00:00 -697.629201] SLOW spr round 3 (radius: 15)
[00:00:00 -697.629200] SLOW spr round 4 (radius: 20)
[00:00:00 -697.629200] Model parameter optimization (eps = 0.100000)

[00:00:00] [worker #0] ML tree search #1, logLikelihood: -697.548423

[00:00:00] [worker #4] ML tree search #5, logLikelihood: -697.546052
[00:00:00 -1561.967119] Initial branch length optimization
[00:00:00 -1367.554385] Model parameter optimization (eps = 10.000000)
[00:00:00 -1068.493138] AUTODETECT spr round 1 (radius: 5)
[00:00:00] [worker #5] ML tree search #6, logLikelihood: -697.543327
[00:00:00 -878.628356] AUTODETECT spr round 2 (radius: 10)
[00:00:00 -876.857099] AUTODETECT spr round 3 (radius: 15)
[00:00:00 -876.838432] SPR radius for FAST iterations: 10 (autodetect)
[00:00:00 -876.838432] Model parameter optimization (eps = 3.000000)
[00:00:00 -876.113245] FAST spr round 1 (radius: 10)
[00:00:00 -708.692313] FAST spr round 2 (radius: 10)
[00:00:00] [worker #6] ML tree search #15, logLikelihood: -697.536512
[00:00:00] [worker #2] ML tree search #11, logLikelihood: -697.536522
[00:00:00] [worker #7] ML tree search #16, logLikelihood: -697.536341
[00:00:00 -707.897413] FAST spr round 3 (radius: 10)
[00:00:00] [worker #3] ML tree search #12, logLikelihood: -697.560154
[00:00:00 -707.308339] FAST spr round 4 (radius: 10)
[00:00:00 -707.307949] Model parameter optimization (eps = 1.000000)
[00:00:00] [worker #4] ML tree search #13, logLikelihood: -697.559901
[00:00:00 -699.023189] SLOW spr round 1 (radius: 5)
[00:00:00] [worker #1] ML tree search #10, logLikelihood: -698.710804
[00:00:00] [worker #5] ML tree search #14, logLikelihood: -697.536592
[00:00:00 -698.866462] SLOW spr round 2 (radius: 5)
[00:00:00] [worker #2] ML tree search #19, logLikelihood: -697.536463
[00:00:00 -698.866360] SLOW spr round 3 (radius: 10)
[00:00:00] [worker #3] ML tree search #20, logLikelihood: -697.536590
[00:00:00] [worker #1] ML tree search #18, logLikelihood: -697.560352
[00:00:00 -698.866355] SLOW spr round 4 (radius: 15)
[00:00:00 -698.866354] SLOW spr round 5 (radius: 20)
[00:00:00 -698.866354] Model parameter optimization (eps = 0.100000)

[00:00:00] [worker #0] ML tree search #9, logLikelihood: -698.537142

[00:00:00 -1016.991387] Initial branch length optimization
[00:00:00 -823.524182] Model parameter optimization (eps = 10.000000)
[00:00:00 -699.077946] AUTODETECT spr round 1 (radius: 5)
[00:00:00 -697.682493] AUTODETECT spr round 2 (radius: 10)
[00:00:00 -697.677244] SPR radius for FAST iterations: 5 (autodetect)
[00:00:00 -697.677244] Model parameter optimization (eps = 3.000000)
[00:00:00 -697.547394] FAST spr round 1 (radius: 5)
[00:00:00 -697.546479] Model parameter optimization (eps = 1.000000)
[00:00:00 -697.538601] SLOW spr round 1 (radius: 5)
[00:00:00 -697.538537] SLOW spr round 2 (radius: 10)
[00:00:00 -697.538537] SLOW spr round 3 (radius: 15)
[00:00:00 -697.538537] SLOW spr round 4 (radius: 20)
[00:00:00 -697.538537] Model parameter optimization (eps = 0.100000)

[00:00:00] [worker #0] ML tree search #17, logLikelihood: -697.537974


Optimized model parameters:

   Partition 0: noname
   Rate heterogeneity: GAMMA (4 cats, mean),  alpha: 1.577928 (ML),  weights&rates: (0.250000,0.237113) (0.250000,0.601034) (0.250000,1.054688) (0.250000,2.107165) 
   Base frequencies (ML): 0.212132 0.173220 0.326532 0.288115 
   Substitution rates (ML): 11.493887 114.055380 3.917015 1.123614 7.734637 1.000000 


Final LogLikelihood: -697.536341

AIC score: 1487.072682 / AICc score: 1522.227154 / BIC score: 1631.319410
Free parameters (model + branch lengths): 46

WARNING: Best ML tree contains 6 near-zero branches!

Best ML tree with collapsed near-zero branches saved to: /home/fili/Documents/KIT/2023/BA/code/output/families/ssim_dtl_s20_f100_sites200_GTR_bl1.0_d0.0_l0.0_t1.0_gc0.0_p0.0_pop10_ms0.0_mf0.0_seed42/families/family_059/misc/raxml_output.GTR+G.raxml.bestTreeCollapsed
Best ML tree saved to: /home/fili/Documents/KIT/2023/BA/code/output/families/ssim_dtl_s20_f100_sites200_GTR_bl1.0_d0.0_l0.0_t1.0_gc0.0_p0.0_pop10_ms0.0_mf0.0_seed42/families/family_059/misc/raxml_output.GTR+G.raxml.bestTree
All ML trees saved to: /home/fili/Documents/KIT/2023/BA/code/output/families/ssim_dtl_s20_f100_sites200_GTR_bl1.0_d0.0_l0.0_t1.0_gc0.0_p0.0_pop10_ms0.0_mf0.0_seed42/families/family_059/misc/raxml_output.GTR+G.raxml.mlTrees
Optimized model saved to: /home/fili/Documents/KIT/2023/BA/code/output/families/ssim_dtl_s20_f100_sites200_GTR_bl1.0_d0.0_l0.0_t1.0_gc0.0_p0.0_pop10_ms0.0_mf0.0_seed42/families/family_059/misc/raxml_output.GTR+G.raxml.bestModel

Execution log saved to: /home/fili/Documents/KIT/2023/BA/code/output/families/ssim_dtl_s20_f100_sites200_GTR_bl1.0_d0.0_l0.0_t1.0_gc0.0_p0.0_pop10_ms0.0_mf0.0_seed42/families/family_059/misc/raxml_output.GTR+G.raxml.log

Analysis started: 12-May-2023 21:00:45 / finished: 12-May-2023 21:00:46

Elapsed time: 0.413 seconds

