
RAxML-NG v. 1.1.0 released on 29.11.2021 by The Exelixis Lab.
Developed by: Alexey M. Kozlov and Alexandros Stamatakis.
Contributors: Diego Darriba, Tomas Flouri, Benoit Morel, Sarah Lutteropp, Ben Bettisworth.
Latest version: https://github.com/amkozlov/raxml-ng
Questions/problems/suggestions? Please visit: https://groups.google.com/forum/#!forum/raxml

System: AMD Ryzen 7 5800X 8-Core Processor, 8 cores, 31 GB RAM

RAxML-NG was called at 27-Jun-2023 13:51:59 as follows:

/home/fili/Documents/KIT/2023/BA/resources/tools/RAxML-NG/raxml-ng --msa /home/fili/Documents/KIT/2023/BA/code/output/families/ssim_NE_s20_f100_sites200_GTR_bl1.0_d0.0_l0.0_t0.0_gc0.0_p0.0_pop10_ms0.0_mf0.0_seed14976684177860080345/families/family_051/alignment.msa --model F81 --prefix /home/fili/Documents/KIT/2023/BA/code/output/families/ssim_NE_s20_f100_sites200_GTR_bl1.0_d0.0_l0.0_t0.0_gc0.0_p0.0_pop10_ms0.0_mf0.0_seed14976684177860080345/families/family_051/misc/raxml_output.F81

Analysis options:
  run mode: ML tree search
  start tree(s): random (10) + parsimony (10)
  random seed: 1687866719
  tip-inner: OFF
  pattern compression: ON
  per-rate scalers: OFF
  site repeats: ON
  fast spr radius: AUTO
  spr subtree cutoff: 1.000000
  branch lengths: proportional (ML estimate, algorithm: NR-FAST)
  SIMD kernels: AVX2
  parallelization: coarse-grained (auto), PTHREADS (auto)

[00:00:00] Reading alignment from file: /home/fili/Documents/KIT/2023/BA/code/output/families/ssim_NE_s20_f100_sites200_GTR_bl1.0_d0.0_l0.0_t0.0_gc0.0_p0.0_pop10_ms0.0_mf0.0_seed14976684177860080345/families/family_051/alignment.msa
[00:00:00] Loaded alignment with 20 taxa and 222 sites

Alignment comprises 1 partitions and 138 patterns

Partition 0: noname
Model: F81+FO
Alignment sites / patterns: 222 / 138
Gaps: 0.00 %
Invariant sites: 31.53 %


NOTE: Binary MSA file created: /home/fili/Documents/KIT/2023/BA/code/output/families/ssim_NE_s20_f100_sites200_GTR_bl1.0_d0.0_l0.0_t0.0_gc0.0_p0.0_pop10_ms0.0_mf0.0_seed14976684177860080345/families/family_051/misc/raxml_output.F81.raxml.rba

Parallelization scheme autoconfig: 8 worker(s) x 1 thread(s)

Parallel reduction/worker buffer size: 1 KB  / 0 KB

[00:00:00] Generating 10 random starting tree(s) with 20 taxa
[00:00:00] Generating 10 parsimony starting tree(s) with 20 taxa
[00:00:00] Data distribution: max. partitions/sites/weight per thread: 1 / 138 / 552
[00:00:00] Data distribution: max. searches per worker: 3

Starting ML tree search with 20 distinct starting trees

[00:00:00 -4088.998594] Initial branch length optimization
[00:00:00 -3586.749766] Model parameter optimization (eps = 10.000000)
[00:00:00 -3549.025141] AUTODETECT spr round 1 (radius: 5)
[00:00:00 -1789.088502] AUTODETECT spr round 2 (radius: 10)
[00:00:00 -1789.088210] SPR radius for FAST iterations: 5 (autodetect)
[00:00:00 -1789.088210] Model parameter optimization (eps = 3.000000)
[00:00:00 -1787.689594] FAST spr round 1 (radius: 5)
[00:00:00 -1754.644342] FAST spr round 2 (radius: 5)
[00:00:00 -1754.644341] Model parameter optimization (eps = 1.000000)
[00:00:00 -1754.400480] SLOW spr round 1 (radius: 5)
[00:00:00 -1754.400392] SLOW spr round 2 (radius: 10)
[00:00:00 -1754.400392] SLOW spr round 3 (radius: 15)
[00:00:00] [worker #4] ML tree search #5, logLikelihood: -1754.400370
[00:00:00 -1754.400392] SLOW spr round 4 (radius: 20)
[00:00:00 -1754.400392] Model parameter optimization (eps = 0.100000)

[00:00:00] [worker #0] ML tree search #1, logLikelihood: -1754.400368

[00:00:00 -3815.701974] Initial branch length optimization
[00:00:00 -3232.614177] Model parameter optimization (eps = 10.000000)
[00:00:00] [worker #6] ML tree search #7, logLikelihood: -1754.400371
[00:00:00] [worker #1] ML tree search #2, logLikelihood: -1754.400367
[00:00:00 -3189.492310] AUTODETECT spr round 1 (radius: 5)
[00:00:00] [worker #5] ML tree search #6, logLikelihood: -1754.400373
[00:00:00] [worker #3] ML tree search #4, logLikelihood: -1754.400367
[00:00:00 -1822.041839] AUTODETECT spr round 2 (radius: 10)
[00:00:00 -1822.041566] SPR radius for FAST iterations: 5 (autodetect)
[00:00:00 -1822.041566] Model parameter optimization (eps = 3.000000)
[00:00:00] [worker #2] ML tree search #3, logLikelihood: -1754.400367
[00:00:00 -1819.955169] FAST spr round 1 (radius: 5)
[00:00:00 -1758.626981] FAST spr round 2 (radius: 5)
[00:00:00 -1754.555771] FAST spr round 3 (radius: 5)
[00:00:00] [worker #7] ML tree search #8, logLikelihood: -1754.400367
[00:00:00 -1754.555768] Model parameter optimization (eps = 1.000000)
[00:00:00 -1754.400400] SLOW spr round 1 (radius: 5)
[00:00:00] [worker #6] ML tree search #15, logLikelihood: -1754.400368
[00:00:00 -1754.400376] SLOW spr round 2 (radius: 10)
[00:00:00] [worker #5] ML tree search #14, logLikelihood: -1754.400368
[00:00:00] [worker #2] ML tree search #11, logLikelihood: -1754.400368
[00:00:00] [worker #4] ML tree search #13, logLikelihood: -1754.400369
[00:00:00 -1754.400376] SLOW spr round 3 (radius: 15)
[00:00:00 -1754.400376] SLOW spr round 4 (radius: 20)
[00:00:00 -1754.400376] Model parameter optimization (eps = 0.100000)

[00:00:00] [worker #0] ML tree search #9, logLikelihood: -1754.400367

[00:00:00 -2151.368452] Initial branch length optimization
[00:00:00 -1781.903518] Model parameter optimization (eps = 10.000000)
[00:00:00 -1757.177169] AUTODETECT spr round 1 (radius: 5)
[00:00:00] [worker #1] ML tree search #10, logLikelihood: -1754.400368
[00:00:00] [worker #3] ML tree search #12, logLikelihood: -1754.400370
[00:00:00 -1754.410325] AUTODETECT spr round 2 (radius: 10)
[00:00:00 -1754.410282] SPR radius for FAST iterations: 5 (autodetect)
[00:00:00 -1754.410282] Model parameter optimization (eps = 3.000000)
[00:00:00 -1754.400372] FAST spr round 1 (radius: 5)
[00:00:00 -1754.400369] Model parameter optimization (eps = 1.000000)
[00:00:00 -1754.400369] SLOW spr round 1 (radius: 5)
[00:00:00] [worker #7] ML tree search #16, logLikelihood: -1754.400368
[00:00:00 -1754.400369] SLOW spr round 2 (radius: 10)
[00:00:00 -1754.400369] SLOW spr round 3 (radius: 15)
[00:00:00 -1754.400369] SLOW spr round 4 (radius: 20)
[00:00:00 -1754.400369] Model parameter optimization (eps = 0.100000)

[00:00:00] [worker #0] ML tree search #17, logLikelihood: -1754.400368

[00:00:00] [worker #2] ML tree search #19, logLikelihood: -1754.400368
[00:00:00] [worker #1] ML tree search #18, logLikelihood: -1754.400368
[00:00:00] [worker #3] ML tree search #20, logLikelihood: -1754.400368

Optimized model parameters:

   Partition 0: noname
   Rate heterogeneity: NONE
   Base frequencies (ML): 0.274235 0.158784 0.359824 0.207157 
   Substitution rates (model): 1.000000 1.000000 1.000000 1.000000 1.000000 1.000000 


Final LogLikelihood: -1754.400367

AIC score: 3588.800734 / AICc score: 3606.922281 / BIC score: 3724.907829
Free parameters (model + branch lengths): 40

WARNING: Best ML tree contains 2 near-zero branches!

Best ML tree with collapsed near-zero branches saved to: /home/fili/Documents/KIT/2023/BA/code/output/families/ssim_NE_s20_f100_sites200_GTR_bl1.0_d0.0_l0.0_t0.0_gc0.0_p0.0_pop10_ms0.0_mf0.0_seed14976684177860080345/families/family_051/misc/raxml_output.F81.raxml.bestTreeCollapsed
Best ML tree saved to: /home/fili/Documents/KIT/2023/BA/code/output/families/ssim_NE_s20_f100_sites200_GTR_bl1.0_d0.0_l0.0_t0.0_gc0.0_p0.0_pop10_ms0.0_mf0.0_seed14976684177860080345/families/family_051/misc/raxml_output.F81.raxml.bestTree
All ML trees saved to: /home/fili/Documents/KIT/2023/BA/code/output/families/ssim_NE_s20_f100_sites200_GTR_bl1.0_d0.0_l0.0_t0.0_gc0.0_p0.0_pop10_ms0.0_mf0.0_seed14976684177860080345/families/family_051/misc/raxml_output.F81.raxml.mlTrees
Optimized model saved to: /home/fili/Documents/KIT/2023/BA/code/output/families/ssim_NE_s20_f100_sites200_GTR_bl1.0_d0.0_l0.0_t0.0_gc0.0_p0.0_pop10_ms0.0_mf0.0_seed14976684177860080345/families/family_051/misc/raxml_output.F81.raxml.bestModel

Execution log saved to: /home/fili/Documents/KIT/2023/BA/code/output/families/ssim_NE_s20_f100_sites200_GTR_bl1.0_d0.0_l0.0_t0.0_gc0.0_p0.0_pop10_ms0.0_mf0.0_seed14976684177860080345/families/family_051/misc/raxml_output.F81.raxml.log

Analysis started: 27-Jun-2023 13:51:59 / finished: 27-Jun-2023 13:51:59

Elapsed time: 0.243 seconds

