
RAxML-NG v. 1.1.0 released on 29.11.2021 by The Exelixis Lab.
Developed by: Alexey M. Kozlov and Alexandros Stamatakis.
Contributors: Diego Darriba, Tomas Flouri, Benoit Morel, Sarah Lutteropp, Ben Bettisworth.
Latest version: https://github.com/amkozlov/raxml-ng
Questions/problems/suggestions? Please visit: https://groups.google.com/forum/#!forum/raxml

System: AMD Ryzen 7 5800X 8-Core Processor, 8 cores, 31 GB RAM

RAxML-NG was called at 27-Jun-2023 13:51:58 as follows:

/home/fili/Documents/KIT/2023/BA/resources/tools/RAxML-NG/raxml-ng --msa /home/fili/Documents/KIT/2023/BA/code/output/families/ssim_NE_s20_f100_sites200_GTR_bl1.0_d0.0_l0.0_t0.0_gc0.0_p0.0_pop10_ms0.0_mf0.0_seed14976684177860080345/families/family_039/alignment.msa --model F81 --prefix /home/fili/Documents/KIT/2023/BA/code/output/families/ssim_NE_s20_f100_sites200_GTR_bl1.0_d0.0_l0.0_t0.0_gc0.0_p0.0_pop10_ms0.0_mf0.0_seed14976684177860080345/families/family_039/misc/raxml_output.F81

Analysis options:
  run mode: ML tree search
  start tree(s): random (10) + parsimony (10)
  random seed: 1687866718
  tip-inner: OFF
  pattern compression: ON
  per-rate scalers: OFF
  site repeats: ON
  fast spr radius: AUTO
  spr subtree cutoff: 1.000000
  branch lengths: proportional (ML estimate, algorithm: NR-FAST)
  SIMD kernels: AVX2
  parallelization: coarse-grained (auto), PTHREADS (auto)

[00:00:00] Reading alignment from file: /home/fili/Documents/KIT/2023/BA/code/output/families/ssim_NE_s20_f100_sites200_GTR_bl1.0_d0.0_l0.0_t0.0_gc0.0_p0.0_pop10_ms0.0_mf0.0_seed14976684177860080345/families/family_039/alignment.msa
[00:00:00] Loaded alignment with 20 taxa and 226 sites

WARNING: Sequences 2_0_0 and 14_0_0 are exactly identical!
WARNING: Duplicate sequences found: 1

NOTE: Reduced alignment (with duplicates and gap-only sites/taxa removed) 
NOTE: was saved to: /home/fili/Documents/KIT/2023/BA/code/output/families/ssim_NE_s20_f100_sites200_GTR_bl1.0_d0.0_l0.0_t0.0_gc0.0_p0.0_pop10_ms0.0_mf0.0_seed14976684177860080345/families/family_039/misc/raxml_output.F81.raxml.reduced.phy

Alignment comprises 1 partitions and 45 patterns

Partition 0: noname
Model: F81+FO
Alignment sites / patterns: 226 / 45
Gaps: 0.00 %
Invariant sites: 80.97 %


NOTE: Binary MSA file created: /home/fili/Documents/KIT/2023/BA/code/output/families/ssim_NE_s20_f100_sites200_GTR_bl1.0_d0.0_l0.0_t0.0_gc0.0_p0.0_pop10_ms0.0_mf0.0_seed14976684177860080345/families/family_039/misc/raxml_output.F81.raxml.rba

Parallelization scheme autoconfig: 8 worker(s) x 1 thread(s)

Parallel reduction/worker buffer size: 1 KB  / 0 KB

[00:00:00] Generating 10 random starting tree(s) with 20 taxa
[00:00:00] Generating 10 parsimony starting tree(s) with 20 taxa
[00:00:00] Data distribution: max. partitions/sites/weight per thread: 1 / 45 / 180
[00:00:00] Data distribution: max. searches per worker: 3

Starting ML tree search with 20 distinct starting trees

[00:00:00 -1808.403889] Initial branch length optimization
[00:00:00 -1382.957155] Model parameter optimization (eps = 10.000000)
[00:00:00 -1357.783043] AUTODETECT spr round 1 (radius: 5)
[00:00:00 -766.086611] AUTODETECT spr round 2 (radius: 10)
[00:00:00 -766.086475] SPR radius for FAST iterations: 5 (autodetect)
[00:00:00 -766.086475] Model parameter optimization (eps = 3.000000)
[00:00:00 -763.646873] FAST spr round 1 (radius: 5)
[00:00:00 -762.193827] FAST spr round 2 (radius: 5)
[00:00:00 -762.193827] Model parameter optimization (eps = 1.000000)
[00:00:00 -762.156673] SLOW spr round 1 (radius: 5)
[00:00:00 -762.156672] SLOW spr round 2 (radius: 10)
[00:00:00 -762.156672] SLOW spr round 3 (radius: 15)
[00:00:00] [worker #5] ML tree search #6, logLikelihood: -762.156673
[00:00:00 -762.156672] SLOW spr round 4 (radius: 20)
[00:00:00] [worker #3] ML tree search #4, logLikelihood: -762.156672
[00:00:00] [worker #1] ML tree search #2, logLikelihood: -762.156673
[00:00:00 -762.156672] Model parameter optimization (eps = 0.100000)

[00:00:00] [worker #0] ML tree search #1, logLikelihood: -762.156672

[00:00:00] [worker #2] ML tree search #3, logLikelihood: -762.156672
[00:00:00] [worker #4] ML tree search #5, logLikelihood: -762.156672
[00:00:00 -1859.037001] Initial branch length optimization
[00:00:00 -1482.814015] Model parameter optimization (eps = 10.000000)
[00:00:00] [worker #6] ML tree search #7, logLikelihood: -762.156673
[00:00:00 -1447.475067] AUTODETECT spr round 1 (radius: 5)
[00:00:00 -774.791125] AUTODETECT spr round 2 (radius: 10)
[00:00:00] [worker #7] ML tree search #8, logLikelihood: -762.156672
[00:00:00 -774.791008] SPR radius for FAST iterations: 5 (autodetect)
[00:00:00 -774.791008] Model parameter optimization (eps = 3.000000)
[00:00:00 -771.632642] FAST spr round 1 (radius: 5)
[00:00:00 -763.652539] FAST spr round 2 (radius: 5)
[00:00:00 -762.209119] FAST spr round 3 (radius: 5)
[00:00:00 -762.209043] Model parameter optimization (eps = 1.000000)
[00:00:00 -762.156674] SLOW spr round 1 (radius: 5)
[00:00:00] [worker #5] ML tree search #14, logLikelihood: -762.156673
[00:00:00] [worker #2] ML tree search #11, logLikelihood: -762.156673
[00:00:00 -762.156673] SLOW spr round 2 (radius: 10)
[00:00:00] [worker #4] ML tree search #13, logLikelihood: -762.156672
[00:00:00 -762.156673] SLOW spr round 3 (radius: 15)
[00:00:00] [worker #1] ML tree search #10, logLikelihood: -762.156672
[00:00:00 -762.156673] SLOW spr round 4 (radius: 20)
[00:00:00 -762.156673] Model parameter optimization (eps = 0.100000)

[00:00:00] [worker #0] ML tree search #9, logLikelihood: -762.156673

[00:00:00 -1379.328890] Initial branch length optimization
[00:00:00] [worker #3] ML tree search #12, logLikelihood: -762.156673
[00:00:00 -777.871826] Model parameter optimization (eps = 10.000000)
[00:00:00 -768.327247] AUTODETECT spr round 1 (radius: 5)
[00:00:00 -762.185621] AUTODETECT spr round 2 (radius: 10)
[00:00:00 -762.185596] SPR radius for FAST iterations: 5 (autodetect)
[00:00:00 -762.185596] Model parameter optimization (eps = 3.000000)
[00:00:00] [worker #6] ML tree search #15, logLikelihood: -762.156673
[00:00:00 -762.156673] FAST spr round 1 (radius: 5)
[00:00:00] [worker #7] ML tree search #16, logLikelihood: -762.156673
[00:00:00 -762.156673] Model parameter optimization (eps = 1.000000)
[00:00:00 -762.156673] SLOW spr round 1 (radius: 5)
[00:00:00 -762.156673] SLOW spr round 2 (radius: 10)
[00:00:00] [worker #2] ML tree search #19, logLikelihood: -762.156673
[00:00:00 -762.156673] SLOW spr round 3 (radius: 15)
[00:00:00] [worker #1] ML tree search #18, logLikelihood: -762.156673
[00:00:00 -762.156673] SLOW spr round 4 (radius: 20)
[00:00:00 -762.156673] Model parameter optimization (eps = 0.100000)

[00:00:00] [worker #0] ML tree search #17, logLikelihood: -762.156673

[00:00:00] [worker #3] ML tree search #20, logLikelihood: -762.156672

Optimized model parameters:

   Partition 0: noname
   Rate heterogeneity: NONE
   Base frequencies (ML): 0.242123 0.176176 0.350330 0.231370 
   Substitution rates (model): 1.000000 1.000000 1.000000 1.000000 1.000000 1.000000 


Final LogLikelihood: -762.156672

AIC score: 1604.313344 / AICc score: 1622.043074 / BIC score: 1741.134744
Free parameters (model + branch lengths): 40

WARNING: Best ML tree contains 4 near-zero branches!

Best ML tree with collapsed near-zero branches saved to: /home/fili/Documents/KIT/2023/BA/code/output/families/ssim_NE_s20_f100_sites200_GTR_bl1.0_d0.0_l0.0_t0.0_gc0.0_p0.0_pop10_ms0.0_mf0.0_seed14976684177860080345/families/family_039/misc/raxml_output.F81.raxml.bestTreeCollapsed
Best ML tree saved to: /home/fili/Documents/KIT/2023/BA/code/output/families/ssim_NE_s20_f100_sites200_GTR_bl1.0_d0.0_l0.0_t0.0_gc0.0_p0.0_pop10_ms0.0_mf0.0_seed14976684177860080345/families/family_039/misc/raxml_output.F81.raxml.bestTree
All ML trees saved to: /home/fili/Documents/KIT/2023/BA/code/output/families/ssim_NE_s20_f100_sites200_GTR_bl1.0_d0.0_l0.0_t0.0_gc0.0_p0.0_pop10_ms0.0_mf0.0_seed14976684177860080345/families/family_039/misc/raxml_output.F81.raxml.mlTrees
Optimized model saved to: /home/fili/Documents/KIT/2023/BA/code/output/families/ssim_NE_s20_f100_sites200_GTR_bl1.0_d0.0_l0.0_t0.0_gc0.0_p0.0_pop10_ms0.0_mf0.0_seed14976684177860080345/families/family_039/misc/raxml_output.F81.raxml.bestModel

Execution log saved to: /home/fili/Documents/KIT/2023/BA/code/output/families/ssim_NE_s20_f100_sites200_GTR_bl1.0_d0.0_l0.0_t0.0_gc0.0_p0.0_pop10_ms0.0_mf0.0_seed14976684177860080345/families/family_039/misc/raxml_output.F81.raxml.log

Analysis started: 27-Jun-2023 13:51:58 / finished: 27-Jun-2023 13:51:58

Elapsed time: 0.129 seconds

