
RAxML-NG v. 1.1.0 released on 29.11.2021 by The Exelixis Lab.
Developed by: Alexey M. Kozlov and Alexandros Stamatakis.
Contributors: Diego Darriba, Tomas Flouri, Benoit Morel, Sarah Lutteropp, Ben Bettisworth.
Latest version: https://github.com/amkozlov/raxml-ng
Questions/problems/suggestions? Please visit: https://groups.google.com/forum/#!forum/raxml

System: AMD Ryzen 7 5800X 8-Core Processor, 8 cores, 31 GB RAM

RAxML-NG was called at 27-Jun-2023 13:47:05 as follows:

/home/fili/Documents/KIT/2023/BA/resources/tools/RAxML-NG/raxml-ng --msa /home/fili/Documents/KIT/2023/BA/code/output/families/ssim_NE_s20_f100_sites200_GTR_bl1.0_d0.0_l0.0_t0.0_gc0.0_p0.0_pop10_ms0.0_mf0.0_seed121873/families/family_015/alignment.msa --model F81 --prefix /home/fili/Documents/KIT/2023/BA/code/output/families/ssim_NE_s20_f100_sites200_GTR_bl1.0_d0.0_l0.0_t0.0_gc0.0_p0.0_pop10_ms0.0_mf0.0_seed121873/families/family_015/misc/raxml_output.F81

Analysis options:
  run mode: ML tree search
  start tree(s): random (10) + parsimony (10)
  random seed: 1687866425
  tip-inner: OFF
  pattern compression: ON
  per-rate scalers: OFF
  site repeats: ON
  fast spr radius: AUTO
  spr subtree cutoff: 1.000000
  branch lengths: proportional (ML estimate, algorithm: NR-FAST)
  SIMD kernels: AVX2
  parallelization: coarse-grained (auto), PTHREADS (auto)

[00:00:00] Reading alignment from file: /home/fili/Documents/KIT/2023/BA/code/output/families/ssim_NE_s20_f100_sites200_GTR_bl1.0_d0.0_l0.0_t0.0_gc0.0_p0.0_pop10_ms0.0_mf0.0_seed121873/families/family_015/alignment.msa
[00:00:00] Loaded alignment with 20 taxa and 173 sites

WARNING: Sequences 13_0_0 and 19_0_0 are exactly identical!
WARNING: Duplicate sequences found: 1

NOTE: Reduced alignment (with duplicates and gap-only sites/taxa removed) 
NOTE: was saved to: /home/fili/Documents/KIT/2023/BA/code/output/families/ssim_NE_s20_f100_sites200_GTR_bl1.0_d0.0_l0.0_t0.0_gc0.0_p0.0_pop10_ms0.0_mf0.0_seed121873/families/family_015/misc/raxml_output.F81.raxml.reduced.phy

Alignment comprises 1 partitions and 41 patterns

Partition 0: noname
Model: F81+FO
Alignment sites / patterns: 173 / 41
Gaps: 0.00 %
Invariant sites: 78.61 %


NOTE: Binary MSA file created: /home/fili/Documents/KIT/2023/BA/code/output/families/ssim_NE_s20_f100_sites200_GTR_bl1.0_d0.0_l0.0_t0.0_gc0.0_p0.0_pop10_ms0.0_mf0.0_seed121873/families/family_015/misc/raxml_output.F81.raxml.rba

Parallelization scheme autoconfig: 8 worker(s) x 1 thread(s)

Parallel reduction/worker buffer size: 1 KB  / 0 KB

[00:00:00] Generating 10 random starting tree(s) with 20 taxa
[00:00:00] Generating 10 parsimony starting tree(s) with 20 taxa
[00:00:00] Data distribution: max. partitions/sites/weight per thread: 1 / 41 / 164
[00:00:00] Data distribution: max. searches per worker: 3

Starting ML tree search with 20 distinct starting trees

[00:00:00 -1527.329597] Initial branch length optimization
[00:00:00 -1261.239819] Model parameter optimization (eps = 10.000000)
[00:00:00 -1250.523851] AUTODETECT spr round 1 (radius: 5)
[00:00:00 -889.709220] AUTODETECT spr round 2 (radius: 10)
[00:00:00 -854.955287] AUTODETECT spr round 3 (radius: 15)
[00:00:00 -854.947142] SPR radius for FAST iterations: 10 (autodetect)
[00:00:00 -854.947142] Model parameter optimization (eps = 3.000000)
[00:00:00 -854.108931] FAST spr round 1 (radius: 10)
[00:00:00 -848.290059] FAST spr round 2 (radius: 10)
[00:00:00 -837.776410] FAST spr round 3 (radius: 10)
[00:00:00 -837.776230] Model parameter optimization (eps = 1.000000)
[00:00:00 -837.428839] SLOW spr round 1 (radius: 5)
[00:00:00 -837.428667] SLOW spr round 2 (radius: 10)
[00:00:00 -837.428667] SLOW spr round 3 (radius: 15)
[00:00:00] [worker #1] ML tree search #2, logLikelihood: -837.159954
[00:00:00] [worker #2] ML tree search #3, logLikelihood: -837.098526
[00:00:00 -837.428667] SLOW spr round 4 (radius: 20)
[00:00:00 -837.428667] Model parameter optimization (eps = 0.100000)
[00:00:00] [worker #7] ML tree search #8, logLikelihood: -837.098529

[00:00:00] [worker #0] ML tree search #1, logLikelihood: -837.428632

[00:00:00] [worker #6] ML tree search #7, logLikelihood: -837.159950
[00:00:00] [worker #4] ML tree search #5, logLikelihood: -836.127583
[00:00:00 -1509.737838] Initial branch length optimization
[00:00:00 -1234.195484] Model parameter optimization (eps = 10.000000)
[00:00:00 -1222.786811] AUTODETECT spr round 1 (radius: 5)
[00:00:00] [worker #3] ML tree search #4, logLikelihood: -836.127583
[00:00:00 -859.551614] AUTODETECT spr round 2 (radius: 10)
[00:00:00 -859.550982] SPR radius for FAST iterations: 5 (autodetect)
[00:00:00 -859.550982] Model parameter optimization (eps = 3.000000)
[00:00:00] [worker #5] ML tree search #6, logLikelihood: -837.098529
[00:00:00 -857.918571] FAST spr round 1 (radius: 5)
[00:00:00 -838.977970] FAST spr round 2 (radius: 5)
[00:00:00 -837.150941] FAST spr round 3 (radius: 5)
[00:00:00 -837.150939] Model parameter optimization (eps = 1.000000)
[00:00:00 -837.098533] SLOW spr round 1 (radius: 5)
[00:00:00] [worker #2] ML tree search #11, logLikelihood: -837.098526
[00:00:00] [worker #7] ML tree search #16, logLikelihood: -837.098526
[00:00:00 -837.098527] SLOW spr round 2 (radius: 10)
[00:00:00] [worker #3] ML tree search #12, logLikelihood: -837.098526
[00:00:00] [worker #5] ML tree search #14, logLikelihood: -837.098526
[00:00:00] [worker #1] ML tree search #10, logLikelihood: -837.428632
[00:00:00 -837.098527] SLOW spr round 3 (radius: 15)
[00:00:00 -837.098527] SLOW spr round 4 (radius: 20)
[00:00:00] [worker #4] ML tree search #13, logLikelihood: -837.428632
[00:00:00 -837.098527] Model parameter optimization (eps = 0.100000)

[00:00:00] [worker #0] ML tree search #9, logLikelihood: -837.098526

[00:00:00 -1216.962308] Initial branch length optimization
[00:00:00 -848.416752] Model parameter optimization (eps = 10.000000)
[00:00:00 -845.091183] AUTODETECT spr round 1 (radius: 5)
[00:00:00] [worker #6] ML tree search #15, logLikelihood: -837.098528
[00:00:00 -837.452110] AUTODETECT spr round 2 (radius: 10)
[00:00:00 -837.451660] SPR radius for FAST iterations: 5 (autodetect)
[00:00:00 -837.451660] Model parameter optimization (eps = 3.000000)
[00:00:00 -837.435696] FAST spr round 1 (radius: 5)
[00:00:00 -836.406497] FAST spr round 2 (radius: 5)
[00:00:00 -836.147525] FAST spr round 3 (radius: 5)
[00:00:00] [worker #2] ML tree search #19, logLikelihood: -838.159947
[00:00:00 -836.147524] Model parameter optimization (eps = 1.000000)
[00:00:00 -836.127587] SLOW spr round 1 (radius: 5)
[00:00:00] [worker #3] ML tree search #20, logLikelihood: -836.127583
[00:00:00 -836.127584] SLOW spr round 2 (radius: 10)
[00:00:00] [worker #1] ML tree search #18, logLikelihood: -837.428632
[00:00:00 -836.127584] SLOW spr round 3 (radius: 15)
[00:00:00 -836.127584] SLOW spr round 4 (radius: 20)
[00:00:00 -836.127584] Model parameter optimization (eps = 0.100000)

[00:00:00] [worker #0] ML tree search #17, logLikelihood: -836.127583


Optimized model parameters:

   Partition 0: noname
   Rate heterogeneity: NONE
   Base frequencies (ML): 0.288327 0.205875 0.292452 0.213345 
   Substitution rates (model): 1.000000 1.000000 1.000000 1.000000 1.000000 1.000000 


Final LogLikelihood: -836.127583

AIC score: 1752.255165 / AICc score: 1777.103650 / BIC score: 1878.386829
Free parameters (model + branch lengths): 40

WARNING: Best ML tree contains 1 near-zero branches!

Best ML tree with collapsed near-zero branches saved to: /home/fili/Documents/KIT/2023/BA/code/output/families/ssim_NE_s20_f100_sites200_GTR_bl1.0_d0.0_l0.0_t0.0_gc0.0_p0.0_pop10_ms0.0_mf0.0_seed121873/families/family_015/misc/raxml_output.F81.raxml.bestTreeCollapsed
Best ML tree saved to: /home/fili/Documents/KIT/2023/BA/code/output/families/ssim_NE_s20_f100_sites200_GTR_bl1.0_d0.0_l0.0_t0.0_gc0.0_p0.0_pop10_ms0.0_mf0.0_seed121873/families/family_015/misc/raxml_output.F81.raxml.bestTree
All ML trees saved to: /home/fili/Documents/KIT/2023/BA/code/output/families/ssim_NE_s20_f100_sites200_GTR_bl1.0_d0.0_l0.0_t0.0_gc0.0_p0.0_pop10_ms0.0_mf0.0_seed121873/families/family_015/misc/raxml_output.F81.raxml.mlTrees
Optimized model saved to: /home/fili/Documents/KIT/2023/BA/code/output/families/ssim_NE_s20_f100_sites200_GTR_bl1.0_d0.0_l0.0_t0.0_gc0.0_p0.0_pop10_ms0.0_mf0.0_seed121873/families/family_015/misc/raxml_output.F81.raxml.bestModel

Execution log saved to: /home/fili/Documents/KIT/2023/BA/code/output/families/ssim_NE_s20_f100_sites200_GTR_bl1.0_d0.0_l0.0_t0.0_gc0.0_p0.0_pop10_ms0.0_mf0.0_seed121873/families/family_015/misc/raxml_output.F81.raxml.log

Analysis started: 27-Jun-2023 13:47:05 / finished: 27-Jun-2023 13:47:06

Elapsed time: 0.155 seconds

