
RAxML-NG v. 1.1.0 released on 29.11.2021 by The Exelixis Lab.
Developed by: Alexey M. Kozlov and Alexandros Stamatakis.
Contributors: Diego Darriba, Tomas Flouri, Benoit Morel, Sarah Lutteropp, Ben Bettisworth.
Latest version: https://github.com/amkozlov/raxml-ng
Questions/problems/suggestions? Please visit: https://groups.google.com/forum/#!forum/raxml

System: AMD Ryzen 7 5800X 8-Core Processor, 8 cores, 31 GB RAM

RAxML-NG was called at 12-Jun-2023 12:38:53 as follows:

/home/fili/Documents/KIT/2023/BA/resources/tools/RAxML-NG/raxml-ng --msa /home/fili/Documents/KIT/2023/BA/code/output/families/ssim_dtl_s20_f100_sites200_GTR_bl1.0_d0.0_l0.0_t1.0_gc0.0_p0.0_pop10_ms0.0_mf0.0_seed42/families/family_033/alignment.msa --model F81 --prefix /home/fili/Documents/KIT/2023/BA/code/output/families/ssim_dtl_s20_f100_sites200_GTR_bl1.0_d0.0_l0.0_t1.0_gc0.0_p0.0_pop10_ms0.0_mf0.0_seed42/families/family_033/misc/raxml_output.F81

Analysis options:
  run mode: ML tree search
  start tree(s): random (10) + parsimony (10)
  random seed: 1686566332
  tip-inner: OFF
  pattern compression: ON
  per-rate scalers: OFF
  site repeats: ON
  fast spr radius: AUTO
  spr subtree cutoff: 1.000000
  branch lengths: proportional (ML estimate, algorithm: NR-FAST)
  SIMD kernels: AVX2
  parallelization: coarse-grained (auto), PTHREADS (auto)

[00:00:00] Reading alignment from file: /home/fili/Documents/KIT/2023/BA/code/output/families/ssim_dtl_s20_f100_sites200_GTR_bl1.0_d0.0_l0.0_t1.0_gc0.0_p0.0_pop10_ms0.0_mf0.0_seed42/families/family_033/alignment.msa
[00:00:00] Loaded alignment with 20 taxa and 177 sites

WARNING: Sequences 10_0_0 and 4_0_0 are exactly identical!
WARNING: Sequences 13_0_0 and 9_0_0 are exactly identical!
WARNING: Sequences 18_0_0 and 8_0_0 are exactly identical!
WARNING: Sequences 1_0_0 and 2_0_0 are exactly identical!
WARNING: Sequences 1_0_0 and 3_0_0 are exactly identical!
WARNING: Duplicate sequences found: 5

NOTE: Reduced alignment (with duplicates and gap-only sites/taxa removed) 
NOTE: was saved to: /home/fili/Documents/KIT/2023/BA/code/output/families/ssim_dtl_s20_f100_sites200_GTR_bl1.0_d0.0_l0.0_t1.0_gc0.0_p0.0_pop10_ms0.0_mf0.0_seed42/families/family_033/misc/raxml_output.F81.raxml.reduced.phy

Alignment comprises 1 partitions and 81 patterns

Partition 0: noname
Model: F81+FO
Alignment sites / patterns: 177 / 81
Gaps: 0.00 %
Invariant sites: 53.67 %


NOTE: Binary MSA file created: /home/fili/Documents/KIT/2023/BA/code/output/families/ssim_dtl_s20_f100_sites200_GTR_bl1.0_d0.0_l0.0_t1.0_gc0.0_p0.0_pop10_ms0.0_mf0.0_seed42/families/family_033/misc/raxml_output.F81.raxml.rba

Parallelization scheme autoconfig: 8 worker(s) x 1 thread(s)

Parallel reduction/worker buffer size: 1 KB  / 0 KB

[00:00:00] Generating 10 random starting tree(s) with 20 taxa
[00:00:00] Generating 10 parsimony starting tree(s) with 20 taxa
[00:00:00] Data distribution: max. partitions/sites/weight per thread: 1 / 81 / 324
[00:00:00] Data distribution: max. searches per worker: 3

Starting ML tree search with 20 distinct starting trees

[00:00:00 -2198.616079] Initial branch length optimization
[00:00:00 -2012.453098] Model parameter optimization (eps = 10.000000)
[00:00:00 -1941.990790] AUTODETECT spr round 1 (radius: 5)
[00:00:00 -1216.776206] AUTODETECT spr round 2 (radius: 10)
[00:00:00 -1162.246001] AUTODETECT spr round 3 (radius: 15)
[00:00:00 -1162.244770] SPR radius for FAST iterations: 10 (autodetect)
[00:00:00 -1162.244770] Model parameter optimization (eps = 3.000000)
[00:00:00 -1160.803351] FAST spr round 1 (radius: 10)
[00:00:00 -1144.451337] FAST spr round 2 (radius: 10)
[00:00:00 -1144.451307] Model parameter optimization (eps = 1.000000)
[00:00:00 -1144.397765] SLOW spr round 1 (radius: 5)
[00:00:00 -1144.397753] SLOW spr round 2 (radius: 10)
[00:00:00] [worker #6] ML tree search #7, logLikelihood: -1144.397734
[00:00:00 -1144.397753] SLOW spr round 3 (radius: 15)
[00:00:00 -1144.397753] SLOW spr round 4 (radius: 20)
[00:00:00] [worker #3] ML tree search #4, logLikelihood: -1144.397739
[00:00:00 -1144.397753] Model parameter optimization (eps = 0.100000)

[00:00:00] [worker #0] ML tree search #1, logLikelihood: -1144.397735

[00:00:00] [worker #4] ML tree search #5, logLikelihood: -1144.397737
[00:00:00] [worker #2] ML tree search #3, logLikelihood: -1144.397737
[00:00:00 -2328.205705] Initial branch length optimization
[00:00:00 -2146.245437] Model parameter optimization (eps = 10.000000)
[00:00:00 -2069.230970] AUTODETECT spr round 1 (radius: 5)
[00:00:00 -1194.027987] AUTODETECT spr round 2 (radius: 10)
[00:00:00 -1180.062607] AUTODETECT spr round 3 (radius: 15)
[00:00:00 -1180.053737] SPR radius for FAST iterations: 10 (autodetect)
[00:00:00 -1180.053737] Model parameter optimization (eps = 3.000000)
[00:00:00 -1177.825883] FAST spr round 1 (radius: 10)
[00:00:00 -1148.924783] FAST spr round 2 (radius: 10)
[00:00:00] [worker #7] ML tree search #8, logLikelihood: -1144.397734
[00:00:00] [worker #5] ML tree search #6, logLikelihood: -1144.397734
[00:00:00 -1144.711644] FAST spr round 3 (radius: 10)
[00:00:00 -1144.711643] Model parameter optimization (eps = 1.000000)
[00:00:00 -1144.398026] SLOW spr round 1 (radius: 5)
[00:00:00] [worker #1] ML tree search #2, logLikelihood: -1144.397733
[00:00:00] [worker #6] ML tree search #15, logLikelihood: -1144.397733
[00:00:00] [worker #3] ML tree search #12, logLikelihood: -1144.397734
[00:00:00] [worker #2] ML tree search #11, logLikelihood: -1144.397733
[00:00:00 -1144.397848] SLOW spr round 2 (radius: 10)
[00:00:00] [worker #4] ML tree search #13, logLikelihood: -1144.397734
[00:00:00 -1144.397848] SLOW spr round 3 (radius: 15)
[00:00:00 -1144.397848] SLOW spr round 4 (radius: 20)
[00:00:00 -1144.397848] Model parameter optimization (eps = 0.100000)

[00:00:00] [worker #0] ML tree search #9, logLikelihood: -1144.397734

[00:00:00 -1501.918059] Initial branch length optimization
[00:00:00 -1181.626025] Model parameter optimization (eps = 10.000000)
[00:00:00] [worker #7] ML tree search #16, logLikelihood: -1144.397733
[00:00:00 -1147.305847] AUTODETECT spr round 1 (radius: 5)
[00:00:00 -1144.437643] AUTODETECT spr round 2 (radius: 10)
[00:00:00 -1144.437400] SPR radius for FAST iterations: 5 (autodetect)
[00:00:00 -1144.437400] Model parameter optimization (eps = 3.000000)
[00:00:00 -1144.397767] FAST spr round 1 (radius: 5)
[00:00:00 -1144.397745] Model parameter optimization (eps = 1.000000)
[00:00:00 -1144.397735] SLOW spr round 1 (radius: 5)
[00:00:00] [worker #2] ML tree search #19, logLikelihood: -1144.397734
[00:00:00] [worker #1] ML tree search #10, logLikelihood: -1144.397736
[00:00:00] [worker #3] ML tree search #20, logLikelihood: -1144.397733
[00:00:00 -1144.397735] SLOW spr round 2 (radius: 10)
[00:00:00] [worker #5] ML tree search #14, logLikelihood: -1144.397734
[00:00:00 -1144.397735] SLOW spr round 3 (radius: 15)
[00:00:00 -1144.397735] SLOW spr round 4 (radius: 20)
[00:00:00 -1144.397735] Model parameter optimization (eps = 0.100000)

[00:00:00] [worker #0] ML tree search #17, logLikelihood: -1144.397733

[00:00:00] [worker #1] ML tree search #18, logLikelihood: -1144.397733

Optimized model parameters:

   Partition 0: noname
   Rate heterogeneity: NONE
   Base frequencies (ML): 0.305754 0.097107 0.352802 0.244337 
   Substitution rates (model): 1.000000 1.000000 1.000000 1.000000 1.000000 1.000000 


Final LogLikelihood: -1144.397733

AIC score: 2368.795466 / AICc score: 2392.913113 / BIC score: 2495.841456
Free parameters (model + branch lengths): 40

WARNING: Best ML tree contains 3 near-zero branches!

Best ML tree with collapsed near-zero branches saved to: /home/fili/Documents/KIT/2023/BA/code/output/families/ssim_dtl_s20_f100_sites200_GTR_bl1.0_d0.0_l0.0_t1.0_gc0.0_p0.0_pop10_ms0.0_mf0.0_seed42/families/family_033/misc/raxml_output.F81.raxml.bestTreeCollapsed
Best ML tree saved to: /home/fili/Documents/KIT/2023/BA/code/output/families/ssim_dtl_s20_f100_sites200_GTR_bl1.0_d0.0_l0.0_t1.0_gc0.0_p0.0_pop10_ms0.0_mf0.0_seed42/families/family_033/misc/raxml_output.F81.raxml.bestTree
All ML trees saved to: /home/fili/Documents/KIT/2023/BA/code/output/families/ssim_dtl_s20_f100_sites200_GTR_bl1.0_d0.0_l0.0_t1.0_gc0.0_p0.0_pop10_ms0.0_mf0.0_seed42/families/family_033/misc/raxml_output.F81.raxml.mlTrees
Optimized model saved to: /home/fili/Documents/KIT/2023/BA/code/output/families/ssim_dtl_s20_f100_sites200_GTR_bl1.0_d0.0_l0.0_t1.0_gc0.0_p0.0_pop10_ms0.0_mf0.0_seed42/families/family_033/misc/raxml_output.F81.raxml.bestModel

Execution log saved to: /home/fili/Documents/KIT/2023/BA/code/output/families/ssim_dtl_s20_f100_sites200_GTR_bl1.0_d0.0_l0.0_t1.0_gc0.0_p0.0_pop10_ms0.0_mf0.0_seed42/families/family_033/misc/raxml_output.F81.raxml.log

Analysis started: 12-Jun-2023 12:38:53 / finished: 12-Jun-2023 12:38:53

Elapsed time: 0.205 seconds

