
RAxML-NG v. 1.1.0 released on 29.11.2021 by The Exelixis Lab.
Developed by: Alexey M. Kozlov and Alexandros Stamatakis.
Contributors: Diego Darriba, Tomas Flouri, Benoit Morel, Sarah Lutteropp, Ben Bettisworth.
Latest version: https://github.com/amkozlov/raxml-ng
Questions/problems/suggestions? Please visit: https://groups.google.com/forum/#!forum/raxml

System: AMD Ryzen 7 5800X 8-Core Processor, 8 cores, 31 GB RAM

RAxML-NG was called at 13-Jun-2023 16:02:58 as follows:

/home/fili/Documents/KIT/2023/BA/resources/tools/RAxML-NG/raxml-ng --msa /home/fili/Documents/KIT/2023/BA/code/output/families/ssim_DL_s20_f100_sites200_GTR_bl1.0_d1.0_l1.0_t0.0_gc0.0_p0.0_pop10_ms0.0_mf0.0_seed42/families/family_088/alignment.msa --model F81 --prefix /home/fili/Documents/KIT/2023/BA/code/output/families/ssim_DL_s20_f100_sites200_GTR_bl1.0_d1.0_l1.0_t0.0_gc0.0_p0.0_pop10_ms0.0_mf0.0_seed42/families/family_088/misc/raxml_output.F81

Analysis options:
  run mode: ML tree search
  start tree(s): random (10) + parsimony (10)
  random seed: 1686664978
  tip-inner: OFF
  pattern compression: ON
  per-rate scalers: OFF
  site repeats: ON
  fast spr radius: AUTO
  spr subtree cutoff: 1.000000
  branch lengths: proportional (ML estimate, algorithm: NR-FAST)
  SIMD kernels: AVX2
  parallelization: coarse-grained (auto), PTHREADS (auto)

[00:00:00] Reading alignment from file: /home/fili/Documents/KIT/2023/BA/code/output/families/ssim_DL_s20_f100_sites200_GTR_bl1.0_d1.0_l1.0_t0.0_gc0.0_p0.0_pop10_ms0.0_mf0.0_seed42/families/family_088/alignment.msa
[00:00:00] Loaded alignment with 49 taxa and 134 sites

WARNING: Sequences 10_0_0 and 4_0_0 are exactly identical!
WARNING: Sequences 10_0_0 and 12_0_0 are exactly identical!
WARNING: Sequences 10_0_0 and 5_0_0 are exactly identical!
WARNING: Sequences 8_0_0 and 19_0_0 are exactly identical!
WARNING: Sequences 9_0_0 and 13_0_0 are exactly identical!
WARNING: Sequences 9_0_0 and 7_0_0 are exactly identical!
WARNING: Sequences 8_6_0 and 18_6_0 are exactly identical!
WARNING: Sequences 13_6_0 and 9_6_0 are exactly identical!
WARNING: Sequences 7_7_0 and 9_7_0 are exactly identical!
WARNING: Sequences 7_7_0 and 13_7_0 are exactly identical!
WARNING: Sequences 18_1_0 and 8_1_0 are exactly identical!
WARNING: Sequences 19_1_0 and 4_4_0 are exactly identical!
WARNING: Sequences 19_1_0 and 12_4_0 are exactly identical!
WARNING: Sequences 9_1_0 and 13_1_0 are exactly identical!
WARNING: Sequences 9_1_0 and 7_1_0 are exactly identical!
WARNING: Sequences 17_1_0 and 17_5_0 are exactly identical!
WARNING: Sequences 2_0_0 and 3_0_0 are exactly identical!
WARNING: Duplicate sequences found: 17

NOTE: Reduced alignment (with duplicates and gap-only sites/taxa removed) 
NOTE: was saved to: /home/fili/Documents/KIT/2023/BA/code/output/families/ssim_DL_s20_f100_sites200_GTR_bl1.0_d1.0_l1.0_t0.0_gc0.0_p0.0_pop10_ms0.0_mf0.0_seed42/families/family_088/misc/raxml_output.F81.raxml.reduced.phy

Alignment comprises 1 partitions and 33 patterns

Partition 0: noname
Model: F81+FO
Alignment sites / patterns: 134 / 33
Gaps: 0.00 %
Invariant sites: 78.36 %


NOTE: Binary MSA file created: /home/fili/Documents/KIT/2023/BA/code/output/families/ssim_DL_s20_f100_sites200_GTR_bl1.0_d1.0_l1.0_t0.0_gc0.0_p0.0_pop10_ms0.0_mf0.0_seed42/families/family_088/misc/raxml_output.F81.raxml.rba

Parallelization scheme autoconfig: 8 worker(s) x 1 thread(s)

Parallel reduction/worker buffer size: 1 KB  / 0 KB

[00:00:00] Generating 10 random starting tree(s) with 49 taxa
[00:00:00] Generating 10 parsimony starting tree(s) with 49 taxa
[00:00:00] Data distribution: max. partitions/sites/weight per thread: 1 / 33 / 132
[00:00:00] Data distribution: max. searches per worker: 3

Starting ML tree search with 20 distinct starting trees

[00:00:00 -2403.600211] Initial branch length optimization
[00:00:00 -1699.691864] Model parameter optimization (eps = 10.000000)
[00:00:00 -1676.043608] AUTODETECT spr round 1 (radius: 5)
[00:00:00 -907.329069] AUTODETECT spr round 2 (radius: 10)
[00:00:00 -814.165989] AUTODETECT spr round 3 (radius: 15)
[00:00:00 -814.165989] SPR radius for FAST iterations: 10 (autodetect)
[00:00:00 -814.165989] Model parameter optimization (eps = 3.000000)
[00:00:00 -813.317041] FAST spr round 1 (radius: 10)
[00:00:00 -722.758005] FAST spr round 2 (radius: 10)
[00:00:00 -720.458543] FAST spr round 3 (radius: 10)
[00:00:00 -717.308164] FAST spr round 4 (radius: 10)
[00:00:00 -717.308164] Model parameter optimization (eps = 1.000000)
[00:00:00 -716.901042] SLOW spr round 1 (radius: 5)
[00:00:00 -716.901036] SLOW spr round 2 (radius: 10)
[00:00:00 -716.901036] SLOW spr round 3 (radius: 15)
[00:00:00] [worker #5] ML tree search #6, logLikelihood: -717.693589
[00:00:00 -716.901036] SLOW spr round 4 (radius: 20)
[00:00:00] [worker #4] ML tree search #5, logLikelihood: -716.071518
[00:00:00 -716.901036] SLOW spr round 5 (radius: 25)
[00:00:00 -716.901036] Model parameter optimization (eps = 0.100000)
[00:00:00] [worker #1] ML tree search #2, logLikelihood: -716.072180

[00:00:00] [worker #0] ML tree search #1, logLikelihood: -716.901014

[00:00:00 -2449.621941] Initial branch length optimization
[00:00:00 -1761.991895] Model parameter optimization (eps = 10.000000)
[00:00:00 -1727.706534] AUTODETECT spr round 1 (radius: 5)
[00:00:00] [worker #7] ML tree search #8, logLikelihood: -717.520765
[00:00:00 -997.487720] AUTODETECT spr round 2 (radius: 10)
[00:00:00 -815.178034] AUTODETECT spr round 3 (radius: 15)
[00:00:00 -807.842762] AUTODETECT spr round 4 (radius: 20)
[00:00:00 -807.842733] SPR radius for FAST iterations: 15 (autodetect)
[00:00:00 -807.842733] Model parameter optimization (eps = 3.000000)
[00:00:00 -806.024458] FAST spr round 1 (radius: 15)
[00:00:00 -750.420720] FAST spr round 2 (radius: 15)
[00:00:00 -719.751370] FAST spr round 3 (radius: 15)
[00:00:00 -716.189062] FAST spr round 4 (radius: 15)
[00:00:00 -716.189062] Model parameter optimization (eps = 1.000000)
[00:00:00 -716.072255] SLOW spr round 1 (radius: 5)
[00:00:00] [worker #6] ML tree search #7, logLikelihood: -716.399568
[00:00:00 -716.072180] SLOW spr round 2 (radius: 10)
[00:00:00 -716.072180] SLOW spr round 3 (radius: 15)
[00:00:00 -716.072180] SLOW spr round 4 (radius: 20)
[00:00:00 -716.072180] SLOW spr round 5 (radius: 25)
[00:00:00 -716.072180] Model parameter optimization (eps = 0.100000)

[00:00:00] [worker #0] ML tree search #9, logLikelihood: -716.072180

[00:00:00 -1749.352546] Initial branch length optimization
[00:00:00 -748.104570] Model parameter optimization (eps = 10.000000)
[00:00:00] [worker #3] ML tree search #4, logLikelihood: -715.550229
[00:00:00 -737.210502] AUTODETECT spr round 1 (radius: 5)
[00:00:00 -725.954587] AUTODETECT spr round 2 (radius: 10)
[00:00:00 -716.102200] AUTODETECT spr round 3 (radius: 15)
[00:00:00 -716.102200] SPR radius for FAST iterations: 10 (autodetect)
[00:00:00 -716.102200] Model parameter optimization (eps = 3.000000)
[00:00:00 -716.071518] FAST spr round 1 (radius: 10)
[00:00:00 -716.071517] Model parameter optimization (eps = 1.000000)
[00:00:00 -716.071515] SLOW spr round 1 (radius: 5)
[00:00:00] [worker #5] ML tree search #14, logLikelihood: -715.801940
[00:00:00 -716.071515] SLOW spr round 2 (radius: 10)
[00:00:00] [worker #2] ML tree search #3, logLikelihood: -716.025034
[00:00:00 -716.071515] SLOW spr round 3 (radius: 15)
[00:00:00] [worker #1] ML tree search #10, logLikelihood: -716.399567
[00:00:00 -716.071515] SLOW spr round 4 (radius: 20)
[00:00:00 -716.071515] SLOW spr round 5 (radius: 25)
[00:00:00 -716.071515] Model parameter optimization (eps = 0.100000)

[00:00:00] [worker #0] ML tree search #17, logLikelihood: -716.071515

[00:00:00] [worker #7] ML tree search #16, logLikelihood: -716.702935
[00:00:00] [worker #2] ML tree search #11, logLikelihood: -716.702933
[00:00:00] [worker #3] ML tree search #12, logLikelihood: -716.072180
[00:00:00] [worker #6] ML tree search #15, logLikelihood: -718.342920
[00:00:00] [worker #4] ML tree search #13, logLikelihood: -716.702933
[00:00:00] [worker #2] ML tree search #19, logLikelihood: -719.961813
[00:00:00] [worker #1] ML tree search #18, logLikelihood: -716.072181
[00:00:00] [worker #3] ML tree search #20, logLikelihood: -716.349644

Optimized model parameters:

   Partition 0: noname
   Rate heterogeneity: NONE
   Base frequencies (ML): 0.263516 0.150619 0.347810 0.238055 
   Substitution rates (model): 1.000000 1.000000 1.000000 1.000000 1.000000 1.000000 


Final LogLikelihood: -715.550229

AIC score: 1627.100457 / AICc score: 2181.500457 / BIC score: 1911.088758
Free parameters (model + branch lengths): 98

WARNING: Best ML tree contains 17 near-zero branches!

Best ML tree with collapsed near-zero branches saved to: /home/fili/Documents/KIT/2023/BA/code/output/families/ssim_DL_s20_f100_sites200_GTR_bl1.0_d1.0_l1.0_t0.0_gc0.0_p0.0_pop10_ms0.0_mf0.0_seed42/families/family_088/misc/raxml_output.F81.raxml.bestTreeCollapsed
Best ML tree saved to: /home/fili/Documents/KIT/2023/BA/code/output/families/ssim_DL_s20_f100_sites200_GTR_bl1.0_d1.0_l1.0_t0.0_gc0.0_p0.0_pop10_ms0.0_mf0.0_seed42/families/family_088/misc/raxml_output.F81.raxml.bestTree
All ML trees saved to: /home/fili/Documents/KIT/2023/BA/code/output/families/ssim_DL_s20_f100_sites200_GTR_bl1.0_d1.0_l1.0_t0.0_gc0.0_p0.0_pop10_ms0.0_mf0.0_seed42/families/family_088/misc/raxml_output.F81.raxml.mlTrees
Optimized model saved to: /home/fili/Documents/KIT/2023/BA/code/output/families/ssim_DL_s20_f100_sites200_GTR_bl1.0_d1.0_l1.0_t0.0_gc0.0_p0.0_pop10_ms0.0_mf0.0_seed42/families/family_088/misc/raxml_output.F81.raxml.bestModel

Execution log saved to: /home/fili/Documents/KIT/2023/BA/code/output/families/ssim_DL_s20_f100_sites200_GTR_bl1.0_d1.0_l1.0_t0.0_gc0.0_p0.0_pop10_ms0.0_mf0.0_seed42/families/family_088/misc/raxml_output.F81.raxml.log

Analysis started: 13-Jun-2023 16:02:58 / finished: 13-Jun-2023 16:02:58

Elapsed time: 0.785 seconds

