
RAxML-NG v. 1.1.0 released on 29.11.2021 by The Exelixis Lab.
Developed by: Alexey M. Kozlov and Alexandros Stamatakis.
Contributors: Diego Darriba, Tomas Flouri, Benoit Morel, Sarah Lutteropp, Ben Bettisworth.
Latest version: https://github.com/amkozlov/raxml-ng
Questions/problems/suggestions? Please visit: https://groups.google.com/forum/#!forum/raxml

System: AMD Ryzen 7 5800X 8-Core Processor, 8 cores, 31 GB RAM

RAxML-NG was called at 27-Jun-2023 12:59:30 as follows:

/home/fili/Documents/KIT/2023/BA/resources/tools/RAxML-NG/raxml-ng --msa /home/fili/Documents/KIT/2023/BA/code/output/families/ssim_DL_s20_f100_sites200_GTR_bl1.0_d1.0_l1.0_t0.0_gc0.0_p0.0_pop10_ms0.0_mf0.0_seed42/families/family_005/alignment.msa --model F81 --prefix /home/fili/Documents/KIT/2023/BA/code/output/families/ssim_DL_s20_f100_sites200_GTR_bl1.0_d1.0_l1.0_t0.0_gc0.0_p0.0_pop10_ms0.0_mf0.0_seed42/families/family_005/misc/raxml_output.F81

Analysis options:
  run mode: ML tree search
  start tree(s): random (10) + parsimony (10)
  random seed: 1687863570
  tip-inner: OFF
  pattern compression: ON
  per-rate scalers: OFF
  site repeats: ON
  fast spr radius: AUTO
  spr subtree cutoff: 1.000000
  branch lengths: proportional (ML estimate, algorithm: NR-FAST)
  SIMD kernels: AVX2
  parallelization: coarse-grained (auto), PTHREADS (auto)

[00:00:00] Reading alignment from file: /home/fili/Documents/KIT/2023/BA/code/output/families/ssim_DL_s20_f100_sites200_GTR_bl1.0_d1.0_l1.0_t0.0_gc0.0_p0.0_pop10_ms0.0_mf0.0_seed42/families/family_005/alignment.msa
[00:00:00] Loaded alignment with 61 taxa and 100 sites

WARNING: Sequences 12_0_0 and 4_0_0 are exactly identical!
WARNING: Sequences 10_14_0 and 4_14_0 are exactly identical!
WARNING: Sequences 10_14_0 and 12_14_0 are exactly identical!
WARNING: Sequences 13_1_0 and 9_1_0 are exactly identical!
WARNING: Sequences 12_15_0 and 4_15_0 are exactly identical!
WARNING: Sequences 12_15_0 and 10_15_0 are exactly identical!
WARNING: Sequences 12_8_0 and 4_8_0 are exactly identical!
WARNING: Sequences 10_17_0 and 12_17_0 are exactly identical!
WARNING: Sequences 10_17_0 and 5_17_0 are exactly identical!
WARNING: Sequences 12_11_0 and 4_11_0 are exactly identical!
WARNING: Sequences 12_11_0 and 10_11_0 are exactly identical!
WARNING: Sequences 12_1_0 and 4_1_0 are exactly identical!
WARNING: Duplicate sequences found: 12

NOTE: Reduced alignment (with duplicates and gap-only sites/taxa removed) 
NOTE: was saved to: /home/fili/Documents/KIT/2023/BA/code/output/families/ssim_DL_s20_f100_sites200_GTR_bl1.0_d1.0_l1.0_t0.0_gc0.0_p0.0_pop10_ms0.0_mf0.0_seed42/families/family_005/misc/raxml_output.F81.raxml.reduced.phy

Alignment comprises 1 partitions and 83 patterns

Partition 0: noname
Model: F81+FO
Alignment sites / patterns: 100 / 83
Gaps: 0.00 %
Invariant sites: 20.00 %


NOTE: Binary MSA file created: /home/fili/Documents/KIT/2023/BA/code/output/families/ssim_DL_s20_f100_sites200_GTR_bl1.0_d1.0_l1.0_t0.0_gc0.0_p0.0_pop10_ms0.0_mf0.0_seed42/families/family_005/misc/raxml_output.F81.raxml.rba

Parallelization scheme autoconfig: 8 worker(s) x 1 thread(s)

Parallel reduction/worker buffer size: 1 KB  / 0 KB

[00:00:00] Generating 10 random starting tree(s) with 61 taxa
[00:00:00] Generating 10 parsimony starting tree(s) with 61 taxa
[00:00:00] Data distribution: max. partitions/sites/weight per thread: 1 / 83 / 332
[00:00:00] Data distribution: max. searches per worker: 3

Starting ML tree search with 20 distinct starting trees

[00:00:00 -4754.360812] Initial branch length optimization
[00:00:00 -4223.836732] Model parameter optimization (eps = 10.000000)
[00:00:00 -4118.008063] AUTODETECT spr round 1 (radius: 5)
[00:00:00 -2036.708904] AUTODETECT spr round 2 (radius: 10)
[00:00:00 -1784.682614] AUTODETECT spr round 3 (radius: 15)
[00:00:00 -1784.668016] SPR radius for FAST iterations: 10 (autodetect)
[00:00:00 -1784.668016] Model parameter optimization (eps = 3.000000)
[00:00:00 -1783.753740] FAST spr round 1 (radius: 10)
[00:00:00 -1702.889266] FAST spr round 2 (radius: 10)
[00:00:00 -1695.012461] FAST spr round 3 (radius: 10)
[00:00:00 -1695.009898] Model parameter optimization (eps = 1.000000)
[00:00:00 -1694.734422] SLOW spr round 1 (radius: 5)
[00:00:00 -1694.733832] SLOW spr round 2 (radius: 10)
[00:00:00 -1694.733775] SLOW spr round 3 (radius: 15)
[00:00:00 -1694.733761] SLOW spr round 4 (radius: 20)
[00:00:00] [worker #6] ML tree search #7, logLikelihood: -1699.386707
[00:00:00] [worker #7] ML tree search #8, logLikelihood: -1695.165690
[00:00:00 -1694.733757] SLOW spr round 5 (radius: 25)
[00:00:00] [worker #4] ML tree search #5, logLikelihood: -1696.897889
[00:00:00 -1694.733757] Model parameter optimization (eps = 0.100000)

[00:00:00] [worker #0] ML tree search #1, logLikelihood: -1694.732722

[00:00:00 -4487.338867] Initial branch length optimization
[00:00:00 -4004.815676] Model parameter optimization (eps = 10.000000)
[00:00:00 -3908.288341] AUTODETECT spr round 1 (radius: 5)
[00:00:00] [worker #2] ML tree search #3, logLikelihood: -1694.620022
[00:00:00 -2159.848044] AUTODETECT spr round 2 (radius: 10)
[00:00:00] [worker #1] ML tree search #2, logLikelihood: -1694.470538
[00:00:00 -1867.667928] AUTODETECT spr round 3 (radius: 15)
[00:00:00] [worker #3] ML tree search #4, logLikelihood: -1694.470562
[00:00:00 -1867.629707] SPR radius for FAST iterations: 10 (autodetect)
[00:00:00 -1867.629707] Model parameter optimization (eps = 3.000000)
[00:00:00 -1866.341281] FAST spr round 1 (radius: 10)
[00:00:00] [worker #5] ML tree search #6, logLikelihood: -1696.325446
[00:00:00 -1706.355080] FAST spr round 2 (radius: 10)
[00:00:00 -1702.418149] FAST spr round 3 (radius: 10)
[00:00:00 -1702.417667] Model parameter optimization (eps = 1.000000)
[00:00:00 -1702.322946] SLOW spr round 1 (radius: 5)
[00:00:00 -1699.924668] SLOW spr round 2 (radius: 5)
[00:00:00] [worker #6] ML tree search #15, logLikelihood: -1699.962835
[00:00:00 -1699.924565] SLOW spr round 3 (radius: 10)
[00:00:00 -1699.924565] SLOW spr round 4 (radius: 15)
[00:00:00] [worker #2] ML tree search #11, logLikelihood: -1695.273170
[00:00:00] [worker #4] ML tree search #13, logLikelihood: -1694.470441
[00:00:00] [worker #7] ML tree search #16, logLikelihood: -1694.740927
[00:00:00 -1699.924565] SLOW spr round 5 (radius: 20)
[00:00:00] [worker #3] ML tree search #12, logLikelihood: -1695.719747
[00:00:00 -1699.924565] SLOW spr round 6 (radius: 25)
[00:00:00 -1699.924565] Model parameter optimization (eps = 0.100000)

[00:00:00] [worker #0] ML tree search #9, logLikelihood: -1699.917730

[00:00:00 -2390.175965] Initial branch length optimization
[00:00:00 -1756.775485] Model parameter optimization (eps = 10.000000)
[00:00:00 -1712.410425] AUTODETECT spr round 1 (radius: 5)
[00:00:00 -1703.792888] AUTODETECT spr round 2 (radius: 10)
[00:00:00] [worker #1] ML tree search #10, logLikelihood: -1696.408814
[00:00:00 -1703.792367] SPR radius for FAST iterations: 5 (autodetect)
[00:00:00 -1703.792367] Model parameter optimization (eps = 3.000000)
[00:00:00 -1703.752236] FAST spr round 1 (radius: 5)
[00:00:00] [worker #5] ML tree search #14, logLikelihood: -1696.204004
[00:00:00 -1702.784205] FAST spr round 2 (radius: 5)
[00:00:00 -1702.784066] Model parameter optimization (eps = 1.000000)
[00:00:00 -1702.769882] SLOW spr round 1 (radius: 5)
[00:00:00 -1700.818063] SLOW spr round 2 (radius: 5)
[00:00:00 -1700.817297] SLOW spr round 3 (radius: 10)
[00:00:01] [worker #2] ML tree search #19, logLikelihood: -1695.914709
[00:00:01 -1700.234103] SLOW spr round 4 (radius: 5)
[00:00:01] [worker #3] ML tree search #20, logLikelihood: -1694.740863
[00:00:01 -1696.818180] SLOW spr round 5 (radius: 5)
[00:00:01] [worker #1] ML tree search #18, logLikelihood: -1694.470551
[00:00:01 -1696.818159] SLOW spr round 6 (radius: 10)
[00:00:01 -1696.818159] SLOW spr round 7 (radius: 15)
[00:00:01 -1696.818159] SLOW spr round 8 (radius: 20)
[00:00:01 -1696.818159] SLOW spr round 9 (radius: 25)
[00:00:01 -1696.818159] Model parameter optimization (eps = 0.100000)

[00:00:01] [worker #0] ML tree search #17, logLikelihood: -1696.745506


Optimized model parameters:

   Partition 0: noname
   Rate heterogeneity: NONE
   Base frequencies (ML): 0.352188 0.118297 0.352285 0.177230 
   Substitution rates (model): 1.000000 1.000000 1.000000 1.000000 1.000000 1.000000 


Final LogLikelihood: -1694.470441

AIC score: 3632.940883 / AICc score: 33644.940883 / BIC score: 3950.771645
Free parameters (model + branch lengths): 122

WARNING: Number of free parameters (K=122) is larger than alignment size (n=100).
         This might lead to overfitting and compromise tree inference results!


WARNING: Best ML tree contains 13 near-zero branches!

Best ML tree with collapsed near-zero branches saved to: /home/fili/Documents/KIT/2023/BA/code/output/families/ssim_DL_s20_f100_sites200_GTR_bl1.0_d1.0_l1.0_t0.0_gc0.0_p0.0_pop10_ms0.0_mf0.0_seed42/families/family_005/misc/raxml_output.F81.raxml.bestTreeCollapsed
Best ML tree saved to: /home/fili/Documents/KIT/2023/BA/code/output/families/ssim_DL_s20_f100_sites200_GTR_bl1.0_d1.0_l1.0_t0.0_gc0.0_p0.0_pop10_ms0.0_mf0.0_seed42/families/family_005/misc/raxml_output.F81.raxml.bestTree
All ML trees saved to: /home/fili/Documents/KIT/2023/BA/code/output/families/ssim_DL_s20_f100_sites200_GTR_bl1.0_d1.0_l1.0_t0.0_gc0.0_p0.0_pop10_ms0.0_mf0.0_seed42/families/family_005/misc/raxml_output.F81.raxml.mlTrees
Optimized model saved to: /home/fili/Documents/KIT/2023/BA/code/output/families/ssim_DL_s20_f100_sites200_GTR_bl1.0_d1.0_l1.0_t0.0_gc0.0_p0.0_pop10_ms0.0_mf0.0_seed42/families/family_005/misc/raxml_output.F81.raxml.bestModel

Execution log saved to: /home/fili/Documents/KIT/2023/BA/code/output/families/ssim_DL_s20_f100_sites200_GTR_bl1.0_d1.0_l1.0_t0.0_gc0.0_p0.0_pop10_ms0.0_mf0.0_seed42/families/family_005/misc/raxml_output.F81.raxml.log

Analysis started: 27-Jun-2023 12:59:30 / finished: 27-Jun-2023 12:59:31

Elapsed time: 1.369 seconds

