
RAxML-NG v. 1.1.0 released on 29.11.2021 by The Exelixis Lab.
Developed by: Alexey M. Kozlov and Alexandros Stamatakis.
Contributors: Diego Darriba, Tomas Flouri, Benoit Morel, Sarah Lutteropp, Ben Bettisworth.
Latest version: https://github.com/amkozlov/raxml-ng
Questions/problems/suggestions? Please visit: https://groups.google.com/forum/#!forum/raxml

System: AMD Ryzen 7 5800X 8-Core Processor, 8 cores, 31 GB RAM

RAxML-NG was called at 12-Jun-2023 12:41:06 as follows:

/home/fili/Documents/KIT/2023/BA/resources/tools/RAxML-NG/raxml-ng --msa /home/fili/Documents/KIT/2023/BA/code/output/families/ssim_dtl_s20_f100_sites200_GTR_bl1.0_d0.0_l0.0_t1.0_gc0.0_p0.0_pop10_ms0.0_mf0.0_seed42/families/family_026/alignment.msa --model GTR+G --prefix /home/fili/Documents/KIT/2023/BA/code/output/families/ssim_dtl_s20_f100_sites200_GTR_bl1.0_d0.0_l0.0_t1.0_gc0.0_p0.0_pop10_ms0.0_mf0.0_seed42/families/family_026/misc/raxml_output.GTR+G

Analysis options:
  run mode: ML tree search
  start tree(s): random (10) + parsimony (10)
  random seed: 1686566466
  tip-inner: OFF
  pattern compression: ON
  per-rate scalers: OFF
  site repeats: ON
  fast spr radius: AUTO
  spr subtree cutoff: 1.000000
  branch lengths: proportional (ML estimate, algorithm: NR-FAST)
  SIMD kernels: AVX2
  parallelization: coarse-grained (auto), PTHREADS (auto)

[00:00:00] Reading alignment from file: /home/fili/Documents/KIT/2023/BA/code/output/families/ssim_dtl_s20_f100_sites200_GTR_bl1.0_d0.0_l0.0_t1.0_gc0.0_p0.0_pop10_ms0.0_mf0.0_seed42/families/family_026/alignment.msa
[00:00:00] Loaded alignment with 20 taxa and 335 sites

WARNING: Sequences 9_0_0 and 13_0_0 are exactly identical!
WARNING: Sequences 4_0_0 and 12_0_0 are exactly identical!
WARNING: Sequences 3_0_0 and 2_0_0 are exactly identical!
WARNING: Sequences 3_0_0 and 1_0_0 are exactly identical!
WARNING: Duplicate sequences found: 4

NOTE: Reduced alignment (with duplicates and gap-only sites/taxa removed) 
NOTE: was saved to: /home/fili/Documents/KIT/2023/BA/code/output/families/ssim_dtl_s20_f100_sites200_GTR_bl1.0_d0.0_l0.0_t1.0_gc0.0_p0.0_pop10_ms0.0_mf0.0_seed42/families/family_026/misc/raxml_output.GTR+G.raxml.reduced.phy

Alignment comprises 1 partitions and 157 patterns

Partition 0: noname
Model: GTR+FO+G4m
Alignment sites / patterns: 335 / 157
Gaps: 0.00 %
Invariant sites: 43.28 %


NOTE: Binary MSA file created: /home/fili/Documents/KIT/2023/BA/code/output/families/ssim_dtl_s20_f100_sites200_GTR_bl1.0_d0.0_l0.0_t1.0_gc0.0_p0.0_pop10_ms0.0_mf0.0_seed42/families/family_026/misc/raxml_output.GTR+G.raxml.rba

Parallelization scheme autoconfig: 8 worker(s) x 1 thread(s)

Parallel reduction/worker buffer size: 1 KB  / 0 KB

[00:00:00] Generating 10 random starting tree(s) with 20 taxa
[00:00:00] Generating 10 parsimony starting tree(s) with 20 taxa
[00:00:00] Data distribution: max. partitions/sites/weight per thread: 1 / 157 / 2512
[00:00:00] Data distribution: max. searches per worker: 3

Starting ML tree search with 20 distinct starting trees

[00:00:00 -3964.049417] Initial branch length optimization
[00:00:00 -3513.626470] Model parameter optimization (eps = 10.000000)
[00:00:00 -2826.166735] AUTODETECT spr round 1 (radius: 5)
[00:00:00 -1959.623895] AUTODETECT spr round 2 (radius: 10)
[00:00:00 -1929.373632] AUTODETECT spr round 3 (radius: 15)
[00:00:00 -1929.372090] SPR radius for FAST iterations: 10 (autodetect)
[00:00:00 -1929.372090] Model parameter optimization (eps = 3.000000)
[00:00:00 -1907.909579] FAST spr round 1 (radius: 10)
[00:00:00 -1879.803152] FAST spr round 2 (radius: 10)
[00:00:00 -1879.756999] Model parameter optimization (eps = 1.000000)
[00:00:00 -1878.511894] SLOW spr round 1 (radius: 5)
[00:00:00] [worker #3] ML tree search #4, logLikelihood: -1878.463154
[00:00:00] [worker #2] ML tree search #3, logLikelihood: -1878.454791
[00:00:00] [worker #1] ML tree search #2, logLikelihood: -1878.462260
[00:00:00 -1878.509204] SLOW spr round 2 (radius: 10)
[00:00:00] [worker #4] ML tree search #5, logLikelihood: -1878.457498
[00:00:00] [worker #5] ML tree search #6, logLikelihood: -1878.454563
[00:00:00] [worker #6] ML tree search #7, logLikelihood: -1878.476819
[00:00:00 -1878.509190] SLOW spr round 3 (radius: 15)
[00:00:00 -1878.509190] SLOW spr round 4 (radius: 20)
[00:00:00 -1878.509190] Model parameter optimization (eps = 0.100000)

[00:00:00] [worker #0] ML tree search #1, logLikelihood: -1878.465974

[00:00:00 -3916.941186] Initial branch length optimization
[00:00:00 -3435.096768] Model parameter optimization (eps = 10.000000)
[00:00:00 -2789.494312] AUTODETECT spr round 1 (radius: 5)
[00:00:00] [worker #7] ML tree search #8, logLikelihood: -1878.453259
[00:00:00 -1912.699018] AUTODETECT spr round 2 (radius: 10)
[00:00:00 -1912.678982] SPR radius for FAST iterations: 5 (autodetect)
[00:00:00 -1912.678982] Model parameter optimization (eps = 3.000000)
[00:00:00 -1892.749408] FAST spr round 1 (radius: 5)
[00:00:00 -1881.046051] FAST spr round 2 (radius: 5)
[00:00:00] [worker #3] ML tree search #12, logLikelihood: -1878.448634
[00:00:00 -1880.640409] FAST spr round 3 (radius: 5)
[00:00:00 -1880.640387] Model parameter optimization (eps = 1.000000)
[00:00:00] [worker #4] ML tree search #13, logLikelihood: -1878.448389
[00:00:00 -1879.979850] SLOW spr round 1 (radius: 5)
[00:00:00] [worker #5] ML tree search #14, logLikelihood: -1878.448959
[00:00:00] [worker #2] ML tree search #11, logLikelihood: -1878.447270
[00:00:00 -1879.097631] SLOW spr round 2 (radius: 5)
[00:00:00] [worker #6] ML tree search #15, logLikelihood: -1878.448490
[00:00:00 -1878.871261] SLOW spr round 3 (radius: 5)
[00:00:00] [worker #7] ML tree search #16, logLikelihood: -1878.449370
[00:00:00] [worker #1] ML tree search #10, logLikelihood: -1878.453641
[00:00:00 -1878.598816] SLOW spr round 4 (radius: 5)
[00:00:00] [worker #3] ML tree search #20, logLikelihood: -1878.449050
[00:00:00] [worker #2] ML tree search #19, logLikelihood: -1878.448320
[00:00:00 -1878.598802] SLOW spr round 5 (radius: 10)
[00:00:00 -1878.598802] SLOW spr round 6 (radius: 15)
[00:00:00 -1878.598802] SLOW spr round 7 (radius: 20)
[00:00:00 -1878.598802] Model parameter optimization (eps = 0.100000)

[00:00:00] [worker #0] ML tree search #9, logLikelihood: -1878.450681

[00:00:00 -2608.107421] Initial branch length optimization
[00:00:00 -2227.943554] Model parameter optimization (eps = 10.000000)
[00:00:00 -1881.045135] AUTODETECT spr round 1 (radius: 5)
[00:00:00 -1880.836000] AUTODETECT spr round 2 (radius: 10)
[00:00:00 -1880.828975] SPR radius for FAST iterations: 5 (autodetect)
[00:00:00 -1880.828975] Model parameter optimization (eps = 3.000000)
[00:00:00 -1880.416268] FAST spr round 1 (radius: 5)
[00:00:00 -1879.046375] FAST spr round 2 (radius: 5)
[00:00:00 -1878.874578] FAST spr round 3 (radius: 5)
[00:00:00 -1878.557777] FAST spr round 4 (radius: 5)
[00:00:00] [worker #1] ML tree search #18, logLikelihood: -1878.450013
[00:00:00 -1878.557698] Model parameter optimization (eps = 1.000000)
[00:00:00 -1878.465696] SLOW spr round 1 (radius: 5)
[00:00:01 -1878.464224] SLOW spr round 2 (radius: 10)
[00:00:01 -1878.464211] SLOW spr round 3 (radius: 15)
[00:00:01 -1878.464211] SLOW spr round 4 (radius: 20)
[00:00:01 -1878.464211] Model parameter optimization (eps = 0.100000)

[00:00:01] [worker #0] ML tree search #17, logLikelihood: -1878.449659


Optimized model parameters:

   Partition 0: noname
   Rate heterogeneity: GAMMA (4 cats, mean),  alpha: 1.087374 (ML),  weights&rates: (0.250000,0.154050) (0.250000,0.501526) (0.250000,1.013093) (0.250000,2.331331) 
   Base frequencies (ML): 0.276951 0.233155 0.254208 0.235687 
   Substitution rates (ML): 3.763954 86.433520 1.786930 1.523262 11.667547 1.000000 


Final LogLikelihood: -1878.447270

AIC score: 3848.894540 / AICc score: 3863.908429 / BIC score: 4024.344544
Free parameters (model + branch lengths): 46

WARNING: Best ML tree contains 4 near-zero branches!

Best ML tree with collapsed near-zero branches saved to: /home/fili/Documents/KIT/2023/BA/code/output/families/ssim_dtl_s20_f100_sites200_GTR_bl1.0_d0.0_l0.0_t1.0_gc0.0_p0.0_pop10_ms0.0_mf0.0_seed42/families/family_026/misc/raxml_output.GTR+G.raxml.bestTreeCollapsed
Best ML tree saved to: /home/fili/Documents/KIT/2023/BA/code/output/families/ssim_dtl_s20_f100_sites200_GTR_bl1.0_d0.0_l0.0_t1.0_gc0.0_p0.0_pop10_ms0.0_mf0.0_seed42/families/family_026/misc/raxml_output.GTR+G.raxml.bestTree
All ML trees saved to: /home/fili/Documents/KIT/2023/BA/code/output/families/ssim_dtl_s20_f100_sites200_GTR_bl1.0_d0.0_l0.0_t1.0_gc0.0_p0.0_pop10_ms0.0_mf0.0_seed42/families/family_026/misc/raxml_output.GTR+G.raxml.mlTrees
Optimized model saved to: /home/fili/Documents/KIT/2023/BA/code/output/families/ssim_dtl_s20_f100_sites200_GTR_bl1.0_d0.0_l0.0_t1.0_gc0.0_p0.0_pop10_ms0.0_mf0.0_seed42/families/family_026/misc/raxml_output.GTR+G.raxml.bestModel

Execution log saved to: /home/fili/Documents/KIT/2023/BA/code/output/families/ssim_dtl_s20_f100_sites200_GTR_bl1.0_d0.0_l0.0_t1.0_gc0.0_p0.0_pop10_ms0.0_mf0.0_seed42/families/family_026/misc/raxml_output.GTR+G.raxml.log

Analysis started: 12-Jun-2023 12:41:06 / finished: 12-Jun-2023 12:41:07

Elapsed time: 1.065 seconds

