
RAxML-NG v. 1.1.0 released on 29.11.2021 by The Exelixis Lab.
Developed by: Alexey M. Kozlov and Alexandros Stamatakis.
Contributors: Diego Darriba, Tomas Flouri, Benoit Morel, Sarah Lutteropp, Ben Bettisworth.
Latest version: https://github.com/amkozlov/raxml-ng
Questions/problems/suggestions? Please visit: https://groups.google.com/forum/#!forum/raxml

System: AMD Ryzen 7 5800X 8-Core Processor, 8 cores, 31 GB RAM

RAxML-NG was called at 27-Jun-2023 13:03:57 as follows:

/home/fili/Documents/KIT/2023/BA/resources/tools/RAxML-NG/raxml-ng --msa /home/fili/Documents/KIT/2023/BA/code/output/families/ssim_DL_s20_f100_sites200_GTR_bl1.0_d1.0_l1.0_t0.0_gc0.0_p0.0_pop10_ms0.0_mf0.0_seed19732311/families/family_028/alignment.msa --model F81 --prefix /home/fili/Documents/KIT/2023/BA/code/output/families/ssim_DL_s20_f100_sites200_GTR_bl1.0_d1.0_l1.0_t0.0_gc0.0_p0.0_pop10_ms0.0_mf0.0_seed19732311/families/family_028/misc/raxml_output.F81

Analysis options:
  run mode: ML tree search
  start tree(s): random (10) + parsimony (10)
  random seed: 1687863837
  tip-inner: OFF
  pattern compression: ON
  per-rate scalers: OFF
  site repeats: ON
  fast spr radius: AUTO
  spr subtree cutoff: 1.000000
  branch lengths: proportional (ML estimate, algorithm: NR-FAST)
  SIMD kernels: AVX2
  parallelization: coarse-grained (auto), PTHREADS (auto)

[00:00:00] Reading alignment from file: /home/fili/Documents/KIT/2023/BA/code/output/families/ssim_DL_s20_f100_sites200_GTR_bl1.0_d1.0_l1.0_t0.0_gc0.0_p0.0_pop10_ms0.0_mf0.0_seed19732311/families/family_028/alignment.msa
[00:00:00] Loaded alignment with 9 taxa and 156 sites

Alignment comprises 1 partitions and 64 patterns

Partition 0: noname
Model: F81+FO
Alignment sites / patterns: 156 / 64
Gaps: 0.00 %
Invariant sites: 49.36 %


NOTE: Binary MSA file created: /home/fili/Documents/KIT/2023/BA/code/output/families/ssim_DL_s20_f100_sites200_GTR_bl1.0_d1.0_l1.0_t0.0_gc0.0_p0.0_pop10_ms0.0_mf0.0_seed19732311/families/family_028/misc/raxml_output.F81.raxml.rba

Parallelization scheme autoconfig: 8 worker(s) x 1 thread(s)

Parallel reduction/worker buffer size: 1 KB  / 0 KB

[00:00:00] Generating 10 random starting tree(s) with 9 taxa
[00:00:00] Generating 10 parsimony starting tree(s) with 9 taxa
[00:00:00] Data distribution: max. partitions/sites/weight per thread: 1 / 64 / 256
[00:00:00] Data distribution: max. searches per worker: 3

Starting ML tree search with 20 distinct starting trees

[00:00:00 -980.882427] Initial branch length optimization
[00:00:00 -864.544867] Model parameter optimization (eps = 10.000000)
[00:00:00 -864.163572] AUTODETECT spr round 1 (radius: 5)
[00:00:00 -716.982616] SPR radius for FAST iterations: 5 (autodetect)
[00:00:00 -716.982616] Model parameter optimization (eps = 3.000000)
[00:00:00 -716.387148] FAST spr round 1 (radius: 5)
[00:00:00 -715.294612] FAST spr round 2 (radius: 5)
[00:00:00 -715.294612] Model parameter optimization (eps = 1.000000)
[00:00:00] [worker #5] ML tree search #6, logLikelihood: -715.290100
[00:00:00] [worker #4] ML tree search #5, logLikelihood: -715.290100
[00:00:00 -715.290100] SLOW spr round 1 (radius: 5)
[00:00:00] [worker #7] ML tree search #8, logLikelihood: -715.290100
[00:00:00] [worker #1] ML tree search #2, logLikelihood: -715.290100
[00:00:00] [worker #6] ML tree search #7, logLikelihood: -715.290100
[00:00:00] [worker #3] ML tree search #4, logLikelihood: -715.290100
[00:00:00] [worker #2] ML tree search #3, logLikelihood: -715.290100
[00:00:00 -715.290100] Model parameter optimization (eps = 0.100000)

[00:00:00] [worker #0] ML tree search #1, logLikelihood: -715.290100

[00:00:00 -1066.152216] Initial branch length optimization
[00:00:00 -947.253404] Model parameter optimization (eps = 10.000000)
[00:00:00 -947.021703] AUTODETECT spr round 1 (radius: 5)
[00:00:00] [worker #5] ML tree search #14, logLikelihood: -715.290100
[00:00:00 -733.834115] SPR radius for FAST iterations: 5 (autodetect)
[00:00:00 -733.834115] Model parameter optimization (eps = 3.000000)
[00:00:00 -733.766000] FAST spr round 1 (radius: 5)
[00:00:00] [worker #4] ML tree search #13, logLikelihood: -715.290100
[00:00:00] [worker #6] ML tree search #15, logLikelihood: -715.290100
[00:00:00] [worker #1] ML tree search #10, logLikelihood: -715.290100
[00:00:00 -725.008001] FAST spr round 2 (radius: 5)
[00:00:00] [worker #3] ML tree search #12, logLikelihood: -715.290100
[00:00:00 -715.364645] FAST spr round 3 (radius: 5)
[00:00:00] [worker #7] ML tree search #16, logLikelihood: -715.290100
[00:00:00 -715.364645] Model parameter optimization (eps = 1.000000)
[00:00:00] [worker #2] ML tree search #11, logLikelihood: -715.290100
[00:00:00 -715.290110] SLOW spr round 1 (radius: 5)
[00:00:00 -715.290105] Model parameter optimization (eps = 0.100000)

[00:00:00] [worker #0] ML tree search #9, logLikelihood: -715.290102

[00:00:00] [worker #1] ML tree search #18, logLikelihood: -715.290100
[00:00:00] [worker #3] ML tree search #20, logLikelihood: -715.290100
[00:00:00 -783.605069] Initial branch length optimization
[00:00:00 -715.764276] Model parameter optimization (eps = 10.000000)
[00:00:00 -715.290246] AUTODETECT spr round 1 (radius: 5)
[00:00:00 -715.290139] SPR radius for FAST iterations: 5 (autodetect)
[00:00:00 -715.290139] Model parameter optimization (eps = 3.000000)
[00:00:00 -715.290100] FAST spr round 1 (radius: 5)
[00:00:00 -715.290100] Model parameter optimization (eps = 1.000000)
[00:00:00 -715.290100] SLOW spr round 1 (radius: 5)
[00:00:00 -715.290100] Model parameter optimization (eps = 0.100000)
[00:00:00] [worker #2] ML tree search #19, logLikelihood: -715.290100

[00:00:00] [worker #0] ML tree search #17, logLikelihood: -715.290100


Optimized model parameters:

   Partition 0: noname
   Rate heterogeneity: NONE
   Base frequencies (ML): 0.225427 0.259699 0.263942 0.250931 
   Substitution rates (model): 1.000000 1.000000 1.000000 1.000000 1.000000 1.000000 


Final LogLikelihood: -715.290100

AIC score: 1466.580199 / AICc score: 1471.572900 / BIC score: 1521.477607
Free parameters (model + branch lengths): 18

Best ML tree saved to: /home/fili/Documents/KIT/2023/BA/code/output/families/ssim_DL_s20_f100_sites200_GTR_bl1.0_d1.0_l1.0_t0.0_gc0.0_p0.0_pop10_ms0.0_mf0.0_seed19732311/families/family_028/misc/raxml_output.F81.raxml.bestTree
All ML trees saved to: /home/fili/Documents/KIT/2023/BA/code/output/families/ssim_DL_s20_f100_sites200_GTR_bl1.0_d1.0_l1.0_t0.0_gc0.0_p0.0_pop10_ms0.0_mf0.0_seed19732311/families/family_028/misc/raxml_output.F81.raxml.mlTrees
Optimized model saved to: /home/fili/Documents/KIT/2023/BA/code/output/families/ssim_DL_s20_f100_sites200_GTR_bl1.0_d1.0_l1.0_t0.0_gc0.0_p0.0_pop10_ms0.0_mf0.0_seed19732311/families/family_028/misc/raxml_output.F81.raxml.bestModel

Execution log saved to: /home/fili/Documents/KIT/2023/BA/code/output/families/ssim_DL_s20_f100_sites200_GTR_bl1.0_d1.0_l1.0_t0.0_gc0.0_p0.0_pop10_ms0.0_mf0.0_seed19732311/families/family_028/misc/raxml_output.F81.raxml.log

Analysis started: 27-Jun-2023 13:03:57 / finished: 27-Jun-2023 13:03:57

Elapsed time: 0.067 seconds

