
RAxML-NG v. 1.1.0 released on 29.11.2021 by The Exelixis Lab.
Developed by: Alexey M. Kozlov and Alexandros Stamatakis.
Contributors: Diego Darriba, Tomas Flouri, Benoit Morel, Sarah Lutteropp, Ben Bettisworth.
Latest version: https://github.com/amkozlov/raxml-ng
Questions/problems/suggestions? Please visit: https://groups.google.com/forum/#!forum/raxml

System: AMD Ryzen 7 5800X 8-Core Processor, 8 cores, 31 GB RAM

RAxML-NG was called at 21-Jun-2023 14:53:16 as follows:

/home/fili/Documents/KIT/2023/BA/resources/tools/RAxML-NG/raxml-ng --msa /home/fili/Documents/KIT/2023/BA/code/output/families/ssim_NE_s20_f100_sites200_GTR_bl1.0_d0.0_l0.0_t0.0_gc0.0_p0.0_pop10_ms0.0_mf0.0_seed19732311/families/family_001/alignment.msa --model F81 --prefix /home/fili/Documents/KIT/2023/BA/code/output/families/ssim_NE_s20_f100_sites200_GTR_bl1.0_d0.0_l0.0_t0.0_gc0.0_p0.0_pop10_ms0.0_mf0.0_seed19732311/families/family_001/misc/raxml_output.F81

Analysis options:
  run mode: ML tree search
  start tree(s): random (10) + parsimony (10)
  random seed: 1687351996
  tip-inner: OFF
  pattern compression: ON
  per-rate scalers: OFF
  site repeats: ON
  fast spr radius: AUTO
  spr subtree cutoff: 1.000000
  branch lengths: proportional (ML estimate, algorithm: NR-FAST)
  SIMD kernels: AVX2
  parallelization: coarse-grained (auto), PTHREADS (auto)

[00:00:00] Reading alignment from file: /home/fili/Documents/KIT/2023/BA/code/output/families/ssim_NE_s20_f100_sites200_GTR_bl1.0_d0.0_l0.0_t0.0_gc0.0_p0.0_pop10_ms0.0_mf0.0_seed19732311/families/family_001/alignment.msa
[00:00:00] Loaded alignment with 20 taxa and 279 sites

Alignment comprises 1 partitions and 168 patterns

Partition 0: noname
Model: F81+FO
Alignment sites / patterns: 279 / 168
Gaps: 0.00 %
Invariant sites: 30.11 %


NOTE: Binary MSA file created: /home/fili/Documents/KIT/2023/BA/code/output/families/ssim_NE_s20_f100_sites200_GTR_bl1.0_d0.0_l0.0_t0.0_gc0.0_p0.0_pop10_ms0.0_mf0.0_seed19732311/families/family_001/misc/raxml_output.F81.raxml.rba

Parallelization scheme autoconfig: 8 worker(s) x 1 thread(s)

Parallel reduction/worker buffer size: 1 KB  / 0 KB

[00:00:00] Generating 10 random starting tree(s) with 20 taxa
[00:00:00] Generating 10 parsimony starting tree(s) with 20 taxa
[00:00:00] Data distribution: max. partitions/sites/weight per thread: 1 / 168 / 672
[00:00:00] Data distribution: max. searches per worker: 3

Starting ML tree search with 20 distinct starting trees

[00:00:00 -4784.050956] Initial branch length optimization
[00:00:00 -4197.594507] Model parameter optimization (eps = 10.000000)
[00:00:00 -4136.134608] AUTODETECT spr round 1 (radius: 5)
[00:00:00 -2306.868949] AUTODETECT spr round 2 (radius: 10)
[00:00:00 -2306.868112] SPR radius for FAST iterations: 5 (autodetect)
[00:00:00 -2306.868112] Model parameter optimization (eps = 3.000000)
[00:00:00 -2301.794962] FAST spr round 1 (radius: 5)
[00:00:00 -2266.690529] FAST spr round 2 (radius: 5)
[00:00:00 -2233.554043] FAST spr round 3 (radius: 5)
[00:00:00 -2229.893557] FAST spr round 4 (radius: 5)
[00:00:00 -2229.893549] Model parameter optimization (eps = 1.000000)
[00:00:00 -2229.612280] SLOW spr round 1 (radius: 5)
[00:00:00] [worker #3] ML tree search #4, logLikelihood: -2229.611842
[00:00:00] [worker #1] ML tree search #2, logLikelihood: -2229.611842
[00:00:00] [worker #6] ML tree search #7, logLikelihood: -2229.611843
[00:00:00 -2229.612003] SLOW spr round 2 (radius: 10)
[00:00:00] [worker #5] ML tree search #6, logLikelihood: -2229.611847
[00:00:00] [worker #4] ML tree search #5, logLikelihood: -2229.611841
[00:00:00] [worker #7] ML tree search #8, logLikelihood: -2229.611841
[00:00:00] [worker #2] ML tree search #3, logLikelihood: -2229.611841
[00:00:00 -2229.612003] SLOW spr round 3 (radius: 15)
[00:00:00 -2229.612003] SLOW spr round 4 (radius: 20)
[00:00:00 -2229.612003] Model parameter optimization (eps = 0.100000)

[00:00:00] [worker #0] ML tree search #1, logLikelihood: -2229.611844

[00:00:00 -4558.053724] Initial branch length optimization
[00:00:00 -4030.685905] Model parameter optimization (eps = 10.000000)
[00:00:00 -3957.530484] AUTODETECT spr round 1 (radius: 5)
[00:00:00 -2245.020039] AUTODETECT spr round 2 (radius: 10)
[00:00:00 -2245.016581] SPR radius for FAST iterations: 5 (autodetect)
[00:00:00 -2245.016581] Model parameter optimization (eps = 3.000000)
[00:00:00 -2243.875234] FAST spr round 1 (radius: 5)
[00:00:00 -2229.616141] FAST spr round 2 (radius: 5)
[00:00:00 -2229.616123] Model parameter optimization (eps = 1.000000)
[00:00:00 -2229.611846] SLOW spr round 1 (radius: 5)
[00:00:00] [worker #6] ML tree search #15, logLikelihood: -2229.611842
[00:00:00] [worker #3] ML tree search #12, logLikelihood: -2229.611863
[00:00:00] [worker #5] ML tree search #14, logLikelihood: -2229.611842
[00:00:00] [worker #1] ML tree search #10, logLikelihood: -2229.611844
[00:00:00] [worker #7] ML tree search #16, logLikelihood: -2229.611842
[00:00:00] [worker #4] ML tree search #13, logLikelihood: -2229.611841
[00:00:00] [worker #2] ML tree search #11, logLikelihood: -2229.611842
[00:00:00 -2229.611844] SLOW spr round 2 (radius: 10)
[00:00:00 -2229.611843] SLOW spr round 3 (radius: 15)
[00:00:00 -2229.611843] SLOW spr round 4 (radius: 20)
[00:00:00 -2229.611843] Model parameter optimization (eps = 0.100000)

[00:00:00] [worker #0] ML tree search #9, logLikelihood: -2229.611843

[00:00:00 -2689.392577] Initial branch length optimization
[00:00:00 -2277.503327] Model parameter optimization (eps = 10.000000)
[00:00:00 -2229.818876] AUTODETECT spr round 1 (radius: 5)
[00:00:00 -2229.818653] SPR radius for FAST iterations: 5 (autodetect)
[00:00:00 -2229.818653] Model parameter optimization (eps = 3.000000)
[00:00:00 -2229.818629] FAST spr round 1 (radius: 5)
[00:00:00 -2229.734388] Model parameter optimization (eps = 1.000000)
[00:00:00 -2229.612187] SLOW spr round 1 (radius: 5)
[00:00:00] [worker #3] ML tree search #20, logLikelihood: -2229.611842
[00:00:00] [worker #1] ML tree search #18, logLikelihood: -2229.611841
[00:00:00 -2229.611939] SLOW spr round 2 (radius: 10)
[00:00:00] [worker #2] ML tree search #19, logLikelihood: -2229.611842
[00:00:00 -2229.611938] SLOW spr round 3 (radius: 15)
[00:00:00 -2229.611938] SLOW spr round 4 (radius: 20)
[00:00:00 -2229.611938] Model parameter optimization (eps = 0.100000)

[00:00:00] [worker #0] ML tree search #17, logLikelihood: -2229.611842


Optimized model parameters:

   Partition 0: noname
   Rate heterogeneity: NONE
   Base frequencies (ML): 0.310336 0.117899 0.337516 0.234250 
   Substitution rates (model): 1.000000 1.000000 1.000000 1.000000 1.000000 1.000000 


Final LogLikelihood: -2229.611841

AIC score: 4539.223682 / AICc score: 4553.005194 / BIC score: 4684.472153
Free parameters (model + branch lengths): 40

Best ML tree saved to: /home/fili/Documents/KIT/2023/BA/code/output/families/ssim_NE_s20_f100_sites200_GTR_bl1.0_d0.0_l0.0_t0.0_gc0.0_p0.0_pop10_ms0.0_mf0.0_seed19732311/families/family_001/misc/raxml_output.F81.raxml.bestTree
All ML trees saved to: /home/fili/Documents/KIT/2023/BA/code/output/families/ssim_NE_s20_f100_sites200_GTR_bl1.0_d0.0_l0.0_t0.0_gc0.0_p0.0_pop10_ms0.0_mf0.0_seed19732311/families/family_001/misc/raxml_output.F81.raxml.mlTrees
Optimized model saved to: /home/fili/Documents/KIT/2023/BA/code/output/families/ssim_NE_s20_f100_sites200_GTR_bl1.0_d0.0_l0.0_t0.0_gc0.0_p0.0_pop10_ms0.0_mf0.0_seed19732311/families/family_001/misc/raxml_output.F81.raxml.bestModel

Execution log saved to: /home/fili/Documents/KIT/2023/BA/code/output/families/ssim_NE_s20_f100_sites200_GTR_bl1.0_d0.0_l0.0_t0.0_gc0.0_p0.0_pop10_ms0.0_mf0.0_seed19732311/families/family_001/misc/raxml_output.F81.raxml.log

Analysis started: 21-Jun-2023 14:53:16 / finished: 21-Jun-2023 14:53:16

Elapsed time: 0.286 seconds

