
RAxML-NG v. 1.1.0 released on 29.11.2021 by The Exelixis Lab.
Developed by: Alexey M. Kozlov and Alexandros Stamatakis.
Contributors: Diego Darriba, Tomas Flouri, Benoit Morel, Sarah Lutteropp, Ben Bettisworth.
Latest version: https://github.com/amkozlov/raxml-ng
Questions/problems/suggestions? Please visit: https://groups.google.com/forum/#!forum/raxml

System: AMD Ryzen 7 5800X 8-Core Processor, 8 cores, 31 GB RAM

RAxML-NG was called at 12-Jun-2023 12:39:00 as follows:

/home/fili/Documents/KIT/2023/BA/resources/tools/RAxML-NG/raxml-ng --msa /home/fili/Documents/KIT/2023/BA/code/output/families/ssim_dtl_s20_f100_sites200_GTR_bl1.0_d0.0_l0.0_t1.0_gc0.0_p0.0_pop10_ms0.0_mf0.0_seed42/families/family_063/alignment.msa --model F81 --prefix /home/fili/Documents/KIT/2023/BA/code/output/families/ssim_dtl_s20_f100_sites200_GTR_bl1.0_d0.0_l0.0_t1.0_gc0.0_p0.0_pop10_ms0.0_mf0.0_seed42/families/family_063/misc/raxml_output.F81

Analysis options:
  run mode: ML tree search
  start tree(s): random (10) + parsimony (10)
  random seed: 1686566340
  tip-inner: OFF
  pattern compression: ON
  per-rate scalers: OFF
  site repeats: ON
  fast spr radius: AUTO
  spr subtree cutoff: 1.000000
  branch lengths: proportional (ML estimate, algorithm: NR-FAST)
  SIMD kernels: AVX2
  parallelization: coarse-grained (auto), PTHREADS (auto)

[00:00:00] Reading alignment from file: /home/fili/Documents/KIT/2023/BA/code/output/families/ssim_dtl_s20_f100_sites200_GTR_bl1.0_d0.0_l0.0_t1.0_gc0.0_p0.0_pop10_ms0.0_mf0.0_seed42/families/family_063/alignment.msa
[00:00:00] Loaded alignment with 20 taxa and 139 sites

WARNING: Sequences 4_0_0 and 12_0_0 are exactly identical!
WARNING: Sequences 4_0_0 and 10_0_0 are exactly identical!
WARNING: Sequences 13_0_0 and 9_0_0 are exactly identical!
WARNING: Sequences 3_0_0 and 2_0_0 are exactly identical!
WARNING: Sequences 3_0_0 and 1_0_0 are exactly identical!
WARNING: Duplicate sequences found: 5

NOTE: Reduced alignment (with duplicates and gap-only sites/taxa removed) 
NOTE: was saved to: /home/fili/Documents/KIT/2023/BA/code/output/families/ssim_dtl_s20_f100_sites200_GTR_bl1.0_d0.0_l0.0_t1.0_gc0.0_p0.0_pop10_ms0.0_mf0.0_seed42/families/family_063/misc/raxml_output.F81.raxml.reduced.phy

Alignment comprises 1 partitions and 82 patterns

Partition 0: noname
Model: F81+FO
Alignment sites / patterns: 139 / 82
Gaps: 0.00 %
Invariant sites: 35.97 %


NOTE: Binary MSA file created: /home/fili/Documents/KIT/2023/BA/code/output/families/ssim_dtl_s20_f100_sites200_GTR_bl1.0_d0.0_l0.0_t1.0_gc0.0_p0.0_pop10_ms0.0_mf0.0_seed42/families/family_063/misc/raxml_output.F81.raxml.rba

Parallelization scheme autoconfig: 8 worker(s) x 1 thread(s)

Parallel reduction/worker buffer size: 1 KB  / 0 KB

[00:00:00] Generating 10 random starting tree(s) with 20 taxa
[00:00:00] Generating 10 parsimony starting tree(s) with 20 taxa
[00:00:00] Data distribution: max. partitions/sites/weight per thread: 1 / 82 / 328
[00:00:00] Data distribution: max. searches per worker: 3

Starting ML tree search with 20 distinct starting trees

[00:00:00 -1858.957876] Initial branch length optimization
[00:00:00 -1625.744619] Model parameter optimization (eps = 10.000000)
[00:00:00 -1562.907050] AUTODETECT spr round 1 (radius: 5)
[00:00:00 -937.271357] AUTODETECT spr round 2 (radius: 10)
[00:00:00 -937.271325] SPR radius for FAST iterations: 5 (autodetect)
[00:00:00 -937.271325] Model parameter optimization (eps = 3.000000)
[00:00:00 -936.115340] FAST spr round 1 (radius: 5)
[00:00:00 -897.331941] FAST spr round 2 (radius: 5)
[00:00:00 -897.331938] Model parameter optimization (eps = 1.000000)
[00:00:00 -897.222018] SLOW spr round 1 (radius: 5)
[00:00:00] [worker #5] ML tree search #6, logLikelihood: -897.221947
[00:00:00] [worker #7] ML tree search #8, logLikelihood: -897.221944
[00:00:00 -897.221974] SLOW spr round 2 (radius: 10)
[00:00:00] [worker #3] ML tree search #4, logLikelihood: -897.221944
[00:00:00] [worker #4] ML tree search #5, logLikelihood: -897.221946
[00:00:00 -897.221974] SLOW spr round 3 (radius: 15)
[00:00:00 -897.221974] SLOW spr round 4 (radius: 20)
[00:00:00 -897.221974] Model parameter optimization (eps = 0.100000)

[00:00:00] [worker #0] ML tree search #1, logLikelihood: -897.221944

[00:00:00] [worker #1] ML tree search #2, logLikelihood: -897.221944
[00:00:00 -1743.793304] Initial branch length optimization
[00:00:00 -1528.468940] Model parameter optimization (eps = 10.000000)
[00:00:00] [worker #2] ML tree search #3, logLikelihood: -897.221947
[00:00:00] [worker #6] ML tree search #7, logLikelihood: -897.221944
[00:00:00 -1463.129767] AUTODETECT spr round 1 (radius: 5)
[00:00:00] [worker #5] ML tree search #14, logLikelihood: -897.221944
[00:00:00 -947.848963] AUTODETECT spr round 2 (radius: 10)
[00:00:00 -931.250917] AUTODETECT spr round 3 (radius: 15)
[00:00:00 -931.250908] SPR radius for FAST iterations: 10 (autodetect)
[00:00:00 -931.250908] Model parameter optimization (eps = 3.000000)
[00:00:00 -929.850558] FAST spr round 1 (radius: 10)
[00:00:00] [worker #7] ML tree search #16, logLikelihood: -897.221944
[00:00:00] [worker #3] ML tree search #12, logLikelihood: -897.221944
[00:00:00 -897.282344] FAST spr round 2 (radius: 10)
[00:00:00] [worker #4] ML tree search #13, logLikelihood: -897.221944
[00:00:00 -897.282344] Model parameter optimization (eps = 1.000000)
[00:00:00 -897.222135] SLOW spr round 1 (radius: 5)
[00:00:00 -897.222024] SLOW spr round 2 (radius: 10)
[00:00:00] [worker #3] ML tree search #20, logLikelihood: -897.221944
[00:00:00] [worker #2] ML tree search #11, logLikelihood: -897.221944
[00:00:00] [worker #6] ML tree search #15, logLikelihood: -897.221944
[00:00:00 -897.222024] SLOW spr round 3 (radius: 15)
[00:00:00 -897.222024] SLOW spr round 4 (radius: 20)
[00:00:00 -897.222024] Model parameter optimization (eps = 0.100000)

[00:00:00] [worker #0] ML tree search #9, logLikelihood: -897.221944

[00:00:00 -1215.831452] Initial branch length optimization
[00:00:00 -927.936559] Model parameter optimization (eps = 10.000000)
[00:00:00 -897.208631] AUTODETECT spr round 1 (radius: 5)
[00:00:00 -897.208467] SPR radius for FAST iterations: 5 (autodetect)
[00:00:00 -897.208467] Model parameter optimization (eps = 3.000000)
[00:00:00] [worker #1] ML tree search #10, logLikelihood: -897.221944
[00:00:00 -897.208455] FAST spr round 1 (radius: 5)
[00:00:00 -897.208455] Model parameter optimization (eps = 1.000000)
[00:00:00 -897.208455] SLOW spr round 1 (radius: 5)
[00:00:00] [worker #2] ML tree search #19, logLikelihood: -897.221944
[00:00:00 -897.208455] SLOW spr round 2 (radius: 10)
[00:00:00 -897.208455] SLOW spr round 3 (radius: 15)
[00:00:00 -897.208455] SLOW spr round 4 (radius: 20)
[00:00:00 -897.208455] Model parameter optimization (eps = 0.100000)

[00:00:00] [worker #0] ML tree search #17, logLikelihood: -897.208455

[00:00:00] [worker #1] ML tree search #18, logLikelihood: -897.221945

Optimized model parameters:

   Partition 0: noname
   Rate heterogeneity: NONE
   Base frequencies (ML): 0.386104 0.127187 0.330342 0.156367 
   Substitution rates (model): 1.000000 1.000000 1.000000 1.000000 1.000000 1.000000 


Final LogLikelihood: -897.208455

AIC score: 1874.416911 / AICc score: 1907.886298 / BIC score: 1991.795868
Free parameters (model + branch lengths): 40

WARNING: Best ML tree contains 2 near-zero branches!

Best ML tree with collapsed near-zero branches saved to: /home/fili/Documents/KIT/2023/BA/code/output/families/ssim_dtl_s20_f100_sites200_GTR_bl1.0_d0.0_l0.0_t1.0_gc0.0_p0.0_pop10_ms0.0_mf0.0_seed42/families/family_063/misc/raxml_output.F81.raxml.bestTreeCollapsed
Best ML tree saved to: /home/fili/Documents/KIT/2023/BA/code/output/families/ssim_dtl_s20_f100_sites200_GTR_bl1.0_d0.0_l0.0_t1.0_gc0.0_p0.0_pop10_ms0.0_mf0.0_seed42/families/family_063/misc/raxml_output.F81.raxml.bestTree
All ML trees saved to: /home/fili/Documents/KIT/2023/BA/code/output/families/ssim_dtl_s20_f100_sites200_GTR_bl1.0_d0.0_l0.0_t1.0_gc0.0_p0.0_pop10_ms0.0_mf0.0_seed42/families/family_063/misc/raxml_output.F81.raxml.mlTrees
Optimized model saved to: /home/fili/Documents/KIT/2023/BA/code/output/families/ssim_dtl_s20_f100_sites200_GTR_bl1.0_d0.0_l0.0_t1.0_gc0.0_p0.0_pop10_ms0.0_mf0.0_seed42/families/family_063/misc/raxml_output.F81.raxml.bestModel

Execution log saved to: /home/fili/Documents/KIT/2023/BA/code/output/families/ssim_dtl_s20_f100_sites200_GTR_bl1.0_d0.0_l0.0_t1.0_gc0.0_p0.0_pop10_ms0.0_mf0.0_seed42/families/family_063/misc/raxml_output.F81.raxml.log

Analysis started: 12-Jun-2023 12:39:00 / finished: 12-Jun-2023 12:39:01

Elapsed time: 0.274 seconds

