
RAxML-NG v. 1.1.0 released on 29.11.2021 by The Exelixis Lab.
Developed by: Alexey M. Kozlov and Alexandros Stamatakis.
Contributors: Diego Darriba, Tomas Flouri, Benoit Morel, Sarah Lutteropp, Ben Bettisworth.
Latest version: https://github.com/amkozlov/raxml-ng
Questions/problems/suggestions? Please visit: https://groups.google.com/forum/#!forum/raxml

System: AMD Ryzen 7 5800X 8-Core Processor, 8 cores, 31 GB RAM

RAxML-NG was called at 27-Jun-2023 13:51:57 as follows:

/home/fili/Documents/KIT/2023/BA/resources/tools/RAxML-NG/raxml-ng --msa /home/fili/Documents/KIT/2023/BA/code/output/families/ssim_NE_s20_f100_sites200_GTR_bl1.0_d0.0_l0.0_t0.0_gc0.0_p0.0_pop10_ms0.0_mf0.0_seed14976684177860080345/families/family_036/alignment.msa --model F81 --prefix /home/fili/Documents/KIT/2023/BA/code/output/families/ssim_NE_s20_f100_sites200_GTR_bl1.0_d0.0_l0.0_t0.0_gc0.0_p0.0_pop10_ms0.0_mf0.0_seed14976684177860080345/families/family_036/misc/raxml_output.F81

Analysis options:
  run mode: ML tree search
  start tree(s): random (10) + parsimony (10)
  random seed: 1687866717
  tip-inner: OFF
  pattern compression: ON
  per-rate scalers: OFF
  site repeats: ON
  fast spr radius: AUTO
  spr subtree cutoff: 1.000000
  branch lengths: proportional (ML estimate, algorithm: NR-FAST)
  SIMD kernels: AVX2
  parallelization: coarse-grained (auto), PTHREADS (auto)

[00:00:00] Reading alignment from file: /home/fili/Documents/KIT/2023/BA/code/output/families/ssim_NE_s20_f100_sites200_GTR_bl1.0_d0.0_l0.0_t0.0_gc0.0_p0.0_pop10_ms0.0_mf0.0_seed14976684177860080345/families/family_036/alignment.msa
[00:00:00] Loaded alignment with 20 taxa and 216 sites

Alignment comprises 1 partitions and 114 patterns

Partition 0: noname
Model: F81+FO
Alignment sites / patterns: 216 / 114
Gaps: 0.00 %
Invariant sites: 30.09 %


NOTE: Binary MSA file created: /home/fili/Documents/KIT/2023/BA/code/output/families/ssim_NE_s20_f100_sites200_GTR_bl1.0_d0.0_l0.0_t0.0_gc0.0_p0.0_pop10_ms0.0_mf0.0_seed14976684177860080345/families/family_036/misc/raxml_output.F81.raxml.rba

Parallelization scheme autoconfig: 8 worker(s) x 1 thread(s)

Parallel reduction/worker buffer size: 1 KB  / 0 KB

[00:00:00] Generating 10 random starting tree(s) with 20 taxa
[00:00:00] Generating 10 parsimony starting tree(s) with 20 taxa
[00:00:00] Data distribution: max. partitions/sites/weight per thread: 1 / 114 / 456
[00:00:00] Data distribution: max. searches per worker: 3

Starting ML tree search with 20 distinct starting trees

[00:00:00 -3338.118649] Initial branch length optimization
[00:00:00 -2791.946806] Model parameter optimization (eps = 10.000000)
[00:00:00 -2733.247331] AUTODETECT spr round 1 (radius: 5)
[00:00:00 -1586.397675] AUTODETECT spr round 2 (radius: 10)
[00:00:00 -1586.397332] SPR radius for FAST iterations: 5 (autodetect)
[00:00:00 -1586.397332] Model parameter optimization (eps = 3.000000)
[00:00:00 -1583.137407] FAST spr round 1 (radius: 5)
[00:00:00 -1495.204860] FAST spr round 2 (radius: 5)
[00:00:00 -1494.490361] FAST spr round 3 (radius: 5)
[00:00:00 -1494.335033] FAST spr round 4 (radius: 5)
[00:00:00] [worker #2] ML tree search #3, logLikelihood: -1494.226105
[00:00:00] [worker #3] ML tree search #4, logLikelihood: -1494.210214
[00:00:00 -1494.334994] Model parameter optimization (eps = 1.000000)
[00:00:00 -1494.210473] SLOW spr round 1 (radius: 5)
[00:00:00] [worker #1] ML tree search #2, logLikelihood: -1494.210213
[00:00:00] [worker #5] ML tree search #6, logLikelihood: -1494.210214
[00:00:00] [worker #7] ML tree search #8, logLikelihood: -1494.226105
[00:00:00] [worker #4] ML tree search #5, logLikelihood: -1494.210261
[00:00:00 -1494.210362] SLOW spr round 2 (radius: 10)
[00:00:00] [worker #2] ML tree search #11, logLikelihood: -1494.210213
[00:00:00 -1494.210362] SLOW spr round 3 (radius: 15)
[00:00:00 -1494.210362] SLOW spr round 4 (radius: 20)
[00:00:00 -1494.210362] Model parameter optimization (eps = 0.100000)

[00:00:00] [worker #0] ML tree search #1, logLikelihood: -1494.210246

[00:00:00 -3502.785740] Initial branch length optimization
[00:00:00 -2889.442806] Model parameter optimization (eps = 10.000000)
[00:00:00 -2821.331539] AUTODETECT spr round 1 (radius: 5)
[00:00:00] [worker #5] ML tree search #14, logLikelihood: -1494.226104
[00:00:00 -1541.940192] AUTODETECT spr round 2 (radius: 10)
[00:00:00] [worker #1] ML tree search #10, logLikelihood: -1494.979314
[00:00:00] [worker #3] ML tree search #12, logLikelihood: -1494.226105
[00:00:00] [worker #6] ML tree search #7, logLikelihood: -1494.210254
[00:00:00 -1541.939804] SPR radius for FAST iterations: 5 (autodetect)
[00:00:00 -1541.939804] Model parameter optimization (eps = 3.000000)
[00:00:00 -1540.414920] FAST spr round 1 (radius: 5)
[00:00:00] [worker #4] ML tree search #13, logLikelihood: -1494.210212
[00:00:00 -1502.787856] FAST spr round 2 (radius: 5)
[00:00:00] [worker #7] ML tree search #16, logLikelihood: -1494.226106
[00:00:00 -1494.269847] FAST spr round 3 (radius: 5)
[00:00:00 -1494.269543] Model parameter optimization (eps = 1.000000)
[00:00:00 -1494.210278] SLOW spr round 1 (radius: 5)
[00:00:00] [worker #1] ML tree search #18, logLikelihood: -1494.210212
[00:00:00] [worker #2] ML tree search #19, logLikelihood: -1494.226106
[00:00:00 -1494.210258] SLOW spr round 2 (radius: 10)
[00:00:00] [worker #3] ML tree search #20, logLikelihood: -1494.226770
[00:00:00 -1494.210258] SLOW spr round 3 (radius: 15)
[00:00:00 -1494.210258] SLOW spr round 4 (radius: 20)
[00:00:00 -1494.210258] Model parameter optimization (eps = 0.100000)

[00:00:00] [worker #0] ML tree search #9, logLikelihood: -1494.210212

[00:00:00 -1957.865457] Initial branch length optimization
[00:00:00 -1543.574557] Model parameter optimization (eps = 10.000000)
[00:00:00 -1501.766483] AUTODETECT spr round 1 (radius: 5)
[00:00:00 -1497.628525] AUTODETECT spr round 2 (radius: 10)
[00:00:00 -1497.626772] SPR radius for FAST iterations: 5 (autodetect)
[00:00:00 -1497.626772] Model parameter optimization (eps = 3.000000)
[00:00:00 -1497.608296] FAST spr round 1 (radius: 5)
[00:00:00] [worker #6] ML tree search #15, logLikelihood: -1494.210212
[00:00:00 -1495.867597] FAST spr round 2 (radius: 5)
[00:00:00 -1495.819714] Model parameter optimization (eps = 1.000000)
[00:00:00 -1495.662534] SLOW spr round 1 (radius: 5)
[00:00:00 -1494.226533] SLOW spr round 2 (radius: 5)
[00:00:00 -1494.226533] SLOW spr round 3 (radius: 10)
[00:00:00 -1494.226533] SLOW spr round 4 (radius: 15)
[00:00:00 -1494.226533] SLOW spr round 5 (radius: 20)
[00:00:00 -1494.226533] Model parameter optimization (eps = 0.100000)

[00:00:00] [worker #0] ML tree search #17, logLikelihood: -1494.226105


Optimized model parameters:

   Partition 0: noname
   Rate heterogeneity: NONE
   Base frequencies (ML): 0.311949 0.136292 0.382312 0.169447 
   Substitution rates (model): 1.000000 1.000000 1.000000 1.000000 1.000000 1.000000 


Final LogLikelihood: -1494.210212

AIC score: 3068.420424 / AICc score: 3087.163281 / BIC score: 3203.431560
Free parameters (model + branch lengths): 40

WARNING: Best ML tree contains 2 near-zero branches!

Best ML tree with collapsed near-zero branches saved to: /home/fili/Documents/KIT/2023/BA/code/output/families/ssim_NE_s20_f100_sites200_GTR_bl1.0_d0.0_l0.0_t0.0_gc0.0_p0.0_pop10_ms0.0_mf0.0_seed14976684177860080345/families/family_036/misc/raxml_output.F81.raxml.bestTreeCollapsed
Best ML tree saved to: /home/fili/Documents/KIT/2023/BA/code/output/families/ssim_NE_s20_f100_sites200_GTR_bl1.0_d0.0_l0.0_t0.0_gc0.0_p0.0_pop10_ms0.0_mf0.0_seed14976684177860080345/families/family_036/misc/raxml_output.F81.raxml.bestTree
All ML trees saved to: /home/fili/Documents/KIT/2023/BA/code/output/families/ssim_NE_s20_f100_sites200_GTR_bl1.0_d0.0_l0.0_t0.0_gc0.0_p0.0_pop10_ms0.0_mf0.0_seed14976684177860080345/families/family_036/misc/raxml_output.F81.raxml.mlTrees
Optimized model saved to: /home/fili/Documents/KIT/2023/BA/code/output/families/ssim_NE_s20_f100_sites200_GTR_bl1.0_d0.0_l0.0_t0.0_gc0.0_p0.0_pop10_ms0.0_mf0.0_seed14976684177860080345/families/family_036/misc/raxml_output.F81.raxml.bestModel

Execution log saved to: /home/fili/Documents/KIT/2023/BA/code/output/families/ssim_NE_s20_f100_sites200_GTR_bl1.0_d0.0_l0.0_t0.0_gc0.0_p0.0_pop10_ms0.0_mf0.0_seed14976684177860080345/families/family_036/misc/raxml_output.F81.raxml.log

Analysis started: 27-Jun-2023 13:51:57 / finished: 27-Jun-2023 13:51:58

Elapsed time: 0.383 seconds

