
RAxML-NG v. 1.1.0 released on 29.11.2021 by The Exelixis Lab.
Developed by: Alexey M. Kozlov and Alexandros Stamatakis.
Contributors: Diego Darriba, Tomas Flouri, Benoit Morel, Sarah Lutteropp, Ben Bettisworth.
Latest version: https://github.com/amkozlov/raxml-ng
Questions/problems/suggestions? Please visit: https://groups.google.com/forum/#!forum/raxml

System: AMD Ryzen 7 5800X 8-Core Processor, 8 cores, 31 GB RAM

RAxML-NG was called at 27-Jun-2023 13:01:43 as follows:

/home/fili/Documents/KIT/2023/BA/resources/tools/RAxML-NG/raxml-ng --msa /home/fili/Documents/KIT/2023/BA/code/output/families/ssim_DL_s20_f100_sites200_GTR_bl1.0_d1.0_l1.0_t0.0_gc0.0_p0.0_pop10_ms0.0_mf0.0_seed1007/families/family_077/alignment.msa --model F81 --prefix /home/fili/Documents/KIT/2023/BA/code/output/families/ssim_DL_s20_f100_sites200_GTR_bl1.0_d1.0_l1.0_t0.0_gc0.0_p0.0_pop10_ms0.0_mf0.0_seed1007/families/family_077/misc/raxml_output.F81

Analysis options:
  run mode: ML tree search
  start tree(s): random (10) + parsimony (10)
  random seed: 1687863703
  tip-inner: OFF
  pattern compression: ON
  per-rate scalers: OFF
  site repeats: ON
  fast spr radius: AUTO
  spr subtree cutoff: 1.000000
  branch lengths: proportional (ML estimate, algorithm: NR-FAST)
  SIMD kernels: AVX2
  parallelization: coarse-grained (auto), PTHREADS (auto)

[00:00:00] Reading alignment from file: /home/fili/Documents/KIT/2023/BA/code/output/families/ssim_DL_s20_f100_sites200_GTR_bl1.0_d1.0_l1.0_t0.0_gc0.0_p0.0_pop10_ms0.0_mf0.0_seed1007/families/family_077/alignment.msa
[00:00:00] Loaded alignment with 9 taxa and 180 sites

WARNING: Sequences 19_0_0 and 12_0_0 are exactly identical!
WARNING: Duplicate sequences found: 1

NOTE: Reduced alignment (with duplicates and gap-only sites/taxa removed) 
NOTE: was saved to: /home/fili/Documents/KIT/2023/BA/code/output/families/ssim_DL_s20_f100_sites200_GTR_bl1.0_d1.0_l1.0_t0.0_gc0.0_p0.0_pop10_ms0.0_mf0.0_seed1007/families/family_077/misc/raxml_output.F81.raxml.reduced.phy

Alignment comprises 1 partitions and 43 patterns

Partition 0: noname
Model: F81+FO
Alignment sites / patterns: 180 / 43
Gaps: 0.00 %
Invariant sites: 66.11 %


NOTE: Binary MSA file created: /home/fili/Documents/KIT/2023/BA/code/output/families/ssim_DL_s20_f100_sites200_GTR_bl1.0_d1.0_l1.0_t0.0_gc0.0_p0.0_pop10_ms0.0_mf0.0_seed1007/families/family_077/misc/raxml_output.F81.raxml.rba

Parallelization scheme autoconfig: 8 worker(s) x 1 thread(s)

Parallel reduction/worker buffer size: 1 KB  / 0 KB

[00:00:00] Generating 10 random starting tree(s) with 9 taxa
[00:00:00] Generating 10 parsimony starting tree(s) with 9 taxa
[00:00:00] Data distribution: max. partitions/sites/weight per thread: 1 / 43 / 172
[00:00:00] Data distribution: max. searches per worker: 3

Starting ML tree search with 20 distinct starting trees

[00:00:00 -914.886920] Initial branch length optimization
[00:00:00 -786.026392] Model parameter optimization (eps = 10.000000)
[00:00:00 -774.966467] AUTODETECT spr round 1 (radius: 5)
[00:00:00 -617.466118] SPR radius for FAST iterations: 5 (autodetect)
[00:00:00 -617.466118] Model parameter optimization (eps = 3.000000)
[00:00:00 -616.718953] FAST spr round 1 (radius: 5)
[00:00:00 -616.718893] Model parameter optimization (eps = 1.000000)
[00:00:00 -616.718871] SLOW spr round 1 (radius: 5)
[00:00:00] [worker #4] ML tree search #5, logLikelihood: -616.718871
[00:00:00] [worker #5] ML tree search #6, logLikelihood: -616.718871
[00:00:00] [worker #2] ML tree search #3, logLikelihood: -616.718871
[00:00:00] [worker #7] ML tree search #8, logLikelihood: -616.718871
[00:00:00 -616.718871] Model parameter optimization (eps = 0.100000)
[00:00:00] [worker #3] ML tree search #4, logLikelihood: -616.718871

[00:00:00] [worker #0] ML tree search #1, logLikelihood: -616.718871

[00:00:00] [worker #6] ML tree search #7, logLikelihood: -616.718871
[00:00:00] [worker #1] ML tree search #2, logLikelihood: -616.718872
[00:00:00 -914.932814] Initial branch length optimization
[00:00:00 -782.610451] Model parameter optimization (eps = 10.000000)
[00:00:00 -771.482829] AUTODETECT spr round 1 (radius: 5)
[00:00:00 -617.559991] SPR radius for FAST iterations: 5 (autodetect)
[00:00:00 -617.559991] Model parameter optimization (eps = 3.000000)
[00:00:00 -616.718968] FAST spr round 1 (radius: 5)
[00:00:00 -616.718898] Model parameter optimization (eps = 1.000000)
[00:00:00 -616.718871] SLOW spr round 1 (radius: 5)
[00:00:00] [worker #4] ML tree search #13, logLikelihood: -616.718871
[00:00:00] [worker #5] ML tree search #14, logLikelihood: -616.718871
[00:00:00] [worker #2] ML tree search #11, logLikelihood: -616.718871
[00:00:00] [worker #3] ML tree search #12, logLikelihood: -616.718871
[00:00:00] [worker #7] ML tree search #16, logLikelihood: -616.718871
[00:00:00] [worker #6] ML tree search #15, logLikelihood: -616.718871
[00:00:00 -616.718871] Model parameter optimization (eps = 0.100000)

[00:00:00] [worker #0] ML tree search #9, logLikelihood: -616.718871

[00:00:00] [worker #1] ML tree search #10, logLikelihood: -616.718871
[00:00:00 -755.567868] Initial branch length optimization
[00:00:00 -622.147312] Model parameter optimization (eps = 10.000000)
[00:00:00 -616.719070] AUTODETECT spr round 1 (radius: 5)
[00:00:00 -616.718942] SPR radius for FAST iterations: 5 (autodetect)
[00:00:00 -616.718942] Model parameter optimization (eps = 3.000000)
[00:00:00 -616.718871] FAST spr round 1 (radius: 5)
[00:00:00 -616.718871] Model parameter optimization (eps = 1.000000)
[00:00:00 -616.718871] SLOW spr round 1 (radius: 5)
[00:00:00] [worker #3] ML tree search #20, logLikelihood: -616.718871
[00:00:00] [worker #2] ML tree search #19, logLikelihood: -616.718871
[00:00:00 -616.718871] Model parameter optimization (eps = 0.100000)
[00:00:00] [worker #1] ML tree search #18, logLikelihood: -616.718871

[00:00:00] [worker #0] ML tree search #17, logLikelihood: -616.718871


Optimized model parameters:

   Partition 0: noname
   Rate heterogeneity: NONE
   Base frequencies (ML): 0.275007 0.186446 0.320574 0.217974 
   Substitution rates (model): 1.000000 1.000000 1.000000 1.000000 1.000000 1.000000 


Final LogLikelihood: -616.718871

AIC score: 1269.437741 / AICc score: 1273.686189 / BIC score: 1326.910965
Free parameters (model + branch lengths): 18

WARNING: Best ML tree contains 1 near-zero branches!

Best ML tree with collapsed near-zero branches saved to: /home/fili/Documents/KIT/2023/BA/code/output/families/ssim_DL_s20_f100_sites200_GTR_bl1.0_d1.0_l1.0_t0.0_gc0.0_p0.0_pop10_ms0.0_mf0.0_seed1007/families/family_077/misc/raxml_output.F81.raxml.bestTreeCollapsed
Best ML tree saved to: /home/fili/Documents/KIT/2023/BA/code/output/families/ssim_DL_s20_f100_sites200_GTR_bl1.0_d1.0_l1.0_t0.0_gc0.0_p0.0_pop10_ms0.0_mf0.0_seed1007/families/family_077/misc/raxml_output.F81.raxml.bestTree
All ML trees saved to: /home/fili/Documents/KIT/2023/BA/code/output/families/ssim_DL_s20_f100_sites200_GTR_bl1.0_d1.0_l1.0_t0.0_gc0.0_p0.0_pop10_ms0.0_mf0.0_seed1007/families/family_077/misc/raxml_output.F81.raxml.mlTrees
Optimized model saved to: /home/fili/Documents/KIT/2023/BA/code/output/families/ssim_DL_s20_f100_sites200_GTR_bl1.0_d1.0_l1.0_t0.0_gc0.0_p0.0_pop10_ms0.0_mf0.0_seed1007/families/family_077/misc/raxml_output.F81.raxml.bestModel

Execution log saved to: /home/fili/Documents/KIT/2023/BA/code/output/families/ssim_DL_s20_f100_sites200_GTR_bl1.0_d1.0_l1.0_t0.0_gc0.0_p0.0_pop10_ms0.0_mf0.0_seed1007/families/family_077/misc/raxml_output.F81.raxml.log

Analysis started: 27-Jun-2023 13:01:43 / finished: 27-Jun-2023 13:01:43

Elapsed time: 0.056 seconds

