
RAxML-NG v. 1.1.0 released on 29.11.2021 by The Exelixis Lab.
Developed by: Alexey M. Kozlov and Alexandros Stamatakis.
Contributors: Diego Darriba, Tomas Flouri, Benoit Morel, Sarah Lutteropp, Ben Bettisworth.
Latest version: https://github.com/amkozlov/raxml-ng
Questions/problems/suggestions? Please visit: https://groups.google.com/forum/#!forum/raxml

System: AMD Ryzen 7 5800X 8-Core Processor, 8 cores, 31 GB RAM

RAxML-NG was called at 27-Jun-2023 13:51:54 as follows:

/home/fili/Documents/KIT/2023/BA/resources/tools/RAxML-NG/raxml-ng --msa /home/fili/Documents/KIT/2023/BA/code/output/families/ssim_NE_s20_f100_sites200_GTR_bl1.0_d0.0_l0.0_t0.0_gc0.0_p0.0_pop10_ms0.0_mf0.0_seed14976684177860080345/families/family_041/alignment.msa --model F81 --prefix /home/fili/Documents/KIT/2023/BA/code/output/families/ssim_NE_s20_f100_sites200_GTR_bl1.0_d0.0_l0.0_t0.0_gc0.0_p0.0_pop10_ms0.0_mf0.0_seed14976684177860080345/families/family_041/misc/raxml_output.F81

Analysis options:
  run mode: ML tree search
  start tree(s): random (10) + parsimony (10)
  random seed: 1687866714
  tip-inner: OFF
  pattern compression: ON
  per-rate scalers: OFF
  site repeats: ON
  fast spr radius: AUTO
  spr subtree cutoff: 1.000000
  branch lengths: proportional (ML estimate, algorithm: NR-FAST)
  SIMD kernels: AVX2
  parallelization: coarse-grained (auto), PTHREADS (auto)

[00:00:00] Reading alignment from file: /home/fili/Documents/KIT/2023/BA/code/output/families/ssim_NE_s20_f100_sites200_GTR_bl1.0_d0.0_l0.0_t0.0_gc0.0_p0.0_pop10_ms0.0_mf0.0_seed14976684177860080345/families/family_041/alignment.msa
[00:00:00] Loaded alignment with 20 taxa and 220 sites

WARNING: Sequences 14_0_0 and 2_0_0 are exactly identical!
WARNING: Duplicate sequences found: 1

NOTE: Reduced alignment (with duplicates and gap-only sites/taxa removed) 
NOTE: was saved to: /home/fili/Documents/KIT/2023/BA/code/output/families/ssim_NE_s20_f100_sites200_GTR_bl1.0_d0.0_l0.0_t0.0_gc0.0_p0.0_pop10_ms0.0_mf0.0_seed14976684177860080345/families/family_041/misc/raxml_output.F81.raxml.reduced.phy

Alignment comprises 1 partitions and 141 patterns

Partition 0: noname
Model: F81+FO
Alignment sites / patterns: 220 / 141
Gaps: 0.00 %
Invariant sites: 24.55 %


NOTE: Binary MSA file created: /home/fili/Documents/KIT/2023/BA/code/output/families/ssim_NE_s20_f100_sites200_GTR_bl1.0_d0.0_l0.0_t0.0_gc0.0_p0.0_pop10_ms0.0_mf0.0_seed14976684177860080345/families/family_041/misc/raxml_output.F81.raxml.rba

Parallelization scheme autoconfig: 8 worker(s) x 1 thread(s)

Parallel reduction/worker buffer size: 1 KB  / 0 KB

[00:00:00] Generating 10 random starting tree(s) with 20 taxa
[00:00:00] Generating 10 parsimony starting tree(s) with 20 taxa
[00:00:00] Data distribution: max. partitions/sites/weight per thread: 1 / 141 / 564
[00:00:00] Data distribution: max. searches per worker: 3

Starting ML tree search with 20 distinct starting trees

[00:00:00 -4364.438253] Initial branch length optimization
[00:00:00 -3605.531251] Model parameter optimization (eps = 10.000000)
[00:00:00 -3585.280854] AUTODETECT spr round 1 (radius: 5)
[00:00:00 -1842.598401] AUTODETECT spr round 2 (radius: 10)
[00:00:00 -1831.562131] AUTODETECT spr round 3 (radius: 15)
[00:00:00 -1831.557168] SPR radius for FAST iterations: 10 (autodetect)
[00:00:00 -1831.557168] Model parameter optimization (eps = 3.000000)
[00:00:00 -1823.828715] FAST spr round 1 (radius: 10)
[00:00:00 -1807.658026] FAST spr round 2 (radius: 10)
[00:00:00 -1798.261601] FAST spr round 3 (radius: 10)
[00:00:00 -1798.261337] Model parameter optimization (eps = 1.000000)
[00:00:00 -1798.113526] SLOW spr round 1 (radius: 5)
[00:00:00 -1798.113494] SLOW spr round 2 (radius: 10)
[00:00:00 -1798.113494] SLOW spr round 3 (radius: 15)
[00:00:00] [worker #3] ML tree search #4, logLikelihood: -1798.113427
[00:00:00 -1798.113494] SLOW spr round 4 (radius: 20)
[00:00:00 -1798.113494] Model parameter optimization (eps = 0.100000)

[00:00:00] [worker #0] ML tree search #1, logLikelihood: -1798.113428

[00:00:00 -4437.065194] Initial branch length optimization
[00:00:00 -3800.725685] Model parameter optimization (eps = 10.000000)
[00:00:00] [worker #1] ML tree search #2, logLikelihood: -1798.113428
[00:00:00 -3772.383311] AUTODETECT spr round 1 (radius: 5)
[00:00:00] [worker #4] ML tree search #5, logLikelihood: -1798.113429
[00:00:00] [worker #5] ML tree search #6, logLikelihood: -1798.113428
[00:00:00] [worker #6] ML tree search #7, logLikelihood: -1798.113426
[00:00:00] [worker #7] ML tree search #8, logLikelihood: -1798.113425
[00:00:00] [worker #2] ML tree search #3, logLikelihood: -1798.113424
[00:00:00 -1836.636999] AUTODETECT spr round 2 (radius: 10)
[00:00:00 -1836.626223] SPR radius for FAST iterations: 5 (autodetect)
[00:00:00 -1836.626223] Model parameter optimization (eps = 3.000000)
[00:00:00 -1831.815206] FAST spr round 1 (radius: 5)
[00:00:00 -1799.744973] FAST spr round 2 (radius: 5)
[00:00:00 -1798.459651] FAST spr round 3 (radius: 5)
[00:00:00 -1798.409088] Model parameter optimization (eps = 1.000000)
[00:00:00 -1798.113809] SLOW spr round 1 (radius: 5)
[00:00:00 -1798.113637] SLOW spr round 2 (radius: 10)
[00:00:00 -1798.113635] SLOW spr round 3 (radius: 15)
[00:00:00] [worker #2] ML tree search #11, logLikelihood: -1798.113424
[00:00:00] [worker #3] ML tree search #12, logLikelihood: -1798.113424
[00:00:00] [worker #5] ML tree search #14, logLikelihood: -1798.113426
[00:00:00] [worker #6] ML tree search #15, logLikelihood: -1798.113426
[00:00:00] [worker #7] ML tree search #16, logLikelihood: -1798.113425
[00:00:00 -1798.113635] SLOW spr round 4 (radius: 20)
[00:00:00 -1798.113635] Model parameter optimization (eps = 0.100000)

[00:00:00] [worker #0] ML tree search #9, logLikelihood: -1798.113432

[00:00:00 -2223.018449] Initial branch length optimization
[00:00:00 -1841.023965] Model parameter optimization (eps = 10.000000)
[00:00:00 -1813.716902] AUTODETECT spr round 1 (radius: 5)
[00:00:00 -1806.086659] AUTODETECT spr round 2 (radius: 10)
[00:00:00] [worker #4] ML tree search #13, logLikelihood: -1798.113426
[00:00:00 -1806.086455] SPR radius for FAST iterations: 5 (autodetect)
[00:00:00 -1806.086455] Model parameter optimization (eps = 3.000000)
[00:00:00 -1806.054370] FAST spr round 1 (radius: 5)
[00:00:00 -1803.849987] FAST spr round 2 (radius: 5)
[00:00:00] [worker #1] ML tree search #10, logLikelihood: -1798.113428
[00:00:00 -1798.133771] FAST spr round 3 (radius: 5)
[00:00:00 -1798.133468] Model parameter optimization (eps = 1.000000)
[00:00:00 -1798.113442] SLOW spr round 1 (radius: 5)
[00:00:00 -1798.113431] SLOW spr round 2 (radius: 10)
[00:00:00] [worker #2] ML tree search #19, logLikelihood: -1798.113426
[00:00:00] [worker #3] ML tree search #20, logLikelihood: -1798.113426
[00:00:00 -1798.113431] SLOW spr round 3 (radius: 15)
[00:00:00 -1798.113431] SLOW spr round 4 (radius: 20)
[00:00:00 -1798.113431] Model parameter optimization (eps = 0.100000)

[00:00:00] [worker #0] ML tree search #17, logLikelihood: -1798.113426

[00:00:00] [worker #1] ML tree search #18, logLikelihood: -1798.113426

Optimized model parameters:

   Partition 0: noname
   Rate heterogeneity: NONE
   Base frequencies (ML): 0.289577 0.148439 0.335474 0.226510 
   Substitution rates (model): 1.000000 1.000000 1.000000 1.000000 1.000000 1.000000 


Final LogLikelihood: -1798.113424

AIC score: 3676.226848 / AICc score: 3694.550870 / BIC score: 3811.971950
Free parameters (model + branch lengths): 40

WARNING: Best ML tree contains 1 near-zero branches!

Best ML tree with collapsed near-zero branches saved to: /home/fili/Documents/KIT/2023/BA/code/output/families/ssim_NE_s20_f100_sites200_GTR_bl1.0_d0.0_l0.0_t0.0_gc0.0_p0.0_pop10_ms0.0_mf0.0_seed14976684177860080345/families/family_041/misc/raxml_output.F81.raxml.bestTreeCollapsed
Best ML tree saved to: /home/fili/Documents/KIT/2023/BA/code/output/families/ssim_NE_s20_f100_sites200_GTR_bl1.0_d0.0_l0.0_t0.0_gc0.0_p0.0_pop10_ms0.0_mf0.0_seed14976684177860080345/families/family_041/misc/raxml_output.F81.raxml.bestTree
All ML trees saved to: /home/fili/Documents/KIT/2023/BA/code/output/families/ssim_NE_s20_f100_sites200_GTR_bl1.0_d0.0_l0.0_t0.0_gc0.0_p0.0_pop10_ms0.0_mf0.0_seed14976684177860080345/families/family_041/misc/raxml_output.F81.raxml.mlTrees
Optimized model saved to: /home/fili/Documents/KIT/2023/BA/code/output/families/ssim_NE_s20_f100_sites200_GTR_bl1.0_d0.0_l0.0_t0.0_gc0.0_p0.0_pop10_ms0.0_mf0.0_seed14976684177860080345/families/family_041/misc/raxml_output.F81.raxml.bestModel

Execution log saved to: /home/fili/Documents/KIT/2023/BA/code/output/families/ssim_NE_s20_f100_sites200_GTR_bl1.0_d0.0_l0.0_t0.0_gc0.0_p0.0_pop10_ms0.0_mf0.0_seed14976684177860080345/families/family_041/misc/raxml_output.F81.raxml.log

Analysis started: 27-Jun-2023 13:51:54 / finished: 27-Jun-2023 13:51:55

Elapsed time: 0.307 seconds

