
RAxML-NG v. 1.1.0 released on 29.11.2021 by The Exelixis Lab.
Developed by: Alexey M. Kozlov and Alexandros Stamatakis.
Contributors: Diego Darriba, Tomas Flouri, Benoit Morel, Sarah Lutteropp, Ben Bettisworth.
Latest version: https://github.com/amkozlov/raxml-ng
Questions/problems/suggestions? Please visit: https://groups.google.com/forum/#!forum/raxml

System: AMD Ryzen 7 5800X 8-Core Processor, 8 cores, 31 GB RAM

RAxML-NG was called at 27-Jun-2023 13:02:17 as follows:

/home/fili/Documents/KIT/2023/BA/resources/tools/RAxML-NG/raxml-ng --msa /home/fili/Documents/KIT/2023/BA/code/output/families/ssim_DL_s20_f100_sites200_GTR_bl1.0_d1.0_l1.0_t0.0_gc0.0_p0.0_pop10_ms0.0_mf0.0_seed1007/families/family_046/alignment.msa --model F81 --prefix /home/fili/Documents/KIT/2023/BA/code/output/families/ssim_DL_s20_f100_sites200_GTR_bl1.0_d1.0_l1.0_t0.0_gc0.0_p0.0_pop10_ms0.0_mf0.0_seed1007/families/family_046/misc/raxml_output.F81

Analysis options:
  run mode: ML tree search
  start tree(s): random (10) + parsimony (10)
  random seed: 1687863737
  tip-inner: OFF
  pattern compression: ON
  per-rate scalers: OFF
  site repeats: ON
  fast spr radius: AUTO
  spr subtree cutoff: 1.000000
  branch lengths: proportional (ML estimate, algorithm: NR-FAST)
  SIMD kernels: AVX2
  parallelization: coarse-grained (auto), PTHREADS (auto)

[00:00:00] Reading alignment from file: /home/fili/Documents/KIT/2023/BA/code/output/families/ssim_DL_s20_f100_sites200_GTR_bl1.0_d1.0_l1.0_t0.0_gc0.0_p0.0_pop10_ms0.0_mf0.0_seed1007/families/family_046/alignment.msa
[00:00:00] Loaded alignment with 86 taxa and 254 sites

WARNING: Sequences 19_10_0 and 20_10_0 are exactly identical!
WARNING: Sequences 20_15_0 and 12_15_0 are exactly identical!
WARNING: Sequences 20_15_0 and 19_15_0 are exactly identical!
WARNING: Sequences 19_11_0 and 12_11_0 are exactly identical!
WARNING: Sequences 19_11_0 and 20_11_0 are exactly identical!
WARNING: Duplicate sequences found: 5

NOTE: Reduced alignment (with duplicates and gap-only sites/taxa removed) 
NOTE: was saved to: /home/fili/Documents/KIT/2023/BA/code/output/families/ssim_DL_s20_f100_sites200_GTR_bl1.0_d1.0_l1.0_t0.0_gc0.0_p0.0_pop10_ms0.0_mf0.0_seed1007/families/family_046/misc/raxml_output.F81.raxml.reduced.phy

Alignment comprises 1 partitions and 223 patterns

Partition 0: noname
Model: F81+FO
Alignment sites / patterns: 254 / 223
Gaps: 0.00 %
Invariant sites: 12.60 %


NOTE: Binary MSA file created: /home/fili/Documents/KIT/2023/BA/code/output/families/ssim_DL_s20_f100_sites200_GTR_bl1.0_d1.0_l1.0_t0.0_gc0.0_p0.0_pop10_ms0.0_mf0.0_seed1007/families/family_046/misc/raxml_output.F81.raxml.rba

Parallelization scheme autoconfig: 8 worker(s) x 1 thread(s)

Parallel reduction/worker buffer size: 1 KB  / 0 KB

[00:00:00] Generating 10 random starting tree(s) with 86 taxa
[00:00:00] Generating 10 parsimony starting tree(s) with 86 taxa
[00:00:00] Data distribution: max. partitions/sites/weight per thread: 1 / 223 / 892
[00:00:00] Data distribution: max. searches per worker: 3

Starting ML tree search with 20 distinct starting trees

[00:00:00 -17597.059177] Initial branch length optimization
[00:00:00 -15904.240886] Model parameter optimization (eps = 10.000000)
[00:00:00 -15699.292369] AUTODETECT spr round 1 (radius: 5)
[00:00:00 -9567.951509] AUTODETECT spr round 2 (radius: 10)
[00:00:00 -7604.729220] AUTODETECT spr round 3 (radius: 15)
[00:00:00 -7507.642131] AUTODETECT spr round 4 (radius: 20)
[00:00:00 -7507.633230] SPR radius for FAST iterations: 15 (autodetect)
[00:00:00 -7507.633230] Model parameter optimization (eps = 3.000000)
[00:00:00 -7469.663650] FAST spr round 1 (radius: 15)
[00:00:00 -6957.812405] FAST spr round 2 (radius: 15)
[00:00:00 -6912.061963] FAST spr round 3 (radius: 15)
[00:00:00 -6911.565233] FAST spr round 4 (radius: 15)
[00:00:00 -6911.565221] Model parameter optimization (eps = 1.000000)
[00:00:00 -6911.365078] SLOW spr round 1 (radius: 5)
[00:00:00 -6911.365056] SLOW spr round 2 (radius: 10)
[00:00:01 -6911.365056] SLOW spr round 3 (radius: 15)
[00:00:01 -6911.365056] SLOW spr round 4 (radius: 20)
[00:00:01] [worker #6] ML tree search #7, logLikelihood: -6904.068484
[00:00:01] [worker #4] ML tree search #5, logLikelihood: -6903.074331
[00:00:01] [worker #5] ML tree search #6, logLikelihood: -6902.463654
[00:00:01 -6911.365056] SLOW spr round 5 (radius: 25)
[00:00:01] [worker #1] ML tree search #2, logLikelihood: -6903.997261
[00:00:01 -6911.365056] Model parameter optimization (eps = 0.100000)

[00:00:01] [worker #0] ML tree search #1, logLikelihood: -6911.364965

[00:00:01 -17524.277104] Initial branch length optimization
[00:00:01 -15676.786302] Model parameter optimization (eps = 10.000000)
[00:00:01 -15467.454445] AUTODETECT spr round 1 (radius: 5)
[00:00:01] [worker #7] ML tree search #8, logLikelihood: -6904.046170
[00:00:01 -9958.702387] AUTODETECT spr round 2 (radius: 10)
[00:00:01] [worker #3] ML tree search #4, logLikelihood: -6904.158717
[00:00:01] [worker #2] ML tree search #3, logLikelihood: -6901.869667
[00:00:01 -7794.967792] AUTODETECT spr round 3 (radius: 15)
[00:00:01 -7698.751592] AUTODETECT spr round 4 (radius: 20)
[00:00:01 -7698.749266] SPR radius for FAST iterations: 15 (autodetect)
[00:00:01 -7698.749266] Model parameter optimization (eps = 3.000000)
[00:00:01 -7657.072664] FAST spr round 1 (radius: 15)
[00:00:01 -6961.678643] FAST spr round 2 (radius: 15)
[00:00:01 -6906.016500] FAST spr round 3 (radius: 15)
[00:00:01 -6904.430218] FAST spr round 4 (radius: 15)
[00:00:02 -6904.430173] Model parameter optimization (eps = 1.000000)
[00:00:02 -6902.511293] SLOW spr round 1 (radius: 5)
[00:00:02 -6901.873255] SLOW spr round 2 (radius: 5)
[00:00:02] [worker #4] ML tree search #13, logLikelihood: -6904.347766
[00:00:02 -6901.873236] SLOW spr round 3 (radius: 10)
[00:00:02] [worker #6] ML tree search #15, logLikelihood: -6903.997494
[00:00:02] [worker #7] ML tree search #16, logLikelihood: -6903.997084
[00:00:02] [worker #3] ML tree search #12, logLikelihood: -6904.861025
[00:00:02 -6901.873236] SLOW spr round 4 (radius: 15)
[00:00:02] [worker #5] ML tree search #14, logLikelihood: -6901.869663
[00:00:02] [worker #2] ML tree search #11, logLikelihood: -6901.869663
[00:00:02 -6901.873236] SLOW spr round 5 (radius: 20)
[00:00:02 -6901.873236] SLOW spr round 6 (radius: 25)
[00:00:02] [worker #1] ML tree search #10, logLikelihood: -6901.869683
[00:00:02 -6901.873236] Model parameter optimization (eps = 0.100000)

[00:00:02] [worker #0] ML tree search #9, logLikelihood: -6901.869680

[00:00:02 -9101.823036] Initial branch length optimization
[00:00:02 -7199.743109] Model parameter optimization (eps = 10.000000)
[00:00:03 -7002.794125] AUTODETECT spr round 1 (radius: 5)
[00:00:03 -6921.536231] AUTODETECT spr round 2 (radius: 10)
[00:00:03 -6912.882344] AUTODETECT spr round 3 (radius: 15)
[00:00:03 -6912.879281] SPR radius for FAST iterations: 10 (autodetect)
[00:00:03 -6912.879281] Model parameter optimization (eps = 3.000000)
[00:00:03 -6912.642037] FAST spr round 1 (radius: 10)
[00:00:03 -6907.851089] FAST spr round 2 (radius: 10)
[00:00:03 -6906.578367] FAST spr round 3 (radius: 10)
[00:00:03 -6905.223928] FAST spr round 4 (radius: 10)
[00:00:03 -6905.203666] Model parameter optimization (eps = 1.000000)
[00:00:03 -6905.180007] SLOW spr round 1 (radius: 5)
[00:00:03] [worker #3] ML tree search #20, logLikelihood: -6902.970661
[00:00:03 -6904.583158] SLOW spr round 2 (radius: 5)
[00:00:03 -6904.583154] SLOW spr round 3 (radius: 10)
[00:00:03] [worker #2] ML tree search #19, logLikelihood: -6904.906265
[00:00:04] [worker #1] ML tree search #18, logLikelihood: -6904.066891
[00:00:04 -6904.583154] SLOW spr round 4 (radius: 15)
[00:00:04 -6904.583154] SLOW spr round 5 (radius: 20)
[00:00:04 -6904.583154] SLOW spr round 6 (radius: 25)
[00:00:04 -6904.583154] Model parameter optimization (eps = 0.100000)

[00:00:04] [worker #0] ML tree search #17, logLikelihood: -6904.576034


Optimized model parameters:

   Partition 0: noname
   Rate heterogeneity: NONE
   Base frequencies (ML): 0.357628 0.131652 0.386563 0.124157 
   Substitution rates (model): 1.000000 1.000000 1.000000 1.000000 1.000000 1.000000 


Final LogLikelihood: -6901.869663

AIC score: 14147.739326 / AICc score: 14882.455375 / BIC score: 14756.160820
Free parameters (model + branch lengths): 172

WARNING: Best ML tree contains 7 near-zero branches!

Best ML tree with collapsed near-zero branches saved to: /home/fili/Documents/KIT/2023/BA/code/output/families/ssim_DL_s20_f100_sites200_GTR_bl1.0_d1.0_l1.0_t0.0_gc0.0_p0.0_pop10_ms0.0_mf0.0_seed1007/families/family_046/misc/raxml_output.F81.raxml.bestTreeCollapsed
Best ML tree saved to: /home/fili/Documents/KIT/2023/BA/code/output/families/ssim_DL_s20_f100_sites200_GTR_bl1.0_d1.0_l1.0_t0.0_gc0.0_p0.0_pop10_ms0.0_mf0.0_seed1007/families/family_046/misc/raxml_output.F81.raxml.bestTree
All ML trees saved to: /home/fili/Documents/KIT/2023/BA/code/output/families/ssim_DL_s20_f100_sites200_GTR_bl1.0_d1.0_l1.0_t0.0_gc0.0_p0.0_pop10_ms0.0_mf0.0_seed1007/families/family_046/misc/raxml_output.F81.raxml.mlTrees
Optimized model saved to: /home/fili/Documents/KIT/2023/BA/code/output/families/ssim_DL_s20_f100_sites200_GTR_bl1.0_d1.0_l1.0_t0.0_gc0.0_p0.0_pop10_ms0.0_mf0.0_seed1007/families/family_046/misc/raxml_output.F81.raxml.bestModel

Execution log saved to: /home/fili/Documents/KIT/2023/BA/code/output/families/ssim_DL_s20_f100_sites200_GTR_bl1.0_d1.0_l1.0_t0.0_gc0.0_p0.0_pop10_ms0.0_mf0.0_seed1007/families/family_046/misc/raxml_output.F81.raxml.log

Analysis started: 27-Jun-2023 13:02:17 / finished: 27-Jun-2023 13:02:21

Elapsed time: 4.394 seconds

