
RAxML-NG v. 1.1.0 released on 29.11.2021 by The Exelixis Lab.
Developed by: Alexey M. Kozlov and Alexandros Stamatakis.
Contributors: Diego Darriba, Tomas Flouri, Benoit Morel, Sarah Lutteropp, Ben Bettisworth.
Latest version: https://github.com/amkozlov/raxml-ng
Questions/problems/suggestions? Please visit: https://groups.google.com/forum/#!forum/raxml

System: AMD Ryzen 7 5800X 8-Core Processor, 8 cores, 31 GB RAM

RAxML-NG was called at 27-Jun-2023 13:44:03 as follows:

/home/fili/Documents/KIT/2023/BA/resources/tools/RAxML-NG/raxml-ng --msa /home/fili/Documents/KIT/2023/BA/code/output/families/ssim_DL_s20_f100_sites200_GTR_bl1.0_d1.0_l1.0_t0.0_gc0.0_p0.0_pop10_ms0.0_mf0.0_seed14976684177860080345/families/family_071/alignment.msa --model F81 --prefix /home/fili/Documents/KIT/2023/BA/code/output/families/ssim_DL_s20_f100_sites200_GTR_bl1.0_d1.0_l1.0_t0.0_gc0.0_p0.0_pop10_ms0.0_mf0.0_seed14976684177860080345/families/family_071/misc/raxml_output.F81

Analysis options:
  run mode: ML tree search
  start tree(s): random (10) + parsimony (10)
  random seed: 1687866243
  tip-inner: OFF
  pattern compression: ON
  per-rate scalers: OFF
  site repeats: ON
  fast spr radius: AUTO
  spr subtree cutoff: 1.000000
  branch lengths: proportional (ML estimate, algorithm: NR-FAST)
  SIMD kernels: AVX2
  parallelization: coarse-grained (auto), PTHREADS (auto)

[00:00:00] Reading alignment from file: /home/fili/Documents/KIT/2023/BA/code/output/families/ssim_DL_s20_f100_sites200_GTR_bl1.0_d1.0_l1.0_t0.0_gc0.0_p0.0_pop10_ms0.0_mf0.0_seed14976684177860080345/families/family_071/alignment.msa
[00:00:00] Loaded alignment with 35 taxa and 175 sites

Alignment comprises 1 partitions and 74 patterns

Partition 0: noname
Model: F81+FO
Alignment sites / patterns: 175 / 74
Gaps: 0.00 %
Invariant sites: 60.00 %


NOTE: Binary MSA file created: /home/fili/Documents/KIT/2023/BA/code/output/families/ssim_DL_s20_f100_sites200_GTR_bl1.0_d1.0_l1.0_t0.0_gc0.0_p0.0_pop10_ms0.0_mf0.0_seed14976684177860080345/families/family_071/misc/raxml_output.F81.raxml.rba

Parallelization scheme autoconfig: 8 worker(s) x 1 thread(s)

Parallel reduction/worker buffer size: 1 KB  / 0 KB

[00:00:00] Generating 10 random starting tree(s) with 35 taxa
[00:00:00] Generating 10 parsimony starting tree(s) with 35 taxa
[00:00:00] Data distribution: max. partitions/sites/weight per thread: 1 / 74 / 296
[00:00:00] Data distribution: max. searches per worker: 3

Starting ML tree search with 20 distinct starting trees

[00:00:00 -3615.607919] Initial branch length optimization
[00:00:00 -3214.105894] Model parameter optimization (eps = 10.000000)
[00:00:00 -3159.936820] AUTODETECT spr round 1 (radius: 5)
[00:00:00 -1841.574679] AUTODETECT spr round 2 (radius: 10)
[00:00:00 -1758.797941] AUTODETECT spr round 3 (radius: 15)
[00:00:00 -1758.797877] SPR radius for FAST iterations: 10 (autodetect)
[00:00:00 -1758.797877] Model parameter optimization (eps = 3.000000)
[00:00:00 -1758.699374] FAST spr round 1 (radius: 10)
[00:00:00 -1712.928547] FAST spr round 2 (radius: 10)
[00:00:00 -1698.204590] FAST spr round 3 (radius: 10)
[00:00:00 -1698.204590] Model parameter optimization (eps = 1.000000)
[00:00:00 -1698.097834] SLOW spr round 1 (radius: 5)
[00:00:00 -1698.097180] SLOW spr round 2 (radius: 10)
[00:00:00 -1698.096995] SLOW spr round 3 (radius: 15)
[00:00:00 -1698.096924] SLOW spr round 4 (radius: 20)
[00:00:00 -1698.096897] SLOW spr round 5 (radius: 25)
[00:00:00 -1698.096886] Model parameter optimization (eps = 0.100000)

[00:00:00] [worker #0] ML tree search #1, logLikelihood: -1698.096756

[00:00:00 -3797.951820] Initial branch length optimization
[00:00:00 -3389.147843] Model parameter optimization (eps = 10.000000)
[00:00:00] [worker #1] ML tree search #2, logLikelihood: -1701.440412
[00:00:00 -3307.423800] AUTODETECT spr round 1 (radius: 5)
[00:00:00 -1794.296656] AUTODETECT spr round 2 (radius: 10)
[00:00:00] [worker #2] ML tree search #3, logLikelihood: -1701.440412
[00:00:00 -1764.003624] AUTODETECT spr round 3 (radius: 15)
[00:00:00] [worker #4] ML tree search #5, logLikelihood: -1702.711883
[00:00:00 -1756.107256] AUTODETECT spr round 4 (radius: 20)
[00:00:00 -1756.104284] SPR radius for FAST iterations: 15 (autodetect)
[00:00:00 -1756.104284] Model parameter optimization (eps = 3.000000)
[00:00:00 -1754.948204] FAST spr round 1 (radius: 15)
[00:00:00] [worker #7] ML tree search #8, logLikelihood: -1700.338704
[00:00:00] [worker #3] ML tree search #4, logLikelihood: -1697.940782
[00:00:00] [worker #6] ML tree search #7, logLikelihood: -1701.648740
[00:00:00] [worker #5] ML tree search #6, logLikelihood: -1700.407492
[00:00:00 -1719.818787] FAST spr round 2 (radius: 15)
[00:00:00 -1716.150940] FAST spr round 3 (radius: 15)
[00:00:00 -1704.299787] FAST spr round 4 (radius: 15)
[00:00:00 -1702.460356] FAST spr round 5 (radius: 15)
[00:00:00 -1699.487426] FAST spr round 6 (radius: 15)
[00:00:00 -1699.487402] Model parameter optimization (eps = 1.000000)
[00:00:00 -1699.300750] SLOW spr round 1 (radius: 5)
[00:00:00 -1699.299657] SLOW spr round 2 (radius: 10)
[00:00:00 -1699.299234] SLOW spr round 3 (radius: 15)
[00:00:00] [worker #4] ML tree search #13, logLikelihood: -1698.096761
[00:00:00 -1699.299061] SLOW spr round 4 (radius: 20)
[00:00:00] [worker #7] ML tree search #16, logLikelihood: -1700.659755
[00:00:00] [worker #3] ML tree search #12, logLikelihood: -1699.351775
[00:00:00] [worker #6] ML tree search #15, logLikelihood: -1699.351770
[00:00:00] [worker #1] ML tree search #10, logLikelihood: -1699.298855
[00:00:00 -1699.298986] SLOW spr round 5 (radius: 25)
[00:00:00] [worker #2] ML tree search #11, logLikelihood: -1700.408310
[00:00:00 -1699.298953] Model parameter optimization (eps = 0.100000)
[00:00:00] [worker #5] ML tree search #14, logLikelihood: -1699.351769

[00:00:00] [worker #0] ML tree search #9, logLikelihood: -1699.298817

[00:00:00 -2312.086028] Initial branch length optimization
[00:00:00 -1764.387006] Model parameter optimization (eps = 10.000000)
[00:00:00 -1733.746292] AUTODETECT spr round 1 (radius: 5)
[00:00:00 -1717.291571] AUTODETECT spr round 2 (radius: 10)
[00:00:00 -1717.290301] SPR radius for FAST iterations: 5 (autodetect)
[00:00:00 -1717.290301] Model parameter optimization (eps = 3.000000)
[00:00:00 -1717.018869] FAST spr round 1 (radius: 5)
[00:00:00 -1715.021678] FAST spr round 2 (radius: 5)
[00:00:00 -1702.997546] FAST spr round 3 (radius: 5)
[00:00:00 -1700.753956] FAST spr round 4 (radius: 5)
[00:00:00 -1700.753324] Model parameter optimization (eps = 1.000000)
[00:00:00 -1700.731458] SLOW spr round 1 (radius: 5)
[00:00:00 -1700.416096] SLOW spr round 2 (radius: 5)
[00:00:00] [worker #1] ML tree search #18, logLikelihood: -1701.440397
[00:00:00 -1700.416052] SLOW spr round 3 (radius: 10)
[00:00:00] [worker #3] ML tree search #20, logLikelihood: -1698.096743
[00:00:00] [worker #2] ML tree search #19, logLikelihood: -1700.407499
[00:00:00 -1700.416039] SLOW spr round 4 (radius: 15)
[00:00:00 -1700.416035] SLOW spr round 5 (radius: 20)
[00:00:00 -1700.416033] SLOW spr round 6 (radius: 25)
[00:00:00 -1700.416033] Model parameter optimization (eps = 0.100000)

[00:00:00] [worker #0] ML tree search #17, logLikelihood: -1700.407509


Optimized model parameters:

   Partition 0: noname
   Rate heterogeneity: NONE
   Base frequencies (ML): 0.314087 0.134650 0.330590 0.220674 
   Substitution rates (model): 1.000000 1.000000 1.000000 1.000000 1.000000 1.000000 


Final LogLikelihood: -1697.940782

AIC score: 3535.881563 / AICc score: 3631.458486 / BIC score: 3757.416581
Free parameters (model + branch lengths): 70

WARNING: Best ML tree contains 3 near-zero branches!

Best ML tree with collapsed near-zero branches saved to: /home/fili/Documents/KIT/2023/BA/code/output/families/ssim_DL_s20_f100_sites200_GTR_bl1.0_d1.0_l1.0_t0.0_gc0.0_p0.0_pop10_ms0.0_mf0.0_seed14976684177860080345/families/family_071/misc/raxml_output.F81.raxml.bestTreeCollapsed
Best ML tree saved to: /home/fili/Documents/KIT/2023/BA/code/output/families/ssim_DL_s20_f100_sites200_GTR_bl1.0_d1.0_l1.0_t0.0_gc0.0_p0.0_pop10_ms0.0_mf0.0_seed14976684177860080345/families/family_071/misc/raxml_output.F81.raxml.bestTree
All ML trees saved to: /home/fili/Documents/KIT/2023/BA/code/output/families/ssim_DL_s20_f100_sites200_GTR_bl1.0_d1.0_l1.0_t0.0_gc0.0_p0.0_pop10_ms0.0_mf0.0_seed14976684177860080345/families/family_071/misc/raxml_output.F81.raxml.mlTrees
Optimized model saved to: /home/fili/Documents/KIT/2023/BA/code/output/families/ssim_DL_s20_f100_sites200_GTR_bl1.0_d1.0_l1.0_t0.0_gc0.0_p0.0_pop10_ms0.0_mf0.0_seed14976684177860080345/families/family_071/misc/raxml_output.F81.raxml.bestModel

Execution log saved to: /home/fili/Documents/KIT/2023/BA/code/output/families/ssim_DL_s20_f100_sites200_GTR_bl1.0_d1.0_l1.0_t0.0_gc0.0_p0.0_pop10_ms0.0_mf0.0_seed14976684177860080345/families/family_071/misc/raxml_output.F81.raxml.log

Analysis started: 27-Jun-2023 13:44:03 / finished: 27-Jun-2023 13:44:04

Elapsed time: 0.526 seconds

