
RAxML-NG v. 1.1.0 released on 29.11.2021 by The Exelixis Lab.
Developed by: Alexey M. Kozlov and Alexandros Stamatakis.
Contributors: Diego Darriba, Tomas Flouri, Benoit Morel, Sarah Lutteropp, Ben Bettisworth.
Latest version: https://github.com/amkozlov/raxml-ng
Questions/problems/suggestions? Please visit: https://groups.google.com/forum/#!forum/raxml

System: AMD Ryzen 7 5800X 8-Core Processor, 8 cores, 31 GB RAM

RAxML-NG was called at 05-Jun-2023 13:02:16 as follows:

/home/fili/Documents/KIT/2023/BA/resources/tools/RAxML-NG/raxml-ng --msa /home/fili/Documents/KIT/2023/BA/code/output/families/ssim_dtl_s20_f100_sites200_GTR_bl1.0_d0.0_l0.0_t1.0_gc0.0_p0.0_pop10_ms0.0_mf0.0_seed42/families/family_095/alignment.msa --model GTR+G --prefix /home/fili/Documents/KIT/2023/BA/code/output/families/ssim_dtl_s20_f100_sites200_GTR_bl1.0_d0.0_l0.0_t1.0_gc0.0_p0.0_pop10_ms0.0_mf0.0_seed42/families/family_095/misc/raxml_output.GTR+G

Analysis options:
  run mode: ML tree search
  start tree(s): random (10) + parsimony (10)
  random seed: 1685962936
  tip-inner: OFF
  pattern compression: ON
  per-rate scalers: OFF
  site repeats: ON
  fast spr radius: AUTO
  spr subtree cutoff: 1.000000
  branch lengths: proportional (ML estimate, algorithm: NR-FAST)
  SIMD kernels: AVX2
  parallelization: coarse-grained (auto), PTHREADS (auto)

[00:00:00] Reading alignment from file: /home/fili/Documents/KIT/2023/BA/code/output/families/ssim_dtl_s20_f100_sites200_GTR_bl1.0_d0.0_l0.0_t1.0_gc0.0_p0.0_pop10_ms0.0_mf0.0_seed42/families/family_095/alignment.msa
[00:00:00] Loaded alignment with 20 taxa and 245 sites

WARNING: Sequences 3_0_0 and 2_0_0 are exactly identical!
WARNING: Sequences 12_0_0 and 4_0_0 are exactly identical!
WARNING: Sequences 12_0_0 and 10_0_0 are exactly identical!
WARNING: Sequences 13_0_0 and 9_0_0 are exactly identical!
WARNING: Sequences 13_0_0 and 7_0_0 are exactly identical!
WARNING: Duplicate sequences found: 5

NOTE: Reduced alignment (with duplicates and gap-only sites/taxa removed) 
NOTE: was saved to: /home/fili/Documents/KIT/2023/BA/code/output/families/ssim_dtl_s20_f100_sites200_GTR_bl1.0_d0.0_l0.0_t1.0_gc0.0_p0.0_pop10_ms0.0_mf0.0_seed42/families/family_095/misc/raxml_output.GTR+G.raxml.reduced.phy

Alignment comprises 1 partitions and 107 patterns

Partition 0: noname
Model: GTR+FO+G4m
Alignment sites / patterns: 245 / 107
Gaps: 0.00 %
Invariant sites: 45.71 %


NOTE: Binary MSA file created: /home/fili/Documents/KIT/2023/BA/code/output/families/ssim_dtl_s20_f100_sites200_GTR_bl1.0_d0.0_l0.0_t1.0_gc0.0_p0.0_pop10_ms0.0_mf0.0_seed42/families/family_095/misc/raxml_output.GTR+G.raxml.rba

Parallelization scheme autoconfig: 8 worker(s) x 1 thread(s)

Parallel reduction/worker buffer size: 1 KB  / 0 KB

[00:00:00] Generating 10 random starting tree(s) with 20 taxa
[00:00:00] Generating 10 parsimony starting tree(s) with 20 taxa
[00:00:00] Data distribution: max. partitions/sites/weight per thread: 1 / 107 / 1712
[00:00:00] Data distribution: max. searches per worker: 3

Starting ML tree search with 20 distinct starting trees

[00:00:00 -2606.591396] Initial branch length optimization
[00:00:00 -2160.733372] Model parameter optimization (eps = 10.000000)
[00:00:00 -1808.833150] AUTODETECT spr round 1 (radius: 5)
[00:00:00 -1314.887843] AUTODETECT spr round 2 (radius: 10)
[00:00:00 -1305.872396] AUTODETECT spr round 3 (radius: 15)
[00:00:00 -1305.868663] SPR radius for FAST iterations: 10 (autodetect)
[00:00:00 -1305.868663] Model parameter optimization (eps = 3.000000)
[00:00:00 -1274.948316] FAST spr round 1 (radius: 10)
[00:00:00 -1261.578922] FAST spr round 2 (radius: 10)
[00:00:00 -1261.429250] FAST spr round 3 (radius: 10)
[00:00:00] [worker #2] ML tree search #3, logLikelihood: -1260.222468
[00:00:00] [worker #3] ML tree search #4, logLikelihood: -1260.228432
[00:00:00 -1261.429170] Model parameter optimization (eps = 1.000000)
[00:00:00] [worker #5] ML tree search #6, logLikelihood: -1260.228070
[00:00:00 -1260.255673] SLOW spr round 1 (radius: 5)
[00:00:00] [worker #1] ML tree search #2, logLikelihood: -1260.226940
[00:00:00] [worker #6] ML tree search #7, logLikelihood: -1260.222709
[00:00:00] [worker #4] ML tree search #5, logLikelihood: -1260.221306
[00:00:00 -1260.252854] SLOW spr round 2 (radius: 10)
[00:00:00 -1260.252827] SLOW spr round 3 (radius: 15)
[00:00:00 -1260.252827] SLOW spr round 4 (radius: 20)
[00:00:00] [worker #7] ML tree search #8, logLikelihood: -1260.228995
[00:00:00 -1260.252827] Model parameter optimization (eps = 0.100000)

[00:00:00] [worker #0] ML tree search #1, logLikelihood: -1260.222740

[00:00:00 -2802.836750] Initial branch length optimization
[00:00:00 -2372.956346] Model parameter optimization (eps = 10.000000)
[00:00:00] [worker #2] ML tree search #11, logLikelihood: -1260.219299
[00:00:00] [worker #3] ML tree search #12, logLikelihood: -1260.219109
[00:00:00 -1973.297444] AUTODETECT spr round 1 (radius: 5)
[00:00:00 -1314.830784] AUTODETECT spr round 2 (radius: 10)
[00:00:00 -1314.817711] SPR radius for FAST iterations: 5 (autodetect)
[00:00:00 -1314.817711] Model parameter optimization (eps = 3.000000)
[00:00:00] [worker #6] ML tree search #15, logLikelihood: -1260.219225
[00:00:00] [worker #4] ML tree search #13, logLikelihood: -1260.219624
[00:00:00] [worker #5] ML tree search #14, logLikelihood: -1260.219441
[00:00:00 -1281.757537] FAST spr round 1 (radius: 5)
[00:00:00 -1265.988647] FAST spr round 2 (radius: 5)
[00:00:00 -1261.251076] FAST spr round 3 (radius: 5)
[00:00:00] [worker #1] ML tree search #10, logLikelihood: -1260.237948
[00:00:00 -1261.251072] Model parameter optimization (eps = 1.000000)
[00:00:00] [worker #7] ML tree search #16, logLikelihood: -1260.219175
[00:00:00 -1260.316359] SLOW spr round 1 (radius: 5)
[00:00:00] [worker #2] ML tree search #19, logLikelihood: -1260.219703
[00:00:00] [worker #3] ML tree search #20, logLikelihood: -1260.219217
[00:00:00 -1260.314137] SLOW spr round 2 (radius: 10)
[00:00:00 -1260.314130] SLOW spr round 3 (radius: 15)
[00:00:00 -1260.314130] SLOW spr round 4 (radius: 20)
[00:00:00 -1260.314130] Model parameter optimization (eps = 0.100000)

[00:00:00] [worker #0] ML tree search #9, logLikelihood: -1260.233629

[00:00:00 -1724.535056] Initial branch length optimization
[00:00:00 -1435.715640] Model parameter optimization (eps = 10.000000)
[00:00:00 -1260.338597] AUTODETECT spr round 1 (radius: 5)
[00:00:00 -1260.315605] SPR radius for FAST iterations: 5 (autodetect)
[00:00:00 -1260.315605] Model parameter optimization (eps = 3.000000)
[00:00:00] [worker #1] ML tree search #18, logLikelihood: -1260.220113
[00:00:00 -1260.230439] FAST spr round 1 (radius: 5)
[00:00:00 -1260.228989] Model parameter optimization (eps = 1.000000)
[00:00:00 -1260.220722] SLOW spr round 1 (radius: 5)
[00:00:00 -1260.220603] SLOW spr round 2 (radius: 10)
[00:00:00 -1260.220602] SLOW spr round 3 (radius: 15)
[00:00:00 -1260.220602] SLOW spr round 4 (radius: 20)
[00:00:00 -1260.220602] Model parameter optimization (eps = 0.100000)

[00:00:00] [worker #0] ML tree search #17, logLikelihood: -1260.219644


Optimized model parameters:

   Partition 0: noname
   Rate heterogeneity: GAMMA (4 cats, mean),  alpha: 1.630086 (ML),  weights&rates: (0.250000,0.244737) (0.250000,0.608868) (0.250000,1.057228) (0.250000,2.089167) 
   Base frequencies (ML): 0.257723 0.199900 0.215144 0.327232 
   Substitution rates (ML): 5.622467 64.529447 1.758816 2.694737 9.505559 1.000000 


Final LogLikelihood: -1260.219109

AIC score: 2612.438218 / AICc score: 2634.276602 / BIC score: 2773.496096
Free parameters (model + branch lengths): 46

WARNING: Best ML tree contains 2 near-zero branches!

Best ML tree with collapsed near-zero branches saved to: /home/fili/Documents/KIT/2023/BA/code/output/families/ssim_dtl_s20_f100_sites200_GTR_bl1.0_d0.0_l0.0_t1.0_gc0.0_p0.0_pop10_ms0.0_mf0.0_seed42/families/family_095/misc/raxml_output.GTR+G.raxml.bestTreeCollapsed
Best ML tree saved to: /home/fili/Documents/KIT/2023/BA/code/output/families/ssim_dtl_s20_f100_sites200_GTR_bl1.0_d0.0_l0.0_t1.0_gc0.0_p0.0_pop10_ms0.0_mf0.0_seed42/families/family_095/misc/raxml_output.GTR+G.raxml.bestTree
All ML trees saved to: /home/fili/Documents/KIT/2023/BA/code/output/families/ssim_dtl_s20_f100_sites200_GTR_bl1.0_d0.0_l0.0_t1.0_gc0.0_p0.0_pop10_ms0.0_mf0.0_seed42/families/family_095/misc/raxml_output.GTR+G.raxml.mlTrees
Optimized model saved to: /home/fili/Documents/KIT/2023/BA/code/output/families/ssim_dtl_s20_f100_sites200_GTR_bl1.0_d0.0_l0.0_t1.0_gc0.0_p0.0_pop10_ms0.0_mf0.0_seed42/families/family_095/misc/raxml_output.GTR+G.raxml.bestModel

Execution log saved to: /home/fili/Documents/KIT/2023/BA/code/output/families/ssim_dtl_s20_f100_sites200_GTR_bl1.0_d0.0_l0.0_t1.0_gc0.0_p0.0_pop10_ms0.0_mf0.0_seed42/families/family_095/misc/raxml_output.GTR+G.raxml.log

Analysis started: 05-Jun-2023 13:02:16 / finished: 05-Jun-2023 13:02:17

Elapsed time: 0.511 seconds

