
RAxML-NG v. 1.1.0 released on 29.11.2021 by The Exelixis Lab.
Developed by: Alexey M. Kozlov and Alexandros Stamatakis.
Contributors: Diego Darriba, Tomas Flouri, Benoit Morel, Sarah Lutteropp, Ben Bettisworth.
Latest version: https://github.com/amkozlov/raxml-ng
Questions/problems/suggestions? Please visit: https://groups.google.com/forum/#!forum/raxml

System: AMD Ryzen 7 5800X 8-Core Processor, 8 cores, 31 GB RAM

RAxML-NG was called at 27-Jun-2023 13:47:25 as follows:

/home/fili/Documents/KIT/2023/BA/resources/tools/RAxML-NG/raxml-ng --msa /home/fili/Documents/KIT/2023/BA/code/output/families/ssim_NE_s20_f100_sites200_GTR_bl1.0_d0.0_l0.0_t0.0_gc0.0_p0.0_pop10_ms0.0_mf0.0_seed121873/families/family_059/alignment.msa --model F81 --prefix /home/fili/Documents/KIT/2023/BA/code/output/families/ssim_NE_s20_f100_sites200_GTR_bl1.0_d0.0_l0.0_t0.0_gc0.0_p0.0_pop10_ms0.0_mf0.0_seed121873/families/family_059/misc/raxml_output.F81

Analysis options:
  run mode: ML tree search
  start tree(s): random (10) + parsimony (10)
  random seed: 1687866445
  tip-inner: OFF
  pattern compression: ON
  per-rate scalers: OFF
  site repeats: ON
  fast spr radius: AUTO
  spr subtree cutoff: 1.000000
  branch lengths: proportional (ML estimate, algorithm: NR-FAST)
  SIMD kernels: AVX2
  parallelization: coarse-grained (auto), PTHREADS (auto)

[00:00:00] Reading alignment from file: /home/fili/Documents/KIT/2023/BA/code/output/families/ssim_NE_s20_f100_sites200_GTR_bl1.0_d0.0_l0.0_t0.0_gc0.0_p0.0_pop10_ms0.0_mf0.0_seed121873/families/family_059/alignment.msa
[00:00:00] Loaded alignment with 20 taxa and 213 sites

WARNING: Sequences 17_0_0 and 15_0_0 are exactly identical!
WARNING: Sequences 13_0_0 and 19_0_0 are exactly identical!
WARNING: Duplicate sequences found: 2

NOTE: Reduced alignment (with duplicates and gap-only sites/taxa removed) 
NOTE: was saved to: /home/fili/Documents/KIT/2023/BA/code/output/families/ssim_NE_s20_f100_sites200_GTR_bl1.0_d0.0_l0.0_t0.0_gc0.0_p0.0_pop10_ms0.0_mf0.0_seed121873/families/family_059/misc/raxml_output.F81.raxml.reduced.phy

Alignment comprises 1 partitions and 59 patterns

Partition 0: noname
Model: F81+FO
Alignment sites / patterns: 213 / 59
Gaps: 0.00 %
Invariant sites: 72.30 %


NOTE: Binary MSA file created: /home/fili/Documents/KIT/2023/BA/code/output/families/ssim_NE_s20_f100_sites200_GTR_bl1.0_d0.0_l0.0_t0.0_gc0.0_p0.0_pop10_ms0.0_mf0.0_seed121873/families/family_059/misc/raxml_output.F81.raxml.rba

Parallelization scheme autoconfig: 8 worker(s) x 1 thread(s)

Parallel reduction/worker buffer size: 1 KB  / 0 KB

[00:00:00] Generating 10 random starting tree(s) with 20 taxa
[00:00:00] Generating 10 parsimony starting tree(s) with 20 taxa
[00:00:00] Data distribution: max. partitions/sites/weight per thread: 1 / 59 / 236
[00:00:00] Data distribution: max. searches per worker: 3

Starting ML tree search with 20 distinct starting trees

[00:00:00 -2088.193575] Initial branch length optimization
[00:00:00 -1817.329801] Model parameter optimization (eps = 10.000000)
[00:00:00 -1785.119767] AUTODETECT spr round 1 (radius: 5)
[00:00:00 -1082.631451] AUTODETECT spr round 2 (radius: 10)
[00:00:00 -1082.629291] SPR radius for FAST iterations: 5 (autodetect)
[00:00:00 -1082.629291] Model parameter optimization (eps = 3.000000)
[00:00:00 -1082.363775] FAST spr round 1 (radius: 5)
[00:00:00 -1069.209353] FAST spr round 2 (radius: 5)
[00:00:00 -1060.820029] FAST spr round 3 (radius: 5)
[00:00:00 -1060.820028] Model parameter optimization (eps = 1.000000)
[00:00:00 -1060.766374] SLOW spr round 1 (radius: 5)
[00:00:00 -1060.766338] SLOW spr round 2 (radius: 10)
[00:00:00] [worker #6] ML tree search #7, logLikelihood: -1060.766325
[00:00:00 -1060.766338] SLOW spr round 3 (radius: 15)
[00:00:00] [worker #5] ML tree search #6, logLikelihood: -1060.766327
[00:00:00] [worker #2] ML tree search #3, logLikelihood: -1060.766326
[00:00:00 -1060.766338] SLOW spr round 4 (radius: 20)
[00:00:00] [worker #4] ML tree search #5, logLikelihood: -1060.766325
[00:00:00] [worker #1] ML tree search #2, logLikelihood: -1060.766325
[00:00:00 -1060.766338] Model parameter optimization (eps = 0.100000)

[00:00:00] [worker #0] ML tree search #1, logLikelihood: -1060.766325

[00:00:00] [worker #7] ML tree search #8, logLikelihood: -1060.766325
[00:00:00] [worker #3] ML tree search #4, logLikelihood: -1060.766325
[00:00:00 -1980.559430] Initial branch length optimization
[00:00:00 -1668.771068] Model parameter optimization (eps = 10.000000)
[00:00:00 -1633.453226] AUTODETECT spr round 1 (radius: 5)
[00:00:00 -1100.184520] AUTODETECT spr round 2 (radius: 10)
[00:00:00 -1100.184483] SPR radius for FAST iterations: 5 (autodetect)
[00:00:00 -1100.184483] Model parameter optimization (eps = 3.000000)
[00:00:00 -1099.099706] FAST spr round 1 (radius: 5)
[00:00:00 -1074.104636] FAST spr round 2 (radius: 5)
[00:00:00 -1060.850270] FAST spr round 3 (radius: 5)
[00:00:00 -1060.850267] Model parameter optimization (eps = 1.000000)
[00:00:00] [worker #6] ML tree search #15, logLikelihood: -1062.413528
[00:00:00 -1060.766346] SLOW spr round 1 (radius: 5)
[00:00:00] [worker #7] ML tree search #16, logLikelihood: -1060.766326
[00:00:00] [worker #2] ML tree search #11, logLikelihood: -1060.766325
[00:00:00] [worker #5] ML tree search #14, logLikelihood: -1060.766325
[00:00:00 -1060.766339] SLOW spr round 2 (radius: 10)
[00:00:00] [worker #4] ML tree search #13, logLikelihood: -1060.766325
[00:00:00] [worker #3] ML tree search #12, logLikelihood: -1060.766325
[00:00:00 -1060.766339] SLOW spr round 3 (radius: 15)
[00:00:00 -1060.766339] SLOW spr round 4 (radius: 20)
[00:00:00 -1060.766339] Model parameter optimization (eps = 0.100000)

[00:00:00] [worker #0] ML tree search #9, logLikelihood: -1060.766326

[00:00:00 -1514.299569] Initial branch length optimization
[00:00:00 -1078.913761] Model parameter optimization (eps = 10.000000)
[00:00:00 -1061.762733] AUTODETECT spr round 1 (radius: 5)
[00:00:00] [worker #1] ML tree search #10, logLikelihood: -1060.766328
[00:00:00 -1060.802560] AUTODETECT spr round 2 (radius: 10)
[00:00:00 -1060.802463] SPR radius for FAST iterations: 5 (autodetect)
[00:00:00 -1060.802463] Model parameter optimization (eps = 3.000000)
[00:00:00 -1060.766367] FAST spr round 1 (radius: 5)
[00:00:00 -1060.766335] Model parameter optimization (eps = 1.000000)
[00:00:00 -1060.766325] SLOW spr round 1 (radius: 5)
[00:00:00] [worker #2] ML tree search #19, logLikelihood: -1060.766325
[00:00:00 -1060.766325] SLOW spr round 2 (radius: 10)
[00:00:00] [worker #3] ML tree search #20, logLikelihood: -1060.766325
[00:00:00 -1060.766325] SLOW spr round 3 (radius: 15)
[00:00:00 -1060.766325] SLOW spr round 4 (radius: 20)
[00:00:00 -1060.766325] Model parameter optimization (eps = 0.100000)

[00:00:00] [worker #0] ML tree search #17, logLikelihood: -1060.766325

[00:00:00] [worker #1] ML tree search #18, logLikelihood: -1060.766325

Optimized model parameters:

   Partition 0: noname
   Rate heterogeneity: NONE
   Base frequencies (ML): 0.271154 0.176320 0.370899 0.181628 
   Substitution rates (model): 1.000000 1.000000 1.000000 1.000000 1.000000 1.000000 


Final LogLikelihood: -1060.766325

AIC score: 2201.532650 / AICc score: 2220.602417 / BIC score: 2335.984336
Free parameters (model + branch lengths): 40

Best ML tree saved to: /home/fili/Documents/KIT/2023/BA/code/output/families/ssim_NE_s20_f100_sites200_GTR_bl1.0_d0.0_l0.0_t0.0_gc0.0_p0.0_pop10_ms0.0_mf0.0_seed121873/families/family_059/misc/raxml_output.F81.raxml.bestTree
All ML trees saved to: /home/fili/Documents/KIT/2023/BA/code/output/families/ssim_NE_s20_f100_sites200_GTR_bl1.0_d0.0_l0.0_t0.0_gc0.0_p0.0_pop10_ms0.0_mf0.0_seed121873/families/family_059/misc/raxml_output.F81.raxml.mlTrees
Optimized model saved to: /home/fili/Documents/KIT/2023/BA/code/output/families/ssim_NE_s20_f100_sites200_GTR_bl1.0_d0.0_l0.0_t0.0_gc0.0_p0.0_pop10_ms0.0_mf0.0_seed121873/families/family_059/misc/raxml_output.F81.raxml.bestModel

Execution log saved to: /home/fili/Documents/KIT/2023/BA/code/output/families/ssim_NE_s20_f100_sites200_GTR_bl1.0_d0.0_l0.0_t0.0_gc0.0_p0.0_pop10_ms0.0_mf0.0_seed121873/families/family_059/misc/raxml_output.F81.raxml.log

Analysis started: 27-Jun-2023 13:47:25 / finished: 27-Jun-2023 13:47:25

Elapsed time: 0.164 seconds

