
RAxML-NG v. 1.1.0 released on 29.11.2021 by The Exelixis Lab.
Developed by: Alexey M. Kozlov and Alexandros Stamatakis.
Contributors: Diego Darriba, Tomas Flouri, Benoit Morel, Sarah Lutteropp, Ben Bettisworth.
Latest version: https://github.com/amkozlov/raxml-ng
Questions/problems/suggestions? Please visit: https://groups.google.com/forum/#!forum/raxml

System: AMD Ryzen 7 5800X 8-Core Processor, 8 cores, 31 GB RAM

RAxML-NG was called at 19-Jun-2023 17:10:50 as follows:

/home/fili/Documents/KIT/2023/BA/resources/tools/RAxML-NG/raxml-ng --msa /home/fili/Documents/KIT/2023/BA/code/output/families/ssim_NE_s20_f100_sites200_GTR_bl1.0_d0.0_l0.0_t0.0_gc0.0_p0.0_pop10_ms0.0_mf0.0_seed42/families/family_015/alignment.msa --model F81 --prefix /home/fili/Documents/KIT/2023/BA/code/output/families/ssim_NE_s20_f100_sites200_GTR_bl1.0_d0.0_l0.0_t0.0_gc0.0_p0.0_pop10_ms0.0_mf0.0_seed42/families/family_015/misc/raxml_output.F81

Analysis options:
  run mode: ML tree search
  start tree(s): random (10) + parsimony (10)
  random seed: 1687187450
  tip-inner: OFF
  pattern compression: ON
  per-rate scalers: OFF
  site repeats: ON
  fast spr radius: AUTO
  spr subtree cutoff: 1.000000
  branch lengths: proportional (ML estimate, algorithm: NR-FAST)
  SIMD kernels: AVX2
  parallelization: coarse-grained (auto), PTHREADS (auto)

[00:00:00] Reading alignment from file: /home/fili/Documents/KIT/2023/BA/code/output/families/ssim_NE_s20_f100_sites200_GTR_bl1.0_d0.0_l0.0_t0.0_gc0.0_p0.0_pop10_ms0.0_mf0.0_seed42/families/family_015/alignment.msa
[00:00:00] Loaded alignment with 20 taxa and 206 sites

WARNING: Sequences 9_0_0 and 13_0_0 are exactly identical!
WARNING: Duplicate sequences found: 1

NOTE: Reduced alignment (with duplicates and gap-only sites/taxa removed) 
NOTE: was saved to: /home/fili/Documents/KIT/2023/BA/code/output/families/ssim_NE_s20_f100_sites200_GTR_bl1.0_d0.0_l0.0_t0.0_gc0.0_p0.0_pop10_ms0.0_mf0.0_seed42/families/family_015/misc/raxml_output.F81.raxml.reduced.phy

Alignment comprises 1 partitions and 127 patterns

Partition 0: noname
Model: F81+FO
Alignment sites / patterns: 206 / 127
Gaps: 0.00 %
Invariant sites: 33.01 %


NOTE: Binary MSA file created: /home/fili/Documents/KIT/2023/BA/code/output/families/ssim_NE_s20_f100_sites200_GTR_bl1.0_d0.0_l0.0_t0.0_gc0.0_p0.0_pop10_ms0.0_mf0.0_seed42/families/family_015/misc/raxml_output.F81.raxml.rba

Parallelization scheme autoconfig: 8 worker(s) x 1 thread(s)

Parallel reduction/worker buffer size: 1 KB  / 0 KB

[00:00:00] Generating 10 random starting tree(s) with 20 taxa
[00:00:00] Generating 10 parsimony starting tree(s) with 20 taxa
[00:00:00] Data distribution: max. partitions/sites/weight per thread: 1 / 127 / 508
[00:00:00] Data distribution: max. searches per worker: 3

Starting ML tree search with 20 distinct starting trees

[00:00:00 -3407.278676] Initial branch length optimization
[00:00:00 -3123.120481] Model parameter optimization (eps = 10.000000)
[00:00:00 -3055.080682] AUTODETECT spr round 1 (radius: 5)
[00:00:00 -1644.816154] AUTODETECT spr round 2 (radius: 10)
[00:00:00 -1644.815870] SPR radius for FAST iterations: 5 (autodetect)
[00:00:00 -1644.815870] Model parameter optimization (eps = 3.000000)
[00:00:00 -1642.600116] FAST spr round 1 (radius: 5)
[00:00:00 -1604.154331] FAST spr round 2 (radius: 5)
[00:00:00 -1603.462301] FAST spr round 3 (radius: 5)
[00:00:00 -1602.888868] FAST spr round 4 (radius: 5)
[00:00:00] [worker #1] ML tree search #2, logLikelihood: -1602.693728
[00:00:00 -1602.796018] Model parameter optimization (eps = 1.000000)
[00:00:00] [worker #5] ML tree search #6, logLikelihood: -1602.693728
[00:00:00 -1602.693909] SLOW spr round 1 (radius: 5)
[00:00:00] [worker #3] ML tree search #4, logLikelihood: -1602.693728
[00:00:00] [worker #4] ML tree search #5, logLikelihood: -1604.273710
[00:00:00] [worker #2] ML tree search #3, logLikelihood: -1602.693729
[00:00:00] [worker #6] ML tree search #7, logLikelihood: -1602.693728
[00:00:00 -1602.693804] SLOW spr round 2 (radius: 10)
[00:00:00] [worker #7] ML tree search #8, logLikelihood: -1602.693728
[00:00:00] [worker #5] ML tree search #14, logLikelihood: -1604.273710
[00:00:00 -1602.693804] SLOW spr round 3 (radius: 15)
[00:00:00 -1602.693804] SLOW spr round 4 (radius: 20)
[00:00:00] [worker #3] ML tree search #12, logLikelihood: -1602.693728
[00:00:00 -1602.693804] Model parameter optimization (eps = 0.100000)

[00:00:00] [worker #0] ML tree search #1, logLikelihood: -1602.693728

[00:00:00 -3308.472533] Initial branch length optimization
[00:00:00 -2964.376959] Model parameter optimization (eps = 10.000000)
[00:00:00] [worker #1] ML tree search #10, logLikelihood: -1604.273710
[00:00:00 -2923.300534] AUTODETECT spr round 1 (radius: 5)
[00:00:00 -1633.071816] AUTODETECT spr round 2 (radius: 10)
[00:00:00] [worker #4] ML tree search #13, logLikelihood: -1604.273711
[00:00:00 -1633.071375] SPR radius for FAST iterations: 5 (autodetect)
[00:00:00 -1633.071375] Model parameter optimization (eps = 3.000000)
[00:00:00] [worker #6] ML tree search #15, logLikelihood: -1602.693729
[00:00:00 -1631.954177] FAST spr round 1 (radius: 5)
[00:00:00 -1604.518604] FAST spr round 2 (radius: 5)
[00:00:00] [worker #2] ML tree search #11, logLikelihood: -1602.693731
[00:00:00 -1604.322264] FAST spr round 3 (radius: 5)
[00:00:00] [worker #3] ML tree search #20, logLikelihood: -1602.693728
[00:00:00] [worker #1] ML tree search #18, logLikelihood: -1602.693728
[00:00:00 -1604.322263] Model parameter optimization (eps = 1.000000)
[00:00:00 -1604.273767] SLOW spr round 1 (radius: 5)
[00:00:00] [worker #7] ML tree search #16, logLikelihood: -1604.273711
[00:00:00 -1604.273734] SLOW spr round 2 (radius: 10)
[00:00:00 -1604.273734] SLOW spr round 3 (radius: 15)
[00:00:00 -1604.273734] SLOW spr round 4 (radius: 20)
[00:00:00 -1604.273734] Model parameter optimization (eps = 0.100000)

[00:00:00] [worker #0] ML tree search #9, logLikelihood: -1604.273710

[00:00:00 -1964.551227] Initial branch length optimization
[00:00:00 -1630.869097] Model parameter optimization (eps = 10.000000)
[00:00:00] [worker #2] ML tree search #19, logLikelihood: -1602.693729
[00:00:00 -1608.725175] AUTODETECT spr round 1 (radius: 5)
[00:00:00 -1603.373201] AUTODETECT spr round 2 (radius: 10)
[00:00:00 -1603.373199] SPR radius for FAST iterations: 5 (autodetect)
[00:00:00 -1603.373199] Model parameter optimization (eps = 3.000000)
[00:00:00 -1603.368264] FAST spr round 1 (radius: 5)
[00:00:00 -1602.837353] FAST spr round 2 (radius: 5)
[00:00:00 -1602.739750] Model parameter optimization (eps = 1.000000)
[00:00:00 -1602.693835] SLOW spr round 1 (radius: 5)
[00:00:00 -1602.693755] SLOW spr round 2 (radius: 10)
[00:00:00 -1602.693755] SLOW spr round 3 (radius: 15)
[00:00:00 -1602.693755] SLOW spr round 4 (radius: 20)
[00:00:00 -1602.693755] Model parameter optimization (eps = 0.100000)

[00:00:00] [worker #0] ML tree search #17, logLikelihood: -1602.693729


Optimized model parameters:

   Partition 0: noname
   Rate heterogeneity: NONE
   Base frequencies (ML): 0.290624 0.158168 0.345395 0.205813 
   Substitution rates (model): 1.000000 1.000000 1.000000 1.000000 1.000000 1.000000 


Final LogLikelihood: -1602.693728

AIC score: 3285.387455 / AICc score: 3305.266243 / BIC score: 3418.502502
Free parameters (model + branch lengths): 40

WARNING: Best ML tree contains 1 near-zero branches!

Best ML tree with collapsed near-zero branches saved to: /home/fili/Documents/KIT/2023/BA/code/output/families/ssim_NE_s20_f100_sites200_GTR_bl1.0_d0.0_l0.0_t0.0_gc0.0_p0.0_pop10_ms0.0_mf0.0_seed42/families/family_015/misc/raxml_output.F81.raxml.bestTreeCollapsed
Best ML tree saved to: /home/fili/Documents/KIT/2023/BA/code/output/families/ssim_NE_s20_f100_sites200_GTR_bl1.0_d0.0_l0.0_t0.0_gc0.0_p0.0_pop10_ms0.0_mf0.0_seed42/families/family_015/misc/raxml_output.F81.raxml.bestTree
All ML trees saved to: /home/fili/Documents/KIT/2023/BA/code/output/families/ssim_NE_s20_f100_sites200_GTR_bl1.0_d0.0_l0.0_t0.0_gc0.0_p0.0_pop10_ms0.0_mf0.0_seed42/families/family_015/misc/raxml_output.F81.raxml.mlTrees
Optimized model saved to: /home/fili/Documents/KIT/2023/BA/code/output/families/ssim_NE_s20_f100_sites200_GTR_bl1.0_d0.0_l0.0_t0.0_gc0.0_p0.0_pop10_ms0.0_mf0.0_seed42/families/family_015/misc/raxml_output.F81.raxml.bestModel

Execution log saved to: /home/fili/Documents/KIT/2023/BA/code/output/families/ssim_NE_s20_f100_sites200_GTR_bl1.0_d0.0_l0.0_t0.0_gc0.0_p0.0_pop10_ms0.0_mf0.0_seed42/families/family_015/misc/raxml_output.F81.raxml.log

Analysis started: 19-Jun-2023 17:10:50 / finished: 19-Jun-2023 17:10:51

Elapsed time: 0.397 seconds

