
RAxML-NG v. 1.1.0 released on 29.11.2021 by The Exelixis Lab.
Developed by: Alexey M. Kozlov and Alexandros Stamatakis.
Contributors: Diego Darriba, Tomas Flouri, Benoit Morel, Sarah Lutteropp, Ben Bettisworth.
Latest version: https://github.com/amkozlov/raxml-ng
Questions/problems/suggestions? Please visit: https://groups.google.com/forum/#!forum/raxml

System: AMD Ryzen 7 5800X 8-Core Processor, 8 cores, 31 GB RAM

RAxML-NG was called at 16-Jun-2023 09:59:02 as follows:

/home/fili/Documents/KIT/2023/BA/resources/tools/RAxML-NG/raxml-ng --msa /home/fili/Documents/KIT/2023/BA/code/output/families/ssim_NE_s20_f100_sites200_GTR_bl1.0_d0.0_l0.0_t0.0_gc0.0_p0.0_pop10_ms0.0_mf0.0_seed1007/families/family_074/alignment.msa --model F81 --prefix /home/fili/Documents/KIT/2023/BA/code/output/families/ssim_NE_s20_f100_sites200_GTR_bl1.0_d0.0_l0.0_t0.0_gc0.0_p0.0_pop10_ms0.0_mf0.0_seed1007/families/family_074/misc/raxml_output.F81

Analysis options:
  run mode: ML tree search
  start tree(s): random (10) + parsimony (10)
  random seed: 1686902342
  tip-inner: OFF
  pattern compression: ON
  per-rate scalers: OFF
  site repeats: ON
  fast spr radius: AUTO
  spr subtree cutoff: 1.000000
  branch lengths: proportional (ML estimate, algorithm: NR-FAST)
  SIMD kernels: AVX2
  parallelization: coarse-grained (auto), PTHREADS (auto)

[00:00:00] Reading alignment from file: /home/fili/Documents/KIT/2023/BA/code/output/families/ssim_NE_s20_f100_sites200_GTR_bl1.0_d0.0_l0.0_t0.0_gc0.0_p0.0_pop10_ms0.0_mf0.0_seed1007/families/family_074/alignment.msa
[00:00:00] Loaded alignment with 20 taxa and 222 sites

WARNING: Sequences 2_0_0 and 8_0_0 are exactly identical!
WARNING: Duplicate sequences found: 1

NOTE: Reduced alignment (with duplicates and gap-only sites/taxa removed) 
NOTE: was saved to: /home/fili/Documents/KIT/2023/BA/code/output/families/ssim_NE_s20_f100_sites200_GTR_bl1.0_d0.0_l0.0_t0.0_gc0.0_p0.0_pop10_ms0.0_mf0.0_seed1007/families/family_074/misc/raxml_output.F81.raxml.reduced.phy

Alignment comprises 1 partitions and 104 patterns

Partition 0: noname
Model: F81+FO
Alignment sites / patterns: 222 / 104
Gaps: 0.00 %
Invariant sites: 48.20 %


NOTE: Binary MSA file created: /home/fili/Documents/KIT/2023/BA/code/output/families/ssim_NE_s20_f100_sites200_GTR_bl1.0_d0.0_l0.0_t0.0_gc0.0_p0.0_pop10_ms0.0_mf0.0_seed1007/families/family_074/misc/raxml_output.F81.raxml.rba

Parallelization scheme autoconfig: 8 worker(s) x 1 thread(s)

Parallel reduction/worker buffer size: 1 KB  / 0 KB

[00:00:00] Generating 10 random starting tree(s) with 20 taxa
[00:00:00] Generating 10 parsimony starting tree(s) with 20 taxa
[00:00:00] Data distribution: max. partitions/sites/weight per thread: 1 / 104 / 416
[00:00:00] Data distribution: max. searches per worker: 3

Starting ML tree search with 20 distinct starting trees

[00:00:00 -2873.613297] Initial branch length optimization
[00:00:00 -2531.256009] Model parameter optimization (eps = 10.000000)
[00:00:00 -2512.232103] AUTODETECT spr round 1 (radius: 5)
[00:00:00 -1507.091533] AUTODETECT spr round 2 (radius: 10)
[00:00:00 -1507.091171] SPR radius for FAST iterations: 5 (autodetect)
[00:00:00 -1507.091171] Model parameter optimization (eps = 3.000000)
[00:00:00 -1505.970438] FAST spr round 1 (radius: 5)
[00:00:00 -1455.689831] FAST spr round 2 (radius: 5)
[00:00:00 -1452.496916] FAST spr round 3 (radius: 5)
[00:00:00 -1451.924434] FAST spr round 4 (radius: 5)
[00:00:00 -1451.924434] Model parameter optimization (eps = 1.000000)
[00:00:00 -1451.855776] SLOW spr round 1 (radius: 5)
[00:00:00] [worker #3] ML tree search #4, logLikelihood: -1451.855748
[00:00:00 -1451.855761] SLOW spr round 2 (radius: 10)
[00:00:00] [worker #6] ML tree search #7, logLikelihood: -1451.855748
[00:00:00] [worker #2] ML tree search #3, logLikelihood: -1451.855747
[00:00:00] [worker #1] ML tree search #2, logLikelihood: -1451.855747
[00:00:00 -1451.855761] SLOW spr round 3 (radius: 15)
[00:00:00 -1451.855761] SLOW spr round 4 (radius: 20)
[00:00:00 -1451.855761] Model parameter optimization (eps = 0.100000)

[00:00:00] [worker #0] ML tree search #1, logLikelihood: -1451.855752

[00:00:00 -3003.050077] Initial branch length optimization
[00:00:00 -2678.121061] Model parameter optimization (eps = 10.000000)
[00:00:00 -2659.631205] AUTODETECT spr round 1 (radius: 5)
[00:00:00 -1458.139679] AUTODETECT spr round 2 (radius: 10)
[00:00:00 -1458.139148] SPR radius for FAST iterations: 5 (autodetect)
[00:00:00 -1458.139148] Model parameter optimization (eps = 3.000000)
[00:00:00] [worker #7] ML tree search #8, logLikelihood: -1451.855746
[00:00:00 -1456.621905] FAST spr round 1 (radius: 5)
[00:00:00 -1454.330765] FAST spr round 2 (radius: 5)
[00:00:00] [worker #4] ML tree search #5, logLikelihood: -1451.855748
[00:00:00 -1453.595926] FAST spr round 3 (radius: 5)
[00:00:00 -1452.377516] FAST spr round 4 (radius: 5)
[00:00:00] [worker #3] ML tree search #12, logLikelihood: -1451.855759
[00:00:00] [worker #5] ML tree search #6, logLikelihood: -1451.855748
[00:00:00] [worker #6] ML tree search #15, logLikelihood: -1451.855746
[00:00:00 -1451.869807] FAST spr round 5 (radius: 5)
[00:00:00] [worker #2] ML tree search #11, logLikelihood: -1451.855747
[00:00:00 -1451.869806] Model parameter optimization (eps = 1.000000)
[00:00:00 -1451.855748] SLOW spr round 1 (radius: 5)
[00:00:00] [worker #1] ML tree search #10, logLikelihood: -1451.855746
[00:00:00] [worker #4] ML tree search #13, logLikelihood: -1451.855746
[00:00:00] [worker #7] ML tree search #16, logLikelihood: -1451.855748
[00:00:00 -1451.855748] SLOW spr round 2 (radius: 10)
[00:00:00] [worker #3] ML tree search #20, logLikelihood: -1451.855747
[00:00:00] [worker #5] ML tree search #14, logLikelihood: -1451.855747
[00:00:00] [worker #2] ML tree search #19, logLikelihood: -1451.855748
[00:00:00 -1451.855748] SLOW spr round 3 (radius: 15)
[00:00:00 -1451.855748] SLOW spr round 4 (radius: 20)
[00:00:00 -1451.855748] Model parameter optimization (eps = 0.100000)

[00:00:00] [worker #0] ML tree search #9, logLikelihood: -1451.855747

[00:00:00 -1856.077339] Initial branch length optimization
[00:00:00 -1474.039451] Model parameter optimization (eps = 10.000000)
[00:00:00 -1459.933358] AUTODETECT spr round 1 (radius: 5)
[00:00:00 -1452.457338] AUTODETECT spr round 2 (radius: 10)
[00:00:00 -1452.456515] SPR radius for FAST iterations: 5 (autodetect)
[00:00:00 -1452.456515] Model parameter optimization (eps = 3.000000)
[00:00:00 -1452.390361] FAST spr round 1 (radius: 5)
[00:00:00 -1451.865258] FAST spr round 2 (radius: 5)
[00:00:00 -1451.865258] Model parameter optimization (eps = 1.000000)
[00:00:00 -1451.855747] SLOW spr round 1 (radius: 5)
[00:00:00] [worker #1] ML tree search #18, logLikelihood: -1451.855758
[00:00:00 -1451.855747] SLOW spr round 2 (radius: 10)
[00:00:00 -1451.855747] SLOW spr round 3 (radius: 15)
[00:00:00 -1451.855747] SLOW spr round 4 (radius: 20)
[00:00:00 -1451.855747] Model parameter optimization (eps = 0.100000)

[00:00:00] [worker #0] ML tree search #17, logLikelihood: -1451.855747


Optimized model parameters:

   Partition 0: noname
   Rate heterogeneity: NONE
   Base frequencies (ML): 0.189988 0.198675 0.254400 0.356937 
   Substitution rates (model): 1.000000 1.000000 1.000000 1.000000 1.000000 1.000000 


Final LogLikelihood: -1451.855746

AIC score: 2983.711492 / AICc score: 3001.833039 / BIC score: 3119.818587
Free parameters (model + branch lengths): 40

WARNING: Best ML tree contains 1 near-zero branches!

Best ML tree with collapsed near-zero branches saved to: /home/fili/Documents/KIT/2023/BA/code/output/families/ssim_NE_s20_f100_sites200_GTR_bl1.0_d0.0_l0.0_t0.0_gc0.0_p0.0_pop10_ms0.0_mf0.0_seed1007/families/family_074/misc/raxml_output.F81.raxml.bestTreeCollapsed
Best ML tree saved to: /home/fili/Documents/KIT/2023/BA/code/output/families/ssim_NE_s20_f100_sites200_GTR_bl1.0_d0.0_l0.0_t0.0_gc0.0_p0.0_pop10_ms0.0_mf0.0_seed1007/families/family_074/misc/raxml_output.F81.raxml.bestTree
All ML trees saved to: /home/fili/Documents/KIT/2023/BA/code/output/families/ssim_NE_s20_f100_sites200_GTR_bl1.0_d0.0_l0.0_t0.0_gc0.0_p0.0_pop10_ms0.0_mf0.0_seed1007/families/family_074/misc/raxml_output.F81.raxml.mlTrees
Optimized model saved to: /home/fili/Documents/KIT/2023/BA/code/output/families/ssim_NE_s20_f100_sites200_GTR_bl1.0_d0.0_l0.0_t0.0_gc0.0_p0.0_pop10_ms0.0_mf0.0_seed1007/families/family_074/misc/raxml_output.F81.raxml.bestModel

Execution log saved to: /home/fili/Documents/KIT/2023/BA/code/output/families/ssim_NE_s20_f100_sites200_GTR_bl1.0_d0.0_l0.0_t0.0_gc0.0_p0.0_pop10_ms0.0_mf0.0_seed1007/families/family_074/misc/raxml_output.F81.raxml.log

Analysis started: 16-Jun-2023 09:59:02 / finished: 16-Jun-2023 09:59:02

Elapsed time: 0.249 seconds

