
RAxML-NG v. 1.1.0 released on 29.11.2021 by The Exelixis Lab.
Developed by: Alexey M. Kozlov and Alexandros Stamatakis.
Contributors: Diego Darriba, Tomas Flouri, Benoit Morel, Sarah Lutteropp, Ben Bettisworth.
Latest version: https://github.com/amkozlov/raxml-ng
Questions/problems/suggestions? Please visit: https://groups.google.com/forum/#!forum/raxml

System: AMD Ryzen 7 5800X 8-Core Processor, 8 cores, 31 GB RAM

RAxML-NG was called at 27-Jun-2023 12:59:29 as follows:

/home/fili/Documents/KIT/2023/BA/resources/tools/RAxML-NG/raxml-ng --msa /home/fili/Documents/KIT/2023/BA/code/output/families/ssim_DL_s20_f100_sites200_GTR_bl1.0_d1.0_l1.0_t0.0_gc0.0_p0.0_pop10_ms0.0_mf0.0_seed42/families/family_064/alignment.msa --model F81 --prefix /home/fili/Documents/KIT/2023/BA/code/output/families/ssim_DL_s20_f100_sites200_GTR_bl1.0_d1.0_l1.0_t0.0_gc0.0_p0.0_pop10_ms0.0_mf0.0_seed42/families/family_064/misc/raxml_output.F81

Analysis options:
  run mode: ML tree search
  start tree(s): random (10) + parsimony (10)
  random seed: 1687863569
  tip-inner: OFF
  pattern compression: ON
  per-rate scalers: OFF
  site repeats: ON
  fast spr radius: AUTO
  spr subtree cutoff: 1.000000
  branch lengths: proportional (ML estimate, algorithm: NR-FAST)
  SIMD kernels: AVX2
  parallelization: coarse-grained (auto), PTHREADS (auto)

[00:00:00] Reading alignment from file: /home/fili/Documents/KIT/2023/BA/code/output/families/ssim_DL_s20_f100_sites200_GTR_bl1.0_d1.0_l1.0_t0.0_gc0.0_p0.0_pop10_ms0.0_mf0.0_seed42/families/family_064/alignment.msa
[00:00:00] Loaded alignment with 20 taxa and 165 sites

WARNING: Sequences 2_0_0 and 3_0_0 are exactly identical!
WARNING: Sequences 4_0_0 and 12_0_0 are exactly identical!
WARNING: Sequences 13_0_0 and 9_0_0 are exactly identical!
WARNING: Duplicate sequences found: 3

NOTE: Reduced alignment (with duplicates and gap-only sites/taxa removed) 
NOTE: was saved to: /home/fili/Documents/KIT/2023/BA/code/output/families/ssim_DL_s20_f100_sites200_GTR_bl1.0_d1.0_l1.0_t0.0_gc0.0_p0.0_pop10_ms0.0_mf0.0_seed42/families/family_064/misc/raxml_output.F81.raxml.reduced.phy

Alignment comprises 1 partitions and 99 patterns

Partition 0: noname
Model: F81+FO
Alignment sites / patterns: 165 / 99
Gaps: 0.00 %
Invariant sites: 35.15 %


NOTE: Binary MSA file created: /home/fili/Documents/KIT/2023/BA/code/output/families/ssim_DL_s20_f100_sites200_GTR_bl1.0_d1.0_l1.0_t0.0_gc0.0_p0.0_pop10_ms0.0_mf0.0_seed42/families/family_064/misc/raxml_output.F81.raxml.rba

Parallelization scheme autoconfig: 8 worker(s) x 1 thread(s)

Parallel reduction/worker buffer size: 1 KB  / 0 KB

[00:00:00] Generating 10 random starting tree(s) with 20 taxa
[00:00:00] Generating 10 parsimony starting tree(s) with 20 taxa
[00:00:00] Data distribution: max. partitions/sites/weight per thread: 1 / 99 / 396
[00:00:00] Data distribution: max. searches per worker: 3

Starting ML tree search with 20 distinct starting trees

[00:00:00 -2431.574901] Initial branch length optimization
[00:00:00 -2145.600094] Model parameter optimization (eps = 10.000000)
[00:00:00 -2058.672805] AUTODETECT spr round 1 (radius: 5)
[00:00:00 -1166.068052] AUTODETECT spr round 2 (radius: 10)
[00:00:00 -1153.360110] AUTODETECT spr round 3 (radius: 15)
[00:00:00 -1153.359404] SPR radius for FAST iterations: 10 (autodetect)
[00:00:00 -1153.359404] Model parameter optimization (eps = 3.000000)
[00:00:00 -1151.144806] FAST spr round 1 (radius: 10)
[00:00:00 -1094.969550] FAST spr round 2 (radius: 10)
[00:00:00 -1094.969368] Model parameter optimization (eps = 1.000000)
[00:00:00 -1094.940558] SLOW spr round 1 (radius: 5)
[00:00:00 -1094.940386] SLOW spr round 2 (radius: 10)
[00:00:00 -1094.940259] SLOW spr round 3 (radius: 15)
[00:00:00] [worker #6] ML tree search #7, logLikelihood: -1094.515570
[00:00:00 -1094.940149] SLOW spr round 4 (radius: 20)
[00:00:00] [worker #4] ML tree search #5, logLikelihood: -1095.061427
[00:00:00 -1094.940052] Model parameter optimization (eps = 0.100000)

[00:00:00] [worker #0] ML tree search #1, logLikelihood: -1094.939972

[00:00:00] [worker #7] ML tree search #8, logLikelihood: -1094.515570
[00:00:00 -2182.603617] Initial branch length optimization
[00:00:00 -1933.118009] Model parameter optimization (eps = 10.000000)
[00:00:00] [worker #5] ML tree search #6, logLikelihood: -1094.515570
[00:00:00] [worker #1] ML tree search #2, logLikelihood: -1094.515572
[00:00:00 -1852.219103] AUTODETECT spr round 1 (radius: 5)
[00:00:00] [worker #2] ML tree search #3, logLikelihood: -1094.940180
[00:00:00] [worker #3] ML tree search #4, logLikelihood: -1094.515570
[00:00:00 -1119.913396] AUTODETECT spr round 2 (radius: 10)
[00:00:00 -1119.913042] SPR radius for FAST iterations: 5 (autodetect)
[00:00:00 -1119.913042] Model parameter optimization (eps = 3.000000)
[00:00:00 -1118.660209] FAST spr round 1 (radius: 5)
[00:00:00 -1100.038366] FAST spr round 2 (radius: 5)
[00:00:00 -1095.010632] FAST spr round 3 (radius: 5)
[00:00:00 -1095.010416] Model parameter optimization (eps = 1.000000)
[00:00:00 -1094.940836] SLOW spr round 1 (radius: 5)
[00:00:00] [worker #6] ML tree search #15, logLikelihood: -1095.061427
[00:00:00] [worker #4] ML tree search #13, logLikelihood: -1094.940756
[00:00:00] [worker #5] ML tree search #14, logLikelihood: -1094.515570
[00:00:00 -1094.940622] SLOW spr round 2 (radius: 10)
[00:00:00] [worker #3] ML tree search #12, logLikelihood: -1095.061427
[00:00:00] [worker #2] ML tree search #11, logLikelihood: -1095.061427
[00:00:00] [worker #7] ML tree search #16, logLikelihood: -1094.515570
[00:00:00 -1094.940469] SLOW spr round 3 (radius: 15)
[00:00:00 -1094.940335] SLOW spr round 4 (radius: 20)
[00:00:00 -1094.940218] Model parameter optimization (eps = 0.100000)

[00:00:00] [worker #0] ML tree search #9, logLikelihood: -1094.940102

[00:00:00 -1465.259608] Initial branch length optimization
[00:00:00 -1132.875502] Model parameter optimization (eps = 10.000000)
[00:00:00] [worker #1] ML tree search #10, logLikelihood: -1094.515571
[00:00:00 -1095.061504] AUTODETECT spr round 1 (radius: 5)
[00:00:00 -1095.061452] SPR radius for FAST iterations: 5 (autodetect)
[00:00:00 -1095.061452] Model parameter optimization (eps = 3.000000)
[00:00:00 -1095.061427] FAST spr round 1 (radius: 5)
[00:00:00 -1095.061427] Model parameter optimization (eps = 1.000000)
[00:00:00 -1095.061427] SLOW spr round 1 (radius: 5)
[00:00:00 -1095.061427] SLOW spr round 2 (radius: 10)
[00:00:00] [worker #3] ML tree search #20, logLikelihood: -1094.515570
[00:00:00] [worker #2] ML tree search #19, logLikelihood: -1094.515569
[00:00:00 -1095.061427] SLOW spr round 3 (radius: 15)
[00:00:00 -1095.061427] SLOW spr round 4 (radius: 20)
[00:00:00 -1095.061427] Model parameter optimization (eps = 0.100000)

[00:00:00] [worker #0] ML tree search #17, logLikelihood: -1095.061427

[00:00:00] [worker #1] ML tree search #18, logLikelihood: -1094.515570

Optimized model parameters:

   Partition 0: noname
   Rate heterogeneity: NONE
   Base frequencies (ML): 0.327545 0.157148 0.389798 0.125508 
   Substitution rates (model): 1.000000 1.000000 1.000000 1.000000 1.000000 1.000000 


Final LogLikelihood: -1094.515569

AIC score: 2269.031139 / AICc score: 2295.482752 / BIC score: 2393.268958
Free parameters (model + branch lengths): 40

WARNING: Best ML tree contains 1 near-zero branches!

Best ML tree with collapsed near-zero branches saved to: /home/fili/Documents/KIT/2023/BA/code/output/families/ssim_DL_s20_f100_sites200_GTR_bl1.0_d1.0_l1.0_t0.0_gc0.0_p0.0_pop10_ms0.0_mf0.0_seed42/families/family_064/misc/raxml_output.F81.raxml.bestTreeCollapsed
Best ML tree saved to: /home/fili/Documents/KIT/2023/BA/code/output/families/ssim_DL_s20_f100_sites200_GTR_bl1.0_d1.0_l1.0_t0.0_gc0.0_p0.0_pop10_ms0.0_mf0.0_seed42/families/family_064/misc/raxml_output.F81.raxml.bestTree
All ML trees saved to: /home/fili/Documents/KIT/2023/BA/code/output/families/ssim_DL_s20_f100_sites200_GTR_bl1.0_d1.0_l1.0_t0.0_gc0.0_p0.0_pop10_ms0.0_mf0.0_seed42/families/family_064/misc/raxml_output.F81.raxml.mlTrees
Optimized model saved to: /home/fili/Documents/KIT/2023/BA/code/output/families/ssim_DL_s20_f100_sites200_GTR_bl1.0_d1.0_l1.0_t0.0_gc0.0_p0.0_pop10_ms0.0_mf0.0_seed42/families/family_064/misc/raxml_output.F81.raxml.bestModel

Execution log saved to: /home/fili/Documents/KIT/2023/BA/code/output/families/ssim_DL_s20_f100_sites200_GTR_bl1.0_d1.0_l1.0_t0.0_gc0.0_p0.0_pop10_ms0.0_mf0.0_seed42/families/family_064/misc/raxml_output.F81.raxml.log

Analysis started: 27-Jun-2023 12:59:29 / finished: 27-Jun-2023 12:59:30

Elapsed time: 0.191 seconds

