
RAxML-NG v. 1.1.0 released on 29.11.2021 by The Exelixis Lab.
Developed by: Alexey M. Kozlov and Alexandros Stamatakis.
Contributors: Diego Darriba, Tomas Flouri, Benoit Morel, Sarah Lutteropp, Ben Bettisworth.
Latest version: https://github.com/amkozlov/raxml-ng
Questions/problems/suggestions? Please visit: https://groups.google.com/forum/#!forum/raxml

System: AMD Ryzen 7 5800X 8-Core Processor, 8 cores, 31 GB RAM

RAxML-NG was called at 12-Jun-2023 12:41:45 as follows:

/home/fili/Documents/KIT/2023/BA/resources/tools/RAxML-NG/raxml-ng --msa /home/fili/Documents/KIT/2023/BA/code/output/families/ssim_dtl_s20_f100_sites200_GTR_bl1.0_d0.0_l0.0_t1.0_gc0.0_p0.0_pop10_ms0.0_mf0.0_seed42/families/family_013/alignment.msa --model GTR+G --prefix /home/fili/Documents/KIT/2023/BA/code/output/families/ssim_dtl_s20_f100_sites200_GTR_bl1.0_d0.0_l0.0_t1.0_gc0.0_p0.0_pop10_ms0.0_mf0.0_seed42/families/family_013/misc/raxml_output.GTR+G

Analysis options:
  run mode: ML tree search
  start tree(s): random (10) + parsimony (10)
  random seed: 1686566505
  tip-inner: OFF
  pattern compression: ON
  per-rate scalers: OFF
  site repeats: ON
  fast spr radius: AUTO
  spr subtree cutoff: 1.000000
  branch lengths: proportional (ML estimate, algorithm: NR-FAST)
  SIMD kernels: AVX2
  parallelization: coarse-grained (auto), PTHREADS (auto)

[00:00:00] Reading alignment from file: /home/fili/Documents/KIT/2023/BA/code/output/families/ssim_dtl_s20_f100_sites200_GTR_bl1.0_d0.0_l0.0_t1.0_gc0.0_p0.0_pop10_ms0.0_mf0.0_seed42/families/family_013/alignment.msa
[00:00:00] Loaded alignment with 20 taxa and 148 sites

WARNING: Sequences 5_0_0 and 20_0_0 are exactly identical!
WARNING: Sequences 13_0_0 and 9_0_0 are exactly identical!
WARNING: Sequences 13_0_0 and 7_0_0 are exactly identical!
WARNING: Sequences 3_0_0 and 2_0_0 are exactly identical!
WARNING: Sequences 3_0_0 and 1_0_0 are exactly identical!
WARNING: Duplicate sequences found: 5

NOTE: Reduced alignment (with duplicates and gap-only sites/taxa removed) 
NOTE: was saved to: /home/fili/Documents/KIT/2023/BA/code/output/families/ssim_dtl_s20_f100_sites200_GTR_bl1.0_d0.0_l0.0_t1.0_gc0.0_p0.0_pop10_ms0.0_mf0.0_seed42/families/family_013/misc/raxml_output.GTR+G.raxml.reduced.phy

Alignment comprises 1 partitions and 60 patterns

Partition 0: noname
Model: GTR+FO+G4m
Alignment sites / patterns: 148 / 60
Gaps: 0.00 %
Invariant sites: 58.78 %


NOTE: Binary MSA file created: /home/fili/Documents/KIT/2023/BA/code/output/families/ssim_dtl_s20_f100_sites200_GTR_bl1.0_d0.0_l0.0_t1.0_gc0.0_p0.0_pop10_ms0.0_mf0.0_seed42/families/family_013/misc/raxml_output.GTR+G.raxml.rba

Parallelization scheme autoconfig: 8 worker(s) x 1 thread(s)

Parallel reduction/worker buffer size: 1 KB  / 0 KB

[00:00:00] Generating 10 random starting tree(s) with 20 taxa
[00:00:00] Generating 10 parsimony starting tree(s) with 20 taxa
[00:00:00] Data distribution: max. partitions/sites/weight per thread: 1 / 60 / 960
[00:00:00] Data distribution: max. searches per worker: 3

Starting ML tree search with 20 distinct starting trees

[00:00:00 -1410.460127] Initial branch length optimization
[00:00:00 -1223.122825] Model parameter optimization (eps = 10.000000)
[00:00:00 -1027.497969] AUTODETECT spr round 1 (radius: 5)
[00:00:00 -761.249814] AUTODETECT spr round 2 (radius: 10)
[00:00:00 -687.407859] AUTODETECT spr round 3 (radius: 15)
[00:00:00 -687.401603] SPR radius for FAST iterations: 10 (autodetect)
[00:00:00 -687.401603] Model parameter optimization (eps = 3.000000)
[00:00:00 -679.246680] FAST spr round 1 (radius: 10)
[00:00:00 -654.221065] FAST spr round 2 (radius: 10)
[00:00:00 -652.901613] FAST spr round 3 (radius: 10)
[00:00:00 -652.901607] Model parameter optimization (eps = 1.000000)
[00:00:00 -651.624810] SLOW spr round 1 (radius: 5)
[00:00:00] [worker #7] ML tree search #8, logLikelihood: -651.624273
[00:00:00] [worker #3] ML tree search #4, logLikelihood: -651.618562
[00:00:00 -651.624739] SLOW spr round 2 (radius: 10)
[00:00:00] [worker #5] ML tree search #6, logLikelihood: -651.619569
[00:00:00] [worker #1] ML tree search #2, logLikelihood: -651.617883
[00:00:00] [worker #2] ML tree search #3, logLikelihood: -651.632168
[00:00:00 -651.624739] SLOW spr round 3 (radius: 15)
[00:00:00 -651.624739] SLOW spr round 4 (radius: 20)
[00:00:00 -651.624739] Model parameter optimization (eps = 0.100000)

[00:00:00] [worker #0] ML tree search #1, logLikelihood: -651.624212

[00:00:00 -1551.128296] Initial branch length optimization
[00:00:00] [worker #6] ML tree search #7, logLikelihood: -651.617968
[00:00:00 -1355.136213] Model parameter optimization (eps = 10.000000)
[00:00:00] [worker #4] ML tree search #5, logLikelihood: -651.641691
[00:00:00 -1119.719926] AUTODETECT spr round 1 (radius: 5)
[00:00:00] [worker #7] ML tree search #16, logLikelihood: -651.628665
[00:00:00 -719.465034] AUTODETECT spr round 2 (radius: 10)
[00:00:00] [worker #3] ML tree search #12, logLikelihood: -651.627576
[00:00:00 -718.305478] AUTODETECT spr round 3 (radius: 15)
[00:00:00 -718.271243] SPR radius for FAST iterations: 10 (autodetect)
[00:00:00 -718.271243] Model parameter optimization (eps = 3.000000)
[00:00:00] [worker #5] ML tree search #14, logLikelihood: -651.629211
[00:00:00 -713.587546] FAST spr round 1 (radius: 10)
[00:00:00 -655.209852] FAST spr round 2 (radius: 10)
[00:00:00] [worker #6] ML tree search #15, logLikelihood: -651.626801
[00:00:00 -655.209603] Model parameter optimization (eps = 1.000000)
[00:00:00] [worker #2] ML tree search #11, logLikelihood: -651.625746
[00:00:00 -651.702901] SLOW spr round 1 (radius: 5)
[00:00:00] [worker #4] ML tree search #13, logLikelihood: -651.626956
[00:00:00] [worker #3] ML tree search #20, logLikelihood: -651.627423
[00:00:00 -651.700806] SLOW spr round 2 (radius: 10)
[00:00:00] [worker #1] ML tree search #10, logLikelihood: -651.626438
[00:00:00 -651.700804] SLOW spr round 3 (radius: 15)
[00:00:00 -651.700804] SLOW spr round 4 (radius: 20)
[00:00:00 -651.700804] Model parameter optimization (eps = 0.100000)

[00:00:00] [worker #0] ML tree search #9, logLikelihood: -651.647834

[00:00:00 -908.587925] Initial branch length optimization
[00:00:00 -735.468048] Model parameter optimization (eps = 10.000000)
[00:00:00 -656.724023] AUTODETECT spr round 1 (radius: 5)
[00:00:00 -652.440348] AUTODETECT spr round 2 (radius: 10)
[00:00:00 -652.433563] SPR radius for FAST iterations: 5 (autodetect)
[00:00:00 -652.433563] Model parameter optimization (eps = 3.000000)
[00:00:00 -651.710950] FAST spr round 1 (radius: 5)
[00:00:00 -651.695601] Model parameter optimization (eps = 1.000000)
[00:00:00 -651.640569] SLOW spr round 1 (radius: 5)
[00:00:00] [worker #2] ML tree search #19, logLikelihood: -651.628576
[00:00:00 -651.637158] SLOW spr round 2 (radius: 10)
[00:00:00 -651.637156] SLOW spr round 3 (radius: 15)
[00:00:00 -651.637156] SLOW spr round 4 (radius: 20)
[00:00:00 -651.637156] Model parameter optimization (eps = 0.100000)

[00:00:00] [worker #0] ML tree search #17, logLikelihood: -651.626584

[00:00:00] [worker #1] ML tree search #18, logLikelihood: -651.629011

Optimized model parameters:

   Partition 0: noname
   Rate heterogeneity: GAMMA (4 cats, mean),  alpha: 0.431247 (ML),  weights&rates: (0.250000,0.021468) (0.250000,0.204688) (0.250000,0.762995) (0.250000,3.010849) 
   Base frequencies (ML): 0.283916 0.214201 0.235842 0.266040 
   Substitution rates (ML): 1.806075 24.553812 0.001000 0.960098 4.014479 1.000000 


Final LogLikelihood: -651.617883

AIC score: 1395.235766 / AICc score: 1438.047648 / BIC score: 1533.107531
Free parameters (model + branch lengths): 46

WARNING: Best ML tree contains 4 near-zero branches!

Best ML tree with collapsed near-zero branches saved to: /home/fili/Documents/KIT/2023/BA/code/output/families/ssim_dtl_s20_f100_sites200_GTR_bl1.0_d0.0_l0.0_t1.0_gc0.0_p0.0_pop10_ms0.0_mf0.0_seed42/families/family_013/misc/raxml_output.GTR+G.raxml.bestTreeCollapsed
Best ML tree saved to: /home/fili/Documents/KIT/2023/BA/code/output/families/ssim_dtl_s20_f100_sites200_GTR_bl1.0_d0.0_l0.0_t1.0_gc0.0_p0.0_pop10_ms0.0_mf0.0_seed42/families/family_013/misc/raxml_output.GTR+G.raxml.bestTree
All ML trees saved to: /home/fili/Documents/KIT/2023/BA/code/output/families/ssim_dtl_s20_f100_sites200_GTR_bl1.0_d0.0_l0.0_t1.0_gc0.0_p0.0_pop10_ms0.0_mf0.0_seed42/families/family_013/misc/raxml_output.GTR+G.raxml.mlTrees
Optimized model saved to: /home/fili/Documents/KIT/2023/BA/code/output/families/ssim_dtl_s20_f100_sites200_GTR_bl1.0_d0.0_l0.0_t1.0_gc0.0_p0.0_pop10_ms0.0_mf0.0_seed42/families/family_013/misc/raxml_output.GTR+G.raxml.bestModel

Execution log saved to: /home/fili/Documents/KIT/2023/BA/code/output/families/ssim_dtl_s20_f100_sites200_GTR_bl1.0_d0.0_l0.0_t1.0_gc0.0_p0.0_pop10_ms0.0_mf0.0_seed42/families/family_013/misc/raxml_output.GTR+G.raxml.log

Analysis started: 12-Jun-2023 12:41:45 / finished: 12-Jun-2023 12:41:46

Elapsed time: 0.483 seconds

