
RAxML-NG v. 1.1.0 released on 29.11.2021 by The Exelixis Lab.
Developed by: Alexey M. Kozlov and Alexandros Stamatakis.
Contributors: Diego Darriba, Tomas Flouri, Benoit Morel, Sarah Lutteropp, Ben Bettisworth.
Latest version: https://github.com/amkozlov/raxml-ng
Questions/problems/suggestions? Please visit: https://groups.google.com/forum/#!forum/raxml

System: AMD Ryzen 7 5800X 8-Core Processor, 8 cores, 31 GB RAM

RAxML-NG was called at 13-Jun-2023 13:44:02 as follows:

/home/fili/Documents/KIT/2023/BA/resources/tools/RAxML-NG/raxml-ng --msa /home/fili/Documents/KIT/2023/BA/code/output/families/ssim_NE_s20_f100_sites200_GTR_bl1.0_d0.0_l0.0_t0.0_gc0.0_p0.0_pop10_ms0.0_mf0.0_seed42/families/family_041/alignment.msa --model F81 --prefix /home/fili/Documents/KIT/2023/BA/code/output/families/ssim_NE_s20_f100_sites200_GTR_bl1.0_d0.0_l0.0_t0.0_gc0.0_p0.0_pop10_ms0.0_mf0.0_seed42/families/family_041/misc/raxml_output.F81

Analysis options:
  run mode: ML tree search
  start tree(s): random (10) + parsimony (10)
  random seed: 1686656642
  tip-inner: OFF
  pattern compression: ON
  per-rate scalers: OFF
  site repeats: ON
  fast spr radius: AUTO
  spr subtree cutoff: 1.000000
  branch lengths: proportional (ML estimate, algorithm: NR-FAST)
  SIMD kernels: AVX2
  parallelization: coarse-grained (auto), PTHREADS (auto)

[00:00:00] Reading alignment from file: /home/fili/Documents/KIT/2023/BA/code/output/families/ssim_NE_s20_f100_sites200_GTR_bl1.0_d0.0_l0.0_t0.0_gc0.0_p0.0_pop10_ms0.0_mf0.0_seed42/families/family_041/alignment.msa
[00:00:00] Loaded alignment with 20 taxa and 295 sites

WARNING: Sequences 10_0_0 and 12_0_0 are exactly identical!
WARNING: Sequences 9_0_0 and 13_0_0 are exactly identical!
WARNING: Duplicate sequences found: 2

NOTE: Reduced alignment (with duplicates and gap-only sites/taxa removed) 
NOTE: was saved to: /home/fili/Documents/KIT/2023/BA/code/output/families/ssim_NE_s20_f100_sites200_GTR_bl1.0_d0.0_l0.0_t0.0_gc0.0_p0.0_pop10_ms0.0_mf0.0_seed42/families/family_041/misc/raxml_output.F81.raxml.reduced.phy

Alignment comprises 1 partitions and 126 patterns

Partition 0: noname
Model: F81+FO
Alignment sites / patterns: 295 / 126
Gaps: 0.00 %
Invariant sites: 45.42 %


NOTE: Binary MSA file created: /home/fili/Documents/KIT/2023/BA/code/output/families/ssim_NE_s20_f100_sites200_GTR_bl1.0_d0.0_l0.0_t0.0_gc0.0_p0.0_pop10_ms0.0_mf0.0_seed42/families/family_041/misc/raxml_output.F81.raxml.rba

Parallelization scheme autoconfig: 8 worker(s) x 1 thread(s)

Parallel reduction/worker buffer size: 1 KB  / 0 KB

[00:00:00] Generating 10 random starting tree(s) with 20 taxa
[00:00:00] Generating 10 parsimony starting tree(s) with 20 taxa
[00:00:00] Data distribution: max. partitions/sites/weight per thread: 1 / 126 / 504
[00:00:00] Data distribution: max. searches per worker: 3

Starting ML tree search with 20 distinct starting trees

[00:00:00 -3703.687325] Initial branch length optimization
[00:00:00 -3198.146473] Model parameter optimization (eps = 10.000000)
[00:00:00 -3062.662379] AUTODETECT spr round 1 (radius: 5)
[00:00:00 -1727.456579] AUTODETECT spr round 2 (radius: 10)
[00:00:00 -1719.416934] AUTODETECT spr round 3 (radius: 15)
[00:00:00 -1719.416880] SPR radius for FAST iterations: 10 (autodetect)
[00:00:00 -1719.416880] Model parameter optimization (eps = 3.000000)
[00:00:00 -1715.058014] FAST spr round 1 (radius: 10)
[00:00:00 -1698.215366] FAST spr round 2 (radius: 10)
[00:00:00 -1697.539953] FAST spr round 3 (radius: 10)
[00:00:00 -1697.539504] Model parameter optimization (eps = 1.000000)
[00:00:00 -1697.454424] SLOW spr round 1 (radius: 5)
[00:00:00 -1697.454339] SLOW spr round 2 (radius: 10)
[00:00:00] [worker #7] ML tree search #8, logLikelihood: -1696.994587
[00:00:00] [worker #6] ML tree search #7, logLikelihood: -1697.454183
[00:00:00] [worker #1] ML tree search #2, logLikelihood: -1698.055054
[00:00:00 -1697.454292] SLOW spr round 3 (radius: 15)
[00:00:00] [worker #2] ML tree search #3, logLikelihood: -1696.994587
[00:00:00 -1697.454248] SLOW spr round 4 (radius: 20)
[00:00:00 -1697.454207] Model parameter optimization (eps = 0.100000)

[00:00:00] [worker #0] ML tree search #1, logLikelihood: -1697.454128

[00:00:00] [worker #5] ML tree search #6, logLikelihood: -1696.994587
[00:00:00] [worker #3] ML tree search #4, logLikelihood: -1696.994587
[00:00:00 -3520.882839] Initial branch length optimization
[00:00:00 -2990.482965] Model parameter optimization (eps = 10.000000)
[00:00:00 -2871.039773] AUTODETECT spr round 1 (radius: 5)
[00:00:00] [worker #4] ML tree search #5, logLikelihood: -1697.454919
[00:00:00 -1706.207084] AUTODETECT spr round 2 (radius: 10)
[00:00:00 -1706.207060] SPR radius for FAST iterations: 5 (autodetect)
[00:00:00 -1706.207060] Model parameter optimization (eps = 3.000000)
[00:00:00 -1702.946065] FAST spr round 1 (radius: 5)
[00:00:00 -1697.368018] FAST spr round 2 (radius: 5)
[00:00:00 -1697.046407] FAST spr round 3 (radius: 5)
[00:00:00 -1697.046405] Model parameter optimization (eps = 1.000000)
[00:00:00 -1696.994608] SLOW spr round 1 (radius: 5)
[00:00:00] [worker #7] ML tree search #16, logLikelihood: -1698.056437
[00:00:00] [worker #6] ML tree search #15, logLikelihood: -1696.994587
[00:00:00] [worker #2] ML tree search #11, logLikelihood: -1697.453617
[00:00:00] [worker #5] ML tree search #14, logLikelihood: -1696.994587
[00:00:00 -1696.994599] SLOW spr round 2 (radius: 10)
[00:00:00] [worker #1] ML tree search #10, logLikelihood: -1696.994587
[00:00:00] [worker #4] ML tree search #13, logLikelihood: -1698.055055
[00:00:00] [worker #3] ML tree search #12, logLikelihood: -1697.454232
[00:00:00 -1696.994599] SLOW spr round 3 (radius: 15)
[00:00:00 -1696.994599] SLOW spr round 4 (radius: 20)
[00:00:00 -1696.994599] Model parameter optimization (eps = 0.100000)

[00:00:00] [worker #0] ML tree search #9, logLikelihood: -1696.994587

[00:00:00 -2406.712968] Initial branch length optimization
[00:00:00 -1751.135528] Model parameter optimization (eps = 10.000000)
[00:00:00 -1698.080190] AUTODETECT spr round 1 (radius: 5)
[00:00:00 -1697.456920] AUTODETECT spr round 2 (radius: 10)
[00:00:00 -1697.456827] SPR radius for FAST iterations: 5 (autodetect)
[00:00:00 -1697.456827] Model parameter optimization (eps = 3.000000)
[00:00:00 -1697.455552] FAST spr round 1 (radius: 5)
[00:00:00 -1697.455413] Model parameter optimization (eps = 1.000000)
[00:00:00 -1697.455348] SLOW spr round 1 (radius: 5)
[00:00:00] [worker #2] ML tree search #19, logLikelihood: -1696.994587
[00:00:00 -1697.455224] SLOW spr round 2 (radius: 10)
[00:00:00] [worker #1] ML tree search #18, logLikelihood: -1696.994587
[00:00:00] [worker #3] ML tree search #20, logLikelihood: -1698.056462
[00:00:00 -1697.455108] SLOW spr round 3 (radius: 15)
[00:00:00 -1697.455002] SLOW spr round 4 (radius: 20)
[00:00:00 -1697.454879] Model parameter optimization (eps = 0.100000)

[00:00:00] [worker #0] ML tree search #17, logLikelihood: -1697.454833


Optimized model parameters:

   Partition 0: noname
   Rate heterogeneity: NONE
   Base frequencies (ML): 0.313921 0.112827 0.375893 0.197359 
   Substitution rates (model): 1.000000 1.000000 1.000000 1.000000 1.000000 1.000000 


Final LogLikelihood: -1696.994587

AIC score: 3473.989174 / AICc score: 3486.902559 / BIC score: 3621.468188
Free parameters (model + branch lengths): 40

WARNING: Best ML tree contains 1 near-zero branches!

Best ML tree with collapsed near-zero branches saved to: /home/fili/Documents/KIT/2023/BA/code/output/families/ssim_NE_s20_f100_sites200_GTR_bl1.0_d0.0_l0.0_t0.0_gc0.0_p0.0_pop10_ms0.0_mf0.0_seed42/families/family_041/misc/raxml_output.F81.raxml.bestTreeCollapsed
Best ML tree saved to: /home/fili/Documents/KIT/2023/BA/code/output/families/ssim_NE_s20_f100_sites200_GTR_bl1.0_d0.0_l0.0_t0.0_gc0.0_p0.0_pop10_ms0.0_mf0.0_seed42/families/family_041/misc/raxml_output.F81.raxml.bestTree
All ML trees saved to: /home/fili/Documents/KIT/2023/BA/code/output/families/ssim_NE_s20_f100_sites200_GTR_bl1.0_d0.0_l0.0_t0.0_gc0.0_p0.0_pop10_ms0.0_mf0.0_seed42/families/family_041/misc/raxml_output.F81.raxml.mlTrees
Optimized model saved to: /home/fili/Documents/KIT/2023/BA/code/output/families/ssim_NE_s20_f100_sites200_GTR_bl1.0_d0.0_l0.0_t0.0_gc0.0_p0.0_pop10_ms0.0_mf0.0_seed42/families/family_041/misc/raxml_output.F81.raxml.bestModel

Execution log saved to: /home/fili/Documents/KIT/2023/BA/code/output/families/ssim_NE_s20_f100_sites200_GTR_bl1.0_d0.0_l0.0_t0.0_gc0.0_p0.0_pop10_ms0.0_mf0.0_seed42/families/family_041/misc/raxml_output.F81.raxml.log

Analysis started: 13-Jun-2023 13:44:02 / finished: 13-Jun-2023 13:44:02

Elapsed time: 0.247 seconds

