
RAxML-NG v. 1.1.0 released on 29.11.2021 by The Exelixis Lab.
Developed by: Alexey M. Kozlov and Alexandros Stamatakis.
Contributors: Diego Darriba, Tomas Flouri, Benoit Morel, Sarah Lutteropp, Ben Bettisworth.
Latest version: https://github.com/amkozlov/raxml-ng
Questions/problems/suggestions? Please visit: https://groups.google.com/forum/#!forum/raxml

System: AMD Ryzen 7 5800X 8-Core Processor, 8 cores, 31 GB RAM

RAxML-NG was called at 05-Jun-2023 13:02:22 as follows:

/home/fili/Documents/KIT/2023/BA/resources/tools/RAxML-NG/raxml-ng --msa /home/fili/Documents/KIT/2023/BA/code/output/families/ssim_dtl_s20_f100_sites200_GTR_bl1.0_d0.0_l0.0_t1.0_gc0.0_p0.0_pop10_ms0.0_mf0.0_seed42/families/family_099/alignment.msa --model GTR+G --prefix /home/fili/Documents/KIT/2023/BA/code/output/families/ssim_dtl_s20_f100_sites200_GTR_bl1.0_d0.0_l0.0_t1.0_gc0.0_p0.0_pop10_ms0.0_mf0.0_seed42/families/family_099/misc/raxml_output.GTR+G

Analysis options:
  run mode: ML tree search
  start tree(s): random (10) + parsimony (10)
  random seed: 1685962942
  tip-inner: OFF
  pattern compression: ON
  per-rate scalers: OFF
  site repeats: ON
  fast spr radius: AUTO
  spr subtree cutoff: 1.000000
  branch lengths: proportional (ML estimate, algorithm: NR-FAST)
  SIMD kernels: AVX2
  parallelization: coarse-grained (auto), PTHREADS (auto)

[00:00:00] Reading alignment from file: /home/fili/Documents/KIT/2023/BA/code/output/families/ssim_dtl_s20_f100_sites200_GTR_bl1.0_d0.0_l0.0_t1.0_gc0.0_p0.0_pop10_ms0.0_mf0.0_seed42/families/family_099/alignment.msa
[00:00:00] Loaded alignment with 20 taxa and 158 sites

WARNING: Sequences 9_0_0 and 13_0_0 are exactly identical!
WARNING: Sequences 4_0_0 and 12_0_0 are exactly identical!
WARNING: Sequences 4_0_0 and 10_0_0 are exactly identical!
WARNING: Sequences 3_0_0 and 2_0_0 are exactly identical!
WARNING: Duplicate sequences found: 4

NOTE: Reduced alignment (with duplicates and gap-only sites/taxa removed) 
NOTE: was saved to: /home/fili/Documents/KIT/2023/BA/code/output/families/ssim_dtl_s20_f100_sites200_GTR_bl1.0_d0.0_l0.0_t1.0_gc0.0_p0.0_pop10_ms0.0_mf0.0_seed42/families/family_099/misc/raxml_output.GTR+G.raxml.reduced.phy

Alignment comprises 1 partitions and 81 patterns

Partition 0: noname
Model: GTR+FO+G4m
Alignment sites / patterns: 158 / 81
Gaps: 0.00 %
Invariant sites: 48.73 %


NOTE: Binary MSA file created: /home/fili/Documents/KIT/2023/BA/code/output/families/ssim_dtl_s20_f100_sites200_GTR_bl1.0_d0.0_l0.0_t1.0_gc0.0_p0.0_pop10_ms0.0_mf0.0_seed42/families/family_099/misc/raxml_output.GTR+G.raxml.rba

Parallelization scheme autoconfig: 8 worker(s) x 1 thread(s)

Parallel reduction/worker buffer size: 1 KB  / 0 KB

[00:00:00] Generating 10 random starting tree(s) with 20 taxa
[00:00:00] Generating 10 parsimony starting tree(s) with 20 taxa
[00:00:00] Data distribution: max. partitions/sites/weight per thread: 1 / 81 / 1296
[00:00:00] Data distribution: max. searches per worker: 3

Starting ML tree search with 20 distinct starting trees

[00:00:00 -1821.583166] Initial branch length optimization
[00:00:00 -1566.151791] Model parameter optimization (eps = 10.000000)
[00:00:00 -1330.998281] AUTODETECT spr round 1 (radius: 5)
[00:00:00 -947.817067] AUTODETECT spr round 2 (radius: 10)
[00:00:00 -937.776207] AUTODETECT spr round 3 (radius: 15)
[00:00:00 -937.747714] SPR radius for FAST iterations: 10 (autodetect)
[00:00:00 -937.747714] Model parameter optimization (eps = 3.000000)
[00:00:00 -929.382096] FAST spr round 1 (radius: 10)
[00:00:00 -916.911154] FAST spr round 2 (radius: 10)
[00:00:00 -916.910783] Model parameter optimization (eps = 1.000000)
[00:00:00 -916.569468] SLOW spr round 1 (radius: 5)
[00:00:00 -916.565556] SLOW spr round 2 (radius: 10)
[00:00:00 -916.565267] SLOW spr round 3 (radius: 15)
[00:00:00 -916.565247] SLOW spr round 4 (radius: 20)
[00:00:00 -916.565246] Model parameter optimization (eps = 0.100000)
[00:00:00] [worker #5] ML tree search #6, logLikelihood: -917.358395

[00:00:00] [worker #0] ML tree search #1, logLikelihood: -916.524536

[00:00:00 -1881.154388] Initial branch length optimization
[00:00:00 -1686.061955] Model parameter optimization (eps = 10.000000)
[00:00:00] [worker #3] ML tree search #4, logLikelihood: -916.526084
[00:00:00] [worker #2] ML tree search #3, logLikelihood: -916.568493
[00:00:00] [worker #1] ML tree search #2, logLikelihood: -916.595867
[00:00:00 -1452.030490] AUTODETECT spr round 1 (radius: 5)
[00:00:00 -938.454074] AUTODETECT spr round 2 (radius: 10)
[00:00:00] [worker #7] ML tree search #8, logLikelihood: -916.513655
[00:00:00 -933.315097] AUTODETECT spr round 3 (radius: 15)
[00:00:00 -933.301286] SPR radius for FAST iterations: 10 (autodetect)
[00:00:00 -933.301286] Model parameter optimization (eps = 3.000000)
[00:00:00] [worker #6] ML tree search #7, logLikelihood: -916.541010
[00:00:00] [worker #4] ML tree search #5, logLikelihood: -916.513989
[00:00:00 -926.339933] FAST spr round 1 (radius: 10)
[00:00:00 -918.058070] FAST spr round 2 (radius: 10)
[00:00:00 -917.213353] FAST spr round 3 (radius: 10)
[00:00:00 -917.213064] Model parameter optimization (eps = 1.000000)
[00:00:00 -916.627788] SLOW spr round 1 (radius: 5)
[00:00:00] [worker #5] ML tree search #14, logLikelihood: -917.522392
[00:00:00] [worker #3] ML tree search #12, logLikelihood: -916.660107
[00:00:00] [worker #2] ML tree search #11, logLikelihood: -917.517369
[00:00:00 -916.614887] SLOW spr round 2 (radius: 10)
[00:00:00 -916.613895] SLOW spr round 3 (radius: 15)
[00:00:00 -916.613794] SLOW spr round 4 (radius: 20)
[00:00:00 -916.613774] Model parameter optimization (eps = 0.100000)

[00:00:00] [worker #0] ML tree search #9, logLikelihood: -916.557277

[00:00:00 -1255.540517] Initial branch length optimization
[00:00:00 -1049.524097] Model parameter optimization (eps = 10.000000)
[00:00:00] [worker #7] ML tree search #16, logLikelihood: -917.515847
[00:00:00 -924.625003] AUTODETECT spr round 1 (radius: 5)
[00:00:00] [worker #6] ML tree search #15, logLikelihood: -916.646757
[00:00:00 -920.491723] AUTODETECT spr round 2 (radius: 10)
[00:00:00] [worker #4] ML tree search #13, logLikelihood: -917.462394
[00:00:00 -920.439969] SPR radius for FAST iterations: 5 (autodetect)
[00:00:00 -920.439969] Model parameter optimization (eps = 3.000000)
[00:00:00] [worker #1] ML tree search #10, logLikelihood: -916.540908
[00:00:00 -918.753292] FAST spr round 1 (radius: 5)
[00:00:00 -918.575453] FAST spr round 2 (radius: 5)
[00:00:00 -918.054200] FAST spr round 3 (radius: 5)
[00:00:00 -918.052337] Model parameter optimization (eps = 1.000000)
[00:00:00] [worker #3] ML tree search #20, logLikelihood: -916.653466
[00:00:00 -917.645324] SLOW spr round 1 (radius: 5)
[00:00:00] [worker #2] ML tree search #19, logLikelihood: -917.517618
[00:00:00 -917.629507] SLOW spr round 2 (radius: 10)
[00:00:00 -917.628298] SLOW spr round 3 (radius: 15)
[00:00:00 -917.628157] SLOW spr round 4 (radius: 20)
[00:00:00 -917.628141] Model parameter optimization (eps = 0.100000)

[00:00:00] [worker #0] ML tree search #17, logLikelihood: -917.457993

[00:00:00] [worker #1] ML tree search #18, logLikelihood: -917.505255

Optimized model parameters:

   Partition 0: noname
   Rate heterogeneity: GAMMA (4 cats, mean),  alpha: 0.462486 (ML),  weights&rates: (0.250000,0.026664) (0.250000,0.226721) (0.250000,0.790928) (0.250000,2.955687) 
   Base frequencies (ML): 0.271802 0.245463 0.201656 0.281079 
   Substitution rates (ML): 3.174125 62.183708 2.289982 0.001000 2.619592 1.000000 


Final LogLikelihood: -916.513655

AIC score: 1925.027311 / AICc score: 1963.982266 / BIC score: 2065.906682
Free parameters (model + branch lengths): 46

WARNING: Best ML tree contains 4 near-zero branches!

Best ML tree with collapsed near-zero branches saved to: /home/fili/Documents/KIT/2023/BA/code/output/families/ssim_dtl_s20_f100_sites200_GTR_bl1.0_d0.0_l0.0_t1.0_gc0.0_p0.0_pop10_ms0.0_mf0.0_seed42/families/family_099/misc/raxml_output.GTR+G.raxml.bestTreeCollapsed
Best ML tree saved to: /home/fili/Documents/KIT/2023/BA/code/output/families/ssim_dtl_s20_f100_sites200_GTR_bl1.0_d0.0_l0.0_t1.0_gc0.0_p0.0_pop10_ms0.0_mf0.0_seed42/families/family_099/misc/raxml_output.GTR+G.raxml.bestTree
All ML trees saved to: /home/fili/Documents/KIT/2023/BA/code/output/families/ssim_dtl_s20_f100_sites200_GTR_bl1.0_d0.0_l0.0_t1.0_gc0.0_p0.0_pop10_ms0.0_mf0.0_seed42/families/family_099/misc/raxml_output.GTR+G.raxml.mlTrees
Optimized model saved to: /home/fili/Documents/KIT/2023/BA/code/output/families/ssim_dtl_s20_f100_sites200_GTR_bl1.0_d0.0_l0.0_t1.0_gc0.0_p0.0_pop10_ms0.0_mf0.0_seed42/families/family_099/misc/raxml_output.GTR+G.raxml.bestModel

Execution log saved to: /home/fili/Documents/KIT/2023/BA/code/output/families/ssim_dtl_s20_f100_sites200_GTR_bl1.0_d0.0_l0.0_t1.0_gc0.0_p0.0_pop10_ms0.0_mf0.0_seed42/families/family_099/misc/raxml_output.GTR+G.raxml.log

Analysis started: 05-Jun-2023 13:02:22 / finished: 05-Jun-2023 13:02:22

Elapsed time: 0.447 seconds

