
RAxML-NG v. 1.1.0 released on 29.11.2021 by The Exelixis Lab.
Developed by: Alexey M. Kozlov and Alexandros Stamatakis.
Contributors: Diego Darriba, Tomas Flouri, Benoit Morel, Sarah Lutteropp, Ben Bettisworth.
Latest version: https://github.com/amkozlov/raxml-ng
Questions/problems/suggestions? Please visit: https://groups.google.com/forum/#!forum/raxml

System: AMD Ryzen 7 5800X 8-Core Processor, 8 cores, 31 GB RAM

RAxML-NG was called at 27-Jun-2023 13:51:54 as follows:

/home/fili/Documents/KIT/2023/BA/resources/tools/RAxML-NG/raxml-ng --msa /home/fili/Documents/KIT/2023/BA/code/output/families/ssim_NE_s20_f100_sites200_GTR_bl1.0_d0.0_l0.0_t0.0_gc0.0_p0.0_pop10_ms0.0_mf0.0_seed14976684177860080345/families/family_092/alignment.msa --model F81 --prefix /home/fili/Documents/KIT/2023/BA/code/output/families/ssim_NE_s20_f100_sites200_GTR_bl1.0_d0.0_l0.0_t0.0_gc0.0_p0.0_pop10_ms0.0_mf0.0_seed14976684177860080345/families/family_092/misc/raxml_output.F81

Analysis options:
  run mode: ML tree search
  start tree(s): random (10) + parsimony (10)
  random seed: 1687866714
  tip-inner: OFF
  pattern compression: ON
  per-rate scalers: OFF
  site repeats: ON
  fast spr radius: AUTO
  spr subtree cutoff: 1.000000
  branch lengths: proportional (ML estimate, algorithm: NR-FAST)
  SIMD kernels: AVX2
  parallelization: coarse-grained (auto), PTHREADS (auto)

[00:00:00] Reading alignment from file: /home/fili/Documents/KIT/2023/BA/code/output/families/ssim_NE_s20_f100_sites200_GTR_bl1.0_d0.0_l0.0_t0.0_gc0.0_p0.0_pop10_ms0.0_mf0.0_seed14976684177860080345/families/family_092/alignment.msa
[00:00:00] Loaded alignment with 20 taxa and 253 sites

WARNING: Sequences 17_0_0 and 18_0_0 are exactly identical!
WARNING: Sequences 10_0_0 and 5_0_0 are exactly identical!
WARNING: Sequences 10_0_0 and 7_0_0 are exactly identical!
WARNING: Duplicate sequences found: 3

NOTE: Reduced alignment (with duplicates and gap-only sites/taxa removed) 
NOTE: was saved to: /home/fili/Documents/KIT/2023/BA/code/output/families/ssim_NE_s20_f100_sites200_GTR_bl1.0_d0.0_l0.0_t0.0_gc0.0_p0.0_pop10_ms0.0_mf0.0_seed14976684177860080345/families/family_092/misc/raxml_output.F81.raxml.reduced.phy

Alignment comprises 1 partitions and 90 patterns

Partition 0: noname
Model: F81+FO
Alignment sites / patterns: 253 / 90
Gaps: 0.00 %
Invariant sites: 52.57 %


NOTE: Binary MSA file created: /home/fili/Documents/KIT/2023/BA/code/output/families/ssim_NE_s20_f100_sites200_GTR_bl1.0_d0.0_l0.0_t0.0_gc0.0_p0.0_pop10_ms0.0_mf0.0_seed14976684177860080345/families/family_092/misc/raxml_output.F81.raxml.rba

Parallelization scheme autoconfig: 8 worker(s) x 1 thread(s)

Parallel reduction/worker buffer size: 1 KB  / 0 KB

[00:00:00] Generating 10 random starting tree(s) with 20 taxa
[00:00:00] Generating 10 parsimony starting tree(s) with 20 taxa
[00:00:00] Data distribution: max. partitions/sites/weight per thread: 1 / 90 / 360
[00:00:00] Data distribution: max. searches per worker: 3

Starting ML tree search with 20 distinct starting trees

[00:00:00 -3199.892069] Initial branch length optimization
[00:00:00 -2742.909140] Model parameter optimization (eps = 10.000000)
[00:00:00 -2638.097993] AUTODETECT spr round 1 (radius: 5)
[00:00:00 -1265.061226] AUTODETECT spr round 2 (radius: 10)
[00:00:00 -1265.061214] SPR radius for FAST iterations: 5 (autodetect)
[00:00:00 -1265.061214] Model parameter optimization (eps = 3.000000)
[00:00:00 -1262.409587] FAST spr round 1 (radius: 5)
[00:00:00 -1236.855305] FAST spr round 2 (radius: 5)
[00:00:00 -1236.855270] Model parameter optimization (eps = 1.000000)
[00:00:00 -1236.644672] SLOW spr round 1 (radius: 5)
[00:00:00 -1236.644646] SLOW spr round 2 (radius: 10)
[00:00:00 -1236.644646] SLOW spr round 3 (radius: 15)
[00:00:00] [worker #6] ML tree search #7, logLikelihood: -1236.644611
[00:00:00 -1236.644646] SLOW spr round 4 (radius: 20)
[00:00:00 -1236.644646] Model parameter optimization (eps = 0.100000)

[00:00:00] [worker #0] ML tree search #1, logLikelihood: -1236.644610

[00:00:00] [worker #7] ML tree search #8, logLikelihood: -1236.644610
[00:00:00] [worker #1] ML tree search #2, logLikelihood: -1236.644613
[00:00:00] [worker #5] ML tree search #6, logLikelihood: -1236.644611
[00:00:00] [worker #2] ML tree search #3, logLikelihood: -1236.644611
[00:00:00] [worker #3] ML tree search #4, logLikelihood: -1236.644610
[00:00:00 -3286.089028] Initial branch length optimization
[00:00:00 -2850.939019] Model parameter optimization (eps = 10.000000)
[00:00:00 -2734.919875] AUTODETECT spr round 1 (radius: 5)
[00:00:00 -1253.774838] AUTODETECT spr round 2 (radius: 10)
[00:00:00] [worker #4] ML tree search #5, logLikelihood: -1236.644611
[00:00:00 -1253.774797] SPR radius for FAST iterations: 5 (autodetect)
[00:00:00 -1253.774797] Model parameter optimization (eps = 3.000000)
[00:00:00 -1249.820672] FAST spr round 1 (radius: 5)
[00:00:00 -1240.695503] FAST spr round 2 (radius: 5)
[00:00:00 -1236.678088] FAST spr round 3 (radius: 5)
[00:00:00] [worker #6] ML tree search #15, logLikelihood: -1236.644612
[00:00:00] [worker #2] ML tree search #11, logLikelihood: -1236.644610
[00:00:00] [worker #3] ML tree search #12, logLikelihood: -1236.644610
[00:00:00 -1236.678049] Model parameter optimization (eps = 1.000000)
[00:00:00 -1236.644676] SLOW spr round 1 (radius: 5)
[00:00:00] [worker #5] ML tree search #14, logLikelihood: -1236.644612
[00:00:00] [worker #4] ML tree search #13, logLikelihood: -1236.644610
[00:00:00] [worker #7] ML tree search #16, logLikelihood: -1236.644610
[00:00:00] [worker #1] ML tree search #10, logLikelihood: -1236.644613
[00:00:00 -1236.644625] SLOW spr round 2 (radius: 10)
[00:00:00 -1236.644625] SLOW spr round 3 (radius: 15)
[00:00:00] [worker #3] ML tree search #20, logLikelihood: -1236.644610
[00:00:00 -1236.644625] SLOW spr round 4 (radius: 20)
[00:00:00] [worker #2] ML tree search #19, logLikelihood: -1236.644612
[00:00:00 -1236.644625] Model parameter optimization (eps = 0.100000)

[00:00:00] [worker #0] ML tree search #9, logLikelihood: -1236.644611

[00:00:00 -1866.757039] Initial branch length optimization
[00:00:00 -1277.517004] Model parameter optimization (eps = 10.000000)
[00:00:00 -1236.739681] AUTODETECT spr round 1 (radius: 5)
[00:00:00 -1236.739670] SPR radius for FAST iterations: 5 (autodetect)
[00:00:00 -1236.739670] Model parameter optimization (eps = 3.000000)
[00:00:00 -1236.739668] FAST spr round 1 (radius: 5)
[00:00:00 -1236.649017] Model parameter optimization (eps = 1.000000)
[00:00:00] [worker #1] ML tree search #18, logLikelihood: -1236.644612
[00:00:00 -1236.644613] SLOW spr round 1 (radius: 5)
[00:00:00 -1236.644612] SLOW spr round 2 (radius: 10)
[00:00:00 -1236.644612] SLOW spr round 3 (radius: 15)
[00:00:00 -1236.644612] SLOW spr round 4 (radius: 20)
[00:00:00 -1236.644612] Model parameter optimization (eps = 0.100000)

[00:00:00] [worker #0] ML tree search #17, logLikelihood: -1236.644612


Optimized model parameters:

   Partition 0: noname
   Rate heterogeneity: NONE
   Base frequencies (ML): 0.349329 0.112060 0.348314 0.190297 
   Substitution rates (model): 1.000000 1.000000 1.000000 1.000000 1.000000 1.000000 


Final LogLikelihood: -1236.644610

AIC score: 2553.289220 / AICc score: 2568.760918 / BIC score: 2694.624799
Free parameters (model + branch lengths): 40

WARNING: Best ML tree contains 5 near-zero branches!

Best ML tree with collapsed near-zero branches saved to: /home/fili/Documents/KIT/2023/BA/code/output/families/ssim_NE_s20_f100_sites200_GTR_bl1.0_d0.0_l0.0_t0.0_gc0.0_p0.0_pop10_ms0.0_mf0.0_seed14976684177860080345/families/family_092/misc/raxml_output.F81.raxml.bestTreeCollapsed
Best ML tree saved to: /home/fili/Documents/KIT/2023/BA/code/output/families/ssim_NE_s20_f100_sites200_GTR_bl1.0_d0.0_l0.0_t0.0_gc0.0_p0.0_pop10_ms0.0_mf0.0_seed14976684177860080345/families/family_092/misc/raxml_output.F81.raxml.bestTree
All ML trees saved to: /home/fili/Documents/KIT/2023/BA/code/output/families/ssim_NE_s20_f100_sites200_GTR_bl1.0_d0.0_l0.0_t0.0_gc0.0_p0.0_pop10_ms0.0_mf0.0_seed14976684177860080345/families/family_092/misc/raxml_output.F81.raxml.mlTrees
Optimized model saved to: /home/fili/Documents/KIT/2023/BA/code/output/families/ssim_NE_s20_f100_sites200_GTR_bl1.0_d0.0_l0.0_t0.0_gc0.0_p0.0_pop10_ms0.0_mf0.0_seed14976684177860080345/families/family_092/misc/raxml_output.F81.raxml.bestModel

Execution log saved to: /home/fili/Documents/KIT/2023/BA/code/output/families/ssim_NE_s20_f100_sites200_GTR_bl1.0_d0.0_l0.0_t0.0_gc0.0_p0.0_pop10_ms0.0_mf0.0_seed14976684177860080345/families/family_092/misc/raxml_output.F81.raxml.log

Analysis started: 27-Jun-2023 13:51:54 / finished: 27-Jun-2023 13:51:54

Elapsed time: 0.223 seconds

