
RAxML-NG v. 1.1.0 released on 29.11.2021 by The Exelixis Lab.
Developed by: Alexey M. Kozlov and Alexandros Stamatakis.
Contributors: Diego Darriba, Tomas Flouri, Benoit Morel, Sarah Lutteropp, Ben Bettisworth.
Latest version: https://github.com/amkozlov/raxml-ng
Questions/problems/suggestions? Please visit: https://groups.google.com/forum/#!forum/raxml

System: AMD Ryzen 7 5800X 8-Core Processor, 8 cores, 31 GB RAM

RAxML-NG was called at 27-Jun-2023 13:01:48 as follows:

/home/fili/Documents/KIT/2023/BA/resources/tools/RAxML-NG/raxml-ng --msa /home/fili/Documents/KIT/2023/BA/code/output/families/ssim_DL_s20_f100_sites200_GTR_bl1.0_d1.0_l1.0_t0.0_gc0.0_p0.0_pop10_ms0.0_mf0.0_seed1007/families/family_018/alignment.msa --model F81 --prefix /home/fili/Documents/KIT/2023/BA/code/output/families/ssim_DL_s20_f100_sites200_GTR_bl1.0_d1.0_l1.0_t0.0_gc0.0_p0.0_pop10_ms0.0_mf0.0_seed1007/families/family_018/misc/raxml_output.F81

Analysis options:
  run mode: ML tree search
  start tree(s): random (10) + parsimony (10)
  random seed: 1687863708
  tip-inner: OFF
  pattern compression: ON
  per-rate scalers: OFF
  site repeats: ON
  fast spr radius: AUTO
  spr subtree cutoff: 1.000000
  branch lengths: proportional (ML estimate, algorithm: NR-FAST)
  SIMD kernels: AVX2
  parallelization: coarse-grained (auto), PTHREADS (auto)

[00:00:00] Reading alignment from file: /home/fili/Documents/KIT/2023/BA/code/output/families/ssim_DL_s20_f100_sites200_GTR_bl1.0_d1.0_l1.0_t0.0_gc0.0_p0.0_pop10_ms0.0_mf0.0_seed1007/families/family_018/alignment.msa
[00:00:00] Loaded alignment with 26 taxa and 213 sites

WARNING: Sequences 20_0_0 and 19_0_0 are exactly identical!
WARNING: Sequences 20_0_0 and 12_0_0 are exactly identical!
WARNING: Sequences 2_1_0 and 8_1_0 are exactly identical!
WARNING: Sequences 8_0_0 and 2_0_0 are exactly identical!
WARNING: Duplicate sequences found: 4

NOTE: Reduced alignment (with duplicates and gap-only sites/taxa removed) 
NOTE: was saved to: /home/fili/Documents/KIT/2023/BA/code/output/families/ssim_DL_s20_f100_sites200_GTR_bl1.0_d1.0_l1.0_t0.0_gc0.0_p0.0_pop10_ms0.0_mf0.0_seed1007/families/family_018/misc/raxml_output.F81.raxml.reduced.phy

Alignment comprises 1 partitions and 98 patterns

Partition 0: noname
Model: F81+FO
Alignment sites / patterns: 213 / 98
Gaps: 0.00 %
Invariant sites: 50.70 %


NOTE: Binary MSA file created: /home/fili/Documents/KIT/2023/BA/code/output/families/ssim_DL_s20_f100_sites200_GTR_bl1.0_d1.0_l1.0_t0.0_gc0.0_p0.0_pop10_ms0.0_mf0.0_seed1007/families/family_018/misc/raxml_output.F81.raxml.rba

Parallelization scheme autoconfig: 8 worker(s) x 1 thread(s)

Parallel reduction/worker buffer size: 1 KB  / 0 KB

[00:00:00] Generating 10 random starting tree(s) with 26 taxa
[00:00:00] Generating 10 parsimony starting tree(s) with 26 taxa
[00:00:00] Data distribution: max. partitions/sites/weight per thread: 1 / 98 / 392
[00:00:00] Data distribution: max. searches per worker: 3

Starting ML tree search with 20 distinct starting trees

[00:00:00 -3033.988554] Initial branch length optimization
[00:00:00 -2524.615553] Model parameter optimization (eps = 10.000000)
[00:00:00 -2463.661541] AUTODETECT spr round 1 (radius: 5)
[00:00:00 -1367.776268] AUTODETECT spr round 2 (radius: 10)
[00:00:00 -1361.911245] AUTODETECT spr round 3 (radius: 15)
[00:00:00 -1361.909559] SPR radius for FAST iterations: 10 (autodetect)
[00:00:00 -1361.909559] Model parameter optimization (eps = 3.000000)
[00:00:00 -1359.235373] FAST spr round 1 (radius: 10)
[00:00:00 -1286.960850] FAST spr round 2 (radius: 10)
[00:00:00 -1286.906143] Model parameter optimization (eps = 1.000000)
[00:00:00 -1286.793193] SLOW spr round 1 (radius: 5)
[00:00:00 -1286.793191] SLOW spr round 2 (radius: 10)
[00:00:00 -1286.793191] SLOW spr round 3 (radius: 15)
[00:00:00 -1286.793191] SLOW spr round 4 (radius: 20)
[00:00:00] [worker #1] ML tree search #2, logLikelihood: -1286.793191
[00:00:00 -1286.793191] SLOW spr round 5 (radius: 25)
[00:00:00 -1286.793191] Model parameter optimization (eps = 0.100000)

[00:00:00] [worker #0] ML tree search #1, logLikelihood: -1286.793190

[00:00:00] [worker #2] ML tree search #3, logLikelihood: -1286.793189
[00:00:00 -2800.325164] Initial branch length optimization
[00:00:00 -2304.310617] Model parameter optimization (eps = 10.000000)
[00:00:00 -2250.508013] AUTODETECT spr round 1 (radius: 5)
[00:00:00] [worker #7] ML tree search #8, logLikelihood: -1286.793191
[00:00:00] [worker #4] ML tree search #5, logLikelihood: -1285.409796
[00:00:00 -1421.935810] AUTODETECT spr round 2 (radius: 10)
[00:00:00] [worker #6] ML tree search #7, logLikelihood: -1286.793190
[00:00:00 -1395.161820] AUTODETECT spr round 3 (radius: 15)
[00:00:00] [worker #5] ML tree search #6, logLikelihood: -1285.409795
[00:00:00 -1395.161800] SPR radius for FAST iterations: 10 (autodetect)
[00:00:00 -1395.161800] Model parameter optimization (eps = 3.000000)
[00:00:00 -1393.904923] FAST spr round 1 (radius: 10)
[00:00:00] [worker #3] ML tree search #4, logLikelihood: -1285.409795
[00:00:00 -1285.670138] FAST spr round 2 (radius: 10)
[00:00:00 -1285.670138] Model parameter optimization (eps = 1.000000)
[00:00:00 -1285.409913] SLOW spr round 1 (radius: 5)
[00:00:00 -1285.409897] SLOW spr round 2 (radius: 10)
[00:00:00] [worker #2] ML tree search #11, logLikelihood: -1286.793189
[00:00:00] [worker #7] ML tree search #16, logLikelihood: -1286.793191
[00:00:00 -1285.409897] SLOW spr round 3 (radius: 15)
[00:00:00 -1285.409897] SLOW spr round 4 (radius: 20)
[00:00:00 -1285.409897] SLOW spr round 5 (radius: 25)
[00:00:00 -1285.409897] Model parameter optimization (eps = 0.100000)

[00:00:00] [worker #0] ML tree search #9, logLikelihood: -1285.409798

[00:00:00 -1948.503150] Initial branch length optimization
[00:00:00 -1323.028467] Model parameter optimization (eps = 10.000000)
[00:00:00 -1303.905778] AUTODETECT spr round 1 (radius: 5)
[00:00:00] [worker #4] ML tree search #13, logLikelihood: -1286.793189
[00:00:00 -1286.968774] AUTODETECT spr round 2 (radius: 10)
[00:00:00] [worker #6] ML tree search #15, logLikelihood: -1285.409796
[00:00:00 -1286.968341] SPR radius for FAST iterations: 5 (autodetect)
[00:00:00 -1286.968341] Model parameter optimization (eps = 3.000000)
[00:00:00 -1286.932549] FAST spr round 1 (radius: 5)
[00:00:00] [worker #5] ML tree search #14, logLikelihood: -1285.409795
[00:00:00 -1285.412515] FAST spr round 2 (radius: 5)
[00:00:00 -1285.412513] Model parameter optimization (eps = 1.000000)
[00:00:00] [worker #3] ML tree search #12, logLikelihood: -1285.409795
[00:00:00 -1285.409795] SLOW spr round 1 (radius: 5)
[00:00:00] [worker #1] ML tree search #10, logLikelihood: -1285.409795
[00:00:00 -1285.409795] SLOW spr round 2 (radius: 10)
[00:00:00] [worker #2] ML tree search #19, logLikelihood: -1285.409794
[00:00:00 -1285.409795] SLOW spr round 3 (radius: 15)
[00:00:00 -1285.409795] SLOW spr round 4 (radius: 20)
[00:00:00 -1285.409795] SLOW spr round 5 (radius: 25)
[00:00:00 -1285.409795] Model parameter optimization (eps = 0.100000)

[00:00:00] [worker #0] ML tree search #17, logLikelihood: -1285.409795

[00:00:00] [worker #3] ML tree search #20, logLikelihood: -1286.793189
[00:00:00] [worker #1] ML tree search #18, logLikelihood: -1286.793189

Optimized model parameters:

   Partition 0: noname
   Rate heterogeneity: NONE
   Base frequencies (ML): 0.293973 0.161149 0.349471 0.195408 
   Substitution rates (model): 1.000000 1.000000 1.000000 1.000000 1.000000 1.000000 


Final LogLikelihood: -1285.409794

AIC score: 2674.819588 / AICc score: 2709.269588 / BIC score: 2849.606781
Free parameters (model + branch lengths): 52

WARNING: Best ML tree contains 2 near-zero branches!

Best ML tree with collapsed near-zero branches saved to: /home/fili/Documents/KIT/2023/BA/code/output/families/ssim_DL_s20_f100_sites200_GTR_bl1.0_d1.0_l1.0_t0.0_gc0.0_p0.0_pop10_ms0.0_mf0.0_seed1007/families/family_018/misc/raxml_output.F81.raxml.bestTreeCollapsed
Best ML tree saved to: /home/fili/Documents/KIT/2023/BA/code/output/families/ssim_DL_s20_f100_sites200_GTR_bl1.0_d1.0_l1.0_t0.0_gc0.0_p0.0_pop10_ms0.0_mf0.0_seed1007/families/family_018/misc/raxml_output.F81.raxml.bestTree
All ML trees saved to: /home/fili/Documents/KIT/2023/BA/code/output/families/ssim_DL_s20_f100_sites200_GTR_bl1.0_d1.0_l1.0_t0.0_gc0.0_p0.0_pop10_ms0.0_mf0.0_seed1007/families/family_018/misc/raxml_output.F81.raxml.mlTrees
Optimized model saved to: /home/fili/Documents/KIT/2023/BA/code/output/families/ssim_DL_s20_f100_sites200_GTR_bl1.0_d1.0_l1.0_t0.0_gc0.0_p0.0_pop10_ms0.0_mf0.0_seed1007/families/family_018/misc/raxml_output.F81.raxml.bestModel

Execution log saved to: /home/fili/Documents/KIT/2023/BA/code/output/families/ssim_DL_s20_f100_sites200_GTR_bl1.0_d1.0_l1.0_t0.0_gc0.0_p0.0_pop10_ms0.0_mf0.0_seed1007/families/family_018/misc/raxml_output.F81.raxml.log

Analysis started: 27-Jun-2023 13:01:48 / finished: 27-Jun-2023 13:01:48

Elapsed time: 0.342 seconds

