
RAxML-NG v. 1.1.0 released on 29.11.2021 by The Exelixis Lab.
Developed by: Alexey M. Kozlov and Alexandros Stamatakis.
Contributors: Diego Darriba, Tomas Flouri, Benoit Morel, Sarah Lutteropp, Ben Bettisworth.
Latest version: https://github.com/amkozlov/raxml-ng
Questions/problems/suggestions? Please visit: https://groups.google.com/forum/#!forum/raxml

System: AMD Ryzen 7 5800X 8-Core Processor, 8 cores, 31 GB RAM

RAxML-NG was called at 12-Jun-2023 12:40:45 as follows:

/home/fili/Documents/KIT/2023/BA/resources/tools/RAxML-NG/raxml-ng --msa /home/fili/Documents/KIT/2023/BA/code/output/families/ssim_dtl_s20_f100_sites200_GTR_bl1.0_d0.0_l0.0_t1.0_gc0.0_p0.0_pop10_ms0.0_mf0.0_seed42/families/family_065/alignment.msa --model GTR+G --prefix /home/fili/Documents/KIT/2023/BA/code/output/families/ssim_dtl_s20_f100_sites200_GTR_bl1.0_d0.0_l0.0_t1.0_gc0.0_p0.0_pop10_ms0.0_mf0.0_seed42/families/family_065/misc/raxml_output.GTR+G

Analysis options:
  run mode: ML tree search
  start tree(s): random (10) + parsimony (10)
  random seed: 1686566445
  tip-inner: OFF
  pattern compression: ON
  per-rate scalers: OFF
  site repeats: ON
  fast spr radius: AUTO
  spr subtree cutoff: 1.000000
  branch lengths: proportional (ML estimate, algorithm: NR-FAST)
  SIMD kernels: AVX2
  parallelization: coarse-grained (auto), PTHREADS (auto)

[00:00:00] Reading alignment from file: /home/fili/Documents/KIT/2023/BA/code/output/families/ssim_dtl_s20_f100_sites200_GTR_bl1.0_d0.0_l0.0_t1.0_gc0.0_p0.0_pop10_ms0.0_mf0.0_seed42/families/family_065/alignment.msa
[00:00:00] Loaded alignment with 20 taxa and 187 sites

WARNING: Sequences 13_0_0 and 9_0_0 are exactly identical!
WARNING: Duplicate sequences found: 1

NOTE: Reduced alignment (with duplicates and gap-only sites/taxa removed) 
NOTE: was saved to: /home/fili/Documents/KIT/2023/BA/code/output/families/ssim_dtl_s20_f100_sites200_GTR_bl1.0_d0.0_l0.0_t1.0_gc0.0_p0.0_pop10_ms0.0_mf0.0_seed42/families/family_065/misc/raxml_output.GTR+G.raxml.reduced.phy

Alignment comprises 1 partitions and 77 patterns

Partition 0: noname
Model: GTR+FO+G4m
Alignment sites / patterns: 187 / 77
Gaps: 0.00 %
Invariant sites: 56.15 %


NOTE: Binary MSA file created: /home/fili/Documents/KIT/2023/BA/code/output/families/ssim_dtl_s20_f100_sites200_GTR_bl1.0_d0.0_l0.0_t1.0_gc0.0_p0.0_pop10_ms0.0_mf0.0_seed42/families/family_065/misc/raxml_output.GTR+G.raxml.rba

Parallelization scheme autoconfig: 8 worker(s) x 1 thread(s)

Parallel reduction/worker buffer size: 1 KB  / 0 KB

[00:00:00] Generating 10 random starting tree(s) with 20 taxa
[00:00:00] Generating 10 parsimony starting tree(s) with 20 taxa
[00:00:00] Data distribution: max. partitions/sites/weight per thread: 1 / 77 / 1232
[00:00:00] Data distribution: max. searches per worker: 3

Starting ML tree search with 20 distinct starting trees

[00:00:00 -1785.408551] Initial branch length optimization
[00:00:00 -1624.521935] Model parameter optimization (eps = 10.000000)
[00:00:00 -1260.012937] AUTODETECT spr round 1 (radius: 5)
[00:00:00 -863.713206] AUTODETECT spr round 2 (radius: 10)
[00:00:00 -863.703219] SPR radius for FAST iterations: 5 (autodetect)
[00:00:00 -863.703219] Model parameter optimization (eps = 3.000000)
[00:00:00 -849.139192] FAST spr round 1 (radius: 5)
[00:00:00 -844.319405] FAST spr round 2 (radius: 5)
[00:00:00 -844.318904] Model parameter optimization (eps = 1.000000)
[00:00:00 -844.199465] SLOW spr round 1 (radius: 5)
[00:00:00 -844.198742] SLOW spr round 2 (radius: 10)
[00:00:00] [worker #2] ML tree search #3, logLikelihood: -844.186031
[00:00:00] [worker #3] ML tree search #4, logLikelihood: -844.186268
[00:00:00 -844.198735] SLOW spr round 3 (radius: 15)
[00:00:00] [worker #7] ML tree search #8, logLikelihood: -844.192365
[00:00:00 -844.198735] SLOW spr round 4 (radius: 20)
[00:00:00] [worker #1] ML tree search #2, logLikelihood: -844.185066
[00:00:00] [worker #4] ML tree search #5, logLikelihood: -844.184435
[00:00:00 -844.198735] Model parameter optimization (eps = 0.100000)

[00:00:00] [worker #0] ML tree search #1, logLikelihood: -844.185934

[00:00:00 -1779.903463] Initial branch length optimization
[00:00:00 -1580.393445] Model parameter optimization (eps = 10.000000)
[00:00:00] [worker #5] ML tree search #6, logLikelihood: -844.185910
[00:00:00] [worker #6] ML tree search #7, logLikelihood: -844.184822
[00:00:00 -1229.313991] AUTODETECT spr round 1 (radius: 5)
[00:00:00 -991.096690] AUTODETECT spr round 2 (radius: 10)
[00:00:00 -913.989196] AUTODETECT spr round 3 (radius: 15)
[00:00:00 -913.984673] SPR radius for FAST iterations: 10 (autodetect)
[00:00:00 -913.984673] Model parameter optimization (eps = 3.000000)
[00:00:00 -897.902926] FAST spr round 1 (radius: 10)
[00:00:00 -846.268242] FAST spr round 2 (radius: 10)
[00:00:00 -845.175123] FAST spr round 3 (radius: 10)
[00:00:00] [worker #2] ML tree search #11, logLikelihood: -844.184832
[00:00:00] [worker #3] ML tree search #12, logLikelihood: -844.185941
[00:00:00 -845.173469] Model parameter optimization (eps = 1.000000)
[00:00:00 -844.239538] SLOW spr round 1 (radius: 5)
[00:00:00] [worker #4] ML tree search #13, logLikelihood: -844.186918
[00:00:00 -844.237201] SLOW spr round 2 (radius: 10)
[00:00:00] [worker #7] ML tree search #16, logLikelihood: -844.185708
[00:00:00 -844.237188] SLOW spr round 3 (radius: 15)
[00:00:00 -844.237187] SLOW spr round 4 (radius: 20)
[00:00:00] [worker #5] ML tree search #14, logLikelihood: -844.185675
[00:00:00 -844.237187] Model parameter optimization (eps = 0.100000)
[00:00:00] [worker #6] ML tree search #15, logLikelihood: -844.187024

[00:00:00] [worker #0] ML tree search #9, logLikelihood: -844.191084

[00:00:00] [worker #1] ML tree search #10, logLikelihood: -844.184365
[00:00:00 -1177.131614] Initial branch length optimization
[00:00:00 -989.192826] Model parameter optimization (eps = 10.000000)
[00:00:00 -844.936563] AUTODETECT spr round 1 (radius: 5)
[00:00:00] [worker #2] ML tree search #19, logLikelihood: -844.187136
[00:00:00 -844.572529] AUTODETECT spr round 2 (radius: 10)
[00:00:00 -844.571424] SPR radius for FAST iterations: 5 (autodetect)
[00:00:00 -844.571424] Model parameter optimization (eps = 3.000000)
[00:00:00] [worker #3] ML tree search #20, logLikelihood: -844.186916
[00:00:00 -844.253417] FAST spr round 1 (radius: 5)
[00:00:00 -844.245772] Model parameter optimization (eps = 1.000000)
[00:00:00 -844.187199] SLOW spr round 1 (radius: 5)
[00:00:00] [worker #1] ML tree search #18, logLikelihood: -844.184511
[00:00:00 -844.186210] SLOW spr round 2 (radius: 10)
[00:00:00 -844.186208] SLOW spr round 3 (radius: 15)
[00:00:00 -844.186208] SLOW spr round 4 (radius: 20)
[00:00:00 -844.186208] Model parameter optimization (eps = 0.100000)

[00:00:00] [worker #0] ML tree search #17, logLikelihood: -844.184433


Optimized model parameters:

   Partition 0: noname
   Rate heterogeneity: GAMMA (4 cats, mean),  alpha: 1.219306 (ML),  weights&rates: (0.250000,0.178534) (0.250000,0.534024) (0.250000,1.028590) (0.250000,2.258852) 
   Base frequencies (ML): 0.257022 0.181823 0.265861 0.295294 
   Substitution rates (ML): 1.785351 34.174636 0.481521 0.001000 3.899964 1.000000 


Final LogLikelihood: -844.184365

AIC score: 1780.368729 / AICc score: 1811.254444 / BIC score: 1928.999726
Free parameters (model + branch lengths): 46

WARNING: Best ML tree contains 2 near-zero branches!

Best ML tree with collapsed near-zero branches saved to: /home/fili/Documents/KIT/2023/BA/code/output/families/ssim_dtl_s20_f100_sites200_GTR_bl1.0_d0.0_l0.0_t1.0_gc0.0_p0.0_pop10_ms0.0_mf0.0_seed42/families/family_065/misc/raxml_output.GTR+G.raxml.bestTreeCollapsed
Best ML tree saved to: /home/fili/Documents/KIT/2023/BA/code/output/families/ssim_dtl_s20_f100_sites200_GTR_bl1.0_d0.0_l0.0_t1.0_gc0.0_p0.0_pop10_ms0.0_mf0.0_seed42/families/family_065/misc/raxml_output.GTR+G.raxml.bestTree
All ML trees saved to: /home/fili/Documents/KIT/2023/BA/code/output/families/ssim_dtl_s20_f100_sites200_GTR_bl1.0_d0.0_l0.0_t1.0_gc0.0_p0.0_pop10_ms0.0_mf0.0_seed42/families/family_065/misc/raxml_output.GTR+G.raxml.mlTrees
Optimized model saved to: /home/fili/Documents/KIT/2023/BA/code/output/families/ssim_dtl_s20_f100_sites200_GTR_bl1.0_d0.0_l0.0_t1.0_gc0.0_p0.0_pop10_ms0.0_mf0.0_seed42/families/family_065/misc/raxml_output.GTR+G.raxml.bestModel

Execution log saved to: /home/fili/Documents/KIT/2023/BA/code/output/families/ssim_dtl_s20_f100_sites200_GTR_bl1.0_d0.0_l0.0_t1.0_gc0.0_p0.0_pop10_ms0.0_mf0.0_seed42/families/family_065/misc/raxml_output.GTR+G.raxml.log

Analysis started: 12-Jun-2023 12:40:45 / finished: 12-Jun-2023 12:40:46

Elapsed time: 0.611 seconds

