
RAxML-NG v. 1.1.0 released on 29.11.2021 by The Exelixis Lab.
Developed by: Alexey M. Kozlov and Alexandros Stamatakis.
Contributors: Diego Darriba, Tomas Flouri, Benoit Morel, Sarah Lutteropp, Ben Bettisworth.
Latest version: https://github.com/amkozlov/raxml-ng
Questions/problems/suggestions? Please visit: https://groups.google.com/forum/#!forum/raxml

System: AMD Ryzen 7 5800X 8-Core Processor, 8 cores, 31 GB RAM

RAxML-NG was called at 16-Jun-2023 09:59:09 as follows:

/home/fili/Documents/KIT/2023/BA/resources/tools/RAxML-NG/raxml-ng --msa /home/fili/Documents/KIT/2023/BA/code/output/families/ssim_NE_s20_f100_sites200_GTR_bl1.0_d0.0_l0.0_t0.0_gc0.0_p0.0_pop10_ms0.0_mf0.0_seed1007/families/family_039/alignment.msa --model F81 --prefix /home/fili/Documents/KIT/2023/BA/code/output/families/ssim_NE_s20_f100_sites200_GTR_bl1.0_d0.0_l0.0_t0.0_gc0.0_p0.0_pop10_ms0.0_mf0.0_seed1007/families/family_039/misc/raxml_output.F81

Analysis options:
  run mode: ML tree search
  start tree(s): random (10) + parsimony (10)
  random seed: 1686902349
  tip-inner: OFF
  pattern compression: ON
  per-rate scalers: OFF
  site repeats: ON
  fast spr radius: AUTO
  spr subtree cutoff: 1.000000
  branch lengths: proportional (ML estimate, algorithm: NR-FAST)
  SIMD kernels: AVX2
  parallelization: coarse-grained (auto), PTHREADS (auto)

[00:00:00] Reading alignment from file: /home/fili/Documents/KIT/2023/BA/code/output/families/ssim_NE_s20_f100_sites200_GTR_bl1.0_d0.0_l0.0_t0.0_gc0.0_p0.0_pop10_ms0.0_mf0.0_seed1007/families/family_039/alignment.msa
[00:00:00] Loaded alignment with 20 taxa and 228 sites

WARNING: Sequences 8_0_0 and 2_0_0 are exactly identical!
WARNING: Sequences 19_0_0 and 12_0_0 are exactly identical!
WARNING: Duplicate sequences found: 2

NOTE: Reduced alignment (with duplicates and gap-only sites/taxa removed) 
NOTE: was saved to: /home/fili/Documents/KIT/2023/BA/code/output/families/ssim_NE_s20_f100_sites200_GTR_bl1.0_d0.0_l0.0_t0.0_gc0.0_p0.0_pop10_ms0.0_mf0.0_seed1007/families/family_039/misc/raxml_output.F81.raxml.reduced.phy

Alignment comprises 1 partitions and 99 patterns

Partition 0: noname
Model: F81+FO
Alignment sites / patterns: 228 / 99
Gaps: 0.00 %
Invariant sites: 50.00 %


NOTE: Binary MSA file created: /home/fili/Documents/KIT/2023/BA/code/output/families/ssim_NE_s20_f100_sites200_GTR_bl1.0_d0.0_l0.0_t0.0_gc0.0_p0.0_pop10_ms0.0_mf0.0_seed1007/families/family_039/misc/raxml_output.F81.raxml.rba

Parallelization scheme autoconfig: 8 worker(s) x 1 thread(s)

Parallel reduction/worker buffer size: 1 KB  / 0 KB

[00:00:00] Generating 10 random starting tree(s) with 20 taxa
[00:00:00] Generating 10 parsimony starting tree(s) with 20 taxa
[00:00:00] Data distribution: max. partitions/sites/weight per thread: 1 / 99 / 396
[00:00:00] Data distribution: max. searches per worker: 3

Starting ML tree search with 20 distinct starting trees

[00:00:00 -2711.729741] Initial branch length optimization
[00:00:00 -2394.443633] Model parameter optimization (eps = 10.000000)
[00:00:00 -2247.044260] AUTODETECT spr round 1 (radius: 5)
[00:00:00 -1379.257988] AUTODETECT spr round 2 (radius: 10)
[00:00:00 -1374.644880] AUTODETECT spr round 3 (radius: 15)
[00:00:00 -1374.644880] SPR radius for FAST iterations: 10 (autodetect)
[00:00:00 -1374.644880] Model parameter optimization (eps = 3.000000)
[00:00:00 -1371.389226] FAST spr round 1 (radius: 10)
[00:00:00 -1323.182018] FAST spr round 2 (radius: 10)
[00:00:00 -1319.864051] FAST spr round 3 (radius: 10)
[00:00:00 -1319.864051] Model parameter optimization (eps = 1.000000)
[00:00:00 -1319.431381] SLOW spr round 1 (radius: 5)
[00:00:00 -1319.431213] SLOW spr round 2 (radius: 10)
[00:00:00] [worker #1] ML tree search #2, logLikelihood: -1319.431009
[00:00:00] [worker #6] ML tree search #7, logLikelihood: -1319.431011
[00:00:00] [worker #7] ML tree search #8, logLikelihood: -1319.431008
[00:00:00] [worker #4] ML tree search #5, logLikelihood: -1319.431009
[00:00:00] [worker #3] ML tree search #4, logLikelihood: -1319.431012
[00:00:00] [worker #5] ML tree search #6, logLikelihood: -1319.431008
[00:00:00 -1319.431213] SLOW spr round 3 (radius: 15)
[00:00:00 -1319.431213] SLOW spr round 4 (radius: 20)
[00:00:00] [worker #2] ML tree search #3, logLikelihood: -1319.431013
[00:00:00 -1319.431213] Model parameter optimization (eps = 0.100000)

[00:00:00] [worker #0] ML tree search #1, logLikelihood: -1319.431008

[00:00:00 -2582.316516] Initial branch length optimization
[00:00:00 -2282.841485] Model parameter optimization (eps = 10.000000)
[00:00:00 -2149.697913] AUTODETECT spr round 1 (radius: 5)
[00:00:00 -1341.058568] AUTODETECT spr round 2 (radius: 10)
[00:00:00 -1341.058404] SPR radius for FAST iterations: 5 (autodetect)
[00:00:00 -1341.058404] Model parameter optimization (eps = 3.000000)
[00:00:00 -1338.610803] FAST spr round 1 (radius: 5)
[00:00:00 -1319.480791] FAST spr round 2 (radius: 5)
[00:00:00 -1319.480738] Model parameter optimization (eps = 1.000000)
[00:00:00 -1319.431084] SLOW spr round 1 (radius: 5)
[00:00:00] [worker #4] ML tree search #13, logLikelihood: -1319.431010
[00:00:00] [worker #6] ML tree search #15, logLikelihood: -1319.431009
[00:00:00] [worker #3] ML tree search #12, logLikelihood: -1319.431008
[00:00:00] [worker #5] ML tree search #14, logLikelihood: -1319.431008
[00:00:00 -1319.431060] SLOW spr round 2 (radius: 10)
[00:00:00] [worker #1] ML tree search #10, logLikelihood: -1319.431009
[00:00:00 -1319.431060] SLOW spr round 3 (radius: 15)
[00:00:00 -1319.431060] SLOW spr round 4 (radius: 20)
[00:00:00 -1319.431060] Model parameter optimization (eps = 0.100000)

[00:00:00] [worker #0] ML tree search #9, logLikelihood: -1319.431009

[00:00:00 -1820.204474] Initial branch length optimization
[00:00:00 -1396.976540] Model parameter optimization (eps = 10.000000)
[00:00:00 -1335.729732] AUTODETECT spr round 1 (radius: 5)
[00:00:00] [worker #7] ML tree search #16, logLikelihood: -1319.431008
[00:00:00 -1319.466534] AUTODETECT spr round 2 (radius: 10)
[00:00:00 -1319.466107] SPR radius for FAST iterations: 5 (autodetect)
[00:00:00 -1319.466107] Model parameter optimization (eps = 3.000000)
[00:00:00 -1319.431099] FAST spr round 1 (radius: 5)
[00:00:00] [worker #2] ML tree search #11, logLikelihood: -1319.431008
[00:00:00 -1319.431029] Model parameter optimization (eps = 1.000000)
[00:00:00 -1319.431014] SLOW spr round 1 (radius: 5)
[00:00:00] [worker #3] ML tree search #20, logLikelihood: -1319.431008
[00:00:00 -1319.431014] SLOW spr round 2 (radius: 10)
[00:00:00] [worker #1] ML tree search #18, logLikelihood: -1319.431008
[00:00:00 -1319.431014] SLOW spr round 3 (radius: 15)
[00:00:00 -1319.431014] SLOW spr round 4 (radius: 20)
[00:00:00 -1319.431014] Model parameter optimization (eps = 0.100000)

[00:00:00] [worker #0] ML tree search #17, logLikelihood: -1319.431008

[00:00:00] [worker #2] ML tree search #19, logLikelihood: -1319.431008

Optimized model parameters:

   Partition 0: noname
   Rate heterogeneity: NONE
   Base frequencies (ML): 0.364874 0.105530 0.384267 0.145328 
   Substitution rates (model): 1.000000 1.000000 1.000000 1.000000 1.000000 1.000000 


Final LogLikelihood: -1319.431008

AIC score: 2718.862015 / AICc score: 2736.402122 / BIC score: 2856.035840
Free parameters (model + branch lengths): 40

WARNING: Best ML tree contains 1 near-zero branches!

Best ML tree with collapsed near-zero branches saved to: /home/fili/Documents/KIT/2023/BA/code/output/families/ssim_NE_s20_f100_sites200_GTR_bl1.0_d0.0_l0.0_t0.0_gc0.0_p0.0_pop10_ms0.0_mf0.0_seed1007/families/family_039/misc/raxml_output.F81.raxml.bestTreeCollapsed
Best ML tree saved to: /home/fili/Documents/KIT/2023/BA/code/output/families/ssim_NE_s20_f100_sites200_GTR_bl1.0_d0.0_l0.0_t0.0_gc0.0_p0.0_pop10_ms0.0_mf0.0_seed1007/families/family_039/misc/raxml_output.F81.raxml.bestTree
All ML trees saved to: /home/fili/Documents/KIT/2023/BA/code/output/families/ssim_NE_s20_f100_sites200_GTR_bl1.0_d0.0_l0.0_t0.0_gc0.0_p0.0_pop10_ms0.0_mf0.0_seed1007/families/family_039/misc/raxml_output.F81.raxml.mlTrees
Optimized model saved to: /home/fili/Documents/KIT/2023/BA/code/output/families/ssim_NE_s20_f100_sites200_GTR_bl1.0_d0.0_l0.0_t0.0_gc0.0_p0.0_pop10_ms0.0_mf0.0_seed1007/families/family_039/misc/raxml_output.F81.raxml.bestModel

Execution log saved to: /home/fili/Documents/KIT/2023/BA/code/output/families/ssim_NE_s20_f100_sites200_GTR_bl1.0_d0.0_l0.0_t0.0_gc0.0_p0.0_pop10_ms0.0_mf0.0_seed1007/families/family_039/misc/raxml_output.F81.raxml.log

Analysis started: 16-Jun-2023 09:59:09 / finished: 16-Jun-2023 09:59:09

Elapsed time: 0.221 seconds

