
RAxML-NG v. 1.1.0 released on 29.11.2021 by The Exelixis Lab.
Developed by: Alexey M. Kozlov and Alexandros Stamatakis.
Contributors: Diego Darriba, Tomas Flouri, Benoit Morel, Sarah Lutteropp, Ben Bettisworth.
Latest version: https://github.com/amkozlov/raxml-ng
Questions/problems/suggestions? Please visit: https://groups.google.com/forum/#!forum/raxml

System: AMD Ryzen 7 5800X 8-Core Processor, 8 cores, 31 GB RAM

RAxML-NG was called at 16-Jun-2023 09:59:20 as follows:

/home/fili/Documents/KIT/2023/BA/resources/tools/RAxML-NG/raxml-ng --msa /home/fili/Documents/KIT/2023/BA/code/output/families/ssim_NE_s20_f100_sites200_GTR_bl1.0_d0.0_l0.0_t0.0_gc0.0_p0.0_pop10_ms0.0_mf0.0_seed1007/families/family_035/alignment.msa --model F81 --prefix /home/fili/Documents/KIT/2023/BA/code/output/families/ssim_NE_s20_f100_sites200_GTR_bl1.0_d0.0_l0.0_t0.0_gc0.0_p0.0_pop10_ms0.0_mf0.0_seed1007/families/family_035/misc/raxml_output.F81

Analysis options:
  run mode: ML tree search
  start tree(s): random (10) + parsimony (10)
  random seed: 1686902360
  tip-inner: OFF
  pattern compression: ON
  per-rate scalers: OFF
  site repeats: ON
  fast spr radius: AUTO
  spr subtree cutoff: 1.000000
  branch lengths: proportional (ML estimate, algorithm: NR-FAST)
  SIMD kernels: AVX2
  parallelization: coarse-grained (auto), PTHREADS (auto)

[00:00:00] Reading alignment from file: /home/fili/Documents/KIT/2023/BA/code/output/families/ssim_NE_s20_f100_sites200_GTR_bl1.0_d0.0_l0.0_t0.0_gc0.0_p0.0_pop10_ms0.0_mf0.0_seed1007/families/family_035/alignment.msa
[00:00:00] Loaded alignment with 20 taxa and 191 sites

WARNING: Sequences 20_0_0 and 12_0_0 are exactly identical!
WARNING: Sequences 20_0_0 and 19_0_0 are exactly identical!
WARNING: Sequences 8_0_0 and 2_0_0 are exactly identical!
WARNING: Sequences 7_0_0 and 11_0_0 are exactly identical!
WARNING: Duplicate sequences found: 4

NOTE: Reduced alignment (with duplicates and gap-only sites/taxa removed) 
NOTE: was saved to: /home/fili/Documents/KIT/2023/BA/code/output/families/ssim_NE_s20_f100_sites200_GTR_bl1.0_d0.0_l0.0_t0.0_gc0.0_p0.0_pop10_ms0.0_mf0.0_seed1007/families/family_035/misc/raxml_output.F81.raxml.reduced.phy

Alignment comprises 1 partitions and 96 patterns

Partition 0: noname
Model: F81+FO
Alignment sites / patterns: 191 / 96
Gaps: 0.00 %
Invariant sites: 42.41 %


NOTE: Binary MSA file created: /home/fili/Documents/KIT/2023/BA/code/output/families/ssim_NE_s20_f100_sites200_GTR_bl1.0_d0.0_l0.0_t0.0_gc0.0_p0.0_pop10_ms0.0_mf0.0_seed1007/families/family_035/misc/raxml_output.F81.raxml.rba

Parallelization scheme autoconfig: 8 worker(s) x 1 thread(s)

Parallel reduction/worker buffer size: 1 KB  / 0 KB

[00:00:00] Generating 10 random starting tree(s) with 20 taxa
[00:00:00] Generating 10 parsimony starting tree(s) with 20 taxa
[00:00:00] Data distribution: max. partitions/sites/weight per thread: 1 / 96 / 384
[00:00:00] Data distribution: max. searches per worker: 3

Starting ML tree search with 20 distinct starting trees

[00:00:00 -2896.616337] Initial branch length optimization
[00:00:00 -2406.642745] Model parameter optimization (eps = 10.000000)
[00:00:00 -2372.409107] AUTODETECT spr round 1 (radius: 5)
[00:00:00 -1256.917113] AUTODETECT spr round 2 (radius: 10)
[00:00:00 -1256.916753] SPR radius for FAST iterations: 5 (autodetect)
[00:00:00 -1256.916753] Model parameter optimization (eps = 3.000000)
[00:00:00 -1256.521957] FAST spr round 1 (radius: 5)
[00:00:00 -1213.568580] FAST spr round 2 (radius: 5)
[00:00:00 -1213.551076] Model parameter optimization (eps = 1.000000)
[00:00:00 -1213.448342] SLOW spr round 1 (radius: 5)
[00:00:00 -1213.446050] SLOW spr round 2 (radius: 10)
[00:00:00 -1213.445340] SLOW spr round 3 (radius: 15)
[00:00:00 -1213.445147] SLOW spr round 4 (radius: 20)
[00:00:00] [worker #4] ML tree search #5, logLikelihood: -1213.444973
[00:00:00 -1213.445105] Model parameter optimization (eps = 0.100000)

[00:00:00] [worker #0] ML tree search #1, logLikelihood: -1213.444970

[00:00:00 -2936.476307] Initial branch length optimization
[00:00:00 -2503.649552] Model parameter optimization (eps = 10.000000)
[00:00:00 -2473.285695] AUTODETECT spr round 1 (radius: 5)
[00:00:00] [worker #6] ML tree search #7, logLikelihood: -1214.096451
[00:00:00] [worker #5] ML tree search #6, logLikelihood: -1213.444961
[00:00:00] [worker #7] ML tree search #8, logLikelihood: -1214.099778
[00:00:00] [worker #2] ML tree search #3, logLikelihood: -1213.894650
[00:00:00 -1271.899962] AUTODETECT spr round 2 (radius: 10)
[00:00:00 -1271.899308] SPR radius for FAST iterations: 5 (autodetect)
[00:00:00 -1271.899308] Model parameter optimization (eps = 3.000000)
[00:00:00 -1271.584865] FAST spr round 1 (radius: 5)
[00:00:00] [worker #3] ML tree search #4, logLikelihood: -1213.444961
[00:00:00 -1213.476647] FAST spr round 2 (radius: 5)
[00:00:00] [worker #1] ML tree search #2, logLikelihood: -1213.445097
[00:00:00 -1213.475321] Model parameter optimization (eps = 1.000000)
[00:00:00 -1213.445283] SLOW spr round 1 (radius: 5)
[00:00:00 -1213.445023] SLOW spr round 2 (radius: 10)
[00:00:00] [worker #6] ML tree search #15, logLikelihood: -1213.444961
[00:00:00 -1213.444982] SLOW spr round 3 (radius: 15)
[00:00:00] [worker #7] ML tree search #16, logLikelihood: -1213.444961
[00:00:00 -1213.444974] SLOW spr round 4 (radius: 20)
[00:00:00] [worker #2] ML tree search #11, logLikelihood: -1213.444960
[00:00:00 -1213.444972] Model parameter optimization (eps = 0.100000)

[00:00:00] [worker #0] ML tree search #9, logLikelihood: -1213.444963

[00:00:00 -1610.741138] Initial branch length optimization
[00:00:00 -1231.940164] Model parameter optimization (eps = 10.000000)
[00:00:00 -1216.924677] AUTODETECT spr round 1 (radius: 5)
[00:00:00] [worker #3] ML tree search #12, logLikelihood: -1213.444960
[00:00:00 -1214.282461] AUTODETECT spr round 2 (radius: 10)
[00:00:00 -1214.281997] SPR radius for FAST iterations: 5 (autodetect)
[00:00:00 -1214.281997] Model parameter optimization (eps = 3.000000)
[00:00:00 -1214.218821] FAST spr round 1 (radius: 5)
[00:00:00] [worker #4] ML tree search #13, logLikelihood: -1213.444960
[00:00:00 -1213.452233] FAST spr round 2 (radius: 5)
[00:00:00] [worker #1] ML tree search #10, logLikelihood: -1213.444975
[00:00:00 -1213.451555] Model parameter optimization (eps = 1.000000)
[00:00:00 -1213.444969] SLOW spr round 1 (radius: 5)
[00:00:00] [worker #5] ML tree search #14, logLikelihood: -1213.444962
[00:00:00 -1213.444963] SLOW spr round 2 (radius: 10)
[00:00:00] [worker #2] ML tree search #19, logLikelihood: -1213.444962
[00:00:00 -1213.444961] SLOW spr round 3 (radius: 15)
[00:00:00] [worker #3] ML tree search #20, logLikelihood: -1213.444965
[00:00:00 -1213.444961] SLOW spr round 4 (radius: 20)
[00:00:00 -1213.444961] Model parameter optimization (eps = 0.100000)

[00:00:00] [worker #0] ML tree search #17, logLikelihood: -1213.444960

[00:00:00] [worker #1] ML tree search #18, logLikelihood: -1213.444961

Optimized model parameters:

   Partition 0: noname
   Rate heterogeneity: NONE
   Base frequencies (ML): 0.255791 0.144588 0.303865 0.295756 
   Substitution rates (model): 1.000000 1.000000 1.000000 1.000000 1.000000 1.000000 


Final LogLikelihood: -1213.444960

AIC score: 2506.889921 / AICc score: 2528.756587 / BIC score: 2636.980858
Free parameters (model + branch lengths): 40

WARNING: Best ML tree contains 1 near-zero branches!

Best ML tree with collapsed near-zero branches saved to: /home/fili/Documents/KIT/2023/BA/code/output/families/ssim_NE_s20_f100_sites200_GTR_bl1.0_d0.0_l0.0_t0.0_gc0.0_p0.0_pop10_ms0.0_mf0.0_seed1007/families/family_035/misc/raxml_output.F81.raxml.bestTreeCollapsed
Best ML tree saved to: /home/fili/Documents/KIT/2023/BA/code/output/families/ssim_NE_s20_f100_sites200_GTR_bl1.0_d0.0_l0.0_t0.0_gc0.0_p0.0_pop10_ms0.0_mf0.0_seed1007/families/family_035/misc/raxml_output.F81.raxml.bestTree
All ML trees saved to: /home/fili/Documents/KIT/2023/BA/code/output/families/ssim_NE_s20_f100_sites200_GTR_bl1.0_d0.0_l0.0_t0.0_gc0.0_p0.0_pop10_ms0.0_mf0.0_seed1007/families/family_035/misc/raxml_output.F81.raxml.mlTrees
Optimized model saved to: /home/fili/Documents/KIT/2023/BA/code/output/families/ssim_NE_s20_f100_sites200_GTR_bl1.0_d0.0_l0.0_t0.0_gc0.0_p0.0_pop10_ms0.0_mf0.0_seed1007/families/family_035/misc/raxml_output.F81.raxml.bestModel

Execution log saved to: /home/fili/Documents/KIT/2023/BA/code/output/families/ssim_NE_s20_f100_sites200_GTR_bl1.0_d0.0_l0.0_t0.0_gc0.0_p0.0_pop10_ms0.0_mf0.0_seed1007/families/family_035/misc/raxml_output.F81.raxml.log

Analysis started: 16-Jun-2023 09:59:20 / finished: 16-Jun-2023 09:59:20

Elapsed time: 0.199 seconds

