
RAxML-NG v. 1.1.0 released on 29.11.2021 by The Exelixis Lab.
Developed by: Alexey M. Kozlov and Alexandros Stamatakis.
Contributors: Diego Darriba, Tomas Flouri, Benoit Morel, Sarah Lutteropp, Ben Bettisworth.
Latest version: https://github.com/amkozlov/raxml-ng
Questions/problems/suggestions? Please visit: https://groups.google.com/forum/#!forum/raxml

System: AMD Ryzen 7 5800X 8-Core Processor, 8 cores, 31 GB RAM

RAxML-NG was called at 21-Jun-2023 14:53:29 as follows:

/home/fili/Documents/KIT/2023/BA/resources/tools/RAxML-NG/raxml-ng --msa /home/fili/Documents/KIT/2023/BA/code/output/families/ssim_NE_s20_f100_sites200_GTR_bl1.0_d0.0_l0.0_t0.0_gc0.0_p0.0_pop10_ms0.0_mf0.0_seed19732311/families/family_094/alignment.msa --model F81 --prefix /home/fili/Documents/KIT/2023/BA/code/output/families/ssim_NE_s20_f100_sites200_GTR_bl1.0_d0.0_l0.0_t0.0_gc0.0_p0.0_pop10_ms0.0_mf0.0_seed19732311/families/family_094/misc/raxml_output.F81

Analysis options:
  run mode: ML tree search
  start tree(s): random (10) + parsimony (10)
  random seed: 1687352009
  tip-inner: OFF
  pattern compression: ON
  per-rate scalers: OFF
  site repeats: ON
  fast spr radius: AUTO
  spr subtree cutoff: 1.000000
  branch lengths: proportional (ML estimate, algorithm: NR-FAST)
  SIMD kernels: AVX2
  parallelization: coarse-grained (auto), PTHREADS (auto)

[00:00:00] Reading alignment from file: /home/fili/Documents/KIT/2023/BA/code/output/families/ssim_NE_s20_f100_sites200_GTR_bl1.0_d0.0_l0.0_t0.0_gc0.0_p0.0_pop10_ms0.0_mf0.0_seed19732311/families/family_094/alignment.msa
[00:00:00] Loaded alignment with 20 taxa and 193 sites

Alignment comprises 1 partitions and 146 patterns

Partition 0: noname
Model: F81+FO
Alignment sites / patterns: 193 / 146
Gaps: 0.00 %
Invariant sites: 17.10 %


NOTE: Binary MSA file created: /home/fili/Documents/KIT/2023/BA/code/output/families/ssim_NE_s20_f100_sites200_GTR_bl1.0_d0.0_l0.0_t0.0_gc0.0_p0.0_pop10_ms0.0_mf0.0_seed19732311/families/family_094/misc/raxml_output.F81.raxml.rba

Parallelization scheme autoconfig: 8 worker(s) x 1 thread(s)

Parallel reduction/worker buffer size: 1 KB  / 0 KB

[00:00:00] Generating 10 random starting tree(s) with 20 taxa
[00:00:00] Generating 10 parsimony starting tree(s) with 20 taxa
[00:00:00] Data distribution: max. partitions/sites/weight per thread: 1 / 146 / 584
[00:00:00] Data distribution: max. searches per worker: 3

Starting ML tree search with 20 distinct starting trees

[00:00:00 -3936.589887] Initial branch length optimization
[00:00:00 -3426.499926] Model parameter optimization (eps = 10.000000)
[00:00:00 -3315.018840] AUTODETECT spr round 1 (radius: 5)
[00:00:00 -2009.293992] AUTODETECT spr round 2 (radius: 10)
[00:00:00 -2009.281587] SPR radius for FAST iterations: 5 (autodetect)
[00:00:00 -2009.281587] Model parameter optimization (eps = 3.000000)
[00:00:00 -2005.431808] FAST spr round 1 (radius: 5)
[00:00:00 -1935.260927] FAST spr round 2 (radius: 5)
[00:00:00 -1930.381341] FAST spr round 3 (radius: 5)
[00:00:00 -1930.381340] Model parameter optimization (eps = 1.000000)
[00:00:00 -1930.251775] SLOW spr round 1 (radius: 5)
[00:00:00 -1930.251303] SLOW spr round 2 (radius: 10)
[00:00:00] [worker #2] ML tree search #3, logLikelihood: -1930.251163
[00:00:00 -1930.251300] SLOW spr round 3 (radius: 15)
[00:00:00] [worker #1] ML tree search #2, logLikelihood: -1930.251162
[00:00:00 -1930.251300] SLOW spr round 4 (radius: 20)
[00:00:00 -1930.251300] Model parameter optimization (eps = 0.100000)

[00:00:00] [worker #0] ML tree search #1, logLikelihood: -1930.251163

[00:00:00 -3585.905550] Initial branch length optimization
[00:00:00 -3125.665245] Model parameter optimization (eps = 10.000000)
[00:00:00] [worker #7] ML tree search #8, logLikelihood: -1930.251161
[00:00:00] [worker #6] ML tree search #7, logLikelihood: -1930.251164
[00:00:00] [worker #3] ML tree search #4, logLikelihood: -1930.251163
[00:00:00 -3070.375795] AUTODETECT spr round 1 (radius: 5)
[00:00:00] [worker #4] ML tree search #5, logLikelihood: -1930.251162
[00:00:00 -1993.397725] AUTODETECT spr round 2 (radius: 10)
[00:00:00 -1993.380234] SPR radius for FAST iterations: 5 (autodetect)
[00:00:00 -1993.380234] Model parameter optimization (eps = 3.000000)
[00:00:00] [worker #5] ML tree search #6, logLikelihood: -1930.251161
[00:00:00 -1989.595630] FAST spr round 1 (radius: 5)
[00:00:00 -1930.935771] FAST spr round 2 (radius: 5)
[00:00:00 -1930.303215] FAST spr round 3 (radius: 5)
[00:00:00 -1930.303214] Model parameter optimization (eps = 1.000000)
[00:00:00 -1930.251321] SLOW spr round 1 (radius: 5)
[00:00:00] [worker #2] ML tree search #11, logLikelihood: -1930.251163
[00:00:00 -1930.251258] SLOW spr round 2 (radius: 10)
[00:00:00] [worker #6] ML tree search #15, logLikelihood: -1930.251163
[00:00:00] [worker #3] ML tree search #12, logLikelihood: -1930.251163
[00:00:00] [worker #7] ML tree search #16, logLikelihood: -1930.251163
[00:00:00] [worker #4] ML tree search #13, logLikelihood: -1930.251163
[00:00:00 -1930.251258] SLOW spr round 3 (radius: 15)
[00:00:00] [worker #1] ML tree search #10, logLikelihood: -1930.251166
[00:00:00 -1930.251258] SLOW spr round 4 (radius: 20)
[00:00:00 -1930.251258] Model parameter optimization (eps = 0.100000)

[00:00:00] [worker #0] ML tree search #9, logLikelihood: -1930.251162

[00:00:00] [worker #5] ML tree search #14, logLikelihood: -1930.251163
[00:00:00 -2206.727079] Initial branch length optimization
[00:00:00 -1972.820732] Model parameter optimization (eps = 10.000000)
[00:00:00 -1933.140968] AUTODETECT spr round 1 (radius: 5)
[00:00:00 -1930.395034] AUTODETECT spr round 2 (radius: 10)
[00:00:00 -1930.393829] SPR radius for FAST iterations: 5 (autodetect)
[00:00:00 -1930.393829] Model parameter optimization (eps = 3.000000)
[00:00:00 -1930.251841] FAST spr round 1 (radius: 5)
[00:00:00 -1930.251327] Model parameter optimization (eps = 1.000000)
[00:00:00 -1930.251165] SLOW spr round 1 (radius: 5)
[00:00:00] [worker #2] ML tree search #19, logLikelihood: -1930.251162
[00:00:00 -1930.251163] SLOW spr round 2 (radius: 10)
[00:00:00] [worker #3] ML tree search #20, logLikelihood: -1930.251163
[00:00:00 -1930.251163] SLOW spr round 3 (radius: 15)
[00:00:00 -1930.251163] SLOW spr round 4 (radius: 20)
[00:00:00 -1930.251163] Model parameter optimization (eps = 0.100000)

[00:00:00] [worker #0] ML tree search #17, logLikelihood: -1930.251162

[00:00:00] [worker #1] ML tree search #18, logLikelihood: -1930.251164

Optimized model parameters:

   Partition 0: noname
   Rate heterogeneity: NONE
   Base frequencies (ML): 0.302077 0.179057 0.372840 0.146025 
   Substitution rates (model): 1.000000 1.000000 1.000000 1.000000 1.000000 1.000000 


Final LogLikelihood: -1930.251161

AIC score: 3940.502322 / AICc score: 3962.081270 / BIC score: 4071.009930
Free parameters (model + branch lengths): 40

Best ML tree saved to: /home/fili/Documents/KIT/2023/BA/code/output/families/ssim_NE_s20_f100_sites200_GTR_bl1.0_d0.0_l0.0_t0.0_gc0.0_p0.0_pop10_ms0.0_mf0.0_seed19732311/families/family_094/misc/raxml_output.F81.raxml.bestTree
All ML trees saved to: /home/fili/Documents/KIT/2023/BA/code/output/families/ssim_NE_s20_f100_sites200_GTR_bl1.0_d0.0_l0.0_t0.0_gc0.0_p0.0_pop10_ms0.0_mf0.0_seed19732311/families/family_094/misc/raxml_output.F81.raxml.mlTrees
Optimized model saved to: /home/fili/Documents/KIT/2023/BA/code/output/families/ssim_NE_s20_f100_sites200_GTR_bl1.0_d0.0_l0.0_t0.0_gc0.0_p0.0_pop10_ms0.0_mf0.0_seed19732311/families/family_094/misc/raxml_output.F81.raxml.bestModel

Execution log saved to: /home/fili/Documents/KIT/2023/BA/code/output/families/ssim_NE_s20_f100_sites200_GTR_bl1.0_d0.0_l0.0_t0.0_gc0.0_p0.0_pop10_ms0.0_mf0.0_seed19732311/families/family_094/misc/raxml_output.F81.raxml.log

Analysis started: 21-Jun-2023 14:53:29 / finished: 21-Jun-2023 14:53:29

Elapsed time: 0.298 seconds

