
RAxML-NG v. 1.1.0 released on 29.11.2021 by The Exelixis Lab.
Developed by: Alexey M. Kozlov and Alexandros Stamatakis.
Contributors: Diego Darriba, Tomas Flouri, Benoit Morel, Sarah Lutteropp, Ben Bettisworth.
Latest version: https://github.com/amkozlov/raxml-ng
Questions/problems/suggestions? Please visit: https://groups.google.com/forum/#!forum/raxml

System: AMD Ryzen 7 5800X 8-Core Processor, 8 cores, 31 GB RAM

RAxML-NG was called at 27-Jun-2023 13:04:10 as follows:

/home/fili/Documents/KIT/2023/BA/resources/tools/RAxML-NG/raxml-ng --msa /home/fili/Documents/KIT/2023/BA/code/output/families/ssim_DL_s20_f100_sites200_GTR_bl1.0_d1.0_l1.0_t0.0_gc0.0_p0.0_pop10_ms0.0_mf0.0_seed19732311/families/family_066/alignment.msa --model F81 --prefix /home/fili/Documents/KIT/2023/BA/code/output/families/ssim_DL_s20_f100_sites200_GTR_bl1.0_d1.0_l1.0_t0.0_gc0.0_p0.0_pop10_ms0.0_mf0.0_seed19732311/families/family_066/misc/raxml_output.F81

Analysis options:
  run mode: ML tree search
  start tree(s): random (10) + parsimony (10)
  random seed: 1687863850
  tip-inner: OFF
  pattern compression: ON
  per-rate scalers: OFF
  site repeats: ON
  fast spr radius: AUTO
  spr subtree cutoff: 1.000000
  branch lengths: proportional (ML estimate, algorithm: NR-FAST)
  SIMD kernels: AVX2
  parallelization: coarse-grained (auto), PTHREADS (auto)

[00:00:00] Reading alignment from file: /home/fili/Documents/KIT/2023/BA/code/output/families/ssim_DL_s20_f100_sites200_GTR_bl1.0_d1.0_l1.0_t0.0_gc0.0_p0.0_pop10_ms0.0_mf0.0_seed19732311/families/family_066/alignment.msa
[00:00:00] Loaded alignment with 26 taxa and 220 sites

Alignment comprises 1 partitions and 170 patterns

Partition 0: noname
Model: F81+FO
Alignment sites / patterns: 220 / 170
Gaps: 0.00 %
Invariant sites: 22.73 %


NOTE: Binary MSA file created: /home/fili/Documents/KIT/2023/BA/code/output/families/ssim_DL_s20_f100_sites200_GTR_bl1.0_d1.0_l1.0_t0.0_gc0.0_p0.0_pop10_ms0.0_mf0.0_seed19732311/families/family_066/misc/raxml_output.F81.raxml.rba

Parallelization scheme autoconfig: 8 worker(s) x 1 thread(s)

Parallel reduction/worker buffer size: 1 KB  / 0 KB

[00:00:00] Generating 10 random starting tree(s) with 26 taxa
[00:00:00] Generating 10 parsimony starting tree(s) with 26 taxa
[00:00:00] Data distribution: max. partitions/sites/weight per thread: 1 / 170 / 680
[00:00:00] Data distribution: max. searches per worker: 3

Starting ML tree search with 20 distinct starting trees

[00:00:00 -4978.986931] Initial branch length optimization
[00:00:00 -4520.334209] Model parameter optimization (eps = 10.000000)
[00:00:00 -4421.537121] AUTODETECT spr round 1 (radius: 5)
[00:00:00 -3086.646143] AUTODETECT spr round 2 (radius: 10)
[00:00:00 -3086.644680] SPR radius for FAST iterations: 5 (autodetect)
[00:00:00 -3086.644680] Model parameter optimization (eps = 3.000000)
[00:00:00 -3082.887136] FAST spr round 1 (radius: 5)
[00:00:00 -3040.804509] FAST spr round 2 (radius: 5)
[00:00:00 -3040.383904] FAST spr round 3 (radius: 5)
[00:00:00 -3040.383897] Model parameter optimization (eps = 1.000000)
[00:00:00 -3040.066034] SLOW spr round 1 (radius: 5)
[00:00:00 -3040.065052] SLOW spr round 2 (radius: 10)
[00:00:00] [worker #6] ML tree search #7, logLikelihood: -3040.061963
[00:00:00 -3040.065051] SLOW spr round 3 (radius: 15)
[00:00:00 -3040.065051] SLOW spr round 4 (radius: 20)
[00:00:00 -3040.065051] SLOW spr round 5 (radius: 25)
[00:00:00] [worker #4] ML tree search #5, logLikelihood: -3040.061884
[00:00:00 -3040.065051] Model parameter optimization (eps = 0.100000)

[00:00:00] [worker #0] ML tree search #1, logLikelihood: -3040.061928

[00:00:00] [worker #3] ML tree search #4, logLikelihood: -3040.061874
[00:00:00 -4998.087300] Initial branch length optimization
[00:00:00 -4592.832238] Model parameter optimization (eps = 10.000000)
[00:00:00] [worker #7] ML tree search #8, logLikelihood: -3040.061870
[00:00:00 -4485.221982] AUTODETECT spr round 1 (radius: 5)
[00:00:00 -3180.168712] AUTODETECT spr round 2 (radius: 10)
[00:00:00] [worker #1] ML tree search #2, logLikelihood: -3040.061872
[00:00:00 -3180.166900] SPR radius for FAST iterations: 5 (autodetect)
[00:00:00 -3180.166900] Model parameter optimization (eps = 3.000000)
[00:00:00] [worker #5] ML tree search #6, logLikelihood: -3040.061871
[00:00:00 -3177.589504] FAST spr round 1 (radius: 5)
[00:00:00] [worker #2] ML tree search #3, logLikelihood: -3040.061871
[00:00:00 -3056.060054] FAST spr round 2 (radius: 5)
[00:00:00 -3040.796814] FAST spr round 3 (radius: 5)
[00:00:00 -3040.796812] Model parameter optimization (eps = 1.000000)
[00:00:00 -3040.069920] SLOW spr round 1 (radius: 5)
[00:00:00] [worker #4] ML tree search #13, logLikelihood: -3040.061870
[00:00:00] [worker #3] ML tree search #12, logLikelihood: -3040.061869
[00:00:00 -3040.067212] SLOW spr round 2 (radius: 10)
[00:00:00] [worker #6] ML tree search #15, logLikelihood: -3040.061872
[00:00:00] [worker #7] ML tree search #16, logLikelihood: -3040.061874
[00:00:00 -3040.067210] SLOW spr round 3 (radius: 15)
[00:00:00 -3040.067210] SLOW spr round 4 (radius: 20)
[00:00:00 -3040.067210] SLOW spr round 5 (radius: 25)
[00:00:00 -3040.067210] Model parameter optimization (eps = 0.100000)

[00:00:00] [worker #0] ML tree search #9, logLikelihood: -3040.061940

[00:00:00 -3348.643458] Initial branch length optimization
[00:00:00] [worker #5] ML tree search #14, logLikelihood: -3040.061870
[00:00:00 -3131.684861] Model parameter optimization (eps = 10.000000)
[00:00:00] [worker #2] ML tree search #11, logLikelihood: -3040.061871
[00:00:00 -3042.924646] AUTODETECT spr round 1 (radius: 5)
[00:00:00] [worker #1] ML tree search #10, logLikelihood: -3040.061929
[00:00:00 -3040.068845] AUTODETECT spr round 2 (radius: 10)
[00:00:00 -3040.067981] SPR radius for FAST iterations: 5 (autodetect)
[00:00:00 -3040.067981] Model parameter optimization (eps = 3.000000)
[00:00:00 -3040.061947] FAST spr round 1 (radius: 5)
[00:00:00 -3040.061933] Model parameter optimization (eps = 1.000000)
[00:00:00 -3040.061871] SLOW spr round 1 (radius: 5)
[00:00:00] [worker #3] ML tree search #20, logLikelihood: -3040.061871
[00:00:00 -3040.061871] SLOW spr round 2 (radius: 10)
[00:00:00 -3040.061871] SLOW spr round 3 (radius: 15)
[00:00:00 -3040.061871] SLOW spr round 4 (radius: 20)
[00:00:00 -3040.061871] SLOW spr round 5 (radius: 25)
[00:00:00 -3040.061871] Model parameter optimization (eps = 0.100000)

[00:00:00] [worker #0] ML tree search #17, logLikelihood: -3040.061870

[00:00:00] [worker #2] ML tree search #19, logLikelihood: -3040.061872
[00:00:00] [worker #1] ML tree search #18, logLikelihood: -3040.061871

Optimized model parameters:

   Partition 0: noname
   Rate heterogeneity: NONE
   Base frequencies (ML): 0.388373 0.121929 0.323984 0.165715 
   Substitution rates (model): 1.000000 1.000000 1.000000 1.000000 1.000000 1.000000 


Final LogLikelihood: -3040.061869

AIC score: 6184.123738 / AICc score: 6217.129726 / BIC score: 6360.592370
Free parameters (model + branch lengths): 52

Best ML tree saved to: /home/fili/Documents/KIT/2023/BA/code/output/families/ssim_DL_s20_f100_sites200_GTR_bl1.0_d1.0_l1.0_t0.0_gc0.0_p0.0_pop10_ms0.0_mf0.0_seed19732311/families/family_066/misc/raxml_output.F81.raxml.bestTree
All ML trees saved to: /home/fili/Documents/KIT/2023/BA/code/output/families/ssim_DL_s20_f100_sites200_GTR_bl1.0_d1.0_l1.0_t0.0_gc0.0_p0.0_pop10_ms0.0_mf0.0_seed19732311/families/family_066/misc/raxml_output.F81.raxml.mlTrees
Optimized model saved to: /home/fili/Documents/KIT/2023/BA/code/output/families/ssim_DL_s20_f100_sites200_GTR_bl1.0_d1.0_l1.0_t0.0_gc0.0_p0.0_pop10_ms0.0_mf0.0_seed19732311/families/family_066/misc/raxml_output.F81.raxml.bestModel

Execution log saved to: /home/fili/Documents/KIT/2023/BA/code/output/families/ssim_DL_s20_f100_sites200_GTR_bl1.0_d1.0_l1.0_t0.0_gc0.0_p0.0_pop10_ms0.0_mf0.0_seed19732311/families/family_066/misc/raxml_output.F81.raxml.log

Analysis started: 27-Jun-2023 13:04:10 / finished: 27-Jun-2023 13:04:10

Elapsed time: 0.473 seconds

