
RAxML-NG v. 1.1.0 released on 29.11.2021 by The Exelixis Lab.
Developed by: Alexey M. Kozlov and Alexandros Stamatakis.
Contributors: Diego Darriba, Tomas Flouri, Benoit Morel, Sarah Lutteropp, Ben Bettisworth.
Latest version: https://github.com/amkozlov/raxml-ng
Questions/problems/suggestions? Please visit: https://groups.google.com/forum/#!forum/raxml

System: AMD Ryzen 7 5800X 8-Core Processor, 8 cores, 31 GB RAM

RAxML-NG was called at 12-Jun-2023 12:38:58 as follows:

/home/fili/Documents/KIT/2023/BA/resources/tools/RAxML-NG/raxml-ng --msa /home/fili/Documents/KIT/2023/BA/code/output/families/ssim_dtl_s20_f100_sites200_GTR_bl1.0_d0.0_l0.0_t1.0_gc0.0_p0.0_pop10_ms0.0_mf0.0_seed42/families/family_047/alignment.msa --model F81 --prefix /home/fili/Documents/KIT/2023/BA/code/output/families/ssim_dtl_s20_f100_sites200_GTR_bl1.0_d0.0_l0.0_t1.0_gc0.0_p0.0_pop10_ms0.0_mf0.0_seed42/families/family_047/misc/raxml_output.F81

Analysis options:
  run mode: ML tree search
  start tree(s): random (10) + parsimony (10)
  random seed: 1686566338
  tip-inner: OFF
  pattern compression: ON
  per-rate scalers: OFF
  site repeats: ON
  fast spr radius: AUTO
  spr subtree cutoff: 1.000000
  branch lengths: proportional (ML estimate, algorithm: NR-FAST)
  SIMD kernels: AVX2
  parallelization: coarse-grained (auto), PTHREADS (auto)

[00:00:00] Reading alignment from file: /home/fili/Documents/KIT/2023/BA/code/output/families/ssim_dtl_s20_f100_sites200_GTR_bl1.0_d0.0_l0.0_t1.0_gc0.0_p0.0_pop10_ms0.0_mf0.0_seed42/families/family_047/alignment.msa
[00:00:00] Loaded alignment with 20 taxa and 146 sites

WARNING: Sequences 13_0_0 and 9_0_0 are exactly identical!
WARNING: Sequences 10_0_0 and 4_0_0 are exactly identical!
WARNING: Sequences 10_0_0 and 12_0_0 are exactly identical!
WARNING: Duplicate sequences found: 3

NOTE: Reduced alignment (with duplicates and gap-only sites/taxa removed) 
NOTE: was saved to: /home/fili/Documents/KIT/2023/BA/code/output/families/ssim_dtl_s20_f100_sites200_GTR_bl1.0_d0.0_l0.0_t1.0_gc0.0_p0.0_pop10_ms0.0_mf0.0_seed42/families/family_047/misc/raxml_output.F81.raxml.reduced.phy

Alignment comprises 1 partitions and 69 patterns

Partition 0: noname
Model: F81+FO
Alignment sites / patterns: 146 / 69
Gaps: 0.00 %
Invariant sites: 52.05 %


NOTE: Binary MSA file created: /home/fili/Documents/KIT/2023/BA/code/output/families/ssim_dtl_s20_f100_sites200_GTR_bl1.0_d0.0_l0.0_t1.0_gc0.0_p0.0_pop10_ms0.0_mf0.0_seed42/families/family_047/misc/raxml_output.F81.raxml.rba

Parallelization scheme autoconfig: 8 worker(s) x 1 thread(s)

Parallel reduction/worker buffer size: 1 KB  / 0 KB

[00:00:00] Generating 10 random starting tree(s) with 20 taxa
[00:00:00] Generating 10 parsimony starting tree(s) with 20 taxa
[00:00:00] Data distribution: max. partitions/sites/weight per thread: 1 / 69 / 276
[00:00:00] Data distribution: max. searches per worker: 3

Starting ML tree search with 20 distinct starting trees

[00:00:00 -1772.917108] Initial branch length optimization
[00:00:00 -1581.816330] Model parameter optimization (eps = 10.000000)
[00:00:00 -1560.463147] AUTODETECT spr round 1 (radius: 5)
[00:00:00 -875.828745] AUTODETECT spr round 2 (radius: 10)
[00:00:00 -875.828741] SPR radius for FAST iterations: 5 (autodetect)
[00:00:00 -875.828741] Model parameter optimization (eps = 3.000000)
[00:00:00 -875.293238] FAST spr round 1 (radius: 5)
[00:00:00 -857.769199] FAST spr round 2 (radius: 5)
[00:00:00 -857.769199] Model parameter optimization (eps = 1.000000)
[00:00:00 -857.698363] SLOW spr round 1 (radius: 5)
[00:00:00 -857.698328] SLOW spr round 2 (radius: 10)
[00:00:00] [worker #5] ML tree search #6, logLikelihood: -857.698308
[00:00:00] [worker #3] ML tree search #4, logLikelihood: -857.698308
[00:00:00] [worker #4] ML tree search #5, logLikelihood: -857.698339
[00:00:00 -857.698328] SLOW spr round 3 (radius: 15)
[00:00:00 -857.698328] SLOW spr round 4 (radius: 20)
[00:00:00 -857.698328] Model parameter optimization (eps = 0.100000)

[00:00:00] [worker #0] ML tree search #1, logLikelihood: -857.698307

[00:00:00] [worker #1] ML tree search #2, logLikelihood: -857.698308
[00:00:00 -1610.554894] Initial branch length optimization
[00:00:00] [worker #7] ML tree search #8, logLikelihood: -857.698308
[00:00:00 -1424.071079] Model parameter optimization (eps = 10.000000)
[00:00:00 -1411.761146] AUTODETECT spr round 1 (radius: 5)
[00:00:00] [worker #2] ML tree search #3, logLikelihood: -857.698308
[00:00:00 -909.507649] AUTODETECT spr round 2 (radius: 10)
[00:00:00] [worker #6] ML tree search #7, logLikelihood: -857.698308
[00:00:00 -909.507645] SPR radius for FAST iterations: 5 (autodetect)
[00:00:00 -909.507645] Model parameter optimization (eps = 3.000000)
[00:00:00 -909.342650] FAST spr round 1 (radius: 5)
[00:00:00 -857.929717] FAST spr round 2 (radius: 5)
[00:00:00 -857.929708] Model parameter optimization (eps = 1.000000)
[00:00:00 -857.698690] SLOW spr round 1 (radius: 5)
[00:00:00] [worker #5] ML tree search #14, logLikelihood: -857.698307
[00:00:00 -857.698419] SLOW spr round 2 (radius: 10)
[00:00:00] [worker #3] ML tree search #12, logLikelihood: -857.698308
[00:00:00 -857.698419] SLOW spr round 3 (radius: 15)
[00:00:00] [worker #4] ML tree search #13, logLikelihood: -857.698307
[00:00:00 -857.698419] SLOW spr round 4 (radius: 20)
[00:00:00 -857.698419] Model parameter optimization (eps = 0.100000)
[00:00:00] [worker #1] ML tree search #10, logLikelihood: -857.698308

[00:00:00] [worker #0] ML tree search #9, logLikelihood: -857.698308

[00:00:00 -1154.869507] Initial branch length optimization
[00:00:00] [worker #7] ML tree search #16, logLikelihood: -857.698307
[00:00:00 -869.025433] Model parameter optimization (eps = 10.000000)
[00:00:00 -861.127877] AUTODETECT spr round 1 (radius: 5)
[00:00:00 -857.770930] AUTODETECT spr round 2 (radius: 10)
[00:00:00 -857.768868] SPR radius for FAST iterations: 5 (autodetect)
[00:00:00 -857.768868] Model parameter optimization (eps = 3.000000)
[00:00:00] [worker #2] ML tree search #11, logLikelihood: -857.698308
[00:00:00 -857.698530] FAST spr round 1 (radius: 5)
[00:00:00 -857.698360] Model parameter optimization (eps = 1.000000)
[00:00:00 -857.698307] SLOW spr round 1 (radius: 5)
[00:00:00] [worker #6] ML tree search #15, logLikelihood: -857.698307
[00:00:00] [worker #3] ML tree search #20, logLikelihood: -857.698307
[00:00:00 -857.698307] SLOW spr round 2 (radius: 10)
[00:00:00] [worker #1] ML tree search #18, logLikelihood: -857.698308
[00:00:00 -857.698307] SLOW spr round 3 (radius: 15)
[00:00:00 -857.698307] SLOW spr round 4 (radius: 20)
[00:00:00 -857.698307] Model parameter optimization (eps = 0.100000)

[00:00:00] [worker #0] ML tree search #17, logLikelihood: -857.698307

[00:00:00] [worker #2] ML tree search #19, logLikelihood: -857.698307

Optimized model parameters:

   Partition 0: noname
   Rate heterogeneity: NONE
   Base frequencies (ML): 0.266675 0.160665 0.306913 0.265746 
   Substitution rates (model): 1.000000 1.000000 1.000000 1.000000 1.000000 1.000000 


Final LogLikelihood: -857.698307

AIC score: 1795.396614 / AICc score: 1826.634709 / BIC score: 1914.740879
Free parameters (model + branch lengths): 40

WARNING: Best ML tree contains 4 near-zero branches!

Best ML tree with collapsed near-zero branches saved to: /home/fili/Documents/KIT/2023/BA/code/output/families/ssim_dtl_s20_f100_sites200_GTR_bl1.0_d0.0_l0.0_t1.0_gc0.0_p0.0_pop10_ms0.0_mf0.0_seed42/families/family_047/misc/raxml_output.F81.raxml.bestTreeCollapsed
Best ML tree saved to: /home/fili/Documents/KIT/2023/BA/code/output/families/ssim_dtl_s20_f100_sites200_GTR_bl1.0_d0.0_l0.0_t1.0_gc0.0_p0.0_pop10_ms0.0_mf0.0_seed42/families/family_047/misc/raxml_output.F81.raxml.bestTree
All ML trees saved to: /home/fili/Documents/KIT/2023/BA/code/output/families/ssim_dtl_s20_f100_sites200_GTR_bl1.0_d0.0_l0.0_t1.0_gc0.0_p0.0_pop10_ms0.0_mf0.0_seed42/families/family_047/misc/raxml_output.F81.raxml.mlTrees
Optimized model saved to: /home/fili/Documents/KIT/2023/BA/code/output/families/ssim_dtl_s20_f100_sites200_GTR_bl1.0_d0.0_l0.0_t1.0_gc0.0_p0.0_pop10_ms0.0_mf0.0_seed42/families/family_047/misc/raxml_output.F81.raxml.bestModel

Execution log saved to: /home/fili/Documents/KIT/2023/BA/code/output/families/ssim_dtl_s20_f100_sites200_GTR_bl1.0_d0.0_l0.0_t1.0_gc0.0_p0.0_pop10_ms0.0_mf0.0_seed42/families/family_047/misc/raxml_output.F81.raxml.log

Analysis started: 12-Jun-2023 12:38:58 / finished: 12-Jun-2023 12:38:58

Elapsed time: 0.194 seconds

