
RAxML-NG v. 1.1.0 released on 29.11.2021 by The Exelixis Lab.
Developed by: Alexey M. Kozlov and Alexandros Stamatakis.
Contributors: Diego Darriba, Tomas Flouri, Benoit Morel, Sarah Lutteropp, Ben Bettisworth.
Latest version: https://github.com/amkozlov/raxml-ng
Questions/problems/suggestions? Please visit: https://groups.google.com/forum/#!forum/raxml

System: AMD Ryzen 7 5800X 8-Core Processor, 8 cores, 31 GB RAM

RAxML-NG was called at 27-Jun-2023 13:52:00 as follows:

/home/fili/Documents/KIT/2023/BA/resources/tools/RAxML-NG/raxml-ng --msa /home/fili/Documents/KIT/2023/BA/code/output/families/ssim_NE_s20_f100_sites200_GTR_bl1.0_d0.0_l0.0_t0.0_gc0.0_p0.0_pop10_ms0.0_mf0.0_seed14976684177860080345/families/family_066/alignment.msa --model F81 --prefix /home/fili/Documents/KIT/2023/BA/code/output/families/ssim_NE_s20_f100_sites200_GTR_bl1.0_d0.0_l0.0_t0.0_gc0.0_p0.0_pop10_ms0.0_mf0.0_seed14976684177860080345/families/family_066/misc/raxml_output.F81

Analysis options:
  run mode: ML tree search
  start tree(s): random (10) + parsimony (10)
  random seed: 1687866720
  tip-inner: OFF
  pattern compression: ON
  per-rate scalers: OFF
  site repeats: ON
  fast spr radius: AUTO
  spr subtree cutoff: 1.000000
  branch lengths: proportional (ML estimate, algorithm: NR-FAST)
  SIMD kernels: AVX2
  parallelization: coarse-grained (auto), PTHREADS (auto)

[00:00:00] Reading alignment from file: /home/fili/Documents/KIT/2023/BA/code/output/families/ssim_NE_s20_f100_sites200_GTR_bl1.0_d0.0_l0.0_t0.0_gc0.0_p0.0_pop10_ms0.0_mf0.0_seed14976684177860080345/families/family_066/alignment.msa
[00:00:00] Loaded alignment with 20 taxa and 153 sites

WARNING: Sequences 10_0_0 and 7_0_0 are exactly identical!
WARNING: Sequences 3_0_0 and 6_0_0 are exactly identical!
WARNING: Sequences 14_0_0 and 2_0_0 are exactly identical!
WARNING: Duplicate sequences found: 3

NOTE: Reduced alignment (with duplicates and gap-only sites/taxa removed) 
NOTE: was saved to: /home/fili/Documents/KIT/2023/BA/code/output/families/ssim_NE_s20_f100_sites200_GTR_bl1.0_d0.0_l0.0_t0.0_gc0.0_p0.0_pop10_ms0.0_mf0.0_seed14976684177860080345/families/family_066/misc/raxml_output.F81.raxml.reduced.phy

Alignment comprises 1 partitions and 68 patterns

Partition 0: noname
Model: F81+FO
Alignment sites / patterns: 153 / 68
Gaps: 0.00 %
Invariant sites: 50.33 %


NOTE: Binary MSA file created: /home/fili/Documents/KIT/2023/BA/code/output/families/ssim_NE_s20_f100_sites200_GTR_bl1.0_d0.0_l0.0_t0.0_gc0.0_p0.0_pop10_ms0.0_mf0.0_seed14976684177860080345/families/family_066/misc/raxml_output.F81.raxml.rba

Parallelization scheme autoconfig: 8 worker(s) x 1 thread(s)

Parallel reduction/worker buffer size: 1 KB  / 0 KB

[00:00:00] Generating 10 random starting tree(s) with 20 taxa
[00:00:00] Generating 10 parsimony starting tree(s) with 20 taxa
[00:00:00] Data distribution: max. partitions/sites/weight per thread: 1 / 68 / 272
[00:00:00] Data distribution: max. searches per worker: 3

Starting ML tree search with 20 distinct starting trees

[00:00:00 -2192.298656] Initial branch length optimization
[00:00:00 -1952.494361] Model parameter optimization (eps = 10.000000)
[00:00:00 -1901.507421] AUTODETECT spr round 1 (radius: 5)
[00:00:00 -882.089095] AUTODETECT spr round 2 (radius: 10)
[00:00:00 -882.086128] SPR radius for FAST iterations: 5 (autodetect)
[00:00:00 -882.086128] Model parameter optimization (eps = 3.000000)
[00:00:00 -881.413564] FAST spr round 1 (radius: 5)
[00:00:00 -845.766057] FAST spr round 2 (radius: 5)
[00:00:00 -845.766025] Model parameter optimization (eps = 1.000000)
[00:00:00 -845.542231] SLOW spr round 1 (radius: 5)
[00:00:00] [worker #5] ML tree search #6, logLikelihood: -845.542130
[00:00:00] [worker #1] ML tree search #2, logLikelihood: -845.542130
[00:00:00] [worker #3] ML tree search #4, logLikelihood: -845.542131
[00:00:00] [worker #2] ML tree search #3, logLikelihood: -845.542133
[00:00:00 -845.542175] SLOW spr round 2 (radius: 10)
[00:00:00] [worker #6] ML tree search #7, logLikelihood: -845.542131
[00:00:00] [worker #4] ML tree search #5, logLikelihood: -845.542132
[00:00:00 -845.542175] SLOW spr round 3 (radius: 15)
[00:00:00 -845.542175] SLOW spr round 4 (radius: 20)
[00:00:00 -845.542175] Model parameter optimization (eps = 0.100000)

[00:00:00] [worker #0] ML tree search #1, logLikelihood: -845.542130

[00:00:00 -2095.025892] Initial branch length optimization
[00:00:00 -1855.229762] Model parameter optimization (eps = 10.000000)
[00:00:00] [worker #7] ML tree search #8, logLikelihood: -845.542130
[00:00:00 -1799.890834] AUTODETECT spr round 1 (radius: 5)
[00:00:00] [worker #5] ML tree search #14, logLikelihood: -845.542129
[00:00:00 -862.028512] AUTODETECT spr round 2 (radius: 10)
[00:00:00] [worker #3] ML tree search #12, logLikelihood: -845.542131
[00:00:00 -862.025619] SPR radius for FAST iterations: 5 (autodetect)
[00:00:00 -862.025619] Model parameter optimization (eps = 3.000000)
[00:00:00] [worker #2] ML tree search #11, logLikelihood: -845.542130
[00:00:00] [worker #4] ML tree search #13, logLikelihood: -845.542130
[00:00:00 -858.871296] FAST spr round 1 (radius: 5)
[00:00:00 -845.650070] FAST spr round 2 (radius: 5)
[00:00:00] [worker #1] ML tree search #10, logLikelihood: -845.542131
[00:00:00 -845.648329] Model parameter optimization (eps = 1.000000)
[00:00:00 -845.542165] SLOW spr round 1 (radius: 5)
[00:00:00] [worker #6] ML tree search #15, logLikelihood: -845.542131
[00:00:00] [worker #3] ML tree search #20, logLikelihood: -845.542131
[00:00:00 -845.542141] SLOW spr round 2 (radius: 10)
[00:00:00] [worker #2] ML tree search #19, logLikelihood: -845.542130
[00:00:00 -845.542140] SLOW spr round 3 (radius: 15)
[00:00:00 -845.542140] SLOW spr round 4 (radius: 20)
[00:00:00] [worker #1] ML tree search #18, logLikelihood: -845.542130
[00:00:00 -845.542140] Model parameter optimization (eps = 0.100000)

[00:00:00] [worker #0] ML tree search #9, logLikelihood: -845.542132

[00:00:00] [worker #7] ML tree search #16, logLikelihood: -845.542130
[00:00:00 -1200.295180] Initial branch length optimization
[00:00:00 -866.541069] Model parameter optimization (eps = 10.000000)
[00:00:00 -848.387252] AUTODETECT spr round 1 (radius: 5)
[00:00:00 -846.943992] AUTODETECT spr round 2 (radius: 10)
[00:00:00 -846.942791] SPR radius for FAST iterations: 5 (autodetect)
[00:00:00 -846.942791] Model parameter optimization (eps = 3.000000)
[00:00:00 -846.935081] FAST spr round 1 (radius: 5)
[00:00:00 -845.550649] FAST spr round 2 (radius: 5)
[00:00:00 -845.550197] Model parameter optimization (eps = 1.000000)
[00:00:00 -845.542133] SLOW spr round 1 (radius: 5)
[00:00:00 -845.542130] SLOW spr round 2 (radius: 10)
[00:00:00 -845.542130] SLOW spr round 3 (radius: 15)
[00:00:00 -845.542130] SLOW spr round 4 (radius: 20)
[00:00:00 -845.542130] Model parameter optimization (eps = 0.100000)

[00:00:00] [worker #0] ML tree search #17, logLikelihood: -845.542130


Optimized model parameters:

   Partition 0: noname
   Rate heterogeneity: NONE
   Base frequencies (ML): 0.367879 0.153870 0.300049 0.178202 
   Substitution rates (model): 1.000000 1.000000 1.000000 1.000000 1.000000 1.000000 


Final LogLikelihood: -845.542129

AIC score: 1771.084259 / AICc score: 1800.369973 / BIC score: 1892.301776
Free parameters (model + branch lengths): 40

WARNING: Best ML tree contains 4 near-zero branches!

Best ML tree with collapsed near-zero branches saved to: /home/fili/Documents/KIT/2023/BA/code/output/families/ssim_NE_s20_f100_sites200_GTR_bl1.0_d0.0_l0.0_t0.0_gc0.0_p0.0_pop10_ms0.0_mf0.0_seed14976684177860080345/families/family_066/misc/raxml_output.F81.raxml.bestTreeCollapsed
Best ML tree saved to: /home/fili/Documents/KIT/2023/BA/code/output/families/ssim_NE_s20_f100_sites200_GTR_bl1.0_d0.0_l0.0_t0.0_gc0.0_p0.0_pop10_ms0.0_mf0.0_seed14976684177860080345/families/family_066/misc/raxml_output.F81.raxml.bestTree
All ML trees saved to: /home/fili/Documents/KIT/2023/BA/code/output/families/ssim_NE_s20_f100_sites200_GTR_bl1.0_d0.0_l0.0_t0.0_gc0.0_p0.0_pop10_ms0.0_mf0.0_seed14976684177860080345/families/family_066/misc/raxml_output.F81.raxml.mlTrees
Optimized model saved to: /home/fili/Documents/KIT/2023/BA/code/output/families/ssim_NE_s20_f100_sites200_GTR_bl1.0_d0.0_l0.0_t0.0_gc0.0_p0.0_pop10_ms0.0_mf0.0_seed14976684177860080345/families/family_066/misc/raxml_output.F81.raxml.bestModel

Execution log saved to: /home/fili/Documents/KIT/2023/BA/code/output/families/ssim_NE_s20_f100_sites200_GTR_bl1.0_d0.0_l0.0_t0.0_gc0.0_p0.0_pop10_ms0.0_mf0.0_seed14976684177860080345/families/family_066/misc/raxml_output.F81.raxml.log

Analysis started: 27-Jun-2023 13:52:00 / finished: 27-Jun-2023 13:52:00

Elapsed time: 0.221 seconds

