
RAxML-NG v. 1.1.0 released on 29.11.2021 by The Exelixis Lab.
Developed by: Alexey M. Kozlov and Alexandros Stamatakis.
Contributors: Diego Darriba, Tomas Flouri, Benoit Morel, Sarah Lutteropp, Ben Bettisworth.
Latest version: https://github.com/amkozlov/raxml-ng
Questions/problems/suggestions? Please visit: https://groups.google.com/forum/#!forum/raxml

System: AMD Ryzen 7 5800X 8-Core Processor, 8 cores, 31 GB RAM

RAxML-NG was called at 13-Jun-2023 13:44:18 as follows:

/home/fili/Documents/KIT/2023/BA/resources/tools/RAxML-NG/raxml-ng --msa /home/fili/Documents/KIT/2023/BA/code/output/families/ssim_NE_s20_f100_sites200_GTR_bl1.0_d0.0_l0.0_t0.0_gc0.0_p0.0_pop10_ms0.0_mf0.0_seed42/families/family_005/alignment.msa --model F81 --prefix /home/fili/Documents/KIT/2023/BA/code/output/families/ssim_NE_s20_f100_sites200_GTR_bl1.0_d0.0_l0.0_t0.0_gc0.0_p0.0_pop10_ms0.0_mf0.0_seed42/families/family_005/misc/raxml_output.F81

Analysis options:
  run mode: ML tree search
  start tree(s): random (10) + parsimony (10)
  random seed: 1686656658
  tip-inner: OFF
  pattern compression: ON
  per-rate scalers: OFF
  site repeats: ON
  fast spr radius: AUTO
  spr subtree cutoff: 1.000000
  branch lengths: proportional (ML estimate, algorithm: NR-FAST)
  SIMD kernels: AVX2
  parallelization: coarse-grained (auto), PTHREADS (auto)

[00:00:00] Reading alignment from file: /home/fili/Documents/KIT/2023/BA/code/output/families/ssim_NE_s20_f100_sites200_GTR_bl1.0_d0.0_l0.0_t0.0_gc0.0_p0.0_pop10_ms0.0_mf0.0_seed42/families/family_005/alignment.msa
[00:00:00] Loaded alignment with 20 taxa and 100 sites

WARNING: Sequences 9_0_0 and 13_0_0 are exactly identical!
WARNING: Sequences 9_0_0 and 7_0_0 are exactly identical!
WARNING: Sequences 11_0_0 and 17_0_0 are exactly identical!
WARNING: Sequences 12_0_0 and 4_0_0 are exactly identical!
WARNING: Sequences 1_0_0 and 2_0_0 are exactly identical!
WARNING: Sequences 1_0_0 and 3_0_0 are exactly identical!
WARNING: Duplicate sequences found: 6

NOTE: Reduced alignment (with duplicates and gap-only sites/taxa removed) 
NOTE: was saved to: /home/fili/Documents/KIT/2023/BA/code/output/families/ssim_NE_s20_f100_sites200_GTR_bl1.0_d0.0_l0.0_t0.0_gc0.0_p0.0_pop10_ms0.0_mf0.0_seed42/families/family_005/misc/raxml_output.F81.raxml.reduced.phy

Alignment comprises 1 partitions and 56 patterns

Partition 0: noname
Model: F81+FO
Alignment sites / patterns: 100 / 56
Gaps: 0.00 %
Invariant sites: 40.00 %


NOTE: Binary MSA file created: /home/fili/Documents/KIT/2023/BA/code/output/families/ssim_NE_s20_f100_sites200_GTR_bl1.0_d0.0_l0.0_t0.0_gc0.0_p0.0_pop10_ms0.0_mf0.0_seed42/families/family_005/misc/raxml_output.F81.raxml.rba

Parallelization scheme autoconfig: 8 worker(s) x 1 thread(s)

Parallel reduction/worker buffer size: 1 KB  / 0 KB

[00:00:00] Generating 10 random starting tree(s) with 20 taxa
[00:00:00] Generating 10 parsimony starting tree(s) with 20 taxa
[00:00:00] Data distribution: max. partitions/sites/weight per thread: 1 / 56 / 224
[00:00:00] Data distribution: max. searches per worker: 3

Starting ML tree search with 20 distinct starting trees

[00:00:00 -1374.503007] Initial branch length optimization
[00:00:00 -1240.293911] Model parameter optimization (eps = 10.000000)
[00:00:00 -1199.394206] AUTODETECT spr round 1 (radius: 5)
[00:00:00 -628.302219] AUTODETECT spr round 2 (radius: 10)
[00:00:00 -628.277964] SPR radius for FAST iterations: 5 (autodetect)
[00:00:00 -628.277964] Model parameter optimization (eps = 3.000000)
[00:00:00 -625.371531] FAST spr round 1 (radius: 5)
[00:00:00 -621.289609] FAST spr round 2 (radius: 5)
[00:00:00 -621.289522] Model parameter optimization (eps = 1.000000)
[00:00:00 -621.236600] SLOW spr round 1 (radius: 5)
[00:00:00 -621.236582] SLOW spr round 2 (radius: 10)
[00:00:00 -621.236582] SLOW spr round 3 (radius: 15)
[00:00:00] [worker #4] ML tree search #5, logLikelihood: -621.236576
[00:00:00 -621.236582] SLOW spr round 4 (radius: 20)
[00:00:00 -621.236582] Model parameter optimization (eps = 0.100000)

[00:00:00] [worker #0] ML tree search #1, logLikelihood: -621.236577

[00:00:00] [worker #2] ML tree search #3, logLikelihood: -621.236576
[00:00:00 -1348.880798] Initial branch length optimization
[00:00:00] [worker #6] ML tree search #7, logLikelihood: -621.236576
[00:00:00 -1182.922719] Model parameter optimization (eps = 10.000000)
[00:00:00 -1147.412387] AUTODETECT spr round 1 (radius: 5)
[00:00:00 -642.992594] AUTODETECT spr round 2 (radius: 10)
[00:00:00] [worker #3] ML tree search #4, logLikelihood: -621.236577
[00:00:00 -642.992515] SPR radius for FAST iterations: 5 (autodetect)
[00:00:00 -642.992515] Model parameter optimization (eps = 3.000000)
[00:00:00 -641.975346] FAST spr round 1 (radius: 5)
[00:00:00] [worker #1] ML tree search #2, logLikelihood: -621.236577
[00:00:00] [worker #5] ML tree search #6, logLikelihood: -621.236577
[00:00:00 -621.907227] FAST spr round 2 (radius: 5)
[00:00:00] [worker #7] ML tree search #8, logLikelihood: -621.236577
[00:00:00 -621.261462] FAST spr round 3 (radius: 5)
[00:00:00 -621.261424] Model parameter optimization (eps = 1.000000)
[00:00:00 -621.236590] SLOW spr round 1 (radius: 5)
[00:00:00] [worker #2] ML tree search #11, logLikelihood: -621.236576
[00:00:00 -621.236584] SLOW spr round 2 (radius: 10)
[00:00:00] [worker #4] ML tree search #13, logLikelihood: -621.236577
[00:00:00] [worker #3] ML tree search #12, logLikelihood: -621.236577
[00:00:00 -621.236584] SLOW spr round 3 (radius: 15)
[00:00:00 -621.236584] SLOW spr round 4 (radius: 20)
[00:00:00 -621.236584] Model parameter optimization (eps = 0.100000)

[00:00:00] [worker #0] ML tree search #9, logLikelihood: -621.236577

[00:00:00 -856.767279] Initial branch length optimization
[00:00:00 -640.096553] Model parameter optimization (eps = 10.000000)
[00:00:00 -624.045889] AUTODETECT spr round 1 (radius: 5)
[00:00:00] [worker #5] ML tree search #14, logLikelihood: -621.236576
[00:00:00 -621.274262] AUTODETECT spr round 2 (radius: 10)
[00:00:00 -621.255405] SPR radius for FAST iterations: 5 (autodetect)
[00:00:00 -621.255405] Model parameter optimization (eps = 3.000000)
[00:00:00 -621.236653] FAST spr round 1 (radius: 5)
[00:00:00 -621.236581] Model parameter optimization (eps = 1.000000)
[00:00:00] [worker #6] ML tree search #15, logLikelihood: -621.236577
[00:00:00 -621.236576] SLOW spr round 1 (radius: 5)
[00:00:00] [worker #7] ML tree search #16, logLikelihood: -621.236577
[00:00:00] [worker #2] ML tree search #19, logLikelihood: -621.236577
[00:00:00 -621.236576] SLOW spr round 2 (radius: 10)
[00:00:00] [worker #3] ML tree search #20, logLikelihood: -621.236576
[00:00:00 -621.236576] SLOW spr round 3 (radius: 15)
[00:00:00 -621.236576] SLOW spr round 4 (radius: 20)
[00:00:00 -621.236576] Model parameter optimization (eps = 0.100000)

[00:00:00] [worker #0] ML tree search #17, logLikelihood: -621.236576

[00:00:00] [worker #1] ML tree search #10, logLikelihood: -621.236577
[00:00:00] [worker #1] ML tree search #18, logLikelihood: -621.236576

Optimized model parameters:

   Partition 0: noname
   Rate heterogeneity: NONE
   Base frequencies (ML): 0.280166 0.105345 0.321242 0.293247 
   Substitution rates (model): 1.000000 1.000000 1.000000 1.000000 1.000000 1.000000 


Final LogLikelihood: -621.236576

AIC score: 1322.473152 / AICc score: 1378.066372 / BIC score: 1426.679960
Free parameters (model + branch lengths): 40

WARNING: Best ML tree contains 5 near-zero branches!

Best ML tree with collapsed near-zero branches saved to: /home/fili/Documents/KIT/2023/BA/code/output/families/ssim_NE_s20_f100_sites200_GTR_bl1.0_d0.0_l0.0_t0.0_gc0.0_p0.0_pop10_ms0.0_mf0.0_seed42/families/family_005/misc/raxml_output.F81.raxml.bestTreeCollapsed
Best ML tree saved to: /home/fili/Documents/KIT/2023/BA/code/output/families/ssim_NE_s20_f100_sites200_GTR_bl1.0_d0.0_l0.0_t0.0_gc0.0_p0.0_pop10_ms0.0_mf0.0_seed42/families/family_005/misc/raxml_output.F81.raxml.bestTree
All ML trees saved to: /home/fili/Documents/KIT/2023/BA/code/output/families/ssim_NE_s20_f100_sites200_GTR_bl1.0_d0.0_l0.0_t0.0_gc0.0_p0.0_pop10_ms0.0_mf0.0_seed42/families/family_005/misc/raxml_output.F81.raxml.mlTrees
Optimized model saved to: /home/fili/Documents/KIT/2023/BA/code/output/families/ssim_NE_s20_f100_sites200_GTR_bl1.0_d0.0_l0.0_t0.0_gc0.0_p0.0_pop10_ms0.0_mf0.0_seed42/families/family_005/misc/raxml_output.F81.raxml.bestModel

Execution log saved to: /home/fili/Documents/KIT/2023/BA/code/output/families/ssim_NE_s20_f100_sites200_GTR_bl1.0_d0.0_l0.0_t0.0_gc0.0_p0.0_pop10_ms0.0_mf0.0_seed42/families/family_005/misc/raxml_output.F81.raxml.log

Analysis started: 13-Jun-2023 13:44:18 / finished: 13-Jun-2023 13:44:18

Elapsed time: 0.205 seconds

