
RAxML-NG v. 1.1.0 released on 29.11.2021 by The Exelixis Lab.
Developed by: Alexey M. Kozlov and Alexandros Stamatakis.
Contributors: Diego Darriba, Tomas Flouri, Benoit Morel, Sarah Lutteropp, Ben Bettisworth.
Latest version: https://github.com/amkozlov/raxml-ng
Questions/problems/suggestions? Please visit: https://groups.google.com/forum/#!forum/raxml

System: AMD Ryzen 7 5800X 8-Core Processor, 8 cores, 31 GB RAM

RAxML-NG was called at 27-Jun-2023 12:58:47 as follows:

/home/fili/Documents/KIT/2023/BA/resources/tools/RAxML-NG/raxml-ng --msa /home/fili/Documents/KIT/2023/BA/code/output/families/ssim_DL_s20_f100_sites200_GTR_bl1.0_d1.0_l1.0_t0.0_gc0.0_p0.0_pop10_ms0.0_mf0.0_seed42/families/family_086/alignment.msa --model F81 --prefix /home/fili/Documents/KIT/2023/BA/code/output/families/ssim_DL_s20_f100_sites200_GTR_bl1.0_d1.0_l1.0_t0.0_gc0.0_p0.0_pop10_ms0.0_mf0.0_seed42/families/family_086/misc/raxml_output.F81

Analysis options:
  run mode: ML tree search
  start tree(s): random (10) + parsimony (10)
  random seed: 1687863527
  tip-inner: OFF
  pattern compression: ON
  per-rate scalers: OFF
  site repeats: ON
  fast spr radius: AUTO
  spr subtree cutoff: 1.000000
  branch lengths: proportional (ML estimate, algorithm: NR-FAST)
  SIMD kernels: AVX2
  parallelization: coarse-grained (auto), PTHREADS (auto)

[00:00:00] Reading alignment from file: /home/fili/Documents/KIT/2023/BA/code/output/families/ssim_DL_s20_f100_sites200_GTR_bl1.0_d1.0_l1.0_t0.0_gc0.0_p0.0_pop10_ms0.0_mf0.0_seed42/families/family_086/alignment.msa
[00:00:00] Loaded alignment with 16 taxa and 215 sites

WARNING: Sequences 4_0_0 and 12_0_0 are exactly identical!
WARNING: Sequences 13_0_0 and 9_0_0 are exactly identical!
WARNING: Sequences 2_0_0 and 3_0_0 are exactly identical!
WARNING: Sequences 2_0_0 and 1_0_0 are exactly identical!
WARNING: Duplicate sequences found: 4

NOTE: Reduced alignment (with duplicates and gap-only sites/taxa removed) 
NOTE: was saved to: /home/fili/Documents/KIT/2023/BA/code/output/families/ssim_DL_s20_f100_sites200_GTR_bl1.0_d1.0_l1.0_t0.0_gc0.0_p0.0_pop10_ms0.0_mf0.0_seed42/families/family_086/misc/raxml_output.F81.raxml.reduced.phy

Alignment comprises 1 partitions and 43 patterns

Partition 0: noname
Model: F81+FO
Alignment sites / patterns: 215 / 43
Gaps: 0.00 %
Invariant sites: 81.40 %


NOTE: Binary MSA file created: /home/fili/Documents/KIT/2023/BA/code/output/families/ssim_DL_s20_f100_sites200_GTR_bl1.0_d1.0_l1.0_t0.0_gc0.0_p0.0_pop10_ms0.0_mf0.0_seed42/families/family_086/misc/raxml_output.F81.raxml.rba

Parallelization scheme autoconfig: 8 worker(s) x 1 thread(s)

Parallel reduction/worker buffer size: 1 KB  / 0 KB

[00:00:00] Generating 10 random starting tree(s) with 16 taxa
[00:00:00] Generating 10 parsimony starting tree(s) with 16 taxa
[00:00:00] Data distribution: max. partitions/sites/weight per thread: 1 / 43 / 172
[00:00:00] Data distribution: max. searches per worker: 3

Starting ML tree search with 20 distinct starting trees

[00:00:00 -1448.486310] Initial branch length optimization
[00:00:00 -1124.649209] Model parameter optimization (eps = 10.000000)
[00:00:00 -1122.395381] AUTODETECT spr round 1 (radius: 5)
[00:00:00 -719.192702] AUTODETECT spr round 2 (radius: 10)
[00:00:00 -719.192646] SPR radius for FAST iterations: 5 (autodetect)
[00:00:00 -719.192646] Model parameter optimization (eps = 3.000000)
[00:00:00 -718.299915] FAST spr round 1 (radius: 5)
[00:00:00 -714.301114] FAST spr round 2 (radius: 5)
[00:00:00 -714.301039] Model parameter optimization (eps = 1.000000)
[00:00:00 -714.260827] SLOW spr round 1 (radius: 5)
[00:00:00] [worker #5] ML tree search #6, logLikelihood: -714.260815
[00:00:00] [worker #3] ML tree search #4, logLikelihood: -714.260814
[00:00:00] [worker #1] ML tree search #2, logLikelihood: -714.260815
[00:00:00] [worker #2] ML tree search #3, logLikelihood: -714.260813
[00:00:00] [worker #4] ML tree search #5, logLikelihood: -714.260813
[00:00:00 -714.260815] SLOW spr round 2 (radius: 10)
[00:00:00 -714.260815] SLOW spr round 3 (radius: 15)
[00:00:00 -714.260815] Model parameter optimization (eps = 0.100000)

[00:00:00] [worker #0] ML tree search #1, logLikelihood: -714.260813

[00:00:00] [worker #6] ML tree search #7, logLikelihood: -714.260814
[00:00:00] [worker #7] ML tree search #8, logLikelihood: -714.260813
[00:00:00 -1468.643160] Initial branch length optimization
[00:00:00 -1160.865068] Model parameter optimization (eps = 10.000000)
[00:00:00 -1158.962073] AUTODETECT spr round 1 (radius: 5)
[00:00:00] [worker #5] ML tree search #14, logLikelihood: -714.260814
[00:00:00 -727.718848] AUTODETECT spr round 2 (radius: 10)
[00:00:00] [worker #3] ML tree search #12, logLikelihood: -714.260813
[00:00:00 -727.718847] SPR radius for FAST iterations: 5 (autodetect)
[00:00:00 -727.718847] Model parameter optimization (eps = 3.000000)
[00:00:00 -726.774785] FAST spr round 1 (radius: 5)
[00:00:00] [worker #2] ML tree search #11, logLikelihood: -714.260813
[00:00:00 -714.271700] FAST spr round 2 (radius: 5)
[00:00:00] [worker #1] ML tree search #10, logLikelihood: -714.260814
[00:00:00 -714.271698] Model parameter optimization (eps = 1.000000)
[00:00:00 -714.260815] SLOW spr round 1 (radius: 5)
[00:00:00] [worker #6] ML tree search #15, logLikelihood: -714.260813
[00:00:00 -714.260813] SLOW spr round 2 (radius: 10)
[00:00:00] [worker #4] ML tree search #13, logLikelihood: -714.260813
[00:00:00 -714.260813] SLOW spr round 3 (radius: 15)
[00:00:00 -714.260813] Model parameter optimization (eps = 0.100000)

[00:00:00] [worker #0] ML tree search #9, logLikelihood: -714.260813

[00:00:00] [worker #3] ML tree search #20, logLikelihood: -714.260814
[00:00:00 -1147.509815] Initial branch length optimization
[00:00:00 -720.077565] Model parameter optimization (eps = 10.000000)
[00:00:00] [worker #7] ML tree search #16, logLikelihood: -714.260813
[00:00:00 -717.343814] AUTODETECT spr round 1 (radius: 5)
[00:00:00] [worker #2] ML tree search #19, logLikelihood: -714.260813
[00:00:00 -715.462118] AUTODETECT spr round 2 (radius: 10)
[00:00:00] [worker #1] ML tree search #18, logLikelihood: -714.260813
[00:00:00 -715.462078] SPR radius for FAST iterations: 5 (autodetect)
[00:00:00 -715.462078] Model parameter optimization (eps = 3.000000)
[00:00:00 -715.459259] FAST spr round 1 (radius: 5)
[00:00:00 -715.459259] Model parameter optimization (eps = 1.000000)
[00:00:00 -715.459259] SLOW spr round 1 (radius: 5)
[00:00:00 -715.459259] SLOW spr round 2 (radius: 10)
[00:00:00 -715.459259] SLOW spr round 3 (radius: 15)
[00:00:00 -715.459259] Model parameter optimization (eps = 0.100000)

[00:00:00] [worker #0] ML tree search #17, logLikelihood: -715.459259


Optimized model parameters:

   Partition 0: noname
   Rate heterogeneity: NONE
   Base frequencies (ML): 0.210293 0.235578 0.288562 0.265567 
   Substitution rates (model): 1.000000 1.000000 1.000000 1.000000 1.000000 1.000000 


Final LogLikelihood: -714.260813

AIC score: 1492.521625 / AICc score: 1504.126021 / BIC score: 1600.382042
Free parameters (model + branch lengths): 32

WARNING: Best ML tree contains 1 near-zero branches!

Best ML tree with collapsed near-zero branches saved to: /home/fili/Documents/KIT/2023/BA/code/output/families/ssim_DL_s20_f100_sites200_GTR_bl1.0_d1.0_l1.0_t0.0_gc0.0_p0.0_pop10_ms0.0_mf0.0_seed42/families/family_086/misc/raxml_output.F81.raxml.bestTreeCollapsed
Best ML tree saved to: /home/fili/Documents/KIT/2023/BA/code/output/families/ssim_DL_s20_f100_sites200_GTR_bl1.0_d1.0_l1.0_t0.0_gc0.0_p0.0_pop10_ms0.0_mf0.0_seed42/families/family_086/misc/raxml_output.F81.raxml.bestTree
All ML trees saved to: /home/fili/Documents/KIT/2023/BA/code/output/families/ssim_DL_s20_f100_sites200_GTR_bl1.0_d1.0_l1.0_t0.0_gc0.0_p0.0_pop10_ms0.0_mf0.0_seed42/families/family_086/misc/raxml_output.F81.raxml.mlTrees
Optimized model saved to: /home/fili/Documents/KIT/2023/BA/code/output/families/ssim_DL_s20_f100_sites200_GTR_bl1.0_d1.0_l1.0_t0.0_gc0.0_p0.0_pop10_ms0.0_mf0.0_seed42/families/family_086/misc/raxml_output.F81.raxml.bestModel

Execution log saved to: /home/fili/Documents/KIT/2023/BA/code/output/families/ssim_DL_s20_f100_sites200_GTR_bl1.0_d1.0_l1.0_t0.0_gc0.0_p0.0_pop10_ms0.0_mf0.0_seed42/families/family_086/misc/raxml_output.F81.raxml.log

Analysis started: 27-Jun-2023 12:58:47 / finished: 27-Jun-2023 12:58:47

Elapsed time: 0.107 seconds

