
RAxML-NG v. 1.1.0 released on 29.11.2021 by The Exelixis Lab.
Developed by: Alexey M. Kozlov and Alexandros Stamatakis.
Contributors: Diego Darriba, Tomas Flouri, Benoit Morel, Sarah Lutteropp, Ben Bettisworth.
Latest version: https://github.com/amkozlov/raxml-ng
Questions/problems/suggestions? Please visit: https://groups.google.com/forum/#!forum/raxml

System: AMD Ryzen 7 5800X 8-Core Processor, 8 cores, 31 GB RAM

RAxML-NG was called at 27-Jun-2023 13:05:43 as follows:

/home/fili/Documents/KIT/2023/BA/resources/tools/RAxML-NG/raxml-ng --msa /home/fili/Documents/KIT/2023/BA/code/output/families/ssim_DL_s20_f100_sites200_GTR_bl1.0_d1.0_l1.0_t0.0_gc0.0_p0.0_pop10_ms0.0_mf0.0_seed19732311/families/family_096/alignment.msa --model F81 --prefix /home/fili/Documents/KIT/2023/BA/code/output/families/ssim_DL_s20_f100_sites200_GTR_bl1.0_d1.0_l1.0_t0.0_gc0.0_p0.0_pop10_ms0.0_mf0.0_seed19732311/families/family_096/misc/raxml_output.F81

Analysis options:
  run mode: ML tree search
  start tree(s): random (10) + parsimony (10)
  random seed: 1687863943
  tip-inner: OFF
  pattern compression: ON
  per-rate scalers: OFF
  site repeats: ON
  fast spr radius: AUTO
  spr subtree cutoff: 1.000000
  branch lengths: proportional (ML estimate, algorithm: NR-FAST)
  SIMD kernels: AVX2
  parallelization: coarse-grained (auto), PTHREADS (auto)

[00:00:00] Reading alignment from file: /home/fili/Documents/KIT/2023/BA/code/output/families/ssim_DL_s20_f100_sites200_GTR_bl1.0_d1.0_l1.0_t0.0_gc0.0_p0.0_pop10_ms0.0_mf0.0_seed19732311/families/family_096/alignment.msa
[00:00:00] Loaded alignment with 6 taxa and 252 sites

Alignment comprises 1 partitions and 47 patterns

Partition 0: noname
Model: F81+FO
Alignment sites / patterns: 252 / 47
Gaps: 0.00 %
Invariant sites: 59.92 %


NOTE: Binary MSA file created: /home/fili/Documents/KIT/2023/BA/code/output/families/ssim_DL_s20_f100_sites200_GTR_bl1.0_d1.0_l1.0_t0.0_gc0.0_p0.0_pop10_ms0.0_mf0.0_seed19732311/families/family_096/misc/raxml_output.F81.raxml.rba

Parallelization scheme autoconfig: 8 worker(s) x 1 thread(s)

Parallel reduction/worker buffer size: 1 KB  / 0 KB

[00:00:00] Generating 10 random starting tree(s) with 6 taxa
[00:00:00] Generating 10 parsimony starting tree(s) with 6 taxa
[00:00:00] Data distribution: max. partitions/sites/weight per thread: 1 / 47 / 188
[00:00:00] Data distribution: max. searches per worker: 3

Starting ML tree search with 20 distinct starting trees

[00:00:00 -1032.744229] Initial branch length optimization
[00:00:00 -917.158558] Model parameter optimization (eps = 10.000000)
[00:00:00 -893.591112] AUTODETECT spr round 1 (radius: 5)
[00:00:00 -852.098859] SPR radius for FAST iterations: 5 (autodetect)
[00:00:00 -852.098859] Model parameter optimization (eps = 3.000000)
[00:00:00 -852.036974] FAST spr round 1 (radius: 5)
[00:00:00 -846.477061] FAST spr round 2 (radius: 5)
[00:00:00] [worker #7] ML tree search #8, logLikelihood: -846.473868
[00:00:00 -846.477061] Model parameter optimization (eps = 1.000000)
[00:00:00] [worker #5] ML tree search #6, logLikelihood: -846.473867
[00:00:00] [worker #4] ML tree search #5, logLikelihood: -846.473867
[00:00:00] [worker #1] ML tree search #2, logLikelihood: -846.473868
[00:00:00 -846.473868] SLOW spr round 1 (radius: 5)
[00:00:00] [worker #6] ML tree search #7, logLikelihood: -846.473867
[00:00:00] [worker #2] ML tree search #3, logLikelihood: -846.473868
[00:00:00] [worker #3] ML tree search #4, logLikelihood: -846.473868
[00:00:00 -846.473868] Model parameter optimization (eps = 0.100000)

[00:00:00] [worker #0] ML tree search #1, logLikelihood: -846.473868

[00:00:00 -1132.508570] Initial branch length optimization
[00:00:00 -1038.525950] Model parameter optimization (eps = 10.000000)
[00:00:00 -1012.613215] AUTODETECT spr round 1 (radius: 5)
[00:00:00 -846.849698] SPR radius for FAST iterations: 5 (autodetect)
[00:00:00 -846.849698] Model parameter optimization (eps = 3.000000)
[00:00:00 -846.473903] FAST spr round 1 (radius: 5)
[00:00:00] [worker #7] ML tree search #16, logLikelihood: -846.473868
[00:00:00 -846.473885] Model parameter optimization (eps = 1.000000)
[00:00:00] [worker #6] ML tree search #15, logLikelihood: -846.473868
[00:00:00 -846.473870] SLOW spr round 1 (radius: 5)
[00:00:00] [worker #1] ML tree search #10, logLikelihood: -846.473867
[00:00:00] [worker #2] ML tree search #11, logLikelihood: -846.473868
[00:00:00] [worker #4] ML tree search #13, logLikelihood: -846.473868
[00:00:00] [worker #3] ML tree search #12, logLikelihood: -846.473868
[00:00:00] [worker #5] ML tree search #14, logLikelihood: -846.473867
[00:00:00 -846.473870] Model parameter optimization (eps = 0.100000)

[00:00:00] [worker #0] ML tree search #9, logLikelihood: -846.473869

[00:00:00 -965.958598] Initial branch length optimization
[00:00:00 -867.773335] Model parameter optimization (eps = 10.000000)
[00:00:00 -846.474427] AUTODETECT spr round 1 (radius: 5)
[00:00:00 -846.473950] SPR radius for FAST iterations: 5 (autodetect)
[00:00:00 -846.473950] Model parameter optimization (eps = 3.000000)
[00:00:00 -846.473880] FAST spr round 1 (radius: 5)
[00:00:00 -846.473869] Model parameter optimization (eps = 1.000000)
[00:00:00 -846.473868] SLOW spr round 1 (radius: 5)
[00:00:00] [worker #2] ML tree search #19, logLikelihood: -846.473868
[00:00:00] [worker #1] ML tree search #18, logLikelihood: -846.473868
[00:00:00] [worker #3] ML tree search #20, logLikelihood: -846.473868
[00:00:00 -846.473868] Model parameter optimization (eps = 0.100000)

[00:00:00] [worker #0] ML tree search #17, logLikelihood: -846.473868


Optimized model parameters:

   Partition 0: noname
   Rate heterogeneity: NONE
   Base frequencies (ML): 0.271475 0.138479 0.367101 0.222946 
   Substitution rates (model): 1.000000 1.000000 1.000000 1.000000 1.000000 1.000000 


Final LogLikelihood: -846.473867

AIC score: 1716.947734 / AICc score: 1718.253174 / BIC score: 1759.300883
Free parameters (model + branch lengths): 12

Best ML tree saved to: /home/fili/Documents/KIT/2023/BA/code/output/families/ssim_DL_s20_f100_sites200_GTR_bl1.0_d1.0_l1.0_t0.0_gc0.0_p0.0_pop10_ms0.0_mf0.0_seed19732311/families/family_096/misc/raxml_output.F81.raxml.bestTree
All ML trees saved to: /home/fili/Documents/KIT/2023/BA/code/output/families/ssim_DL_s20_f100_sites200_GTR_bl1.0_d1.0_l1.0_t0.0_gc0.0_p0.0_pop10_ms0.0_mf0.0_seed19732311/families/family_096/misc/raxml_output.F81.raxml.mlTrees
Optimized model saved to: /home/fili/Documents/KIT/2023/BA/code/output/families/ssim_DL_s20_f100_sites200_GTR_bl1.0_d1.0_l1.0_t0.0_gc0.0_p0.0_pop10_ms0.0_mf0.0_seed19732311/families/family_096/misc/raxml_output.F81.raxml.bestModel

Execution log saved to: /home/fili/Documents/KIT/2023/BA/code/output/families/ssim_DL_s20_f100_sites200_GTR_bl1.0_d1.0_l1.0_t0.0_gc0.0_p0.0_pop10_ms0.0_mf0.0_seed19732311/families/family_096/misc/raxml_output.F81.raxml.log

Analysis started: 27-Jun-2023 13:05:43 / finished: 27-Jun-2023 13:05:43

Elapsed time: 0.045 seconds

