
RAxML-NG v. 1.1.0 released on 29.11.2021 by The Exelixis Lab.
Developed by: Alexey M. Kozlov and Alexandros Stamatakis.
Contributors: Diego Darriba, Tomas Flouri, Benoit Morel, Sarah Lutteropp, Ben Bettisworth.
Latest version: https://github.com/amkozlov/raxml-ng
Questions/problems/suggestions? Please visit: https://groups.google.com/forum/#!forum/raxml

System: AMD Ryzen 7 5800X 8-Core Processor, 8 cores, 31 GB RAM

RAxML-NG was called at 27-Jun-2023 13:01:41 as follows:

/home/fili/Documents/KIT/2023/BA/resources/tools/RAxML-NG/raxml-ng --msa /home/fili/Documents/KIT/2023/BA/code/output/families/ssim_DL_s20_f100_sites200_GTR_bl1.0_d1.0_l1.0_t0.0_gc0.0_p0.0_pop10_ms0.0_mf0.0_seed1007/families/family_008/alignment.msa --model F81 --prefix /home/fili/Documents/KIT/2023/BA/code/output/families/ssim_DL_s20_f100_sites200_GTR_bl1.0_d1.0_l1.0_t0.0_gc0.0_p0.0_pop10_ms0.0_mf0.0_seed1007/families/family_008/misc/raxml_output.F81

Analysis options:
  run mode: ML tree search
  start tree(s): random (10) + parsimony (10)
  random seed: 1687863701
  tip-inner: OFF
  pattern compression: ON
  per-rate scalers: OFF
  site repeats: ON
  fast spr radius: AUTO
  spr subtree cutoff: 1.000000
  branch lengths: proportional (ML estimate, algorithm: NR-FAST)
  SIMD kernels: AVX2
  parallelization: coarse-grained (auto), PTHREADS (auto)

[00:00:00] Reading alignment from file: /home/fili/Documents/KIT/2023/BA/code/output/families/ssim_DL_s20_f100_sites200_GTR_bl1.0_d1.0_l1.0_t0.0_gc0.0_p0.0_pop10_ms0.0_mf0.0_seed1007/families/family_008/alignment.msa
[00:00:00] Loaded alignment with 17 taxa and 226 sites

WARNING: Sequences 20_0_0 and 19_0_0 are exactly identical!
WARNING: Duplicate sequences found: 1

NOTE: Reduced alignment (with duplicates and gap-only sites/taxa removed) 
NOTE: was saved to: /home/fili/Documents/KIT/2023/BA/code/output/families/ssim_DL_s20_f100_sites200_GTR_bl1.0_d1.0_l1.0_t0.0_gc0.0_p0.0_pop10_ms0.0_mf0.0_seed1007/families/family_008/misc/raxml_output.F81.raxml.reduced.phy

Alignment comprises 1 partitions and 56 patterns

Partition 0: noname
Model: F81+FO
Alignment sites / patterns: 226 / 56
Gaps: 0.00 %
Invariant sites: 76.55 %


NOTE: Binary MSA file created: /home/fili/Documents/KIT/2023/BA/code/output/families/ssim_DL_s20_f100_sites200_GTR_bl1.0_d1.0_l1.0_t0.0_gc0.0_p0.0_pop10_ms0.0_mf0.0_seed1007/families/family_008/misc/raxml_output.F81.raxml.rba

Parallelization scheme autoconfig: 8 worker(s) x 1 thread(s)

Parallel reduction/worker buffer size: 1 KB  / 0 KB

[00:00:00] Generating 10 random starting tree(s) with 17 taxa
[00:00:00] Generating 10 parsimony starting tree(s) with 17 taxa
[00:00:00] Data distribution: max. partitions/sites/weight per thread: 1 / 56 / 224
[00:00:00] Data distribution: max. searches per worker: 3

Starting ML tree search with 20 distinct starting trees

[00:00:00 -1793.277322] Initial branch length optimization
[00:00:00 -1519.481021] Model parameter optimization (eps = 10.000000)
[00:00:00 -1497.719300] AUTODETECT spr round 1 (radius: 5)
[00:00:00 -1037.556496] AUTODETECT spr round 2 (radius: 10)
[00:00:00 -1037.556299] SPR radius for FAST iterations: 5 (autodetect)
[00:00:00 -1037.556299] Model parameter optimization (eps = 3.000000)
[00:00:00 -1035.873173] FAST spr round 1 (radius: 5)
[00:00:00 -1026.808334] FAST spr round 2 (radius: 5)
[00:00:00 -1025.973419] FAST spr round 3 (radius: 5)
[00:00:00] [worker #2] ML tree search #3, logLikelihood: -1025.805670
[00:00:00 -1025.877373] Model parameter optimization (eps = 1.000000)
[00:00:00 -1025.805673] SLOW spr round 1 (radius: 5)
[00:00:00] [worker #5] ML tree search #6, logLikelihood: -1026.158901
[00:00:00] [worker #6] ML tree search #7, logLikelihood: -1025.805669
[00:00:00] [worker #1] ML tree search #2, logLikelihood: -1026.158899
[00:00:00 -1025.805670] SLOW spr round 2 (radius: 10)
[00:00:00 -1025.805670] SLOW spr round 3 (radius: 15)
[00:00:00 -1025.805670] Model parameter optimization (eps = 0.100000)
[00:00:00] [worker #7] ML tree search #8, logLikelihood: -1026.158898

[00:00:00] [worker #0] ML tree search #1, logLikelihood: -1025.805670

[00:00:00 -1783.645704] Initial branch length optimization
[00:00:00] [worker #6] ML tree search #15, logLikelihood: -1026.158900
[00:00:00] [worker #4] ML tree search #5, logLikelihood: -1025.805669
[00:00:00 -1508.944396] Model parameter optimization (eps = 10.000000)
[00:00:00] [worker #5] ML tree search #14, logLikelihood: -1025.805669
[00:00:00 -1488.305041] AUTODETECT spr round 1 (radius: 5)
[00:00:00 -1034.068148] AUTODETECT spr round 2 (radius: 10)
[00:00:00 -1034.041359] SPR radius for FAST iterations: 5 (autodetect)
[00:00:00 -1034.041359] Model parameter optimization (eps = 3.000000)
[00:00:00] [worker #2] ML tree search #11, logLikelihood: -1025.805669
[00:00:00 -1032.369937] FAST spr round 1 (radius: 5)
[00:00:00] [worker #3] ML tree search #4, logLikelihood: -1025.805669
[00:00:00 -1025.808604] FAST spr round 2 (radius: 5)
[00:00:00] [worker #1] ML tree search #10, logLikelihood: -1025.805669
[00:00:00] [worker #7] ML tree search #16, logLikelihood: -1026.158899
[00:00:00 -1025.808603] Model parameter optimization (eps = 1.000000)
[00:00:00 -1025.805669] SLOW spr round 1 (radius: 5)
[00:00:00] [worker #4] ML tree search #13, logLikelihood: -1026.158899
[00:00:00 -1025.805669] SLOW spr round 2 (radius: 10)
[00:00:00 -1025.805669] SLOW spr round 3 (radius: 15)
[00:00:00 -1025.805669] Model parameter optimization (eps = 0.100000)

[00:00:00] [worker #0] ML tree search #9, logLikelihood: -1025.805669

[00:00:00 -1418.494048] Initial branch length optimization
[00:00:00 -1041.073878] Model parameter optimization (eps = 10.000000)
[00:00:00 -1031.565492] AUTODETECT spr round 1 (radius: 5)
[00:00:00 -1027.257504] AUTODETECT spr round 2 (radius: 10)
[00:00:00] [worker #2] ML tree search #19, logLikelihood: -1026.158900
[00:00:00 -1027.257312] SPR radius for FAST iterations: 5 (autodetect)
[00:00:00 -1027.257312] Model parameter optimization (eps = 3.000000)
[00:00:00 -1027.232295] FAST spr round 1 (radius: 5)
[00:00:00 -1027.232293] Model parameter optimization (eps = 1.000000)
[00:00:00 -1027.232293] SLOW spr round 1 (radius: 5)
[00:00:00] [worker #3] ML tree search #12, logLikelihood: -1025.805673
[00:00:00] [worker #1] ML tree search #18, logLikelihood: -1025.805669
[00:00:00 -1026.220309] SLOW spr round 2 (radius: 5)
[00:00:00 -1026.220305] SLOW spr round 3 (radius: 10)
[00:00:00 -1026.220305] SLOW spr round 4 (radius: 15)
[00:00:00 -1026.220305] Model parameter optimization (eps = 0.100000)

[00:00:00] [worker #0] ML tree search #17, logLikelihood: -1026.158924

[00:00:00] [worker #3] ML tree search #20, logLikelihood: -1025.805673

Optimized model parameters:

   Partition 0: noname
   Rate heterogeneity: NONE
   Base frequencies (ML): 0.278763 0.150831 0.286482 0.283924 
   Substitution rates (model): 1.000000 1.000000 1.000000 1.000000 1.000000 1.000000 


Final LogLikelihood: -1025.805669

AIC score: 2119.611337 / AICc score: 2132.072070 / BIC score: 2235.909527
Free parameters (model + branch lengths): 34

Best ML tree saved to: /home/fili/Documents/KIT/2023/BA/code/output/families/ssim_DL_s20_f100_sites200_GTR_bl1.0_d1.0_l1.0_t0.0_gc0.0_p0.0_pop10_ms0.0_mf0.0_seed1007/families/family_008/misc/raxml_output.F81.raxml.bestTree
All ML trees saved to: /home/fili/Documents/KIT/2023/BA/code/output/families/ssim_DL_s20_f100_sites200_GTR_bl1.0_d1.0_l1.0_t0.0_gc0.0_p0.0_pop10_ms0.0_mf0.0_seed1007/families/family_008/misc/raxml_output.F81.raxml.mlTrees
Optimized model saved to: /home/fili/Documents/KIT/2023/BA/code/output/families/ssim_DL_s20_f100_sites200_GTR_bl1.0_d1.0_l1.0_t0.0_gc0.0_p0.0_pop10_ms0.0_mf0.0_seed1007/families/family_008/misc/raxml_output.F81.raxml.bestModel

Execution log saved to: /home/fili/Documents/KIT/2023/BA/code/output/families/ssim_DL_s20_f100_sites200_GTR_bl1.0_d1.0_l1.0_t0.0_gc0.0_p0.0_pop10_ms0.0_mf0.0_seed1007/families/family_008/misc/raxml_output.F81.raxml.log

Analysis started: 27-Jun-2023 13:01:41 / finished: 27-Jun-2023 13:01:41

Elapsed time: 0.179 seconds

