
RAxML-NG v. 1.1.0 released on 29.11.2021 by The Exelixis Lab.
Developed by: Alexey M. Kozlov and Alexandros Stamatakis.
Contributors: Diego Darriba, Tomas Flouri, Benoit Morel, Sarah Lutteropp, Ben Bettisworth.
Latest version: https://github.com/amkozlov/raxml-ng
Questions/problems/suggestions? Please visit: https://groups.google.com/forum/#!forum/raxml

System: AMD Ryzen 7 5800X 8-Core Processor, 8 cores, 31 GB RAM

RAxML-NG was called at 27-Jun-2023 13:05:43 as follows:

/home/fili/Documents/KIT/2023/BA/resources/tools/RAxML-NG/raxml-ng --msa /home/fili/Documents/KIT/2023/BA/code/output/families/ssim_DL_s20_f100_sites200_GTR_bl1.0_d1.0_l1.0_t0.0_gc0.0_p0.0_pop10_ms0.0_mf0.0_seed19732311/families/family_047/alignment.msa --model F81 --prefix /home/fili/Documents/KIT/2023/BA/code/output/families/ssim_DL_s20_f100_sites200_GTR_bl1.0_d1.0_l1.0_t0.0_gc0.0_p0.0_pop10_ms0.0_mf0.0_seed19732311/families/family_047/misc/raxml_output.F81

Analysis options:
  run mode: ML tree search
  start tree(s): random (10) + parsimony (10)
  random seed: 1687863943
  tip-inner: OFF
  pattern compression: ON
  per-rate scalers: OFF
  site repeats: ON
  fast spr radius: AUTO
  spr subtree cutoff: 1.000000
  branch lengths: proportional (ML estimate, algorithm: NR-FAST)
  SIMD kernels: AVX2
  parallelization: coarse-grained (auto), PTHREADS (auto)

[00:00:00] Reading alignment from file: /home/fili/Documents/KIT/2023/BA/code/output/families/ssim_DL_s20_f100_sites200_GTR_bl1.0_d1.0_l1.0_t0.0_gc0.0_p0.0_pop10_ms0.0_mf0.0_seed19732311/families/family_047/alignment.msa
[00:00:00] Loaded alignment with 19 taxa and 160 sites

Alignment comprises 1 partitions and 83 patterns

Partition 0: noname
Model: F81+FO
Alignment sites / patterns: 160 / 83
Gaps: 0.00 %
Invariant sites: 48.75 %


NOTE: Binary MSA file created: /home/fili/Documents/KIT/2023/BA/code/output/families/ssim_DL_s20_f100_sites200_GTR_bl1.0_d1.0_l1.0_t0.0_gc0.0_p0.0_pop10_ms0.0_mf0.0_seed19732311/families/family_047/misc/raxml_output.F81.raxml.rba

Parallelization scheme autoconfig: 8 worker(s) x 1 thread(s)

Parallel reduction/worker buffer size: 1 KB  / 0 KB

[00:00:00] Generating 10 random starting tree(s) with 19 taxa
[00:00:00] Generating 10 parsimony starting tree(s) with 19 taxa
[00:00:00] Data distribution: max. partitions/sites/weight per thread: 1 / 83 / 332
[00:00:00] Data distribution: max. searches per worker: 3

Starting ML tree search with 20 distinct starting trees

[00:00:00 -1792.535159] Initial branch length optimization
[00:00:00 -1627.099512] Model parameter optimization (eps = 10.000000)
[00:00:00 -1583.051493] AUTODETECT spr round 1 (radius: 5)
[00:00:00 -1128.210698] AUTODETECT spr round 2 (radius: 10)
[00:00:00 -1107.733312] AUTODETECT spr round 3 (radius: 15)
[00:00:00 -1107.733275] SPR radius for FAST iterations: 10 (autodetect)
[00:00:00 -1107.733275] Model parameter optimization (eps = 3.000000)
[00:00:00 -1104.938535] FAST spr round 1 (radius: 10)
[00:00:00 -1102.272626] FAST spr round 2 (radius: 10)
[00:00:00 -1095.545141] FAST spr round 3 (radius: 10)
[00:00:00 -1095.544209] Model parameter optimization (eps = 1.000000)
[00:00:00 -1095.493826] SLOW spr round 1 (radius: 5)
[00:00:00] [worker #7] ML tree search #8, logLikelihood: -1095.493793
[00:00:00 -1095.493818] SLOW spr round 2 (radius: 10)
[00:00:00] [worker #1] ML tree search #2, logLikelihood: -1095.493793
[00:00:00] [worker #6] ML tree search #7, logLikelihood: -1095.493793
[00:00:00] [worker #5] ML tree search #6, logLikelihood: -1095.493794
[00:00:00] [worker #3] ML tree search #4, logLikelihood: -1095.493794
[00:00:00 -1095.493818] SLOW spr round 3 (radius: 15)
[00:00:00] [worker #2] ML tree search #3, logLikelihood: -1095.493794
[00:00:00 -1095.493818] Model parameter optimization (eps = 0.100000)

[00:00:00] [worker #0] ML tree search #1, logLikelihood: -1095.493793

[00:00:00 -1747.365828] Initial branch length optimization
[00:00:00 -1593.681879] Model parameter optimization (eps = 10.000000)
[00:00:00] [worker #4] ML tree search #5, logLikelihood: -1097.766057
[00:00:00 -1551.258618] AUTODETECT spr round 1 (radius: 5)
[00:00:00 -1125.391419] AUTODETECT spr round 2 (radius: 10)
[00:00:00 -1125.391332] SPR radius for FAST iterations: 5 (autodetect)
[00:00:00 -1125.391332] Model parameter optimization (eps = 3.000000)
[00:00:00 -1123.837031] FAST spr round 1 (radius: 5)
[00:00:00 -1101.211388] FAST spr round 2 (radius: 5)
[00:00:00 -1100.523805] FAST spr round 3 (radius: 5)
[00:00:00 -1100.489890] Model parameter optimization (eps = 1.000000)
[00:00:00 -1100.326945] SLOW spr round 1 (radius: 5)
[00:00:00] [worker #6] ML tree search #15, logLikelihood: -1095.493793
[00:00:00] [worker #7] ML tree search #16, logLikelihood: -1097.766213
[00:00:00] [worker #2] ML tree search #11, logLikelihood: -1095.493794
[00:00:00] [worker #5] ML tree search #14, logLikelihood: -1100.323455
[00:00:00] [worker #3] ML tree search #12, logLikelihood: -1100.323542
[00:00:00 -1097.822172] SLOW spr round 2 (radius: 5)
[00:00:00] [worker #1] ML tree search #10, logLikelihood: -1095.493793
[00:00:00] [worker #4] ML tree search #13, logLikelihood: -1095.493793
[00:00:00 -1097.822170] SLOW spr round 3 (radius: 10)
[00:00:00 -1097.822170] SLOW spr round 4 (radius: 15)
[00:00:00 -1097.822170] Model parameter optimization (eps = 0.100000)

[00:00:00] [worker #0] ML tree search #9, logLikelihood: -1097.766210

[00:00:00 -1344.214175] Initial branch length optimization
[00:00:00 -1128.336067] Model parameter optimization (eps = 10.000000)
[00:00:00 -1108.645289] AUTODETECT spr round 1 (radius: 5)
[00:00:00 -1100.627742] AUTODETECT spr round 2 (radius: 10)
[00:00:00 -1100.612473] SPR radius for FAST iterations: 5 (autodetect)
[00:00:00 -1100.612473] Model parameter optimization (eps = 3.000000)
[00:00:00 -1100.510903] FAST spr round 1 (radius: 5)
[00:00:00 -1100.495471] Model parameter optimization (eps = 1.000000)
[00:00:00] [worker #2] ML tree search #19, logLikelihood: -1100.323385
[00:00:00 -1100.328053] SLOW spr round 1 (radius: 5)
[00:00:00] [worker #3] ML tree search #20, logLikelihood: -1095.493793
[00:00:00] [worker #1] ML tree search #18, logLikelihood: -1095.493793
[00:00:00 -1097.822993] SLOW spr round 2 (radius: 5)
[00:00:00 -1097.822990] SLOW spr round 3 (radius: 10)
[00:00:00 -1097.822990] SLOW spr round 4 (radius: 15)
[00:00:00 -1097.822990] Model parameter optimization (eps = 0.100000)

[00:00:00] [worker #0] ML tree search #17, logLikelihood: -1097.766196


Optimized model parameters:

   Partition 0: noname
   Rate heterogeneity: NONE
   Base frequencies (ML): 0.350791 0.138967 0.301311 0.208930 
   Substitution rates (model): 1.000000 1.000000 1.000000 1.000000 1.000000 1.000000 


Final LogLikelihood: -1095.493793

AIC score: 2266.987586 / AICc score: 2291.483454 / BIC score: 2383.844191
Free parameters (model + branch lengths): 38

Best ML tree saved to: /home/fili/Documents/KIT/2023/BA/code/output/families/ssim_DL_s20_f100_sites200_GTR_bl1.0_d1.0_l1.0_t0.0_gc0.0_p0.0_pop10_ms0.0_mf0.0_seed19732311/families/family_047/misc/raxml_output.F81.raxml.bestTree
All ML trees saved to: /home/fili/Documents/KIT/2023/BA/code/output/families/ssim_DL_s20_f100_sites200_GTR_bl1.0_d1.0_l1.0_t0.0_gc0.0_p0.0_pop10_ms0.0_mf0.0_seed19732311/families/family_047/misc/raxml_output.F81.raxml.mlTrees
Optimized model saved to: /home/fili/Documents/KIT/2023/BA/code/output/families/ssim_DL_s20_f100_sites200_GTR_bl1.0_d1.0_l1.0_t0.0_gc0.0_p0.0_pop10_ms0.0_mf0.0_seed19732311/families/family_047/misc/raxml_output.F81.raxml.bestModel

Execution log saved to: /home/fili/Documents/KIT/2023/BA/code/output/families/ssim_DL_s20_f100_sites200_GTR_bl1.0_d1.0_l1.0_t0.0_gc0.0_p0.0_pop10_ms0.0_mf0.0_seed19732311/families/family_047/misc/raxml_output.F81.raxml.log

Analysis started: 27-Jun-2023 13:05:43 / finished: 27-Jun-2023 13:05:43

Elapsed time: 0.213 seconds

