
RAxML-NG v. 1.1.0 released on 29.11.2021 by The Exelixis Lab.
Developed by: Alexey M. Kozlov and Alexandros Stamatakis.
Contributors: Diego Darriba, Tomas Flouri, Benoit Morel, Sarah Lutteropp, Ben Bettisworth.
Latest version: https://github.com/amkozlov/raxml-ng
Questions/problems/suggestions? Please visit: https://groups.google.com/forum/#!forum/raxml

System: AMD Ryzen 7 5800X 8-Core Processor, 8 cores, 31 GB RAM

RAxML-NG was called at 13-Jun-2023 16:03:11 as follows:

/home/fili/Documents/KIT/2023/BA/resources/tools/RAxML-NG/raxml-ng --msa /home/fili/Documents/KIT/2023/BA/code/output/families/ssim_DL_s20_f100_sites200_GTR_bl1.0_d1.0_l1.0_t0.0_gc0.0_p0.0_pop10_ms0.0_mf0.0_seed42/families/family_038/alignment.msa --model F81 --prefix /home/fili/Documents/KIT/2023/BA/code/output/families/ssim_DL_s20_f100_sites200_GTR_bl1.0_d1.0_l1.0_t0.0_gc0.0_p0.0_pop10_ms0.0_mf0.0_seed42/families/family_038/misc/raxml_output.F81

Analysis options:
  run mode: ML tree search
  start tree(s): random (10) + parsimony (10)
  random seed: 1686664991
  tip-inner: OFF
  pattern compression: ON
  per-rate scalers: OFF
  site repeats: ON
  fast spr radius: AUTO
  spr subtree cutoff: 1.000000
  branch lengths: proportional (ML estimate, algorithm: NR-FAST)
  SIMD kernels: AVX2
  parallelization: coarse-grained (auto), PTHREADS (auto)

[00:00:00] Reading alignment from file: /home/fili/Documents/KIT/2023/BA/code/output/families/ssim_DL_s20_f100_sites200_GTR_bl1.0_d1.0_l1.0_t0.0_gc0.0_p0.0_pop10_ms0.0_mf0.0_seed42/families/family_038/alignment.msa
[00:00:00] Loaded alignment with 9 taxa and 204 sites

WARNING: Sequences 3_10_0 and 1_10_0 are exactly identical!
WARNING: Sequences 3_8_0 and 1_8_0 are exactly identical!
WARNING: Sequences 3_11_0 and 1_14_0 are exactly identical!
WARNING: Sequences 3_11_0 and 1_11_0 are exactly identical!
WARNING: Duplicate sequences found: 4

NOTE: Reduced alignment (with duplicates and gap-only sites/taxa removed) 
NOTE: was saved to: /home/fili/Documents/KIT/2023/BA/code/output/families/ssim_DL_s20_f100_sites200_GTR_bl1.0_d1.0_l1.0_t0.0_gc0.0_p0.0_pop10_ms0.0_mf0.0_seed42/families/family_038/misc/raxml_output.F81.raxml.reduced.phy

Alignment comprises 1 partitions and 22 patterns

Partition 0: noname
Model: F81+FO
Alignment sites / patterns: 204 / 22
Gaps: 0.00 %
Invariant sites: 80.39 %


NOTE: Binary MSA file created: /home/fili/Documents/KIT/2023/BA/code/output/families/ssim_DL_s20_f100_sites200_GTR_bl1.0_d1.0_l1.0_t0.0_gc0.0_p0.0_pop10_ms0.0_mf0.0_seed42/families/family_038/misc/raxml_output.F81.raxml.rba

Parallelization scheme autoconfig: 8 worker(s) x 1 thread(s)

Parallel reduction/worker buffer size: 1 KB  / 0 KB

[00:00:00] Generating 10 random starting tree(s) with 9 taxa
[00:00:00] Generating 10 parsimony starting tree(s) with 9 taxa
[00:00:00] Data distribution: max. partitions/sites/weight per thread: 1 / 22 / 88
[00:00:00] Data distribution: max. searches per worker: 3

Starting ML tree search with 20 distinct starting trees

[00:00:00 -931.316972] Initial branch length optimization
[00:00:00 -797.671760] Model parameter optimization (eps = 10.000000)
[00:00:00 -793.432301] AUTODETECT spr round 1 (radius: 5)
[00:00:00 -484.264259] SPR radius for FAST iterations: 5 (autodetect)
[00:00:00 -484.264259] Model parameter optimization (eps = 3.000000)
[00:00:00 -482.722182] FAST spr round 1 (radius: 5)
[00:00:00] [worker #6] ML tree search #7, logLikelihood: -482.827317
[00:00:00] [worker #2] ML tree search #3, logLikelihood: -482.827316
[00:00:00 -482.722181] Model parameter optimization (eps = 1.000000)
[00:00:00] [worker #5] ML tree search #6, logLikelihood: -482.827317
[00:00:00 -482.722178] SLOW spr round 1 (radius: 5)
[00:00:00] [worker #3] ML tree search #4, logLikelihood: -482.827317
[00:00:00] [worker #4] ML tree search #5, logLikelihood: -482.722173
[00:00:00] [worker #1] ML tree search #2, logLikelihood: -482.722173
[00:00:00] [worker #7] ML tree search #8, logLikelihood: -482.722173
[00:00:00 -482.722178] Model parameter optimization (eps = 0.100000)

[00:00:00] [worker #0] ML tree search #1, logLikelihood: -482.722178

[00:00:00 -960.275406] Initial branch length optimization
[00:00:00] [worker #6] ML tree search #15, logLikelihood: -482.827321
[00:00:00 -812.314277] Model parameter optimization (eps = 10.000000)
[00:00:00 -807.657460] AUTODETECT spr round 1 (radius: 5)
[00:00:00] [worker #5] ML tree search #14, logLikelihood: -482.827316
[00:00:00 -484.508677] SPR radius for FAST iterations: 5 (autodetect)
[00:00:00 -484.508677] Model parameter optimization (eps = 3.000000)
[00:00:00] [worker #4] ML tree search #13, logLikelihood: -482.827321
[00:00:00] [worker #3] ML tree search #12, logLikelihood: -482.827321
[00:00:00 -482.827323] FAST spr round 1 (radius: 5)
[00:00:00] [worker #2] ML tree search #11, logLikelihood: -482.827321
[00:00:00] [worker #1] ML tree search #10, logLikelihood: -482.827316
[00:00:00 -482.827054] Model parameter optimization (eps = 1.000000)
[00:00:00 -482.826798] SLOW spr round 1 (radius: 5)
[00:00:00] [worker #7] ML tree search #16, logLikelihood: -482.827321
[00:00:00 -482.805188] Model parameter optimization (eps = 0.100000)

[00:00:00] [worker #0] ML tree search #9, logLikelihood: -482.790571

[00:00:00] [worker #3] ML tree search #20, logLikelihood: -482.827321
[00:00:00 -718.523282] Initial branch length optimization
[00:00:00] [worker #1] ML tree search #18, logLikelihood: -482.827321
[00:00:00 -483.187055] Model parameter optimization (eps = 10.000000)
[00:00:00 -482.827523] AUTODETECT spr round 1 (radius: 5)
[00:00:00 -482.827316] SPR radius for FAST iterations: 5 (autodetect)
[00:00:00 -482.827316] Model parameter optimization (eps = 3.000000)
[00:00:00 -482.827316] FAST spr round 1 (radius: 5)
[00:00:00] [worker #2] ML tree search #19, logLikelihood: -482.827321
[00:00:00 -482.827316] Model parameter optimization (eps = 1.000000)
[00:00:00 -482.827316] SLOW spr round 1 (radius: 5)
[00:00:00 -482.827316] Model parameter optimization (eps = 0.100000)

[00:00:00] [worker #0] ML tree search #17, logLikelihood: -482.827316


Optimized model parameters:

   Partition 0: noname
   Rate heterogeneity: NONE
   Base frequencies (ML): 0.276720 0.241579 0.243613 0.238088 
   Substitution rates (model): 1.000000 1.000000 1.000000 1.000000 1.000000 1.000000 


Final LogLikelihood: -482.722173

AIC score: 1001.444346 / AICc score: 1005.141643 / BIC score: 1061.170506
Free parameters (model + branch lengths): 18

WARNING: Best ML tree contains 2 near-zero branches!

Best ML tree with collapsed near-zero branches saved to: /home/fili/Documents/KIT/2023/BA/code/output/families/ssim_DL_s20_f100_sites200_GTR_bl1.0_d1.0_l1.0_t0.0_gc0.0_p0.0_pop10_ms0.0_mf0.0_seed42/families/family_038/misc/raxml_output.F81.raxml.bestTreeCollapsed
Best ML tree saved to: /home/fili/Documents/KIT/2023/BA/code/output/families/ssim_DL_s20_f100_sites200_GTR_bl1.0_d1.0_l1.0_t0.0_gc0.0_p0.0_pop10_ms0.0_mf0.0_seed42/families/family_038/misc/raxml_output.F81.raxml.bestTree
All ML trees saved to: /home/fili/Documents/KIT/2023/BA/code/output/families/ssim_DL_s20_f100_sites200_GTR_bl1.0_d1.0_l1.0_t0.0_gc0.0_p0.0_pop10_ms0.0_mf0.0_seed42/families/family_038/misc/raxml_output.F81.raxml.mlTrees
Optimized model saved to: /home/fili/Documents/KIT/2023/BA/code/output/families/ssim_DL_s20_f100_sites200_GTR_bl1.0_d1.0_l1.0_t0.0_gc0.0_p0.0_pop10_ms0.0_mf0.0_seed42/families/family_038/misc/raxml_output.F81.raxml.bestModel

Execution log saved to: /home/fili/Documents/KIT/2023/BA/code/output/families/ssim_DL_s20_f100_sites200_GTR_bl1.0_d1.0_l1.0_t0.0_gc0.0_p0.0_pop10_ms0.0_mf0.0_seed42/families/family_038/misc/raxml_output.F81.raxml.log

Analysis started: 13-Jun-2023 16:03:11 / finished: 13-Jun-2023 16:03:11

Elapsed time: 0.039 seconds

