
RAxML-NG v. 1.1.0 released on 29.11.2021 by The Exelixis Lab.
Developed by: Alexey M. Kozlov and Alexandros Stamatakis.
Contributors: Diego Darriba, Tomas Flouri, Benoit Morel, Sarah Lutteropp, Ben Bettisworth.
Latest version: https://github.com/amkozlov/raxml-ng
Questions/problems/suggestions? Please visit: https://groups.google.com/forum/#!forum/raxml

System: AMD Ryzen 7 5800X 8-Core Processor, 8 cores, 31 GB RAM

RAxML-NG was called at 27-Jun-2023 13:44:13 as follows:

/home/fili/Documents/KIT/2023/BA/resources/tools/RAxML-NG/raxml-ng --msa /home/fili/Documents/KIT/2023/BA/code/output/families/ssim_DL_s20_f100_sites200_GTR_bl1.0_d1.0_l1.0_t0.0_gc0.0_p0.0_pop10_ms0.0_mf0.0_seed14976684177860080345/families/family_063/alignment.msa --model F81 --prefix /home/fili/Documents/KIT/2023/BA/code/output/families/ssim_DL_s20_f100_sites200_GTR_bl1.0_d1.0_l1.0_t0.0_gc0.0_p0.0_pop10_ms0.0_mf0.0_seed14976684177860080345/families/family_063/misc/raxml_output.F81

Analysis options:
  run mode: ML tree search
  start tree(s): random (10) + parsimony (10)
  random seed: 1687866253
  tip-inner: OFF
  pattern compression: ON
  per-rate scalers: OFF
  site repeats: ON
  fast spr radius: AUTO
  spr subtree cutoff: 1.000000
  branch lengths: proportional (ML estimate, algorithm: NR-FAST)
  SIMD kernels: AVX2
  parallelization: coarse-grained (auto), PTHREADS (auto)

[00:00:00] Reading alignment from file: /home/fili/Documents/KIT/2023/BA/code/output/families/ssim_DL_s20_f100_sites200_GTR_bl1.0_d1.0_l1.0_t0.0_gc0.0_p0.0_pop10_ms0.0_mf0.0_seed14976684177860080345/families/family_063/alignment.msa
[00:00:00] Loaded alignment with 28 taxa and 196 sites

Alignment comprises 1 partitions and 96 patterns

Partition 0: noname
Model: F81+FO
Alignment sites / patterns: 196 / 96
Gaps: 0.00 %
Invariant sites: 47.45 %


NOTE: Binary MSA file created: /home/fili/Documents/KIT/2023/BA/code/output/families/ssim_DL_s20_f100_sites200_GTR_bl1.0_d1.0_l1.0_t0.0_gc0.0_p0.0_pop10_ms0.0_mf0.0_seed14976684177860080345/families/family_063/misc/raxml_output.F81.raxml.rba

Parallelization scheme autoconfig: 8 worker(s) x 1 thread(s)

Parallel reduction/worker buffer size: 1 KB  / 0 KB

[00:00:00] Generating 10 random starting tree(s) with 28 taxa
[00:00:00] Generating 10 parsimony starting tree(s) with 28 taxa
[00:00:00] Data distribution: max. partitions/sites/weight per thread: 1 / 96 / 384
[00:00:00] Data distribution: max. searches per worker: 3

Starting ML tree search with 20 distinct starting trees

[00:00:00 -3481.094739] Initial branch length optimization
[00:00:00 -2966.505562] Model parameter optimization (eps = 10.000000)
[00:00:00 -2959.242493] AUTODETECT spr round 1 (radius: 5)
[00:00:00 -1526.149280] AUTODETECT spr round 2 (radius: 10)
[00:00:00 -1518.791289] AUTODETECT spr round 3 (radius: 15)
[00:00:00 -1518.790819] SPR radius for FAST iterations: 10 (autodetect)
[00:00:00 -1518.790819] Model parameter optimization (eps = 3.000000)
[00:00:00 -1517.911538] FAST spr round 1 (radius: 10)
[00:00:00 -1473.157160] FAST spr round 2 (radius: 10)
[00:00:00 -1472.385627] FAST spr round 3 (radius: 10)
[00:00:00 -1472.385627] Model parameter optimization (eps = 1.000000)
[00:00:00 -1472.316084] SLOW spr round 1 (radius: 5)
[00:00:00 -1472.316071] SLOW spr round 2 (radius: 10)
[00:00:00 -1472.316071] SLOW spr round 3 (radius: 15)
[00:00:00 -1472.316071] SLOW spr round 4 (radius: 20)
[00:00:00 -1472.316071] SLOW spr round 5 (radius: 25)
[00:00:00] [worker #1] ML tree search #2, logLikelihood: -1472.316072
[00:00:00 -1472.316071] Model parameter optimization (eps = 0.100000)

[00:00:00] [worker #0] ML tree search #1, logLikelihood: -1472.316070

[00:00:00] [worker #4] ML tree search #5, logLikelihood: -1472.316072
[00:00:00 -3323.071564] Initial branch length optimization
[00:00:00 -2851.741525] Model parameter optimization (eps = 10.000000)
[00:00:00 -2846.494743] AUTODETECT spr round 1 (radius: 5)
[00:00:00 -1639.677621] AUTODETECT spr round 2 (radius: 10)
[00:00:00] [worker #7] ML tree search #8, logLikelihood: -1472.316076
[00:00:00 -1502.064029] AUTODETECT spr round 3 (radius: 15)
[00:00:00 -1502.050658] SPR radius for FAST iterations: 10 (autodetect)
[00:00:00 -1502.050658] Model parameter optimization (eps = 3.000000)
[00:00:00 -1498.550992] FAST spr round 1 (radius: 10)
[00:00:00] [worker #2] ML tree search #3, logLikelihood: -1472.316072
[00:00:00] [worker #3] ML tree search #4, logLikelihood: -1472.316068
[00:00:00 -1475.080266] FAST spr round 2 (radius: 10)
[00:00:00] [worker #5] ML tree search #6, logLikelihood: -1472.316072
[00:00:00 -1472.401301] FAST spr round 3 (radius: 10)
[00:00:00] [worker #6] ML tree search #7, logLikelihood: -1472.316068
[00:00:00 -1472.401299] Model parameter optimization (eps = 1.000000)
[00:00:00 -1472.316141] SLOW spr round 1 (radius: 5)
[00:00:00 -1472.316084] SLOW spr round 2 (radius: 10)
[00:00:00] [worker #4] ML tree search #13, logLikelihood: -1472.316070
[00:00:00 -1472.316084] SLOW spr round 3 (radius: 15)
[00:00:00 -1472.316084] SLOW spr round 4 (radius: 20)
[00:00:00 -1472.316084] SLOW spr round 5 (radius: 25)
[00:00:00 -1472.316084] Model parameter optimization (eps = 0.100000)

[00:00:00] [worker #0] ML tree search #9, logLikelihood: -1472.316073

[00:00:00] [worker #1] ML tree search #10, logLikelihood: -1472.316068
[00:00:00] [worker #7] ML tree search #16, logLikelihood: -1472.316067
[00:00:00 -2055.858385] Initial branch length optimization
[00:00:00 -1484.535014] Model parameter optimization (eps = 10.000000)
[00:00:00 -1477.188696] AUTODETECT spr round 1 (radius: 5)
[00:00:00 -1473.279881] AUTODETECT spr round 2 (radius: 10)
[00:00:00] [worker #3] ML tree search #12, logLikelihood: -1472.316068
[00:00:00 -1473.279830] SPR radius for FAST iterations: 5 (autodetect)
[00:00:00 -1473.279830] Model parameter optimization (eps = 3.000000)
[00:00:00 -1473.091298] FAST spr round 1 (radius: 5)
[00:00:00 -1472.316577] FAST spr round 2 (radius: 5)
[00:00:00] [worker #2] ML tree search #11, logLikelihood: -1472.316067
[00:00:00 -1472.316577] Model parameter optimization (eps = 1.000000)
[00:00:00] [worker #5] ML tree search #14, logLikelihood: -1472.316069
[00:00:00 -1472.316068] SLOW spr round 1 (radius: 5)
[00:00:00 -1472.316068] SLOW spr round 2 (radius: 10)
[00:00:00 -1472.316068] SLOW spr round 3 (radius: 15)
[00:00:00] [worker #6] ML tree search #15, logLikelihood: -1472.316067
[00:00:00 -1472.316068] SLOW spr round 4 (radius: 20)
[00:00:00 -1472.316068] SLOW spr round 5 (radius: 25)
[00:00:00 -1472.316068] Model parameter optimization (eps = 0.100000)

[00:00:00] [worker #0] ML tree search #17, logLikelihood: -1472.316068

[00:00:00] [worker #3] ML tree search #20, logLikelihood: -1472.316068
[00:00:00] [worker #1] ML tree search #18, logLikelihood: -1472.316072
[00:00:00] [worker #2] ML tree search #19, logLikelihood: -1472.316069

Optimized model parameters:

   Partition 0: noname
   Rate heterogeneity: NONE
   Base frequencies (ML): 0.183775 0.261202 0.243037 0.311986 
   Substitution rates (model): 1.000000 1.000000 1.000000 1.000000 1.000000 1.000000 


Final LogLikelihood: -1472.316067

AIC score: 3056.632135 / AICc score: 3102.560192 / BIC score: 3240.206556
Free parameters (model + branch lengths): 56

WARNING: Best ML tree contains 2 near-zero branches!

Best ML tree with collapsed near-zero branches saved to: /home/fili/Documents/KIT/2023/BA/code/output/families/ssim_DL_s20_f100_sites200_GTR_bl1.0_d1.0_l1.0_t0.0_gc0.0_p0.0_pop10_ms0.0_mf0.0_seed14976684177860080345/families/family_063/misc/raxml_output.F81.raxml.bestTreeCollapsed
Best ML tree saved to: /home/fili/Documents/KIT/2023/BA/code/output/families/ssim_DL_s20_f100_sites200_GTR_bl1.0_d1.0_l1.0_t0.0_gc0.0_p0.0_pop10_ms0.0_mf0.0_seed14976684177860080345/families/family_063/misc/raxml_output.F81.raxml.bestTree
All ML trees saved to: /home/fili/Documents/KIT/2023/BA/code/output/families/ssim_DL_s20_f100_sites200_GTR_bl1.0_d1.0_l1.0_t0.0_gc0.0_p0.0_pop10_ms0.0_mf0.0_seed14976684177860080345/families/family_063/misc/raxml_output.F81.raxml.mlTrees
Optimized model saved to: /home/fili/Documents/KIT/2023/BA/code/output/families/ssim_DL_s20_f100_sites200_GTR_bl1.0_d1.0_l1.0_t0.0_gc0.0_p0.0_pop10_ms0.0_mf0.0_seed14976684177860080345/families/family_063/misc/raxml_output.F81.raxml.bestModel

Execution log saved to: /home/fili/Documents/KIT/2023/BA/code/output/families/ssim_DL_s20_f100_sites200_GTR_bl1.0_d1.0_l1.0_t0.0_gc0.0_p0.0_pop10_ms0.0_mf0.0_seed14976684177860080345/families/family_063/misc/raxml_output.F81.raxml.log

Analysis started: 27-Jun-2023 13:44:13 / finished: 27-Jun-2023 13:44:13

Elapsed time: 0.389 seconds

