
RAxML-NG v. 1.1.0 released on 29.11.2021 by The Exelixis Lab.
Developed by: Alexey M. Kozlov and Alexandros Stamatakis.
Contributors: Diego Darriba, Tomas Flouri, Benoit Morel, Sarah Lutteropp, Ben Bettisworth.
Latest version: https://github.com/amkozlov/raxml-ng
Questions/problems/suggestions? Please visit: https://groups.google.com/forum/#!forum/raxml

System: AMD Ryzen 7 5800X 8-Core Processor, 8 cores, 31 GB RAM

RAxML-NG was called at 27-Jun-2023 13:52:08 as follows:

/home/fili/Documents/KIT/2023/BA/resources/tools/RAxML-NG/raxml-ng --msa /home/fili/Documents/KIT/2023/BA/code/output/families/ssim_NE_s20_f100_sites200_GTR_bl1.0_d0.0_l0.0_t0.0_gc0.0_p0.0_pop10_ms0.0_mf0.0_seed14976684177860080345/families/family_047/alignment.msa --model F81 --prefix /home/fili/Documents/KIT/2023/BA/code/output/families/ssim_NE_s20_f100_sites200_GTR_bl1.0_d0.0_l0.0_t0.0_gc0.0_p0.0_pop10_ms0.0_mf0.0_seed14976684177860080345/families/family_047/misc/raxml_output.F81

Analysis options:
  run mode: ML tree search
  start tree(s): random (10) + parsimony (10)
  random seed: 1687866728
  tip-inner: OFF
  pattern compression: ON
  per-rate scalers: OFF
  site repeats: ON
  fast spr radius: AUTO
  spr subtree cutoff: 1.000000
  branch lengths: proportional (ML estimate, algorithm: NR-FAST)
  SIMD kernels: AVX2
  parallelization: coarse-grained (auto), PTHREADS (auto)

[00:00:00] Reading alignment from file: /home/fili/Documents/KIT/2023/BA/code/output/families/ssim_NE_s20_f100_sites200_GTR_bl1.0_d0.0_l0.0_t0.0_gc0.0_p0.0_pop10_ms0.0_mf0.0_seed14976684177860080345/families/family_047/alignment.msa
[00:00:00] Loaded alignment with 20 taxa and 295 sites

WARNING: Sequences 10_0_0 and 7_0_0 are exactly identical!
WARNING: Sequences 13_0_0 and 6_0_0 are exactly identical!
WARNING: Sequences 13_0_0 and 3_0_0 are exactly identical!
WARNING: Sequences 15_0_0 and 17_0_0 are exactly identical!
WARNING: Sequences 15_0_0 and 18_0_0 are exactly identical!
WARNING: Duplicate sequences found: 5

NOTE: Reduced alignment (with duplicates and gap-only sites/taxa removed) 
NOTE: was saved to: /home/fili/Documents/KIT/2023/BA/code/output/families/ssim_NE_s20_f100_sites200_GTR_bl1.0_d0.0_l0.0_t0.0_gc0.0_p0.0_pop10_ms0.0_mf0.0_seed14976684177860080345/families/family_047/misc/raxml_output.F81.raxml.reduced.phy

Alignment comprises 1 partitions and 71 patterns

Partition 0: noname
Model: F81+FO
Alignment sites / patterns: 295 / 71
Gaps: 0.00 %
Invariant sites: 68.14 %


NOTE: Binary MSA file created: /home/fili/Documents/KIT/2023/BA/code/output/families/ssim_NE_s20_f100_sites200_GTR_bl1.0_d0.0_l0.0_t0.0_gc0.0_p0.0_pop10_ms0.0_mf0.0_seed14976684177860080345/families/family_047/misc/raxml_output.F81.raxml.rba

Parallelization scheme autoconfig: 8 worker(s) x 1 thread(s)

Parallel reduction/worker buffer size: 1 KB  / 0 KB

[00:00:00] Generating 10 random starting tree(s) with 20 taxa
[00:00:00] Generating 10 parsimony starting tree(s) with 20 taxa
[00:00:00] Data distribution: max. partitions/sites/weight per thread: 1 / 71 / 284
[00:00:00] Data distribution: max. searches per worker: 3

Starting ML tree search with 20 distinct starting trees

[00:00:00 -3008.295345] Initial branch length optimization
[00:00:00 -2539.035570] Model parameter optimization (eps = 10.000000)
[00:00:00 -2526.813414] AUTODETECT spr round 1 (radius: 5)
[00:00:00 -1153.977262] AUTODETECT spr round 2 (radius: 10)
[00:00:00 -1153.974885] SPR radius for FAST iterations: 5 (autodetect)
[00:00:00 -1153.974885] Model parameter optimization (eps = 3.000000)
[00:00:00 -1153.599142] FAST spr round 1 (radius: 5)
[00:00:00 -1150.282096] FAST spr round 2 (radius: 5)
[00:00:00 -1141.735624] FAST spr round 3 (radius: 5)
[00:00:00 -1141.735621] Model parameter optimization (eps = 1.000000)
[00:00:00 -1141.648949] SLOW spr round 1 (radius: 5)
[00:00:00 -1141.648942] SLOW spr round 2 (radius: 10)
[00:00:00] [worker #1] ML tree search #2, logLikelihood: -1141.648942
[00:00:00 -1141.648942] SLOW spr round 3 (radius: 15)
[00:00:00 -1141.648942] SLOW spr round 4 (radius: 20)
[00:00:00] [worker #3] ML tree search #4, logLikelihood: -1141.648942
[00:00:00] [worker #2] ML tree search #3, logLikelihood: -1141.648942
[00:00:00] [worker #4] ML tree search #5, logLikelihood: -1141.648942
[00:00:00 -1141.648942] Model parameter optimization (eps = 0.100000)

[00:00:00] [worker #0] ML tree search #1, logLikelihood: -1141.648942

[00:00:00] [worker #6] ML tree search #7, logLikelihood: -1141.648942
[00:00:00 -2984.884685] Initial branch length optimization
[00:00:00 -2427.670515] Model parameter optimization (eps = 10.000000)
[00:00:00 -2403.826181] AUTODETECT spr round 1 (radius: 5)
[00:00:00] [worker #5] ML tree search #6, logLikelihood: -1141.648942
[00:00:00 -1167.478796] AUTODETECT spr round 2 (radius: 10)
[00:00:00 -1167.478796] SPR radius for FAST iterations: 5 (autodetect)
[00:00:00 -1167.478796] Model parameter optimization (eps = 3.000000)
[00:00:00 -1165.685198] FAST spr round 1 (radius: 5)
[00:00:00] [worker #7] ML tree search #8, logLikelihood: -1141.648942
[00:00:00 -1158.743942] FAST spr round 2 (radius: 5)
[00:00:00 -1143.780897] FAST spr round 3 (radius: 5)
[00:00:00 -1141.728036] FAST spr round 4 (radius: 5)
[00:00:00 -1141.728035] Model parameter optimization (eps = 1.000000)
[00:00:00 -1141.648954] SLOW spr round 1 (radius: 5)
[00:00:00 -1141.648942] SLOW spr round 2 (radius: 10)
[00:00:00] [worker #6] ML tree search #15, logLikelihood: -1141.648943
[00:00:00] [worker #4] ML tree search #13, logLikelihood: -1141.648942
[00:00:00] [worker #3] ML tree search #12, logLikelihood: -1141.648943
[00:00:00] [worker #5] ML tree search #14, logLikelihood: -1141.648942
[00:00:00 -1141.648942] SLOW spr round 3 (radius: 15)
[00:00:00 -1141.648942] SLOW spr round 4 (radius: 20)
[00:00:00 -1141.648942] Model parameter optimization (eps = 0.100000)

[00:00:00] [worker #0] ML tree search #9, logLikelihood: -1141.648942

[00:00:00 -1946.211488] Initial branch length optimization
[00:00:00 -1160.489302] Model parameter optimization (eps = 10.000000)
[00:00:00 -1153.916836] AUTODETECT spr round 1 (radius: 5)
[00:00:00 -1141.719419] AUTODETECT spr round 2 (radius: 10)
[00:00:00] [worker #2] ML tree search #11, logLikelihood: -1141.648945
[00:00:00 -1141.718938] SPR radius for FAST iterations: 5 (autodetect)
[00:00:00 -1141.718938] Model parameter optimization (eps = 3.000000)
[00:00:00 -1141.648957] FAST spr round 1 (radius: 5)
[00:00:00 -1141.648942] Model parameter optimization (eps = 1.000000)
[00:00:00 -1141.648942] SLOW spr round 1 (radius: 5)
[00:00:00] [worker #7] ML tree search #16, logLikelihood: -1141.648944
[00:00:00 -1141.648942] SLOW spr round 2 (radius: 10)
[00:00:00] [worker #1] ML tree search #10, logLikelihood: -1141.648943
[00:00:00] [worker #3] ML tree search #20, logLikelihood: -1141.648942
[00:00:00 -1141.648942] SLOW spr round 3 (radius: 15)
[00:00:00 -1141.648942] SLOW spr round 4 (radius: 20)
[00:00:00 -1141.648942] Model parameter optimization (eps = 0.100000)

[00:00:00] [worker #0] ML tree search #17, logLikelihood: -1141.648942

[00:00:00] [worker #2] ML tree search #19, logLikelihood: -1141.648942
[00:00:00] [worker #1] ML tree search #18, logLikelihood: -1141.648946

Optimized model parameters:

   Partition 0: noname
   Rate heterogeneity: NONE
   Base frequencies (ML): 0.315470 0.190893 0.240302 0.253335 
   Substitution rates (model): 1.000000 1.000000 1.000000 1.000000 1.000000 1.000000 


Final LogLikelihood: -1141.648942

AIC score: 2363.297883 / AICc score: 2376.211269 / BIC score: 2510.776897
Free parameters (model + branch lengths): 40

WARNING: Best ML tree contains 4 near-zero branches!

Best ML tree with collapsed near-zero branches saved to: /home/fili/Documents/KIT/2023/BA/code/output/families/ssim_NE_s20_f100_sites200_GTR_bl1.0_d0.0_l0.0_t0.0_gc0.0_p0.0_pop10_ms0.0_mf0.0_seed14976684177860080345/families/family_047/misc/raxml_output.F81.raxml.bestTreeCollapsed
Best ML tree saved to: /home/fili/Documents/KIT/2023/BA/code/output/families/ssim_NE_s20_f100_sites200_GTR_bl1.0_d0.0_l0.0_t0.0_gc0.0_p0.0_pop10_ms0.0_mf0.0_seed14976684177860080345/families/family_047/misc/raxml_output.F81.raxml.bestTree
All ML trees saved to: /home/fili/Documents/KIT/2023/BA/code/output/families/ssim_NE_s20_f100_sites200_GTR_bl1.0_d0.0_l0.0_t0.0_gc0.0_p0.0_pop10_ms0.0_mf0.0_seed14976684177860080345/families/family_047/misc/raxml_output.F81.raxml.mlTrees
Optimized model saved to: /home/fili/Documents/KIT/2023/BA/code/output/families/ssim_NE_s20_f100_sites200_GTR_bl1.0_d0.0_l0.0_t0.0_gc0.0_p0.0_pop10_ms0.0_mf0.0_seed14976684177860080345/families/family_047/misc/raxml_output.F81.raxml.bestModel

Execution log saved to: /home/fili/Documents/KIT/2023/BA/code/output/families/ssim_NE_s20_f100_sites200_GTR_bl1.0_d0.0_l0.0_t0.0_gc0.0_p0.0_pop10_ms0.0_mf0.0_seed14976684177860080345/families/family_047/misc/raxml_output.F81.raxml.log

Analysis started: 27-Jun-2023 13:52:08 / finished: 27-Jun-2023 13:52:09

Elapsed time: 0.178 seconds

