
RAxML-NG v. 1.1.0 released on 29.11.2021 by The Exelixis Lab.
Developed by: Alexey M. Kozlov and Alexandros Stamatakis.
Contributors: Diego Darriba, Tomas Flouri, Benoit Morel, Sarah Lutteropp, Ben Bettisworth.
Latest version: https://github.com/amkozlov/raxml-ng
Questions/problems/suggestions? Please visit: https://groups.google.com/forum/#!forum/raxml

System: AMD Ryzen 7 5800X 8-Core Processor, 8 cores, 31 GB RAM

RAxML-NG was called at 13-Jun-2023 13:44:23 as follows:

/home/fili/Documents/KIT/2023/BA/resources/tools/RAxML-NG/raxml-ng --msa /home/fili/Documents/KIT/2023/BA/code/output/families/ssim_NE_s20_f100_sites200_GTR_bl1.0_d0.0_l0.0_t0.0_gc0.0_p0.0_pop10_ms0.0_mf0.0_seed42/families/family_052/alignment.msa --model F81 --prefix /home/fili/Documents/KIT/2023/BA/code/output/families/ssim_NE_s20_f100_sites200_GTR_bl1.0_d0.0_l0.0_t0.0_gc0.0_p0.0_pop10_ms0.0_mf0.0_seed42/families/family_052/misc/raxml_output.F81

Analysis options:
  run mode: ML tree search
  start tree(s): random (10) + parsimony (10)
  random seed: 1686656663
  tip-inner: OFF
  pattern compression: ON
  per-rate scalers: OFF
  site repeats: ON
  fast spr radius: AUTO
  spr subtree cutoff: 1.000000
  branch lengths: proportional (ML estimate, algorithm: NR-FAST)
  SIMD kernels: AVX2
  parallelization: coarse-grained (auto), PTHREADS (auto)

[00:00:00] Reading alignment from file: /home/fili/Documents/KIT/2023/BA/code/output/families/ssim_NE_s20_f100_sites200_GTR_bl1.0_d0.0_l0.0_t0.0_gc0.0_p0.0_pop10_ms0.0_mf0.0_seed42/families/family_052/alignment.msa
[00:00:00] Loaded alignment with 20 taxa and 230 sites

WARNING: Sequences 13_0_0 and 9_0_0 are exactly identical!
WARNING: Duplicate sequences found: 1

NOTE: Reduced alignment (with duplicates and gap-only sites/taxa removed) 
NOTE: was saved to: /home/fili/Documents/KIT/2023/BA/code/output/families/ssim_NE_s20_f100_sites200_GTR_bl1.0_d0.0_l0.0_t0.0_gc0.0_p0.0_pop10_ms0.0_mf0.0_seed42/families/family_052/misc/raxml_output.F81.raxml.reduced.phy

Alignment comprises 1 partitions and 145 patterns

Partition 0: noname
Model: F81+FO
Alignment sites / patterns: 230 / 145
Gaps: 0.00 %
Invariant sites: 28.26 %


NOTE: Binary MSA file created: /home/fili/Documents/KIT/2023/BA/code/output/families/ssim_NE_s20_f100_sites200_GTR_bl1.0_d0.0_l0.0_t0.0_gc0.0_p0.0_pop10_ms0.0_mf0.0_seed42/families/family_052/misc/raxml_output.F81.raxml.rba

Parallelization scheme autoconfig: 8 worker(s) x 1 thread(s)

Parallel reduction/worker buffer size: 1 KB  / 0 KB

[00:00:00] Generating 10 random starting tree(s) with 20 taxa
[00:00:00] Generating 10 parsimony starting tree(s) with 20 taxa
[00:00:00] Data distribution: max. partitions/sites/weight per thread: 1 / 145 / 580
[00:00:00] Data distribution: max. searches per worker: 3

Starting ML tree search with 20 distinct starting trees

[00:00:00 -3847.864385] Initial branch length optimization
[00:00:00 -3450.408559] Model parameter optimization (eps = 10.000000)
[00:00:00 -3348.681281] AUTODETECT spr round 1 (radius: 5)
[00:00:00 -1841.746748] AUTODETECT spr round 2 (radius: 10)
[00:00:00 -1841.741443] SPR radius for FAST iterations: 5 (autodetect)
[00:00:00 -1841.741443] Model parameter optimization (eps = 3.000000)
[00:00:00 -1841.367171] FAST spr round 1 (radius: 5)
[00:00:00 -1817.702206] FAST spr round 2 (radius: 5)
[00:00:00 -1815.917903] FAST spr round 3 (radius: 5)
[00:00:00 -1815.917871] Model parameter optimization (eps = 1.000000)
[00:00:00 -1815.828272] SLOW spr round 1 (radius: 5)
[00:00:00 -1815.828119] SLOW spr round 2 (radius: 10)
[00:00:00] [worker #3] ML tree search #4, logLikelihood: -1815.828076
[00:00:00] [worker #7] ML tree search #8, logLikelihood: -1815.828075
[00:00:00] [worker #2] ML tree search #3, logLikelihood: -1815.828076
[00:00:00] [worker #1] ML tree search #2, logLikelihood: -1815.828082
[00:00:00] [worker #4] ML tree search #5, logLikelihood: -1815.828075
[00:00:00 -1815.828118] SLOW spr round 3 (radius: 15)
[00:00:00 -1815.828118] SLOW spr round 4 (radius: 20)
[00:00:00 -1815.828118] Model parameter optimization (eps = 0.100000)

[00:00:00] [worker #0] ML tree search #1, logLikelihood: -1815.828076

[00:00:00] [worker #5] ML tree search #6, logLikelihood: -1815.828076
[00:00:00] [worker #6] ML tree search #7, logLikelihood: -1815.828080
[00:00:00 -3592.620130] Initial branch length optimization
[00:00:00 -3145.846059] Model parameter optimization (eps = 10.000000)
[00:00:00 -3061.002187] AUTODETECT spr round 1 (radius: 5)
[00:00:00 -1925.614798] AUTODETECT spr round 2 (radius: 10)
[00:00:00 -1925.614153] SPR radius for FAST iterations: 5 (autodetect)
[00:00:00 -1925.614153] Model parameter optimization (eps = 3.000000)
[00:00:00 -1925.420567] FAST spr round 1 (radius: 5)
[00:00:00 -1819.458837] FAST spr round 2 (radius: 5)
[00:00:00 -1817.380171] FAST spr round 3 (radius: 5)
[00:00:00 -1816.292140] FAST spr round 4 (radius: 5)
[00:00:00] [worker #3] ML tree search #12, logLikelihood: -1815.828076
[00:00:00] [worker #7] ML tree search #16, logLikelihood: -1815.828076
[00:00:00] [worker #2] ML tree search #11, logLikelihood: -1815.828076
[00:00:00 -1816.292127] Model parameter optimization (eps = 1.000000)
[00:00:00] [worker #4] ML tree search #13, logLikelihood: -1815.828075
[00:00:00 -1815.828595] SLOW spr round 1 (radius: 5)
[00:00:00] [worker #5] ML tree search #14, logLikelihood: -1815.828076
[00:00:00] [worker #6] ML tree search #15, logLikelihood: -1815.828076
[00:00:00 -1815.828162] SLOW spr round 2 (radius: 10)
[00:00:00] [worker #1] ML tree search #10, logLikelihood: -1815.828076
[00:00:00 -1815.828162] SLOW spr round 3 (radius: 15)
[00:00:00 -1815.828162] SLOW spr round 4 (radius: 20)
[00:00:00 -1815.828162] Model parameter optimization (eps = 0.100000)

[00:00:00] [worker #0] ML tree search #9, logLikelihood: -1815.828076

[00:00:00 -2233.113767] Initial branch length optimization
[00:00:00 -1862.050110] Model parameter optimization (eps = 10.000000)
[00:00:00 -1815.828282] AUTODETECT spr round 1 (radius: 5)
[00:00:00] [worker #3] ML tree search #20, logLikelihood: -1815.828076
[00:00:00 -1815.828145] SPR radius for FAST iterations: 5 (autodetect)
[00:00:00 -1815.828145] Model parameter optimization (eps = 3.000000)
[00:00:00 -1815.828076] FAST spr round 1 (radius: 5)
[00:00:00 -1815.828076] Model parameter optimization (eps = 1.000000)
[00:00:00 -1815.828076] SLOW spr round 1 (radius: 5)
[00:00:00] [worker #2] ML tree search #19, logLikelihood: -1815.828077
[00:00:00 -1815.828076] SLOW spr round 2 (radius: 10)
[00:00:00] [worker #1] ML tree search #18, logLikelihood: -1815.828076
[00:00:00 -1815.828076] SLOW spr round 3 (radius: 15)
[00:00:00 -1815.828076] SLOW spr round 4 (radius: 20)
[00:00:00 -1815.828076] Model parameter optimization (eps = 0.100000)

[00:00:00] [worker #0] ML tree search #17, logLikelihood: -1815.828076


Optimized model parameters:

   Partition 0: noname
   Rate heterogeneity: NONE
   Base frequencies (ML): 0.348243 0.154519 0.349011 0.148226 
   Substitution rates (model): 1.000000 1.000000 1.000000 1.000000 1.000000 1.000000 


Final LogLikelihood: -1815.828075

AIC score: 3711.656151 / AICc score: 3729.010648 / BIC score: 3849.179323
Free parameters (model + branch lengths): 40

WARNING: Best ML tree contains 1 near-zero branches!

Best ML tree with collapsed near-zero branches saved to: /home/fili/Documents/KIT/2023/BA/code/output/families/ssim_NE_s20_f100_sites200_GTR_bl1.0_d0.0_l0.0_t0.0_gc0.0_p0.0_pop10_ms0.0_mf0.0_seed42/families/family_052/misc/raxml_output.F81.raxml.bestTreeCollapsed
Best ML tree saved to: /home/fili/Documents/KIT/2023/BA/code/output/families/ssim_NE_s20_f100_sites200_GTR_bl1.0_d0.0_l0.0_t0.0_gc0.0_p0.0_pop10_ms0.0_mf0.0_seed42/families/family_052/misc/raxml_output.F81.raxml.bestTree
All ML trees saved to: /home/fili/Documents/KIT/2023/BA/code/output/families/ssim_NE_s20_f100_sites200_GTR_bl1.0_d0.0_l0.0_t0.0_gc0.0_p0.0_pop10_ms0.0_mf0.0_seed42/families/family_052/misc/raxml_output.F81.raxml.mlTrees
Optimized model saved to: /home/fili/Documents/KIT/2023/BA/code/output/families/ssim_NE_s20_f100_sites200_GTR_bl1.0_d0.0_l0.0_t0.0_gc0.0_p0.0_pop10_ms0.0_mf0.0_seed42/families/family_052/misc/raxml_output.F81.raxml.bestModel

Execution log saved to: /home/fili/Documents/KIT/2023/BA/code/output/families/ssim_NE_s20_f100_sites200_GTR_bl1.0_d0.0_l0.0_t0.0_gc0.0_p0.0_pop10_ms0.0_mf0.0_seed42/families/family_052/misc/raxml_output.F81.raxml.log

Analysis started: 13-Jun-2023 13:44:23 / finished: 13-Jun-2023 13:44:23

Elapsed time: 0.290 seconds

