
RAxML-NG v. 1.1.0 released on 29.11.2021 by The Exelixis Lab.
Developed by: Alexey M. Kozlov and Alexandros Stamatakis.
Contributors: Diego Darriba, Tomas Flouri, Benoit Morel, Sarah Lutteropp, Ben Bettisworth.
Latest version: https://github.com/amkozlov/raxml-ng
Questions/problems/suggestions? Please visit: https://groups.google.com/forum/#!forum/raxml

System: AMD Ryzen 7 5800X 8-Core Processor, 8 cores, 31 GB RAM

RAxML-NG was called at 16-Jun-2023 09:59:17 as follows:

/home/fili/Documents/KIT/2023/BA/resources/tools/RAxML-NG/raxml-ng --msa /home/fili/Documents/KIT/2023/BA/code/output/families/ssim_NE_s20_f100_sites200_GTR_bl1.0_d0.0_l0.0_t0.0_gc0.0_p0.0_pop10_ms0.0_mf0.0_seed1007/families/family_033/alignment.msa --model F81 --prefix /home/fili/Documents/KIT/2023/BA/code/output/families/ssim_NE_s20_f100_sites200_GTR_bl1.0_d0.0_l0.0_t0.0_gc0.0_p0.0_pop10_ms0.0_mf0.0_seed1007/families/family_033/misc/raxml_output.F81

Analysis options:
  run mode: ML tree search
  start tree(s): random (10) + parsimony (10)
  random seed: 1686902357
  tip-inner: OFF
  pattern compression: ON
  per-rate scalers: OFF
  site repeats: ON
  fast spr radius: AUTO
  spr subtree cutoff: 1.000000
  branch lengths: proportional (ML estimate, algorithm: NR-FAST)
  SIMD kernels: AVX2
  parallelization: coarse-grained (auto), PTHREADS (auto)

[00:00:00] Reading alignment from file: /home/fili/Documents/KIT/2023/BA/code/output/families/ssim_NE_s20_f100_sites200_GTR_bl1.0_d0.0_l0.0_t0.0_gc0.0_p0.0_pop10_ms0.0_mf0.0_seed1007/families/family_033/alignment.msa
[00:00:00] Loaded alignment with 20 taxa and 313 sites

WARNING: Sequences 2_0_0 and 8_0_0 are exactly identical!
WARNING: Sequences 19_0_0 and 12_0_0 are exactly identical!
WARNING: Duplicate sequences found: 2

NOTE: Reduced alignment (with duplicates and gap-only sites/taxa removed) 
NOTE: was saved to: /home/fili/Documents/KIT/2023/BA/code/output/families/ssim_NE_s20_f100_sites200_GTR_bl1.0_d0.0_l0.0_t0.0_gc0.0_p0.0_pop10_ms0.0_mf0.0_seed1007/families/family_033/misc/raxml_output.F81.raxml.reduced.phy

Alignment comprises 1 partitions and 143 patterns

Partition 0: noname
Model: F81+FO
Alignment sites / patterns: 313 / 143
Gaps: 0.00 %
Invariant sites: 39.62 %


NOTE: Binary MSA file created: /home/fili/Documents/KIT/2023/BA/code/output/families/ssim_NE_s20_f100_sites200_GTR_bl1.0_d0.0_l0.0_t0.0_gc0.0_p0.0_pop10_ms0.0_mf0.0_seed1007/families/family_033/misc/raxml_output.F81.raxml.rba

Parallelization scheme autoconfig: 8 worker(s) x 1 thread(s)

Parallel reduction/worker buffer size: 1 KB  / 0 KB

[00:00:00] Generating 10 random starting tree(s) with 20 taxa
[00:00:00] Generating 10 parsimony starting tree(s) with 20 taxa
[00:00:00] Data distribution: max. partitions/sites/weight per thread: 1 / 143 / 572
[00:00:00] Data distribution: max. searches per worker: 3

Starting ML tree search with 20 distinct starting trees

[00:00:00 -4304.762278] Initial branch length optimization
[00:00:00 -3880.302373] Model parameter optimization (eps = 10.000000)
[00:00:00 -3765.521532] AUTODETECT spr round 1 (radius: 5)
[00:00:00 -2050.099000] AUTODETECT spr round 2 (radius: 10)
[00:00:00 -2050.098994] SPR radius for FAST iterations: 5 (autodetect)
[00:00:00 -2050.098994] Model parameter optimization (eps = 3.000000)
[00:00:00 -2048.838675] FAST spr round 1 (radius: 5)
[00:00:00 -2010.239416] FAST spr round 2 (radius: 5)
[00:00:00 -2008.097265] FAST spr round 3 (radius: 5)
[00:00:00 -2008.097259] Model parameter optimization (eps = 1.000000)
[00:00:00 -2007.789715] SLOW spr round 1 (radius: 5)
[00:00:00 -2007.789605] SLOW spr round 2 (radius: 10)
[00:00:00] [worker #7] ML tree search #8, logLikelihood: -2007.789386
[00:00:00 -2007.789605] SLOW spr round 3 (radius: 15)
[00:00:00 -2007.789605] SLOW spr round 4 (radius: 20)
[00:00:00 -2007.789605] Model parameter optimization (eps = 0.100000)
[00:00:00] [worker #1] ML tree search #2, logLikelihood: -2007.789387

[00:00:00] [worker #0] ML tree search #1, logLikelihood: -2007.789391

[00:00:00] [worker #3] ML tree search #4, logLikelihood: -2007.789386
[00:00:00 -3952.433591] Initial branch length optimization
[00:00:00 -3516.162300] Model parameter optimization (eps = 10.000000)
[00:00:00 -3405.915970] AUTODETECT spr round 1 (radius: 5)
[00:00:00] [worker #4] ML tree search #5, logLikelihood: -2007.789386
[00:00:00 -2140.150447] AUTODETECT spr round 2 (radius: 10)
[00:00:00] [worker #2] ML tree search #3, logLikelihood: -2007.789388
[00:00:00 -2064.328066] AUTODETECT spr round 3 (radius: 15)
[00:00:00 -2064.326187] SPR radius for FAST iterations: 10 (autodetect)
[00:00:00 -2064.326187] Model parameter optimization (eps = 3.000000)
[00:00:00 -2062.848514] FAST spr round 1 (radius: 10)
[00:00:00 -2010.005480] FAST spr round 2 (radius: 10)
[00:00:00 -2007.861717] FAST spr round 3 (radius: 10)
[00:00:00] [worker #6] ML tree search #7, logLikelihood: -2007.789386
[00:00:00 -2007.861714] Model parameter optimization (eps = 1.000000)
[00:00:00 -2007.789460] SLOW spr round 1 (radius: 5)
[00:00:00] [worker #5] ML tree search #6, logLikelihood: -2007.789387
[00:00:00] [worker #7] ML tree search #16, logLikelihood: -2007.789386
[00:00:00 -2007.789437] SLOW spr round 2 (radius: 10)
[00:00:00] [worker #4] ML tree search #13, logLikelihood: -2007.789386
[00:00:00] [worker #3] ML tree search #12, logLikelihood: -2007.789387
[00:00:00 -2007.789437] SLOW spr round 3 (radius: 15)
[00:00:00 -2007.789437] SLOW spr round 4 (radius: 20)
[00:00:00] [worker #1] ML tree search #10, logLikelihood: -2007.789387
[00:00:00 -2007.789437] Model parameter optimization (eps = 0.100000)

[00:00:00] [worker #0] ML tree search #9, logLikelihood: -2007.789386

[00:00:00 -2648.700321] Initial branch length optimization
[00:00:00 -2074.186175] Model parameter optimization (eps = 10.000000)
[00:00:00 -2020.256097] AUTODETECT spr round 1 (radius: 5)
[00:00:00 -2009.233457] AUTODETECT spr round 2 (radius: 10)
[00:00:00 -2009.233420] SPR radius for FAST iterations: 5 (autodetect)
[00:00:00 -2009.233420] Model parameter optimization (eps = 3.000000)
[00:00:00 -2009.142723] FAST spr round 1 (radius: 5)
[00:00:00 -2008.113992] FAST spr round 2 (radius: 5)
[00:00:00 -2007.791888] FAST spr round 3 (radius: 5)
[00:00:00] [worker #6] ML tree search #15, logLikelihood: -2007.789387
[00:00:00 -2007.791886] Model parameter optimization (eps = 1.000000)
[00:00:00 -2007.789388] SLOW spr round 1 (radius: 5)
[00:00:00] [worker #2] ML tree search #11, logLikelihood: -2007.789387
[00:00:00 -2007.789388] SLOW spr round 2 (radius: 10)
[00:00:00] [worker #3] ML tree search #20, logLikelihood: -2007.789386
[00:00:00 -2007.789388] SLOW spr round 3 (radius: 15)
[00:00:00 -2007.789388] SLOW spr round 4 (radius: 20)
[00:00:00] [worker #1] ML tree search #18, logLikelihood: -2007.789387
[00:00:00 -2007.789388] Model parameter optimization (eps = 0.100000)

[00:00:00] [worker #0] ML tree search #17, logLikelihood: -2007.789387

[00:00:00] [worker #5] ML tree search #14, logLikelihood: -2007.789387
[00:00:00] [worker #2] ML tree search #19, logLikelihood: -2007.789387

Optimized model parameters:

   Partition 0: noname
   Rate heterogeneity: NONE
   Base frequencies (ML): 0.299929 0.149726 0.388711 0.161634 
   Substitution rates (model): 1.000000 1.000000 1.000000 1.000000 1.000000 1.000000 


Final LogLikelihood: -2007.789386

AIC score: 4095.578771 / AICc score: 4107.637595 / BIC score: 4245.426899
Free parameters (model + branch lengths): 40

WARNING: Best ML tree contains 1 near-zero branches!

Best ML tree with collapsed near-zero branches saved to: /home/fili/Documents/KIT/2023/BA/code/output/families/ssim_NE_s20_f100_sites200_GTR_bl1.0_d0.0_l0.0_t0.0_gc0.0_p0.0_pop10_ms0.0_mf0.0_seed1007/families/family_033/misc/raxml_output.F81.raxml.bestTreeCollapsed
Best ML tree saved to: /home/fili/Documents/KIT/2023/BA/code/output/families/ssim_NE_s20_f100_sites200_GTR_bl1.0_d0.0_l0.0_t0.0_gc0.0_p0.0_pop10_ms0.0_mf0.0_seed1007/families/family_033/misc/raxml_output.F81.raxml.bestTree
All ML trees saved to: /home/fili/Documents/KIT/2023/BA/code/output/families/ssim_NE_s20_f100_sites200_GTR_bl1.0_d0.0_l0.0_t0.0_gc0.0_p0.0_pop10_ms0.0_mf0.0_seed1007/families/family_033/misc/raxml_output.F81.raxml.mlTrees
Optimized model saved to: /home/fili/Documents/KIT/2023/BA/code/output/families/ssim_NE_s20_f100_sites200_GTR_bl1.0_d0.0_l0.0_t0.0_gc0.0_p0.0_pop10_ms0.0_mf0.0_seed1007/families/family_033/misc/raxml_output.F81.raxml.bestModel

Execution log saved to: /home/fili/Documents/KIT/2023/BA/code/output/families/ssim_NE_s20_f100_sites200_GTR_bl1.0_d0.0_l0.0_t0.0_gc0.0_p0.0_pop10_ms0.0_mf0.0_seed1007/families/family_033/misc/raxml_output.F81.raxml.log

Analysis started: 16-Jun-2023 09:59:17 / finished: 16-Jun-2023 09:59:17

Elapsed time: 0.293 seconds

