
RAxML-NG v. 1.1.0 released on 29.11.2021 by The Exelixis Lab.
Developed by: Alexey M. Kozlov and Alexandros Stamatakis.
Contributors: Diego Darriba, Tomas Flouri, Benoit Morel, Sarah Lutteropp, Ben Bettisworth.
Latest version: https://github.com/amkozlov/raxml-ng
Questions/problems/suggestions? Please visit: https://groups.google.com/forum/#!forum/raxml

System: AMD Ryzen 7 5800X 8-Core Processor, 8 cores, 31 GB RAM

RAxML-NG was called at 27-Jun-2023 13:01:32 as follows:

/home/fili/Documents/KIT/2023/BA/resources/tools/RAxML-NG/raxml-ng --msa /home/fili/Documents/KIT/2023/BA/code/output/families/ssim_DL_s20_f100_sites200_GTR_bl1.0_d1.0_l1.0_t0.0_gc0.0_p0.0_pop10_ms0.0_mf0.0_seed1007/families/family_049/alignment.msa --model F81 --prefix /home/fili/Documents/KIT/2023/BA/code/output/families/ssim_DL_s20_f100_sites200_GTR_bl1.0_d1.0_l1.0_t0.0_gc0.0_p0.0_pop10_ms0.0_mf0.0_seed1007/families/family_049/misc/raxml_output.F81

Analysis options:
  run mode: ML tree search
  start tree(s): random (10) + parsimony (10)
  random seed: 1687863692
  tip-inner: OFF
  pattern compression: ON
  per-rate scalers: OFF
  site repeats: ON
  fast spr radius: AUTO
  spr subtree cutoff: 1.000000
  branch lengths: proportional (ML estimate, algorithm: NR-FAST)
  SIMD kernels: AVX2
  parallelization: coarse-grained (auto), PTHREADS (auto)

[00:00:00] Reading alignment from file: /home/fili/Documents/KIT/2023/BA/code/output/families/ssim_DL_s20_f100_sites200_GTR_bl1.0_d1.0_l1.0_t0.0_gc0.0_p0.0_pop10_ms0.0_mf0.0_seed1007/families/family_049/alignment.msa
[00:00:00] Loaded alignment with 20 taxa and 146 sites

WARNING: Sequences 19_0_0 and 20_0_0 are exactly identical!
WARNING: Duplicate sequences found: 1

NOTE: Reduced alignment (with duplicates and gap-only sites/taxa removed) 
NOTE: was saved to: /home/fili/Documents/KIT/2023/BA/code/output/families/ssim_DL_s20_f100_sites200_GTR_bl1.0_d1.0_l1.0_t0.0_gc0.0_p0.0_pop10_ms0.0_mf0.0_seed1007/families/family_049/misc/raxml_output.F81.raxml.reduced.phy

Alignment comprises 1 partitions and 105 patterns

Partition 0: noname
Model: F81+FO
Alignment sites / patterns: 146 / 105
Gaps: 0.00 %
Invariant sites: 24.66 %


NOTE: Binary MSA file created: /home/fili/Documents/KIT/2023/BA/code/output/families/ssim_DL_s20_f100_sites200_GTR_bl1.0_d1.0_l1.0_t0.0_gc0.0_p0.0_pop10_ms0.0_mf0.0_seed1007/families/family_049/misc/raxml_output.F81.raxml.rba

Parallelization scheme autoconfig: 8 worker(s) x 1 thread(s)

Parallel reduction/worker buffer size: 1 KB  / 0 KB

[00:00:00] Generating 10 random starting tree(s) with 20 taxa
[00:00:00] Generating 10 parsimony starting tree(s) with 20 taxa
[00:00:00] Data distribution: max. partitions/sites/weight per thread: 1 / 105 / 420
[00:00:00] Data distribution: max. searches per worker: 3

Starting ML tree search with 20 distinct starting trees

[00:00:00 -2402.817761] Initial branch length optimization
[00:00:00 -2053.958685] Model parameter optimization (eps = 10.000000)
[00:00:00 -2009.470816] AUTODETECT spr round 1 (radius: 5)
[00:00:00 -1383.821776] AUTODETECT spr round 2 (radius: 10)
[00:00:00 -1279.771428] AUTODETECT spr round 3 (radius: 15)
[00:00:00 -1279.743175] SPR radius for FAST iterations: 10 (autodetect)
[00:00:00 -1279.743175] Model parameter optimization (eps = 3.000000)
[00:00:00 -1279.643813] FAST spr round 1 (radius: 10)
[00:00:00 -1260.651562] FAST spr round 2 (radius: 10)
[00:00:00 -1260.651531] Model parameter optimization (eps = 1.000000)
[00:00:00 -1260.553018] SLOW spr round 1 (radius: 5)
[00:00:00 -1260.552952] SLOW spr round 2 (radius: 10)
[00:00:00] [worker #3] ML tree search #4, logLikelihood: -1260.552917
[00:00:00 -1260.552951] SLOW spr round 3 (radius: 15)
[00:00:00 -1260.552951] SLOW spr round 4 (radius: 20)
[00:00:00] [worker #2] ML tree search #3, logLikelihood: -1260.552916
[00:00:00 -1260.552951] Model parameter optimization (eps = 0.100000)

[00:00:00] [worker #0] ML tree search #1, logLikelihood: -1260.552916

[00:00:00] [worker #6] ML tree search #7, logLikelihood: -1260.552916
[00:00:00 -2501.631166] Initial branch length optimization
[00:00:00 -2157.346335] Model parameter optimization (eps = 10.000000)
[00:00:00] [worker #7] ML tree search #8, logLikelihood: -1260.552916
[00:00:00 -2108.769310] AUTODETECT spr round 1 (radius: 5)
[00:00:00] [worker #4] ML tree search #5, logLikelihood: -1260.552916
[00:00:00 -1286.970969] AUTODETECT spr round 2 (radius: 10)
[00:00:00] [worker #1] ML tree search #2, logLikelihood: -1260.552917
[00:00:00 -1286.970946] SPR radius for FAST iterations: 5 (autodetect)
[00:00:00 -1286.970946] Model parameter optimization (eps = 3.000000)
[00:00:00 -1286.421587] FAST spr round 1 (radius: 5)
[00:00:00] [worker #5] ML tree search #6, logLikelihood: -1260.552915
[00:00:00 -1264.237453] FAST spr round 2 (radius: 5)
[00:00:00 -1261.394474] FAST spr round 3 (radius: 5)
[00:00:00 -1260.702036] FAST spr round 4 (radius: 5)
[00:00:00 -1260.702003] Model parameter optimization (eps = 1.000000)
[00:00:00 -1260.553036] SLOW spr round 1 (radius: 5)
[00:00:00] [worker #3] ML tree search #12, logLikelihood: -1260.552916
[00:00:00] [worker #2] ML tree search #11, logLikelihood: -1260.552916
[00:00:00] [worker #6] ML tree search #15, logLikelihood: -1260.552916
[00:00:00 -1260.552945] SLOW spr round 2 (radius: 10)
[00:00:00] [worker #4] ML tree search #13, logLikelihood: -1260.552916
[00:00:00] [worker #7] ML tree search #16, logLikelihood: -1260.552916
[00:00:00 -1260.552945] SLOW spr round 3 (radius: 15)
[00:00:00 -1260.552945] SLOW spr round 4 (radius: 20)
[00:00:00 -1260.552945] Model parameter optimization (eps = 0.100000)

[00:00:00] [worker #0] ML tree search #9, logLikelihood: -1260.552916

[00:00:00 -1503.016596] Initial branch length optimization
[00:00:00 -1286.772904] Model parameter optimization (eps = 10.000000)
[00:00:00] [worker #1] ML tree search #10, logLikelihood: -1260.552915
[00:00:00 -1261.955325] AUTODETECT spr round 1 (radius: 5)
[00:00:00] [worker #5] ML tree search #14, logLikelihood: -1260.552917
[00:00:00 -1260.555446] AUTODETECT spr round 2 (radius: 10)
[00:00:00 -1260.554212] SPR radius for FAST iterations: 5 (autodetect)
[00:00:00 -1260.554212] Model parameter optimization (eps = 3.000000)
[00:00:00 -1260.552940] FAST spr round 1 (radius: 5)
[00:00:00 -1260.552919] Model parameter optimization (eps = 1.000000)
[00:00:00 -1260.552915] SLOW spr round 1 (radius: 5)
[00:00:00] [worker #3] ML tree search #20, logLikelihood: -1260.552916
[00:00:00 -1260.552915] SLOW spr round 2 (radius: 10)
[00:00:00] [worker #2] ML tree search #19, logLikelihood: -1260.552916
[00:00:00 -1260.552915] SLOW spr round 3 (radius: 15)
[00:00:00 -1260.552915] SLOW spr round 4 (radius: 20)
[00:00:00 -1260.552915] Model parameter optimization (eps = 0.100000)

[00:00:00] [worker #0] ML tree search #17, logLikelihood: -1260.552915

[00:00:00] [worker #1] ML tree search #18, logLikelihood: -1260.552916

Optimized model parameters:

   Partition 0: noname
   Rate heterogeneity: NONE
   Base frequencies (ML): 0.318492 0.155427 0.355265 0.170816 
   Substitution rates (model): 1.000000 1.000000 1.000000 1.000000 1.000000 1.000000 


Final LogLikelihood: -1260.552915

AIC score: 2601.105831 / AICc score: 2632.343926 / BIC score: 2720.450096
Free parameters (model + branch lengths): 40

WARNING: Best ML tree contains 1 near-zero branches!

Best ML tree with collapsed near-zero branches saved to: /home/fili/Documents/KIT/2023/BA/code/output/families/ssim_DL_s20_f100_sites200_GTR_bl1.0_d1.0_l1.0_t0.0_gc0.0_p0.0_pop10_ms0.0_mf0.0_seed1007/families/family_049/misc/raxml_output.F81.raxml.bestTreeCollapsed
Best ML tree saved to: /home/fili/Documents/KIT/2023/BA/code/output/families/ssim_DL_s20_f100_sites200_GTR_bl1.0_d1.0_l1.0_t0.0_gc0.0_p0.0_pop10_ms0.0_mf0.0_seed1007/families/family_049/misc/raxml_output.F81.raxml.bestTree
All ML trees saved to: /home/fili/Documents/KIT/2023/BA/code/output/families/ssim_DL_s20_f100_sites200_GTR_bl1.0_d1.0_l1.0_t0.0_gc0.0_p0.0_pop10_ms0.0_mf0.0_seed1007/families/family_049/misc/raxml_output.F81.raxml.mlTrees
Optimized model saved to: /home/fili/Documents/KIT/2023/BA/code/output/families/ssim_DL_s20_f100_sites200_GTR_bl1.0_d1.0_l1.0_t0.0_gc0.0_p0.0_pop10_ms0.0_mf0.0_seed1007/families/family_049/misc/raxml_output.F81.raxml.bestModel

Execution log saved to: /home/fili/Documents/KIT/2023/BA/code/output/families/ssim_DL_s20_f100_sites200_GTR_bl1.0_d1.0_l1.0_t0.0_gc0.0_p0.0_pop10_ms0.0_mf0.0_seed1007/families/family_049/misc/raxml_output.F81.raxml.log

Analysis started: 27-Jun-2023 13:01:32 / finished: 27-Jun-2023 13:01:32

Elapsed time: 0.216 seconds

