
RAxML-NG v. 1.1.0 released on 29.11.2021 by The Exelixis Lab.
Developed by: Alexey M. Kozlov and Alexandros Stamatakis.
Contributors: Diego Darriba, Tomas Flouri, Benoit Morel, Sarah Lutteropp, Ben Bettisworth.
Latest version: https://github.com/amkozlov/raxml-ng
Questions/problems/suggestions? Please visit: https://groups.google.com/forum/#!forum/raxml

System: AMD Ryzen 7 5800X 8-Core Processor, 8 cores, 31 GB RAM

RAxML-NG was called at 27-Jun-2023 13:51:55 as follows:

/home/fili/Documents/KIT/2023/BA/resources/tools/RAxML-NG/raxml-ng --msa /home/fili/Documents/KIT/2023/BA/code/output/families/ssim_NE_s20_f100_sites200_GTR_bl1.0_d0.0_l0.0_t0.0_gc0.0_p0.0_pop10_ms0.0_mf0.0_seed14976684177860080345/families/family_054/alignment.msa --model F81 --prefix /home/fili/Documents/KIT/2023/BA/code/output/families/ssim_NE_s20_f100_sites200_GTR_bl1.0_d0.0_l0.0_t0.0_gc0.0_p0.0_pop10_ms0.0_mf0.0_seed14976684177860080345/families/family_054/misc/raxml_output.F81

Analysis options:
  run mode: ML tree search
  start tree(s): random (10) + parsimony (10)
  random seed: 1687866715
  tip-inner: OFF
  pattern compression: ON
  per-rate scalers: OFF
  site repeats: ON
  fast spr radius: AUTO
  spr subtree cutoff: 1.000000
  branch lengths: proportional (ML estimate, algorithm: NR-FAST)
  SIMD kernels: AVX2
  parallelization: coarse-grained (auto), PTHREADS (auto)

[00:00:00] Reading alignment from file: /home/fili/Documents/KIT/2023/BA/code/output/families/ssim_NE_s20_f100_sites200_GTR_bl1.0_d0.0_l0.0_t0.0_gc0.0_p0.0_pop10_ms0.0_mf0.0_seed14976684177860080345/families/family_054/alignment.msa
[00:00:00] Loaded alignment with 20 taxa and 195 sites

WARNING: Sequences 2_0_0 and 14_0_0 are exactly identical!
WARNING: Sequences 17_0_0 and 19_0_0 are exactly identical!
WARNING: Duplicate sequences found: 2

NOTE: Reduced alignment (with duplicates and gap-only sites/taxa removed) 
NOTE: was saved to: /home/fili/Documents/KIT/2023/BA/code/output/families/ssim_NE_s20_f100_sites200_GTR_bl1.0_d0.0_l0.0_t0.0_gc0.0_p0.0_pop10_ms0.0_mf0.0_seed14976684177860080345/families/family_054/misc/raxml_output.F81.raxml.reduced.phy

Alignment comprises 1 partitions and 101 patterns

Partition 0: noname
Model: F81+FO
Alignment sites / patterns: 195 / 101
Gaps: 0.00 %
Invariant sites: 26.15 %


NOTE: Binary MSA file created: /home/fili/Documents/KIT/2023/BA/code/output/families/ssim_NE_s20_f100_sites200_GTR_bl1.0_d0.0_l0.0_t0.0_gc0.0_p0.0_pop10_ms0.0_mf0.0_seed14976684177860080345/families/family_054/misc/raxml_output.F81.raxml.rba

Parallelization scheme autoconfig: 8 worker(s) x 1 thread(s)

Parallel reduction/worker buffer size: 1 KB  / 0 KB

[00:00:00] Generating 10 random starting tree(s) with 20 taxa
[00:00:00] Generating 10 parsimony starting tree(s) with 20 taxa
[00:00:00] Data distribution: max. partitions/sites/weight per thread: 1 / 101 / 404
[00:00:00] Data distribution: max. searches per worker: 3

Starting ML tree search with 20 distinct starting trees

[00:00:00 -3428.378028] Initial branch length optimization
[00:00:00 -2527.131953] Model parameter optimization (eps = 10.000000)
[00:00:00 -2523.064757] AUTODETECT spr round 1 (radius: 5)
[00:00:00 -1339.945466] AUTODETECT spr round 2 (radius: 10)
[00:00:00 -1329.768932] AUTODETECT spr round 3 (radius: 15)
[00:00:00 -1329.768879] SPR radius for FAST iterations: 10 (autodetect)
[00:00:00 -1329.768879] Model parameter optimization (eps = 3.000000)
[00:00:00 -1327.747349] FAST spr round 1 (radius: 10)
[00:00:00 -1312.377670] FAST spr round 2 (radius: 10)
[00:00:00 -1310.527789] FAST spr round 3 (radius: 10)
[00:00:00 -1310.527616] Model parameter optimization (eps = 1.000000)
[00:00:00 -1310.504295] SLOW spr round 1 (radius: 5)
[00:00:00 -1310.361770] SLOW spr round 2 (radius: 5)
[00:00:00] [worker #3] ML tree search #4, logLikelihood: -1310.361320
[00:00:00] [worker #7] ML tree search #8, logLikelihood: -1310.361320
[00:00:00] [worker #4] ML tree search #5, logLikelihood: -1310.361320
[00:00:00] [worker #1] ML tree search #2, logLikelihood: -1310.361320
[00:00:00] [worker #2] ML tree search #3, logLikelihood: -1310.361320
[00:00:00] [worker #6] ML tree search #7, logLikelihood: -1310.361321
[00:00:00 -1310.361358] SLOW spr round 3 (radius: 10)
[00:00:00 -1310.361344] SLOW spr round 4 (radius: 15)
[00:00:00 -1310.361344] SLOW spr round 5 (radius: 20)
[00:00:00 -1310.361344] Model parameter optimization (eps = 0.100000)

[00:00:00] [worker #0] ML tree search #1, logLikelihood: -1310.361320

[00:00:00 -3734.643776] Initial branch length optimization
[00:00:00 -3096.754397] Model parameter optimization (eps = 10.000000)
[00:00:00 -3087.177645] AUTODETECT spr round 1 (radius: 5)
[00:00:00] [worker #5] ML tree search #6, logLikelihood: -1310.361320
[00:00:00 -1332.270371] AUTODETECT spr round 2 (radius: 10)
[00:00:00 -1331.209815] AUTODETECT spr round 3 (radius: 15)
[00:00:00 -1331.197060] SPR radius for FAST iterations: 10 (autodetect)
[00:00:00 -1331.197060] Model parameter optimization (eps = 3.000000)
[00:00:00 -1329.002109] FAST spr round 1 (radius: 10)
[00:00:00] [worker #2] ML tree search #11, logLikelihood: -1310.361320
[00:00:00] [worker #3] ML tree search #12, logLikelihood: -1310.361322
[00:00:00 -1313.074849] FAST spr round 2 (radius: 10)
[00:00:00] [worker #7] ML tree search #16, logLikelihood: -1310.361320
[00:00:00] [worker #4] ML tree search #13, logLikelihood: -1310.361320
[00:00:00] [worker #6] ML tree search #15, logLikelihood: -1310.361320
[00:00:00 -1311.996410] FAST spr round 3 (radius: 10)
[00:00:00] [worker #1] ML tree search #10, logLikelihood: -1310.361320
[00:00:00 -1310.559887] FAST spr round 4 (radius: 10)
[00:00:00 -1310.558356] Model parameter optimization (eps = 1.000000)
[00:00:00 -1310.501760] SLOW spr round 1 (radius: 5)
[00:00:00 -1310.362215] SLOW spr round 2 (radius: 5)
[00:00:00 -1310.361403] SLOW spr round 3 (radius: 10)
[00:00:00] [worker #5] ML tree search #14, logLikelihood: -1310.361320
[00:00:00] [worker #2] ML tree search #19, logLikelihood: -1310.361430
[00:00:00] [worker #3] ML tree search #20, logLikelihood: -1310.361320
[00:00:00 -1310.361392] SLOW spr round 4 (radius: 15)
[00:00:00 -1310.361392] SLOW spr round 5 (radius: 20)
[00:00:00 -1310.361392] Model parameter optimization (eps = 0.100000)

[00:00:00] [worker #0] ML tree search #9, logLikelihood: -1310.361320

[00:00:00 -1798.001945] Initial branch length optimization
[00:00:00 -1320.610796] Model parameter optimization (eps = 10.000000)
[00:00:00] [worker #1] ML tree search #18, logLikelihood: -1310.361320
[00:00:00 -1312.627298] AUTODETECT spr round 1 (radius: 5)
[00:00:00 -1311.199955] AUTODETECT spr round 2 (radius: 10)
[00:00:00 -1311.183249] SPR radius for FAST iterations: 5 (autodetect)
[00:00:00 -1311.183249] Model parameter optimization (eps = 3.000000)
[00:00:00 -1311.177516] FAST spr round 1 (radius: 5)
[00:00:00 -1310.932842] FAST spr round 2 (radius: 5)
[00:00:00 -1310.495598] FAST spr round 3 (radius: 5)
[00:00:00 -1310.495509] Model parameter optimization (eps = 1.000000)
[00:00:00 -1310.361397] SLOW spr round 1 (radius: 5)
[00:00:00 -1310.361332] SLOW spr round 2 (radius: 10)
[00:00:00 -1310.361330] SLOW spr round 3 (radius: 15)
[00:00:00 -1310.361330] SLOW spr round 4 (radius: 20)
[00:00:00 -1310.361330] Model parameter optimization (eps = 0.100000)

[00:00:00] [worker #0] ML tree search #17, logLikelihood: -1310.361320


Optimized model parameters:

   Partition 0: noname
   Rate heterogeneity: NONE
   Base frequencies (ML): 0.295632 0.193642 0.291302 0.219424 
   Substitution rates (model): 1.000000 1.000000 1.000000 1.000000 1.000000 1.000000 


Final LogLikelihood: -1310.361320

AIC score: 2700.722639 / AICc score: 2722.021340 / BIC score: 2831.642621
Free parameters (model + branch lengths): 40

WARNING: Best ML tree contains 2 near-zero branches!

Best ML tree with collapsed near-zero branches saved to: /home/fili/Documents/KIT/2023/BA/code/output/families/ssim_NE_s20_f100_sites200_GTR_bl1.0_d0.0_l0.0_t0.0_gc0.0_p0.0_pop10_ms0.0_mf0.0_seed14976684177860080345/families/family_054/misc/raxml_output.F81.raxml.bestTreeCollapsed
Best ML tree saved to: /home/fili/Documents/KIT/2023/BA/code/output/families/ssim_NE_s20_f100_sites200_GTR_bl1.0_d0.0_l0.0_t0.0_gc0.0_p0.0_pop10_ms0.0_mf0.0_seed14976684177860080345/families/family_054/misc/raxml_output.F81.raxml.bestTree
All ML trees saved to: /home/fili/Documents/KIT/2023/BA/code/output/families/ssim_NE_s20_f100_sites200_GTR_bl1.0_d0.0_l0.0_t0.0_gc0.0_p0.0_pop10_ms0.0_mf0.0_seed14976684177860080345/families/family_054/misc/raxml_output.F81.raxml.mlTrees
Optimized model saved to: /home/fili/Documents/KIT/2023/BA/code/output/families/ssim_NE_s20_f100_sites200_GTR_bl1.0_d0.0_l0.0_t0.0_gc0.0_p0.0_pop10_ms0.0_mf0.0_seed14976684177860080345/families/family_054/misc/raxml_output.F81.raxml.bestModel

Execution log saved to: /home/fili/Documents/KIT/2023/BA/code/output/families/ssim_NE_s20_f100_sites200_GTR_bl1.0_d0.0_l0.0_t0.0_gc0.0_p0.0_pop10_ms0.0_mf0.0_seed14976684177860080345/families/family_054/misc/raxml_output.F81.raxml.log

Analysis started: 27-Jun-2023 13:51:55 / finished: 27-Jun-2023 13:51:55

Elapsed time: 0.310 seconds

