
RAxML-NG v. 1.1.0 released on 29.11.2021 by The Exelixis Lab.
Developed by: Alexey M. Kozlov and Alexandros Stamatakis.
Contributors: Diego Darriba, Tomas Flouri, Benoit Morel, Sarah Lutteropp, Ben Bettisworth.
Latest version: https://github.com/amkozlov/raxml-ng
Questions/problems/suggestions? Please visit: https://groups.google.com/forum/#!forum/raxml

System: AMD Ryzen 7 5800X 8-Core Processor, 8 cores, 31 GB RAM

RAxML-NG was called at 21-Jun-2023 14:53:29 as follows:

/home/fili/Documents/KIT/2023/BA/resources/tools/RAxML-NG/raxml-ng --msa /home/fili/Documents/KIT/2023/BA/code/output/families/ssim_NE_s20_f100_sites200_GTR_bl1.0_d0.0_l0.0_t0.0_gc0.0_p0.0_pop10_ms0.0_mf0.0_seed19732311/families/family_031/alignment.msa --model F81 --prefix /home/fili/Documents/KIT/2023/BA/code/output/families/ssim_NE_s20_f100_sites200_GTR_bl1.0_d0.0_l0.0_t0.0_gc0.0_p0.0_pop10_ms0.0_mf0.0_seed19732311/families/family_031/misc/raxml_output.F81

Analysis options:
  run mode: ML tree search
  start tree(s): random (10) + parsimony (10)
  random seed: 1687352009
  tip-inner: OFF
  pattern compression: ON
  per-rate scalers: OFF
  site repeats: ON
  fast spr radius: AUTO
  spr subtree cutoff: 1.000000
  branch lengths: proportional (ML estimate, algorithm: NR-FAST)
  SIMD kernels: AVX2
  parallelization: coarse-grained (auto), PTHREADS (auto)

[00:00:00] Reading alignment from file: /home/fili/Documents/KIT/2023/BA/code/output/families/ssim_NE_s20_f100_sites200_GTR_bl1.0_d0.0_l0.0_t0.0_gc0.0_p0.0_pop10_ms0.0_mf0.0_seed19732311/families/family_031/alignment.msa
[00:00:00] Loaded alignment with 20 taxa and 159 sites

Alignment comprises 1 partitions and 103 patterns

Partition 0: noname
Model: F81+FO
Alignment sites / patterns: 159 / 103
Gaps: 0.00 %
Invariant sites: 29.56 %


NOTE: Binary MSA file created: /home/fili/Documents/KIT/2023/BA/code/output/families/ssim_NE_s20_f100_sites200_GTR_bl1.0_d0.0_l0.0_t0.0_gc0.0_p0.0_pop10_ms0.0_mf0.0_seed19732311/families/family_031/misc/raxml_output.F81.raxml.rba

Parallelization scheme autoconfig: 8 worker(s) x 1 thread(s)

Parallel reduction/worker buffer size: 1 KB  / 0 KB

[00:00:00] Generating 10 random starting tree(s) with 20 taxa
[00:00:00] Generating 10 parsimony starting tree(s) with 20 taxa
[00:00:00] Data distribution: max. partitions/sites/weight per thread: 1 / 103 / 412
[00:00:00] Data distribution: max. searches per worker: 3

Starting ML tree search with 20 distinct starting trees

[00:00:00 -2718.466302] Initial branch length optimization
[00:00:00 -2308.969624] Model parameter optimization (eps = 10.000000)
[00:00:00 -2244.787738] AUTODETECT spr round 1 (radius: 5)
[00:00:00 -1295.665760] AUTODETECT spr round 2 (radius: 10)
[00:00:00 -1295.665564] SPR radius for FAST iterations: 5 (autodetect)
[00:00:00 -1295.665564] Model parameter optimization (eps = 3.000000)
[00:00:00 -1295.376796] FAST spr round 1 (radius: 5)
[00:00:00 -1261.220583] FAST spr round 2 (radius: 5)
[00:00:00 -1259.317258] FAST spr round 3 (radius: 5)
[00:00:00 -1258.120279] FAST spr round 4 (radius: 5)
[00:00:00 -1257.224100] FAST spr round 5 (radius: 5)
[00:00:00 -1256.633785] FAST spr round 6 (radius: 5)
[00:00:00 -1256.632925] Model parameter optimization (eps = 1.000000)
[00:00:00 -1256.281616] SLOW spr round 1 (radius: 5)
[00:00:00] [worker #5] ML tree search #6, logLikelihood: -1256.280643
[00:00:00] [worker #2] ML tree search #3, logLikelihood: -1256.280642
[00:00:00 -1256.280867] SLOW spr round 2 (radius: 10)
[00:00:00] [worker #3] ML tree search #4, logLikelihood: -1256.280642
[00:00:00] [worker #1] ML tree search #2, logLikelihood: -1256.280642
[00:00:00] [worker #7] ML tree search #8, logLikelihood: -1256.280643
[00:00:00] [worker #4] ML tree search #5, logLikelihood: -1256.280641
[00:00:00] [worker #6] ML tree search #7, logLikelihood: -1256.280643
[00:00:00 -1256.280856] SLOW spr round 3 (radius: 15)
[00:00:00 -1256.280855] SLOW spr round 4 (radius: 20)
[00:00:00 -1256.280855] Model parameter optimization (eps = 0.100000)

[00:00:00] [worker #0] ML tree search #1, logLikelihood: -1256.280643

[00:00:00 -2595.524895] Initial branch length optimization
[00:00:00 -2171.465541] Model parameter optimization (eps = 10.000000)
[00:00:00 -2116.443644] AUTODETECT spr round 1 (radius: 5)
[00:00:00 -1294.504029] AUTODETECT spr round 2 (radius: 10)
[00:00:00 -1294.503699] SPR radius for FAST iterations: 5 (autodetect)
[00:00:00 -1294.503699] Model parameter optimization (eps = 3.000000)
[00:00:00 -1293.664501] FAST spr round 1 (radius: 5)
[00:00:00 -1257.455243] FAST spr round 2 (radius: 5)
[00:00:00 -1257.139155] FAST spr round 3 (radius: 5)
[00:00:00] [worker #2] ML tree search #11, logLikelihood: -1256.280642
[00:00:00] [worker #5] ML tree search #14, logLikelihood: -1256.280642
[00:00:00 -1257.138908] Model parameter optimization (eps = 1.000000)
[00:00:00 -1256.283329] SLOW spr round 1 (radius: 5)
[00:00:00] [worker #7] ML tree search #16, logLikelihood: -1256.280642
[00:00:00] [worker #6] ML tree search #15, logLikelihood: -1256.280642
[00:00:00] [worker #4] ML tree search #13, logLikelihood: -1256.280641
[00:00:00 -1256.281189] SLOW spr round 2 (radius: 10)
[00:00:00] [worker #3] ML tree search #12, logLikelihood: -1256.280654
[00:00:00] [worker #1] ML tree search #10, logLikelihood: -1256.280642
[00:00:00 -1256.281147] SLOW spr round 3 (radius: 15)
[00:00:00 -1256.281145] SLOW spr round 4 (radius: 20)
[00:00:00 -1256.281145] Model parameter optimization (eps = 0.100000)

[00:00:00] [worker #0] ML tree search #9, logLikelihood: -1256.280644

[00:00:00 -1553.277039] Initial branch length optimization
[00:00:00 -1297.852437] Model parameter optimization (eps = 10.000000)
[00:00:00 -1266.930968] AUTODETECT spr round 1 (radius: 5)
[00:00:00 -1256.530863] AUTODETECT spr round 2 (radius: 10)
[00:00:00 -1256.529761] SPR radius for FAST iterations: 5 (autodetect)
[00:00:00 -1256.529761] Model parameter optimization (eps = 3.000000)
[00:00:00 -1256.514646] FAST spr round 1 (radius: 5)
[00:00:00 -1256.282432] FAST spr round 2 (radius: 5)
[00:00:00 -1256.282400] Model parameter optimization (eps = 1.000000)
[00:00:00 -1256.280648] SLOW spr round 1 (radius: 5)
[00:00:00] [worker #2] ML tree search #19, logLikelihood: -1256.280641
[00:00:00 -1256.280642] SLOW spr round 2 (radius: 10)
[00:00:00] [worker #3] ML tree search #20, logLikelihood: -1256.280641
[00:00:00] [worker #1] ML tree search #18, logLikelihood: -1256.280642
[00:00:00 -1256.280642] SLOW spr round 3 (radius: 15)
[00:00:00 -1256.280642] SLOW spr round 4 (radius: 20)
[00:00:00 -1256.280642] Model parameter optimization (eps = 0.100000)

[00:00:00] [worker #0] ML tree search #17, logLikelihood: -1256.280641


Optimized model parameters:

   Partition 0: noname
   Rate heterogeneity: NONE
   Base frequencies (ML): 0.345570 0.131663 0.339505 0.183263 
   Substitution rates (model): 1.000000 1.000000 1.000000 1.000000 1.000000 1.000000 


Final LogLikelihood: -1256.280641

AIC score: 2592.561283 / AICc score: 2620.357893 / BIC score: 2715.317451
Free parameters (model + branch lengths): 40

WARNING: Best ML tree contains 1 near-zero branches!

Best ML tree with collapsed near-zero branches saved to: /home/fili/Documents/KIT/2023/BA/code/output/families/ssim_NE_s20_f100_sites200_GTR_bl1.0_d0.0_l0.0_t0.0_gc0.0_p0.0_pop10_ms0.0_mf0.0_seed19732311/families/family_031/misc/raxml_output.F81.raxml.bestTreeCollapsed
Best ML tree saved to: /home/fili/Documents/KIT/2023/BA/code/output/families/ssim_NE_s20_f100_sites200_GTR_bl1.0_d0.0_l0.0_t0.0_gc0.0_p0.0_pop10_ms0.0_mf0.0_seed19732311/families/family_031/misc/raxml_output.F81.raxml.bestTree
All ML trees saved to: /home/fili/Documents/KIT/2023/BA/code/output/families/ssim_NE_s20_f100_sites200_GTR_bl1.0_d0.0_l0.0_t0.0_gc0.0_p0.0_pop10_ms0.0_mf0.0_seed19732311/families/family_031/misc/raxml_output.F81.raxml.mlTrees
Optimized model saved to: /home/fili/Documents/KIT/2023/BA/code/output/families/ssim_NE_s20_f100_sites200_GTR_bl1.0_d0.0_l0.0_t0.0_gc0.0_p0.0_pop10_ms0.0_mf0.0_seed19732311/families/family_031/misc/raxml_output.F81.raxml.bestModel

Execution log saved to: /home/fili/Documents/KIT/2023/BA/code/output/families/ssim_NE_s20_f100_sites200_GTR_bl1.0_d0.0_l0.0_t0.0_gc0.0_p0.0_pop10_ms0.0_mf0.0_seed19732311/families/family_031/misc/raxml_output.F81.raxml.log

Analysis started: 21-Jun-2023 14:53:29 / finished: 21-Jun-2023 14:53:30

Elapsed time: 0.243 seconds

