
RAxML-NG v. 1.1.0 released on 29.11.2021 by The Exelixis Lab.
Developed by: Alexey M. Kozlov and Alexandros Stamatakis.
Contributors: Diego Darriba, Tomas Flouri, Benoit Morel, Sarah Lutteropp, Ben Bettisworth.
Latest version: https://github.com/amkozlov/raxml-ng
Questions/problems/suggestions? Please visit: https://groups.google.com/forum/#!forum/raxml

System: AMD Ryzen 7 5800X 8-Core Processor, 8 cores, 31 GB RAM

RAxML-NG was called at 27-Jun-2023 12:59:32 as follows:

/home/fili/Documents/KIT/2023/BA/resources/tools/RAxML-NG/raxml-ng --msa /home/fili/Documents/KIT/2023/BA/code/output/families/ssim_DL_s20_f100_sites200_GTR_bl1.0_d1.0_l1.0_t0.0_gc0.0_p0.0_pop10_ms0.0_mf0.0_seed42/families/family_035/alignment.msa --model F81 --prefix /home/fili/Documents/KIT/2023/BA/code/output/families/ssim_DL_s20_f100_sites200_GTR_bl1.0_d1.0_l1.0_t0.0_gc0.0_p0.0_pop10_ms0.0_mf0.0_seed42/families/family_035/misc/raxml_output.F81

Analysis options:
  run mode: ML tree search
  start tree(s): random (10) + parsimony (10)
  random seed: 1687863572
  tip-inner: OFF
  pattern compression: ON
  per-rate scalers: OFF
  site repeats: ON
  fast spr radius: AUTO
  spr subtree cutoff: 1.000000
  branch lengths: proportional (ML estimate, algorithm: NR-FAST)
  SIMD kernels: AVX2
  parallelization: coarse-grained (auto), PTHREADS (auto)

[00:00:00] Reading alignment from file: /home/fili/Documents/KIT/2023/BA/code/output/families/ssim_DL_s20_f100_sites200_GTR_bl1.0_d1.0_l1.0_t0.0_gc0.0_p0.0_pop10_ms0.0_mf0.0_seed42/families/family_035/alignment.msa
[00:00:00] Loaded alignment with 21 taxa and 147 sites

WARNING: Sequences 9_0_0 and 13_0_0 are exactly identical!
WARNING: Sequences 10_0_0 and 4_0_0 are exactly identical!
WARNING: Sequences 10_0_0 and 12_0_0 are exactly identical!
WARNING: Sequences 11_0_0 and 17_0_0 are exactly identical!
WARNING: Duplicate sequences found: 4

NOTE: Reduced alignment (with duplicates and gap-only sites/taxa removed) 
NOTE: was saved to: /home/fili/Documents/KIT/2023/BA/code/output/families/ssim_DL_s20_f100_sites200_GTR_bl1.0_d1.0_l1.0_t0.0_gc0.0_p0.0_pop10_ms0.0_mf0.0_seed42/families/family_035/misc/raxml_output.F81.raxml.reduced.phy

Alignment comprises 1 partitions and 94 patterns

Partition 0: noname
Model: F81+FO
Alignment sites / patterns: 147 / 94
Gaps: 0.00 %
Invariant sites: 36.05 %


NOTE: Binary MSA file created: /home/fili/Documents/KIT/2023/BA/code/output/families/ssim_DL_s20_f100_sites200_GTR_bl1.0_d1.0_l1.0_t0.0_gc0.0_p0.0_pop10_ms0.0_mf0.0_seed42/families/family_035/misc/raxml_output.F81.raxml.rba

Parallelization scheme autoconfig: 8 worker(s) x 1 thread(s)

Parallel reduction/worker buffer size: 1 KB  / 0 KB

[00:00:00] Generating 10 random starting tree(s) with 21 taxa
[00:00:00] Generating 10 parsimony starting tree(s) with 21 taxa
[00:00:00] Data distribution: max. partitions/sites/weight per thread: 1 / 94 / 376
[00:00:00] Data distribution: max. searches per worker: 3

Starting ML tree search with 20 distinct starting trees

[00:00:00 -2083.811330] Initial branch length optimization
[00:00:00 -1883.220567] Model parameter optimization (eps = 10.000000)
[00:00:00 -1857.689256] AUTODETECT spr round 1 (radius: 5)
[00:00:00 -1186.100916] AUTODETECT spr round 2 (radius: 10)
[00:00:00 -1186.100326] SPR radius for FAST iterations: 5 (autodetect)
[00:00:00 -1186.100326] Model parameter optimization (eps = 3.000000)
[00:00:00 -1184.967868] FAST spr round 1 (radius: 5)
[00:00:00 -1167.470965] FAST spr round 2 (radius: 5)
[00:00:00 -1167.404191] Model parameter optimization (eps = 1.000000)
[00:00:00 -1167.382223] SLOW spr round 1 (radius: 5)
[00:00:00 -1167.378597] SLOW spr round 2 (radius: 10)
[00:00:00 -1167.377276] SLOW spr round 3 (radius: 15)
[00:00:00 -1167.376632] SLOW spr round 4 (radius: 20)
[00:00:00 -1167.376321] Model parameter optimization (eps = 0.100000)

[00:00:00] [worker #0] ML tree search #1, logLikelihood: -1167.375898

[00:00:00 -2151.865362] Initial branch length optimization
[00:00:00 -1987.638414] Model parameter optimization (eps = 10.000000)
[00:00:00] [worker #5] ML tree search #6, logLikelihood: -1166.070834
[00:00:00] [worker #7] ML tree search #8, logLikelihood: -1166.070762
[00:00:00] [worker #3] ML tree search #4, logLikelihood: -1166.070796
[00:00:00 -1962.229334] AUTODETECT spr round 1 (radius: 5)
[00:00:00] [worker #4] ML tree search #5, logLikelihood: -1166.071096
[00:00:00] [worker #1] ML tree search #2, logLikelihood: -1166.071302
[00:00:00 -1195.595900] AUTODETECT spr round 2 (radius: 10)
[00:00:00] [worker #2] ML tree search #3, logLikelihood: -1166.070702
[00:00:00 -1195.595832] SPR radius for FAST iterations: 5 (autodetect)
[00:00:00 -1195.595832] Model parameter optimization (eps = 3.000000)
[00:00:00 -1193.748880] FAST spr round 1 (radius: 5)
[00:00:00 -1166.776065] FAST spr round 2 (radius: 5)
[00:00:00] [worker #6] ML tree search #7, logLikelihood: -1166.070932
[00:00:00 -1166.316742] FAST spr round 3 (radius: 5)
[00:00:00 -1166.201959] FAST spr round 4 (radius: 5)
[00:00:00 -1166.197520] Model parameter optimization (eps = 1.000000)
[00:00:00 -1166.072151] SLOW spr round 1 (radius: 5)
[00:00:00] [worker #5] ML tree search #14, logLikelihood: -1166.070796
[00:00:00 -1166.071320] SLOW spr round 2 (radius: 10)
[00:00:00] [worker #2] ML tree search #11, logLikelihood: -1166.070780
[00:00:00] [worker #3] ML tree search #12, logLikelihood: -1166.070767
[00:00:00] [worker #7] ML tree search #16, logLikelihood: -1166.070910
[00:00:00 -1166.071062] SLOW spr round 3 (radius: 15)
[00:00:00 -1166.070939] SLOW spr round 4 (radius: 20)
[00:00:00 -1166.070880] Model parameter optimization (eps = 0.100000)

[00:00:00] [worker #0] ML tree search #9, logLikelihood: -1166.070743

[00:00:00 -1478.629305] Initial branch length optimization
[00:00:00 -1200.527295] Model parameter optimization (eps = 10.000000)
[00:00:00 -1188.429828] AUTODETECT spr round 1 (radius: 5)
[00:00:00] [worker #1] ML tree search #10, logLikelihood: -1166.070791
[00:00:00] [worker #4] ML tree search #13, logLikelihood: -1166.070770
[00:00:00 -1166.344208] AUTODETECT spr round 2 (radius: 10)
[00:00:00 -1166.342805] SPR radius for FAST iterations: 5 (autodetect)
[00:00:00 -1166.342805] Model parameter optimization (eps = 3.000000)
[00:00:00 -1166.291959] FAST spr round 1 (radius: 5)
[00:00:00] [worker #6] ML tree search #15, logLikelihood: -1166.070722
[00:00:00 -1166.291847] Model parameter optimization (eps = 1.000000)
[00:00:00 -1166.291807] SLOW spr round 1 (radius: 5)
[00:00:00 -1166.120048] SLOW spr round 2 (radius: 5)
[00:00:00] [worker #2] ML tree search #19, logLikelihood: -1166.070702
[00:00:00 -1166.117478] SLOW spr round 3 (radius: 10)
[00:00:00 -1166.116420] SLOW spr round 4 (radius: 15)
[00:00:00 -1166.115906] SLOW spr round 5 (radius: 20)
[00:00:00 -1166.115655] Model parameter optimization (eps = 0.100000)

[00:00:00] [worker #0] ML tree search #17, logLikelihood: -1166.070858

[00:00:00] [worker #3] ML tree search #20, logLikelihood: -1166.071275
[00:00:00] [worker #1] ML tree search #18, logLikelihood: -1166.070841

Optimized model parameters:

   Partition 0: noname
   Rate heterogeneity: NONE
   Base frequencies (ML): 0.319709 0.150873 0.305634 0.223784 
   Substitution rates (model): 1.000000 1.000000 1.000000 1.000000 1.000000 1.000000 


Final LogLikelihood: -1166.070702

AIC score: 2416.141404 / AICc score: 2450.872173 / BIC score: 2541.739572
Free parameters (model + branch lengths): 42

WARNING: Best ML tree contains 2 near-zero branches!

Best ML tree with collapsed near-zero branches saved to: /home/fili/Documents/KIT/2023/BA/code/output/families/ssim_DL_s20_f100_sites200_GTR_bl1.0_d1.0_l1.0_t0.0_gc0.0_p0.0_pop10_ms0.0_mf0.0_seed42/families/family_035/misc/raxml_output.F81.raxml.bestTreeCollapsed
Best ML tree saved to: /home/fili/Documents/KIT/2023/BA/code/output/families/ssim_DL_s20_f100_sites200_GTR_bl1.0_d1.0_l1.0_t0.0_gc0.0_p0.0_pop10_ms0.0_mf0.0_seed42/families/family_035/misc/raxml_output.F81.raxml.bestTree
All ML trees saved to: /home/fili/Documents/KIT/2023/BA/code/output/families/ssim_DL_s20_f100_sites200_GTR_bl1.0_d1.0_l1.0_t0.0_gc0.0_p0.0_pop10_ms0.0_mf0.0_seed42/families/family_035/misc/raxml_output.F81.raxml.mlTrees
Optimized model saved to: /home/fili/Documents/KIT/2023/BA/code/output/families/ssim_DL_s20_f100_sites200_GTR_bl1.0_d1.0_l1.0_t0.0_gc0.0_p0.0_pop10_ms0.0_mf0.0_seed42/families/family_035/misc/raxml_output.F81.raxml.bestModel

Execution log saved to: /home/fili/Documents/KIT/2023/BA/code/output/families/ssim_DL_s20_f100_sites200_GTR_bl1.0_d1.0_l1.0_t0.0_gc0.0_p0.0_pop10_ms0.0_mf0.0_seed42/families/family_035/misc/raxml_output.F81.raxml.log

Analysis started: 27-Jun-2023 12:59:32 / finished: 27-Jun-2023 12:59:32

Elapsed time: 0.213 seconds

