
RAxML-NG v. 1.1.0 released on 29.11.2021 by The Exelixis Lab.
Developed by: Alexey M. Kozlov and Alexandros Stamatakis.
Contributors: Diego Darriba, Tomas Flouri, Benoit Morel, Sarah Lutteropp, Ben Bettisworth.
Latest version: https://github.com/amkozlov/raxml-ng
Questions/problems/suggestions? Please visit: https://groups.google.com/forum/#!forum/raxml

System: AMD Ryzen 7 5800X 8-Core Processor, 8 cores, 31 GB RAM

RAxML-NG was called at 12-May-2023 21:00:47 as follows:

/home/fili/Documents/KIT/2023/BA/resources/tools/RAxML-NG/raxml-ng --msa /home/fili/Documents/KIT/2023/BA/code/output/families/ssim_dtl_s20_f100_sites200_GTR_bl1.0_d0.0_l0.0_t1.0_gc0.0_p0.0_pop10_ms0.0_mf0.0_seed42/families/family_023/alignment.msa --model GTR+G --prefix /home/fili/Documents/KIT/2023/BA/code/output/families/ssim_dtl_s20_f100_sites200_GTR_bl1.0_d0.0_l0.0_t1.0_gc0.0_p0.0_pop10_ms0.0_mf0.0_seed42/families/family_023/misc/raxml_output.GTR+G

Analysis options:
  run mode: ML tree search
  start tree(s): random (10) + parsimony (10)
  random seed: 1683918047
  tip-inner: OFF
  pattern compression: ON
  per-rate scalers: OFF
  site repeats: ON
  fast spr radius: AUTO
  spr subtree cutoff: 1.000000
  branch lengths: proportional (ML estimate, algorithm: NR-FAST)
  SIMD kernels: AVX2
  parallelization: coarse-grained (auto), PTHREADS (auto)

[00:00:00] Reading alignment from file: /home/fili/Documents/KIT/2023/BA/code/output/families/ssim_dtl_s20_f100_sites200_GTR_bl1.0_d0.0_l0.0_t1.0_gc0.0_p0.0_pop10_ms0.0_mf0.0_seed42/families/family_023/alignment.msa
[00:00:00] Loaded alignment with 20 taxa and 176 sites

WARNING: Sequences 13_0_0 and 9_0_0 are exactly identical!
WARNING: Sequences 7_0_0 and 14_0_0 are exactly identical!
WARNING: Sequences 11_0_0 and 17_0_0 are exactly identical!
WARNING: Sequences 4_0_0 and 15_0_0 are exactly identical!
WARNING: Sequences 4_0_0 and 8_0_0 are exactly identical!
WARNING: Duplicate sequences found: 5

NOTE: Reduced alignment (with duplicates and gap-only sites/taxa removed) 
NOTE: was saved to: /home/fili/Documents/KIT/2023/BA/code/output/families/ssim_dtl_s20_f100_sites200_GTR_bl1.0_d0.0_l0.0_t1.0_gc0.0_p0.0_pop10_ms0.0_mf0.0_seed42/families/family_023/misc/raxml_output.GTR+G.raxml.reduced.phy

Alignment comprises 1 partitions and 12 patterns

Partition 0: noname
Model: GTR+FO+G4m
Alignment sites / patterns: 176 / 12
Gaps: 0.00 %
Invariant sites: 95.45 %


NOTE: Binary MSA file created: /home/fili/Documents/KIT/2023/BA/code/output/families/ssim_dtl_s20_f100_sites200_GTR_bl1.0_d0.0_l0.0_t1.0_gc0.0_p0.0_pop10_ms0.0_mf0.0_seed42/families/family_023/misc/raxml_output.GTR+G.raxml.rba

Parallelization scheme autoconfig: 8 worker(s) x 1 thread(s)

Parallel reduction/worker buffer size: 1 KB  / 0 KB

[00:00:00] Generating 10 random starting tree(s) with 20 taxa
[00:00:00] Generating 10 parsimony starting tree(s) with 20 taxa
[00:00:00] Data distribution: max. partitions/sites/weight per thread: 1 / 12 / 192
[00:00:00] Data distribution: max. searches per worker: 3

Starting ML tree search with 20 distinct starting trees

[00:00:00 -729.617375] Initial branch length optimization
[00:00:00 -589.107769] Model parameter optimization (eps = 10.000000)
[00:00:00 -441.234611] AUTODETECT spr round 1 (radius: 5)
[00:00:00 -372.685726] AUTODETECT spr round 2 (radius: 10)
[00:00:00 -372.684340] SPR radius for FAST iterations: 5 (autodetect)
[00:00:00 -372.684340] Model parameter optimization (eps = 3.000000)
[00:00:00 -365.003046] FAST spr round 1 (radius: 5)
[00:00:00 -364.497690] FAST spr round 2 (radius: 5)
[00:00:00 -364.413911] Model parameter optimization (eps = 1.000000)
[00:00:00 -363.414145] SLOW spr round 1 (radius: 5)
[00:00:00 -363.410586] SLOW spr round 2 (radius: 10)
[00:00:00 -363.105203] SLOW spr round 3 (radius: 5)
[00:00:00] [worker #7] ML tree search #8, logLikelihood: -363.794143
[00:00:00 -363.104856] SLOW spr round 4 (radius: 10)
[00:00:00] [worker #2] ML tree search #3, logLikelihood: -360.235426
[00:00:00 -363.104025] SLOW spr round 5 (radius: 15)
[00:00:00] [worker #4] ML tree search #5, logLikelihood: -363.801036
[00:00:00 -363.103886] SLOW spr round 6 (radius: 20)
[00:00:00 -363.103792] Model parameter optimization (eps = 0.100000)

[00:00:00] [worker #0] ML tree search #1, logLikelihood: -362.026511

[00:00:00 -729.824597] Initial branch length optimization
[00:00:00 -587.368330] Model parameter optimization (eps = 10.000000)
[00:00:00] [worker #5] ML tree search #6, logLikelihood: -360.249689
[00:00:00] [worker #3] ML tree search #4, logLikelihood: -363.771116
[00:00:00] [worker #6] ML tree search #7, logLikelihood: -360.290486
[00:00:00 -443.275222] AUTODETECT spr round 1 (radius: 5)
[00:00:00 -378.188367] AUTODETECT spr round 2 (radius: 10)
[00:00:00 -378.184754] SPR radius for FAST iterations: 5 (autodetect)
[00:00:00 -378.184754] Model parameter optimization (eps = 3.000000)
[00:00:00 -366.929116] FAST spr round 1 (radius: 5)
[00:00:00 -363.607541] FAST spr round 2 (radius: 5)
[00:00:00] [worker #1] ML tree search #2, logLikelihood: -363.348266
[00:00:00 -363.607500] Model parameter optimization (eps = 1.000000)
[00:00:00] [worker #7] ML tree search #16, logLikelihood: -362.656703
[00:00:00 -363.350126] SLOW spr round 1 (radius: 5)
[00:00:00] [worker #4] ML tree search #13, logLikelihood: -364.457989
[00:00:00 -362.342399] SLOW spr round 2 (radius: 5)
[00:00:00] [worker #2] ML tree search #11, logLikelihood: -360.484279
[00:00:00] [worker #3] ML tree search #12, logLikelihood: -363.436679
[00:00:00 -362.216603] SLOW spr round 3 (radius: 5)
[00:00:00] [worker #5] ML tree search #14, logLikelihood: -363.199108
[00:00:00 -362.216118] SLOW spr round 4 (radius: 10)
[00:00:00 -362.215910] SLOW spr round 5 (radius: 15)
[00:00:00 -362.215909] SLOW spr round 6 (radius: 20)
[00:00:00 -362.215908] Model parameter optimization (eps = 0.100000)

[00:00:00] [worker #0] ML tree search #9, logLikelihood: -360.578418

[00:00:00 -626.495146] Initial branch length optimization
[00:00:00 -403.657514] Model parameter optimization (eps = 10.000000)
[00:00:00 -371.001626] AUTODETECT spr round 1 (radius: 5)
[00:00:00 -365.896129] AUTODETECT spr round 2 (radius: 10)
[00:00:00] [worker #6] ML tree search #15, logLikelihood: -362.570148
[00:00:00 -365.896024] SPR radius for FAST iterations: 5 (autodetect)
[00:00:00 -365.896024] Model parameter optimization (eps = 3.000000)
[00:00:00 -364.506421] FAST spr round 1 (radius: 5)
[00:00:00 -364.426812] Model parameter optimization (eps = 1.000000)
[00:00:00 -363.747778] SLOW spr round 1 (radius: 5)
[00:00:00] [worker #2] ML tree search #19, logLikelihood: -364.492361
[00:00:00] [worker #3] ML tree search #20, logLikelihood: -362.860504
[00:00:00 -362.524067] SLOW spr round 2 (radius: 5)
[00:00:00 -362.520507] SLOW spr round 3 (radius: 10)
[00:00:00 -362.520360] SLOW spr round 4 (radius: 15)
[00:00:00 -362.520353] SLOW spr round 5 (radius: 20)
[00:00:00] [worker #1] ML tree search #10, logLikelihood: -363.827849
[00:00:00 -362.520352] Model parameter optimization (eps = 0.100000)

[00:00:00] [worker #0] ML tree search #17, logLikelihood: -362.388477

[00:00:00] [worker #1] ML tree search #18, logLikelihood: -361.456911

Optimized model parameters:

   Partition 0: noname
   Rate heterogeneity: GAMMA (4 cats, mean),  alpha: 0.020133 (ML),  weights&rates: (0.250000,0.000000) (0.250000,0.000000) (0.250000,0.000001) (0.250000,3.999999) 
   Base frequencies (ML): 0.274024 0.168083 0.259453 0.298440 
   Substitution rates (ML): 59.843729 762.890609 2.287649 0.001000 32.557471 1.000000 


Final LogLikelihood: -360.235426

AIC score: 812.470852 / AICc score: 845.990232 / BIC score: 958.313116
Free parameters (model + branch lengths): 46

WARNING: Best ML tree contains 7 near-zero branches!

Best ML tree with collapsed near-zero branches saved to: /home/fili/Documents/KIT/2023/BA/code/output/families/ssim_dtl_s20_f100_sites200_GTR_bl1.0_d0.0_l0.0_t1.0_gc0.0_p0.0_pop10_ms0.0_mf0.0_seed42/families/family_023/misc/raxml_output.GTR+G.raxml.bestTreeCollapsed
Best ML tree saved to: /home/fili/Documents/KIT/2023/BA/code/output/families/ssim_dtl_s20_f100_sites200_GTR_bl1.0_d0.0_l0.0_t1.0_gc0.0_p0.0_pop10_ms0.0_mf0.0_seed42/families/family_023/misc/raxml_output.GTR+G.raxml.bestTree
All ML trees saved to: /home/fili/Documents/KIT/2023/BA/code/output/families/ssim_dtl_s20_f100_sites200_GTR_bl1.0_d0.0_l0.0_t1.0_gc0.0_p0.0_pop10_ms0.0_mf0.0_seed42/families/family_023/misc/raxml_output.GTR+G.raxml.mlTrees
Optimized model saved to: /home/fili/Documents/KIT/2023/BA/code/output/families/ssim_dtl_s20_f100_sites200_GTR_bl1.0_d0.0_l0.0_t1.0_gc0.0_p0.0_pop10_ms0.0_mf0.0_seed42/families/family_023/misc/raxml_output.GTR+G.raxml.bestModel

Execution log saved to: /home/fili/Documents/KIT/2023/BA/code/output/families/ssim_dtl_s20_f100_sites200_GTR_bl1.0_d0.0_l0.0_t1.0_gc0.0_p0.0_pop10_ms0.0_mf0.0_seed42/families/family_023/misc/raxml_output.GTR+G.raxml.log

Analysis started: 12-May-2023 21:00:47 / finished: 12-May-2023 21:00:47

Elapsed time: 0.273 seconds

