
RAxML-NG v. 1.1.0 released on 29.11.2021 by The Exelixis Lab.
Developed by: Alexey M. Kozlov and Alexandros Stamatakis.
Contributors: Diego Darriba, Tomas Flouri, Benoit Morel, Sarah Lutteropp, Ben Bettisworth.
Latest version: https://github.com/amkozlov/raxml-ng
Questions/problems/suggestions? Please visit: https://groups.google.com/forum/#!forum/raxml

System: AMD Ryzen 7 5800X 8-Core Processor, 8 cores, 31 GB RAM

RAxML-NG was called at 27-Jun-2023 13:47:12 as follows:

/home/fili/Documents/KIT/2023/BA/resources/tools/RAxML-NG/raxml-ng --msa /home/fili/Documents/KIT/2023/BA/code/output/families/ssim_NE_s20_f100_sites200_GTR_bl1.0_d0.0_l0.0_t0.0_gc0.0_p0.0_pop10_ms0.0_mf0.0_seed121873/families/family_051/alignment.msa --model F81 --prefix /home/fili/Documents/KIT/2023/BA/code/output/families/ssim_NE_s20_f100_sites200_GTR_bl1.0_d0.0_l0.0_t0.0_gc0.0_p0.0_pop10_ms0.0_mf0.0_seed121873/families/family_051/misc/raxml_output.F81

Analysis options:
  run mode: ML tree search
  start tree(s): random (10) + parsimony (10)
  random seed: 1687866432
  tip-inner: OFF
  pattern compression: ON
  per-rate scalers: OFF
  site repeats: ON
  fast spr radius: AUTO
  spr subtree cutoff: 1.000000
  branch lengths: proportional (ML estimate, algorithm: NR-FAST)
  SIMD kernels: AVX2
  parallelization: coarse-grained (auto), PTHREADS (auto)

[00:00:00] Reading alignment from file: /home/fili/Documents/KIT/2023/BA/code/output/families/ssim_NE_s20_f100_sites200_GTR_bl1.0_d0.0_l0.0_t0.0_gc0.0_p0.0_pop10_ms0.0_mf0.0_seed121873/families/family_051/alignment.msa
[00:00:00] Loaded alignment with 20 taxa and 199 sites

WARNING: Sequences 13_0_0 and 19_0_0 are exactly identical!
WARNING: Duplicate sequences found: 1

NOTE: Reduced alignment (with duplicates and gap-only sites/taxa removed) 
NOTE: was saved to: /home/fili/Documents/KIT/2023/BA/code/output/families/ssim_NE_s20_f100_sites200_GTR_bl1.0_d0.0_l0.0_t0.0_gc0.0_p0.0_pop10_ms0.0_mf0.0_seed121873/families/family_051/misc/raxml_output.F81.raxml.reduced.phy

Alignment comprises 1 partitions and 98 patterns

Partition 0: noname
Model: F81+FO
Alignment sites / patterns: 199 / 98
Gaps: 0.00 %
Invariant sites: 48.74 %


NOTE: Binary MSA file created: /home/fili/Documents/KIT/2023/BA/code/output/families/ssim_NE_s20_f100_sites200_GTR_bl1.0_d0.0_l0.0_t0.0_gc0.0_p0.0_pop10_ms0.0_mf0.0_seed121873/families/family_051/misc/raxml_output.F81.raxml.rba

Parallelization scheme autoconfig: 8 worker(s) x 1 thread(s)

Parallel reduction/worker buffer size: 1 KB  / 0 KB

[00:00:00] Generating 10 random starting tree(s) with 20 taxa
[00:00:00] Generating 10 parsimony starting tree(s) with 20 taxa
[00:00:00] Data distribution: max. partitions/sites/weight per thread: 1 / 98 / 392
[00:00:00] Data distribution: max. searches per worker: 3

Starting ML tree search with 20 distinct starting trees

[00:00:00 -2465.182213] Initial branch length optimization
[00:00:00 -2159.523908] Model parameter optimization (eps = 10.000000)
[00:00:00 -2072.248995] AUTODETECT spr round 1 (radius: 5)
[00:00:00 -1402.518269] AUTODETECT spr round 2 (radius: 10)
[00:00:00 -1402.517724] SPR radius for FAST iterations: 5 (autodetect)
[00:00:00 -1402.517724] Model parameter optimization (eps = 3.000000)
[00:00:00 -1401.165687] FAST spr round 1 (radius: 5)
[00:00:00 -1338.256134] FAST spr round 2 (radius: 5)
[00:00:00 -1336.696970] FAST spr round 3 (radius: 5)
[00:00:00 -1336.696964] Model parameter optimization (eps = 1.000000)
[00:00:00 -1336.553162] SLOW spr round 1 (radius: 5)
[00:00:00] [worker #1] ML tree search #2, logLikelihood: -1336.553046
[00:00:00] [worker #6] ML tree search #7, logLikelihood: -1336.553049
[00:00:00] [worker #2] ML tree search #3, logLikelihood: -1336.864918
[00:00:00] [worker #4] ML tree search #5, logLikelihood: -1336.864916
[00:00:00] [worker #3] ML tree search #4, logLikelihood: -1336.553046
[00:00:00] [worker #5] ML tree search #6, logLikelihood: -1336.553046
[00:00:00 -1336.553116] SLOW spr round 2 (radius: 10)
[00:00:00 -1336.553116] SLOW spr round 3 (radius: 15)
[00:00:00] [worker #7] ML tree search #8, logLikelihood: -1336.553046
[00:00:00 -1336.553116] SLOW spr round 4 (radius: 20)
[00:00:00 -1336.553116] Model parameter optimization (eps = 0.100000)

[00:00:00] [worker #0] ML tree search #1, logLikelihood: -1336.553046

[00:00:00] [worker #6] ML tree search #15, logLikelihood: -1336.553045
[00:00:00 -2589.485726] Initial branch length optimization
[00:00:00 -2301.656541] Model parameter optimization (eps = 10.000000)
[00:00:00] [worker #2] ML tree search #11, logLikelihood: -1336.864915
[00:00:00] [worker #4] ML tree search #13, logLikelihood: -1336.553046
[00:00:00 -2211.606537] AUTODETECT spr round 1 (radius: 5)
[00:00:00] [worker #3] ML tree search #12, logLikelihood: -1336.553045
[00:00:00] [worker #5] ML tree search #14, logLikelihood: -1336.553046
[00:00:00 -1352.660089] AUTODETECT spr round 2 (radius: 10)
[00:00:00 -1352.659582] SPR radius for FAST iterations: 5 (autodetect)
[00:00:00 -1352.659582] Model parameter optimization (eps = 3.000000)
[00:00:00] [worker #1] ML tree search #10, logLikelihood: -1336.864916
[00:00:00 -1351.451793] FAST spr round 1 (radius: 5)
[00:00:00 -1344.840350] FAST spr round 2 (radius: 5)
[00:00:00 -1336.642072] FAST spr round 3 (radius: 5)
[00:00:00 -1336.641868] Model parameter optimization (eps = 1.000000)
[00:00:00 -1336.553196] SLOW spr round 1 (radius: 5)
[00:00:00] [worker #2] ML tree search #19, logLikelihood: -1336.553046
[00:00:00] [worker #3] ML tree search #20, logLikelihood: -1336.553046
[00:00:00 -1336.553079] SLOW spr round 2 (radius: 10)
[00:00:00] [worker #7] ML tree search #16, logLikelihood: -1336.553046
[00:00:00] [worker #1] ML tree search #18, logLikelihood: -1336.553046
[00:00:00 -1336.553078] SLOW spr round 3 (radius: 15)
[00:00:00 -1336.553078] SLOW spr round 4 (radius: 20)
[00:00:00 -1336.553078] Model parameter optimization (eps = 0.100000)

[00:00:00] [worker #0] ML tree search #9, logLikelihood: -1336.553046

[00:00:00 -1704.350747] Initial branch length optimization
[00:00:00 -1386.599709] Model parameter optimization (eps = 10.000000)
[00:00:00 -1346.705891] AUTODETECT spr round 1 (radius: 5)
[00:00:00 -1341.118541] AUTODETECT spr round 2 (radius: 10)
[00:00:00 -1341.116837] SPR radius for FAST iterations: 5 (autodetect)
[00:00:00 -1341.116837] Model parameter optimization (eps = 3.000000)
[00:00:00 -1341.112088] FAST spr round 1 (radius: 5)
[00:00:00 -1337.495477] FAST spr round 2 (radius: 5)
[00:00:00 -1336.615756] FAST spr round 3 (radius: 5)
[00:00:00 -1336.615722] Model parameter optimization (eps = 1.000000)
[00:00:00 -1336.553167] SLOW spr round 1 (radius: 5)
[00:00:00 -1336.553060] SLOW spr round 2 (radius: 10)
[00:00:00 -1336.553060] SLOW spr round 3 (radius: 15)
[00:00:00 -1336.553060] SLOW spr round 4 (radius: 20)
[00:00:00 -1336.553060] Model parameter optimization (eps = 0.100000)

[00:00:00] [worker #0] ML tree search #17, logLikelihood: -1336.553046


Optimized model parameters:

   Partition 0: noname
   Rate heterogeneity: NONE
   Base frequencies (ML): 0.358356 0.124998 0.349974 0.166672 
   Substitution rates (model): 1.000000 1.000000 1.000000 1.000000 1.000000 1.000000 


Final LogLikelihood: -1336.553045

AIC score: 2753.106090 / AICc score: 2773.865584 / BIC score: 2884.838283
Free parameters (model + branch lengths): 40

Best ML tree saved to: /home/fili/Documents/KIT/2023/BA/code/output/families/ssim_NE_s20_f100_sites200_GTR_bl1.0_d0.0_l0.0_t0.0_gc0.0_p0.0_pop10_ms0.0_mf0.0_seed121873/families/family_051/misc/raxml_output.F81.raxml.bestTree
All ML trees saved to: /home/fili/Documents/KIT/2023/BA/code/output/families/ssim_NE_s20_f100_sites200_GTR_bl1.0_d0.0_l0.0_t0.0_gc0.0_p0.0_pop10_ms0.0_mf0.0_seed121873/families/family_051/misc/raxml_output.F81.raxml.mlTrees
Optimized model saved to: /home/fili/Documents/KIT/2023/BA/code/output/families/ssim_NE_s20_f100_sites200_GTR_bl1.0_d0.0_l0.0_t0.0_gc0.0_p0.0_pop10_ms0.0_mf0.0_seed121873/families/family_051/misc/raxml_output.F81.raxml.bestModel

Execution log saved to: /home/fili/Documents/KIT/2023/BA/code/output/families/ssim_NE_s20_f100_sites200_GTR_bl1.0_d0.0_l0.0_t0.0_gc0.0_p0.0_pop10_ms0.0_mf0.0_seed121873/families/family_051/misc/raxml_output.F81.raxml.log

Analysis started: 27-Jun-2023 13:47:12 / finished: 27-Jun-2023 13:47:12

Elapsed time: 0.293 seconds

