
RAxML-NG v. 1.1.0 released on 29.11.2021 by The Exelixis Lab.
Developed by: Alexey M. Kozlov and Alexandros Stamatakis.
Contributors: Diego Darriba, Tomas Flouri, Benoit Morel, Sarah Lutteropp, Ben Bettisworth.
Latest version: https://github.com/amkozlov/raxml-ng
Questions/problems/suggestions? Please visit: https://groups.google.com/forum/#!forum/raxml

System: AMD Ryzen 7 5800X 8-Core Processor, 8 cores, 31 GB RAM

RAxML-NG was called at 05-Jun-2023 13:01:55 as follows:

/home/fili/Documents/KIT/2023/BA/resources/tools/RAxML-NG/raxml-ng --msa /home/fili/Documents/KIT/2023/BA/code/output/families/ssim_dtl_s20_f100_sites200_GTR_bl1.0_d0.0_l0.0_t1.0_gc0.0_p0.0_pop10_ms0.0_mf0.0_seed42/families/family_061/alignment.msa --model GTR+G --prefix /home/fili/Documents/KIT/2023/BA/code/output/families/ssim_dtl_s20_f100_sites200_GTR_bl1.0_d0.0_l0.0_t1.0_gc0.0_p0.0_pop10_ms0.0_mf0.0_seed42/families/family_061/misc/raxml_output.GTR+G

Analysis options:
  run mode: ML tree search
  start tree(s): random (10) + parsimony (10)
  random seed: 1685962915
  tip-inner: OFF
  pattern compression: ON
  per-rate scalers: OFF
  site repeats: ON
  fast spr radius: AUTO
  spr subtree cutoff: 1.000000
  branch lengths: proportional (ML estimate, algorithm: NR-FAST)
  SIMD kernels: AVX2
  parallelization: coarse-grained (auto), PTHREADS (auto)

[00:00:00] Reading alignment from file: /home/fili/Documents/KIT/2023/BA/code/output/families/ssim_dtl_s20_f100_sites200_GTR_bl1.0_d0.0_l0.0_t1.0_gc0.0_p0.0_pop10_ms0.0_mf0.0_seed42/families/family_061/alignment.msa
[00:00:00] Loaded alignment with 20 taxa and 212 sites

WARNING: Sequences 9_0_0 and 13_0_0 are exactly identical!
WARNING: Sequences 2_0_0 and 3_0_0 are exactly identical!
WARNING: Sequences 4_0_0 and 12_0_0 are exactly identical!
WARNING: Duplicate sequences found: 3

NOTE: Reduced alignment (with duplicates and gap-only sites/taxa removed) 
NOTE: was saved to: /home/fili/Documents/KIT/2023/BA/code/output/families/ssim_dtl_s20_f100_sites200_GTR_bl1.0_d0.0_l0.0_t1.0_gc0.0_p0.0_pop10_ms0.0_mf0.0_seed42/families/family_061/misc/raxml_output.GTR+G.raxml.reduced.phy

Alignment comprises 1 partitions and 63 patterns

Partition 0: noname
Model: GTR+FO+G4m
Alignment sites / patterns: 212 / 63
Gaps: 0.00 %
Invariant sites: 61.32 %


NOTE: Binary MSA file created: /home/fili/Documents/KIT/2023/BA/code/output/families/ssim_dtl_s20_f100_sites200_GTR_bl1.0_d0.0_l0.0_t1.0_gc0.0_p0.0_pop10_ms0.0_mf0.0_seed42/families/family_061/misc/raxml_output.GTR+G.raxml.rba

Parallelization scheme autoconfig: 8 worker(s) x 1 thread(s)

Parallel reduction/worker buffer size: 1 KB  / 0 KB

[00:00:00] Generating 10 random starting tree(s) with 20 taxa
[00:00:00] Generating 10 parsimony starting tree(s) with 20 taxa
[00:00:00] Data distribution: max. partitions/sites/weight per thread: 1 / 63 / 1008
[00:00:00] Data distribution: max. searches per worker: 3

Starting ML tree search with 20 distinct starting trees

[00:00:00 -2171.160564] Initial branch length optimization
[00:00:00 -1869.284935] Model parameter optimization (eps = 10.000000)
[00:00:00 -1482.514782] AUTODETECT spr round 1 (radius: 5)
[00:00:00 -846.081125] AUTODETECT spr round 2 (radius: 10)
[00:00:00 -846.029674] SPR radius for FAST iterations: 5 (autodetect)
[00:00:00 -846.029674] Model parameter optimization (eps = 3.000000)
[00:00:00 -806.860834] FAST spr round 1 (radius: 5)
[00:00:00 -803.560061] FAST spr round 2 (radius: 5)
[00:00:00 -803.559554] Model parameter optimization (eps = 1.000000)
[00:00:00 -803.453169] SLOW spr round 1 (radius: 5)
[00:00:00] [worker #1] ML tree search #2, logLikelihood: -805.864458
[00:00:00] [worker #4] ML tree search #5, logLikelihood: -803.446669
[00:00:00] [worker #5] ML tree search #6, logLikelihood: -803.455521
[00:00:00] [worker #6] ML tree search #7, logLikelihood: -803.452537
[00:00:00 -803.452818] SLOW spr round 2 (radius: 10)
[00:00:00] [worker #2] ML tree search #3, logLikelihood: -803.466834
[00:00:00] [worker #3] ML tree search #4, logLikelihood: -803.456067
[00:00:00 -803.452810] SLOW spr round 3 (radius: 15)
[00:00:00 -803.452810] SLOW spr round 4 (radius: 20)
[00:00:00 -803.452810] Model parameter optimization (eps = 0.100000)

[00:00:00] [worker #0] ML tree search #1, logLikelihood: -803.445976

[00:00:00 -2018.152160] Initial branch length optimization
[00:00:00 -1719.424871] Model parameter optimization (eps = 10.000000)
[00:00:00] [worker #7] ML tree search #8, logLikelihood: -803.454714
[00:00:00 -1386.340243] AUTODETECT spr round 1 (radius: 5)
[00:00:00 -843.382251] AUTODETECT spr round 2 (radius: 10)
[00:00:00 -843.370841] SPR radius for FAST iterations: 5 (autodetect)
[00:00:00 -843.370841] Model parameter optimization (eps = 3.000000)
[00:00:00] [worker #5] ML tree search #14, logLikelihood: -803.445232
[00:00:00] [worker #6] ML tree search #15, logLikelihood: -803.445836
[00:00:00] [worker #4] ML tree search #13, logLikelihood: -803.446023
[00:00:00 -815.118450] FAST spr round 1 (radius: 5)
[00:00:00] [worker #3] ML tree search #12, logLikelihood: -803.446025
[00:00:00 -804.768761] FAST spr round 2 (radius: 5)
[00:00:00 -804.687424] Model parameter optimization (eps = 1.000000)
[00:00:00] [worker #2] ML tree search #11, logLikelihood: -803.445772
[00:00:00 -803.463141] SLOW spr round 1 (radius: 5)
[00:00:00 -803.461443] SLOW spr round 2 (radius: 10)
[00:00:00] [worker #7] ML tree search #16, logLikelihood: -803.446283
[00:00:00] [worker #1] ML tree search #10, logLikelihood: -803.454497
[00:00:00 -803.461375] SLOW spr round 3 (radius: 15)
[00:00:00 -803.461371] SLOW spr round 4 (radius: 20)
[00:00:00 -803.461371] Model parameter optimization (eps = 0.100000)

[00:00:00] [worker #0] ML tree search #9, logLikelihood: -803.447788

[00:00:00 -1170.605998] Initial branch length optimization
[00:00:00 -919.474544] Model parameter optimization (eps = 10.000000)
[00:00:00 -804.398535] AUTODETECT spr round 1 (radius: 5)
[00:00:00 -803.458298] AUTODETECT spr round 2 (radius: 10)
[00:00:00 -803.458046] SPR radius for FAST iterations: 5 (autodetect)
[00:00:00 -803.458046] Model parameter optimization (eps = 3.000000)
[00:00:00 -803.447392] FAST spr round 1 (radius: 5)
[00:00:00] [worker #2] ML tree search #19, logLikelihood: -803.445920
[00:00:00 -803.447358] Model parameter optimization (eps = 1.000000)
[00:00:00] [worker #3] ML tree search #20, logLikelihood: -803.445696
[00:00:00 -803.446054] SLOW spr round 1 (radius: 5)
[00:00:00 -803.446024] SLOW spr round 2 (radius: 10)
[00:00:00 -803.446024] SLOW spr round 3 (radius: 15)
[00:00:00 -803.446024] SLOW spr round 4 (radius: 20)
[00:00:00 -803.446024] Model parameter optimization (eps = 0.100000)
[00:00:00] [worker #1] ML tree search #18, logLikelihood: -803.445829

[00:00:00] [worker #0] ML tree search #17, logLikelihood: -803.445880


Optimized model parameters:

   Partition 0: noname
   Rate heterogeneity: GAMMA (4 cats, mean),  alpha: 1.782855 (ML),  weights&rates: (0.250000,0.265900) (0.250000,0.629740) (0.250000,1.063468) (0.250000,2.040891) 
   Base frequencies (ML): 0.224506 0.237124 0.273103 0.265267 
   Substitution rates (ML): 0.336573 62.590472 1.245606 5.639820 5.515509 1.000000 


Final LogLikelihood: -803.445232

AIC score: 1698.890463 / AICc score: 1725.096524 / BIC score: 1853.293432
Free parameters (model + branch lengths): 46

WARNING: Best ML tree contains 3 near-zero branches!

Best ML tree with collapsed near-zero branches saved to: /home/fili/Documents/KIT/2023/BA/code/output/families/ssim_dtl_s20_f100_sites200_GTR_bl1.0_d0.0_l0.0_t1.0_gc0.0_p0.0_pop10_ms0.0_mf0.0_seed42/families/family_061/misc/raxml_output.GTR+G.raxml.bestTreeCollapsed
Best ML tree saved to: /home/fili/Documents/KIT/2023/BA/code/output/families/ssim_dtl_s20_f100_sites200_GTR_bl1.0_d0.0_l0.0_t1.0_gc0.0_p0.0_pop10_ms0.0_mf0.0_seed42/families/family_061/misc/raxml_output.GTR+G.raxml.bestTree
All ML trees saved to: /home/fili/Documents/KIT/2023/BA/code/output/families/ssim_dtl_s20_f100_sites200_GTR_bl1.0_d0.0_l0.0_t1.0_gc0.0_p0.0_pop10_ms0.0_mf0.0_seed42/families/family_061/misc/raxml_output.GTR+G.raxml.mlTrees
Optimized model saved to: /home/fili/Documents/KIT/2023/BA/code/output/families/ssim_dtl_s20_f100_sites200_GTR_bl1.0_d0.0_l0.0_t1.0_gc0.0_p0.0_pop10_ms0.0_mf0.0_seed42/families/family_061/misc/raxml_output.GTR+G.raxml.bestModel

Execution log saved to: /home/fili/Documents/KIT/2023/BA/code/output/families/ssim_dtl_s20_f100_sites200_GTR_bl1.0_d0.0_l0.0_t1.0_gc0.0_p0.0_pop10_ms0.0_mf0.0_seed42/families/family_061/misc/raxml_output.GTR+G.raxml.log

Analysis started: 05-Jun-2023 13:01:55 / finished: 05-Jun-2023 13:01:55

Elapsed time: 0.357 seconds

