
RAxML-NG v. 1.1.0 released on 29.11.2021 by The Exelixis Lab.
Developed by: Alexey M. Kozlov and Alexandros Stamatakis.
Contributors: Diego Darriba, Tomas Flouri, Benoit Morel, Sarah Lutteropp, Ben Bettisworth.
Latest version: https://github.com/amkozlov/raxml-ng
Questions/problems/suggestions? Please visit: https://groups.google.com/forum/#!forum/raxml

System: AMD Ryzen 7 5800X 8-Core Processor, 8 cores, 31 GB RAM

RAxML-NG was called at 16-Jun-2023 09:59:08 as follows:

/home/fili/Documents/KIT/2023/BA/resources/tools/RAxML-NG/raxml-ng --msa /home/fili/Documents/KIT/2023/BA/code/output/families/ssim_NE_s20_f100_sites200_GTR_bl1.0_d0.0_l0.0_t0.0_gc0.0_p0.0_pop10_ms0.0_mf0.0_seed1007/families/family_068/alignment.msa --model F81 --prefix /home/fili/Documents/KIT/2023/BA/code/output/families/ssim_NE_s20_f100_sites200_GTR_bl1.0_d0.0_l0.0_t0.0_gc0.0_p0.0_pop10_ms0.0_mf0.0_seed1007/families/family_068/misc/raxml_output.F81

Analysis options:
  run mode: ML tree search
  start tree(s): random (10) + parsimony (10)
  random seed: 1686902348
  tip-inner: OFF
  pattern compression: ON
  per-rate scalers: OFF
  site repeats: ON
  fast spr radius: AUTO
  spr subtree cutoff: 1.000000
  branch lengths: proportional (ML estimate, algorithm: NR-FAST)
  SIMD kernels: AVX2
  parallelization: coarse-grained (auto), PTHREADS (auto)

[00:00:00] Reading alignment from file: /home/fili/Documents/KIT/2023/BA/code/output/families/ssim_NE_s20_f100_sites200_GTR_bl1.0_d0.0_l0.0_t0.0_gc0.0_p0.0_pop10_ms0.0_mf0.0_seed1007/families/family_068/alignment.msa
[00:00:00] Loaded alignment with 20 taxa and 220 sites

WARNING: Sequences 2_0_0 and 8_0_0 are exactly identical!
WARNING: Sequences 7_0_0 and 11_0_0 are exactly identical!
WARNING: Sequences 19_0_0 and 12_0_0 are exactly identical!
WARNING: Duplicate sequences found: 3

NOTE: Reduced alignment (with duplicates and gap-only sites/taxa removed) 
NOTE: was saved to: /home/fili/Documents/KIT/2023/BA/code/output/families/ssim_NE_s20_f100_sites200_GTR_bl1.0_d0.0_l0.0_t0.0_gc0.0_p0.0_pop10_ms0.0_mf0.0_seed1007/families/family_068/misc/raxml_output.F81.raxml.reduced.phy

Alignment comprises 1 partitions and 91 patterns

Partition 0: noname
Model: F81+FO
Alignment sites / patterns: 220 / 91
Gaps: 0.00 %
Invariant sites: 51.36 %


NOTE: Binary MSA file created: /home/fili/Documents/KIT/2023/BA/code/output/families/ssim_NE_s20_f100_sites200_GTR_bl1.0_d0.0_l0.0_t0.0_gc0.0_p0.0_pop10_ms0.0_mf0.0_seed1007/families/family_068/misc/raxml_output.F81.raxml.rba

Parallelization scheme autoconfig: 8 worker(s) x 1 thread(s)

Parallel reduction/worker buffer size: 1 KB  / 0 KB

[00:00:00] Generating 10 random starting tree(s) with 20 taxa
[00:00:00] Generating 10 parsimony starting tree(s) with 20 taxa
[00:00:00] Data distribution: max. partitions/sites/weight per thread: 1 / 91 / 364
[00:00:00] Data distribution: max. searches per worker: 3

Starting ML tree search with 20 distinct starting trees

[00:00:00 -2521.571955] Initial branch length optimization
[00:00:00 -2170.910258] Model parameter optimization (eps = 10.000000)
[00:00:00 -2067.550736] AUTODETECT spr round 1 (radius: 5)
[00:00:00 -1218.205150] AUTODETECT spr round 2 (radius: 10)
[00:00:00 -1218.205091] SPR radius for FAST iterations: 5 (autodetect)
[00:00:00 -1218.205091] Model parameter optimization (eps = 3.000000)
[00:00:00 -1214.238336] FAST spr round 1 (radius: 5)
[00:00:00 -1204.810003] FAST spr round 2 (radius: 5)
[00:00:00 -1200.689908] FAST spr round 3 (radius: 5)
[00:00:00 -1199.431419] FAST spr round 4 (radius: 5)
[00:00:00 -1198.706348] FAST spr round 5 (radius: 5)
[00:00:00 -1198.706346] Model parameter optimization (eps = 1.000000)
[00:00:00 -1198.690322] SLOW spr round 1 (radius: 5)
[00:00:00] [worker #6] ML tree search #7, logLikelihood: -1200.250852
[00:00:00] [worker #2] ML tree search #3, logLikelihood: -1198.690312
[00:00:00] [worker #7] ML tree search #8, logLikelihood: -1200.250851
[00:00:00] [worker #5] ML tree search #6, logLikelihood: -1198.690312
[00:00:00 -1198.690319] SLOW spr round 2 (radius: 10)
[00:00:00] [worker #1] ML tree search #2, logLikelihood: -1198.690312
[00:00:00] [worker #3] ML tree search #4, logLikelihood: -1198.690313
[00:00:00 -1198.690319] SLOW spr round 3 (radius: 15)
[00:00:00 -1198.690319] SLOW spr round 4 (radius: 20)
[00:00:00] [worker #4] ML tree search #5, logLikelihood: -1198.690314
[00:00:00 -1198.690319] Model parameter optimization (eps = 0.100000)

[00:00:00] [worker #0] ML tree search #1, logLikelihood: -1198.690313

[00:00:00 -2409.412807] Initial branch length optimization
[00:00:00 -2002.096828] Model parameter optimization (eps = 10.000000)
[00:00:00 -1905.854737] AUTODETECT spr round 1 (radius: 5)
[00:00:00 -1392.217890] AUTODETECT spr round 2 (radius: 10)
[00:00:00 -1231.242617] AUTODETECT spr round 3 (radius: 15)
[00:00:00 -1231.242548] SPR radius for FAST iterations: 10 (autodetect)
[00:00:00 -1231.242548] Model parameter optimization (eps = 3.000000)
[00:00:00 -1228.709395] FAST spr round 1 (radius: 10)
[00:00:00 -1200.333296] FAST spr round 2 (radius: 10)
[00:00:00 -1200.333296] Model parameter optimization (eps = 1.000000)
[00:00:00 -1200.250921] SLOW spr round 1 (radius: 5)
[00:00:00] [worker #7] ML tree search #16, logLikelihood: -1198.690313
[00:00:00] [worker #5] ML tree search #14, logLikelihood: -1200.250852
[00:00:00] [worker #2] ML tree search #11, logLikelihood: -1198.690312
[00:00:00] [worker #6] ML tree search #15, logLikelihood: -1198.690313
[00:00:00] [worker #4] ML tree search #13, logLikelihood: -1198.690312
[00:00:00 -1200.250908] SLOW spr round 2 (radius: 10)
[00:00:00] [worker #1] ML tree search #10, logLikelihood: -1198.690312
[00:00:00 -1200.250908] SLOW spr round 3 (radius: 15)
[00:00:00 -1200.250908] SLOW spr round 4 (radius: 20)
[00:00:00 -1200.250908] Model parameter optimization (eps = 0.100000)

[00:00:00] [worker #0] ML tree search #9, logLikelihood: -1200.250851

[00:00:00 -1702.121611] Initial branch length optimization
[00:00:00 -1245.944262] Model parameter optimization (eps = 10.000000)
[00:00:00 -1206.912869] AUTODETECT spr round 1 (radius: 5)
[00:00:00 -1203.323125] AUTODETECT spr round 2 (radius: 10)
[00:00:00 -1203.323116] SPR radius for FAST iterations: 5 (autodetect)
[00:00:00 -1203.323116] Model parameter optimization (eps = 3.000000)
[00:00:00 -1203.291375] FAST spr round 1 (radius: 5)
[00:00:00] [worker #3] ML tree search #12, logLikelihood: -1198.690312
[00:00:00 -1200.261435] FAST spr round 2 (radius: 5)
[00:00:00 -1200.261432] Model parameter optimization (eps = 1.000000)
[00:00:00 -1200.250853] SLOW spr round 1 (radius: 5)
[00:00:00] [worker #2] ML tree search #19, logLikelihood: -1198.690313
[00:00:00 -1200.250853] SLOW spr round 2 (radius: 10)
[00:00:00] [worker #1] ML tree search #18, logLikelihood: -1200.250852
[00:00:00 -1200.250853] SLOW spr round 3 (radius: 15)
[00:00:00 -1200.250853] SLOW spr round 4 (radius: 20)
[00:00:00 -1200.250853] Model parameter optimization (eps = 0.100000)

[00:00:00] [worker #0] ML tree search #17, logLikelihood: -1200.250852

[00:00:00] [worker #3] ML tree search #20, logLikelihood: -1198.690313

Optimized model parameters:

   Partition 0: noname
   Rate heterogeneity: NONE
   Base frequencies (ML): 0.319021 0.149706 0.390534 0.140739 
   Substitution rates (model): 1.000000 1.000000 1.000000 1.000000 1.000000 1.000000 


Final LogLikelihood: -1198.690312

AIC score: 2477.380624 / AICc score: 2495.704646 / BIC score: 2613.125726
Free parameters (model + branch lengths): 40

WARNING: Best ML tree contains 1 near-zero branches!

Best ML tree with collapsed near-zero branches saved to: /home/fili/Documents/KIT/2023/BA/code/output/families/ssim_NE_s20_f100_sites200_GTR_bl1.0_d0.0_l0.0_t0.0_gc0.0_p0.0_pop10_ms0.0_mf0.0_seed1007/families/family_068/misc/raxml_output.F81.raxml.bestTreeCollapsed
Best ML tree saved to: /home/fili/Documents/KIT/2023/BA/code/output/families/ssim_NE_s20_f100_sites200_GTR_bl1.0_d0.0_l0.0_t0.0_gc0.0_p0.0_pop10_ms0.0_mf0.0_seed1007/families/family_068/misc/raxml_output.F81.raxml.bestTree
All ML trees saved to: /home/fili/Documents/KIT/2023/BA/code/output/families/ssim_NE_s20_f100_sites200_GTR_bl1.0_d0.0_l0.0_t0.0_gc0.0_p0.0_pop10_ms0.0_mf0.0_seed1007/families/family_068/misc/raxml_output.F81.raxml.mlTrees
Optimized model saved to: /home/fili/Documents/KIT/2023/BA/code/output/families/ssim_NE_s20_f100_sites200_GTR_bl1.0_d0.0_l0.0_t0.0_gc0.0_p0.0_pop10_ms0.0_mf0.0_seed1007/families/family_068/misc/raxml_output.F81.raxml.bestModel

Execution log saved to: /home/fili/Documents/KIT/2023/BA/code/output/families/ssim_NE_s20_f100_sites200_GTR_bl1.0_d0.0_l0.0_t0.0_gc0.0_p0.0_pop10_ms0.0_mf0.0_seed1007/families/family_068/misc/raxml_output.F81.raxml.log

Analysis started: 16-Jun-2023 09:59:08 / finished: 16-Jun-2023 09:59:08

Elapsed time: 0.214 seconds

