
RAxML-NG v. 1.1.0 released on 29.11.2021 by The Exelixis Lab.
Developed by: Alexey M. Kozlov and Alexandros Stamatakis.
Contributors: Diego Darriba, Tomas Flouri, Benoit Morel, Sarah Lutteropp, Ben Bettisworth.
Latest version: https://github.com/amkozlov/raxml-ng
Questions/problems/suggestions? Please visit: https://groups.google.com/forum/#!forum/raxml

System: AMD Ryzen 7 5800X 8-Core Processor, 8 cores, 31 GB RAM

RAxML-NG was called at 21-Jun-2023 14:53:30 as follows:

/home/fili/Documents/KIT/2023/BA/resources/tools/RAxML-NG/raxml-ng --msa /home/fili/Documents/KIT/2023/BA/code/output/families/ssim_NE_s20_f100_sites200_GTR_bl1.0_d0.0_l0.0_t0.0_gc0.0_p0.0_pop10_ms0.0_mf0.0_seed19732311/families/family_016/alignment.msa --model F81 --prefix /home/fili/Documents/KIT/2023/BA/code/output/families/ssim_NE_s20_f100_sites200_GTR_bl1.0_d0.0_l0.0_t0.0_gc0.0_p0.0_pop10_ms0.0_mf0.0_seed19732311/families/family_016/misc/raxml_output.F81

Analysis options:
  run mode: ML tree search
  start tree(s): random (10) + parsimony (10)
  random seed: 1687352010
  tip-inner: OFF
  pattern compression: ON
  per-rate scalers: OFF
  site repeats: ON
  fast spr radius: AUTO
  spr subtree cutoff: 1.000000
  branch lengths: proportional (ML estimate, algorithm: NR-FAST)
  SIMD kernels: AVX2
  parallelization: coarse-grained (auto), PTHREADS (auto)

[00:00:00] Reading alignment from file: /home/fili/Documents/KIT/2023/BA/code/output/families/ssim_NE_s20_f100_sites200_GTR_bl1.0_d0.0_l0.0_t0.0_gc0.0_p0.0_pop10_ms0.0_mf0.0_seed19732311/families/family_016/alignment.msa
[00:00:00] Loaded alignment with 20 taxa and 245 sites

Alignment comprises 1 partitions and 189 patterns

Partition 0: noname
Model: F81+FO
Alignment sites / patterns: 245 / 189
Gaps: 0.00 %
Invariant sites: 14.29 %


NOTE: Binary MSA file created: /home/fili/Documents/KIT/2023/BA/code/output/families/ssim_NE_s20_f100_sites200_GTR_bl1.0_d0.0_l0.0_t0.0_gc0.0_p0.0_pop10_ms0.0_mf0.0_seed19732311/families/family_016/misc/raxml_output.F81.raxml.rba

Parallelization scheme autoconfig: 8 worker(s) x 1 thread(s)

Parallel reduction/worker buffer size: 1 KB  / 0 KB

[00:00:00] Generating 10 random starting tree(s) with 20 taxa
[00:00:00] Generating 10 parsimony starting tree(s) with 20 taxa
[00:00:00] Data distribution: max. partitions/sites/weight per thread: 1 / 189 / 756
[00:00:00] Data distribution: max. searches per worker: 3

Starting ML tree search with 20 distinct starting trees

[00:00:00 -5077.289518] Initial branch length optimization
[00:00:00 -4240.989941] Model parameter optimization (eps = 10.000000)
[00:00:00 -4208.052728] AUTODETECT spr round 1 (radius: 5)
[00:00:00 -2848.061369] AUTODETECT spr round 2 (radius: 10)
[00:00:00 -2846.803290] AUTODETECT spr round 3 (radius: 15)
[00:00:00 -2846.752252] SPR radius for FAST iterations: 10 (autodetect)
[00:00:00 -2846.752252] Model parameter optimization (eps = 3.000000)
[00:00:00 -2840.092661] FAST spr round 1 (radius: 10)
[00:00:00 -2803.685249] FAST spr round 2 (radius: 10)
[00:00:00 -2800.104912] FAST spr round 3 (radius: 10)
[00:00:00 -2800.104675] Model parameter optimization (eps = 1.000000)
[00:00:00 -2799.795072] SLOW spr round 1 (radius: 5)
[00:00:00 -2799.794371] SLOW spr round 2 (radius: 10)
[00:00:00] [worker #5] ML tree search #6, logLikelihood: -2799.794072
[00:00:00] [worker #6] ML tree search #7, logLikelihood: -2799.794072
[00:00:00 -2799.794356] SLOW spr round 3 (radius: 15)
[00:00:00] [worker #1] ML tree search #2, logLikelihood: -2799.794076
[00:00:00 -2799.794355] SLOW spr round 4 (radius: 20)
[00:00:00 -2799.794355] Model parameter optimization (eps = 0.100000)

[00:00:00] [worker #0] ML tree search #1, logLikelihood: -2799.794074

[00:00:00] [worker #2] ML tree search #3, logLikelihood: -2799.794077
[00:00:00 -5256.796594] Initial branch length optimization
[00:00:00 -4410.877960] Model parameter optimization (eps = 10.000000)
[00:00:00 -4366.893088] AUTODETECT spr round 1 (radius: 5)
[00:00:00] [worker #4] ML tree search #5, logLikelihood: -2799.794071
[00:00:00] [worker #7] ML tree search #8, logLikelihood: -2799.794072
[00:00:00] [worker #3] ML tree search #4, logLikelihood: -2799.794075
[00:00:00 -3019.307266] AUTODETECT spr round 2 (radius: 10)
[00:00:00 -2831.180524] AUTODETECT spr round 3 (radius: 15)
[00:00:00 -2831.174122] SPR radius for FAST iterations: 10 (autodetect)
[00:00:00 -2831.174122] Model parameter optimization (eps = 3.000000)
[00:00:00 -2823.607877] FAST spr round 1 (radius: 10)
[00:00:00 -2822.302195] FAST spr round 2 (radius: 10)
[00:00:00 -2801.409511] FAST spr round 3 (radius: 10)
[00:00:00 -2800.181357] FAST spr round 4 (radius: 10)
[00:00:00 -2800.181052] Model parameter optimization (eps = 1.000000)
[00:00:00 -2799.796423] SLOW spr round 1 (radius: 5)
[00:00:00] [worker #2] ML tree search #11, logLikelihood: -2799.794073
[00:00:00] [worker #7] ML tree search #16, logLikelihood: -2799.794072
[00:00:00] [worker #4] ML tree search #13, logLikelihood: -2799.794071
[00:00:00 -2799.794524] SLOW spr round 2 (radius: 10)
[00:00:00] [worker #3] ML tree search #12, logLikelihood: -2799.794071
[00:00:00] [worker #5] ML tree search #14, logLikelihood: -2799.794071
[00:00:00 -2799.794477] SLOW spr round 3 (radius: 15)
[00:00:00 -2799.794473] SLOW spr round 4 (radius: 20)
[00:00:00 -2799.794473] Model parameter optimization (eps = 0.100000)

[00:00:00] [worker #0] ML tree search #9, logLikelihood: -2799.794076

[00:00:00 -3104.519737] Initial branch length optimization
[00:00:00 -2841.529566] Model parameter optimization (eps = 10.000000)
[00:00:00 -2801.484535] AUTODETECT spr round 1 (radius: 5)
[00:00:00 -2801.472246] SPR radius for FAST iterations: 5 (autodetect)
[00:00:00 -2801.472246] Model parameter optimization (eps = 3.000000)
[00:00:00 -2801.467541] FAST spr round 1 (radius: 5)
[00:00:00] [worker #1] ML tree search #10, logLikelihood: -2799.794073
[00:00:00 -2800.963509] FAST spr round 2 (radius: 5)
[00:00:00] [worker #6] ML tree search #15, logLikelihood: -2799.794071
[00:00:00 -2799.806456] FAST spr round 3 (radius: 5)
[00:00:00] [worker #2] ML tree search #19, logLikelihood: -2799.794071
[00:00:00 -2799.806391] Model parameter optimization (eps = 1.000000)
[00:00:00 -2799.794201] SLOW spr round 1 (radius: 5)
[00:00:00 -2799.794099] SLOW spr round 2 (radius: 10)
[00:00:00] [worker #3] ML tree search #20, logLikelihood: -2799.794071
[00:00:00 -2799.794094] SLOW spr round 3 (radius: 15)
[00:00:00 -2799.794094] SLOW spr round 4 (radius: 20)
[00:00:00 -2799.794094] Model parameter optimization (eps = 0.100000)

[00:00:00] [worker #0] ML tree search #17, logLikelihood: -2799.794071

[00:00:00] [worker #1] ML tree search #18, logLikelihood: -2799.794071

Optimized model parameters:

   Partition 0: noname
   Rate heterogeneity: NONE
   Base frequencies (ML): 0.356718 0.157217 0.282296 0.203769 
   Substitution rates (model): 1.000000 1.000000 1.000000 1.000000 1.000000 1.000000 


Final LogLikelihood: -2799.794071

AIC score: 5679.588141 / AICc score: 5695.666572 / BIC score: 5819.638469
Free parameters (model + branch lengths): 40

Best ML tree saved to: /home/fili/Documents/KIT/2023/BA/code/output/families/ssim_NE_s20_f100_sites200_GTR_bl1.0_d0.0_l0.0_t0.0_gc0.0_p0.0_pop10_ms0.0_mf0.0_seed19732311/families/family_016/misc/raxml_output.F81.raxml.bestTree
All ML trees saved to: /home/fili/Documents/KIT/2023/BA/code/output/families/ssim_NE_s20_f100_sites200_GTR_bl1.0_d0.0_l0.0_t0.0_gc0.0_p0.0_pop10_ms0.0_mf0.0_seed19732311/families/family_016/misc/raxml_output.F81.raxml.mlTrees
Optimized model saved to: /home/fili/Documents/KIT/2023/BA/code/output/families/ssim_NE_s20_f100_sites200_GTR_bl1.0_d0.0_l0.0_t0.0_gc0.0_p0.0_pop10_ms0.0_mf0.0_seed19732311/families/family_016/misc/raxml_output.F81.raxml.bestModel

Execution log saved to: /home/fili/Documents/KIT/2023/BA/code/output/families/ssim_NE_s20_f100_sites200_GTR_bl1.0_d0.0_l0.0_t0.0_gc0.0_p0.0_pop10_ms0.0_mf0.0_seed19732311/families/family_016/misc/raxml_output.F81.raxml.log

Analysis started: 21-Jun-2023 14:53:30 / finished: 21-Jun-2023 14:53:30

Elapsed time: 0.413 seconds

