
RAxML-NG v. 1.1.0 released on 29.11.2021 by The Exelixis Lab.
Developed by: Alexey M. Kozlov and Alexandros Stamatakis.
Contributors: Diego Darriba, Tomas Flouri, Benoit Morel, Sarah Lutteropp, Ben Bettisworth.
Latest version: https://github.com/amkozlov/raxml-ng
Questions/problems/suggestions? Please visit: https://groups.google.com/forum/#!forum/raxml

System: AMD Ryzen 7 5800X 8-Core Processor, 8 cores, 31 GB RAM

RAxML-NG was called at 27-Jun-2023 13:41:13 as follows:

/home/fili/Documents/KIT/2023/BA/resources/tools/RAxML-NG/raxml-ng --msa /home/fili/Documents/KIT/2023/BA/code/output/families/ssim_DL_s20_f100_sites200_GTR_bl1.0_d1.0_l1.0_t0.0_gc0.0_p0.0_pop10_ms0.0_mf0.0_seed121873/families/family_074/alignment.msa --model F81 --prefix /home/fili/Documents/KIT/2023/BA/code/output/families/ssim_DL_s20_f100_sites200_GTR_bl1.0_d1.0_l1.0_t0.0_gc0.0_p0.0_pop10_ms0.0_mf0.0_seed121873/families/family_074/misc/raxml_output.F81

Analysis options:
  run mode: ML tree search
  start tree(s): random (10) + parsimony (10)
  random seed: 1687866073
  tip-inner: OFF
  pattern compression: ON
  per-rate scalers: OFF
  site repeats: ON
  fast spr radius: AUTO
  spr subtree cutoff: 1.000000
  branch lengths: proportional (ML estimate, algorithm: NR-FAST)
  SIMD kernels: AVX2
  parallelization: coarse-grained (auto), PTHREADS (auto)

[00:00:00] Reading alignment from file: /home/fili/Documents/KIT/2023/BA/code/output/families/ssim_DL_s20_f100_sites200_GTR_bl1.0_d1.0_l1.0_t0.0_gc0.0_p0.0_pop10_ms0.0_mf0.0_seed121873/families/family_074/alignment.msa
[00:00:00] Loaded alignment with 13 taxa and 128 sites

WARNING: Sequences 4_1_0 and 11_1_0 are exactly identical!
WARNING: Sequences 12_1_0 and 2_1_0 are exactly identical!
WARNING: Sequences 11_3_0 and 4_3_0 are exactly identical!
WARNING: Duplicate sequences found: 3

NOTE: Reduced alignment (with duplicates and gap-only sites/taxa removed) 
NOTE: was saved to: /home/fili/Documents/KIT/2023/BA/code/output/families/ssim_DL_s20_f100_sites200_GTR_bl1.0_d1.0_l1.0_t0.0_gc0.0_p0.0_pop10_ms0.0_mf0.0_seed121873/families/family_074/misc/raxml_output.F81.raxml.reduced.phy

Alignment comprises 1 partitions and 47 patterns

Partition 0: noname
Model: F81+FO
Alignment sites / patterns: 128 / 47
Gaps: 0.00 %
Invariant sites: 53.12 %


NOTE: Binary MSA file created: /home/fili/Documents/KIT/2023/BA/code/output/families/ssim_DL_s20_f100_sites200_GTR_bl1.0_d1.0_l1.0_t0.0_gc0.0_p0.0_pop10_ms0.0_mf0.0_seed121873/families/family_074/misc/raxml_output.F81.raxml.rba

Parallelization scheme autoconfig: 8 worker(s) x 1 thread(s)

Parallel reduction/worker buffer size: 1 KB  / 0 KB

[00:00:00] Generating 10 random starting tree(s) with 13 taxa
[00:00:00] Generating 10 parsimony starting tree(s) with 13 taxa
[00:00:00] Data distribution: max. partitions/sites/weight per thread: 1 / 47 / 188
[00:00:00] Data distribution: max. searches per worker: 3

Starting ML tree search with 20 distinct starting trees

[00:00:00 -919.206326] Initial branch length optimization
[00:00:00 -795.303776] Model parameter optimization (eps = 10.000000)
[00:00:00 -791.062652] AUTODETECT spr round 1 (radius: 5)
[00:00:00 -590.529556] AUTODETECT spr round 2 (radius: 10)
[00:00:00 -590.497247] SPR radius for FAST iterations: 5 (autodetect)
[00:00:00 -590.497247] Model parameter optimization (eps = 3.000000)
[00:00:00 -589.688959] FAST spr round 1 (radius: 5)
[00:00:00 -576.263574] FAST spr round 2 (radius: 5)
[00:00:00 -576.263568] Model parameter optimization (eps = 1.000000)
[00:00:00 -576.228887] SLOW spr round 1 (radius: 5)
[00:00:00] [worker #2] ML tree search #3, logLikelihood: -576.128180
[00:00:00 -576.132840] SLOW spr round 2 (radius: 10)
[00:00:00] [worker #7] ML tree search #8, logLikelihood: -576.128180
[00:00:00] [worker #6] ML tree search #7, logLikelihood: -576.128180
[00:00:00] [worker #5] ML tree search #6, logLikelihood: -576.128180
[00:00:00 -576.132840] Model parameter optimization (eps = 0.100000)
[00:00:00] [worker #4] ML tree search #5, logLikelihood: -576.128181

[00:00:00] [worker #0] ML tree search #1, logLikelihood: -576.128180

[00:00:00] [worker #1] ML tree search #2, logLikelihood: -576.128180
[00:00:00] [worker #3] ML tree search #4, logLikelihood: -576.128180
[00:00:00 -949.292259] Initial branch length optimization
[00:00:00 -844.354226] Model parameter optimization (eps = 10.000000)
[00:00:00 -842.391216] AUTODETECT spr round 1 (radius: 5)
[00:00:00 -595.888240] AUTODETECT spr round 2 (radius: 10)
[00:00:00 -595.886479] SPR radius for FAST iterations: 5 (autodetect)
[00:00:00 -595.886479] Model parameter optimization (eps = 3.000000)
[00:00:00 -595.114893] FAST spr round 1 (radius: 5)
[00:00:00 -576.250314] FAST spr round 2 (radius: 5)
[00:00:00 -576.144531] FAST spr round 3 (radius: 5)
[00:00:00] [worker #2] ML tree search #11, logLikelihood: -576.128180
[00:00:00] [worker #7] ML tree search #16, logLikelihood: -576.128179
[00:00:00 -576.144531] Model parameter optimization (eps = 1.000000)
[00:00:00 -576.128180] SLOW spr round 1 (radius: 5)
[00:00:00] [worker #6] ML tree search #15, logLikelihood: -576.128180
[00:00:00] [worker #5] ML tree search #14, logLikelihood: -576.128180
[00:00:00] [worker #4] ML tree search #13, logLikelihood: -576.128179
[00:00:00] [worker #1] ML tree search #10, logLikelihood: -576.128179
[00:00:00] [worker #3] ML tree search #12, logLikelihood: -576.128180
[00:00:00 -576.128180] SLOW spr round 2 (radius: 10)
[00:00:00 -576.128180] Model parameter optimization (eps = 0.100000)

[00:00:00] [worker #0] ML tree search #9, logLikelihood: -576.128180

[00:00:00 -740.021339] Initial branch length optimization
[00:00:00 -581.122433] Model parameter optimization (eps = 10.000000)
[00:00:00 -577.167521] AUTODETECT spr round 1 (radius: 5)
[00:00:00 -576.378590] AUTODETECT spr round 2 (radius: 10)
[00:00:00 -576.378486] SPR radius for FAST iterations: 5 (autodetect)
[00:00:00 -576.378486] Model parameter optimization (eps = 3.000000)
[00:00:00 -576.371188] FAST spr round 1 (radius: 5)
[00:00:00 -576.229219] FAST spr round 2 (radius: 5)
[00:00:00] [worker #2] ML tree search #19, logLikelihood: -576.128180
[00:00:00 -576.229208] Model parameter optimization (eps = 1.000000)
[00:00:00 -576.228881] SLOW spr round 1 (radius: 5)
[00:00:00] [worker #1] ML tree search #18, logLikelihood: -576.128180
[00:00:00] [worker #3] ML tree search #20, logLikelihood: -576.128179
[00:00:00 -576.132558] SLOW spr round 2 (radius: 10)
[00:00:00 -576.132547] Model parameter optimization (eps = 0.100000)

[00:00:00] [worker #0] ML tree search #17, logLikelihood: -576.128180


Optimized model parameters:

   Partition 0: noname
   Rate heterogeneity: NONE
   Base frequencies (ML): 0.186322 0.258451 0.232808 0.322419 
   Substitution rates (model): 1.000000 1.000000 1.000000 1.000000 1.000000 1.000000 


Final LogLikelihood: -576.128179

AIC score: 1204.256358 / AICc score: 1218.157348 / BIC score: 1278.409145
Free parameters (model + branch lengths): 26

Best ML tree saved to: /home/fili/Documents/KIT/2023/BA/code/output/families/ssim_DL_s20_f100_sites200_GTR_bl1.0_d1.0_l1.0_t0.0_gc0.0_p0.0_pop10_ms0.0_mf0.0_seed121873/families/family_074/misc/raxml_output.F81.raxml.bestTree
All ML trees saved to: /home/fili/Documents/KIT/2023/BA/code/output/families/ssim_DL_s20_f100_sites200_GTR_bl1.0_d1.0_l1.0_t0.0_gc0.0_p0.0_pop10_ms0.0_mf0.0_seed121873/families/family_074/misc/raxml_output.F81.raxml.mlTrees
Optimized model saved to: /home/fili/Documents/KIT/2023/BA/code/output/families/ssim_DL_s20_f100_sites200_GTR_bl1.0_d1.0_l1.0_t0.0_gc0.0_p0.0_pop10_ms0.0_mf0.0_seed121873/families/family_074/misc/raxml_output.F81.raxml.bestModel

Execution log saved to: /home/fili/Documents/KIT/2023/BA/code/output/families/ssim_DL_s20_f100_sites200_GTR_bl1.0_d1.0_l1.0_t0.0_gc0.0_p0.0_pop10_ms0.0_mf0.0_seed121873/families/family_074/misc/raxml_output.F81.raxml.log

Analysis started: 27-Jun-2023 13:41:13 / finished: 27-Jun-2023 13:41:13

Elapsed time: 0.088 seconds

