
RAxML-NG v. 1.1.0 released on 29.11.2021 by The Exelixis Lab.
Developed by: Alexey M. Kozlov and Alexandros Stamatakis.
Contributors: Diego Darriba, Tomas Flouri, Benoit Morel, Sarah Lutteropp, Ben Bettisworth.
Latest version: https://github.com/amkozlov/raxml-ng
Questions/problems/suggestions? Please visit: https://groups.google.com/forum/#!forum/raxml

System: AMD Ryzen 7 5800X 8-Core Processor, 8 cores, 31 GB RAM

RAxML-NG was called at 27-Jun-2023 12:58:52 as follows:

/home/fili/Documents/KIT/2023/BA/resources/tools/RAxML-NG/raxml-ng --msa /home/fili/Documents/KIT/2023/BA/code/output/families/ssim_DL_s20_f100_sites200_GTR_bl1.0_d1.0_l1.0_t0.0_gc0.0_p0.0_pop10_ms0.0_mf0.0_seed42/families/family_026/alignment.msa --model F81 --prefix /home/fili/Documents/KIT/2023/BA/code/output/families/ssim_DL_s20_f100_sites200_GTR_bl1.0_d1.0_l1.0_t0.0_gc0.0_p0.0_pop10_ms0.0_mf0.0_seed42/families/family_026/misc/raxml_output.F81

Analysis options:
  run mode: ML tree search
  start tree(s): random (10) + parsimony (10)
  random seed: 1687863532
  tip-inner: OFF
  pattern compression: ON
  per-rate scalers: OFF
  site repeats: ON
  fast spr radius: AUTO
  spr subtree cutoff: 1.000000
  branch lengths: proportional (ML estimate, algorithm: NR-FAST)
  SIMD kernels: AVX2
  parallelization: coarse-grained (auto), PTHREADS (auto)

[00:00:00] Reading alignment from file: /home/fili/Documents/KIT/2023/BA/code/output/families/ssim_DL_s20_f100_sites200_GTR_bl1.0_d1.0_l1.0_t0.0_gc0.0_p0.0_pop10_ms0.0_mf0.0_seed42/families/family_026/alignment.msa
[00:00:00] Loaded alignment with 26 taxa and 335 sites

WARNING: Sequences 9_0_0 and 13_0_0 are exactly identical!
WARNING: Sequences 9_2_0 and 13_2_0 are exactly identical!
WARNING: Sequences 13_1_0 and 9_1_0 are exactly identical!
WARNING: Duplicate sequences found: 3

NOTE: Reduced alignment (with duplicates and gap-only sites/taxa removed) 
NOTE: was saved to: /home/fili/Documents/KIT/2023/BA/code/output/families/ssim_DL_s20_f100_sites200_GTR_bl1.0_d1.0_l1.0_t0.0_gc0.0_p0.0_pop10_ms0.0_mf0.0_seed42/families/family_026/misc/raxml_output.F81.raxml.reduced.phy

Alignment comprises 1 partitions and 218 patterns

Partition 0: noname
Model: F81+FO
Alignment sites / patterns: 335 / 218
Gaps: 0.00 %
Invariant sites: 27.76 %


NOTE: Binary MSA file created: /home/fili/Documents/KIT/2023/BA/code/output/families/ssim_DL_s20_f100_sites200_GTR_bl1.0_d1.0_l1.0_t0.0_gc0.0_p0.0_pop10_ms0.0_mf0.0_seed42/families/family_026/misc/raxml_output.F81.raxml.rba

Parallelization scheme autoconfig: 8 worker(s) x 1 thread(s)

Parallel reduction/worker buffer size: 1 KB  / 0 KB

[00:00:00] Generating 10 random starting tree(s) with 26 taxa
[00:00:00] Generating 10 parsimony starting tree(s) with 26 taxa
[00:00:00] Data distribution: max. partitions/sites/weight per thread: 1 / 218 / 872
[00:00:00] Data distribution: max. searches per worker: 3

Starting ML tree search with 20 distinct starting trees

[00:00:00 -7170.662067] Initial branch length optimization
[00:00:00 -6526.362128] Model parameter optimization (eps = 10.000000)
[00:00:00 -6391.526622] AUTODETECT spr round 1 (radius: 5)
[00:00:00 -3670.348711] AUTODETECT spr round 2 (radius: 10)
[00:00:00 -3316.221489] AUTODETECT spr round 3 (radius: 15)
[00:00:00 -3316.221336] SPR radius for FAST iterations: 10 (autodetect)
[00:00:00 -3316.221336] Model parameter optimization (eps = 3.000000)
[00:00:00 -3315.498374] FAST spr round 1 (radius: 10)
[00:00:00 -3227.784640] FAST spr round 2 (radius: 10)
[00:00:00 -3227.784624] Model parameter optimization (eps = 1.000000)
[00:00:00 -3227.751716] SLOW spr round 1 (radius: 5)
[00:00:00 -3227.751702] SLOW spr round 2 (radius: 10)
[00:00:00 -3227.751702] SLOW spr round 3 (radius: 15)
[00:00:00 -3227.751702] SLOW spr round 4 (radius: 20)
[00:00:00] [worker #4] ML tree search #5, logLikelihood: -3227.751689
[00:00:00 -3227.751702] SLOW spr round 5 (radius: 25)
[00:00:00 -3227.751702] Model parameter optimization (eps = 0.100000)

[00:00:00] [worker #0] ML tree search #1, logLikelihood: -3227.751689

[00:00:00 -7202.692787] Initial branch length optimization
[00:00:00 -6514.690357] Model parameter optimization (eps = 10.000000)
[00:00:00] [worker #2] ML tree search #3, logLikelihood: -3227.751689
[00:00:00 -6377.117345] AUTODETECT spr round 1 (radius: 5)
[00:00:00] [worker #6] ML tree search #7, logLikelihood: -3227.751690
[00:00:00] [worker #7] ML tree search #8, logLikelihood: -3227.751704
[00:00:00 -3317.578938] AUTODETECT spr round 2 (radius: 10)
[00:00:00] [worker #3] ML tree search #4, logLikelihood: -3227.751691
[00:00:00] [worker #1] ML tree search #2, logLikelihood: -3227.751689
[00:00:00] [worker #5] ML tree search #6, logLikelihood: -3227.751690
[00:00:00 -3317.575309] SPR radius for FAST iterations: 5 (autodetect)
[00:00:00 -3317.575309] Model parameter optimization (eps = 3.000000)
[00:00:00 -3314.023088] FAST spr round 1 (radius: 5)
[00:00:00 -3228.887558] FAST spr round 2 (radius: 5)
[00:00:00 -3227.767111] FAST spr round 3 (radius: 5)
[00:00:00 -3227.767105] Model parameter optimization (eps = 1.000000)
[00:00:00 -3227.751718] SLOW spr round 1 (radius: 5)
[00:00:00 -3227.751707] SLOW spr round 2 (radius: 10)
[00:00:00] [worker #4] ML tree search #13, logLikelihood: -3227.751689
[00:00:00] [worker #6] ML tree search #15, logLikelihood: -3227.751689
[00:00:00] [worker #2] ML tree search #11, logLikelihood: -3227.751689
[00:00:00] [worker #3] ML tree search #12, logLikelihood: -3227.751689
[00:00:00] [worker #7] ML tree search #16, logLikelihood: -3227.751689
[00:00:00 -3227.751707] SLOW spr round 3 (radius: 15)
[00:00:00] [worker #5] ML tree search #14, logLikelihood: -3227.751689
[00:00:00 -3227.751707] SLOW spr round 4 (radius: 20)
[00:00:00 -3227.751707] SLOW spr round 5 (radius: 25)
[00:00:00 -3227.751707] Model parameter optimization (eps = 0.100000)

[00:00:00] [worker #0] ML tree search #9, logLikelihood: -3227.751694

[00:00:00 -4064.569981] Initial branch length optimization
[00:00:00 -3294.578374] Model parameter optimization (eps = 10.000000)
[00:00:00 -3230.634634] AUTODETECT spr round 1 (radius: 5)
[00:00:00 -3230.634387] SPR radius for FAST iterations: 5 (autodetect)
[00:00:00 -3230.634387] Model parameter optimization (eps = 3.000000)
[00:00:00 -3230.634176] FAST spr round 1 (radius: 5)
[00:00:00] [worker #1] ML tree search #10, logLikelihood: -3227.751689
[00:00:00 -3228.859339] FAST spr round 2 (radius: 5)
[00:00:00 -3227.762257] FAST spr round 3 (radius: 5)
[00:00:00 -3227.762248] Model parameter optimization (eps = 1.000000)
[00:00:00 -3227.751702] SLOW spr round 1 (radius: 5)
[00:00:00] [worker #2] ML tree search #19, logLikelihood: -3227.751689
[00:00:00 -3227.751693] SLOW spr round 2 (radius: 10)
[00:00:00] [worker #3] ML tree search #20, logLikelihood: -3227.751689
[00:00:00] [worker #1] ML tree search #18, logLikelihood: -3227.751689
[00:00:00 -3227.751693] SLOW spr round 3 (radius: 15)
[00:00:00 -3227.751693] SLOW spr round 4 (radius: 20)
[00:00:00 -3227.751693] SLOW spr round 5 (radius: 25)
[00:00:00 -3227.751693] Model parameter optimization (eps = 0.100000)

[00:00:00] [worker #0] ML tree search #17, logLikelihood: -3227.751690


Optimized model parameters:

   Partition 0: noname
   Rate heterogeneity: NONE
   Base frequencies (ML): 0.354414 0.178532 0.322425 0.144629 
   Substitution rates (model): 1.000000 1.000000 1.000000 1.000000 1.000000 1.000000 


Final LogLikelihood: -3227.751689

AIC score: 6559.503377 / AICc score: 6579.049477 / BIC score: 6757.838165
Free parameters (model + branch lengths): 52

WARNING: Best ML tree contains 1 near-zero branches!

Best ML tree with collapsed near-zero branches saved to: /home/fili/Documents/KIT/2023/BA/code/output/families/ssim_DL_s20_f100_sites200_GTR_bl1.0_d1.0_l1.0_t0.0_gc0.0_p0.0_pop10_ms0.0_mf0.0_seed42/families/family_026/misc/raxml_output.F81.raxml.bestTreeCollapsed
Best ML tree saved to: /home/fili/Documents/KIT/2023/BA/code/output/families/ssim_DL_s20_f100_sites200_GTR_bl1.0_d1.0_l1.0_t0.0_gc0.0_p0.0_pop10_ms0.0_mf0.0_seed42/families/family_026/misc/raxml_output.F81.raxml.bestTree
All ML trees saved to: /home/fili/Documents/KIT/2023/BA/code/output/families/ssim_DL_s20_f100_sites200_GTR_bl1.0_d1.0_l1.0_t0.0_gc0.0_p0.0_pop10_ms0.0_mf0.0_seed42/families/family_026/misc/raxml_output.F81.raxml.mlTrees
Optimized model saved to: /home/fili/Documents/KIT/2023/BA/code/output/families/ssim_DL_s20_f100_sites200_GTR_bl1.0_d1.0_l1.0_t0.0_gc0.0_p0.0_pop10_ms0.0_mf0.0_seed42/families/family_026/misc/raxml_output.F81.raxml.bestModel

Execution log saved to: /home/fili/Documents/KIT/2023/BA/code/output/families/ssim_DL_s20_f100_sites200_GTR_bl1.0_d1.0_l1.0_t0.0_gc0.0_p0.0_pop10_ms0.0_mf0.0_seed42/families/family_026/misc/raxml_output.F81.raxml.log

Analysis started: 27-Jun-2023 12:58:52 / finished: 27-Jun-2023 12:58:53

Elapsed time: 0.531 seconds

