
RAxML-NG v. 1.1.0 released on 29.11.2021 by The Exelixis Lab.
Developed by: Alexey M. Kozlov and Alexandros Stamatakis.
Contributors: Diego Darriba, Tomas Flouri, Benoit Morel, Sarah Lutteropp, Ben Bettisworth.
Latest version: https://github.com/amkozlov/raxml-ng
Questions/problems/suggestions? Please visit: https://groups.google.com/forum/#!forum/raxml

System: AMD Ryzen 7 5800X 8-Core Processor, 8 cores, 31 GB RAM

RAxML-NG was called at 27-Jun-2023 13:41:20 as follows:

/home/fili/Documents/KIT/2023/BA/resources/tools/RAxML-NG/raxml-ng --msa /home/fili/Documents/KIT/2023/BA/code/output/families/ssim_DL_s20_f100_sites200_GTR_bl1.0_d1.0_l1.0_t0.0_gc0.0_p0.0_pop10_ms0.0_mf0.0_seed121873/families/family_041/alignment.msa --model F81 --prefix /home/fili/Documents/KIT/2023/BA/code/output/families/ssim_DL_s20_f100_sites200_GTR_bl1.0_d1.0_l1.0_t0.0_gc0.0_p0.0_pop10_ms0.0_mf0.0_seed121873/families/family_041/misc/raxml_output.F81

Analysis options:
  run mode: ML tree search
  start tree(s): random (10) + parsimony (10)
  random seed: 1687866080
  tip-inner: OFF
  pattern compression: ON
  per-rate scalers: OFF
  site repeats: ON
  fast spr radius: AUTO
  spr subtree cutoff: 1.000000
  branch lengths: proportional (ML estimate, algorithm: NR-FAST)
  SIMD kernels: AVX2
  parallelization: coarse-grained (auto), PTHREADS (auto)

[00:00:00] Reading alignment from file: /home/fili/Documents/KIT/2023/BA/code/output/families/ssim_DL_s20_f100_sites200_GTR_bl1.0_d1.0_l1.0_t0.0_gc0.0_p0.0_pop10_ms0.0_mf0.0_seed121873/families/family_041/alignment.msa
[00:00:00] Loaded alignment with 19 taxa and 157 sites

WARNING: Sequences 17_3_0 and 15_3_0 are exactly identical!
WARNING: Duplicate sequences found: 1

NOTE: Reduced alignment (with duplicates and gap-only sites/taxa removed) 
NOTE: was saved to: /home/fili/Documents/KIT/2023/BA/code/output/families/ssim_DL_s20_f100_sites200_GTR_bl1.0_d1.0_l1.0_t0.0_gc0.0_p0.0_pop10_ms0.0_mf0.0_seed121873/families/family_041/misc/raxml_output.F81.raxml.reduced.phy

Alignment comprises 1 partitions and 67 patterns

Partition 0: noname
Model: F81+FO
Alignment sites / patterns: 157 / 67
Gaps: 0.00 %
Invariant sites: 50.96 %


NOTE: Binary MSA file created: /home/fili/Documents/KIT/2023/BA/code/output/families/ssim_DL_s20_f100_sites200_GTR_bl1.0_d1.0_l1.0_t0.0_gc0.0_p0.0_pop10_ms0.0_mf0.0_seed121873/families/family_041/misc/raxml_output.F81.raxml.rba

Parallelization scheme autoconfig: 8 worker(s) x 1 thread(s)

Parallel reduction/worker buffer size: 1 KB  / 0 KB

[00:00:00] Generating 10 random starting tree(s) with 19 taxa
[00:00:00] Generating 10 parsimony starting tree(s) with 19 taxa
[00:00:00] Data distribution: max. partitions/sites/weight per thread: 1 / 67 / 268
[00:00:00] Data distribution: max. searches per worker: 3

Starting ML tree search with 20 distinct starting trees

[00:00:00 -1611.094704] Initial branch length optimization
[00:00:00 -1404.370390] Model parameter optimization (eps = 10.000000)
[00:00:00 -1347.053471] AUTODETECT spr round 1 (radius: 5)
[00:00:00 -888.256418] AUTODETECT spr round 2 (radius: 10)
[00:00:00 -888.248699] SPR radius for FAST iterations: 5 (autodetect)
[00:00:00 -888.248699] Model parameter optimization (eps = 3.000000)
[00:00:00 -885.791697] FAST spr round 1 (radius: 5)
[00:00:00 -879.903641] FAST spr round 2 (radius: 5)
[00:00:00 -879.776471] FAST spr round 3 (radius: 5)
[00:00:00 -879.776471] Model parameter optimization (eps = 1.000000)
[00:00:00 -879.688498] SLOW spr round 1 (radius: 5)
[00:00:00 -879.688311] SLOW spr round 2 (radius: 10)
[00:00:00] [worker #6] ML tree search #7, logLikelihood: -879.688276
[00:00:00] [worker #1] ML tree search #2, logLikelihood: -879.688275
[00:00:00 -879.688310] SLOW spr round 3 (radius: 15)
[00:00:00 -879.688310] Model parameter optimization (eps = 0.100000)

[00:00:00] [worker #0] ML tree search #1, logLikelihood: -879.688275

[00:00:00] [worker #3] ML tree search #4, logLikelihood: -879.688275
[00:00:00] [worker #2] ML tree search #3, logLikelihood: -879.688277
[00:00:00 -1601.013540] Initial branch length optimization
[00:00:00 -1394.844417] Model parameter optimization (eps = 10.000000)
[00:00:00 -1342.065583] AUTODETECT spr round 1 (radius: 5)
[00:00:00] [worker #4] ML tree search #5, logLikelihood: -879.688276
[00:00:00 -895.369294] AUTODETECT spr round 2 (radius: 10)
[00:00:00 -895.369272] SPR radius for FAST iterations: 5 (autodetect)
[00:00:00 -895.369272] Model parameter optimization (eps = 3.000000)
[00:00:00 -892.971263] FAST spr round 1 (radius: 5)
[00:00:00 -879.747226] FAST spr round 2 (radius: 5)
[00:00:00 -879.747160] Model parameter optimization (eps = 1.000000)
[00:00:00 -879.688283] SLOW spr round 1 (radius: 5)
[00:00:00] [worker #7] ML tree search #8, logLikelihood: -879.688276
[00:00:00] [worker #5] ML tree search #6, logLikelihood: -879.688275
[00:00:00 -879.688280] SLOW spr round 2 (radius: 10)
[00:00:00] [worker #6] ML tree search #15, logLikelihood: -879.688275
[00:00:00] [worker #1] ML tree search #10, logLikelihood: -879.688277
[00:00:00 -879.688280] SLOW spr round 3 (radius: 15)
[00:00:00 -879.688280] Model parameter optimization (eps = 0.100000)

[00:00:00] [worker #0] ML tree search #9, logLikelihood: -879.688275

[00:00:00] [worker #3] ML tree search #12, logLikelihood: -879.688275
[00:00:00] [worker #2] ML tree search #11, logLikelihood: -879.688275
[00:00:00 -1186.390508] Initial branch length optimization
[00:00:00 -907.572284] Model parameter optimization (eps = 10.000000)
[00:00:00] [worker #4] ML tree search #13, logLikelihood: -879.688275
[00:00:00 -882.095364] AUTODETECT spr round 1 (radius: 5)
[00:00:00 -879.826514] AUTODETECT spr round 2 (radius: 10)
[00:00:00 -879.826509] SPR radius for FAST iterations: 5 (autodetect)
[00:00:00 -879.826509] Model parameter optimization (eps = 3.000000)
[00:00:00 -879.814795] FAST spr round 1 (radius: 5)
[00:00:00 -879.688287] FAST spr round 2 (radius: 5)
[00:00:00 -879.688287] Model parameter optimization (eps = 1.000000)
[00:00:00 -879.688275] SLOW spr round 1 (radius: 5)
[00:00:00] [worker #1] ML tree search #18, logLikelihood: -879.688275
[00:00:00 -879.688275] SLOW spr round 2 (radius: 10)
[00:00:00] [worker #2] ML tree search #19, logLikelihood: -879.688275
[00:00:00 -879.688275] SLOW spr round 3 (radius: 15)
[00:00:00 -879.688275] Model parameter optimization (eps = 0.100000)

[00:00:00] [worker #0] ML tree search #17, logLikelihood: -879.688275

[00:00:00] [worker #3] ML tree search #20, logLikelihood: -879.688275
[00:00:00] [worker #7] ML tree search #16, logLikelihood: -879.688275
[00:00:00] [worker #5] ML tree search #14, logLikelihood: -879.688275

Optimized model parameters:

   Partition 0: noname
   Rate heterogeneity: NONE
   Base frequencies (ML): 0.349591 0.173488 0.349830 0.127091 
   Substitution rates (model): 1.000000 1.000000 1.000000 1.000000 1.000000 1.000000 


Final LogLikelihood: -879.688275

AIC score: 1835.376549 / AICc score: 1860.495193 / BIC score: 1951.513890
Free parameters (model + branch lengths): 38

Best ML tree saved to: /home/fili/Documents/KIT/2023/BA/code/output/families/ssim_DL_s20_f100_sites200_GTR_bl1.0_d1.0_l1.0_t0.0_gc0.0_p0.0_pop10_ms0.0_mf0.0_seed121873/families/family_041/misc/raxml_output.F81.raxml.bestTree
All ML trees saved to: /home/fili/Documents/KIT/2023/BA/code/output/families/ssim_DL_s20_f100_sites200_GTR_bl1.0_d1.0_l1.0_t0.0_gc0.0_p0.0_pop10_ms0.0_mf0.0_seed121873/families/family_041/misc/raxml_output.F81.raxml.mlTrees
Optimized model saved to: /home/fili/Documents/KIT/2023/BA/code/output/families/ssim_DL_s20_f100_sites200_GTR_bl1.0_d1.0_l1.0_t0.0_gc0.0_p0.0_pop10_ms0.0_mf0.0_seed121873/families/family_041/misc/raxml_output.F81.raxml.bestModel

Execution log saved to: /home/fili/Documents/KIT/2023/BA/code/output/families/ssim_DL_s20_f100_sites200_GTR_bl1.0_d1.0_l1.0_t0.0_gc0.0_p0.0_pop10_ms0.0_mf0.0_seed121873/families/family_041/misc/raxml_output.F81.raxml.log

Analysis started: 27-Jun-2023 13:41:20 / finished: 27-Jun-2023 13:41:20

Elapsed time: 0.184 seconds

