GeneRax was called as follow:
/home/fili/Documents/KIT/2023/BA/resources/tools/GeneRax/build/bin/generax -f /home/fili/Documents/KIT/2023/BA/code/output/families/ssim_NE_s20_f100_sites200_GTR_bl1.0_d0.0_l0.0_t0.0_gc0.0_p0.0_pop10_ms0.0_mf0.0_seed121873/runs/F81/families-generax.txt -s /home/fili/Documents/KIT/2023/BA/code/output/families/ssim_NE_s20_f100_sites200_GTR_bl1.0_d0.0_l0.0_t0.0_gc0.0_p0.0_pop10_ms0.0_mf0.0_seed121873/species_trees/speciesTree.newick --strategy SPR -p /home/fili/Documents/KIT/2023/BA/code/output/families/ssim_NE_s20_f100_sites200_GTR_bl1.0_d0.0_l0.0_t0.0_gc0.0_p0.0_pop10_ms0.0_mf0.0_seed121873/runs/F81/generax 

General information:
- Output prefix: /home/fili/Documents/KIT/2023/BA/code/output/families/ssim_NE_s20_f100_sites200_GTR_bl1.0_d0.0_l0.0_t0.0_gc0.0_p0.0_pop10_ms0.0_mf0.0_seed121873/runs/F81/generax
- Families information: /home/fili/Documents/KIT/2023/BA/code/output/families/ssim_NE_s20_f100_sites200_GTR_bl1.0_d0.0_l0.0_t0.0_gc0.0_p0.0_pop10_ms0.0_mf0.0_seed121873/runs/F81/families-generax.txt
- Species tree: /home/fili/Documents/KIT/2023/BA/code/output/families/ssim_NE_s20_f100_sites200_GTR_bl1.0_d0.0_l0.0_t0.0_gc0.0_p0.0_pop10_ms0.0_mf0.0_seed121873/species_trees/speciesTree.newick
- MPI Ranks: 1
- Random seed: 123
- Reconciliation model: UndatedDTL
- DTL rates: global rates
- Infer ML reconciliation: ON
- Unrooted reconciliation likelihood: OFF
- Prune species tree mode: OFF

Gene tree correction information:
- Gene tree search strategy: SPR
- Max gene SPR radius: 5

[00:00:00] Filtering invalid families...

End of instance initialization

[00:00:00] [Initialization] Initial optimization of the starting random gene trees from the MSAs only
[00:00:05] [Initialization] Finished optimizing the gene trees from the MSAs

[00:00:05] Starting species tree initialization...
[00:00:05] End of species tree initialization
[00:00:05] Filtering invalid families based on the starting species tree...

[00:00:05] Gathering statistics about the families...
[00:00:05] Input data information:
- Number of gene families: 100
- Number of species: 20
- Total number of genes: 2000
- Average number of genes per family: 20
- Maximum number of genes per family: 20
- Species covered with the smallest family coverage: "14" (covered by 100/100 families)
- Average (over species) species family coverage: 100

[00:00:05] Reconciliation rates optimization... 
	D=1e-07, L=0.0479718, T=0.0879148, RecLL= -2802.06

[00:00:06] Optimizing gene trees with radius=1... 
[00:00:08] JointLL=-143062 RecLL=-1352.13 LibpllLL=-141710

[00:00:08] Reconciliation rates optimization... 
	D=1e-07, L=0.0115821, T=0.0337492, RecLL= -1212.87

[00:00:09] Optimizing gene trees with radius=2... 
[00:00:15] JointLL=-142432 RecLL=-666.241 LibpllLL=-141765

[00:00:15] Reconciliation rates optimization... 
	D=1e-07, L=0.00500458, T=0.016694, RecLL= -635.791

[00:00:15] Optimizing gene trees with radius=3... 
[00:00:21] JointLL=-142192 RecLL=-402.456 LibpllLL=-141790

[00:00:21] Reconciliation rates optimization... 
	D=1e-07, L=0.00229344, T=0.00959832, RecLL= -391.957

[00:00:21] Optimizing gene trees with radius=4... 
[00:00:26] JointLL=-142094 RecLL=-293.509 LibpllLL=-141800

[00:00:26] Reconciliation rates optimization... 
	D=1e-07, L=0.00171183, T=0.00661089, RecLL= -291.267

[00:00:27] Optimizing gene trees with radius=5... 
[00:00:32] JointLL=-142069 RecLL=-217.412 LibpllLL=-141852

[00:00:32] Reconciling gene trees with the species tree...
[00:00:33] Terminating the instance..

[00:00:33] DTL rates: D=1e-07 L= 0.00171183 T=0.00661089
[00:00:33] Reconciliation likelihood: -217.412
[00:00:33] Phylogenetic likelihood: -141852
[00:00:33] Joint likelihood: -142069
[00:00:33] Results directory: /home/fili/Documents/KIT/2023/BA/code/output/families/ssim_NE_s20_f100_sites200_GTR_bl1.0_d0.0_l0.0_t0.0_gc0.0_p0.0_pop10_ms0.0_mf0.0_seed121873/runs/F81/generax
[00:00:33] End of GeneRax execution
