
RAxML-NG v. 1.1.0 released on 29.11.2021 by The Exelixis Lab.
Developed by: Alexey M. Kozlov and Alexandros Stamatakis.
Contributors: Diego Darriba, Tomas Flouri, Benoit Morel, Sarah Lutteropp, Ben Bettisworth.
Latest version: https://github.com/amkozlov/raxml-ng
Questions/problems/suggestions? Please visit: https://groups.google.com/forum/#!forum/raxml

System: AMD Ryzen 7 5800X 8-Core Processor, 8 cores, 31 GB RAM

RAxML-NG was called at 12-Jun-2023 12:41:44 as follows:

/home/fili/Documents/KIT/2023/BA/resources/tools/RAxML-NG/raxml-ng --msa /home/fili/Documents/KIT/2023/BA/code/output/families/ssim_dtl_s20_f100_sites200_GTR_bl1.0_d0.0_l0.0_t1.0_gc0.0_p0.0_pop10_ms0.0_mf0.0_seed42/families/family_048/alignment.msa --model GTR+G --prefix /home/fili/Documents/KIT/2023/BA/code/output/families/ssim_dtl_s20_f100_sites200_GTR_bl1.0_d0.0_l0.0_t1.0_gc0.0_p0.0_pop10_ms0.0_mf0.0_seed42/families/family_048/misc/raxml_output.GTR+G

Analysis options:
  run mode: ML tree search
  start tree(s): random (10) + parsimony (10)
  random seed: 1686566504
  tip-inner: OFF
  pattern compression: ON
  per-rate scalers: OFF
  site repeats: ON
  fast spr radius: AUTO
  spr subtree cutoff: 1.000000
  branch lengths: proportional (ML estimate, algorithm: NR-FAST)
  SIMD kernels: AVX2
  parallelization: coarse-grained (auto), PTHREADS (auto)

[00:00:00] Reading alignment from file: /home/fili/Documents/KIT/2023/BA/code/output/families/ssim_dtl_s20_f100_sites200_GTR_bl1.0_d0.0_l0.0_t1.0_gc0.0_p0.0_pop10_ms0.0_mf0.0_seed42/families/family_048/alignment.msa
[00:00:00] Loaded alignment with 20 taxa and 267 sites

WARNING: Sequences 13_0_0 and 9_0_0 are exactly identical!
WARNING: Sequences 10_0_0 and 12_0_0 are exactly identical!
WARNING: Sequences 10_0_0 and 4_0_0 are exactly identical!
WARNING: Duplicate sequences found: 3

NOTE: Reduced alignment (with duplicates and gap-only sites/taxa removed) 
NOTE: was saved to: /home/fili/Documents/KIT/2023/BA/code/output/families/ssim_dtl_s20_f100_sites200_GTR_bl1.0_d0.0_l0.0_t1.0_gc0.0_p0.0_pop10_ms0.0_mf0.0_seed42/families/family_048/misc/raxml_output.GTR+G.raxml.reduced.phy

Alignment comprises 1 partitions and 66 patterns

Partition 0: noname
Model: GTR+FO+G4m
Alignment sites / patterns: 267 / 66
Gaps: 0.00 %
Invariant sites: 74.53 %


NOTE: Binary MSA file created: /home/fili/Documents/KIT/2023/BA/code/output/families/ssim_dtl_s20_f100_sites200_GTR_bl1.0_d0.0_l0.0_t1.0_gc0.0_p0.0_pop10_ms0.0_mf0.0_seed42/families/family_048/misc/raxml_output.GTR+G.raxml.rba

Parallelization scheme autoconfig: 8 worker(s) x 1 thread(s)

Parallel reduction/worker buffer size: 1 KB  / 0 KB

[00:00:00] Generating 10 random starting tree(s) with 20 taxa
[00:00:00] Generating 10 parsimony starting tree(s) with 20 taxa
[00:00:00] Data distribution: max. partitions/sites/weight per thread: 1 / 66 / 1056
[00:00:00] Data distribution: max. searches per worker: 3

Starting ML tree search with 20 distinct starting trees

[00:00:00 -1968.915250] Initial branch length optimization
[00:00:00 -1675.397790] Model parameter optimization (eps = 10.000000)
[00:00:00 -1293.300393] AUTODETECT spr round 1 (radius: 5)
[00:00:00 -1030.978334] AUTODETECT spr round 2 (radius: 10)
[00:00:00 -1018.993528] AUTODETECT spr round 3 (radius: 15)
[00:00:00 -1018.969122] SPR radius for FAST iterations: 10 (autodetect)
[00:00:00 -1018.969122] Model parameter optimization (eps = 3.000000)
[00:00:00 -1013.872662] FAST spr round 1 (radius: 10)
[00:00:00 -950.732120] FAST spr round 2 (radius: 10)
[00:00:00 -950.151401] FAST spr round 3 (radius: 10)
[00:00:00] [worker #6] ML tree search #7, logLikelihood: -946.116538
[00:00:00 -950.120523] Model parameter optimization (eps = 1.000000)
[00:00:00] [worker #5] ML tree search #6, logLikelihood: -946.190924
[00:00:00 -946.182374] SLOW spr round 1 (radius: 5)
[00:00:00] [worker #2] ML tree search #3, logLikelihood: -946.116728
[00:00:00] [worker #3] ML tree search #4, logLikelihood: -946.197934
[00:00:00] [worker #4] ML tree search #5, logLikelihood: -946.343242
[00:00:00 -946.170214] SLOW spr round 2 (radius: 10)
[00:00:00] [worker #7] ML tree search #8, logLikelihood: -946.123280
[00:00:00 -946.170189] SLOW spr round 3 (radius: 15)
[00:00:00 -946.170189] SLOW spr round 4 (radius: 20)
[00:00:00 -946.170189] Model parameter optimization (eps = 0.100000)

[00:00:00] [worker #0] ML tree search #1, logLikelihood: -946.123237

[00:00:00] [worker #1] ML tree search #2, logLikelihood: -946.280751
[00:00:00 -1899.697306] Initial branch length optimization
[00:00:00 -1626.364965] Model parameter optimization (eps = 10.000000)
[00:00:00] [worker #6] ML tree search #15, logLikelihood: -946.192083
[00:00:00 -1275.081206] AUTODETECT spr round 1 (radius: 5)
[00:00:00] [worker #5] ML tree search #14, logLikelihood: -946.162693
[00:00:00] [worker #4] ML tree search #13, logLikelihood: -946.192554
[00:00:00 -964.392696] AUTODETECT spr round 2 (radius: 10)
[00:00:00 -964.371377] SPR radius for FAST iterations: 5 (autodetect)
[00:00:00 -964.371377] Model parameter optimization (eps = 3.000000)
[00:00:00] [worker #2] ML tree search #11, logLikelihood: -946.153593
[00:00:00] [worker #3] ML tree search #12, logLikelihood: -946.122151
[00:00:00 -951.359784] FAST spr round 1 (radius: 5)
[00:00:00 -946.634072] FAST spr round 2 (radius: 5)
[00:00:00 -946.634039] Model parameter optimization (eps = 1.000000)
[00:00:00] [worker #7] ML tree search #16, logLikelihood: -946.117150
[00:00:00 -946.169005] SLOW spr round 1 (radius: 5)
[00:00:00 -946.163400] SLOW spr round 2 (radius: 10)
[00:00:00 -946.163354] SLOW spr round 3 (radius: 15)
[00:00:00 -946.163353] SLOW spr round 4 (radius: 20)
[00:00:00 -946.163353] Model parameter optimization (eps = 0.100000)
[00:00:00] [worker #3] ML tree search #20, logLikelihood: -946.191126

[00:00:00] [worker #0] ML tree search #9, logLikelihood: -946.122390

[00:00:00] [worker #2] ML tree search #19, logLikelihood: -946.191369
[00:00:00 -1389.991145] Initial branch length optimization
[00:00:00 -1108.498221] Model parameter optimization (eps = 10.000000)
[00:00:00] [worker #1] ML tree search #10, logLikelihood: -946.192391
[00:00:00 -955.038688] AUTODETECT spr round 1 (radius: 5)
[00:00:00 -946.776878] AUTODETECT spr round 2 (radius: 10)
[00:00:00 -946.769760] SPR radius for FAST iterations: 5 (autodetect)
[00:00:00 -946.769760] Model parameter optimization (eps = 3.000000)
[00:00:00 -946.350903] FAST spr round 1 (radius: 5)
[00:00:00 -946.343774] Model parameter optimization (eps = 1.000000)
[00:00:00 -946.308270] SLOW spr round 1 (radius: 5)
[00:00:00 -946.146013] SLOW spr round 2 (radius: 5)
[00:00:00 -946.145944] SLOW spr round 3 (radius: 10)
[00:00:00] [worker #1] ML tree search #18, logLikelihood: -946.115103
[00:00:00 -946.145944] SLOW spr round 4 (radius: 15)
[00:00:00 -946.145944] SLOW spr round 5 (radius: 20)
[00:00:00 -946.145944] Model parameter optimization (eps = 0.100000)

[00:00:00] [worker #0] ML tree search #17, logLikelihood: -946.116937


Optimized model parameters:

   Partition 0: noname
   Rate heterogeneity: GAMMA (4 cats, mean),  alpha: 0.185937 (ML),  weights&rates: (0.250000,0.000315) (0.250000,0.026077) (0.250000,0.345971) (0.250000,3.627637) 
   Base frequencies (ML): 0.227496 0.257930 0.228890 0.285683 
   Substitution rates (ML): 26.379769 1000.000000 40.531325 0.001000 103.417794 1.000000 


Final LogLikelihood: -946.115103

AIC score: 1984.230206 / AICc score: 2003.884752 / BIC score: 2149.243644
Free parameters (model + branch lengths): 46

WARNING: Best ML tree contains 4 near-zero branches!

Best ML tree with collapsed near-zero branches saved to: /home/fili/Documents/KIT/2023/BA/code/output/families/ssim_dtl_s20_f100_sites200_GTR_bl1.0_d0.0_l0.0_t1.0_gc0.0_p0.0_pop10_ms0.0_mf0.0_seed42/families/family_048/misc/raxml_output.GTR+G.raxml.bestTreeCollapsed
Best ML tree saved to: /home/fili/Documents/KIT/2023/BA/code/output/families/ssim_dtl_s20_f100_sites200_GTR_bl1.0_d0.0_l0.0_t1.0_gc0.0_p0.0_pop10_ms0.0_mf0.0_seed42/families/family_048/misc/raxml_output.GTR+G.raxml.bestTree
All ML trees saved to: /home/fili/Documents/KIT/2023/BA/code/output/families/ssim_dtl_s20_f100_sites200_GTR_bl1.0_d0.0_l0.0_t1.0_gc0.0_p0.0_pop10_ms0.0_mf0.0_seed42/families/family_048/misc/raxml_output.GTR+G.raxml.mlTrees
Optimized model saved to: /home/fili/Documents/KIT/2023/BA/code/output/families/ssim_dtl_s20_f100_sites200_GTR_bl1.0_d0.0_l0.0_t1.0_gc0.0_p0.0_pop10_ms0.0_mf0.0_seed42/families/family_048/misc/raxml_output.GTR+G.raxml.bestModel

Execution log saved to: /home/fili/Documents/KIT/2023/BA/code/output/families/ssim_dtl_s20_f100_sites200_GTR_bl1.0_d0.0_l0.0_t1.0_gc0.0_p0.0_pop10_ms0.0_mf0.0_seed42/families/family_048/misc/raxml_output.GTR+G.raxml.log

Analysis started: 12-Jun-2023 12:41:44 / finished: 12-Jun-2023 12:41:45

Elapsed time: 0.628 seconds

