
RAxML-NG v. 1.1.0 released on 29.11.2021 by The Exelixis Lab.
Developed by: Alexey M. Kozlov and Alexandros Stamatakis.
Contributors: Diego Darriba, Tomas Flouri, Benoit Morel, Sarah Lutteropp, Ben Bettisworth.
Latest version: https://github.com/amkozlov/raxml-ng
Questions/problems/suggestions? Please visit: https://groups.google.com/forum/#!forum/raxml

System: AMD Ryzen 7 5800X 8-Core Processor, 8 cores, 31 GB RAM

RAxML-NG was called at 21-Jun-2023 14:53:20 as follows:

/home/fili/Documents/KIT/2023/BA/resources/tools/RAxML-NG/raxml-ng --msa /home/fili/Documents/KIT/2023/BA/code/output/families/ssim_NE_s20_f100_sites200_GTR_bl1.0_d0.0_l0.0_t0.0_gc0.0_p0.0_pop10_ms0.0_mf0.0_seed19732311/families/family_061/alignment.msa --model F81 --prefix /home/fili/Documents/KIT/2023/BA/code/output/families/ssim_NE_s20_f100_sites200_GTR_bl1.0_d0.0_l0.0_t0.0_gc0.0_p0.0_pop10_ms0.0_mf0.0_seed19732311/families/family_061/misc/raxml_output.F81

Analysis options:
  run mode: ML tree search
  start tree(s): random (10) + parsimony (10)
  random seed: 1687352000
  tip-inner: OFF
  pattern compression: ON
  per-rate scalers: OFF
  site repeats: ON
  fast spr radius: AUTO
  spr subtree cutoff: 1.000000
  branch lengths: proportional (ML estimate, algorithm: NR-FAST)
  SIMD kernels: AVX2
  parallelization: coarse-grained (auto), PTHREADS (auto)

[00:00:00] Reading alignment from file: /home/fili/Documents/KIT/2023/BA/code/output/families/ssim_NE_s20_f100_sites200_GTR_bl1.0_d0.0_l0.0_t0.0_gc0.0_p0.0_pop10_ms0.0_mf0.0_seed19732311/families/family_061/alignment.msa
[00:00:00] Loaded alignment with 20 taxa and 164 sites

Alignment comprises 1 partitions and 45 patterns

Partition 0: noname
Model: F81+FO
Alignment sites / patterns: 164 / 45
Gaps: 0.00 %
Invariant sites: 70.73 %


NOTE: Binary MSA file created: /home/fili/Documents/KIT/2023/BA/code/output/families/ssim_NE_s20_f100_sites200_GTR_bl1.0_d0.0_l0.0_t0.0_gc0.0_p0.0_pop10_ms0.0_mf0.0_seed19732311/families/family_061/misc/raxml_output.F81.raxml.rba

Parallelization scheme autoconfig: 8 worker(s) x 1 thread(s)

Parallel reduction/worker buffer size: 1 KB  / 0 KB

[00:00:00] Generating 10 random starting tree(s) with 20 taxa
[00:00:00] Generating 10 parsimony starting tree(s) with 20 taxa
[00:00:00] Data distribution: max. partitions/sites/weight per thread: 1 / 45 / 180
[00:00:00] Data distribution: max. searches per worker: 3

Starting ML tree search with 20 distinct starting trees

[00:00:00 -1418.649093] Initial branch length optimization
[00:00:00 -1128.935876] Model parameter optimization (eps = 10.000000)
[00:00:00 -1068.423435] AUTODETECT spr round 1 (radius: 5)
[00:00:00 -671.814607] AUTODETECT spr round 2 (radius: 10)
[00:00:00 -669.418877] AUTODETECT spr round 3 (radius: 15)
[00:00:00 -669.418790] SPR radius for FAST iterations: 10 (autodetect)
[00:00:00 -669.418790] Model parameter optimization (eps = 3.000000)
[00:00:00 -665.448055] FAST spr round 1 (radius: 10)
[00:00:00 -635.605359] FAST spr round 2 (radius: 10)
[00:00:00 -635.605359] Model parameter optimization (eps = 1.000000)
[00:00:00 -635.546482] SLOW spr round 1 (radius: 5)
[00:00:00 -635.546481] SLOW spr round 2 (radius: 10)
[00:00:00] [worker #4] ML tree search #5, logLikelihood: -635.546477
[00:00:00 -635.546481] SLOW spr round 3 (radius: 15)
[00:00:00] [worker #3] ML tree search #4, logLikelihood: -635.546476
[00:00:00 -635.546481] SLOW spr round 4 (radius: 20)
[00:00:00 -635.546481] Model parameter optimization (eps = 0.100000)
[00:00:00] [worker #6] ML tree search #7, logLikelihood: -635.546476

[00:00:00] [worker #0] ML tree search #1, logLikelihood: -635.546477

[00:00:00] [worker #2] ML tree search #3, logLikelihood: -635.546477
[00:00:00] [worker #5] ML tree search #6, logLikelihood: -635.546476
[00:00:00] [worker #7] ML tree search #8, logLikelihood: -635.546476
[00:00:00] [worker #1] ML tree search #2, logLikelihood: -635.546477
[00:00:00 -1419.170251] Initial branch length optimization
[00:00:00 -1115.365327] Model parameter optimization (eps = 10.000000)
[00:00:00 -1082.600983] AUTODETECT spr round 1 (radius: 5)
[00:00:00 -692.690316] AUTODETECT spr round 2 (radius: 10)
[00:00:00 -687.864737] AUTODETECT spr round 3 (radius: 15)
[00:00:00 -687.864737] SPR radius for FAST iterations: 10 (autodetect)
[00:00:00 -687.864737] Model parameter optimization (eps = 3.000000)
[00:00:00 -685.751108] FAST spr round 1 (radius: 10)
[00:00:00 -652.595183] FAST spr round 2 (radius: 10)
[00:00:00 -635.885008] FAST spr round 3 (radius: 10)
[00:00:00 -635.885008] Model parameter optimization (eps = 1.000000)
[00:00:00 -635.546484] SLOW spr round 1 (radius: 5)
[00:00:00] [worker #3] ML tree search #12, logLikelihood: -635.546476
[00:00:00] [worker #6] ML tree search #15, logLikelihood: -635.546477
[00:00:00] [worker #5] ML tree search #14, logLikelihood: -635.546476
[00:00:00] [worker #7] ML tree search #16, logLikelihood: -635.546476
[00:00:00] [worker #4] ML tree search #13, logLikelihood: -635.546477
[00:00:00 -635.546481] SLOW spr round 2 (radius: 10)
[00:00:00] [worker #2] ML tree search #11, logLikelihood: -635.546477
[00:00:00] [worker #1] ML tree search #10, logLikelihood: -635.546477
[00:00:00 -635.546481] SLOW spr round 3 (radius: 15)
[00:00:00 -635.546481] SLOW spr round 4 (radius: 20)
[00:00:00 -635.546481] Model parameter optimization (eps = 0.100000)

[00:00:00] [worker #0] ML tree search #9, logLikelihood: -635.546478

[00:00:00 -1068.959443] Initial branch length optimization
[00:00:00 -662.097833] Model parameter optimization (eps = 10.000000)
[00:00:00 -649.963173] AUTODETECT spr round 1 (radius: 5)
[00:00:00 -635.871018] AUTODETECT spr round 2 (radius: 10)
[00:00:00 -635.871014] SPR radius for FAST iterations: 5 (autodetect)
[00:00:00 -635.871014] Model parameter optimization (eps = 3.000000)
[00:00:00 -635.777637] FAST spr round 1 (radius: 5)
[00:00:00 -635.777636] Model parameter optimization (eps = 1.000000)
[00:00:00 -635.777636] SLOW spr round 1 (radius: 5)
[00:00:00] [worker #3] ML tree search #20, logLikelihood: -635.546477
[00:00:00 -635.567075] SLOW spr round 2 (radius: 5)
[00:00:00] [worker #2] ML tree search #19, logLikelihood: -635.546477
[00:00:00 -635.567075] SLOW spr round 3 (radius: 10)
[00:00:00] [worker #1] ML tree search #18, logLikelihood: -635.546478
[00:00:00 -635.567075] SLOW spr round 4 (radius: 15)
[00:00:00 -635.567075] SLOW spr round 5 (radius: 20)
[00:00:00 -635.567075] Model parameter optimization (eps = 0.100000)

[00:00:00] [worker #0] ML tree search #17, logLikelihood: -635.546478


Optimized model parameters:

   Partition 0: noname
   Rate heterogeneity: NONE
   Base frequencies (ML): 0.286539 0.148655 0.351881 0.212926 
   Substitution rates (model): 1.000000 1.000000 1.000000 1.000000 1.000000 1.000000 


Final LogLikelihood: -635.546476

AIC score: 1351.092951 / AICc score: 1377.759618 / BIC score: 1475.087609
Free parameters (model + branch lengths): 40

WARNING: Best ML tree contains 3 near-zero branches!

Best ML tree with collapsed near-zero branches saved to: /home/fili/Documents/KIT/2023/BA/code/output/families/ssim_NE_s20_f100_sites200_GTR_bl1.0_d0.0_l0.0_t0.0_gc0.0_p0.0_pop10_ms0.0_mf0.0_seed19732311/families/family_061/misc/raxml_output.F81.raxml.bestTreeCollapsed
Best ML tree saved to: /home/fili/Documents/KIT/2023/BA/code/output/families/ssim_NE_s20_f100_sites200_GTR_bl1.0_d0.0_l0.0_t0.0_gc0.0_p0.0_pop10_ms0.0_mf0.0_seed19732311/families/family_061/misc/raxml_output.F81.raxml.bestTree
All ML trees saved to: /home/fili/Documents/KIT/2023/BA/code/output/families/ssim_NE_s20_f100_sites200_GTR_bl1.0_d0.0_l0.0_t0.0_gc0.0_p0.0_pop10_ms0.0_mf0.0_seed19732311/families/family_061/misc/raxml_output.F81.raxml.mlTrees
Optimized model saved to: /home/fili/Documents/KIT/2023/BA/code/output/families/ssim_NE_s20_f100_sites200_GTR_bl1.0_d0.0_l0.0_t0.0_gc0.0_p0.0_pop10_ms0.0_mf0.0_seed19732311/families/family_061/misc/raxml_output.F81.raxml.bestModel

Execution log saved to: /home/fili/Documents/KIT/2023/BA/code/output/families/ssim_NE_s20_f100_sites200_GTR_bl1.0_d0.0_l0.0_t0.0_gc0.0_p0.0_pop10_ms0.0_mf0.0_seed19732311/families/family_061/misc/raxml_output.F81.raxml.log

Analysis started: 21-Jun-2023 14:53:20 / finished: 21-Jun-2023 14:53:20

Elapsed time: 0.138 seconds

