
RAxML-NG v. 1.1.0 released on 29.11.2021 by The Exelixis Lab.
Developed by: Alexey M. Kozlov and Alexandros Stamatakis.
Contributors: Diego Darriba, Tomas Flouri, Benoit Morel, Sarah Lutteropp, Ben Bettisworth.
Latest version: https://github.com/amkozlov/raxml-ng
Questions/problems/suggestions? Please visit: https://groups.google.com/forum/#!forum/raxml

System: AMD Ryzen 7 5800X 8-Core Processor, 8 cores, 31 GB RAM

RAxML-NG was called at 12-May-2023 21:00:02 as follows:

/home/fili/Documents/KIT/2023/BA/resources/tools/RAxML-NG/raxml-ng --msa /home/fili/Documents/KIT/2023/BA/code/output/families/ssim_dtl_s20_f100_sites200_GTR_bl1.0_d0.0_l0.0_t1.0_gc0.0_p0.0_pop10_ms0.0_mf0.0_seed42/families/family_078/alignment.msa --model GTR+G --prefix /home/fili/Documents/KIT/2023/BA/code/output/families/ssim_dtl_s20_f100_sites200_GTR_bl1.0_d0.0_l0.0_t1.0_gc0.0_p0.0_pop10_ms0.0_mf0.0_seed42/families/family_078/misc/raxml_output.GTR+G

Analysis options:
  run mode: ML tree search
  start tree(s): random (10) + parsimony (10)
  random seed: 1683918002
  tip-inner: OFF
  pattern compression: ON
  per-rate scalers: OFF
  site repeats: ON
  fast spr radius: AUTO
  spr subtree cutoff: 1.000000
  branch lengths: proportional (ML estimate, algorithm: NR-FAST)
  SIMD kernels: AVX2
  parallelization: coarse-grained (auto), PTHREADS (auto)

[00:00:00] Reading alignment from file: /home/fili/Documents/KIT/2023/BA/code/output/families/ssim_dtl_s20_f100_sites200_GTR_bl1.0_d0.0_l0.0_t1.0_gc0.0_p0.0_pop10_ms0.0_mf0.0_seed42/families/family_078/alignment.msa
[00:00:00] Loaded alignment with 20 taxa and 155 sites

WARNING: Sequences 1_0_0 and 3_0_0 are exactly identical!
WARNING: Sequences 1_0_0 and 2_0_0 are exactly identical!
WARNING: Sequences 9_0_0 and 13_0_0 are exactly identical!
WARNING: Sequences 4_0_0 and 12_0_0 are exactly identical!
WARNING: Sequences 4_0_0 and 10_0_0 are exactly identical!
WARNING: Duplicate sequences found: 5

NOTE: Reduced alignment (with duplicates and gap-only sites/taxa removed) 
NOTE: was saved to: /home/fili/Documents/KIT/2023/BA/code/output/families/ssim_dtl_s20_f100_sites200_GTR_bl1.0_d0.0_l0.0_t1.0_gc0.0_p0.0_pop10_ms0.0_mf0.0_seed42/families/family_078/misc/raxml_output.GTR+G.raxml.reduced.phy

Alignment comprises 1 partitions and 86 patterns

Partition 0: noname
Model: GTR+FO+G4m
Alignment sites / patterns: 155 / 86
Gaps: 0.00 %
Invariant sites: 39.35 %


NOTE: Binary MSA file created: /home/fili/Documents/KIT/2023/BA/code/output/families/ssim_dtl_s20_f100_sites200_GTR_bl1.0_d0.0_l0.0_t1.0_gc0.0_p0.0_pop10_ms0.0_mf0.0_seed42/families/family_078/misc/raxml_output.GTR+G.raxml.rba

Parallelization scheme autoconfig: 8 worker(s) x 1 thread(s)

Parallel reduction/worker buffer size: 1 KB  / 0 KB

[00:00:00] Generating 10 random starting tree(s) with 20 taxa
[00:00:00] Generating 10 parsimony starting tree(s) with 20 taxa
[00:00:00] Data distribution: max. partitions/sites/weight per thread: 1 / 86 / 1376
[00:00:00] Data distribution: max. searches per worker: 3

Starting ML tree search with 20 distinct starting trees

[00:00:00 -1867.876447] Initial branch length optimization
[00:00:00 -1630.784749] Model parameter optimization (eps = 10.000000)
[00:00:00 -1357.008898] AUTODETECT spr round 1 (radius: 5)
[00:00:00 -967.830472] AUTODETECT spr round 2 (radius: 10)
[00:00:00 -967.827881] SPR radius for FAST iterations: 5 (autodetect)
[00:00:00 -967.827881] Model parameter optimization (eps = 3.000000)
[00:00:00 -957.927281] FAST spr round 1 (radius: 5)
[00:00:00 -954.994746] FAST spr round 2 (radius: 5)
[00:00:00 -954.982709] Model parameter optimization (eps = 1.000000)
[00:00:00 -954.918044] SLOW spr round 1 (radius: 5)
[00:00:00] [worker #1] ML tree search #2, logLikelihood: -954.932025
[00:00:00] [worker #6] ML tree search #7, logLikelihood: -955.007013
[00:00:00] [worker #4] ML tree search #5, logLikelihood: -954.910347
[00:00:00] [worker #2] ML tree search #3, logLikelihood: -954.962380
[00:00:00] [worker #5] ML tree search #6, logLikelihood: -954.951195
[00:00:00] [worker #3] ML tree search #4, logLikelihood: -954.899778
[00:00:00 -954.917131] SLOW spr round 2 (radius: 10)
[00:00:00 -954.917124] SLOW spr round 3 (radius: 15)
[00:00:00 -954.917124] SLOW spr round 4 (radius: 20)
[00:00:00 -954.917124] Model parameter optimization (eps = 0.100000)

[00:00:00] [worker #0] ML tree search #1, logLikelihood: -954.894475

[00:00:00 -1955.465368] Initial branch length optimization
[00:00:00 -1714.089056] Model parameter optimization (eps = 10.000000)
[00:00:00] [worker #7] ML tree search #8, logLikelihood: -954.979640
[00:00:00 -1412.336592] AUTODETECT spr round 1 (radius: 5)
[00:00:00 -969.291770] AUTODETECT spr round 2 (radius: 10)
[00:00:00 -969.290875] SPR radius for FAST iterations: 5 (autodetect)
[00:00:00 -969.290875] Model parameter optimization (eps = 3.000000)
[00:00:00 -960.242624] FAST spr round 1 (radius: 5)
[00:00:00 -955.325084] FAST spr round 2 (radius: 5)
[00:00:00 -955.157861] FAST spr round 3 (radius: 5)
[00:00:00 -955.154942] Model parameter optimization (eps = 1.000000)
[00:00:00] [worker #5] ML tree search #14, logLikelihood: -954.988841
[00:00:00 -954.956778] SLOW spr round 1 (radius: 5)
[00:00:00] [worker #3] ML tree search #12, logLikelihood: -954.941581
[00:00:00] [worker #4] ML tree search #13, logLikelihood: -954.935360
[00:00:00] [worker #6] ML tree search #15, logLikelihood: -954.986122
[00:00:00] [worker #2] ML tree search #11, logLikelihood: -954.986505
[00:00:00] [worker #1] ML tree search #10, logLikelihood: -955.010061
[00:00:00 -954.943254] SLOW spr round 2 (radius: 10)
[00:00:00 -954.943252] SLOW spr round 3 (radius: 15)
[00:00:00 -954.943252] SLOW spr round 4 (radius: 20)
[00:00:00] [worker #7] ML tree search #16, logLikelihood: -955.033249
[00:00:00 -954.943252] Model parameter optimization (eps = 0.100000)

[00:00:00] [worker #0] ML tree search #9, logLikelihood: -954.904678

[00:00:00 -1327.418810] Initial branch length optimization
[00:00:00 -1130.008199] Model parameter optimization (eps = 10.000000)
[00:00:00 -965.567800] AUTODETECT spr round 1 (radius: 5)
[00:00:00 -956.527460] AUTODETECT spr round 2 (radius: 10)
[00:00:00 -956.527103] SPR radius for FAST iterations: 5 (autodetect)
[00:00:00 -956.527103] Model parameter optimization (eps = 3.000000)
[00:00:00 -955.395034] FAST spr round 1 (radius: 5)
[00:00:00 -955.373342] Model parameter optimization (eps = 1.000000)
[00:00:00 -955.122085] SLOW spr round 1 (radius: 5)
[00:00:00] [worker #3] ML tree search #20, logLikelihood: -955.010495
[00:00:00] [worker #2] ML tree search #19, logLikelihood: -955.012829
[00:00:00 -955.113325] SLOW spr round 2 (radius: 10)
[00:00:00 -955.113250] SLOW spr round 3 (radius: 15)
[00:00:00 -955.113249] SLOW spr round 4 (radius: 20)
[00:00:00 -955.113249] Model parameter optimization (eps = 0.100000)
[00:00:00] [worker #1] ML tree search #18, logLikelihood: -954.981426

[00:00:00] [worker #0] ML tree search #17, logLikelihood: -954.939124


Optimized model parameters:

   Partition 0: noname
   Rate heterogeneity: GAMMA (4 cats, mean),  alpha: 1.095826 (ML),  weights&rates: (0.250000,0.155667) (0.250000,0.503774) (0.250000,1.014226) (0.250000,2.326333) 
   Base frequencies (ML): 0.219265 0.199158 0.235428 0.346149 
   Substitution rates (ML): 2.581401 44.264864 0.122963 0.639980 2.756280 1.000000 


Final LogLikelihood: -954.894475

AIC score: 2001.788949 / AICc score: 2041.825986 / BIC score: 2141.786505
Free parameters (model + branch lengths): 46

WARNING: Best ML tree contains 3 near-zero branches!

Best ML tree with collapsed near-zero branches saved to: /home/fili/Documents/KIT/2023/BA/code/output/families/ssim_dtl_s20_f100_sites200_GTR_bl1.0_d0.0_l0.0_t1.0_gc0.0_p0.0_pop10_ms0.0_mf0.0_seed42/families/family_078/misc/raxml_output.GTR+G.raxml.bestTreeCollapsed
Best ML tree saved to: /home/fili/Documents/KIT/2023/BA/code/output/families/ssim_dtl_s20_f100_sites200_GTR_bl1.0_d0.0_l0.0_t1.0_gc0.0_p0.0_pop10_ms0.0_mf0.0_seed42/families/family_078/misc/raxml_output.GTR+G.raxml.bestTree
All ML trees saved to: /home/fili/Documents/KIT/2023/BA/code/output/families/ssim_dtl_s20_f100_sites200_GTR_bl1.0_d0.0_l0.0_t1.0_gc0.0_p0.0_pop10_ms0.0_mf0.0_seed42/families/family_078/misc/raxml_output.GTR+G.raxml.mlTrees
Optimized model saved to: /home/fili/Documents/KIT/2023/BA/code/output/families/ssim_dtl_s20_f100_sites200_GTR_bl1.0_d0.0_l0.0_t1.0_gc0.0_p0.0_pop10_ms0.0_mf0.0_seed42/families/family_078/misc/raxml_output.GTR+G.raxml.bestModel

Execution log saved to: /home/fili/Documents/KIT/2023/BA/code/output/families/ssim_dtl_s20_f100_sites200_GTR_bl1.0_d0.0_l0.0_t1.0_gc0.0_p0.0_pop10_ms0.0_mf0.0_seed42/families/family_078/misc/raxml_output.GTR+G.raxml.log

Analysis started: 12-May-2023 21:00:02 / finished: 12-May-2023 21:00:02

Elapsed time: 0.464 seconds

