
RAxML-NG v. 1.1.0 released on 29.11.2021 by The Exelixis Lab.
Developed by: Alexey M. Kozlov and Alexandros Stamatakis.
Contributors: Diego Darriba, Tomas Flouri, Benoit Morel, Sarah Lutteropp, Ben Bettisworth.
Latest version: https://github.com/amkozlov/raxml-ng
Questions/problems/suggestions? Please visit: https://groups.google.com/forum/#!forum/raxml

System: AMD Ryzen 7 5800X 8-Core Processor, 8 cores, 31 GB RAM

RAxML-NG was called at 27-Jun-2023 13:47:18 as follows:

/home/fili/Documents/KIT/2023/BA/resources/tools/RAxML-NG/raxml-ng --msa /home/fili/Documents/KIT/2023/BA/code/output/families/ssim_NE_s20_f100_sites200_GTR_bl1.0_d0.0_l0.0_t0.0_gc0.0_p0.0_pop10_ms0.0_mf0.0_seed121873/families/family_016/alignment.msa --model F81 --prefix /home/fili/Documents/KIT/2023/BA/code/output/families/ssim_NE_s20_f100_sites200_GTR_bl1.0_d0.0_l0.0_t0.0_gc0.0_p0.0_pop10_ms0.0_mf0.0_seed121873/families/family_016/misc/raxml_output.F81

Analysis options:
  run mode: ML tree search
  start tree(s): random (10) + parsimony (10)
  random seed: 1687866438
  tip-inner: OFF
  pattern compression: ON
  per-rate scalers: OFF
  site repeats: ON
  fast spr radius: AUTO
  spr subtree cutoff: 1.000000
  branch lengths: proportional (ML estimate, algorithm: NR-FAST)
  SIMD kernels: AVX2
  parallelization: coarse-grained (auto), PTHREADS (auto)

[00:00:00] Reading alignment from file: /home/fili/Documents/KIT/2023/BA/code/output/families/ssim_NE_s20_f100_sites200_GTR_bl1.0_d0.0_l0.0_t0.0_gc0.0_p0.0_pop10_ms0.0_mf0.0_seed121873/families/family_016/alignment.msa
[00:00:00] Loaded alignment with 20 taxa and 147 sites

Alignment comprises 1 partitions and 87 patterns

Partition 0: noname
Model: F81+FO
Alignment sites / patterns: 147 / 87
Gaps: 0.00 %
Invariant sites: 36.73 %


NOTE: Binary MSA file created: /home/fili/Documents/KIT/2023/BA/code/output/families/ssim_NE_s20_f100_sites200_GTR_bl1.0_d0.0_l0.0_t0.0_gc0.0_p0.0_pop10_ms0.0_mf0.0_seed121873/families/family_016/misc/raxml_output.F81.raxml.rba

Parallelization scheme autoconfig: 8 worker(s) x 1 thread(s)

Parallel reduction/worker buffer size: 1 KB  / 0 KB

[00:00:00] Generating 10 random starting tree(s) with 20 taxa
[00:00:00] Generating 10 parsimony starting tree(s) with 20 taxa
[00:00:00] Data distribution: max. partitions/sites/weight per thread: 1 / 87 / 348
[00:00:00] Data distribution: max. searches per worker: 3

Starting ML tree search with 20 distinct starting trees

[00:00:00 -2452.863592] Initial branch length optimization
[00:00:00 -2129.920850] Model parameter optimization (eps = 10.000000)
[00:00:00 -2073.316141] AUTODETECT spr round 1 (radius: 5)
[00:00:00 -1202.456243] AUTODETECT spr round 2 (radius: 10)
[00:00:00 -1202.456083] SPR radius for FAST iterations: 5 (autodetect)
[00:00:00 -1202.456083] Model parameter optimization (eps = 3.000000)
[00:00:00 -1199.349327] FAST spr round 1 (radius: 5)
[00:00:00 -1158.916358] FAST spr round 2 (radius: 5)
[00:00:00 -1158.628716] FAST spr round 3 (radius: 5)
[00:00:00 -1158.608142] Model parameter optimization (eps = 1.000000)
[00:00:00 -1158.560572] SLOW spr round 1 (radius: 5)
[00:00:00 -1158.560542] SLOW spr round 2 (radius: 10)
[00:00:00] [worker #6] ML tree search #7, logLikelihood: -1159.321392
[00:00:00] [worker #3] ML tree search #4, logLikelihood: -1159.315750
[00:00:00 -1158.560542] SLOW spr round 3 (radius: 15)
[00:00:00] [worker #7] ML tree search #8, logLikelihood: -1158.560539
[00:00:00 -1158.560542] SLOW spr round 4 (radius: 20)
[00:00:00] [worker #1] ML tree search #2, logLikelihood: -1158.560537
[00:00:00 -1158.560542] Model parameter optimization (eps = 0.100000)

[00:00:00] [worker #0] ML tree search #1, logLikelihood: -1158.560537

[00:00:00] [worker #5] ML tree search #6, logLikelihood: -1159.315749
[00:00:00 -2194.791424] Initial branch length optimization
[00:00:00 -1970.520726] Model parameter optimization (eps = 10.000000)
[00:00:00 -1950.990445] AUTODETECT spr round 1 (radius: 5)
[00:00:00] [worker #4] ML tree search #5, logLikelihood: -1158.560537
[00:00:00] [worker #2] ML tree search #3, logLikelihood: -1158.560537
[00:00:00 -1300.677159] AUTODETECT spr round 2 (radius: 10)
[00:00:00 -1300.645897] SPR radius for FAST iterations: 5 (autodetect)
[00:00:00 -1300.645897] Model parameter optimization (eps = 3.000000)
[00:00:00 -1293.169839] FAST spr round 1 (radius: 5)
[00:00:00 -1159.901120] FAST spr round 2 (radius: 5)
[00:00:00 -1159.655208] FAST spr round 3 (radius: 5)
[00:00:00 -1159.621812] Model parameter optimization (eps = 1.000000)
[00:00:00 -1159.346806] SLOW spr round 1 (radius: 5)
[00:00:00] [worker #3] ML tree search #12, logLikelihood: -1158.560538
[00:00:00] [worker #2] ML tree search #11, logLikelihood: -1158.560538
[00:00:00] [worker #6] ML tree search #15, logLikelihood: -1158.571835
[00:00:00 -1159.329287] SLOW spr round 2 (radius: 10)
[00:00:00] [worker #5] ML tree search #14, logLikelihood: -1158.560537
[00:00:00] [worker #7] ML tree search #16, logLikelihood: -1158.560538
[00:00:00] [worker #1] ML tree search #10, logLikelihood: -1158.560537
[00:00:00 -1159.328818] SLOW spr round 3 (radius: 15)
[00:00:00] [worker #4] ML tree search #13, logLikelihood: -1158.571835
[00:00:00 -1159.328815] SLOW spr round 4 (radius: 20)
[00:00:00 -1159.328815] Model parameter optimization (eps = 0.100000)

[00:00:00] [worker #0] ML tree search #9, logLikelihood: -1159.315767

[00:00:00 -1403.106626] Initial branch length optimization
[00:00:00 -1193.119445] Model parameter optimization (eps = 10.000000)
[00:00:00 -1169.709786] AUTODETECT spr round 1 (radius: 5)
[00:00:00 -1159.701006] AUTODETECT spr round 2 (radius: 10)
[00:00:00 -1159.628685] SPR radius for FAST iterations: 5 (autodetect)
[00:00:00 -1159.628685] Model parameter optimization (eps = 3.000000)
[00:00:00 -1159.590227] FAST spr round 1 (radius: 5)
[00:00:00 -1159.346577] FAST spr round 2 (radius: 5)
[00:00:00 -1159.328305] Model parameter optimization (eps = 1.000000)
[00:00:00 -1159.315780] SLOW spr round 1 (radius: 5)
[00:00:00] [worker #3] ML tree search #20, logLikelihood: -1158.560539
[00:00:00 -1159.315754] SLOW spr round 2 (radius: 10)
[00:00:00] [worker #2] ML tree search #19, logLikelihood: -1158.560547
[00:00:00 -1159.315754] SLOW spr round 3 (radius: 15)
[00:00:00] [worker #1] ML tree search #18, logLikelihood: -1158.571834
[00:00:00 -1159.315754] SLOW spr round 4 (radius: 20)
[00:00:00 -1159.315754] Model parameter optimization (eps = 0.100000)

[00:00:00] [worker #0] ML tree search #17, logLikelihood: -1159.315750


Optimized model parameters:

   Partition 0: noname
   Rate heterogeneity: NONE
   Base frequencies (ML): 0.283883 0.140659 0.375969 0.199489 
   Substitution rates (model): 1.000000 1.000000 1.000000 1.000000 1.000000 1.000000 


Final LogLikelihood: -1158.560537

AIC score: 2397.121074 / AICc score: 2428.064470 / BIC score: 2516.738377
Free parameters (model + branch lengths): 40

Best ML tree saved to: /home/fili/Documents/KIT/2023/BA/code/output/families/ssim_NE_s20_f100_sites200_GTR_bl1.0_d0.0_l0.0_t0.0_gc0.0_p0.0_pop10_ms0.0_mf0.0_seed121873/families/family_016/misc/raxml_output.F81.raxml.bestTree
All ML trees saved to: /home/fili/Documents/KIT/2023/BA/code/output/families/ssim_NE_s20_f100_sites200_GTR_bl1.0_d0.0_l0.0_t0.0_gc0.0_p0.0_pop10_ms0.0_mf0.0_seed121873/families/family_016/misc/raxml_output.F81.raxml.mlTrees
Optimized model saved to: /home/fili/Documents/KIT/2023/BA/code/output/families/ssim_NE_s20_f100_sites200_GTR_bl1.0_d0.0_l0.0_t0.0_gc0.0_p0.0_pop10_ms0.0_mf0.0_seed121873/families/family_016/misc/raxml_output.F81.raxml.bestModel

Execution log saved to: /home/fili/Documents/KIT/2023/BA/code/output/families/ssim_NE_s20_f100_sites200_GTR_bl1.0_d0.0_l0.0_t0.0_gc0.0_p0.0_pop10_ms0.0_mf0.0_seed121873/families/family_016/misc/raxml_output.F81.raxml.log

Analysis started: 27-Jun-2023 13:47:18 / finished: 27-Jun-2023 13:47:18

Elapsed time: 0.221 seconds

