
RAxML-NG v. 1.1.0 released on 29.11.2021 by The Exelixis Lab.
Developed by: Alexey M. Kozlov and Alexandros Stamatakis.
Contributors: Diego Darriba, Tomas Flouri, Benoit Morel, Sarah Lutteropp, Ben Bettisworth.
Latest version: https://github.com/amkozlov/raxml-ng
Questions/problems/suggestions? Please visit: https://groups.google.com/forum/#!forum/raxml

System: AMD Ryzen 7 5800X 8-Core Processor, 8 cores, 31 GB RAM

RAxML-NG was called at 27-Jun-2023 13:47:08 as follows:

/home/fili/Documents/KIT/2023/BA/resources/tools/RAxML-NG/raxml-ng --msa /home/fili/Documents/KIT/2023/BA/code/output/families/ssim_NE_s20_f100_sites200_GTR_bl1.0_d0.0_l0.0_t0.0_gc0.0_p0.0_pop10_ms0.0_mf0.0_seed121873/families/family_061/alignment.msa --model F81 --prefix /home/fili/Documents/KIT/2023/BA/code/output/families/ssim_NE_s20_f100_sites200_GTR_bl1.0_d0.0_l0.0_t0.0_gc0.0_p0.0_pop10_ms0.0_mf0.0_seed121873/families/family_061/misc/raxml_output.F81

Analysis options:
  run mode: ML tree search
  start tree(s): random (10) + parsimony (10)
  random seed: 1687866428
  tip-inner: OFF
  pattern compression: ON
  per-rate scalers: OFF
  site repeats: ON
  fast spr radius: AUTO
  spr subtree cutoff: 1.000000
  branch lengths: proportional (ML estimate, algorithm: NR-FAST)
  SIMD kernels: AVX2
  parallelization: coarse-grained (auto), PTHREADS (auto)

[00:00:00] Reading alignment from file: /home/fili/Documents/KIT/2023/BA/code/output/families/ssim_NE_s20_f100_sites200_GTR_bl1.0_d0.0_l0.0_t0.0_gc0.0_p0.0_pop10_ms0.0_mf0.0_seed121873/families/family_061/alignment.msa
[00:00:00] Loaded alignment with 20 taxa and 316 sites

WARNING: Sequences 15_0_0 and 17_0_0 are exactly identical!
WARNING: Duplicate sequences found: 1

NOTE: Reduced alignment (with duplicates and gap-only sites/taxa removed) 
NOTE: was saved to: /home/fili/Documents/KIT/2023/BA/code/output/families/ssim_NE_s20_f100_sites200_GTR_bl1.0_d0.0_l0.0_t0.0_gc0.0_p0.0_pop10_ms0.0_mf0.0_seed121873/families/family_061/misc/raxml_output.F81.raxml.reduced.phy

Alignment comprises 1 partitions and 231 patterns

Partition 0: noname
Model: F81+FO
Alignment sites / patterns: 316 / 231
Gaps: 0.00 %
Invariant sites: 19.94 %


NOTE: Binary MSA file created: /home/fili/Documents/KIT/2023/BA/code/output/families/ssim_NE_s20_f100_sites200_GTR_bl1.0_d0.0_l0.0_t0.0_gc0.0_p0.0_pop10_ms0.0_mf0.0_seed121873/families/family_061/misc/raxml_output.F81.raxml.rba

Parallelization scheme autoconfig: 8 worker(s) x 1 thread(s)

Parallel reduction/worker buffer size: 1 KB  / 0 KB

[00:00:00] Generating 10 random starting tree(s) with 20 taxa
[00:00:00] Generating 10 parsimony starting tree(s) with 20 taxa
[00:00:00] Data distribution: max. partitions/sites/weight per thread: 1 / 231 / 924
[00:00:00] Data distribution: max. searches per worker: 3

Starting ML tree search with 20 distinct starting trees

[00:00:00 -5382.051445] Initial branch length optimization
[00:00:00 -4835.384178] Model parameter optimization (eps = 10.000000)
[00:00:00 -4702.806848] AUTODETECT spr round 1 (radius: 5)
[00:00:00 -3532.784632] AUTODETECT spr round 2 (radius: 10)
[00:00:00 -3532.784397] SPR radius for FAST iterations: 5 (autodetect)
[00:00:00 -3532.784397] Model parameter optimization (eps = 3.000000)
[00:00:00 -3531.694212] FAST spr round 1 (radius: 5)
[00:00:00 -3256.253264] FAST spr round 2 (radius: 5)
[00:00:00 -3255.320045] FAST spr round 3 (radius: 5)
[00:00:00 -3254.977617] FAST spr round 4 (radius: 5)
[00:00:00 -3254.977616] Model parameter optimization (eps = 1.000000)
[00:00:00 -3254.709128] SLOW spr round 1 (radius: 5)
[00:00:00 -3252.312851] SLOW spr round 2 (radius: 5)
[00:00:00 -3252.312706] SLOW spr round 3 (radius: 10)
[00:00:00] [worker #1] ML tree search #2, logLikelihood: -3253.104878
[00:00:00] [worker #4] ML tree search #5, logLikelihood: -3252.286233
[00:00:00] [worker #5] ML tree search #6, logLikelihood: -3253.104884
[00:00:00] [worker #7] ML tree search #8, logLikelihood: -3253.104887
[00:00:00] [worker #3] ML tree search #4, logLikelihood: -3253.104883
[00:00:00 -3252.312706] SLOW spr round 4 (radius: 15)
[00:00:00 -3252.312706] SLOW spr round 5 (radius: 20)
[00:00:00] [worker #2] ML tree search #3, logLikelihood: -3252.286232
[00:00:00 -3252.312706] Model parameter optimization (eps = 0.100000)

[00:00:00] [worker #0] ML tree search #1, logLikelihood: -3252.286233

[00:00:00] [worker #6] ML tree search #7, logLikelihood: -3252.286232
[00:00:00 -5783.956916] Initial branch length optimization
[00:00:00 -5212.783167] Model parameter optimization (eps = 10.000000)
[00:00:00 -5081.423924] AUTODETECT spr round 1 (radius: 5)
[00:00:00 -3372.628160] AUTODETECT spr round 2 (radius: 10)
[00:00:00 -3372.623939] SPR radius for FAST iterations: 5 (autodetect)
[00:00:00 -3372.623939] Model parameter optimization (eps = 3.000000)
[00:00:00 -3367.902811] FAST spr round 1 (radius: 5)
[00:00:00 -3256.579682] FAST spr round 2 (radius: 5)
[00:00:00 -3254.492705] FAST spr round 3 (radius: 5)
[00:00:00 -3254.275720] FAST spr round 4 (radius: 5)
[00:00:00] [worker #5] ML tree search #14, logLikelihood: -3252.286228
[00:00:00] [worker #4] ML tree search #13, logLikelihood: -3252.286230
[00:00:00 -3254.049171] FAST spr round 5 (radius: 5)
[00:00:00] [worker #3] ML tree search #12, logLikelihood: -3252.286230
[00:00:00 -3253.395494] FAST spr round 6 (radius: 5)
[00:00:00] [worker #1] ML tree search #10, logLikelihood: -3253.104873
[00:00:00] [worker #6] ML tree search #15, logLikelihood: -3252.286229
[00:00:00 -3253.155446] FAST spr round 7 (radius: 5)
[00:00:00] [worker #2] ML tree search #11, logLikelihood: -3252.286229
[00:00:00] [worker #7] ML tree search #16, logLikelihood: -3252.286228
[00:00:00 -3253.155253] Model parameter optimization (eps = 1.000000)
[00:00:00 -3253.105058] SLOW spr round 1 (radius: 5)
[00:00:00 -3253.104913] SLOW spr round 2 (radius: 10)
[00:00:00 -3253.104911] SLOW spr round 3 (radius: 15)
[00:00:00 -3253.104911] SLOW spr round 4 (radius: 20)
[00:00:00 -3253.104911] Model parameter optimization (eps = 0.100000)

[00:00:00] [worker #0] ML tree search #9, logLikelihood: -3253.104876

[00:00:00 -3744.508645] Initial branch length optimization
[00:00:00 -3365.942194] Model parameter optimization (eps = 10.000000)
[00:00:00 -3259.394861] AUTODETECT spr round 1 (radius: 5)
[00:00:00 -3253.302534] AUTODETECT spr round 2 (radius: 10)
[00:00:00] [worker #1] ML tree search #18, logLikelihood: -3252.286230
[00:00:00 -3253.300853] SPR radius for FAST iterations: 5 (autodetect)
[00:00:00 -3253.300853] Model parameter optimization (eps = 3.000000)
[00:00:00 -3253.232778] FAST spr round 1 (radius: 5)
[00:00:00 -3252.331410] FAST spr round 2 (radius: 5)
[00:00:00 -3252.309544] Model parameter optimization (eps = 1.000000)
[00:00:00 -3252.286238] SLOW spr round 1 (radius: 5)
[00:00:00] [worker #3] ML tree search #20, logLikelihood: -3252.286229
[00:00:00] [worker #2] ML tree search #19, logLikelihood: -3252.286228
[00:00:00 -3252.286233] SLOW spr round 2 (radius: 10)
[00:00:00 -3252.286233] SLOW spr round 3 (radius: 15)
[00:00:00 -3252.286233] SLOW spr round 4 (radius: 20)
[00:00:00 -3252.286233] Model parameter optimization (eps = 0.100000)

[00:00:00] [worker #0] ML tree search #17, logLikelihood: -3252.286230


Optimized model parameters:

   Partition 0: noname
   Rate heterogeneity: NONE
   Base frequencies (ML): 0.346196 0.121426 0.372422 0.159956 
   Substitution rates (model): 1.000000 1.000000 1.000000 1.000000 1.000000 1.000000 


Final LogLikelihood: -3252.286228

AIC score: 6584.572456 / AICc score: 6596.499728 / BIC score: 6734.802144
Free parameters (model + branch lengths): 40

Best ML tree saved to: /home/fili/Documents/KIT/2023/BA/code/output/families/ssim_NE_s20_f100_sites200_GTR_bl1.0_d0.0_l0.0_t0.0_gc0.0_p0.0_pop10_ms0.0_mf0.0_seed121873/families/family_061/misc/raxml_output.F81.raxml.bestTree
All ML trees saved to: /home/fili/Documents/KIT/2023/BA/code/output/families/ssim_NE_s20_f100_sites200_GTR_bl1.0_d0.0_l0.0_t0.0_gc0.0_p0.0_pop10_ms0.0_mf0.0_seed121873/families/family_061/misc/raxml_output.F81.raxml.mlTrees
Optimized model saved to: /home/fili/Documents/KIT/2023/BA/code/output/families/ssim_NE_s20_f100_sites200_GTR_bl1.0_d0.0_l0.0_t0.0_gc0.0_p0.0_pop10_ms0.0_mf0.0_seed121873/families/family_061/misc/raxml_output.F81.raxml.bestModel

Execution log saved to: /home/fili/Documents/KIT/2023/BA/code/output/families/ssim_NE_s20_f100_sites200_GTR_bl1.0_d0.0_l0.0_t0.0_gc0.0_p0.0_pop10_ms0.0_mf0.0_seed121873/families/family_061/misc/raxml_output.F81.raxml.log

Analysis started: 27-Jun-2023 13:47:08 / finished: 27-Jun-2023 13:47:08

Elapsed time: 0.545 seconds

