
RAxML-NG v. 1.1.0 released on 29.11.2021 by The Exelixis Lab.
Developed by: Alexey M. Kozlov and Alexandros Stamatakis.
Contributors: Diego Darriba, Tomas Flouri, Benoit Morel, Sarah Lutteropp, Ben Bettisworth.
Latest version: https://github.com/amkozlov/raxml-ng
Questions/problems/suggestions? Please visit: https://groups.google.com/forum/#!forum/raxml

System: AMD Ryzen 7 5800X 8-Core Processor, 8 cores, 31 GB RAM

RAxML-NG was called at 27-Jun-2023 13:43:32 as follows:

/home/fili/Documents/KIT/2023/BA/resources/tools/RAxML-NG/raxml-ng --msa /home/fili/Documents/KIT/2023/BA/code/output/families/ssim_DL_s20_f100_sites200_GTR_bl1.0_d1.0_l1.0_t0.0_gc0.0_p0.0_pop10_ms0.0_mf0.0_seed14976684177860080345/families/family_054/alignment.msa --model F81 --prefix /home/fili/Documents/KIT/2023/BA/code/output/families/ssim_DL_s20_f100_sites200_GTR_bl1.0_d1.0_l1.0_t0.0_gc0.0_p0.0_pop10_ms0.0_mf0.0_seed14976684177860080345/families/family_054/misc/raxml_output.F81

Analysis options:
  run mode: ML tree search
  start tree(s): random (10) + parsimony (10)
  random seed: 1687866212
  tip-inner: OFF
  pattern compression: ON
  per-rate scalers: OFF
  site repeats: ON
  fast spr radius: AUTO
  spr subtree cutoff: 1.000000
  branch lengths: proportional (ML estimate, algorithm: NR-FAST)
  SIMD kernels: AVX2
  parallelization: coarse-grained (auto), PTHREADS (auto)

[00:00:00] Reading alignment from file: /home/fili/Documents/KIT/2023/BA/code/output/families/ssim_DL_s20_f100_sites200_GTR_bl1.0_d1.0_l1.0_t0.0_gc0.0_p0.0_pop10_ms0.0_mf0.0_seed14976684177860080345/families/family_054/alignment.msa
[00:00:00] Loaded alignment with 54 taxa and 195 sites

WARNING: Sequences 2_23_0 and 14_23_0 are exactly identical!
WARNING: Sequences 14_27_0 and 14_14_0 are exactly identical!
WARNING: Sequences 14_27_0 and 2_14_0 are exactly identical!
WARNING: Sequences 14_10_0 and 2_10_0 are exactly identical!
WARNING: Sequences 2_16_0 and 14_16_0 are exactly identical!
WARNING: Sequences 3_16_0 and 3_17_0 are exactly identical!
WARNING: Sequences 2_21_0 and 2_29_0 are exactly identical!
WARNING: Duplicate sequences found: 7

NOTE: Reduced alignment (with duplicates and gap-only sites/taxa removed) 
NOTE: was saved to: /home/fili/Documents/KIT/2023/BA/code/output/families/ssim_DL_s20_f100_sites200_GTR_bl1.0_d1.0_l1.0_t0.0_gc0.0_p0.0_pop10_ms0.0_mf0.0_seed14976684177860080345/families/family_054/misc/raxml_output.F81.raxml.reduced.phy

Alignment comprises 1 partitions and 80 patterns

Partition 0: noname
Model: F81+FO
Alignment sites / patterns: 195 / 80
Gaps: 0.00 %
Invariant sites: 60.00 %


NOTE: Binary MSA file created: /home/fili/Documents/KIT/2023/BA/code/output/families/ssim_DL_s20_f100_sites200_GTR_bl1.0_d1.0_l1.0_t0.0_gc0.0_p0.0_pop10_ms0.0_mf0.0_seed14976684177860080345/families/family_054/misc/raxml_output.F81.raxml.rba

Parallelization scheme autoconfig: 8 worker(s) x 1 thread(s)

Parallel reduction/worker buffer size: 1 KB  / 0 KB

[00:00:00] Generating 10 random starting tree(s) with 54 taxa
[00:00:00] Generating 10 parsimony starting tree(s) with 54 taxa
[00:00:00] Data distribution: max. partitions/sites/weight per thread: 1 / 80 / 320
[00:00:00] Data distribution: max. searches per worker: 3

Starting ML tree search with 20 distinct starting trees

[00:00:00 -3499.956077] Initial branch length optimization
[00:00:00 -2208.790100] Model parameter optimization (eps = 10.000000)
[00:00:00 -2143.459997] AUTODETECT spr round 1 (radius: 5)
[00:00:00 -1603.653532] AUTODETECT spr round 2 (radius: 10)
[00:00:00 -1254.356985] AUTODETECT spr round 3 (radius: 15)
[00:00:00 -1254.356948] SPR radius for FAST iterations: 10 (autodetect)
[00:00:00 -1254.356948] Model parameter optimization (eps = 3.000000)
[00:00:00 -1245.006931] FAST spr round 1 (radius: 10)
[00:00:00 -1176.265003] FAST spr round 2 (radius: 10)
[00:00:00 -1175.084335] FAST spr round 3 (radius: 10)
[00:00:00 -1175.084335] Model parameter optimization (eps = 1.000000)
[00:00:00 -1175.010065] SLOW spr round 1 (radius: 5)
[00:00:00 -1174.952634] SLOW spr round 2 (radius: 10)
[00:00:00 -1174.232442] SLOW spr round 3 (radius: 5)
[00:00:00 -1174.232442] SLOW spr round 4 (radius: 10)
[00:00:00] [worker #1] ML tree search #2, logLikelihood: -1172.033034
[00:00:00 -1174.232442] SLOW spr round 5 (radius: 15)
[00:00:00] [worker #2] ML tree search #3, logLikelihood: -1174.229304
[00:00:00 -1174.232442] SLOW spr round 6 (radius: 20)
[00:00:00] [worker #6] ML tree search #7, logLikelihood: -1172.033033
[00:00:00 -1174.232442] SLOW spr round 7 (radius: 25)
[00:00:00] [worker #3] ML tree search #4, logLikelihood: -1172.033034
[00:00:00 -1174.232442] Model parameter optimization (eps = 0.100000)

[00:00:00] [worker #0] ML tree search #1, logLikelihood: -1174.229274

[00:00:00 -3495.720955] Initial branch length optimization
[00:00:00 -2234.389654] Model parameter optimization (eps = 10.000000)
[00:00:00 -2171.502834] AUTODETECT spr round 1 (radius: 5)
[00:00:00] [worker #7] ML tree search #8, logLikelihood: -1172.033035
[00:00:00 -1627.023374] AUTODETECT spr round 2 (radius: 10)
[00:00:00] [worker #4] ML tree search #5, logLikelihood: -1172.033033
[00:00:00 -1335.971675] AUTODETECT spr round 3 (radius: 15)
[00:00:00] [worker #5] ML tree search #6, logLikelihood: -1172.033034
[00:00:00 -1335.971675] SPR radius for FAST iterations: 10 (autodetect)
[00:00:00 -1335.971675] Model parameter optimization (eps = 3.000000)
[00:00:00 -1328.887172] FAST spr round 1 (radius: 10)
[00:00:00 -1219.664870] FAST spr round 2 (radius: 10)
[00:00:00 -1175.309251] FAST spr round 3 (radius: 10)
[00:00:00 -1175.309251] Model parameter optimization (eps = 1.000000)
[00:00:00 -1174.834727] SLOW spr round 1 (radius: 5)
[00:00:00 -1174.834627] SLOW spr round 2 (radius: 10)
[00:00:00 -1174.291960] SLOW spr round 3 (radius: 5)
[00:00:00] [worker #2] ML tree search #11, logLikelihood: -1172.033035
[00:00:00] [worker #1] ML tree search #10, logLikelihood: -1174.229273
[00:00:00] [worker #5] ML tree search #14, logLikelihood: -1174.229303
[00:00:00] [worker #7] ML tree search #16, logLikelihood: -1172.033033
[00:00:00 -1172.044150] SLOW spr round 4 (radius: 5)
[00:00:00 -1172.044126] SLOW spr round 5 (radius: 10)
[00:00:00] [worker #6] ML tree search #15, logLikelihood: -1172.033033
[00:00:00 -1172.044126] SLOW spr round 6 (radius: 15)
[00:00:00] [worker #2] ML tree search #19, logLikelihood: -1172.033035
[00:00:00 -1172.044126] SLOW spr round 7 (radius: 20)
[00:00:00 -1172.044126] SLOW spr round 8 (radius: 25)
[00:00:00 -1172.044126] Model parameter optimization (eps = 0.100000)

[00:00:00] [worker #0] ML tree search #9, logLikelihood: -1172.033035

[00:00:00 -2770.880684] Initial branch length optimization
[00:00:00 -1196.639566] Model parameter optimization (eps = 10.000000)
[00:00:00 -1184.895411] AUTODETECT spr round 1 (radius: 5)
[00:00:01 -1179.754688] AUTODETECT spr round 2 (radius: 10)
[00:00:01 -1175.702524] AUTODETECT spr round 3 (radius: 15)
[00:00:01 -1175.702524] SPR radius for FAST iterations: 10 (autodetect)
[00:00:01 -1175.702524] Model parameter optimization (eps = 3.000000)
[00:00:01 -1175.698840] FAST spr round 1 (radius: 10)
[00:00:01 -1174.296468] FAST spr round 2 (radius: 10)
[00:00:01 -1174.296468] Model parameter optimization (eps = 1.000000)
[00:00:01] [worker #1] ML tree search #18, logLikelihood: -1174.229273
[00:00:01 -1174.287339] SLOW spr round 1 (radius: 5)
[00:00:01] [worker #4] ML tree search #13, logLikelihood: -1172.033032
[00:00:01 -1174.238695] SLOW spr round 2 (radius: 10)
[00:00:01 -1172.039276] SLOW spr round 3 (radius: 5)
[00:00:01 -1172.039276] SLOW spr round 4 (radius: 10)
[00:00:01 -1172.039276] SLOW spr round 5 (radius: 15)
[00:00:01] [worker #3] ML tree search #12, logLikelihood: -1174.229305
[00:00:01 -1172.039276] SLOW spr round 6 (radius: 20)
[00:00:01 -1172.039276] SLOW spr round 7 (radius: 25)
[00:00:01 -1172.039276] Model parameter optimization (eps = 0.100000)

[00:00:01] [worker #0] ML tree search #17, logLikelihood: -1172.033034

[00:00:01] [worker #3] ML tree search #20, logLikelihood: -1172.087390

Optimized model parameters:

   Partition 0: noname
   Rate heterogeneity: NONE
   Base frequencies (ML): 0.300590 0.214985 0.320368 0.164057 
   Substitution rates (model): 1.000000 1.000000 1.000000 1.000000 1.000000 1.000000 


Final LogLikelihood: -1172.033032

AIC score: 2560.066064 / AICc score: 2833.833506 / BIC score: 2913.550017
Free parameters (model + branch lengths): 108

WARNING: Best ML tree contains 16 near-zero branches!

Best ML tree with collapsed near-zero branches saved to: /home/fili/Documents/KIT/2023/BA/code/output/families/ssim_DL_s20_f100_sites200_GTR_bl1.0_d1.0_l1.0_t0.0_gc0.0_p0.0_pop10_ms0.0_mf0.0_seed14976684177860080345/families/family_054/misc/raxml_output.F81.raxml.bestTreeCollapsed
Best ML tree saved to: /home/fili/Documents/KIT/2023/BA/code/output/families/ssim_DL_s20_f100_sites200_GTR_bl1.0_d1.0_l1.0_t0.0_gc0.0_p0.0_pop10_ms0.0_mf0.0_seed14976684177860080345/families/family_054/misc/raxml_output.F81.raxml.bestTree
All ML trees saved to: /home/fili/Documents/KIT/2023/BA/code/output/families/ssim_DL_s20_f100_sites200_GTR_bl1.0_d1.0_l1.0_t0.0_gc0.0_p0.0_pop10_ms0.0_mf0.0_seed14976684177860080345/families/family_054/misc/raxml_output.F81.raxml.mlTrees
Optimized model saved to: /home/fili/Documents/KIT/2023/BA/code/output/families/ssim_DL_s20_f100_sites200_GTR_bl1.0_d1.0_l1.0_t0.0_gc0.0_p0.0_pop10_ms0.0_mf0.0_seed14976684177860080345/families/family_054/misc/raxml_output.F81.raxml.bestModel

Execution log saved to: /home/fili/Documents/KIT/2023/BA/code/output/families/ssim_DL_s20_f100_sites200_GTR_bl1.0_d1.0_l1.0_t0.0_gc0.0_p0.0_pop10_ms0.0_mf0.0_seed14976684177860080345/families/family_054/misc/raxml_output.F81.raxml.log

Analysis started: 27-Jun-2023 13:43:32 / finished: 27-Jun-2023 13:43:34

Elapsed time: 1.549 seconds

