
RAxML-NG v. 1.1.0 released on 29.11.2021 by The Exelixis Lab.
Developed by: Alexey M. Kozlov and Alexandros Stamatakis.
Contributors: Diego Darriba, Tomas Flouri, Benoit Morel, Sarah Lutteropp, Ben Bettisworth.
Latest version: https://github.com/amkozlov/raxml-ng
Questions/problems/suggestions? Please visit: https://groups.google.com/forum/#!forum/raxml

System: AMD Ryzen 7 5800X 8-Core Processor, 8 cores, 31 GB RAM

RAxML-NG was called at 19-Jun-2023 17:11:07 as follows:

/home/fili/Documents/KIT/2023/BA/resources/tools/RAxML-NG/raxml-ng --msa /home/fili/Documents/KIT/2023/BA/code/output/families/ssim_NE_s20_f100_sites200_GTR_bl1.0_d0.0_l0.0_t0.0_gc0.0_p0.0_pop10_ms0.0_mf0.0_seed42/families/family_085/alignment.msa --model F81 --prefix /home/fili/Documents/KIT/2023/BA/code/output/families/ssim_NE_s20_f100_sites200_GTR_bl1.0_d0.0_l0.0_t0.0_gc0.0_p0.0_pop10_ms0.0_mf0.0_seed42/families/family_085/misc/raxml_output.F81

Analysis options:
  run mode: ML tree search
  start tree(s): random (10) + parsimony (10)
  random seed: 1687187467
  tip-inner: OFF
  pattern compression: ON
  per-rate scalers: OFF
  site repeats: ON
  fast spr radius: AUTO
  spr subtree cutoff: 1.000000
  branch lengths: proportional (ML estimate, algorithm: NR-FAST)
  SIMD kernels: AVX2
  parallelization: coarse-grained (auto), PTHREADS (auto)

[00:00:00] Reading alignment from file: /home/fili/Documents/KIT/2023/BA/code/output/families/ssim_NE_s20_f100_sites200_GTR_bl1.0_d0.0_l0.0_t0.0_gc0.0_p0.0_pop10_ms0.0_mf0.0_seed42/families/family_085/alignment.msa
[00:00:00] Loaded alignment with 20 taxa and 150 sites

WARNING: Sequences 13_0_0 and 9_0_0 are exactly identical!
WARNING: Sequences 3_0_0 and 2_0_0 are exactly identical!
WARNING: Sequences 3_0_0 and 1_0_0 are exactly identical!
WARNING: Duplicate sequences found: 3

NOTE: Reduced alignment (with duplicates and gap-only sites/taxa removed) 
NOTE: was saved to: /home/fili/Documents/KIT/2023/BA/code/output/families/ssim_NE_s20_f100_sites200_GTR_bl1.0_d0.0_l0.0_t0.0_gc0.0_p0.0_pop10_ms0.0_mf0.0_seed42/families/family_085/misc/raxml_output.F81.raxml.reduced.phy

Alignment comprises 1 partitions and 67 patterns

Partition 0: noname
Model: F81+FO
Alignment sites / patterns: 150 / 67
Gaps: 0.00 %
Invariant sites: 57.33 %


NOTE: Binary MSA file created: /home/fili/Documents/KIT/2023/BA/code/output/families/ssim_NE_s20_f100_sites200_GTR_bl1.0_d0.0_l0.0_t0.0_gc0.0_p0.0_pop10_ms0.0_mf0.0_seed42/families/family_085/misc/raxml_output.F81.raxml.rba

Parallelization scheme autoconfig: 8 worker(s) x 1 thread(s)

Parallel reduction/worker buffer size: 1 KB  / 0 KB

[00:00:00] Generating 10 random starting tree(s) with 20 taxa
[00:00:00] Generating 10 parsimony starting tree(s) with 20 taxa
[00:00:00] Data distribution: max. partitions/sites/weight per thread: 1 / 67 / 268
[00:00:00] Data distribution: max. searches per worker: 3

Starting ML tree search with 20 distinct starting trees

[00:00:00 -1592.165208] Initial branch length optimization
[00:00:00 -1388.606580] Model parameter optimization (eps = 10.000000)
[00:00:00 -1364.019018] AUTODETECT spr round 1 (radius: 5)
[00:00:00 -962.954256] AUTODETECT spr round 2 (radius: 10)
[00:00:00 -955.234112] AUTODETECT spr round 3 (radius: 15)
[00:00:00 -955.232092] SPR radius for FAST iterations: 10 (autodetect)
[00:00:00 -955.232092] Model parameter optimization (eps = 3.000000)
[00:00:00 -954.424399] FAST spr round 1 (radius: 10)
[00:00:00 -948.831634] FAST spr round 2 (radius: 10)
[00:00:00 -948.831632] Model parameter optimization (eps = 1.000000)
[00:00:00 -948.803078] SLOW spr round 1 (radius: 5)
[00:00:00] [worker #4] ML tree search #5, logLikelihood: -949.576153
[00:00:00] [worker #7] ML tree search #8, logLikelihood: -948.803070
[00:00:00] [worker #6] ML tree search #7, logLikelihood: -949.576153
[00:00:00 -948.803074] SLOW spr round 2 (radius: 10)
[00:00:00 -948.803074] SLOW spr round 3 (radius: 15)
[00:00:00 -948.803074] SLOW spr round 4 (radius: 20)
[00:00:00 -948.803074] Model parameter optimization (eps = 0.100000)

[00:00:00] [worker #0] ML tree search #1, logLikelihood: -948.803071

[00:00:00 -1697.232996] Initial branch length optimization
[00:00:00] [worker #2] ML tree search #3, logLikelihood: -948.788120
[00:00:00 -1494.950658] Model parameter optimization (eps = 10.000000)
[00:00:00] [worker #3] ML tree search #4, logLikelihood: -949.576153
[00:00:00 -1469.503969] AUTODETECT spr round 1 (radius: 5)
[00:00:00] [worker #1] ML tree search #2, logLikelihood: -948.788120
[00:00:00] [worker #5] ML tree search #6, logLikelihood: -949.576153
[00:00:00 -972.950090] AUTODETECT spr round 2 (radius: 10)
[00:00:00 -966.207749] AUTODETECT spr round 3 (radius: 15)
[00:00:00 -966.207602] SPR radius for FAST iterations: 10 (autodetect)
[00:00:00 -966.207602] Model parameter optimization (eps = 3.000000)
[00:00:00 -965.571096] FAST spr round 1 (radius: 10)
[00:00:00] [worker #4] ML tree search #13, logLikelihood: -948.788120
[00:00:00] [worker #7] ML tree search #16, logLikelihood: -948.803071
[00:00:00 -957.196058] FAST spr round 2 (radius: 10)
[00:00:00] [worker #6] ML tree search #15, logLikelihood: -949.576206
[00:00:00 -949.783139] FAST spr round 3 (radius: 10)
[00:00:00 -949.783098] Model parameter optimization (eps = 1.000000)
[00:00:00 -949.576508] SLOW spr round 1 (radius: 5)
[00:00:00 -949.576314] SLOW spr round 2 (radius: 10)
[00:00:00] [worker #5] ML tree search #14, logLikelihood: -949.702979
[00:00:00 -949.576314] SLOW spr round 3 (radius: 15)
[00:00:00 -949.576314] SLOW spr round 4 (radius: 20)
[00:00:00 -949.576314] Model parameter optimization (eps = 0.100000)

[00:00:00] [worker #0] ML tree search #9, logLikelihood: -949.576153

[00:00:00 -1268.455558] Initial branch length optimization
[00:00:00 -988.811156] Model parameter optimization (eps = 10.000000)
[00:00:00] [worker #3] ML tree search #12, logLikelihood: -948.788120
[00:00:00 -974.789744] AUTODETECT spr round 1 (radius: 5)
[00:00:00 -949.441122] AUTODETECT spr round 2 (radius: 10)
[00:00:00 -949.415150] SPR radius for FAST iterations: 5 (autodetect)
[00:00:00 -949.415150] Model parameter optimization (eps = 3.000000)
[00:00:00 -949.256225] FAST spr round 1 (radius: 5)
[00:00:00 -948.796888] FAST spr round 2 (radius: 5)
[00:00:00 -948.796883] Model parameter optimization (eps = 1.000000)
[00:00:00] [worker #2] ML tree search #11, logLikelihood: -949.576208
[00:00:00 -948.788123] SLOW spr round 1 (radius: 5)
[00:00:00 -948.788121] SLOW spr round 2 (radius: 10)
[00:00:00] [worker #1] ML tree search #10, logLikelihood: -949.576154
[00:00:00 -948.788121] SLOW spr round 3 (radius: 15)
[00:00:00 -948.788121] SLOW spr round 4 (radius: 20)
[00:00:00 -948.788121] Model parameter optimization (eps = 0.100000)

[00:00:00] [worker #0] ML tree search #17, logLikelihood: -948.788120

[00:00:00] [worker #3] ML tree search #20, logLikelihood: -949.576153
[00:00:00] [worker #2] ML tree search #19, logLikelihood: -948.788120
[00:00:00] [worker #1] ML tree search #18, logLikelihood: -948.788119

Optimized model parameters:

   Partition 0: noname
   Rate heterogeneity: NONE
   Base frequencies (ML): 0.298296 0.145573 0.332952 0.223179 
   Substitution rates (model): 1.000000 1.000000 1.000000 1.000000 1.000000 1.000000 


Final LogLikelihood: -948.788119

AIC score: 1977.576238 / AICc score: 2007.667982 / BIC score: 2098.001650
Free parameters (model + branch lengths): 40

WARNING: Best ML tree contains 1 near-zero branches!

Best ML tree with collapsed near-zero branches saved to: /home/fili/Documents/KIT/2023/BA/code/output/families/ssim_NE_s20_f100_sites200_GTR_bl1.0_d0.0_l0.0_t0.0_gc0.0_p0.0_pop10_ms0.0_mf0.0_seed42/families/family_085/misc/raxml_output.F81.raxml.bestTreeCollapsed
Best ML tree saved to: /home/fili/Documents/KIT/2023/BA/code/output/families/ssim_NE_s20_f100_sites200_GTR_bl1.0_d0.0_l0.0_t0.0_gc0.0_p0.0_pop10_ms0.0_mf0.0_seed42/families/family_085/misc/raxml_output.F81.raxml.bestTree
All ML trees saved to: /home/fili/Documents/KIT/2023/BA/code/output/families/ssim_NE_s20_f100_sites200_GTR_bl1.0_d0.0_l0.0_t0.0_gc0.0_p0.0_pop10_ms0.0_mf0.0_seed42/families/family_085/misc/raxml_output.F81.raxml.mlTrees
Optimized model saved to: /home/fili/Documents/KIT/2023/BA/code/output/families/ssim_NE_s20_f100_sites200_GTR_bl1.0_d0.0_l0.0_t0.0_gc0.0_p0.0_pop10_ms0.0_mf0.0_seed42/families/family_085/misc/raxml_output.F81.raxml.bestModel

Execution log saved to: /home/fili/Documents/KIT/2023/BA/code/output/families/ssim_NE_s20_f100_sites200_GTR_bl1.0_d0.0_l0.0_t0.0_gc0.0_p0.0_pop10_ms0.0_mf0.0_seed42/families/family_085/misc/raxml_output.F81.raxml.log

Analysis started: 19-Jun-2023 17:11:07 / finished: 19-Jun-2023 17:11:07

Elapsed time: 0.272 seconds

