
RAxML-NG v. 1.1.0 released on 29.11.2021 by The Exelixis Lab.
Developed by: Alexey M. Kozlov and Alexandros Stamatakis.
Contributors: Diego Darriba, Tomas Flouri, Benoit Morel, Sarah Lutteropp, Ben Bettisworth.
Latest version: https://github.com/amkozlov/raxml-ng
Questions/problems/suggestions? Please visit: https://groups.google.com/forum/#!forum/raxml

System: AMD Ryzen 7 5800X 8-Core Processor, 8 cores, 31 GB RAM

RAxML-NG was called at 27-Jun-2023 13:51:54 as follows:

/home/fili/Documents/KIT/2023/BA/resources/tools/RAxML-NG/raxml-ng --msa /home/fili/Documents/KIT/2023/BA/code/output/families/ssim_NE_s20_f100_sites200_GTR_bl1.0_d0.0_l0.0_t0.0_gc0.0_p0.0_pop10_ms0.0_mf0.0_seed14976684177860080345/families/family_015/alignment.msa --model F81 --prefix /home/fili/Documents/KIT/2023/BA/code/output/families/ssim_NE_s20_f100_sites200_GTR_bl1.0_d0.0_l0.0_t0.0_gc0.0_p0.0_pop10_ms0.0_mf0.0_seed14976684177860080345/families/family_015/misc/raxml_output.F81

Analysis options:
  run mode: ML tree search
  start tree(s): random (10) + parsimony (10)
  random seed: 1687866714
  tip-inner: OFF
  pattern compression: ON
  per-rate scalers: OFF
  site repeats: ON
  fast spr radius: AUTO
  spr subtree cutoff: 1.000000
  branch lengths: proportional (ML estimate, algorithm: NR-FAST)
  SIMD kernels: AVX2
  parallelization: coarse-grained (auto), PTHREADS (auto)

[00:00:00] Reading alignment from file: /home/fili/Documents/KIT/2023/BA/code/output/families/ssim_NE_s20_f100_sites200_GTR_bl1.0_d0.0_l0.0_t0.0_gc0.0_p0.0_pop10_ms0.0_mf0.0_seed14976684177860080345/families/family_015/alignment.msa
[00:00:00] Loaded alignment with 20 taxa and 157 sites

WARNING: Sequences 1_0_0 and 7_0_0 are exactly identical!
WARNING: Sequences 10_0_0 and 5_0_0 are exactly identical!
WARNING: Sequences 14_0_0 and 2_0_0 are exactly identical!
WARNING: Duplicate sequences found: 3

NOTE: Reduced alignment (with duplicates and gap-only sites/taxa removed) 
NOTE: was saved to: /home/fili/Documents/KIT/2023/BA/code/output/families/ssim_NE_s20_f100_sites200_GTR_bl1.0_d0.0_l0.0_t0.0_gc0.0_p0.0_pop10_ms0.0_mf0.0_seed14976684177860080345/families/family_015/misc/raxml_output.F81.raxml.reduced.phy

Alignment comprises 1 partitions and 51 patterns

Partition 0: noname
Model: F81+FO
Alignment sites / patterns: 157 / 51
Gaps: 0.00 %
Invariant sites: 66.88 %


NOTE: Binary MSA file created: /home/fili/Documents/KIT/2023/BA/code/output/families/ssim_NE_s20_f100_sites200_GTR_bl1.0_d0.0_l0.0_t0.0_gc0.0_p0.0_pop10_ms0.0_mf0.0_seed14976684177860080345/families/family_015/misc/raxml_output.F81.raxml.rba

Parallelization scheme autoconfig: 8 worker(s) x 1 thread(s)

Parallel reduction/worker buffer size: 1 KB  / 0 KB

[00:00:00] Generating 10 random starting tree(s) with 20 taxa
[00:00:00] Generating 10 parsimony starting tree(s) with 20 taxa
[00:00:00] Data distribution: max. partitions/sites/weight per thread: 1 / 51 / 204
[00:00:00] Data distribution: max. searches per worker: 3

Starting ML tree search with 20 distinct starting trees

[00:00:00 -1873.053580] Initial branch length optimization
[00:00:00 -1602.664108] Model parameter optimization (eps = 10.000000)
[00:00:00 -1566.532358] AUTODETECT spr round 1 (radius: 5)
[00:00:00 -743.437918] AUTODETECT spr round 2 (radius: 10)
[00:00:00 -738.358492] AUTODETECT spr round 3 (radius: 15)
[00:00:00 -738.356006] SPR radius for FAST iterations: 10 (autodetect)
[00:00:00 -738.356006] Model parameter optimization (eps = 3.000000)
[00:00:00 -738.043431] FAST spr round 1 (radius: 10)
[00:00:00 -736.161911] FAST spr round 2 (radius: 10)
[00:00:00 -718.107515] FAST spr round 3 (radius: 10)
[00:00:00 -718.107439] Model parameter optimization (eps = 1.000000)
[00:00:00 -717.895770] SLOW spr round 1 (radius: 5)
[00:00:00 -717.895734] SLOW spr round 2 (radius: 10)
[00:00:00] [worker #5] ML tree search #6, logLikelihood: -719.199272
[00:00:00] [worker #2] ML tree search #3, logLikelihood: -719.199272
[00:00:00] [worker #7] ML tree search #8, logLikelihood: -717.895724
[00:00:00 -717.895729] SLOW spr round 3 (radius: 15)
[00:00:00] [worker #1] ML tree search #2, logLikelihood: -719.199272
[00:00:00 -717.895728] SLOW spr round 4 (radius: 20)
[00:00:00] [worker #4] ML tree search #5, logLikelihood: -719.199272
[00:00:00 -717.895727] Model parameter optimization (eps = 0.100000)

[00:00:00] [worker #0] ML tree search #1, logLikelihood: -717.895724

[00:00:00] [worker #3] ML tree search #4, logLikelihood: -717.895724
[00:00:00] [worker #6] ML tree search #7, logLikelihood: -717.895724
[00:00:00 -1905.402746] Initial branch length optimization
[00:00:00 -1638.896316] Model parameter optimization (eps = 10.000000)
[00:00:00 -1620.984853] AUTODETECT spr round 1 (radius: 5)
[00:00:00 -744.991802] AUTODETECT spr round 2 (radius: 10)
[00:00:00 -744.991068] SPR radius for FAST iterations: 5 (autodetect)
[00:00:00 -744.991068] Model parameter optimization (eps = 3.000000)
[00:00:00 -742.315270] FAST spr round 1 (radius: 5)
[00:00:00 -726.113878] FAST spr round 2 (radius: 5)
[00:00:00 -717.967680] FAST spr round 3 (radius: 5)
[00:00:00 -717.967680] Model parameter optimization (eps = 1.000000)
[00:00:00] [worker #5] ML tree search #14, logLikelihood: -717.895724
[00:00:00 -717.895728] SLOW spr round 1 (radius: 5)
[00:00:00] [worker #4] ML tree search #13, logLikelihood: -717.895724
[00:00:00] [worker #3] ML tree search #12, logLikelihood: -719.199272
[00:00:00] [worker #2] ML tree search #11, logLikelihood: -717.895724
[00:00:00] [worker #6] ML tree search #15, logLikelihood: -719.199272
[00:00:00 -717.895725] SLOW spr round 2 (radius: 10)
[00:00:00] [worker #7] ML tree search #16, logLikelihood: -717.895724
[00:00:00 -717.895725] SLOW spr round 3 (radius: 15)
[00:00:00 -717.895725] SLOW spr round 4 (radius: 20)
[00:00:00] [worker #1] ML tree search #10, logLikelihood: -717.895724
[00:00:00 -717.895725] Model parameter optimization (eps = 0.100000)

[00:00:00] [worker #0] ML tree search #9, logLikelihood: -717.895724

[00:00:00 -1113.230446] Initial branch length optimization
[00:00:00 -741.353760] Model parameter optimization (eps = 10.000000)
[00:00:00 -732.981743] AUTODETECT spr round 1 (radius: 5)
[00:00:00 -718.485240] AUTODETECT spr round 2 (radius: 10)
[00:00:00 -718.485173] SPR radius for FAST iterations: 5 (autodetect)
[00:00:00 -718.485173] Model parameter optimization (eps = 3.000000)
[00:00:00 -718.176306] FAST spr round 1 (radius: 5)
[00:00:00 -717.896560] FAST spr round 2 (radius: 5)
[00:00:00 -717.896558] Model parameter optimization (eps = 1.000000)
[00:00:00 -717.895725] SLOW spr round 1 (radius: 5)
[00:00:00] [worker #2] ML tree search #19, logLikelihood: -717.895724
[00:00:00] [worker #3] ML tree search #20, logLikelihood: -717.895724
[00:00:00 -717.895724] SLOW spr round 2 (radius: 10)
[00:00:00] [worker #1] ML tree search #18, logLikelihood: -717.895725
[00:00:00 -717.895724] SLOW spr round 3 (radius: 15)
[00:00:00 -717.895724] SLOW spr round 4 (radius: 20)
[00:00:00 -717.895724] Model parameter optimization (eps = 0.100000)

[00:00:00] [worker #0] ML tree search #17, logLikelihood: -717.895724


Optimized model parameters:

   Partition 0: noname
   Rate heterogeneity: NONE
   Base frequencies (ML): 0.223484 0.163639 0.347437 0.265440 
   Substitution rates (model): 1.000000 1.000000 1.000000 1.000000 1.000000 1.000000 


Final LogLikelihood: -717.895724

AIC score: 1515.791448 / AICc score: 1544.067310 / BIC score: 1638.041280
Free parameters (model + branch lengths): 40

WARNING: Best ML tree contains 3 near-zero branches!

Best ML tree with collapsed near-zero branches saved to: /home/fili/Documents/KIT/2023/BA/code/output/families/ssim_NE_s20_f100_sites200_GTR_bl1.0_d0.0_l0.0_t0.0_gc0.0_p0.0_pop10_ms0.0_mf0.0_seed14976684177860080345/families/family_015/misc/raxml_output.F81.raxml.bestTreeCollapsed
Best ML tree saved to: /home/fili/Documents/KIT/2023/BA/code/output/families/ssim_NE_s20_f100_sites200_GTR_bl1.0_d0.0_l0.0_t0.0_gc0.0_p0.0_pop10_ms0.0_mf0.0_seed14976684177860080345/families/family_015/misc/raxml_output.F81.raxml.bestTree
All ML trees saved to: /home/fili/Documents/KIT/2023/BA/code/output/families/ssim_NE_s20_f100_sites200_GTR_bl1.0_d0.0_l0.0_t0.0_gc0.0_p0.0_pop10_ms0.0_mf0.0_seed14976684177860080345/families/family_015/misc/raxml_output.F81.raxml.mlTrees
Optimized model saved to: /home/fili/Documents/KIT/2023/BA/code/output/families/ssim_NE_s20_f100_sites200_GTR_bl1.0_d0.0_l0.0_t0.0_gc0.0_p0.0_pop10_ms0.0_mf0.0_seed14976684177860080345/families/family_015/misc/raxml_output.F81.raxml.bestModel

Execution log saved to: /home/fili/Documents/KIT/2023/BA/code/output/families/ssim_NE_s20_f100_sites200_GTR_bl1.0_d0.0_l0.0_t0.0_gc0.0_p0.0_pop10_ms0.0_mf0.0_seed14976684177860080345/families/family_015/misc/raxml_output.F81.raxml.log

Analysis started: 27-Jun-2023 13:51:54 / finished: 27-Jun-2023 13:51:54

Elapsed time: 0.142 seconds

