
RAxML-NG v. 1.1.0 released on 29.11.2021 by The Exelixis Lab.
Developed by: Alexey M. Kozlov and Alexandros Stamatakis.
Contributors: Diego Darriba, Tomas Flouri, Benoit Morel, Sarah Lutteropp, Ben Bettisworth.
Latest version: https://github.com/amkozlov/raxml-ng
Questions/problems/suggestions? Please visit: https://groups.google.com/forum/#!forum/raxml

System: AMD Ryzen 7 5800X 8-Core Processor, 8 cores, 31 GB RAM

RAxML-NG was called at 12-May-2023 21:00:26 as follows:

/home/fili/Documents/KIT/2023/BA/resources/tools/RAxML-NG/raxml-ng --msa /home/fili/Documents/KIT/2023/BA/code/output/families/ssim_dtl_s20_f100_sites200_GTR_bl1.0_d0.0_l0.0_t1.0_gc0.0_p0.0_pop10_ms0.0_mf0.0_seed42/families/family_010/alignment.msa --model GTR+G --prefix /home/fili/Documents/KIT/2023/BA/code/output/families/ssim_dtl_s20_f100_sites200_GTR_bl1.0_d0.0_l0.0_t1.0_gc0.0_p0.0_pop10_ms0.0_mf0.0_seed42/families/family_010/misc/raxml_output.GTR+G

Analysis options:
  run mode: ML tree search
  start tree(s): random (10) + parsimony (10)
  random seed: 1683918026
  tip-inner: OFF
  pattern compression: ON
  per-rate scalers: OFF
  site repeats: ON
  fast spr radius: AUTO
  spr subtree cutoff: 1.000000
  branch lengths: proportional (ML estimate, algorithm: NR-FAST)
  SIMD kernels: AVX2
  parallelization: coarse-grained (auto), PTHREADS (auto)

[00:00:00] Reading alignment from file: /home/fili/Documents/KIT/2023/BA/code/output/families/ssim_dtl_s20_f100_sites200_GTR_bl1.0_d0.0_l0.0_t1.0_gc0.0_p0.0_pop10_ms0.0_mf0.0_seed42/families/family_010/alignment.msa
[00:00:00] Loaded alignment with 20 taxa and 108 sites

WARNING: Sequences 2_0_0 and 3_0_0 are exactly identical!
WARNING: Sequences 9_0_0 and 13_0_0 are exactly identical!
WARNING: Sequences 5_0_0 and 10_0_0 are exactly identical!
WARNING: Duplicate sequences found: 3

NOTE: Reduced alignment (with duplicates and gap-only sites/taxa removed) 
NOTE: was saved to: /home/fili/Documents/KIT/2023/BA/code/output/families/ssim_dtl_s20_f100_sites200_GTR_bl1.0_d0.0_l0.0_t1.0_gc0.0_p0.0_pop10_ms0.0_mf0.0_seed42/families/family_010/misc/raxml_output.GTR+G.raxml.reduced.phy

Alignment comprises 1 partitions and 38 patterns

Partition 0: noname
Model: GTR+FO+G4m
Alignment sites / patterns: 108 / 38
Gaps: 0.00 %
Invariant sites: 63.89 %


NOTE: Binary MSA file created: /home/fili/Documents/KIT/2023/BA/code/output/families/ssim_dtl_s20_f100_sites200_GTR_bl1.0_d0.0_l0.0_t1.0_gc0.0_p0.0_pop10_ms0.0_mf0.0_seed42/families/family_010/misc/raxml_output.GTR+G.raxml.rba

Parallelization scheme autoconfig: 8 worker(s) x 1 thread(s)

Parallel reduction/worker buffer size: 1 KB  / 0 KB

[00:00:00] Generating 10 random starting tree(s) with 20 taxa
[00:00:00] Generating 10 parsimony starting tree(s) with 20 taxa
[00:00:00] Data distribution: max. partitions/sites/weight per thread: 1 / 38 / 608
[00:00:00] Data distribution: max. searches per worker: 3

Starting ML tree search with 20 distinct starting trees

[00:00:00 -975.138269] Initial branch length optimization
[00:00:00 -873.238106] Model parameter optimization (eps = 10.000000)
[00:00:00 -683.472783] AUTODETECT spr round 1 (radius: 5)
[00:00:00 -464.653140] AUTODETECT spr round 2 (radius: 10)
[00:00:00 -464.646542] SPR radius for FAST iterations: 5 (autodetect)
[00:00:00 -464.646542] Model parameter optimization (eps = 3.000000)
[00:00:00 -451.107464] FAST spr round 1 (radius: 5)
[00:00:00 -446.075759] FAST spr round 2 (radius: 5)
[00:00:00 -446.066110] Model parameter optimization (eps = 1.000000)
[00:00:00 -445.555523] SLOW spr round 1 (radius: 5)
[00:00:00 -445.307543] SLOW spr round 2 (radius: 5)
[00:00:00] [worker #2] ML tree search #3, logLikelihood: -443.876349
[00:00:00] [worker #1] ML tree search #2, logLikelihood: -444.336216
[00:00:00 -445.306907] SLOW spr round 3 (radius: 10)
[00:00:00] [worker #6] ML tree search #7, logLikelihood: -444.760879
[00:00:00] [worker #4] ML tree search #5, logLikelihood: -443.848099
[00:00:00] [worker #7] ML tree search #8, logLikelihood: -444.276506
[00:00:00 -445.306906] SLOW spr round 4 (radius: 15)
[00:00:00 -445.306906] SLOW spr round 5 (radius: 20)
[00:00:00] [worker #5] ML tree search #6, logLikelihood: -443.887417
[00:00:00 -445.306906] Model parameter optimization (eps = 0.100000)
[00:00:00] [worker #3] ML tree search #4, logLikelihood: -444.284474

[00:00:00] [worker #0] ML tree search #1, logLikelihood: -444.343876

[00:00:00 -999.987577] Initial branch length optimization
[00:00:00 -896.260568] Model parameter optimization (eps = 10.000000)
[00:00:00 -676.949720] AUTODETECT spr round 1 (radius: 5)
[00:00:00 -462.913319] AUTODETECT spr round 2 (radius: 10)
[00:00:00 -462.884978] SPR radius for FAST iterations: 5 (autodetect)
[00:00:00 -462.884978] Model parameter optimization (eps = 3.000000)
[00:00:00 -452.922507] FAST spr round 1 (radius: 5)
[00:00:00] [worker #2] ML tree search #11, logLikelihood: -443.275642
[00:00:00] [worker #6] ML tree search #15, logLikelihood: -443.275627
[00:00:00 -445.849338] FAST spr round 2 (radius: 5)
[00:00:00] [worker #4] ML tree search #13, logLikelihood: -443.276258
[00:00:00 -445.813604] Model parameter optimization (eps = 1.000000)
[00:00:00] [worker #3] ML tree search #12, logLikelihood: -443.276926
[00:00:00 -445.340976] SLOW spr round 1 (radius: 5)
[00:00:00] [worker #7] ML tree search #16, logLikelihood: -443.297180
[00:00:00 -445.305191] SLOW spr round 2 (radius: 10)
[00:00:00] [worker #5] ML tree search #14, logLikelihood: -443.284616
[00:00:00] [worker #1] ML tree search #10, logLikelihood: -443.278932
[00:00:00 -445.304745] SLOW spr round 3 (radius: 15)
[00:00:00 -445.304733] SLOW spr round 4 (radius: 20)
[00:00:00 -445.304731] Model parameter optimization (eps = 0.100000)

[00:00:00] [worker #0] ML tree search #9, logLikelihood: -445.234736

[00:00:00 -637.478334] Initial branch length optimization
[00:00:00 -517.613117] Model parameter optimization (eps = 10.000000)
[00:00:00 -446.657580] AUTODETECT spr round 1 (radius: 5)
[00:00:00 -443.640651] AUTODETECT spr round 2 (radius: 10)
[00:00:00] [worker #2] ML tree search #19, logLikelihood: -443.275635
[00:00:00 -443.640537] SPR radius for FAST iterations: 5 (autodetect)
[00:00:00 -443.640537] Model parameter optimization (eps = 3.000000)
[00:00:00 -443.621875] FAST spr round 1 (radius: 5)
[00:00:00 -443.599498] Model parameter optimization (eps = 1.000000)
[00:00:00 -443.596615] SLOW spr round 1 (radius: 5)
[00:00:00 -443.391635] SLOW spr round 2 (radius: 5)
[00:00:00] [worker #3] ML tree search #20, logLikelihood: -443.291743
[00:00:00] [worker #1] ML tree search #18, logLikelihood: -443.275878
[00:00:00 -443.391486] SLOW spr round 3 (radius: 10)
[00:00:00 -443.391483] SLOW spr round 4 (radius: 15)
[00:00:00 -443.391483] SLOW spr round 5 (radius: 20)
[00:00:00 -443.391483] Model parameter optimization (eps = 0.100000)

[00:00:00] [worker #0] ML tree search #17, logLikelihood: -443.296108


Optimized model parameters:

   Partition 0: noname
   Rate heterogeneity: GAMMA (4 cats, mean),  alpha: 0.567884 (ML),  weights&rates: (0.250000,0.046559) (0.250000,0.293942) (0.250000,0.864006) (0.250000,2.795493) 
   Base frequencies (ML): 0.240205 0.269163 0.278112 0.212520 
   Substitution rates (ML): 1.369439 47.967011 0.598574 0.652841 6.830845 1.000000 


Final LogLikelihood: -443.275627

AIC score: 978.551254 / AICc score: 1049.436500 / BIC score: 1101.929290
Free parameters (model + branch lengths): 46

WARNING: Best ML tree contains 2 near-zero branches!

Best ML tree with collapsed near-zero branches saved to: /home/fili/Documents/KIT/2023/BA/code/output/families/ssim_dtl_s20_f100_sites200_GTR_bl1.0_d0.0_l0.0_t1.0_gc0.0_p0.0_pop10_ms0.0_mf0.0_seed42/families/family_010/misc/raxml_output.GTR+G.raxml.bestTreeCollapsed
Best ML tree saved to: /home/fili/Documents/KIT/2023/BA/code/output/families/ssim_dtl_s20_f100_sites200_GTR_bl1.0_d0.0_l0.0_t1.0_gc0.0_p0.0_pop10_ms0.0_mf0.0_seed42/families/family_010/misc/raxml_output.GTR+G.raxml.bestTree
All ML trees saved to: /home/fili/Documents/KIT/2023/BA/code/output/families/ssim_dtl_s20_f100_sites200_GTR_bl1.0_d0.0_l0.0_t1.0_gc0.0_p0.0_pop10_ms0.0_mf0.0_seed42/families/family_010/misc/raxml_output.GTR+G.raxml.mlTrees
Optimized model saved to: /home/fili/Documents/KIT/2023/BA/code/output/families/ssim_dtl_s20_f100_sites200_GTR_bl1.0_d0.0_l0.0_t1.0_gc0.0_p0.0_pop10_ms0.0_mf0.0_seed42/families/family_010/misc/raxml_output.GTR+G.raxml.bestModel

Execution log saved to: /home/fili/Documents/KIT/2023/BA/code/output/families/ssim_dtl_s20_f100_sites200_GTR_bl1.0_d0.0_l0.0_t1.0_gc0.0_p0.0_pop10_ms0.0_mf0.0_seed42/families/family_010/misc/raxml_output.GTR+G.raxml.log

Analysis started: 12-May-2023 21:00:26 / finished: 12-May-2023 21:00:27

Elapsed time: 0.284 seconds

