
RAxML-NG v. 1.1.0 released on 29.11.2021 by The Exelixis Lab.
Developed by: Alexey M. Kozlov and Alexandros Stamatakis.
Contributors: Diego Darriba, Tomas Flouri, Benoit Morel, Sarah Lutteropp, Ben Bettisworth.
Latest version: https://github.com/amkozlov/raxml-ng
Questions/problems/suggestions? Please visit: https://groups.google.com/forum/#!forum/raxml

System: AMD Ryzen 7 5800X 8-Core Processor, 8 cores, 31 GB RAM

RAxML-NG was called at 27-Jun-2023 13:44:04 as follows:

/home/fili/Documents/KIT/2023/BA/resources/tools/RAxML-NG/raxml-ng --msa /home/fili/Documents/KIT/2023/BA/code/output/families/ssim_DL_s20_f100_sites200_GTR_bl1.0_d1.0_l1.0_t0.0_gc0.0_p0.0_pop10_ms0.0_mf0.0_seed14976684177860080345/families/family_099/alignment.msa --model F81 --prefix /home/fili/Documents/KIT/2023/BA/code/output/families/ssim_DL_s20_f100_sites200_GTR_bl1.0_d1.0_l1.0_t0.0_gc0.0_p0.0_pop10_ms0.0_mf0.0_seed14976684177860080345/families/family_099/misc/raxml_output.F81

Analysis options:
  run mode: ML tree search
  start tree(s): random (10) + parsimony (10)
  random seed: 1687866244
  tip-inner: OFF
  pattern compression: ON
  per-rate scalers: OFF
  site repeats: ON
  fast spr radius: AUTO
  spr subtree cutoff: 1.000000
  branch lengths: proportional (ML estimate, algorithm: NR-FAST)
  SIMD kernels: AVX2
  parallelization: coarse-grained (auto), PTHREADS (auto)

[00:00:00] Reading alignment from file: /home/fili/Documents/KIT/2023/BA/code/output/families/ssim_DL_s20_f100_sites200_GTR_bl1.0_d1.0_l1.0_t0.0_gc0.0_p0.0_pop10_ms0.0_mf0.0_seed14976684177860080345/families/family_099/alignment.msa
[00:00:00] Loaded alignment with 82 taxa and 205 sites

WARNING: Sequences 15_16_0 and 18_16_0 are exactly identical!
WARNING: Sequences 2_0_0 and 14_0_0 are exactly identical!
WARNING: Sequences 2_12_0 and 14_12_0 are exactly identical!
WARNING: Sequences 2_14_0 and 14_14_0 are exactly identical!
WARNING: Sequences 3_14_0 and 6_14_0 are exactly identical!
WARNING: Sequences 2_13_0 and 14_13_0 are exactly identical!
WARNING: Sequences 10_4_0 and 7_4_0 are exactly identical!
WARNING: Sequences 10_4_0 and 1_4_0 are exactly identical!
WARNING: Duplicate sequences found: 8

NOTE: Reduced alignment (with duplicates and gap-only sites/taxa removed) 
NOTE: was saved to: /home/fili/Documents/KIT/2023/BA/code/output/families/ssim_DL_s20_f100_sites200_GTR_bl1.0_d1.0_l1.0_t0.0_gc0.0_p0.0_pop10_ms0.0_mf0.0_seed14976684177860080345/families/family_099/misc/raxml_output.F81.raxml.reduced.phy

Alignment comprises 1 partitions and 138 patterns

Partition 0: noname
Model: F81+FO
Alignment sites / patterns: 205 / 138
Gaps: 0.00 %
Invariant sites: 32.20 %


NOTE: Binary MSA file created: /home/fili/Documents/KIT/2023/BA/code/output/families/ssim_DL_s20_f100_sites200_GTR_bl1.0_d1.0_l1.0_t0.0_gc0.0_p0.0_pop10_ms0.0_mf0.0_seed14976684177860080345/families/family_099/misc/raxml_output.F81.raxml.rba

Parallelization scheme autoconfig: 8 worker(s) x 1 thread(s)

Parallel reduction/worker buffer size: 1 KB  / 0 KB

[00:00:00] Generating 10 random starting tree(s) with 82 taxa
[00:00:00] Generating 10 parsimony starting tree(s) with 82 taxa
[00:00:00] Data distribution: max. partitions/sites/weight per thread: 1 / 138 / 552
[00:00:00] Data distribution: max. searches per worker: 3

Starting ML tree search with 20 distinct starting trees

[00:00:00 -12008.066356] Initial branch length optimization
[00:00:00 -10683.148569] Model parameter optimization (eps = 10.000000)
[00:00:00 -10604.915432] AUTODETECT spr round 1 (radius: 5)
[00:00:00 -4741.957052] AUTODETECT spr round 2 (radius: 10)
[00:00:00 -3726.469496] AUTODETECT spr round 3 (radius: 15)
[00:00:00 -3726.469243] SPR radius for FAST iterations: 10 (autodetect)
[00:00:00 -3726.469243] Model parameter optimization (eps = 3.000000)
[00:00:00 -3722.008438] FAST spr round 1 (radius: 10)
[00:00:00 -3387.762713] FAST spr round 2 (radius: 10)
[00:00:00 -3358.971089] FAST spr round 3 (radius: 10)
[00:00:00 -3358.970970] Model parameter optimization (eps = 1.000000)
[00:00:00 -3358.145396] SLOW spr round 1 (radius: 5)
[00:00:00 -3357.940770] SLOW spr round 2 (radius: 5)
[00:00:00 -3357.940726] SLOW spr round 3 (radius: 10)
[00:00:00 -3357.940726] SLOW spr round 4 (radius: 15)
[00:00:00 -3357.940726] SLOW spr round 5 (radius: 20)
[00:00:00 -3357.940726] SLOW spr round 6 (radius: 25)
[00:00:00] [worker #5] ML tree search #6, logLikelihood: -3360.579138
[00:00:00] [worker #1] ML tree search #2, logLikelihood: -3358.965131
[00:00:00 -3357.940726] Model parameter optimization (eps = 0.100000)

[00:00:00] [worker #0] ML tree search #1, logLikelihood: -3357.936955

[00:00:00 -11670.798579] Initial branch length optimization
[00:00:00 -10367.145520] Model parameter optimization (eps = 10.000000)
[00:00:00 -10292.787351] AUTODETECT spr round 1 (radius: 5)
[00:00:00] [worker #7] ML tree search #8, logLikelihood: -3358.965130
[00:00:00 -4243.505644] AUTODETECT spr round 2 (radius: 10)
[00:00:00] [worker #3] ML tree search #4, logLikelihood: -3360.176821
[00:00:01] [worker #2] ML tree search #3, logLikelihood: -3360.579159
[00:00:01 -3682.674492] AUTODETECT spr round 3 (radius: 15)
[00:00:01] [worker #4] ML tree search #5, logLikelihood: -3357.936950
[00:00:01 -3682.669933] SPR radius for FAST iterations: 10 (autodetect)
[00:00:01 -3682.669933] Model parameter optimization (eps = 3.000000)
[00:00:01 -3681.603338] FAST spr round 1 (radius: 10)
[00:00:01] [worker #6] ML tree search #7, logLikelihood: -3359.550721
[00:00:01 -3375.965822] FAST spr round 2 (radius: 10)
[00:00:01 -3367.616042] FAST spr round 3 (radius: 10)
[00:00:01 -3367.614036] Model parameter optimization (eps = 1.000000)
[00:00:01 -3367.286854] SLOW spr round 1 (radius: 5)
[00:00:01 -3360.486783] SLOW spr round 2 (radius: 5)
[00:00:01 -3359.208986] SLOW spr round 3 (radius: 5)
[00:00:01 -3359.208747] SLOW spr round 4 (radius: 10)
[00:00:01] [worker #5] ML tree search #14, logLikelihood: -3357.936949
[00:00:01] [worker #7] ML tree search #16, logLikelihood: -3363.379458
[00:00:01 -3359.208364] SLOW spr round 5 (radius: 15)
[00:00:01] [worker #3] ML tree search #12, logLikelihood: -3358.489115
[00:00:01] [worker #6] ML tree search #15, logLikelihood: -3363.376533
[00:00:01 -3359.207741] SLOW spr round 6 (radius: 20)
[00:00:01 -3359.206808] SLOW spr round 7 (radius: 25)
[00:00:01 -3359.205560] Model parameter optimization (eps = 0.100000)

[00:00:01] [worker #0] ML tree search #9, logLikelihood: -3358.958604

[00:00:01 -5437.961769] Initial branch length optimization
[00:00:01 -3432.558588] Model parameter optimization (eps = 10.000000)
[00:00:01 -3397.114220] AUTODETECT spr round 1 (radius: 5)
[00:00:01] [worker #2] ML tree search #11, logLikelihood: -3363.376538
[00:00:02 -3360.852333] AUTODETECT spr round 2 (radius: 10)
[00:00:02 -3359.194166] AUTODETECT spr round 3 (radius: 15)
[00:00:02 -3359.190342] SPR radius for FAST iterations: 10 (autodetect)
[00:00:02 -3359.190342] Model parameter optimization (eps = 3.000000)
[00:00:02 -3358.771535] FAST spr round 1 (radius: 10)
[00:00:02 -3358.767145] Model parameter optimization (eps = 1.000000)
[00:00:02 -3358.764978] SLOW spr round 1 (radius: 5)
[00:00:02 -3358.489855] SLOW spr round 2 (radius: 5)
[00:00:02] [worker #4] ML tree search #13, logLikelihood: -3360.142081
[00:00:02 -3358.489849] SLOW spr round 3 (radius: 10)
[00:00:02 -3358.489849] SLOW spr round 4 (radius: 15)
[00:00:02] [worker #1] ML tree search #10, logLikelihood: -3357.936963
[00:00:02] [worker #2] ML tree search #19, logLikelihood: -3366.243526
[00:00:02 -3358.489849] SLOW spr round 5 (radius: 20)
[00:00:02 -3358.489849] SLOW spr round 6 (radius: 25)
[00:00:02 -3358.489849] Model parameter optimization (eps = 0.100000)

[00:00:02] [worker #0] ML tree search #17, logLikelihood: -3358.489109

[00:00:03] [worker #3] ML tree search #20, logLikelihood: -3358.696087
[00:00:03] [worker #1] ML tree search #18, logLikelihood: -3363.379453

Optimized model parameters:

   Partition 0: noname
   Rate heterogeneity: NONE
   Base frequencies (ML): 0.327639 0.144527 0.289896 0.237939 
   Substitution rates (model): 1.000000 1.000000 1.000000 1.000000 1.000000 1.000000 


Final LogLikelihood: -3357.936949

AIC score: 7043.873898 / AICc score: 8396.873898 / BIC score: 7588.847534
Free parameters (model + branch lengths): 164

WARNING: Best ML tree contains 13 near-zero branches!

Best ML tree with collapsed near-zero branches saved to: /home/fili/Documents/KIT/2023/BA/code/output/families/ssim_DL_s20_f100_sites200_GTR_bl1.0_d1.0_l1.0_t0.0_gc0.0_p0.0_pop10_ms0.0_mf0.0_seed14976684177860080345/families/family_099/misc/raxml_output.F81.raxml.bestTreeCollapsed
Best ML tree saved to: /home/fili/Documents/KIT/2023/BA/code/output/families/ssim_DL_s20_f100_sites200_GTR_bl1.0_d1.0_l1.0_t0.0_gc0.0_p0.0_pop10_ms0.0_mf0.0_seed14976684177860080345/families/family_099/misc/raxml_output.F81.raxml.bestTree
All ML trees saved to: /home/fili/Documents/KIT/2023/BA/code/output/families/ssim_DL_s20_f100_sites200_GTR_bl1.0_d1.0_l1.0_t0.0_gc0.0_p0.0_pop10_ms0.0_mf0.0_seed14976684177860080345/families/family_099/misc/raxml_output.F81.raxml.mlTrees
Optimized model saved to: /home/fili/Documents/KIT/2023/BA/code/output/families/ssim_DL_s20_f100_sites200_GTR_bl1.0_d1.0_l1.0_t0.0_gc0.0_p0.0_pop10_ms0.0_mf0.0_seed14976684177860080345/families/family_099/misc/raxml_output.F81.raxml.bestModel

Execution log saved to: /home/fili/Documents/KIT/2023/BA/code/output/families/ssim_DL_s20_f100_sites200_GTR_bl1.0_d1.0_l1.0_t0.0_gc0.0_p0.0_pop10_ms0.0_mf0.0_seed14976684177860080345/families/family_099/misc/raxml_output.F81.raxml.log

Analysis started: 27-Jun-2023 13:44:04 / finished: 27-Jun-2023 13:44:07

Elapsed time: 3.241 seconds

