
RAxML-NG v. 1.1.0 released on 29.11.2021 by The Exelixis Lab.
Developed by: Alexey M. Kozlov and Alexandros Stamatakis.
Contributors: Diego Darriba, Tomas Flouri, Benoit Morel, Sarah Lutteropp, Ben Bettisworth.
Latest version: https://github.com/amkozlov/raxml-ng
Questions/problems/suggestions? Please visit: https://groups.google.com/forum/#!forum/raxml

System: AMD Ryzen 7 5800X 8-Core Processor, 8 cores, 31 GB RAM

RAxML-NG was called at 27-Jun-2023 13:04:15 as follows:

/home/fili/Documents/KIT/2023/BA/resources/tools/RAxML-NG/raxml-ng --msa /home/fili/Documents/KIT/2023/BA/code/output/families/ssim_DL_s20_f100_sites200_GTR_bl1.0_d1.0_l1.0_t0.0_gc0.0_p0.0_pop10_ms0.0_mf0.0_seed19732311/families/family_010/alignment.msa --model F81 --prefix /home/fili/Documents/KIT/2023/BA/code/output/families/ssim_DL_s20_f100_sites200_GTR_bl1.0_d1.0_l1.0_t0.0_gc0.0_p0.0_pop10_ms0.0_mf0.0_seed19732311/families/family_010/misc/raxml_output.F81

Analysis options:
  run mode: ML tree search
  start tree(s): random (10) + parsimony (10)
  random seed: 1687863855
  tip-inner: OFF
  pattern compression: ON
  per-rate scalers: OFF
  site repeats: ON
  fast spr radius: AUTO
  spr subtree cutoff: 1.000000
  branch lengths: proportional (ML estimate, algorithm: NR-FAST)
  SIMD kernels: AVX2
  parallelization: coarse-grained (auto), PTHREADS (auto)

[00:00:00] Reading alignment from file: /home/fili/Documents/KIT/2023/BA/code/output/families/ssim_DL_s20_f100_sites200_GTR_bl1.0_d1.0_l1.0_t0.0_gc0.0_p0.0_pop10_ms0.0_mf0.0_seed19732311/families/family_010/alignment.msa
[00:00:00] Loaded alignment with 20 taxa and 153 sites

WARNING: Sequences 17_0_0 and 14_0_0 are exactly identical!
WARNING: Sequences 11_0_0 and 6_0_0 are exactly identical!
WARNING: Duplicate sequences found: 2

NOTE: Reduced alignment (with duplicates and gap-only sites/taxa removed) 
NOTE: was saved to: /home/fili/Documents/KIT/2023/BA/code/output/families/ssim_DL_s20_f100_sites200_GTR_bl1.0_d1.0_l1.0_t0.0_gc0.0_p0.0_pop10_ms0.0_mf0.0_seed19732311/families/family_010/misc/raxml_output.F81.raxml.reduced.phy

Alignment comprises 1 partitions and 55 patterns

Partition 0: noname
Model: F81+FO
Alignment sites / patterns: 153 / 55
Gaps: 0.00 %
Invariant sites: 60.78 %


NOTE: Binary MSA file created: /home/fili/Documents/KIT/2023/BA/code/output/families/ssim_DL_s20_f100_sites200_GTR_bl1.0_d1.0_l1.0_t0.0_gc0.0_p0.0_pop10_ms0.0_mf0.0_seed19732311/families/family_010/misc/raxml_output.F81.raxml.rba

Parallelization scheme autoconfig: 8 worker(s) x 1 thread(s)

Parallel reduction/worker buffer size: 1 KB  / 0 KB

[00:00:00] Generating 10 random starting tree(s) with 20 taxa
[00:00:00] Generating 10 parsimony starting tree(s) with 20 taxa
[00:00:00] Data distribution: max. partitions/sites/weight per thread: 1 / 55 / 220
[00:00:00] Data distribution: max. searches per worker: 3

Starting ML tree search with 20 distinct starting trees

[00:00:00 -1547.621982] Initial branch length optimization
[00:00:00 -1313.492940] Model parameter optimization (eps = 10.000000)
[00:00:00 -1289.695937] AUTODETECT spr round 1 (radius: 5)
[00:00:00 -867.646932] AUTODETECT spr round 2 (radius: 10)
[00:00:00 -834.950599] AUTODETECT spr round 3 (radius: 15)
[00:00:00 -834.950177] SPR radius for FAST iterations: 10 (autodetect)
[00:00:00 -834.950177] Model parameter optimization (eps = 3.000000)
[00:00:00 -834.722914] FAST spr round 1 (radius: 10)
[00:00:00 -796.461185] FAST spr round 2 (radius: 10)
[00:00:00 -796.461184] Model parameter optimization (eps = 1.000000)
[00:00:00 -796.374042] SLOW spr round 1 (radius: 5)
[00:00:00] [worker #2] ML tree search #3, logLikelihood: -796.374033
[00:00:00] [worker #1] ML tree search #2, logLikelihood: -796.374033
[00:00:00] [worker #3] ML tree search #4, logLikelihood: -796.374032
[00:00:00 -796.374038] SLOW spr round 2 (radius: 10)
[00:00:00] [worker #5] ML tree search #6, logLikelihood: -797.264921
[00:00:00] [worker #6] ML tree search #7, logLikelihood: -797.264921
[00:00:00] [worker #7] ML tree search #8, logLikelihood: -796.374037
[00:00:00 -796.374038] SLOW spr round 3 (radius: 15)
[00:00:00 -796.374038] SLOW spr round 4 (radius: 20)
[00:00:00 -796.374038] Model parameter optimization (eps = 0.100000)

[00:00:00] [worker #0] ML tree search #1, logLikelihood: -796.374034

[00:00:00 -1575.921246] Initial branch length optimization
[00:00:00 -1363.324485] Model parameter optimization (eps = 10.000000)
[00:00:00 -1335.067554] AUTODETECT spr round 1 (radius: 5)
[00:00:00 -817.421593] AUTODETECT spr round 2 (radius: 10)
[00:00:00 -817.407049] SPR radius for FAST iterations: 5 (autodetect)
[00:00:00 -817.407049] Model parameter optimization (eps = 3.000000)
[00:00:00] [worker #3] ML tree search #12, logLikelihood: -796.374032
[00:00:00 -817.268574] FAST spr round 1 (radius: 5)
[00:00:00] [worker #2] ML tree search #11, logLikelihood: -796.374040
[00:00:00] [worker #4] ML tree search #5, logLikelihood: -796.374038
[00:00:00 -797.448562] FAST spr round 2 (radius: 5)
[00:00:00] [worker #5] ML tree search #14, logLikelihood: -796.374038
[00:00:00] [worker #6] ML tree search #15, logLikelihood: -797.264921
[00:00:00] [worker #7] ML tree search #16, logLikelihood: -796.374033
[00:00:00 -797.448557] Model parameter optimization (eps = 1.000000)
[00:00:00 -797.425918] SLOW spr round 1 (radius: 5)
[00:00:00] [worker #1] ML tree search #10, logLikelihood: -796.374036
[00:00:00] [worker #3] ML tree search #20, logLikelihood: -796.374033
[00:00:00] [worker #2] ML tree search #19, logLikelihood: -796.374033
[00:00:00 -797.270955] SLOW spr round 2 (radius: 5)
[00:00:00] [worker #1] ML tree search #18, logLikelihood: -796.374033
[00:00:00 -797.270941] SLOW spr round 3 (radius: 10)
[00:00:00] [worker #4] ML tree search #13, logLikelihood: -796.374034
[00:00:00 -797.270941] SLOW spr round 4 (radius: 15)
[00:00:00 -797.270941] SLOW spr round 5 (radius: 20)
[00:00:00 -797.270941] Model parameter optimization (eps = 0.100000)

[00:00:00] [worker #0] ML tree search #9, logLikelihood: -797.264922

[00:00:00 -1139.200856] Initial branch length optimization
[00:00:00 -815.377353] Model parameter optimization (eps = 10.000000)
[00:00:00 -801.032854] AUTODETECT spr round 1 (radius: 5)
[00:00:00 -796.380734] AUTODETECT spr round 2 (radius: 10)
[00:00:00 -796.379950] SPR radius for FAST iterations: 5 (autodetect)
[00:00:00 -796.379950] Model parameter optimization (eps = 3.000000)
[00:00:00 -796.374040] FAST spr round 1 (radius: 5)
[00:00:00 -796.374035] Model parameter optimization (eps = 1.000000)
[00:00:00 -796.374034] SLOW spr round 1 (radius: 5)
[00:00:00 -796.374034] SLOW spr round 2 (radius: 10)
[00:00:00 -796.374034] SLOW spr round 3 (radius: 15)
[00:00:00 -796.374034] SLOW spr round 4 (radius: 20)
[00:00:00 -796.374034] Model parameter optimization (eps = 0.100000)

[00:00:00] [worker #0] ML tree search #17, logLikelihood: -796.374034


Optimized model parameters:

   Partition 0: noname
   Rate heterogeneity: NONE
   Base frequencies (ML): 0.284003 0.161534 0.364431 0.190032 
   Substitution rates (model): 1.000000 1.000000 1.000000 1.000000 1.000000 1.000000 


Final LogLikelihood: -796.374032

AIC score: 1672.748065 / AICc score: 1702.033779 / BIC score: 1793.965582
Free parameters (model + branch lengths): 40

WARNING: Best ML tree contains 3 near-zero branches!

Best ML tree with collapsed near-zero branches saved to: /home/fili/Documents/KIT/2023/BA/code/output/families/ssim_DL_s20_f100_sites200_GTR_bl1.0_d1.0_l1.0_t0.0_gc0.0_p0.0_pop10_ms0.0_mf0.0_seed19732311/families/family_010/misc/raxml_output.F81.raxml.bestTreeCollapsed
Best ML tree saved to: /home/fili/Documents/KIT/2023/BA/code/output/families/ssim_DL_s20_f100_sites200_GTR_bl1.0_d1.0_l1.0_t0.0_gc0.0_p0.0_pop10_ms0.0_mf0.0_seed19732311/families/family_010/misc/raxml_output.F81.raxml.bestTree
All ML trees saved to: /home/fili/Documents/KIT/2023/BA/code/output/families/ssim_DL_s20_f100_sites200_GTR_bl1.0_d1.0_l1.0_t0.0_gc0.0_p0.0_pop10_ms0.0_mf0.0_seed19732311/families/family_010/misc/raxml_output.F81.raxml.mlTrees
Optimized model saved to: /home/fili/Documents/KIT/2023/BA/code/output/families/ssim_DL_s20_f100_sites200_GTR_bl1.0_d1.0_l1.0_t0.0_gc0.0_p0.0_pop10_ms0.0_mf0.0_seed19732311/families/family_010/misc/raxml_output.F81.raxml.bestModel

Execution log saved to: /home/fili/Documents/KIT/2023/BA/code/output/families/ssim_DL_s20_f100_sites200_GTR_bl1.0_d1.0_l1.0_t0.0_gc0.0_p0.0_pop10_ms0.0_mf0.0_seed19732311/families/family_010/misc/raxml_output.F81.raxml.log

Analysis started: 27-Jun-2023 13:04:15 / finished: 27-Jun-2023 13:04:15

Elapsed time: 0.225 seconds

