
RAxML-NG v. 1.1.0 released on 29.11.2021 by The Exelixis Lab.
Developed by: Alexey M. Kozlov and Alexandros Stamatakis.
Contributors: Diego Darriba, Tomas Flouri, Benoit Morel, Sarah Lutteropp, Ben Bettisworth.
Latest version: https://github.com/amkozlov/raxml-ng
Questions/problems/suggestions? Please visit: https://groups.google.com/forum/#!forum/raxml

System: AMD Ryzen 7 5800X 8-Core Processor, 8 cores, 31 GB RAM

RAxML-NG was called at 27-Jun-2023 13:41:58 as follows:

/home/fili/Documents/KIT/2023/BA/resources/tools/RAxML-NG/raxml-ng --msa /home/fili/Documents/KIT/2023/BA/code/output/families/ssim_DL_s20_f100_sites200_GTR_bl1.0_d1.0_l1.0_t0.0_gc0.0_p0.0_pop10_ms0.0_mf0.0_seed121873/families/family_080/alignment.msa --model F81 --prefix /home/fili/Documents/KIT/2023/BA/code/output/families/ssim_DL_s20_f100_sites200_GTR_bl1.0_d1.0_l1.0_t0.0_gc0.0_p0.0_pop10_ms0.0_mf0.0_seed121873/families/family_080/misc/raxml_output.F81

Analysis options:
  run mode: ML tree search
  start tree(s): random (10) + parsimony (10)
  random seed: 1687866118
  tip-inner: OFF
  pattern compression: ON
  per-rate scalers: OFF
  site repeats: ON
  fast spr radius: AUTO
  spr subtree cutoff: 1.000000
  branch lengths: proportional (ML estimate, algorithm: NR-FAST)
  SIMD kernels: AVX2
  parallelization: coarse-grained (auto), PTHREADS (auto)

[00:00:00] Reading alignment from file: /home/fili/Documents/KIT/2023/BA/code/output/families/ssim_DL_s20_f100_sites200_GTR_bl1.0_d1.0_l1.0_t0.0_gc0.0_p0.0_pop10_ms0.0_mf0.0_seed121873/families/family_080/alignment.msa
[00:00:00] Loaded alignment with 25 taxa and 156 sites

WARNING: Sequences 18_8_0 and 15_8_0 are exactly identical!
WARNING: Sequences 18_8_0 and 17_8_0 are exactly identical!
WARNING: Sequences 12_5_0 and 12_0_0 are exactly identical!
WARNING: Duplicate sequences found: 3

NOTE: Reduced alignment (with duplicates and gap-only sites/taxa removed) 
NOTE: was saved to: /home/fili/Documents/KIT/2023/BA/code/output/families/ssim_DL_s20_f100_sites200_GTR_bl1.0_d1.0_l1.0_t0.0_gc0.0_p0.0_pop10_ms0.0_mf0.0_seed121873/families/family_080/misc/raxml_output.F81.raxml.reduced.phy

Alignment comprises 1 partitions and 70 patterns

Partition 0: noname
Model: F81+FO
Alignment sites / patterns: 156 / 70
Gaps: 0.00 %
Invariant sites: 53.21 %


NOTE: Binary MSA file created: /home/fili/Documents/KIT/2023/BA/code/output/families/ssim_DL_s20_f100_sites200_GTR_bl1.0_d1.0_l1.0_t0.0_gc0.0_p0.0_pop10_ms0.0_mf0.0_seed121873/families/family_080/misc/raxml_output.F81.raxml.rba

Parallelization scheme autoconfig: 8 worker(s) x 1 thread(s)

Parallel reduction/worker buffer size: 1 KB  / 0 KB

[00:00:00] Generating 10 random starting tree(s) with 25 taxa
[00:00:00] Generating 10 parsimony starting tree(s) with 25 taxa
[00:00:00] Data distribution: max. partitions/sites/weight per thread: 1 / 70 / 280
[00:00:00] Data distribution: max. searches per worker: 3

Starting ML tree search with 20 distinct starting trees

[00:00:00 -2318.539591] Initial branch length optimization
[00:00:00 -2065.190482] Model parameter optimization (eps = 10.000000)
[00:00:00 -2039.914811] AUTODETECT spr round 1 (radius: 5)
[00:00:00 -1000.239530] AUTODETECT spr round 2 (radius: 10)
[00:00:00 -1000.238478] SPR radius for FAST iterations: 5 (autodetect)
[00:00:00 -1000.238478] Model parameter optimization (eps = 3.000000)
[00:00:00 -998.776463] FAST spr round 1 (radius: 5)
[00:00:00 -977.947091] FAST spr round 2 (radius: 5)
[00:00:00 -974.451133] FAST spr round 3 (radius: 5)
[00:00:00 -974.451133] Model parameter optimization (eps = 1.000000)
[00:00:00 -974.404677] SLOW spr round 1 (radius: 5)
[00:00:00 -974.404676] SLOW spr round 2 (radius: 10)
[00:00:00 -974.404676] SLOW spr round 3 (radius: 15)
[00:00:00] [worker #2] ML tree search #3, logLikelihood: -974.404677
[00:00:00] [worker #5] ML tree search #6, logLikelihood: -973.650000
[00:00:00 -974.404676] SLOW spr round 4 (radius: 20)
[00:00:00 -974.404676] SLOW spr round 5 (radius: 25)
[00:00:00] [worker #6] ML tree search #7, logLikelihood: -973.650000
[00:00:00 -974.404676] Model parameter optimization (eps = 0.100000)

[00:00:00] [worker #0] ML tree search #1, logLikelihood: -974.404676

[00:00:00] [worker #4] ML tree search #5, logLikelihood: -974.404677
[00:00:00] [worker #7] ML tree search #8, logLikelihood: -973.650000
[00:00:00 -2197.983912] Initial branch length optimization
[00:00:00] [worker #1] ML tree search #2, logLikelihood: -973.650000
[00:00:00 -1956.827849] Model parameter optimization (eps = 10.000000)
[00:00:00 -1929.154789] AUTODETECT spr round 1 (radius: 5)
[00:00:00 -1026.173164] AUTODETECT spr round 2 (radius: 10)
[00:00:00] [worker #3] ML tree search #4, logLikelihood: -974.404677
[00:00:00 -1026.173066] SPR radius for FAST iterations: 5 (autodetect)
[00:00:00 -1026.173066] Model parameter optimization (eps = 3.000000)
[00:00:00 -1026.074247] FAST spr round 1 (radius: 5)
[00:00:00 -976.750286] FAST spr round 2 (radius: 5)
[00:00:00 -974.793446] FAST spr round 3 (radius: 5)
[00:00:00 -974.409005] FAST spr round 4 (radius: 5)
[00:00:00 -974.409005] Model parameter optimization (eps = 1.000000)
[00:00:00] [worker #2] ML tree search #11, logLikelihood: -974.404677
[00:00:00 -974.404796] SLOW spr round 1 (radius: 5)
[00:00:00] [worker #4] ML tree search #13, logLikelihood: -973.650000
[00:00:00] [worker #5] ML tree search #14, logLikelihood: -973.650000
[00:00:00] [worker #7] ML tree search #16, logLikelihood: -973.650000
[00:00:00 -974.404676] SLOW spr round 2 (radius: 10)
[00:00:00] [worker #3] ML tree search #12, logLikelihood: -973.650000
[00:00:00] [worker #6] ML tree search #15, logLikelihood: -973.650003
[00:00:00] [worker #1] ML tree search #10, logLikelihood: -973.650002
[00:00:00 -974.404676] SLOW spr round 3 (radius: 15)
[00:00:00 -974.404676] SLOW spr round 4 (radius: 20)
[00:00:00 -974.404676] SLOW spr round 5 (radius: 25)
[00:00:00 -974.404676] Model parameter optimization (eps = 0.100000)

[00:00:00] [worker #0] ML tree search #9, logLikelihood: -974.404676

[00:00:00 -1403.169428] Initial branch length optimization
[00:00:00 -987.183236] Model parameter optimization (eps = 10.000000)
[00:00:00 -974.778194] AUTODETECT spr round 1 (radius: 5)
[00:00:00 -974.003308] AUTODETECT spr round 2 (radius: 10)
[00:00:00 -974.003308] SPR radius for FAST iterations: 5 (autodetect)
[00:00:00 -974.003308] Model parameter optimization (eps = 3.000000)
[00:00:00 -974.003220] FAST spr round 1 (radius: 5)
[00:00:00 -974.003220] Model parameter optimization (eps = 1.000000)
[00:00:00 -974.003220] SLOW spr round 1 (radius: 5)
[00:00:00] [worker #2] ML tree search #19, logLikelihood: -973.650003
[00:00:00 -973.662605] SLOW spr round 2 (radius: 5)
[00:00:00] [worker #3] ML tree search #20, logLikelihood: -973.650000
[00:00:00] [worker #1] ML tree search #18, logLikelihood: -973.650000
[00:00:00 -973.662605] SLOW spr round 3 (radius: 10)
[00:00:00 -973.662605] SLOW spr round 4 (radius: 15)
[00:00:00 -973.662605] SLOW spr round 5 (radius: 20)
[00:00:00 -973.662605] SLOW spr round 6 (radius: 25)
[00:00:00 -973.662605] Model parameter optimization (eps = 0.100000)

[00:00:00] [worker #0] ML tree search #17, logLikelihood: -973.650003


Optimized model parameters:

   Partition 0: noname
   Rate heterogeneity: NONE
   Base frequencies (ML): 0.324776 0.149545 0.308718 0.216960 
   Substitution rates (model): 1.000000 1.000000 1.000000 1.000000 1.000000 1.000000 


Final LogLikelihood: -973.650000

AIC score: 2047.300000 / AICc score: 2095.871428 / BIC score: 2199.792800
Free parameters (model + branch lengths): 50

WARNING: Best ML tree contains 4 near-zero branches!

Best ML tree with collapsed near-zero branches saved to: /home/fili/Documents/KIT/2023/BA/code/output/families/ssim_DL_s20_f100_sites200_GTR_bl1.0_d1.0_l1.0_t0.0_gc0.0_p0.0_pop10_ms0.0_mf0.0_seed121873/families/family_080/misc/raxml_output.F81.raxml.bestTreeCollapsed
Best ML tree saved to: /home/fili/Documents/KIT/2023/BA/code/output/families/ssim_DL_s20_f100_sites200_GTR_bl1.0_d1.0_l1.0_t0.0_gc0.0_p0.0_pop10_ms0.0_mf0.0_seed121873/families/family_080/misc/raxml_output.F81.raxml.bestTree
All ML trees saved to: /home/fili/Documents/KIT/2023/BA/code/output/families/ssim_DL_s20_f100_sites200_GTR_bl1.0_d1.0_l1.0_t0.0_gc0.0_p0.0_pop10_ms0.0_mf0.0_seed121873/families/family_080/misc/raxml_output.F81.raxml.mlTrees
Optimized model saved to: /home/fili/Documents/KIT/2023/BA/code/output/families/ssim_DL_s20_f100_sites200_GTR_bl1.0_d1.0_l1.0_t0.0_gc0.0_p0.0_pop10_ms0.0_mf0.0_seed121873/families/family_080/misc/raxml_output.F81.raxml.bestModel

Execution log saved to: /home/fili/Documents/KIT/2023/BA/code/output/families/ssim_DL_s20_f100_sites200_GTR_bl1.0_d1.0_l1.0_t0.0_gc0.0_p0.0_pop10_ms0.0_mf0.0_seed121873/families/family_080/misc/raxml_output.F81.raxml.log

Analysis started: 27-Jun-2023 13:41:58 / finished: 27-Jun-2023 13:41:59

Elapsed time: 0.242 seconds

