
RAxML-NG v. 1.1.0 released on 29.11.2021 by The Exelixis Lab.
Developed by: Alexey M. Kozlov and Alexandros Stamatakis.
Contributors: Diego Darriba, Tomas Flouri, Benoit Morel, Sarah Lutteropp, Ben Bettisworth.
Latest version: https://github.com/amkozlov/raxml-ng
Questions/problems/suggestions? Please visit: https://groups.google.com/forum/#!forum/raxml

System: AMD Ryzen 7 5800X 8-Core Processor, 8 cores, 31 GB RAM

RAxML-NG was called at 13-Jun-2023 13:44:08 as follows:

/home/fili/Documents/KIT/2023/BA/resources/tools/RAxML-NG/raxml-ng --msa /home/fili/Documents/KIT/2023/BA/code/output/families/ssim_NE_s20_f100_sites200_GTR_bl1.0_d0.0_l0.0_t0.0_gc0.0_p0.0_pop10_ms0.0_mf0.0_seed42/families/family_051/alignment.msa --model F81 --prefix /home/fili/Documents/KIT/2023/BA/code/output/families/ssim_NE_s20_f100_sites200_GTR_bl1.0_d0.0_l0.0_t0.0_gc0.0_p0.0_pop10_ms0.0_mf0.0_seed42/families/family_051/misc/raxml_output.F81

Analysis options:
  run mode: ML tree search
  start tree(s): random (10) + parsimony (10)
  random seed: 1686656648
  tip-inner: OFF
  pattern compression: ON
  per-rate scalers: OFF
  site repeats: ON
  fast spr radius: AUTO
  spr subtree cutoff: 1.000000
  branch lengths: proportional (ML estimate, algorithm: NR-FAST)
  SIMD kernels: AVX2
  parallelization: coarse-grained (auto), PTHREADS (auto)

[00:00:00] Reading alignment from file: /home/fili/Documents/KIT/2023/BA/code/output/families/ssim_NE_s20_f100_sites200_GTR_bl1.0_d0.0_l0.0_t0.0_gc0.0_p0.0_pop10_ms0.0_mf0.0_seed42/families/family_051/alignment.msa
[00:00:00] Loaded alignment with 20 taxa and 156 sites

WARNING: Sequences 9_0_0 and 13_0_0 are exactly identical!
WARNING: Sequences 3_0_0 and 2_0_0 are exactly identical!
WARNING: Sequences 3_0_0 and 1_0_0 are exactly identical!
WARNING: Duplicate sequences found: 3

NOTE: Reduced alignment (with duplicates and gap-only sites/taxa removed) 
NOTE: was saved to: /home/fili/Documents/KIT/2023/BA/code/output/families/ssim_NE_s20_f100_sites200_GTR_bl1.0_d0.0_l0.0_t0.0_gc0.0_p0.0_pop10_ms0.0_mf0.0_seed42/families/family_051/misc/raxml_output.F81.raxml.reduced.phy

Alignment comprises 1 partitions and 71 patterns

Partition 0: noname
Model: F81+FO
Alignment sites / patterns: 156 / 71
Gaps: 0.00 %
Invariant sites: 53.85 %


NOTE: Binary MSA file created: /home/fili/Documents/KIT/2023/BA/code/output/families/ssim_NE_s20_f100_sites200_GTR_bl1.0_d0.0_l0.0_t0.0_gc0.0_p0.0_pop10_ms0.0_mf0.0_seed42/families/family_051/misc/raxml_output.F81.raxml.rba

Parallelization scheme autoconfig: 8 worker(s) x 1 thread(s)

Parallel reduction/worker buffer size: 1 KB  / 0 KB

[00:00:00] Generating 10 random starting tree(s) with 20 taxa
[00:00:00] Generating 10 parsimony starting tree(s) with 20 taxa
[00:00:00] Data distribution: max. partitions/sites/weight per thread: 1 / 71 / 284
[00:00:00] Data distribution: max. searches per worker: 3

Starting ML tree search with 20 distinct starting trees

[00:00:00 -2007.776264] Initial branch length optimization
[00:00:00 -1801.972022] Model parameter optimization (eps = 10.000000)
[00:00:00 -1766.858985] AUTODETECT spr round 1 (radius: 5)
[00:00:00 -1047.823681] AUTODETECT spr round 2 (radius: 10)
[00:00:00 -1029.029489] AUTODETECT spr round 3 (radius: 15)
[00:00:00 -1029.025965] SPR radius for FAST iterations: 10 (autodetect)
[00:00:00 -1029.025965] Model parameter optimization (eps = 3.000000)
[00:00:00 -1024.639370] FAST spr round 1 (radius: 10)
[00:00:00 -1009.746485] FAST spr round 2 (radius: 10)
[00:00:00 -1009.584974] FAST spr round 3 (radius: 10)
[00:00:00 -1009.584952] Model parameter optimization (eps = 1.000000)
[00:00:00 -1009.508794] SLOW spr round 1 (radius: 5)
[00:00:00] [worker #6] ML tree search #7, logLikelihood: -1009.508757
[00:00:00] [worker #4] ML tree search #5, logLikelihood: -1009.508755
[00:00:00] [worker #5] ML tree search #6, logLikelihood: -1009.508756
[00:00:00] [worker #3] ML tree search #4, logLikelihood: -1009.508758
[00:00:00] [worker #2] ML tree search #3, logLikelihood: -1009.508758
[00:00:00 -1009.508769] SLOW spr round 2 (radius: 10)
[00:00:00] [worker #7] ML tree search #8, logLikelihood: -1009.508755
[00:00:00 -1009.508769] SLOW spr round 3 (radius: 15)
[00:00:00 -1009.508769] SLOW spr round 4 (radius: 20)
[00:00:00 -1009.508769] Model parameter optimization (eps = 0.100000)

[00:00:00] [worker #0] ML tree search #1, logLikelihood: -1009.508755

[00:00:00] [worker #1] ML tree search #2, logLikelihood: -1009.508755
[00:00:00] [worker #6] ML tree search #15, logLikelihood: -1009.508755
[00:00:00 -1959.666320] Initial branch length optimization
[00:00:00 -1745.811942] Model parameter optimization (eps = 10.000000)
[00:00:00 -1714.200653] AUTODETECT spr round 1 (radius: 5)
[00:00:00 -1041.908980] AUTODETECT spr round 2 (radius: 10)
[00:00:00] [worker #4] ML tree search #13, logLikelihood: -1009.508755
[00:00:00 -1034.299253] AUTODETECT spr round 3 (radius: 15)
[00:00:00 -1034.299252] SPR radius for FAST iterations: 10 (autodetect)
[00:00:00 -1034.299252] Model parameter optimization (eps = 3.000000)
[00:00:00] [worker #7] ML tree search #16, logLikelihood: -1009.508755
[00:00:00 -1032.664045] FAST spr round 1 (radius: 10)
[00:00:00] [worker #5] ML tree search #14, logLikelihood: -1009.508756
[00:00:00] [worker #2] ML tree search #11, logLikelihood: -1009.508756
[00:00:00] [worker #3] ML tree search #12, logLikelihood: -1009.508756
[00:00:00 -1009.723737] FAST spr round 2 (radius: 10)
[00:00:00 -1009.723731] Model parameter optimization (eps = 1.000000)
[00:00:00 -1009.508896] SLOW spr round 1 (radius: 5)
[00:00:00 -1009.508791] SLOW spr round 2 (radius: 10)
[00:00:00] [worker #2] ML tree search #19, logLikelihood: -1009.508755
[00:00:00] [worker #3] ML tree search #20, logLikelihood: -1009.508755
[00:00:00 -1009.508791] SLOW spr round 3 (radius: 15)
[00:00:00 -1009.508791] SLOW spr round 4 (radius: 20)
[00:00:00 -1009.508791] Model parameter optimization (eps = 0.100000)

[00:00:00] [worker #0] ML tree search #9, logLikelihood: -1009.508759

[00:00:00 -1331.520755] Initial branch length optimization
[00:00:00 -1039.790143] Model parameter optimization (eps = 10.000000)
[00:00:00 -1030.462947] AUTODETECT spr round 1 (radius: 5)
[00:00:00] [worker #1] ML tree search #10, logLikelihood: -1009.508756
[00:00:00 -1013.142354] AUTODETECT spr round 2 (radius: 10)
[00:00:00 -1013.140619] SPR radius for FAST iterations: 5 (autodetect)
[00:00:00 -1013.140619] Model parameter optimization (eps = 3.000000)
[00:00:00 -1013.070981] FAST spr round 1 (radius: 5)
[00:00:00 -1009.669990] FAST spr round 2 (radius: 5)
[00:00:00 -1009.669987] Model parameter optimization (eps = 1.000000)
[00:00:00 -1009.508895] SLOW spr round 1 (radius: 5)
[00:00:00 -1009.508784] SLOW spr round 2 (radius: 10)
[00:00:00 -1009.508783] SLOW spr round 3 (radius: 15)
[00:00:00 -1009.508783] SLOW spr round 4 (radius: 20)
[00:00:00 -1009.508783] Model parameter optimization (eps = 0.100000)

[00:00:00] [worker #0] ML tree search #17, logLikelihood: -1009.508758

[00:00:00] [worker #1] ML tree search #18, logLikelihood: -1009.508755

Optimized model parameters:

   Partition 0: noname
   Rate heterogeneity: NONE
   Base frequencies (ML): 0.333346 0.180778 0.288121 0.197755 
   Substitution rates (model): 1.000000 1.000000 1.000000 1.000000 1.000000 1.000000 


Final LogLikelihood: -1009.508755

AIC score: 2099.017510 / AICc score: 2127.539249 / BIC score: 2221.011750
Free parameters (model + branch lengths): 40

WARNING: Best ML tree contains 2 near-zero branches!

Best ML tree with collapsed near-zero branches saved to: /home/fili/Documents/KIT/2023/BA/code/output/families/ssim_NE_s20_f100_sites200_GTR_bl1.0_d0.0_l0.0_t0.0_gc0.0_p0.0_pop10_ms0.0_mf0.0_seed42/families/family_051/misc/raxml_output.F81.raxml.bestTreeCollapsed
Best ML tree saved to: /home/fili/Documents/KIT/2023/BA/code/output/families/ssim_NE_s20_f100_sites200_GTR_bl1.0_d0.0_l0.0_t0.0_gc0.0_p0.0_pop10_ms0.0_mf0.0_seed42/families/family_051/misc/raxml_output.F81.raxml.bestTree
All ML trees saved to: /home/fili/Documents/KIT/2023/BA/code/output/families/ssim_NE_s20_f100_sites200_GTR_bl1.0_d0.0_l0.0_t0.0_gc0.0_p0.0_pop10_ms0.0_mf0.0_seed42/families/family_051/misc/raxml_output.F81.raxml.mlTrees
Optimized model saved to: /home/fili/Documents/KIT/2023/BA/code/output/families/ssim_NE_s20_f100_sites200_GTR_bl1.0_d0.0_l0.0_t0.0_gc0.0_p0.0_pop10_ms0.0_mf0.0_seed42/families/family_051/misc/raxml_output.F81.raxml.bestModel

Execution log saved to: /home/fili/Documents/KIT/2023/BA/code/output/families/ssim_NE_s20_f100_sites200_GTR_bl1.0_d0.0_l0.0_t0.0_gc0.0_p0.0_pop10_ms0.0_mf0.0_seed42/families/family_051/misc/raxml_output.F81.raxml.log

Analysis started: 13-Jun-2023 13:44:08 / finished: 13-Jun-2023 13:44:08

Elapsed time: 0.242 seconds

