
RAxML-NG v. 1.1.0 released on 29.11.2021 by The Exelixis Lab.
Developed by: Alexey M. Kozlov and Alexandros Stamatakis.
Contributors: Diego Darriba, Tomas Flouri, Benoit Morel, Sarah Lutteropp, Ben Bettisworth.
Latest version: https://github.com/amkozlov/raxml-ng
Questions/problems/suggestions? Please visit: https://groups.google.com/forum/#!forum/raxml

System: AMD Ryzen 7 5800X 8-Core Processor, 8 cores, 31 GB RAM

RAxML-NG was called at 13-Jun-2023 13:44:05 as follows:

/home/fili/Documents/KIT/2023/BA/resources/tools/RAxML-NG/raxml-ng --msa /home/fili/Documents/KIT/2023/BA/code/output/families/ssim_NE_s20_f100_sites200_GTR_bl1.0_d0.0_l0.0_t0.0_gc0.0_p0.0_pop10_ms0.0_mf0.0_seed42/families/family_028/alignment.msa --model F81 --prefix /home/fili/Documents/KIT/2023/BA/code/output/families/ssim_NE_s20_f100_sites200_GTR_bl1.0_d0.0_l0.0_t0.0_gc0.0_p0.0_pop10_ms0.0_mf0.0_seed42/families/family_028/misc/raxml_output.F81

Analysis options:
  run mode: ML tree search
  start tree(s): random (10) + parsimony (10)
  random seed: 1686656645
  tip-inner: OFF
  pattern compression: ON
  per-rate scalers: OFF
  site repeats: ON
  fast spr radius: AUTO
  spr subtree cutoff: 1.000000
  branch lengths: proportional (ML estimate, algorithm: NR-FAST)
  SIMD kernels: AVX2
  parallelization: coarse-grained (auto), PTHREADS (auto)

[00:00:00] Reading alignment from file: /home/fili/Documents/KIT/2023/BA/code/output/families/ssim_NE_s20_f100_sites200_GTR_bl1.0_d0.0_l0.0_t0.0_gc0.0_p0.0_pop10_ms0.0_mf0.0_seed42/families/family_028/alignment.msa
[00:00:00] Loaded alignment with 20 taxa and 137 sites

WARNING: Sequences 9_0_0 and 13_0_0 are exactly identical!
WARNING: Sequences 12_0_0 and 10_0_0 are exactly identical!
WARNING: Duplicate sequences found: 2

NOTE: Reduced alignment (with duplicates and gap-only sites/taxa removed) 
NOTE: was saved to: /home/fili/Documents/KIT/2023/BA/code/output/families/ssim_NE_s20_f100_sites200_GTR_bl1.0_d0.0_l0.0_t0.0_gc0.0_p0.0_pop10_ms0.0_mf0.0_seed42/families/family_028/misc/raxml_output.F81.raxml.reduced.phy

Alignment comprises 1 partitions and 39 patterns

Partition 0: noname
Model: F81+FO
Alignment sites / patterns: 137 / 39
Gaps: 0.00 %
Invariant sites: 74.45 %


NOTE: Binary MSA file created: /home/fili/Documents/KIT/2023/BA/code/output/families/ssim_NE_s20_f100_sites200_GTR_bl1.0_d0.0_l0.0_t0.0_gc0.0_p0.0_pop10_ms0.0_mf0.0_seed42/families/family_028/misc/raxml_output.F81.raxml.rba

Parallelization scheme autoconfig: 8 worker(s) x 1 thread(s)

Parallel reduction/worker buffer size: 1 KB  / 0 KB

[00:00:00] Generating 10 random starting tree(s) with 20 taxa
[00:00:00] Generating 10 parsimony starting tree(s) with 20 taxa
[00:00:00] Data distribution: max. partitions/sites/weight per thread: 1 / 39 / 156
[00:00:00] Data distribution: max. searches per worker: 3

Starting ML tree search with 20 distinct starting trees

[00:00:00 -1454.044423] Initial branch length optimization
[00:00:00 -1285.441483] Model parameter optimization (eps = 10.000000)
[00:00:00 -1282.371286] AUTODETECT spr round 1 (radius: 5)
[00:00:00 -703.774900] AUTODETECT spr round 2 (radius: 10)
[00:00:00 -703.773120] SPR radius for FAST iterations: 5 (autodetect)
[00:00:00 -703.773120] Model parameter optimization (eps = 3.000000)
[00:00:00 -702.430823] FAST spr round 1 (radius: 5)
[00:00:00 -699.468539] FAST spr round 2 (radius: 5)
[00:00:00 -697.158169] FAST spr round 3 (radius: 5)
[00:00:00 -696.851107] FAST spr round 4 (radius: 5)
[00:00:00 -696.851020] Model parameter optimization (eps = 1.000000)
[00:00:00] [worker #5] ML tree search #6, logLikelihood: -700.468526
[00:00:00 -696.794794] SLOW spr round 1 (radius: 5)
[00:00:00] [worker #1] ML tree search #2, logLikelihood: -696.636674
[00:00:00] [worker #3] ML tree search #4, logLikelihood: -696.759433
[00:00:00] [worker #2] ML tree search #3, logLikelihood: -696.636674
[00:00:00 -696.781566] SLOW spr round 2 (radius: 10)
[00:00:00] [worker #4] ML tree search #5, logLikelihood: -696.031784
[00:00:00] [worker #6] ML tree search #7, logLikelihood: -696.031784
[00:00:00 -696.781242] SLOW spr round 3 (radius: 15)
[00:00:00 -696.781240] SLOW spr round 4 (radius: 20)
[00:00:00 -696.781240] Model parameter optimization (eps = 0.100000)

[00:00:00] [worker #0] ML tree search #1, logLikelihood: -696.759433

[00:00:00] [worker #2] ML tree search #11, logLikelihood: -699.579449
[00:00:00] [worker #3] ML tree search #12, logLikelihood: -696.636673
[00:00:00 -1353.854255] Initial branch length optimization
[00:00:00 -1162.155562] Model parameter optimization (eps = 10.000000)
[00:00:00] [worker #5] ML tree search #14, logLikelihood: -696.636675
[00:00:00 -1158.642640] AUTODETECT spr round 1 (radius: 5)
[00:00:00] [worker #1] ML tree search #10, logLikelihood: -696.759427
[00:00:00 -726.224357] AUTODETECT spr round 2 (radius: 10)
[00:00:00] [worker #7] ML tree search #8, logLikelihood: -696.636675
[00:00:00 -726.215247] SPR radius for FAST iterations: 5 (autodetect)
[00:00:00 -726.215247] Model parameter optimization (eps = 3.000000)
[00:00:00 -724.668873] FAST spr round 1 (radius: 5)
[00:00:00 -700.100068] FAST spr round 2 (radius: 5)
[00:00:00] [worker #4] ML tree search #13, logLikelihood: -696.636674
[00:00:00] [worker #6] ML tree search #15, logLikelihood: -696.636674
[00:00:00 -696.068160] FAST spr round 3 (radius: 5)
[00:00:00 -696.068155] Model parameter optimization (eps = 1.000000)
[00:00:00 -696.031784] SLOW spr round 1 (radius: 5)
[00:00:00] [worker #1] ML tree search #18, logLikelihood: -699.579449
[00:00:00 -696.031783] SLOW spr round 2 (radius: 10)
[00:00:00] [worker #3] ML tree search #20, logLikelihood: -696.636675
[00:00:00] [worker #2] ML tree search #19, logLikelihood: -696.031783
[00:00:00 -696.031783] SLOW spr round 3 (radius: 15)
[00:00:00 -696.031783] SLOW spr round 4 (radius: 20)
[00:00:00 -696.031783] Model parameter optimization (eps = 0.100000)

[00:00:00] [worker #0] ML tree search #9, logLikelihood: -696.031783

[00:00:00 -996.901912] Initial branch length optimization
[00:00:00 -699.858628] Model parameter optimization (eps = 10.000000)
[00:00:00 -698.293682] AUTODETECT spr round 1 (radius: 5)
[00:00:00 -696.819198] AUTODETECT spr round 2 (radius: 10)
[00:00:00 -696.787564] SPR radius for FAST iterations: 5 (autodetect)
[00:00:00 -696.787564] Model parameter optimization (eps = 3.000000)
[00:00:00 -696.763987] FAST spr round 1 (radius: 5)
[00:00:00] [worker #7] ML tree search #16, logLikelihood: -696.636674
[00:00:00 -696.649299] FAST spr round 2 (radius: 5)
[00:00:00 -696.647928] Model parameter optimization (eps = 1.000000)
[00:00:00 -696.636682] SLOW spr round 1 (radius: 5)
[00:00:00 -696.636675] SLOW spr round 2 (radius: 10)
[00:00:00 -696.636675] SLOW spr round 3 (radius: 15)
[00:00:00 -696.636675] SLOW spr round 4 (radius: 20)
[00:00:00 -696.636675] Model parameter optimization (eps = 0.100000)

[00:00:00] [worker #0] ML tree search #17, logLikelihood: -696.636674


Optimized model parameters:

   Partition 0: noname
   Rate heterogeneity: NONE
   Base frequencies (ML): 0.276074 0.210487 0.260054 0.253385 
   Substitution rates (model): 1.000000 1.000000 1.000000 1.000000 1.000000 1.000000 


Final LogLikelihood: -696.031783

AIC score: 1472.063566 / AICc score: 1506.230232 / BIC score: 1588.862803
Free parameters (model + branch lengths): 40

WARNING: Best ML tree contains 3 near-zero branches!

Best ML tree with collapsed near-zero branches saved to: /home/fili/Documents/KIT/2023/BA/code/output/families/ssim_NE_s20_f100_sites200_GTR_bl1.0_d0.0_l0.0_t0.0_gc0.0_p0.0_pop10_ms0.0_mf0.0_seed42/families/family_028/misc/raxml_output.F81.raxml.bestTreeCollapsed
Best ML tree saved to: /home/fili/Documents/KIT/2023/BA/code/output/families/ssim_NE_s20_f100_sites200_GTR_bl1.0_d0.0_l0.0_t0.0_gc0.0_p0.0_pop10_ms0.0_mf0.0_seed42/families/family_028/misc/raxml_output.F81.raxml.bestTree
All ML trees saved to: /home/fili/Documents/KIT/2023/BA/code/output/families/ssim_NE_s20_f100_sites200_GTR_bl1.0_d0.0_l0.0_t0.0_gc0.0_p0.0_pop10_ms0.0_mf0.0_seed42/families/family_028/misc/raxml_output.F81.raxml.mlTrees
Optimized model saved to: /home/fili/Documents/KIT/2023/BA/code/output/families/ssim_NE_s20_f100_sites200_GTR_bl1.0_d0.0_l0.0_t0.0_gc0.0_p0.0_pop10_ms0.0_mf0.0_seed42/families/family_028/misc/raxml_output.F81.raxml.bestModel

Execution log saved to: /home/fili/Documents/KIT/2023/BA/code/output/families/ssim_NE_s20_f100_sites200_GTR_bl1.0_d0.0_l0.0_t0.0_gc0.0_p0.0_pop10_ms0.0_mf0.0_seed42/families/family_028/misc/raxml_output.F81.raxml.log

Analysis started: 13-Jun-2023 13:44:05 / finished: 13-Jun-2023 13:44:05

Elapsed time: 0.180 seconds

