
RAxML-NG v. 1.1.0 released on 29.11.2021 by The Exelixis Lab.
Developed by: Alexey M. Kozlov and Alexandros Stamatakis.
Contributors: Diego Darriba, Tomas Flouri, Benoit Morel, Sarah Lutteropp, Ben Bettisworth.
Latest version: https://github.com/amkozlov/raxml-ng
Questions/problems/suggestions? Please visit: https://groups.google.com/forum/#!forum/raxml

System: AMD Ryzen 7 5800X 8-Core Processor, 8 cores, 31 GB RAM

RAxML-NG was called at 16-Jun-2023 09:59:20 as follows:

/home/fili/Documents/KIT/2023/BA/resources/tools/RAxML-NG/raxml-ng --msa /home/fili/Documents/KIT/2023/BA/code/output/families/ssim_NE_s20_f100_sites200_GTR_bl1.0_d0.0_l0.0_t0.0_gc0.0_p0.0_pop10_ms0.0_mf0.0_seed1007/families/family_014/alignment.msa --model F81 --prefix /home/fili/Documents/KIT/2023/BA/code/output/families/ssim_NE_s20_f100_sites200_GTR_bl1.0_d0.0_l0.0_t0.0_gc0.0_p0.0_pop10_ms0.0_mf0.0_seed1007/families/family_014/misc/raxml_output.F81

Analysis options:
  run mode: ML tree search
  start tree(s): random (10) + parsimony (10)
  random seed: 1686902360
  tip-inner: OFF
  pattern compression: ON
  per-rate scalers: OFF
  site repeats: ON
  fast spr radius: AUTO
  spr subtree cutoff: 1.000000
  branch lengths: proportional (ML estimate, algorithm: NR-FAST)
  SIMD kernels: AVX2
  parallelization: coarse-grained (auto), PTHREADS (auto)

[00:00:00] Reading alignment from file: /home/fili/Documents/KIT/2023/BA/code/output/families/ssim_NE_s20_f100_sites200_GTR_bl1.0_d0.0_l0.0_t0.0_gc0.0_p0.0_pop10_ms0.0_mf0.0_seed1007/families/family_014/alignment.msa
[00:00:00] Loaded alignment with 20 taxa and 353 sites

WARNING: Sequences 19_0_0 and 12_0_0 are exactly identical!
WARNING: Duplicate sequences found: 1

NOTE: Reduced alignment (with duplicates and gap-only sites/taxa removed) 
NOTE: was saved to: /home/fili/Documents/KIT/2023/BA/code/output/families/ssim_NE_s20_f100_sites200_GTR_bl1.0_d0.0_l0.0_t0.0_gc0.0_p0.0_pop10_ms0.0_mf0.0_seed1007/families/family_014/misc/raxml_output.F81.raxml.reduced.phy

Alignment comprises 1 partitions and 168 patterns

Partition 0: noname
Model: F81+FO
Alignment sites / patterns: 353 / 168
Gaps: 0.00 %
Invariant sites: 45.33 %


NOTE: Binary MSA file created: /home/fili/Documents/KIT/2023/BA/code/output/families/ssim_NE_s20_f100_sites200_GTR_bl1.0_d0.0_l0.0_t0.0_gc0.0_p0.0_pop10_ms0.0_mf0.0_seed1007/families/family_014/misc/raxml_output.F81.raxml.rba

Parallelization scheme autoconfig: 8 worker(s) x 1 thread(s)

Parallel reduction/worker buffer size: 1 KB  / 0 KB

[00:00:00] Generating 10 random starting tree(s) with 20 taxa
[00:00:00] Generating 10 parsimony starting tree(s) with 20 taxa
[00:00:00] Data distribution: max. partitions/sites/weight per thread: 1 / 168 / 672
[00:00:00] Data distribution: max. searches per worker: 3

Starting ML tree search with 20 distinct starting trees

[00:00:00 -4859.265042] Initial branch length optimization
[00:00:00 -4254.809749] Model parameter optimization (eps = 10.000000)
[00:00:00 -4154.471550] AUTODETECT spr round 1 (radius: 5)
[00:00:00 -2492.094915] AUTODETECT spr round 2 (radius: 10)
[00:00:00 -2492.094267] SPR radius for FAST iterations: 5 (autodetect)
[00:00:00 -2492.094267] Model parameter optimization (eps = 3.000000)
[00:00:00 -2491.411389] FAST spr round 1 (radius: 5)
[00:00:00 -2483.783791] FAST spr round 2 (radius: 5)
[00:00:00 -2482.499203] FAST spr round 3 (radius: 5)
[00:00:00 -2482.113216] FAST spr round 4 (radius: 5)
[00:00:00 -2481.024147] FAST spr round 5 (radius: 5)
[00:00:00 -2481.024134] Model parameter optimization (eps = 1.000000)
[00:00:00 -2480.872787] SLOW spr round 1 (radius: 5)
[00:00:00] [worker #5] ML tree search #6, logLikelihood: -2480.872755
[00:00:00] [worker #1] ML tree search #2, logLikelihood: -2480.872752
[00:00:00] [worker #2] ML tree search #3, logLikelihood: -2480.872754
[00:00:00 -2480.872756] SLOW spr round 2 (radius: 10)
[00:00:00] [worker #7] ML tree search #8, logLikelihood: -2480.872754
[00:00:00] [worker #6] ML tree search #7, logLikelihood: -2480.872751
[00:00:00 -2480.872756] SLOW spr round 3 (radius: 15)
[00:00:00] [worker #3] ML tree search #4, logLikelihood: -2480.872751
[00:00:00 -2480.872756] SLOW spr round 4 (radius: 20)
[00:00:00 -2480.872756] Model parameter optimization (eps = 0.100000)

[00:00:00] [worker #0] ML tree search #1, logLikelihood: -2480.872753

[00:00:00 -4895.603107] Initial branch length optimization
[00:00:00 -4332.459934] Model parameter optimization (eps = 10.000000)
[00:00:00] [worker #4] ML tree search #5, logLikelihood: -2480.872751
[00:00:00 -4238.510475] AUTODETECT spr round 1 (radius: 5)
[00:00:00 -2638.924016] AUTODETECT spr round 2 (radius: 10)
[00:00:00 -2638.920785] SPR radius for FAST iterations: 5 (autodetect)
[00:00:00 -2638.920785] Model parameter optimization (eps = 3.000000)
[00:00:00 -2638.695025] FAST spr round 1 (radius: 5)
[00:00:00 -2483.311187] FAST spr round 2 (radius: 5)
[00:00:00 -2482.333367] FAST spr round 3 (radius: 5)
[00:00:00 -2482.333323] Model parameter optimization (eps = 1.000000)
[00:00:00 -2482.218231] SLOW spr round 1 (radius: 5)
[00:00:00] [worker #7] ML tree search #16, logLikelihood: -2482.218221
[00:00:00] [worker #1] ML tree search #10, logLikelihood: -2482.218221
[00:00:00] [worker #5] ML tree search #14, logLikelihood: -2480.872753
[00:00:00] [worker #3] ML tree search #12, logLikelihood: -2482.218220
[00:00:00 -2482.218225] SLOW spr round 2 (radius: 10)
[00:00:00] [worker #6] ML tree search #15, logLikelihood: -2482.218220
[00:00:00] [worker #4] ML tree search #13, logLikelihood: -2482.218220
[00:00:00 -2482.218225] SLOW spr round 3 (radius: 15)
[00:00:00 -2482.218225] SLOW spr round 4 (radius: 20)
[00:00:00 -2482.218225] Model parameter optimization (eps = 0.100000)

[00:00:00] [worker #0] ML tree search #9, logLikelihood: -2482.218220

[00:00:00] [worker #2] ML tree search #11, logLikelihood: -2482.218220
[00:00:00 -3103.247639] Initial branch length optimization
[00:00:00 -2536.553462] Model parameter optimization (eps = 10.000000)
[00:00:00 -2485.509084] AUTODETECT spr round 1 (radius: 5)
[00:00:00 -2482.219237] AUTODETECT spr round 2 (radius: 10)
[00:00:00 -2482.219189] SPR radius for FAST iterations: 5 (autodetect)
[00:00:00 -2482.219189] Model parameter optimization (eps = 3.000000)
[00:00:00 -2482.218224] FAST spr round 1 (radius: 5)
[00:00:00 -2482.218223] Model parameter optimization (eps = 1.000000)
[00:00:00 -2482.218221] SLOW spr round 1 (radius: 5)
[00:00:00 -2482.218221] SLOW spr round 2 (radius: 10)
[00:00:00] [worker #3] ML tree search #20, logLikelihood: -2482.218220
[00:00:00 -2482.218221] SLOW spr round 3 (radius: 15)
[00:00:00 -2482.218221] SLOW spr round 4 (radius: 20)
[00:00:00 -2482.218221] Model parameter optimization (eps = 0.100000)

[00:00:00] [worker #0] ML tree search #17, logLikelihood: -2482.218221

[00:00:00] [worker #2] ML tree search #19, logLikelihood: -2482.218220
[00:00:00] [worker #1] ML tree search #18, logLikelihood: -2480.872755

Optimized model parameters:

   Partition 0: noname
   Rate heterogeneity: NONE
   Base frequencies (ML): 0.325489 0.145319 0.349222 0.179970 
   Substitution rates (model): 1.000000 1.000000 1.000000 1.000000 1.000000 1.000000 


Final LogLikelihood: -2480.872751

AIC score: 5041.745501 / AICc score: 5052.258322 / BIC score: 5196.404224
Free parameters (model + branch lengths): 40

WARNING: Best ML tree contains 1 near-zero branches!

Best ML tree with collapsed near-zero branches saved to: /home/fili/Documents/KIT/2023/BA/code/output/families/ssim_NE_s20_f100_sites200_GTR_bl1.0_d0.0_l0.0_t0.0_gc0.0_p0.0_pop10_ms0.0_mf0.0_seed1007/families/family_014/misc/raxml_output.F81.raxml.bestTreeCollapsed
Best ML tree saved to: /home/fili/Documents/KIT/2023/BA/code/output/families/ssim_NE_s20_f100_sites200_GTR_bl1.0_d0.0_l0.0_t0.0_gc0.0_p0.0_pop10_ms0.0_mf0.0_seed1007/families/family_014/misc/raxml_output.F81.raxml.bestTree
All ML trees saved to: /home/fili/Documents/KIT/2023/BA/code/output/families/ssim_NE_s20_f100_sites200_GTR_bl1.0_d0.0_l0.0_t0.0_gc0.0_p0.0_pop10_ms0.0_mf0.0_seed1007/families/family_014/misc/raxml_output.F81.raxml.mlTrees
Optimized model saved to: /home/fili/Documents/KIT/2023/BA/code/output/families/ssim_NE_s20_f100_sites200_GTR_bl1.0_d0.0_l0.0_t0.0_gc0.0_p0.0_pop10_ms0.0_mf0.0_seed1007/families/family_014/misc/raxml_output.F81.raxml.bestModel

Execution log saved to: /home/fili/Documents/KIT/2023/BA/code/output/families/ssim_NE_s20_f100_sites200_GTR_bl1.0_d0.0_l0.0_t0.0_gc0.0_p0.0_pop10_ms0.0_mf0.0_seed1007/families/family_014/misc/raxml_output.F81.raxml.log

Analysis started: 16-Jun-2023 09:59:20 / finished: 16-Jun-2023 09:59:20

Elapsed time: 0.315 seconds

