
RAxML-NG v. 1.1.0 released on 29.11.2021 by The Exelixis Lab.
Developed by: Alexey M. Kozlov and Alexandros Stamatakis.
Contributors: Diego Darriba, Tomas Flouri, Benoit Morel, Sarah Lutteropp, Ben Bettisworth.
Latest version: https://github.com/amkozlov/raxml-ng
Questions/problems/suggestions? Please visit: https://groups.google.com/forum/#!forum/raxml

System: AMD Ryzen 7 5800X 8-Core Processor, 8 cores, 31 GB RAM

RAxML-NG was called at 12-Jun-2023 12:38:54 as follows:

/home/fili/Documents/KIT/2023/BA/resources/tools/RAxML-NG/raxml-ng --msa /home/fili/Documents/KIT/2023/BA/code/output/families/ssim_dtl_s20_f100_sites200_GTR_bl1.0_d0.0_l0.0_t1.0_gc0.0_p0.0_pop10_ms0.0_mf0.0_seed42/families/family_004/alignment.msa --model F81 --prefix /home/fili/Documents/KIT/2023/BA/code/output/families/ssim_dtl_s20_f100_sites200_GTR_bl1.0_d0.0_l0.0_t1.0_gc0.0_p0.0_pop10_ms0.0_mf0.0_seed42/families/family_004/misc/raxml_output.F81

Analysis options:
  run mode: ML tree search
  start tree(s): random (10) + parsimony (10)
  random seed: 1686566334
  tip-inner: OFF
  pattern compression: ON
  per-rate scalers: OFF
  site repeats: ON
  fast spr radius: AUTO
  spr subtree cutoff: 1.000000
  branch lengths: proportional (ML estimate, algorithm: NR-FAST)
  SIMD kernels: AVX2
  parallelization: coarse-grained (auto), PTHREADS (auto)

[00:00:00] Reading alignment from file: /home/fili/Documents/KIT/2023/BA/code/output/families/ssim_dtl_s20_f100_sites200_GTR_bl1.0_d0.0_l0.0_t1.0_gc0.0_p0.0_pop10_ms0.0_mf0.0_seed42/families/family_004/alignment.msa
[00:00:00] Loaded alignment with 20 taxa and 262 sites

WARNING: Sequences 13_0_0 and 9_0_0 are exactly identical!
WARNING: Sequences 8_0_0 and 18_0_0 are exactly identical!
WARNING: Duplicate sequences found: 2

NOTE: Reduced alignment (with duplicates and gap-only sites/taxa removed) 
NOTE: was saved to: /home/fili/Documents/KIT/2023/BA/code/output/families/ssim_dtl_s20_f100_sites200_GTR_bl1.0_d0.0_l0.0_t1.0_gc0.0_p0.0_pop10_ms0.0_mf0.0_seed42/families/family_004/misc/raxml_output.F81.raxml.reduced.phy

Alignment comprises 1 partitions and 135 patterns

Partition 0: noname
Model: F81+FO
Alignment sites / patterns: 262 / 135
Gaps: 0.00 %
Invariant sites: 41.22 %


NOTE: Binary MSA file created: /home/fili/Documents/KIT/2023/BA/code/output/families/ssim_dtl_s20_f100_sites200_GTR_bl1.0_d0.0_l0.0_t1.0_gc0.0_p0.0_pop10_ms0.0_mf0.0_seed42/families/family_004/misc/raxml_output.F81.raxml.rba

Parallelization scheme autoconfig: 8 worker(s) x 1 thread(s)

Parallel reduction/worker buffer size: 1 KB  / 0 KB

[00:00:00] Generating 10 random starting tree(s) with 20 taxa
[00:00:00] Generating 10 parsimony starting tree(s) with 20 taxa
[00:00:00] Data distribution: max. partitions/sites/weight per thread: 1 / 135 / 540
[00:00:00] Data distribution: max. searches per worker: 3

Starting ML tree search with 20 distinct starting trees

[00:00:00 -3243.666828] Initial branch length optimization
[00:00:00 -2841.815387] Model parameter optimization (eps = 10.000000)
[00:00:00 -2839.431240] AUTODETECT spr round 1 (radius: 5)
[00:00:00 -1959.757313] AUTODETECT spr round 2 (radius: 10)
[00:00:00 -1957.708737] AUTODETECT spr round 3 (radius: 15)
[00:00:00 -1957.705005] SPR radius for FAST iterations: 10 (autodetect)
[00:00:00 -1957.705005] Model parameter optimization (eps = 3.000000)
[00:00:00 -1956.998973] FAST spr round 1 (radius: 10)
[00:00:00 -1897.030239] FAST spr round 2 (radius: 10)
[00:00:00 -1897.030239] Model parameter optimization (eps = 1.000000)
[00:00:00 -1896.474792] SLOW spr round 1 (radius: 5)
[00:00:00 -1896.474553] SLOW spr round 2 (radius: 10)
[00:00:00] [worker #4] ML tree search #5, logLikelihood: -1896.474436
[00:00:00] [worker #7] ML tree search #8, logLikelihood: -1896.474438
[00:00:00 -1896.474553] SLOW spr round 3 (radius: 15)
[00:00:00 -1896.474553] SLOW spr round 4 (radius: 20)
[00:00:00 -1896.474553] Model parameter optimization (eps = 0.100000)

[00:00:00] [worker #0] ML tree search #1, logLikelihood: -1896.474436

[00:00:00] [worker #2] ML tree search #3, logLikelihood: -1896.474435
[00:00:00] [worker #1] ML tree search #2, logLikelihood: -1896.474436
[00:00:00 -3597.658526] Initial branch length optimization
[00:00:00 -3159.756692] Model parameter optimization (eps = 10.000000)
[00:00:00] [worker #5] ML tree search #6, logLikelihood: -1896.474440
[00:00:00] [worker #3] ML tree search #4, logLikelihood: -1896.474655
[00:00:00 -3158.926411] AUTODETECT spr round 1 (radius: 5)
[00:00:00] [worker #6] ML tree search #7, logLikelihood: -1896.474436
[00:00:00 -1942.809475] AUTODETECT spr round 2 (radius: 10)
[00:00:00 -1942.807631] SPR radius for FAST iterations: 5 (autodetect)
[00:00:00 -1942.807631] Model parameter optimization (eps = 3.000000)
[00:00:00 -1940.958448] FAST spr round 1 (radius: 5)
[00:00:00 -1897.408134] FAST spr round 2 (radius: 5)
[00:00:00 -1896.754656] FAST spr round 3 (radius: 5)
[00:00:00 -1896.754656] Model parameter optimization (eps = 1.000000)
[00:00:00 -1896.501973] SLOW spr round 1 (radius: 5)
[00:00:00] [worker #7] ML tree search #16, logLikelihood: -1896.474435
[00:00:00] [worker #4] ML tree search #13, logLikelihood: -1896.474436
[00:00:00] [worker #2] ML tree search #11, logLikelihood: -1896.474436
[00:00:00 -1896.479325] SLOW spr round 2 (radius: 10)
[00:00:00] [worker #5] ML tree search #14, logLikelihood: -1896.474434
[00:00:00] [worker #3] ML tree search #12, logLikelihood: -1896.474435
[00:00:00] [worker #6] ML tree search #15, logLikelihood: -1896.474436
[00:00:00] [worker #1] ML tree search #10, logLikelihood: -1896.474657
[00:00:00 -1896.479315] SLOW spr round 3 (radius: 15)
[00:00:00 -1896.479315] SLOW spr round 4 (radius: 20)
[00:00:00 -1896.479315] Model parameter optimization (eps = 0.100000)

[00:00:00] [worker #0] ML tree search #9, logLikelihood: -1896.474656

[00:00:00 -2371.757994] Initial branch length optimization
[00:00:00 -1900.815375] Model parameter optimization (eps = 10.000000)
[00:00:00 -1900.057541] AUTODETECT spr round 1 (radius: 5)
[00:00:00 -1897.187197] AUTODETECT spr round 2 (radius: 10)
[00:00:00 -1897.108135] SPR radius for FAST iterations: 5 (autodetect)
[00:00:00 -1897.108135] Model parameter optimization (eps = 3.000000)
[00:00:00 -1897.051888] FAST spr round 1 (radius: 5)
[00:00:00 -1896.503788] FAST spr round 2 (radius: 5)
[00:00:00 -1896.477157] Model parameter optimization (eps = 1.000000)
[00:00:00 -1896.474683] SLOW spr round 1 (radius: 5)
[00:00:00] [worker #2] ML tree search #19, logLikelihood: -1896.474434
[00:00:00 -1896.474442] SLOW spr round 2 (radius: 10)
[00:00:00] [worker #3] ML tree search #20, logLikelihood: -1896.474434
[00:00:00] [worker #1] ML tree search #18, logLikelihood: -1896.474436
[00:00:00 -1896.474442] SLOW spr round 3 (radius: 15)
[00:00:00 -1896.474442] SLOW spr round 4 (radius: 20)
[00:00:00 -1896.474442] Model parameter optimization (eps = 0.100000)

[00:00:00] [worker #0] ML tree search #17, logLikelihood: -1896.474439


Optimized model parameters:

   Partition 0: noname
   Rate heterogeneity: NONE
   Base frequencies (ML): 0.242081 0.265187 0.260429 0.232303 
   Substitution rates (model): 1.000000 1.000000 1.000000 1.000000 1.000000 1.000000 


Final LogLikelihood: -1896.474434

AIC score: 3872.948869 / AICc score: 3887.790498 / BIC score: 4015.682649
Free parameters (model + branch lengths): 40

WARNING: Best ML tree contains 2 near-zero branches!

Best ML tree with collapsed near-zero branches saved to: /home/fili/Documents/KIT/2023/BA/code/output/families/ssim_dtl_s20_f100_sites200_GTR_bl1.0_d0.0_l0.0_t1.0_gc0.0_p0.0_pop10_ms0.0_mf0.0_seed42/families/family_004/misc/raxml_output.F81.raxml.bestTreeCollapsed
Best ML tree saved to: /home/fili/Documents/KIT/2023/BA/code/output/families/ssim_dtl_s20_f100_sites200_GTR_bl1.0_d0.0_l0.0_t1.0_gc0.0_p0.0_pop10_ms0.0_mf0.0_seed42/families/family_004/misc/raxml_output.F81.raxml.bestTree
All ML trees saved to: /home/fili/Documents/KIT/2023/BA/code/output/families/ssim_dtl_s20_f100_sites200_GTR_bl1.0_d0.0_l0.0_t1.0_gc0.0_p0.0_pop10_ms0.0_mf0.0_seed42/families/family_004/misc/raxml_output.F81.raxml.mlTrees
Optimized model saved to: /home/fili/Documents/KIT/2023/BA/code/output/families/ssim_dtl_s20_f100_sites200_GTR_bl1.0_d0.0_l0.0_t1.0_gc0.0_p0.0_pop10_ms0.0_mf0.0_seed42/families/family_004/misc/raxml_output.F81.raxml.bestModel

Execution log saved to: /home/fili/Documents/KIT/2023/BA/code/output/families/ssim_dtl_s20_f100_sites200_GTR_bl1.0_d0.0_l0.0_t1.0_gc0.0_p0.0_pop10_ms0.0_mf0.0_seed42/families/family_004/misc/raxml_output.F81.raxml.log

Analysis started: 12-Jun-2023 12:38:54 / finished: 12-Jun-2023 12:38:54

Elapsed time: 0.284 seconds

