
RAxML-NG v. 1.1.0 released on 29.11.2021 by The Exelixis Lab.
Developed by: Alexey M. Kozlov and Alexandros Stamatakis.
Contributors: Diego Darriba, Tomas Flouri, Benoit Morel, Sarah Lutteropp, Ben Bettisworth.
Latest version: https://github.com/amkozlov/raxml-ng
Questions/problems/suggestions? Please visit: https://groups.google.com/forum/#!forum/raxml

System: AMD Ryzen 7 5800X 8-Core Processor, 8 cores, 31 GB RAM

RAxML-NG was called at 27-Jun-2023 13:43:47 as follows:

/home/fili/Documents/KIT/2023/BA/resources/tools/RAxML-NG/raxml-ng --msa /home/fili/Documents/KIT/2023/BA/code/output/families/ssim_DL_s20_f100_sites200_GTR_bl1.0_d1.0_l1.0_t0.0_gc0.0_p0.0_pop10_ms0.0_mf0.0_seed14976684177860080345/families/family_089/alignment.msa --model F81 --prefix /home/fili/Documents/KIT/2023/BA/code/output/families/ssim_DL_s20_f100_sites200_GTR_bl1.0_d1.0_l1.0_t0.0_gc0.0_p0.0_pop10_ms0.0_mf0.0_seed14976684177860080345/families/family_089/misc/raxml_output.F81

Analysis options:
  run mode: ML tree search
  start tree(s): random (10) + parsimony (10)
  random seed: 1687866227
  tip-inner: OFF
  pattern compression: ON
  per-rate scalers: OFF
  site repeats: ON
  fast spr radius: AUTO
  spr subtree cutoff: 1.000000
  branch lengths: proportional (ML estimate, algorithm: NR-FAST)
  SIMD kernels: AVX2
  parallelization: coarse-grained (auto), PTHREADS (auto)

[00:00:00] Reading alignment from file: /home/fili/Documents/KIT/2023/BA/code/output/families/ssim_DL_s20_f100_sites200_GTR_bl1.0_d1.0_l1.0_t0.0_gc0.0_p0.0_pop10_ms0.0_mf0.0_seed14976684177860080345/families/family_089/alignment.msa
[00:00:00] Loaded alignment with 20 taxa and 121 sites

WARNING: Sequences 10_0_0 and 5_0_0 are exactly identical!
WARNING: Duplicate sequences found: 1

NOTE: Reduced alignment (with duplicates and gap-only sites/taxa removed) 
NOTE: was saved to: /home/fili/Documents/KIT/2023/BA/code/output/families/ssim_DL_s20_f100_sites200_GTR_bl1.0_d1.0_l1.0_t0.0_gc0.0_p0.0_pop10_ms0.0_mf0.0_seed14976684177860080345/families/family_089/misc/raxml_output.F81.raxml.reduced.phy

Alignment comprises 1 partitions and 84 patterns

Partition 0: noname
Model: F81+FO
Alignment sites / patterns: 121 / 84
Gaps: 0.00 %
Invariant sites: 24.79 %


NOTE: Binary MSA file created: /home/fili/Documents/KIT/2023/BA/code/output/families/ssim_DL_s20_f100_sites200_GTR_bl1.0_d1.0_l1.0_t0.0_gc0.0_p0.0_pop10_ms0.0_mf0.0_seed14976684177860080345/families/family_089/misc/raxml_output.F81.raxml.rba

Parallelization scheme autoconfig: 8 worker(s) x 1 thread(s)

Parallel reduction/worker buffer size: 1 KB  / 0 KB

[00:00:00] Generating 10 random starting tree(s) with 20 taxa
[00:00:00] Generating 10 parsimony starting tree(s) with 20 taxa
[00:00:00] Data distribution: max. partitions/sites/weight per thread: 1 / 84 / 336
[00:00:00] Data distribution: max. searches per worker: 3

Starting ML tree search with 20 distinct starting trees

[00:00:00 -2257.079829] Initial branch length optimization
[00:00:00 -1804.469237] Model parameter optimization (eps = 10.000000)
[00:00:00 -1784.128540] AUTODETECT spr round 1 (radius: 5)
[00:00:00 -987.780881] AUTODETECT spr round 2 (radius: 10)
[00:00:00 -987.776029] SPR radius for FAST iterations: 5 (autodetect)
[00:00:00 -987.776029] Model parameter optimization (eps = 3.000000)
[00:00:00 -986.584750] FAST spr round 1 (radius: 5)
[00:00:00 -971.033921] FAST spr round 2 (radius: 5)
[00:00:00 -971.024501] Model parameter optimization (eps = 1.000000)
[00:00:00 -970.810416] SLOW spr round 1 (radius: 5)
[00:00:00 -970.808971] SLOW spr round 2 (radius: 10)
[00:00:00 -970.808705] SLOW spr round 3 (radius: 15)
[00:00:00 -970.808656] SLOW spr round 4 (radius: 20)
[00:00:00 -970.808648] Model parameter optimization (eps = 0.100000)

[00:00:00] [worker #0] ML tree search #1, logLikelihood: -970.808526

[00:00:00 -2371.047412] Initial branch length optimization
[00:00:00 -1890.071459] Model parameter optimization (eps = 10.000000)
[00:00:00] [worker #3] ML tree search #4, logLikelihood: -972.695802
[00:00:00 -1864.777201] AUTODETECT spr round 1 (radius: 5)
[00:00:00] [worker #2] ML tree search #3, logLikelihood: -970.808524
[00:00:00] [worker #7] ML tree search #8, logLikelihood: -970.808523
[00:00:00 -982.318840] AUTODETECT spr round 2 (radius: 10)
[00:00:00 -982.291408] SPR radius for FAST iterations: 5 (autodetect)
[00:00:00 -982.291408] Model parameter optimization (eps = 3.000000)
[00:00:00] [worker #6] ML tree search #7, logLikelihood: -970.808526
[00:00:00] [worker #1] ML tree search #2, logLikelihood: -970.808525
[00:00:00 -978.703168] FAST spr round 1 (radius: 5)
[00:00:00 -972.806399] FAST spr round 2 (radius: 5)
[00:00:00 -971.730625] FAST spr round 3 (radius: 5)
[00:00:00] [worker #4] ML tree search #5, logLikelihood: -970.808526
[00:00:00 -970.939894] FAST spr round 4 (radius: 5)
[00:00:00] [worker #5] ML tree search #6, logLikelihood: -970.808524
[00:00:00 -970.939891] Model parameter optimization (eps = 1.000000)
[00:00:00 -970.808579] SLOW spr round 1 (radius: 5)
[00:00:00] [worker #7] ML tree search #16, logLikelihood: -972.695802
[00:00:00 -970.808537] SLOW spr round 2 (radius: 10)
[00:00:00] [worker #2] ML tree search #11, logLikelihood: -972.695802
[00:00:00] [worker #3] ML tree search #12, logLikelihood: -970.808558
[00:00:00 -970.808531] SLOW spr round 3 (radius: 15)
[00:00:00 -970.808530] SLOW spr round 4 (radius: 20)
[00:00:00 -970.808529] Model parameter optimization (eps = 0.100000)

[00:00:00] [worker #0] ML tree search #9, logLikelihood: -970.808526

[00:00:00 -1223.989827] Initial branch length optimization
[00:00:00 -981.329648] Model parameter optimization (eps = 10.000000)
[00:00:00 -974.946388] AUTODETECT spr round 1 (radius: 5)
[00:00:00] [worker #6] ML tree search #15, logLikelihood: -970.808525
[00:00:00] [worker #4] ML tree search #13, logLikelihood: -972.695802
[00:00:00 -972.772286] AUTODETECT spr round 2 (radius: 10)
[00:00:00 -972.748946] SPR radius for FAST iterations: 5 (autodetect)
[00:00:00 -972.748946] Model parameter optimization (eps = 3.000000)
[00:00:00 -972.696164] FAST spr round 1 (radius: 5)
[00:00:00 -972.695939] Model parameter optimization (eps = 1.000000)
[00:00:00] [worker #5] ML tree search #14, logLikelihood: -972.695802
[00:00:00 -972.695804] SLOW spr round 1 (radius: 5)
[00:00:00] [worker #1] ML tree search #10, logLikelihood: -970.808526
[00:00:00 -972.695802] SLOW spr round 2 (radius: 10)
[00:00:00] [worker #2] ML tree search #19, logLikelihood: -972.695802
[00:00:00 -972.695802] SLOW spr round 3 (radius: 15)
[00:00:00 -972.695802] SLOW spr round 4 (radius: 20)
[00:00:00 -972.695802] Model parameter optimization (eps = 0.100000)

[00:00:00] [worker #0] ML tree search #17, logLikelihood: -972.695802

[00:00:00] [worker #3] ML tree search #20, logLikelihood: -970.808525
[00:00:00] [worker #1] ML tree search #18, logLikelihood: -970.808524

Optimized model parameters:

   Partition 0: noname
   Rate heterogeneity: NONE
   Base frequencies (ML): 0.192236 0.194171 0.275187 0.338406 
   Substitution rates (model): 1.000000 1.000000 1.000000 1.000000 1.000000 1.000000 


Final LogLikelihood: -970.808523

AIC score: 2021.617047 / AICc score: 2062.617047 / BIC score: 2133.448669
Free parameters (model + branch lengths): 40

WARNING: Best ML tree contains 2 near-zero branches!

Best ML tree with collapsed near-zero branches saved to: /home/fili/Documents/KIT/2023/BA/code/output/families/ssim_DL_s20_f100_sites200_GTR_bl1.0_d1.0_l1.0_t0.0_gc0.0_p0.0_pop10_ms0.0_mf0.0_seed14976684177860080345/families/family_089/misc/raxml_output.F81.raxml.bestTreeCollapsed
Best ML tree saved to: /home/fili/Documents/KIT/2023/BA/code/output/families/ssim_DL_s20_f100_sites200_GTR_bl1.0_d1.0_l1.0_t0.0_gc0.0_p0.0_pop10_ms0.0_mf0.0_seed14976684177860080345/families/family_089/misc/raxml_output.F81.raxml.bestTree
All ML trees saved to: /home/fili/Documents/KIT/2023/BA/code/output/families/ssim_DL_s20_f100_sites200_GTR_bl1.0_d1.0_l1.0_t0.0_gc0.0_p0.0_pop10_ms0.0_mf0.0_seed14976684177860080345/families/family_089/misc/raxml_output.F81.raxml.mlTrees
Optimized model saved to: /home/fili/Documents/KIT/2023/BA/code/output/families/ssim_DL_s20_f100_sites200_GTR_bl1.0_d1.0_l1.0_t0.0_gc0.0_p0.0_pop10_ms0.0_mf0.0_seed14976684177860080345/families/family_089/misc/raxml_output.F81.raxml.bestModel

Execution log saved to: /home/fili/Documents/KIT/2023/BA/code/output/families/ssim_DL_s20_f100_sites200_GTR_bl1.0_d1.0_l1.0_t0.0_gc0.0_p0.0_pop10_ms0.0_mf0.0_seed14976684177860080345/families/family_089/misc/raxml_output.F81.raxml.log

Analysis started: 27-Jun-2023 13:43:47 / finished: 27-Jun-2023 13:43:47

Elapsed time: 0.212 seconds

