
RAxML-NG v. 1.1.0 released on 29.11.2021 by The Exelixis Lab.
Developed by: Alexey M. Kozlov and Alexandros Stamatakis.
Contributors: Diego Darriba, Tomas Flouri, Benoit Morel, Sarah Lutteropp, Ben Bettisworth.
Latest version: https://github.com/amkozlov/raxml-ng
Questions/problems/suggestions? Please visit: https://groups.google.com/forum/#!forum/raxml

System: AMD Ryzen 7 5800X 8-Core Processor, 8 cores, 31 GB RAM

RAxML-NG was called at 13-Jun-2023 16:02:56 as follows:

/home/fili/Documents/KIT/2023/BA/resources/tools/RAxML-NG/raxml-ng --msa /home/fili/Documents/KIT/2023/BA/code/output/families/ssim_DL_s20_f100_sites200_GTR_bl1.0_d1.0_l1.0_t0.0_gc0.0_p0.0_pop10_ms0.0_mf0.0_seed42/families/family_019/alignment.msa --model F81 --prefix /home/fili/Documents/KIT/2023/BA/code/output/families/ssim_DL_s20_f100_sites200_GTR_bl1.0_d1.0_l1.0_t0.0_gc0.0_p0.0_pop10_ms0.0_mf0.0_seed42/families/family_019/misc/raxml_output.F81

Analysis options:
  run mode: ML tree search
  start tree(s): random (10) + parsimony (10)
  random seed: 1686664976
  tip-inner: OFF
  pattern compression: ON
  per-rate scalers: OFF
  site repeats: ON
  fast spr radius: AUTO
  spr subtree cutoff: 1.000000
  branch lengths: proportional (ML estimate, algorithm: NR-FAST)
  SIMD kernels: AVX2
  parallelization: coarse-grained (auto), PTHREADS (auto)

[00:00:00] Reading alignment from file: /home/fili/Documents/KIT/2023/BA/code/output/families/ssim_DL_s20_f100_sites200_GTR_bl1.0_d1.0_l1.0_t0.0_gc0.0_p0.0_pop10_ms0.0_mf0.0_seed42/families/family_019/alignment.msa
[00:00:00] Loaded alignment with 20 taxa and 190 sites

WARNING: Sequences 9_0_0 and 13_0_0 are exactly identical!
WARNING: Sequences 12_0_0 and 10_0_0 are exactly identical!
WARNING: Duplicate sequences found: 2

NOTE: Reduced alignment (with duplicates and gap-only sites/taxa removed) 
NOTE: was saved to: /home/fili/Documents/KIT/2023/BA/code/output/families/ssim_DL_s20_f100_sites200_GTR_bl1.0_d1.0_l1.0_t0.0_gc0.0_p0.0_pop10_ms0.0_mf0.0_seed42/families/family_019/misc/raxml_output.F81.raxml.reduced.phy

Alignment comprises 1 partitions and 112 patterns

Partition 0: noname
Model: F81+FO
Alignment sites / patterns: 190 / 112
Gaps: 0.00 %
Invariant sites: 36.32 %


NOTE: Binary MSA file created: /home/fili/Documents/KIT/2023/BA/code/output/families/ssim_DL_s20_f100_sites200_GTR_bl1.0_d1.0_l1.0_t0.0_gc0.0_p0.0_pop10_ms0.0_mf0.0_seed42/families/family_019/misc/raxml_output.F81.raxml.rba

Parallelization scheme autoconfig: 8 worker(s) x 1 thread(s)

Parallel reduction/worker buffer size: 1 KB  / 0 KB

[00:00:00] Generating 10 random starting tree(s) with 20 taxa
[00:00:00] Generating 10 parsimony starting tree(s) with 20 taxa
[00:00:00] Data distribution: max. partitions/sites/weight per thread: 1 / 112 / 448
[00:00:00] Data distribution: max. searches per worker: 3

Starting ML tree search with 20 distinct starting trees

[00:00:00 -2536.713057] Initial branch length optimization
[00:00:00 -2260.493224] Model parameter optimization (eps = 10.000000)
[00:00:00 -2197.788871] AUTODETECT spr round 1 (radius: 5)
[00:00:00 -1454.690193] AUTODETECT spr round 2 (radius: 10)
[00:00:00 -1454.680377] SPR radius for FAST iterations: 5 (autodetect)
[00:00:00 -1454.680377] Model parameter optimization (eps = 3.000000)
[00:00:00 -1453.347142] FAST spr round 1 (radius: 5)
[00:00:00 -1345.227688] FAST spr round 2 (radius: 5)
[00:00:00 -1344.408889] FAST spr round 3 (radius: 5)
[00:00:00 -1344.343358] Model parameter optimization (eps = 1.000000)
[00:00:00 -1344.128439] SLOW spr round 1 (radius: 5)
[00:00:00 -1344.128168] SLOW spr round 2 (radius: 10)
[00:00:00] [worker #5] ML tree search #6, logLikelihood: -1344.128082
[00:00:00] [worker #6] ML tree search #7, logLikelihood: -1342.504630
[00:00:00 -1344.128168] SLOW spr round 3 (radius: 15)
[00:00:00] [worker #1] ML tree search #2, logLikelihood: -1344.128082
[00:00:00] [worker #3] ML tree search #4, logLikelihood: -1342.834968
[00:00:00 -1344.128168] SLOW spr round 4 (radius: 20)
[00:00:00 -1344.128168] Model parameter optimization (eps = 0.100000)

[00:00:00] [worker #0] ML tree search #1, logLikelihood: -1344.128082

[00:00:00] [worker #4] ML tree search #5, logLikelihood: -1342.504630
[00:00:00 -2748.313363] Initial branch length optimization
[00:00:00 -2503.643357] Model parameter optimization (eps = 10.000000)
[00:00:00 -2421.620634] AUTODETECT spr round 1 (radius: 5)
[00:00:00 -1419.999299] AUTODETECT spr round 2 (radius: 10)
[00:00:00 -1372.454563] AUTODETECT spr round 3 (radius: 15)
[00:00:00 -1372.454563] SPR radius for FAST iterations: 10 (autodetect)
[00:00:00 -1372.454563] Model parameter optimization (eps = 3.000000)
[00:00:00 -1366.843454] FAST spr round 1 (radius: 10)
[00:00:00 -1344.159030] FAST spr round 2 (radius: 10)
[00:00:00] [worker #2] ML tree search #3, logLikelihood: -1344.128080
[00:00:00 -1344.159030] Model parameter optimization (eps = 1.000000)
[00:00:00] [worker #7] ML tree search #8, logLikelihood: -1342.834968
[00:00:00 -1344.128104] SLOW spr round 1 (radius: 5)
[00:00:00] [worker #6] ML tree search #15, logLikelihood: -1344.128081
[00:00:00] [worker #5] ML tree search #14, logLikelihood: -1344.128081
[00:00:00 -1344.128097] SLOW spr round 2 (radius: 10)
[00:00:00] [worker #4] ML tree search #13, logLikelihood: -1342.834968
[00:00:00] [worker #3] ML tree search #12, logLikelihood: -1344.128082
[00:00:00 -1344.128097] SLOW spr round 3 (radius: 15)
[00:00:00 -1344.128097] SLOW spr round 4 (radius: 20)
[00:00:00 -1344.128097] Model parameter optimization (eps = 0.100000)

[00:00:00] [worker #0] ML tree search #9, logLikelihood: -1344.128084

[00:00:00 -1710.360985] Initial branch length optimization
[00:00:00 -1365.911462] Model parameter optimization (eps = 10.000000)
[00:00:00 -1344.128175] AUTODETECT spr round 1 (radius: 5)
[00:00:00] [worker #1] ML tree search #10, logLikelihood: -1342.504630
[00:00:00 -1344.128094] SPR radius for FAST iterations: 5 (autodetect)
[00:00:00 -1344.128094] Model parameter optimization (eps = 3.000000)
[00:00:00 -1344.128080] FAST spr round 1 (radius: 5)
[00:00:00 -1344.128080] Model parameter optimization (eps = 1.000000)
[00:00:00 -1344.128080] SLOW spr round 1 (radius: 5)
[00:00:00] [worker #2] ML tree search #11, logLikelihood: -1344.128082
[00:00:00 -1344.128080] SLOW spr round 2 (radius: 10)
[00:00:00 -1344.128080] SLOW spr round 3 (radius: 15)
[00:00:00 -1344.128080] SLOW spr round 4 (radius: 20)
[00:00:00 -1344.128080] Model parameter optimization (eps = 0.100000)

[00:00:00] [worker #0] ML tree search #17, logLikelihood: -1344.128080

[00:00:00] [worker #7] ML tree search #16, logLikelihood: -1342.834989
[00:00:00] [worker #1] ML tree search #18, logLikelihood: -1344.128081
[00:00:00] [worker #3] ML tree search #20, logLikelihood: -1342.834989
[00:00:00] [worker #2] ML tree search #19, logLikelihood: -1344.128082

Optimized model parameters:

   Partition 0: noname
   Rate heterogeneity: NONE
   Base frequencies (ML): 0.321722 0.147811 0.334445 0.196022 
   Substitution rates (model): 1.000000 1.000000 1.000000 1.000000 1.000000 1.000000 


Final LogLikelihood: -1342.504630

AIC score: 2765.009259 / AICc score: 2787.022682 / BIC score: 2894.890222
Free parameters (model + branch lengths): 40

WARNING: Best ML tree contains 2 near-zero branches!

Best ML tree with collapsed near-zero branches saved to: /home/fili/Documents/KIT/2023/BA/code/output/families/ssim_DL_s20_f100_sites200_GTR_bl1.0_d1.0_l1.0_t0.0_gc0.0_p0.0_pop10_ms0.0_mf0.0_seed42/families/family_019/misc/raxml_output.F81.raxml.bestTreeCollapsed
Best ML tree saved to: /home/fili/Documents/KIT/2023/BA/code/output/families/ssim_DL_s20_f100_sites200_GTR_bl1.0_d1.0_l1.0_t0.0_gc0.0_p0.0_pop10_ms0.0_mf0.0_seed42/families/family_019/misc/raxml_output.F81.raxml.bestTree
All ML trees saved to: /home/fili/Documents/KIT/2023/BA/code/output/families/ssim_DL_s20_f100_sites200_GTR_bl1.0_d1.0_l1.0_t0.0_gc0.0_p0.0_pop10_ms0.0_mf0.0_seed42/families/family_019/misc/raxml_output.F81.raxml.mlTrees
Optimized model saved to: /home/fili/Documents/KIT/2023/BA/code/output/families/ssim_DL_s20_f100_sites200_GTR_bl1.0_d1.0_l1.0_t0.0_gc0.0_p0.0_pop10_ms0.0_mf0.0_seed42/families/family_019/misc/raxml_output.F81.raxml.bestModel

Execution log saved to: /home/fili/Documents/KIT/2023/BA/code/output/families/ssim_DL_s20_f100_sites200_GTR_bl1.0_d1.0_l1.0_t0.0_gc0.0_p0.0_pop10_ms0.0_mf0.0_seed42/families/family_019/misc/raxml_output.F81.raxml.log

Analysis started: 13-Jun-2023 16:02:56 / finished: 13-Jun-2023 16:02:57

Elapsed time: 0.231 seconds

