
RAxML-NG v. 1.1.0 released on 29.11.2021 by The Exelixis Lab.
Developed by: Alexey M. Kozlov and Alexandros Stamatakis.
Contributors: Diego Darriba, Tomas Flouri, Benoit Morel, Sarah Lutteropp, Ben Bettisworth.
Latest version: https://github.com/amkozlov/raxml-ng
Questions/problems/suggestions? Please visit: https://groups.google.com/forum/#!forum/raxml

System: AMD Ryzen 7 5800X 8-Core Processor, 8 cores, 31 GB RAM

RAxML-NG was called at 21-Jun-2023 14:53:23 as follows:

/home/fili/Documents/KIT/2023/BA/resources/tools/RAxML-NG/raxml-ng --msa /home/fili/Documents/KIT/2023/BA/code/output/families/ssim_NE_s20_f100_sites200_GTR_bl1.0_d0.0_l0.0_t0.0_gc0.0_p0.0_pop10_ms0.0_mf0.0_seed19732311/families/family_051/alignment.msa --model F81 --prefix /home/fili/Documents/KIT/2023/BA/code/output/families/ssim_NE_s20_f100_sites200_GTR_bl1.0_d0.0_l0.0_t0.0_gc0.0_p0.0_pop10_ms0.0_mf0.0_seed19732311/families/family_051/misc/raxml_output.F81

Analysis options:
  run mode: ML tree search
  start tree(s): random (10) + parsimony (10)
  random seed: 1687352003
  tip-inner: OFF
  pattern compression: ON
  per-rate scalers: OFF
  site repeats: ON
  fast spr radius: AUTO
  spr subtree cutoff: 1.000000
  branch lengths: proportional (ML estimate, algorithm: NR-FAST)
  SIMD kernels: AVX2
  parallelization: coarse-grained (auto), PTHREADS (auto)

[00:00:00] Reading alignment from file: /home/fili/Documents/KIT/2023/BA/code/output/families/ssim_NE_s20_f100_sites200_GTR_bl1.0_d0.0_l0.0_t0.0_gc0.0_p0.0_pop10_ms0.0_mf0.0_seed19732311/families/family_051/alignment.msa
[00:00:00] Loaded alignment with 20 taxa and 219 sites

Alignment comprises 1 partitions and 138 patterns

Partition 0: noname
Model: F81+FO
Alignment sites / patterns: 219 / 138
Gaps: 0.00 %
Invariant sites: 31.51 %


NOTE: Binary MSA file created: /home/fili/Documents/KIT/2023/BA/code/output/families/ssim_NE_s20_f100_sites200_GTR_bl1.0_d0.0_l0.0_t0.0_gc0.0_p0.0_pop10_ms0.0_mf0.0_seed19732311/families/family_051/misc/raxml_output.F81.raxml.rba

Parallelization scheme autoconfig: 8 worker(s) x 1 thread(s)

Parallel reduction/worker buffer size: 1 KB  / 0 KB

[00:00:00] Generating 10 random starting tree(s) with 20 taxa
[00:00:00] Generating 10 parsimony starting tree(s) with 20 taxa
[00:00:00] Data distribution: max. partitions/sites/weight per thread: 1 / 138 / 552
[00:00:00] Data distribution: max. searches per worker: 3

Starting ML tree search with 20 distinct starting trees

[00:00:00 -3403.679325] Initial branch length optimization
[00:00:00 -3078.276948] Model parameter optimization (eps = 10.000000)
[00:00:00 -3016.624695] AUTODETECT spr round 1 (radius: 5)
[00:00:00 -1930.651540] AUTODETECT spr round 2 (radius: 10)
[00:00:00 -1867.898858] AUTODETECT spr round 3 (radius: 15)
[00:00:00 -1867.895682] SPR radius for FAST iterations: 10 (autodetect)
[00:00:00 -1867.895682] Model parameter optimization (eps = 3.000000)
[00:00:00 -1867.372829] FAST spr round 1 (radius: 10)
[00:00:00 -1840.378399] FAST spr round 2 (radius: 10)
[00:00:00 -1840.256658] FAST spr round 3 (radius: 10)
[00:00:00] [worker #6] ML tree search #7, logLikelihood: -1837.883934
[00:00:00 -1837.951404] FAST spr round 4 (radius: 10)
[00:00:00] [worker #4] ML tree search #5, logLikelihood: -1837.883939
[00:00:00] [worker #3] ML tree search #4, logLikelihood: -1837.883937
[00:00:00] [worker #1] ML tree search #2, logLikelihood: -1837.883935
[00:00:00] [worker #7] ML tree search #8, logLikelihood: -1837.883935
[00:00:00 -1837.951343] Model parameter optimization (eps = 1.000000)
[00:00:00 -1837.884028] SLOW spr round 1 (radius: 5)
[00:00:00] [worker #2] ML tree search #3, logLikelihood: -1837.883934
[00:00:00 -1837.883968] SLOW spr round 2 (radius: 10)
[00:00:00] [worker #6] ML tree search #15, logLikelihood: -1837.883934
[00:00:00] [worker #7] ML tree search #16, logLikelihood: -1837.883935
[00:00:00] [worker #2] ML tree search #11, logLikelihood: -1837.883935
[00:00:00 -1837.883968] SLOW spr round 3 (radius: 15)
[00:00:00 -1837.883968] SLOW spr round 4 (radius: 20)
[00:00:00] [worker #5] ML tree search #6, logLikelihood: -1837.883935
[00:00:00 -1837.883968] Model parameter optimization (eps = 0.100000)

[00:00:00] [worker #0] ML tree search #1, logLikelihood: -1837.883935

[00:00:00 -3637.559884] Initial branch length optimization
[00:00:00 -3328.451977] Model parameter optimization (eps = 10.000000)
[00:00:00] [worker #3] ML tree search #12, logLikelihood: -1838.415910
[00:00:00 -3254.277224] AUTODETECT spr round 1 (radius: 5)
[00:00:00] [worker #1] ML tree search #10, logLikelihood: -1837.883935
[00:00:00] [worker #4] ML tree search #13, logLikelihood: -1837.883988
[00:00:00 -1858.446337] AUTODETECT spr round 2 (radius: 10)
[00:00:00 -1858.445249] SPR radius for FAST iterations: 5 (autodetect)
[00:00:00 -1858.445249] Model parameter optimization (eps = 3.000000)
[00:00:00 -1857.312598] FAST spr round 1 (radius: 5)
[00:00:00 -1837.906392] FAST spr round 2 (radius: 5)
[00:00:00 -1837.905486] Model parameter optimization (eps = 1.000000)
[00:00:00 -1837.883975] SLOW spr round 1 (radius: 5)
[00:00:00] [worker #3] ML tree search #20, logLikelihood: -1837.883935
[00:00:00] [worker #2] ML tree search #19, logLikelihood: -1837.883935
[00:00:00] [worker #1] ML tree search #18, logLikelihood: -1837.883934
[00:00:00 -1837.883953] SLOW spr round 2 (radius: 10)
[00:00:00] [worker #5] ML tree search #14, logLikelihood: -1837.883934
[00:00:00 -1837.883953] SLOW spr round 3 (radius: 15)
[00:00:00 -1837.883953] SLOW spr round 4 (radius: 20)
[00:00:00 -1837.883953] Model parameter optimization (eps = 0.100000)

[00:00:00] [worker #0] ML tree search #9, logLikelihood: -1837.883939

[00:00:00 -2202.276253] Initial branch length optimization
[00:00:00 -1883.588385] Model parameter optimization (eps = 10.000000)
[00:00:00 -1839.428280] AUTODETECT spr round 1 (radius: 5)
[00:00:00 -1838.171964] AUTODETECT spr round 2 (radius: 10)
[00:00:00 -1838.169944] SPR radius for FAST iterations: 5 (autodetect)
[00:00:00 -1838.169944] Model parameter optimization (eps = 3.000000)
[00:00:00 -1838.166767] FAST spr round 1 (radius: 5)
[00:00:00 -1837.886624] FAST spr round 2 (radius: 5)
[00:00:00 -1837.886623] Model parameter optimization (eps = 1.000000)
[00:00:00 -1837.883943] SLOW spr round 1 (radius: 5)
[00:00:00 -1837.883941] SLOW spr round 2 (radius: 10)
[00:00:00 -1837.883941] SLOW spr round 3 (radius: 15)
[00:00:00 -1837.883941] SLOW spr round 4 (radius: 20)
[00:00:00 -1837.883941] Model parameter optimization (eps = 0.100000)

[00:00:00] [worker #0] ML tree search #17, logLikelihood: -1837.883934


Optimized model parameters:

   Partition 0: noname
   Rate heterogeneity: NONE
   Base frequencies (ML): 0.339216 0.137460 0.347542 0.175781 
   Substitution rates (model): 1.000000 1.000000 1.000000 1.000000 1.000000 1.000000 


Final LogLikelihood: -1837.883934

AIC score: 3755.767868 / AICc score: 3774.194834 / BIC score: 3891.330737
Free parameters (model + branch lengths): 40

Best ML tree saved to: /home/fili/Documents/KIT/2023/BA/code/output/families/ssim_NE_s20_f100_sites200_GTR_bl1.0_d0.0_l0.0_t0.0_gc0.0_p0.0_pop10_ms0.0_mf0.0_seed19732311/families/family_051/misc/raxml_output.F81.raxml.bestTree
All ML trees saved to: /home/fili/Documents/KIT/2023/BA/code/output/families/ssim_NE_s20_f100_sites200_GTR_bl1.0_d0.0_l0.0_t0.0_gc0.0_p0.0_pop10_ms0.0_mf0.0_seed19732311/families/family_051/misc/raxml_output.F81.raxml.mlTrees
Optimized model saved to: /home/fili/Documents/KIT/2023/BA/code/output/families/ssim_NE_s20_f100_sites200_GTR_bl1.0_d0.0_l0.0_t0.0_gc0.0_p0.0_pop10_ms0.0_mf0.0_seed19732311/families/family_051/misc/raxml_output.F81.raxml.bestModel

Execution log saved to: /home/fili/Documents/KIT/2023/BA/code/output/families/ssim_NE_s20_f100_sites200_GTR_bl1.0_d0.0_l0.0_t0.0_gc0.0_p0.0_pop10_ms0.0_mf0.0_seed19732311/families/family_051/misc/raxml_output.F81.raxml.log

Analysis started: 21-Jun-2023 14:53:23 / finished: 21-Jun-2023 14:53:24

Elapsed time: 0.442 seconds

