
RAxML-NG v. 1.1.0 released on 29.11.2021 by The Exelixis Lab.
Developed by: Alexey M. Kozlov and Alexandros Stamatakis.
Contributors: Diego Darriba, Tomas Flouri, Benoit Morel, Sarah Lutteropp, Ben Bettisworth.
Latest version: https://github.com/amkozlov/raxml-ng
Questions/problems/suggestions? Please visit: https://groups.google.com/forum/#!forum/raxml

System: AMD Ryzen 7 5800X 8-Core Processor, 8 cores, 31 GB RAM

RAxML-NG was called at 27-Jun-2023 13:41:42 as follows:

/home/fili/Documents/KIT/2023/BA/resources/tools/RAxML-NG/raxml-ng --msa /home/fili/Documents/KIT/2023/BA/code/output/families/ssim_DL_s20_f100_sites200_GTR_bl1.0_d1.0_l1.0_t0.0_gc0.0_p0.0_pop10_ms0.0_mf0.0_seed121873/families/family_062/alignment.msa --model F81 --prefix /home/fili/Documents/KIT/2023/BA/code/output/families/ssim_DL_s20_f100_sites200_GTR_bl1.0_d1.0_l1.0_t0.0_gc0.0_p0.0_pop10_ms0.0_mf0.0_seed121873/families/family_062/misc/raxml_output.F81

Analysis options:
  run mode: ML tree search
  start tree(s): random (10) + parsimony (10)
  random seed: 1687866102
  tip-inner: OFF
  pattern compression: ON
  per-rate scalers: OFF
  site repeats: ON
  fast spr radius: AUTO
  spr subtree cutoff: 1.000000
  branch lengths: proportional (ML estimate, algorithm: NR-FAST)
  SIMD kernels: AVX2
  parallelization: coarse-grained (auto), PTHREADS (auto)

[00:00:00] Reading alignment from file: /home/fili/Documents/KIT/2023/BA/code/output/families/ssim_DL_s20_f100_sites200_GTR_bl1.0_d1.0_l1.0_t0.0_gc0.0_p0.0_pop10_ms0.0_mf0.0_seed121873/families/family_062/alignment.msa
[00:00:00] Loaded alignment with 44 taxa and 199 sites

WARNING: Sequences 10_21_0 and 10_20_0 are exactly identical!
WARNING: Duplicate sequences found: 1

NOTE: Reduced alignment (with duplicates and gap-only sites/taxa removed) 
NOTE: was saved to: /home/fili/Documents/KIT/2023/BA/code/output/families/ssim_DL_s20_f100_sites200_GTR_bl1.0_d1.0_l1.0_t0.0_gc0.0_p0.0_pop10_ms0.0_mf0.0_seed121873/families/family_062/misc/raxml_output.F81.raxml.reduced.phy

Alignment comprises 1 partitions and 156 patterns

Partition 0: noname
Model: F81+FO
Alignment sites / patterns: 199 / 156
Gaps: 0.00 %
Invariant sites: 22.11 %


NOTE: Binary MSA file created: /home/fili/Documents/KIT/2023/BA/code/output/families/ssim_DL_s20_f100_sites200_GTR_bl1.0_d1.0_l1.0_t0.0_gc0.0_p0.0_pop10_ms0.0_mf0.0_seed121873/families/family_062/misc/raxml_output.F81.raxml.rba

Parallelization scheme autoconfig: 8 worker(s) x 1 thread(s)

Parallel reduction/worker buffer size: 1 KB  / 0 KB

[00:00:00] Generating 10 random starting tree(s) with 44 taxa
[00:00:00] Generating 10 parsimony starting tree(s) with 44 taxa
[00:00:00] Data distribution: max. partitions/sites/weight per thread: 1 / 156 / 624
[00:00:00] Data distribution: max. searches per worker: 3

Starting ML tree search with 20 distinct starting trees

[00:00:00 -5936.327331] Initial branch length optimization
[00:00:00 -5419.654596] Model parameter optimization (eps = 10.000000)
[00:00:00 -5243.284862] AUTODETECT spr round 1 (radius: 5)
[00:00:00 -3735.637156] AUTODETECT spr round 2 (radius: 10)
[00:00:00 -3489.110880] AUTODETECT spr round 3 (radius: 15)
[00:00:00 -3489.110673] SPR radius for FAST iterations: 10 (autodetect)
[00:00:00 -3489.110673] Model parameter optimization (eps = 3.000000)
[00:00:00 -3487.327593] FAST spr round 1 (radius: 10)
[00:00:00 -3158.123671] FAST spr round 2 (radius: 10)
[00:00:00 -3154.039400] FAST spr round 3 (radius: 10)
[00:00:00 -3153.168205] FAST spr round 4 (radius: 10)
[00:00:00 -3153.168187] Model parameter optimization (eps = 1.000000)
[00:00:00 -3152.510260] SLOW spr round 1 (radius: 5)
[00:00:00 -3152.509694] SLOW spr round 2 (radius: 10)
[00:00:00] [worker #3] ML tree search #4, logLikelihood: -3150.335529
[00:00:00] [worker #1] ML tree search #2, logLikelihood: -3153.180218
[00:00:00 -3152.509694] SLOW spr round 3 (radius: 15)
[00:00:00] [worker #5] ML tree search #6, logLikelihood: -3153.180216
[00:00:00] [worker #4] ML tree search #5, logLikelihood: -3154.090787
[00:00:00] [worker #6] ML tree search #7, logLikelihood: -3150.335520
[00:00:00 -3152.509694] SLOW spr round 4 (radius: 20)
[00:00:00 -3152.509694] SLOW spr round 5 (radius: 25)
[00:00:00 -3152.509694] Model parameter optimization (eps = 0.100000)

[00:00:00] [worker #0] ML tree search #1, logLikelihood: -3152.508793

[00:00:00 -5977.730317] Initial branch length optimization
[00:00:00 -5469.882969] Model parameter optimization (eps = 10.000000)
[00:00:00 -5288.340270] AUTODETECT spr round 1 (radius: 5)
[00:00:00 -3704.423382] AUTODETECT spr round 2 (radius: 10)
[00:00:00] [worker #7] ML tree search #8, logLikelihood: -3154.090787
[00:00:00 -3442.024417] AUTODETECT spr round 3 (radius: 15)
[00:00:00 -3442.023273] SPR radius for FAST iterations: 10 (autodetect)
[00:00:00 -3442.023273] Model parameter optimization (eps = 3.000000)
[00:00:00 -3441.400905] FAST spr round 1 (radius: 10)
[00:00:00] [worker #2] ML tree search #3, logLikelihood: -3152.508792
[00:00:00 -3167.426434] FAST spr round 2 (radius: 10)
[00:00:00 -3154.380107] FAST spr round 3 (radius: 10)
[00:00:00 -3154.380083] Model parameter optimization (eps = 1.000000)
[00:00:00 -3154.091767] SLOW spr round 1 (radius: 5)
[00:00:00] [worker #3] ML tree search #12, logLikelihood: -3150.335520
[00:00:00 -3154.091266] SLOW spr round 2 (radius: 10)
[00:00:00] [worker #4] ML tree search #13, logLikelihood: -3154.090779
[00:00:00] [worker #6] ML tree search #15, logLikelihood: -3154.090777
[00:00:00] [worker #1] ML tree search #10, logLikelihood: -3150.335518
[00:00:00 -3154.091261] SLOW spr round 3 (radius: 15)
[00:00:00] [worker #5] ML tree search #14, logLikelihood: -3154.090781
[00:00:00] [worker #2] ML tree search #11, logLikelihood: -3150.335516
[00:00:00 -3154.091261] SLOW spr round 4 (radius: 20)
[00:00:00 -3154.091261] SLOW spr round 5 (radius: 25)
[00:00:00 -3154.091261] Model parameter optimization (eps = 0.100000)

[00:00:00] [worker #0] ML tree search #9, logLikelihood: -3154.090781

[00:00:00 -3892.740466] Initial branch length optimization
[00:00:00 -3280.202951] Model parameter optimization (eps = 10.000000)
[00:00:00 -3172.181574] AUTODETECT spr round 1 (radius: 5)
[00:00:00] [worker #7] ML tree search #16, logLikelihood: -3154.090778
[00:00:00 -3155.448117] AUTODETECT spr round 2 (radius: 10)
[00:00:00 -3155.447791] SPR radius for FAST iterations: 5 (autodetect)
[00:00:00 -3155.447791] Model parameter optimization (eps = 3.000000)
[00:00:00 -3155.442741] FAST spr round 1 (radius: 5)
[00:00:00 -3153.774301] FAST spr round 2 (radius: 5)
[00:00:00 -3153.164491] FAST spr round 3 (radius: 5)
[00:00:00 -3153.164484] Model parameter optimization (eps = 1.000000)
[00:00:00 -3153.163993] SLOW spr round 1 (radius: 5)
[00:00:00] [worker #3] ML tree search #20, logLikelihood: -3150.335517
[00:00:01] [worker #1] ML tree search #18, logLikelihood: -3150.335518
[00:00:01 -3153.163993] SLOW spr round 2 (radius: 10)
[00:00:01] [worker #2] ML tree search #19, logLikelihood: -3150.335518
[00:00:01 -3153.163993] SLOW spr round 3 (radius: 15)
[00:00:01 -3153.163993] SLOW spr round 4 (radius: 20)
[00:00:01 -3153.163993] SLOW spr round 5 (radius: 25)
[00:00:01 -3153.163993] Model parameter optimization (eps = 0.100000)

[00:00:01] [worker #0] ML tree search #17, logLikelihood: -3153.163992


Optimized model parameters:

   Partition 0: noname
   Rate heterogeneity: NONE
   Base frequencies (ML): 0.360838 0.112697 0.390919 0.135546 
   Substitution rates (model): 1.000000 1.000000 1.000000 1.000000 1.000000 1.000000 


Final LogLikelihood: -3150.335516

AIC score: 6476.671032 / AICc score: 6619.071032 / BIC score: 6766.481857
Free parameters (model + branch lengths): 88

Best ML tree saved to: /home/fili/Documents/KIT/2023/BA/code/output/families/ssim_DL_s20_f100_sites200_GTR_bl1.0_d1.0_l1.0_t0.0_gc0.0_p0.0_pop10_ms0.0_mf0.0_seed121873/families/family_062/misc/raxml_output.F81.raxml.bestTree
All ML trees saved to: /home/fili/Documents/KIT/2023/BA/code/output/families/ssim_DL_s20_f100_sites200_GTR_bl1.0_d1.0_l1.0_t0.0_gc0.0_p0.0_pop10_ms0.0_mf0.0_seed121873/families/family_062/misc/raxml_output.F81.raxml.mlTrees
Optimized model saved to: /home/fili/Documents/KIT/2023/BA/code/output/families/ssim_DL_s20_f100_sites200_GTR_bl1.0_d1.0_l1.0_t0.0_gc0.0_p0.0_pop10_ms0.0_mf0.0_seed121873/families/family_062/misc/raxml_output.F81.raxml.bestModel

Execution log saved to: /home/fili/Documents/KIT/2023/BA/code/output/families/ssim_DL_s20_f100_sites200_GTR_bl1.0_d1.0_l1.0_t0.0_gc0.0_p0.0_pop10_ms0.0_mf0.0_seed121873/families/family_062/misc/raxml_output.F81.raxml.log

Analysis started: 27-Jun-2023 13:41:42 / finished: 27-Jun-2023 13:41:43

Elapsed time: 1.130 seconds

