
RAxML-NG v. 1.1.0 released on 29.11.2021 by The Exelixis Lab.
Developed by: Alexey M. Kozlov and Alexandros Stamatakis.
Contributors: Diego Darriba, Tomas Flouri, Benoit Morel, Sarah Lutteropp, Ben Bettisworth.
Latest version: https://github.com/amkozlov/raxml-ng
Questions/problems/suggestions? Please visit: https://groups.google.com/forum/#!forum/raxml

System: AMD Ryzen 7 5800X 8-Core Processor, 8 cores, 31 GB RAM

RAxML-NG was called at 27-Jun-2023 13:47:06 as follows:

/home/fili/Documents/KIT/2023/BA/resources/tools/RAxML-NG/raxml-ng --msa /home/fili/Documents/KIT/2023/BA/code/output/families/ssim_NE_s20_f100_sites200_GTR_bl1.0_d0.0_l0.0_t0.0_gc0.0_p0.0_pop10_ms0.0_mf0.0_seed121873/families/family_041/alignment.msa --model F81 --prefix /home/fili/Documents/KIT/2023/BA/code/output/families/ssim_NE_s20_f100_sites200_GTR_bl1.0_d0.0_l0.0_t0.0_gc0.0_p0.0_pop10_ms0.0_mf0.0_seed121873/families/family_041/misc/raxml_output.F81

Analysis options:
  run mode: ML tree search
  start tree(s): random (10) + parsimony (10)
  random seed: 1687866426
  tip-inner: OFF
  pattern compression: ON
  per-rate scalers: OFF
  site repeats: ON
  fast spr radius: AUTO
  spr subtree cutoff: 1.000000
  branch lengths: proportional (ML estimate, algorithm: NR-FAST)
  SIMD kernels: AVX2
  parallelization: coarse-grained (auto), PTHREADS (auto)

[00:00:00] Reading alignment from file: /home/fili/Documents/KIT/2023/BA/code/output/families/ssim_NE_s20_f100_sites200_GTR_bl1.0_d0.0_l0.0_t0.0_gc0.0_p0.0_pop10_ms0.0_mf0.0_seed121873/families/family_041/alignment.msa
[00:00:00] Loaded alignment with 20 taxa and 157 sites

WARNING: Sequences 15_0_0 and 17_0_0 are exactly identical!
WARNING: Sequences 13_0_0 and 19_0_0 are exactly identical!
WARNING: Duplicate sequences found: 2

NOTE: Reduced alignment (with duplicates and gap-only sites/taxa removed) 
NOTE: was saved to: /home/fili/Documents/KIT/2023/BA/code/output/families/ssim_NE_s20_f100_sites200_GTR_bl1.0_d0.0_l0.0_t0.0_gc0.0_p0.0_pop10_ms0.0_mf0.0_seed121873/families/family_041/misc/raxml_output.F81.raxml.reduced.phy

Alignment comprises 1 partitions and 75 patterns

Partition 0: noname
Model: F81+FO
Alignment sites / patterns: 157 / 75
Gaps: 0.00 %
Invariant sites: 50.32 %


NOTE: Binary MSA file created: /home/fili/Documents/KIT/2023/BA/code/output/families/ssim_NE_s20_f100_sites200_GTR_bl1.0_d0.0_l0.0_t0.0_gc0.0_p0.0_pop10_ms0.0_mf0.0_seed121873/families/family_041/misc/raxml_output.F81.raxml.rba

Parallelization scheme autoconfig: 8 worker(s) x 1 thread(s)

Parallel reduction/worker buffer size: 1 KB  / 0 KB

[00:00:00] Generating 10 random starting tree(s) with 20 taxa
[00:00:00] Generating 10 parsimony starting tree(s) with 20 taxa
[00:00:00] Data distribution: max. partitions/sites/weight per thread: 1 / 75 / 300
[00:00:00] Data distribution: max. searches per worker: 3

Starting ML tree search with 20 distinct starting trees

[00:00:00 -2061.361782] Initial branch length optimization
[00:00:00 -1869.736835] Model parameter optimization (eps = 10.000000)
[00:00:00 -1803.650049] AUTODETECT spr round 1 (radius: 5)
[00:00:00 -1079.218144] AUTODETECT spr round 2 (radius: 10)
[00:00:00 -1079.217716] SPR radius for FAST iterations: 5 (autodetect)
[00:00:00 -1079.217716] Model parameter optimization (eps = 3.000000)
[00:00:00 -1073.461187] FAST spr round 1 (radius: 5)
[00:00:00 -1053.724400] FAST spr round 2 (radius: 5)
[00:00:00 -1046.011295] FAST spr round 3 (radius: 5)
[00:00:00 -1046.011293] Model parameter optimization (eps = 1.000000)
[00:00:00 -1045.965199] SLOW spr round 1 (radius: 5)
[00:00:00 -1045.965139] SLOW spr round 2 (radius: 10)
[00:00:00] [worker #6] ML tree search #7, logLikelihood: -1045.965100
[00:00:00] [worker #1] ML tree search #2, logLikelihood: -1045.965097
[00:00:00] [worker #2] ML tree search #3, logLikelihood: -1045.965099
[00:00:00 -1045.965139] SLOW spr round 3 (radius: 15)
[00:00:00] [worker #7] ML tree search #8, logLikelihood: -1045.965098
[00:00:00] [worker #4] ML tree search #5, logLikelihood: -1045.965097
[00:00:00 -1045.965139] SLOW spr round 4 (radius: 20)
[00:00:00] [worker #5] ML tree search #6, logLikelihood: -1045.965101
[00:00:00] [worker #3] ML tree search #4, logLikelihood: -1045.965097
[00:00:00 -1045.965139] Model parameter optimization (eps = 0.100000)

[00:00:00] [worker #0] ML tree search #1, logLikelihood: -1045.965097

[00:00:00 -1881.642080] Initial branch length optimization
[00:00:00 -1692.696714] Model parameter optimization (eps = 10.000000)
[00:00:00 -1639.554627] AUTODETECT spr round 1 (radius: 5)
[00:00:00 -1064.939928] AUTODETECT spr round 2 (radius: 10)
[00:00:00 -1064.939231] SPR radius for FAST iterations: 5 (autodetect)
[00:00:00 -1064.939231] Model parameter optimization (eps = 3.000000)
[00:00:00 -1063.837162] FAST spr round 1 (radius: 5)
[00:00:00 -1045.985643] FAST spr round 2 (radius: 5)
[00:00:00 -1045.985625] Model parameter optimization (eps = 1.000000)
[00:00:00 -1045.965129] SLOW spr round 1 (radius: 5)
[00:00:00] [worker #6] ML tree search #15, logLikelihood: -1045.965097
[00:00:00] [worker #2] ML tree search #11, logLikelihood: -1045.965097
[00:00:00] [worker #7] ML tree search #16, logLikelihood: -1045.965096
[00:00:00 -1045.965118] SLOW spr round 2 (radius: 10)
[00:00:00] [worker #4] ML tree search #13, logLikelihood: -1045.965098
[00:00:00] [worker #3] ML tree search #12, logLikelihood: -1045.965098
[00:00:00] [worker #5] ML tree search #14, logLikelihood: -1045.965097
[00:00:00] [worker #1] ML tree search #10, logLikelihood: -1045.965098
[00:00:00 -1045.965118] SLOW spr round 3 (radius: 15)
[00:00:00 -1045.965118] SLOW spr round 4 (radius: 20)
[00:00:00 -1045.965118] Model parameter optimization (eps = 0.100000)

[00:00:00] [worker #0] ML tree search #9, logLikelihood: -1045.965097

[00:00:00 -1332.006615] Initial branch length optimization
[00:00:00 -1069.861847] Model parameter optimization (eps = 10.000000)
[00:00:00 -1045.965865] AUTODETECT spr round 1 (radius: 5)
[00:00:00 -1045.965508] SPR radius for FAST iterations: 5 (autodetect)
[00:00:00 -1045.965508] Model parameter optimization (eps = 3.000000)
[00:00:00 -1045.965102] FAST spr round 1 (radius: 5)
[00:00:00 -1045.965100] Model parameter optimization (eps = 1.000000)
[00:00:00 -1045.965098] SLOW spr round 1 (radius: 5)
[00:00:00] [worker #2] ML tree search #19, logLikelihood: -1045.965097
[00:00:00 -1045.965098] SLOW spr round 2 (radius: 10)
[00:00:00] [worker #3] ML tree search #20, logLikelihood: -1045.965097
[00:00:00 -1045.965098] SLOW spr round 3 (radius: 15)
[00:00:00] [worker #1] ML tree search #18, logLikelihood: -1045.965097
[00:00:00 -1045.965098] SLOW spr round 4 (radius: 20)
[00:00:00 -1045.965098] Model parameter optimization (eps = 0.100000)

[00:00:00] [worker #0] ML tree search #17, logLikelihood: -1045.965097


Optimized model parameters:

   Partition 0: noname
   Rate heterogeneity: NONE
   Base frequencies (ML): 0.308441 0.175107 0.374628 0.141824 
   Substitution rates (model): 1.000000 1.000000 1.000000 1.000000 1.000000 1.000000 


Final LogLikelihood: -1045.965096

AIC score: 2171.930192 / AICc score: 2200.206054 / BIC score: 2294.180024
Free parameters (model + branch lengths): 40

Best ML tree saved to: /home/fili/Documents/KIT/2023/BA/code/output/families/ssim_NE_s20_f100_sites200_GTR_bl1.0_d0.0_l0.0_t0.0_gc0.0_p0.0_pop10_ms0.0_mf0.0_seed121873/families/family_041/misc/raxml_output.F81.raxml.bestTree
All ML trees saved to: /home/fili/Documents/KIT/2023/BA/code/output/families/ssim_NE_s20_f100_sites200_GTR_bl1.0_d0.0_l0.0_t0.0_gc0.0_p0.0_pop10_ms0.0_mf0.0_seed121873/families/family_041/misc/raxml_output.F81.raxml.mlTrees
Optimized model saved to: /home/fili/Documents/KIT/2023/BA/code/output/families/ssim_NE_s20_f100_sites200_GTR_bl1.0_d0.0_l0.0_t0.0_gc0.0_p0.0_pop10_ms0.0_mf0.0_seed121873/families/family_041/misc/raxml_output.F81.raxml.bestModel

Execution log saved to: /home/fili/Documents/KIT/2023/BA/code/output/families/ssim_NE_s20_f100_sites200_GTR_bl1.0_d0.0_l0.0_t0.0_gc0.0_p0.0_pop10_ms0.0_mf0.0_seed121873/families/family_041/misc/raxml_output.F81.raxml.log

Analysis started: 27-Jun-2023 13:47:06 / finished: 27-Jun-2023 13:47:06

Elapsed time: 0.171 seconds

