
RAxML-NG v. 1.1.0 released on 29.11.2021 by The Exelixis Lab.
Developed by: Alexey M. Kozlov and Alexandros Stamatakis.
Contributors: Diego Darriba, Tomas Flouri, Benoit Morel, Sarah Lutteropp, Ben Bettisworth.
Latest version: https://github.com/amkozlov/raxml-ng
Questions/problems/suggestions? Please visit: https://groups.google.com/forum/#!forum/raxml

System: AMD Ryzen 7 5800X 8-Core Processor, 8 cores, 31 GB RAM

RAxML-NG was called at 27-Jun-2023 13:44:07 as follows:

/home/fili/Documents/KIT/2023/BA/resources/tools/RAxML-NG/raxml-ng --msa /home/fili/Documents/KIT/2023/BA/code/output/families/ssim_DL_s20_f100_sites200_GTR_bl1.0_d1.0_l1.0_t0.0_gc0.0_p0.0_pop10_ms0.0_mf0.0_seed14976684177860080345/families/family_014/alignment.msa --model F81 --prefix /home/fili/Documents/KIT/2023/BA/code/output/families/ssim_DL_s20_f100_sites200_GTR_bl1.0_d1.0_l1.0_t0.0_gc0.0_p0.0_pop10_ms0.0_mf0.0_seed14976684177860080345/families/family_014/misc/raxml_output.F81

Analysis options:
  run mode: ML tree search
  start tree(s): random (10) + parsimony (10)
  random seed: 1687866247
  tip-inner: OFF
  pattern compression: ON
  per-rate scalers: OFF
  site repeats: ON
  fast spr radius: AUTO
  spr subtree cutoff: 1.000000
  branch lengths: proportional (ML estimate, algorithm: NR-FAST)
  SIMD kernels: AVX2
  parallelization: coarse-grained (auto), PTHREADS (auto)

[00:00:00] Reading alignment from file: /home/fili/Documents/KIT/2023/BA/code/output/families/ssim_DL_s20_f100_sites200_GTR_bl1.0_d1.0_l1.0_t0.0_gc0.0_p0.0_pop10_ms0.0_mf0.0_seed14976684177860080345/families/family_014/alignment.msa
[00:00:00] Loaded alignment with 27 taxa and 226 sites

WARNING: Sequences 6_0_0 and 3_0_0 are exactly identical!
WARNING: Sequences 14_0_0 and 2_0_0 are exactly identical!
WARNING: Sequences 10_1_0 and 5_1_0 are exactly identical!
WARNING: Sequences 10_1_0 and 1_1_0 are exactly identical!
WARNING: Sequences 1_0_0 and 10_0_0 are exactly identical!
WARNING: Sequences 1_0_0 and 7_0_0 are exactly identical!
WARNING: Sequences 18_0_0 and 17_0_0 are exactly identical!
WARNING: Duplicate sequences found: 7

NOTE: Reduced alignment (with duplicates and gap-only sites/taxa removed) 
NOTE: was saved to: /home/fili/Documents/KIT/2023/BA/code/output/families/ssim_DL_s20_f100_sites200_GTR_bl1.0_d1.0_l1.0_t0.0_gc0.0_p0.0_pop10_ms0.0_mf0.0_seed14976684177860080345/families/family_014/misc/raxml_output.F81.raxml.reduced.phy

Alignment comprises 1 partitions and 51 patterns

Partition 0: noname
Model: F81+FO
Alignment sites / patterns: 226 / 51
Gaps: 0.00 %
Invariant sites: 69.03 %


NOTE: Binary MSA file created: /home/fili/Documents/KIT/2023/BA/code/output/families/ssim_DL_s20_f100_sites200_GTR_bl1.0_d1.0_l1.0_t0.0_gc0.0_p0.0_pop10_ms0.0_mf0.0_seed14976684177860080345/families/family_014/misc/raxml_output.F81.raxml.rba

Parallelization scheme autoconfig: 8 worker(s) x 1 thread(s)

Parallel reduction/worker buffer size: 1 KB  / 0 KB

[00:00:00] Generating 10 random starting tree(s) with 27 taxa
[00:00:00] Generating 10 parsimony starting tree(s) with 27 taxa
[00:00:00] Data distribution: max. partitions/sites/weight per thread: 1 / 51 / 204
[00:00:00] Data distribution: max. searches per worker: 3

Starting ML tree search with 20 distinct starting trees

[00:00:00 -2923.897733] Initial branch length optimization
[00:00:00 -2315.220814] Model parameter optimization (eps = 10.000000)
[00:00:00 -2205.684949] AUTODETECT spr round 1 (radius: 5)
[00:00:00 -927.365448] AUTODETECT spr round 2 (radius: 10)
[00:00:00 -927.365448] SPR radius for FAST iterations: 5 (autodetect)
[00:00:00 -927.365448] Model parameter optimization (eps = 3.000000)
[00:00:00 -920.061675] FAST spr round 1 (radius: 5)
[00:00:00 -905.396752] FAST spr round 2 (radius: 5)
[00:00:00 -905.396600] Model parameter optimization (eps = 1.000000)
[00:00:00 -905.361581] SLOW spr round 1 (radius: 5)
[00:00:00 -905.361581] SLOW spr round 2 (radius: 10)
[00:00:00 -905.361581] SLOW spr round 3 (radius: 15)
[00:00:00 -905.361581] SLOW spr round 4 (radius: 20)
[00:00:00 -905.361581] SLOW spr round 5 (radius: 25)
[00:00:00] [worker #5] ML tree search #6, logLikelihood: -907.126286
[00:00:00 -905.361581] Model parameter optimization (eps = 0.100000)

[00:00:00] [worker #0] ML tree search #1, logLikelihood: -905.361580

[00:00:00] [worker #7] ML tree search #8, logLikelihood: -905.626960
[00:00:00 -2876.961497] Initial branch length optimization
[00:00:00 -2192.802026] Model parameter optimization (eps = 10.000000)
[00:00:00 -2096.558553] AUTODETECT spr round 1 (radius: 5)
[00:00:00] [worker #6] ML tree search #7, logLikelihood: -905.361581
[00:00:00] [worker #2] ML tree search #3, logLikelihood: -905.626960
[00:00:00] [worker #3] ML tree search #4, logLikelihood: -905.626961
[00:00:00 -1131.478931] AUTODETECT spr round 2 (radius: 10)
[00:00:00 -1034.443222] AUTODETECT spr round 3 (radius: 15)
[00:00:00 -1034.443222] SPR radius for FAST iterations: 10 (autodetect)
[00:00:00 -1034.443222] Model parameter optimization (eps = 3.000000)
[00:00:00] [worker #1] ML tree search #2, logLikelihood: -905.626959
[00:00:00 -1027.493242] FAST spr round 1 (radius: 10)
[00:00:00] [worker #4] ML tree search #5, logLikelihood: -905.626960
[00:00:00 -908.691277] FAST spr round 2 (radius: 10)
[00:00:00 -905.694847] FAST spr round 3 (radius: 10)
[00:00:00 -905.694847] Model parameter optimization (eps = 1.000000)
[00:00:00 -905.361659] SLOW spr round 1 (radius: 5)
[00:00:00] [worker #7] ML tree search #16, logLikelihood: -908.365811
[00:00:00 -905.361640] SLOW spr round 2 (radius: 10)
[00:00:00] [worker #6] ML tree search #15, logLikelihood: -905.361580
[00:00:00] [worker #3] ML tree search #12, logLikelihood: -905.361579
[00:00:00 -905.361640] SLOW spr round 3 (radius: 15)
[00:00:00] [worker #5] ML tree search #14, logLikelihood: -905.361580
[00:00:00] [worker #2] ML tree search #11, logLikelihood: -905.626961
[00:00:00 -905.361640] SLOW spr round 4 (radius: 20)
[00:00:00 -905.361640] SLOW spr round 5 (radius: 25)
[00:00:00 -905.361640] Model parameter optimization (eps = 0.100000)

[00:00:00] [worker #0] ML tree search #9, logLikelihood: -905.361580

[00:00:00 -1806.502005] Initial branch length optimization
[00:00:00 -934.667151] Model parameter optimization (eps = 10.000000)
[00:00:00 -913.061760] AUTODETECT spr round 1 (radius: 5)
[00:00:00] [worker #4] ML tree search #13, logLikelihood: -908.821960
[00:00:00 -907.933810] AUTODETECT spr round 2 (radius: 10)
[00:00:00 -907.933807] SPR radius for FAST iterations: 5 (autodetect)
[00:00:00 -907.933807] Model parameter optimization (eps = 3.000000)
[00:00:00 -907.793647] FAST spr round 1 (radius: 5)
[00:00:00] [worker #1] ML tree search #10, logLikelihood: -905.626960
[00:00:00 -905.361623] FAST spr round 2 (radius: 5)
[00:00:00 -905.361623] Model parameter optimization (eps = 1.000000)
[00:00:00 -905.361584] SLOW spr round 1 (radius: 5)
[00:00:00 -905.361580] SLOW spr round 2 (radius: 10)
[00:00:00] [worker #3] ML tree search #20, logLikelihood: -905.361580
[00:00:00] [worker #2] ML tree search #19, logLikelihood: -905.361580
[00:00:00 -905.361580] SLOW spr round 3 (radius: 15)
[00:00:00 -905.361580] SLOW spr round 4 (radius: 20)
[00:00:00 -905.361580] SLOW spr round 5 (radius: 25)
[00:00:00 -905.361580] Model parameter optimization (eps = 0.100000)

[00:00:00] [worker #0] ML tree search #17, logLikelihood: -905.361580

[00:00:00] [worker #1] ML tree search #18, logLikelihood: -905.361580

Optimized model parameters:

   Partition 0: noname
   Rate heterogeneity: NONE
   Base frequencies (ML): 0.370649 0.153061 0.301930 0.174359 
   Substitution rates (model): 1.000000 1.000000 1.000000 1.000000 1.000000 1.000000 


Final LogLikelihood: -905.361579

AIC score: 1918.723159 / AICc score: 1953.460001 / BIC score: 2103.432049
Free parameters (model + branch lengths): 54

WARNING: Best ML tree contains 10 near-zero branches!

Best ML tree with collapsed near-zero branches saved to: /home/fili/Documents/KIT/2023/BA/code/output/families/ssim_DL_s20_f100_sites200_GTR_bl1.0_d1.0_l1.0_t0.0_gc0.0_p0.0_pop10_ms0.0_mf0.0_seed14976684177860080345/families/family_014/misc/raxml_output.F81.raxml.bestTreeCollapsed
Best ML tree saved to: /home/fili/Documents/KIT/2023/BA/code/output/families/ssim_DL_s20_f100_sites200_GTR_bl1.0_d1.0_l1.0_t0.0_gc0.0_p0.0_pop10_ms0.0_mf0.0_seed14976684177860080345/families/family_014/misc/raxml_output.F81.raxml.bestTree
All ML trees saved to: /home/fili/Documents/KIT/2023/BA/code/output/families/ssim_DL_s20_f100_sites200_GTR_bl1.0_d1.0_l1.0_t0.0_gc0.0_p0.0_pop10_ms0.0_mf0.0_seed14976684177860080345/families/family_014/misc/raxml_output.F81.raxml.mlTrees
Optimized model saved to: /home/fili/Documents/KIT/2023/BA/code/output/families/ssim_DL_s20_f100_sites200_GTR_bl1.0_d1.0_l1.0_t0.0_gc0.0_p0.0_pop10_ms0.0_mf0.0_seed14976684177860080345/families/family_014/misc/raxml_output.F81.raxml.bestModel

Execution log saved to: /home/fili/Documents/KIT/2023/BA/code/output/families/ssim_DL_s20_f100_sites200_GTR_bl1.0_d1.0_l1.0_t0.0_gc0.0_p0.0_pop10_ms0.0_mf0.0_seed14976684177860080345/families/family_014/misc/raxml_output.F81.raxml.log

Analysis started: 27-Jun-2023 13:44:07 / finished: 27-Jun-2023 13:44:08

Elapsed time: 0.221 seconds

