
RAxML-NG v. 1.1.0 released on 29.11.2021 by The Exelixis Lab.
Developed by: Alexey M. Kozlov and Alexandros Stamatakis.
Contributors: Diego Darriba, Tomas Flouri, Benoit Morel, Sarah Lutteropp, Ben Bettisworth.
Latest version: https://github.com/amkozlov/raxml-ng
Questions/problems/suggestions? Please visit: https://groups.google.com/forum/#!forum/raxml

System: AMD Ryzen 7 5800X 8-Core Processor, 8 cores, 31 GB RAM

RAxML-NG was called at 27-Jun-2023 13:41:51 as follows:

/home/fili/Documents/KIT/2023/BA/resources/tools/RAxML-NG/raxml-ng --msa /home/fili/Documents/KIT/2023/BA/code/output/families/ssim_DL_s20_f100_sites200_GTR_bl1.0_d1.0_l1.0_t0.0_gc0.0_p0.0_pop10_ms0.0_mf0.0_seed121873/families/family_004/alignment.msa --model F81 --prefix /home/fili/Documents/KIT/2023/BA/code/output/families/ssim_DL_s20_f100_sites200_GTR_bl1.0_d1.0_l1.0_t0.0_gc0.0_p0.0_pop10_ms0.0_mf0.0_seed121873/families/family_004/misc/raxml_output.F81

Analysis options:
  run mode: ML tree search
  start tree(s): random (10) + parsimony (10)
  random seed: 1687866111
  tip-inner: OFF
  pattern compression: ON
  per-rate scalers: OFF
  site repeats: ON
  fast spr radius: AUTO
  spr subtree cutoff: 1.000000
  branch lengths: proportional (ML estimate, algorithm: NR-FAST)
  SIMD kernels: AVX2
  parallelization: coarse-grained (auto), PTHREADS (auto)

[00:00:00] Reading alignment from file: /home/fili/Documents/KIT/2023/BA/code/output/families/ssim_DL_s20_f100_sites200_GTR_bl1.0_d1.0_l1.0_t0.0_gc0.0_p0.0_pop10_ms0.0_mf0.0_seed121873/families/family_004/alignment.msa
[00:00:00] Loaded alignment with 15 taxa and 168 sites

Alignment comprises 1 partitions and 77 patterns

Partition 0: noname
Model: F81+FO
Alignment sites / patterns: 168 / 77
Gaps: 0.00 %
Invariant sites: 49.40 %


NOTE: Binary MSA file created: /home/fili/Documents/KIT/2023/BA/code/output/families/ssim_DL_s20_f100_sites200_GTR_bl1.0_d1.0_l1.0_t0.0_gc0.0_p0.0_pop10_ms0.0_mf0.0_seed121873/families/family_004/misc/raxml_output.F81.raxml.rba

Parallelization scheme autoconfig: 8 worker(s) x 1 thread(s)

Parallel reduction/worker buffer size: 1 KB  / 0 KB

[00:00:00] Generating 10 random starting tree(s) with 15 taxa
[00:00:00] Generating 10 parsimony starting tree(s) with 15 taxa
[00:00:00] Data distribution: max. partitions/sites/weight per thread: 1 / 77 / 308
[00:00:00] Data distribution: max. searches per worker: 3

Starting ML tree search with 20 distinct starting trees

[00:00:00 -1704.800603] Initial branch length optimization
[00:00:00 -1554.366186] Model parameter optimization (eps = 10.000000)
[00:00:00 -1511.515578] AUTODETECT spr round 1 (radius: 5)
[00:00:00 -987.197655] AUTODETECT spr round 2 (radius: 10)
[00:00:00 -987.197397] SPR radius for FAST iterations: 5 (autodetect)
[00:00:00 -987.197397] Model parameter optimization (eps = 3.000000)
[00:00:00 -985.610661] FAST spr round 1 (radius: 5)
[00:00:00 -980.806567] FAST spr round 2 (radius: 5)
[00:00:00 -980.806565] Model parameter optimization (eps = 1.000000)
[00:00:00 -980.766068] SLOW spr round 1 (radius: 5)
[00:00:00 -980.766034] SLOW spr round 2 (radius: 10)
[00:00:00 -980.766034] SLOW spr round 3 (radius: 15)
[00:00:00 -980.766034] Model parameter optimization (eps = 0.100000)

[00:00:00] [worker #0] ML tree search #1, logLikelihood: -980.766025

[00:00:00 -1781.469988] Initial branch length optimization
[00:00:00 -1599.388431] Model parameter optimization (eps = 10.000000)
[00:00:00] [worker #6] ML tree search #7, logLikelihood: -980.766024
[00:00:00] [worker #7] ML tree search #8, logLikelihood: -980.766024
[00:00:00 -1558.701970] AUTODETECT spr round 1 (radius: 5)
[00:00:00] [worker #4] ML tree search #5, logLikelihood: -980.766024
[00:00:00 -1013.271008] AUTODETECT spr round 2 (radius: 10)
[00:00:00 -1013.269419] SPR radius for FAST iterations: 5 (autodetect)
[00:00:00 -1013.269419] Model parameter optimization (eps = 3.000000)
[00:00:00] [worker #3] ML tree search #4, logLikelihood: -980.766024
[00:00:00] [worker #5] ML tree search #6, logLikelihood: -980.766024
[00:00:00 -1012.273504] FAST spr round 1 (radius: 5)
[00:00:00] [worker #1] ML tree search #2, logLikelihood: -980.766024
[00:00:00 -982.542102] FAST spr round 2 (radius: 5)
[00:00:00] [worker #2] ML tree search #3, logLikelihood: -980.766025
[00:00:00 -981.722015] FAST spr round 3 (radius: 5)
[00:00:00 -981.468519] FAST spr round 4 (radius: 5)
[00:00:00 -980.837498] FAST spr round 5 (radius: 5)
[00:00:00 -980.837498] Model parameter optimization (eps = 1.000000)
[00:00:00 -980.766067] SLOW spr round 1 (radius: 5)
[00:00:00] [worker #5] ML tree search #14, logLikelihood: -980.766024
[00:00:00] [worker #3] ML tree search #12, logLikelihood: -980.766024
[00:00:00] [worker #4] ML tree search #13, logLikelihood: -980.766024
[00:00:00] [worker #7] ML tree search #16, logLikelihood: -980.766038
[00:00:00] [worker #6] ML tree search #15, logLikelihood: -980.766025
[00:00:00 -980.766049] SLOW spr round 2 (radius: 10)
[00:00:00] [worker #2] ML tree search #11, logLikelihood: -980.766024
[00:00:00 -980.766049] SLOW spr round 3 (radius: 15)
[00:00:00 -980.766049] Model parameter optimization (eps = 0.100000)

[00:00:00] [worker #0] ML tree search #9, logLikelihood: -980.766024

[00:00:00 -1174.795566] Initial branch length optimization
[00:00:00 -1008.265689] Model parameter optimization (eps = 10.000000)
[00:00:00] [worker #1] ML tree search #10, logLikelihood: -980.766024
[00:00:00 -988.234613] AUTODETECT spr round 1 (radius: 5)
[00:00:00 -980.775327] AUTODETECT spr round 2 (radius: 10)
[00:00:00 -980.772602] SPR radius for FAST iterations: 5 (autodetect)
[00:00:00 -980.772602] Model parameter optimization (eps = 3.000000)
[00:00:00 -980.766038] FAST spr round 1 (radius: 5)
[00:00:00 -980.766030] Model parameter optimization (eps = 1.000000)
[00:00:00 -980.766025] SLOW spr round 1 (radius: 5)
[00:00:00] [worker #3] ML tree search #20, logLikelihood: -980.766024
[00:00:00 -980.766025] SLOW spr round 2 (radius: 10)
[00:00:00 -980.766025] SLOW spr round 3 (radius: 15)
[00:00:00 -980.766025] Model parameter optimization (eps = 0.100000)

[00:00:00] [worker #0] ML tree search #17, logLikelihood: -980.766024

[00:00:00] [worker #1] ML tree search #18, logLikelihood: -980.766024
[00:00:00] [worker #2] ML tree search #19, logLikelihood: -980.766049

Optimized model parameters:

   Partition 0: noname
   Rate heterogeneity: NONE
   Base frequencies (ML): 0.332483 0.141181 0.329597 0.196740 
   Substitution rates (model): 1.000000 1.000000 1.000000 1.000000 1.000000 1.000000 


Final LogLikelihood: -980.766024

AIC score: 2021.532047 / AICc score: 2035.108689 / BIC score: 2115.250966
Free parameters (model + branch lengths): 30

Best ML tree saved to: /home/fili/Documents/KIT/2023/BA/code/output/families/ssim_DL_s20_f100_sites200_GTR_bl1.0_d1.0_l1.0_t0.0_gc0.0_p0.0_pop10_ms0.0_mf0.0_seed121873/families/family_004/misc/raxml_output.F81.raxml.bestTree
All ML trees saved to: /home/fili/Documents/KIT/2023/BA/code/output/families/ssim_DL_s20_f100_sites200_GTR_bl1.0_d1.0_l1.0_t0.0_gc0.0_p0.0_pop10_ms0.0_mf0.0_seed121873/families/family_004/misc/raxml_output.F81.raxml.mlTrees
Optimized model saved to: /home/fili/Documents/KIT/2023/BA/code/output/families/ssim_DL_s20_f100_sites200_GTR_bl1.0_d1.0_l1.0_t0.0_gc0.0_p0.0_pop10_ms0.0_mf0.0_seed121873/families/family_004/misc/raxml_output.F81.raxml.bestModel

Execution log saved to: /home/fili/Documents/KIT/2023/BA/code/output/families/ssim_DL_s20_f100_sites200_GTR_bl1.0_d1.0_l1.0_t0.0_gc0.0_p0.0_pop10_ms0.0_mf0.0_seed121873/families/family_004/misc/raxml_output.F81.raxml.log

Analysis started: 27-Jun-2023 13:41:51 / finished: 27-Jun-2023 13:41:51

Elapsed time: 0.140 seconds

