
RAxML-NG v. 1.1.0 released on 29.11.2021 by The Exelixis Lab.
Developed by: Alexey M. Kozlov and Alexandros Stamatakis.
Contributors: Diego Darriba, Tomas Flouri, Benoit Morel, Sarah Lutteropp, Ben Bettisworth.
Latest version: https://github.com/amkozlov/raxml-ng
Questions/problems/suggestions? Please visit: https://groups.google.com/forum/#!forum/raxml

System: AMD Ryzen 7 5800X 8-Core Processor, 8 cores, 31 GB RAM

RAxML-NG was called at 27-Jun-2023 13:47:10 as follows:

/home/fili/Documents/KIT/2023/BA/resources/tools/RAxML-NG/raxml-ng --msa /home/fili/Documents/KIT/2023/BA/code/output/families/ssim_NE_s20_f100_sites200_GTR_bl1.0_d0.0_l0.0_t0.0_gc0.0_p0.0_pop10_ms0.0_mf0.0_seed121873/families/family_036/alignment.msa --model F81 --prefix /home/fili/Documents/KIT/2023/BA/code/output/families/ssim_NE_s20_f100_sites200_GTR_bl1.0_d0.0_l0.0_t0.0_gc0.0_p0.0_pop10_ms0.0_mf0.0_seed121873/families/family_036/misc/raxml_output.F81

Analysis options:
  run mode: ML tree search
  start tree(s): random (10) + parsimony (10)
  random seed: 1687866430
  tip-inner: OFF
  pattern compression: ON
  per-rate scalers: OFF
  site repeats: ON
  fast spr radius: AUTO
  spr subtree cutoff: 1.000000
  branch lengths: proportional (ML estimate, algorithm: NR-FAST)
  SIMD kernels: AVX2
  parallelization: coarse-grained (auto), PTHREADS (auto)

[00:00:00] Reading alignment from file: /home/fili/Documents/KIT/2023/BA/code/output/families/ssim_NE_s20_f100_sites200_GTR_bl1.0_d0.0_l0.0_t0.0_gc0.0_p0.0_pop10_ms0.0_mf0.0_seed121873/families/family_036/alignment.msa
[00:00:00] Loaded alignment with 20 taxa and 178 sites

Alignment comprises 1 partitions and 140 patterns

Partition 0: noname
Model: F81+FO
Alignment sites / patterns: 178 / 140
Gaps: 0.00 %
Invariant sites: 18.54 %


NOTE: Binary MSA file created: /home/fili/Documents/KIT/2023/BA/code/output/families/ssim_NE_s20_f100_sites200_GTR_bl1.0_d0.0_l0.0_t0.0_gc0.0_p0.0_pop10_ms0.0_mf0.0_seed121873/families/family_036/misc/raxml_output.F81.raxml.rba

Parallelization scheme autoconfig: 8 worker(s) x 1 thread(s)

Parallel reduction/worker buffer size: 1 KB  / 0 KB

[00:00:00] Generating 10 random starting tree(s) with 20 taxa
[00:00:00] Generating 10 parsimony starting tree(s) with 20 taxa
[00:00:00] Data distribution: max. partitions/sites/weight per thread: 1 / 140 / 560
[00:00:00] Data distribution: max. searches per worker: 3

Starting ML tree search with 20 distinct starting trees

[00:00:00 -3730.651604] Initial branch length optimization
[00:00:00 -3243.668401] Model parameter optimization (eps = 10.000000)
[00:00:00 -3150.712638] AUTODETECT spr round 1 (radius: 5)
[00:00:00 -2144.767515] AUTODETECT spr round 2 (radius: 10)
[00:00:00 -2144.762608] SPR radius for FAST iterations: 5 (autodetect)
[00:00:00 -2144.762608] Model parameter optimization (eps = 3.000000)
[00:00:00 -2141.230523] FAST spr round 1 (radius: 5)
[00:00:00 -2117.817569] FAST spr round 2 (radius: 5)
[00:00:00 -2117.550582] FAST spr round 3 (radius: 5)
[00:00:00 -2117.549560] Model parameter optimization (eps = 1.000000)
[00:00:00 -2117.219296] SLOW spr round 1 (radius: 5)
[00:00:00 -2117.219034] SLOW spr round 2 (radius: 10)
[00:00:00 -2117.219033] SLOW spr round 3 (radius: 15)
[00:00:00 -2117.219033] SLOW spr round 4 (radius: 20)
[00:00:00] [worker #5] ML tree search #6, logLikelihood: -2117.218922
[00:00:00 -2117.219033] Model parameter optimization (eps = 0.100000)

[00:00:00] [worker #0] ML tree search #1, logLikelihood: -2117.218914

[00:00:00 -3417.826320] Initial branch length optimization
[00:00:00] [worker #2] ML tree search #3, logLikelihood: -2117.218915
[00:00:00 -3073.939301] Model parameter optimization (eps = 10.000000)
[00:00:00 -2979.122863] AUTODETECT spr round 1 (radius: 5)
[00:00:00] [worker #4] ML tree search #5, logLikelihood: -2117.218916
[00:00:00 -2155.568716] AUTODETECT spr round 2 (radius: 10)
[00:00:00 -2155.564999] SPR radius for FAST iterations: 5 (autodetect)
00:00:00] [worker #7] ML tree search #8, logLikelihood: -2117.218916
[00:00:00 -2155.564999] Model parameter optimization (eps = 3.000000)
[00:00:00] [worker #3] ML tree search #4, logLikelihood: -2117.218915
[00:00:00 -2154.164025] FAST spr round 1 (radius: 5)
[00:00:00] [worker #6] ML tree search #7, logLikelihood: -2117.218916
[00:00:00] [worker #1] ML tree search #2, logLikelihood: -2117.218915
[00:00:00 -2119.067330] FAST spr round 2 (radius: 5)
[00:00:00 -2117.524668] FAST spr round 3 (radius: 5)
[00:00:00 -2117.523902] Model parameter optimization (eps = 1.000000)
[00:00:00 -2117.219836] SLOW spr round 1 (radius: 5)
[00:00:00] [worker #2] ML tree search #11, logLikelihood: -2117.218914
[00:00:00 -2117.219190] SLOW spr round 2 (radius: 10)
[00:00:00 -2117.219185] SLOW spr round 3 (radius: 15)
[00:00:00 -2117.219185] SLOW spr round 4 (radius: 20)
[00:00:00] [worker #4] ML tree search #13, logLikelihood: -2117.218915
[00:00:00 -2117.219185] Model parameter optimization (eps = 0.100000)

[00:00:00] [worker #0] ML tree search #9, logLikelihood: -2117.218916

[00:00:00] [worker #5] ML tree search #14, logLikelihood: -2117.218914
[00:00:00 -2352.163078] Initial branch length optimization
[00:00:00 -2199.689380] Model parameter optimization (eps = 10.000000)
[00:00:00 -2124.331330] AUTODETECT spr round 1 (radius: 5)
[00:00:00] [worker #3] ML tree search #12, logLikelihood: -2117.218915
[00:00:00 -2119.055844] AUTODETECT spr round 2 (radius: 10)
[00:00:00 -2119.053970] SPR radius for FAST iterations: 5 (autodetect)
[00:00:00 -2119.053970] Model parameter optimization (eps = 3.000000)
[00:00:00 -2118.986467] FAST spr round 1 (radius: 5)
[00:00:00] [worker #7] ML tree search #16, logLikelihood: -2117.218914
[00:00:00] [worker #6] ML tree search #15, logLikelihood: -2117.218914
[00:00:00 -2117.248931] FAST spr round 2 (radius: 5)
[00:00:00 -2117.248309] Model parameter optimization (eps = 1.000000)
[00:00:00 -2117.218996] SLOW spr round 1 (radius: 5)
[00:00:00] [worker #1] ML tree search #10, logLikelihood: -2117.218914
[00:00:00 -2117.218934] SLOW spr round 2 (radius: 10)
[00:00:00] [worker #2] ML tree search #19, logLikelihood: -2117.218914
[00:00:00 -2117.218933] SLOW spr round 3 (radius: 15)
[00:00:00 -2117.218933] SLOW spr round 4 (radius: 20)
[00:00:00 -2117.218933] Model parameter optimization (eps = 0.100000)

[00:00:00] [worker #0] ML tree search #17, logLikelihood: -2117.218916

[00:00:00] [worker #3] ML tree search #20, logLikelihood: -2117.218915
[00:00:00] [worker #1] ML tree search #18, logLikelihood: -2117.218914

Optimized model parameters:

   Partition 0: noname
   Rate heterogeneity: NONE
   Base frequencies (ML): 0.337477 0.094726 0.375274 0.192523 
   Substitution rates (model): 1.000000 1.000000 1.000000 1.000000 1.000000 1.000000 


Final LogLikelihood: -2117.218914

AIC score: 4314.437827 / AICc score: 4338.379433 / BIC score: 4441.709169
Free parameters (model + branch lengths): 40

Best ML tree saved to: /home/fili/Documents/KIT/2023/BA/code/output/families/ssim_NE_s20_f100_sites200_GTR_bl1.0_d0.0_l0.0_t0.0_gc0.0_p0.0_pop10_ms0.0_mf0.0_seed121873/families/family_036/misc/raxml_output.F81.raxml.bestTree
All ML trees saved to: /home/fili/Documents/KIT/2023/BA/code/output/families/ssim_NE_s20_f100_sites200_GTR_bl1.0_d0.0_l0.0_t0.0_gc0.0_p0.0_pop10_ms0.0_mf0.0_seed121873/families/family_036/misc/raxml_output.F81.raxml.mlTrees
Optimized model saved to: /home/fili/Documents/KIT/2023/BA/code/output/families/ssim_NE_s20_f100_sites200_GTR_bl1.0_d0.0_l0.0_t0.0_gc0.0_p0.0_pop10_ms0.0_mf0.0_seed121873/families/family_036/misc/raxml_output.F81.raxml.bestModel

Execution log saved to: /home/fili/Documents/KIT/2023/BA/code/output/families/ssim_NE_s20_f100_sites200_GTR_bl1.0_d0.0_l0.0_t0.0_gc0.0_p0.0_pop10_ms0.0_mf0.0_seed121873/families/family_036/misc/raxml_output.F81.raxml.log

Analysis started: 27-Jun-2023 13:47:10 / finished: 27-Jun-2023 13:47:10

Elapsed time: 0.358 seconds

