
RAxML-NG v. 1.1.0 released on 29.11.2021 by The Exelixis Lab.
Developed by: Alexey M. Kozlov and Alexandros Stamatakis.
Contributors: Diego Darriba, Tomas Flouri, Benoit Morel, Sarah Lutteropp, Ben Bettisworth.
Latest version: https://github.com/amkozlov/raxml-ng
Questions/problems/suggestions? Please visit: https://groups.google.com/forum/#!forum/raxml

System: AMD Ryzen 7 5800X 8-Core Processor, 8 cores, 31 GB RAM

RAxML-NG was called at 13-Jun-2023 16:03:01 as follows:

/home/fili/Documents/KIT/2023/BA/resources/tools/RAxML-NG/raxml-ng --msa /home/fili/Documents/KIT/2023/BA/code/output/families/ssim_DL_s20_f100_sites200_GTR_bl1.0_d1.0_l1.0_t0.0_gc0.0_p0.0_pop10_ms0.0_mf0.0_seed42/families/family_083/alignment.msa --model F81 --prefix /home/fili/Documents/KIT/2023/BA/code/output/families/ssim_DL_s20_f100_sites200_GTR_bl1.0_d1.0_l1.0_t0.0_gc0.0_p0.0_pop10_ms0.0_mf0.0_seed42/families/family_083/misc/raxml_output.F81

Analysis options:
  run mode: ML tree search
  start tree(s): random (10) + parsimony (10)
  random seed: 1686664981
  tip-inner: OFF
  pattern compression: ON
  per-rate scalers: OFF
  site repeats: ON
  fast spr radius: AUTO
  spr subtree cutoff: 1.000000
  branch lengths: proportional (ML estimate, algorithm: NR-FAST)
  SIMD kernels: AVX2
  parallelization: coarse-grained (auto), PTHREADS (auto)

[00:00:00] Reading alignment from file: /home/fili/Documents/KIT/2023/BA/code/output/families/ssim_DL_s20_f100_sites200_GTR_bl1.0_d1.0_l1.0_t0.0_gc0.0_p0.0_pop10_ms0.0_mf0.0_seed42/families/family_083/alignment.msa
[00:00:00] Loaded alignment with 26 taxa and 287 sites

WARNING: Sequences 12_0_0 and 10_0_0 are exactly identical!
WARNING: Sequences 9_0_0 and 13_0_0 are exactly identical!
WARNING: Duplicate sequences found: 2

NOTE: Reduced alignment (with duplicates and gap-only sites/taxa removed) 
NOTE: was saved to: /home/fili/Documents/KIT/2023/BA/code/output/families/ssim_DL_s20_f100_sites200_GTR_bl1.0_d1.0_l1.0_t0.0_gc0.0_p0.0_pop10_ms0.0_mf0.0_seed42/families/family_083/misc/raxml_output.F81.raxml.reduced.phy

Alignment comprises 1 partitions and 113 patterns

Partition 0: noname
Model: F81+FO
Alignment sites / patterns: 287 / 113
Gaps: 0.00 %
Invariant sites: 59.58 %


NOTE: Binary MSA file created: /home/fili/Documents/KIT/2023/BA/code/output/families/ssim_DL_s20_f100_sites200_GTR_bl1.0_d1.0_l1.0_t0.0_gc0.0_p0.0_pop10_ms0.0_mf0.0_seed42/families/family_083/misc/raxml_output.F81.raxml.rba

Parallelization scheme autoconfig: 8 worker(s) x 1 thread(s)

Parallel reduction/worker buffer size: 1 KB  / 0 KB

[00:00:00] Generating 10 random starting tree(s) with 26 taxa
[00:00:00] Generating 10 parsimony starting tree(s) with 26 taxa
[00:00:00] Data distribution: max. partitions/sites/weight per thread: 1 / 113 / 452
[00:00:00] Data distribution: max. searches per worker: 3

Starting ML tree search with 20 distinct starting trees

[00:00:00 -4043.988010] Initial branch length optimization
[00:00:00 -3448.981829] Model parameter optimization (eps = 10.000000)
[00:00:00 -3441.779926] AUTODETECT spr round 1 (radius: 5)
[00:00:00 -2049.085479] AUTODETECT spr round 2 (radius: 10)
[00:00:00 -2049.085193] SPR radius for FAST iterations: 5 (autodetect)
[00:00:00 -2049.085193] Model parameter optimization (eps = 3.000000)
[00:00:00 -2048.705089] FAST spr round 1 (radius: 5)
[00:00:00 -2022.573881] FAST spr round 2 (radius: 5)
[00:00:00 -2022.573868] Model parameter optimization (eps = 1.000000)
[00:00:00 -2022.234704] SLOW spr round 1 (radius: 5)
[00:00:00] [worker #6] ML tree search #7, logLikelihood: -2022.234163
[00:00:00 -2022.234463] SLOW spr round 2 (radius: 10)
[00:00:00] [worker #1] ML tree search #2, logLikelihood: -2022.234164
[00:00:00] [worker #5] ML tree search #6, logLikelihood: -2022.234164
[00:00:00] [worker #4] ML tree search #5, logLikelihood: -2022.234166
[00:00:00] [worker #2] ML tree search #3, logLikelihood: -2022.234163
[00:00:00] [worker #3] ML tree search #4, logLikelihood: -2022.234163
[00:00:00 -2022.234463] SLOW spr round 3 (radius: 15)
[00:00:00 -2022.234463] SLOW spr round 4 (radius: 20)
[00:00:00 -2022.234463] SLOW spr round 5 (radius: 25)
[00:00:00 -2022.234463] Model parameter optimization (eps = 0.100000)

[00:00:00] [worker #0] ML tree search #1, logLikelihood: -2022.234165

[00:00:00 -4391.017701] Initial branch length optimization
[00:00:00 -3981.065938] Model parameter optimization (eps = 10.000000)
[00:00:00 -3975.772161] AUTODETECT spr round 1 (radius: 5)
[00:00:00] [worker #6] ML tree search #15, logLikelihood: -2022.234164
[00:00:00 -2201.994074] AUTODETECT spr round 2 (radius: 10)
[00:00:00 -2132.305338] AUTODETECT spr round 3 (radius: 15)
[00:00:00 -2132.305001] SPR radius for FAST iterations: 10 (autodetect)
[00:00:00 -2132.305001] Model parameter optimization (eps = 3.000000)
[00:00:00 -2130.584491] FAST spr round 1 (radius: 10)
[00:00:00] [worker #7] ML tree search #8, logLikelihood: -2022.234163
[00:00:00] [worker #2] ML tree search #11, logLikelihood: -2022.234165
[00:00:00] [worker #4] ML tree search #13, logLikelihood: -2022.234163
[00:00:00] [worker #3] ML tree search #12, logLikelihood: -2022.234165
[00:00:00 -2040.979210] FAST spr round 2 (radius: 10)
[00:00:00] [worker #5] ML tree search #14, logLikelihood: -2022.234164
[00:00:00 -2022.277291] FAST spr round 3 (radius: 10)
[00:00:00] [worker #1] ML tree search #10, logLikelihood: -2022.234164
[00:00:00 -2022.277290] Model parameter optimization (eps = 1.000000)
[00:00:00 -2022.234187] SLOW spr round 1 (radius: 5)
[00:00:00] [worker #2] ML tree search #19, logLikelihood: -2022.234163
[00:00:00 -2022.234171] SLOW spr round 2 (radius: 10)
[00:00:00] [worker #3] ML tree search #20, logLikelihood: -2022.234165
[00:00:00] [worker #7] ML tree search #16, logLikelihood: -2022.234164
[00:00:00 -2022.234171] SLOW spr round 3 (radius: 15)
[00:00:00 -2022.234171] SLOW spr round 4 (radius: 20)
[00:00:00 -2022.234171] SLOW spr round 5 (radius: 25)
[00:00:00 -2022.234171] Model parameter optimization (eps = 0.100000)

[00:00:00] [worker #0] ML tree search #9, logLikelihood: -2022.234163

[00:00:00 -2784.805576] Initial branch length optimization
[00:00:00 -2029.478223] Model parameter optimization (eps = 10.000000)
[00:00:00 -2024.690721] AUTODETECT spr round 1 (radius: 5)
[00:00:00] [worker #1] ML tree search #18, logLikelihood: -2022.234164
[00:00:00 -2022.239136] AUTODETECT spr round 2 (radius: 10)
[00:00:00 -2022.235559] SPR radius for FAST iterations: 5 (autodetect)
[00:00:00 -2022.235559] Model parameter optimization (eps = 3.000000)
[00:00:00 -2022.234164] FAST spr round 1 (radius: 5)
[00:00:00 -2022.234164] Model parameter optimization (eps = 1.000000)
[00:00:00 -2022.234163] SLOW spr round 1 (radius: 5)
[00:00:00 -2022.234163] SLOW spr round 2 (radius: 10)
[00:00:00 -2022.234163] SLOW spr round 3 (radius: 15)
[00:00:00 -2022.234163] SLOW spr round 4 (radius: 20)
[00:00:00 -2022.234163] SLOW spr round 5 (radius: 25)
[00:00:00 -2022.234163] Model parameter optimization (eps = 0.100000)

[00:00:00] [worker #0] ML tree search #17, logLikelihood: -2022.234163


Optimized model parameters:

   Partition 0: noname
   Rate heterogeneity: NONE
   Base frequencies (ML): 0.272771 0.205566 0.286655 0.235008 
   Substitution rates (model): 1.000000 1.000000 1.000000 1.000000 1.000000 1.000000 


Final LogLikelihood: -2022.234163

AIC score: 4148.468325 / AICc score: 4172.023881 / BIC score: 4338.761400
Free parameters (model + branch lengths): 52

WARNING: Best ML tree contains 1 near-zero branches!

Best ML tree with collapsed near-zero branches saved to: /home/fili/Documents/KIT/2023/BA/code/output/families/ssim_DL_s20_f100_sites200_GTR_bl1.0_d1.0_l1.0_t0.0_gc0.0_p0.0_pop10_ms0.0_mf0.0_seed42/families/family_083/misc/raxml_output.F81.raxml.bestTreeCollapsed
Best ML tree saved to: /home/fili/Documents/KIT/2023/BA/code/output/families/ssim_DL_s20_f100_sites200_GTR_bl1.0_d1.0_l1.0_t0.0_gc0.0_p0.0_pop10_ms0.0_mf0.0_seed42/families/family_083/misc/raxml_output.F81.raxml.bestTree
All ML trees saved to: /home/fili/Documents/KIT/2023/BA/code/output/families/ssim_DL_s20_f100_sites200_GTR_bl1.0_d1.0_l1.0_t0.0_gc0.0_p0.0_pop10_ms0.0_mf0.0_seed42/families/family_083/misc/raxml_output.F81.raxml.mlTrees
Optimized model saved to: /home/fili/Documents/KIT/2023/BA/code/output/families/ssim_DL_s20_f100_sites200_GTR_bl1.0_d1.0_l1.0_t0.0_gc0.0_p0.0_pop10_ms0.0_mf0.0_seed42/families/family_083/misc/raxml_output.F81.raxml.bestModel

Execution log saved to: /home/fili/Documents/KIT/2023/BA/code/output/families/ssim_DL_s20_f100_sites200_GTR_bl1.0_d1.0_l1.0_t0.0_gc0.0_p0.0_pop10_ms0.0_mf0.0_seed42/families/family_083/misc/raxml_output.F81.raxml.log

Analysis started: 13-Jun-2023 16:03:01 / finished: 13-Jun-2023 16:03:01

Elapsed time: 0.361 seconds

