
RAxML-NG v. 1.1.0 released on 29.11.2021 by The Exelixis Lab.
Developed by: Alexey M. Kozlov and Alexandros Stamatakis.
Contributors: Diego Darriba, Tomas Flouri, Benoit Morel, Sarah Lutteropp, Ben Bettisworth.
Latest version: https://github.com/amkozlov/raxml-ng
Questions/problems/suggestions? Please visit: https://groups.google.com/forum/#!forum/raxml

System: AMD Ryzen 7 5800X 8-Core Processor, 8 cores, 31 GB RAM

RAxML-NG was called at 12-Jun-2023 12:41:18 as follows:

/home/fili/Documents/KIT/2023/BA/resources/tools/RAxML-NG/raxml-ng --msa /home/fili/Documents/KIT/2023/BA/code/output/families/ssim_dtl_s20_f100_sites200_GTR_bl1.0_d0.0_l0.0_t1.0_gc0.0_p0.0_pop10_ms0.0_mf0.0_seed42/families/family_073/alignment.msa --model GTR+G --prefix /home/fili/Documents/KIT/2023/BA/code/output/families/ssim_dtl_s20_f100_sites200_GTR_bl1.0_d0.0_l0.0_t1.0_gc0.0_p0.0_pop10_ms0.0_mf0.0_seed42/families/family_073/misc/raxml_output.GTR+G

Analysis options:
  run mode: ML tree search
  start tree(s): random (10) + parsimony (10)
  random seed: 1686566478
  tip-inner: OFF
  pattern compression: ON
  per-rate scalers: OFF
  site repeats: ON
  fast spr radius: AUTO
  spr subtree cutoff: 1.000000
  branch lengths: proportional (ML estimate, algorithm: NR-FAST)
  SIMD kernels: AVX2
  parallelization: coarse-grained (auto), PTHREADS (auto)

[00:00:00] Reading alignment from file: /home/fili/Documents/KIT/2023/BA/code/output/families/ssim_dtl_s20_f100_sites200_GTR_bl1.0_d0.0_l0.0_t1.0_gc0.0_p0.0_pop10_ms0.0_mf0.0_seed42/families/family_073/alignment.msa
[00:00:00] Loaded alignment with 20 taxa and 175 sites

WARNING: Sequences 13_0_0 and 9_0_0 are exactly identical!
WARNING: Sequences 13_0_0 and 14_0_0 are exactly identical!
WARNING: Duplicate sequences found: 2

NOTE: Reduced alignment (with duplicates and gap-only sites/taxa removed) 
NOTE: was saved to: /home/fili/Documents/KIT/2023/BA/code/output/families/ssim_dtl_s20_f100_sites200_GTR_bl1.0_d0.0_l0.0_t1.0_gc0.0_p0.0_pop10_ms0.0_mf0.0_seed42/families/family_073/misc/raxml_output.GTR+G.raxml.reduced.phy

Alignment comprises 1 partitions and 102 patterns

Partition 0: noname
Model: GTR+FO+G4m
Alignment sites / patterns: 175 / 102
Gaps: 0.00 %
Invariant sites: 33.71 %


NOTE: Binary MSA file created: /home/fili/Documents/KIT/2023/BA/code/output/families/ssim_dtl_s20_f100_sites200_GTR_bl1.0_d0.0_l0.0_t1.0_gc0.0_p0.0_pop10_ms0.0_mf0.0_seed42/families/family_073/misc/raxml_output.GTR+G.raxml.rba

Parallelization scheme autoconfig: 8 worker(s) x 1 thread(s)

Parallel reduction/worker buffer size: 1 KB  / 0 KB

[00:00:00] Generating 10 random starting tree(s) with 20 taxa
[00:00:00] Generating 10 parsimony starting tree(s) with 20 taxa
[00:00:00] Data distribution: max. partitions/sites/weight per thread: 1 / 102 / 1632
[00:00:00] Data distribution: max. searches per worker: 3

Starting ML tree search with 20 distinct starting trees

[00:00:00 -2488.561863] Initial branch length optimization
[00:00:00 -2026.961164] Model parameter optimization (eps = 10.000000)
[00:00:00 -1685.430154] AUTODETECT spr round 1 (radius: 5)
[00:00:00 -1072.058206] AUTODETECT spr round 2 (radius: 10)
[00:00:00 -1072.040644] SPR radius for FAST iterations: 5 (autodetect)
[00:00:00 -1072.040644] Model parameter optimization (eps = 3.000000)
[00:00:00 -1047.011158] FAST spr round 1 (radius: 5)
[00:00:00 -1033.450941] FAST spr round 2 (radius: 5)
[00:00:00 -1032.967723] FAST spr round 3 (radius: 5)
[00:00:00 -1032.967718] Model parameter optimization (eps = 1.000000)
[00:00:00 -1032.212460] SLOW spr round 1 (radius: 5)
[00:00:00 -1032.185021] SLOW spr round 2 (radius: 10)
[00:00:00 -1032.184964] SLOW spr round 3 (radius: 15)
[00:00:00] [worker #7] ML tree search #8, logLikelihood: -1031.683384
[00:00:00] [worker #2] ML tree search #3, logLikelihood: -1031.700733
[00:00:00 -1032.184964] SLOW spr round 4 (radius: 20)
[00:00:00 -1032.184964] Model parameter optimization (eps = 0.100000)

[00:00:00] [worker #0] ML tree search #1, logLikelihood: -1031.675042

[00:00:00 -2442.225281] Initial branch length optimization
[00:00:00 -2013.655316] Model parameter optimization (eps = 10.000000)
[00:00:00] [worker #4] ML tree search #5, logLikelihood: -1031.696027
[00:00:00] [worker #5] ML tree search #6, logLikelihood: -1032.468791
[00:00:00 -1679.376664] AUTODETECT spr round 1 (radius: 5)
[00:00:00] [worker #6] ML tree search #7, logLikelihood: -1031.692803
[00:00:00 -1153.789121] AUTODETECT spr round 2 (radius: 10)
[00:00:00 -1153.782675] SPR radius for FAST iterations: 5 (autodetect)
[00:00:00 -1153.782675] Model parameter optimization (eps = 3.000000)
[00:00:00] [worker #3] ML tree search #4, logLikelihood: -1032.454679
[00:00:00 -1135.170999] FAST spr round 1 (radius: 5)
[00:00:00 -1036.898395] FAST spr round 2 (radius: 5)
[00:00:00] [worker #1] ML tree search #2, logLikelihood: -1031.658400
[00:00:00 -1034.988261] FAST spr round 3 (radius: 5)
[00:00:00] [worker #2] ML tree search #11, logLikelihood: -1031.614683
[00:00:00] [worker #7] ML tree search #16, logLikelihood: -1031.614708
[00:00:00 -1034.987320] Model parameter optimization (eps = 1.000000)
[00:00:00 -1032.216557] SLOW spr round 1 (radius: 5)
[00:00:00] [worker #4] ML tree search #13, logLikelihood: -1031.614543
[00:00:00] [worker #5] ML tree search #14, logLikelihood: -1031.619273
[00:00:00 -1032.166623] SLOW spr round 2 (radius: 10)
[00:00:00] [worker #6] ML tree search #15, logLikelihood: -1031.618542
[00:00:00 -1032.166621] SLOW spr round 3 (radius: 15)
[00:00:00 -1032.166621] SLOW spr round 4 (radius: 20)
[00:00:00 -1032.166621] Model parameter optimization (eps = 0.100000)

[00:00:00] [worker #0] ML tree search #9, logLikelihood: -1031.667691

[00:00:00 -1451.590512] Initial branch length optimization
[00:00:00 -1209.940098] Model parameter optimization (eps = 10.000000)
[00:00:00 -1032.399167] AUTODETECT spr round 1 (radius: 5)
[00:00:00] [worker #2] ML tree search #19, logLikelihood: -1031.613987
[00:00:00 -1032.226867] AUTODETECT spr round 2 (radius: 10)
[00:00:00] [worker #3] ML tree search #12, logLikelihood: -1031.616474
[00:00:00 -1032.197614] SPR radius for FAST iterations: 5 (autodetect)
[00:00:00 -1032.197614] Model parameter optimization (eps = 3.000000)
[00:00:00 -1031.750278] FAST spr round 1 (radius: 5)
[00:00:00 -1031.743592] Model parameter optimization (eps = 1.000000)
[00:00:00 -1031.643973] SLOW spr round 1 (radius: 5)
[00:00:00 -1031.641858] SLOW spr round 2 (radius: 10)
[00:00:00 -1031.641796] SLOW spr round 3 (radius: 15)
[00:00:00 -1031.641791] SLOW spr round 4 (radius: 20)
[00:00:00 -1031.641791] Model parameter optimization (eps = 0.100000)

[00:00:00] [worker #0] ML tree search #17, logLikelihood: -1031.617622

[00:00:00] [worker #1] ML tree search #10, logLikelihood: -1032.457300
[00:00:00] [worker #3] ML tree search #20, logLikelihood: -1031.618397
[00:00:00] [worker #1] ML tree search #18, logLikelihood: -1031.624048

Optimized model parameters:

   Partition 0: noname
   Rate heterogeneity: GAMMA (4 cats, mean),  alpha: 1.360151 (ML),  weights&rates: (0.250000,0.202888) (0.250000,0.563493) (0.250000,1.041032) (0.250000,2.192587) 
   Base frequencies (ML): 0.278636 0.197001 0.277958 0.246404 
   Substitution rates (ML): 5.904673 65.149919 1.281325 0.721048 8.853606 1.000000 


Final LogLikelihood: -1031.613987

AIC score: 2155.227975 / AICc score: 2189.009225 / BIC score: 2300.808130
Free parameters (model + branch lengths): 46

WARNING: Best ML tree contains 3 near-zero branches!

Best ML tree with collapsed near-zero branches saved to: /home/fili/Documents/KIT/2023/BA/code/output/families/ssim_dtl_s20_f100_sites200_GTR_bl1.0_d0.0_l0.0_t1.0_gc0.0_p0.0_pop10_ms0.0_mf0.0_seed42/families/family_073/misc/raxml_output.GTR+G.raxml.bestTreeCollapsed
Best ML tree saved to: /home/fili/Documents/KIT/2023/BA/code/output/families/ssim_dtl_s20_f100_sites200_GTR_bl1.0_d0.0_l0.0_t1.0_gc0.0_p0.0_pop10_ms0.0_mf0.0_seed42/families/family_073/misc/raxml_output.GTR+G.raxml.bestTree
All ML trees saved to: /home/fili/Documents/KIT/2023/BA/code/output/families/ssim_dtl_s20_f100_sites200_GTR_bl1.0_d0.0_l0.0_t1.0_gc0.0_p0.0_pop10_ms0.0_mf0.0_seed42/families/family_073/misc/raxml_output.GTR+G.raxml.mlTrees
Optimized model saved to: /home/fili/Documents/KIT/2023/BA/code/output/families/ssim_dtl_s20_f100_sites200_GTR_bl1.0_d0.0_l0.0_t1.0_gc0.0_p0.0_pop10_ms0.0_mf0.0_seed42/families/family_073/misc/raxml_output.GTR+G.raxml.bestModel

Execution log saved to: /home/fili/Documents/KIT/2023/BA/code/output/families/ssim_dtl_s20_f100_sites200_GTR_bl1.0_d0.0_l0.0_t1.0_gc0.0_p0.0_pop10_ms0.0_mf0.0_seed42/families/family_073/misc/raxml_output.GTR+G.raxml.log

Analysis started: 12-Jun-2023 12:41:18 / finished: 12-Jun-2023 12:41:19

Elapsed time: 0.787 seconds

