
RAxML-NG v. 1.1.0 released on 29.11.2021 by The Exelixis Lab.
Developed by: Alexey M. Kozlov and Alexandros Stamatakis.
Contributors: Diego Darriba, Tomas Flouri, Benoit Morel, Sarah Lutteropp, Ben Bettisworth.
Latest version: https://github.com/amkozlov/raxml-ng
Questions/problems/suggestions? Please visit: https://groups.google.com/forum/#!forum/raxml

System: AMD Ryzen 7 5800X 8-Core Processor, 8 cores, 31 GB RAM

RAxML-NG was called at 27-Jun-2023 13:47:16 as follows:

/home/fili/Documents/KIT/2023/BA/resources/tools/RAxML-NG/raxml-ng --msa /home/fili/Documents/KIT/2023/BA/code/output/families/ssim_NE_s20_f100_sites200_GTR_bl1.0_d0.0_l0.0_t0.0_gc0.0_p0.0_pop10_ms0.0_mf0.0_seed121873/families/family_067/alignment.msa --model F81 --prefix /home/fili/Documents/KIT/2023/BA/code/output/families/ssim_NE_s20_f100_sites200_GTR_bl1.0_d0.0_l0.0_t0.0_gc0.0_p0.0_pop10_ms0.0_mf0.0_seed121873/families/family_067/misc/raxml_output.F81

Analysis options:
  run mode: ML tree search
  start tree(s): random (10) + parsimony (10)
  random seed: 1687866436
  tip-inner: OFF
  pattern compression: ON
  per-rate scalers: OFF
  site repeats: ON
  fast spr radius: AUTO
  spr subtree cutoff: 1.000000
  branch lengths: proportional (ML estimate, algorithm: NR-FAST)
  SIMD kernels: AVX2
  parallelization: coarse-grained (auto), PTHREADS (auto)

[00:00:00] Reading alignment from file: /home/fili/Documents/KIT/2023/BA/code/output/families/ssim_NE_s20_f100_sites200_GTR_bl1.0_d0.0_l0.0_t0.0_gc0.0_p0.0_pop10_ms0.0_mf0.0_seed121873/families/family_067/alignment.msa
[00:00:00] Loaded alignment with 20 taxa and 276 sites

Alignment comprises 1 partitions and 227 patterns

Partition 0: noname
Model: F81+FO
Alignment sites / patterns: 276 / 227
Gaps: 0.00 %
Invariant sites: 15.22 %


NOTE: Binary MSA file created: /home/fili/Documents/KIT/2023/BA/code/output/families/ssim_NE_s20_f100_sites200_GTR_bl1.0_d0.0_l0.0_t0.0_gc0.0_p0.0_pop10_ms0.0_mf0.0_seed121873/families/family_067/misc/raxml_output.F81.raxml.rba

Parallelization scheme autoconfig: 8 worker(s) x 1 thread(s)

Parallel reduction/worker buffer size: 1 KB  / 0 KB

[00:00:00] Generating 10 random starting tree(s) with 20 taxa
[00:00:00] Generating 10 parsimony starting tree(s) with 20 taxa
[00:00:00] Data distribution: max. partitions/sites/weight per thread: 1 / 227 / 908
[00:00:00] Data distribution: max. searches per worker: 3

Starting ML tree search with 20 distinct starting trees

[00:00:00 -5728.358643] Initial branch length optimization
[00:00:00 -5001.542430] Model parameter optimization (eps = 10.000000)
[00:00:00 -4949.823963] AUTODETECT spr round 1 (radius: 5)
[00:00:00 -3530.701123] AUTODETECT spr round 2 (radius: 10)
[00:00:00 -3393.171154] AUTODETECT spr round 3 (radius: 15)
[00:00:00 -3393.170583] SPR radius for FAST iterations: 10 (autodetect)
[00:00:00 -3393.170583] Model parameter optimization (eps = 3.000000)
[00:00:00 -3385.881600] FAST spr round 1 (radius: 10)
[00:00:00 -3361.218714] FAST spr round 2 (radius: 10)
[00:00:00 -3349.736104] FAST spr round 3 (radius: 10)
[00:00:00 -3349.736097] Model parameter optimization (eps = 1.000000)
[00:00:00 -3348.295452] SLOW spr round 1 (radius: 5)
[00:00:00 -3348.295382] SLOW spr round 2 (radius: 10)
[00:00:00] [worker #6] ML tree search #7, logLikelihood: -3348.295380
[00:00:00] [worker #4] ML tree search #5, logLikelihood: -3348.295384
[00:00:00 -3348.295382] SLOW spr round 3 (radius: 15)
[00:00:00 -3348.295382] SLOW spr round 4 (radius: 20)
[00:00:00] [worker #3] ML tree search #4, logLikelihood: -3348.295373
[00:00:00 -3348.295382] Model parameter optimization (eps = 0.100000)

[00:00:00] [worker #0] ML tree search #1, logLikelihood: -3348.295379

[00:00:00 -5801.868356] Initial branch length optimization
[00:00:00 -5075.825405] Model parameter optimization (eps = 10.000000)
[00:00:00 -5026.712352] AUTODETECT spr round 1 (radius: 5)
[00:00:00] [worker #5] ML tree search #6, logLikelihood: -3348.295378
[00:00:00] [worker #7] ML tree search #8, logLikelihood: -3348.295579
[00:00:00 -3398.211978] AUTODETECT spr round 2 (radius: 10)
[00:00:00 -3398.210180] SPR radius for FAST iterations: 5 (autodetect)
[00:00:00 -3398.210180] Model parameter optimization (eps = 3.000000)
[00:00:00 -3388.435799] FAST spr round 1 (radius: 5)
[00:00:00] [worker #2] ML tree search #3, logLikelihood: -3348.295522
[00:00:00 -3348.796453] FAST spr round 2 (radius: 5)
[00:00:00 -3348.796409] Model parameter optimization (eps = 1.000000)
[00:00:00] [worker #1] ML tree search #2, logLikelihood: -3348.295550
[00:00:00 -3348.298347] SLOW spr round 1 (radius: 5)
[00:00:00 -3348.297041] SLOW spr round 2 (radius: 10)
[00:00:00] [worker #7] ML tree search #16, logLikelihood: -3348.295371
[00:00:00] [worker #3] ML tree search #12, logLikelihood: -3348.295373
[00:00:00] [worker #6] ML tree search #15, logLikelihood: -3348.295463
[00:00:00 -3348.297040] SLOW spr round 3 (radius: 15)
[00:00:00 -3348.297040] SLOW spr round 4 (radius: 20)
[00:00:00 -3348.297040] Model parameter optimization (eps = 0.100000)

[00:00:00] [worker #0] ML tree search #9, logLikelihood: -3348.295387

[00:00:00 -3636.058840] Initial branch length optimization
[00:00:00 -3405.497778] Model parameter optimization (eps = 10.000000)
[00:00:00 -3352.382359] AUTODETECT spr round 1 (radius: 5)
[00:00:00] [worker #4] ML tree search #13, logLikelihood: -3348.295469
[00:00:00 -3349.046564] AUTODETECT spr round 2 (radius: 10)
[00:00:00 -3349.043841] SPR radius for FAST iterations: 5 (autodetect)
[00:00:00 -3349.043841] Model parameter optimization (eps = 3.000000)
[00:00:00 -3349.014176] FAST spr round 1 (radius: 5)
[00:00:00] [worker #5] ML tree search #14, logLikelihood: -3348.295436
[00:00:00] [worker #2] ML tree search #11, logLikelihood: -3348.295372
[00:00:00 -3348.296859] FAST spr round 2 (radius: 5)
[00:00:00 -3348.296823] Model parameter optimization (eps = 1.000000)
[00:00:00 -3348.295372] SLOW spr round 1 (radius: 5)
[00:00:00] [worker #3] ML tree search #20, logLikelihood: -3348.295374
[00:00:00 -3348.295372] SLOW spr round 2 (radius: 10)
[00:00:00] [worker #1] ML tree search #10, logLikelihood: -3348.295496
[00:00:00 -3348.295372] SLOW spr round 3 (radius: 15)
[00:00:00 -3348.295372] SLOW spr round 4 (radius: 20)
[00:00:00 -3348.295372] Model parameter optimization (eps = 0.100000)

[00:00:00] [worker #0] ML tree search #17, logLikelihood: -3348.295372

[00:00:00] [worker #2] ML tree search #19, logLikelihood: -3348.295372
[00:00:00] [worker #1] ML tree search #18, logLikelihood: -3348.295373

Optimized model parameters:

   Partition 0: noname
   Rate heterogeneity: NONE
   Base frequencies (ML): 0.311734 0.136072 0.327581 0.224613 
   Substitution rates (model): 1.000000 1.000000 1.000000 1.000000 1.000000 1.000000 


Final LogLikelihood: -3348.295371

AIC score: 6776.590742 / AICc score: 6790.548189 / BIC score: 6921.406777
Free parameters (model + branch lengths): 40

Best ML tree saved to: /home/fili/Documents/KIT/2023/BA/code/output/families/ssim_NE_s20_f100_sites200_GTR_bl1.0_d0.0_l0.0_t0.0_gc0.0_p0.0_pop10_ms0.0_mf0.0_seed121873/families/family_067/misc/raxml_output.F81.raxml.bestTree
All ML trees saved to: /home/fili/Documents/KIT/2023/BA/code/output/families/ssim_NE_s20_f100_sites200_GTR_bl1.0_d0.0_l0.0_t0.0_gc0.0_p0.0_pop10_ms0.0_mf0.0_seed121873/families/family_067/misc/raxml_output.F81.raxml.mlTrees
Optimized model saved to: /home/fili/Documents/KIT/2023/BA/code/output/families/ssim_NE_s20_f100_sites200_GTR_bl1.0_d0.0_l0.0_t0.0_gc0.0_p0.0_pop10_ms0.0_mf0.0_seed121873/families/family_067/misc/raxml_output.F81.raxml.bestModel

Execution log saved to: /home/fili/Documents/KIT/2023/BA/code/output/families/ssim_NE_s20_f100_sites200_GTR_bl1.0_d0.0_l0.0_t0.0_gc0.0_p0.0_pop10_ms0.0_mf0.0_seed121873/families/family_067/misc/raxml_output.F81.raxml.log

Analysis started: 27-Jun-2023 13:47:16 / finished: 27-Jun-2023 13:47:16

Elapsed time: 0.479 seconds

