
RAxML-NG v. 1.1.0 released on 29.11.2021 by The Exelixis Lab.
Developed by: Alexey M. Kozlov and Alexandros Stamatakis.
Contributors: Diego Darriba, Tomas Flouri, Benoit Morel, Sarah Lutteropp, Ben Bettisworth.
Latest version: https://github.com/amkozlov/raxml-ng
Questions/problems/suggestions? Please visit: https://groups.google.com/forum/#!forum/raxml

System: AMD Ryzen 7 5800X 8-Core Processor, 8 cores, 31 GB RAM

RAxML-NG was called at 13-Jun-2023 16:02:59 as follows:

/home/fili/Documents/KIT/2023/BA/resources/tools/RAxML-NG/raxml-ng --msa /home/fili/Documents/KIT/2023/BA/code/output/families/ssim_DL_s20_f100_sites200_GTR_bl1.0_d1.0_l1.0_t0.0_gc0.0_p0.0_pop10_ms0.0_mf0.0_seed42/families/family_041/alignment.msa --model F81 --prefix /home/fili/Documents/KIT/2023/BA/code/output/families/ssim_DL_s20_f100_sites200_GTR_bl1.0_d1.0_l1.0_t0.0_gc0.0_p0.0_pop10_ms0.0_mf0.0_seed42/families/family_041/misc/raxml_output.F81

Analysis options:
  run mode: ML tree search
  start tree(s): random (10) + parsimony (10)
  random seed: 1686664979
  tip-inner: OFF
  pattern compression: ON
  per-rate scalers: OFF
  site repeats: ON
  fast spr radius: AUTO
  spr subtree cutoff: 1.000000
  branch lengths: proportional (ML estimate, algorithm: NR-FAST)
  SIMD kernels: AVX2
  parallelization: coarse-grained (auto), PTHREADS (auto)

[00:00:00] Reading alignment from file: /home/fili/Documents/KIT/2023/BA/code/output/families/ssim_DL_s20_f100_sites200_GTR_bl1.0_d1.0_l1.0_t0.0_gc0.0_p0.0_pop10_ms0.0_mf0.0_seed42/families/family_041/alignment.msa
[00:00:00] Loaded alignment with 20 taxa and 295 sites

WARNING: Sequences 9_0_0 and 13_0_0 are exactly identical!
WARNING: Duplicate sequences found: 1

NOTE: Reduced alignment (with duplicates and gap-only sites/taxa removed) 
NOTE: was saved to: /home/fili/Documents/KIT/2023/BA/code/output/families/ssim_DL_s20_f100_sites200_GTR_bl1.0_d1.0_l1.0_t0.0_gc0.0_p0.0_pop10_ms0.0_mf0.0_seed42/families/family_041/misc/raxml_output.F81.raxml.reduced.phy

Alignment comprises 1 partitions and 139 patterns

Partition 0: noname
Model: F81+FO
Alignment sites / patterns: 295 / 139
Gaps: 0.00 %
Invariant sites: 47.12 %


NOTE: Binary MSA file created: /home/fili/Documents/KIT/2023/BA/code/output/families/ssim_DL_s20_f100_sites200_GTR_bl1.0_d1.0_l1.0_t0.0_gc0.0_p0.0_pop10_ms0.0_mf0.0_seed42/families/family_041/misc/raxml_output.F81.raxml.rba

Parallelization scheme autoconfig: 8 worker(s) x 1 thread(s)

Parallel reduction/worker buffer size: 1 KB  / 0 KB

[00:00:00] Generating 10 random starting tree(s) with 20 taxa
[00:00:00] Generating 10 parsimony starting tree(s) with 20 taxa
[00:00:00] Data distribution: max. partitions/sites/weight per thread: 1 / 139 / 556
[00:00:00] Data distribution: max. searches per worker: 3

Starting ML tree search with 20 distinct starting trees

[00:00:00 -3673.006016] Initial branch length optimization
[00:00:00 -3383.573998] Model parameter optimization (eps = 10.000000)
[00:00:00 -3283.993343] AUTODETECT spr round 1 (radius: 5)
[00:00:00 -2007.282085] AUTODETECT spr round 2 (radius: 10)
[00:00:00 -2007.281757] SPR radius for FAST iterations: 5 (autodetect)
[00:00:00 -2007.281757] Model parameter optimization (eps = 3.000000)
[00:00:00 -2006.332035] FAST spr round 1 (radius: 5)
[00:00:00 -1965.398765] FAST spr round 2 (radius: 5)
[00:00:00 -1965.316469] Model parameter optimization (eps = 1.000000)
[00:00:00 -1965.270342] SLOW spr round 1 (radius: 5)
[00:00:00 -1965.270314] SLOW spr round 2 (radius: 10)
[00:00:00 -1965.270314] SLOW spr round 3 (radius: 15)
[00:00:00 -1965.270314] SLOW spr round 4 (radius: 20)
[00:00:00] [worker #4] ML tree search #5, logLikelihood: -1965.270287
[00:00:00] [worker #7] ML tree search #8, logLikelihood: -1965.270289
[00:00:00 -1965.270314] Model parameter optimization (eps = 0.100000)

[00:00:00] [worker #0] ML tree search #1, logLikelihood: -1965.270292

[00:00:00] [worker #2] ML tree search #3, logLikelihood: -1965.270287
[00:00:00] [worker #6] ML tree search #7, logLikelihood: -1965.270288
[00:00:00] [worker #3] ML tree search #4, logLikelihood: -1965.270288
[00:00:00 -3737.896561] Initial branch length optimization
[00:00:00 -3329.556131] Model parameter optimization (eps = 10.000000)
[00:00:00] [worker #5] ML tree search #6, logLikelihood: -1965.270290
[00:00:00 -3214.137465] AUTODETECT spr round 1 (radius: 5)
[00:00:00] [worker #1] ML tree search #2, logLikelihood: -1965.270289
[00:00:00 -2209.692082] AUTODETECT spr round 2 (radius: 10)
[00:00:00 -2002.257086] AUTODETECT spr round 3 (radius: 15)
[00:00:00 -2002.253115] SPR radius for FAST iterations: 10 (autodetect)
[00:00:00 -2002.253115] Model parameter optimization (eps = 3.000000)
[00:00:00 -2000.377219] FAST spr round 1 (radius: 10)
[00:00:00 -1968.451176] FAST spr round 2 (radius: 10)
[00:00:00 -1965.508265] FAST spr round 3 (radius: 10)
[00:00:00 -1965.508265] Model parameter optimization (eps = 1.000000)
[00:00:00 -1965.270360] SLOW spr round 1 (radius: 5)
[00:00:00] [worker #4] ML tree search #13, logLikelihood: -1965.270288
[00:00:00] [worker #7] ML tree search #16, logLikelihood: -1965.270288
[00:00:00] [worker #3] ML tree search #12, logLikelihood: -1965.270288
[00:00:00] [worker #2] ML tree search #11, logLikelihood: -1965.270288
[00:00:00] [worker #6] ML tree search #15, logLikelihood: -1965.270288
[00:00:00 -1965.270322] SLOW spr round 2 (radius: 10)
[00:00:00] [worker #5] ML tree search #14, logLikelihood: -1965.270288
[00:00:00 -1965.270322] SLOW spr round 3 (radius: 15)
[00:00:00] [worker #1] ML tree search #10, logLikelihood: -1965.270287
[00:00:00 -1965.270322] SLOW spr round 4 (radius: 20)
[00:00:00 -1965.270322] Model parameter optimization (eps = 0.100000)

[00:00:00] [worker #0] ML tree search #9, logLikelihood: -1965.270288

[00:00:00 -2517.450092] Initial branch length optimization
[00:00:00 -2016.703261] Model parameter optimization (eps = 10.000000)
[00:00:00 -1968.301567] AUTODETECT spr round 1 (radius: 5)
[00:00:00 -1965.371934] AUTODETECT spr round 2 (radius: 10)
[00:00:00 -1965.370327] SPR radius for FAST iterations: 5 (autodetect)
[00:00:00 -1965.370327] Model parameter optimization (eps = 3.000000)
[00:00:00 -1965.367001] FAST spr round 1 (radius: 5)
[00:00:00 -1965.275178] Model parameter optimization (eps = 1.000000)
[00:00:00 -1965.270342] SLOW spr round 1 (radius: 5)
[00:00:00] [worker #3] ML tree search #20, logLikelihood: -1965.270288
[00:00:00] [worker #2] ML tree search #19, logLikelihood: -1965.270288
[00:00:00 -1965.270289] SLOW spr round 2 (radius: 10)
[00:00:00 -1965.270289] SLOW spr round 3 (radius: 15)
[00:00:00 -1965.270289] SLOW spr round 4 (radius: 20)
[00:00:00 -1965.270289] Model parameter optimization (eps = 0.100000)

[00:00:00] [worker #0] ML tree search #17, logLikelihood: -1965.270288

[00:00:00] [worker #1] ML tree search #18, logLikelihood: -1965.270288

Optimized model parameters:

   Partition 0: noname
   Rate heterogeneity: NONE
   Base frequencies (ML): 0.313455 0.121638 0.364339 0.200567 
   Substitution rates (model): 1.000000 1.000000 1.000000 1.000000 1.000000 1.000000 


Final LogLikelihood: -1965.270287

AIC score: 4010.540574 / AICc score: 4023.453960 / BIC score: 4158.019588
Free parameters (model + branch lengths): 40

WARNING: Best ML tree contains 1 near-zero branches!

Best ML tree with collapsed near-zero branches saved to: /home/fili/Documents/KIT/2023/BA/code/output/families/ssim_DL_s20_f100_sites200_GTR_bl1.0_d1.0_l1.0_t0.0_gc0.0_p0.0_pop10_ms0.0_mf0.0_seed42/families/family_041/misc/raxml_output.F81.raxml.bestTreeCollapsed
Best ML tree saved to: /home/fili/Documents/KIT/2023/BA/code/output/families/ssim_DL_s20_f100_sites200_GTR_bl1.0_d1.0_l1.0_t0.0_gc0.0_p0.0_pop10_ms0.0_mf0.0_seed42/families/family_041/misc/raxml_output.F81.raxml.bestTree
All ML trees saved to: /home/fili/Documents/KIT/2023/BA/code/output/families/ssim_DL_s20_f100_sites200_GTR_bl1.0_d1.0_l1.0_t0.0_gc0.0_p0.0_pop10_ms0.0_mf0.0_seed42/families/family_041/misc/raxml_output.F81.raxml.mlTrees
Optimized model saved to: /home/fili/Documents/KIT/2023/BA/code/output/families/ssim_DL_s20_f100_sites200_GTR_bl1.0_d1.0_l1.0_t0.0_gc0.0_p0.0_pop10_ms0.0_mf0.0_seed42/families/family_041/misc/raxml_output.F81.raxml.bestModel

Execution log saved to: /home/fili/Documents/KIT/2023/BA/code/output/families/ssim_DL_s20_f100_sites200_GTR_bl1.0_d1.0_l1.0_t0.0_gc0.0_p0.0_pop10_ms0.0_mf0.0_seed42/families/family_041/misc/raxml_output.F81.raxml.log

Analysis started: 13-Jun-2023 16:02:59 / finished: 13-Jun-2023 16:02:59

Elapsed time: 0.241 seconds

