
RAxML-NG v. 1.1.0 released on 29.11.2021 by The Exelixis Lab.
Developed by: Alexey M. Kozlov and Alexandros Stamatakis.
Contributors: Diego Darriba, Tomas Flouri, Benoit Morel, Sarah Lutteropp, Ben Bettisworth.
Latest version: https://github.com/amkozlov/raxml-ng
Questions/problems/suggestions? Please visit: https://groups.google.com/forum/#!forum/raxml

System: AMD Ryzen 7 5800X 8-Core Processor, 8 cores, 31 GB RAM

RAxML-NG was called at 27-Jun-2023 13:41:11 as follows:

/home/fili/Documents/KIT/2023/BA/resources/tools/RAxML-NG/raxml-ng --msa /home/fili/Documents/KIT/2023/BA/code/output/families/ssim_DL_s20_f100_sites200_GTR_bl1.0_d1.0_l1.0_t0.0_gc0.0_p0.0_pop10_ms0.0_mf0.0_seed121873/families/family_069/alignment.msa --model F81 --prefix /home/fili/Documents/KIT/2023/BA/code/output/families/ssim_DL_s20_f100_sites200_GTR_bl1.0_d1.0_l1.0_t0.0_gc0.0_p0.0_pop10_ms0.0_mf0.0_seed121873/families/family_069/misc/raxml_output.F81

Analysis options:
  run mode: ML tree search
  start tree(s): random (10) + parsimony (10)
  random seed: 1687866071
  tip-inner: OFF
  pattern compression: ON
  per-rate scalers: OFF
  site repeats: ON
  fast spr radius: AUTO
  spr subtree cutoff: 1.000000
  branch lengths: proportional (ML estimate, algorithm: NR-FAST)
  SIMD kernels: AVX2
  parallelization: coarse-grained (auto), PTHREADS (auto)

[00:00:00] Reading alignment from file: /home/fili/Documents/KIT/2023/BA/code/output/families/ssim_DL_s20_f100_sites200_GTR_bl1.0_d1.0_l1.0_t0.0_gc0.0_p0.0_pop10_ms0.0_mf0.0_seed121873/families/family_069/alignment.msa
[00:00:00] Loaded alignment with 43 taxa and 145 sites

WARNING: Sequences 17_8_0 and 17_3_0 are exactly identical!
WARNING: Sequences 14_10_0 and 14_0_0 are exactly identical!
WARNING: Sequences 15_4_0 and 17_4_0 are exactly identical!
WARNING: Sequences 13_6_0 and 19_6_0 are exactly identical!
WARNING: Sequences 19_4_0 and 13_4_0 are exactly identical!
WARNING: Sequences 19_5_0 and 13_5_0 are exactly identical!
WARNING: Duplicate sequences found: 6

NOTE: Reduced alignment (with duplicates and gap-only sites/taxa removed) 
NOTE: was saved to: /home/fili/Documents/KIT/2023/BA/code/output/families/ssim_DL_s20_f100_sites200_GTR_bl1.0_d1.0_l1.0_t0.0_gc0.0_p0.0_pop10_ms0.0_mf0.0_seed121873/families/family_069/misc/raxml_output.F81.raxml.reduced.phy

Alignment comprises 1 partitions and 109 patterns

Partition 0: noname
Model: F81+FO
Alignment sites / patterns: 145 / 109
Gaps: 0.00 %
Invariant sites: 23.45 %


NOTE: Binary MSA file created: /home/fili/Documents/KIT/2023/BA/code/output/families/ssim_DL_s20_f100_sites200_GTR_bl1.0_d1.0_l1.0_t0.0_gc0.0_p0.0_pop10_ms0.0_mf0.0_seed121873/families/family_069/misc/raxml_output.F81.raxml.rba

Parallelization scheme autoconfig: 8 worker(s) x 1 thread(s)

Parallel reduction/worker buffer size: 1 KB  / 0 KB

[00:00:00] Generating 10 random starting tree(s) with 43 taxa
[00:00:00] Generating 10 parsimony starting tree(s) with 43 taxa
[00:00:00] Data distribution: max. partitions/sites/weight per thread: 1 / 109 / 436
[00:00:00] Data distribution: max. searches per worker: 3

Starting ML tree search with 20 distinct starting trees

[00:00:00 -5125.899218] Initial branch length optimization
[00:00:00 -4582.843583] Model parameter optimization (eps = 10.000000)
[00:00:00 -4533.632064] AUTODETECT spr round 1 (radius: 5)
[00:00:00 -2361.376356] AUTODETECT spr round 2 (radius: 10)
[00:00:00 -2083.938861] AUTODETECT spr round 3 (radius: 15)
[00:00:00 -2083.938737] SPR radius for FAST iterations: 10 (autodetect)
[00:00:00 -2083.938737] Model parameter optimization (eps = 3.000000)
[00:00:00 -2079.888631] FAST spr round 1 (radius: 10)
[00:00:00 -1977.988134] FAST spr round 2 (radius: 10)
[00:00:00 -1977.535830] FAST spr round 3 (radius: 10)
[00:00:00 -1977.448491] Model parameter optimization (eps = 1.000000)
[00:00:00 -1977.174266] SLOW spr round 1 (radius: 5)
[00:00:00 -1977.173927] SLOW spr round 2 (radius: 10)
[00:00:00 -1977.173927] SLOW spr round 3 (radius: 15)
[00:00:00] [worker #7] ML tree search #8, logLikelihood: -1977.173774
[00:00:00] [worker #4] ML tree search #5, logLikelihood: -1976.508403
[00:00:00] [worker #3] ML tree search #4, logLikelihood: -1977.173774
[00:00:00] [worker #2] ML tree search #3, logLikelihood: -1976.509409
[00:00:00 -1977.173927] SLOW spr round 4 (radius: 20)
[00:00:00] [worker #1] ML tree search #2, logLikelihood: -1976.507146
[00:00:00 -1977.173927] SLOW spr round 5 (radius: 25)
[00:00:00 -1977.173927] Model parameter optimization (eps = 0.100000)

[00:00:00] [worker #0] ML tree search #1, logLikelihood: -1977.173772

[00:00:00 -5104.826025] Initial branch length optimization
[00:00:00 -4573.204956] Model parameter optimization (eps = 10.000000)
[00:00:00 -4523.574877] AUTODETECT spr round 1 (radius: 5)
[00:00:00 -2262.996440] AUTODETECT spr round 2 (radius: 10)
[00:00:00] [worker #6] ML tree search #7, logLikelihood: -1976.507009
[00:00:00] [worker #5] ML tree search #6, logLikelihood: -1975.077540
[00:00:00 -2051.844460] AUTODETECT spr round 3 (radius: 15)
[00:00:00 -2051.839611] SPR radius for FAST iterations: 10 (autodetect)
[00:00:00 -2051.839611] Model parameter optimization (eps = 3.000000)
[00:00:00 -2050.285292] FAST spr round 1 (radius: 10)
[00:00:00 -1982.476622] FAST spr round 2 (radius: 10)
[00:00:00 -1978.345074] FAST spr round 3 (radius: 10)
[00:00:00 -1977.308030] FAST spr round 4 (radius: 10)
[00:00:00 -1976.759675] FAST spr round 5 (radius: 10)
[00:00:00 -1976.621870] FAST spr round 6 (radius: 10)
[00:00:00 -1976.620537] Model parameter optimization (eps = 1.000000)
[00:00:00 -1976.440652] SLOW spr round 1 (radius: 5)
[00:00:00] [worker #2] ML tree search #11, logLikelihood: -1978.051194
[00:00:00] [worker #4] ML tree search #13, logLikelihood: -1976.505878
[00:00:00] [worker #3] ML tree search #12, logLikelihood: -1976.505741
[00:00:00 -1976.430277] SLOW spr round 2 (radius: 10)
[00:00:00] [worker #7] ML tree search #16, logLikelihood: -1976.408459
[00:00:00] [worker #5] ML tree search #14, logLikelihood: -1977.388945
[00:00:00 -1976.427787] SLOW spr round 3 (radius: 15)
[00:00:00] [worker #6] ML tree search #15, logLikelihood: -1976.408459
[00:00:00] [worker #1] ML tree search #10, logLikelihood: -1975.077795
[00:00:00 -1976.427000] SLOW spr round 4 (radius: 20)
[00:00:00 -1976.426718] SLOW spr round 5 (radius: 25)
[00:00:00 -1976.426608] Model parameter optimization (eps = 0.100000)

[00:00:00] [worker #0] ML tree search #9, logLikelihood: -1976.411088

[00:00:00 -2610.916727] Initial branch length optimization
[00:00:00 -2010.618333] Model parameter optimization (eps = 10.000000)
[00:00:00 -1992.416515] AUTODETECT spr round 1 (radius: 5)
[00:00:00 -1977.451702] AUTODETECT spr round 2 (radius: 10)
[00:00:00 -1977.451346] SPR radius for FAST iterations: 5 (autodetect)
[00:00:00 -1977.451346] Model parameter optimization (eps = 3.000000)
[00:00:00 -1977.436943] FAST spr round 1 (radius: 5)
[00:00:00 -1977.229576] FAST spr round 2 (radius: 5)
[00:00:00 -1977.031730] FAST spr round 3 (radius: 5)
[00:00:00] [worker #2] ML tree search #19, logLikelihood: -1977.451151
[00:00:00 -1976.479203] FAST spr round 4 (radius: 5)
[00:00:00 -1976.431966] Model parameter optimization (eps = 1.000000)
[00:00:00 -1976.408626] SLOW spr round 1 (radius: 5)
[00:00:00] [worker #3] ML tree search #20, logLikelihood: -1976.408459
[00:00:00 -1976.408466] SLOW spr round 2 (radius: 10)
[00:00:00 -1976.408466] SLOW spr round 3 (radius: 15)
[00:00:00] [worker #1] ML tree search #18, logLikelihood: -1976.408460
[00:00:00 -1976.408466] SLOW spr round 4 (radius: 20)
[00:00:00 -1976.408466] SLOW spr round 5 (radius: 25)
[00:00:00 -1976.408466] Model parameter optimization (eps = 0.100000)

[00:00:00] [worker #0] ML tree search #17, logLikelihood: -1976.408459


Optimized model parameters:

   Partition 0: noname
   Rate heterogeneity: NONE
   Base frequencies (ML): 0.334268 0.190874 0.282119 0.192740 
   Substitution rates (model): 1.000000 1.000000 1.000000 1.000000 1.000000 1.000000 


Final LogLikelihood: -1975.077540

AIC score: 4122.155079 / AICc score: 4380.155079 / BIC score: 4378.154181
Free parameters (model + branch lengths): 86

WARNING: Best ML tree contains 2 near-zero branches!

Best ML tree with collapsed near-zero branches saved to: /home/fili/Documents/KIT/2023/BA/code/output/families/ssim_DL_s20_f100_sites200_GTR_bl1.0_d1.0_l1.0_t0.0_gc0.0_p0.0_pop10_ms0.0_mf0.0_seed121873/families/family_069/misc/raxml_output.F81.raxml.bestTreeCollapsed
Best ML tree saved to: /home/fili/Documents/KIT/2023/BA/code/output/families/ssim_DL_s20_f100_sites200_GTR_bl1.0_d1.0_l1.0_t0.0_gc0.0_p0.0_pop10_ms0.0_mf0.0_seed121873/families/family_069/misc/raxml_output.F81.raxml.bestTree
All ML trees saved to: /home/fili/Documents/KIT/2023/BA/code/output/families/ssim_DL_s20_f100_sites200_GTR_bl1.0_d1.0_l1.0_t0.0_gc0.0_p0.0_pop10_ms0.0_mf0.0_seed121873/families/family_069/misc/raxml_output.F81.raxml.mlTrees
Optimized model saved to: /home/fili/Documents/KIT/2023/BA/code/output/families/ssim_DL_s20_f100_sites200_GTR_bl1.0_d1.0_l1.0_t0.0_gc0.0_p0.0_pop10_ms0.0_mf0.0_seed121873/families/family_069/misc/raxml_output.F81.raxml.bestModel

Execution log saved to: /home/fili/Documents/KIT/2023/BA/code/output/families/ssim_DL_s20_f100_sites200_GTR_bl1.0_d1.0_l1.0_t0.0_gc0.0_p0.0_pop10_ms0.0_mf0.0_seed121873/families/family_069/misc/raxml_output.F81.raxml.log

Analysis started: 27-Jun-2023 13:41:11 / finished: 27-Jun-2023 13:41:12

Elapsed time: 0.868 seconds

