
RAxML-NG v. 1.1.0 released on 29.11.2021 by The Exelixis Lab.
Developed by: Alexey M. Kozlov and Alexandros Stamatakis.
Contributors: Diego Darriba, Tomas Flouri, Benoit Morel, Sarah Lutteropp, Ben Bettisworth.
Latest version: https://github.com/amkozlov/raxml-ng
Questions/problems/suggestions? Please visit: https://groups.google.com/forum/#!forum/raxml

System: AMD Ryzen 7 5800X 8-Core Processor, 8 cores, 31 GB RAM

RAxML-NG was called at 27-Jun-2023 13:43:36 as follows:

/home/fili/Documents/KIT/2023/BA/resources/tools/RAxML-NG/raxml-ng --msa /home/fili/Documents/KIT/2023/BA/code/output/families/ssim_DL_s20_f100_sites200_GTR_bl1.0_d1.0_l1.0_t0.0_gc0.0_p0.0_pop10_ms0.0_mf0.0_seed14976684177860080345/families/family_036/alignment.msa --model F81 --prefix /home/fili/Documents/KIT/2023/BA/code/output/families/ssim_DL_s20_f100_sites200_GTR_bl1.0_d1.0_l1.0_t0.0_gc0.0_p0.0_pop10_ms0.0_mf0.0_seed14976684177860080345/families/family_036/misc/raxml_output.F81

Analysis options:
  run mode: ML tree search
  start tree(s): random (10) + parsimony (10)
  random seed: 1687866216
  tip-inner: OFF
  pattern compression: ON
  per-rate scalers: OFF
  site repeats: ON
  fast spr radius: AUTO
  spr subtree cutoff: 1.000000
  branch lengths: proportional (ML estimate, algorithm: NR-FAST)
  SIMD kernels: AVX2
  parallelization: coarse-grained (auto), PTHREADS (auto)

[00:00:00] Reading alignment from file: /home/fili/Documents/KIT/2023/BA/code/output/families/ssim_DL_s20_f100_sites200_GTR_bl1.0_d1.0_l1.0_t0.0_gc0.0_p0.0_pop10_ms0.0_mf0.0_seed14976684177860080345/families/family_036/alignment.msa
[00:00:00] Loaded alignment with 26 taxa and 216 sites

WARNING: Sequences 2_1_0 and 14_1_0 are exactly identical!
WARNING: Sequences 2_1_0 and 11_1_0 are exactly identical!
WARNING: Sequences 6_0_0 and 3_0_0 are exactly identical!
WARNING: Sequences 2_0_0 and 14_0_0 are exactly identical!
WARNING: Sequences 1_0_0 and 10_0_0 are exactly identical!
WARNING: Sequences 1_0_0 and 7_0_0 are exactly identical!
WARNING: Sequences 15_0_0 and 18_0_0 are exactly identical!
WARNING: Duplicate sequences found: 7

NOTE: Reduced alignment (with duplicates and gap-only sites/taxa removed) 
NOTE: was saved to: /home/fili/Documents/KIT/2023/BA/code/output/families/ssim_DL_s20_f100_sites200_GTR_bl1.0_d1.0_l1.0_t0.0_gc0.0_p0.0_pop10_ms0.0_mf0.0_seed14976684177860080345/families/family_036/misc/raxml_output.F81.raxml.reduced.phy

Alignment comprises 1 partitions and 50 patterns

Partition 0: noname
Model: F81+FO
Alignment sites / patterns: 216 / 50
Gaps: 0.00 %
Invariant sites: 71.76 %


NOTE: Binary MSA file created: /home/fili/Documents/KIT/2023/BA/code/output/families/ssim_DL_s20_f100_sites200_GTR_bl1.0_d1.0_l1.0_t0.0_gc0.0_p0.0_pop10_ms0.0_mf0.0_seed14976684177860080345/families/family_036/misc/raxml_output.F81.raxml.rba

Parallelization scheme autoconfig: 8 worker(s) x 1 thread(s)

Parallel reduction/worker buffer size: 1 KB  / 0 KB

[00:00:00] Generating 10 random starting tree(s) with 26 taxa
[00:00:00] Generating 10 parsimony starting tree(s) with 26 taxa
[00:00:00] Data distribution: max. partitions/sites/weight per thread: 1 / 50 / 200
[00:00:00] Data distribution: max. searches per worker: 3

Starting ML tree search with 20 distinct starting trees

[00:00:00 -2481.472584] Initial branch length optimization
[00:00:00 -1893.032744] Model parameter optimization (eps = 10.000000)
[00:00:00 -1842.974407] AUTODETECT spr round 1 (radius: 5)
[00:00:00 -866.722415] AUTODETECT spr round 2 (radius: 10)
[00:00:00 -769.796815] AUTODETECT spr round 3 (radius: 15)
[00:00:00 -769.796815] SPR radius for FAST iterations: 10 (autodetect)
[00:00:00 -769.796815] Model parameter optimization (eps = 3.000000)
[00:00:00 -763.770990] FAST spr round 1 (radius: 10)
[00:00:00 -755.083453] FAST spr round 2 (radius: 10)
[00:00:00 -755.083453] Model parameter optimization (eps = 1.000000)
[00:00:00 -755.079214] SLOW spr round 1 (radius: 5)
[00:00:00 -755.079214] SLOW spr round 2 (radius: 10)
[00:00:00 -755.079214] SLOW spr round 3 (radius: 15)
[00:00:00 -755.079214] SLOW spr round 4 (radius: 20)
[00:00:00] [worker #5] ML tree search #6, logLikelihood: -755.079215
[00:00:00 -755.079214] SLOW spr round 5 (radius: 25)
[00:00:00] [worker #1] ML tree search #2, logLikelihood: -755.079215
[00:00:00 -755.079214] Model parameter optimization (eps = 0.100000)

[00:00:00] [worker #0] ML tree search #1, logLikelihood: -755.079214

[00:00:00] [worker #3] ML tree search #4, logLikelihood: -755.079214
[00:00:00] [worker #7] ML tree search #8, logLikelihood: -755.079214
[00:00:00] [worker #4] ML tree search #5, logLikelihood: -755.079214
[00:00:00 -2453.278377] Initial branch length optimization
[00:00:00 -1896.583935] Model parameter optimization (eps = 10.000000)
[00:00:00 -1842.255589] AUTODETECT spr round 1 (radius: 5)
[00:00:00 -1017.089913] AUTODETECT spr round 2 (radius: 10)
[00:00:00] [worker #2] ML tree search #3, logLikelihood: -755.079214
[00:00:00] [worker #6] ML tree search #7, logLikelihood: -755.079215
[00:00:00 -791.381719] AUTODETECT spr round 3 (radius: 15)
[00:00:00 -791.381694] SPR radius for FAST iterations: 10 (autodetect)
[00:00:00 -791.381694] Model parameter optimization (eps = 3.000000)
[00:00:00 -785.756762] FAST spr round 1 (radius: 10)
[00:00:00 -761.314102] FAST spr round 2 (radius: 10)
[00:00:00 -755.203199] FAST spr round 3 (radius: 10)
[00:00:00 -755.203198] Model parameter optimization (eps = 1.000000)
[00:00:00 -755.079219] SLOW spr round 1 (radius: 5)
[00:00:00] [worker #7] ML tree search #16, logLikelihood: -755.079215
[00:00:00] [worker #5] ML tree search #14, logLikelihood: -755.079215
[00:00:00] [worker #3] ML tree search #12, logLikelihood: -755.079215
[00:00:00] [worker #4] ML tree search #13, logLikelihood: -755.079214
[00:00:00 -755.079217] SLOW spr round 2 (radius: 10)
[00:00:00] [worker #6] ML tree search #15, logLikelihood: -755.079214
[00:00:00] [worker #1] ML tree search #10, logLikelihood: -755.079214
[00:00:00] [worker #2] ML tree search #11, logLikelihood: -755.079215
[00:00:00 -755.079217] SLOW spr round 3 (radius: 15)
[00:00:00 -755.079217] SLOW spr round 4 (radius: 20)
[00:00:00 -755.079217] SLOW spr round 5 (radius: 25)
[00:00:00 -755.079217] Model parameter optimization (eps = 0.100000)

[00:00:00] [worker #0] ML tree search #9, logLikelihood: -755.079214

[00:00:00 -1612.825418] Initial branch length optimization
[00:00:00 -769.158652] Model parameter optimization (eps = 10.000000)
[00:00:00 -760.218853] AUTODETECT spr round 1 (radius: 5)
[00:00:00 -755.355659] AUTODETECT spr round 2 (radius: 10)
[00:00:00 -755.355632] SPR radius for FAST iterations: 5 (autodetect)
[00:00:00 -755.355632] Model parameter optimization (eps = 3.000000)
[00:00:00 -755.342813] FAST spr round 1 (radius: 5)
[00:00:00 -755.342813] Model parameter optimization (eps = 1.000000)
[00:00:00 -755.342813] SLOW spr round 1 (radius: 5)
[00:00:00] [worker #1] ML tree search #18, logLikelihood: -755.079214
[00:00:00] [worker #3] ML tree search #20, logLikelihood: -755.079215
[00:00:00 -755.079992] SLOW spr round 2 (radius: 5)
[00:00:00] [worker #2] ML tree search #19, logLikelihood: -755.079215
[00:00:00 -755.079992] SLOW spr round 3 (radius: 10)
[00:00:00 -755.079992] SLOW spr round 4 (radius: 15)
[00:00:00 -755.079992] SLOW spr round 5 (radius: 20)
[00:00:00 -755.079992] SLOW spr round 6 (radius: 25)
[00:00:00 -755.079992] Model parameter optimization (eps = 0.100000)

[00:00:00] [worker #0] ML tree search #17, logLikelihood: -755.079214


Optimized model parameters:

   Partition 0: noname
   Rate heterogeneity: NONE
   Base frequencies (ML): 0.278909 0.182748 0.333189 0.205154 
   Substitution rates (model): 1.000000 1.000000 1.000000 1.000000 1.000000 1.000000 


Final LogLikelihood: -755.079214

AIC score: 1614.158427 / AICc score: 1647.974378 / BIC score: 1789.672904
Free parameters (model + branch lengths): 52

WARNING: Best ML tree contains 9 near-zero branches!

Best ML tree with collapsed near-zero branches saved to: /home/fili/Documents/KIT/2023/BA/code/output/families/ssim_DL_s20_f100_sites200_GTR_bl1.0_d1.0_l1.0_t0.0_gc0.0_p0.0_pop10_ms0.0_mf0.0_seed14976684177860080345/families/family_036/misc/raxml_output.F81.raxml.bestTreeCollapsed
Best ML tree saved to: /home/fili/Documents/KIT/2023/BA/code/output/families/ssim_DL_s20_f100_sites200_GTR_bl1.0_d1.0_l1.0_t0.0_gc0.0_p0.0_pop10_ms0.0_mf0.0_seed14976684177860080345/families/family_036/misc/raxml_output.F81.raxml.bestTree
All ML trees saved to: /home/fili/Documents/KIT/2023/BA/code/output/families/ssim_DL_s20_f100_sites200_GTR_bl1.0_d1.0_l1.0_t0.0_gc0.0_p0.0_pop10_ms0.0_mf0.0_seed14976684177860080345/families/family_036/misc/raxml_output.F81.raxml.mlTrees
Optimized model saved to: /home/fili/Documents/KIT/2023/BA/code/output/families/ssim_DL_s20_f100_sites200_GTR_bl1.0_d1.0_l1.0_t0.0_gc0.0_p0.0_pop10_ms0.0_mf0.0_seed14976684177860080345/families/family_036/misc/raxml_output.F81.raxml.bestModel

Execution log saved to: /home/fili/Documents/KIT/2023/BA/code/output/families/ssim_DL_s20_f100_sites200_GTR_bl1.0_d1.0_l1.0_t0.0_gc0.0_p0.0_pop10_ms0.0_mf0.0_seed14976684177860080345/families/family_036/misc/raxml_output.F81.raxml.log

Analysis started: 27-Jun-2023 13:43:36 / finished: 27-Jun-2023 13:43:36

Elapsed time: 0.231 seconds

