
RAxML-NG v. 1.1.0 released on 29.11.2021 by The Exelixis Lab.
Developed by: Alexey M. Kozlov and Alexandros Stamatakis.
Contributors: Diego Darriba, Tomas Flouri, Benoit Morel, Sarah Lutteropp, Ben Bettisworth.
Latest version: https://github.com/amkozlov/raxml-ng
Questions/problems/suggestions? Please visit: https://groups.google.com/forum/#!forum/raxml

System: AMD Ryzen 7 5800X 8-Core Processor, 8 cores, 31 GB RAM

RAxML-NG was called at 27-Jun-2023 13:04:00 as follows:

/home/fili/Documents/KIT/2023/BA/resources/tools/RAxML-NG/raxml-ng --msa /home/fili/Documents/KIT/2023/BA/code/output/families/ssim_DL_s20_f100_sites200_GTR_bl1.0_d1.0_l1.0_t0.0_gc0.0_p0.0_pop10_ms0.0_mf0.0_seed19732311/families/family_039/alignment.msa --model F81 --prefix /home/fili/Documents/KIT/2023/BA/code/output/families/ssim_DL_s20_f100_sites200_GTR_bl1.0_d1.0_l1.0_t0.0_gc0.0_p0.0_pop10_ms0.0_mf0.0_seed19732311/families/family_039/misc/raxml_output.F81

Analysis options:
  run mode: ML tree search
  start tree(s): random (10) + parsimony (10)
  random seed: 1687863840
  tip-inner: OFF
  pattern compression: ON
  per-rate scalers: OFF
  site repeats: ON
  fast spr radius: AUTO
  spr subtree cutoff: 1.000000
  branch lengths: proportional (ML estimate, algorithm: NR-FAST)
  SIMD kernels: AVX2
  parallelization: coarse-grained (auto), PTHREADS (auto)

[00:00:00] Reading alignment from file: /home/fili/Documents/KIT/2023/BA/code/output/families/ssim_DL_s20_f100_sites200_GTR_bl1.0_d1.0_l1.0_t0.0_gc0.0_p0.0_pop10_ms0.0_mf0.0_seed19732311/families/family_039/alignment.msa
[00:00:00] Loaded alignment with 36 taxa and 315 sites

Alignment comprises 1 partitions and 162 patterns

Partition 0: noname
Model: F81+FO
Alignment sites / patterns: 315 / 162
Gaps: 0.00 %
Invariant sites: 47.94 %


NOTE: Binary MSA file created: /home/fili/Documents/KIT/2023/BA/code/output/families/ssim_DL_s20_f100_sites200_GTR_bl1.0_d1.0_l1.0_t0.0_gc0.0_p0.0_pop10_ms0.0_mf0.0_seed19732311/families/family_039/misc/raxml_output.F81.raxml.rba

Parallelization scheme autoconfig: 8 worker(s) x 1 thread(s)

Parallel reduction/worker buffer size: 1 KB  / 0 KB

[00:00:00] Generating 10 random starting tree(s) with 36 taxa
[00:00:00] Generating 10 parsimony starting tree(s) with 36 taxa
[00:00:00] Data distribution: max. partitions/sites/weight per thread: 1 / 162 / 648
[00:00:00] Data distribution: max. searches per worker: 3

Starting ML tree search with 20 distinct starting trees

[00:00:00 -5833.951517] Initial branch length optimization
[00:00:00 -4919.126281] Model parameter optimization (eps = 10.000000)
[00:00:00 -4750.968347] AUTODETECT spr round 1 (radius: 5)
[00:00:00 -3002.282655] AUTODETECT spr round 2 (radius: 10)
[00:00:00 -2981.786645] AUTODETECT spr round 3 (radius: 15)
[00:00:00 -2981.786619] SPR radius for FAST iterations: 10 (autodetect)
[00:00:00 -2981.786619] Model parameter optimization (eps = 3.000000)
[00:00:00 -2978.905925] FAST spr round 1 (radius: 10)
[00:00:00 -2830.674152] FAST spr round 2 (radius: 10)
[00:00:00 -2812.041772] FAST spr round 3 (radius: 10)
[00:00:00 -2812.041766] Model parameter optimization (eps = 1.000000)
[00:00:00 -2811.909453] SLOW spr round 1 (radius: 5)
[00:00:00 -2811.909363] SLOW spr round 2 (radius: 10)
[00:00:00 -2811.909363] SLOW spr round 3 (radius: 15)
[00:00:00] [worker #3] ML tree search #4, logLikelihood: -2811.843510
[00:00:00] [worker #1] ML tree search #2, logLikelihood: -2811.909292
[00:00:00] [worker #2] ML tree search #3, logLikelihood: -2811.843504
[00:00:00] [worker #6] ML tree search #7, logLikelihood: -2811.843507
[00:00:00 -2811.909363] SLOW spr round 4 (radius: 20)
[00:00:00] [worker #5] ML tree search #6, logLikelihood: -2811.909292
[00:00:00 -2811.909363] SLOW spr round 5 (radius: 25)
[00:00:00] [worker #4] ML tree search #5, logLikelihood: -2811.909293
[00:00:00 -2811.909363] Model parameter optimization (eps = 0.100000)

[00:00:00] [worker #0] ML tree search #1, logLikelihood: -2811.909292

[00:00:00 -5953.662747] Initial branch length optimization
[00:00:00 -5084.759630] Model parameter optimization (eps = 10.000000)
[00:00:00] [worker #7] ML tree search #8, logLikelihood: -2811.909294
[00:00:00 -4901.545243] AUTODETECT spr round 1 (radius: 5)
[00:00:00 -2996.273124] AUTODETECT spr round 2 (radius: 10)
[00:00:00 -2942.583906] AUTODETECT spr round 3 (radius: 15)
[00:00:00 -2942.583736] SPR radius for FAST iterations: 10 (autodetect)
[00:00:00 -2942.583736] Model parameter optimization (eps = 3.000000)
[00:00:00 -2940.093264] FAST spr round 1 (radius: 10)
[00:00:00 -2824.808750] FAST spr round 2 (radius: 10)
[00:00:00 -2813.584026] FAST spr round 3 (radius: 10)
[00:00:00 -2812.072146] FAST spr round 4 (radius: 10)
[00:00:00 -2812.067466] Model parameter optimization (eps = 1.000000)
[00:00:00 -2811.916217] SLOW spr round 1 (radius: 5)
[00:00:00] [worker #5] ML tree search #14, logLikelihood: -2811.843505
[00:00:00] [worker #3] ML tree search #12, logLikelihood: -2811.843507
[00:00:00] [worker #7] ML tree search #16, logLikelihood: -2811.843503
[00:00:00 -2811.911189] SLOW spr round 2 (radius: 10)
[00:00:00] [worker #6] ML tree search #15, logLikelihood: -2811.843506
[00:00:00] [worker #2] ML tree search #11, logLikelihood: -2811.909292
[00:00:00] [worker #4] ML tree search #13, logLikelihood: -2811.909299
[00:00:00] [worker #1] ML tree search #10, logLikelihood: -2811.843512
[00:00:00 -2811.911188] SLOW spr round 3 (radius: 15)
[00:00:00 -2811.911188] SLOW spr round 4 (radius: 20)
[00:00:00 -2811.911188] SLOW spr round 5 (radius: 25)
[00:00:00 -2811.911188] Model parameter optimization (eps = 0.100000)

[00:00:00] [worker #0] ML tree search #9, logLikelihood: -2811.909600

[00:00:00 -4008.876637] Initial branch length optimization
[00:00:00 -2889.923379] Model parameter optimization (eps = 10.000000)
[00:00:00 -2818.183152] AUTODETECT spr round 1 (radius: 5)
[00:00:00 -2812.081393] AUTODETECT spr round 2 (radius: 10)
[00:00:00 -2812.080053] SPR radius for FAST iterations: 5 (autodetect)
[00:00:00 -2812.080053] Model parameter optimization (eps = 3.000000)
[00:00:00 -2811.941706] FAST spr round 1 (radius: 5)
[00:00:00 -2811.922266] Model parameter optimization (eps = 1.000000)
[00:00:00 -2811.909533] SLOW spr round 1 (radius: 5)
[00:00:00] [worker #3] ML tree search #20, logLikelihood: -2811.909292
[00:00:00 -2811.909301] SLOW spr round 2 (radius: 10)
[00:00:00] [worker #2] ML tree search #19, logLikelihood: -2811.909296
[00:00:00 -2811.909301] SLOW spr round 3 (radius: 15)
[00:00:00 -2811.909301] SLOW spr round 4 (radius: 20)
[00:00:00 -2811.909301] SLOW spr round 5 (radius: 25)
[00:00:00 -2811.909301] Model parameter optimization (eps = 0.100000)

[00:00:00] [worker #0] ML tree search #17, logLikelihood: -2811.909295

[00:00:00] [worker #1] ML tree search #18, logLikelihood: -2811.843503

Optimized model parameters:

   Partition 0: noname
   Rate heterogeneity: NONE
   Base frequencies (ML): 0.348760 0.107558 0.345433 0.198249 
   Substitution rates (model): 1.000000 1.000000 1.000000 1.000000 1.000000 1.000000 


Final LogLikelihood: -2811.843503

AIC score: 5767.687007 / AICc score: 5811.125023 / BIC score: 6037.872237
Free parameters (model + branch lengths): 72

WARNING: Best ML tree contains 1 near-zero branches!

Best ML tree with collapsed near-zero branches saved to: /home/fili/Documents/KIT/2023/BA/code/output/families/ssim_DL_s20_f100_sites200_GTR_bl1.0_d1.0_l1.0_t0.0_gc0.0_p0.0_pop10_ms0.0_mf0.0_seed19732311/families/family_039/misc/raxml_output.F81.raxml.bestTreeCollapsed
Best ML tree saved to: /home/fili/Documents/KIT/2023/BA/code/output/families/ssim_DL_s20_f100_sites200_GTR_bl1.0_d1.0_l1.0_t0.0_gc0.0_p0.0_pop10_ms0.0_mf0.0_seed19732311/families/family_039/misc/raxml_output.F81.raxml.bestTree
All ML trees saved to: /home/fili/Documents/KIT/2023/BA/code/output/families/ssim_DL_s20_f100_sites200_GTR_bl1.0_d1.0_l1.0_t0.0_gc0.0_p0.0_pop10_ms0.0_mf0.0_seed19732311/families/family_039/misc/raxml_output.F81.raxml.mlTrees
Optimized model saved to: /home/fili/Documents/KIT/2023/BA/code/output/families/ssim_DL_s20_f100_sites200_GTR_bl1.0_d1.0_l1.0_t0.0_gc0.0_p0.0_pop10_ms0.0_mf0.0_seed19732311/families/family_039/misc/raxml_output.F81.raxml.bestModel

Execution log saved to: /home/fili/Documents/KIT/2023/BA/code/output/families/ssim_DL_s20_f100_sites200_GTR_bl1.0_d1.0_l1.0_t0.0_gc0.0_p0.0_pop10_ms0.0_mf0.0_seed19732311/families/family_039/misc/raxml_output.F81.raxml.log

Analysis started: 27-Jun-2023 13:04:00 / finished: 27-Jun-2023 13:04:01

Elapsed time: 0.684 seconds

