
RAxML-NG v. 1.1.0 released on 29.11.2021 by The Exelixis Lab.
Developed by: Alexey M. Kozlov and Alexandros Stamatakis.
Contributors: Diego Darriba, Tomas Flouri, Benoit Morel, Sarah Lutteropp, Ben Bettisworth.
Latest version: https://github.com/amkozlov/raxml-ng
Questions/problems/suggestions? Please visit: https://groups.google.com/forum/#!forum/raxml

System: AMD Ryzen 7 5800X 8-Core Processor, 8 cores, 31 GB RAM

RAxML-NG was called at 27-Jun-2023 13:43:48 as follows:

/home/fili/Documents/KIT/2023/BA/resources/tools/RAxML-NG/raxml-ng --msa /home/fili/Documents/KIT/2023/BA/code/output/families/ssim_DL_s20_f100_sites200_GTR_bl1.0_d1.0_l1.0_t0.0_gc0.0_p0.0_pop10_ms0.0_mf0.0_seed14976684177860080345/families/family_091/alignment.msa --model F81 --prefix /home/fili/Documents/KIT/2023/BA/code/output/families/ssim_DL_s20_f100_sites200_GTR_bl1.0_d1.0_l1.0_t0.0_gc0.0_p0.0_pop10_ms0.0_mf0.0_seed14976684177860080345/families/family_091/misc/raxml_output.F81

Analysis options:
  run mode: ML tree search
  start tree(s): random (10) + parsimony (10)
  random seed: 1687866228
  tip-inner: OFF
  pattern compression: ON
  per-rate scalers: OFF
  site repeats: ON
  fast spr radius: AUTO
  spr subtree cutoff: 1.000000
  branch lengths: proportional (ML estimate, algorithm: NR-FAST)
  SIMD kernels: AVX2
  parallelization: coarse-grained (auto), PTHREADS (auto)

[00:00:00] Reading alignment from file: /home/fili/Documents/KIT/2023/BA/code/output/families/ssim_DL_s20_f100_sites200_GTR_bl1.0_d1.0_l1.0_t0.0_gc0.0_p0.0_pop10_ms0.0_mf0.0_seed14976684177860080345/families/family_091/alignment.msa
[00:00:00] Loaded alignment with 12 taxa and 261 sites

WARNING: Sequences 3_0_0 and 13_0_0 are exactly identical!
WARNING: Sequences 18_0_0 and 15_0_0 are exactly identical!
WARNING: Duplicate sequences found: 2

NOTE: Reduced alignment (with duplicates and gap-only sites/taxa removed) 
NOTE: was saved to: /home/fili/Documents/KIT/2023/BA/code/output/families/ssim_DL_s20_f100_sites200_GTR_bl1.0_d1.0_l1.0_t0.0_gc0.0_p0.0_pop10_ms0.0_mf0.0_seed14976684177860080345/families/family_091/misc/raxml_output.F81.raxml.reduced.phy

Alignment comprises 1 partitions and 32 patterns

Partition 0: noname
Model: F81+FO
Alignment sites / patterns: 261 / 32
Gaps: 0.00 %
Invariant sites: 80.84 %


NOTE: Binary MSA file created: /home/fili/Documents/KIT/2023/BA/code/output/families/ssim_DL_s20_f100_sites200_GTR_bl1.0_d1.0_l1.0_t0.0_gc0.0_p0.0_pop10_ms0.0_mf0.0_seed14976684177860080345/families/family_091/misc/raxml_output.F81.raxml.rba

Parallelization scheme autoconfig: 8 worker(s) x 1 thread(s)

Parallel reduction/worker buffer size: 1 KB  / 0 KB

[00:00:00] Generating 10 random starting tree(s) with 12 taxa
[00:00:00] Generating 10 parsimony starting tree(s) with 12 taxa
[00:00:00] Data distribution: max. partitions/sites/weight per thread: 1 / 32 / 128
[00:00:00] Data distribution: max. searches per worker: 3

Starting ML tree search with 20 distinct starting trees

[00:00:00 -1418.530929] Initial branch length optimization
[00:00:00 -1071.731519] Model parameter optimization (eps = 10.000000)
[00:00:00 -1050.294360] AUTODETECT spr round 1 (radius: 5)
[00:00:00 -668.664030] AUTODETECT spr round 2 (radius: 10)
[00:00:00 -668.664029] SPR radius for FAST iterations: 5 (autodetect)
[00:00:00 -668.664029] Model parameter optimization (eps = 3.000000)
[00:00:00 -664.954437] FAST spr round 1 (radius: 5)
[00:00:00 -661.404933] FAST spr round 2 (radius: 5)
[00:00:00 -661.404881] Model parameter optimization (eps = 1.000000)
[00:00:00 -661.384579] SLOW spr round 1 (radius: 5)
[00:00:00] [worker #3] ML tree search #4, logLikelihood: -661.384565
[00:00:00 -661.384565] SLOW spr round 2 (radius: 10)
[00:00:00] [worker #6] ML tree search #7, logLikelihood: -661.384564
[00:00:00 -661.384565] Model parameter optimization (eps = 0.100000)
[00:00:00] [worker #7] ML tree search #8, logLikelihood: -661.384564

[00:00:00] [worker #0] ML tree search #1, logLikelihood: -661.384564

[00:00:00] [worker #4] ML tree search #5, logLikelihood: -661.384565
[00:00:00] [worker #2] ML tree search #3, logLikelihood: -661.384567
[00:00:00] [worker #1] ML tree search #2, logLikelihood: -661.384566
[00:00:00] [worker #5] ML tree search #6, logLikelihood: -661.384565
[00:00:00 -1352.945543] Initial branch length optimization
[00:00:00 -1005.183135] Model parameter optimization (eps = 10.000000)
[00:00:00 -987.561676] AUTODETECT spr round 1 (radius: 5)
[00:00:00 -663.918347] AUTODETECT spr round 2 (radius: 10)
[00:00:00 -663.917303] SPR radius for FAST iterations: 5 (autodetect)
[00:00:00 -663.917303] Model parameter optimization (eps = 3.000000)
[00:00:00 -661.384637] FAST spr round 1 (radius: 5)
[00:00:00 -661.384614] Model parameter optimization (eps = 1.000000)
[00:00:00 -661.384597] SLOW spr round 1 (radius: 5)
[00:00:00] [worker #3] ML tree search #12, logLikelihood: -661.384564
[00:00:00] [worker #6] ML tree search #15, logLikelihood: -661.384564
[00:00:00 -661.384566] SLOW spr round 2 (radius: 10)
[00:00:00] [worker #7] ML tree search #16, logLikelihood: -661.384565
[00:00:00] [worker #2] ML tree search #11, logLikelihood: -661.384565
[00:00:00 -661.384566] Model parameter optimization (eps = 0.100000)

[00:00:00] [worker #0] ML tree search #9, logLikelihood: -661.384565

[00:00:00] [worker #5] ML tree search #14, logLikelihood: -661.384564
[00:00:00 -1092.620494] Initial branch length optimization
[00:00:00 -667.323128] Model parameter optimization (eps = 10.000000)
[00:00:00 -661.386668] AUTODETECT spr round 1 (radius: 5)
[00:00:00] [worker #4] ML tree search #13, logLikelihood: -661.384566
[00:00:00 -661.384719] SPR radius for FAST iterations: 5 (autodetect)
[00:00:00 -661.384719] Model parameter optimization (eps = 3.000000)
[00:00:00 -661.384597] FAST spr round 1 (radius: 5)
[00:00:00 -661.384595] Model parameter optimization (eps = 1.000000)
[00:00:00 -661.384595] SLOW spr round 1 (radius: 5)
[00:00:00] [worker #3] ML tree search #20, logLikelihood: -661.384564
[00:00:00] [worker #1] ML tree search #10, logLikelihood: -661.384574
[00:00:00 -661.384564] SLOW spr round 2 (radius: 10)
[00:00:00] [worker #2] ML tree search #19, logLikelihood: -661.384564
[00:00:00 -661.384564] Model parameter optimization (eps = 0.100000)

[00:00:00] [worker #0] ML tree search #17, logLikelihood: -661.384564

[00:00:00] [worker #1] ML tree search #18, logLikelihood: -661.384564

Optimized model parameters:

   Partition 0: noname
   Rate heterogeneity: NONE
   Base frequencies (ML): 0.275016 0.172763 0.292435 0.259786 
   Substitution rates (model): 1.000000 1.000000 1.000000 1.000000 1.000000 1.000000 


Final LogLikelihood: -661.384564

AIC score: 1370.769128 / AICc score: 1375.853874 / BIC score: 1456.317618
Free parameters (model + branch lengths): 24

WARNING: Best ML tree contains 3 near-zero branches!

Best ML tree with collapsed near-zero branches saved to: /home/fili/Documents/KIT/2023/BA/code/output/families/ssim_DL_s20_f100_sites200_GTR_bl1.0_d1.0_l1.0_t0.0_gc0.0_p0.0_pop10_ms0.0_mf0.0_seed14976684177860080345/families/family_091/misc/raxml_output.F81.raxml.bestTreeCollapsed
Best ML tree saved to: /home/fili/Documents/KIT/2023/BA/code/output/families/ssim_DL_s20_f100_sites200_GTR_bl1.0_d1.0_l1.0_t0.0_gc0.0_p0.0_pop10_ms0.0_mf0.0_seed14976684177860080345/families/family_091/misc/raxml_output.F81.raxml.bestTree
All ML trees saved to: /home/fili/Documents/KIT/2023/BA/code/output/families/ssim_DL_s20_f100_sites200_GTR_bl1.0_d1.0_l1.0_t0.0_gc0.0_p0.0_pop10_ms0.0_mf0.0_seed14976684177860080345/families/family_091/misc/raxml_output.F81.raxml.mlTrees
Optimized model saved to: /home/fili/Documents/KIT/2023/BA/code/output/families/ssim_DL_s20_f100_sites200_GTR_bl1.0_d1.0_l1.0_t0.0_gc0.0_p0.0_pop10_ms0.0_mf0.0_seed14976684177860080345/families/family_091/misc/raxml_output.F81.raxml.bestModel

Execution log saved to: /home/fili/Documents/KIT/2023/BA/code/output/families/ssim_DL_s20_f100_sites200_GTR_bl1.0_d1.0_l1.0_t0.0_gc0.0_p0.0_pop10_ms0.0_mf0.0_seed14976684177860080345/families/family_091/misc/raxml_output.F81.raxml.log

Analysis started: 27-Jun-2023 13:43:48 / finished: 27-Jun-2023 13:43:48

Elapsed time: 0.068 seconds

