
RAxML-NG v. 1.1.0 released on 29.11.2021 by The Exelixis Lab.
Developed by: Alexey M. Kozlov and Alexandros Stamatakis.
Contributors: Diego Darriba, Tomas Flouri, Benoit Morel, Sarah Lutteropp, Ben Bettisworth.
Latest version: https://github.com/amkozlov/raxml-ng
Questions/problems/suggestions? Please visit: https://groups.google.com/forum/#!forum/raxml

System: AMD Ryzen 7 5800X 8-Core Processor, 8 cores, 31 GB RAM

RAxML-NG was called at 27-Jun-2023 13:47:02 as follows:

/home/fili/Documents/KIT/2023/BA/resources/tools/RAxML-NG/raxml-ng --msa /home/fili/Documents/KIT/2023/BA/code/output/families/ssim_NE_s20_f100_sites200_GTR_bl1.0_d0.0_l0.0_t0.0_gc0.0_p0.0_pop10_ms0.0_mf0.0_seed121873/families/family_069/alignment.msa --model F81 --prefix /home/fili/Documents/KIT/2023/BA/code/output/families/ssim_NE_s20_f100_sites200_GTR_bl1.0_d0.0_l0.0_t0.0_gc0.0_p0.0_pop10_ms0.0_mf0.0_seed121873/families/family_069/misc/raxml_output.F81

Analysis options:
  run mode: ML tree search
  start tree(s): random (10) + parsimony (10)
  random seed: 1687866422
  tip-inner: OFF
  pattern compression: ON
  per-rate scalers: OFF
  site repeats: ON
  fast spr radius: AUTO
  spr subtree cutoff: 1.000000
  branch lengths: proportional (ML estimate, algorithm: NR-FAST)
  SIMD kernels: AVX2
  parallelization: coarse-grained (auto), PTHREADS (auto)

[00:00:00] Reading alignment from file: /home/fili/Documents/KIT/2023/BA/code/output/families/ssim_NE_s20_f100_sites200_GTR_bl1.0_d0.0_l0.0_t0.0_gc0.0_p0.0_pop10_ms0.0_mf0.0_seed121873/families/family_069/alignment.msa
[00:00:00] Loaded alignment with 20 taxa and 145 sites

WARNING: Sequences 12_0_0 and 2_0_0 are exactly identical!
WARNING: Sequences 13_0_0 and 19_0_0 are exactly identical!
WARNING: Duplicate sequences found: 2

NOTE: Reduced alignment (with duplicates and gap-only sites/taxa removed) 
NOTE: was saved to: /home/fili/Documents/KIT/2023/BA/code/output/families/ssim_NE_s20_f100_sites200_GTR_bl1.0_d0.0_l0.0_t0.0_gc0.0_p0.0_pop10_ms0.0_mf0.0_seed121873/families/family_069/misc/raxml_output.F81.raxml.reduced.phy

Alignment comprises 1 partitions and 73 patterns

Partition 0: noname
Model: F81+FO
Alignment sites / patterns: 145 / 73
Gaps: 0.00 %
Invariant sites: 47.59 %


NOTE: Binary MSA file created: /home/fili/Documents/KIT/2023/BA/code/output/families/ssim_NE_s20_f100_sites200_GTR_bl1.0_d0.0_l0.0_t0.0_gc0.0_p0.0_pop10_ms0.0_mf0.0_seed121873/families/family_069/misc/raxml_output.F81.raxml.rba

Parallelization scheme autoconfig: 8 worker(s) x 1 thread(s)

Parallel reduction/worker buffer size: 1 KB  / 0 KB

[00:00:00] Generating 10 random starting tree(s) with 20 taxa
[00:00:00] Generating 10 parsimony starting tree(s) with 20 taxa
[00:00:00] Data distribution: max. partitions/sites/weight per thread: 1 / 73 / 292
[00:00:00] Data distribution: max. searches per worker: 3

Starting ML tree search with 20 distinct starting trees

[00:00:00 -1871.043124] Initial branch length optimization
[00:00:00 -1640.122090] Model parameter optimization (eps = 10.000000)
[00:00:00 -1612.633865] AUTODETECT spr round 1 (radius: 5)
[00:00:00 -969.497502] AUTODETECT spr round 2 (radius: 10)
[00:00:00 -916.441988] AUTODETECT spr round 3 (radius: 15)
[00:00:00 -916.433971] SPR radius for FAST iterations: 10 (autodetect)
[00:00:00 -916.433971] Model parameter optimization (eps = 3.000000)
[00:00:00 -913.163540] FAST spr round 1 (radius: 10)
[00:00:00 -900.639743] FAST spr round 2 (radius: 10)
[00:00:00 -857.336656] FAST spr round 3 (radius: 10)
[00:00:00 -856.492933] FAST spr round 4 (radius: 10)
[00:00:00 -856.253479] FAST spr round 5 (radius: 10)
[00:00:00] [worker #3] ML tree search #4, logLikelihood: -856.201946
[00:00:00] [worker #1] ML tree search #2, logLikelihood: -856.157151
[00:00:00] [worker #4] ML tree search #5, logLikelihood: -856.201946
[00:00:00 -856.253467] Model parameter optimization (eps = 1.000000)
[00:00:00 -856.157195] SLOW spr round 1 (radius: 5)
[00:00:00] [worker #2] ML tree search #3, logLikelihood: -856.201947
[00:00:00] [worker #6] ML tree search #7, logLikelihood: -856.201946
[00:00:00 -856.157154] SLOW spr round 2 (radius: 10)
[00:00:00] [worker #7] ML tree search #8, logLikelihood: -856.201946
[00:00:00] [worker #5] ML tree search #6, logLikelihood: -856.202285
[00:00:00 -856.157154] SLOW spr round 3 (radius: 15)
[00:00:00 -856.157154] SLOW spr round 4 (radius: 20)
[00:00:00 -856.157154] Model parameter optimization (eps = 0.100000)

[00:00:00] [worker #0] ML tree search #1, logLikelihood: -856.157152

[00:00:00 -1753.736059] Initial branch length optimization
[00:00:00 -1510.909806] Model parameter optimization (eps = 10.000000)
[00:00:00] [worker #3] ML tree search #12, logLikelihood: -856.201948
[00:00:00] [worker #4] ML tree search #13, logLikelihood: -856.201946
[00:00:00 -1491.510898] AUTODETECT spr round 1 (radius: 5)
[00:00:00 -940.252994] AUTODETECT spr round 2 (radius: 10)
[00:00:00 -893.361118] AUTODETECT spr round 3 (radius: 15)
[00:00:00 -893.361116] SPR radius for FAST iterations: 10 (autodetect)
[00:00:00 -893.361116] Model parameter optimization (eps = 3.000000)
[00:00:00 -891.300064] FAST spr round 1 (radius: 10)
[00:00:00] [worker #2] ML tree search #11, logLikelihood: -856.157151
[00:00:00 -857.039667] FAST spr round 2 (radius: 10)
[00:00:00] [worker #6] ML tree search #15, logLikelihood: -856.201946
[00:00:00] [worker #1] ML tree search #10, logLikelihood: -856.201946
[00:00:00] [worker #7] ML tree search #16, logLikelihood: -856.201948
[00:00:00] [worker #5] ML tree search #14, logLikelihood: -856.157151
[00:00:00 -856.215470] FAST spr round 3 (radius: 10)
[00:00:00 -856.215470] Model parameter optimization (eps = 1.000000)
[00:00:00 -856.157192] SLOW spr round 1 (radius: 5)
[00:00:00] [worker #3] ML tree search #20, logLikelihood: -856.201946
[00:00:00 -856.157153] SLOW spr round 2 (radius: 10)
[00:00:00 -856.157153] SLOW spr round 3 (radius: 15)
[00:00:00 -856.157153] SLOW spr round 4 (radius: 20)
[00:00:00 -856.157153] Model parameter optimization (eps = 0.100000)

[00:00:00] [worker #0] ML tree search #9, logLikelihood: -856.157152

[00:00:00 -1153.540985] Initial branch length optimization
[00:00:00 -864.360837] Model parameter optimization (eps = 10.000000)
[00:00:00] [worker #1] ML tree search #18, logLikelihood: -856.201948
[00:00:00 -859.135433] AUTODETECT spr round 1 (radius: 5)
[00:00:00 -856.227335] AUTODETECT spr round 2 (radius: 10)
[00:00:00 -856.227310] SPR radius for FAST iterations: 5 (autodetect)
[00:00:00 -856.227310] Model parameter optimization (eps = 3.000000)
[00:00:00 -856.202295] FAST spr round 1 (radius: 5)
[00:00:00 -856.202015] Model parameter optimization (eps = 1.000000)
[00:00:00 -856.201948] SLOW spr round 1 (radius: 5)
[00:00:00] [worker #2] ML tree search #19, logLikelihood: -856.201946
[00:00:00 -856.201947] SLOW spr round 2 (radius: 10)
[00:00:00 -856.201947] SLOW spr round 3 (radius: 15)
[00:00:00 -856.201947] SLOW spr round 4 (radius: 20)
[00:00:00 -856.201947] Model parameter optimization (eps = 0.100000)

[00:00:00] [worker #0] ML tree search #17, logLikelihood: -856.201946


Optimized model parameters:

   Partition 0: noname
   Rate heterogeneity: NONE
   Base frequencies (ML): 0.278618 0.238726 0.302359 0.180298 
   Substitution rates (model): 1.000000 1.000000 1.000000 1.000000 1.000000 1.000000 


Final LogLikelihood: -856.157151

AIC score: 1792.314301 / AICc score: 1823.852763 / BIC score: 1911.383651
Free parameters (model + branch lengths): 40

WARNING: Best ML tree contains 2 near-zero branches!

Best ML tree with collapsed near-zero branches saved to: /home/fili/Documents/KIT/2023/BA/code/output/families/ssim_NE_s20_f100_sites200_GTR_bl1.0_d0.0_l0.0_t0.0_gc0.0_p0.0_pop10_ms0.0_mf0.0_seed121873/families/family_069/misc/raxml_output.F81.raxml.bestTreeCollapsed
Best ML tree saved to: /home/fili/Documents/KIT/2023/BA/code/output/families/ssim_NE_s20_f100_sites200_GTR_bl1.0_d0.0_l0.0_t0.0_gc0.0_p0.0_pop10_ms0.0_mf0.0_seed121873/families/family_069/misc/raxml_output.F81.raxml.bestTree
All ML trees saved to: /home/fili/Documents/KIT/2023/BA/code/output/families/ssim_NE_s20_f100_sites200_GTR_bl1.0_d0.0_l0.0_t0.0_gc0.0_p0.0_pop10_ms0.0_mf0.0_seed121873/families/family_069/misc/raxml_output.F81.raxml.mlTrees
Optimized model saved to: /home/fili/Documents/KIT/2023/BA/code/output/families/ssim_NE_s20_f100_sites200_GTR_bl1.0_d0.0_l0.0_t0.0_gc0.0_p0.0_pop10_ms0.0_mf0.0_seed121873/families/family_069/misc/raxml_output.F81.raxml.bestModel

Execution log saved to: /home/fili/Documents/KIT/2023/BA/code/output/families/ssim_NE_s20_f100_sites200_GTR_bl1.0_d0.0_l0.0_t0.0_gc0.0_p0.0_pop10_ms0.0_mf0.0_seed121873/families/family_069/misc/raxml_output.F81.raxml.log

Analysis started: 27-Jun-2023 13:47:02 / finished: 27-Jun-2023 13:47:02

Elapsed time: 0.195 seconds

