
RAxML-NG v. 1.1.0 released on 29.11.2021 by The Exelixis Lab.
Developed by: Alexey M. Kozlov and Alexandros Stamatakis.
Contributors: Diego Darriba, Tomas Flouri, Benoit Morel, Sarah Lutteropp, Ben Bettisworth.
Latest version: https://github.com/amkozlov/raxml-ng
Questions/problems/suggestions? Please visit: https://groups.google.com/forum/#!forum/raxml

System: AMD Ryzen 7 5800X 8-Core Processor, 8 cores, 31 GB RAM

RAxML-NG was called at 21-Jun-2023 14:53:25 as follows:

/home/fili/Documents/KIT/2023/BA/resources/tools/RAxML-NG/raxml-ng --msa /home/fili/Documents/KIT/2023/BA/code/output/families/ssim_NE_s20_f100_sites200_GTR_bl1.0_d0.0_l0.0_t0.0_gc0.0_p0.0_pop10_ms0.0_mf0.0_seed19732311/families/family_018/alignment.msa --model F81 --prefix /home/fili/Documents/KIT/2023/BA/code/output/families/ssim_NE_s20_f100_sites200_GTR_bl1.0_d0.0_l0.0_t0.0_gc0.0_p0.0_pop10_ms0.0_mf0.0_seed19732311/families/family_018/misc/raxml_output.F81

Analysis options:
  run mode: ML tree search
  start tree(s): random (10) + parsimony (10)
  random seed: 1687352005
  tip-inner: OFF
  pattern compression: ON
  per-rate scalers: OFF
  site repeats: ON
  fast spr radius: AUTO
  spr subtree cutoff: 1.000000
  branch lengths: proportional (ML estimate, algorithm: NR-FAST)
  SIMD kernels: AVX2
  parallelization: coarse-grained (auto), PTHREADS (auto)

[00:00:00] Reading alignment from file: /home/fili/Documents/KIT/2023/BA/code/output/families/ssim_NE_s20_f100_sites200_GTR_bl1.0_d0.0_l0.0_t0.0_gc0.0_p0.0_pop10_ms0.0_mf0.0_seed19732311/families/family_018/alignment.msa
[00:00:00] Loaded alignment with 20 taxa and 216 sites

Alignment comprises 1 partitions and 45 patterns

Partition 0: noname
Model: F81+FO
Alignment sites / patterns: 216 / 45
Gaps: 0.00 %
Invariant sites: 80.56 %


NOTE: Binary MSA file created: /home/fili/Documents/KIT/2023/BA/code/output/families/ssim_NE_s20_f100_sites200_GTR_bl1.0_d0.0_l0.0_t0.0_gc0.0_p0.0_pop10_ms0.0_mf0.0_seed19732311/families/family_018/misc/raxml_output.F81.raxml.rba

Parallelization scheme autoconfig: 8 worker(s) x 1 thread(s)

Parallel reduction/worker buffer size: 1 KB  / 0 KB

[00:00:00] Generating 10 random starting tree(s) with 20 taxa
[00:00:00] Generating 10 parsimony starting tree(s) with 20 taxa
[00:00:00] Data distribution: max. partitions/sites/weight per thread: 1 / 45 / 180
[00:00:00] Data distribution: max. searches per worker: 3

Starting ML tree search with 20 distinct starting trees

[00:00:00 -1900.784433] Initial branch length optimization
[00:00:00 -1574.918458] Model parameter optimization (eps = 10.000000)
[00:00:00 -1556.162639] AUTODETECT spr round 1 (radius: 5)
[00:00:00 -1103.154087] AUTODETECT spr round 2 (radius: 10)
[00:00:00 -1069.662225] AUTODETECT spr round 3 (radius: 15)
[00:00:00 -1069.661653] SPR radius for FAST iterations: 10 (autodetect)
[00:00:00 -1069.661653] Model parameter optimization (eps = 3.000000)
[00:00:00 -1069.504369] FAST spr round 1 (radius: 10)
[00:00:00 -1060.639707] FAST spr round 2 (radius: 10)
[00:00:00 -1060.639707] Model parameter optimization (eps = 1.000000)
[00:00:00 -1060.579174] SLOW spr round 1 (radius: 5)
[00:00:00 -1060.579164] SLOW spr round 2 (radius: 10)
[00:00:00 -1060.579164] SLOW spr round 3 (radius: 15)
[00:00:00] [worker #5] ML tree search #6, logLikelihood: -1060.579162
[00:00:00 -1060.579164] SLOW spr round 4 (radius: 20)
[00:00:00 -1060.579164] Model parameter optimization (eps = 0.100000)

[00:00:00] [worker #0] ML tree search #1, logLikelihood: -1060.579162

[00:00:00 -1930.947989] Initial branch length optimization
[00:00:00 -1633.766127] Model parameter optimization (eps = 10.000000)
[00:00:00] [worker #3] ML tree search #4, logLikelihood: -1066.267489
[00:00:00 -1607.712054] AUTODETECT spr round 1 (radius: 5)
[00:00:00] [worker #2] ML tree search #3, logLikelihood: -1061.879790
[00:00:00 -1076.126206] AUTODETECT spr round 2 (radius: 10)
[00:00:00] [worker #7] ML tree search #8, logLikelihood: -1066.267489
[00:00:00] [worker #1] ML tree search #2, logLikelihood: -1061.879789
[00:00:00] [worker #6] ML tree search #7, logLikelihood: -1061.879790
[00:00:00 -1076.106120] SPR radius for FAST iterations: 5 (autodetect)
[00:00:00 -1076.106120] Model parameter optimization (eps = 3.000000)
[00:00:00 -1075.483599] FAST spr round 1 (radius: 5)
[00:00:00] [worker #4] ML tree search #5, logLikelihood: -1060.237162
[00:00:00 -1066.737148] FAST spr round 2 (radius: 5)
[00:00:00 -1066.377461] FAST spr round 3 (radius: 5)
[00:00:00 -1066.377461] Model parameter optimization (eps = 1.000000)
[00:00:00 -1066.352604] SLOW spr round 1 (radius: 5)
[00:00:00 -1066.352604] SLOW spr round 2 (radius: 10)
[00:00:00] [worker #7] ML tree search #16, logLikelihood: -1060.579160
[00:00:00] [worker #5] ML tree search #14, logLikelihood: -1060.579160
[00:00:00 -1066.352604] SLOW spr round 3 (radius: 15)
[00:00:00 -1066.352604] SLOW spr round 4 (radius: 20)
[00:00:00 -1066.352604] Model parameter optimization (eps = 0.100000)

[00:00:00] [worker #0] ML tree search #9, logLikelihood: -1066.352604

[00:00:00 -1517.920672] Initial branch length optimization
[00:00:00 -1089.875779] Model parameter optimization (eps = 10.000000)
[00:00:00 -1076.291173] AUTODETECT spr round 1 (radius: 5)
[00:00:00] [worker #2] ML tree search #11, logLikelihood: -1060.579160
[00:00:00 -1067.831708] AUTODETECT spr round 2 (radius: 10)
[00:00:00 -1067.831297] SPR radius for FAST iterations: 5 (autodetect)
[00:00:00 -1067.831297] Model parameter optimization (eps = 3.000000)
[00:00:00 -1067.782702] FAST spr round 1 (radius: 5)
[00:00:00] [worker #1] ML tree search #10, logLikelihood: -1060.579162
[00:00:00 -1065.078262] FAST spr round 2 (radius: 5)
[00:00:00 -1060.601838] FAST spr round 3 (radius: 5)
[00:00:00 -1060.601833] Model parameter optimization (eps = 1.000000)
[00:00:00 -1060.579165] SLOW spr round 1 (radius: 5)
[00:00:00] [worker #6] ML tree search #15, logLikelihood: -1060.237159
[00:00:00 -1060.579162] SLOW spr round 2 (radius: 10)
[00:00:00] [worker #3] ML tree search #12, logLikelihood: -1060.237160
[00:00:00 -1060.579162] SLOW spr round 3 (radius: 15)
[00:00:00] [worker #2] ML tree search #19, logLikelihood: -1060.579163
[00:00:00 -1060.579162] SLOW spr round 4 (radius: 20)
[00:00:00 -1060.579162] Model parameter optimization (eps = 0.100000)

[00:00:00] [worker #0] ML tree search #17, logLikelihood: -1060.579161

[00:00:00] [worker #4] ML tree search #13, logLikelihood: -1066.267488
[00:00:00] [worker #1] ML tree search #18, logLikelihood: -1066.267487
[00:00:00] [worker #3] ML tree search #20, logLikelihood: -1066.267489

Optimized model parameters:

   Partition 0: noname
   Rate heterogeneity: NONE
   Base frequencies (ML): 0.234771 0.172987 0.376468 0.215774 
   Substitution rates (model): 1.000000 1.000000 1.000000 1.000000 1.000000 1.000000 


Final LogLikelihood: -1060.237159

AIC score: 2200.474318 / AICc score: 2219.217175 / BIC score: 2335.485454
Free parameters (model + branch lengths): 40

Best ML tree saved to: /home/fili/Documents/KIT/2023/BA/code/output/families/ssim_NE_s20_f100_sites200_GTR_bl1.0_d0.0_l0.0_t0.0_gc0.0_p0.0_pop10_ms0.0_mf0.0_seed19732311/families/family_018/misc/raxml_output.F81.raxml.bestTree
All ML trees saved to: /home/fili/Documents/KIT/2023/BA/code/output/families/ssim_NE_s20_f100_sites200_GTR_bl1.0_d0.0_l0.0_t0.0_gc0.0_p0.0_pop10_ms0.0_mf0.0_seed19732311/families/family_018/misc/raxml_output.F81.raxml.mlTrees
Optimized model saved to: /home/fili/Documents/KIT/2023/BA/code/output/families/ssim_NE_s20_f100_sites200_GTR_bl1.0_d0.0_l0.0_t0.0_gc0.0_p0.0_pop10_ms0.0_mf0.0_seed19732311/families/family_018/misc/raxml_output.F81.raxml.bestModel

Execution log saved to: /home/fili/Documents/KIT/2023/BA/code/output/families/ssim_NE_s20_f100_sites200_GTR_bl1.0_d0.0_l0.0_t0.0_gc0.0_p0.0_pop10_ms0.0_mf0.0_seed19732311/families/family_018/misc/raxml_output.F81.raxml.log

Analysis started: 21-Jun-2023 14:53:25 / finished: 21-Jun-2023 14:53:25

Elapsed time: 0.195 seconds

