
RAxML-NG v. 1.1.0 released on 29.11.2021 by The Exelixis Lab.
Developed by: Alexey M. Kozlov and Alexandros Stamatakis.
Contributors: Diego Darriba, Tomas Flouri, Benoit Morel, Sarah Lutteropp, Ben Bettisworth.
Latest version: https://github.com/amkozlov/raxml-ng
Questions/problems/suggestions? Please visit: https://groups.google.com/forum/#!forum/raxml

System: AMD Ryzen 7 5800X 8-Core Processor, 8 cores, 31 GB RAM

RAxML-NG was called at 27-Jun-2023 13:01:46 as follows:

/home/fili/Documents/KIT/2023/BA/resources/tools/RAxML-NG/raxml-ng --msa /home/fili/Documents/KIT/2023/BA/code/output/families/ssim_DL_s20_f100_sites200_GTR_bl1.0_d1.0_l1.0_t0.0_gc0.0_p0.0_pop10_ms0.0_mf0.0_seed1007/families/family_072/alignment.msa --model F81 --prefix /home/fili/Documents/KIT/2023/BA/code/output/families/ssim_DL_s20_f100_sites200_GTR_bl1.0_d1.0_l1.0_t0.0_gc0.0_p0.0_pop10_ms0.0_mf0.0_seed1007/families/family_072/misc/raxml_output.F81

Analysis options:
  run mode: ML tree search
  start tree(s): random (10) + parsimony (10)
  random seed: 1687863706
  tip-inner: OFF
  pattern compression: ON
  per-rate scalers: OFF
  site repeats: ON
  fast spr radius: AUTO
  spr subtree cutoff: 1.000000
  branch lengths: proportional (ML estimate, algorithm: NR-FAST)
  SIMD kernels: AVX2
  parallelization: coarse-grained (auto), PTHREADS (auto)

[00:00:00] Reading alignment from file: /home/fili/Documents/KIT/2023/BA/code/output/families/ssim_DL_s20_f100_sites200_GTR_bl1.0_d1.0_l1.0_t0.0_gc0.0_p0.0_pop10_ms0.0_mf0.0_seed1007/families/family_072/alignment.msa
[00:00:00] Loaded alignment with 24 taxa and 159 sites

WARNING: Sequences 19_0_0 and 12_0_0 are exactly identical!
WARNING: Sequences 19_0_0 and 20_0_0 are exactly identical!
WARNING: Duplicate sequences found: 2

NOTE: Reduced alignment (with duplicates and gap-only sites/taxa removed) 
NOTE: was saved to: /home/fili/Documents/KIT/2023/BA/code/output/families/ssim_DL_s20_f100_sites200_GTR_bl1.0_d1.0_l1.0_t0.0_gc0.0_p0.0_pop10_ms0.0_mf0.0_seed1007/families/family_072/misc/raxml_output.F81.raxml.reduced.phy

Alignment comprises 1 partitions and 76 patterns

Partition 0: noname
Model: F81+FO
Alignment sites / patterns: 159 / 76
Gaps: 0.00 %
Invariant sites: 50.94 %


NOTE: Binary MSA file created: /home/fili/Documents/KIT/2023/BA/code/output/families/ssim_DL_s20_f100_sites200_GTR_bl1.0_d1.0_l1.0_t0.0_gc0.0_p0.0_pop10_ms0.0_mf0.0_seed1007/families/family_072/misc/raxml_output.F81.raxml.rba

Parallelization scheme autoconfig: 8 worker(s) x 1 thread(s)

Parallel reduction/worker buffer size: 1 KB  / 0 KB

[00:00:00] Generating 10 random starting tree(s) with 24 taxa
[00:00:00] Generating 10 parsimony starting tree(s) with 24 taxa
[00:00:00] Data distribution: max. partitions/sites/weight per thread: 1 / 76 / 304
[00:00:00] Data distribution: max. searches per worker: 3

Starting ML tree search with 20 distinct starting trees

[00:00:00 -2079.305032] Initial branch length optimization
[00:00:00 -1799.270670] Model parameter optimization (eps = 10.000000)
[00:00:00 -1719.390803] AUTODETECT spr round 1 (radius: 5)
[00:00:00 -1079.845283] AUTODETECT spr round 2 (radius: 10)
[00:00:00 -1058.412069] AUTODETECT spr round 3 (radius: 15)
[00:00:00 -1058.412069] SPR radius for FAST iterations: 10 (autodetect)
[00:00:00 -1058.412069] Model parameter optimization (eps = 3.000000)
[00:00:00 -1052.865248] FAST spr round 1 (radius: 10)
[00:00:00 -1035.371937] FAST spr round 2 (radius: 10)
[00:00:00 -1027.281116] FAST spr round 3 (radius: 10)
[00:00:00 -1027.281116] Model parameter optimization (eps = 1.000000)
[00:00:00 -1027.089390] SLOW spr round 1 (radius: 5)
[00:00:00 -1027.089147] SLOW spr round 2 (radius: 10)
[00:00:00] [worker #7] ML tree search #8, logLikelihood: -1026.060809
[00:00:00] [worker #4] ML tree search #5, logLikelihood: -1024.098926
[00:00:00 -1027.089147] SLOW spr round 3 (radius: 15)
[00:00:00 -1027.089147] SLOW spr round 4 (radius: 20)
[00:00:00 -1027.089147] Model parameter optimization (eps = 0.100000)
[00:00:00] [worker #1] ML tree search #2, logLikelihood: -1026.060955

[00:00:00] [worker #0] ML tree search #1, logLikelihood: -1027.089118

[00:00:00] [worker #3] ML tree search #4, logLikelihood: -1026.060808
[00:00:00 -2182.000103] Initial branch length optimization
[00:00:00 -1909.290703] Model parameter optimization (eps = 10.000000)
[00:00:00] [worker #5] ML tree search #6, logLikelihood: -1024.098925
[00:00:00 -1827.294862] AUTODETECT spr round 1 (radius: 5)
[00:00:00] [worker #6] ML tree search #7, logLikelihood: -1026.060955
[00:00:00 -1072.933027] AUTODETECT spr round 2 (radius: 10)
[00:00:00 -1058.932614] AUTODETECT spr round 3 (radius: 15)
[00:00:00] [worker #2] ML tree search #3, logLikelihood: -1026.060807
[00:00:00 -1058.932565] SPR radius for FAST iterations: 10 (autodetect)
[00:00:00 -1058.932565] Model parameter optimization (eps = 3.000000)
[00:00:00 -1052.920401] FAST spr round 1 (radius: 10)
[00:00:00 -1035.615240] FAST spr round 2 (radius: 10)
[00:00:00 -1024.176939] FAST spr round 3 (radius: 10)
[00:00:00 -1024.176939] Model parameter optimization (eps = 1.000000)
[00:00:00 -1024.098941] SLOW spr round 1 (radius: 5)
[00:00:00] [worker #4] ML tree search #13, logLikelihood: -1027.089117
[00:00:00] [worker #7] ML tree search #16, logLikelihood: -1024.098927
[00:00:00 -1024.098927] SLOW spr round 2 (radius: 10)
[00:00:00] [worker #6] ML tree search #15, logLikelihood: -1024.098924
[00:00:00 -1024.098927] SLOW spr round 3 (radius: 15)
[00:00:00] [worker #5] ML tree search #14, logLikelihood: -1026.060808
[00:00:00 -1024.098927] SLOW spr round 4 (radius: 20)
[00:00:00 -1024.098927] Model parameter optimization (eps = 0.100000)
[00:00:00] [worker #3] ML tree search #12, logLikelihood: -1026.060811

[00:00:00] [worker #0] ML tree search #9, logLikelihood: -1024.098925

[00:00:00] [worker #1] ML tree search #10, logLikelihood: -1024.098926
[00:00:00] [worker #2] ML tree search #11, logLikelihood: -1024.098926
[00:00:00 -1447.599944] Initial branch length optimization
[00:00:00 -1058.862428] Model parameter optimization (eps = 10.000000)
[00:00:00 -1032.013565] AUTODETECT spr round 1 (radius: 5)
[00:00:00 -1025.704135] AUTODETECT spr round 2 (radius: 10)
[00:00:00 -1025.704058] SPR radius for FAST iterations: 5 (autodetect)
[00:00:00 -1025.704058] Model parameter optimization (eps = 3.000000)
[00:00:00 -1025.661500] FAST spr round 1 (radius: 5)
[00:00:00 -1025.478459] FAST spr round 2 (radius: 5)
[00:00:00 -1024.151005] FAST spr round 3 (radius: 5)
[00:00:00 -1024.151005] Model parameter optimization (eps = 1.000000)
[00:00:00 -1024.098979] SLOW spr round 1 (radius: 5)
[00:00:00 -1024.098935] SLOW spr round 2 (radius: 10)
[00:00:00 -1024.098935] SLOW spr round 3 (radius: 15)
[00:00:00 -1024.098935] SLOW spr round 4 (radius: 20)
[00:00:00 -1024.098935] Model parameter optimization (eps = 0.100000)
[00:00:00] [worker #2] ML tree search #19, logLikelihood: -1024.098925

[00:00:00] [worker #0] ML tree search #17, logLikelihood: -1024.098925

[00:00:00] [worker #1] ML tree search #18, logLikelihood: -1026.060812
[00:00:00] [worker #3] ML tree search #20, logLikelihood: -1026.060811

Optimized model parameters:

   Partition 0: noname
   Rate heterogeneity: NONE
   Base frequencies (ML): 0.314591 0.103228 0.344066 0.238115 
   Substitution rates (model): 1.000000 1.000000 1.000000 1.000000 1.000000 1.000000 


Final LogLikelihood: -1024.098924

AIC score: 2144.197848 / AICc score: 2186.961485 / BIC score: 2291.505250
Free parameters (model + branch lengths): 48

WARNING: Best ML tree contains 3 near-zero branches!

Best ML tree with collapsed near-zero branches saved to: /home/fili/Documents/KIT/2023/BA/code/output/families/ssim_DL_s20_f100_sites200_GTR_bl1.0_d1.0_l1.0_t0.0_gc0.0_p0.0_pop10_ms0.0_mf0.0_seed1007/families/family_072/misc/raxml_output.F81.raxml.bestTreeCollapsed
Best ML tree saved to: /home/fili/Documents/KIT/2023/BA/code/output/families/ssim_DL_s20_f100_sites200_GTR_bl1.0_d1.0_l1.0_t0.0_gc0.0_p0.0_pop10_ms0.0_mf0.0_seed1007/families/family_072/misc/raxml_output.F81.raxml.bestTree
All ML trees saved to: /home/fili/Documents/KIT/2023/BA/code/output/families/ssim_DL_s20_f100_sites200_GTR_bl1.0_d1.0_l1.0_t0.0_gc0.0_p0.0_pop10_ms0.0_mf0.0_seed1007/families/family_072/misc/raxml_output.F81.raxml.mlTrees
Optimized model saved to: /home/fili/Documents/KIT/2023/BA/code/output/families/ssim_DL_s20_f100_sites200_GTR_bl1.0_d1.0_l1.0_t0.0_gc0.0_p0.0_pop10_ms0.0_mf0.0_seed1007/families/family_072/misc/raxml_output.F81.raxml.bestModel

Execution log saved to: /home/fili/Documents/KIT/2023/BA/code/output/families/ssim_DL_s20_f100_sites200_GTR_bl1.0_d1.0_l1.0_t0.0_gc0.0_p0.0_pop10_ms0.0_mf0.0_seed1007/families/family_072/misc/raxml_output.F81.raxml.log

Analysis started: 27-Jun-2023 13:01:46 / finished: 27-Jun-2023 13:01:46

Elapsed time: 0.271 seconds

