
RAxML-NG v. 1.1.0 released on 29.11.2021 by The Exelixis Lab.
Developed by: Alexey M. Kozlov and Alexandros Stamatakis.
Contributors: Diego Darriba, Tomas Flouri, Benoit Morel, Sarah Lutteropp, Ben Bettisworth.
Latest version: https://github.com/amkozlov/raxml-ng
Questions/problems/suggestions? Please visit: https://groups.google.com/forum/#!forum/raxml

System: AMD Ryzen 7 5800X 8-Core Processor, 8 cores, 31 GB RAM

RAxML-NG was called at 13-Jun-2023 16:03:06 as follows:

/home/fili/Documents/KIT/2023/BA/resources/tools/RAxML-NG/raxml-ng --msa /home/fili/Documents/KIT/2023/BA/code/output/families/ssim_DL_s20_f100_sites200_GTR_bl1.0_d1.0_l1.0_t0.0_gc0.0_p0.0_pop10_ms0.0_mf0.0_seed42/families/family_082/alignment.msa --model F81 --prefix /home/fili/Documents/KIT/2023/BA/code/output/families/ssim_DL_s20_f100_sites200_GTR_bl1.0_d1.0_l1.0_t0.0_gc0.0_p0.0_pop10_ms0.0_mf0.0_seed42/families/family_082/misc/raxml_output.F81

Analysis options:
  run mode: ML tree search
  start tree(s): random (10) + parsimony (10)
  random seed: 1686664986
  tip-inner: OFF
  pattern compression: ON
  per-rate scalers: OFF
  site repeats: ON
  fast spr radius: AUTO
  spr subtree cutoff: 1.000000
  branch lengths: proportional (ML estimate, algorithm: NR-FAST)
  SIMD kernels: AVX2
  parallelization: coarse-grained (auto), PTHREADS (auto)

[00:00:00] Reading alignment from file: /home/fili/Documents/KIT/2023/BA/code/output/families/ssim_DL_s20_f100_sites200_GTR_bl1.0_d1.0_l1.0_t0.0_gc0.0_p0.0_pop10_ms0.0_mf0.0_seed42/families/family_082/alignment.msa
[00:00:00] Loaded alignment with 11 taxa and 189 sites

WARNING: Sequences 13_0_0 and 9_0_0 are exactly identical!
WARNING: Duplicate sequences found: 1

NOTE: Reduced alignment (with duplicates and gap-only sites/taxa removed) 
NOTE: was saved to: /home/fili/Documents/KIT/2023/BA/code/output/families/ssim_DL_s20_f100_sites200_GTR_bl1.0_d1.0_l1.0_t0.0_gc0.0_p0.0_pop10_ms0.0_mf0.0_seed42/families/family_082/misc/raxml_output.F81.raxml.reduced.phy

Alignment comprises 1 partitions and 67 patterns

Partition 0: noname
Model: F81+FO
Alignment sites / patterns: 189 / 67
Gaps: 0.00 %
Invariant sites: 51.85 %


NOTE: Binary MSA file created: /home/fili/Documents/KIT/2023/BA/code/output/families/ssim_DL_s20_f100_sites200_GTR_bl1.0_d1.0_l1.0_t0.0_gc0.0_p0.0_pop10_ms0.0_mf0.0_seed42/families/family_082/misc/raxml_output.F81.raxml.rba

Parallelization scheme autoconfig: 8 worker(s) x 1 thread(s)

Parallel reduction/worker buffer size: 1 KB  / 0 KB

[00:00:00] Generating 10 random starting tree(s) with 11 taxa
[00:00:00] Generating 10 parsimony starting tree(s) with 11 taxa
[00:00:00] Data distribution: max. partitions/sites/weight per thread: 1 / 67 / 268
[00:00:00] Data distribution: max. searches per worker: 3

Starting ML tree search with 20 distinct starting trees

[00:00:00 -1431.485742] Initial branch length optimization
[00:00:00 -1252.191196] Model parameter optimization (eps = 10.000000)
[00:00:00 -1244.165591] AUTODETECT spr round 1 (radius: 5)
[00:00:00 -874.703008] AUTODETECT spr round 2 (radius: 10)
[00:00:00 -874.702926] SPR radius for FAST iterations: 5 (autodetect)
[00:00:00 -874.702926] Model parameter optimization (eps = 3.000000)
[00:00:00 -873.095583] FAST spr round 1 (radius: 5)
[00:00:00 -868.663184] FAST spr round 2 (radius: 5)
[00:00:00 -868.662686] Model parameter optimization (eps = 1.000000)
[00:00:00 -868.632560] SLOW spr round 1 (radius: 5)
[00:00:00] [worker #4] ML tree search #5, logLikelihood: -868.632520
[00:00:00] [worker #3] ML tree search #4, logLikelihood: -868.632519
[00:00:00] [worker #5] ML tree search #6, logLikelihood: -868.632518
[00:00:00 -868.632527] SLOW spr round 2 (radius: 10)
[00:00:00 -868.632525] Model parameter optimization (eps = 0.100000)
[00:00:00] [worker #1] ML tree search #2, logLikelihood: -868.632520
[00:00:00] [worker #2] ML tree search #3, logLikelihood: -868.632518

[00:00:00] [worker #0] ML tree search #1, logLikelihood: -868.632518

[00:00:00] [worker #6] ML tree search #7, logLikelihood: -868.632518
[00:00:00] [worker #7] ML tree search #8, logLikelihood: -868.632519
[00:00:00 -1408.139433] Initial branch length optimization
[00:00:00 -1267.928682] Model parameter optimization (eps = 10.000000)
[00:00:00 -1258.761937] AUTODETECT spr round 1 (radius: 5)
[00:00:00 -869.274937] AUTODETECT spr round 2 (radius: 10)
[00:00:00 -869.274882] SPR radius for FAST iterations: 5 (autodetect)
[00:00:00 -869.274882] Model parameter optimization (eps = 3.000000)
[00:00:00 -868.634095] FAST spr round 1 (radius: 5)
[00:00:00 -868.632806] Model parameter optimization (eps = 1.000000)
[00:00:00 -868.632529] SLOW spr round 1 (radius: 5)
[00:00:00] [worker #4] ML tree search #13, logLikelihood: -868.632519
[00:00:00] [worker #3] ML tree search #12, logLikelihood: -868.632519
[00:00:00] [worker #5] ML tree search #14, logLikelihood: -868.632518
[00:00:00] [worker #2] ML tree search #11, logLikelihood: -868.632518
[00:00:00 -868.632521] SLOW spr round 2 (radius: 10)
[00:00:00 -868.632520] Model parameter optimization (eps = 0.100000)

[00:00:00] [worker #0] ML tree search #9, logLikelihood: -868.632520

[00:00:00] [worker #6] ML tree search #15, logLikelihood: -868.632519
[00:00:00 -1037.996418] Initial branch length optimization
[00:00:00 -873.953592] Model parameter optimization (eps = 10.000000)
[00:00:00 -869.751751] AUTODETECT spr round 1 (radius: 5)
[00:00:00 -868.647617] AUTODETECT spr round 2 (radius: 10)
[00:00:00 -868.647600] SPR radius for FAST iterations: 5 (autodetect)
[00:00:00 -868.647600] Model parameter optimization (eps = 3.000000)
[00:00:00 -868.632542] FAST spr round 1 (radius: 5)
[00:00:00 -868.632525] Model parameter optimization (eps = 1.000000)
[00:00:00 -868.632520] SLOW spr round 1 (radius: 5)
[00:00:00] [worker #7] ML tree search #16, logLikelihood: -868.632518
[00:00:00] [worker #3] ML tree search #20, logLikelihood: -868.632518
[00:00:00] [worker #1] ML tree search #10, logLikelihood: -868.632519
[00:00:00] [worker #2] ML tree search #19, logLikelihood: -868.632519
[00:00:00 -868.632520] SLOW spr round 2 (radius: 10)
[00:00:00 -868.632520] Model parameter optimization (eps = 0.100000)

[00:00:00] [worker #0] ML tree search #17, logLikelihood: -868.632519

[00:00:00] [worker #1] ML tree search #18, logLikelihood: -868.632519

Optimized model parameters:

   Partition 0: noname
   Rate heterogeneity: NONE
   Base frequencies (ML): 0.296320 0.199251 0.274772 0.229657 
   Substitution rates (model): 1.000000 1.000000 1.000000 1.000000 1.000000 1.000000 


Final LogLikelihood: -868.632518

AIC score: 1781.265036 / AICc score: 1787.361422 / BIC score: 1852.583470
Free parameters (model + branch lengths): 22

Best ML tree saved to: /home/fili/Documents/KIT/2023/BA/code/output/families/ssim_DL_s20_f100_sites200_GTR_bl1.0_d1.0_l1.0_t0.0_gc0.0_p0.0_pop10_ms0.0_mf0.0_seed42/families/family_082/misc/raxml_output.F81.raxml.bestTree
All ML trees saved to: /home/fili/Documents/KIT/2023/BA/code/output/families/ssim_DL_s20_f100_sites200_GTR_bl1.0_d1.0_l1.0_t0.0_gc0.0_p0.0_pop10_ms0.0_mf0.0_seed42/families/family_082/misc/raxml_output.F81.raxml.mlTrees
Optimized model saved to: /home/fili/Documents/KIT/2023/BA/code/output/families/ssim_DL_s20_f100_sites200_GTR_bl1.0_d1.0_l1.0_t0.0_gc0.0_p0.0_pop10_ms0.0_mf0.0_seed42/families/family_082/misc/raxml_output.F81.raxml.bestModel

Execution log saved to: /home/fili/Documents/KIT/2023/BA/code/output/families/ssim_DL_s20_f100_sites200_GTR_bl1.0_d1.0_l1.0_t0.0_gc0.0_p0.0_pop10_ms0.0_mf0.0_seed42/families/family_082/misc/raxml_output.F81.raxml.log

Analysis started: 13-Jun-2023 16:03:06 / finished: 13-Jun-2023 16:03:07

Elapsed time: 0.092 seconds

