
RAxML-NG v. 1.1.0 released on 29.11.2021 by The Exelixis Lab.
Developed by: Alexey M. Kozlov and Alexandros Stamatakis.
Contributors: Diego Darriba, Tomas Flouri, Benoit Morel, Sarah Lutteropp, Ben Bettisworth.
Latest version: https://github.com/amkozlov/raxml-ng
Questions/problems/suggestions? Please visit: https://groups.google.com/forum/#!forum/raxml

System: AMD Ryzen 7 5800X 8-Core Processor, 8 cores, 31 GB RAM

RAxML-NG was called at 21-Jun-2023 14:53:24 as follows:

/home/fili/Documents/KIT/2023/BA/resources/tools/RAxML-NG/raxml-ng --msa /home/fili/Documents/KIT/2023/BA/code/output/families/ssim_NE_s20_f100_sites200_GTR_bl1.0_d0.0_l0.0_t0.0_gc0.0_p0.0_pop10_ms0.0_mf0.0_seed19732311/families/family_082/alignment.msa --model F81 --prefix /home/fili/Documents/KIT/2023/BA/code/output/families/ssim_NE_s20_f100_sites200_GTR_bl1.0_d0.0_l0.0_t0.0_gc0.0_p0.0_pop10_ms0.0_mf0.0_seed19732311/families/family_082/misc/raxml_output.F81

Analysis options:
  run mode: ML tree search
  start tree(s): random (10) + parsimony (10)
  random seed: 1687352004
  tip-inner: OFF
  pattern compression: ON
  per-rate scalers: OFF
  site repeats: ON
  fast spr radius: AUTO
  spr subtree cutoff: 1.000000
  branch lengths: proportional (ML estimate, algorithm: NR-FAST)
  SIMD kernels: AVX2
  parallelization: coarse-grained (auto), PTHREADS (auto)

[00:00:00] Reading alignment from file: /home/fili/Documents/KIT/2023/BA/code/output/families/ssim_NE_s20_f100_sites200_GTR_bl1.0_d0.0_l0.0_t0.0_gc0.0_p0.0_pop10_ms0.0_mf0.0_seed19732311/families/family_082/alignment.msa
[00:00:00] Loaded alignment with 20 taxa and 165 sites

Alignment comprises 1 partitions and 54 patterns

Partition 0: noname
Model: F81+FO
Alignment sites / patterns: 165 / 54
Gaps: 0.00 %
Invariant sites: 68.48 %


NOTE: Binary MSA file created: /home/fili/Documents/KIT/2023/BA/code/output/families/ssim_NE_s20_f100_sites200_GTR_bl1.0_d0.0_l0.0_t0.0_gc0.0_p0.0_pop10_ms0.0_mf0.0_seed19732311/families/family_082/misc/raxml_output.F81.raxml.rba

Parallelization scheme autoconfig: 8 worker(s) x 1 thread(s)

Parallel reduction/worker buffer size: 1 KB  / 0 KB

[00:00:00] Generating 10 random starting tree(s) with 20 taxa
[00:00:00] Generating 10 parsimony starting tree(s) with 20 taxa
[00:00:00] Data distribution: max. partitions/sites/weight per thread: 1 / 54 / 216
[00:00:00] Data distribution: max. searches per worker: 3

Starting ML tree search with 20 distinct starting trees

[00:00:00 -1780.255831] Initial branch length optimization
[00:00:00 -1577.386771] Model parameter optimization (eps = 10.000000)
[00:00:00 -1541.633999] AUTODETECT spr round 1 (radius: 5)
[00:00:00 -1031.581961] AUTODETECT spr round 2 (radius: 10)
[00:00:00 -965.538040] AUTODETECT spr round 3 (radius: 15)
[00:00:00 -965.536690] SPR radius for FAST iterations: 10 (autodetect)
[00:00:00 -965.536690] Model parameter optimization (eps = 3.000000)
[00:00:00 -963.878123] FAST spr round 1 (radius: 10)
[00:00:00 -949.794495] FAST spr round 2 (radius: 10)
[00:00:00 -948.328670] FAST spr round 3 (radius: 10)
[00:00:00 -948.328647] Model parameter optimization (eps = 1.000000)
[00:00:00 -948.109693] SLOW spr round 1 (radius: 5)
[00:00:00 -948.109512] SLOW spr round 2 (radius: 10)
[00:00:00] [worker #7] ML tree search #8, logLikelihood: -948.109399
[00:00:00] [worker #3] ML tree search #4, logLikelihood: -948.109398
[00:00:00 -948.109512] SLOW spr round 3 (radius: 15)
[00:00:00] [worker #6] ML tree search #7, logLikelihood: -948.109398
[00:00:00] [worker #4] ML tree search #5, logLikelihood: -948.109399
[00:00:00] [worker #1] ML tree search #2, logLikelihood: -948.109400
[00:00:00 -948.109512] SLOW spr round 4 (radius: 20)
[00:00:00 -948.109512] Model parameter optimization (eps = 0.100000)

[00:00:00] [worker #0] ML tree search #1, logLikelihood: -948.109399

[00:00:00] [worker #5] ML tree search #6, logLikelihood: -948.448561
[00:00:00 -1902.478859] Initial branch length optimization
[00:00:00 -1678.686452] Model parameter optimization (eps = 10.000000)
[00:00:00 -1638.945810] AUTODETECT spr round 1 (radius: 5)
[00:00:00 -972.459554] AUTODETECT spr round 2 (radius: 10)
[00:00:00] [worker #2] ML tree search #3, logLikelihood: -948.448561
[00:00:00 -972.459206] SPR radius for FAST iterations: 5 (autodetect)
[00:00:00 -972.459206] Model parameter optimization (eps = 3.000000)
[00:00:00 -971.872314] FAST spr round 1 (radius: 5)
[00:00:00 -948.472092] FAST spr round 2 (radius: 5)
[00:00:00 -948.472092] Model parameter optimization (eps = 1.000000)
[00:00:00 -948.448569] SLOW spr round 1 (radius: 5)
[00:00:00] [worker #7] ML tree search #16, logLikelihood: -948.109398
[00:00:00] [worker #3] ML tree search #12, logLikelihood: -948.109398
[00:00:00] [worker #6] ML tree search #15, logLikelihood: -948.109398
[00:00:00 -948.448566] SLOW spr round 2 (radius: 10)
[00:00:00] [worker #4] ML tree search #13, logLikelihood: -948.448561
[00:00:00 -948.448566] SLOW spr round 3 (radius: 15)
[00:00:00 -948.448566] SLOW spr round 4 (radius: 20)
[00:00:00 -948.448566] Model parameter optimization (eps = 0.100000)

[00:00:00] [worker #0] ML tree search #9, logLikelihood: -948.448560

[00:00:00] [worker #5] ML tree search #14, logLikelihood: -948.109399
[00:00:00 -1285.645953] Initial branch length optimization
[00:00:00 -991.759865] Model parameter optimization (eps = 10.000000)
[00:00:00 -970.994769] AUTODETECT spr round 1 (radius: 5)
[00:00:00 -951.407935] AUTODETECT spr round 2 (radius: 10)
[00:00:00 -951.407931] SPR radius for FAST iterations: 5 (autodetect)
[00:00:00 -951.407931] Model parameter optimization (eps = 3.000000)
[00:00:00 -951.181211] FAST spr round 1 (radius: 5)
[00:00:00] [worker #1] ML tree search #10, logLikelihood: -948.109400
[00:00:00] [worker #2] ML tree search #11, logLikelihood: -948.448560
[00:00:00 -949.190919] FAST spr round 2 (radius: 5)
[00:00:00 -948.464275] FAST spr round 3 (radius: 5)
[00:00:00 -948.464275] Model parameter optimization (eps = 1.000000)
[00:00:00 -948.448570] SLOW spr round 1 (radius: 5)
[00:00:00] [worker #3] ML tree search #20, logLikelihood: -948.448562
[00:00:00 -948.448563] SLOW spr round 2 (radius: 10)
[00:00:00] [worker #1] ML tree search #18, logLikelihood: -952.860719
[00:00:00 -948.448563] SLOW spr round 3 (radius: 15)
[00:00:00 -948.448563] SLOW spr round 4 (radius: 20)
[00:00:00] [worker #2] ML tree search #19, logLikelihood: -952.860719
[00:00:00 -948.448563] Model parameter optimization (eps = 0.100000)

[00:00:00] [worker #0] ML tree search #17, logLikelihood: -948.448562


Optimized model parameters:

   Partition 0: noname
   Rate heterogeneity: NONE
   Base frequencies (ML): 0.317198 0.174358 0.353521 0.154923 
   Substitution rates (model): 1.000000 1.000000 1.000000 1.000000 1.000000 1.000000 


Final LogLikelihood: -948.109398

AIC score: 1976.218796 / AICc score: 2002.670409 / BIC score: 2100.456615
Free parameters (model + branch lengths): 40

WARNING: Best ML tree contains 1 near-zero branches!

Best ML tree with collapsed near-zero branches saved to: /home/fili/Documents/KIT/2023/BA/code/output/families/ssim_NE_s20_f100_sites200_GTR_bl1.0_d0.0_l0.0_t0.0_gc0.0_p0.0_pop10_ms0.0_mf0.0_seed19732311/families/family_082/misc/raxml_output.F81.raxml.bestTreeCollapsed
Best ML tree saved to: /home/fili/Documents/KIT/2023/BA/code/output/families/ssim_NE_s20_f100_sites200_GTR_bl1.0_d0.0_l0.0_t0.0_gc0.0_p0.0_pop10_ms0.0_mf0.0_seed19732311/families/family_082/misc/raxml_output.F81.raxml.bestTree
All ML trees saved to: /home/fili/Documents/KIT/2023/BA/code/output/families/ssim_NE_s20_f100_sites200_GTR_bl1.0_d0.0_l0.0_t0.0_gc0.0_p0.0_pop10_ms0.0_mf0.0_seed19732311/families/family_082/misc/raxml_output.F81.raxml.mlTrees
Optimized model saved to: /home/fili/Documents/KIT/2023/BA/code/output/families/ssim_NE_s20_f100_sites200_GTR_bl1.0_d0.0_l0.0_t0.0_gc0.0_p0.0_pop10_ms0.0_mf0.0_seed19732311/families/family_082/misc/raxml_output.F81.raxml.bestModel

Execution log saved to: /home/fili/Documents/KIT/2023/BA/code/output/families/ssim_NE_s20_f100_sites200_GTR_bl1.0_d0.0_l0.0_t0.0_gc0.0_p0.0_pop10_ms0.0_mf0.0_seed19732311/families/family_082/misc/raxml_output.F81.raxml.log

Analysis started: 21-Jun-2023 14:53:24 / finished: 21-Jun-2023 14:53:25

Elapsed time: 0.163 seconds

