
RAxML-NG v. 1.1.0 released on 29.11.2021 by The Exelixis Lab.
Developed by: Alexey M. Kozlov and Alexandros Stamatakis.
Contributors: Diego Darriba, Tomas Flouri, Benoit Morel, Sarah Lutteropp, Ben Bettisworth.
Latest version: https://github.com/amkozlov/raxml-ng
Questions/problems/suggestions? Please visit: https://groups.google.com/forum/#!forum/raxml

System: AMD Ryzen 7 5800X 8-Core Processor, 8 cores, 31 GB RAM

RAxML-NG was called at 13-Jun-2023 13:44:21 as follows:

/home/fili/Documents/KIT/2023/BA/resources/tools/RAxML-NG/raxml-ng --msa /home/fili/Documents/KIT/2023/BA/code/output/families/ssim_NE_s20_f100_sites200_GTR_bl1.0_d0.0_l0.0_t0.0_gc0.0_p0.0_pop10_ms0.0_mf0.0_seed42/families/family_047/alignment.msa --model F81 --prefix /home/fili/Documents/KIT/2023/BA/code/output/families/ssim_NE_s20_f100_sites200_GTR_bl1.0_d0.0_l0.0_t0.0_gc0.0_p0.0_pop10_ms0.0_mf0.0_seed42/families/family_047/misc/raxml_output.F81

Analysis options:
  run mode: ML tree search
  start tree(s): random (10) + parsimony (10)
  random seed: 1686656661
  tip-inner: OFF
  pattern compression: ON
  per-rate scalers: OFF
  site repeats: ON
  fast spr radius: AUTO
  spr subtree cutoff: 1.000000
  branch lengths: proportional (ML estimate, algorithm: NR-FAST)
  SIMD kernels: AVX2
  parallelization: coarse-grained (auto), PTHREADS (auto)

[00:00:00] Reading alignment from file: /home/fili/Documents/KIT/2023/BA/code/output/families/ssim_NE_s20_f100_sites200_GTR_bl1.0_d0.0_l0.0_t0.0_gc0.0_p0.0_pop10_ms0.0_mf0.0_seed42/families/family_047/alignment.msa
[00:00:00] Loaded alignment with 20 taxa and 146 sites

WARNING: Sequences 2_0_0 and 3_0_0 are exactly identical!
WARNING: Sequences 2_0_0 and 1_0_0 are exactly identical!
WARNING: Sequences 12_0_0 and 10_0_0 are exactly identical!
WARNING: Sequences 7_0_0 and 13_0_0 are exactly identical!
WARNING: Sequences 7_0_0 and 9_0_0 are exactly identical!
WARNING: Duplicate sequences found: 5

NOTE: Reduced alignment (with duplicates and gap-only sites/taxa removed) 
NOTE: was saved to: /home/fili/Documents/KIT/2023/BA/code/output/families/ssim_NE_s20_f100_sites200_GTR_bl1.0_d0.0_l0.0_t0.0_gc0.0_p0.0_pop10_ms0.0_mf0.0_seed42/families/family_047/misc/raxml_output.F81.raxml.reduced.phy

Alignment comprises 1 partitions and 54 patterns

Partition 0: noname
Model: F81+FO
Alignment sites / patterns: 146 / 54
Gaps: 0.00 %
Invariant sites: 56.16 %


NOTE: Binary MSA file created: /home/fili/Documents/KIT/2023/BA/code/output/families/ssim_NE_s20_f100_sites200_GTR_bl1.0_d0.0_l0.0_t0.0_gc0.0_p0.0_pop10_ms0.0_mf0.0_seed42/families/family_047/misc/raxml_output.F81.raxml.rba

Parallelization scheme autoconfig: 8 worker(s) x 1 thread(s)

Parallel reduction/worker buffer size: 1 KB  / 0 KB

[00:00:00] Generating 10 random starting tree(s) with 20 taxa
[00:00:00] Generating 10 parsimony starting tree(s) with 20 taxa
[00:00:00] Data distribution: max. partitions/sites/weight per thread: 1 / 54 / 216
[00:00:00] Data distribution: max. searches per worker: 3

Starting ML tree search with 20 distinct starting trees

[00:00:00 -1408.364452] Initial branch length optimization
[00:00:00 -1129.811501] Model parameter optimization (eps = 10.000000)
[00:00:00 -1125.897504] AUTODETECT spr round 1 (radius: 5)
[00:00:00 -661.787691] AUTODETECT spr round 2 (radius: 10)
[00:00:00 -661.787691] SPR radius for FAST iterations: 5 (autodetect)
[00:00:00 -661.787691] Model parameter optimization (eps = 3.000000)
[00:00:00 -661.069509] FAST spr round 1 (radius: 5)
[00:00:00 -656.802072] FAST spr round 2 (radius: 5)
[00:00:00 -655.858848] FAST spr round 3 (radius: 5)
[00:00:00 -655.858848] Model parameter optimization (eps = 1.000000)
[00:00:00 -655.852592] SLOW spr round 1 (radius: 5)
[00:00:00] [worker #4] ML tree search #5, logLikelihood: -655.852590
[00:00:00] [worker #7] ML tree search #8, logLikelihood: -655.852603
[00:00:00] [worker #5] ML tree search #6, logLikelihood: -655.852590
[00:00:00] [worker #6] ML tree search #7, logLikelihood: -655.852590
[00:00:00] [worker #1] ML tree search #2, logLikelihood: -655.852601
[00:00:00 -655.852592] SLOW spr round 2 (radius: 10)
[00:00:00] [worker #2] ML tree search #3, logLikelihood: -655.852602
[00:00:00 -655.852592] SLOW spr round 3 (radius: 15)
[00:00:00] [worker #3] ML tree search #4, logLikelihood: -655.852604
[00:00:00 -655.852592] SLOW spr round 4 (radius: 20)
[00:00:00 -655.852592] Model parameter optimization (eps = 0.100000)

[00:00:00] [worker #0] ML tree search #1, logLikelihood: -655.852592

[00:00:00 -1421.121226] Initial branch length optimization
[00:00:00 -1116.277959] Model parameter optimization (eps = 10.000000)
[00:00:00 -1110.890983] AUTODETECT spr round 1 (radius: 5)
[00:00:00 -662.676104] AUTODETECT spr round 2 (radius: 10)
[00:00:00 -662.671614] SPR radius for FAST iterations: 5 (autodetect)
[00:00:00 -662.671614] Model parameter optimization (eps = 3.000000)
[00:00:00] [worker #6] ML tree search #15, logLikelihood: -655.852590
[00:00:00 -661.821858] FAST spr round 1 (radius: 5)
[00:00:00] [worker #5] ML tree search #14, logLikelihood: -655.852590
[00:00:00] [worker #4] ML tree search #13, logLikelihood: -655.852590
[00:00:00 -655.878434] FAST spr round 2 (radius: 5)
[00:00:00] [worker #2] ML tree search #11, logLikelihood: -655.852590
[00:00:00 -655.878416] Model parameter optimization (eps = 1.000000)
[00:00:00] [worker #7] ML tree search #16, logLikelihood: -655.852590
[00:00:00 -655.852592] SLOW spr round 1 (radius: 5)
[00:00:00] [worker #1] ML tree search #10, logLikelihood: -655.852590
[00:00:00] [worker #3] ML tree search #12, logLikelihood: -655.852590
[00:00:00 -655.852592] SLOW spr round 2 (radius: 10)
[00:00:00] [worker #2] ML tree search #19, logLikelihood: -655.852592
[00:00:00 -655.852592] SLOW spr round 3 (radius: 15)
[00:00:00 -655.852592] SLOW spr round 4 (radius: 20)
[00:00:00 -655.852592] Model parameter optimization (eps = 0.100000)

[00:00:00] [worker #0] ML tree search #9, logLikelihood: -655.852592

[00:00:00 -1030.147489] Initial branch length optimization
[00:00:00 -658.489113] Model parameter optimization (eps = 10.000000)
[00:00:00 -656.795390] AUTODETECT spr round 1 (radius: 5)
[00:00:00 -656.795350] SPR radius for FAST iterations: 5 (autodetect)
[00:00:00 -656.795350] Model parameter optimization (eps = 3.000000)
[00:00:00 -656.795334] FAST spr round 1 (radius: 5)
[00:00:00 -655.855833] FAST spr round 2 (radius: 5)
[00:00:00 -655.855833] Model parameter optimization (eps = 1.000000)
[00:00:00 -655.852591] SLOW spr round 1 (radius: 5)
[00:00:00] [worker #1] ML tree search #18, logLikelihood: -655.852592
[00:00:00] [worker #3] ML tree search #20, logLikelihood: -655.852591
[00:00:00 -655.852591] SLOW spr round 2 (radius: 10)
[00:00:00 -655.852591] SLOW spr round 3 (radius: 15)
[00:00:00 -655.852591] SLOW spr round 4 (radius: 20)
[00:00:00 -655.852591] Model parameter optimization (eps = 0.100000)

[00:00:00] [worker #0] ML tree search #17, logLikelihood: -655.852591


Optimized model parameters:

   Partition 0: noname
   Rate heterogeneity: NONE
   Base frequencies (ML): 0.223975 0.226932 0.295475 0.253617 
   Substitution rates (model): 1.000000 1.000000 1.000000 1.000000 1.000000 1.000000 


Final LogLikelihood: -655.852590

AIC score: 1391.705180 / AICc score: 1422.943275 / BIC score: 1511.049445
Free parameters (model + branch lengths): 40

WARNING: Best ML tree contains 7 near-zero branches!

Best ML tree with collapsed near-zero branches saved to: /home/fili/Documents/KIT/2023/BA/code/output/families/ssim_NE_s20_f100_sites200_GTR_bl1.0_d0.0_l0.0_t0.0_gc0.0_p0.0_pop10_ms0.0_mf0.0_seed42/families/family_047/misc/raxml_output.F81.raxml.bestTreeCollapsed
Best ML tree saved to: /home/fili/Documents/KIT/2023/BA/code/output/families/ssim_NE_s20_f100_sites200_GTR_bl1.0_d0.0_l0.0_t0.0_gc0.0_p0.0_pop10_ms0.0_mf0.0_seed42/families/family_047/misc/raxml_output.F81.raxml.bestTree
All ML trees saved to: /home/fili/Documents/KIT/2023/BA/code/output/families/ssim_NE_s20_f100_sites200_GTR_bl1.0_d0.0_l0.0_t0.0_gc0.0_p0.0_pop10_ms0.0_mf0.0_seed42/families/family_047/misc/raxml_output.F81.raxml.mlTrees
Optimized model saved to: /home/fili/Documents/KIT/2023/BA/code/output/families/ssim_NE_s20_f100_sites200_GTR_bl1.0_d0.0_l0.0_t0.0_gc0.0_p0.0_pop10_ms0.0_mf0.0_seed42/families/family_047/misc/raxml_output.F81.raxml.bestModel

Execution log saved to: /home/fili/Documents/KIT/2023/BA/code/output/families/ssim_NE_s20_f100_sites200_GTR_bl1.0_d0.0_l0.0_t0.0_gc0.0_p0.0_pop10_ms0.0_mf0.0_seed42/families/family_047/misc/raxml_output.F81.raxml.log

Analysis started: 13-Jun-2023 13:44:21 / finished: 13-Jun-2023 13:44:21

Elapsed time: 0.185 seconds

