
RAxML-NG v. 1.1.0 released on 29.11.2021 by The Exelixis Lab.
Developed by: Alexey M. Kozlov and Alexandros Stamatakis.
Contributors: Diego Darriba, Tomas Flouri, Benoit Morel, Sarah Lutteropp, Ben Bettisworth.
Latest version: https://github.com/amkozlov/raxml-ng
Questions/problems/suggestions? Please visit: https://groups.google.com/forum/#!forum/raxml

System: AMD Ryzen 7 5800X 8-Core Processor, 8 cores, 31 GB RAM

RAxML-NG was called at 27-Jun-2023 13:51:53 as follows:

/home/fili/Documents/KIT/2023/BA/resources/tools/RAxML-NG/raxml-ng --msa /home/fili/Documents/KIT/2023/BA/code/output/families/ssim_NE_s20_f100_sites200_GTR_bl1.0_d0.0_l0.0_t0.0_gc0.0_p0.0_pop10_ms0.0_mf0.0_seed14976684177860080345/families/family_001/alignment.msa --model F81 --prefix /home/fili/Documents/KIT/2023/BA/code/output/families/ssim_NE_s20_f100_sites200_GTR_bl1.0_d0.0_l0.0_t0.0_gc0.0_p0.0_pop10_ms0.0_mf0.0_seed14976684177860080345/families/family_001/misc/raxml_output.F81

Analysis options:
  run mode: ML tree search
  start tree(s): random (10) + parsimony (10)
  random seed: 1687866713
  tip-inner: OFF
  pattern compression: ON
  per-rate scalers: OFF
  site repeats: ON
  fast spr radius: AUTO
  spr subtree cutoff: 1.000000
  branch lengths: proportional (ML estimate, algorithm: NR-FAST)
  SIMD kernels: AVX2
  parallelization: coarse-grained (auto), PTHREADS (auto)

[00:00:00] Reading alignment from file: /home/fili/Documents/KIT/2023/BA/code/output/families/ssim_NE_s20_f100_sites200_GTR_bl1.0_d0.0_l0.0_t0.0_gc0.0_p0.0_pop10_ms0.0_mf0.0_seed14976684177860080345/families/family_001/alignment.msa
[00:00:00] Loaded alignment with 20 taxa and 165 sites

WARNING: Sequences 11_0_0 and 3_0_0 are exactly identical!
WARNING: Sequences 11_0_0 and 6_0_0 are exactly identical!
WARNING: Sequences 11_0_0 and 13_0_0 are exactly identical!
WARNING: Duplicate sequences found: 3

NOTE: Reduced alignment (with duplicates and gap-only sites/taxa removed) 
NOTE: was saved to: /home/fili/Documents/KIT/2023/BA/code/output/families/ssim_NE_s20_f100_sites200_GTR_bl1.0_d0.0_l0.0_t0.0_gc0.0_p0.0_pop10_ms0.0_mf0.0_seed14976684177860080345/families/family_001/misc/raxml_output.F81.raxml.reduced.phy

Alignment comprises 1 partitions and 69 patterns

Partition 0: noname
Model: F81+FO
Alignment sites / patterns: 165 / 69
Gaps: 0.00 %
Invariant sites: 45.45 %


NOTE: Binary MSA file created: /home/fili/Documents/KIT/2023/BA/code/output/families/ssim_NE_s20_f100_sites200_GTR_bl1.0_d0.0_l0.0_t0.0_gc0.0_p0.0_pop10_ms0.0_mf0.0_seed14976684177860080345/families/family_001/misc/raxml_output.F81.raxml.rba

Parallelization scheme autoconfig: 8 worker(s) x 1 thread(s)

Parallel reduction/worker buffer size: 1 KB  / 0 KB

[00:00:00] Generating 10 random starting tree(s) with 20 taxa
[00:00:00] Generating 10 parsimony starting tree(s) with 20 taxa
[00:00:00] Data distribution: max. partitions/sites/weight per thread: 1 / 69 / 276
[00:00:00] Data distribution: max. searches per worker: 3

Starting ML tree search with 20 distinct starting trees

[00:00:00 -2277.803680] Initial branch length optimization
[00:00:00 -1910.180206] Model parameter optimization (eps = 10.000000)
[00:00:00 -1871.075528] AUTODETECT spr round 1 (radius: 5)
[00:00:00 -865.710746] AUTODETECT spr round 2 (radius: 10)
[00:00:00 -865.710744] SPR radius for FAST iterations: 5 (autodetect)
[00:00:00 -865.710744] Model parameter optimization (eps = 3.000000)
[00:00:00 -863.467644] FAST spr round 1 (radius: 5)
[00:00:00 -848.409851] FAST spr round 2 (radius: 5)
[00:00:00 -833.501379] FAST spr round 3 (radius: 5)
[00:00:00 -833.157615] FAST spr round 4 (radius: 5)
[00:00:00] [worker #1] ML tree search #2, logLikelihood: -833.117851
[00:00:00] [worker #6] ML tree search #7, logLikelihood: -833.117852
[00:00:00 -833.157615] Model parameter optimization (eps = 1.000000)
[00:00:00 -833.117882] SLOW spr round 1 (radius: 5)
[00:00:00] [worker #3] ML tree search #4, logLikelihood: -833.117851
[00:00:00] [worker #5] ML tree search #6, logLikelihood: -833.117852
[00:00:00] [worker #4] ML tree search #5, logLikelihood: -833.117852
[00:00:00] [worker #2] ML tree search #3, logLikelihood: -833.291085
[00:00:00 -833.117879] SLOW spr round 2 (radius: 10)
[00:00:00 -833.117879] SLOW spr round 3 (radius: 15)
[00:00:00] [worker #7] ML tree search #8, logLikelihood: -833.117852
[00:00:00] [worker #6] ML tree search #15, logLikelihood: -833.117869
[00:00:00] [worker #2] ML tree search #11, logLikelihood: -833.117869
[00:00:00 -833.117879] SLOW spr round 4 (radius: 20)
[00:00:00 -833.117879] Model parameter optimization (eps = 0.100000)

[00:00:00] [worker #0] ML tree search #1, logLikelihood: -833.117871

[00:00:00] [worker #5] ML tree search #14, logLikelihood: -833.117870
[00:00:00] [worker #4] ML tree search #13, logLikelihood: -833.117851
[00:00:00] [worker #1] ML tree search #10, logLikelihood: -833.291087
[00:00:00] [worker #3] ML tree search #12, logLikelihood: -833.117870
[00:00:00 -2130.598165] Initial branch length optimization
[00:00:00 -1673.109152] Model parameter optimization (eps = 10.000000)
[00:00:00 -1646.058268] AUTODETECT spr round 1 (radius: 5)
[00:00:00 -871.008021] AUTODETECT spr round 2 (radius: 10)
[00:00:00 -871.007983] SPR radius for FAST iterations: 5 (autodetect)
[00:00:00 -871.007983] Model parameter optimization (eps = 3.000000)
[00:00:00 -870.005591] FAST spr round 1 (radius: 5)
[00:00:00 -833.197707] FAST spr round 2 (radius: 5)
[00:00:00 -833.197707] Model parameter optimization (eps = 1.000000)
[00:00:00 -833.117878] SLOW spr round 1 (radius: 5)
[00:00:00] [worker #3] ML tree search #20, logLikelihood: -833.291087
[00:00:00] [worker #2] ML tree search #19, logLikelihood: -833.117851
[00:00:00] [worker #1] ML tree search #18, logLikelihood: -833.117851
[00:00:00] [worker #7] ML tree search #16, logLikelihood: -833.303456
[00:00:00 -833.117869] SLOW spr round 2 (radius: 10)
[00:00:00 -833.117869] SLOW spr round 3 (radius: 15)
[00:00:00 -833.117869] SLOW spr round 4 (radius: 20)
[00:00:00 -833.117869] Model parameter optimization (eps = 0.100000)

[00:00:00] [worker #0] ML tree search #9, logLikelihood: -833.117852

[00:00:00 -1240.331412] Initial branch length optimization
[00:00:00 -842.166875] Model parameter optimization (eps = 10.000000)
[00:00:00 -833.309310] AUTODETECT spr round 1 (radius: 5)
[00:00:00 -833.304617] SPR radius for FAST iterations: 5 (autodetect)
[00:00:00 -833.304617] Model parameter optimization (eps = 3.000000)
[00:00:00 -833.303456] FAST spr round 1 (radius: 5)
[00:00:00 -833.303455] Model parameter optimization (eps = 1.000000)
[00:00:00 -833.303455] SLOW spr round 1 (radius: 5)
[00:00:00 -833.303455] SLOW spr round 2 (radius: 10)
[00:00:00 -833.303455] SLOW spr round 3 (radius: 15)
[00:00:00 -833.303455] SLOW spr round 4 (radius: 20)
[00:00:00 -833.303455] Model parameter optimization (eps = 0.100000)

[00:00:00] [worker #0] ML tree search #17, logLikelihood: -833.303455


Optimized model parameters:

   Partition 0: noname
   Rate heterogeneity: NONE
   Base frequencies (ML): 0.271541 0.169528 0.338734 0.220198 
   Substitution rates (model): 1.000000 1.000000 1.000000 1.000000 1.000000 1.000000 


Final LogLikelihood: -833.117851

AIC score: 1746.235702 / AICc score: 1772.687315 / BIC score: 1870.473521
Free parameters (model + branch lengths): 40

WARNING: Best ML tree contains 5 near-zero branches!

Best ML tree with collapsed near-zero branches saved to: /home/fili/Documents/KIT/2023/BA/code/output/families/ssim_NE_s20_f100_sites200_GTR_bl1.0_d0.0_l0.0_t0.0_gc0.0_p0.0_pop10_ms0.0_mf0.0_seed14976684177860080345/families/family_001/misc/raxml_output.F81.raxml.bestTreeCollapsed
Best ML tree saved to: /home/fili/Documents/KIT/2023/BA/code/output/families/ssim_NE_s20_f100_sites200_GTR_bl1.0_d0.0_l0.0_t0.0_gc0.0_p0.0_pop10_ms0.0_mf0.0_seed14976684177860080345/families/family_001/misc/raxml_output.F81.raxml.bestTree
All ML trees saved to: /home/fili/Documents/KIT/2023/BA/code/output/families/ssim_NE_s20_f100_sites200_GTR_bl1.0_d0.0_l0.0_t0.0_gc0.0_p0.0_pop10_ms0.0_mf0.0_seed14976684177860080345/families/family_001/misc/raxml_output.F81.raxml.mlTrees
Optimized model saved to: /home/fili/Documents/KIT/2023/BA/code/output/families/ssim_NE_s20_f100_sites200_GTR_bl1.0_d0.0_l0.0_t0.0_gc0.0_p0.0_pop10_ms0.0_mf0.0_seed14976684177860080345/families/family_001/misc/raxml_output.F81.raxml.bestModel

Execution log saved to: /home/fili/Documents/KIT/2023/BA/code/output/families/ssim_NE_s20_f100_sites200_GTR_bl1.0_d0.0_l0.0_t0.0_gc0.0_p0.0_pop10_ms0.0_mf0.0_seed14976684177860080345/families/family_001/misc/raxml_output.F81.raxml.log

Analysis started: 27-Jun-2023 13:51:53 / finished: 27-Jun-2023 13:51:54

Elapsed time: 0.234 seconds

