GeneRax was called as follow:
/home/fili/Documents/KIT/2023/BA/resources/tools/GeneRax/build/bin/generax -f /home/fili/Documents/KIT/2023/BA/code/output/families/ssim_NE_s20_f100_sites200_GTR_bl1.0_d0.0_l0.0_t0.0_gc0.0_p0.0_pop10_ms0.0_mf0.0_seed42/runs/F81/families-generax.txt -s /home/fili/Documents/KIT/2023/BA/code/output/families/ssim_NE_s20_f100_sites200_GTR_bl1.0_d0.0_l0.0_t0.0_gc0.0_p0.0_pop10_ms0.0_mf0.0_seed42/species_trees/speciesTree.newick --strategy SPR -p /home/fili/Documents/KIT/2023/BA/code/output/families/ssim_NE_s20_f100_sites200_GTR_bl1.0_d0.0_l0.0_t0.0_gc0.0_p0.0_pop10_ms0.0_mf0.0_seed42/runs/F81/generax 

General information:
- Output prefix: /home/fili/Documents/KIT/2023/BA/code/output/families/ssim_NE_s20_f100_sites200_GTR_bl1.0_d0.0_l0.0_t0.0_gc0.0_p0.0_pop10_ms0.0_mf0.0_seed42/runs/F81/generax
- Families information: /home/fili/Documents/KIT/2023/BA/code/output/families/ssim_NE_s20_f100_sites200_GTR_bl1.0_d0.0_l0.0_t0.0_gc0.0_p0.0_pop10_ms0.0_mf0.0_seed42/runs/F81/families-generax.txt
- Species tree: /home/fili/Documents/KIT/2023/BA/code/output/families/ssim_NE_s20_f100_sites200_GTR_bl1.0_d0.0_l0.0_t0.0_gc0.0_p0.0_pop10_ms0.0_mf0.0_seed42/species_trees/speciesTree.newick
- MPI Ranks: 1
- Random seed: 123
- Reconciliation model: UndatedDTL
- DTL rates: global rates
- Infer ML reconciliation: ON
- Unrooted reconciliation likelihood: OFF
- Prune species tree mode: OFF

Gene tree correction information:
- Gene tree search strategy: SPR
- Max gene SPR radius: 5

[00:00:00] Filtering invalid families...

End of instance initialization

[00:00:00] [Initialization] Initial optimization of the starting random gene trees from the MSAs only
[00:00:05] [Initialization] Finished optimizing the gene trees from the MSAs

[00:00:05] Starting species tree initialization...
[00:00:05] End of species tree initialization
[00:00:05] Filtering invalid families based on the starting species tree...

[00:00:05] Gathering statistics about the families...
[00:00:05] Input data information:
- Number of gene families: 100
- Number of species: 20
- Total number of genes: 2000
- Average number of genes per family: 20
- Maximum number of genes per family: 20
- Species covered with the smallest family coverage: "8" (covered by 100/100 families)
- Average (over species) species family coverage: 100

[00:00:05] Reconciliation rates optimization... 
	D=1e-07, L=0.0667821, T=0.0968333, RecLL= -3140.01

[00:00:05] Optimizing gene trees with radius=1... 
[00:00:08] JointLL=-134905 RecLL=-1165.19 LibpllLL=-133740

[00:00:08] Reconciliation rates optimization... 
	D=1e-07, L=0.0135351, T=0.0198171, RecLL= -902.195

[00:00:09] Optimizing gene trees with radius=2... 
[00:00:14] JointLL=-134175 RecLL=-452.427 LibpllLL=-133723

[00:00:14] Reconciliation rates optimization... 
	D=1e-07, L=0.0051664, T=0.00823928, RecLL= -424.983

[00:00:15] Optimizing gene trees with radius=3... 
[00:00:20] JointLL=-133940 RecLL=-242.692 LibpllLL=-133697

[00:00:20] Reconciliation rates optimization... 
	D=1e-07, L=0.00287347, T=0.00403167, RecLL= -235.607

[00:00:21] Optimizing gene trees with radius=4... 
[00:00:26] JointLL=-133875 RecLL=-152.971 LibpllLL=-133722

[00:00:26] Reconciliation rates optimization... 
	D=1e-07, L=0.00147067, T=0.00263409, RecLL= -150.423

[00:00:27] Optimizing gene trees with radius=5... 
[00:00:31] JointLL=-133866 RecLL=-140.811 LibpllLL=-133725

[00:00:31] Reconciling gene trees with the species tree...
[00:00:32] Terminating the instance..

[00:00:32] DTL rates: D=1e-07 L= 0.00147067 T=0.00263409
[00:00:32] Reconciliation likelihood: -140.811
[00:00:32] Phylogenetic likelihood: -133725
[00:00:32] Joint likelihood: -133866
[00:00:32] Results directory: /home/fili/Documents/KIT/2023/BA/code/output/families/ssim_NE_s20_f100_sites200_GTR_bl1.0_d0.0_l0.0_t0.0_gc0.0_p0.0_pop10_ms0.0_mf0.0_seed42/runs/F81/generax
[00:00:32] End of GeneRax execution
