
RAxML-NG v. 1.1.0 released on 29.11.2021 by The Exelixis Lab.
Developed by: Alexey M. Kozlov and Alexandros Stamatakis.
Contributors: Diego Darriba, Tomas Flouri, Benoit Morel, Sarah Lutteropp, Ben Bettisworth.
Latest version: https://github.com/amkozlov/raxml-ng
Questions/problems/suggestions? Please visit: https://groups.google.com/forum/#!forum/raxml

System: AMD Ryzen 7 5800X 8-Core Processor, 8 cores, 31 GB RAM

RAxML-NG was called at 13-Jun-2023 13:43:57 as follows:

/home/fili/Documents/KIT/2023/BA/resources/tools/RAxML-NG/raxml-ng --msa /home/fili/Documents/KIT/2023/BA/code/output/families/ssim_NE_s20_f100_sites200_GTR_bl1.0_d0.0_l0.0_t0.0_gc0.0_p0.0_pop10_ms0.0_mf0.0_seed42/families/family_050/alignment.msa --model F81 --prefix /home/fili/Documents/KIT/2023/BA/code/output/families/ssim_NE_s20_f100_sites200_GTR_bl1.0_d0.0_l0.0_t0.0_gc0.0_p0.0_pop10_ms0.0_mf0.0_seed42/families/family_050/misc/raxml_output.F81

Analysis options:
  run mode: ML tree search
  start tree(s): random (10) + parsimony (10)
  random seed: 1686656637
  tip-inner: OFF
  pattern compression: ON
  per-rate scalers: OFF
  site repeats: ON
  fast spr radius: AUTO
  spr subtree cutoff: 1.000000
  branch lengths: proportional (ML estimate, algorithm: NR-FAST)
  SIMD kernels: AVX2
  parallelization: coarse-grained (auto), PTHREADS (auto)

[00:00:00] Reading alignment from file: /home/fili/Documents/KIT/2023/BA/code/output/families/ssim_NE_s20_f100_sites200_GTR_bl1.0_d0.0_l0.0_t0.0_gc0.0_p0.0_pop10_ms0.0_mf0.0_seed42/families/family_050/alignment.msa
[00:00:00] Loaded alignment with 20 taxa and 173 sites

WARNING: Sequences 10_0_0 and 12_0_0 are exactly identical!
WARNING: Sequences 13_0_0 and 9_0_0 are exactly identical!
WARNING: Duplicate sequences found: 2

NOTE: Reduced alignment (with duplicates and gap-only sites/taxa removed) 
NOTE: was saved to: /home/fili/Documents/KIT/2023/BA/code/output/families/ssim_NE_s20_f100_sites200_GTR_bl1.0_d0.0_l0.0_t0.0_gc0.0_p0.0_pop10_ms0.0_mf0.0_seed42/families/family_050/misc/raxml_output.F81.raxml.reduced.phy

Alignment comprises 1 partitions and 37 patterns

Partition 0: noname
Model: F81+FO
Alignment sites / patterns: 173 / 37
Gaps: 0.00 %
Invariant sites: 79.77 %


NOTE: Binary MSA file created: /home/fili/Documents/KIT/2023/BA/code/output/families/ssim_NE_s20_f100_sites200_GTR_bl1.0_d0.0_l0.0_t0.0_gc0.0_p0.0_pop10_ms0.0_mf0.0_seed42/families/family_050/misc/raxml_output.F81.raxml.rba

Parallelization scheme autoconfig: 8 worker(s) x 1 thread(s)

Parallel reduction/worker buffer size: 1 KB  / 0 KB

[00:00:00] Generating 10 random starting tree(s) with 20 taxa
[00:00:00] Generating 10 parsimony starting tree(s) with 20 taxa
[00:00:00] Data distribution: max. partitions/sites/weight per thread: 1 / 37 / 148
[00:00:00] Data distribution: max. searches per worker: 3

Starting ML tree search with 20 distinct starting trees

[00:00:00 -1418.474565] Initial branch length optimization
[00:00:00 -1118.680700] Model parameter optimization (eps = 10.000000)
[00:00:00 -1106.781446] AUTODETECT spr round 1 (radius: 5)
[00:00:00 -712.881488] AUTODETECT spr round 2 (radius: 10)
[00:00:00 -712.872793] SPR radius for FAST iterations: 5 (autodetect)
[00:00:00 -712.872793] Model parameter optimization (eps = 3.000000)
[00:00:00 -712.081823] FAST spr round 1 (radius: 5)
[00:00:00 -706.486333] FAST spr round 2 (radius: 5)
[00:00:00 -704.794754] FAST spr round 3 (radius: 5)
[00:00:00 -703.678342] FAST spr round 4 (radius: 5)
[00:00:00 -703.678325] Model parameter optimization (eps = 1.000000)
[00:00:00 -703.540952] SLOW spr round 1 (radius: 5)
[00:00:00 -703.540866] SLOW spr round 2 (radius: 10)
[00:00:00] [worker #3] ML tree search #4, logLikelihood: -703.540858
[00:00:00] [worker #5] ML tree search #6, logLikelihood: -703.540860
[00:00:00 -703.540866] SLOW spr round 3 (radius: 15)
[00:00:00 -703.540866] SLOW spr round 4 (radius: 20)
[00:00:00 -703.540866] Model parameter optimization (eps = 0.100000)

[00:00:00] [worker #0] ML tree search #1, logLikelihood: -703.540859

[00:00:00] [worker #4] ML tree search #5, logLikelihood: -703.540859
[00:00:00 -1383.157027] Initial branch length optimization
[00:00:00] [worker #7] ML tree search #8, logLikelihood: -703.540860
[00:00:00 -1078.454578] Model parameter optimization (eps = 10.000000)
[00:00:00] [worker #6] ML tree search #7, logLikelihood: -703.540859
[00:00:00 -1066.178217] AUTODETECT spr round 1 (radius: 5)
[00:00:00] [worker #2] ML tree search #3, logLikelihood: -703.540884
[00:00:00 -750.995810] AUTODETECT spr round 2 (radius: 10)
[00:00:00 -750.995808] SPR radius for FAST iterations: 5 (autodetect)
[00:00:00 -750.995808] Model parameter optimization (eps = 3.000000)
[00:00:00 -749.280997] FAST spr round 1 (radius: 5)
[00:00:00 -710.101690] FAST spr round 2 (radius: 5)
[00:00:00] [worker #1] ML tree search #2, logLikelihood: -703.540860
[00:00:00 -707.088331] FAST spr round 3 (radius: 5)
[00:00:00 -705.087290] FAST spr round 4 (radius: 5)
[00:00:00] [worker #5] ML tree search #14, logLikelihood: -703.540859
[00:00:00] [worker #3] ML tree search #12, logLikelihood: -703.540859
[00:00:00 -703.707608] FAST spr round 5 (radius: 5)
[00:00:00 -703.707607] Model parameter optimization (eps = 1.000000)
[00:00:00 -703.540872] SLOW spr round 1 (radius: 5)
[00:00:00] [worker #2] ML tree search #11, logLikelihood: -703.540860
[00:00:00] [worker #4] ML tree search #13, logLikelihood: -703.540859
[00:00:00 -703.540860] SLOW spr round 2 (radius: 10)
[00:00:00] [worker #7] ML tree search #16, logLikelihood: -703.540859
[00:00:00 -703.540860] SLOW spr round 3 (radius: 15)
[00:00:00 -703.540860] SLOW spr round 4 (radius: 20)
[00:00:00 -703.540860] Model parameter optimization (eps = 0.100000)

[00:00:00] [worker #0] ML tree search #9, logLikelihood: -703.540859

[00:00:00 -1134.192941] Initial branch length optimization
[00:00:00 -716.737438] Model parameter optimization (eps = 10.000000)
[00:00:00 -709.135598] AUTODETECT spr round 1 (radius: 5)
[00:00:00 -708.355503] AUTODETECT spr round 2 (radius: 10)
[00:00:00 -708.355439] SPR radius for FAST iterations: 5 (autodetect)
[00:00:00 -708.355439] Model parameter optimization (eps = 3.000000)
[00:00:00] [worker #3] ML tree search #20, logLikelihood: -703.540859
[00:00:00 -708.344794] FAST spr round 1 (radius: 5)
[00:00:00 -706.880053] FAST spr round 2 (radius: 5)
[00:00:00] [worker #6] ML tree search #15, logLikelihood: -703.540876
[00:00:00 -703.599052] FAST spr round 3 (radius: 5)
[00:00:00 -703.599049] Model parameter optimization (eps = 1.000000)
[00:00:00 -703.540885] SLOW spr round 1 (radius: 5)
[00:00:00] [worker #2] ML tree search #19, logLikelihood: -703.540858
[00:00:00] [worker #1] ML tree search #10, logLikelihood: -703.540859
[00:00:00 -703.540860] SLOW spr round 2 (radius: 10)
[00:00:00 -703.540860] SLOW spr round 3 (radius: 15)
[00:00:00 -703.540860] SLOW spr round 4 (radius: 20)
[00:00:00 -703.540860] Model parameter optimization (eps = 0.100000)

[00:00:00] [worker #0] ML tree search #17, logLikelihood: -703.540859

[00:00:00] [worker #1] ML tree search #18, logLikelihood: -703.540860

Optimized model parameters:

   Partition 0: noname
   Rate heterogeneity: NONE
   Base frequencies (ML): 0.267731 0.167561 0.328705 0.236003 
   Substitution rates (model): 1.000000 1.000000 1.000000 1.000000 1.000000 1.000000 


Final LogLikelihood: -703.540858

AIC score: 1487.081717 / AICc score: 1511.930202 / BIC score: 1613.213381
Free parameters (model + branch lengths): 40

WARNING: Best ML tree contains 5 near-zero branches!

Best ML tree with collapsed near-zero branches saved to: /home/fili/Documents/KIT/2023/BA/code/output/families/ssim_NE_s20_f100_sites200_GTR_bl1.0_d0.0_l0.0_t0.0_gc0.0_p0.0_pop10_ms0.0_mf0.0_seed42/families/family_050/misc/raxml_output.F81.raxml.bestTreeCollapsed
Best ML tree saved to: /home/fili/Documents/KIT/2023/BA/code/output/families/ssim_NE_s20_f100_sites200_GTR_bl1.0_d0.0_l0.0_t0.0_gc0.0_p0.0_pop10_ms0.0_mf0.0_seed42/families/family_050/misc/raxml_output.F81.raxml.bestTree
All ML trees saved to: /home/fili/Documents/KIT/2023/BA/code/output/families/ssim_NE_s20_f100_sites200_GTR_bl1.0_d0.0_l0.0_t0.0_gc0.0_p0.0_pop10_ms0.0_mf0.0_seed42/families/family_050/misc/raxml_output.F81.raxml.mlTrees
Optimized model saved to: /home/fili/Documents/KIT/2023/BA/code/output/families/ssim_NE_s20_f100_sites200_GTR_bl1.0_d0.0_l0.0_t0.0_gc0.0_p0.0_pop10_ms0.0_mf0.0_seed42/families/family_050/misc/raxml_output.F81.raxml.bestModel

Execution log saved to: /home/fili/Documents/KIT/2023/BA/code/output/families/ssim_NE_s20_f100_sites200_GTR_bl1.0_d0.0_l0.0_t0.0_gc0.0_p0.0_pop10_ms0.0_mf0.0_seed42/families/family_050/misc/raxml_output.F81.raxml.log

Analysis started: 13-Jun-2023 13:43:57 / finished: 13-Jun-2023 13:43:57

Elapsed time: 0.168 seconds

