
RAxML-NG v. 1.1.0 released on 29.11.2021 by The Exelixis Lab.
Developed by: Alexey M. Kozlov and Alexandros Stamatakis.
Contributors: Diego Darriba, Tomas Flouri, Benoit Morel, Sarah Lutteropp, Ben Bettisworth.
Latest version: https://github.com/amkozlov/raxml-ng
Questions/problems/suggestions? Please visit: https://groups.google.com/forum/#!forum/raxml

System: AMD Ryzen 7 5800X 8-Core Processor, 8 cores, 31 GB RAM

RAxML-NG was called at 21-Jun-2023 14:53:27 as follows:

/home/fili/Documents/KIT/2023/BA/resources/tools/RAxML-NG/raxml-ng --msa /home/fili/Documents/KIT/2023/BA/code/output/families/ssim_NE_s20_f100_sites200_GTR_bl1.0_d0.0_l0.0_t0.0_gc0.0_p0.0_pop10_ms0.0_mf0.0_seed19732311/families/family_010/alignment.msa --model F81 --prefix /home/fili/Documents/KIT/2023/BA/code/output/families/ssim_NE_s20_f100_sites200_GTR_bl1.0_d0.0_l0.0_t0.0_gc0.0_p0.0_pop10_ms0.0_mf0.0_seed19732311/families/family_010/misc/raxml_output.F81

Analysis options:
  run mode: ML tree search
  start tree(s): random (10) + parsimony (10)
  random seed: 1687352007
  tip-inner: OFF
  pattern compression: ON
  per-rate scalers: OFF
  site repeats: ON
  fast spr radius: AUTO
  spr subtree cutoff: 1.000000
  branch lengths: proportional (ML estimate, algorithm: NR-FAST)
  SIMD kernels: AVX2
  parallelization: coarse-grained (auto), PTHREADS (auto)

[00:00:00] Reading alignment from file: /home/fili/Documents/KIT/2023/BA/code/output/families/ssim_NE_s20_f100_sites200_GTR_bl1.0_d0.0_l0.0_t0.0_gc0.0_p0.0_pop10_ms0.0_mf0.0_seed19732311/families/family_010/alignment.msa
[00:00:00] Loaded alignment with 20 taxa and 153 sites

WARNING: Sequences 2_0_0 and 1_0_0 are exactly identical!
WARNING: Sequences 8_0_0 and 20_0_0 are exactly identical!
WARNING: Sequences 14_0_0 and 17_0_0 are exactly identical!
WARNING: Sequences 12_0_0 and 10_0_0 are exactly identical!
WARNING: Duplicate sequences found: 4

NOTE: Reduced alignment (with duplicates and gap-only sites/taxa removed) 
NOTE: was saved to: /home/fili/Documents/KIT/2023/BA/code/output/families/ssim_NE_s20_f100_sites200_GTR_bl1.0_d0.0_l0.0_t0.0_gc0.0_p0.0_pop10_ms0.0_mf0.0_seed19732311/families/family_010/misc/raxml_output.F81.raxml.reduced.phy

Alignment comprises 1 partitions and 55 patterns

Partition 0: noname
Model: F81+FO
Alignment sites / patterns: 153 / 55
Gaps: 0.00 %
Invariant sites: 64.71 %


NOTE: Binary MSA file created: /home/fili/Documents/KIT/2023/BA/code/output/families/ssim_NE_s20_f100_sites200_GTR_bl1.0_d0.0_l0.0_t0.0_gc0.0_p0.0_pop10_ms0.0_mf0.0_seed19732311/families/family_010/misc/raxml_output.F81.raxml.rba

Parallelization scheme autoconfig: 8 worker(s) x 1 thread(s)

Parallel reduction/worker buffer size: 1 KB  / 0 KB

[00:00:00] Generating 10 random starting tree(s) with 20 taxa
[00:00:00] Generating 10 parsimony starting tree(s) with 20 taxa
[00:00:00] Data distribution: max. partitions/sites/weight per thread: 1 / 55 / 220
[00:00:00] Data distribution: max. searches per worker: 3

Starting ML tree search with 20 distinct starting trees

[00:00:00 -1563.564269] Initial branch length optimization
[00:00:00 -1311.115088] Model parameter optimization (eps = 10.000000)
[00:00:00 -1255.162080] AUTODETECT spr round 1 (radius: 5)
[00:00:00 -724.360055] AUTODETECT spr round 2 (radius: 10)
[00:00:00 -724.351455] SPR radius for FAST iterations: 5 (autodetect)
[00:00:00 -724.351455] Model parameter optimization (eps = 3.000000)
[00:00:00 -721.471363] FAST spr round 1 (radius: 5)
[00:00:00 -716.590675] FAST spr round 2 (radius: 5)
[00:00:00 -714.462032] FAST spr round 3 (radius: 5)
[00:00:00 -714.461994] Model parameter optimization (eps = 1.000000)
[00:00:00 -714.312123] SLOW spr round 1 (radius: 5)
[00:00:00 -714.311957] SLOW spr round 2 (radius: 10)
[00:00:00] [worker #7] ML tree search #8, logLikelihood: -713.918579
[00:00:00] [worker #6] ML tree search #7, logLikelihood: -714.311849
[00:00:00] [worker #2] ML tree search #3, logLikelihood: -714.114194
[00:00:00 -714.311957] SLOW spr round 3 (radius: 15)
[00:00:00 -714.311957] SLOW spr round 4 (radius: 20)
[00:00:00] [worker #4] ML tree search #5, logLikelihood: -713.918581
[00:00:00 -714.311957] Model parameter optimization (eps = 0.100000)

[00:00:00] [worker #0] ML tree search #1, logLikelihood: -714.311849

[00:00:00 -1576.638415] Initial branch length optimization
[00:00:00 -1318.192215] Model parameter optimization (eps = 10.000000)
[00:00:00 -1278.208496] AUTODETECT spr round 1 (radius: 5)
[00:00:00 -719.471132] AUTODETECT spr round 2 (radius: 10)
[00:00:00 -719.469347] SPR radius for FAST iterations: 5 (autodetect)
[00:00:00 -719.469347] Model parameter optimization (eps = 3.000000)
[00:00:00] [worker #3] ML tree search #4, logLikelihood: -714.114302
[00:00:00 -718.803487] FAST spr round 1 (radius: 5)
[00:00:00] [worker #1] ML tree search #2, logLikelihood: -714.114293
[00:00:00] [worker #5] ML tree search #6, logLikelihood: -714.114283
[00:00:00 -714.445669] FAST spr round 2 (radius: 5)
[00:00:00 -714.445634] Model parameter optimization (eps = 1.000000)
[00:00:00 -714.312062] SLOW spr round 1 (radius: 5)
[00:00:00] [worker #2] ML tree search #11, logLikelihood: -714.114190
[00:00:00 -714.187914] SLOW spr round 2 (radius: 5)
[00:00:00] [worker #7] ML tree search #16, logLikelihood: -714.114194
[00:00:00 -714.187914] SLOW spr round 3 (radius: 10)
[00:00:00] [worker #6] ML tree search #15, logLikelihood: -714.869895
[00:00:00] [worker #3] ML tree search #12, logLikelihood: -713.918580
[00:00:00] [worker #4] ML tree search #13, logLikelihood: -714.114283
[00:00:00] [worker #5] ML tree search #14, logLikelihood: -714.114190
[00:00:00 -714.187914] SLOW spr round 4 (radius: 15)
[00:00:00 -714.187914] SLOW spr round 5 (radius: 20)
[00:00:00 -714.187914] Model parameter optimization (eps = 0.100000)

[00:00:00] [worker #0] ML tree search #9, logLikelihood: -714.114262

[00:00:00 -1085.584230] Initial branch length optimization
[00:00:00 -735.837725] Model parameter optimization (eps = 10.000000)
[00:00:00 -716.474144] AUTODETECT spr round 1 (radius: 5)
[00:00:00 -713.944098] AUTODETECT spr round 2 (radius: 10)
[00:00:00 -713.944084] SPR radius for FAST iterations: 5 (autodetect)
[00:00:00 -713.944084] Model parameter optimization (eps = 3.000000)
[00:00:00 -713.918592] FAST spr round 1 (radius: 5)
[00:00:00] [worker #2] ML tree search #19, logLikelihood: -714.114190
[00:00:00] [worker #1] ML tree search #10, logLikelihood: -714.114304
[00:00:00 -713.918581] Model parameter optimization (eps = 1.000000)
[00:00:00 -713.918581] SLOW spr round 1 (radius: 5)
[00:00:00] [worker #3] ML tree search #20, logLikelihood: -714.114190
[00:00:00 -713.918581] SLOW spr round 2 (radius: 10)
[00:00:00 -713.918581] SLOW spr round 3 (radius: 15)
[00:00:00 -713.918581] SLOW spr round 4 (radius: 20)
[00:00:00 -713.918581] Model parameter optimization (eps = 0.100000)
[00:00:00] [worker #1] ML tree search #18, logLikelihood: -714.114191

[00:00:00] [worker #0] ML tree search #17, logLikelihood: -713.918580


Optimized model parameters:

   Partition 0: noname
   Rate heterogeneity: NONE
   Base frequencies (ML): 0.289853 0.136836 0.389793 0.183518 
   Substitution rates (model): 1.000000 1.000000 1.000000 1.000000 1.000000 1.000000 


Final LogLikelihood: -713.918579

AIC score: 1507.837159 / AICc score: 1537.122873 / BIC score: 1629.054675
Free parameters (model + branch lengths): 40

WARNING: Best ML tree contains 3 near-zero branches!

Best ML tree with collapsed near-zero branches saved to: /home/fili/Documents/KIT/2023/BA/code/output/families/ssim_NE_s20_f100_sites200_GTR_bl1.0_d0.0_l0.0_t0.0_gc0.0_p0.0_pop10_ms0.0_mf0.0_seed19732311/families/family_010/misc/raxml_output.F81.raxml.bestTreeCollapsed
Best ML tree saved to: /home/fili/Documents/KIT/2023/BA/code/output/families/ssim_NE_s20_f100_sites200_GTR_bl1.0_d0.0_l0.0_t0.0_gc0.0_p0.0_pop10_ms0.0_mf0.0_seed19732311/families/family_010/misc/raxml_output.F81.raxml.bestTree
All ML trees saved to: /home/fili/Documents/KIT/2023/BA/code/output/families/ssim_NE_s20_f100_sites200_GTR_bl1.0_d0.0_l0.0_t0.0_gc0.0_p0.0_pop10_ms0.0_mf0.0_seed19732311/families/family_010/misc/raxml_output.F81.raxml.mlTrees
Optimized model saved to: /home/fili/Documents/KIT/2023/BA/code/output/families/ssim_NE_s20_f100_sites200_GTR_bl1.0_d0.0_l0.0_t0.0_gc0.0_p0.0_pop10_ms0.0_mf0.0_seed19732311/families/family_010/misc/raxml_output.F81.raxml.bestModel

Execution log saved to: /home/fili/Documents/KIT/2023/BA/code/output/families/ssim_NE_s20_f100_sites200_GTR_bl1.0_d0.0_l0.0_t0.0_gc0.0_p0.0_pop10_ms0.0_mf0.0_seed19732311/families/family_010/misc/raxml_output.F81.raxml.log

Analysis started: 21-Jun-2023 14:53:27 / finished: 21-Jun-2023 14:53:28

Elapsed time: 0.170 seconds

