
RAxML-NG v. 1.1.0 released on 29.11.2021 by The Exelixis Lab.
Developed by: Alexey M. Kozlov and Alexandros Stamatakis.
Contributors: Diego Darriba, Tomas Flouri, Benoit Morel, Sarah Lutteropp, Ben Bettisworth.
Latest version: https://github.com/amkozlov/raxml-ng
Questions/problems/suggestions? Please visit: https://groups.google.com/forum/#!forum/raxml

System: AMD Ryzen 7 5800X 8-Core Processor, 8 cores, 31 GB RAM

RAxML-NG was called at 16-Jun-2023 09:59:04 as follows:

/home/fili/Documents/KIT/2023/BA/resources/tools/RAxML-NG/raxml-ng --msa /home/fili/Documents/KIT/2023/BA/code/output/families/ssim_NE_s20_f100_sites200_GTR_bl1.0_d0.0_l0.0_t0.0_gc0.0_p0.0_pop10_ms0.0_mf0.0_seed1007/families/family_058/alignment.msa --model F81 --prefix /home/fili/Documents/KIT/2023/BA/code/output/families/ssim_NE_s20_f100_sites200_GTR_bl1.0_d0.0_l0.0_t0.0_gc0.0_p0.0_pop10_ms0.0_mf0.0_seed1007/families/family_058/misc/raxml_output.F81

Analysis options:
  run mode: ML tree search
  start tree(s): random (10) + parsimony (10)
  random seed: 1686902344
  tip-inner: OFF
  pattern compression: ON
  per-rate scalers: OFF
  site repeats: ON
  fast spr radius: AUTO
  spr subtree cutoff: 1.000000
  branch lengths: proportional (ML estimate, algorithm: NR-FAST)
  SIMD kernels: AVX2
  parallelization: coarse-grained (auto), PTHREADS (auto)

[00:00:00] Reading alignment from file: /home/fili/Documents/KIT/2023/BA/code/output/families/ssim_NE_s20_f100_sites200_GTR_bl1.0_d0.0_l0.0_t0.0_gc0.0_p0.0_pop10_ms0.0_mf0.0_seed1007/families/family_058/alignment.msa
[00:00:00] Loaded alignment with 20 taxa and 197 sites

WARNING: Sequences 8_0_0 and 2_0_0 are exactly identical!
WARNING: Sequences 20_0_0 and 19_0_0 are exactly identical!
WARNING: Sequences 20_0_0 and 12_0_0 are exactly identical!
WARNING: Duplicate sequences found: 3

NOTE: Reduced alignment (with duplicates and gap-only sites/taxa removed) 
NOTE: was saved to: /home/fili/Documents/KIT/2023/BA/code/output/families/ssim_NE_s20_f100_sites200_GTR_bl1.0_d0.0_l0.0_t0.0_gc0.0_p0.0_pop10_ms0.0_mf0.0_seed1007/families/family_058/misc/raxml_output.F81.raxml.reduced.phy

Alignment comprises 1 partitions and 87 patterns

Partition 0: noname
Model: F81+FO
Alignment sites / patterns: 197 / 87
Gaps: 0.00 %
Invariant sites: 54.82 %


NOTE: Binary MSA file created: /home/fili/Documents/KIT/2023/BA/code/output/families/ssim_NE_s20_f100_sites200_GTR_bl1.0_d0.0_l0.0_t0.0_gc0.0_p0.0_pop10_ms0.0_mf0.0_seed1007/families/family_058/misc/raxml_output.F81.raxml.rba

Parallelization scheme autoconfig: 8 worker(s) x 1 thread(s)

Parallel reduction/worker buffer size: 1 KB  / 0 KB

[00:00:00] Generating 10 random starting tree(s) with 20 taxa
[00:00:00] Generating 10 parsimony starting tree(s) with 20 taxa
[00:00:00] Data distribution: max. partitions/sites/weight per thread: 1 / 87 / 348
[00:00:00] Data distribution: max. searches per worker: 3

Starting ML tree search with 20 distinct starting trees

[00:00:00 -2286.832650] Initial branch length optimization
[00:00:00 -2057.709879] Model parameter optimization (eps = 10.000000)
[00:00:00 -2054.808228] AUTODETECT spr round 1 (radius: 5)
[00:00:00 -1322.379917] AUTODETECT spr round 2 (radius: 10)
[00:00:00 -1322.378111] SPR radius for FAST iterations: 5 (autodetect)
[00:00:00 -1322.378111] Model parameter optimization (eps = 3.000000)
[00:00:00 -1321.046769] FAST spr round 1 (radius: 5)
[00:00:00 -1259.614727] FAST spr round 2 (radius: 5)
[00:00:00 -1250.664018] FAST spr round 3 (radius: 5)
[00:00:00 -1244.297952] FAST spr round 4 (radius: 5)
[00:00:00 -1244.297947] Model parameter optimization (eps = 1.000000)
[00:00:00 -1244.150807] SLOW spr round 1 (radius: 5)
[00:00:00 -1244.150796] SLOW spr round 2 (radius: 10)
[00:00:00] [worker #4] ML tree search #5, logLikelihood: -1244.160009
[00:00:00] [worker #7] ML tree search #8, logLikelihood: -1244.037061
[00:00:00 -1244.103676] SLOW spr round 3 (radius: 15)
[00:00:00] [worker #6] ML tree search #7, logLikelihood: -1244.037052
[00:00:00 -1244.103675] SLOW spr round 4 (radius: 20)
[00:00:00 -1244.103675] Model parameter optimization (eps = 0.100000)

[00:00:00] [worker #0] ML tree search #1, logLikelihood: -1244.037062

[00:00:00] [worker #5] ML tree search #6, logLikelihood: -1244.037052
[00:00:00 -2321.662509] Initial branch length optimization
[00:00:00 -2090.767951] Model parameter optimization (eps = 10.000000)
[00:00:00 -2086.937820] AUTODETECT spr round 1 (radius: 5)
[00:00:00 -1339.718318] AUTODETECT spr round 2 (radius: 10)
[00:00:00] [worker #1] ML tree search #2, logLikelihood: -1244.037052
[00:00:00 -1339.717276] SPR radius for FAST iterations: 5 (autodetect)
[00:00:00 -1339.717276] Model parameter optimization (eps = 3.000000)
[00:00:00 -1337.496707] FAST spr round 1 (radius: 5)
[00:00:00] [worker #3] ML tree search #4, logLikelihood: -1244.037052
[00:00:00 -1247.126816] FAST spr round 2 (radius: 5)
[00:00:00 -1244.566403] FAST spr round 3 (radius: 5)
[00:00:00 -1244.566401] Model parameter optimization (eps = 1.000000)
[00:00:00 -1244.455048] SLOW spr round 1 (radius: 5)
[00:00:00] [worker #2] ML tree search #3, logLikelihood: -1244.037055
[00:00:00] [worker #5] ML tree search #14, logLikelihood: -1244.037051
[00:00:00 -1244.176274] SLOW spr round 2 (radius: 5)
[00:00:00] [worker #6] ML tree search #15, logLikelihood: -1244.037060
[00:00:00] [worker #3] ML tree search #12, logLikelihood: -1244.526188
[00:00:00 -1244.162658] SLOW spr round 3 (radius: 10)
[00:00:00] [worker #7] ML tree search #16, logLikelihood: -1244.037052
[00:00:00] [worker #1] ML tree search #10, logLikelihood: -1244.037052
[00:00:00 -1244.061932] SLOW spr round 4 (radius: 5)
[00:00:00] [worker #2] ML tree search #11, logLikelihood: -1244.526191
[00:00:00] [worker #4] ML tree search #13, logLikelihood: -1244.037055
[00:00:00 -1244.061932] SLOW spr round 5 (radius: 10)
[00:00:00 -1244.061932] SLOW spr round 6 (radius: 15)
[00:00:00 -1244.061932] SLOW spr round 7 (radius: 20)
[00:00:00 -1244.061932] Model parameter optimization (eps = 0.100000)

[00:00:00] [worker #0] ML tree search #9, logLikelihood: -1244.037056

[00:00:00 -1603.424093] Initial branch length optimization
[00:00:00 -1249.079132] Model parameter optimization (eps = 10.000000)
[00:00:00 -1248.481531] AUTODETECT spr round 1 (radius: 5)
[00:00:00 -1244.107769] AUTODETECT spr round 2 (radius: 10)
[00:00:00 -1244.107737] SPR radius for FAST iterations: 5 (autodetect)
[00:00:00 -1244.107737] Model parameter optimization (eps = 3.000000)
[00:00:00 -1244.037058] FAST spr round 1 (radius: 5)
[00:00:00] [worker #2] ML tree search #19, logLikelihood: -1244.160009
[00:00:00 -1244.037054] Model parameter optimization (eps = 1.000000)
[00:00:00 -1244.037053] SLOW spr round 1 (radius: 5)
[00:00:00] [worker #1] ML tree search #18, logLikelihood: -1244.037061
[00:00:00] [worker #3] ML tree search #20, logLikelihood: -1244.037052
[00:00:00 -1244.037053] SLOW spr round 2 (radius: 10)
[00:00:00 -1244.037053] SLOW spr round 3 (radius: 15)
[00:00:00 -1244.037053] SLOW spr round 4 (radius: 20)
[00:00:00 -1244.037053] Model parameter optimization (eps = 0.100000)

[00:00:00] [worker #0] ML tree search #17, logLikelihood: -1244.037052


Optimized model parameters:

   Partition 0: noname
   Rate heterogeneity: NONE
   Base frequencies (ML): 0.264713 0.246303 0.247249 0.241736 
   Substitution rates (model): 1.000000 1.000000 1.000000 1.000000 1.000000 1.000000 


Final LogLikelihood: -1244.037051

AIC score: 2568.074102 / AICc score: 2589.099743 / BIC score: 2699.402251
Free parameters (model + branch lengths): 40

WARNING: Best ML tree contains 1 near-zero branches!

Best ML tree with collapsed near-zero branches saved to: /home/fili/Documents/KIT/2023/BA/code/output/families/ssim_NE_s20_f100_sites200_GTR_bl1.0_d0.0_l0.0_t0.0_gc0.0_p0.0_pop10_ms0.0_mf0.0_seed1007/families/family_058/misc/raxml_output.F81.raxml.bestTreeCollapsed
Best ML tree saved to: /home/fili/Documents/KIT/2023/BA/code/output/families/ssim_NE_s20_f100_sites200_GTR_bl1.0_d0.0_l0.0_t0.0_gc0.0_p0.0_pop10_ms0.0_mf0.0_seed1007/families/family_058/misc/raxml_output.F81.raxml.bestTree
All ML trees saved to: /home/fili/Documents/KIT/2023/BA/code/output/families/ssim_NE_s20_f100_sites200_GTR_bl1.0_d0.0_l0.0_t0.0_gc0.0_p0.0_pop10_ms0.0_mf0.0_seed1007/families/family_058/misc/raxml_output.F81.raxml.mlTrees
Optimized model saved to: /home/fili/Documents/KIT/2023/BA/code/output/families/ssim_NE_s20_f100_sites200_GTR_bl1.0_d0.0_l0.0_t0.0_gc0.0_p0.0_pop10_ms0.0_mf0.0_seed1007/families/family_058/misc/raxml_output.F81.raxml.bestModel

Execution log saved to: /home/fili/Documents/KIT/2023/BA/code/output/families/ssim_NE_s20_f100_sites200_GTR_bl1.0_d0.0_l0.0_t0.0_gc0.0_p0.0_pop10_ms0.0_mf0.0_seed1007/families/family_058/misc/raxml_output.F81.raxml.log

Analysis started: 16-Jun-2023 09:59:04 / finished: 16-Jun-2023 09:59:04

Elapsed time: 0.259 seconds

