
RAxML-NG v. 1.1.0 released on 29.11.2021 by The Exelixis Lab.
Developed by: Alexey M. Kozlov and Alexandros Stamatakis.
Contributors: Diego Darriba, Tomas Flouri, Benoit Morel, Sarah Lutteropp, Ben Bettisworth.
Latest version: https://github.com/amkozlov/raxml-ng
Questions/problems/suggestions? Please visit: https://groups.google.com/forum/#!forum/raxml

System: AMD Ryzen 7 5800X 8-Core Processor, 8 cores, 31 GB RAM

RAxML-NG was called at 21-Jun-2023 14:53:37 as follows:

/home/fili/Documents/KIT/2023/BA/resources/tools/RAxML-NG/raxml-ng --msa /home/fili/Documents/KIT/2023/BA/code/output/families/ssim_NE_s20_f100_sites200_GTR_bl1.0_d0.0_l0.0_t0.0_gc0.0_p0.0_pop10_ms0.0_mf0.0_seed19732311/families/family_070/alignment.msa --model F81 --prefix /home/fili/Documents/KIT/2023/BA/code/output/families/ssim_NE_s20_f100_sites200_GTR_bl1.0_d0.0_l0.0_t0.0_gc0.0_p0.0_pop10_ms0.0_mf0.0_seed19732311/families/family_070/misc/raxml_output.F81

Analysis options:
  run mode: ML tree search
  start tree(s): random (10) + parsimony (10)
  random seed: 1687352017
  tip-inner: OFF
  pattern compression: ON
  per-rate scalers: OFF
  site repeats: ON
  fast spr radius: AUTO
  spr subtree cutoff: 1.000000
  branch lengths: proportional (ML estimate, algorithm: NR-FAST)
  SIMD kernels: AVX2
  parallelization: coarse-grained (auto), PTHREADS (auto)

[00:00:00] Reading alignment from file: /home/fili/Documents/KIT/2023/BA/code/output/families/ssim_NE_s20_f100_sites200_GTR_bl1.0_d0.0_l0.0_t0.0_gc0.0_p0.0_pop10_ms0.0_mf0.0_seed19732311/families/family_070/alignment.msa
[00:00:00] Loaded alignment with 20 taxa and 178 sites

Alignment comprises 1 partitions and 148 patterns

Partition 0: noname
Model: F81+FO
Alignment sites / patterns: 178 / 148
Gaps: 0.00 %
Invariant sites: 10.67 %


NOTE: Binary MSA file created: /home/fili/Documents/KIT/2023/BA/code/output/families/ssim_NE_s20_f100_sites200_GTR_bl1.0_d0.0_l0.0_t0.0_gc0.0_p0.0_pop10_ms0.0_mf0.0_seed19732311/families/family_070/misc/raxml_output.F81.raxml.rba

Parallelization scheme autoconfig: 8 worker(s) x 1 thread(s)

Parallel reduction/worker buffer size: 1 KB  / 0 KB

[00:00:00] Generating 10 random starting tree(s) with 20 taxa
[00:00:00] Generating 10 parsimony starting tree(s) with 20 taxa
[00:00:00] Data distribution: max. partitions/sites/weight per thread: 1 / 148 / 592
[00:00:00] Data distribution: max. searches per worker: 3

Starting ML tree search with 20 distinct starting trees

[00:00:00 -4127.109715] Initial branch length optimization
[00:00:00 -3245.624141] Model parameter optimization (eps = 10.000000)
[00:00:00 -3236.811485] AUTODETECT spr round 1 (radius: 5)
[00:00:00 -2263.460994] AUTODETECT spr round 2 (radius: 10)
[00:00:00 -2059.262848] AUTODETECT spr round 3 (radius: 15)
[00:00:00 -2059.245222] SPR radius for FAST iterations: 10 (autodetect)
[00:00:00 -2059.245222] Model parameter optimization (eps = 3.000000)
[00:00:00 -2055.281209] FAST spr round 1 (radius: 10)
[00:00:00 -2013.986229] FAST spr round 2 (radius: 10)
[00:00:00 -2013.239181] FAST spr round 3 (radius: 10)
[00:00:00 -2013.239175] Model parameter optimization (eps = 1.000000)
[00:00:00 -2013.207040] SLOW spr round 1 (radius: 5)
[00:00:00 -2013.207004] SLOW spr round 2 (radius: 10)
[00:00:00] [worker #6] ML tree search #7, logLikelihood: -2013.206995
[00:00:00] [worker #2] ML tree search #3, logLikelihood: -2013.206995
[00:00:00] [worker #1] ML tree search #2, logLikelihood: -2013.206996
[00:00:00] [worker #4] ML tree search #5, logLikelihood: -2013.206994
[00:00:00 -2013.207004] SLOW spr round 3 (radius: 15)
[00:00:00 -2013.207004] SLOW spr round 4 (radius: 20)
[00:00:00 -2013.207004] Model parameter optimization (eps = 0.100000)

[00:00:00] [worker #0] ML tree search #1, logLikelihood: -2013.206994

[00:00:00 -4281.985464] Initial branch length optimization
[00:00:00 -3498.426824] Model parameter optimization (eps = 10.000000)
[00:00:00] [worker #5] ML tree search #6, logLikelihood: -2013.206999
[00:00:00 -3491.163726] AUTODETECT spr round 1 (radius: 5)
[00:00:00 -2643.524819] AUTODETECT spr round 2 (radius: 10)
[00:00:00 -2284.736879] AUTODETECT spr round 3 (radius: 15)
[00:00:00 -2284.724615] SPR radius for FAST iterations: 10 (autodetect)
[00:00:00 -2284.724615] Model parameter optimization (eps = 3.000000)
[00:00:00 -2278.758751] FAST spr round 1 (radius: 10)
[00:00:00] [worker #7] ML tree search #8, logLikelihood: -2013.206995
[00:00:00 -2031.651281] FAST spr round 2 (radius: 10)
[00:00:00 -2013.531335] FAST spr round 3 (radius: 10)
[00:00:00] [worker #3] ML tree search #4, logLikelihood: -2013.207029
[00:00:00 -2013.257127] FAST spr round 4 (radius: 10)
[00:00:00] [worker #6] ML tree search #15, logLikelihood: -2013.213333
[00:00:00] [worker #2] ML tree search #11, logLikelihood: -2013.207707
[00:00:00 -2013.248661] Model parameter optimization (eps = 1.000000)
[00:00:00 -2013.224034] SLOW spr round 1 (radius: 5)
[00:00:00] [worker #4] ML tree search #13, logLikelihood: -2013.208707
[00:00:00] [worker #5] ML tree search #14, logLikelihood: -2013.206998
[00:00:00 -2013.218045] SLOW spr round 2 (radius: 10)
[00:00:00] [worker #1] ML tree search #10, logLikelihood: -2013.206996
[00:00:00] [worker #7] ML tree search #16, logLikelihood: -2013.206996
[00:00:00 -2013.210369] SLOW spr round 3 (radius: 15)
[00:00:00 -2013.207290] SLOW spr round 4 (radius: 20)
[00:00:00 -2013.207089] Model parameter optimization (eps = 0.100000)

[00:00:00] [worker #0] ML tree search #9, logLikelihood: -2013.206996

[00:00:00 -2285.534737] Initial branch length optimization
[00:00:00 -2050.758644] Model parameter optimization (eps = 10.000000)
[00:00:00 -2034.523240] AUTODETECT spr round 1 (radius: 5)
[00:00:00 -2015.130317] AUTODETECT spr round 2 (radius: 10)
[00:00:00 -2015.126574] SPR radius for FAST iterations: 5 (autodetect)
[00:00:00 -2015.126574] Model parameter optimization (eps = 3.000000)
[00:00:00 -2015.099856] FAST spr round 1 (radius: 5)
[00:00:00 -2014.988042] FAST spr round 2 (radius: 5)
[00:00:00] [worker #2] ML tree search #19, logLikelihood: -2013.207377
[00:00:00 -2014.783118] FAST spr round 3 (radius: 5)
[00:00:00] [worker #3] ML tree search #12, logLikelihood: -2013.206998
[00:00:00 -2013.257736] FAST spr round 4 (radius: 5)
[00:00:00 -2013.249665] Model parameter optimization (eps = 1.000000)
[00:00:00 -2013.209168] SLOW spr round 1 (radius: 5)
[00:00:00] [worker #1] ML tree search #18, logLikelihood: -2013.207524
[00:00:00 -2013.207161] SLOW spr round 2 (radius: 10)
[00:00:00 -2013.207023] SLOW spr round 3 (radius: 15)
[00:00:00 -2013.207017] SLOW spr round 4 (radius: 20)
[00:00:00 -2013.207017] Model parameter optimization (eps = 0.100000)

[00:00:00] [worker #0] ML tree search #17, logLikelihood: -2013.206999

[00:00:00] [worker #3] ML tree search #20, logLikelihood: -2013.213106

Optimized model parameters:

   Partition 0: noname
   Rate heterogeneity: NONE
   Base frequencies (ML): 0.283538 0.213676 0.317961 0.184824 
   Substitution rates (model): 1.000000 1.000000 1.000000 1.000000 1.000000 1.000000 


Final LogLikelihood: -2013.206994

AIC score: 4106.413989 / AICc score: 4130.355595 / BIC score: 4233.685331
Free parameters (model + branch lengths): 40

Best ML tree saved to: /home/fili/Documents/KIT/2023/BA/code/output/families/ssim_NE_s20_f100_sites200_GTR_bl1.0_d0.0_l0.0_t0.0_gc0.0_p0.0_pop10_ms0.0_mf0.0_seed19732311/families/family_070/misc/raxml_output.F81.raxml.bestTree
All ML trees saved to: /home/fili/Documents/KIT/2023/BA/code/output/families/ssim_NE_s20_f100_sites200_GTR_bl1.0_d0.0_l0.0_t0.0_gc0.0_p0.0_pop10_ms0.0_mf0.0_seed19732311/families/family_070/misc/raxml_output.F81.raxml.mlTrees
Optimized model saved to: /home/fili/Documents/KIT/2023/BA/code/output/families/ssim_NE_s20_f100_sites200_GTR_bl1.0_d0.0_l0.0_t0.0_gc0.0_p0.0_pop10_ms0.0_mf0.0_seed19732311/families/family_070/misc/raxml_output.F81.raxml.bestModel

Execution log saved to: /home/fili/Documents/KIT/2023/BA/code/output/families/ssim_NE_s20_f100_sites200_GTR_bl1.0_d0.0_l0.0_t0.0_gc0.0_p0.0_pop10_ms0.0_mf0.0_seed19732311/families/family_070/misc/raxml_output.F81.raxml.log

Analysis started: 21-Jun-2023 14:53:37 / finished: 21-Jun-2023 14:53:37

Elapsed time: 0.379 seconds

