
RAxML-NG v. 1.1.0 released on 29.11.2021 by The Exelixis Lab.
Developed by: Alexey M. Kozlov and Alexandros Stamatakis.
Contributors: Diego Darriba, Tomas Flouri, Benoit Morel, Sarah Lutteropp, Ben Bettisworth.
Latest version: https://github.com/amkozlov/raxml-ng
Questions/problems/suggestions? Please visit: https://groups.google.com/forum/#!forum/raxml

System: AMD Ryzen 7 5800X 8-Core Processor, 8 cores, 31 GB RAM

RAxML-NG was called at 27-Jun-2023 13:01:42 as follows:

/home/fili/Documents/KIT/2023/BA/resources/tools/RAxML-NG/raxml-ng --msa /home/fili/Documents/KIT/2023/BA/code/output/families/ssim_DL_s20_f100_sites200_GTR_bl1.0_d1.0_l1.0_t0.0_gc0.0_p0.0_pop10_ms0.0_mf0.0_seed1007/families/family_039/alignment.msa --model F81 --prefix /home/fili/Documents/KIT/2023/BA/code/output/families/ssim_DL_s20_f100_sites200_GTR_bl1.0_d1.0_l1.0_t0.0_gc0.0_p0.0_pop10_ms0.0_mf0.0_seed1007/families/family_039/misc/raxml_output.F81

Analysis options:
  run mode: ML tree search
  start tree(s): random (10) + parsimony (10)
  random seed: 1687863702
  tip-inner: OFF
  pattern compression: ON
  per-rate scalers: OFF
  site repeats: ON
  fast spr radius: AUTO
  spr subtree cutoff: 1.000000
  branch lengths: proportional (ML estimate, algorithm: NR-FAST)
  SIMD kernels: AVX2
  parallelization: coarse-grained (auto), PTHREADS (auto)

[00:00:00] Reading alignment from file: /home/fili/Documents/KIT/2023/BA/code/output/families/ssim_DL_s20_f100_sites200_GTR_bl1.0_d1.0_l1.0_t0.0_gc0.0_p0.0_pop10_ms0.0_mf0.0_seed1007/families/family_039/alignment.msa
[00:00:00] Loaded alignment with 27 taxa and 228 sites

WARNING: Sequences 8_2_0 and 2_2_0 are exactly identical!
WARNING: Sequences 2_8_0 and 8_8_0 are exactly identical!
WARNING: Duplicate sequences found: 2

NOTE: Reduced alignment (with duplicates and gap-only sites/taxa removed) 
NOTE: was saved to: /home/fili/Documents/KIT/2023/BA/code/output/families/ssim_DL_s20_f100_sites200_GTR_bl1.0_d1.0_l1.0_t0.0_gc0.0_p0.0_pop10_ms0.0_mf0.0_seed1007/families/family_039/misc/raxml_output.F81.raxml.reduced.phy

Alignment comprises 1 partitions and 111 patterns

Partition 0: noname
Model: F81+FO
Alignment sites / patterns: 228 / 111
Gaps: 0.00 %
Invariant sites: 50.88 %


NOTE: Binary MSA file created: /home/fili/Documents/KIT/2023/BA/code/output/families/ssim_DL_s20_f100_sites200_GTR_bl1.0_d1.0_l1.0_t0.0_gc0.0_p0.0_pop10_ms0.0_mf0.0_seed1007/families/family_039/misc/raxml_output.F81.raxml.rba

Parallelization scheme autoconfig: 8 worker(s) x 1 thread(s)

Parallel reduction/worker buffer size: 1 KB  / 0 KB

[00:00:00] Generating 10 random starting tree(s) with 27 taxa
[00:00:00] Generating 10 parsimony starting tree(s) with 27 taxa
[00:00:00] Data distribution: max. partitions/sites/weight per thread: 1 / 111 / 444
[00:00:00] Data distribution: max. searches per worker: 3

Starting ML tree search with 20 distinct starting trees

[00:00:00 -3173.050169] Initial branch length optimization
[00:00:00 -2721.504255] Model parameter optimization (eps = 10.000000)
[00:00:00 -2681.396599] AUTODETECT spr round 1 (radius: 5)
[00:00:00 -1616.601187] AUTODETECT spr round 2 (radius: 10)
[00:00:00 -1616.599176] SPR radius for FAST iterations: 5 (autodetect)
[00:00:00 -1616.599176] Model parameter optimization (eps = 3.000000)
[00:00:00 -1613.282598] FAST spr round 1 (radius: 5)
[00:00:00 -1552.858959] FAST spr round 2 (radius: 5)
[00:00:00 -1551.267886] FAST spr round 3 (radius: 5)
[00:00:00 -1551.164214] FAST spr round 4 (radius: 5)
[00:00:00 -1551.164211] Model parameter optimization (eps = 1.000000)
[00:00:00 -1550.105484] SLOW spr round 1 (radius: 5)
[00:00:00] [worker #7] ML tree search #8, logLikelihood: -1547.709381
[00:00:00 -1547.976987] SLOW spr round 2 (radius: 5)
[00:00:00] [worker #3] ML tree search #4, logLikelihood: -1547.709384
[00:00:00] [worker #4] ML tree search #5, logLikelihood: -1547.709385
[00:00:00] [worker #1] ML tree search #2, logLikelihood: -1547.709381
[00:00:00 -1547.976967] SLOW spr round 3 (radius: 10)
[00:00:00] [worker #5] ML tree search #6, logLikelihood: -1547.709385
[00:00:00 -1547.976967] SLOW spr round 4 (radius: 15)
[00:00:00 -1547.976967] SLOW spr round 5 (radius: 20)
[00:00:00 -1547.976967] SLOW spr round 6 (radius: 25)
[00:00:00 -1547.976967] Model parameter optimization (eps = 0.100000)

[00:00:00] [worker #0] ML tree search #1, logLikelihood: -1547.709384

[00:00:00 -3410.476022] Initial branch length optimization
[00:00:00 -3076.670420] Model parameter optimization (eps = 10.000000)
[00:00:00] [worker #6] ML tree search #7, logLikelihood: -1547.709385
[00:00:00 -3017.630800] AUTODETECT spr round 1 (radius: 5)
[00:00:00 -1651.138855] AUTODETECT spr round 2 (radius: 10)
[00:00:00] [worker #2] ML tree search #3, logLikelihood: -1547.709384
[00:00:00 -1651.137566] SPR radius for FAST iterations: 5 (autodetect)
[00:00:00 -1651.137566] Model parameter optimization (eps = 3.000000)
[00:00:00] [worker #3] ML tree search #12, logLikelihood: -1547.709381
[00:00:00 -1649.226261] FAST spr round 1 (radius: 5)
[00:00:00] [worker #7] ML tree search #16, logLikelihood: -1547.709381
[00:00:00 -1548.545908] FAST spr round 2 (radius: 5)
[00:00:00 -1548.091854] FAST spr round 3 (radius: 5)
[00:00:00 -1548.091845] Model parameter optimization (eps = 1.000000)
[00:00:00 -1547.709515] SLOW spr round 1 (radius: 5)
[00:00:00] [worker #1] ML tree search #10, logLikelihood: -1547.709381
[00:00:00] [worker #4] ML tree search #13, logLikelihood: -1547.709382
[00:00:00] [worker #5] ML tree search #14, logLikelihood: -1547.709381
[00:00:00 -1547.709443] SLOW spr round 2 (radius: 10)
[00:00:00 -1547.709443] SLOW spr round 3 (radius: 15)
[00:00:00 -1547.709443] SLOW spr round 4 (radius: 20)
[00:00:00 -1547.709443] SLOW spr round 5 (radius: 25)
[00:00:00 -1547.709443] Model parameter optimization (eps = 0.100000)

[00:00:00] [worker #0] ML tree search #9, logLikelihood: -1547.709381

[00:00:00 -2197.218664] Initial branch length optimization
[00:00:00] [worker #3] ML tree search #20, logLikelihood: -1547.709381
[00:00:00 -1570.028312] Model parameter optimization (eps = 10.000000)
[00:00:00 -1551.083877] AUTODETECT spr round 1 (radius: 5)
[00:00:00 -1547.712017] AUTODETECT spr round 2 (radius: 10)
[00:00:00 -1547.711284] SPR radius for FAST iterations: 5 (autodetect)
[00:00:00 -1547.711284] Model parameter optimization (eps = 3.000000)
[00:00:00 -1547.709383] FAST spr round 1 (radius: 5)
[00:00:00] [worker #2] ML tree search #11, logLikelihood: -1547.709381
[00:00:00 -1547.709382] Model parameter optimization (eps = 1.000000)
[00:00:00 -1547.709382] SLOW spr round 1 (radius: 5)
[00:00:00] [worker #6] ML tree search #15, logLikelihood: -1547.709384
[00:00:00 -1547.709382] SLOW spr round 2 (radius: 10)
[00:00:00] [worker #1] ML tree search #18, logLikelihood: -1547.709380
[00:00:00 -1547.709382] SLOW spr round 3 (radius: 15)
[00:00:00 -1547.709382] SLOW spr round 4 (radius: 20)
[00:00:00 -1547.709382] SLOW spr round 5 (radius: 25)
[00:00:00 -1547.709382] Model parameter optimization (eps = 0.100000)

[00:00:00] [worker #0] ML tree search #17, logLikelihood: -1547.709382

[00:00:00] [worker #2] ML tree search #19, logLikelihood: -1547.709382

Optimized model parameters:

   Partition 0: noname
   Rate heterogeneity: NONE
   Base frequencies (ML): 0.301975 0.150465 0.324782 0.222777 
   Substitution rates (model): 1.000000 1.000000 1.000000 1.000000 1.000000 1.000000 


Final LogLikelihood: -1547.709380

AIC score: 3203.418761 / AICc score: 3237.754021 / BIC score: 3388.603425
Free parameters (model + branch lengths): 54

WARNING: Best ML tree contains 1 near-zero branches!

Best ML tree with collapsed near-zero branches saved to: /home/fili/Documents/KIT/2023/BA/code/output/families/ssim_DL_s20_f100_sites200_GTR_bl1.0_d1.0_l1.0_t0.0_gc0.0_p0.0_pop10_ms0.0_mf0.0_seed1007/families/family_039/misc/raxml_output.F81.raxml.bestTreeCollapsed
Best ML tree saved to: /home/fili/Documents/KIT/2023/BA/code/output/families/ssim_DL_s20_f100_sites200_GTR_bl1.0_d1.0_l1.0_t0.0_gc0.0_p0.0_pop10_ms0.0_mf0.0_seed1007/families/family_039/misc/raxml_output.F81.raxml.bestTree
All ML trees saved to: /home/fili/Documents/KIT/2023/BA/code/output/families/ssim_DL_s20_f100_sites200_GTR_bl1.0_d1.0_l1.0_t0.0_gc0.0_p0.0_pop10_ms0.0_mf0.0_seed1007/families/family_039/misc/raxml_output.F81.raxml.mlTrees
Optimized model saved to: /home/fili/Documents/KIT/2023/BA/code/output/families/ssim_DL_s20_f100_sites200_GTR_bl1.0_d1.0_l1.0_t0.0_gc0.0_p0.0_pop10_ms0.0_mf0.0_seed1007/families/family_039/misc/raxml_output.F81.raxml.bestModel

Execution log saved to: /home/fili/Documents/KIT/2023/BA/code/output/families/ssim_DL_s20_f100_sites200_GTR_bl1.0_d1.0_l1.0_t0.0_gc0.0_p0.0_pop10_ms0.0_mf0.0_seed1007/families/family_039/misc/raxml_output.F81.raxml.log

Analysis started: 27-Jun-2023 13:01:42 / finished: 27-Jun-2023 13:01:43

Elapsed time: 0.403 seconds

