
RAxML-NG v. 1.1.0 released on 29.11.2021 by The Exelixis Lab.
Developed by: Alexey M. Kozlov and Alexandros Stamatakis.
Contributors: Diego Darriba, Tomas Flouri, Benoit Morel, Sarah Lutteropp, Ben Bettisworth.
Latest version: https://github.com/amkozlov/raxml-ng
Questions/problems/suggestions? Please visit: https://groups.google.com/forum/#!forum/raxml

System: AMD Ryzen 7 5800X 8-Core Processor, 8 cores, 31 GB RAM

RAxML-NG was called at 27-Jun-2023 13:52:10 as follows:

/home/fili/Documents/KIT/2023/BA/resources/tools/RAxML-NG/raxml-ng --msa /home/fili/Documents/KIT/2023/BA/code/output/families/ssim_NE_s20_f100_sites200_GTR_bl1.0_d0.0_l0.0_t0.0_gc0.0_p0.0_pop10_ms0.0_mf0.0_seed14976684177860080345/families/family_013/alignment.msa --model F81 --prefix /home/fili/Documents/KIT/2023/BA/code/output/families/ssim_NE_s20_f100_sites200_GTR_bl1.0_d0.0_l0.0_t0.0_gc0.0_p0.0_pop10_ms0.0_mf0.0_seed14976684177860080345/families/family_013/misc/raxml_output.F81

Analysis options:
  run mode: ML tree search
  start tree(s): random (10) + parsimony (10)
  random seed: 1687866730
  tip-inner: OFF
  pattern compression: ON
  per-rate scalers: OFF
  site repeats: ON
  fast spr radius: AUTO
  spr subtree cutoff: 1.000000
  branch lengths: proportional (ML estimate, algorithm: NR-FAST)
  SIMD kernels: AVX2
  parallelization: coarse-grained (auto), PTHREADS (auto)

[00:00:00] Reading alignment from file: /home/fili/Documents/KIT/2023/BA/code/output/families/ssim_NE_s20_f100_sites200_GTR_bl1.0_d0.0_l0.0_t0.0_gc0.0_p0.0_pop10_ms0.0_mf0.0_seed14976684177860080345/families/family_013/alignment.msa
[00:00:00] Loaded alignment with 20 taxa and 213 sites

WARNING: Sequences 2_0_0 and 14_0_0 are exactly identical!
WARNING: Sequences 18_0_0 and 15_0_0 are exactly identical!
WARNING: Duplicate sequences found: 2

NOTE: Reduced alignment (with duplicates and gap-only sites/taxa removed) 
NOTE: was saved to: /home/fili/Documents/KIT/2023/BA/code/output/families/ssim_NE_s20_f100_sites200_GTR_bl1.0_d0.0_l0.0_t0.0_gc0.0_p0.0_pop10_ms0.0_mf0.0_seed14976684177860080345/families/family_013/misc/raxml_output.F81.raxml.reduced.phy

Alignment comprises 1 partitions and 63 patterns

Partition 0: noname
Model: F81+FO
Alignment sites / patterns: 213 / 63
Gaps: 0.00 %
Invariant sites: 66.67 %


NOTE: Binary MSA file created: /home/fili/Documents/KIT/2023/BA/code/output/families/ssim_NE_s20_f100_sites200_GTR_bl1.0_d0.0_l0.0_t0.0_gc0.0_p0.0_pop10_ms0.0_mf0.0_seed14976684177860080345/families/family_013/misc/raxml_output.F81.raxml.rba

Parallelization scheme autoconfig: 8 worker(s) x 1 thread(s)

Parallel reduction/worker buffer size: 1 KB  / 0 KB

[00:00:00] Generating 10 random starting tree(s) with 20 taxa
[00:00:00] Generating 10 parsimony starting tree(s) with 20 taxa
[00:00:00] Data distribution: max. partitions/sites/weight per thread: 1 / 63 / 252
[00:00:00] Data distribution: max. searches per worker: 3

Starting ML tree search with 20 distinct starting trees

[00:00:00 -2344.773707] Initial branch length optimization
[00:00:00 -1935.924382] Model parameter optimization (eps = 10.000000)
[00:00:00 -1920.348994] AUTODETECT spr round 1 (radius: 5)
[00:00:00 -1038.436794] AUTODETECT spr round 2 (radius: 10)
[00:00:00 -1022.142577] AUTODETECT spr round 3 (radius: 15)
[00:00:00 -1022.142463] SPR radius for FAST iterations: 10 (autodetect)
[00:00:00 -1022.142463] Model parameter optimization (eps = 3.000000)
[00:00:00 -1020.381991] FAST spr round 1 (radius: 10)
[00:00:00 -993.914255] FAST spr round 2 (radius: 10)
[00:00:00 -993.914243] Model parameter optimization (eps = 1.000000)
[00:00:00 -993.864726] SLOW spr round 1 (radius: 5)
[00:00:00 -990.626010] SLOW spr round 2 (radius: 5)
[00:00:00] [worker #2] ML tree search #3, logLikelihood: -989.381432
[00:00:00] [worker #3] ML tree search #4, logLikelihood: -989.381430
[00:00:00 -989.433003] SLOW spr round 3 (radius: 5)
[00:00:00] [worker #5] ML tree search #6, logLikelihood: -989.381430
[00:00:00] [worker #7] ML tree search #8, logLikelihood: -989.381431
[00:00:00] [worker #6] ML tree search #7, logLikelihood: -989.381430
[00:00:00] [worker #4] ML tree search #5, logLikelihood: -989.381432
[00:00:00] [worker #1] ML tree search #2, logLikelihood: -989.381431
[00:00:00 -989.433002] SLOW spr round 4 (radius: 10)
[00:00:00 -989.433002] SLOW spr round 5 (radius: 15)
[00:00:00 -989.433002] SLOW spr round 6 (radius: 20)
[00:00:00 -989.433002] Model parameter optimization (eps = 0.100000)

[00:00:00] [worker #0] ML tree search #1, logLikelihood: -989.381455

[00:00:00 -2419.905689] Initial branch length optimization
[00:00:00 -2030.289318] Model parameter optimization (eps = 10.000000)
[00:00:00 -2009.367156] AUTODETECT spr round 1 (radius: 5)
[00:00:00 -1003.483749] AUTODETECT spr round 2 (radius: 10)
[00:00:00 -1003.483721] SPR radius for FAST iterations: 5 (autodetect)
[00:00:00 -1003.483721] Model parameter optimization (eps = 3.000000)
[00:00:00 -1002.483169] FAST spr round 1 (radius: 5)
[00:00:00] [worker #3] ML tree search #12, logLikelihood: -989.381431
[00:00:00] [worker #2] ML tree search #11, logLikelihood: -989.381430
[00:00:00] [worker #6] ML tree search #15, logLikelihood: -989.381431
[00:00:00 -989.489165] FAST spr round 2 (radius: 5)
[00:00:00] [worker #4] ML tree search #13, logLikelihood: -989.381431
[00:00:00 -989.488852] Model parameter optimization (eps = 1.000000)
[00:00:00 -989.381489] SLOW spr round 1 (radius: 5)
[00:00:00 -989.381434] SLOW spr round 2 (radius: 10)
[00:00:00] [worker #5] ML tree search #14, logLikelihood: -989.381431
[00:00:00] [worker #7] ML tree search #16, logLikelihood: -989.381431
[00:00:00 -989.381434] SLOW spr round 3 (radius: 15)
[00:00:00] [worker #1] ML tree search #10, logLikelihood: -989.381432
[00:00:00 -989.381434] SLOW spr round 4 (radius: 20)
[00:00:00 -989.381434] Model parameter optimization (eps = 0.100000)

[00:00:00] [worker #0] ML tree search #9, logLikelihood: -989.381430

[00:00:00 -1514.561859] Initial branch length optimization
[00:00:00 -1001.447512] Model parameter optimization (eps = 10.000000)
[00:00:00 -992.341748] AUTODETECT spr round 1 (radius: 5)
[00:00:00 -989.390241] AUTODETECT spr round 2 (radius: 10)
[00:00:00] [worker #2] ML tree search #19, logLikelihood: -989.381431
[00:00:00] [worker #3] ML tree search #20, logLikelihood: -989.381430
[00:00:00 -989.390088] SPR radius for FAST iterations: 5 (autodetect)
[00:00:00 -989.390088] Model parameter optimization (eps = 3.000000)
[00:00:00 -989.381437] FAST spr round 1 (radius: 5)
[00:00:00 -989.381436] Model parameter optimization (eps = 1.000000)
[00:00:00 -989.381436] SLOW spr round 1 (radius: 5)
[00:00:00 -989.381430] SLOW spr round 2 (radius: 10)
[00:00:00] [worker #1] ML tree search #18, logLikelihood: -989.381431
[00:00:00 -989.381430] SLOW spr round 3 (radius: 15)
[00:00:00 -989.381430] SLOW spr round 4 (radius: 20)
[00:00:00 -989.381430] Model parameter optimization (eps = 0.100000)

[00:00:00] [worker #0] ML tree search #17, logLikelihood: -989.381430


Optimized model parameters:

   Partition 0: noname
   Rate heterogeneity: NONE
   Base frequencies (ML): 0.256183 0.167185 0.329157 0.247474 
   Substitution rates (model): 1.000000 1.000000 1.000000 1.000000 1.000000 1.000000 


Final LogLikelihood: -989.381430

AIC score: 2058.762859 / AICc score: 2077.832626 / BIC score: 2193.214546
Free parameters (model + branch lengths): 40

WARNING: Best ML tree contains 4 near-zero branches!

Best ML tree with collapsed near-zero branches saved to: /home/fili/Documents/KIT/2023/BA/code/output/families/ssim_NE_s20_f100_sites200_GTR_bl1.0_d0.0_l0.0_t0.0_gc0.0_p0.0_pop10_ms0.0_mf0.0_seed14976684177860080345/families/family_013/misc/raxml_output.F81.raxml.bestTreeCollapsed
Best ML tree saved to: /home/fili/Documents/KIT/2023/BA/code/output/families/ssim_NE_s20_f100_sites200_GTR_bl1.0_d0.0_l0.0_t0.0_gc0.0_p0.0_pop10_ms0.0_mf0.0_seed14976684177860080345/families/family_013/misc/raxml_output.F81.raxml.bestTree
All ML trees saved to: /home/fili/Documents/KIT/2023/BA/code/output/families/ssim_NE_s20_f100_sites200_GTR_bl1.0_d0.0_l0.0_t0.0_gc0.0_p0.0_pop10_ms0.0_mf0.0_seed14976684177860080345/families/family_013/misc/raxml_output.F81.raxml.mlTrees
Optimized model saved to: /home/fili/Documents/KIT/2023/BA/code/output/families/ssim_NE_s20_f100_sites200_GTR_bl1.0_d0.0_l0.0_t0.0_gc0.0_p0.0_pop10_ms0.0_mf0.0_seed14976684177860080345/families/family_013/misc/raxml_output.F81.raxml.bestModel

Execution log saved to: /home/fili/Documents/KIT/2023/BA/code/output/families/ssim_NE_s20_f100_sites200_GTR_bl1.0_d0.0_l0.0_t0.0_gc0.0_p0.0_pop10_ms0.0_mf0.0_seed14976684177860080345/families/family_013/misc/raxml_output.F81.raxml.log

Analysis started: 27-Jun-2023 13:52:10 / finished: 27-Jun-2023 13:52:10

Elapsed time: 0.152 seconds

