
RAxML-NG v. 1.1.0 released on 29.11.2021 by The Exelixis Lab.
Developed by: Alexey M. Kozlov and Alexandros Stamatakis.
Contributors: Diego Darriba, Tomas Flouri, Benoit Morel, Sarah Lutteropp, Ben Bettisworth.
Latest version: https://github.com/amkozlov/raxml-ng
Questions/problems/suggestions? Please visit: https://groups.google.com/forum/#!forum/raxml

System: AMD Ryzen 7 5800X 8-Core Processor, 8 cores, 31 GB RAM

RAxML-NG was called at 12-Jun-2023 12:41:39 as follows:

/home/fili/Documents/KIT/2023/BA/resources/tools/RAxML-NG/raxml-ng --msa /home/fili/Documents/KIT/2023/BA/code/output/families/ssim_dtl_s20_f100_sites200_GTR_bl1.0_d0.0_l0.0_t1.0_gc0.0_p0.0_pop10_ms0.0_mf0.0_seed42/families/family_034/alignment.msa --model GTR+G --prefix /home/fili/Documents/KIT/2023/BA/code/output/families/ssim_dtl_s20_f100_sites200_GTR_bl1.0_d0.0_l0.0_t1.0_gc0.0_p0.0_pop10_ms0.0_mf0.0_seed42/families/family_034/misc/raxml_output.GTR+G

Analysis options:
  run mode: ML tree search
  start tree(s): random (10) + parsimony (10)
  random seed: 1686566499
  tip-inner: OFF
  pattern compression: ON
  per-rate scalers: OFF
  site repeats: ON
  fast spr radius: AUTO
  spr subtree cutoff: 1.000000
  branch lengths: proportional (ML estimate, algorithm: NR-FAST)
  SIMD kernels: AVX2
  parallelization: coarse-grained (auto), PTHREADS (auto)

[00:00:00] Reading alignment from file: /home/fili/Documents/KIT/2023/BA/code/output/families/ssim_dtl_s20_f100_sites200_GTR_bl1.0_d0.0_l0.0_t1.0_gc0.0_p0.0_pop10_ms0.0_mf0.0_seed42/families/family_034/alignment.msa
[00:00:00] Loaded alignment with 20 taxa and 162 sites

WARNING: Sequences 12_0_0 and 10_0_0 are exactly identical!
WARNING: Sequences 13_0_0 and 9_0_0 are exactly identical!
WARNING: Duplicate sequences found: 2

NOTE: Reduced alignment (with duplicates and gap-only sites/taxa removed) 
NOTE: was saved to: /home/fili/Documents/KIT/2023/BA/code/output/families/ssim_dtl_s20_f100_sites200_GTR_bl1.0_d0.0_l0.0_t1.0_gc0.0_p0.0_pop10_ms0.0_mf0.0_seed42/families/family_034/misc/raxml_output.GTR+G.raxml.reduced.phy

Alignment comprises 1 partitions and 100 patterns

Partition 0: noname
Model: GTR+FO+G4m
Alignment sites / patterns: 162 / 100
Gaps: 0.00 %
Invariant sites: 30.86 %


NOTE: Binary MSA file created: /home/fili/Documents/KIT/2023/BA/code/output/families/ssim_dtl_s20_f100_sites200_GTR_bl1.0_d0.0_l0.0_t1.0_gc0.0_p0.0_pop10_ms0.0_mf0.0_seed42/families/family_034/misc/raxml_output.GTR+G.raxml.rba

Parallelization scheme autoconfig: 8 worker(s) x 1 thread(s)

Parallel reduction/worker buffer size: 1 KB  / 0 KB

[00:00:00] Generating 10 random starting tree(s) with 20 taxa
[00:00:00] Generating 10 parsimony starting tree(s) with 20 taxa
[00:00:00] Data distribution: max. partitions/sites/weight per thread: 1 / 100 / 1600
[00:00:00] Data distribution: max. searches per worker: 3

Starting ML tree search with 20 distinct starting trees

[00:00:00 -2388.406067] Initial branch length optimization
[00:00:00 -1971.992059] Model parameter optimization (eps = 10.000000)
[00:00:00 -1571.156445] AUTODETECT spr round 1 (radius: 5)
[00:00:00 -1062.043305] AUTODETECT spr round 2 (radius: 10)
[00:00:00 -1062.039659] SPR radius for FAST iterations: 5 (autodetect)
[00:00:00 -1062.039659] Model parameter optimization (eps = 3.000000)
[00:00:00 -1033.276237] FAST spr round 1 (radius: 5)
[00:00:00 -1026.804099] FAST spr round 2 (radius: 5)
[00:00:00 -1026.803830] Model parameter optimization (eps = 1.000000)
[00:00:00 -1026.125664] SLOW spr round 1 (radius: 5)
[00:00:00 -1026.124652] SLOW spr round 2 (radius: 10)
[00:00:00] [worker #7] ML tree search #8, logLikelihood: -1024.209436
[00:00:00 -1024.927663] SLOW spr round 3 (radius: 5)
[00:00:00] [worker #2] ML tree search #3, logLikelihood: -1024.333172
[00:00:00 -1024.663158] SLOW spr round 4 (radius: 5)
[00:00:00] [worker #5] ML tree search #6, logLikelihood: -1024.123299
[00:00:00 -1024.649536] SLOW spr round 5 (radius: 10)
[00:00:00] [worker #6] ML tree search #7, logLikelihood: -1024.256447
[00:00:00 -1024.649522] SLOW spr round 6 (radius: 15)
[00:00:00 -1024.649521] SLOW spr round 7 (radius: 20)
[00:00:00 -1024.649521] Model parameter optimization (eps = 0.100000)
[00:00:00] [worker #7] ML tree search #16, logLikelihood: -1023.968683
[00:00:00] [worker #4] ML tree search #5, logLikelihood: -1024.198763

[00:00:00] [worker #0] ML tree search #1, logLikelihood: -1024.152769

[00:00:00 -2390.451295] Initial branch length optimization
[00:00:00 -1991.917928] Model parameter optimization (eps = 10.000000)
[00:00:00] [worker #1] ML tree search #2, logLikelihood: -1024.026613
[00:00:00 -1570.199919] AUTODETECT spr round 1 (radius: 5)
[00:00:00] [worker #2] ML tree search #11, logLikelihood: -1025.608083
[00:00:00 -1197.893130] AUTODETECT spr round 2 (radius: 10)
[00:00:00 -1080.433046] AUTODETECT spr round 3 (radius: 15)
[00:00:00 -1080.425425] SPR radius for FAST iterations: 10 (autodetect)
[00:00:00 -1080.425425] Model parameter optimization (eps = 3.000000)
[00:00:00] [worker #3] ML tree search #4, logLikelihood: -1024.297254
[00:00:00 -1058.093399] FAST spr round 1 (radius: 10)
[00:00:00] [worker #5] ML tree search #14, logLikelihood: -1023.972442
[00:00:00 -1029.452214] FAST spr round 2 (radius: 10)
[00:00:00] [worker #6] ML tree search #15, logLikelihood: -1023.972265
[00:00:00 -1028.227436] FAST spr round 3 (radius: 10)
[00:00:00 -1028.046309] FAST spr round 4 (radius: 10)
[00:00:00 -1028.046202] Model parameter optimization (eps = 1.000000)
[00:00:00 -1024.898349] SLOW spr round 1 (radius: 5)
[00:00:00] [worker #4] ML tree search #13, logLikelihood: -1023.969908
[00:00:00 -1024.857020] SLOW spr round 2 (radius: 10)
[00:00:00] [worker #2] ML tree search #19, logLikelihood: -1025.618759
[00:00:00 -1024.854696] SLOW spr round 3 (radius: 15)
[00:00:00 -1024.854497] SLOW spr round 4 (radius: 20)
[00:00:00 -1024.854481] Model parameter optimization (eps = 0.100000)
[00:00:00] [worker #3] ML tree search #12, logLikelihood: -1023.970580

[00:00:00] [worker #0] ML tree search #9, logLikelihood: -1024.315450

[00:00:00 -1482.421742] Initial branch length optimization
[00:00:00 -1280.667776] Model parameter optimization (eps = 10.000000)
[00:00:00] [worker #1] ML tree search #10, logLikelihood: -1025.635115
[00:00:00 -1027.120097] AUTODETECT spr round 1 (radius: 5)
[00:00:00 -1024.766597] AUTODETECT spr round 2 (radius: 10)
[00:00:00 -1024.741617] SPR radius for FAST iterations: 5 (autodetect)
[00:00:00 -1024.741617] Model parameter optimization (eps = 3.000000)
[00:00:00 -1024.347797] FAST spr round 1 (radius: 5)
[00:00:00 -1024.114787] FAST spr round 2 (radius: 5)
[00:00:00 -1024.090287] Model parameter optimization (eps = 1.000000)
[00:00:00 -1023.997210] SLOW spr round 1 (radius: 5)
[00:00:00] [worker #3] ML tree search #20, logLikelihood: -1023.974515
[00:00:00 -1023.994127] SLOW spr round 2 (radius: 10)
[00:00:00 -1023.994069] SLOW spr round 3 (radius: 15)
[00:00:00] [worker #1] ML tree search #18, logLikelihood: -1023.973987
[00:00:00 -1023.994067] SLOW spr round 4 (radius: 20)
[00:00:00 -1023.994067] Model parameter optimization (eps = 0.100000)

[00:00:00] [worker #0] ML tree search #17, logLikelihood: -1023.969649


Optimized model parameters:

   Partition 0: noname
   Rate heterogeneity: GAMMA (4 cats, mean),  alpha: 99.840911 (ML),  weights&rates: (0.250000,0.875809) (0.250000,0.964709) (0.250000,1.029570) (0.250000,1.129912) 
   Base frequencies (ML): 0.262949 0.300276 0.247221 0.189554 
   Substitution rates (ML): 1.660991 99.416598 4.450838 1.434492 5.472783 1.000000 


Final LogLikelihood: -1023.968683

AIC score: 2139.937366 / AICc score: 2177.537366 / BIC score: 2281.966798
Free parameters (model + branch lengths): 46

WARNING: Best ML tree contains 1 near-zero branches!

Best ML tree with collapsed near-zero branches saved to: /home/fili/Documents/KIT/2023/BA/code/output/families/ssim_dtl_s20_f100_sites200_GTR_bl1.0_d0.0_l0.0_t1.0_gc0.0_p0.0_pop10_ms0.0_mf0.0_seed42/families/family_034/misc/raxml_output.GTR+G.raxml.bestTreeCollapsed
Best ML tree saved to: /home/fili/Documents/KIT/2023/BA/code/output/families/ssim_dtl_s20_f100_sites200_GTR_bl1.0_d0.0_l0.0_t1.0_gc0.0_p0.0_pop10_ms0.0_mf0.0_seed42/families/family_034/misc/raxml_output.GTR+G.raxml.bestTree
All ML trees saved to: /home/fili/Documents/KIT/2023/BA/code/output/families/ssim_dtl_s20_f100_sites200_GTR_bl1.0_d0.0_l0.0_t1.0_gc0.0_p0.0_pop10_ms0.0_mf0.0_seed42/families/family_034/misc/raxml_output.GTR+G.raxml.mlTrees
Optimized model saved to: /home/fili/Documents/KIT/2023/BA/code/output/families/ssim_dtl_s20_f100_sites200_GTR_bl1.0_d0.0_l0.0_t1.0_gc0.0_p0.0_pop10_ms0.0_mf0.0_seed42/families/family_034/misc/raxml_output.GTR+G.raxml.bestModel

Execution log saved to: /home/fili/Documents/KIT/2023/BA/code/output/families/ssim_dtl_s20_f100_sites200_GTR_bl1.0_d0.0_l0.0_t1.0_gc0.0_p0.0_pop10_ms0.0_mf0.0_seed42/families/family_034/misc/raxml_output.GTR+G.raxml.log

Analysis started: 12-Jun-2023 12:41:39 / finished: 12-Jun-2023 12:41:40

Elapsed time: 0.789 seconds

