
RAxML-NG v. 1.1.0 released on 29.11.2021 by The Exelixis Lab.
Developed by: Alexey M. Kozlov and Alexandros Stamatakis.
Contributors: Diego Darriba, Tomas Flouri, Benoit Morel, Sarah Lutteropp, Ben Bettisworth.
Latest version: https://github.com/amkozlov/raxml-ng
Questions/problems/suggestions? Please visit: https://groups.google.com/forum/#!forum/raxml

System: AMD Ryzen 7 5800X 8-Core Processor, 8 cores, 31 GB RAM

RAxML-NG was called at 27-Jun-2023 13:01:39 as follows:

/home/fili/Documents/KIT/2023/BA/resources/tools/RAxML-NG/raxml-ng --msa /home/fili/Documents/KIT/2023/BA/code/output/families/ssim_DL_s20_f100_sites200_GTR_bl1.0_d1.0_l1.0_t0.0_gc0.0_p0.0_pop10_ms0.0_mf0.0_seed1007/families/family_061/alignment.msa --model F81 --prefix /home/fili/Documents/KIT/2023/BA/code/output/families/ssim_DL_s20_f100_sites200_GTR_bl1.0_d1.0_l1.0_t0.0_gc0.0_p0.0_pop10_ms0.0_mf0.0_seed1007/families/family_061/misc/raxml_output.F81

Analysis options:
  run mode: ML tree search
  start tree(s): random (10) + parsimony (10)
  random seed: 1687863699
  tip-inner: OFF
  pattern compression: ON
  per-rate scalers: OFF
  site repeats: ON
  fast spr radius: AUTO
  spr subtree cutoff: 1.000000
  branch lengths: proportional (ML estimate, algorithm: NR-FAST)
  SIMD kernels: AVX2
  parallelization: coarse-grained (auto), PTHREADS (auto)

[00:00:00] Reading alignment from file: /home/fili/Documents/KIT/2023/BA/code/output/families/ssim_DL_s20_f100_sites200_GTR_bl1.0_d1.0_l1.0_t0.0_gc0.0_p0.0_pop10_ms0.0_mf0.0_seed1007/families/family_061/alignment.msa
[00:00:00] Loaded alignment with 43 taxa and 432 sites

WARNING: Sequences 8_4_0 and 2_4_0 are exactly identical!
WARNING: Sequences 2_3_0 and 8_3_0 are exactly identical!
WARNING: Duplicate sequences found: 2

NOTE: Reduced alignment (with duplicates and gap-only sites/taxa removed) 
NOTE: was saved to: /home/fili/Documents/KIT/2023/BA/code/output/families/ssim_DL_s20_f100_sites200_GTR_bl1.0_d1.0_l1.0_t0.0_gc0.0_p0.0_pop10_ms0.0_mf0.0_seed1007/families/family_061/misc/raxml_output.F81.raxml.reduced.phy

Alignment comprises 1 partitions and 298 patterns

Partition 0: noname
Model: F81+FO
Alignment sites / patterns: 432 / 298
Gaps: 0.00 %
Invariant sites: 28.01 %


NOTE: Binary MSA file created: /home/fili/Documents/KIT/2023/BA/code/output/families/ssim_DL_s20_f100_sites200_GTR_bl1.0_d1.0_l1.0_t0.0_gc0.0_p0.0_pop10_ms0.0_mf0.0_seed1007/families/family_061/misc/raxml_output.F81.raxml.rba

Parallelization scheme autoconfig: 8 worker(s) x 1 thread(s)

Parallel reduction/worker buffer size: 1 KB  / 0 KB

[00:00:00] Generating 10 random starting tree(s) with 43 taxa
[00:00:00] Generating 10 parsimony starting tree(s) with 43 taxa
[00:00:00] Data distribution: max. partitions/sites/weight per thread: 1 / 298 / 1192
[00:00:00] Data distribution: max. searches per worker: 3

Starting ML tree search with 20 distinct starting trees

[00:00:00 -13437.362988] Initial branch length optimization
[00:00:00 -12320.765445] Model parameter optimization (eps = 10.000000)
[00:00:00 -12299.885351] AUTODETECT spr round 1 (radius: 5)
[00:00:00 -7486.842280] AUTODETECT spr round 2 (radius: 10)
[00:00:00 -6858.957517] AUTODETECT spr round 3 (radius: 15)
[00:00:00 -6858.957166] SPR radius for FAST iterations: 10 (autodetect)
[00:00:00 -6858.957166] Model parameter optimization (eps = 3.000000)
[00:00:00 -6856.055657] FAST spr round 1 (radius: 10)
[00:00:00 -6641.341305] FAST spr round 2 (radius: 10)
[00:00:00 -6627.828254] FAST spr round 3 (radius: 10)
[00:00:00 -6620.070840] FAST spr round 4 (radius: 10)
[00:00:00 -6612.693027] FAST spr round 5 (radius: 10)
[00:00:00 -6612.336996] FAST spr round 6 (radius: 10)
[00:00:00 -6612.099471] FAST spr round 7 (radius: 10)
[00:00:00 -6612.099458] Model parameter optimization (eps = 1.000000)
[00:00:00 -6612.065923] SLOW spr round 1 (radius: 5)
[00:00:00] [worker #5] ML tree search #6, logLikelihood: -6611.398061
[00:00:00 -6612.065890] SLOW spr round 2 (radius: 10)
[00:00:00] [worker #6] ML tree search #7, logLikelihood: -6610.392347
[00:00:00] [worker #3] ML tree search #4, logLikelihood: -6610.392348
[00:00:00] [worker #1] ML tree search #2, logLikelihood: -6612.065903
[00:00:00 -6612.065887] SLOW spr round 3 (radius: 15)
[00:00:00] [worker #2] ML tree search #3, logLikelihood: -6612.065901
[00:00:00 -6612.065886] SLOW spr round 4 (radius: 20)
[00:00:00 -6612.065886] SLOW spr round 5 (radius: 25)
[00:00:00] [worker #4] ML tree search #5, logLikelihood: -6612.065913
[00:00:00 -6612.065886] Model parameter optimization (eps = 0.100000)

[00:00:00] [worker #0] ML tree search #1, logLikelihood: -6612.065884

[00:00:00 -13436.079511] Initial branch length optimization
[00:00:00 -12252.988211] Model parameter optimization (eps = 10.000000)
[00:00:00 -12236.638488] AUTODETECT spr round 1 (radius: 5)
[00:00:00 -7770.754750] AUTODETECT spr round 2 (radius: 10)
[00:00:00] [worker #7] ML tree search #8, logLikelihood: -6611.398061
[00:00:00 -6959.075497] AUTODETECT spr round 3 (radius: 15)
[00:00:00 -6959.074188] SPR radius for FAST iterations: 10 (autodetect)
[00:00:00 -6959.074188] Model parameter optimization (eps = 3.000000)
[00:00:00 -6951.029096] FAST spr round 1 (radius: 10)
[00:00:00 -6627.379085] FAST spr round 2 (radius: 10)
[00:00:00 -6612.912774] FAST spr round 3 (radius: 10)
[00:00:01] [worker #5] ML tree search #14, logLikelihood: -6612.065892
[00:00:01 -6612.377104] FAST spr round 4 (radius: 10)
[00:00:01 -6612.144740] FAST spr round 5 (radius: 10)
[00:00:01 -6612.144702] Model parameter optimization (eps = 1.000000)
[00:00:01 -6612.066553] SLOW spr round 1 (radius: 5)
[00:00:01] [worker #4] ML tree search #13, logLikelihood: -6610.392350
[00:00:01] [worker #6] ML tree search #15, logLikelihood: -6610.392376
[00:00:01] [worker #3] ML tree search #12, logLikelihood: -6612.065894
[00:00:01 -6612.066064] SLOW spr round 2 (radius: 10)
[00:00:01] [worker #2] ML tree search #11, logLikelihood: -6612.065894
[00:00:01 -6612.066014] SLOW spr round 3 (radius: 15)
[00:00:01 -6612.066009] SLOW spr round 4 (radius: 20)
[00:00:01 -6612.066008] SLOW spr round 5 (radius: 25)
[00:00:01 -6612.066008] Model parameter optimization (eps = 0.100000)

[00:00:01] [worker #0] ML tree search #9, logLikelihood: -6612.065903

[00:00:01 -8220.939559] Initial branch length optimization
[00:00:01 -6653.361877] Model parameter optimization (eps = 10.000000)
[00:00:01] [worker #7] ML tree search #16, logLikelihood: -6612.065884
[00:00:01 -6629.377285] AUTODETECT spr round 1 (radius: 5)
[00:00:01 -6612.608218] AUTODETECT spr round 2 (radius: 10)
[00:00:01] [worker #1] ML tree search #10, logLikelihood: -6611.398078
[00:00:01 -6612.599247] SPR radius for FAST iterations: 5 (autodetect)
[00:00:01 -6612.599247] Model parameter optimization (eps = 3.000000)
[00:00:01 -6612.568693] FAST spr round 1 (radius: 5)
[00:00:01 -6612.071625] FAST spr round 2 (radius: 5)
[00:00:01 -6612.070983] Model parameter optimization (eps = 1.000000)
[00:00:01 -6612.065979] SLOW spr round 1 (radius: 5)
[00:00:01 -6612.065901] SLOW spr round 2 (radius: 10)
[00:00:01] [worker #2] ML tree search #19, logLikelihood: -6611.574704
[00:00:01 -6612.065891] SLOW spr round 3 (radius: 15)
[00:00:01 -6612.065890] SLOW spr round 4 (radius: 20)
[00:00:01 -6612.065890] SLOW spr round 5 (radius: 25)
[00:00:01 -6612.065890] Model parameter optimization (eps = 0.100000)

[00:00:01] [worker #0] ML tree search #17, logLikelihood: -6612.065885

[00:00:01] [worker #1] ML tree search #18, logLikelihood: -6612.065886
[00:00:02] [worker #3] ML tree search #20, logLikelihood: -6611.398069

Optimized model parameters:

   Partition 0: noname
   Rate heterogeneity: NONE
   Base frequencies (ML): 0.289994 0.179859 0.257139 0.273009 
   Substitution rates (model): 1.000000 1.000000 1.000000 1.000000 1.000000 1.000000 


Final LogLikelihood: -6610.392347

AIC score: 13392.784694 / AICc score: 13436.158607 / BIC score: 13742.669295
Free parameters (model + branch lengths): 86

WARNING: Best ML tree contains 1 near-zero branches!

Best ML tree with collapsed near-zero branches saved to: /home/fili/Documents/KIT/2023/BA/code/output/families/ssim_DL_s20_f100_sites200_GTR_bl1.0_d1.0_l1.0_t0.0_gc0.0_p0.0_pop10_ms0.0_mf0.0_seed1007/families/family_061/misc/raxml_output.F81.raxml.bestTreeCollapsed
Best ML tree saved to: /home/fili/Documents/KIT/2023/BA/code/output/families/ssim_DL_s20_f100_sites200_GTR_bl1.0_d1.0_l1.0_t0.0_gc0.0_p0.0_pop10_ms0.0_mf0.0_seed1007/families/family_061/misc/raxml_output.F81.raxml.bestTree
All ML trees saved to: /home/fili/Documents/KIT/2023/BA/code/output/families/ssim_DL_s20_f100_sites200_GTR_bl1.0_d1.0_l1.0_t0.0_gc0.0_p0.0_pop10_ms0.0_mf0.0_seed1007/families/family_061/misc/raxml_output.F81.raxml.mlTrees
Optimized model saved to: /home/fili/Documents/KIT/2023/BA/code/output/families/ssim_DL_s20_f100_sites200_GTR_bl1.0_d1.0_l1.0_t0.0_gc0.0_p0.0_pop10_ms0.0_mf0.0_seed1007/families/family_061/misc/raxml_output.F81.raxml.bestModel

Execution log saved to: /home/fili/Documents/KIT/2023/BA/code/output/families/ssim_DL_s20_f100_sites200_GTR_bl1.0_d1.0_l1.0_t0.0_gc0.0_p0.0_pop10_ms0.0_mf0.0_seed1007/families/family_061/misc/raxml_output.F81.raxml.log

Analysis started: 27-Jun-2023 13:01:39 / finished: 27-Jun-2023 13:01:41

Elapsed time: 2.084 seconds

