
RAxML-NG v. 1.1.0 released on 29.11.2021 by The Exelixis Lab.
Developed by: Alexey M. Kozlov and Alexandros Stamatakis.
Contributors: Diego Darriba, Tomas Flouri, Benoit Morel, Sarah Lutteropp, Ben Bettisworth.
Latest version: https://github.com/amkozlov/raxml-ng
Questions/problems/suggestions? Please visit: https://groups.google.com/forum/#!forum/raxml

System: AMD Ryzen 7 5800X 8-Core Processor, 8 cores, 31 GB RAM

RAxML-NG was called at 16-Jun-2023 09:59:06 as follows:

/home/fili/Documents/KIT/2023/BA/resources/tools/RAxML-NG/raxml-ng --msa /home/fili/Documents/KIT/2023/BA/code/output/families/ssim_NE_s20_f100_sites200_GTR_bl1.0_d0.0_l0.0_t0.0_gc0.0_p0.0_pop10_ms0.0_mf0.0_seed1007/families/family_021/alignment.msa --model F81 --prefix /home/fili/Documents/KIT/2023/BA/code/output/families/ssim_NE_s20_f100_sites200_GTR_bl1.0_d0.0_l0.0_t0.0_gc0.0_p0.0_pop10_ms0.0_mf0.0_seed1007/families/family_021/misc/raxml_output.F81

Analysis options:
  run mode: ML tree search
  start tree(s): random (10) + parsimony (10)
  random seed: 1686902346
  tip-inner: OFF
  pattern compression: ON
  per-rate scalers: OFF
  site repeats: ON
  fast spr radius: AUTO
  spr subtree cutoff: 1.000000
  branch lengths: proportional (ML estimate, algorithm: NR-FAST)
  SIMD kernels: AVX2
  parallelization: coarse-grained (auto), PTHREADS (auto)

[00:00:00] Reading alignment from file: /home/fili/Documents/KIT/2023/BA/code/output/families/ssim_NE_s20_f100_sites200_GTR_bl1.0_d0.0_l0.0_t0.0_gc0.0_p0.0_pop10_ms0.0_mf0.0_seed1007/families/family_021/alignment.msa
[00:00:00] Loaded alignment with 20 taxa and 170 sites

WARNING: Sequences 20_0_0 and 12_0_0 are exactly identical!
WARNING: Sequences 2_0_0 and 8_0_0 are exactly identical!
WARNING: Duplicate sequences found: 2

NOTE: Reduced alignment (with duplicates and gap-only sites/taxa removed) 
NOTE: was saved to: /home/fili/Documents/KIT/2023/BA/code/output/families/ssim_NE_s20_f100_sites200_GTR_bl1.0_d0.0_l0.0_t0.0_gc0.0_p0.0_pop10_ms0.0_mf0.0_seed1007/families/family_021/misc/raxml_output.F81.raxml.reduced.phy

Alignment comprises 1 partitions and 75 patterns

Partition 0: noname
Model: F81+FO
Alignment sites / patterns: 170 / 75
Gaps: 0.00 %
Invariant sites: 50.00 %


NOTE: Binary MSA file created: /home/fili/Documents/KIT/2023/BA/code/output/families/ssim_NE_s20_f100_sites200_GTR_bl1.0_d0.0_l0.0_t0.0_gc0.0_p0.0_pop10_ms0.0_mf0.0_seed1007/families/family_021/misc/raxml_output.F81.raxml.rba

Parallelization scheme autoconfig: 8 worker(s) x 1 thread(s)

Parallel reduction/worker buffer size: 1 KB  / 0 KB

[00:00:00] Generating 10 random starting tree(s) with 20 taxa
[00:00:00] Generating 10 parsimony starting tree(s) with 20 taxa
[00:00:00] Data distribution: max. partitions/sites/weight per thread: 1 / 75 / 300
[00:00:00] Data distribution: max. searches per worker: 3

Starting ML tree search with 20 distinct starting trees

[00:00:00 -1999.067249] Initial branch length optimization
[00:00:00 -1703.445389] Model parameter optimization (eps = 10.000000)
[00:00:00 -1588.178186] AUTODETECT spr round 1 (radius: 5)
[00:00:00 -977.381373] AUTODETECT spr round 2 (radius: 10)
[00:00:00 -967.961962] AUTODETECT spr round 3 (radius: 15)
[00:00:00 -967.961344] SPR radius for FAST iterations: 10 (autodetect)
[00:00:00 -967.961344] Model parameter optimization (eps = 3.000000)
[00:00:00 -967.686920] FAST spr round 1 (radius: 10)
[00:00:00 -950.544078] FAST spr round 2 (radius: 10)
[00:00:00 -950.199821] FAST spr round 3 (radius: 10)
[00:00:00 -949.315861] FAST spr round 4 (radius: 10)
[00:00:00 -949.315861] Model parameter optimization (eps = 1.000000)
[00:00:00 -949.289138] SLOW spr round 1 (radius: 5)
[00:00:00] [worker #1] ML tree search #2, logLikelihood: -949.289121
[00:00:00 -949.289135] SLOW spr round 2 (radius: 10)
[00:00:00] [worker #2] ML tree search #3, logLikelihood: -949.289120
[00:00:00] [worker #3] ML tree search #4, logLikelihood: -949.289121
[00:00:00] [worker #5] ML tree search #6, logLikelihood: -949.289123
[00:00:00 -949.289135] SLOW spr round 3 (radius: 15)
[00:00:00] [worker #7] ML tree search #8, logLikelihood: -949.289120
[00:00:00 -949.289135] SLOW spr round 4 (radius: 20)
[00:00:00 -949.289135] Model parameter optimization (eps = 0.100000)

[00:00:00] [worker #0] ML tree search #1, logLikelihood: -949.289120

[00:00:00 -2026.671283] Initial branch length optimization
[00:00:00 -1781.572661] Model parameter optimization (eps = 10.000000)
[00:00:00 -1654.670777] AUTODETECT spr round 1 (radius: 5)
[00:00:00] [worker #4] ML tree search #5, logLikelihood: -949.289121
[00:00:00 -967.275244] AUTODETECT spr round 2 (radius: 10)
[00:00:00 -967.275159] SPR radius for FAST iterations: 5 (autodetect)
[00:00:00 -967.275159] Model parameter optimization (eps = 3.000000)
[00:00:00 -966.295380] FAST spr round 1 (radius: 5)
[00:00:00 -960.835355] FAST spr round 2 (radius: 5)
[00:00:00] [worker #6] ML tree search #7, logLikelihood: -949.289123
[00:00:00 -958.956502] FAST spr round 3 (radius: 5)
[00:00:00 -950.905693] FAST spr round 4 (radius: 5)
[00:00:00] [worker #3] ML tree search #12, logLikelihood: -949.289119
[00:00:00 -950.878268] Model parameter optimization (eps = 1.000000)
[00:00:00 -950.846973] SLOW spr round 1 (radius: 5)
[00:00:00] [worker #1] ML tree search #10, logLikelihood: -949.289120
[00:00:00 -950.531014] SLOW spr round 2 (radius: 5)
[00:00:00] [worker #7] ML tree search #16, logLikelihood: -949.289120
[00:00:00] [worker #5] ML tree search #14, logLikelihood: -949.289120
[00:00:00] [worker #2] ML tree search #11, logLikelihood: -949.289129
[00:00:00 -949.299578] SLOW spr round 3 (radius: 5)
[00:00:00] [worker #4] ML tree search #13, logLikelihood: -949.289131
[00:00:00] [worker #6] ML tree search #15, logLikelihood: -949.289120
[00:00:00 -949.299577] SLOW spr round 4 (radius: 10)
[00:00:00 -949.299577] SLOW spr round 5 (radius: 15)
[00:00:00 -949.299577] SLOW spr round 6 (radius: 20)
[00:00:00 -949.299577] Model parameter optimization (eps = 0.100000)
[00:00:00] [worker #3] ML tree search #20, logLikelihood: -949.289120

[00:00:00] [worker #0] ML tree search #9, logLikelihood: -949.289130

[00:00:00 -1368.638714] Initial branch length optimization
[00:00:00 -1037.093126] Model parameter optimization (eps = 10.000000)
[00:00:00 -971.267998] AUTODETECT spr round 1 (radius: 5)
[00:00:00] [worker #1] ML tree search #18, logLikelihood: -949.289119
[00:00:00 -951.647456] AUTODETECT spr round 2 (radius: 10)
[00:00:00 -951.647131] SPR radius for FAST iterations: 5 (autodetect)
[00:00:00 -951.647131] Model parameter optimization (eps = 3.000000)
[00:00:00] [worker #2] ML tree search #19, logLikelihood: -949.289120
[00:00:00 -951.599286] FAST spr round 1 (radius: 5)
[00:00:00 -949.972132] FAST spr round 2 (radius: 5)
[00:00:00 -949.321047] FAST spr round 3 (radius: 5)
[00:00:00 -949.321046] Model parameter optimization (eps = 1.000000)
[00:00:00 -949.289127] SLOW spr round 1 (radius: 5)
[00:00:00 -949.289126] SLOW spr round 2 (radius: 10)
[00:00:00 -949.289126] SLOW spr round 3 (radius: 15)
[00:00:00 -949.289126] SLOW spr round 4 (radius: 20)
[00:00:00 -949.289126] Model parameter optimization (eps = 0.100000)

[00:00:00] [worker #0] ML tree search #17, logLikelihood: -949.289119


Optimized model parameters:

   Partition 0: noname
   Rate heterogeneity: NONE
   Base frequencies (ML): 0.399007 0.067831 0.379236 0.153926 
   Substitution rates (model): 1.000000 1.000000 1.000000 1.000000 1.000000 1.000000 


Final LogLikelihood: -949.289119

AIC score: 1978.578239 / AICc score: 2004.004595 / BIC score: 2104.010176
Free parameters (model + branch lengths): 40

Best ML tree saved to: /home/fili/Documents/KIT/2023/BA/code/output/families/ssim_NE_s20_f100_sites200_GTR_bl1.0_d0.0_l0.0_t0.0_gc0.0_p0.0_pop10_ms0.0_mf0.0_seed1007/families/family_021/misc/raxml_output.F81.raxml.bestTree
All ML trees saved to: /home/fili/Documents/KIT/2023/BA/code/output/families/ssim_NE_s20_f100_sites200_GTR_bl1.0_d0.0_l0.0_t0.0_gc0.0_p0.0_pop10_ms0.0_mf0.0_seed1007/families/family_021/misc/raxml_output.F81.raxml.mlTrees
Optimized model saved to: /home/fili/Documents/KIT/2023/BA/code/output/families/ssim_NE_s20_f100_sites200_GTR_bl1.0_d0.0_l0.0_t0.0_gc0.0_p0.0_pop10_ms0.0_mf0.0_seed1007/families/family_021/misc/raxml_output.F81.raxml.bestModel

Execution log saved to: /home/fili/Documents/KIT/2023/BA/code/output/families/ssim_NE_s20_f100_sites200_GTR_bl1.0_d0.0_l0.0_t0.0_gc0.0_p0.0_pop10_ms0.0_mf0.0_seed1007/families/family_021/misc/raxml_output.F81.raxml.log

Analysis started: 16-Jun-2023 09:59:06 / finished: 16-Jun-2023 09:59:07

Elapsed time: 0.219 seconds

