
RAxML-NG v. 1.1.0 released on 29.11.2021 by The Exelixis Lab.
Developed by: Alexey M. Kozlov and Alexandros Stamatakis.
Contributors: Diego Darriba, Tomas Flouri, Benoit Morel, Sarah Lutteropp, Ben Bettisworth.
Latest version: https://github.com/amkozlov/raxml-ng
Questions/problems/suggestions? Please visit: https://groups.google.com/forum/#!forum/raxml

System: AMD Ryzen 7 5800X 8-Core Processor, 8 cores, 31 GB RAM

RAxML-NG was called at 21-Jun-2023 14:53:19 as follows:

/home/fili/Documents/KIT/2023/BA/resources/tools/RAxML-NG/raxml-ng --msa /home/fili/Documents/KIT/2023/BA/code/output/families/ssim_NE_s20_f100_sites200_GTR_bl1.0_d0.0_l0.0_t0.0_gc0.0_p0.0_pop10_ms0.0_mf0.0_seed19732311/families/family_021/alignment.msa --model F81 --prefix /home/fili/Documents/KIT/2023/BA/code/output/families/ssim_NE_s20_f100_sites200_GTR_bl1.0_d0.0_l0.0_t0.0_gc0.0_p0.0_pop10_ms0.0_mf0.0_seed19732311/families/family_021/misc/raxml_output.F81

Analysis options:
  run mode: ML tree search
  start tree(s): random (10) + parsimony (10)
  random seed: 1687351999
  tip-inner: OFF
  pattern compression: ON
  per-rate scalers: OFF
  site repeats: ON
  fast spr radius: AUTO
  spr subtree cutoff: 1.000000
  branch lengths: proportional (ML estimate, algorithm: NR-FAST)
  SIMD kernels: AVX2
  parallelization: coarse-grained (auto), PTHREADS (auto)

[00:00:00] Reading alignment from file: /home/fili/Documents/KIT/2023/BA/code/output/families/ssim_NE_s20_f100_sites200_GTR_bl1.0_d0.0_l0.0_t0.0_gc0.0_p0.0_pop10_ms0.0_mf0.0_seed19732311/families/family_021/alignment.msa
[00:00:00] Loaded alignment with 20 taxa and 194 sites

Alignment comprises 1 partitions and 129 patterns

Partition 0: noname
Model: F81+FO
Alignment sites / patterns: 194 / 129
Gaps: 0.00 %
Invariant sites: 25.26 %


NOTE: Binary MSA file created: /home/fili/Documents/KIT/2023/BA/code/output/families/ssim_NE_s20_f100_sites200_GTR_bl1.0_d0.0_l0.0_t0.0_gc0.0_p0.0_pop10_ms0.0_mf0.0_seed19732311/families/family_021/misc/raxml_output.F81.raxml.rba

Parallelization scheme autoconfig: 8 worker(s) x 1 thread(s)

Parallel reduction/worker buffer size: 1 KB  / 0 KB

[00:00:00] Generating 10 random starting tree(s) with 20 taxa
[00:00:00] Generating 10 parsimony starting tree(s) with 20 taxa
[00:00:00] Data distribution: max. partitions/sites/weight per thread: 1 / 129 / 516
[00:00:00] Data distribution: max. searches per worker: 3

Starting ML tree search with 20 distinct starting trees

[00:00:00 -3069.528227] Initial branch length optimization
[00:00:00 -2507.961537] Model parameter optimization (eps = 10.000000)
[00:00:00 -2435.419465] AUTODETECT spr round 1 (radius: 5)
[00:00:00 -1672.740384] AUTODETECT spr round 2 (radius: 10)
[00:00:00 -1631.295322] AUTODETECT spr round 3 (radius: 15)
[00:00:00 -1631.284109] SPR radius for FAST iterations: 10 (autodetect)
[00:00:00 -1631.284109] Model parameter optimization (eps = 3.000000)
[00:00:00 -1631.192722] FAST spr round 1 (radius: 10)
[00:00:00 -1614.164202] FAST spr round 2 (radius: 10)
[00:00:00 -1601.526941] FAST spr round 3 (radius: 10)
[00:00:00 -1600.505343] FAST spr round 4 (radius: 10)
[00:00:00 -1600.477409] Model parameter optimization (eps = 1.000000)
[00:00:00 -1600.396992] SLOW spr round 1 (radius: 5)
[00:00:00] [worker #3] ML tree search #4, logLikelihood: -1600.396835
[00:00:00] [worker #6] ML tree search #7, logLikelihood: -1600.396835
[00:00:00] [worker #1] ML tree search #2, logLikelihood: -1600.394719
[00:00:00] [worker #4] ML tree search #5, logLikelihood: -1600.396835
[00:00:00] [worker #5] ML tree search #6, logLikelihood: -1600.396834
[00:00:00] [worker #2] ML tree search #3, logLikelihood: -1600.396835
[00:00:00 -1600.396862] SLOW spr round 2 (radius: 10)
[00:00:00] [worker #7] ML tree search #8, logLikelihood: -1600.396835
[00:00:00 -1600.396862] SLOW spr round 3 (radius: 15)
[00:00:00 -1600.396862] SLOW spr round 4 (radius: 20)
[00:00:00 -1600.396862] Model parameter optimization (eps = 0.100000)

[00:00:00] [worker #0] ML tree search #1, logLikelihood: -1600.396835

[00:00:00 -3194.330159] Initial branch length optimization
[00:00:00 -2783.686412] Model parameter optimization (eps = 10.000000)
[00:00:00 -2699.728147] AUTODETECT spr round 1 (radius: 5)
[00:00:00 -1802.157526] AUTODETECT spr round 2 (radius: 10)
[00:00:00 -1620.521745] AUTODETECT spr round 3 (radius: 15)
[00:00:00 -1620.521640] SPR radius for FAST iterations: 10 (autodetect)
[00:00:00 -1620.521640] Model parameter optimization (eps = 3.000000)
[00:00:00 -1620.104866] FAST spr round 1 (radius: 10)
[00:00:00] [worker #6] ML tree search #15, logLikelihood: -1600.396834
[00:00:00] [worker #3] ML tree search #12, logLikelihood: -1600.396835
[00:00:00 -1606.181036] FAST spr round 2 (radius: 10)
[00:00:00 -1600.449592] FAST spr round 3 (radius: 10)
[00:00:00 -1600.448993] Model parameter optimization (eps = 1.000000)
[00:00:00 -1600.396901] SLOW spr round 1 (radius: 5)
[00:00:00] [worker #5] ML tree search #14, logLikelihood: -1600.396834
[00:00:00] [worker #4] ML tree search #13, logLikelihood: -1600.394715
[00:00:00] [worker #2] ML tree search #11, logLikelihood: -1600.394716
[00:00:00] [worker #1] ML tree search #10, logLikelihood: -1600.396835
[00:00:00] [worker #7] ML tree search #16, logLikelihood: -1600.396835
[00:00:00 -1600.396855] SLOW spr round 2 (radius: 10)
[00:00:00 -1600.396855] SLOW spr round 3 (radius: 15)
[00:00:00 -1600.396855] SLOW spr round 4 (radius: 20)
[00:00:00 -1600.396855] Model parameter optimization (eps = 0.100000)

[00:00:00] [worker #0] ML tree search #9, logLikelihood: -1600.396835

[00:00:00 -1923.306521] Initial branch length optimization
[00:00:00 -1641.277406] Model parameter optimization (eps = 10.000000)
[00:00:00] [worker #3] ML tree search #20, logLikelihood: -1600.394716
[00:00:00 -1603.904747] AUTODETECT spr round 1 (radius: 5)
[00:00:00 -1600.615862] AUTODETECT spr round 2 (radius: 10)
[00:00:00 -1600.615633] SPR radius for FAST iterations: 5 (autodetect)
[00:00:00 -1600.615633] Model parameter optimization (eps = 3.000000)
[00:00:00 -1600.613251] FAST spr round 1 (radius: 5)
[00:00:00 -1600.420140] FAST spr round 2 (radius: 5)
[00:00:00 -1600.400168] Model parameter optimization (eps = 1.000000)
[00:00:00 -1600.396845] SLOW spr round 1 (radius: 5)
[00:00:00] [worker #2] ML tree search #19, logLikelihood: -1600.394715
[00:00:00 -1600.396836] SLOW spr round 2 (radius: 10)
[00:00:00] [worker #1] ML tree search #18, logLikelihood: -1600.394715
[00:00:00 -1600.396835] SLOW spr round 3 (radius: 15)
[00:00:00 -1600.396835] SLOW spr round 4 (radius: 20)
[00:00:00 -1600.396835] Model parameter optimization (eps = 0.100000)

[00:00:00] [worker #0] ML tree search #17, logLikelihood: -1600.396834


Optimized model parameters:

   Partition 0: noname
   Rate heterogeneity: NONE
   Base frequencies (ML): 0.358002 0.131453 0.322108 0.188437 
   Substitution rates (model): 1.000000 1.000000 1.000000 1.000000 1.000000 1.000000 


Final LogLikelihood: -1600.394715

AIC score: 3280.789430 / AICc score: 3302.227338 / BIC score: 3411.503756
Free parameters (model + branch lengths): 40

Best ML tree saved to: /home/fili/Documents/KIT/2023/BA/code/output/families/ssim_NE_s20_f100_sites200_GTR_bl1.0_d0.0_l0.0_t0.0_gc0.0_p0.0_pop10_ms0.0_mf0.0_seed19732311/families/family_021/misc/raxml_output.F81.raxml.bestTree
All ML trees saved to: /home/fili/Documents/KIT/2023/BA/code/output/families/ssim_NE_s20_f100_sites200_GTR_bl1.0_d0.0_l0.0_t0.0_gc0.0_p0.0_pop10_ms0.0_mf0.0_seed19732311/families/family_021/misc/raxml_output.F81.raxml.mlTrees
Optimized model saved to: /home/fili/Documents/KIT/2023/BA/code/output/families/ssim_NE_s20_f100_sites200_GTR_bl1.0_d0.0_l0.0_t0.0_gc0.0_p0.0_pop10_ms0.0_mf0.0_seed19732311/families/family_021/misc/raxml_output.F81.raxml.bestModel

Execution log saved to: /home/fili/Documents/KIT/2023/BA/code/output/families/ssim_NE_s20_f100_sites200_GTR_bl1.0_d0.0_l0.0_t0.0_gc0.0_p0.0_pop10_ms0.0_mf0.0_seed19732311/families/family_021/misc/raxml_output.F81.raxml.log

Analysis started: 21-Jun-2023 14:53:19 / finished: 21-Jun-2023 14:53:20

Elapsed time: 0.272 seconds

