
RAxML-NG v. 1.1.0 released on 29.11.2021 by The Exelixis Lab.
Developed by: Alexey M. Kozlov and Alexandros Stamatakis.
Contributors: Diego Darriba, Tomas Flouri, Benoit Morel, Sarah Lutteropp, Ben Bettisworth.
Latest version: https://github.com/amkozlov/raxml-ng
Questions/problems/suggestions? Please visit: https://groups.google.com/forum/#!forum/raxml

System: AMD Ryzen 7 5800X 8-Core Processor, 8 cores, 31 GB RAM

RAxML-NG was called at 27-Jun-2023 13:01:35 as follows:

/home/fili/Documents/KIT/2023/BA/resources/tools/RAxML-NG/raxml-ng --msa /home/fili/Documents/KIT/2023/BA/code/output/families/ssim_DL_s20_f100_sites200_GTR_bl1.0_d1.0_l1.0_t0.0_gc0.0_p0.0_pop10_ms0.0_mf0.0_seed1007/families/family_058/alignment.msa --model F81 --prefix /home/fili/Documents/KIT/2023/BA/code/output/families/ssim_DL_s20_f100_sites200_GTR_bl1.0_d1.0_l1.0_t0.0_gc0.0_p0.0_pop10_ms0.0_mf0.0_seed1007/families/family_058/misc/raxml_output.F81

Analysis options:
  run mode: ML tree search
  start tree(s): random (10) + parsimony (10)
  random seed: 1687863695
  tip-inner: OFF
  pattern compression: ON
  per-rate scalers: OFF
  site repeats: ON
  fast spr radius: AUTO
  spr subtree cutoff: 1.000000
  branch lengths: proportional (ML estimate, algorithm: NR-FAST)
  SIMD kernels: AVX2
  parallelization: coarse-grained (auto), PTHREADS (auto)

[00:00:00] Reading alignment from file: /home/fili/Documents/KIT/2023/BA/code/output/families/ssim_DL_s20_f100_sites200_GTR_bl1.0_d1.0_l1.0_t0.0_gc0.0_p0.0_pop10_ms0.0_mf0.0_seed1007/families/family_058/alignment.msa
[00:00:00] Loaded alignment with 25 taxa and 197 sites

WARNING: Sequences 2_0_0 and 8_0_0 are exactly identical!
WARNING: Sequences 2_1_0 and 8_1_0 are exactly identical!
WARNING: Duplicate sequences found: 2

NOTE: Reduced alignment (with duplicates and gap-only sites/taxa removed) 
NOTE: was saved to: /home/fili/Documents/KIT/2023/BA/code/output/families/ssim_DL_s20_f100_sites200_GTR_bl1.0_d1.0_l1.0_t0.0_gc0.0_p0.0_pop10_ms0.0_mf0.0_seed1007/families/family_058/misc/raxml_output.F81.raxml.reduced.phy

Alignment comprises 1 partitions and 99 patterns

Partition 0: noname
Model: F81+FO
Alignment sites / patterns: 197 / 99
Gaps: 0.00 %
Invariant sites: 47.72 %


NOTE: Binary MSA file created: /home/fili/Documents/KIT/2023/BA/code/output/families/ssim_DL_s20_f100_sites200_GTR_bl1.0_d1.0_l1.0_t0.0_gc0.0_p0.0_pop10_ms0.0_mf0.0_seed1007/families/family_058/misc/raxml_output.F81.raxml.rba

Parallelization scheme autoconfig: 8 worker(s) x 1 thread(s)

Parallel reduction/worker buffer size: 1 KB  / 0 KB

[00:00:00] Generating 10 random starting tree(s) with 25 taxa
[00:00:00] Generating 10 parsimony starting tree(s) with 25 taxa
[00:00:00] Data distribution: max. partitions/sites/weight per thread: 1 / 99 / 396
[00:00:00] Data distribution: max. searches per worker: 3

Starting ML tree search with 20 distinct starting trees

[00:00:00 -2721.079833] Initial branch length optimization
[00:00:00 -2434.031379] Model parameter optimization (eps = 10.000000)
[00:00:00 -2427.780718] AUTODETECT spr round 1 (radius: 5)
[00:00:00 -1560.494871] AUTODETECT spr round 2 (radius: 10)
[00:00:00 -1559.529718] AUTODETECT spr round 3 (radius: 15)
[00:00:00 -1559.529675] SPR radius for FAST iterations: 10 (autodetect)
[00:00:00 -1559.529675] Model parameter optimization (eps = 3.000000)
[00:00:00 -1559.126436] FAST spr round 1 (radius: 10)
[00:00:00 -1518.725788] FAST spr round 2 (radius: 10)
[00:00:00 -1518.539516] FAST spr round 3 (radius: 10)
[00:00:00 -1518.539411] Model parameter optimization (eps = 1.000000)
[00:00:00 -1518.359665] SLOW spr round 1 (radius: 5)
[00:00:00 -1518.359618] SLOW spr round 2 (radius: 10)
[00:00:00] [worker #1] ML tree search #2, logLikelihood: -1518.359589
[00:00:00 -1518.359617] SLOW spr round 3 (radius: 15)
[00:00:00] [worker #7] ML tree search #8, logLikelihood: -1518.359589
[00:00:00 -1518.359617] SLOW spr round 4 (radius: 20)
[00:00:00 -1518.359617] SLOW spr round 5 (radius: 25)
[00:00:00 -1518.359617] Model parameter optimization (eps = 0.100000)

[00:00:00] [worker #0] ML tree search #1, logLikelihood: -1518.359595

[00:00:00 -2834.880888] Initial branch length optimization
[00:00:00 -2568.710359] Model parameter optimization (eps = 10.000000)
[00:00:00] [worker #4] ML tree search #5, logLikelihood: -1518.359589
[00:00:00] [worker #5] ML tree search #6, logLikelihood: -1518.359589
[00:00:00 -2562.151440] AUTODETECT spr round 1 (radius: 5)
[00:00:00] [worker #2] ML tree search #3, logLikelihood: -1518.359589
[00:00:00] [worker #3] ML tree search #4, logLikelihood: -1518.359589
[00:00:00] [worker #6] ML tree search #7, logLikelihood: -1518.359594
[00:00:00 -1690.440139] AUTODETECT spr round 2 (radius: 10)
[00:00:00 -1650.067601] AUTODETECT spr round 3 (radius: 15)
[00:00:00 -1650.067538] SPR radius for FAST iterations: 10 (autodetect)
[00:00:00 -1650.067538] Model parameter optimization (eps = 3.000000)
[00:00:00 -1649.004672] FAST spr round 1 (radius: 10)
[00:00:00 -1537.184894] FAST spr round 2 (radius: 10)
[00:00:00 -1519.062610] FAST spr round 3 (radius: 10)
[00:00:00 -1518.925557] FAST spr round 4 (radius: 10)
[00:00:00 -1518.925414] Model parameter optimization (eps = 1.000000)
[00:00:00 -1518.359886] SLOW spr round 1 (radius: 5)
[00:00:00] [worker #7] ML tree search #16, logLikelihood: -1518.359589
[00:00:00] [worker #5] ML tree search #14, logLikelihood: -1518.359589
[00:00:00] [worker #4] ML tree search #13, logLikelihood: -1518.359590
[00:00:00 -1518.359696] SLOW spr round 2 (radius: 10)
[00:00:00] [worker #2] ML tree search #11, logLikelihood: -1518.359589
[00:00:00] [worker #1] ML tree search #10, logLikelihood: -1518.359589
[00:00:00] [worker #6] ML tree search #15, logLikelihood: -1518.359589
[00:00:00 -1518.359695] SLOW spr round 3 (radius: 15)
[00:00:00 -1518.359695] SLOW spr round 4 (radius: 20)
[00:00:00 -1518.359695] SLOW spr round 5 (radius: 25)
[00:00:00 -1518.359695] Model parameter optimization (eps = 0.100000)

[00:00:00] [worker #0] ML tree search #9, logLikelihood: -1518.359589

[00:00:00] [worker #3] ML tree search #12, logLikelihood: -1518.359589
[00:00:00 -1972.948338] Initial branch length optimization
[00:00:00 -1538.108463] Model parameter optimization (eps = 10.000000)
[00:00:00 -1535.969035] AUTODETECT spr round 1 (radius: 5)
[00:00:00 -1518.563172] AUTODETECT spr round 2 (radius: 10)
[00:00:00 -1518.560177] SPR radius for FAST iterations: 5 (autodetect)
[00:00:00 -1518.560177] Model parameter optimization (eps = 3.000000)
[00:00:00 -1518.359712] FAST spr round 1 (radius: 5)
[00:00:00 -1518.359640] Model parameter optimization (eps = 1.000000)
[00:00:00 -1518.359589] SLOW spr round 1 (radius: 5)
[00:00:00 -1518.359589] SLOW spr round 2 (radius: 10)
[00:00:00] [worker #1] ML tree search #18, logLikelihood: -1518.359590
[00:00:00] [worker #2] ML tree search #19, logLikelihood: -1518.359590
[00:00:00 -1518.359589] SLOW spr round 3 (radius: 15)
[00:00:00 -1518.359589] SLOW spr round 4 (radius: 20)
[00:00:00 -1518.359589] SLOW spr round 5 (radius: 25)
[00:00:00 -1518.359589] Model parameter optimization (eps = 0.100000)

[00:00:00] [worker #0] ML tree search #17, logLikelihood: -1518.359589

[00:00:00] [worker #3] ML tree search #20, logLikelihood: -1518.359588

Optimized model parameters:

   Partition 0: noname
   Rate heterogeneity: NONE
   Base frequencies (ML): 0.251665 0.206446 0.286110 0.255779 
   Substitution rates (model): 1.000000 1.000000 1.000000 1.000000 1.000000 1.000000 


Final LogLikelihood: -1518.359588

AIC score: 3136.719176 / AICc score: 3171.650683 / BIC score: 3300.879363
Free parameters (model + branch lengths): 50

Best ML tree saved to: /home/fili/Documents/KIT/2023/BA/code/output/families/ssim_DL_s20_f100_sites200_GTR_bl1.0_d1.0_l1.0_t0.0_gc0.0_p0.0_pop10_ms0.0_mf0.0_seed1007/families/family_058/misc/raxml_output.F81.raxml.bestTree
All ML trees saved to: /home/fili/Documents/KIT/2023/BA/code/output/families/ssim_DL_s20_f100_sites200_GTR_bl1.0_d1.0_l1.0_t0.0_gc0.0_p0.0_pop10_ms0.0_mf0.0_seed1007/families/family_058/misc/raxml_output.F81.raxml.mlTrees
Optimized model saved to: /home/fili/Documents/KIT/2023/BA/code/output/families/ssim_DL_s20_f100_sites200_GTR_bl1.0_d1.0_l1.0_t0.0_gc0.0_p0.0_pop10_ms0.0_mf0.0_seed1007/families/family_058/misc/raxml_output.F81.raxml.bestModel

Execution log saved to: /home/fili/Documents/KIT/2023/BA/code/output/families/ssim_DL_s20_f100_sites200_GTR_bl1.0_d1.0_l1.0_t0.0_gc0.0_p0.0_pop10_ms0.0_mf0.0_seed1007/families/family_058/misc/raxml_output.F81.raxml.log

Analysis started: 27-Jun-2023 13:01:35 / finished: 27-Jun-2023 13:01:35

Elapsed time: 0.313 seconds

