
RAxML-NG v. 1.1.0 released on 29.11.2021 by The Exelixis Lab.
Developed by: Alexey M. Kozlov and Alexandros Stamatakis.
Contributors: Diego Darriba, Tomas Flouri, Benoit Morel, Sarah Lutteropp, Ben Bettisworth.
Latest version: https://github.com/amkozlov/raxml-ng
Questions/problems/suggestions? Please visit: https://groups.google.com/forum/#!forum/raxml

System: AMD Ryzen 7 5800X 8-Core Processor, 8 cores, 31 GB RAM

RAxML-NG was called at 27-Jun-2023 13:43:50 as follows:

/home/fili/Documents/KIT/2023/BA/resources/tools/RAxML-NG/raxml-ng --msa /home/fili/Documents/KIT/2023/BA/code/output/families/ssim_DL_s20_f100_sites200_GTR_bl1.0_d1.0_l1.0_t0.0_gc0.0_p0.0_pop10_ms0.0_mf0.0_seed14976684177860080345/families/family_079/alignment.msa --model F81 --prefix /home/fili/Documents/KIT/2023/BA/code/output/families/ssim_DL_s20_f100_sites200_GTR_bl1.0_d1.0_l1.0_t0.0_gc0.0_p0.0_pop10_ms0.0_mf0.0_seed14976684177860080345/families/family_079/misc/raxml_output.F81

Analysis options:
  run mode: ML tree search
  start tree(s): random (10) + parsimony (10)
  random seed: 1687866230
  tip-inner: OFF
  pattern compression: ON
  per-rate scalers: OFF
  site repeats: ON
  fast spr radius: AUTO
  spr subtree cutoff: 1.000000
  branch lengths: proportional (ML estimate, algorithm: NR-FAST)
  SIMD kernels: AVX2
  parallelization: coarse-grained (auto), PTHREADS (auto)

[00:00:00] Reading alignment from file: /home/fili/Documents/KIT/2023/BA/code/output/families/ssim_DL_s20_f100_sites200_GTR_bl1.0_d1.0_l1.0_t0.0_gc0.0_p0.0_pop10_ms0.0_mf0.0_seed14976684177860080345/families/family_079/alignment.msa
[00:00:00] Loaded alignment with 11 taxa and 195 sites

WARNING: Sequences 1_0_0 and 7_0_0 are exactly identical!
WARNING: Sequences 1_0_0 and 10_0_0 are exactly identical!
WARNING: Sequences 3_1_0 and 6_1_0 are exactly identical!
WARNING: Sequences 3_1_0 and 13_1_0 are exactly identical!
WARNING: Sequences 14_1_0 and 2_1_0 are exactly identical!
WARNING: Duplicate sequences found: 5

NOTE: Reduced alignment (with duplicates and gap-only sites/taxa removed) 
NOTE: was saved to: /home/fili/Documents/KIT/2023/BA/code/output/families/ssim_DL_s20_f100_sites200_GTR_bl1.0_d1.0_l1.0_t0.0_gc0.0_p0.0_pop10_ms0.0_mf0.0_seed14976684177860080345/families/family_079/misc/raxml_output.F81.raxml.reduced.phy

Alignment comprises 1 partitions and 21 patterns

Partition 0: noname
Model: F81+FO
Alignment sites / patterns: 195 / 21
Gaps: 0.00 %
Invariant sites: 76.92 %


NOTE: Binary MSA file created: /home/fili/Documents/KIT/2023/BA/code/output/families/ssim_DL_s20_f100_sites200_GTR_bl1.0_d1.0_l1.0_t0.0_gc0.0_p0.0_pop10_ms0.0_mf0.0_seed14976684177860080345/families/family_079/misc/raxml_output.F81.raxml.rba

Parallelization scheme autoconfig: 8 worker(s) x 1 thread(s)

Parallel reduction/worker buffer size: 1 KB  / 0 KB

[00:00:00] Generating 10 random starting tree(s) with 11 taxa
[00:00:00] Generating 10 parsimony starting tree(s) with 11 taxa
[00:00:00] Data distribution: max. partitions/sites/weight per thread: 1 / 21 / 84
[00:00:00] Data distribution: max. searches per worker: 3

Starting ML tree search with 20 distinct starting trees

[00:00:00 -1010.164876] Initial branch length optimization
[00:00:00 -782.068764] Model parameter optimization (eps = 10.000000)
[00:00:00 -758.511677] AUTODETECT spr round 1 (radius: 5)
[00:00:00 -494.864457] AUTODETECT spr round 2 (radius: 10)
[00:00:00 -494.864440] SPR radius for FAST iterations: 5 (autodetect)
[00:00:00 -494.864440] Model parameter optimization (eps = 3.000000)
[00:00:00 -491.813378] FAST spr round 1 (radius: 5)
[00:00:00 -491.813378] Model parameter optimization (eps = 1.000000)
[00:00:00 -491.813378] SLOW spr round 1 (radius: 5)
[00:00:00 -491.813378] SLOW spr round 2 (radius: 10)
[00:00:00 -491.813378] Model parameter optimization (eps = 0.100000)

[00:00:00] [worker #0] ML tree search #1, logLikelihood: -491.813377

[00:00:00] [worker #3] ML tree search #4, logLikelihood: -491.813376
[00:00:00] [worker #4] ML tree search #5, logLikelihood: -491.813378
[00:00:00] [worker #6] ML tree search #7, logLikelihood: -491.813376
[00:00:00] [worker #2] ML tree search #3, logLikelihood: -491.813375
[00:00:00] [worker #7] ML tree search #8, logLikelihood: -491.813375
[00:00:00] [worker #5] ML tree search #6, logLikelihood: -491.813375
[00:00:00] [worker #1] ML tree search #2, logLikelihood: -491.813375
[00:00:00 -1212.265295] Initial branch length optimization
[00:00:00 -1027.106662] Model parameter optimization (eps = 10.000000)
[00:00:00 -990.265902] AUTODETECT spr round 1 (radius: 5)
[00:00:00 -496.946014] AUTODETECT spr round 2 (radius: 10)
[00:00:00 -496.946004] SPR radius for FAST iterations: 5 (autodetect)
[00:00:00 -496.946004] Model parameter optimization (eps = 3.000000)
[00:00:00 -491.813378] FAST spr round 1 (radius: 5)
[00:00:00 -491.813378] Model parameter optimization (eps = 1.000000)
[00:00:00 -491.813377] SLOW spr round 1 (radius: 5)
[00:00:00 -491.813377] SLOW spr round 2 (radius: 10)
[00:00:00] [worker #3] ML tree search #12, logLikelihood: -491.813375
[00:00:00] [worker #4] ML tree search #13, logLikelihood: -491.813377
[00:00:00 -491.813377] Model parameter optimization (eps = 0.100000)

[00:00:00] [worker #0] ML tree search #9, logLikelihood: -491.813377

[00:00:00] [worker #6] ML tree search #15, logLikelihood: -491.813375
[00:00:00] [worker #7] ML tree search #16, logLikelihood: -491.813375
[00:00:00] [worker #2] ML tree search #11, logLikelihood: -491.813375
[00:00:00] [worker #5] ML tree search #14, logLikelihood: -491.813375
[00:00:00] [worker #1] ML tree search #10, logLikelihood: -491.813377
[00:00:00 -797.918652] Initial branch length optimization
[00:00:00 -507.768065] Model parameter optimization (eps = 10.000000)
[00:00:00 -491.813377] AUTODETECT spr round 1 (radius: 5)
[00:00:00 -491.813376] SPR radius for FAST iterations: 5 (autodetect)
[00:00:00 -491.813376] Model parameter optimization (eps = 3.000000)
[00:00:00 -491.813376] FAST spr round 1 (radius: 5)
[00:00:00 -491.813376] Model parameter optimization (eps = 1.000000)
[00:00:00 -491.813376] SLOW spr round 1 (radius: 5)
[00:00:00] [worker #3] ML tree search #20, logLikelihood: -491.813377
[00:00:00 -491.813376] SLOW spr round 2 (radius: 10)
[00:00:00 -491.813376] Model parameter optimization (eps = 0.100000)

[00:00:00] [worker #0] ML tree search #17, logLikelihood: -491.813376

[00:00:00] [worker #2] ML tree search #19, logLikelihood: -491.813376
[00:00:00] [worker #1] ML tree search #18, logLikelihood: -491.813377

Optimized model parameters:

   Partition 0: noname
   Rate heterogeneity: NONE
   Base frequencies (ML): 0.216184 0.126523 0.300564 0.356728 
   Substitution rates (model): 1.000000 1.000000 1.000000 1.000000 1.000000 1.000000 


Final LogLikelihood: -491.813375

AIC score: 1027.626750 / AICc score: 1033.510471 / BIC score: 1099.632741
Free parameters (model + branch lengths): 22

WARNING: Best ML tree contains 4 near-zero branches!

Best ML tree with collapsed near-zero branches saved to: /home/fili/Documents/KIT/2023/BA/code/output/families/ssim_DL_s20_f100_sites200_GTR_bl1.0_d1.0_l1.0_t0.0_gc0.0_p0.0_pop10_ms0.0_mf0.0_seed14976684177860080345/families/family_079/misc/raxml_output.F81.raxml.bestTreeCollapsed
Best ML tree saved to: /home/fili/Documents/KIT/2023/BA/code/output/families/ssim_DL_s20_f100_sites200_GTR_bl1.0_d1.0_l1.0_t0.0_gc0.0_p0.0_pop10_ms0.0_mf0.0_seed14976684177860080345/families/family_079/misc/raxml_output.F81.raxml.bestTree
All ML trees saved to: /home/fili/Documents/KIT/2023/BA/code/output/families/ssim_DL_s20_f100_sites200_GTR_bl1.0_d1.0_l1.0_t0.0_gc0.0_p0.0_pop10_ms0.0_mf0.0_seed14976684177860080345/families/family_079/misc/raxml_output.F81.raxml.mlTrees
Optimized model saved to: /home/fili/Documents/KIT/2023/BA/code/output/families/ssim_DL_s20_f100_sites200_GTR_bl1.0_d1.0_l1.0_t0.0_gc0.0_p0.0_pop10_ms0.0_mf0.0_seed14976684177860080345/families/family_079/misc/raxml_output.F81.raxml.bestModel

Execution log saved to: /home/fili/Documents/KIT/2023/BA/code/output/families/ssim_DL_s20_f100_sites200_GTR_bl1.0_d1.0_l1.0_t0.0_gc0.0_p0.0_pop10_ms0.0_mf0.0_seed14976684177860080345/families/family_079/misc/raxml_output.F81.raxml.log

Analysis started: 27-Jun-2023 13:43:50 / finished: 27-Jun-2023 13:43:50

Elapsed time: 0.040 seconds

