
RAxML-NG v. 1.1.0 released on 29.11.2021 by The Exelixis Lab.
Developed by: Alexey M. Kozlov and Alexandros Stamatakis.
Contributors: Diego Darriba, Tomas Flouri, Benoit Morel, Sarah Lutteropp, Ben Bettisworth.
Latest version: https://github.com/amkozlov/raxml-ng
Questions/problems/suggestions? Please visit: https://groups.google.com/forum/#!forum/raxml

System: AMD Ryzen 7 5800X 8-Core Processor, 8 cores, 31 GB RAM

RAxML-NG was called at 13-Jun-2023 13:44:18 as follows:

/home/fili/Documents/KIT/2023/BA/resources/tools/RAxML-NG/raxml-ng --msa /home/fili/Documents/KIT/2023/BA/code/output/families/ssim_NE_s20_f100_sites200_GTR_bl1.0_d0.0_l0.0_t0.0_gc0.0_p0.0_pop10_ms0.0_mf0.0_seed42/families/family_075/alignment.msa --model F81 --prefix /home/fili/Documents/KIT/2023/BA/code/output/families/ssim_NE_s20_f100_sites200_GTR_bl1.0_d0.0_l0.0_t0.0_gc0.0_p0.0_pop10_ms0.0_mf0.0_seed42/families/family_075/misc/raxml_output.F81

Analysis options:
  run mode: ML tree search
  start tree(s): random (10) + parsimony (10)
  random seed: 1686656658
  tip-inner: OFF
  pattern compression: ON
  per-rate scalers: OFF
  site repeats: ON
  fast spr radius: AUTO
  spr subtree cutoff: 1.000000
  branch lengths: proportional (ML estimate, algorithm: NR-FAST)
  SIMD kernels: AVX2
  parallelization: coarse-grained (auto), PTHREADS (auto)

[00:00:00] Reading alignment from file: /home/fili/Documents/KIT/2023/BA/code/output/families/ssim_NE_s20_f100_sites200_GTR_bl1.0_d0.0_l0.0_t0.0_gc0.0_p0.0_pop10_ms0.0_mf0.0_seed42/families/family_075/alignment.msa
[00:00:00] Loaded alignment with 20 taxa and 209 sites

WARNING: Sequences 9_0_0 and 13_0_0 are exactly identical!
WARNING: Sequences 12_0_0 and 4_0_0 are exactly identical!
WARNING: Duplicate sequences found: 2

NOTE: Reduced alignment (with duplicates and gap-only sites/taxa removed) 
NOTE: was saved to: /home/fili/Documents/KIT/2023/BA/code/output/families/ssim_NE_s20_f100_sites200_GTR_bl1.0_d0.0_l0.0_t0.0_gc0.0_p0.0_pop10_ms0.0_mf0.0_seed42/families/family_075/misc/raxml_output.F81.raxml.reduced.phy

Alignment comprises 1 partitions and 91 patterns

Partition 0: noname
Model: F81+FO
Alignment sites / patterns: 209 / 91
Gaps: 0.00 %
Invariant sites: 55.50 %


NOTE: Binary MSA file created: /home/fili/Documents/KIT/2023/BA/code/output/families/ssim_NE_s20_f100_sites200_GTR_bl1.0_d0.0_l0.0_t0.0_gc0.0_p0.0_pop10_ms0.0_mf0.0_seed42/families/family_075/misc/raxml_output.F81.raxml.rba

Parallelization scheme autoconfig: 8 worker(s) x 1 thread(s)

Parallel reduction/worker buffer size: 1 KB  / 0 KB

[00:00:00] Generating 10 random starting tree(s) with 20 taxa
[00:00:00] Generating 10 parsimony starting tree(s) with 20 taxa
[00:00:00] Data distribution: max. partitions/sites/weight per thread: 1 / 91 / 364
[00:00:00] Data distribution: max. searches per worker: 3

Starting ML tree search with 20 distinct starting trees

[00:00:00 -2523.008632] Initial branch length optimization
[00:00:00 -2311.898139] Model parameter optimization (eps = 10.000000)
[00:00:00 -2228.515974] AUTODETECT spr round 1 (radius: 5)
[00:00:00 -1447.049271] AUTODETECT spr round 2 (radius: 10)
[00:00:00 -1420.004778] AUTODETECT spr round 3 (radius: 15)
[00:00:00 -1420.003880] SPR radius for FAST iterations: 10 (autodetect)
[00:00:00 -1420.003880] Model parameter optimization (eps = 3.000000)
[00:00:00 -1419.325334] FAST spr round 1 (radius: 10)
[00:00:00 -1349.537150] FAST spr round 2 (radius: 10)
[00:00:00 -1349.537058] Model parameter optimization (eps = 1.000000)
[00:00:00 -1349.423613] SLOW spr round 1 (radius: 5)
[00:00:00 -1349.423505] SLOW spr round 2 (radius: 10)
[00:00:00 -1349.423505] SLOW spr round 3 (radius: 15)
[00:00:00 -1349.423505] SLOW spr round 4 (radius: 20)
[00:00:00 -1349.423505] Model parameter optimization (eps = 0.100000)

[00:00:00] [worker #0] ML tree search #1, logLikelihood: -1349.423469

[00:00:00 -2347.018548] Initial branch length optimization
[00:00:00 -2129.630787] Model parameter optimization (eps = 10.000000)
[00:00:00] [worker #3] ML tree search #4, logLikelihood: -1349.423469
[00:00:00 -2057.876000] AUTODETECT spr round 1 (radius: 5)
[00:00:00 -1379.962794] AUTODETECT spr round 2 (radius: 10)
[00:00:00 -1379.960179] SPR radius for FAST iterations: 5 (autodetect)
[00:00:00 -1379.960179] Model parameter optimization (eps = 3.000000)
[00:00:00 -1379.337827] FAST spr round 1 (radius: 5)
[00:00:00] [worker #6] ML tree search #7, logLikelihood: -1349.423471
[00:00:00] [worker #4] ML tree search #5, logLikelihood: -1349.423469
[00:00:00 -1359.506538] FAST spr round 2 (radius: 5)
[00:00:00 -1350.325407] FAST spr round 3 (radius: 5)
[00:00:00] [worker #2] ML tree search #3, logLikelihood: -1349.423469
[00:00:00] [worker #1] ML tree search #2, logLikelihood: -1349.423469
[00:00:00] [worker #5] ML tree search #6, logLikelihood: -1349.423470
[00:00:00 -1349.515724] FAST spr round 4 (radius: 5)
[00:00:00 -1349.515700] Model parameter optimization (eps = 1.000000)
[00:00:00] [worker #7] ML tree search #8, logLikelihood: -1349.423470
[00:00:00 -1349.423575] SLOW spr round 1 (radius: 5)
[00:00:00] [worker #3] ML tree search #12, logLikelihood: -1349.423469
[00:00:00 -1349.423489] SLOW spr round 2 (radius: 10)
[00:00:00 -1349.423488] SLOW spr round 3 (radius: 15)
[00:00:00 -1349.423488] SLOW spr round 4 (radius: 20)
[00:00:00 -1349.423488] Model parameter optimization (eps = 0.100000)

[00:00:00] [worker #0] ML tree search #9, logLikelihood: -1349.423469

[00:00:00] [worker #4] ML tree search #13, logLikelihood: -1349.423469
[00:00:00 -1760.730926] Initial branch length optimization
[00:00:00 -1404.552504] Model parameter optimization (eps = 10.000000)
[00:00:00] [worker #6] ML tree search #15, logLikelihood: -1349.423472
[00:00:00 -1360.848034] AUTODETECT spr round 1 (radius: 5)
[00:00:00 -1351.292227] AUTODETECT spr round 2 (radius: 10)
[00:00:00] [worker #2] ML tree search #11, logLikelihood: -1349.423469
[00:00:00 -1351.288316] SPR radius for FAST iterations: 5 (autodetect)
[00:00:00 -1351.288316] Model parameter optimization (eps = 3.000000)
[00:00:00 -1351.108775] FAST spr round 1 (radius: 5)
[00:00:00] [worker #1] ML tree search #10, logLikelihood: -1349.423469
[00:00:00 -1350.127618] FAST spr round 2 (radius: 5)
[00:00:00 -1349.451919] FAST spr round 3 (radius: 5)
[00:00:00] [worker #5] ML tree search #14, logLikelihood: -1349.423469
[00:00:00] [worker #7] ML tree search #16, logLikelihood: -1349.423469
[00:00:00 -1349.451839] Model parameter optimization (eps = 1.000000)
[00:00:00 -1349.423518] SLOW spr round 1 (radius: 5)
[00:00:00] [worker #3] ML tree search #20, logLikelihood: -1349.423472
[00:00:00 -1349.423488] SLOW spr round 2 (radius: 10)
[00:00:00 -1349.423487] SLOW spr round 3 (radius: 15)
[00:00:00 -1349.423487] SLOW spr round 4 (radius: 20)
[00:00:00 -1349.423487] Model parameter optimization (eps = 0.100000)

[00:00:00] [worker #0] ML tree search #17, logLikelihood: -1349.423470

[00:00:00] [worker #1] ML tree search #18, logLikelihood: -1349.423469
[00:00:00] [worker #2] ML tree search #19, logLikelihood: -1349.423469

Optimized model parameters:

   Partition 0: noname
   Rate heterogeneity: NONE
   Base frequencies (ML): 0.367069 0.096951 0.314405 0.221575 
   Substitution rates (model): 1.000000 1.000000 1.000000 1.000000 1.000000 1.000000 


Final LogLikelihood: -1349.423469

AIC score: 2778.846938 / AICc score: 2798.370748 / BIC score: 2912.540308
Free parameters (model + branch lengths): 40

WARNING: Best ML tree contains 1 near-zero branches!

Best ML tree with collapsed near-zero branches saved to: /home/fili/Documents/KIT/2023/BA/code/output/families/ssim_NE_s20_f100_sites200_GTR_bl1.0_d0.0_l0.0_t0.0_gc0.0_p0.0_pop10_ms0.0_mf0.0_seed42/families/family_075/misc/raxml_output.F81.raxml.bestTreeCollapsed
Best ML tree saved to: /home/fili/Documents/KIT/2023/BA/code/output/families/ssim_NE_s20_f100_sites200_GTR_bl1.0_d0.0_l0.0_t0.0_gc0.0_p0.0_pop10_ms0.0_mf0.0_seed42/families/family_075/misc/raxml_output.F81.raxml.bestTree
All ML trees saved to: /home/fili/Documents/KIT/2023/BA/code/output/families/ssim_NE_s20_f100_sites200_GTR_bl1.0_d0.0_l0.0_t0.0_gc0.0_p0.0_pop10_ms0.0_mf0.0_seed42/families/family_075/misc/raxml_output.F81.raxml.mlTrees
Optimized model saved to: /home/fili/Documents/KIT/2023/BA/code/output/families/ssim_NE_s20_f100_sites200_GTR_bl1.0_d0.0_l0.0_t0.0_gc0.0_p0.0_pop10_ms0.0_mf0.0_seed42/families/family_075/misc/raxml_output.F81.raxml.bestModel

Execution log saved to: /home/fili/Documents/KIT/2023/BA/code/output/families/ssim_NE_s20_f100_sites200_GTR_bl1.0_d0.0_l0.0_t0.0_gc0.0_p0.0_pop10_ms0.0_mf0.0_seed42/families/family_075/misc/raxml_output.F81.raxml.log

Analysis started: 13-Jun-2023 13:44:18 / finished: 13-Jun-2023 13:44:18

Elapsed time: 0.225 seconds

