
RAxML-NG v. 1.1.0 released on 29.11.2021 by The Exelixis Lab.
Developed by: Alexey M. Kozlov and Alexandros Stamatakis.
Contributors: Diego Darriba, Tomas Flouri, Benoit Morel, Sarah Lutteropp, Ben Bettisworth.
Latest version: https://github.com/amkozlov/raxml-ng
Questions/problems/suggestions? Please visit: https://groups.google.com/forum/#!forum/raxml

System: AMD Ryzen 7 5800X 8-Core Processor, 8 cores, 31 GB RAM

RAxML-NG was called at 27-Jun-2023 13:47:25 as follows:

/home/fili/Documents/KIT/2023/BA/resources/tools/RAxML-NG/raxml-ng --msa /home/fili/Documents/KIT/2023/BA/code/output/families/ssim_NE_s20_f100_sites200_GTR_bl1.0_d0.0_l0.0_t0.0_gc0.0_p0.0_pop10_ms0.0_mf0.0_seed121873/families/family_007/alignment.msa --model F81 --prefix /home/fili/Documents/KIT/2023/BA/code/output/families/ssim_NE_s20_f100_sites200_GTR_bl1.0_d0.0_l0.0_t0.0_gc0.0_p0.0_pop10_ms0.0_mf0.0_seed121873/families/family_007/misc/raxml_output.F81

Analysis options:
  run mode: ML tree search
  start tree(s): random (10) + parsimony (10)
  random seed: 1687866445
  tip-inner: OFF
  pattern compression: ON
  per-rate scalers: OFF
  site repeats: ON
  fast spr radius: AUTO
  spr subtree cutoff: 1.000000
  branch lengths: proportional (ML estimate, algorithm: NR-FAST)
  SIMD kernels: AVX2
  parallelization: coarse-grained (auto), PTHREADS (auto)

[00:00:00] Reading alignment from file: /home/fili/Documents/KIT/2023/BA/code/output/families/ssim_NE_s20_f100_sites200_GTR_bl1.0_d0.0_l0.0_t0.0_gc0.0_p0.0_pop10_ms0.0_mf0.0_seed121873/families/family_007/alignment.msa
[00:00:00] Loaded alignment with 20 taxa and 191 sites

WARNING: Sequences 15_0_0 and 17_0_0 are exactly identical!
WARNING: Sequences 11_0_0 and 4_0_0 are exactly identical!
WARNING: Duplicate sequences found: 2

NOTE: Reduced alignment (with duplicates and gap-only sites/taxa removed) 
NOTE: was saved to: /home/fili/Documents/KIT/2023/BA/code/output/families/ssim_NE_s20_f100_sites200_GTR_bl1.0_d0.0_l0.0_t0.0_gc0.0_p0.0_pop10_ms0.0_mf0.0_seed121873/families/family_007/misc/raxml_output.F81.raxml.reduced.phy

Alignment comprises 1 partitions and 113 patterns

Partition 0: noname
Model: F81+FO
Alignment sites / patterns: 191 / 113
Gaps: 0.00 %
Invariant sites: 35.08 %


NOTE: Binary MSA file created: /home/fili/Documents/KIT/2023/BA/code/output/families/ssim_NE_s20_f100_sites200_GTR_bl1.0_d0.0_l0.0_t0.0_gc0.0_p0.0_pop10_ms0.0_mf0.0_seed121873/families/family_007/misc/raxml_output.F81.raxml.rba

Parallelization scheme autoconfig: 8 worker(s) x 1 thread(s)

Parallel reduction/worker buffer size: 1 KB  / 0 KB

[00:00:00] Generating 10 random starting tree(s) with 20 taxa
[00:00:00] Generating 10 parsimony starting tree(s) with 20 taxa
[00:00:00] Data distribution: max. partitions/sites/weight per thread: 1 / 113 / 452
[00:00:00] Data distribution: max. searches per worker: 3

Starting ML tree search with 20 distinct starting trees

[00:00:00 -2877.199485] Initial branch length optimization
[00:00:00 -2608.886804] Model parameter optimization (eps = 10.000000)
[00:00:00 -2579.312766] AUTODETECT spr round 1 (radius: 5)
[00:00:00 -1527.188701] AUTODETECT spr round 2 (radius: 10)
[00:00:00 -1513.577980] AUTODETECT spr round 3 (radius: 15)
[00:00:00 -1513.575987] SPR radius for FAST iterations: 10 (autodetect)
[00:00:00 -1513.575987] Model parameter optimization (eps = 3.000000)
[00:00:00 -1513.468209] FAST spr round 1 (radius: 10)
[00:00:00 -1479.232962] FAST spr round 2 (radius: 10)
[00:00:00 -1478.224365] FAST spr round 3 (radius: 10)
[00:00:00 -1478.224363] Model parameter optimization (eps = 1.000000)
[00:00:00 -1477.990908] SLOW spr round 1 (radius: 5)
[00:00:00 -1477.950794] SLOW spr round 2 (radius: 10)
[00:00:00] [worker #2] ML tree search #3, logLikelihood: -1477.948897
[00:00:00] [worker #3] ML tree search #4, logLikelihood: -1477.948897
[00:00:00] [worker #6] ML tree search #7, logLikelihood: -1477.948896
[00:00:00 -1477.950794] SLOW spr round 3 (radius: 15)
[00:00:00] [worker #7] ML tree search #8, logLikelihood: -1477.948898
[00:00:00] [worker #5] ML tree search #6, logLikelihood: -1477.948896
[00:00:00 -1477.950794] SLOW spr round 4 (radius: 20)
[00:00:00] [worker #1] ML tree search #2, logLikelihood: -1477.948897
[00:00:00] [worker #4] ML tree search #5, logLikelihood: -1477.948898
[00:00:00 -1477.950794] Model parameter optimization (eps = 0.100000)

[00:00:00] [worker #0] ML tree search #1, logLikelihood: -1477.948897

[00:00:00 -2850.679131] Initial branch length optimization
[00:00:00 -2547.739425] Model parameter optimization (eps = 10.000000)
[00:00:00 -2521.862996] AUTODETECT spr round 1 (radius: 5)
[00:00:00 -1667.978457] AUTODETECT spr round 2 (radius: 10)
[00:00:00 -1541.659174] AUTODETECT spr round 3 (radius: 15)
[00:00:00 -1541.659139] SPR radius for FAST iterations: 10 (autodetect)
[00:00:00 -1541.659139] Model parameter optimization (eps = 3.000000)
[00:00:00 -1541.566678] FAST spr round 1 (radius: 10)
[00:00:00 -1478.173543] FAST spr round 2 (radius: 10)
[00:00:00 -1478.173542] Model parameter optimization (eps = 1.000000)
[00:00:00 -1477.948941] SLOW spr round 1 (radius: 5)
[00:00:00] [worker #2] ML tree search #11, logLikelihood: -1477.948896
[00:00:00 -1477.948926] SLOW spr round 2 (radius: 10)
[00:00:00] [worker #5] ML tree search #14, logLikelihood: -1477.948897
[00:00:00] [worker #7] ML tree search #16, logLikelihood: -1477.948897
[00:00:00] [worker #6] ML tree search #15, logLikelihood: -1477.948896
[00:00:00] [worker #4] ML tree search #13, logLikelihood: -1477.948896
[00:00:00 -1477.948926] SLOW spr round 3 (radius: 15)
[00:00:00 -1477.948926] SLOW spr round 4 (radius: 20)
[00:00:00 -1477.948926] Model parameter optimization (eps = 0.100000)
[00:00:00] [worker #3] ML tree search #12, logLikelihood: -1477.948896

[00:00:00] [worker #0] ML tree search #9, logLikelihood: -1477.948897

[00:00:00 -1793.083405] Initial branch length optimization
[00:00:00 -1501.913069] Model parameter optimization (eps = 10.000000)
[00:00:00 -1487.273884] AUTODETECT spr round 1 (radius: 5)
[00:00:00] [worker #1] ML tree search #10, logLikelihood: -1477.948897
[00:00:00 -1477.975489] AUTODETECT spr round 2 (radius: 10)
[00:00:00 -1477.975487] SPR radius for FAST iterations: 5 (autodetect)
[00:00:00 -1477.975487] Model parameter optimization (eps = 3.000000)
[00:00:00 -1477.948902] FAST spr round 1 (radius: 5)
[00:00:00 -1477.948900] Model parameter optimization (eps = 1.000000)
[00:00:00 -1477.948896] SLOW spr round 1 (radius: 5)
[00:00:00 -1477.948896] SLOW spr round 2 (radius: 10)
[00:00:00] [worker #2] ML tree search #19, logLikelihood: -1477.948896
[00:00:00 -1477.948896] SLOW spr round 3 (radius: 15)
[00:00:00] [worker #3] ML tree search #20, logLikelihood: -1477.948896
[00:00:00 -1477.948896] SLOW spr round 4 (radius: 20)
[00:00:00 -1477.948896] Model parameter optimization (eps = 0.100000)

[00:00:00] [worker #0] ML tree search #17, logLikelihood: -1477.948896

[00:00:00] [worker #1] ML tree search #18, logLikelihood: -1477.948897

Optimized model parameters:

   Partition 0: noname
   Rate heterogeneity: NONE
   Base frequencies (ML): 0.310683 0.160875 0.298139 0.230303 
   Substitution rates (model): 1.000000 1.000000 1.000000 1.000000 1.000000 1.000000 


Final LogLikelihood: -1477.948896

AIC score: 3035.897791 / AICc score: 3057.764458 / BIC score: 3165.988729
Free parameters (model + branch lengths): 40

Best ML tree saved to: /home/fili/Documents/KIT/2023/BA/code/output/families/ssim_NE_s20_f100_sites200_GTR_bl1.0_d0.0_l0.0_t0.0_gc0.0_p0.0_pop10_ms0.0_mf0.0_seed121873/families/family_007/misc/raxml_output.F81.raxml.bestTree
All ML trees saved to: /home/fili/Documents/KIT/2023/BA/code/output/families/ssim_NE_s20_f100_sites200_GTR_bl1.0_d0.0_l0.0_t0.0_gc0.0_p0.0_pop10_ms0.0_mf0.0_seed121873/families/family_007/misc/raxml_output.F81.raxml.mlTrees
Optimized model saved to: /home/fili/Documents/KIT/2023/BA/code/output/families/ssim_NE_s20_f100_sites200_GTR_bl1.0_d0.0_l0.0_t0.0_gc0.0_p0.0_pop10_ms0.0_mf0.0_seed121873/families/family_007/misc/raxml_output.F81.raxml.bestModel

Execution log saved to: /home/fili/Documents/KIT/2023/BA/code/output/families/ssim_NE_s20_f100_sites200_GTR_bl1.0_d0.0_l0.0_t0.0_gc0.0_p0.0_pop10_ms0.0_mf0.0_seed121873/families/family_007/misc/raxml_output.F81.raxml.log

Analysis started: 27-Jun-2023 13:47:25 / finished: 27-Jun-2023 13:47:25

Elapsed time: 0.244 seconds

