
RAxML-NG v. 1.1.0 released on 29.11.2021 by The Exelixis Lab.
Developed by: Alexey M. Kozlov and Alexandros Stamatakis.
Contributors: Diego Darriba, Tomas Flouri, Benoit Morel, Sarah Lutteropp, Ben Bettisworth.
Latest version: https://github.com/amkozlov/raxml-ng
Questions/problems/suggestions? Please visit: https://groups.google.com/forum/#!forum/raxml

System: AMD Ryzen 7 5800X 8-Core Processor, 8 cores, 31 GB RAM

RAxML-NG was called at 27-Jun-2023 13:43:37 as follows:

/home/fili/Documents/KIT/2023/BA/resources/tools/RAxML-NG/raxml-ng --msa /home/fili/Documents/KIT/2023/BA/code/output/families/ssim_DL_s20_f100_sites200_GTR_bl1.0_d1.0_l1.0_t0.0_gc0.0_p0.0_pop10_ms0.0_mf0.0_seed14976684177860080345/families/family_026/alignment.msa --model F81 --prefix /home/fili/Documents/KIT/2023/BA/code/output/families/ssim_DL_s20_f100_sites200_GTR_bl1.0_d1.0_l1.0_t0.0_gc0.0_p0.0_pop10_ms0.0_mf0.0_seed14976684177860080345/families/family_026/misc/raxml_output.F81

Analysis options:
  run mode: ML tree search
  start tree(s): random (10) + parsimony (10)
  random seed: 1687866217
  tip-inner: OFF
  pattern compression: ON
  per-rate scalers: OFF
  site repeats: ON
  fast spr radius: AUTO
  spr subtree cutoff: 1.000000
  branch lengths: proportional (ML estimate, algorithm: NR-FAST)
  SIMD kernels: AVX2
  parallelization: coarse-grained (auto), PTHREADS (auto)

[00:00:00] Reading alignment from file: /home/fili/Documents/KIT/2023/BA/code/output/families/ssim_DL_s20_f100_sites200_GTR_bl1.0_d1.0_l1.0_t0.0_gc0.0_p0.0_pop10_ms0.0_mf0.0_seed14976684177860080345/families/family_026/alignment.msa
[00:00:00] Loaded alignment with 37 taxa and 177 sites

WARNING: Sequences 15_0_0 and 15_5_0 are exactly identical!
WARNING: Sequences 14_1_0 and 2_1_0 are exactly identical!
WARNING: Sequences 14_1_0 and 11_1_0 are exactly identical!
WARNING: Sequences 14_1_0 and 3_1_0 are exactly identical!
WARNING: Sequences 2_0_0 and 14_0_0 are exactly identical!
WARNING: Sequences 6_0_0 and 3_0_0 are exactly identical!
WARNING: Sequences 11_3_0 and 14_3_0 are exactly identical!
WARNING: Sequences 3_3_0 and 13_3_0 are exactly identical!
WARNING: Sequences 6_2_0 and 3_2_0 are exactly identical!
WARNING: Sequences 6_2_0 and 13_2_0 are exactly identical!
WARNING: Sequences 6_2_0 and 2_2_0 are exactly identical!
WARNING: Sequences 6_2_0 and 14_4_0 are exactly identical!
WARNING: Sequences 6_2_0 and 14_2_0 are exactly identical!
WARNING: Sequences 9_0_0 and 12_0_0 are exactly identical!
WARNING: Sequences 8_0_0 and 10_0_0 are exactly identical!
WARNING: Sequences 8_0_0 and 7_0_0 are exactly identical!
WARNING: Sequences 1_0_0 and 5_0_0 are exactly identical!
WARNING: Duplicate sequences found: 17

NOTE: Reduced alignment (with duplicates and gap-only sites/taxa removed) 
NOTE: was saved to: /home/fili/Documents/KIT/2023/BA/code/output/families/ssim_DL_s20_f100_sites200_GTR_bl1.0_d1.0_l1.0_t0.0_gc0.0_p0.0_pop10_ms0.0_mf0.0_seed14976684177860080345/families/family_026/misc/raxml_output.F81.raxml.reduced.phy

Alignment comprises 1 partitions and 15 patterns

Partition 0: noname
Model: F81+FO
Alignment sites / patterns: 177 / 15
Gaps: 0.00 %
Invariant sites: 93.79 %


NOTE: Binary MSA file created: /home/fili/Documents/KIT/2023/BA/code/output/families/ssim_DL_s20_f100_sites200_GTR_bl1.0_d1.0_l1.0_t0.0_gc0.0_p0.0_pop10_ms0.0_mf0.0_seed14976684177860080345/families/family_026/misc/raxml_output.F81.raxml.rba

Parallelization scheme autoconfig: 8 worker(s) x 1 thread(s)

Parallel reduction/worker buffer size: 1 KB  / 0 KB

[00:00:00] Generating 10 random starting tree(s) with 37 taxa
[00:00:00] Generating 10 parsimony starting tree(s) with 37 taxa
[00:00:00] Data distribution: max. partitions/sites/weight per thread: 1 / 15 / 60
[00:00:00] Data distribution: max. searches per worker: 3

Starting ML tree search with 20 distinct starting trees

[00:00:00 -1796.880867] Initial branch length optimization
[00:00:00 -836.517145] Model parameter optimization (eps = 10.000000)
[00:00:00 -833.196816] AUTODETECT spr round 1 (radius: 5)
[00:00:00 -490.957615] AUTODETECT spr round 2 (radius: 10)
[00:00:00 -463.114312] AUTODETECT spr round 3 (radius: 15)
[00:00:00 -463.114147] SPR radius for FAST iterations: 10 (autodetect)
[00:00:00 -463.114147] Model parameter optimization (eps = 3.000000)
[00:00:00 -460.056070] FAST spr round 1 (radius: 10)
[00:00:00 -447.453374] FAST spr round 2 (radius: 10)
[00:00:00 -447.452595] Model parameter optimization (eps = 1.000000)
[00:00:00 -447.434383] SLOW spr round 1 (radius: 5)
[00:00:00 -447.434365] SLOW spr round 2 (radius: 10)
[00:00:00 -446.830996] SLOW spr round 3 (radius: 5)
[00:00:00] [worker #7] ML tree search #8, logLikelihood: -441.436075
[00:00:00] [worker #4] ML tree search #5, logLikelihood: -450.066514
[00:00:00] [worker #2] ML tree search #3, logLikelihood: -443.209713
[00:00:00] [worker #1] ML tree search #2, logLikelihood: -441.436074
[00:00:00] [worker #5] ML tree search #6, logLikelihood: -442.090343
[00:00:00] [worker #6] ML tree search #7, logLikelihood: -443.209712
[00:00:00 -446.830994] SLOW spr round 4 (radius: 10)
[00:00:00] [worker #3] ML tree search #4, logLikelihood: -443.277394
[00:00:00 -446.830994] SLOW spr round 5 (radius: 15)
[00:00:00 -446.830994] SLOW spr round 6 (radius: 20)
[00:00:00 -446.830994] SLOW spr round 7 (radius: 25)
[00:00:00 -446.830994] Model parameter optimization (eps = 0.100000)

[00:00:00] [worker #0] ML tree search #1, logLikelihood: -446.812671

[00:00:00 -1804.064492] Initial branch length optimization
[00:00:00 -871.053010] Model parameter optimization (eps = 10.000000)
[00:00:00 -867.325837] AUTODETECT spr round 1 (radius: 5)
[00:00:00 -486.656847] AUTODETECT spr round 2 (radius: 10)
[00:00:00] [worker #4] ML tree search #13, logLikelihood: -442.710913
[00:00:00] [worker #7] ML tree search #16, logLikelihood: -443.209702
[00:00:00 -472.599378] AUTODETECT spr round 3 (radius: 15)
[00:00:00] [worker #2] ML tree search #11, logLikelihood: -443.861863
[00:00:00 -472.599378] SPR radius for FAST iterations: 10 (autodetect)
[00:00:00 -472.599378] Model parameter optimization (eps = 3.000000)
[00:00:00 -469.755428] FAST spr round 1 (radius: 10)
[00:00:00] [worker #6] ML tree search #15, logLikelihood: -443.209712
[00:00:00 -442.160321] FAST spr round 2 (radius: 10)
[00:00:00 -442.120405] Model parameter optimization (eps = 1.000000)
[00:00:00 -442.093171] SLOW spr round 1 (radius: 5)
[00:00:00] [worker #3] ML tree search #12, logLikelihood: -443.278613
[00:00:00 -441.454682] SLOW spr round 2 (radius: 5)
[00:00:00] [worker #1] ML tree search #10, logLikelihood: -442.657878
[00:00:00 -441.454680] SLOW spr round 3 (radius: 10)
[00:00:00 -441.454680] SLOW spr round 4 (radius: 15)
[00:00:00 -441.454680] SLOW spr round 5 (radius: 20)
[00:00:00] [worker #2] ML tree search #19, logLikelihood: -443.278613
[00:00:00 -441.454680] SLOW spr round 6 (radius: 25)
[00:00:00 -441.454680] Model parameter optimization (eps = 0.100000)

[00:00:00] [worker #0] ML tree search #9, logLikelihood: -441.436075

[00:00:00 -1587.997127] Initial branch length optimization
[00:00:00 -460.523363] Model parameter optimization (eps = 10.000000)
[00:00:00 -454.212268] AUTODETECT spr round 1 (radius: 5)
[00:00:00] [worker #5] ML tree search #14, logLikelihood: -442.657877
[00:00:00 -452.959463] AUTODETECT spr round 2 (radius: 10)
[00:00:00] [worker #3] ML tree search #20, logLikelihood: -443.758212
[00:00:00 -452.715853] AUTODETECT spr round 3 (radius: 15)
[00:00:00 -451.873041] AUTODETECT spr round 4 (radius: 20)
[00:00:00 -451.844501] SPR radius for FAST iterations: 15 (autodetect)
[00:00:00 -451.844501] Model parameter optimization (eps = 3.000000)
[00:00:00 -451.652081] FAST spr round 1 (radius: 15)
[00:00:00 -443.259156] FAST spr round 2 (radius: 15)
[00:00:00 -443.219317] Model parameter optimization (eps = 1.000000)
[00:00:00 -443.209732] SLOW spr round 1 (radius: 5)
[00:00:00] [worker #1] ML tree search #18, logLikelihood: -443.277279
[00:00:00 -443.209715] SLOW spr round 2 (radius: 10)
[00:00:00 -443.209713] SLOW spr round 3 (radius: 15)
[00:00:00 -443.209712] SLOW spr round 4 (radius: 20)
[00:00:00 -443.209712] SLOW spr round 5 (radius: 25)
[00:00:00 -443.209712] Model parameter optimization (eps = 0.100000)

[00:00:00] [worker #0] ML tree search #17, logLikelihood: -443.209712


Optimized model parameters:

   Partition 0: noname
   Rate heterogeneity: NONE
   Base frequencies (ML): 0.193826 0.174959 0.381398 0.249817 
   Substitution rates (model): 1.000000 1.000000 1.000000 1.000000 1.000000 1.000000 


Final LogLikelihood: -441.436074

AIC score: 1030.872149 / AICc score: 1139.695678 / BIC score: 1265.907229
Free parameters (model + branch lengths): 74

WARNING: Best ML tree contains 16 near-zero branches!

Best ML tree with collapsed near-zero branches saved to: /home/fili/Documents/KIT/2023/BA/code/output/families/ssim_DL_s20_f100_sites200_GTR_bl1.0_d1.0_l1.0_t0.0_gc0.0_p0.0_pop10_ms0.0_mf0.0_seed14976684177860080345/families/family_026/misc/raxml_output.F81.raxml.bestTreeCollapsed
Best ML tree saved to: /home/fili/Documents/KIT/2023/BA/code/output/families/ssim_DL_s20_f100_sites200_GTR_bl1.0_d1.0_l1.0_t0.0_gc0.0_p0.0_pop10_ms0.0_mf0.0_seed14976684177860080345/families/family_026/misc/raxml_output.F81.raxml.bestTree
All ML trees saved to: /home/fili/Documents/KIT/2023/BA/code/output/families/ssim_DL_s20_f100_sites200_GTR_bl1.0_d1.0_l1.0_t0.0_gc0.0_p0.0_pop10_ms0.0_mf0.0_seed14976684177860080345/families/family_026/misc/raxml_output.F81.raxml.mlTrees
Optimized model saved to: /home/fili/Documents/KIT/2023/BA/code/output/families/ssim_DL_s20_f100_sites200_GTR_bl1.0_d1.0_l1.0_t0.0_gc0.0_p0.0_pop10_ms0.0_mf0.0_seed14976684177860080345/families/family_026/misc/raxml_output.F81.raxml.bestModel

Execution log saved to: /home/fili/Documents/KIT/2023/BA/code/output/families/ssim_DL_s20_f100_sites200_GTR_bl1.0_d1.0_l1.0_t0.0_gc0.0_p0.0_pop10_ms0.0_mf0.0_seed14976684177860080345/families/family_026/misc/raxml_output.F81.raxml.log

Analysis started: 27-Jun-2023 13:43:37 / finished: 27-Jun-2023 13:43:37

Elapsed time: 0.200 seconds

