
RAxML-NG v. 1.1.0 released on 29.11.2021 by The Exelixis Lab.
Developed by: Alexey M. Kozlov and Alexandros Stamatakis.
Contributors: Diego Darriba, Tomas Flouri, Benoit Morel, Sarah Lutteropp, Ben Bettisworth.
Latest version: https://github.com/amkozlov/raxml-ng
Questions/problems/suggestions? Please visit: https://groups.google.com/forum/#!forum/raxml

System: AMD Ryzen 7 5800X 8-Core Processor, 8 cores, 31 GB RAM

RAxML-NG was called at 27-Jun-2023 13:41:32 as follows:

/home/fili/Documents/KIT/2023/BA/resources/tools/RAxML-NG/raxml-ng --msa /home/fili/Documents/KIT/2023/BA/code/output/families/ssim_DL_s20_f100_sites200_GTR_bl1.0_d1.0_l1.0_t0.0_gc0.0_p0.0_pop10_ms0.0_mf0.0_seed121873/families/family_100/alignment.msa --model F81 --prefix /home/fili/Documents/KIT/2023/BA/code/output/families/ssim_DL_s20_f100_sites200_GTR_bl1.0_d1.0_l1.0_t0.0_gc0.0_p0.0_pop10_ms0.0_mf0.0_seed121873/families/family_100/misc/raxml_output.F81

Analysis options:
  run mode: ML tree search
  start tree(s): random (10) + parsimony (10)
  random seed: 1687866092
  tip-inner: OFF
  pattern compression: ON
  per-rate scalers: OFF
  site repeats: ON
  fast spr radius: AUTO
  spr subtree cutoff: 1.000000
  branch lengths: proportional (ML estimate, algorithm: NR-FAST)
  SIMD kernels: AVX2
  parallelization: coarse-grained (auto), PTHREADS (auto)

[00:00:00] Reading alignment from file: /home/fili/Documents/KIT/2023/BA/code/output/families/ssim_DL_s20_f100_sites200_GTR_bl1.0_d1.0_l1.0_t0.0_gc0.0_p0.0_pop10_ms0.0_mf0.0_seed121873/families/family_100/alignment.msa
[00:00:00] Loaded alignment with 9 taxa and 226 sites

WARNING: Sequences 17_0_0 and 15_0_0 are exactly identical!
WARNING: Sequences 13_0_0 and 19_0_0 are exactly identical!
WARNING: Duplicate sequences found: 2

NOTE: Reduced alignment (with duplicates and gap-only sites/taxa removed) 
NOTE: was saved to: /home/fili/Documents/KIT/2023/BA/code/output/families/ssim_DL_s20_f100_sites200_GTR_bl1.0_d1.0_l1.0_t0.0_gc0.0_p0.0_pop10_ms0.0_mf0.0_seed121873/families/family_100/misc/raxml_output.F81.raxml.reduced.phy

Alignment comprises 1 partitions and 47 patterns

Partition 0: noname
Model: F81+FO
Alignment sites / patterns: 226 / 47
Gaps: 0.00 %
Invariant sites: 60.62 %


NOTE: Binary MSA file created: /home/fili/Documents/KIT/2023/BA/code/output/families/ssim_DL_s20_f100_sites200_GTR_bl1.0_d1.0_l1.0_t0.0_gc0.0_p0.0_pop10_ms0.0_mf0.0_seed121873/families/family_100/misc/raxml_output.F81.raxml.rba

Parallelization scheme autoconfig: 8 worker(s) x 1 thread(s)

Parallel reduction/worker buffer size: 1 KB  / 0 KB

[00:00:00] Generating 10 random starting tree(s) with 9 taxa
[00:00:00] Generating 10 parsimony starting tree(s) with 9 taxa
[00:00:00] Data distribution: max. partitions/sites/weight per thread: 1 / 47 / 188
[00:00:00] Data distribution: max. searches per worker: 3

Starting ML tree search with 20 distinct starting trees

[00:00:00 -1206.154004] Initial branch length optimization
[00:00:00 -1031.490829] Model parameter optimization (eps = 10.000000)
[00:00:00 -998.412904] AUTODETECT spr round 1 (radius: 5)
[00:00:00 -903.469602] SPR radius for FAST iterations: 5 (autodetect)
[00:00:00 -903.469602] Model parameter optimization (eps = 3.000000)
[00:00:00 -903.039680] FAST spr round 1 (radius: 5)
[00:00:00 -810.525562] FAST spr round 2 (radius: 5)
[00:00:00 -810.525562] Model parameter optimization (eps = 1.000000)
[00:00:00 -810.332801] SLOW spr round 1 (radius: 5)
[00:00:00] [worker #2] ML tree search #3, logLikelihood: -810.332773
[00:00:00] [worker #1] ML tree search #2, logLikelihood: -810.332773
[00:00:00 -810.332792] Model parameter optimization (eps = 0.100000)
[00:00:00] [worker #5] ML tree search #6, logLikelihood: -810.332774
[00:00:00] [worker #4] ML tree search #5, logLikelihood: -810.332773

[00:00:00] [worker #0] ML tree search #1, logLikelihood: -810.332774

[00:00:00] [worker #7] ML tree search #8, logLikelihood: -810.332773
[00:00:00] [worker #6] ML tree search #7, logLikelihood: -810.332774
[00:00:00] [worker #3] ML tree search #4, logLikelihood: -810.332773
[00:00:00 -1220.082072] Initial branch length optimization
[00:00:00 -1128.078034] Model parameter optimization (eps = 10.000000)
[00:00:00 -1089.308755] AUTODETECT spr round 1 (radius: 5)
[00:00:00] [worker #2] ML tree search #11, logLikelihood: -810.332773
[00:00:00 -824.963377] SPR radius for FAST iterations: 5 (autodetect)
[00:00:00 -824.963377] Model parameter optimization (eps = 3.000000)
[00:00:00 -823.942456] FAST spr round 1 (radius: 5)
[00:00:00 -810.342707] FAST spr round 2 (radius: 5)
[00:00:00 -810.342704] Model parameter optimization (eps = 1.000000)
[00:00:00 -810.332775] SLOW spr round 1 (radius: 5)
[00:00:00] [worker #5] ML tree search #14, logLikelihood: -810.332773
[00:00:00] [worker #1] ML tree search #10, logLikelihood: -810.332774
[00:00:00] [worker #6] ML tree search #15, logLikelihood: -810.332773
[00:00:00] [worker #3] ML tree search #12, logLikelihood: -810.332773
[00:00:00] [worker #4] ML tree search #13, logLikelihood: -810.332773
[00:00:00 -810.332774] Model parameter optimization (eps = 0.100000)

[00:00:00] [worker #0] ML tree search #9, logLikelihood: -810.332774

[00:00:00] [worker #7] ML tree search #16, logLikelihood: -810.332773
[00:00:00] [worker #2] ML tree search #19, logLikelihood: -810.332773
[00:00:00 -1001.421104] Initial branch length optimization
[00:00:00 -837.086243] Model parameter optimization (eps = 10.000000)
[00:00:00 -815.765601] AUTODETECT spr round 1 (radius: 5)
[00:00:00 -811.967618] SPR radius for FAST iterations: 5 (autodetect)
[00:00:00 -811.967618] Model parameter optimization (eps = 3.000000)
[00:00:00 -811.948935] FAST spr round 1 (radius: 5)
[00:00:00 -810.335939] FAST spr round 2 (radius: 5)
[00:00:00] [worker #3] ML tree search #20, logLikelihood: -810.332773
[00:00:00] [worker #1] ML tree search #18, logLikelihood: -810.332773
[00:00:00 -810.335939] Model parameter optimization (eps = 1.000000)
[00:00:00 -810.332773] SLOW spr round 1 (radius: 5)
[00:00:00 -810.332773] Model parameter optimization (eps = 0.100000)

[00:00:00] [worker #0] ML tree search #17, logLikelihood: -810.332773


Optimized model parameters:

   Partition 0: noname
   Rate heterogeneity: NONE
   Base frequencies (ML): 0.320398 0.122108 0.324689 0.232805 
   Substitution rates (model): 1.000000 1.000000 1.000000 1.000000 1.000000 1.000000 


Final LogLikelihood: -810.332773

AIC score: 1656.665546 / AICc score: 1659.969894 / BIC score: 1718.235176
Free parameters (model + branch lengths): 18

Best ML tree saved to: /home/fili/Documents/KIT/2023/BA/code/output/families/ssim_DL_s20_f100_sites200_GTR_bl1.0_d1.0_l1.0_t0.0_gc0.0_p0.0_pop10_ms0.0_mf0.0_seed121873/families/family_100/misc/raxml_output.F81.raxml.bestTree
All ML trees saved to: /home/fili/Documents/KIT/2023/BA/code/output/families/ssim_DL_s20_f100_sites200_GTR_bl1.0_d1.0_l1.0_t0.0_gc0.0_p0.0_pop10_ms0.0_mf0.0_seed121873/families/family_100/misc/raxml_output.F81.raxml.mlTrees
Optimized model saved to: /home/fili/Documents/KIT/2023/BA/code/output/families/ssim_DL_s20_f100_sites200_GTR_bl1.0_d1.0_l1.0_t0.0_gc0.0_p0.0_pop10_ms0.0_mf0.0_seed121873/families/family_100/misc/raxml_output.F81.raxml.bestModel

Execution log saved to: /home/fili/Documents/KIT/2023/BA/code/output/families/ssim_DL_s20_f100_sites200_GTR_bl1.0_d1.0_l1.0_t0.0_gc0.0_p0.0_pop10_ms0.0_mf0.0_seed121873/families/family_100/misc/raxml_output.F81.raxml.log

Analysis started: 27-Jun-2023 13:41:32 / finished: 27-Jun-2023 13:41:32

Elapsed time: 0.065 seconds

