
RAxML-NG v. 1.1.0 released on 29.11.2021 by The Exelixis Lab.
Developed by: Alexey M. Kozlov and Alexandros Stamatakis.
Contributors: Diego Darriba, Tomas Flouri, Benoit Morel, Sarah Lutteropp, Ben Bettisworth.
Latest version: https://github.com/amkozlov/raxml-ng
Questions/problems/suggestions? Please visit: https://groups.google.com/forum/#!forum/raxml

System: AMD Ryzen 7 5800X 8-Core Processor, 8 cores, 31 GB RAM

RAxML-NG was called at 27-Jun-2023 13:51:53 as follows:

/home/fili/Documents/KIT/2023/BA/resources/tools/RAxML-NG/raxml-ng --msa /home/fili/Documents/KIT/2023/BA/code/output/families/ssim_NE_s20_f100_sites200_GTR_bl1.0_d0.0_l0.0_t0.0_gc0.0_p0.0_pop10_ms0.0_mf0.0_seed14976684177860080345/families/family_060/alignment.msa --model F81 --prefix /home/fili/Documents/KIT/2023/BA/code/output/families/ssim_NE_s20_f100_sites200_GTR_bl1.0_d0.0_l0.0_t0.0_gc0.0_p0.0_pop10_ms0.0_mf0.0_seed14976684177860080345/families/family_060/misc/raxml_output.F81

Analysis options:
  run mode: ML tree search
  start tree(s): random (10) + parsimony (10)
  random seed: 1687866713
  tip-inner: OFF
  pattern compression: ON
  per-rate scalers: OFF
  site repeats: ON
  fast spr radius: AUTO
  spr subtree cutoff: 1.000000
  branch lengths: proportional (ML estimate, algorithm: NR-FAST)
  SIMD kernels: AVX2
  parallelization: coarse-grained (auto), PTHREADS (auto)

[00:00:00] Reading alignment from file: /home/fili/Documents/KIT/2023/BA/code/output/families/ssim_NE_s20_f100_sites200_GTR_bl1.0_d0.0_l0.0_t0.0_gc0.0_p0.0_pop10_ms0.0_mf0.0_seed14976684177860080345/families/family_060/alignment.msa
[00:00:00] Loaded alignment with 20 taxa and 235 sites

WARNING: Sequences 19_0_0 and 17_0_0 are exactly identical!
WARNING: Sequences 11_0_0 and 2_0_0 are exactly identical!
WARNING: Sequences 11_0_0 and 14_0_0 are exactly identical!
WARNING: Sequences 13_0_0 and 3_0_0 are exactly identical!
WARNING: Duplicate sequences found: 4

NOTE: Reduced alignment (with duplicates and gap-only sites/taxa removed) 
NOTE: was saved to: /home/fili/Documents/KIT/2023/BA/code/output/families/ssim_NE_s20_f100_sites200_GTR_bl1.0_d0.0_l0.0_t0.0_gc0.0_p0.0_pop10_ms0.0_mf0.0_seed14976684177860080345/families/family_060/misc/raxml_output.F81.raxml.reduced.phy

Alignment comprises 1 partitions and 73 patterns

Partition 0: noname
Model: F81+FO
Alignment sites / patterns: 235 / 73
Gaps: 0.00 %
Invariant sites: 50.64 %


NOTE: Binary MSA file created: /home/fili/Documents/KIT/2023/BA/code/output/families/ssim_NE_s20_f100_sites200_GTR_bl1.0_d0.0_l0.0_t0.0_gc0.0_p0.0_pop10_ms0.0_mf0.0_seed14976684177860080345/families/family_060/misc/raxml_output.F81.raxml.rba

Parallelization scheme autoconfig: 8 worker(s) x 1 thread(s)

Parallel reduction/worker buffer size: 1 KB  / 0 KB

[00:00:00] Generating 10 random starting tree(s) with 20 taxa
[00:00:00] Generating 10 parsimony starting tree(s) with 20 taxa
[00:00:00] Data distribution: max. partitions/sites/weight per thread: 1 / 73 / 292
[00:00:00] Data distribution: max. searches per worker: 3

Starting ML tree search with 20 distinct starting trees

[00:00:00 -3319.801452] Initial branch length optimization
[00:00:00 -2796.966739] Model parameter optimization (eps = 10.000000)
[00:00:00 -2779.624292] AUTODETECT spr round 1 (radius: 5)
[00:00:00 -1056.007624] AUTODETECT spr round 2 (radius: 10)
[00:00:00 -1056.007326] SPR radius for FAST iterations: 5 (autodetect)
[00:00:00 -1056.007326] Model parameter optimization (eps = 3.000000)
[00:00:00 -1054.841929] FAST spr round 1 (radius: 5)
[00:00:00 -1044.137438] FAST spr round 2 (radius: 5)
[00:00:00 -1035.335369] FAST spr round 3 (radius: 5)
[00:00:00 -1035.335359] Model parameter optimization (eps = 1.000000)
[00:00:00 -1035.307810] SLOW spr round 1 (radius: 5)
[00:00:00 -1035.307796] SLOW spr round 2 (radius: 10)
[00:00:00] [worker #7] ML tree search #8, logLikelihood: -1035.307789
[00:00:00 -1035.307796] SLOW spr round 3 (radius: 15)
[00:00:00 -1035.307796] SLOW spr round 4 (radius: 20)
[00:00:00] [worker #6] ML tree search #7, logLikelihood: -1035.307792
[00:00:00] [worker #3] ML tree search #4, logLikelihood: -1035.307789
[00:00:00 -1035.307796] Model parameter optimization (eps = 0.100000)
[00:00:00] [worker #2] ML tree search #3, logLikelihood: -1035.307789
[00:00:00] [worker #4] ML tree search #5, logLikelihood: -1035.307788

[00:00:00] [worker #0] ML tree search #1, logLikelihood: -1035.307788

[00:00:00] [worker #1] ML tree search #2, logLikelihood: -1035.307790
[00:00:00] [worker #5] ML tree search #6, logLikelihood: -1035.307788
[00:00:00 -2979.706677] Initial branch length optimization
[00:00:00 -2257.016928] Model parameter optimization (eps = 10.000000)
[00:00:00 -2237.598822] AUTODETECT spr round 1 (radius: 5)
[00:00:00 -1055.180102] AUTODETECT spr round 2 (radius: 10)
[00:00:00 -1055.180102] SPR radius for FAST iterations: 5 (autodetect)
[00:00:00 -1055.180102] Model parameter optimization (eps = 3.000000)
[00:00:00 -1053.629852] FAST spr round 1 (radius: 5)
[00:00:00 -1043.916354] FAST spr round 2 (radius: 5)
[00:00:00 -1040.110773] FAST spr round 3 (radius: 5)
[00:00:00] [worker #6] ML tree search #15, logLikelihood: -1035.307790
[00:00:00] [worker #3] ML tree search #12, logLikelihood: -1035.307812
[00:00:00] [worker #2] ML tree search #11, logLikelihood: -1035.307790
[00:00:00] [worker #5] ML tree search #14, logLikelihood: -1035.307787
[00:00:00 -1040.110766] Model parameter optimization (eps = 1.000000)
[00:00:00 -1039.995011] SLOW spr round 1 (radius: 5)
[00:00:00] [worker #4] ML tree search #13, logLikelihood: -1035.307789
[00:00:00] [worker #7] ML tree search #16, logLikelihood: -1035.307788
[00:00:00] [worker #1] ML tree search #10, logLikelihood: -1035.307789
[00:00:00 -1035.327227] SLOW spr round 2 (radius: 5)
[00:00:00] [worker #3] ML tree search #20, logLikelihood: -1035.307787
[00:00:00] [worker #2] ML tree search #19, logLikelihood: -1035.307788
[00:00:00 -1035.327224] SLOW spr round 3 (radius: 10)
[00:00:00] [worker #1] ML tree search #18, logLikelihood: -1035.307788
[00:00:00 -1035.327224] SLOW spr round 4 (radius: 15)
[00:00:00 -1035.327224] SLOW spr round 5 (radius: 20)
[00:00:00 -1035.327224] Model parameter optimization (eps = 0.100000)

[00:00:00] [worker #0] ML tree search #9, logLikelihood: -1035.307810

[00:00:00 -1669.488526] Initial branch length optimization
[00:00:00 -1039.819772] Model parameter optimization (eps = 10.000000)
[00:00:00 -1035.394823] AUTODETECT spr round 1 (radius: 5)
[00:00:00 -1035.325153] SPR radius for FAST iterations: 5 (autodetect)
[00:00:00 -1035.325153] Model parameter optimization (eps = 3.000000)
[00:00:00 -1035.307871] FAST spr round 1 (radius: 5)
[00:00:00 -1035.307804] Model parameter optimization (eps = 1.000000)
[00:00:00 -1035.307788] SLOW spr round 1 (radius: 5)
[00:00:00 -1035.307788] SLOW spr round 2 (radius: 10)
[00:00:00 -1035.307788] SLOW spr round 3 (radius: 15)
[00:00:00 -1035.307788] SLOW spr round 4 (radius: 20)
[00:00:00 -1035.307788] Model parameter optimization (eps = 0.100000)

[00:00:00] [worker #0] ML tree search #17, logLikelihood: -1035.307788


Optimized model parameters:

   Partition 0: noname
   Rate heterogeneity: NONE
   Base frequencies (ML): 0.245586 0.212752 0.316326 0.225336 
   Substitution rates (model): 1.000000 1.000000 1.000000 1.000000 1.000000 1.000000 


Final LogLikelihood: -1035.307787

AIC score: 2150.615575 / AICc score: 2167.522791 / BIC score: 2288.998995
Free parameters (model + branch lengths): 40

WARNING: Best ML tree contains 4 near-zero branches!

Best ML tree with collapsed near-zero branches saved to: /home/fili/Documents/KIT/2023/BA/code/output/families/ssim_NE_s20_f100_sites200_GTR_bl1.0_d0.0_l0.0_t0.0_gc0.0_p0.0_pop10_ms0.0_mf0.0_seed14976684177860080345/families/family_060/misc/raxml_output.F81.raxml.bestTreeCollapsed
Best ML tree saved to: /home/fili/Documents/KIT/2023/BA/code/output/families/ssim_NE_s20_f100_sites200_GTR_bl1.0_d0.0_l0.0_t0.0_gc0.0_p0.0_pop10_ms0.0_mf0.0_seed14976684177860080345/families/family_060/misc/raxml_output.F81.raxml.bestTree
All ML trees saved to: /home/fili/Documents/KIT/2023/BA/code/output/families/ssim_NE_s20_f100_sites200_GTR_bl1.0_d0.0_l0.0_t0.0_gc0.0_p0.0_pop10_ms0.0_mf0.0_seed14976684177860080345/families/family_060/misc/raxml_output.F81.raxml.mlTrees
Optimized model saved to: /home/fili/Documents/KIT/2023/BA/code/output/families/ssim_NE_s20_f100_sites200_GTR_bl1.0_d0.0_l0.0_t0.0_gc0.0_p0.0_pop10_ms0.0_mf0.0_seed14976684177860080345/families/family_060/misc/raxml_output.F81.raxml.bestModel

Execution log saved to: /home/fili/Documents/KIT/2023/BA/code/output/families/ssim_NE_s20_f100_sites200_GTR_bl1.0_d0.0_l0.0_t0.0_gc0.0_p0.0_pop10_ms0.0_mf0.0_seed14976684177860080345/families/family_060/misc/raxml_output.F81.raxml.log

Analysis started: 27-Jun-2023 13:51:53 / finished: 27-Jun-2023 13:51:53

Elapsed time: 0.220 seconds

