
RAxML-NG v. 1.1.0 released on 29.11.2021 by The Exelixis Lab.
Developed by: Alexey M. Kozlov and Alexandros Stamatakis.
Contributors: Diego Darriba, Tomas Flouri, Benoit Morel, Sarah Lutteropp, Ben Bettisworth.
Latest version: https://github.com/amkozlov/raxml-ng
Questions/problems/suggestions? Please visit: https://groups.google.com/forum/#!forum/raxml

System: AMD Ryzen 7 5800X 8-Core Processor, 8 cores, 31 GB RAM

RAxML-NG was called at 27-Jun-2023 13:52:09 as follows:

/home/fili/Documents/KIT/2023/BA/resources/tools/RAxML-NG/raxml-ng --msa /home/fili/Documents/KIT/2023/BA/code/output/families/ssim_NE_s20_f100_sites200_GTR_bl1.0_d0.0_l0.0_t0.0_gc0.0_p0.0_pop10_ms0.0_mf0.0_seed14976684177860080345/families/family_059/alignment.msa --model F81 --prefix /home/fili/Documents/KIT/2023/BA/code/output/families/ssim_NE_s20_f100_sites200_GTR_bl1.0_d0.0_l0.0_t0.0_gc0.0_p0.0_pop10_ms0.0_mf0.0_seed14976684177860080345/families/family_059/misc/raxml_output.F81

Analysis options:
  run mode: ML tree search
  start tree(s): random (10) + parsimony (10)
  random seed: 1687866729
  tip-inner: OFF
  pattern compression: ON
  per-rate scalers: OFF
  site repeats: ON
  fast spr radius: AUTO
  spr subtree cutoff: 1.000000
  branch lengths: proportional (ML estimate, algorithm: NR-FAST)
  SIMD kernels: AVX2
  parallelization: coarse-grained (auto), PTHREADS (auto)

[00:00:00] Reading alignment from file: /home/fili/Documents/KIT/2023/BA/code/output/families/ssim_NE_s20_f100_sites200_GTR_bl1.0_d0.0_l0.0_t0.0_gc0.0_p0.0_pop10_ms0.0_mf0.0_seed14976684177860080345/families/family_059/alignment.msa
[00:00:00] Loaded alignment with 20 taxa and 142 sites

WARNING: Sequences 18_0_0 and 17_0_0 are exactly identical!
WARNING: Sequences 1_0_0 and 7_0_0 are exactly identical!
WARNING: Sequences 1_0_0 and 10_0_0 are exactly identical!
WARNING: Sequences 3_0_0 and 13_0_0 are exactly identical!
WARNING: Sequences 2_0_0 and 14_0_0 are exactly identical!
WARNING: Duplicate sequences found: 5

NOTE: Reduced alignment (with duplicates and gap-only sites/taxa removed) 
NOTE: was saved to: /home/fili/Documents/KIT/2023/BA/code/output/families/ssim_NE_s20_f100_sites200_GTR_bl1.0_d0.0_l0.0_t0.0_gc0.0_p0.0_pop10_ms0.0_mf0.0_seed14976684177860080345/families/family_059/misc/raxml_output.F81.raxml.reduced.phy

Alignment comprises 1 partitions and 57 patterns

Partition 0: noname
Model: F81+FO
Alignment sites / patterns: 142 / 57
Gaps: 0.00 %
Invariant sites: 52.11 %


NOTE: Binary MSA file created: /home/fili/Documents/KIT/2023/BA/code/output/families/ssim_NE_s20_f100_sites200_GTR_bl1.0_d0.0_l0.0_t0.0_gc0.0_p0.0_pop10_ms0.0_mf0.0_seed14976684177860080345/families/family_059/misc/raxml_output.F81.raxml.rba

Parallelization scheme autoconfig: 8 worker(s) x 1 thread(s)

Parallel reduction/worker buffer size: 1 KB  / 0 KB

[00:00:00] Generating 10 random starting tree(s) with 20 taxa
[00:00:00] Generating 10 parsimony starting tree(s) with 20 taxa
[00:00:00] Data distribution: max. partitions/sites/weight per thread: 1 / 57 / 228
[00:00:00] Data distribution: max. searches per worker: 3

Starting ML tree search with 20 distinct starting trees

[00:00:00 -1842.536788] Initial branch length optimization
[00:00:00 -1540.733423] Model parameter optimization (eps = 10.000000)
[00:00:00 -1500.752637] AUTODETECT spr round 1 (radius: 5)
[00:00:00 -727.435819] AUTODETECT spr round 2 (radius: 10)
[00:00:00 -727.435425] SPR radius for FAST iterations: 5 (autodetect)
[00:00:00 -727.435425] Model parameter optimization (eps = 3.000000)
[00:00:00 -726.310547] FAST spr round 1 (radius: 5)
[00:00:00 -712.478207] FAST spr round 2 (radius: 5)
[00:00:00 -712.478207] Model parameter optimization (eps = 1.000000)
[00:00:00 -712.367459] SLOW spr round 1 (radius: 5)
[00:00:00 -712.367457] SLOW spr round 2 (radius: 10)
[00:00:00] [worker #4] ML tree search #5, logLikelihood: -712.367450
[00:00:00 -712.367457] SLOW spr round 3 (radius: 15)
[00:00:00 -712.367457] SLOW spr round 4 (radius: 20)
[00:00:00 -712.367457] Model parameter optimization (eps = 0.100000)

[00:00:00] [worker #0] ML tree search #1, logLikelihood: -712.367452

[00:00:00 -1887.685294] Initial branch length optimization
[00:00:00] [worker #2] ML tree search #3, logLikelihood: -712.367451
[00:00:00 -1667.774434] Model parameter optimization (eps = 10.000000)
[00:00:00 -1597.529252] AUTODETECT spr round 1 (radius: 5)
[00:00:00] [worker #3] ML tree search #4, logLikelihood: -712.367451
[00:00:00] [worker #7] ML tree search #8, logLikelihood: -712.367449
[00:00:00] [worker #5] ML tree search #6, logLikelihood: -712.367451
[00:00:00 -727.403441] AUTODETECT spr round 2 (radius: 10)
[00:00:00 -727.402916] SPR radius for FAST iterations: 5 (autodetect)
[00:00:00 -727.402916] Model parameter optimization (eps = 3.000000)
[00:00:00 -725.918056] FAST spr round 1 (radius: 5)
[00:00:00 -712.431236] FAST spr round 2 (radius: 5)
[00:00:00] [worker #6] ML tree search #7, logLikelihood: -712.367450
[00:00:00 -712.431236] Model parameter optimization (eps = 1.000000)
[00:00:00 -712.367480] SLOW spr round 1 (radius: 5)
[00:00:00] [worker #1] ML tree search #2, logLikelihood: -712.367450
[00:00:00] [worker #4] ML tree search #13, logLikelihood: -712.367451
[00:00:00 -712.367470] SLOW spr round 2 (radius: 10)
[00:00:00] [worker #2] ML tree search #11, logLikelihood: -712.367450
[00:00:00 -712.367470] SLOW spr round 3 (radius: 15)
[00:00:00 -712.367470] SLOW spr round 4 (radius: 20)
[00:00:00 -712.367470] Model parameter optimization (eps = 0.100000)
[00:00:00] [worker #7] ML tree search #16, logLikelihood: -712.367450
[00:00:00] [worker #5] ML tree search #14, logLikelihood: -712.367450

[00:00:00] [worker #0] ML tree search #9, logLikelihood: -712.367451

[00:00:00] [worker #3] ML tree search #12, logLikelihood: -712.367450
[00:00:00 -1067.236110] Initial branch length optimization
[00:00:00 -732.431040] Model parameter optimization (eps = 10.000000)
[00:00:00 -719.381546] AUTODETECT spr round 1 (radius: 5)
[00:00:00 -712.376467] AUTODETECT spr round 2 (radius: 10)
[00:00:00 -712.376464] SPR radius for FAST iterations: 5 (autodetect)
[00:00:00 -712.376464] Model parameter optimization (eps = 3.000000)
[00:00:00 -712.367452] FAST spr round 1 (radius: 5)
[00:00:00 -712.367451] Model parameter optimization (eps = 1.000000)
[00:00:00 -712.367450] SLOW spr round 1 (radius: 5)
[00:00:00 -712.367450] SLOW spr round 2 (radius: 10)
[00:00:00] [worker #2] ML tree search #19, logLikelihood: -712.367451
[00:00:00] [worker #6] ML tree search #15, logLikelihood: -712.367451
[00:00:00 -712.367450] SLOW spr round 3 (radius: 15)
[00:00:00 -712.367450] SLOW spr round 4 (radius: 20)
[00:00:00] [worker #3] ML tree search #20, logLikelihood: -712.367450
[00:00:00 -712.367450] Model parameter optimization (eps = 0.100000)

[00:00:00] [worker #0] ML tree search #17, logLikelihood: -712.367450

[00:00:00] [worker #1] ML tree search #10, logLikelihood: -712.367451
[00:00:00] [worker #1] ML tree search #18, logLikelihood: -712.367451

Optimized model parameters:

   Partition 0: noname
   Rate heterogeneity: NONE
   Base frequencies (ML): 0.307137 0.136226 0.328083 0.228554 
   Substitution rates (model): 1.000000 1.000000 1.000000 1.000000 1.000000 1.000000 


Final LogLikelihood: -712.367449

AIC score: 1504.734899 / AICc score: 1537.210146 / BIC score: 1622.967981
Free parameters (model + branch lengths): 40

WARNING: Best ML tree contains 5 near-zero branches!

Best ML tree with collapsed near-zero branches saved to: /home/fili/Documents/KIT/2023/BA/code/output/families/ssim_NE_s20_f100_sites200_GTR_bl1.0_d0.0_l0.0_t0.0_gc0.0_p0.0_pop10_ms0.0_mf0.0_seed14976684177860080345/families/family_059/misc/raxml_output.F81.raxml.bestTreeCollapsed
Best ML tree saved to: /home/fili/Documents/KIT/2023/BA/code/output/families/ssim_NE_s20_f100_sites200_GTR_bl1.0_d0.0_l0.0_t0.0_gc0.0_p0.0_pop10_ms0.0_mf0.0_seed14976684177860080345/families/family_059/misc/raxml_output.F81.raxml.bestTree
All ML trees saved to: /home/fili/Documents/KIT/2023/BA/code/output/families/ssim_NE_s20_f100_sites200_GTR_bl1.0_d0.0_l0.0_t0.0_gc0.0_p0.0_pop10_ms0.0_mf0.0_seed14976684177860080345/families/family_059/misc/raxml_output.F81.raxml.mlTrees
Optimized model saved to: /home/fili/Documents/KIT/2023/BA/code/output/families/ssim_NE_s20_f100_sites200_GTR_bl1.0_d0.0_l0.0_t0.0_gc0.0_p0.0_pop10_ms0.0_mf0.0_seed14976684177860080345/families/family_059/misc/raxml_output.F81.raxml.bestModel

Execution log saved to: /home/fili/Documents/KIT/2023/BA/code/output/families/ssim_NE_s20_f100_sites200_GTR_bl1.0_d0.0_l0.0_t0.0_gc0.0_p0.0_pop10_ms0.0_mf0.0_seed14976684177860080345/families/family_059/misc/raxml_output.F81.raxml.log

Analysis started: 27-Jun-2023 13:52:09 / finished: 27-Jun-2023 13:52:09

Elapsed time: 0.170 seconds

