
RAxML-NG v. 1.1.0 released on 29.11.2021 by The Exelixis Lab.
Developed by: Alexey M. Kozlov and Alexandros Stamatakis.
Contributors: Diego Darriba, Tomas Flouri, Benoit Morel, Sarah Lutteropp, Ben Bettisworth.
Latest version: https://github.com/amkozlov/raxml-ng
Questions/problems/suggestions? Please visit: https://groups.google.com/forum/#!forum/raxml

System: AMD Ryzen 7 5800X 8-Core Processor, 8 cores, 31 GB RAM

RAxML-NG was called at 27-Jun-2023 12:59:28 as follows:

/home/fili/Documents/KIT/2023/BA/resources/tools/RAxML-NG/raxml-ng --msa /home/fili/Documents/KIT/2023/BA/code/output/families/ssim_DL_s20_f100_sites200_GTR_bl1.0_d1.0_l1.0_t0.0_gc0.0_p0.0_pop10_ms0.0_mf0.0_seed42/families/family_012/alignment.msa --model F81 --prefix /home/fili/Documents/KIT/2023/BA/code/output/families/ssim_DL_s20_f100_sites200_GTR_bl1.0_d1.0_l1.0_t0.0_gc0.0_p0.0_pop10_ms0.0_mf0.0_seed42/families/family_012/misc/raxml_output.F81

Analysis options:
  run mode: ML tree search
  start tree(s): random (10) + parsimony (10)
  random seed: 1687863568
  tip-inner: OFF
  pattern compression: ON
  per-rate scalers: OFF
  site repeats: ON
  fast spr radius: AUTO
  spr subtree cutoff: 1.000000
  branch lengths: proportional (ML estimate, algorithm: NR-FAST)
  SIMD kernels: AVX2
  parallelization: coarse-grained (auto), PTHREADS (auto)

[00:00:00] Reading alignment from file: /home/fili/Documents/KIT/2023/BA/code/output/families/ssim_DL_s20_f100_sites200_GTR_bl1.0_d1.0_l1.0_t0.0_gc0.0_p0.0_pop10_ms0.0_mf0.0_seed42/families/family_012/alignment.msa
[00:00:00] Loaded alignment with 40 taxa and 248 sites

WARNING: Sequences 2_8_0 and 3_8_0 are exactly identical!
WARNING: Sequences 13_13_0 and 9_13_0 are exactly identical!
WARNING: Sequences 10_18_0 and 12_18_0 are exactly identical!
WARNING: Sequences 10_18_0 and 4_18_0 are exactly identical!
WARNING: Duplicate sequences found: 4

NOTE: Reduced alignment (with duplicates and gap-only sites/taxa removed) 
NOTE: was saved to: /home/fili/Documents/KIT/2023/BA/code/output/families/ssim_DL_s20_f100_sites200_GTR_bl1.0_d1.0_l1.0_t0.0_gc0.0_p0.0_pop10_ms0.0_mf0.0_seed42/families/family_012/misc/raxml_output.F81.raxml.reduced.phy

Alignment comprises 1 partitions and 155 patterns

Partition 0: noname
Model: F81+FO
Alignment sites / patterns: 248 / 155
Gaps: 0.00 %
Invariant sites: 37.50 %


NOTE: Binary MSA file created: /home/fili/Documents/KIT/2023/BA/code/output/families/ssim_DL_s20_f100_sites200_GTR_bl1.0_d1.0_l1.0_t0.0_gc0.0_p0.0_pop10_ms0.0_mf0.0_seed42/families/family_012/misc/raxml_output.F81.raxml.rba

Parallelization scheme autoconfig: 8 worker(s) x 1 thread(s)

Parallel reduction/worker buffer size: 1 KB  / 0 KB

[00:00:00] Generating 10 random starting tree(s) with 40 taxa
[00:00:00] Generating 10 parsimony starting tree(s) with 40 taxa
[00:00:00] Data distribution: max. partitions/sites/weight per thread: 1 / 155 / 620
[00:00:00] Data distribution: max. searches per worker: 3

Starting ML tree search with 20 distinct starting trees

[00:00:00 -7125.347253] Initial branch length optimization
[00:00:00 -6386.736915] Model parameter optimization (eps = 10.000000)
[00:00:00 -6296.919304] AUTODETECT spr round 1 (radius: 5)
[00:00:00 -3326.034618] AUTODETECT spr round 2 (radius: 10)
[00:00:00 -2948.469839] AUTODETECT spr round 3 (radius: 15)
[00:00:00 -2948.468808] SPR radius for FAST iterations: 10 (autodetect)
[00:00:00 -2948.468808] Model parameter optimization (eps = 3.000000)
[00:00:00 -2947.396945] FAST spr round 1 (radius: 10)
[00:00:00 -2882.534867] FAST spr round 2 (radius: 10)
[00:00:00 -2863.012957] FAST spr round 3 (radius: 10)
[00:00:00 -2859.192310] FAST spr round 4 (radius: 10)
[00:00:00 -2857.420593] FAST spr round 5 (radius: 10)
[00:00:00 -2856.399237] FAST spr round 6 (radius: 10)
[00:00:00 -2856.399211] Model parameter optimization (eps = 1.000000)
[00:00:00 -2855.926322] SLOW spr round 1 (radius: 5)
[00:00:00 -2855.925238] SLOW spr round 2 (radius: 10)
[00:00:00 -2855.925236] SLOW spr round 3 (radius: 15)
[00:00:00] [worker #6] ML tree search #7, logLikelihood: -2855.924491
[00:00:00] [worker #2] ML tree search #3, logLikelihood: -2855.924499
[00:00:00] [worker #5] ML tree search #6, logLikelihood: -2855.924498
[00:00:00 -2855.925236] SLOW spr round 4 (radius: 20)
[00:00:00 -2855.925236] SLOW spr round 5 (radius: 25)
[00:00:00 -2855.925236] Model parameter optimization (eps = 0.100000)

[00:00:00] [worker #0] ML tree search #1, logLikelihood: -2855.924531

[00:00:00] [worker #1] ML tree search #2, logLikelihood: -2855.924531
[00:00:00] [worker #7] ML tree search #8, logLikelihood: -2855.924498
[00:00:00 -6841.876977] Initial branch length optimization
[00:00:00 -6001.331606] Model parameter optimization (eps = 10.000000)
[00:00:00 -5921.292569] AUTODETECT spr round 1 (radius: 5)
[00:00:00] [worker #4] ML tree search #5, logLikelihood: -2855.924529
[00:00:00] [worker #3] ML tree search #4, logLikelihood: -2855.924493
[00:00:00 -3290.804841] AUTODETECT spr round 2 (radius: 10)
[00:00:00 -3084.243927] AUTODETECT spr round 3 (radius: 15)
[00:00:00 -3084.243801] SPR radius for FAST iterations: 10 (autodetect)
[00:00:00 -3084.243801] Model parameter optimization (eps = 3.000000)
[00:00:00 -3083.469980] FAST spr round 1 (radius: 10)
[00:00:00 -2867.970864] FAST spr round 2 (radius: 10)
[00:00:00 -2861.169414] FAST spr round 3 (radius: 10)
[00:00:00 -2856.006938] FAST spr round 4 (radius: 10)
[00:00:00 -2856.006904] Model parameter optimization (eps = 1.000000)
[00:00:00 -2855.924783] SLOW spr round 1 (radius: 5)
[00:00:00] [worker #5] ML tree search #14, logLikelihood: -2855.924493
[00:00:00 -2855.924626] SLOW spr round 2 (radius: 10)
[00:00:00] [worker #7] ML tree search #16, logLikelihood: -2855.924492
[00:00:00 -2855.924625] SLOW spr round 3 (radius: 15)
[00:00:00] [worker #6] ML tree search #15, logLikelihood: -2855.924493
[00:00:00] [worker #4] ML tree search #13, logLikelihood: -2855.924492
[00:00:00 -2855.924625] SLOW spr round 4 (radius: 20)
[00:00:00 -2855.924625] SLOW spr round 5 (radius: 25)
[00:00:00 -2855.924625] Model parameter optimization (eps = 0.100000)

[00:00:00] [worker #0] ML tree search #9, logLikelihood: -2855.924492

[00:00:00 -3969.107017] Initial branch length optimization
[00:00:00 -2915.025972] Model parameter optimization (eps = 10.000000)
[00:00:00 -2871.840515] AUTODETECT spr round 1 (radius: 5)
[00:00:00 -2856.159081] AUTODETECT spr round 2 (radius: 10)
[00:00:00] [worker #1] ML tree search #10, logLikelihood: -2855.924492
[00:00:00 -2856.158151] SPR radius for FAST iterations: 5 (autodetect)
[00:00:00 -2856.158151] Model parameter optimization (eps = 3.000000)
[00:00:00 -2856.108063] FAST spr round 1 (radius: 5)
[00:00:00] [worker #2] ML tree search #11, logLikelihood: -2855.924532
[00:00:00 -2855.928813] FAST spr round 2 (radius: 5)
[00:00:00] [worker #3] ML tree search #12, logLikelihood: -2855.924495
[00:00:00 -2855.928795] Model parameter optimization (eps = 1.000000)
[00:00:00 -2855.924498] SLOW spr round 1 (radius: 5)
[00:00:00 -2855.924495] SLOW spr round 2 (radius: 10)
[00:00:00 -2855.924495] SLOW spr round 3 (radius: 15)
[00:00:00 -2855.924495] SLOW spr round 4 (radius: 20)
[00:00:00 -2855.924495] SLOW spr round 5 (radius: 25)
[00:00:00 -2855.924495] Model parameter optimization (eps = 0.100000)

[00:00:00] [worker #0] ML tree search #17, logLikelihood: -2855.924494

[00:00:00] [worker #1] ML tree search #18, logLikelihood: -2855.924492
[00:00:00] [worker #2] ML tree search #19, logLikelihood: -2855.924492
[00:00:00] [worker #3] ML tree search #20, logLikelihood: -2855.924492

Optimized model parameters:

   Partition 0: noname
   Rate heterogeneity: NONE
   Base frequencies (ML): 0.283688 0.140465 0.351033 0.224815 
   Substitution rates (model): 1.000000 1.000000 1.000000 1.000000 1.000000 1.000000 


Final LogLikelihood: -2855.924491

AIC score: 5871.848982 / AICc score: 5949.453772 / BIC score: 6152.923281
Free parameters (model + branch lengths): 80

WARNING: Best ML tree contains 4 near-zero branches!

Best ML tree with collapsed near-zero branches saved to: /home/fili/Documents/KIT/2023/BA/code/output/families/ssim_DL_s20_f100_sites200_GTR_bl1.0_d1.0_l1.0_t0.0_gc0.0_p0.0_pop10_ms0.0_mf0.0_seed42/families/family_012/misc/raxml_output.F81.raxml.bestTreeCollapsed
Best ML tree saved to: /home/fili/Documents/KIT/2023/BA/code/output/families/ssim_DL_s20_f100_sites200_GTR_bl1.0_d1.0_l1.0_t0.0_gc0.0_p0.0_pop10_ms0.0_mf0.0_seed42/families/family_012/misc/raxml_output.F81.raxml.bestTree
All ML trees saved to: /home/fili/Documents/KIT/2023/BA/code/output/families/ssim_DL_s20_f100_sites200_GTR_bl1.0_d1.0_l1.0_t0.0_gc0.0_p0.0_pop10_ms0.0_mf0.0_seed42/families/family_012/misc/raxml_output.F81.raxml.mlTrees
Optimized model saved to: /home/fili/Documents/KIT/2023/BA/code/output/families/ssim_DL_s20_f100_sites200_GTR_bl1.0_d1.0_l1.0_t0.0_gc0.0_p0.0_pop10_ms0.0_mf0.0_seed42/families/family_012/misc/raxml_output.F81.raxml.bestModel

Execution log saved to: /home/fili/Documents/KIT/2023/BA/code/output/families/ssim_DL_s20_f100_sites200_GTR_bl1.0_d1.0_l1.0_t0.0_gc0.0_p0.0_pop10_ms0.0_mf0.0_seed42/families/family_012/misc/raxml_output.F81.raxml.log

Analysis started: 27-Jun-2023 12:59:28 / finished: 27-Jun-2023 12:59:29

Elapsed time: 0.995 seconds

