
RAxML-NG v. 1.1.0 released on 29.11.2021 by The Exelixis Lab.
Developed by: Alexey M. Kozlov and Alexandros Stamatakis.
Contributors: Diego Darriba, Tomas Flouri, Benoit Morel, Sarah Lutteropp, Ben Bettisworth.
Latest version: https://github.com/amkozlov/raxml-ng
Questions/problems/suggestions? Please visit: https://groups.google.com/forum/#!forum/raxml

System: AMD Ryzen 7 5800X 8-Core Processor, 8 cores, 31 GB RAM

RAxML-NG was called at 27-Jun-2023 13:03:53 as follows:

/home/fili/Documents/KIT/2023/BA/resources/tools/RAxML-NG/raxml-ng --msa /home/fili/Documents/KIT/2023/BA/code/output/families/ssim_DL_s20_f100_sites200_GTR_bl1.0_d1.0_l1.0_t0.0_gc0.0_p0.0_pop10_ms0.0_mf0.0_seed19732311/families/family_088/alignment.msa --model F81 --prefix /home/fili/Documents/KIT/2023/BA/code/output/families/ssim_DL_s20_f100_sites200_GTR_bl1.0_d1.0_l1.0_t0.0_gc0.0_p0.0_pop10_ms0.0_mf0.0_seed19732311/families/family_088/misc/raxml_output.F81

Analysis options:
  run mode: ML tree search
  start tree(s): random (10) + parsimony (10)
  random seed: 1687863833
  tip-inner: OFF
  pattern compression: ON
  per-rate scalers: OFF
  site repeats: ON
  fast spr radius: AUTO
  spr subtree cutoff: 1.000000
  branch lengths: proportional (ML estimate, algorithm: NR-FAST)
  SIMD kernels: AVX2
  parallelization: coarse-grained (auto), PTHREADS (auto)

[00:00:00] Reading alignment from file: /home/fili/Documents/KIT/2023/BA/code/output/families/ssim_DL_s20_f100_sites200_GTR_bl1.0_d1.0_l1.0_t0.0_gc0.0_p0.0_pop10_ms0.0_mf0.0_seed19732311/families/family_088/alignment.msa
[00:00:00] Loaded alignment with 20 taxa and 160 sites

Alignment comprises 1 partitions and 82 patterns

Partition 0: noname
Model: F81+FO
Alignment sites / patterns: 160 / 82
Gaps: 0.00 %
Invariant sites: 48.12 %


NOTE: Binary MSA file created: /home/fili/Documents/KIT/2023/BA/code/output/families/ssim_DL_s20_f100_sites200_GTR_bl1.0_d1.0_l1.0_t0.0_gc0.0_p0.0_pop10_ms0.0_mf0.0_seed19732311/families/family_088/misc/raxml_output.F81.raxml.rba

Parallelization scheme autoconfig: 8 worker(s) x 1 thread(s)

Parallel reduction/worker buffer size: 1 KB  / 0 KB

[00:00:00] Generating 10 random starting tree(s) with 20 taxa
[00:00:00] Generating 10 parsimony starting tree(s) with 20 taxa
[00:00:00] Data distribution: max. partitions/sites/weight per thread: 1 / 82 / 328
[00:00:00] Data distribution: max. searches per worker: 3

Starting ML tree search with 20 distinct starting trees

[00:00:00 -2362.389712] Initial branch length optimization
[00:00:00 -2134.354522] Model parameter optimization (eps = 10.000000)
[00:00:00 -2098.062857] AUTODETECT spr round 1 (radius: 5)
[00:00:00 -1272.014131] AUTODETECT spr round 2 (radius: 10)
[00:00:00 -1272.013049] SPR radius for FAST iterations: 5 (autodetect)
[00:00:00 -1272.013049] Model parameter optimization (eps = 3.000000)
[00:00:00 -1271.415001] FAST spr round 1 (radius: 5)
[00:00:00 -1237.379966] FAST spr round 2 (radius: 5)
[00:00:00 -1237.175763] FAST spr round 3 (radius: 5)
[00:00:00 -1237.175763] Model parameter optimization (eps = 1.000000)
[00:00:00 -1237.106252] SLOW spr round 1 (radius: 5)
[00:00:00 -1237.106143] SLOW spr round 2 (radius: 10)
[00:00:00] [worker #2] ML tree search #3, logLikelihood: -1237.106214
[00:00:00 -1237.106143] SLOW spr round 3 (radius: 15)
[00:00:00] [worker #4] ML tree search #5, logLikelihood: -1237.106139
[00:00:00 -1237.106143] SLOW spr round 4 (radius: 20)
[00:00:00 -1237.106143] Model parameter optimization (eps = 0.100000)

[00:00:00] [worker #0] ML tree search #1, logLikelihood: -1237.106136

[00:00:00] [worker #7] ML tree search #8, logLikelihood: -1237.106137
[00:00:00] [worker #5] ML tree search #6, logLikelihood: -1237.106136
[00:00:00 -2219.773245] Initial branch length optimization
[00:00:00 -2000.863965] Model parameter optimization (eps = 10.000000)
[00:00:00 -1969.347488] AUTODETECT spr round 1 (radius: 5)
[00:00:00] [worker #6] ML tree search #7, logLikelihood: -1237.107102
[00:00:00] [worker #1] ML tree search #2, logLikelihood: -1237.106135
[00:00:00 -1269.722778] AUTODETECT spr round 2 (radius: 10)
[00:00:00 -1269.718398] SPR radius for FAST iterations: 5 (autodetect)
[00:00:00 -1269.718398] Model parameter optimization (eps = 3.000000)
[00:00:00 -1269.580546] FAST spr round 1 (radius: 5)
[00:00:00] [worker #3] ML tree search #4, logLikelihood: -1237.106134
[00:00:00 -1237.139446] FAST spr round 2 (radius: 5)
[00:00:00 -1237.139446] Model parameter optimization (eps = 1.000000)
[00:00:00 -1237.106235] SLOW spr round 1 (radius: 5)
[00:00:00] [worker #2] ML tree search #11, logLikelihood: -1237.106214
[00:00:00 -1237.106137] SLOW spr round 2 (radius: 10)
[00:00:00] [worker #5] ML tree search #14, logLikelihood: -1237.106135
[00:00:00] [worker #4] ML tree search #13, logLikelihood: -1237.106135
[00:00:00 -1237.106137] SLOW spr round 3 (radius: 15)
[00:00:00] [worker #6] ML tree search #15, logLikelihood: -1237.106134
[00:00:00 -1237.106137] SLOW spr round 4 (radius: 20)
[00:00:00 -1237.106137] Model parameter optimization (eps = 0.100000)

[00:00:00] [worker #0] ML tree search #9, logLikelihood: -1237.106135

[00:00:00] [worker #7] ML tree search #16, logLikelihood: -1237.106135
[00:00:00 -1484.978997] Initial branch length optimization
[00:00:00 -1264.419421] Model parameter optimization (eps = 10.000000)
[00:00:00 -1241.323922] AUTODETECT spr round 1 (radius: 5)
[00:00:00 -1237.279865] AUTODETECT spr round 2 (radius: 10)
[00:00:00 -1237.270563] SPR radius for FAST iterations: 5 (autodetect)
[00:00:00 -1237.270563] Model parameter optimization (eps = 3.000000)
[00:00:00] [worker #3] ML tree search #12, logLikelihood: -1237.106135
[00:00:00 -1237.112086] FAST spr round 1 (radius: 5)
[00:00:00 -1237.107350] Model parameter optimization (eps = 1.000000)
[00:00:00 -1237.106452] SLOW spr round 1 (radius: 5)
[00:00:00] [worker #1] ML tree search #10, logLikelihood: -1237.107031
[00:00:00 -1237.106156] SLOW spr round 2 (radius: 10)
[00:00:00 -1237.106156] SLOW spr round 3 (radius: 15)
[00:00:00 -1237.106156] SLOW spr round 4 (radius: 20)
[00:00:00 -1237.106156] Model parameter optimization (eps = 0.100000)

[00:00:00] [worker #0] ML tree search #17, logLikelihood: -1237.106134

[00:00:00] [worker #2] ML tree search #19, logLikelihood: -1237.106800
[00:00:00] [worker #3] ML tree search #20, logLikelihood: -1237.106135
[00:00:00] [worker #1] ML tree search #18, logLikelihood: -1237.106135

Optimized model parameters:

   Partition 0: noname
   Rate heterogeneity: NONE
   Base frequencies (ML): 0.267185 0.120887 0.324433 0.287495 
   Substitution rates (model): 1.000000 1.000000 1.000000 1.000000 1.000000 1.000000 


Final LogLikelihood: -1237.106134

AIC score: 2554.212268 / AICc score: 2581.775293 / BIC score: 2677.219220
Free parameters (model + branch lengths): 40

WARNING: Best ML tree contains 1 near-zero branches!

Best ML tree with collapsed near-zero branches saved to: /home/fili/Documents/KIT/2023/BA/code/output/families/ssim_DL_s20_f100_sites200_GTR_bl1.0_d1.0_l1.0_t0.0_gc0.0_p0.0_pop10_ms0.0_mf0.0_seed19732311/families/family_088/misc/raxml_output.F81.raxml.bestTreeCollapsed
Best ML tree saved to: /home/fili/Documents/KIT/2023/BA/code/output/families/ssim_DL_s20_f100_sites200_GTR_bl1.0_d1.0_l1.0_t0.0_gc0.0_p0.0_pop10_ms0.0_mf0.0_seed19732311/families/family_088/misc/raxml_output.F81.raxml.bestTree
All ML trees saved to: /home/fili/Documents/KIT/2023/BA/code/output/families/ssim_DL_s20_f100_sites200_GTR_bl1.0_d1.0_l1.0_t0.0_gc0.0_p0.0_pop10_ms0.0_mf0.0_seed19732311/families/family_088/misc/raxml_output.F81.raxml.mlTrees
Optimized model saved to: /home/fili/Documents/KIT/2023/BA/code/output/families/ssim_DL_s20_f100_sites200_GTR_bl1.0_d1.0_l1.0_t0.0_gc0.0_p0.0_pop10_ms0.0_mf0.0_seed19732311/families/family_088/misc/raxml_output.F81.raxml.bestModel

Execution log saved to: /home/fili/Documents/KIT/2023/BA/code/output/families/ssim_DL_s20_f100_sites200_GTR_bl1.0_d1.0_l1.0_t0.0_gc0.0_p0.0_pop10_ms0.0_mf0.0_seed19732311/families/family_088/misc/raxml_output.F81.raxml.log

Analysis started: 27-Jun-2023 13:03:53 / finished: 27-Jun-2023 13:03:54

Elapsed time: 0.194 seconds

