
RAxML-NG v. 1.1.0 released on 29.11.2021 by The Exelixis Lab.
Developed by: Alexey M. Kozlov and Alexandros Stamatakis.
Contributors: Diego Darriba, Tomas Flouri, Benoit Morel, Sarah Lutteropp, Ben Bettisworth.
Latest version: https://github.com/amkozlov/raxml-ng
Questions/problems/suggestions? Please visit: https://groups.google.com/forum/#!forum/raxml

System: AMD Ryzen 7 5800X 8-Core Processor, 8 cores, 31 GB RAM

RAxML-NG was called at 12-Jun-2023 12:38:55 as follows:

/home/fili/Documents/KIT/2023/BA/resources/tools/RAxML-NG/raxml-ng --msa /home/fili/Documents/KIT/2023/BA/code/output/families/ssim_dtl_s20_f100_sites200_GTR_bl1.0_d0.0_l0.0_t1.0_gc0.0_p0.0_pop10_ms0.0_mf0.0_seed42/families/family_071/alignment.msa --model F81 --prefix /home/fili/Documents/KIT/2023/BA/code/output/families/ssim_dtl_s20_f100_sites200_GTR_bl1.0_d0.0_l0.0_t1.0_gc0.0_p0.0_pop10_ms0.0_mf0.0_seed42/families/family_071/misc/raxml_output.F81

Analysis options:
  run mode: ML tree search
  start tree(s): random (10) + parsimony (10)
  random seed: 1686566335
  tip-inner: OFF
  pattern compression: ON
  per-rate scalers: OFF
  site repeats: ON
  fast spr radius: AUTO
  spr subtree cutoff: 1.000000
  branch lengths: proportional (ML estimate, algorithm: NR-FAST)
  SIMD kernels: AVX2
  parallelization: coarse-grained (auto), PTHREADS (auto)

[00:00:00] Reading alignment from file: /home/fili/Documents/KIT/2023/BA/code/output/families/ssim_dtl_s20_f100_sites200_GTR_bl1.0_d0.0_l0.0_t1.0_gc0.0_p0.0_pop10_ms0.0_mf0.0_seed42/families/family_071/alignment.msa
[00:00:00] Loaded alignment with 20 taxa and 275 sites

WARNING: Sequences 4_0_0 and 10_0_0 are exactly identical!
WARNING: Sequences 13_0_0 and 9_0_0 are exactly identical!
WARNING: Duplicate sequences found: 2

NOTE: Reduced alignment (with duplicates and gap-only sites/taxa removed) 
NOTE: was saved to: /home/fili/Documents/KIT/2023/BA/code/output/families/ssim_dtl_s20_f100_sites200_GTR_bl1.0_d0.0_l0.0_t1.0_gc0.0_p0.0_pop10_ms0.0_mf0.0_seed42/families/family_071/misc/raxml_output.F81.raxml.reduced.phy

Alignment comprises 1 partitions and 156 patterns

Partition 0: noname
Model: F81+FO
Alignment sites / patterns: 275 / 156
Gaps: 0.00 %
Invariant sites: 34.55 %


NOTE: Binary MSA file created: /home/fili/Documents/KIT/2023/BA/code/output/families/ssim_dtl_s20_f100_sites200_GTR_bl1.0_d0.0_l0.0_t1.0_gc0.0_p0.0_pop10_ms0.0_mf0.0_seed42/families/family_071/misc/raxml_output.F81.raxml.rba

Parallelization scheme autoconfig: 8 worker(s) x 1 thread(s)

Parallel reduction/worker buffer size: 1 KB  / 0 KB

[00:00:00] Generating 10 random starting tree(s) with 20 taxa
[00:00:00] Generating 10 parsimony starting tree(s) with 20 taxa
[00:00:00] Data distribution: max. partitions/sites/weight per thread: 1 / 156 / 624
[00:00:00] Data distribution: max. searches per worker: 3

Starting ML tree search with 20 distinct starting trees

[00:00:00 -4195.792056] Initial branch length optimization
[00:00:00 -3638.253133] Model parameter optimization (eps = 10.000000)
[00:00:00 -3622.790528] AUTODETECT spr round 1 (radius: 5)
[00:00:00 -2145.553714] AUTODETECT spr round 2 (radius: 10)
[00:00:00 -2102.407485] AUTODETECT spr round 3 (radius: 15)
[00:00:00 -2102.407442] SPR radius for FAST iterations: 10 (autodetect)
[00:00:00 -2102.407442] Model parameter optimization (eps = 3.000000)
[00:00:00 -2099.992160] FAST spr round 1 (radius: 10)
[00:00:00 -2001.882098] FAST spr round 2 (radius: 10)
[00:00:00 -2001.882096] Model parameter optimization (eps = 1.000000)
[00:00:00 -2001.780507] SLOW spr round 1 (radius: 5)
[00:00:00] [worker #1] ML tree search #2, logLikelihood: -2001.780475
[00:00:00] [worker #4] ML tree search #5, logLikelihood: -2001.780473
[00:00:00] [worker #2] ML tree search #3, logLikelihood: -2001.780477
[00:00:00] [worker #7] ML tree search #8, logLikelihood: -2001.780474
[00:00:00] [worker #3] ML tree search #4, logLikelihood: -2001.780474
[00:00:00 -2001.780489] SLOW spr round 2 (radius: 10)
[00:00:00] [worker #5] ML tree search #6, logLikelihood: -2001.780474
[00:00:00 -2001.780489] SLOW spr round 3 (radius: 15)
[00:00:00 -2001.780489] SLOW spr round 4 (radius: 20)
[00:00:00 -2001.780489] Model parameter optimization (eps = 0.100000)

[00:00:00] [worker #0] ML tree search #1, logLikelihood: -2001.780474

[00:00:00 -3877.619872] Initial branch length optimization
[00:00:00 -3366.628935] Model parameter optimization (eps = 10.000000)
[00:00:00 -3356.778905] AUTODETECT spr round 1 (radius: 5)
[00:00:00] [worker #6] ML tree search #7, logLikelihood: -2001.780473
[00:00:00 -2059.045467] AUTODETECT spr round 2 (radius: 10)
[00:00:00] [worker #4] ML tree search #13, logLikelihood: -2001.780475
[00:00:00 -2058.226903] AUTODETECT spr round 3 (radius: 15)
[00:00:00 -2058.223842] SPR radius for FAST iterations: 10 (autodetect)
[00:00:00 -2058.223842] Model parameter optimization (eps = 3.000000)
[00:00:00] [worker #3] ML tree search #12, logLikelihood: -2001.780475
[00:00:00] [worker #7] ML tree search #16, logLikelihood: -2001.780475
[00:00:00 -2057.957114] FAST spr round 1 (radius: 10)
[00:00:00] [worker #2] ML tree search #11, logLikelihood: -2001.780475
[00:00:00 -2001.840965] FAST spr round 2 (radius: 10)
[00:00:00] [worker #1] ML tree search #10, logLikelihood: -2001.780476
[00:00:00 -2001.840964] Model parameter optimization (eps = 1.000000)
[00:00:00 -2001.780476] SLOW spr round 1 (radius: 5)
[00:00:00] [worker #5] ML tree search #14, logLikelihood: -2001.780475
[00:00:00] [worker #6] ML tree search #15, logLikelihood: -2001.780475
[00:00:00 -2001.780472] SLOW spr round 2 (radius: 10)
[00:00:00] [worker #3] ML tree search #20, logLikelihood: -2001.780474
[00:00:00] [worker #1] ML tree search #18, logLikelihood: -2001.780474
[00:00:00 -2001.780472] SLOW spr round 3 (radius: 15)
[00:00:00 -2001.780472] SLOW spr round 4 (radius: 20)
[00:00:00 -2001.780472] Model parameter optimization (eps = 0.100000)

[00:00:00] [worker #0] ML tree search #9, logLikelihood: -2001.780472

[00:00:00 -2509.440067] Initial branch length optimization
[00:00:00 -2008.041787] Model parameter optimization (eps = 10.000000)
[00:00:00 -2004.385062] AUTODETECT spr round 1 (radius: 5)
[00:00:00] [worker #2] ML tree search #19, logLikelihood: -2001.780474
[00:00:00 -2001.807273] AUTODETECT spr round 2 (radius: 10)
[00:00:00 -2001.807129] SPR radius for FAST iterations: 5 (autodetect)
[00:00:00 -2001.807129] Model parameter optimization (eps = 3.000000)
[00:00:00 -2001.780515] FAST spr round 1 (radius: 5)
[00:00:00 -2001.780493] Model parameter optimization (eps = 1.000000)
[00:00:00 -2001.780474] SLOW spr round 1 (radius: 5)
[00:00:00 -2001.780474] SLOW spr round 2 (radius: 10)
[00:00:00 -2001.780474] SLOW spr round 3 (radius: 15)
[00:00:00 -2001.780474] SLOW spr round 4 (radius: 20)
[00:00:00 -2001.780474] Model parameter optimization (eps = 0.100000)

[00:00:00] [worker #0] ML tree search #17, logLikelihood: -2001.780474


Optimized model parameters:

   Partition 0: noname
   Rate heterogeneity: NONE
   Base frequencies (ML): 0.233295 0.219112 0.295806 0.251788 
   Substitution rates (model): 1.000000 1.000000 1.000000 1.000000 1.000000 1.000000 


Final LogLikelihood: -2001.780472

AIC score: 4083.560945 / AICc score: 4097.578039 / BIC score: 4228.231789
Free parameters (model + branch lengths): 40

WARNING: Best ML tree contains 2 near-zero branches!

Best ML tree with collapsed near-zero branches saved to: /home/fili/Documents/KIT/2023/BA/code/output/families/ssim_dtl_s20_f100_sites200_GTR_bl1.0_d0.0_l0.0_t1.0_gc0.0_p0.0_pop10_ms0.0_mf0.0_seed42/families/family_071/misc/raxml_output.F81.raxml.bestTreeCollapsed
Best ML tree saved to: /home/fili/Documents/KIT/2023/BA/code/output/families/ssim_dtl_s20_f100_sites200_GTR_bl1.0_d0.0_l0.0_t1.0_gc0.0_p0.0_pop10_ms0.0_mf0.0_seed42/families/family_071/misc/raxml_output.F81.raxml.bestTree
All ML trees saved to: /home/fili/Documents/KIT/2023/BA/code/output/families/ssim_dtl_s20_f100_sites200_GTR_bl1.0_d0.0_l0.0_t1.0_gc0.0_p0.0_pop10_ms0.0_mf0.0_seed42/families/family_071/misc/raxml_output.F81.raxml.mlTrees
Optimized model saved to: /home/fili/Documents/KIT/2023/BA/code/output/families/ssim_dtl_s20_f100_sites200_GTR_bl1.0_d0.0_l0.0_t1.0_gc0.0_p0.0_pop10_ms0.0_mf0.0_seed42/families/family_071/misc/raxml_output.F81.raxml.bestModel

Execution log saved to: /home/fili/Documents/KIT/2023/BA/code/output/families/ssim_dtl_s20_f100_sites200_GTR_bl1.0_d0.0_l0.0_t1.0_gc0.0_p0.0_pop10_ms0.0_mf0.0_seed42/families/family_071/misc/raxml_output.F81.raxml.log

Analysis started: 12-Jun-2023 12:38:55 / finished: 12-Jun-2023 12:38:55

Elapsed time: 0.379 seconds

