
RAxML-NG v. 1.1.0 released on 29.11.2021 by The Exelixis Lab.
Developed by: Alexey M. Kozlov and Alexandros Stamatakis.
Contributors: Diego Darriba, Tomas Flouri, Benoit Morel, Sarah Lutteropp, Ben Bettisworth.
Latest version: https://github.com/amkozlov/raxml-ng
Questions/problems/suggestions? Please visit: https://groups.google.com/forum/#!forum/raxml

System: AMD Ryzen 7 5800X 8-Core Processor, 8 cores, 31 GB RAM

RAxML-NG was called at 12-May-2023 21:00:39 as follows:

/home/fili/Documents/KIT/2023/BA/resources/tools/RAxML-NG/raxml-ng --msa /home/fili/Documents/KIT/2023/BA/code/output/families/ssim_dtl_s20_f100_sites200_GTR_bl1.0_d0.0_l0.0_t1.0_gc0.0_p0.0_pop10_ms0.0_mf0.0_seed42/families/family_071/alignment.msa --model GTR+G --prefix /home/fili/Documents/KIT/2023/BA/code/output/families/ssim_dtl_s20_f100_sites200_GTR_bl1.0_d0.0_l0.0_t1.0_gc0.0_p0.0_pop10_ms0.0_mf0.0_seed42/families/family_071/misc/raxml_output.GTR+G

Analysis options:
  run mode: ML tree search
  start tree(s): random (10) + parsimony (10)
  random seed: 1683918039
  tip-inner: OFF
  pattern compression: ON
  per-rate scalers: OFF
  site repeats: ON
  fast spr radius: AUTO
  spr subtree cutoff: 1.000000
  branch lengths: proportional (ML estimate, algorithm: NR-FAST)
  SIMD kernels: AVX2
  parallelization: coarse-grained (auto), PTHREADS (auto)

[00:00:00] Reading alignment from file: /home/fili/Documents/KIT/2023/BA/code/output/families/ssim_dtl_s20_f100_sites200_GTR_bl1.0_d0.0_l0.0_t1.0_gc0.0_p0.0_pop10_ms0.0_mf0.0_seed42/families/family_071/alignment.msa
[00:00:00] Loaded alignment with 20 taxa and 275 sites

WARNING: Sequences 4_0_0 and 10_0_0 are exactly identical!
WARNING: Sequences 7_0_0 and 13_0_0 are exactly identical!
WARNING: Sequences 7_0_0 and 9_0_0 are exactly identical!
WARNING: Duplicate sequences found: 3

NOTE: Reduced alignment (with duplicates and gap-only sites/taxa removed) 
NOTE: was saved to: /home/fili/Documents/KIT/2023/BA/code/output/families/ssim_dtl_s20_f100_sites200_GTR_bl1.0_d0.0_l0.0_t1.0_gc0.0_p0.0_pop10_ms0.0_mf0.0_seed42/families/family_071/misc/raxml_output.GTR+G.raxml.reduced.phy

Alignment comprises 1 partitions and 174 patterns

Partition 0: noname
Model: GTR+FO+G4m
Alignment sites / patterns: 275 / 174
Gaps: 0.00 %
Invariant sites: 26.91 %


NOTE: Binary MSA file created: /home/fili/Documents/KIT/2023/BA/code/output/families/ssim_dtl_s20_f100_sites200_GTR_bl1.0_d0.0_l0.0_t1.0_gc0.0_p0.0_pop10_ms0.0_mf0.0_seed42/families/family_071/misc/raxml_output.GTR+G.raxml.rba

Parallelization scheme autoconfig: 8 worker(s) x 1 thread(s)

Parallel reduction/worker buffer size: 1 KB  / 0 KB

[00:00:00] Generating 10 random starting tree(s) with 20 taxa
[00:00:00] Generating 10 parsimony starting tree(s) with 20 taxa
[00:00:00] Data distribution: max. partitions/sites/weight per thread: 1 / 174 / 2784
[00:00:00] Data distribution: max. searches per worker: 3

Starting ML tree search with 20 distinct starting trees

[00:00:00 -4482.718937] Initial branch length optimization
[00:00:00 -3803.934148] Model parameter optimization (eps = 10.000000)
[00:00:00 -3211.561743] AUTODETECT spr round 1 (radius: 5)
[00:00:00 -2005.786090] AUTODETECT spr round 2 (radius: 10)
[00:00:00 -2005.779919] SPR radius for FAST iterations: 5 (autodetect)
[00:00:00 -2005.779919] Model parameter optimization (eps = 3.000000)
[00:00:00 -1968.096675] FAST spr round 1 (radius: 5)
[00:00:00 -1959.173142] FAST spr round 2 (radius: 5)
[00:00:00 -1959.171421] Model parameter optimization (eps = 1.000000)
[00:00:00 -1956.675905] SLOW spr round 1 (radius: 5)
[00:00:00 -1956.550241] SLOW spr round 2 (radius: 5)
[00:00:00 -1956.549604] SLOW spr round 3 (radius: 10)
[00:00:00] [worker #2] ML tree search #3, logLikelihood: -1955.493930
[00:00:00] [worker #5] ML tree search #6, logLikelihood: -1955.484874
[00:00:00] [worker #7] ML tree search #8, logLikelihood: -1955.509077
[00:00:00] [worker #1] ML tree search #2, logLikelihood: -1955.505995
[00:00:00 -1956.549568] SLOW spr round 4 (radius: 15)
[00:00:00 -1956.549565] SLOW spr round 5 (radius: 20)
[00:00:00 -1956.549565] Model parameter optimization (eps = 0.100000)
[00:00:00] [worker #3] ML tree search #4, logLikelihood: -1955.493810
[00:00:00] [worker #6] ML tree search #7, logLikelihood: -1955.474625
[00:00:00] [worker #4] ML tree search #5, logLikelihood: -1955.481235

[00:00:00] [worker #0] ML tree search #1, logLikelihood: -1955.488829

[00:00:00 -4366.538473] Initial branch length optimization
[00:00:00 -3860.224079] Model parameter optimization (eps = 10.000000)
[00:00:00 -3327.086835] AUTODETECT spr round 1 (radius: 5)
[00:00:00 -1997.852478] AUTODETECT spr round 2 (radius: 10)
[00:00:00 -1997.840627] SPR radius for FAST iterations: 5 (autodetect)
[00:00:00 -1997.840627] Model parameter optimization (eps = 3.000000)
[00:00:00 -1980.144507] FAST spr round 1 (radius: 5)
[00:00:00 -1956.802651] FAST spr round 2 (radius: 5)
[00:00:00] [worker #2] ML tree search #11, logLikelihood: -1955.463165
[00:00:00 -1956.771436] Model parameter optimization (eps = 1.000000)
[00:00:00 -1955.888934] SLOW spr round 1 (radius: 5)
[00:00:00] [worker #5] ML tree search #14, logLikelihood: -1955.465607
[00:00:00] [worker #7] ML tree search #16, logLikelihood: -1955.471783
[00:00:00] [worker #3] ML tree search #12, logLikelihood: -1955.466053
[00:00:00] [worker #6] ML tree search #15, logLikelihood: -1955.468977
[00:00:00] [worker #4] ML tree search #13, logLikelihood: -1955.475205
[00:00:00 -1955.883230] SLOW spr round 2 (radius: 10)
[00:00:00 -1955.883192] SLOW spr round 3 (radius: 15)
[00:00:00 -1955.883191] SLOW spr round 4 (radius: 20)
[00:00:00 -1955.883191] Model parameter optimization (eps = 0.100000)

[00:00:00] [worker #0] ML tree search #9, logLikelihood: -1955.485260

[00:00:00 -2621.957914] Initial branch length optimization
[00:00:00 -2248.027177] Model parameter optimization (eps = 10.000000)
[00:00:00] [worker #1] ML tree search #10, logLikelihood: -1955.499266
[00:00:00 -1956.696615] AUTODETECT spr round 1 (radius: 5)
[00:00:00 -1956.610106] SPR radius for FAST iterations: 5 (autodetect)
[00:00:00 -1956.610106] Model parameter optimization (eps = 3.000000)
[00:00:00] [worker #2] ML tree search #19, logLikelihood: -1955.469400
[00:00:00 -1955.828927] FAST spr round 1 (radius: 5)
[00:00:00 -1955.807846] Model parameter optimization (eps = 1.000000)
[00:00:00 -1955.564823] SLOW spr round 1 (radius: 5)
[00:00:00] [worker #3] ML tree search #20, logLikelihood: -1955.468756
[00:00:00 -1955.557796] SLOW spr round 2 (radius: 10)
[00:00:00 -1955.557763] SLOW spr round 3 (radius: 15)
[00:00:00 -1955.557763] SLOW spr round 4 (radius: 20)
[00:00:00 -1955.557763] Model parameter optimization (eps = 0.100000)

[00:00:00] [worker #0] ML tree search #17, logLikelihood: -1955.478880

[00:00:00] [worker #1] ML tree search #18, logLikelihood: -1955.474070

Optimized model parameters:

   Partition 0: noname
   Rate heterogeneity: GAMMA (4 cats, mean),  alpha: 1.621008 (ML),  weights&rates: (0.250000,0.243425) (0.250000,0.607533) (0.250000,1.056803) (0.250000,2.092240) 
   Base frequencies (ML): 0.231345 0.218403 0.269327 0.280924 
   Substitution rates (ML): 1.276198 23.219343 0.060039 1.607588 2.747373 1.000000 


Final LogLikelihood: -1955.463165

AIC score: 4002.926330 / AICc score: 4021.891242 / BIC score: 4169.297800
Free parameters (model + branch lengths): 46

WARNING: Best ML tree contains 2 near-zero branches!

Best ML tree with collapsed near-zero branches saved to: /home/fili/Documents/KIT/2023/BA/code/output/families/ssim_dtl_s20_f100_sites200_GTR_bl1.0_d0.0_l0.0_t1.0_gc0.0_p0.0_pop10_ms0.0_mf0.0_seed42/families/family_071/misc/raxml_output.GTR+G.raxml.bestTreeCollapsed
Best ML tree saved to: /home/fili/Documents/KIT/2023/BA/code/output/families/ssim_dtl_s20_f100_sites200_GTR_bl1.0_d0.0_l0.0_t1.0_gc0.0_p0.0_pop10_ms0.0_mf0.0_seed42/families/family_071/misc/raxml_output.GTR+G.raxml.bestTree
All ML trees saved to: /home/fili/Documents/KIT/2023/BA/code/output/families/ssim_dtl_s20_f100_sites200_GTR_bl1.0_d0.0_l0.0_t1.0_gc0.0_p0.0_pop10_ms0.0_mf0.0_seed42/families/family_071/misc/raxml_output.GTR+G.raxml.mlTrees
Optimized model saved to: /home/fili/Documents/KIT/2023/BA/code/output/families/ssim_dtl_s20_f100_sites200_GTR_bl1.0_d0.0_l0.0_t1.0_gc0.0_p0.0_pop10_ms0.0_mf0.0_seed42/families/family_071/misc/raxml_output.GTR+G.raxml.bestModel

Execution log saved to: /home/fili/Documents/KIT/2023/BA/code/output/families/ssim_dtl_s20_f100_sites200_GTR_bl1.0_d0.0_l0.0_t1.0_gc0.0_p0.0_pop10_ms0.0_mf0.0_seed42/families/family_071/misc/raxml_output.GTR+G.raxml.log

Analysis started: 12-May-2023 21:00:39 / finished: 12-May-2023 21:00:40

Elapsed time: 0.770 seconds

