
RAxML-NG v. 1.1.0 released on 29.11.2021 by The Exelixis Lab.
Developed by: Alexey M. Kozlov and Alexandros Stamatakis.
Contributors: Diego Darriba, Tomas Flouri, Benoit Morel, Sarah Lutteropp, Ben Bettisworth.
Latest version: https://github.com/amkozlov/raxml-ng
Questions/problems/suggestions? Please visit: https://groups.google.com/forum/#!forum/raxml

System: AMD Ryzen 7 5800X 8-Core Processor, 8 cores, 31 GB RAM

RAxML-NG was called at 21-Jun-2023 14:53:33 as follows:

/home/fili/Documents/KIT/2023/BA/resources/tools/RAxML-NG/raxml-ng --msa /home/fili/Documents/KIT/2023/BA/code/output/families/ssim_NE_s20_f100_sites200_GTR_bl1.0_d0.0_l0.0_t0.0_gc0.0_p0.0_pop10_ms0.0_mf0.0_seed19732311/families/family_090/alignment.msa --model F81 --prefix /home/fili/Documents/KIT/2023/BA/code/output/families/ssim_NE_s20_f100_sites200_GTR_bl1.0_d0.0_l0.0_t0.0_gc0.0_p0.0_pop10_ms0.0_mf0.0_seed19732311/families/family_090/misc/raxml_output.F81

Analysis options:
  run mode: ML tree search
  start tree(s): random (10) + parsimony (10)
  random seed: 1687352013
  tip-inner: OFF
  pattern compression: ON
  per-rate scalers: OFF
  site repeats: ON
  fast spr radius: AUTO
  spr subtree cutoff: 1.000000
  branch lengths: proportional (ML estimate, algorithm: NR-FAST)
  SIMD kernels: AVX2
  parallelization: coarse-grained (auto), PTHREADS (auto)

[00:00:00] Reading alignment from file: /home/fili/Documents/KIT/2023/BA/code/output/families/ssim_NE_s20_f100_sites200_GTR_bl1.0_d0.0_l0.0_t0.0_gc0.0_p0.0_pop10_ms0.0_mf0.0_seed19732311/families/family_090/alignment.msa
[00:00:00] Loaded alignment with 20 taxa and 163 sites

WARNING: Sequences 1_0_0 and 2_0_0 are exactly identical!
WARNING: Sequences 6_0_0 and 11_0_0 are exactly identical!
WARNING: Sequences 17_0_0 and 14_0_0 are exactly identical!
WARNING: Duplicate sequences found: 3

NOTE: Reduced alignment (with duplicates and gap-only sites/taxa removed) 
NOTE: was saved to: /home/fili/Documents/KIT/2023/BA/code/output/families/ssim_NE_s20_f100_sites200_GTR_bl1.0_d0.0_l0.0_t0.0_gc0.0_p0.0_pop10_ms0.0_mf0.0_seed19732311/families/family_090/misc/raxml_output.F81.raxml.reduced.phy

Alignment comprises 1 partitions and 36 patterns

Partition 0: noname
Model: F81+FO
Alignment sites / patterns: 163 / 36
Gaps: 0.00 %
Invariant sites: 80.37 %


NOTE: Binary MSA file created: /home/fili/Documents/KIT/2023/BA/code/output/families/ssim_NE_s20_f100_sites200_GTR_bl1.0_d0.0_l0.0_t0.0_gc0.0_p0.0_pop10_ms0.0_mf0.0_seed19732311/families/family_090/misc/raxml_output.F81.raxml.rba

Parallelization scheme autoconfig: 8 worker(s) x 1 thread(s)

Parallel reduction/worker buffer size: 1 KB  / 0 KB

[00:00:00] Generating 10 random starting tree(s) with 20 taxa
[00:00:00] Generating 10 parsimony starting tree(s) with 20 taxa
[00:00:00] Data distribution: max. partitions/sites/weight per thread: 1 / 36 / 144
[00:00:00] Data distribution: max. searches per worker: 3

Starting ML tree search with 20 distinct starting trees

[00:00:00 -1418.066015] Initial branch length optimization
[00:00:00 -1189.913838] Model parameter optimization (eps = 10.000000)
[00:00:00 -1144.781215] AUTODETECT spr round 1 (radius: 5)
[00:00:00 -670.562323] AUTODETECT spr round 2 (radius: 10)
[00:00:00 -670.556657] SPR radius for FAST iterations: 5 (autodetect)
[00:00:00 -670.556657] Model parameter optimization (eps = 3.000000)
[00:00:00 -669.235985] FAST spr round 1 (radius: 5)
[00:00:00 -664.912623] FAST spr round 2 (radius: 5)
[00:00:00 -664.242095] FAST spr round 3 (radius: 5)
[00:00:00 -664.187867] Model parameter optimization (eps = 1.000000)
[00:00:00 -664.151156] SLOW spr round 1 (radius: 5)
[00:00:00 -664.151123] SLOW spr round 2 (radius: 10)
[00:00:00 -664.151117] SLOW spr round 3 (radius: 15)
[00:00:00 -664.151116] SLOW spr round 4 (radius: 20)
[00:00:00 -664.151116] Model parameter optimization (eps = 0.100000)
[00:00:00] [worker #5] ML tree search #6, logLikelihood: -664.151113

[00:00:00] [worker #0] ML tree search #1, logLikelihood: -664.151112

[00:00:00] [worker #7] ML tree search #8, logLikelihood: -660.070008
[00:00:00] [worker #1] ML tree search #2, logLikelihood: -660.069987
[00:00:00] [worker #6] ML tree search #7, logLikelihood: -660.070019
[00:00:00 -1404.081415] Initial branch length optimization
[00:00:00 -1137.111473] Model parameter optimization (eps = 10.000000)
[00:00:00] [worker #4] ML tree search #5, logLikelihood: -663.596030
[00:00:00 -1094.738667] AUTODETECT spr round 1 (radius: 5)
[00:00:00] [worker #3] ML tree search #4, logLikelihood: -660.069979
[00:00:00 -674.249188] AUTODETECT spr round 2 (radius: 10)
[00:00:00 -674.249064] SPR radius for FAST iterations: 5 (autodetect)
[00:00:00 -674.249064] Model parameter optimization (eps = 3.000000)
[00:00:00 -673.200774] FAST spr round 1 (radius: 5)
[00:00:00 -664.757737] FAST spr round 2 (radius: 5)
[00:00:00] [worker #2] ML tree search #3, logLikelihood: -660.070014
[00:00:00 -660.218260] FAST spr round 3 (radius: 5)
[00:00:00 -660.217570] Model parameter optimization (eps = 1.000000)
[00:00:00 -660.072246] SLOW spr round 1 (radius: 5)
[00:00:00 -660.070713] SLOW spr round 2 (radius: 10)
[00:00:00] [worker #7] ML tree search #16, logLikelihood: -660.069979
[00:00:00] [worker #6] ML tree search #15, logLikelihood: -660.069979
[00:00:00] [worker #5] ML tree search #14, logLikelihood: -664.151112
[00:00:00 -660.070669] SLOW spr round 3 (radius: 15)
[00:00:00] [worker #1] ML tree search #10, logLikelihood: -660.070081
[00:00:00 -660.070667] SLOW spr round 4 (radius: 20)
[00:00:00 -660.070667] Model parameter optimization (eps = 0.100000)

[00:00:00] [worker #0] ML tree search #9, logLikelihood: -660.069992

[00:00:00 -1074.148021] Initial branch length optimization
[00:00:00 -686.667180] Model parameter optimization (eps = 10.000000)
[00:00:00 -665.609038] AUTODETECT spr round 1 (radius: 5)
[00:00:00 -664.998422] AUTODETECT spr round 2 (radius: 10)
[00:00:00] [worker #2] ML tree search #11, logLikelihood: -660.069979
[00:00:00 -664.998340] SPR radius for FAST iterations: 5 (autodetect)
[00:00:00 -664.998340] Model parameter optimization (eps = 3.000000)
[00:00:00 -664.881987] FAST spr round 1 (radius: 5)
[00:00:00 -664.163063] FAST spr round 2 (radius: 5)
[00:00:00 -664.163060] Model parameter optimization (eps = 1.000000)
[00:00:00] [worker #4] ML tree search #13, logLikelihood: -663.596032
[00:00:00 -664.151113] SLOW spr round 1 (radius: 5)
[00:00:00] [worker #3] ML tree search #12, logLikelihood: -660.069980
[00:00:00 -664.151113] SLOW spr round 2 (radius: 10)
[00:00:00] [worker #1] ML tree search #18, logLikelihood: -664.151112
[00:00:00 -664.151113] SLOW spr round 3 (radius: 15)
[00:00:00 -664.151113] SLOW spr round 4 (radius: 20)
[00:00:00 -664.151113] Model parameter optimization (eps = 0.100000)

[00:00:00] [worker #0] ML tree search #17, logLikelihood: -664.151112

[00:00:00] [worker #2] ML tree search #19, logLikelihood: -664.151113
[00:00:00] [worker #3] ML tree search #20, logLikelihood: -660.070169

Optimized model parameters:

   Partition 0: noname
   Rate heterogeneity: NONE
   Base frequencies (ML): 0.306766 0.110318 0.356854 0.226061 
   Substitution rates (model): 1.000000 1.000000 1.000000 1.000000 1.000000 1.000000 


Final LogLikelihood: -660.069979

AIC score: 1400.139957 / AICc score: 1427.025203 / BIC score: 1523.889966
Free parameters (model + branch lengths): 40

WARNING: Best ML tree contains 2 near-zero branches!

Best ML tree with collapsed near-zero branches saved to: /home/fili/Documents/KIT/2023/BA/code/output/families/ssim_NE_s20_f100_sites200_GTR_bl1.0_d0.0_l0.0_t0.0_gc0.0_p0.0_pop10_ms0.0_mf0.0_seed19732311/families/family_090/misc/raxml_output.F81.raxml.bestTreeCollapsed
Best ML tree saved to: /home/fili/Documents/KIT/2023/BA/code/output/families/ssim_NE_s20_f100_sites200_GTR_bl1.0_d0.0_l0.0_t0.0_gc0.0_p0.0_pop10_ms0.0_mf0.0_seed19732311/families/family_090/misc/raxml_output.F81.raxml.bestTree
All ML trees saved to: /home/fili/Documents/KIT/2023/BA/code/output/families/ssim_NE_s20_f100_sites200_GTR_bl1.0_d0.0_l0.0_t0.0_gc0.0_p0.0_pop10_ms0.0_mf0.0_seed19732311/families/family_090/misc/raxml_output.F81.raxml.mlTrees
Optimized model saved to: /home/fili/Documents/KIT/2023/BA/code/output/families/ssim_NE_s20_f100_sites200_GTR_bl1.0_d0.0_l0.0_t0.0_gc0.0_p0.0_pop10_ms0.0_mf0.0_seed19732311/families/family_090/misc/raxml_output.F81.raxml.bestModel

Execution log saved to: /home/fili/Documents/KIT/2023/BA/code/output/families/ssim_NE_s20_f100_sites200_GTR_bl1.0_d0.0_l0.0_t0.0_gc0.0_p0.0_pop10_ms0.0_mf0.0_seed19732311/families/family_090/misc/raxml_output.F81.raxml.log

Analysis started: 21-Jun-2023 14:53:33 / finished: 21-Jun-2023 14:53:33

Elapsed time: 0.145 seconds

