
RAxML-NG v. 1.1.0 released on 29.11.2021 by The Exelixis Lab.
Developed by: Alexey M. Kozlov and Alexandros Stamatakis.
Contributors: Diego Darriba, Tomas Flouri, Benoit Morel, Sarah Lutteropp, Ben Bettisworth.
Latest version: https://github.com/amkozlov/raxml-ng
Questions/problems/suggestions? Please visit: https://groups.google.com/forum/#!forum/raxml

System: AMD Ryzen 7 5800X 8-Core Processor, 8 cores, 31 GB RAM

RAxML-NG was called at 12-Jun-2023 12:41:41 as follows:

/home/fili/Documents/KIT/2023/BA/resources/tools/RAxML-NG/raxml-ng --msa /home/fili/Documents/KIT/2023/BA/code/output/families/ssim_dtl_s20_f100_sites200_GTR_bl1.0_d0.0_l0.0_t1.0_gc0.0_p0.0_pop10_ms0.0_mf0.0_seed42/families/family_096/alignment.msa --model GTR+G --prefix /home/fili/Documents/KIT/2023/BA/code/output/families/ssim_dtl_s20_f100_sites200_GTR_bl1.0_d0.0_l0.0_t1.0_gc0.0_p0.0_pop10_ms0.0_mf0.0_seed42/families/family_096/misc/raxml_output.GTR+G

Analysis options:
  run mode: ML tree search
  start tree(s): random (10) + parsimony (10)
  random seed: 1686566501
  tip-inner: OFF
  pattern compression: ON
  per-rate scalers: OFF
  site repeats: ON
  fast spr radius: AUTO
  spr subtree cutoff: 1.000000
  branch lengths: proportional (ML estimate, algorithm: NR-FAST)
  SIMD kernels: AVX2
  parallelization: coarse-grained (auto), PTHREADS (auto)

[00:00:00] Reading alignment from file: /home/fili/Documents/KIT/2023/BA/code/output/families/ssim_dtl_s20_f100_sites200_GTR_bl1.0_d0.0_l0.0_t1.0_gc0.0_p0.0_pop10_ms0.0_mf0.0_seed42/families/family_096/alignment.msa
[00:00:00] Loaded alignment with 20 taxa and 142 sites

WARNING: Sequences 7_0_0 and 9_0_0 are exactly identical!
WARNING: Sequences 7_0_0 and 13_0_0 are exactly identical!
WARNING: Sequences 12_0_0 and 4_0_0 are exactly identical!
WARNING: Sequences 12_0_0 and 10_0_0 are exactly identical!
WARNING: Sequences 12_0_0 and 5_0_0 are exactly identical!
WARNING: Sequences 3_0_0 and 2_0_0 are exactly identical!
WARNING: Sequences 3_0_0 and 1_0_0 are exactly identical!
WARNING: Duplicate sequences found: 7

NOTE: Reduced alignment (with duplicates and gap-only sites/taxa removed) 
NOTE: was saved to: /home/fili/Documents/KIT/2023/BA/code/output/families/ssim_dtl_s20_f100_sites200_GTR_bl1.0_d0.0_l0.0_t1.0_gc0.0_p0.0_pop10_ms0.0_mf0.0_seed42/families/family_096/misc/raxml_output.GTR+G.raxml.reduced.phy

Alignment comprises 1 partitions and 40 patterns

Partition 0: noname
Model: GTR+FO+G4m
Alignment sites / patterns: 142 / 40
Gaps: 0.00 %
Invariant sites: 61.97 %


NOTE: Binary MSA file created: /home/fili/Documents/KIT/2023/BA/code/output/families/ssim_dtl_s20_f100_sites200_GTR_bl1.0_d0.0_l0.0_t1.0_gc0.0_p0.0_pop10_ms0.0_mf0.0_seed42/families/family_096/misc/raxml_output.GTR+G.raxml.rba

Parallelization scheme autoconfig: 8 worker(s) x 1 thread(s)

Parallel reduction/worker buffer size: 1 KB  / 0 KB

[00:00:00] Generating 10 random starting tree(s) with 20 taxa
[00:00:00] Generating 10 parsimony starting tree(s) with 20 taxa
[00:00:00] Data distribution: max. partitions/sites/weight per thread: 1 / 40 / 640
[00:00:00] Data distribution: max. searches per worker: 3

Starting ML tree search with 20 distinct starting trees

[00:00:00 -1103.676723] Initial branch length optimization
[00:00:00 -880.669248] Model parameter optimization (eps = 10.000000)
[00:00:00 -675.554540] AUTODETECT spr round 1 (radius: 5)
[00:00:00 -475.553666] AUTODETECT spr round 2 (radius: 10)
[00:00:00 -465.114360] AUTODETECT spr round 3 (radius: 15)
[00:00:00 -465.104623] SPR radius for FAST iterations: 10 (autodetect)
[00:00:00 -465.104623] Model parameter optimization (eps = 3.000000)
[00:00:00 -451.850118] FAST spr round 1 (radius: 10)
[00:00:00 -451.397001] FAST spr round 2 (radius: 10)
[00:00:00 -451.397001] Model parameter optimization (eps = 1.000000)
[00:00:00 -450.524780] SLOW spr round 1 (radius: 5)
[00:00:00 -450.510830] SLOW spr round 2 (radius: 10)
[00:00:00 -450.510663] SLOW spr round 3 (radius: 15)
[00:00:00 -450.510662] SLOW spr round 4 (radius: 20)
[00:00:00] [worker #2] ML tree search #3, logLikelihood: -450.060249
[00:00:00 -450.510662] Model parameter optimization (eps = 0.100000)
[00:00:00] [worker #6] ML tree search #7, logLikelihood: -450.059903
[00:00:00] [worker #3] ML tree search #4, logLikelihood: -450.060335

[00:00:00] [worker #0] ML tree search #1, logLikelihood: -450.060337

[00:00:00] [worker #4] ML tree search #5, logLikelihood: -450.059902
[00:00:00 -1025.994419] Initial branch length optimization
[00:00:00 -822.324231] Model parameter optimization (eps = 10.000000)
[00:00:00] [worker #1] ML tree search #2, logLikelihood: -450.060276
[00:00:00] [worker #5] ML tree search #6, logLikelihood: -450.061797
[00:00:00 -632.058522] AUTODETECT spr round 1 (radius: 5)
[00:00:00] [worker #7] ML tree search #8, logLikelihood: -450.060351
[00:00:00 -469.764732] AUTODETECT spr round 2 (radius: 10)
[00:00:00 -469.708093] SPR radius for FAST iterations: 5 (autodetect)
[00:00:00 -469.708093] Model parameter optimization (eps = 3.000000)
[00:00:00 -458.208553] FAST spr round 1 (radius: 5)
[00:00:00 -452.906057] FAST spr round 2 (radius: 5)
[00:00:00 -452.905961] Model parameter optimization (eps = 1.000000)
[00:00:00 -451.440803] SLOW spr round 1 (radius: 5)
[00:00:00] [worker #6] ML tree search #15, logLikelihood: -450.059890
[00:00:00] [worker #2] ML tree search #11, logLikelihood: -450.058826
[00:00:00] [worker #4] ML tree search #13, logLikelihood: -450.061278
[00:00:00] [worker #3] ML tree search #12, logLikelihood: -450.059447
[00:00:00 -450.542567] SLOW spr round 2 (radius: 5)
[00:00:00] [worker #5] ML tree search #14, logLikelihood: -450.059827
[00:00:00 -450.542467] SLOW spr round 3 (radius: 10)
[00:00:00] [worker #1] ML tree search #10, logLikelihood: -450.061107
[00:00:00] [worker #7] ML tree search #16, logLikelihood: -450.059665
[00:00:00 -450.542466] SLOW spr round 4 (radius: 15)
[00:00:00 -450.542466] SLOW spr round 5 (radius: 20)
[00:00:00 -450.542466] Model parameter optimization (eps = 0.100000)

[00:00:00] [worker #0] ML tree search #9, logLikelihood: -450.060501

[00:00:00 -742.592597] Initial branch length optimization
[00:00:00 -531.168285] Model parameter optimization (eps = 10.000000)
[00:00:00] [worker #2] ML tree search #19, logLikelihood: -450.060248
[00:00:00 -451.546370] AUTODETECT spr round 1 (radius: 5)
[00:00:00 -450.075970] AUTODETECT spr round 2 (radius: 10)
[00:00:00] [worker #3] ML tree search #20, logLikelihood: -450.059744
[00:00:00 -450.075961] SPR radius for FAST iterations: 5 (autodetect)
[00:00:00 -450.075961] Model parameter optimization (eps = 3.000000)
[00:00:00 -450.068250] FAST spr round 1 (radius: 5)
[00:00:00 -450.068245] Model parameter optimization (eps = 1.000000)
[00:00:00 -450.068238] SLOW spr round 1 (radius: 5)
[00:00:00] [worker #1] ML tree search #18, logLikelihood: -450.059373
[00:00:00 -450.068238] SLOW spr round 2 (radius: 10)
[00:00:00 -450.068238] SLOW spr round 3 (radius: 15)
[00:00:00 -450.068238] SLOW spr round 4 (radius: 20)
[00:00:00 -450.068238] Model parameter optimization (eps = 0.100000)

[00:00:00] [worker #0] ML tree search #17, logLikelihood: -450.068238


Optimized model parameters:

   Partition 0: noname
   Rate heterogeneity: GAMMA (4 cats, mean),  alpha: 99.847812 (ML),  weights&rates: (0.250000,0.875814) (0.250000,0.964710) (0.250000,1.029569) (0.250000,1.129907) 
   Base frequencies (ML): 0.322458 0.189967 0.219832 0.267743 
   Substitution rates (ML): 118.088753 998.917498 22.285958 22.660109 38.917449 1.000000 


Final LogLikelihood: -450.058826

AIC score: 992.117652 / AICc score: 1037.633442 / BIC score: 1128.085697
Free parameters (model + branch lengths): 46

WARNING: Best ML tree contains 8 near-zero branches!

Best ML tree with collapsed near-zero branches saved to: /home/fili/Documents/KIT/2023/BA/code/output/families/ssim_dtl_s20_f100_sites200_GTR_bl1.0_d0.0_l0.0_t1.0_gc0.0_p0.0_pop10_ms0.0_mf0.0_seed42/families/family_096/misc/raxml_output.GTR+G.raxml.bestTreeCollapsed
Best ML tree saved to: /home/fili/Documents/KIT/2023/BA/code/output/families/ssim_dtl_s20_f100_sites200_GTR_bl1.0_d0.0_l0.0_t1.0_gc0.0_p0.0_pop10_ms0.0_mf0.0_seed42/families/family_096/misc/raxml_output.GTR+G.raxml.bestTree
All ML trees saved to: /home/fili/Documents/KIT/2023/BA/code/output/families/ssim_dtl_s20_f100_sites200_GTR_bl1.0_d0.0_l0.0_t1.0_gc0.0_p0.0_pop10_ms0.0_mf0.0_seed42/families/family_096/misc/raxml_output.GTR+G.raxml.mlTrees
Optimized model saved to: /home/fili/Documents/KIT/2023/BA/code/output/families/ssim_dtl_s20_f100_sites200_GTR_bl1.0_d0.0_l0.0_t1.0_gc0.0_p0.0_pop10_ms0.0_mf0.0_seed42/families/family_096/misc/raxml_output.GTR+G.raxml.bestModel

Execution log saved to: /home/fili/Documents/KIT/2023/BA/code/output/families/ssim_dtl_s20_f100_sites200_GTR_bl1.0_d0.0_l0.0_t1.0_gc0.0_p0.0_pop10_ms0.0_mf0.0_seed42/families/family_096/misc/raxml_output.GTR+G.raxml.log

Analysis started: 12-Jun-2023 12:41:41 / finished: 12-Jun-2023 12:41:41

Elapsed time: 0.293 seconds

