
RAxML-NG v. 1.1.0 released on 29.11.2021 by The Exelixis Lab.
Developed by: Alexey M. Kozlov and Alexandros Stamatakis.
Contributors: Diego Darriba, Tomas Flouri, Benoit Morel, Sarah Lutteropp, Ben Bettisworth.
Latest version: https://github.com/amkozlov/raxml-ng
Questions/problems/suggestions? Please visit: https://groups.google.com/forum/#!forum/raxml

System: AMD Ryzen 7 5800X 8-Core Processor, 8 cores, 31 GB RAM

RAxML-NG was called at 12-Jun-2023 12:38:58 as follows:

/home/fili/Documents/KIT/2023/BA/resources/tools/RAxML-NG/raxml-ng --msa /home/fili/Documents/KIT/2023/BA/code/output/families/ssim_dtl_s20_f100_sites200_GTR_bl1.0_d0.0_l0.0_t1.0_gc0.0_p0.0_pop10_ms0.0_mf0.0_seed42/families/family_096/alignment.msa --model F81 --prefix /home/fili/Documents/KIT/2023/BA/code/output/families/ssim_dtl_s20_f100_sites200_GTR_bl1.0_d0.0_l0.0_t1.0_gc0.0_p0.0_pop10_ms0.0_mf0.0_seed42/families/family_096/misc/raxml_output.F81

Analysis options:
  run mode: ML tree search
  start tree(s): random (10) + parsimony (10)
  random seed: 1686566338
  tip-inner: OFF
  pattern compression: ON
  per-rate scalers: OFF
  site repeats: ON
  fast spr radius: AUTO
  spr subtree cutoff: 1.000000
  branch lengths: proportional (ML estimate, algorithm: NR-FAST)
  SIMD kernels: AVX2
  parallelization: coarse-grained (auto), PTHREADS (auto)

[00:00:00] Reading alignment from file: /home/fili/Documents/KIT/2023/BA/code/output/families/ssim_dtl_s20_f100_sites200_GTR_bl1.0_d0.0_l0.0_t1.0_gc0.0_p0.0_pop10_ms0.0_mf0.0_seed42/families/family_096/alignment.msa
[00:00:00] Loaded alignment with 20 taxa and 142 sites

WARNING: Sequences 7_0_0 and 9_0_0 are exactly identical!
WARNING: Sequences 7_0_0 and 13_0_0 are exactly identical!
WARNING: Sequences 12_0_0 and 4_0_0 are exactly identical!
WARNING: Sequences 12_0_0 and 10_0_0 are exactly identical!
WARNING: Sequences 12_0_0 and 5_0_0 are exactly identical!
WARNING: Sequences 3_0_0 and 2_0_0 are exactly identical!
WARNING: Sequences 3_0_0 and 1_0_0 are exactly identical!
WARNING: Duplicate sequences found: 7

NOTE: Reduced alignment (with duplicates and gap-only sites/taxa removed) 
NOTE: was saved to: /home/fili/Documents/KIT/2023/BA/code/output/families/ssim_dtl_s20_f100_sites200_GTR_bl1.0_d0.0_l0.0_t1.0_gc0.0_p0.0_pop10_ms0.0_mf0.0_seed42/families/family_096/misc/raxml_output.F81.raxml.reduced.phy

Alignment comprises 1 partitions and 40 patterns

Partition 0: noname
Model: F81+FO
Alignment sites / patterns: 142 / 40
Gaps: 0.00 %
Invariant sites: 61.97 %


NOTE: Binary MSA file created: /home/fili/Documents/KIT/2023/BA/code/output/families/ssim_dtl_s20_f100_sites200_GTR_bl1.0_d0.0_l0.0_t1.0_gc0.0_p0.0_pop10_ms0.0_mf0.0_seed42/families/family_096/misc/raxml_output.F81.raxml.rba

Parallelization scheme autoconfig: 8 worker(s) x 1 thread(s)

Parallel reduction/worker buffer size: 1 KB  / 0 KB

[00:00:00] Generating 10 random starting tree(s) with 20 taxa
[00:00:00] Generating 10 parsimony starting tree(s) with 20 taxa
[00:00:00] Data distribution: max. partitions/sites/weight per thread: 1 / 40 / 160
[00:00:00] Data distribution: max. searches per worker: 3

Starting ML tree search with 20 distinct starting trees

[00:00:00 -1268.896065] Initial branch length optimization
[00:00:00 -972.170118] Model parameter optimization (eps = 10.000000)
[00:00:00 -931.007497] AUTODETECT spr round 1 (radius: 5)
[00:00:00 -530.049990] AUTODETECT spr round 2 (radius: 10)
[00:00:00 -528.201638] AUTODETECT spr round 3 (radius: 15)
[00:00:00 -528.201638] SPR radius for FAST iterations: 10 (autodetect)
[00:00:00 -528.201638] Model parameter optimization (eps = 3.000000)
[00:00:00 -524.007280] FAST spr round 1 (radius: 10)
[00:00:00 -521.859190] FAST spr round 2 (radius: 10)
[00:00:00 -517.890750] FAST spr round 3 (radius: 10)
[00:00:00 -517.890750] Model parameter optimization (eps = 1.000000)
[00:00:00 -517.878374] SLOW spr round 1 (radius: 5)
[00:00:00] [worker #4] ML tree search #5, logLikelihood: -515.873364
[00:00:00] [worker #2] ML tree search #3, logLikelihood: -515.873364
[00:00:00] [worker #1] ML tree search #2, logLikelihood: -515.873363
[00:00:00] [worker #6] ML tree search #7, logLikelihood: -515.873364
[00:00:00 -515.884222] SLOW spr round 2 (radius: 5)
[00:00:00] [worker #5] ML tree search #6, logLikelihood: -515.873366
[00:00:00 -515.884222] SLOW spr round 3 (radius: 10)
[00:00:00 -515.884222] SLOW spr round 4 (radius: 15)
[00:00:00] [worker #7] ML tree search #8, logLikelihood: -515.873366
[00:00:00 -515.884222] SLOW spr round 5 (radius: 20)
[00:00:00] [worker #3] ML tree search #4, logLikelihood: -515.873366
[00:00:00 -515.884222] Model parameter optimization (eps = 0.100000)

[00:00:00] [worker #0] ML tree search #1, logLikelihood: -515.873366

[00:00:00 -1263.522852] Initial branch length optimization
[00:00:00 -957.510361] Model parameter optimization (eps = 10.000000)
[00:00:00] [worker #4] ML tree search #13, logLikelihood: -515.873363
[00:00:00 -916.087557] AUTODETECT spr round 1 (radius: 5)
[00:00:00] [worker #1] ML tree search #10, logLikelihood: -515.873365
[00:00:00] [worker #2] ML tree search #11, logLikelihood: -515.873364
[00:00:00 -527.474779] AUTODETECT spr round 2 (radius: 10)
[00:00:00 -527.474779] SPR radius for FAST iterations: 5 (autodetect)
[00:00:00 -527.474779] Model parameter optimization (eps = 3.000000)
[00:00:00] [worker #6] ML tree search #15, logLikelihood: -515.873363
[00:00:00 -523.833289] FAST spr round 1 (radius: 5)
[00:00:00 -515.889156] FAST spr round 2 (radius: 5)
[00:00:00] [worker #5] ML tree search #14, logLikelihood: -515.873363
[00:00:00 -515.889155] Model parameter optimization (eps = 1.000000)
[00:00:00 -515.873367] SLOW spr round 1 (radius: 5)
[00:00:00] [worker #3] ML tree search #12, logLikelihood: -515.873364
[00:00:00] [worker #7] ML tree search #16, logLikelihood: -515.873364
[00:00:00] [worker #1] ML tree search #18, logLikelihood: -515.873364
[00:00:00 -515.873367] SLOW spr round 2 (radius: 10)
[00:00:00] [worker #2] ML tree search #19, logLikelihood: -515.873364
[00:00:00 -515.873367] SLOW spr round 3 (radius: 15)
[00:00:00 -515.873367] SLOW spr round 4 (radius: 20)
[00:00:00 -515.873367] Model parameter optimization (eps = 0.100000)

[00:00:00] [worker #0] ML tree search #9, logLikelihood: -515.873364

[00:00:00 -939.435930] Initial branch length optimization
[00:00:00 -531.615831] Model parameter optimization (eps = 10.000000)
[00:00:00 -518.629438] AUTODETECT spr round 1 (radius: 5)
[00:00:00 -515.878560] AUTODETECT spr round 2 (radius: 10)
[00:00:00 -515.878560] SPR radius for FAST iterations: 5 (autodetect)
[00:00:00 -515.878560] Model parameter optimization (eps = 3.000000)
[00:00:00 -515.873364] FAST spr round 1 (radius: 5)
[00:00:00 -515.873364] Model parameter optimization (eps = 1.000000)
[00:00:00 -515.873363] SLOW spr round 1 (radius: 5)
[00:00:00] [worker #3] ML tree search #20, logLikelihood: -515.873363
[00:00:00 -515.873363] SLOW spr round 2 (radius: 10)
[00:00:00 -515.873363] SLOW spr round 3 (radius: 15)
[00:00:00 -515.873363] SLOW spr round 4 (radius: 20)
[00:00:00 -515.873363] Model parameter optimization (eps = 0.100000)

[00:00:00] [worker #0] ML tree search #17, logLikelihood: -515.873363


Optimized model parameters:

   Partition 0: noname
   Rate heterogeneity: NONE
   Base frequencies (ML): 0.378406 0.148472 0.278995 0.194127 
   Substitution rates (model): 1.000000 1.000000 1.000000 1.000000 1.000000 1.000000 


Final LogLikelihood: -515.873363

AIC score: 1111.746727 / AICc score: 1144.221974 / BIC score: 1229.979809
Free parameters (model + branch lengths): 40

WARNING: Best ML tree contains 8 near-zero branches!

Best ML tree with collapsed near-zero branches saved to: /home/fili/Documents/KIT/2023/BA/code/output/families/ssim_dtl_s20_f100_sites200_GTR_bl1.0_d0.0_l0.0_t1.0_gc0.0_p0.0_pop10_ms0.0_mf0.0_seed42/families/family_096/misc/raxml_output.F81.raxml.bestTreeCollapsed
Best ML tree saved to: /home/fili/Documents/KIT/2023/BA/code/output/families/ssim_dtl_s20_f100_sites200_GTR_bl1.0_d0.0_l0.0_t1.0_gc0.0_p0.0_pop10_ms0.0_mf0.0_seed42/families/family_096/misc/raxml_output.F81.raxml.bestTree
All ML trees saved to: /home/fili/Documents/KIT/2023/BA/code/output/families/ssim_dtl_s20_f100_sites200_GTR_bl1.0_d0.0_l0.0_t1.0_gc0.0_p0.0_pop10_ms0.0_mf0.0_seed42/families/family_096/misc/raxml_output.F81.raxml.mlTrees
Optimized model saved to: /home/fili/Documents/KIT/2023/BA/code/output/families/ssim_dtl_s20_f100_sites200_GTR_bl1.0_d0.0_l0.0_t1.0_gc0.0_p0.0_pop10_ms0.0_mf0.0_seed42/families/family_096/misc/raxml_output.F81.raxml.bestModel

Execution log saved to: /home/fili/Documents/KIT/2023/BA/code/output/families/ssim_dtl_s20_f100_sites200_GTR_bl1.0_d0.0_l0.0_t1.0_gc0.0_p0.0_pop10_ms0.0_mf0.0_seed42/families/family_096/misc/raxml_output.F81.raxml.log

Analysis started: 12-Jun-2023 12:38:58 / finished: 12-Jun-2023 12:38:58

Elapsed time: 0.214 seconds

