
RAxML-NG v. 1.1.0 released on 29.11.2021 by The Exelixis Lab.
Developed by: Alexey M. Kozlov and Alexandros Stamatakis.
Contributors: Diego Darriba, Tomas Flouri, Benoit Morel, Sarah Lutteropp, Ben Bettisworth.
Latest version: https://github.com/amkozlov/raxml-ng
Questions/problems/suggestions? Please visit: https://groups.google.com/forum/#!forum/raxml

System: AMD Ryzen 7 5800X 8-Core Processor, 8 cores, 31 GB RAM

RAxML-NG was called at 27-Jun-2023 13:51:56 as follows:

/home/fili/Documents/KIT/2023/BA/resources/tools/RAxML-NG/raxml-ng --msa /home/fili/Documents/KIT/2023/BA/code/output/families/ssim_NE_s20_f100_sites200_GTR_bl1.0_d0.0_l0.0_t0.0_gc0.0_p0.0_pop10_ms0.0_mf0.0_seed14976684177860080345/families/family_045/alignment.msa --model F81 --prefix /home/fili/Documents/KIT/2023/BA/code/output/families/ssim_NE_s20_f100_sites200_GTR_bl1.0_d0.0_l0.0_t0.0_gc0.0_p0.0_pop10_ms0.0_mf0.0_seed14976684177860080345/families/family_045/misc/raxml_output.F81

Analysis options:
  run mode: ML tree search
  start tree(s): random (10) + parsimony (10)
  random seed: 1687866716
  tip-inner: OFF
  pattern compression: ON
  per-rate scalers: OFF
  site repeats: ON
  fast spr radius: AUTO
  spr subtree cutoff: 1.000000
  branch lengths: proportional (ML estimate, algorithm: NR-FAST)
  SIMD kernels: AVX2
  parallelization: coarse-grained (auto), PTHREADS (auto)

[00:00:00] Reading alignment from file: /home/fili/Documents/KIT/2023/BA/code/output/families/ssim_NE_s20_f100_sites200_GTR_bl1.0_d0.0_l0.0_t0.0_gc0.0_p0.0_pop10_ms0.0_mf0.0_seed14976684177860080345/families/family_045/alignment.msa
[00:00:00] Loaded alignment with 20 taxa and 193 sites

WARNING: Sequences 1_0_0 and 7_0_0 are exactly identical!
WARNING: Duplicate sequences found: 1

NOTE: Reduced alignment (with duplicates and gap-only sites/taxa removed) 
NOTE: was saved to: /home/fili/Documents/KIT/2023/BA/code/output/families/ssim_NE_s20_f100_sites200_GTR_bl1.0_d0.0_l0.0_t0.0_gc0.0_p0.0_pop10_ms0.0_mf0.0_seed14976684177860080345/families/family_045/misc/raxml_output.F81.raxml.reduced.phy

Alignment comprises 1 partitions and 115 patterns

Partition 0: noname
Model: F81+FO
Alignment sites / patterns: 193 / 115
Gaps: 0.00 %
Invariant sites: 27.98 %


NOTE: Binary MSA file created: /home/fili/Documents/KIT/2023/BA/code/output/families/ssim_NE_s20_f100_sites200_GTR_bl1.0_d0.0_l0.0_t0.0_gc0.0_p0.0_pop10_ms0.0_mf0.0_seed14976684177860080345/families/family_045/misc/raxml_output.F81.raxml.rba

Parallelization scheme autoconfig: 8 worker(s) x 1 thread(s)

Parallel reduction/worker buffer size: 1 KB  / 0 KB

[00:00:00] Generating 10 random starting tree(s) with 20 taxa
[00:00:00] Generating 10 parsimony starting tree(s) with 20 taxa
[00:00:00] Data distribution: max. partitions/sites/weight per thread: 1 / 115 / 460
[00:00:00] Data distribution: max. searches per worker: 3

Starting ML tree search with 20 distinct starting trees

[00:00:00 -3125.182740] Initial branch length optimization
[00:00:00 -2403.268960] Model parameter optimization (eps = 10.000000)
[00:00:00 -2392.723551] AUTODETECT spr round 1 (radius: 5)
[00:00:00 -1364.242133] AUTODETECT spr round 2 (radius: 10)
[00:00:00 -1364.242127] SPR radius for FAST iterations: 5 (autodetect)
[00:00:00 -1364.242127] Model parameter optimization (eps = 3.000000)
[00:00:00 -1363.521653] FAST spr round 1 (radius: 5)
[00:00:00 -1355.842603] FAST spr round 2 (radius: 5)
[00:00:00 -1355.841371] Model parameter optimization (eps = 1.000000)
[00:00:00 -1355.794874] SLOW spr round 1 (radius: 5)
[00:00:00 -1354.064459] SLOW spr round 2 (radius: 5)
[00:00:00 -1353.722812] SLOW spr round 3 (radius: 5)
[00:00:00] [worker #7] ML tree search #8, logLikelihood: -1353.703574
[00:00:00 -1353.722689] SLOW spr round 4 (radius: 10)
[00:00:00] [worker #5] ML tree search #6, logLikelihood: -1353.703579
[00:00:00 -1353.722688] SLOW spr round 5 (radius: 15)
[00:00:00 -1353.722688] SLOW spr round 6 (radius: 20)
[00:00:00 -1353.722688] Model parameter optimization (eps = 0.100000)

[00:00:00] [worker #0] ML tree search #1, logLikelihood: -1353.703579

[00:00:00 -3424.204265] Initial branch length optimization
[00:00:00 -2694.900107] Model parameter optimization (eps = 10.000000)
[00:00:00] [worker #1] ML tree search #2, logLikelihood: -1353.703581
[00:00:00 -2681.079057] AUTODETECT spr round 1 (radius: 5)
[00:00:00] [worker #4] ML tree search #5, logLikelihood: -1353.703578
[00:00:00] [worker #2] ML tree search #3, logLikelihood: -1353.703581
[00:00:00] [worker #6] ML tree search #7, logLikelihood: -1353.703578
[00:00:00 -1380.274396] AUTODETECT spr round 2 (radius: 10)
[00:00:00] [worker #3] ML tree search #4, logLikelihood: -1353.703579
[00:00:00 -1380.272406] SPR radius for FAST iterations: 5 (autodetect)
[00:00:00 -1380.272406] Model parameter optimization (eps = 3.000000)
[00:00:00 -1378.939759] FAST spr round 1 (radius: 5)
[00:00:00 -1358.291868] FAST spr round 2 (radius: 5)
[00:00:00] [worker #7] ML tree search #16, logLikelihood: -1353.703573
[00:00:00 -1355.871467] FAST spr round 3 (radius: 5)
[00:00:00 -1355.870265] Model parameter optimization (eps = 1.000000)
[00:00:00 -1355.794871] SLOW spr round 1 (radius: 5)
[00:00:00 -1353.723041] SLOW spr round 2 (radius: 5)
[00:00:00] [worker #2] ML tree search #11, logLikelihood: -1353.703572
[00:00:00] [worker #4] ML tree search #13, logLikelihood: -1353.703573
[00:00:00] [worker #5] ML tree search #14, logLikelihood: -1353.703572
[00:00:00] [worker #3] ML tree search #12, logLikelihood: -1353.703573
[00:00:00] [worker #6] ML tree search #15, logLikelihood: -1353.703572
[00:00:00 -1353.722954] SLOW spr round 3 (radius: 10)
[00:00:00 -1353.722954] SLOW spr round 4 (radius: 15)
[00:00:00 -1353.722954] SLOW spr round 5 (radius: 20)
[00:00:00 -1353.722954] Model parameter optimization (eps = 0.100000)

[00:00:00] [worker #0] ML tree search #9, logLikelihood: -1353.703579

[00:00:00 -1782.900052] Initial branch length optimization
[00:00:00 -1361.632048] Model parameter optimization (eps = 10.000000)
[00:00:00 -1358.296376] AUTODETECT spr round 1 (radius: 5)
[00:00:00 -1355.917902] AUTODETECT spr round 2 (radius: 10)
[00:00:00 -1355.913315] SPR radius for FAST iterations: 5 (autodetect)
[00:00:00 -1355.913315] Model parameter optimization (eps = 3.000000)
[00:00:00 -1355.891898] FAST spr round 1 (radius: 5)
[00:00:00 -1355.115211] FAST spr round 2 (radius: 5)
[00:00:00] [worker #2] ML tree search #19, logLikelihood: -1353.703573
[00:00:00 -1353.804628] FAST spr round 3 (radius: 5)
[00:00:00] [worker #1] ML tree search #10, logLikelihood: -1353.703578
[00:00:00] [worker #3] ML tree search #20, logLikelihood: -1353.703572
[00:00:00 -1353.712927] Model parameter optimization (eps = 1.000000)
[00:00:00 -1353.703602] SLOW spr round 1 (radius: 5)
[00:00:00 -1353.703572] SLOW spr round 2 (radius: 10)
[00:00:00 -1353.703572] SLOW spr round 3 (radius: 15)
[00:00:00 -1353.703572] SLOW spr round 4 (radius: 20)
[00:00:00 -1353.703572] Model parameter optimization (eps = 0.100000)

[00:00:00] [worker #0] ML tree search #17, logLikelihood: -1353.703572

[00:00:00] [worker #1] ML tree search #18, logLikelihood: -1353.703582

Optimized model parameters:

   Partition 0: noname
   Rate heterogeneity: NONE
   Base frequencies (ML): 0.223755 0.227699 0.242507 0.306040 
   Substitution rates (model): 1.000000 1.000000 1.000000 1.000000 1.000000 1.000000 


Final LogLikelihood: -1353.703572

AIC score: 2787.407144 / AICc score: 2808.986091 / BIC score: 2917.914752
Free parameters (model + branch lengths): 40

WARNING: Best ML tree contains 4 near-zero branches!

Best ML tree with collapsed near-zero branches saved to: /home/fili/Documents/KIT/2023/BA/code/output/families/ssim_NE_s20_f100_sites200_GTR_bl1.0_d0.0_l0.0_t0.0_gc0.0_p0.0_pop10_ms0.0_mf0.0_seed14976684177860080345/families/family_045/misc/raxml_output.F81.raxml.bestTreeCollapsed
Best ML tree saved to: /home/fili/Documents/KIT/2023/BA/code/output/families/ssim_NE_s20_f100_sites200_GTR_bl1.0_d0.0_l0.0_t0.0_gc0.0_p0.0_pop10_ms0.0_mf0.0_seed14976684177860080345/families/family_045/misc/raxml_output.F81.raxml.bestTree
All ML trees saved to: /home/fili/Documents/KIT/2023/BA/code/output/families/ssim_NE_s20_f100_sites200_GTR_bl1.0_d0.0_l0.0_t0.0_gc0.0_p0.0_pop10_ms0.0_mf0.0_seed14976684177860080345/families/family_045/misc/raxml_output.F81.raxml.mlTrees
Optimized model saved to: /home/fili/Documents/KIT/2023/BA/code/output/families/ssim_NE_s20_f100_sites200_GTR_bl1.0_d0.0_l0.0_t0.0_gc0.0_p0.0_pop10_ms0.0_mf0.0_seed14976684177860080345/families/family_045/misc/raxml_output.F81.raxml.bestModel

Execution log saved to: /home/fili/Documents/KIT/2023/BA/code/output/families/ssim_NE_s20_f100_sites200_GTR_bl1.0_d0.0_l0.0_t0.0_gc0.0_p0.0_pop10_ms0.0_mf0.0_seed14976684177860080345/families/family_045/misc/raxml_output.F81.raxml.log

Analysis started: 27-Jun-2023 13:51:56 / finished: 27-Jun-2023 13:51:56

Elapsed time: 0.319 seconds

