
RAxML-NG v. 1.1.0 released on 29.11.2021 by The Exelixis Lab.
Developed by: Alexey M. Kozlov and Alexandros Stamatakis.
Contributors: Diego Darriba, Tomas Flouri, Benoit Morel, Sarah Lutteropp, Ben Bettisworth.
Latest version: https://github.com/amkozlov/raxml-ng
Questions/problems/suggestions? Please visit: https://groups.google.com/forum/#!forum/raxml

System: AMD Ryzen 7 5800X 8-Core Processor, 8 cores, 31 GB RAM

RAxML-NG was called at 05-Jun-2023 13:01:59 as follows:

/home/fili/Documents/KIT/2023/BA/resources/tools/RAxML-NG/raxml-ng --msa /home/fili/Documents/KIT/2023/BA/code/output/families/ssim_dtl_s20_f100_sites200_GTR_bl1.0_d0.0_l0.0_t1.0_gc0.0_p0.0_pop10_ms0.0_mf0.0_seed42/families/family_077/alignment.msa --model GTR+G --prefix /home/fili/Documents/KIT/2023/BA/code/output/families/ssim_dtl_s20_f100_sites200_GTR_bl1.0_d0.0_l0.0_t1.0_gc0.0_p0.0_pop10_ms0.0_mf0.0_seed42/families/family_077/misc/raxml_output.GTR+G

Analysis options:
  run mode: ML tree search
  start tree(s): random (10) + parsimony (10)
  random seed: 1685962919
  tip-inner: OFF
  pattern compression: ON
  per-rate scalers: OFF
  site repeats: ON
  fast spr radius: AUTO
  spr subtree cutoff: 1.000000
  branch lengths: proportional (ML estimate, algorithm: NR-FAST)
  SIMD kernels: AVX2
  parallelization: coarse-grained (auto), PTHREADS (auto)

[00:00:00] Reading alignment from file: /home/fili/Documents/KIT/2023/BA/code/output/families/ssim_dtl_s20_f100_sites200_GTR_bl1.0_d0.0_l0.0_t1.0_gc0.0_p0.0_pop10_ms0.0_mf0.0_seed42/families/family_077/alignment.msa
[00:00:00] Loaded alignment with 20 taxa and 118 sites

WARNING: Sequences 17_0_0 and 11_0_0 are exactly identical!
WARNING: Sequences 10_0_0 and 12_0_0 are exactly identical!
WARNING: Sequences 10_0_0 and 4_0_0 are exactly identical!
WARNING: Sequences 1_0_0 and 3_0_0 are exactly identical!
WARNING: Sequences 1_0_0 and 2_0_0 are exactly identical!
WARNING: Duplicate sequences found: 5

NOTE: Reduced alignment (with duplicates and gap-only sites/taxa removed) 
NOTE: was saved to: /home/fili/Documents/KIT/2023/BA/code/output/families/ssim_dtl_s20_f100_sites200_GTR_bl1.0_d0.0_l0.0_t1.0_gc0.0_p0.0_pop10_ms0.0_mf0.0_seed42/families/family_077/misc/raxml_output.GTR+G.raxml.reduced.phy

Alignment comprises 1 partitions and 72 patterns

Partition 0: noname
Model: GTR+FO+G4m
Alignment sites / patterns: 118 / 72
Gaps: 0.00 %
Invariant sites: 34.75 %


NOTE: Binary MSA file created: /home/fili/Documents/KIT/2023/BA/code/output/families/ssim_dtl_s20_f100_sites200_GTR_bl1.0_d0.0_l0.0_t1.0_gc0.0_p0.0_pop10_ms0.0_mf0.0_seed42/families/family_077/misc/raxml_output.GTR+G.raxml.rba

Parallelization scheme autoconfig: 8 worker(s) x 1 thread(s)

Parallel reduction/worker buffer size: 1 KB  / 0 KB

[00:00:00] Generating 10 random starting tree(s) with 20 taxa
[00:00:00] Generating 10 parsimony starting tree(s) with 20 taxa
[00:00:00] Data distribution: max. partitions/sites/weight per thread: 1 / 72 / 1152
[00:00:00] Data distribution: max. searches per worker: 3

Starting ML tree search with 20 distinct starting trees

[00:00:00 -1560.187318] Initial branch length optimization
[00:00:00 -1352.294244] Model parameter optimization (eps = 10.000000)
[00:00:00 -1118.265966] AUTODETECT spr round 1 (radius: 5)
[00:00:00 -790.009621] AUTODETECT spr round 2 (radius: 10)
[00:00:00 -788.807267] AUTODETECT spr round 3 (radius: 15)
[00:00:00 -788.805802] SPR radius for FAST iterations: 10 (autodetect)
[00:00:00 -788.805802] Model parameter optimization (eps = 3.000000)
[00:00:00 -783.499455] FAST spr round 1 (radius: 10)
[00:00:00 -734.794287] FAST spr round 2 (radius: 10)
[00:00:00 -734.794262] Model parameter optimization (eps = 1.000000)
[00:00:00 -734.363123] SLOW spr round 1 (radius: 5)
[00:00:00 -734.362279] SLOW spr round 2 (radius: 10)
[00:00:00] [worker #2] ML tree search #3, logLikelihood: -732.183358
[00:00:00 -734.362255] SLOW spr round 3 (radius: 15)
[00:00:00 -734.362253] SLOW spr round 4 (radius: 20)
[00:00:00 -734.362253] Model parameter optimization (eps = 0.100000)

[00:00:00] [worker #0] ML tree search #1, logLikelihood: -734.328530

[00:00:00 -1611.502778] Initial branch length optimization
[00:00:00 -1375.252414] Model parameter optimization (eps = 10.000000)
[00:00:00] [worker #4] ML tree search #5, logLikelihood: -732.200398
[00:00:00 -1124.921947] AUTODETECT spr round 1 (radius: 5)
[00:00:00 -755.509543] AUTODETECT spr round 2 (radius: 10)
[00:00:00] [worker #1] ML tree search #2, logLikelihood: -732.180681
[00:00:00] [worker #3] ML tree search #4, logLikelihood: -732.183486
[00:00:00 -747.088516] AUTODETECT spr round 3 (radius: 15)
[00:00:00 -747.084550] SPR radius for FAST iterations: 10 (autodetect)
[00:00:00 -747.084550] Model parameter optimization (eps = 3.000000)
[00:00:00] [worker #7] ML tree search #8, logLikelihood: -732.183044
[00:00:00 -738.269696] FAST spr round 1 (radius: 10)
[00:00:00 -732.686885] FAST spr round 2 (radius: 10)
[00:00:00 -732.686848] Model parameter optimization (eps = 1.000000)
[00:00:00 -732.241551] SLOW spr round 1 (radius: 5)
[00:00:00] [worker #6] ML tree search #7, logLikelihood: -734.422178
[00:00:00] [worker #2] ML tree search #11, logLikelihood: -732.170862
[00:00:00] [worker #5] ML tree search #6, logLikelihood: -732.175070
[00:00:00 -732.239398] SLOW spr round 2 (radius: 10)
[00:00:00] [worker #4] ML tree search #13, logLikelihood: -732.170160
[00:00:00] [worker #3] ML tree search #12, logLikelihood: -732.169961
[00:00:00 -732.239397] SLOW spr round 3 (radius: 15)
[00:00:00 -732.239397] SLOW spr round 4 (radius: 20)
[00:00:00 -732.239397] Model parameter optimization (eps = 0.100000)

[00:00:00] [worker #0] ML tree search #9, logLikelihood: -732.186813

[00:00:00 -1010.273644] Initial branch length optimization
[00:00:00 -866.252547] Model parameter optimization (eps = 10.000000)
[00:00:00] [worker #7] ML tree search #16, logLikelihood: -732.170405
[00:00:00 -732.436840] AUTODETECT spr round 1 (radius: 5)
[00:00:00 -732.394474] SPR radius for FAST iterations: 5 (autodetect)
[00:00:00 -732.394474] Model parameter optimization (eps = 3.000000)
[00:00:00 -732.222965] FAST spr round 1 (radius: 5)
[00:00:00 -732.217211] Model parameter optimization (eps = 1.000000)
[00:00:00 -732.179384] SLOW spr round 1 (radius: 5)
[00:00:00] [worker #2] ML tree search #19, logLikelihood: -732.170088
[00:00:00] [worker #1] ML tree search #10, logLikelihood: -732.201455
[00:00:00 -732.178598] SLOW spr round 2 (radius: 10)
[00:00:00] [worker #6] ML tree search #15, logLikelihood: -732.170401
[00:00:00] [worker #3] ML tree search #20, logLikelihood: -732.171200
[00:00:00 -732.178597] SLOW spr round 3 (radius: 15)
[00:00:00 -732.178597] SLOW spr round 4 (radius: 20)
[00:00:00 -732.178597] Model parameter optimization (eps = 0.100000)
[00:00:00] [worker #5] ML tree search #14, logLikelihood: -732.170651

[00:00:00] [worker #0] ML tree search #17, logLikelihood: -732.170327

[00:00:00] [worker #1] ML tree search #18, logLikelihood: -732.169333

Optimized model parameters:

   Partition 0: noname
   Rate heterogeneity: GAMMA (4 cats, mean),  alpha: 1.782986 (ML),  weights&rates: (0.250000,0.265918) (0.250000,0.629757) (0.250000,1.063473) (0.250000,2.040852) 
   Base frequencies (ML): 0.354494 0.260990 0.207241 0.177274 
   Substitution rates (ML): 0.181617 13.027661 0.456204 0.727041 1.331900 1.000000 


Final LogLikelihood: -732.169333

AIC score: 1556.338665 / AICc score: 1617.240074 / BIC score: 1683.790158
Free parameters (model + branch lengths): 46

WARNING: Best ML tree contains 4 near-zero branches!

Best ML tree with collapsed near-zero branches saved to: /home/fili/Documents/KIT/2023/BA/code/output/families/ssim_dtl_s20_f100_sites200_GTR_bl1.0_d0.0_l0.0_t1.0_gc0.0_p0.0_pop10_ms0.0_mf0.0_seed42/families/family_077/misc/raxml_output.GTR+G.raxml.bestTreeCollapsed
Best ML tree saved to: /home/fili/Documents/KIT/2023/BA/code/output/families/ssim_dtl_s20_f100_sites200_GTR_bl1.0_d0.0_l0.0_t1.0_gc0.0_p0.0_pop10_ms0.0_mf0.0_seed42/families/family_077/misc/raxml_output.GTR+G.raxml.bestTree
All ML trees saved to: /home/fili/Documents/KIT/2023/BA/code/output/families/ssim_dtl_s20_f100_sites200_GTR_bl1.0_d0.0_l0.0_t1.0_gc0.0_p0.0_pop10_ms0.0_mf0.0_seed42/families/family_077/misc/raxml_output.GTR+G.raxml.mlTrees
Optimized model saved to: /home/fili/Documents/KIT/2023/BA/code/output/families/ssim_dtl_s20_f100_sites200_GTR_bl1.0_d0.0_l0.0_t1.0_gc0.0_p0.0_pop10_ms0.0_mf0.0_seed42/families/family_077/misc/raxml_output.GTR+G.raxml.bestModel

Execution log saved to: /home/fili/Documents/KIT/2023/BA/code/output/families/ssim_dtl_s20_f100_sites200_GTR_bl1.0_d0.0_l0.0_t1.0_gc0.0_p0.0_pop10_ms0.0_mf0.0_seed42/families/family_077/misc/raxml_output.GTR+G.raxml.log

Analysis started: 05-Jun-2023 13:01:59 / finished: 05-Jun-2023 13:02:00

Elapsed time: 0.412 seconds

