
RAxML-NG v. 1.1.0 released on 29.11.2021 by The Exelixis Lab.
Developed by: Alexey M. Kozlov and Alexandros Stamatakis.
Contributors: Diego Darriba, Tomas Flouri, Benoit Morel, Sarah Lutteropp, Ben Bettisworth.
Latest version: https://github.com/amkozlov/raxml-ng
Questions/problems/suggestions? Please visit: https://groups.google.com/forum/#!forum/raxml

System: AMD Ryzen 7 5800X 8-Core Processor, 8 cores, 31 GB RAM

RAxML-NG was called at 27-Jun-2023 13:41:44 as follows:

/home/fili/Documents/KIT/2023/BA/resources/tools/RAxML-NG/raxml-ng --msa /home/fili/Documents/KIT/2023/BA/code/output/families/ssim_DL_s20_f100_sites200_GTR_bl1.0_d1.0_l1.0_t0.0_gc0.0_p0.0_pop10_ms0.0_mf0.0_seed121873/families/family_042/alignment.msa --model F81 --prefix /home/fili/Documents/KIT/2023/BA/code/output/families/ssim_DL_s20_f100_sites200_GTR_bl1.0_d1.0_l1.0_t0.0_gc0.0_p0.0_pop10_ms0.0_mf0.0_seed121873/families/family_042/misc/raxml_output.F81

Analysis options:
  run mode: ML tree search
  start tree(s): random (10) + parsimony (10)
  random seed: 1687866104
  tip-inner: OFF
  pattern compression: ON
  per-rate scalers: OFF
  site repeats: ON
  fast spr radius: AUTO
  spr subtree cutoff: 1.000000
  branch lengths: proportional (ML estimate, algorithm: NR-FAST)
  SIMD kernels: AVX2
  parallelization: coarse-grained (auto), PTHREADS (auto)

[00:00:00] Reading alignment from file: /home/fili/Documents/KIT/2023/BA/code/output/families/ssim_DL_s20_f100_sites200_GTR_bl1.0_d1.0_l1.0_t0.0_gc0.0_p0.0_pop10_ms0.0_mf0.0_seed121873/families/family_042/alignment.msa
[00:00:00] Loaded alignment with 31 taxa and 197 sites

WARNING: Sequences 4_4_0 and 4_1_0 are exactly identical!
WARNING: Sequences 4_4_0 and 11_1_0 are exactly identical!
WARNING: Sequences 2_3_0 and 12_3_0 are exactly identical!
WARNING: Sequences 17_0_0 and 15_0_0 are exactly identical!
WARNING: Duplicate sequences found: 4

NOTE: Reduced alignment (with duplicates and gap-only sites/taxa removed) 
NOTE: was saved to: /home/fili/Documents/KIT/2023/BA/code/output/families/ssim_DL_s20_f100_sites200_GTR_bl1.0_d1.0_l1.0_t0.0_gc0.0_p0.0_pop10_ms0.0_mf0.0_seed121873/families/family_042/misc/raxml_output.F81.raxml.reduced.phy

Alignment comprises 1 partitions and 104 patterns

Partition 0: noname
Model: F81+FO
Alignment sites / patterns: 197 / 104
Gaps: 0.00 %
Invariant sites: 45.18 %


NOTE: Binary MSA file created: /home/fili/Documents/KIT/2023/BA/code/output/families/ssim_DL_s20_f100_sites200_GTR_bl1.0_d1.0_l1.0_t0.0_gc0.0_p0.0_pop10_ms0.0_mf0.0_seed121873/families/family_042/misc/raxml_output.F81.raxml.rba

Parallelization scheme autoconfig: 8 worker(s) x 1 thread(s)

Parallel reduction/worker buffer size: 1 KB  / 0 KB

[00:00:00] Generating 10 random starting tree(s) with 31 taxa
[00:00:00] Generating 10 parsimony starting tree(s) with 31 taxa
[00:00:00] Data distribution: max. partitions/sites/weight per thread: 1 / 104 / 416
[00:00:00] Data distribution: max. searches per worker: 3

Starting ML tree search with 20 distinct starting trees

[00:00:00 -3371.723606] Initial branch length optimization
[00:00:00 -2907.996967] Model parameter optimization (eps = 10.000000)
[00:00:00 -2771.800629] AUTODETECT spr round 1 (radius: 5)
[00:00:00 -1675.881647] AUTODETECT spr round 2 (radius: 10)
[00:00:00 -1660.953761] AUTODETECT spr round 3 (radius: 15)
[00:00:00 -1660.953679] SPR radius for FAST iterations: 10 (autodetect)
[00:00:00 -1660.953679] Model parameter optimization (eps = 3.000000)
[00:00:00 -1659.595938] FAST spr round 1 (radius: 10)
[00:00:00 -1569.268926] FAST spr round 2 (radius: 10)
[00:00:00 -1537.753494] FAST spr round 3 (radius: 10)
[00:00:00 -1536.478825] FAST spr round 4 (radius: 10)
[00:00:00 -1532.860830] FAST spr round 5 (radius: 10)
[00:00:00 -1532.860830] Model parameter optimization (eps = 1.000000)
[00:00:00 -1532.358319] SLOW spr round 1 (radius: 5)
[00:00:00 -1532.358106] SLOW spr round 2 (radius: 10)
[00:00:00] [worker #7] ML tree search #8, logLikelihood: -1532.357158
[00:00:00] [worker #4] ML tree search #5, logLikelihood: -1532.357156
[00:00:00] [worker #3] ML tree search #4, logLikelihood: -1532.357158
[00:00:00] [worker #6] ML tree search #7, logLikelihood: -1533.879885
[00:00:00] [worker #1] ML tree search #2, logLikelihood: -1532.357158
[00:00:00 -1532.358106] SLOW spr round 3 (radius: 15)
[00:00:00 -1532.358106] SLOW spr round 4 (radius: 20)
[00:00:00 -1532.358106] SLOW spr round 5 (radius: 25)
[00:00:00 -1532.358106] Model parameter optimization (eps = 0.100000)

[00:00:00] [worker #0] ML tree search #1, logLikelihood: -1532.357157

[00:00:00 -3731.938833] Initial branch length optimization
[00:00:00 -3336.442560] Model parameter optimization (eps = 10.000000)
[00:00:00 -3180.171547] AUTODETECT spr round 1 (radius: 5)
[00:00:00 -1748.690378] AUTODETECT spr round 2 (radius: 10)
[00:00:00] [worker #2] ML tree search #3, logLikelihood: -1533.879885
[00:00:00 -1603.474104] AUTODETECT spr round 3 (radius: 15)
[00:00:00 -1603.474050] SPR radius for FAST iterations: 10 (autodetect)
[00:00:00 -1603.474050] Model parameter optimization (eps = 3.000000)
[00:00:00 -1599.274362] FAST spr round 1 (radius: 10)
[00:00:00] [worker #5] ML tree search #6, logLikelihood: -1532.357155
[00:00:00 -1536.964063] FAST spr round 2 (radius: 10)
[00:00:00 -1534.018664] FAST spr round 3 (radius: 10)
[00:00:00] [worker #7] ML tree search #16, logLikelihood: -1532.357153
[00:00:00 -1532.755124] FAST spr round 4 (radius: 10)
[00:00:00] [worker #3] ML tree search #12, logLikelihood: -1532.357154
[00:00:00 -1532.755122] Model parameter optimization (eps = 1.000000)
[00:00:00 -1532.358016] SLOW spr round 1 (radius: 5)
[00:00:00] [worker #4] ML tree search #13, logLikelihood: -1532.357155
[00:00:00] [worker #6] ML tree search #15, logLikelihood: -1532.357153
[00:00:00 -1532.357706] SLOW spr round 2 (radius: 10)
[00:00:00] [worker #5] ML tree search #14, logLikelihood: -1532.357153
[00:00:00] [worker #2] ML tree search #11, logLikelihood: -1532.357154
[00:00:00 -1532.357706] SLOW spr round 3 (radius: 15)
[00:00:00 -1532.357706] SLOW spr round 4 (radius: 20)
[00:00:00 -1532.357706] SLOW spr round 5 (radius: 25)
[00:00:00 -1532.357706] Model parameter optimization (eps = 0.100000)

[00:00:00] [worker #0] ML tree search #9, logLikelihood: -1532.357156

[00:00:00 -2220.323965] Initial branch length optimization
[00:00:00 -1589.621666] Model parameter optimization (eps = 10.000000)
[00:00:00 -1538.356929] AUTODETECT spr round 1 (radius: 5)
[00:00:00 -1533.688753] AUTODETECT spr round 2 (radius: 10)
[00:00:00] [worker #3] ML tree search #20, logLikelihood: -1532.357153
[00:00:00 -1533.688680] SPR radius for FAST iterations: 5 (autodetect)
[00:00:00 -1533.688680] Model parameter optimization (eps = 3.000000)
[00:00:00 -1533.683976] FAST spr round 1 (radius: 5)
[00:00:00 -1532.360925] FAST spr round 2 (radius: 5)
[00:00:00 -1532.360917] Model parameter optimization (eps = 1.000000)
[00:00:00 -1532.357159] SLOW spr round 1 (radius: 5)
[00:00:00 -1532.357156] SLOW spr round 2 (radius: 10)
[00:00:00] [worker #2] ML tree search #19, logLikelihood: -1532.357153
[00:00:00 -1532.357156] SLOW spr round 3 (radius: 15)
[00:00:00 -1532.357156] SLOW spr round 4 (radius: 20)
[00:00:00 -1532.357156] SLOW spr round 5 (radius: 25)
[00:00:00 -1532.357156] Model parameter optimization (eps = 0.100000)

[00:00:00] [worker #0] ML tree search #17, logLikelihood: -1532.357153

[00:00:00] [worker #1] ML tree search #10, logLikelihood: -1532.357193
[00:00:00] [worker #1] ML tree search #18, logLikelihood: -1532.357154

Optimized model parameters:

   Partition 0: noname
   Rate heterogeneity: NONE
   Base frequencies (ML): 0.325474 0.151769 0.400678 0.122079 
   Substitution rates (model): 1.000000 1.000000 1.000000 1.000000 1.000000 1.000000 


Final LogLikelihood: -1532.357153

AIC score: 3188.714307 / AICc score: 3247.012814 / BIC score: 3392.272938
Free parameters (model + branch lengths): 62

WARNING: Best ML tree contains 1 near-zero branches!

Best ML tree with collapsed near-zero branches saved to: /home/fili/Documents/KIT/2023/BA/code/output/families/ssim_DL_s20_f100_sites200_GTR_bl1.0_d1.0_l1.0_t0.0_gc0.0_p0.0_pop10_ms0.0_mf0.0_seed121873/families/family_042/misc/raxml_output.F81.raxml.bestTreeCollapsed
Best ML tree saved to: /home/fili/Documents/KIT/2023/BA/code/output/families/ssim_DL_s20_f100_sites200_GTR_bl1.0_d1.0_l1.0_t0.0_gc0.0_p0.0_pop10_ms0.0_mf0.0_seed121873/families/family_042/misc/raxml_output.F81.raxml.bestTree
All ML trees saved to: /home/fili/Documents/KIT/2023/BA/code/output/families/ssim_DL_s20_f100_sites200_GTR_bl1.0_d1.0_l1.0_t0.0_gc0.0_p0.0_pop10_ms0.0_mf0.0_seed121873/families/family_042/misc/raxml_output.F81.raxml.mlTrees
Optimized model saved to: /home/fili/Documents/KIT/2023/BA/code/output/families/ssim_DL_s20_f100_sites200_GTR_bl1.0_d1.0_l1.0_t0.0_gc0.0_p0.0_pop10_ms0.0_mf0.0_seed121873/families/family_042/misc/raxml_output.F81.raxml.bestModel

Execution log saved to: /home/fili/Documents/KIT/2023/BA/code/output/families/ssim_DL_s20_f100_sites200_GTR_bl1.0_d1.0_l1.0_t0.0_gc0.0_p0.0_pop10_ms0.0_mf0.0_seed121873/families/family_042/misc/raxml_output.F81.raxml.log

Analysis started: 27-Jun-2023 13:41:44 / finished: 27-Jun-2023 13:41:45

Elapsed time: 0.539 seconds

