
RAxML-NG v. 1.1.0 released on 29.11.2021 by The Exelixis Lab.
Developed by: Alexey M. Kozlov and Alexandros Stamatakis.
Contributors: Diego Darriba, Tomas Flouri, Benoit Morel, Sarah Lutteropp, Ben Bettisworth.
Latest version: https://github.com/amkozlov/raxml-ng
Questions/problems/suggestions? Please visit: https://groups.google.com/forum/#!forum/raxml

System: AMD Ryzen 7 5800X 8-Core Processor, 8 cores, 31 GB RAM

RAxML-NG was called at 16-Jun-2023 09:59:06 as follows:

/home/fili/Documents/KIT/2023/BA/resources/tools/RAxML-NG/raxml-ng --msa /home/fili/Documents/KIT/2023/BA/code/output/families/ssim_NE_s20_f100_sites200_GTR_bl1.0_d0.0_l0.0_t0.0_gc0.0_p0.0_pop10_ms0.0_mf0.0_seed1007/families/family_084/alignment.msa --model F81 --prefix /home/fili/Documents/KIT/2023/BA/code/output/families/ssim_NE_s20_f100_sites200_GTR_bl1.0_d0.0_l0.0_t0.0_gc0.0_p0.0_pop10_ms0.0_mf0.0_seed1007/families/family_084/misc/raxml_output.F81

Analysis options:
  run mode: ML tree search
  start tree(s): random (10) + parsimony (10)
  random seed: 1686902346
  tip-inner: OFF
  pattern compression: ON
  per-rate scalers: OFF
  site repeats: ON
  fast spr radius: AUTO
  spr subtree cutoff: 1.000000
  branch lengths: proportional (ML estimate, algorithm: NR-FAST)
  SIMD kernels: AVX2
  parallelization: coarse-grained (auto), PTHREADS (auto)

[00:00:00] Reading alignment from file: /home/fili/Documents/KIT/2023/BA/code/output/families/ssim_NE_s20_f100_sites200_GTR_bl1.0_d0.0_l0.0_t0.0_gc0.0_p0.0_pop10_ms0.0_mf0.0_seed1007/families/family_084/alignment.msa
[00:00:00] Loaded alignment with 20 taxa and 167 sites

WARNING: Sequences 2_0_0 and 8_0_0 are exactly identical!
WARNING: Sequences 11_0_0 and 7_0_0 are exactly identical!
WARNING: Sequences 19_0_0 and 20_0_0 are exactly identical!
WARNING: Sequences 14_0_0 and 18_0_0 are exactly identical!
WARNING: Duplicate sequences found: 4

NOTE: Reduced alignment (with duplicates and gap-only sites/taxa removed) 
NOTE: was saved to: /home/fili/Documents/KIT/2023/BA/code/output/families/ssim_NE_s20_f100_sites200_GTR_bl1.0_d0.0_l0.0_t0.0_gc0.0_p0.0_pop10_ms0.0_mf0.0_seed1007/families/family_084/misc/raxml_output.F81.raxml.reduced.phy

Alignment comprises 1 partitions and 78 patterns

Partition 0: noname
Model: F81+FO
Alignment sites / patterns: 167 / 78
Gaps: 0.00 %
Invariant sites: 46.71 %


NOTE: Binary MSA file created: /home/fili/Documents/KIT/2023/BA/code/output/families/ssim_NE_s20_f100_sites200_GTR_bl1.0_d0.0_l0.0_t0.0_gc0.0_p0.0_pop10_ms0.0_mf0.0_seed1007/families/family_084/misc/raxml_output.F81.raxml.rba

Parallelization scheme autoconfig: 8 worker(s) x 1 thread(s)

Parallel reduction/worker buffer size: 1 KB  / 0 KB

[00:00:00] Generating 10 random starting tree(s) with 20 taxa
[00:00:00] Generating 10 parsimony starting tree(s) with 20 taxa
[00:00:00] Data distribution: max. partitions/sites/weight per thread: 1 / 78 / 312
[00:00:00] Data distribution: max. searches per worker: 3

Starting ML tree search with 20 distinct starting trees

[00:00:00 -1960.715987] Initial branch length optimization
[00:00:00 -1622.427618] Model parameter optimization (eps = 10.000000)
[00:00:00 -1557.372193] AUTODETECT spr round 1 (radius: 5)
[00:00:00 -1057.166239] AUTODETECT spr round 2 (radius: 10)
[00:00:00 -1018.565652] AUTODETECT spr round 3 (radius: 15)
[00:00:00 -1018.565383] SPR radius for FAST iterations: 10 (autodetect)
[00:00:00 -1018.565383] Model parameter optimization (eps = 3.000000)
[00:00:00 -1017.405614] FAST spr round 1 (radius: 10)
[00:00:00 -929.707388] FAST spr round 2 (radius: 10)
[00:00:00 -929.575857] FAST spr round 3 (radius: 10)
[00:00:00 -929.279612] FAST spr round 4 (radius: 10)
[00:00:00 -929.073895] FAST spr round 5 (radius: 10)
[00:00:00] [worker #7] ML tree search #8, logLikelihood: -928.363778
[00:00:00] [worker #3] ML tree search #4, logLikelihood: -928.363777
[00:00:00 -928.733901] FAST spr round 6 (radius: 10)
[00:00:00] [worker #2] ML tree search #3, logLikelihood: -928.363777
[00:00:00] [worker #6] ML tree search #7, logLikelihood: -928.363776
[00:00:00] [worker #5] ML tree search #6, logLikelihood: -928.363776
[00:00:00] [worker #4] ML tree search #5, logLikelihood: -928.363777
[00:00:00 -928.733881] Model parameter optimization (eps = 1.000000)
[00:00:00 -928.364274] SLOW spr round 1 (radius: 5)
[00:00:00] [worker #7] ML tree search #16, logLikelihood: -928.363777
[00:00:00 -928.364099] SLOW spr round 2 (radius: 10)
[00:00:00] [worker #3] ML tree search #12, logLikelihood: -928.363776
[00:00:00] [worker #6] ML tree search #15, logLikelihood: -928.363776
[00:00:00] [worker #5] ML tree search #14, logLikelihood: -928.363777
[00:00:00] [worker #1] ML tree search #2, logLikelihood: -928.363779
[00:00:00] [worker #4] ML tree search #13, logLikelihood: -928.363777
[00:00:00 -928.364099] SLOW spr round 3 (radius: 15)
[00:00:00 -928.364099] SLOW spr round 4 (radius: 20)
[00:00:00 -928.364099] Model parameter optimization (eps = 0.100000)

[00:00:00] [worker #0] ML tree search #1, logLikelihood: -928.363778

[00:00:00 -2022.221469] Initial branch length optimization
[00:00:00 -1753.322959] Model parameter optimization (eps = 10.000000)
[00:00:00 -1680.922549] AUTODETECT spr round 1 (radius: 5)
[00:00:00] [worker #2] ML tree search #11, logLikelihood: -928.363776
[00:00:00 -947.572335] AUTODETECT spr round 2 (radius: 10)
[00:00:00 -947.571786] SPR radius for FAST iterations: 5 (autodetect)
[00:00:00 -947.571786] Model parameter optimization (eps = 3.000000)
[00:00:00 -945.037791] FAST spr round 1 (radius: 5)
[00:00:00 -928.785046] FAST spr round 2 (radius: 5)
[00:00:00] [worker #3] ML tree search #20, logLikelihood: -928.363777
[00:00:00 -928.435379] FAST spr round 3 (radius: 5)
[00:00:00 -928.435377] Model parameter optimization (eps = 1.000000)
[00:00:00 -928.363814] SLOW spr round 1 (radius: 5)
[00:00:00 -928.363798] SLOW spr round 2 (radius: 10)
[00:00:00 -928.363798] SLOW spr round 3 (radius: 15)
[00:00:00 -928.363798] SLOW spr round 4 (radius: 20)
[00:00:00 -928.363798] Model parameter optimization (eps = 0.100000)

[00:00:00] [worker #0] ML tree search #9, logLikelihood: -928.363777

[00:00:00] [worker #1] ML tree search #10, logLikelihood: -928.363779
[00:00:00 -1305.917366] Initial branch length optimization
[00:00:00 -952.572348] Model parameter optimization (eps = 10.000000)
[00:00:00 -929.362821] AUTODETECT spr round 1 (radius: 5)
[00:00:00 -928.641809] AUTODETECT spr round 2 (radius: 10)
[00:00:00] [worker #2] ML tree search #19, logLikelihood: -928.363789
[00:00:00 -928.641798] SPR radius for FAST iterations: 5 (autodetect)
[00:00:00 -928.641798] Model parameter optimization (eps = 3.000000)
[00:00:00 -928.640779] FAST spr round 1 (radius: 5)
[00:00:00 -928.370343] FAST spr round 2 (radius: 5)
[00:00:00 -928.370339] Model parameter optimization (eps = 1.000000)
[00:00:00 -928.363779] SLOW spr round 1 (radius: 5)
[00:00:00 -928.363777] SLOW spr round 2 (radius: 10)
[00:00:00 -928.363777] SLOW spr round 3 (radius: 15)
[00:00:00 -928.363777] SLOW spr round 4 (radius: 20)
[00:00:00 -928.363777] Model parameter optimization (eps = 0.100000)

[00:00:00] [worker #0] ML tree search #17, logLikelihood: -928.363777

[00:00:00] [worker #1] ML tree search #18, logLikelihood: -928.363778

Optimized model parameters:

   Partition 0: noname
   Rate heterogeneity: NONE
   Base frequencies (ML): 0.331699 0.149272 0.359106 0.159923 
   Substitution rates (model): 1.000000 1.000000 1.000000 1.000000 1.000000 1.000000 


Final LogLikelihood: -928.363776

AIC score: 1936.727553 / AICc score: 1962.759299 / BIC score: 2061.447305
Free parameters (model + branch lengths): 40

WARNING: Best ML tree contains 1 near-zero branches!

Best ML tree with collapsed near-zero branches saved to: /home/fili/Documents/KIT/2023/BA/code/output/families/ssim_NE_s20_f100_sites200_GTR_bl1.0_d0.0_l0.0_t0.0_gc0.0_p0.0_pop10_ms0.0_mf0.0_seed1007/families/family_084/misc/raxml_output.F81.raxml.bestTreeCollapsed
Best ML tree saved to: /home/fili/Documents/KIT/2023/BA/code/output/families/ssim_NE_s20_f100_sites200_GTR_bl1.0_d0.0_l0.0_t0.0_gc0.0_p0.0_pop10_ms0.0_mf0.0_seed1007/families/family_084/misc/raxml_output.F81.raxml.bestTree
All ML trees saved to: /home/fili/Documents/KIT/2023/BA/code/output/families/ssim_NE_s20_f100_sites200_GTR_bl1.0_d0.0_l0.0_t0.0_gc0.0_p0.0_pop10_ms0.0_mf0.0_seed1007/families/family_084/misc/raxml_output.F81.raxml.mlTrees
Optimized model saved to: /home/fili/Documents/KIT/2023/BA/code/output/families/ssim_NE_s20_f100_sites200_GTR_bl1.0_d0.0_l0.0_t0.0_gc0.0_p0.0_pop10_ms0.0_mf0.0_seed1007/families/family_084/misc/raxml_output.F81.raxml.bestModel

Execution log saved to: /home/fili/Documents/KIT/2023/BA/code/output/families/ssim_NE_s20_f100_sites200_GTR_bl1.0_d0.0_l0.0_t0.0_gc0.0_p0.0_pop10_ms0.0_mf0.0_seed1007/families/family_084/misc/raxml_output.F81.raxml.log

Analysis started: 16-Jun-2023 09:59:06 / finished: 16-Jun-2023 09:59:06

Elapsed time: 0.250 seconds

