
RAxML-NG v. 1.1.0 released on 29.11.2021 by The Exelixis Lab.
Developed by: Alexey M. Kozlov and Alexandros Stamatakis.
Contributors: Diego Darriba, Tomas Flouri, Benoit Morel, Sarah Lutteropp, Ben Bettisworth.
Latest version: https://github.com/amkozlov/raxml-ng
Questions/problems/suggestions? Please visit: https://groups.google.com/forum/#!forum/raxml

System: AMD Ryzen 7 5800X 8-Core Processor, 8 cores, 31 GB RAM

RAxML-NG was called at 16-Jun-2023 09:59:02 as follows:

/home/fili/Documents/KIT/2023/BA/resources/tools/RAxML-NG/raxml-ng --msa /home/fili/Documents/KIT/2023/BA/code/output/families/ssim_NE_s20_f100_sites200_GTR_bl1.0_d0.0_l0.0_t0.0_gc0.0_p0.0_pop10_ms0.0_mf0.0_seed1007/families/family_044/alignment.msa --model F81 --prefix /home/fili/Documents/KIT/2023/BA/code/output/families/ssim_NE_s20_f100_sites200_GTR_bl1.0_d0.0_l0.0_t0.0_gc0.0_p0.0_pop10_ms0.0_mf0.0_seed1007/families/family_044/misc/raxml_output.F81

Analysis options:
  run mode: ML tree search
  start tree(s): random (10) + parsimony (10)
  random seed: 1686902342
  tip-inner: OFF
  pattern compression: ON
  per-rate scalers: OFF
  site repeats: ON
  fast spr radius: AUTO
  spr subtree cutoff: 1.000000
  branch lengths: proportional (ML estimate, algorithm: NR-FAST)
  SIMD kernels: AVX2
  parallelization: coarse-grained (auto), PTHREADS (auto)

[00:00:00] Reading alignment from file: /home/fili/Documents/KIT/2023/BA/code/output/families/ssim_NE_s20_f100_sites200_GTR_bl1.0_d0.0_l0.0_t0.0_gc0.0_p0.0_pop10_ms0.0_mf0.0_seed1007/families/family_044/alignment.msa
[00:00:00] Loaded alignment with 20 taxa and 280 sites

WARNING: Sequences 20_0_0 and 12_0_0 are exactly identical!
WARNING: Sequences 20_0_0 and 19_0_0 are exactly identical!
WARNING: Duplicate sequences found: 2

NOTE: Reduced alignment (with duplicates and gap-only sites/taxa removed) 
NOTE: was saved to: /home/fili/Documents/KIT/2023/BA/code/output/families/ssim_NE_s20_f100_sites200_GTR_bl1.0_d0.0_l0.0_t0.0_gc0.0_p0.0_pop10_ms0.0_mf0.0_seed1007/families/family_044/misc/raxml_output.F81.raxml.reduced.phy

Alignment comprises 1 partitions and 92 patterns

Partition 0: noname
Model: F81+FO
Alignment sites / patterns: 280 / 92
Gaps: 0.00 %
Invariant sites: 62.14 %


NOTE: Binary MSA file created: /home/fili/Documents/KIT/2023/BA/code/output/families/ssim_NE_s20_f100_sites200_GTR_bl1.0_d0.0_l0.0_t0.0_gc0.0_p0.0_pop10_ms0.0_mf0.0_seed1007/families/family_044/misc/raxml_output.F81.raxml.rba

Parallelization scheme autoconfig: 8 worker(s) x 1 thread(s)

Parallel reduction/worker buffer size: 1 KB  / 0 KB

[00:00:00] Generating 10 random starting tree(s) with 20 taxa
[00:00:00] Generating 10 parsimony starting tree(s) with 20 taxa
[00:00:00] Data distribution: max. partitions/sites/weight per thread: 1 / 92 / 368
[00:00:00] Data distribution: max. searches per worker: 3

Starting ML tree search with 20 distinct starting trees

[00:00:00 -3008.337128] Initial branch length optimization
[00:00:00 -2648.242816] Model parameter optimization (eps = 10.000000)
[00:00:00 -2610.538209] AUTODETECT spr round 1 (radius: 5)
[00:00:00 -1507.294556] AUTODETECT spr round 2 (radius: 10)
[00:00:00 -1507.293909] SPR radius for FAST iterations: 5 (autodetect)
[00:00:00 -1507.293909] Model parameter optimization (eps = 3.000000)
[00:00:00 -1505.832803] FAST spr round 1 (radius: 5)
[00:00:00 -1496.760093] FAST spr round 2 (radius: 5)
[00:00:00 -1496.760092] Model parameter optimization (eps = 1.000000)
[00:00:00 -1496.747866] SLOW spr round 1 (radius: 5)
[00:00:00 -1496.747864] SLOW spr round 2 (radius: 10)
[00:00:00 -1496.747864] SLOW spr round 3 (radius: 15)
[00:00:00] [worker #1] ML tree search #2, logLikelihood: -1496.747863
[00:00:00 -1496.747864] SLOW spr round 4 (radius: 20)
[00:00:00 -1496.747864] Model parameter optimization (eps = 0.100000)

[00:00:00] [worker #0] ML tree search #1, logLikelihood: -1496.747863

[00:00:00 -3035.153952] Initial branch length optimization
[00:00:00 -2627.133374] Model parameter optimization (eps = 10.000000)
[00:00:00] [worker #6] ML tree search #7, logLikelihood: -1496.542485
[00:00:00 -2585.679907] AUTODETECT spr round 1 (radius: 5)
[00:00:00] [worker #4] ML tree search #5, logLikelihood: -1496.542484
[00:00:00] [worker #5] ML tree search #6, logLikelihood: -1496.542484
[00:00:00 -1517.743820] AUTODETECT spr round 2 (radius: 10)
[00:00:00] [worker #3] ML tree search #4, logLikelihood: -1496.747864
[00:00:00] [worker #2] ML tree search #3, logLikelihood: -1496.542484
[00:00:00 -1517.743595] SPR radius for FAST iterations: 5 (autodetect)
[00:00:00 -1517.743595] Model parameter optimization (eps = 3.000000)
[00:00:00 -1516.390929] FAST spr round 1 (radius: 5)
[00:00:00] [worker #7] ML tree search #8, logLikelihood: -1496.542484
[00:00:00 -1501.502168] FAST spr round 2 (radius: 5)
[00:00:00 -1498.432385] FAST spr round 3 (radius: 5)
[00:00:00 -1496.775689] FAST spr round 4 (radius: 5)
[00:00:00 -1496.775689] Model parameter optimization (eps = 1.000000)
[00:00:00 -1496.747869] SLOW spr round 1 (radius: 5)
[00:00:00] [worker #1] ML tree search #10, logLikelihood: -1496.747863
[00:00:00 -1496.747867] SLOW spr round 2 (radius: 10)
[00:00:00] [worker #2] ML tree search #11, logLikelihood: -1496.542484
[00:00:00] [worker #4] ML tree search #13, logLikelihood: -1496.542484
[00:00:00] [worker #6] ML tree search #15, logLikelihood: -1496.747874
[00:00:00 -1496.747867] SLOW spr round 3 (radius: 15)
[00:00:00] [worker #5] ML tree search #14, logLikelihood: -1496.747875
[00:00:00 -1496.747867] SLOW spr round 4 (radius: 20)
[00:00:00 -1496.747867] Model parameter optimization (eps = 0.100000)

[00:00:00] [worker #0] ML tree search #9, logLikelihood: -1496.747864

[00:00:00 -2097.095567] Initial branch length optimization
[00:00:00 -1517.344286] Model parameter optimization (eps = 10.000000)
[00:00:00 -1500.315321] AUTODETECT spr round 1 (radius: 5)
[00:00:00] [worker #3] ML tree search #12, logLikelihood: -1496.747873
[00:00:00 -1498.499155] AUTODETECT spr round 2 (radius: 10)
[00:00:00] [worker #7] ML tree search #16, logLikelihood: -1496.542485
[00:00:00 -1498.499136] SPR radius for FAST iterations: 5 (autodetect)
[00:00:00 -1498.499136] Model parameter optimization (eps = 3.000000)
[00:00:00 -1498.436683] FAST spr round 1 (radius: 5)
[00:00:00 -1498.398418] Model parameter optimization (eps = 1.000000)
[00:00:00 -1498.397942] SLOW spr round 1 (radius: 5)
[00:00:00] [worker #1] ML tree search #18, logLikelihood: -1496.542484
[00:00:00 -1496.786083] SLOW spr round 2 (radius: 5)
[00:00:00] [worker #2] ML tree search #19, logLikelihood: -1496.747863
[00:00:00 -1496.786082] SLOW spr round 3 (radius: 10)
[00:00:00] [worker #3] ML tree search #20, logLikelihood: -1496.542484
[00:00:00 -1496.786082] SLOW spr round 4 (radius: 15)
[00:00:00 -1496.786082] SLOW spr round 5 (radius: 20)
[00:00:00 -1496.786082] Model parameter optimization (eps = 0.100000)

[00:00:00] [worker #0] ML tree search #17, logLikelihood: -1496.747875


Optimized model parameters:

   Partition 0: noname
   Rate heterogeneity: NONE
   Base frequencies (ML): 0.301473 0.160656 0.314957 0.222914 
   Substitution rates (model): 1.000000 1.000000 1.000000 1.000000 1.000000 1.000000 


Final LogLikelihood: -1496.542484

AIC score: 3073.084967 / AICc score: 3086.808817 / BIC score: 3218.476551
Free parameters (model + branch lengths): 40

WARNING: Best ML tree contains 1 near-zero branches!

Best ML tree with collapsed near-zero branches saved to: /home/fili/Documents/KIT/2023/BA/code/output/families/ssim_NE_s20_f100_sites200_GTR_bl1.0_d0.0_l0.0_t0.0_gc0.0_p0.0_pop10_ms0.0_mf0.0_seed1007/families/family_044/misc/raxml_output.F81.raxml.bestTreeCollapsed
Best ML tree saved to: /home/fili/Documents/KIT/2023/BA/code/output/families/ssim_NE_s20_f100_sites200_GTR_bl1.0_d0.0_l0.0_t0.0_gc0.0_p0.0_pop10_ms0.0_mf0.0_seed1007/families/family_044/misc/raxml_output.F81.raxml.bestTree
All ML trees saved to: /home/fili/Documents/KIT/2023/BA/code/output/families/ssim_NE_s20_f100_sites200_GTR_bl1.0_d0.0_l0.0_t0.0_gc0.0_p0.0_pop10_ms0.0_mf0.0_seed1007/families/family_044/misc/raxml_output.F81.raxml.mlTrees
Optimized model saved to: /home/fili/Documents/KIT/2023/BA/code/output/families/ssim_NE_s20_f100_sites200_GTR_bl1.0_d0.0_l0.0_t0.0_gc0.0_p0.0_pop10_ms0.0_mf0.0_seed1007/families/family_044/misc/raxml_output.F81.raxml.bestModel

Execution log saved to: /home/fili/Documents/KIT/2023/BA/code/output/families/ssim_NE_s20_f100_sites200_GTR_bl1.0_d0.0_l0.0_t0.0_gc0.0_p0.0_pop10_ms0.0_mf0.0_seed1007/families/family_044/misc/raxml_output.F81.raxml.log

Analysis started: 16-Jun-2023 09:59:02 / finished: 16-Jun-2023 09:59:02

Elapsed time: 0.205 seconds

