
RAxML-NG v. 1.1.0 released on 29.11.2021 by The Exelixis Lab.
Developed by: Alexey M. Kozlov and Alexandros Stamatakis.
Contributors: Diego Darriba, Tomas Flouri, Benoit Morel, Sarah Lutteropp, Ben Bettisworth.
Latest version: https://github.com/amkozlov/raxml-ng
Questions/problems/suggestions? Please visit: https://groups.google.com/forum/#!forum/raxml

System: AMD Ryzen 7 5800X 8-Core Processor, 8 cores, 31 GB RAM

RAxML-NG was called at 12-Jun-2023 12:41:25 as follows:

/home/fili/Documents/KIT/2023/BA/resources/tools/RAxML-NG/raxml-ng --msa /home/fili/Documents/KIT/2023/BA/code/output/families/ssim_dtl_s20_f100_sites200_GTR_bl1.0_d0.0_l0.0_t1.0_gc0.0_p0.0_pop10_ms0.0_mf0.0_seed42/families/family_020/alignment.msa --model GTR+G --prefix /home/fili/Documents/KIT/2023/BA/code/output/families/ssim_dtl_s20_f100_sites200_GTR_bl1.0_d0.0_l0.0_t1.0_gc0.0_p0.0_pop10_ms0.0_mf0.0_seed42/families/family_020/misc/raxml_output.GTR+G

Analysis options:
  run mode: ML tree search
  start tree(s): random (10) + parsimony (10)
  random seed: 1686566485
  tip-inner: OFF
  pattern compression: ON
  per-rate scalers: OFF
  site repeats: ON
  fast spr radius: AUTO
  spr subtree cutoff: 1.000000
  branch lengths: proportional (ML estimate, algorithm: NR-FAST)
  SIMD kernels: AVX2
  parallelization: coarse-grained (auto), PTHREADS (auto)

[00:00:00] Reading alignment from file: /home/fili/Documents/KIT/2023/BA/code/output/families/ssim_dtl_s20_f100_sites200_GTR_bl1.0_d0.0_l0.0_t1.0_gc0.0_p0.0_pop10_ms0.0_mf0.0_seed42/families/family_020/alignment.msa
[00:00:00] Loaded alignment with 20 taxa and 104 sites

WARNING: Sequences 13_0_0 and 9_0_0 are exactly identical!
WARNING: Sequences 11_0_0 and 17_0_0 are exactly identical!
WARNING: Sequences 3_0_0 and 1_0_0 are exactly identical!
WARNING: Duplicate sequences found: 3

NOTE: Reduced alignment (with duplicates and gap-only sites/taxa removed) 
NOTE: was saved to: /home/fili/Documents/KIT/2023/BA/code/output/families/ssim_dtl_s20_f100_sites200_GTR_bl1.0_d0.0_l0.0_t1.0_gc0.0_p0.0_pop10_ms0.0_mf0.0_seed42/families/family_020/misc/raxml_output.GTR+G.raxml.reduced.phy

Alignment comprises 1 partitions and 68 patterns

Partition 0: noname
Model: GTR+FO+G4m
Alignment sites / patterns: 104 / 68
Gaps: 0.00 %
Invariant sites: 32.69 %


NOTE: Binary MSA file created: /home/fili/Documents/KIT/2023/BA/code/output/families/ssim_dtl_s20_f100_sites200_GTR_bl1.0_d0.0_l0.0_t1.0_gc0.0_p0.0_pop10_ms0.0_mf0.0_seed42/families/family_020/misc/raxml_output.GTR+G.raxml.rba

Parallelization scheme autoconfig: 8 worker(s) x 1 thread(s)

Parallel reduction/worker buffer size: 1 KB  / 0 KB

[00:00:00] Generating 10 random starting tree(s) with 20 taxa
[00:00:00] Generating 10 parsimony starting tree(s) with 20 taxa
[00:00:00] Data distribution: max. partitions/sites/weight per thread: 1 / 68 / 1088
[00:00:00] Data distribution: max. searches per worker: 3

Starting ML tree search with 20 distinct starting trees

[00:00:00 -1448.972144] Initial branch length optimization
[00:00:00 -1266.487962] Model parameter optimization (eps = 10.000000)
[00:00:00 -965.998031] AUTODETECT spr round 1 (radius: 5)
[00:00:00 -646.592207] AUTODETECT spr round 2 (radius: 10)
[00:00:00 -642.458781] AUTODETECT spr round 3 (radius: 15)
[00:00:00 -642.455881] SPR radius for FAST iterations: 10 (autodetect)
[00:00:00 -642.455881] Model parameter optimization (eps = 3.000000)
[00:00:00 -632.887116] FAST spr round 1 (radius: 10)
[00:00:00 -613.651307] FAST spr round 2 (radius: 10)
[00:00:00 -613.651304] Model parameter optimization (eps = 1.000000)
[00:00:00 -612.814595] SLOW spr round 1 (radius: 5)
[00:00:00] [worker #2] ML tree search #3, logLikelihood: -612.516884
[00:00:00 -612.810749] SLOW spr round 2 (radius: 10)
[00:00:00] [worker #5] ML tree search #6, logLikelihood: -612.515578
[00:00:00 -612.810746] SLOW spr round 3 (radius: 15)
[00:00:00 -612.810746] SLOW spr round 4 (radius: 20)
[00:00:00 -612.810746] Model parameter optimization (eps = 0.100000)
[00:00:00] [worker #1] ML tree search #2, logLikelihood: -612.532493
[00:00:00] [worker #4] ML tree search #5, logLikelihood: -612.518861
[00:00:00] [worker #3] ML tree search #4, logLikelihood: -612.528027
[00:00:00] [worker #6] ML tree search #7, logLikelihood: -612.513670
[00:00:00] [worker #7] ML tree search #8, logLikelihood: -612.517900

[00:00:00] [worker #0] ML tree search #1, logLikelihood: -612.553431

[00:00:00 -1445.797924] Initial branch length optimization
[00:00:00 -1250.148994] Model parameter optimization (eps = 10.000000)
[00:00:00 -960.380810] AUTODETECT spr round 1 (radius: 5)
[00:00:00] [worker #2] ML tree search #11, logLikelihood: -612.495762
[00:00:00 -633.463875] AUTODETECT spr round 2 (radius: 10)
[00:00:00 -633.456394] SPR radius for FAST iterations: 5 (autodetect)
[00:00:00] [worker #5] ML tree search #14, logLikelihood: -612.491641
[00:00:00 -633.456394] Model parameter optimization (eps = 3.000000)
[00:00:00 -619.870162] FAST spr round 1 (radius: 5)
[00:00:00 -613.259016] FAST spr round 2 (radius: 5)
[00:00:00] [worker #4] ML tree search #13, logLikelihood: -612.490903
[00:00:00] [worker #6] ML tree search #15, logLikelihood: -612.491939
[00:00:00] [worker #3] ML tree search #12, logLikelihood: -612.489670
[00:00:00 -613.259003] Model parameter optimization (eps = 1.000000)
[00:00:00] [worker #1] ML tree search #10, logLikelihood: -612.528872
[00:00:00 -612.726719] SLOW spr round 1 (radius: 5)
[00:00:00] [worker #2] ML tree search #19, logLikelihood: -612.490243
[00:00:00] [worker #7] ML tree search #16, logLikelihood: -612.491243
[00:00:00 -612.724106] SLOW spr round 2 (radius: 10)
[00:00:00 -612.724103] SLOW spr round 3 (radius: 15)
[00:00:00 -612.724103] SLOW spr round 4 (radius: 20)
[00:00:00 -612.724103] Model parameter optimization (eps = 0.100000)
[00:00:00] [worker #3] ML tree search #20, logLikelihood: -612.489287

[00:00:00] [worker #0] ML tree search #9, logLikelihood: -612.521777

[00:00:00 -896.711861] Initial branch length optimization
[00:00:00 -764.782095] Model parameter optimization (eps = 10.000000)
[00:00:00] [worker #1] ML tree search #18, logLikelihood: -612.490825
[00:00:00 -614.483808] AUTODETECT spr round 1 (radius: 5)
[00:00:00 -612.820760] AUTODETECT spr round 2 (radius: 10)
[00:00:00 -612.817291] SPR radius for FAST iterations: 5 (autodetect)
[00:00:00 -612.817291] Model parameter optimization (eps = 3.000000)
[00:00:00 -612.546633] FAST spr round 1 (radius: 5)
[00:00:00 -612.545639] Model parameter optimization (eps = 1.000000)
[00:00:00 -612.501854] SLOW spr round 1 (radius: 5)
[00:00:00 -612.501707] SLOW spr round 2 (radius: 10)
[00:00:00 -612.501707] SLOW spr round 3 (radius: 15)
[00:00:00 -612.501707] SLOW spr round 4 (radius: 20)
[00:00:00 -612.501707] Model parameter optimization (eps = 0.100000)

[00:00:00] [worker #0] ML tree search #17, logLikelihood: -612.491154


Optimized model parameters:

   Partition 0: noname
   Rate heterogeneity: GAMMA (4 cats, mean),  alpha: 3.135784 (ML),  weights&rates: (0.250000,0.399501) (0.250000,0.738779) (0.250000,1.083109) (0.250000,1.778611) 
   Base frequencies (ML): 0.257768 0.112539 0.294868 0.334825 
   Substitution rates (ML): 0.001000 16.971942 0.001000 0.454630 2.633298 1.000000 


Final LogLikelihood: -612.489287

AIC score: 1316.978574 / AICc score: 1392.838223 / BIC score: 1438.620555
Free parameters (model + branch lengths): 46

WARNING: Best ML tree contains 4 near-zero branches!

Best ML tree with collapsed near-zero branches saved to: /home/fili/Documents/KIT/2023/BA/code/output/families/ssim_dtl_s20_f100_sites200_GTR_bl1.0_d0.0_l0.0_t1.0_gc0.0_p0.0_pop10_ms0.0_mf0.0_seed42/families/family_020/misc/raxml_output.GTR+G.raxml.bestTreeCollapsed
Best ML tree saved to: /home/fili/Documents/KIT/2023/BA/code/output/families/ssim_dtl_s20_f100_sites200_GTR_bl1.0_d0.0_l0.0_t1.0_gc0.0_p0.0_pop10_ms0.0_mf0.0_seed42/families/family_020/misc/raxml_output.GTR+G.raxml.bestTree
All ML trees saved to: /home/fili/Documents/KIT/2023/BA/code/output/families/ssim_dtl_s20_f100_sites200_GTR_bl1.0_d0.0_l0.0_t1.0_gc0.0_p0.0_pop10_ms0.0_mf0.0_seed42/families/family_020/misc/raxml_output.GTR+G.raxml.mlTrees
Optimized model saved to: /home/fili/Documents/KIT/2023/BA/code/output/families/ssim_dtl_s20_f100_sites200_GTR_bl1.0_d0.0_l0.0_t1.0_gc0.0_p0.0_pop10_ms0.0_mf0.0_seed42/families/family_020/misc/raxml_output.GTR+G.raxml.bestModel

Execution log saved to: /home/fili/Documents/KIT/2023/BA/code/output/families/ssim_dtl_s20_f100_sites200_GTR_bl1.0_d0.0_l0.0_t1.0_gc0.0_p0.0_pop10_ms0.0_mf0.0_seed42/families/family_020/misc/raxml_output.GTR+G.raxml.log

Analysis started: 12-Jun-2023 12:41:25 / finished: 12-Jun-2023 12:41:26

Elapsed time: 0.515 seconds

