
RAxML-NG v. 1.1.0 released on 29.11.2021 by The Exelixis Lab.
Developed by: Alexey M. Kozlov and Alexandros Stamatakis.
Contributors: Diego Darriba, Tomas Flouri, Benoit Morel, Sarah Lutteropp, Ben Bettisworth.
Latest version: https://github.com/amkozlov/raxml-ng
Questions/problems/suggestions? Please visit: https://groups.google.com/forum/#!forum/raxml

System: AMD Ryzen 7 5800X 8-Core Processor, 8 cores, 31 GB RAM

RAxML-NG was called at 27-Jun-2023 13:03:56 as follows:

/home/fili/Documents/KIT/2023/BA/resources/tools/RAxML-NG/raxml-ng --msa /home/fili/Documents/KIT/2023/BA/code/output/families/ssim_DL_s20_f100_sites200_GTR_bl1.0_d1.0_l1.0_t0.0_gc0.0_p0.0_pop10_ms0.0_mf0.0_seed19732311/families/family_084/alignment.msa --model F81 --prefix /home/fili/Documents/KIT/2023/BA/code/output/families/ssim_DL_s20_f100_sites200_GTR_bl1.0_d1.0_l1.0_t0.0_gc0.0_p0.0_pop10_ms0.0_mf0.0_seed19732311/families/family_084/misc/raxml_output.F81

Analysis options:
  run mode: ML tree search
  start tree(s): random (10) + parsimony (10)
  random seed: 1687863836
  tip-inner: OFF
  pattern compression: ON
  per-rate scalers: OFF
  site repeats: ON
  fast spr radius: AUTO
  spr subtree cutoff: 1.000000
  branch lengths: proportional (ML estimate, algorithm: NR-FAST)
  SIMD kernels: AVX2
  parallelization: coarse-grained (auto), PTHREADS (auto)

[00:00:00] Reading alignment from file: /home/fili/Documents/KIT/2023/BA/code/output/families/ssim_DL_s20_f100_sites200_GTR_bl1.0_d1.0_l1.0_t0.0_gc0.0_p0.0_pop10_ms0.0_mf0.0_seed19732311/families/family_084/alignment.msa
[00:00:00] Loaded alignment with 8 taxa and 296 sites

Alignment comprises 1 partitions and 33 patterns

Partition 0: noname
Model: F81+FO
Alignment sites / patterns: 296 / 33
Gaps: 0.00 %
Invariant sites: 84.12 %


NOTE: Binary MSA file created: /home/fili/Documents/KIT/2023/BA/code/output/families/ssim_DL_s20_f100_sites200_GTR_bl1.0_d1.0_l1.0_t0.0_gc0.0_p0.0_pop10_ms0.0_mf0.0_seed19732311/families/family_084/misc/raxml_output.F81.raxml.rba

Parallelization scheme autoconfig: 8 worker(s) x 1 thread(s)

Parallel reduction/worker buffer size: 1 KB  / 0 KB

[00:00:00] Generating 10 random starting tree(s) with 8 taxa
[00:00:00] Generating 10 parsimony starting tree(s) with 8 taxa
[00:00:00] Data distribution: max. partitions/sites/weight per thread: 1 / 33 / 132
[00:00:00] Data distribution: max. searches per worker: 3

Starting ML tree search with 20 distinct starting trees

[00:00:00 -1061.445737] Initial branch length optimization
[00:00:00 -860.416414] Model parameter optimization (eps = 10.000000)
[00:00:00 -852.375837] AUTODETECT spr round 1 (radius: 5)
[00:00:00 -711.233481] SPR radius for FAST iterations: 5 (autodetect)
[00:00:00 -711.233481] Model parameter optimization (eps = 3.000000)
[00:00:00 -710.976720] FAST spr round 1 (radius: 5)
[00:00:00 -710.022100] FAST spr round 2 (radius: 5)
[00:00:00 -710.022100] Model parameter optimization (eps = 1.000000)
[00:00:00 -710.017738] SLOW spr round 1 (radius: 5)
[00:00:00] [worker #7] ML tree search #8, logLikelihood: -710.017738
[00:00:00] [worker #5] ML tree search #6, logLikelihood: -710.017737
[00:00:00] [worker #3] ML tree search #4, logLikelihood: -710.017737
[00:00:00] [worker #2] ML tree search #3, logLikelihood: -710.017738
[00:00:00] [worker #4] ML tree search #5, logLikelihood: -710.017738
[00:00:00] [worker #6] ML tree search #7, logLikelihood: -710.017737
[00:00:00] [worker #1] ML tree search #2, logLikelihood: -710.017737
[00:00:00 -710.017737] Model parameter optimization (eps = 0.100000)

[00:00:00] [worker #0] ML tree search #1, logLikelihood: -710.017737

[00:00:00 -1039.545554] Initial branch length optimization
[00:00:00 -829.252562] Model parameter optimization (eps = 10.000000)
[00:00:00 -810.905912] AUTODETECT spr round 1 (radius: 5)
[00:00:00 -710.145766] SPR radius for FAST iterations: 5 (autodetect)
[00:00:00 -710.145766] Model parameter optimization (eps = 3.000000)
[00:00:00 -710.017744] FAST spr round 1 (radius: 5)
[00:00:00] [worker #3] ML tree search #12, logLikelihood: -710.017737
[00:00:00] [worker #2] ML tree search #11, logLikelihood: -710.017738
[00:00:00] [worker #4] ML tree search #13, logLikelihood: -710.017738
[00:00:00] [worker #7] ML tree search #16, logLikelihood: -710.017738
[00:00:00 -710.017738] Model parameter optimization (eps = 1.000000)
[00:00:00 -710.017737] SLOW spr round 1 (radius: 5)
[00:00:00] [worker #6] ML tree search #15, logLikelihood: -710.017738
[00:00:00] [worker #5] ML tree search #14, logLikelihood: -710.017738
[00:00:00] [worker #1] ML tree search #10, logLikelihood: -710.017738
[00:00:00 -710.017737] Model parameter optimization (eps = 0.100000)

[00:00:00] [worker #0] ML tree search #9, logLikelihood: -710.017737

[00:00:00 -956.854741] Initial branch length optimization
[00:00:00 -713.989055] Model parameter optimization (eps = 10.000000)
[00:00:00 -710.017801] AUTODETECT spr round 1 (radius: 5)
[00:00:00 -710.017740] SPR radius for FAST iterations: 5 (autodetect)
[00:00:00 -710.017740] Model parameter optimization (eps = 3.000000)
[00:00:00 -710.017737] FAST spr round 1 (radius: 5)
[00:00:00] [worker #3] ML tree search #20, logLikelihood: -710.017737
[00:00:00 -710.017737] Model parameter optimization (eps = 1.000000)
[00:00:00] [worker #2] ML tree search #19, logLikelihood: -710.017738
[00:00:00 -710.017737] SLOW spr round 1 (radius: 5)
[00:00:00 -710.017737] Model parameter optimization (eps = 0.100000)

[00:00:00] [worker #0] ML tree search #17, logLikelihood: -710.017737

[00:00:00] [worker #1] ML tree search #18, logLikelihood: -710.017737

Optimized model parameters:

   Partition 0: noname
   Rate heterogeneity: NONE
   Base frequencies (ML): 0.209499 0.215260 0.287001 0.288239 
   Substitution rates (model): 1.000000 1.000000 1.000000 1.000000 1.000000 1.000000 


Final LogLikelihood: -710.017737

AIC score: 1452.035474 / AICc score: 1453.985294 / BIC score: 1511.081225
Free parameters (model + branch lengths): 16

Best ML tree saved to: /home/fili/Documents/KIT/2023/BA/code/output/families/ssim_DL_s20_f100_sites200_GTR_bl1.0_d1.0_l1.0_t0.0_gc0.0_p0.0_pop10_ms0.0_mf0.0_seed19732311/families/family_084/misc/raxml_output.F81.raxml.bestTree
All ML trees saved to: /home/fili/Documents/KIT/2023/BA/code/output/families/ssim_DL_s20_f100_sites200_GTR_bl1.0_d1.0_l1.0_t0.0_gc0.0_p0.0_pop10_ms0.0_mf0.0_seed19732311/families/family_084/misc/raxml_output.F81.raxml.mlTrees
Optimized model saved to: /home/fili/Documents/KIT/2023/BA/code/output/families/ssim_DL_s20_f100_sites200_GTR_bl1.0_d1.0_l1.0_t0.0_gc0.0_p0.0_pop10_ms0.0_mf0.0_seed19732311/families/family_084/misc/raxml_output.F81.raxml.bestModel

Execution log saved to: /home/fili/Documents/KIT/2023/BA/code/output/families/ssim_DL_s20_f100_sites200_GTR_bl1.0_d1.0_l1.0_t0.0_gc0.0_p0.0_pop10_ms0.0_mf0.0_seed19732311/families/family_084/misc/raxml_output.F81.raxml.log

Analysis started: 27-Jun-2023 13:03:56 / finished: 27-Jun-2023 13:03:56

Elapsed time: 0.054 seconds

