
RAxML-NG v. 1.1.0 released on 29.11.2021 by The Exelixis Lab.
Developed by: Alexey M. Kozlov and Alexandros Stamatakis.
Contributors: Diego Darriba, Tomas Flouri, Benoit Morel, Sarah Lutteropp, Ben Bettisworth.
Latest version: https://github.com/amkozlov/raxml-ng
Questions/problems/suggestions? Please visit: https://groups.google.com/forum/#!forum/raxml

System: AMD Ryzen 7 5800X 8-Core Processor, 8 cores, 31 GB RAM

RAxML-NG was called at 13-Jun-2023 16:02:57 as follows:

/home/fili/Documents/KIT/2023/BA/resources/tools/RAxML-NG/raxml-ng --msa /home/fili/Documents/KIT/2023/BA/code/output/families/ssim_DL_s20_f100_sites200_GTR_bl1.0_d1.0_l1.0_t0.0_gc0.0_p0.0_pop10_ms0.0_mf0.0_seed42/families/family_001/alignment.msa --model F81 --prefix /home/fili/Documents/KIT/2023/BA/code/output/families/ssim_DL_s20_f100_sites200_GTR_bl1.0_d1.0_l1.0_t0.0_gc0.0_p0.0_pop10_ms0.0_mf0.0_seed42/families/family_001/misc/raxml_output.F81

Analysis options:
  run mode: ML tree search
  start tree(s): random (10) + parsimony (10)
  random seed: 1686664977
  tip-inner: OFF
  pattern compression: ON
  per-rate scalers: OFF
  site repeats: ON
  fast spr radius: AUTO
  spr subtree cutoff: 1.000000
  branch lengths: proportional (ML estimate, algorithm: NR-FAST)
  SIMD kernels: AVX2
  parallelization: coarse-grained (auto), PTHREADS (auto)

[00:00:00] Reading alignment from file: /home/fili/Documents/KIT/2023/BA/code/output/families/ssim_DL_s20_f100_sites200_GTR_bl1.0_d1.0_l1.0_t0.0_gc0.0_p0.0_pop10_ms0.0_mf0.0_seed42/families/family_001/alignment.msa
[00:00:00] Loaded alignment with 27 taxa and 170 sites

WARNING: Sequences 1_2_0 and 2_2_0 are exactly identical!
WARNING: Sequences 1_2_0 and 3_2_0 are exactly identical!
WARNING: Sequences 10_0_0 and 4_0_0 are exactly identical!
WARNING: Sequences 10_0_0 and 12_0_0 are exactly identical!
WARNING: Sequences 9_0_0 and 13_0_0 are exactly identical!
WARNING: Duplicate sequences found: 5

NOTE: Reduced alignment (with duplicates and gap-only sites/taxa removed) 
NOTE: was saved to: /home/fili/Documents/KIT/2023/BA/code/output/families/ssim_DL_s20_f100_sites200_GTR_bl1.0_d1.0_l1.0_t0.0_gc0.0_p0.0_pop10_ms0.0_mf0.0_seed42/families/family_001/misc/raxml_output.F81.raxml.reduced.phy

Alignment comprises 1 partitions and 121 patterns

Partition 0: noname
Model: F81+FO
Alignment sites / patterns: 170 / 121
Gaps: 0.00 %
Invariant sites: 26.47 %


NOTE: Binary MSA file created: /home/fili/Documents/KIT/2023/BA/code/output/families/ssim_DL_s20_f100_sites200_GTR_bl1.0_d1.0_l1.0_t0.0_gc0.0_p0.0_pop10_ms0.0_mf0.0_seed42/families/family_001/misc/raxml_output.F81.raxml.rba

Parallelization scheme autoconfig: 8 worker(s) x 1 thread(s)

Parallel reduction/worker buffer size: 1 KB  / 0 KB

[00:00:00] Generating 10 random starting tree(s) with 27 taxa
[00:00:00] Generating 10 parsimony starting tree(s) with 27 taxa
[00:00:00] Data distribution: max. partitions/sites/weight per thread: 1 / 121 / 484
[00:00:00] Data distribution: max. searches per worker: 3

Starting ML tree search with 20 distinct starting trees

[00:00:00 -3694.887319] Initial branch length optimization
[00:00:00 -3258.726854] Model parameter optimization (eps = 10.000000)
[00:00:00 -3156.029783] AUTODETECT spr round 1 (radius: 5)
[00:00:00 -1695.984380] AUTODETECT spr round 2 (radius: 10)
[00:00:00 -1674.193870] AUTODETECT spr round 3 (radius: 15)
[00:00:00 -1674.160227] SPR radius for FAST iterations: 10 (autodetect)
[00:00:00 -1674.160227] Model parameter optimization (eps = 3.000000)
[00:00:00 -1672.663479] FAST spr round 1 (radius: 10)
[00:00:00 -1603.737121] FAST spr round 2 (radius: 10)
[00:00:00 -1602.054209] FAST spr round 3 (radius: 10)
[00:00:00 -1602.054147] Model parameter optimization (eps = 1.000000)
[00:00:00 -1601.956400] SLOW spr round 1 (radius: 5)
[00:00:00 -1601.956358] SLOW spr round 2 (radius: 10)
[00:00:00] [worker #2] ML tree search #3, logLikelihood: -1601.956310
[00:00:00] [worker #3] ML tree search #4, logLikelihood: -1601.956309
[00:00:00] [worker #5] ML tree search #6, logLikelihood: -1601.956312
[00:00:00] [worker #7] ML tree search #8, logLikelihood: -1601.956313
[00:00:00 -1601.956358] SLOW spr round 3 (radius: 15)
[00:00:00 -1601.956358] SLOW spr round 4 (radius: 20)
[00:00:00] [worker #6] ML tree search #7, logLikelihood: -1601.956313
[00:00:00 -1601.956358] SLOW spr round 5 (radius: 25)
[00:00:00 -1601.956358] Model parameter optimization (eps = 0.100000)

[00:00:00] [worker #0] ML tree search #1, logLikelihood: -1601.956314

[00:00:00] [worker #1] ML tree search #2, logLikelihood: -1601.956312
[00:00:00 -3877.641263] Initial branch length optimization
[00:00:00 -3508.490935] Model parameter optimization (eps = 10.000000)
[00:00:00 -3376.504410] AUTODETECT spr round 1 (radius: 5)
[00:00:00] [worker #4] ML tree search #5, logLikelihood: -1601.956310
[00:00:00 -1771.521910] AUTODETECT spr round 2 (radius: 10)
[00:00:00 -1771.521758] SPR radius for FAST iterations: 5 (autodetect)
[00:00:00 -1771.521758] Model parameter optimization (eps = 3.000000)
[00:00:00 -1771.105308] FAST spr round 1 (radius: 5)
[00:00:00 -1602.422195] FAST spr round 2 (radius: 5)
[00:00:00 -1602.422163] Model parameter optimization (eps = 1.000000)
[00:00:00 -1601.958133] SLOW spr round 1 (radius: 5)
[00:00:00] [worker #5] ML tree search #14, logLikelihood: -1601.956309
[00:00:00 -1601.957511] SLOW spr round 2 (radius: 10)
[00:00:00] [worker #2] ML tree search #11, logLikelihood: -1601.956311
[00:00:00] [worker #7] ML tree search #16, logLikelihood: -1601.956313
[00:00:00 -1601.957511] SLOW spr round 3 (radius: 15)
[00:00:00] [worker #4] ML tree search #13, logLikelihood: -1601.956309
[00:00:00] [worker #6] ML tree search #15, logLikelihood: -1601.956312
[00:00:00 -1601.957511] SLOW spr round 4 (radius: 20)
[00:00:00 -1601.957511] SLOW spr round 5 (radius: 25)
[00:00:00 -1601.957511] Model parameter optimization (eps = 0.100000)

[00:00:00] [worker #0] ML tree search #9, logLikelihood: -1601.956323

[00:00:00 -2066.324162] Initial branch length optimization
[00:00:00 -1656.998679] Model parameter optimization (eps = 10.000000)
[00:00:00] [worker #3] ML tree search #12, logLikelihood: -1601.956583
[00:00:00 -1602.096608] AUTODETECT spr round 1 (radius: 5)
[00:00:00 -1602.095757] SPR radius for FAST iterations: 5 (autodetect)
[00:00:00 -1602.095757] Model parameter optimization (eps = 3.000000)
[00:00:00 -1602.095646] FAST spr round 1 (radius: 5)
[00:00:00] [worker #1] ML tree search #10, logLikelihood: -1601.956308
[00:00:00 -1601.957350] FAST spr round 2 (radius: 5)
[00:00:00 -1601.957322] Model parameter optimization (eps = 1.000000)
[00:00:00 -1601.956310] SLOW spr round 1 (radius: 5)
[00:00:00 -1601.956309] SLOW spr round 2 (radius: 10)
[00:00:00] [worker #2] ML tree search #19, logLikelihood: -1601.956309
[00:00:00 -1601.956309] SLOW spr round 3 (radius: 15)
[00:00:00 -1601.956309] SLOW spr round 4 (radius: 20)
[00:00:00 -1601.956309] SLOW spr round 5 (radius: 25)
[00:00:00 -1601.956309] Model parameter optimization (eps = 0.100000)

[00:00:00] [worker #0] ML tree search #17, logLikelihood: -1601.956309

[00:00:00] [worker #3] ML tree search #20, logLikelihood: -1601.956310
[00:00:00] [worker #1] ML tree search #18, logLikelihood: -1601.956313

Optimized model parameters:

   Partition 0: noname
   Rate heterogeneity: NONE
   Base frequencies (ML): 0.330624 0.131827 0.399375 0.138174 
   Substitution rates (model): 1.000000 1.000000 1.000000 1.000000 1.000000 1.000000 


Final LogLikelihood: -1601.956308

AIC score: 3311.912617 / AICc score: 3363.564791 / BIC score: 3481.245732
Free parameters (model + branch lengths): 54

WARNING: Best ML tree contains 2 near-zero branches!

Best ML tree with collapsed near-zero branches saved to: /home/fili/Documents/KIT/2023/BA/code/output/families/ssim_DL_s20_f100_sites200_GTR_bl1.0_d1.0_l1.0_t0.0_gc0.0_p0.0_pop10_ms0.0_mf0.0_seed42/families/family_001/misc/raxml_output.F81.raxml.bestTreeCollapsed
Best ML tree saved to: /home/fili/Documents/KIT/2023/BA/code/output/families/ssim_DL_s20_f100_sites200_GTR_bl1.0_d1.0_l1.0_t0.0_gc0.0_p0.0_pop10_ms0.0_mf0.0_seed42/families/family_001/misc/raxml_output.F81.raxml.bestTree
All ML trees saved to: /home/fili/Documents/KIT/2023/BA/code/output/families/ssim_DL_s20_f100_sites200_GTR_bl1.0_d1.0_l1.0_t0.0_gc0.0_p0.0_pop10_ms0.0_mf0.0_seed42/families/family_001/misc/raxml_output.F81.raxml.mlTrees
Optimized model saved to: /home/fili/Documents/KIT/2023/BA/code/output/families/ssim_DL_s20_f100_sites200_GTR_bl1.0_d1.0_l1.0_t0.0_gc0.0_p0.0_pop10_ms0.0_mf0.0_seed42/families/family_001/misc/raxml_output.F81.raxml.bestModel

Execution log saved to: /home/fili/Documents/KIT/2023/BA/code/output/families/ssim_DL_s20_f100_sites200_GTR_bl1.0_d1.0_l1.0_t0.0_gc0.0_p0.0_pop10_ms0.0_mf0.0_seed42/families/family_001/misc/raxml_output.F81.raxml.log

Analysis started: 13-Jun-2023 16:02:57 / finished: 13-Jun-2023 16:02:57

Elapsed time: 0.378 seconds

