
RAxML-NG v. 1.1.0 released on 29.11.2021 by The Exelixis Lab.
Developed by: Alexey M. Kozlov and Alexandros Stamatakis.
Contributors: Diego Darriba, Tomas Flouri, Benoit Morel, Sarah Lutteropp, Ben Bettisworth.
Latest version: https://github.com/amkozlov/raxml-ng
Questions/problems/suggestions? Please visit: https://groups.google.com/forum/#!forum/raxml

System: AMD Ryzen 7 5800X 8-Core Processor, 8 cores, 31 GB RAM

RAxML-NG was called at 27-Jun-2023 13:43:38 as follows:

/home/fili/Documents/KIT/2023/BA/resources/tools/RAxML-NG/raxml-ng --msa /home/fili/Documents/KIT/2023/BA/code/output/families/ssim_DL_s20_f100_sites200_GTR_bl1.0_d1.0_l1.0_t0.0_gc0.0_p0.0_pop10_ms0.0_mf0.0_seed14976684177860080345/families/family_018/alignment.msa --model F81 --prefix /home/fili/Documents/KIT/2023/BA/code/output/families/ssim_DL_s20_f100_sites200_GTR_bl1.0_d1.0_l1.0_t0.0_gc0.0_p0.0_pop10_ms0.0_mf0.0_seed14976684177860080345/families/family_018/misc/raxml_output.F81

Analysis options:
  run mode: ML tree search
  start tree(s): random (10) + parsimony (10)
  random seed: 1687866218
  tip-inner: OFF
  pattern compression: ON
  per-rate scalers: OFF
  site repeats: ON
  fast spr radius: AUTO
  spr subtree cutoff: 1.000000
  branch lengths: proportional (ML estimate, algorithm: NR-FAST)
  SIMD kernels: AVX2
  parallelization: coarse-grained (auto), PTHREADS (auto)

[00:00:00] Reading alignment from file: /home/fili/Documents/KIT/2023/BA/code/output/families/ssim_DL_s20_f100_sites200_GTR_bl1.0_d1.0_l1.0_t0.0_gc0.0_p0.0_pop10_ms0.0_mf0.0_seed14976684177860080345/families/family_018/alignment.msa
[00:00:00] Loaded alignment with 23 taxa and 233 sites

WARNING: Sequences 15_0_0 and 18_0_0 are exactly identical!
WARNING: Sequences 15_0_0 and 17_2_0 are exactly identical!
WARNING: Sequences 15_0_0 and 19_2_0 are exactly identical!
WARNING: Sequences 15_0_0 and 17_0_0 are exactly identical!
WARNING: Sequences 7_0_0 and 1_0_0 are exactly identical!
WARNING: Sequences 6_0_0 and 3_0_0 are exactly identical!
WARNING: Sequences 2_0_0 and 14_0_0 are exactly identical!
WARNING: Duplicate sequences found: 7

NOTE: Reduced alignment (with duplicates and gap-only sites/taxa removed) 
NOTE: was saved to: /home/fili/Documents/KIT/2023/BA/code/output/families/ssim_DL_s20_f100_sites200_GTR_bl1.0_d1.0_l1.0_t0.0_gc0.0_p0.0_pop10_ms0.0_mf0.0_seed14976684177860080345/families/family_018/misc/raxml_output.F81.raxml.reduced.phy

Alignment comprises 1 partitions and 40 patterns

Partition 0: noname
Model: F81+FO
Alignment sites / patterns: 233 / 40
Gaps: 0.00 %
Invariant sites: 75.11 %


NOTE: Binary MSA file created: /home/fili/Documents/KIT/2023/BA/code/output/families/ssim_DL_s20_f100_sites200_GTR_bl1.0_d1.0_l1.0_t0.0_gc0.0_p0.0_pop10_ms0.0_mf0.0_seed14976684177860080345/families/family_018/misc/raxml_output.F81.raxml.rba

Parallelization scheme autoconfig: 8 worker(s) x 1 thread(s)

Parallel reduction/worker buffer size: 1 KB  / 0 KB

[00:00:00] Generating 10 random starting tree(s) with 23 taxa
[00:00:00] Generating 10 parsimony starting tree(s) with 23 taxa
[00:00:00] Data distribution: max. partitions/sites/weight per thread: 1 / 40 / 160
[00:00:00] Data distribution: max. searches per worker: 3

Starting ML tree search with 20 distinct starting trees

[00:00:00 -2211.610280] Initial branch length optimization
[00:00:00 -1573.171566] Model parameter optimization (eps = 10.000000)
[00:00:00 -1535.245604] AUTODETECT spr round 1 (radius: 5)
[00:00:00 -710.709412] AUTODETECT spr round 2 (radius: 10)
[00:00:00 -710.709403] SPR radius for FAST iterations: 5 (autodetect)
[00:00:00 -710.709403] Model parameter optimization (eps = 3.000000)
[00:00:00 -707.032281] FAST spr round 1 (radius: 5)
[00:00:00 -707.032278] Model parameter optimization (eps = 1.000000)
[00:00:00 -707.032278] SLOW spr round 1 (radius: 5)
[00:00:00 -707.029044] SLOW spr round 2 (radius: 10)
[00:00:00 -707.027328] SLOW spr round 3 (radius: 15)
[00:00:00 -707.026063] SLOW spr round 4 (radius: 20)
[00:00:00 -707.025337] Model parameter optimization (eps = 0.100000)

[00:00:00] [worker #0] ML tree search #1, logLikelihood: -707.024939

[00:00:00 -2445.624583] Initial branch length optimization
[00:00:00 -1810.929990] Model parameter optimization (eps = 10.000000)
[00:00:00] [worker #7] ML tree search #8, logLikelihood: -707.022525
[00:00:00 -1761.977397] AUTODETECT spr round 1 (radius: 5)
[00:00:00] [worker #6] ML tree search #7, logLikelihood: -707.022523
[00:00:00 -784.771565] AUTODETECT spr round 2 (radius: 10)
[00:00:00] [worker #3] ML tree search #4, logLikelihood: -707.022773
[00:00:00] [worker #1] ML tree search #2, logLikelihood: -707.022523
[00:00:00 -718.972173] AUTODETECT spr round 3 (radius: 15)
[00:00:00 -718.971860] SPR radius for FAST iterations: 10 (autodetect)
[00:00:00 -718.971860] Model parameter optimization (eps = 3.000000)
[00:00:00 -714.558722] FAST spr round 1 (radius: 10)
[00:00:00] [worker #4] ML tree search #5, logLikelihood: -707.023647
[00:00:00 -707.042792] FAST spr round 2 (radius: 10)
[00:00:00 -707.040604] Model parameter optimization (eps = 1.000000)
[00:00:00 -707.029030] SLOW spr round 1 (radius: 5)
[00:00:00] [worker #5] ML tree search #6, logLikelihood: -707.022526
[00:00:00 -707.027694] SLOW spr round 2 (radius: 10)
[00:00:00 -707.026333] SLOW spr round 3 (radius: 15)
[00:00:00] [worker #2] ML tree search #3, logLikelihood: -707.022525
[00:00:00] [worker #7] ML tree search #16, logLikelihood: -707.023354
[00:00:00 -707.025330] SLOW spr round 4 (radius: 20)
[00:00:00 -707.024591] Model parameter optimization (eps = 0.100000)

[00:00:00] [worker #0] ML tree search #9, logLikelihood: -707.024298

[00:00:00 -1542.918291] Initial branch length optimization
[00:00:00 -718.194505] Model parameter optimization (eps = 10.000000)
[00:00:00 -708.694575] AUTODETECT spr round 1 (radius: 5)
[00:00:00 -707.033418] AUTODETECT spr round 2 (radius: 10)
[00:00:00] [worker #1] ML tree search #10, logLikelihood: -707.022524
[00:00:00 -707.032424] SPR radius for FAST iterations: 5 (autodetect)
[00:00:00 -707.032424] Model parameter optimization (eps = 3.000000)
[00:00:00 -707.027710] FAST spr round 1 (radius: 5)
[00:00:00] [worker #6] ML tree search #15, logLikelihood: -707.024052
[00:00:00] [worker #3] ML tree search #12, logLikelihood: -707.024052
[00:00:00 -707.026344] Model parameter optimization (eps = 1.000000)
[00:00:00 -707.025803] SLOW spr round 1 (radius: 5)
[00:00:00] [worker #4] ML tree search #13, logLikelihood: -707.024440
[00:00:00 -707.024940] SLOW spr round 2 (radius: 10)
[00:00:00 -707.024304] SLOW spr round 3 (radius: 15)
[00:00:00 -707.023836] SLOW spr round 4 (radius: 20)
[00:00:00 -707.023491] Model parameter optimization (eps = 0.100000)

[00:00:00] [worker #0] ML tree search #17, logLikelihood: -707.023354

[00:00:00] [worker #1] ML tree search #18, logLikelihood: -707.023488
[00:00:00] [worker #5] ML tree search #14, logLikelihood: -707.024440
[00:00:00] [worker #2] ML tree search #11, logLikelihood: -707.024443
[00:00:00] [worker #3] ML tree search #20, logLikelihood: -707.023353
[00:00:00] [worker #2] ML tree search #19, logLikelihood: -707.023355

Optimized model parameters:

   Partition 0: noname
   Rate heterogeneity: NONE
   Base frequencies (ML): 0.274201 0.155481 0.323448 0.246870 
   Substitution rates (model): 1.000000 1.000000 1.000000 1.000000 1.000000 1.000000 


Final LogLikelihood: -707.022523

AIC score: 1506.045046 / AICc score: 1529.292358 / BIC score: 1664.792815
Free parameters (model + branch lengths): 46

WARNING: Best ML tree contains 10 near-zero branches!

Best ML tree with collapsed near-zero branches saved to: /home/fili/Documents/KIT/2023/BA/code/output/families/ssim_DL_s20_f100_sites200_GTR_bl1.0_d1.0_l1.0_t0.0_gc0.0_p0.0_pop10_ms0.0_mf0.0_seed14976684177860080345/families/family_018/misc/raxml_output.F81.raxml.bestTreeCollapsed
Best ML tree saved to: /home/fili/Documents/KIT/2023/BA/code/output/families/ssim_DL_s20_f100_sites200_GTR_bl1.0_d1.0_l1.0_t0.0_gc0.0_p0.0_pop10_ms0.0_mf0.0_seed14976684177860080345/families/family_018/misc/raxml_output.F81.raxml.bestTree
All ML trees saved to: /home/fili/Documents/KIT/2023/BA/code/output/families/ssim_DL_s20_f100_sites200_GTR_bl1.0_d1.0_l1.0_t0.0_gc0.0_p0.0_pop10_ms0.0_mf0.0_seed14976684177860080345/families/family_018/misc/raxml_output.F81.raxml.mlTrees
Optimized model saved to: /home/fili/Documents/KIT/2023/BA/code/output/families/ssim_DL_s20_f100_sites200_GTR_bl1.0_d1.0_l1.0_t0.0_gc0.0_p0.0_pop10_ms0.0_mf0.0_seed14976684177860080345/families/family_018/misc/raxml_output.F81.raxml.bestModel

Execution log saved to: /home/fili/Documents/KIT/2023/BA/code/output/families/ssim_DL_s20_f100_sites200_GTR_bl1.0_d1.0_l1.0_t0.0_gc0.0_p0.0_pop10_ms0.0_mf0.0_seed14976684177860080345/families/family_018/misc/raxml_output.F81.raxml.log

Analysis started: 27-Jun-2023 13:43:38 / finished: 27-Jun-2023 13:43:38

Elapsed time: 0.178 seconds

