
RAxML-NG v. 1.1.0 released on 29.11.2021 by The Exelixis Lab.
Developed by: Alexey M. Kozlov and Alexandros Stamatakis.
Contributors: Diego Darriba, Tomas Flouri, Benoit Morel, Sarah Lutteropp, Ben Bettisworth.
Latest version: https://github.com/amkozlov/raxml-ng
Questions/problems/suggestions? Please visit: https://groups.google.com/forum/#!forum/raxml

System: AMD Ryzen 7 5800X 8-Core Processor, 8 cores, 31 GB RAM

RAxML-NG was called at 13-Jun-2023 16:03:53 as follows:

/home/fili/Documents/KIT/2023/BA/resources/tools/RAxML-NG/raxml-ng --msa /home/fili/Documents/KIT/2023/BA/code/output/families/ssim_DL_s20_f100_sites200_GTR_bl1.0_d1.0_l1.0_t0.0_gc0.0_p0.0_pop10_ms0.0_mf0.0_seed42/families/family_090/alignment.msa --model F81 --prefix /home/fili/Documents/KIT/2023/BA/code/output/families/ssim_DL_s20_f100_sites200_GTR_bl1.0_d1.0_l1.0_t0.0_gc0.0_p0.0_pop10_ms0.0_mf0.0_seed42/families/family_090/misc/raxml_output.F81

Analysis options:
  run mode: ML tree search
  start tree(s): random (10) + parsimony (10)
  random seed: 1686665033
  tip-inner: OFF
  pattern compression: ON
  per-rate scalers: OFF
  site repeats: ON
  fast spr radius: AUTO
  spr subtree cutoff: 1.000000
  branch lengths: proportional (ML estimate, algorithm: NR-FAST)
  SIMD kernels: AVX2
  parallelization: coarse-grained (auto), PTHREADS (auto)

[00:00:00] Reading alignment from file: /home/fili/Documents/KIT/2023/BA/code/output/families/ssim_DL_s20_f100_sites200_GTR_bl1.0_d1.0_l1.0_t0.0_gc0.0_p0.0_pop10_ms0.0_mf0.0_seed42/families/family_090/alignment.msa
[00:00:00] Loaded alignment with 28 taxa and 235 sites

WARNING: Sequences 13_35_0 and 9_35_0 are exactly identical!
WARNING: Sequences 9_43_0 and 13_43_0 are exactly identical!
WARNING: Sequences 13_41_0 and 9_41_0 are exactly identical!
WARNING: Sequences 13_40_0 and 9_40_0 are exactly identical!
WARNING: Duplicate sequences found: 4

NOTE: Reduced alignment (with duplicates and gap-only sites/taxa removed) 
NOTE: was saved to: /home/fili/Documents/KIT/2023/BA/code/output/families/ssim_DL_s20_f100_sites200_GTR_bl1.0_d1.0_l1.0_t0.0_gc0.0_p0.0_pop10_ms0.0_mf0.0_seed42/families/family_090/misc/raxml_output.F81.raxml.reduced.phy

Alignment comprises 1 partitions and 132 patterns

Partition 0: noname
Model: F81+FO
Alignment sites / patterns: 235 / 132
Gaps: 0.00 %
Invariant sites: 42.13 %


NOTE: Binary MSA file created: /home/fili/Documents/KIT/2023/BA/code/output/families/ssim_DL_s20_f100_sites200_GTR_bl1.0_d1.0_l1.0_t0.0_gc0.0_p0.0_pop10_ms0.0_mf0.0_seed42/families/family_090/misc/raxml_output.F81.raxml.rba

Parallelization scheme autoconfig: 8 worker(s) x 1 thread(s)

Parallel reduction/worker buffer size: 1 KB  / 0 KB

[00:00:00] Generating 10 random starting tree(s) with 28 taxa
[00:00:00] Generating 10 parsimony starting tree(s) with 28 taxa
[00:00:00] Data distribution: max. partitions/sites/weight per thread: 1 / 132 / 528
[00:00:00] Data distribution: max. searches per worker: 3

Starting ML tree search with 20 distinct starting trees

[00:00:00 -3965.360134] Initial branch length optimization
[00:00:00 -3525.776586] Model parameter optimization (eps = 10.000000)
[00:00:00 -3423.497013] AUTODETECT spr round 1 (radius: 5)
[00:00:00 -2005.584977] AUTODETECT spr round 2 (radius: 10)
[00:00:00 -1943.582032] AUTODETECT spr round 3 (radius: 15)
[00:00:00 -1943.581957] SPR radius for FAST iterations: 10 (autodetect)
[00:00:00 -1943.581957] Model parameter optimization (eps = 3.000000)
[00:00:00 -1943.146175] FAST spr round 1 (radius: 10)
[00:00:00 -1844.183268] FAST spr round 2 (radius: 10)
[00:00:00 -1832.564383] FAST spr round 3 (radius: 10)
[00:00:00 -1831.502191] FAST spr round 4 (radius: 10)
[00:00:00 -1830.185830] FAST spr round 5 (radius: 10)
[00:00:00 -1830.185830] Model parameter optimization (eps = 1.000000)
[00:00:00 -1829.926733] SLOW spr round 1 (radius: 5)
[00:00:00 -1829.926680] SLOW spr round 2 (radius: 10)
[00:00:00] [worker #1] ML tree search #2, logLikelihood: -1829.926411
[00:00:00] [worker #4] ML tree search #5, logLikelihood: -1829.926408
[00:00:00] [worker #7] ML tree search #8, logLikelihood: -1829.926412
[00:00:00] [worker #6] ML tree search #7, logLikelihood: -1829.926406
[00:00:00] [worker #2] ML tree search #3, logLikelihood: -1829.926405
[00:00:00] [worker #5] ML tree search #6, logLikelihood: -1829.926406
[00:00:00] [worker #3] ML tree search #4, logLikelihood: -1829.926406
[00:00:00 -1829.926680] SLOW spr round 3 (radius: 15)
[00:00:00 -1829.926680] SLOW spr round 4 (radius: 20)
[00:00:00 -1829.926680] SLOW spr round 5 (radius: 25)
[00:00:00 -1829.926680] Model parameter optimization (eps = 0.100000)

[00:00:00] [worker #0] ML tree search #1, logLikelihood: -1829.926406

[00:00:00 -4021.995943] Initial branch length optimization
[00:00:00 -3618.198683] Model parameter optimization (eps = 10.000000)
[00:00:00 -3512.388562] AUTODETECT spr round 1 (radius: 5)
[00:00:00 -2055.985579] AUTODETECT spr round 2 (radius: 10)
[00:00:00 -1992.261205] AUTODETECT spr round 3 (radius: 15)
[00:00:00 -1992.250437] SPR radius for FAST iterations: 10 (autodetect)
[00:00:00 -1992.250437] Model parameter optimization (eps = 3.000000)
[00:00:00 -1991.388974] FAST spr round 1 (radius: 10)
[00:00:00 -1832.046761] FAST spr round 2 (radius: 10)
[00:00:00 -1830.205379] FAST spr round 3 (radius: 10)
[00:00:00 -1830.205377] Model parameter optimization (eps = 1.000000)
[00:00:00 -1829.926580] SLOW spr round 1 (radius: 5)
[00:00:00] [worker #6] ML tree search #15, logLikelihood: -1829.926407
[00:00:00 -1829.926472] SLOW spr round 2 (radius: 10)
[00:00:00] [worker #4] ML tree search #13, logLikelihood: -1829.926405
[00:00:00] [worker #2] ML tree search #11, logLikelihood: -1829.926424
[00:00:00] [worker #5] ML tree search #14, logLikelihood: -1829.926410
[00:00:00] [worker #7] ML tree search #16, logLikelihood: -1829.926408
[00:00:00] [worker #3] ML tree search #12, logLikelihood: -1829.926405
[00:00:00 -1829.926472] SLOW spr round 3 (radius: 15)
[00:00:00 -1829.926472] SLOW spr round 4 (radius: 20)
[00:00:00 -1829.926472] SLOW spr round 5 (radius: 25)
[00:00:00] [worker #1] ML tree search #10, logLikelihood: -1829.926407
[00:00:00 -1829.926472] Model parameter optimization (eps = 0.100000)

[00:00:00] [worker #0] ML tree search #9, logLikelihood: -1829.926405

[00:00:00 -2539.580424] Initial branch length optimization
[00:00:00 -1877.458455] Model parameter optimization (eps = 10.000000)
[00:00:00 -1834.323931] AUTODETECT spr round 1 (radius: 5)
[00:00:00 -1831.288511] AUTODETECT spr round 2 (radius: 10)
[00:00:00 -1831.288480] SPR radius for FAST iterations: 5 (autodetect)
[00:00:00 -1831.288480] Model parameter optimization (eps = 3.000000)
[00:00:00 -1831.286247] FAST spr round 1 (radius: 5)
[00:00:00 -1829.930189] FAST spr round 2 (radius: 5)
[00:00:00 -1829.930189] Model parameter optimization (eps = 1.000000)
[00:00:00 -1829.926411] SLOW spr round 1 (radius: 5)
[00:00:00 -1829.926408] SLOW spr round 2 (radius: 10)
[00:00:00] [worker #2] ML tree search #19, logLikelihood: -1829.926408
[00:00:00 -1829.926408] SLOW spr round 3 (radius: 15)
[00:00:00] [worker #3] ML tree search #20, logLikelihood: -1829.926406
[00:00:00 -1829.926408] SLOW spr round 4 (radius: 20)
[00:00:00 -1829.926408] SLOW spr round 5 (radius: 25)
[00:00:00 -1829.926408] Model parameter optimization (eps = 0.100000)

[00:00:00] [worker #0] ML tree search #17, logLikelihood: -1829.926406

[00:00:00] [worker #1] ML tree search #18, logLikelihood: -1829.926405

Optimized model parameters:

   Partition 0: noname
   Rate heterogeneity: NONE
   Base frequencies (ML): 0.341396 0.151343 0.351874 0.155387 
   Substitution rates (model): 1.000000 1.000000 1.000000 1.000000 1.000000 1.000000 


Final LogLikelihood: -1829.926405

AIC score: 3771.852810 / AICc score: 3807.717979 / BIC score: 3965.589599
Free parameters (model + branch lengths): 56

WARNING: Best ML tree contains 2 near-zero branches!

Best ML tree with collapsed near-zero branches saved to: /home/fili/Documents/KIT/2023/BA/code/output/families/ssim_DL_s20_f100_sites200_GTR_bl1.0_d1.0_l1.0_t0.0_gc0.0_p0.0_pop10_ms0.0_mf0.0_seed42/families/family_090/misc/raxml_output.F81.raxml.bestTreeCollapsed
Best ML tree saved to: /home/fili/Documents/KIT/2023/BA/code/output/families/ssim_DL_s20_f100_sites200_GTR_bl1.0_d1.0_l1.0_t0.0_gc0.0_p0.0_pop10_ms0.0_mf0.0_seed42/families/family_090/misc/raxml_output.F81.raxml.bestTree
All ML trees saved to: /home/fili/Documents/KIT/2023/BA/code/output/families/ssim_DL_s20_f100_sites200_GTR_bl1.0_d1.0_l1.0_t0.0_gc0.0_p0.0_pop10_ms0.0_mf0.0_seed42/families/family_090/misc/raxml_output.F81.raxml.mlTrees
Optimized model saved to: /home/fili/Documents/KIT/2023/BA/code/output/families/ssim_DL_s20_f100_sites200_GTR_bl1.0_d1.0_l1.0_t0.0_gc0.0_p0.0_pop10_ms0.0_mf0.0_seed42/families/family_090/misc/raxml_output.F81.raxml.bestModel

Execution log saved to: /home/fili/Documents/KIT/2023/BA/code/output/families/ssim_DL_s20_f100_sites200_GTR_bl1.0_d1.0_l1.0_t0.0_gc0.0_p0.0_pop10_ms0.0_mf0.0_seed42/families/family_090/misc/raxml_output.F81.raxml.log

Analysis started: 13-Jun-2023 16:03:53 / finished: 13-Jun-2023 16:03:53

Elapsed time: 0.430 seconds

