
RAxML-NG v. 1.1.0 released on 29.11.2021 by The Exelixis Lab.
Developed by: Alexey M. Kozlov and Alexandros Stamatakis.
Contributors: Diego Darriba, Tomas Flouri, Benoit Morel, Sarah Lutteropp, Ben Bettisworth.
Latest version: https://github.com/amkozlov/raxml-ng
Questions/problems/suggestions? Please visit: https://groups.google.com/forum/#!forum/raxml

System: AMD Ryzen 7 5800X 8-Core Processor, 8 cores, 31 GB RAM

RAxML-NG was called at 27-Jun-2023 12:58:48 as follows:

/home/fili/Documents/KIT/2023/BA/resources/tools/RAxML-NG/raxml-ng --msa /home/fili/Documents/KIT/2023/BA/code/output/families/ssim_DL_s20_f100_sites200_GTR_bl1.0_d1.0_l1.0_t0.0_gc0.0_p0.0_pop10_ms0.0_mf0.0_seed42/families/family_008/alignment.msa --model F81 --prefix /home/fili/Documents/KIT/2023/BA/code/output/families/ssim_DL_s20_f100_sites200_GTR_bl1.0_d1.0_l1.0_t0.0_gc0.0_p0.0_pop10_ms0.0_mf0.0_seed42/families/family_008/misc/raxml_output.F81

Analysis options:
  run mode: ML tree search
  start tree(s): random (10) + parsimony (10)
  random seed: 1687863528
  tip-inner: OFF
  pattern compression: ON
  per-rate scalers: OFF
  site repeats: ON
  fast spr radius: AUTO
  spr subtree cutoff: 1.000000
  branch lengths: proportional (ML estimate, algorithm: NR-FAST)
  SIMD kernels: AVX2
  parallelization: coarse-grained (auto), PTHREADS (auto)

[00:00:00] Reading alignment from file: /home/fili/Documents/KIT/2023/BA/code/output/families/ssim_DL_s20_f100_sites200_GTR_bl1.0_d1.0_l1.0_t0.0_gc0.0_p0.0_pop10_ms0.0_mf0.0_seed42/families/family_008/alignment.msa
[00:00:00] Loaded alignment with 20 taxa and 180 sites

WARNING: Sequences 4_0_0 and 12_0_0 are exactly identical!
WARNING: Sequences 9_0_0 and 13_0_0 are exactly identical!
WARNING: Sequences 9_0_0 and 7_0_0 are exactly identical!
WARNING: Duplicate sequences found: 3

NOTE: Reduced alignment (with duplicates and gap-only sites/taxa removed) 
NOTE: was saved to: /home/fili/Documents/KIT/2023/BA/code/output/families/ssim_DL_s20_f100_sites200_GTR_bl1.0_d1.0_l1.0_t0.0_gc0.0_p0.0_pop10_ms0.0_mf0.0_seed42/families/family_008/misc/raxml_output.F81.raxml.reduced.phy

Alignment comprises 1 partitions and 114 patterns

Partition 0: noname
Model: F81+FO
Alignment sites / patterns: 180 / 114
Gaps: 0.00 %
Invariant sites: 29.44 %


NOTE: Binary MSA file created: /home/fili/Documents/KIT/2023/BA/code/output/families/ssim_DL_s20_f100_sites200_GTR_bl1.0_d1.0_l1.0_t0.0_gc0.0_p0.0_pop10_ms0.0_mf0.0_seed42/families/family_008/misc/raxml_output.F81.raxml.rba

Parallelization scheme autoconfig: 8 worker(s) x 1 thread(s)

Parallel reduction/worker buffer size: 1 KB  / 0 KB

[00:00:00] Generating 10 random starting tree(s) with 20 taxa
[00:00:00] Generating 10 parsimony starting tree(s) with 20 taxa
[00:00:00] Data distribution: max. partitions/sites/weight per thread: 1 / 114 / 456
[00:00:00] Data distribution: max. searches per worker: 3

Starting ML tree search with 20 distinct starting trees

[00:00:00 -2751.897838] Initial branch length optimization
[00:00:00 -2464.547963] Model parameter optimization (eps = 10.000000)
[00:00:00 -2350.889098] AUTODETECT spr round 1 (radius: 5)
[00:00:00 -1421.345056] AUTODETECT spr round 2 (radius: 10)
[00:00:00 -1417.817413] AUTODETECT spr round 3 (radius: 15)
[00:00:00 -1417.815981] SPR radius for FAST iterations: 10 (autodetect)
[00:00:00 -1417.815981] Model parameter optimization (eps = 3.000000)
[00:00:00 -1416.001394] FAST spr round 1 (radius: 10)
[00:00:00 -1381.469502] FAST spr round 2 (radius: 10)
[00:00:00 -1372.002903] FAST spr round 3 (radius: 10)
[00:00:00 -1372.002902] Model parameter optimization (eps = 1.000000)
[00:00:00 -1371.556202] SLOW spr round 1 (radius: 5)
[00:00:00 -1371.555933] SLOW spr round 2 (radius: 10)
[00:00:00] [worker #4] ML tree search #5, logLikelihood: -1371.555875
[00:00:00] [worker #6] ML tree search #7, logLikelihood: -1371.555875
[00:00:00] [worker #5] ML tree search #6, logLikelihood: -1371.555876
[00:00:00 -1371.555933] SLOW spr round 3 (radius: 15)
[00:00:00] [worker #7] ML tree search #8, logLikelihood: -1371.555875
[00:00:00 -1371.555933] SLOW spr round 4 (radius: 20)
[00:00:00] [worker #3] ML tree search #4, logLikelihood: -1371.555875
[00:00:00 -1371.555933] Model parameter optimization (eps = 0.100000)

[00:00:00] [worker #0] ML tree search #1, logLikelihood: -1371.555875

[00:00:00 -2896.914548] Initial branch length optimization
[00:00:00 -2681.423340] Model parameter optimization (eps = 10.000000)
[00:00:00] [worker #2] ML tree search #3, logLikelihood: -1371.555876
[00:00:00] [worker #1] ML tree search #2, logLikelihood: -1371.555875
[00:00:00 -2539.323147] AUTODETECT spr round 1 (radius: 5)
[00:00:00 -1400.913621] AUTODETECT spr round 2 (radius: 10)
[00:00:00 -1400.913392] SPR radius for FAST iterations: 5 (autodetect)
[00:00:00 -1400.913392] Model parameter optimization (eps = 3.000000)
[00:00:00 -1398.501801] FAST spr round 1 (radius: 5)
[00:00:00 -1372.848654] FAST spr round 2 (radius: 5)
[00:00:00 -1371.958577] FAST spr round 3 (radius: 5)
[00:00:00 -1371.958568] Model parameter optimization (eps = 1.000000)
[00:00:00 -1371.556020] SLOW spr round 1 (radius: 5)
[00:00:00] [worker #5] ML tree search #14, logLikelihood: -1371.555875
[00:00:00] [worker #4] ML tree search #13, logLikelihood: -1371.555875
[00:00:00] [worker #6] ML tree search #15, logLikelihood: -1371.555876
[00:00:00] [worker #7] ML tree search #16, logLikelihood: -1371.555875
[00:00:00 -1371.555907] SLOW spr round 2 (radius: 10)
[00:00:00] [worker #3] ML tree search #12, logLikelihood: -1371.555876
[00:00:00 -1371.555907] SLOW spr round 3 (radius: 15)
[00:00:00 -1371.555907] SLOW spr round 4 (radius: 20)
[00:00:00 -1371.555907] Model parameter optimization (eps = 0.100000)

[00:00:00] [worker #0] ML tree search #9, logLikelihood: -1371.555875

[00:00:00] [worker #2] ML tree search #11, logLikelihood: -1371.555878
[00:00:00 -1764.405379] Initial branch length optimization
[00:00:00 -1437.245262] Model parameter optimization (eps = 10.000000)
[00:00:00 -1376.747873] AUTODETECT spr round 1 (radius: 5)
[00:00:00] [worker #1] ML tree search #10, logLikelihood: -1371.555881
[00:00:00 -1373.807398] AUTODETECT spr round 2 (radius: 10)
[00:00:00 -1373.807350] SPR radius for FAST iterations: 5 (autodetect)
[00:00:00 -1373.807350] Model parameter optimization (eps = 3.000000)
[00:00:00 -1373.797404] FAST spr round 1 (radius: 5)
[00:00:00 -1372.273477] FAST spr round 2 (radius: 5)
[00:00:00 -1371.600704] FAST spr round 3 (radius: 5)
[00:00:00 -1371.573796] Model parameter optimization (eps = 1.000000)
[00:00:00 -1371.555891] SLOW spr round 1 (radius: 5)
[00:00:00] [worker #3] ML tree search #20, logLikelihood: -1371.555875
[00:00:00 -1371.555879] SLOW spr round 2 (radius: 10)
[00:00:00] [worker #1] ML tree search #18, logLikelihood: -1371.555875
[00:00:00] [worker #2] ML tree search #19, logLikelihood: -1371.555876
[00:00:00 -1371.555879] SLOW spr round 3 (radius: 15)
[00:00:00 -1371.555879] SLOW spr round 4 (radius: 20)
[00:00:00 -1371.555879] Model parameter optimization (eps = 0.100000)

[00:00:00] [worker #0] ML tree search #17, logLikelihood: -1371.555877


Optimized model parameters:

   Partition 0: noname
   Rate heterogeneity: NONE
   Base frequencies (ML): 0.397359 0.107517 0.347291 0.147833 
   Substitution rates (model): 1.000000 1.000000 1.000000 1.000000 1.000000 1.000000 


Final LogLikelihood: -1371.555875

AIC score: 2823.111750 / AICc score: 2846.708872 / BIC score: 2950.830024
Free parameters (model + branch lengths): 40

WARNING: Best ML tree contains 1 near-zero branches!

Best ML tree with collapsed near-zero branches saved to: /home/fili/Documents/KIT/2023/BA/code/output/families/ssim_DL_s20_f100_sites200_GTR_bl1.0_d1.0_l1.0_t0.0_gc0.0_p0.0_pop10_ms0.0_mf0.0_seed42/families/family_008/misc/raxml_output.F81.raxml.bestTreeCollapsed
Best ML tree saved to: /home/fili/Documents/KIT/2023/BA/code/output/families/ssim_DL_s20_f100_sites200_GTR_bl1.0_d1.0_l1.0_t0.0_gc0.0_p0.0_pop10_ms0.0_mf0.0_seed42/families/family_008/misc/raxml_output.F81.raxml.bestTree
All ML trees saved to: /home/fili/Documents/KIT/2023/BA/code/output/families/ssim_DL_s20_f100_sites200_GTR_bl1.0_d1.0_l1.0_t0.0_gc0.0_p0.0_pop10_ms0.0_mf0.0_seed42/families/family_008/misc/raxml_output.F81.raxml.mlTrees
Optimized model saved to: /home/fili/Documents/KIT/2023/BA/code/output/families/ssim_DL_s20_f100_sites200_GTR_bl1.0_d1.0_l1.0_t0.0_gc0.0_p0.0_pop10_ms0.0_mf0.0_seed42/families/family_008/misc/raxml_output.F81.raxml.bestModel

Execution log saved to: /home/fili/Documents/KIT/2023/BA/code/output/families/ssim_DL_s20_f100_sites200_GTR_bl1.0_d1.0_l1.0_t0.0_gc0.0_p0.0_pop10_ms0.0_mf0.0_seed42/families/family_008/misc/raxml_output.F81.raxml.log

Analysis started: 27-Jun-2023 12:58:48 / finished: 27-Jun-2023 12:58:49

Elapsed time: 0.236 seconds

