
RAxML-NG v. 1.1.0 released on 29.11.2021 by The Exelixis Lab.
Developed by: Alexey M. Kozlov and Alexandros Stamatakis.
Contributors: Diego Darriba, Tomas Flouri, Benoit Morel, Sarah Lutteropp, Ben Bettisworth.
Latest version: https://github.com/amkozlov/raxml-ng
Questions/problems/suggestions? Please visit: https://groups.google.com/forum/#!forum/raxml

System: AMD Ryzen 7 5800X 8-Core Processor, 8 cores, 31 GB RAM

RAxML-NG was called at 05-Jun-2023 13:01:49 as follows:

/home/fili/Documents/KIT/2023/BA/resources/tools/RAxML-NG/raxml-ng --msa /home/fili/Documents/KIT/2023/BA/code/output/families/ssim_dtl_s20_f100_sites200_GTR_bl1.0_d0.0_l0.0_t1.0_gc0.0_p0.0_pop10_ms0.0_mf0.0_seed42/families/family_088/alignment.msa --model GTR+G --prefix /home/fili/Documents/KIT/2023/BA/code/output/families/ssim_dtl_s20_f100_sites200_GTR_bl1.0_d0.0_l0.0_t1.0_gc0.0_p0.0_pop10_ms0.0_mf0.0_seed42/families/family_088/misc/raxml_output.GTR+G

Analysis options:
  run mode: ML tree search
  start tree(s): random (10) + parsimony (10)
  random seed: 1685962909
  tip-inner: OFF
  pattern compression: ON
  per-rate scalers: OFF
  site repeats: ON
  fast spr radius: AUTO
  spr subtree cutoff: 1.000000
  branch lengths: proportional (ML estimate, algorithm: NR-FAST)
  SIMD kernels: AVX2
  parallelization: coarse-grained (auto), PTHREADS (auto)

[00:00:00] Reading alignment from file: /home/fili/Documents/KIT/2023/BA/code/output/families/ssim_dtl_s20_f100_sites200_GTR_bl1.0_d0.0_l0.0_t1.0_gc0.0_p0.0_pop10_ms0.0_mf0.0_seed42/families/family_088/alignment.msa
[00:00:00] Loaded alignment with 20 taxa and 134 sites

WARNING: Sequences 18_0_0 and 8_0_0 are exactly identical!
WARNING: Sequences 13_0_0 and 9_0_0 are exactly identical!
WARNING: Sequences 12_0_0 and 4_0_0 are exactly identical!
WARNING: Duplicate sequences found: 3

NOTE: Reduced alignment (with duplicates and gap-only sites/taxa removed) 
NOTE: was saved to: /home/fili/Documents/KIT/2023/BA/code/output/families/ssim_dtl_s20_f100_sites200_GTR_bl1.0_d0.0_l0.0_t1.0_gc0.0_p0.0_pop10_ms0.0_mf0.0_seed42/families/family_088/misc/raxml_output.GTR+G.raxml.reduced.phy

Alignment comprises 1 partitions and 20 patterns

Partition 0: noname
Model: GTR+FO+G4m
Alignment sites / patterns: 134 / 20
Gaps: 0.00 %
Invariant sites: 88.06 %


NOTE: Binary MSA file created: /home/fili/Documents/KIT/2023/BA/code/output/families/ssim_dtl_s20_f100_sites200_GTR_bl1.0_d0.0_l0.0_t1.0_gc0.0_p0.0_pop10_ms0.0_mf0.0_seed42/families/family_088/misc/raxml_output.GTR+G.raxml.rba

Parallelization scheme autoconfig: 8 worker(s) x 1 thread(s)

Parallel reduction/worker buffer size: 1 KB  / 0 KB

[00:00:00] Generating 10 random starting tree(s) with 20 taxa
[00:00:00] Generating 10 parsimony starting tree(s) with 20 taxa
[00:00:00] Data distribution: max. partitions/sites/weight per thread: 1 / 20 / 320
[00:00:00] Data distribution: max. searches per worker: 3

Starting ML tree search with 20 distinct starting trees

[00:00:00 -719.318375] Initial branch length optimization
[00:00:00 -620.454047] Model parameter optimization (eps = 10.000000)
[00:00:00 -464.012838] AUTODETECT spr round 1 (radius: 5)
[00:00:00 -373.137693] AUTODETECT spr round 2 (radius: 10)
[00:00:00 -369.819559] AUTODETECT spr round 3 (radius: 15)
[00:00:00 -369.819251] SPR radius for FAST iterations: 10 (autodetect)
[00:00:00 -369.819251] Model parameter optimization (eps = 3.000000)
[00:00:00 -368.692233] FAST spr round 1 (radius: 10)
[00:00:00 -362.390037] FAST spr round 2 (radius: 10)
[00:00:00 -362.383827] Model parameter optimization (eps = 1.000000)
[00:00:00 -362.042045] SLOW spr round 1 (radius: 5)
[00:00:00 -362.040136] SLOW spr round 2 (radius: 10)
[00:00:00 -362.040133] SLOW spr round 3 (radius: 15)
[00:00:00 -362.040133] SLOW spr round 4 (radius: 20)
[00:00:00 -362.040133] Model parameter optimization (eps = 0.100000)

[00:00:00] [worker #0] ML tree search #1, logLikelihood: -362.034219

[00:00:00 -700.151612] Initial branch length optimization
[00:00:00 -604.905195] Model parameter optimization (eps = 10.000000)
[00:00:00] [worker #3] ML tree search #4, logLikelihood: -362.033796
[00:00:00] [worker #7] ML tree search #8, logLikelihood: -363.198053
[00:00:00 -466.396250] AUTODETECT spr round 1 (radius: 5)
[00:00:00] [worker #2] ML tree search #3, logLikelihood: -362.331239
[00:00:00 -369.846249] AUTODETECT spr round 2 (radius: 10)
[00:00:00 -369.837475] SPR radius for FAST iterations: 5 (autodetect)
[00:00:00] [worker #1] ML tree search #2, logLikelihood: -363.201320
[00:00:00 -369.837475] Model parameter optimization (eps = 3.000000)
[00:00:00 -367.419622] FAST spr round 1 (radius: 5)
[00:00:00 -364.140064] FAST spr round 2 (radius: 5)
[00:00:00] [worker #5] ML tree search #6, logLikelihood: -362.033767
[00:00:00 -364.138766] Model parameter optimization (eps = 1.000000)
[00:00:00] [worker #4] ML tree search #5, logLikelihood: -362.033730
[00:00:00 -363.698200] SLOW spr round 1 (radius: 5)
[00:00:00 -363.691144] SLOW spr round 2 (radius: 10)
[00:00:00] [worker #6] ML tree search #7, logLikelihood: -364.491921
[00:00:00 -363.691046] SLOW spr round 3 (radius: 15)
[00:00:00] [worker #3] ML tree search #12, logLikelihood: -363.198150
[00:00:00 -363.691008] SLOW spr round 4 (radius: 20)
[00:00:00 -363.690976] Model parameter optimization (eps = 0.100000)

[00:00:00] [worker #0] ML tree search #9, logLikelihood: -363.595919

[00:00:00 -571.750500] Initial branch length optimization
[00:00:00 -419.634069] Model parameter optimization (eps = 10.000000)
[00:00:00] [worker #7] ML tree search #16, logLikelihood: -363.198158
[00:00:00 -366.744462] AUTODETECT spr round 1 (radius: 5)
[00:00:00 -365.491454] AUTODETECT spr round 2 (radius: 10)
[00:00:00 -365.454420] SPR radius for FAST iterations: 5 (autodetect)
[00:00:00 -365.454420] Model parameter optimization (eps = 3.000000)
[00:00:00 -364.344367] FAST spr round 1 (radius: 5)
[00:00:00] [worker #2] ML tree search #11, logLikelihood: -362.982649
[00:00:00 -363.909303] FAST spr round 2 (radius: 5)
[00:00:00 -363.909186] Model parameter optimization (eps = 1.000000)
[00:00:00 -363.199729] SLOW spr round 1 (radius: 5)
[00:00:00] [worker #1] ML tree search #10, logLikelihood: -363.208304
[00:00:00 -363.198875] SLOW spr round 2 (radius: 10)
[00:00:00] [worker #4] ML tree search #13, logLikelihood: -363.574806
[00:00:00] [worker #5] ML tree search #14, logLikelihood: -363.198113
[00:00:00 -363.198867] SLOW spr round 3 (radius: 15)
[00:00:00] [worker #3] ML tree search #20, logLikelihood: -363.595724
[00:00:00 -363.198866] SLOW spr round 4 (radius: 20)
[00:00:00 -363.198866] Model parameter optimization (eps = 0.100000)

[00:00:00] [worker #0] ML tree search #17, logLikelihood: -363.198078

[00:00:00] [worker #6] ML tree search #15, logLikelihood: -363.154408
[00:00:00] [worker #2] ML tree search #19, logLikelihood: -363.198154
[00:00:00] [worker #1] ML tree search #18, logLikelihood: -362.977342

Optimized model parameters:

   Partition 0: noname
   Rate heterogeneity: GAMMA (4 cats, mean),  alpha: 0.020137 (ML),  weights&rates: (0.250000,0.000000) (0.250000,0.000000) (0.250000,0.000001) (0.250000,3.999999) 
   Base frequencies (ML): 0.175508 0.189118 0.269491 0.365882 
   Substitution rates (ML): 0.001000 17.073538 0.001000 0.947810 1.728755 1.000000 


Final LogLikelihood: -362.033730

AIC score: 816.067460 / AICc score: 865.768609 / BIC score: 949.368091
Free parameters (model + branch lengths): 46

WARNING: Best ML tree contains 4 near-zero branches!

Best ML tree with collapsed near-zero branches saved to: /home/fili/Documents/KIT/2023/BA/code/output/families/ssim_dtl_s20_f100_sites200_GTR_bl1.0_d0.0_l0.0_t1.0_gc0.0_p0.0_pop10_ms0.0_mf0.0_seed42/families/family_088/misc/raxml_output.GTR+G.raxml.bestTreeCollapsed
Best ML tree saved to: /home/fili/Documents/KIT/2023/BA/code/output/families/ssim_dtl_s20_f100_sites200_GTR_bl1.0_d0.0_l0.0_t1.0_gc0.0_p0.0_pop10_ms0.0_mf0.0_seed42/families/family_088/misc/raxml_output.GTR+G.raxml.bestTree
All ML trees saved to: /home/fili/Documents/KIT/2023/BA/code/output/families/ssim_dtl_s20_f100_sites200_GTR_bl1.0_d0.0_l0.0_t1.0_gc0.0_p0.0_pop10_ms0.0_mf0.0_seed42/families/family_088/misc/raxml_output.GTR+G.raxml.mlTrees
Optimized model saved to: /home/fili/Documents/KIT/2023/BA/code/output/families/ssim_dtl_s20_f100_sites200_GTR_bl1.0_d0.0_l0.0_t1.0_gc0.0_p0.0_pop10_ms0.0_mf0.0_seed42/families/family_088/misc/raxml_output.GTR+G.raxml.bestModel

Execution log saved to: /home/fili/Documents/KIT/2023/BA/code/output/families/ssim_dtl_s20_f100_sites200_GTR_bl1.0_d0.0_l0.0_t1.0_gc0.0_p0.0_pop10_ms0.0_mf0.0_seed42/families/family_088/misc/raxml_output.GTR+G.raxml.log

Analysis started: 05-Jun-2023 13:01:49 / finished: 05-Jun-2023 13:01:49

Elapsed time: 0.249 seconds

