
RAxML-NG v. 1.1.0 released on 29.11.2021 by The Exelixis Lab.
Developed by: Alexey M. Kozlov and Alexandros Stamatakis.
Contributors: Diego Darriba, Tomas Flouri, Benoit Morel, Sarah Lutteropp, Ben Bettisworth.
Latest version: https://github.com/amkozlov/raxml-ng
Questions/problems/suggestions? Please visit: https://groups.google.com/forum/#!forum/raxml

System: AMD Ryzen 7 5800X 8-Core Processor, 8 cores, 31 GB RAM

RAxML-NG was called at 27-Jun-2023 13:41:51 as follows:

/home/fili/Documents/KIT/2023/BA/resources/tools/RAxML-NG/raxml-ng --msa /home/fili/Documents/KIT/2023/BA/code/output/families/ssim_DL_s20_f100_sites200_GTR_bl1.0_d1.0_l1.0_t0.0_gc0.0_p0.0_pop10_ms0.0_mf0.0_seed121873/families/family_075/alignment.msa --model F81 --prefix /home/fili/Documents/KIT/2023/BA/code/output/families/ssim_DL_s20_f100_sites200_GTR_bl1.0_d1.0_l1.0_t0.0_gc0.0_p0.0_pop10_ms0.0_mf0.0_seed121873/families/family_075/misc/raxml_output.F81

Analysis options:
  run mode: ML tree search
  start tree(s): random (10) + parsimony (10)
  random seed: 1687866111
  tip-inner: OFF
  pattern compression: ON
  per-rate scalers: OFF
  site repeats: ON
  fast spr radius: AUTO
  spr subtree cutoff: 1.000000
  branch lengths: proportional (ML estimate, algorithm: NR-FAST)
  SIMD kernels: AVX2
  parallelization: coarse-grained (auto), PTHREADS (auto)

[00:00:00] Reading alignment from file: /home/fili/Documents/KIT/2023/BA/code/output/families/ssim_DL_s20_f100_sites200_GTR_bl1.0_d1.0_l1.0_t0.0_gc0.0_p0.0_pop10_ms0.0_mf0.0_seed121873/families/family_075/alignment.msa
[00:00:00] Loaded alignment with 26 taxa and 201 sites

Alignment comprises 1 partitions and 127 patterns

Partition 0: noname
Model: F81+FO
Alignment sites / patterns: 201 / 127
Gaps: 0.00 %
Invariant sites: 34.83 %


NOTE: Binary MSA file created: /home/fili/Documents/KIT/2023/BA/code/output/families/ssim_DL_s20_f100_sites200_GTR_bl1.0_d1.0_l1.0_t0.0_gc0.0_p0.0_pop10_ms0.0_mf0.0_seed121873/families/family_075/misc/raxml_output.F81.raxml.rba

Parallelization scheme autoconfig: 8 worker(s) x 1 thread(s)

Parallel reduction/worker buffer size: 1 KB  / 0 KB

[00:00:00] Generating 10 random starting tree(s) with 26 taxa
[00:00:00] Generating 10 parsimony starting tree(s) with 26 taxa
[00:00:00] Data distribution: max. partitions/sites/weight per thread: 1 / 127 / 508
[00:00:00] Data distribution: max. searches per worker: 3

Starting ML tree search with 20 distinct starting trees

[00:00:00 -3442.098112] Initial branch length optimization
[00:00:00 -3185.004809] Model parameter optimization (eps = 10.000000)
[00:00:00 -3096.569546] AUTODETECT spr round 1 (radius: 5)
[00:00:00 -2018.633719] AUTODETECT spr round 2 (radius: 10)
[00:00:00 -2018.632521] SPR radius for FAST iterations: 5 (autodetect)
[00:00:00 -2018.632521] Model parameter optimization (eps = 3.000000)
[00:00:00 -2017.469404] FAST spr round 1 (radius: 5)
[00:00:00 -1950.920353] FAST spr round 2 (radius: 5)
[00:00:00 -1950.920312] Model parameter optimization (eps = 1.000000)
[00:00:00 -1950.829583] SLOW spr round 1 (radius: 5)
[00:00:00 -1950.829174] SLOW spr round 2 (radius: 10)
[00:00:00 -1950.829169] SLOW spr round 3 (radius: 15)
[00:00:00 -1950.829169] SLOW spr round 4 (radius: 20)
[00:00:00 -1950.829169] SLOW spr round 5 (radius: 25)
[00:00:00 -1950.829169] Model parameter optimization (eps = 0.100000)

[00:00:00] [worker #0] ML tree search #1, logLikelihood: -1950.829021

[00:00:00] [worker #3] ML tree search #4, logLikelihood: -1950.829022
[00:00:00 -3467.652247] Initial branch length optimization
[00:00:00 -3207.430552] Model parameter optimization (eps = 10.000000)
[00:00:00 -3126.326024] AUTODETECT spr round 1 (radius: 5)
[00:00:00 -2087.315188] AUTODETECT spr round 2 (radius: 10)
[00:00:00] [worker #2] ML tree search #3, logLikelihood: -1950.829022
[00:00:00 -2012.445782] AUTODETECT spr round 3 (radius: 15)
[00:00:00 -2012.441992] SPR radius for FAST iterations: 10 (autodetect)
[00:00:00 -2012.441992] Model parameter optimization (eps = 3.000000)
[00:00:00 -2010.786751] FAST spr round 1 (radius: 10)
[00:00:00] [worker #6] ML tree search #7, logLikelihood: -1950.829022
[00:00:00] [worker #4] ML tree search #5, logLikelihood: -1950.829021
[00:00:00 -1966.014262] FAST spr round 2 (radius: 10)
[00:00:00] [worker #1] ML tree search #2, logLikelihood: -1950.829091
[00:00:00] [worker #7] ML tree search #8, logLikelihood: -1950.829024
[00:00:00 -1953.566372] FAST spr round 3 (radius: 10)
[00:00:00 -1953.349324] FAST spr round 4 (radius: 10)
[00:00:00 -1953.349310] Model parameter optimization (eps = 1.000000)
[00:00:00 -1953.241079] SLOW spr round 1 (radius: 5)
[00:00:00] [worker #5] ML tree search #6, logLikelihood: -1950.829156
[00:00:00 -1952.637672] SLOW spr round 2 (radius: 5)
[00:00:00] [worker #4] ML tree search #13, logLikelihood: -1950.829022
[00:00:00] [worker #3] ML tree search #12, logLikelihood: -1950.829020
[00:00:00 -1950.845386] SLOW spr round 3 (radius: 5)
[00:00:00 -1950.845378] SLOW spr round 4 (radius: 10)
[00:00:00] [worker #7] ML tree search #16, logLikelihood: -1950.829030
[00:00:00] [worker #5] ML tree search #14, logLikelihood: -1950.829020
[00:00:00] [worker #1] ML tree search #10, logLikelihood: -1950.829024
[00:00:00 -1950.845378] SLOW spr round 5 (radius: 15)
[00:00:00 -1950.845378] SLOW spr round 6 (radius: 20)
[00:00:00 -1950.845378] SLOW spr round 7 (radius: 25)
[00:00:00 -1950.845378] Model parameter optimization (eps = 0.100000)

[00:00:00] [worker #0] ML tree search #9, logLikelihood: -1950.829160

[00:00:00 -2373.681950] Initial branch length optimization
[00:00:00 -2003.500495] Model parameter optimization (eps = 10.000000)
[00:00:00 -1961.758137] AUTODETECT spr round 1 (radius: 5)
[00:00:00 -1951.816112] AUTODETECT spr round 2 (radius: 10)
[00:00:00 -1951.815142] SPR radius for FAST iterations: 5 (autodetect)
[00:00:00 -1951.815142] Model parameter optimization (eps = 3.000000)
[00:00:00] [worker #6] ML tree search #15, logLikelihood: -1950.829117
[00:00:00 -1951.649535] FAST spr round 1 (radius: 5)
[00:00:00] [worker #2] ML tree search #11, logLikelihood: -1950.829123
[00:00:00 -1951.649493] Model parameter optimization (eps = 1.000000)
[00:00:00 -1951.649458] SLOW spr round 1 (radius: 5)
[00:00:00] [worker #3] ML tree search #20, logLikelihood: -1950.829021
[00:00:00 -1951.357125] SLOW spr round 2 (radius: 5)
[00:00:00 -1951.221347] SLOW spr round 3 (radius: 5)
[00:00:00] [worker #1] ML tree search #18, logLikelihood: -1950.829020
[00:00:00 -1950.963448] SLOW spr round 4 (radius: 5)
[00:00:00 -1950.963365] SLOW spr round 5 (radius: 10)
[00:00:00 -1950.963364] SLOW spr round 6 (radius: 15)
[00:00:00 -1950.963364] SLOW spr round 7 (radius: 20)
[00:00:00 -1950.963364] SLOW spr round 8 (radius: 25)
[00:00:00 -1950.963364] Model parameter optimization (eps = 0.100000)

[00:00:00] [worker #0] ML tree search #17, logLikelihood: -1950.829191

[00:00:00] [worker #2] ML tree search #19, logLikelihood: -1950.829143

Optimized model parameters:

   Partition 0: noname
   Rate heterogeneity: NONE
   Base frequencies (ML): 0.350461 0.134679 0.338371 0.176489 
   Substitution rates (model): 1.000000 1.000000 1.000000 1.000000 1.000000 1.000000 


Final LogLikelihood: -1950.829020

AIC score: 4005.658040 / AICc score: 4042.901283 / BIC score: 4177.429895
Free parameters (model + branch lengths): 52

Best ML tree saved to: /home/fili/Documents/KIT/2023/BA/code/output/families/ssim_DL_s20_f100_sites200_GTR_bl1.0_d1.0_l1.0_t0.0_gc0.0_p0.0_pop10_ms0.0_mf0.0_seed121873/families/family_075/misc/raxml_output.F81.raxml.bestTree
All ML trees saved to: /home/fili/Documents/KIT/2023/BA/code/output/families/ssim_DL_s20_f100_sites200_GTR_bl1.0_d1.0_l1.0_t0.0_gc0.0_p0.0_pop10_ms0.0_mf0.0_seed121873/families/family_075/misc/raxml_output.F81.raxml.mlTrees
Optimized model saved to: /home/fili/Documents/KIT/2023/BA/code/output/families/ssim_DL_s20_f100_sites200_GTR_bl1.0_d1.0_l1.0_t0.0_gc0.0_p0.0_pop10_ms0.0_mf0.0_seed121873/families/family_075/misc/raxml_output.F81.raxml.bestModel

Execution log saved to: /home/fili/Documents/KIT/2023/BA/code/output/families/ssim_DL_s20_f100_sites200_GTR_bl1.0_d1.0_l1.0_t0.0_gc0.0_p0.0_pop10_ms0.0_mf0.0_seed121873/families/family_075/misc/raxml_output.F81.raxml.log

Analysis started: 27-Jun-2023 13:41:51 / finished: 27-Jun-2023 13:41:52

Elapsed time: 0.538 seconds

