
RAxML-NG v. 1.1.0 released on 29.11.2021 by The Exelixis Lab.
Developed by: Alexey M. Kozlov and Alexandros Stamatakis.
Contributors: Diego Darriba, Tomas Flouri, Benoit Morel, Sarah Lutteropp, Ben Bettisworth.
Latest version: https://github.com/amkozlov/raxml-ng
Questions/problems/suggestions? Please visit: https://groups.google.com/forum/#!forum/raxml

System: AMD Ryzen 7 5800X 8-Core Processor, 8 cores, 31 GB RAM

RAxML-NG was called at 27-Jun-2023 13:47:07 as follows:

/home/fili/Documents/KIT/2023/BA/resources/tools/RAxML-NG/raxml-ng --msa /home/fili/Documents/KIT/2023/BA/code/output/families/ssim_NE_s20_f100_sites200_GTR_bl1.0_d0.0_l0.0_t0.0_gc0.0_p0.0_pop10_ms0.0_mf0.0_seed121873/families/family_086/alignment.msa --model F81 --prefix /home/fili/Documents/KIT/2023/BA/code/output/families/ssim_NE_s20_f100_sites200_GTR_bl1.0_d0.0_l0.0_t0.0_gc0.0_p0.0_pop10_ms0.0_mf0.0_seed121873/families/family_086/misc/raxml_output.F81

Analysis options:
  run mode: ML tree search
  start tree(s): random (10) + parsimony (10)
  random seed: 1687866427
  tip-inner: OFF
  pattern compression: ON
  per-rate scalers: OFF
  site repeats: ON
  fast spr radius: AUTO
  spr subtree cutoff: 1.000000
  branch lengths: proportional (ML estimate, algorithm: NR-FAST)
  SIMD kernels: AVX2
  parallelization: coarse-grained (auto), PTHREADS (auto)

[00:00:00] Reading alignment from file: /home/fili/Documents/KIT/2023/BA/code/output/families/ssim_NE_s20_f100_sites200_GTR_bl1.0_d0.0_l0.0_t0.0_gc0.0_p0.0_pop10_ms0.0_mf0.0_seed121873/families/family_086/alignment.msa
[00:00:00] Loaded alignment with 20 taxa and 182 sites

WARNING: Sequences 19_0_0 and 13_0_0 are exactly identical!
WARNING: Duplicate sequences found: 1

NOTE: Reduced alignment (with duplicates and gap-only sites/taxa removed) 
NOTE: was saved to: /home/fili/Documents/KIT/2023/BA/code/output/families/ssim_NE_s20_f100_sites200_GTR_bl1.0_d0.0_l0.0_t0.0_gc0.0_p0.0_pop10_ms0.0_mf0.0_seed121873/families/family_086/misc/raxml_output.F81.raxml.reduced.phy

Alignment comprises 1 partitions and 48 patterns

Partition 0: noname
Model: F81+FO
Alignment sites / patterns: 182 / 48
Gaps: 0.00 %
Invariant sites: 74.18 %


NOTE: Binary MSA file created: /home/fili/Documents/KIT/2023/BA/code/output/families/ssim_NE_s20_f100_sites200_GTR_bl1.0_d0.0_l0.0_t0.0_gc0.0_p0.0_pop10_ms0.0_mf0.0_seed121873/families/family_086/misc/raxml_output.F81.raxml.rba

Parallelization scheme autoconfig: 8 worker(s) x 1 thread(s)

Parallel reduction/worker buffer size: 1 KB  / 0 KB

[00:00:00] Generating 10 random starting tree(s) with 20 taxa
[00:00:00] Generating 10 parsimony starting tree(s) with 20 taxa
[00:00:00] Data distribution: max. partitions/sites/weight per thread: 1 / 48 / 192
[00:00:00] Data distribution: max. searches per worker: 3

Starting ML tree search with 20 distinct starting trees

[00:00:00 -1517.108470] Initial branch length optimization
[00:00:00 -1226.878020] Model parameter optimization (eps = 10.000000)
[00:00:00 -1209.908721] AUTODETECT spr round 1 (radius: 5)
[00:00:00 -889.249630] AUTODETECT spr round 2 (radius: 10)
[00:00:00 -889.241130] SPR radius for FAST iterations: 5 (autodetect)
[00:00:00 -889.241130] Model parameter optimization (eps = 3.000000)
[00:00:00 -888.946129] FAST spr round 1 (radius: 5)
[00:00:00 -868.487560] FAST spr round 2 (radius: 5)
[00:00:00 -868.487559] Model parameter optimization (eps = 1.000000)
[00:00:00 -867.717785] SLOW spr round 1 (radius: 5)
[00:00:00 -867.326977] SLOW spr round 2 (radius: 5)
[00:00:00] [worker #1] ML tree search #2, logLikelihood: -866.511283
[00:00:00] [worker #4] ML tree search #5, logLikelihood: -867.212380
[00:00:00 -867.244598] SLOW spr round 3 (radius: 10)
[00:00:00] [worker #5] ML tree search #6, logLikelihood: -867.212380
[00:00:00] [worker #7] ML tree search #8, logLikelihood: -866.511283
[00:00:00] [worker #3] ML tree search #4, logLikelihood: -867.212380
[00:00:00] [worker #6] ML tree search #7, logLikelihood: -867.212380
[00:00:00 -867.244561] SLOW spr round 4 (radius: 15)
[00:00:00 -867.244561] SLOW spr round 5 (radius: 20)
[00:00:00 -867.244561] Model parameter optimization (eps = 0.100000)

[00:00:00] [worker #0] ML tree search #1, logLikelihood: -867.212440

[00:00:00 -1514.194204] Initial branch length optimization
[00:00:00 -1204.945351] Model parameter optimization (eps = 10.000000)
[00:00:00] [worker #2] ML tree search #3, logLikelihood: -867.212383
[00:00:00 -1189.514848] AUTODETECT spr round 1 (radius: 5)
[00:00:00 -906.320312] AUTODETECT spr round 2 (radius: 10)
[00:00:00 -906.319120] SPR radius for FAST iterations: 5 (autodetect)
[00:00:00 -906.319120] Model parameter optimization (eps = 3.000000)
[00:00:00 -903.704529] FAST spr round 1 (radius: 5)
[00:00:00 -867.294612] FAST spr round 2 (radius: 5)
[00:00:00] [worker #4] ML tree search #13, logLikelihood: -867.212380
[00:00:00 -867.294606] Model parameter optimization (eps = 1.000000)
[00:00:00 -867.212487] SLOW spr round 1 (radius: 5)
[00:00:00] [worker #5] ML tree search #14, logLikelihood: -866.511284
[00:00:00] [worker #1] ML tree search #10, logLikelihood: -867.212384
[00:00:00 -867.212402] SLOW spr round 2 (radius: 10)
[00:00:00] [worker #6] ML tree search #15, logLikelihood: -867.212380
[00:00:00 -867.212402] SLOW spr round 3 (radius: 15)
[00:00:00 -867.212402] SLOW spr round 4 (radius: 20)
[00:00:00 -867.212402] Model parameter optimization (eps = 0.100000)

[00:00:00] [worker #0] ML tree search #9, logLikelihood: -867.212380

[00:00:00 -1266.049628] Initial branch length optimization
[00:00:00] [worker #7] ML tree search #16, logLikelihood: -867.212462
[00:00:00 -884.035366] Model parameter optimization (eps = 10.000000)
[00:00:00 -870.756860] AUTODETECT spr round 1 (radius: 5)
[00:00:00 -869.822868] AUTODETECT spr round 2 (radius: 10)
[00:00:00] [worker #3] ML tree search #12, logLikelihood: -867.212380
[00:00:00 -869.822295] SPR radius for FAST iterations: 5 (autodetect)
[00:00:00 -869.822295] Model parameter optimization (eps = 3.000000)
[00:00:00 -869.815051] FAST spr round 1 (radius: 5)
[00:00:00 -869.814995] Model parameter optimization (eps = 1.000000)
[00:00:00 -869.814983] SLOW spr round 1 (radius: 5)
[00:00:00] [worker #2] ML tree search #11, logLikelihood: -867.212380
[00:00:00 -869.814979] SLOW spr round 2 (radius: 10)
[00:00:00 -869.814978] SLOW spr round 3 (radius: 15)
[00:00:00 -869.814978] SLOW spr round 4 (radius: 20)
[00:00:00 -869.814978] Model parameter optimization (eps = 0.100000)

[00:00:00] [worker #0] ML tree search #17, logLikelihood: -869.814978

[00:00:00] [worker #1] ML tree search #18, logLikelihood: -867.212438
[00:00:00] [worker #3] ML tree search #20, logLikelihood: -866.511283
[00:00:00] [worker #2] ML tree search #19, logLikelihood: -867.212380

Optimized model parameters:

   Partition 0: noname
   Rate heterogeneity: NONE
   Base frequencies (ML): 0.371355 0.162303 0.239477 0.226864 
   Substitution rates (model): 1.000000 1.000000 1.000000 1.000000 1.000000 1.000000 


Final LogLikelihood: -866.511283

AIC score: 1813.022567 / AICc score: 1836.284978 / BIC score: 1941.182834
Free parameters (model + branch lengths): 40

Best ML tree saved to: /home/fili/Documents/KIT/2023/BA/code/output/families/ssim_NE_s20_f100_sites200_GTR_bl1.0_d0.0_l0.0_t0.0_gc0.0_p0.0_pop10_ms0.0_mf0.0_seed121873/families/family_086/misc/raxml_output.F81.raxml.bestTree
All ML trees saved to: /home/fili/Documents/KIT/2023/BA/code/output/families/ssim_NE_s20_f100_sites200_GTR_bl1.0_d0.0_l0.0_t0.0_gc0.0_p0.0_pop10_ms0.0_mf0.0_seed121873/families/family_086/misc/raxml_output.F81.raxml.mlTrees
Optimized model saved to: /home/fili/Documents/KIT/2023/BA/code/output/families/ssim_NE_s20_f100_sites200_GTR_bl1.0_d0.0_l0.0_t0.0_gc0.0_p0.0_pop10_ms0.0_mf0.0_seed121873/families/family_086/misc/raxml_output.F81.raxml.bestModel

Execution log saved to: /home/fili/Documents/KIT/2023/BA/code/output/families/ssim_NE_s20_f100_sites200_GTR_bl1.0_d0.0_l0.0_t0.0_gc0.0_p0.0_pop10_ms0.0_mf0.0_seed121873/families/family_086/misc/raxml_output.F81.raxml.log

Analysis started: 27-Jun-2023 13:47:07 / finished: 27-Jun-2023 13:47:07

Elapsed time: 0.165 seconds

