
RAxML-NG v. 1.1.0 released on 29.11.2021 by The Exelixis Lab.
Developed by: Alexey M. Kozlov and Alexandros Stamatakis.
Contributors: Diego Darriba, Tomas Flouri, Benoit Morel, Sarah Lutteropp, Ben Bettisworth.
Latest version: https://github.com/amkozlov/raxml-ng
Questions/problems/suggestions? Please visit: https://groups.google.com/forum/#!forum/raxml

System: AMD Ryzen 7 5800X 8-Core Processor, 8 cores, 31 GB RAM

RAxML-NG was called at 27-Jun-2023 13:43:38 as follows:

/home/fili/Documents/KIT/2023/BA/resources/tools/RAxML-NG/raxml-ng --msa /home/fili/Documents/KIT/2023/BA/code/output/families/ssim_DL_s20_f100_sites200_GTR_bl1.0_d1.0_l1.0_t0.0_gc0.0_p0.0_pop10_ms0.0_mf0.0_seed14976684177860080345/families/family_056/alignment.msa --model F81 --prefix /home/fili/Documents/KIT/2023/BA/code/output/families/ssim_DL_s20_f100_sites200_GTR_bl1.0_d1.0_l1.0_t0.0_gc0.0_p0.0_pop10_ms0.0_mf0.0_seed14976684177860080345/families/family_056/misc/raxml_output.F81

Analysis options:
  run mode: ML tree search
  start tree(s): random (10) + parsimony (10)
  random seed: 1687866218
  tip-inner: OFF
  pattern compression: ON
  per-rate scalers: OFF
  site repeats: ON
  fast spr radius: AUTO
  spr subtree cutoff: 1.000000
  branch lengths: proportional (ML estimate, algorithm: NR-FAST)
  SIMD kernels: AVX2
  parallelization: coarse-grained (auto), PTHREADS (auto)

[00:00:00] Reading alignment from file: /home/fili/Documents/KIT/2023/BA/code/output/families/ssim_DL_s20_f100_sites200_GTR_bl1.0_d1.0_l1.0_t0.0_gc0.0_p0.0_pop10_ms0.0_mf0.0_seed14976684177860080345/families/family_056/alignment.msa
[00:00:00] Loaded alignment with 12 taxa and 159 sites

WARNING: Sequences 10_3_0 and 5_3_0 are exactly identical!
WARNING: Sequences 10_3_0 and 7_0_0 are exactly identical!
WARNING: Duplicate sequences found: 2

NOTE: Reduced alignment (with duplicates and gap-only sites/taxa removed) 
NOTE: was saved to: /home/fili/Documents/KIT/2023/BA/code/output/families/ssim_DL_s20_f100_sites200_GTR_bl1.0_d1.0_l1.0_t0.0_gc0.0_p0.0_pop10_ms0.0_mf0.0_seed14976684177860080345/families/family_056/misc/raxml_output.F81.raxml.reduced.phy

Alignment comprises 1 partitions and 60 patterns

Partition 0: noname
Model: F81+FO
Alignment sites / patterns: 159 / 60
Gaps: 0.00 %
Invariant sites: 47.17 %


NOTE: Binary MSA file created: /home/fili/Documents/KIT/2023/BA/code/output/families/ssim_DL_s20_f100_sites200_GTR_bl1.0_d1.0_l1.0_t0.0_gc0.0_p0.0_pop10_ms0.0_mf0.0_seed14976684177860080345/families/family_056/misc/raxml_output.F81.raxml.rba

Parallelization scheme autoconfig: 8 worker(s) x 1 thread(s)

Parallel reduction/worker buffer size: 1 KB  / 0 KB

[00:00:00] Generating 10 random starting tree(s) with 12 taxa
[00:00:00] Generating 10 parsimony starting tree(s) with 12 taxa
[00:00:00] Data distribution: max. partitions/sites/weight per thread: 1 / 60 / 240
[00:00:00] Data distribution: max. searches per worker: 3

Starting ML tree search with 20 distinct starting trees

[00:00:00 -986.358659] Initial branch length optimization
[00:00:00 -750.194561] Model parameter optimization (eps = 10.000000)
[00:00:00 -737.854402] AUTODETECT spr round 1 (radius: 5)
[00:00:00 -726.829448] AUTODETECT spr round 2 (radius: 10)
[00:00:00 -726.829357] SPR radius for FAST iterations: 5 (autodetect)
[00:00:00 -726.829357] Model parameter optimization (eps = 3.000000)
[00:00:00 -726.811445] FAST spr round 1 (radius: 5)
[00:00:00 -726.811442] Model parameter optimization (eps = 1.000000)
[00:00:00 -726.811439] SLOW spr round 1 (radius: 5)
[00:00:00 -726.437569] SLOW spr round 2 (radius: 5)
[00:00:00] [worker #4] ML tree search #5, logLikelihood: -721.714764
[00:00:00] [worker #7] ML tree search #8, logLikelihood: -721.714764
[00:00:00 -721.972396] SLOW spr round 3 (radius: 5)
[00:00:00] [worker #6] ML tree search #7, logLikelihood: -721.714764
[00:00:00] [worker #2] ML tree search #3, logLikelihood: -721.967475
[00:00:00] [worker #1] ML tree search #2, logLikelihood: -721.714764
[00:00:00] [worker #3] ML tree search #4, logLikelihood: -721.714764
[00:00:00 -721.972394] SLOW spr round 4 (radius: 10)
[00:00:00] [worker #5] ML tree search #6, logLikelihood: -721.714764
[00:00:00 -721.740343] SLOW spr round 5 (radius: 5)
[00:00:00 -721.740343] SLOW spr round 6 (radius: 10)
[00:00:00 -721.740343] Model parameter optimization (eps = 0.100000)

[00:00:00] [worker #0] ML tree search #1, logLikelihood: -721.714771

[00:00:00] [worker #2] ML tree search #11, logLikelihood: -721.967472
[00:00:00 -985.820985] Initial branch length optimization
[00:00:00 -750.573181] Model parameter optimization (eps = 10.000000)
[00:00:00 -738.176197] AUTODETECT spr round 1 (radius: 5)
[00:00:00] [worker #5] ML tree search #14, logLikelihood: -721.714762
[00:00:00] [worker #4] ML tree search #13, logLikelihood: -721.967472
[00:00:00 -729.782480] AUTODETECT spr round 2 (radius: 10)
[00:00:00 -729.782403] SPR radius for FAST iterations: 5 (autodetect)
[00:00:00 -729.782403] Model parameter optimization (eps = 3.000000)
[00:00:00 -729.767596] FAST spr round 1 (radius: 5)
[00:00:00 -729.767593] Model parameter optimization (eps = 1.000000)
[00:00:00 -729.767586] SLOW spr round 1 (radius: 5)
[00:00:00] [worker #7] ML tree search #16, logLikelihood: -721.714764
[00:00:00] [worker #1] ML tree search #10, logLikelihood: -721.714764
[00:00:00] [worker #2] ML tree search #19, logLikelihood: -721.967472
[00:00:00] [worker #3] ML tree search #12, logLikelihood: -721.714765
[00:00:00] [worker #6] ML tree search #15, logLikelihood: -721.714765
[00:00:00 -721.724685] SLOW spr round 2 (radius: 5)
[00:00:00 -721.724683] SLOW spr round 3 (radius: 10)
[00:00:00 -721.724683] Model parameter optimization (eps = 0.100000)

[00:00:00] [worker #0] ML tree search #9, logLikelihood: -721.714769

[00:00:00 -939.863943] Initial branch length optimization
[00:00:00 -738.948907] Model parameter optimization (eps = 10.000000)
[00:00:00 -728.160068] AUTODETECT spr round 1 (radius: 5)
[00:00:00 -724.894478] AUTODETECT spr round 2 (radius: 10)
[00:00:00 -724.894474] SPR radius for FAST iterations: 5 (autodetect)
[00:00:00 -724.894474] Model parameter optimization (eps = 3.000000)
[00:00:00 -724.889421] FAST spr round 1 (radius: 5)
[00:00:00 -721.715337] FAST spr round 2 (radius: 5)
[00:00:00 -721.715337] Model parameter optimization (eps = 1.000000)
[00:00:00] [worker #1] ML tree search #18, logLikelihood: -721.714764
[00:00:00 -721.714764] SLOW spr round 1 (radius: 5)
[00:00:00] [worker #3] ML tree search #20, logLikelihood: -721.714765
[00:00:00 -721.714763] SLOW spr round 2 (radius: 10)
[00:00:00 -721.714763] Model parameter optimization (eps = 0.100000)

[00:00:00] [worker #0] ML tree search #17, logLikelihood: -721.714762


Optimized model parameters:

   Partition 0: noname
   Rate heterogeneity: NONE
   Base frequencies (ML): 0.313944 0.182793 0.321521 0.181742 
   Substitution rates (model): 1.000000 1.000000 1.000000 1.000000 1.000000 1.000000 


Final LogLikelihood: -721.714762

AIC score: 1491.429525 / AICc score: 1500.384749 / BIC score: 1565.083226
Free parameters (model + branch lengths): 24

WARNING: Best ML tree contains 4 near-zero branches!

Best ML tree with collapsed near-zero branches saved to: /home/fili/Documents/KIT/2023/BA/code/output/families/ssim_DL_s20_f100_sites200_GTR_bl1.0_d1.0_l1.0_t0.0_gc0.0_p0.0_pop10_ms0.0_mf0.0_seed14976684177860080345/families/family_056/misc/raxml_output.F81.raxml.bestTreeCollapsed
Best ML tree saved to: /home/fili/Documents/KIT/2023/BA/code/output/families/ssim_DL_s20_f100_sites200_GTR_bl1.0_d1.0_l1.0_t0.0_gc0.0_p0.0_pop10_ms0.0_mf0.0_seed14976684177860080345/families/family_056/misc/raxml_output.F81.raxml.bestTree
All ML trees saved to: /home/fili/Documents/KIT/2023/BA/code/output/families/ssim_DL_s20_f100_sites200_GTR_bl1.0_d1.0_l1.0_t0.0_gc0.0_p0.0_pop10_ms0.0_mf0.0_seed14976684177860080345/families/family_056/misc/raxml_output.F81.raxml.mlTrees
Optimized model saved to: /home/fili/Documents/KIT/2023/BA/code/output/families/ssim_DL_s20_f100_sites200_GTR_bl1.0_d1.0_l1.0_t0.0_gc0.0_p0.0_pop10_ms0.0_mf0.0_seed14976684177860080345/families/family_056/misc/raxml_output.F81.raxml.bestModel

Execution log saved to: /home/fili/Documents/KIT/2023/BA/code/output/families/ssim_DL_s20_f100_sites200_GTR_bl1.0_d1.0_l1.0_t0.0_gc0.0_p0.0_pop10_ms0.0_mf0.0_seed14976684177860080345/families/family_056/misc/raxml_output.F81.raxml.log

Analysis started: 27-Jun-2023 13:43:38 / finished: 27-Jun-2023 13:43:38

Elapsed time: 0.105 seconds

