
RAxML-NG v. 1.1.0 released on 29.11.2021 by The Exelixis Lab.
Developed by: Alexey M. Kozlov and Alexandros Stamatakis.
Contributors: Diego Darriba, Tomas Flouri, Benoit Morel, Sarah Lutteropp, Ben Bettisworth.
Latest version: https://github.com/amkozlov/raxml-ng
Questions/problems/suggestions? Please visit: https://groups.google.com/forum/#!forum/raxml

System: AMD Ryzen 7 5800X 8-Core Processor, 8 cores, 31 GB RAM

RAxML-NG was called at 27-Jun-2023 12:59:31 as follows:

/home/fili/Documents/KIT/2023/BA/resources/tools/RAxML-NG/raxml-ng --msa /home/fili/Documents/KIT/2023/BA/code/output/families/ssim_DL_s20_f100_sites200_GTR_bl1.0_d1.0_l1.0_t0.0_gc0.0_p0.0_pop10_ms0.0_mf0.0_seed42/families/family_029/alignment.msa --model F81 --prefix /home/fili/Documents/KIT/2023/BA/code/output/families/ssim_DL_s20_f100_sites200_GTR_bl1.0_d1.0_l1.0_t0.0_gc0.0_p0.0_pop10_ms0.0_mf0.0_seed42/families/family_029/misc/raxml_output.F81

Analysis options:
  run mode: ML tree search
  start tree(s): random (10) + parsimony (10)
  random seed: 1687863571
  tip-inner: OFF
  pattern compression: ON
  per-rate scalers: OFF
  site repeats: ON
  fast spr radius: AUTO
  spr subtree cutoff: 1.000000
  branch lengths: proportional (ML estimate, algorithm: NR-FAST)
  SIMD kernels: AVX2
  parallelization: coarse-grained (auto), PTHREADS (auto)

[00:00:00] Reading alignment from file: /home/fili/Documents/KIT/2023/BA/code/output/families/ssim_DL_s20_f100_sites200_GTR_bl1.0_d1.0_l1.0_t0.0_gc0.0_p0.0_pop10_ms0.0_mf0.0_seed42/families/family_029/alignment.msa
[00:00:00] Loaded alignment with 30 taxa and 173 sites

WARNING: Sequences 9_0_0 and 13_0_0 are exactly identical!
WARNING: Sequences 4_0_0 and 12_0_0 are exactly identical!
WARNING: Sequences 3_1_0 and 2_1_0 are exactly identical!
WARNING: Sequences 3_1_0 and 1_1_0 are exactly identical!
WARNING: Duplicate sequences found: 4

NOTE: Reduced alignment (with duplicates and gap-only sites/taxa removed) 
NOTE: was saved to: /home/fili/Documents/KIT/2023/BA/code/output/families/ssim_DL_s20_f100_sites200_GTR_bl1.0_d1.0_l1.0_t0.0_gc0.0_p0.0_pop10_ms0.0_mf0.0_seed42/families/family_029/misc/raxml_output.F81.raxml.reduced.phy

Alignment comprises 1 partitions and 107 patterns

Partition 0: noname
Model: F81+FO
Alignment sites / patterns: 173 / 107
Gaps: 0.00 %
Invariant sites: 38.15 %


NOTE: Binary MSA file created: /home/fili/Documents/KIT/2023/BA/code/output/families/ssim_DL_s20_f100_sites200_GTR_bl1.0_d1.0_l1.0_t0.0_gc0.0_p0.0_pop10_ms0.0_mf0.0_seed42/families/family_029/misc/raxml_output.F81.raxml.rba

Parallelization scheme autoconfig: 8 worker(s) x 1 thread(s)

Parallel reduction/worker buffer size: 1 KB  / 0 KB

[00:00:00] Generating 10 random starting tree(s) with 30 taxa
[00:00:00] Generating 10 parsimony starting tree(s) with 30 taxa
[00:00:00] Data distribution: max. partitions/sites/weight per thread: 1 / 107 / 428
[00:00:00] Data distribution: max. searches per worker: 3

Starting ML tree search with 20 distinct starting trees

[00:00:00 -3201.403119] Initial branch length optimization
[00:00:00 -2824.320647] Model parameter optimization (eps = 10.000000)
[00:00:00 -2754.183155] AUTODETECT spr round 1 (radius: 5)
[00:00:00 -1937.618694] AUTODETECT spr round 2 (radius: 10)
[00:00:00 -1761.883167] AUTODETECT spr round 3 (radius: 15)
[00:00:00 -1761.883086] SPR radius for FAST iterations: 10 (autodetect)
[00:00:00 -1761.883086] Model parameter optimization (eps = 3.000000)
[00:00:00 -1758.930556] FAST spr round 1 (radius: 10)
[00:00:00 -1469.578886] FAST spr round 2 (radius: 10)
[00:00:00 -1431.268322] FAST spr round 3 (radius: 10)
[00:00:00 -1431.268322] Model parameter optimization (eps = 1.000000)
[00:00:00 -1429.651152] SLOW spr round 1 (radius: 5)
[00:00:00 -1429.651060] SLOW spr round 2 (radius: 10)
[00:00:00] [worker #4] ML tree search #5, logLikelihood: -1429.650885
[00:00:00] [worker #1] ML tree search #2, logLikelihood: -1429.650890
[00:00:00] [worker #5] ML tree search #6, logLikelihood: -1429.650883
[00:00:00 -1429.651060] SLOW spr round 3 (radius: 15)
[00:00:00 -1429.651060] SLOW spr round 4 (radius: 20)
[00:00:00 -1429.651060] SLOW spr round 5 (radius: 25)
[00:00:00 -1429.651060] Model parameter optimization (eps = 0.100000)

[00:00:00] [worker #0] ML tree search #1, logLikelihood: -1429.650907

[00:00:00 -3174.786803] Initial branch length optimization
[00:00:00 -2780.478775] Model parameter optimization (eps = 10.000000)
[00:00:00 -2712.233699] AUTODETECT spr round 1 (radius: 5)
[00:00:00] [worker #6] ML tree search #7, logLikelihood: -1429.650884
[00:00:00] [worker #2] ML tree search #3, logLikelihood: -1429.650884
[00:00:00] [worker #3] ML tree search #4, logLikelihood: -1429.650883
[00:00:00 -1505.735103] AUTODETECT spr round 2 (radius: 10)
[00:00:00] [worker #7] ML tree search #8, logLikelihood: -1429.650885
[00:00:00 -1494.572585] AUTODETECT spr round 3 (radius: 15)
[00:00:00 -1494.569636] SPR radius for FAST iterations: 10 (autodetect)
[00:00:00 -1494.569636] Model parameter optimization (eps = 3.000000)
[00:00:00 -1492.812661] FAST spr round 1 (radius: 10)
[00:00:00 -1441.107232] FAST spr round 2 (radius: 10)
[00:00:00 -1430.149707] FAST spr round 3 (radius: 10)
[00:00:00 -1429.821722] FAST spr round 4 (radius: 10)
[00:00:00 -1429.821710] Model parameter optimization (eps = 1.000000)
[00:00:00 -1429.651865] SLOW spr round 1 (radius: 5)
[00:00:00] [worker #4] ML tree search #13, logLikelihood: -1429.650884
[00:00:00] [worker #5] ML tree search #14, logLikelihood: -1429.650883
[00:00:00] [worker #2] ML tree search #11, logLikelihood: -1429.650883
[00:00:00 -1429.651485] SLOW spr round 2 (radius: 10)
[00:00:00] [worker #6] ML tree search #15, logLikelihood: -1429.650884
[00:00:00] [worker #7] ML tree search #16, logLikelihood: -1429.650884
[00:00:00] [worker #1] ML tree search #10, logLikelihood: -1429.650886
[00:00:00] [worker #3] ML tree search #12, logLikelihood: -1429.650884
[00:00:00 -1429.651485] SLOW spr round 3 (radius: 15)
[00:00:00 -1429.651485] SLOW spr round 4 (radius: 20)
[00:00:00 -1429.651485] SLOW spr round 5 (radius: 25)
[00:00:00 -1429.651485] Model parameter optimization (eps = 0.100000)

[00:00:00] [worker #0] ML tree search #9, logLikelihood: -1429.650887

[00:00:00 -2041.448294] Initial branch length optimization
[00:00:00 -1487.802678] Model parameter optimization (eps = 10.000000)
[00:00:00 -1454.027422] AUTODETECT spr round 1 (radius: 5)
[00:00:00 -1430.309915] AUTODETECT spr round 2 (radius: 10)
[00:00:00 -1430.309839] SPR radius for FAST iterations: 5 (autodetect)
[00:00:00 -1430.309839] Model parameter optimization (eps = 3.000000)
[00:00:00 -1430.258417] FAST spr round 1 (radius: 5)
[00:00:00 -1429.800170] FAST spr round 2 (radius: 5)
[00:00:00 -1429.654430] FAST spr round 3 (radius: 5)
[00:00:00 -1429.654430] Model parameter optimization (eps = 1.000000)
[00:00:00 -1429.650901] SLOW spr round 1 (radius: 5)
[00:00:00] [worker #2] ML tree search #19, logLikelihood: -1429.650883
[00:00:00 -1429.650891] SLOW spr round 2 (radius: 10)
[00:00:00] [worker #1] ML tree search #18, logLikelihood: -1429.650884
[00:00:00 -1429.650891] SLOW spr round 3 (radius: 15)
[00:00:00] [worker #3] ML tree search #20, logLikelihood: -1429.650885
[00:00:00 -1429.650891] SLOW spr round 4 (radius: 20)
[00:00:00 -1429.650891] SLOW spr round 5 (radius: 25)
[00:00:00 -1429.650891] Model parameter optimization (eps = 0.100000)

[00:00:00] [worker #0] ML tree search #17, logLikelihood: -1429.650883


Optimized model parameters:

   Partition 0: noname
   Rate heterogeneity: NONE
   Base frequencies (ML): 0.342235 0.122254 0.338271 0.197241 
   Substitution rates (model): 1.000000 1.000000 1.000000 1.000000 1.000000 1.000000 


Final LogLikelihood: -1429.650883

AIC score: 2979.301766 / AICc score: 3044.658909 / BIC score: 3168.499262
Free parameters (model + branch lengths): 60

WARNING: Best ML tree contains 2 near-zero branches!

Best ML tree with collapsed near-zero branches saved to: /home/fili/Documents/KIT/2023/BA/code/output/families/ssim_DL_s20_f100_sites200_GTR_bl1.0_d1.0_l1.0_t0.0_gc0.0_p0.0_pop10_ms0.0_mf0.0_seed42/families/family_029/misc/raxml_output.F81.raxml.bestTreeCollapsed
Best ML tree saved to: /home/fili/Documents/KIT/2023/BA/code/output/families/ssim_DL_s20_f100_sites200_GTR_bl1.0_d1.0_l1.0_t0.0_gc0.0_p0.0_pop10_ms0.0_mf0.0_seed42/families/family_029/misc/raxml_output.F81.raxml.bestTree
All ML trees saved to: /home/fili/Documents/KIT/2023/BA/code/output/families/ssim_DL_s20_f100_sites200_GTR_bl1.0_d1.0_l1.0_t0.0_gc0.0_p0.0_pop10_ms0.0_mf0.0_seed42/families/family_029/misc/raxml_output.F81.raxml.mlTrees
Optimized model saved to: /home/fili/Documents/KIT/2023/BA/code/output/families/ssim_DL_s20_f100_sites200_GTR_bl1.0_d1.0_l1.0_t0.0_gc0.0_p0.0_pop10_ms0.0_mf0.0_seed42/families/family_029/misc/raxml_output.F81.raxml.bestModel

Execution log saved to: /home/fili/Documents/KIT/2023/BA/code/output/families/ssim_DL_s20_f100_sites200_GTR_bl1.0_d1.0_l1.0_t0.0_gc0.0_p0.0_pop10_ms0.0_mf0.0_seed42/families/family_029/misc/raxml_output.F81.raxml.log

Analysis started: 27-Jun-2023 12:59:31 / finished: 27-Jun-2023 12:59:32

Elapsed time: 0.421 seconds

