
RAxML-NG v. 1.1.0 released on 29.11.2021 by The Exelixis Lab.
Developed by: Alexey M. Kozlov and Alexandros Stamatakis.
Contributors: Diego Darriba, Tomas Flouri, Benoit Morel, Sarah Lutteropp, Ben Bettisworth.
Latest version: https://github.com/amkozlov/raxml-ng
Questions/problems/suggestions? Please visit: https://groups.google.com/forum/#!forum/raxml

System: AMD Ryzen 7 5800X 8-Core Processor, 8 cores, 31 GB RAM

RAxML-NG was called at 27-Jun-2023 13:03:52 as follows:

/home/fili/Documents/KIT/2023/BA/resources/tools/RAxML-NG/raxml-ng --msa /home/fili/Documents/KIT/2023/BA/code/output/families/ssim_DL_s20_f100_sites200_GTR_bl1.0_d1.0_l1.0_t0.0_gc0.0_p0.0_pop10_ms0.0_mf0.0_seed19732311/families/family_019/alignment.msa --model F81 --prefix /home/fili/Documents/KIT/2023/BA/code/output/families/ssim_DL_s20_f100_sites200_GTR_bl1.0_d1.0_l1.0_t0.0_gc0.0_p0.0_pop10_ms0.0_mf0.0_seed19732311/families/family_019/misc/raxml_output.F81

Analysis options:
  run mode: ML tree search
  start tree(s): random (10) + parsimony (10)
  random seed: 1687863832
  tip-inner: OFF
  pattern compression: ON
  per-rate scalers: OFF
  site repeats: ON
  fast spr radius: AUTO
  spr subtree cutoff: 1.000000
  branch lengths: proportional (ML estimate, algorithm: NR-FAST)
  SIMD kernels: AVX2
  parallelization: coarse-grained (auto), PTHREADS (auto)

[00:00:00] Reading alignment from file: /home/fili/Documents/KIT/2023/BA/code/output/families/ssim_DL_s20_f100_sites200_GTR_bl1.0_d1.0_l1.0_t0.0_gc0.0_p0.0_pop10_ms0.0_mf0.0_seed19732311/families/family_019/alignment.msa
[00:00:00] Loaded alignment with 24 taxa and 158 sites

Alignment comprises 1 partitions and 77 patterns

Partition 0: noname
Model: F81+FO
Alignment sites / patterns: 158 / 77
Gaps: 0.00 %
Invariant sites: 51.27 %


NOTE: Binary MSA file created: /home/fili/Documents/KIT/2023/BA/code/output/families/ssim_DL_s20_f100_sites200_GTR_bl1.0_d1.0_l1.0_t0.0_gc0.0_p0.0_pop10_ms0.0_mf0.0_seed19732311/families/family_019/misc/raxml_output.F81.raxml.rba

Parallelization scheme autoconfig: 8 worker(s) x 1 thread(s)

Parallel reduction/worker buffer size: 1 KB  / 0 KB

[00:00:00] Generating 10 random starting tree(s) with 24 taxa
[00:00:00] Generating 10 parsimony starting tree(s) with 24 taxa
[00:00:00] Data distribution: max. partitions/sites/weight per thread: 1 / 77 / 308
[00:00:00] Data distribution: max. searches per worker: 3

Starting ML tree search with 20 distinct starting trees

[00:00:00 -2479.028372] Initial branch length optimization
[00:00:00 -2050.084462] Model parameter optimization (eps = 10.000000)
[00:00:00 -2022.870780] AUTODETECT spr round 1 (radius: 5)
[00:00:00 -1183.229855] AUTODETECT spr round 2 (radius: 10)
[00:00:00 -1183.229727] SPR radius for FAST iterations: 5 (autodetect)
[00:00:00 -1183.229727] Model parameter optimization (eps = 3.000000)
[00:00:00 -1181.237493] FAST spr round 1 (radius: 5)
[00:00:00 -1167.366926] FAST spr round 2 (radius: 5)
[00:00:00 -1155.210371] FAST spr round 3 (radius: 5)
[00:00:00 -1155.210354] Model parameter optimization (eps = 1.000000)
[00:00:00 -1155.102182] SLOW spr round 1 (radius: 5)
[00:00:00 -1155.102147] SLOW spr round 2 (radius: 10)
[00:00:00] [worker #4] ML tree search #5, logLikelihood: -1155.102101
[00:00:00 -1155.102147] SLOW spr round 3 (radius: 15)
[00:00:00 -1155.102147] SLOW spr round 4 (radius: 20)
[00:00:00] [worker #5] ML tree search #6, logLikelihood: -1155.102100
[00:00:00 -1155.102147] Model parameter optimization (eps = 0.100000)

[00:00:00] [worker #0] ML tree search #1, logLikelihood: -1155.102103

[00:00:00] [worker #1] ML tree search #2, logLikelihood: -1155.102100
[00:00:00 -2517.524381] Initial branch length optimization
[00:00:00] [worker #7] ML tree search #8, logLikelihood: -1155.102100
[00:00:00 -2207.782722] Model parameter optimization (eps = 10.000000)
[00:00:00] [worker #3] ML tree search #4, logLikelihood: -1155.102100
[00:00:00 -2169.096866] AUTODETECT spr round 1 (radius: 5)
[00:00:00 -1302.893904] AUTODETECT spr round 2 (radius: 10)
[00:00:00 -1221.804375] AUTODETECT spr round 3 (radius: 15)
[00:00:00] [worker #6] ML tree search #7, logLikelihood: -1155.102102
[00:00:00 -1221.768706] SPR radius for FAST iterations: 10 (autodetect)
[00:00:00 -1221.768706] Model parameter optimization (eps = 3.000000)
[00:00:00] [worker #2] ML tree search #3, logLikelihood: -1155.102103
[00:00:00 -1220.028291] FAST spr round 1 (radius: 10)
[00:00:00 -1155.832764] FAST spr round 2 (radius: 10)
[00:00:00 -1155.832763] Model parameter optimization (eps = 1.000000)
[00:00:00 -1155.771533] SLOW spr round 1 (radius: 5)
[00:00:00] [worker #4] ML tree search #13, logLikelihood: -1155.102100
[00:00:00 -1155.110206] SLOW spr round 2 (radius: 5)
[00:00:00] [worker #5] ML tree search #14, logLikelihood: -1155.102100
[00:00:00 -1155.110206] SLOW spr round 3 (radius: 10)
[00:00:00] [worker #3] ML tree search #12, logLikelihood: -1155.102100
[00:00:00] [worker #6] ML tree search #15, logLikelihood: -1155.102101
[00:00:00] [worker #1] ML tree search #10, logLikelihood: -1155.102101
[00:00:00] [worker #7] ML tree search #16, logLikelihood: -1155.102104
[00:00:00 -1155.110206] SLOW spr round 4 (radius: 15)
[00:00:00] [worker #2] ML tree search #11, logLikelihood: -1155.102103
[00:00:00 -1155.110206] SLOW spr round 5 (radius: 20)
[00:00:00 -1155.110206] Model parameter optimization (eps = 0.100000)

[00:00:00] [worker #0] ML tree search #9, logLikelihood: -1155.102103

[00:00:00 -1548.328946] Initial branch length optimization
[00:00:00 -1195.131515] Model parameter optimization (eps = 10.000000)
[00:00:00 -1175.117607] AUTODETECT spr round 1 (radius: 5)
[00:00:00 -1155.228350] AUTODETECT spr round 2 (radius: 10)
[00:00:00 -1155.228350] SPR radius for FAST iterations: 5 (autodetect)
[00:00:00 -1155.228350] Model parameter optimization (eps = 3.000000)
[00:00:00 -1155.102143] FAST spr round 1 (radius: 5)
[00:00:00 -1155.102108] Model parameter optimization (eps = 1.000000)
[00:00:00 -1155.102100] SLOW spr round 1 (radius: 5)
[00:00:00 -1155.102100] SLOW spr round 2 (radius: 10)
[00:00:00] [worker #1] ML tree search #18, logLikelihood: -1155.102101
[00:00:00] [worker #3] ML tree search #20, logLikelihood: -1155.102101
[00:00:00 -1155.102100] SLOW spr round 3 (radius: 15)
[00:00:00 -1155.102100] SLOW spr round 4 (radius: 20)
[00:00:00 -1155.102100] Model parameter optimization (eps = 0.100000)

[00:00:00] [worker #0] ML tree search #17, logLikelihood: -1155.102100

[00:00:00] [worker #2] ML tree search #19, logLikelihood: -1155.102100

Optimized model parameters:

   Partition 0: noname
   Rate heterogeneity: NONE
   Base frequencies (ML): 0.367586 0.183911 0.288139 0.160364 
   Substitution rates (model): 1.000000 1.000000 1.000000 1.000000 1.000000 1.000000 


Final LogLikelihood: -1155.102100

AIC score: 2406.204200 / AICc score: 2449.360163 / BIC score: 2553.208761
Free parameters (model + branch lengths): 48

WARNING: Best ML tree contains 1 near-zero branches!

Best ML tree with collapsed near-zero branches saved to: /home/fili/Documents/KIT/2023/BA/code/output/families/ssim_DL_s20_f100_sites200_GTR_bl1.0_d1.0_l1.0_t0.0_gc0.0_p0.0_pop10_ms0.0_mf0.0_seed19732311/families/family_019/misc/raxml_output.F81.raxml.bestTreeCollapsed
Best ML tree saved to: /home/fili/Documents/KIT/2023/BA/code/output/families/ssim_DL_s20_f100_sites200_GTR_bl1.0_d1.0_l1.0_t0.0_gc0.0_p0.0_pop10_ms0.0_mf0.0_seed19732311/families/family_019/misc/raxml_output.F81.raxml.bestTree
All ML trees saved to: /home/fili/Documents/KIT/2023/BA/code/output/families/ssim_DL_s20_f100_sites200_GTR_bl1.0_d1.0_l1.0_t0.0_gc0.0_p0.0_pop10_ms0.0_mf0.0_seed19732311/families/family_019/misc/raxml_output.F81.raxml.mlTrees
Optimized model saved to: /home/fili/Documents/KIT/2023/BA/code/output/families/ssim_DL_s20_f100_sites200_GTR_bl1.0_d1.0_l1.0_t0.0_gc0.0_p0.0_pop10_ms0.0_mf0.0_seed19732311/families/family_019/misc/raxml_output.F81.raxml.bestModel

Execution log saved to: /home/fili/Documents/KIT/2023/BA/code/output/families/ssim_DL_s20_f100_sites200_GTR_bl1.0_d1.0_l1.0_t0.0_gc0.0_p0.0_pop10_ms0.0_mf0.0_seed19732311/families/family_019/misc/raxml_output.F81.raxml.log

Analysis started: 27-Jun-2023 13:03:52 / finished: 27-Jun-2023 13:03:52

Elapsed time: 0.250 seconds

