
RAxML-NG v. 1.1.0 released on 29.11.2021 by The Exelixis Lab.
Developed by: Alexey M. Kozlov and Alexandros Stamatakis.
Contributors: Diego Darriba, Tomas Flouri, Benoit Morel, Sarah Lutteropp, Ben Bettisworth.
Latest version: https://github.com/amkozlov/raxml-ng
Questions/problems/suggestions? Please visit: https://groups.google.com/forum/#!forum/raxml

System: AMD Ryzen 7 5800X 8-Core Processor, 8 cores, 31 GB RAM

RAxML-NG was called at 27-Jun-2023 13:47:17 as follows:

/home/fili/Documents/KIT/2023/BA/resources/tools/RAxML-NG/raxml-ng --msa /home/fili/Documents/KIT/2023/BA/code/output/families/ssim_NE_s20_f100_sites200_GTR_bl1.0_d0.0_l0.0_t0.0_gc0.0_p0.0_pop10_ms0.0_mf0.0_seed121873/families/family_079/alignment.msa --model F81 --prefix /home/fili/Documents/KIT/2023/BA/code/output/families/ssim_NE_s20_f100_sites200_GTR_bl1.0_d0.0_l0.0_t0.0_gc0.0_p0.0_pop10_ms0.0_mf0.0_seed121873/families/family_079/misc/raxml_output.F81

Analysis options:
  run mode: ML tree search
  start tree(s): random (10) + parsimony (10)
  random seed: 1687866437
  tip-inner: OFF
  pattern compression: ON
  per-rate scalers: OFF
  site repeats: ON
  fast spr radius: AUTO
  spr subtree cutoff: 1.000000
  branch lengths: proportional (ML estimate, algorithm: NR-FAST)
  SIMD kernels: AVX2
  parallelization: coarse-grained (auto), PTHREADS (auto)

[00:00:00] Reading alignment from file: /home/fili/Documents/KIT/2023/BA/code/output/families/ssim_NE_s20_f100_sites200_GTR_bl1.0_d0.0_l0.0_t0.0_gc0.0_p0.0_pop10_ms0.0_mf0.0_seed121873/families/family_079/alignment.msa
[00:00:00] Loaded alignment with 20 taxa and 271 sites

WARNING: Sequences 2_0_0 and 12_0_0 are exactly identical!
WARNING: Duplicate sequences found: 1

NOTE: Reduced alignment (with duplicates and gap-only sites/taxa removed) 
NOTE: was saved to: /home/fili/Documents/KIT/2023/BA/code/output/families/ssim_NE_s20_f100_sites200_GTR_bl1.0_d0.0_l0.0_t0.0_gc0.0_p0.0_pop10_ms0.0_mf0.0_seed121873/families/family_079/misc/raxml_output.F81.raxml.reduced.phy

Alignment comprises 1 partitions and 104 patterns

Partition 0: noname
Model: F81+FO
Alignment sites / patterns: 271 / 104
Gaps: 0.00 %
Invariant sites: 54.98 %


NOTE: Binary MSA file created: /home/fili/Documents/KIT/2023/BA/code/output/families/ssim_NE_s20_f100_sites200_GTR_bl1.0_d0.0_l0.0_t0.0_gc0.0_p0.0_pop10_ms0.0_mf0.0_seed121873/families/family_079/misc/raxml_output.F81.raxml.rba

Parallelization scheme autoconfig: 8 worker(s) x 1 thread(s)

Parallel reduction/worker buffer size: 1 KB  / 0 KB

[00:00:00] Generating 10 random starting tree(s) with 20 taxa
[00:00:00] Generating 10 parsimony starting tree(s) with 20 taxa
[00:00:00] Data distribution: max. partitions/sites/weight per thread: 1 / 104 / 416
[00:00:00] Data distribution: max. searches per worker: 3

Starting ML tree search with 20 distinct starting trees

[00:00:00 -3368.636178] Initial branch length optimization
[00:00:00 -2972.704048] Model parameter optimization (eps = 10.000000)
[00:00:00 -2934.155332] AUTODETECT spr round 1 (radius: 5)
[00:00:00 -1752.951737] AUTODETECT spr round 2 (radius: 10)
[00:00:00 -1752.951650] SPR radius for FAST iterations: 5 (autodetect)
[00:00:00 -1752.951650] Model parameter optimization (eps = 3.000000)
[00:00:00 -1751.951322] FAST spr round 1 (radius: 5)
[00:00:00 -1635.089952] FAST spr round 2 (radius: 5)
[00:00:00 -1633.123659] FAST spr round 3 (radius: 5)
[00:00:00 -1632.277886] FAST spr round 4 (radius: 5)
[00:00:00 -1632.277882] Model parameter optimization (eps = 1.000000)
[00:00:00 -1632.218890] SLOW spr round 1 (radius: 5)
[00:00:00] [worker #5] ML tree search #6, logLikelihood: -1639.315719
[00:00:00] [worker #6] ML tree search #7, logLikelihood: -1632.218725
[00:00:00] [worker #3] ML tree search #4, logLikelihood: -1639.315721
[00:00:00] [worker #2] ML tree search #3, logLikelihood: -1632.218724
[00:00:00] [worker #1] ML tree search #2, logLikelihood: -1632.218724
[00:00:00] [worker #4] ML tree search #5, logLikelihood: -1632.218724
[00:00:00 -1632.218730] SLOW spr round 2 (radius: 10)
[00:00:00] [worker #7] ML tree search #8, logLikelihood: -1632.218724
[00:00:00 -1632.218730] SLOW spr round 3 (radius: 15)
[00:00:00 -1632.218730] SLOW spr round 4 (radius: 20)
[00:00:00 -1632.218730] Model parameter optimization (eps = 0.100000)

[00:00:00] [worker #0] ML tree search #1, logLikelihood: -1632.218727

[00:00:00 -3217.424268] Initial branch length optimization
[00:00:00 -2811.197398] Model parameter optimization (eps = 10.000000)
[00:00:00 -2770.557161] AUTODETECT spr round 1 (radius: 5)
[00:00:00 -1701.058952] AUTODETECT spr round 2 (radius: 10)
[00:00:00 -1701.058910] SPR radius for FAST iterations: 5 (autodetect)
[00:00:00 -1701.058910] Model parameter optimization (eps = 3.000000)
[00:00:00] [worker #3] ML tree search #12, logLikelihood: -1639.315721
[00:00:00 -1699.297881] FAST spr round 1 (radius: 5)
[00:00:00] [worker #5] ML tree search #14, logLikelihood: -1639.315719
[00:00:00 -1640.279003] FAST spr round 2 (radius: 5)
[00:00:00 -1639.353985] FAST spr round 3 (radius: 5)
[00:00:00] [worker #2] ML tree search #11, logLikelihood: -1632.218724
[00:00:00 -1639.353980] Model parameter optimization (eps = 1.000000)
[00:00:00 -1639.315726] SLOW spr round 1 (radius: 5)
[00:00:00] [worker #6] ML tree search #15, logLikelihood: -1632.218724
[00:00:00] [worker #1] ML tree search #10, logLikelihood: -1632.218724
[00:00:00] [worker #4] ML tree search #13, logLikelihood: -1632.218724
[00:00:00 -1639.315721] SLOW spr round 2 (radius: 10)
[00:00:00] [worker #7] ML tree search #16, logLikelihood: -1632.218727
[00:00:00 -1639.315721] SLOW spr round 3 (radius: 15)
[00:00:00 -1639.315721] SLOW spr round 4 (radius: 20)
[00:00:00 -1639.315721] Model parameter optimization (eps = 0.100000)

[00:00:00] [worker #0] ML tree search #9, logLikelihood: -1639.315720

[00:00:00 -2168.048189] Initial branch length optimization
[00:00:00 -1664.731573] Model parameter optimization (eps = 10.000000)
[00:00:00 -1645.977514] AUTODETECT spr round 1 (radius: 5)
[00:00:00 -1639.334850] AUTODETECT spr round 2 (radius: 10)
[00:00:00 -1639.334698] SPR radius for FAST iterations: 5 (autodetect)
[00:00:00 -1639.334698] Model parameter optimization (eps = 3.000000)
[00:00:00 -1639.315727] FAST spr round 1 (radius: 5)
[00:00:00] [worker #3] ML tree search #20, logLikelihood: -1632.218724
[00:00:00 -1639.315719] Model parameter optimization (eps = 1.000000)
[00:00:00 -1639.315719] SLOW spr round 1 (radius: 5)
[00:00:00] [worker #2] ML tree search #19, logLikelihood: -1632.218725
[00:00:00 -1639.315719] SLOW spr round 2 (radius: 10)
[00:00:00] [worker #1] ML tree search #18, logLikelihood: -1632.218724
[00:00:00 -1639.315719] SLOW spr round 3 (radius: 15)
[00:00:00 -1639.315719] SLOW spr round 4 (radius: 20)
[00:00:00 -1639.315719] Model parameter optimization (eps = 0.100000)

[00:00:00] [worker #0] ML tree search #17, logLikelihood: -1639.315719


Optimized model parameters:

   Partition 0: noname
   Rate heterogeneity: NONE
   Base frequencies (ML): 0.289764 0.146669 0.245618 0.317948 
   Substitution rates (model): 1.000000 1.000000 1.000000 1.000000 1.000000 1.000000 


Final LogLikelihood: -1632.218724

AIC score: 3344.437448 / AICc score: 3358.698317 / BIC score: 3488.522201
Free parameters (model + branch lengths): 40

WARNING: Best ML tree contains 1 near-zero branches!

Best ML tree with collapsed near-zero branches saved to: /home/fili/Documents/KIT/2023/BA/code/output/families/ssim_NE_s20_f100_sites200_GTR_bl1.0_d0.0_l0.0_t0.0_gc0.0_p0.0_pop10_ms0.0_mf0.0_seed121873/families/family_079/misc/raxml_output.F81.raxml.bestTreeCollapsed
Best ML tree saved to: /home/fili/Documents/KIT/2023/BA/code/output/families/ssim_NE_s20_f100_sites200_GTR_bl1.0_d0.0_l0.0_t0.0_gc0.0_p0.0_pop10_ms0.0_mf0.0_seed121873/families/family_079/misc/raxml_output.F81.raxml.bestTree
All ML trees saved to: /home/fili/Documents/KIT/2023/BA/code/output/families/ssim_NE_s20_f100_sites200_GTR_bl1.0_d0.0_l0.0_t0.0_gc0.0_p0.0_pop10_ms0.0_mf0.0_seed121873/families/family_079/misc/raxml_output.F81.raxml.mlTrees
Optimized model saved to: /home/fili/Documents/KIT/2023/BA/code/output/families/ssim_NE_s20_f100_sites200_GTR_bl1.0_d0.0_l0.0_t0.0_gc0.0_p0.0_pop10_ms0.0_mf0.0_seed121873/families/family_079/misc/raxml_output.F81.raxml.bestModel

Execution log saved to: /home/fili/Documents/KIT/2023/BA/code/output/families/ssim_NE_s20_f100_sites200_GTR_bl1.0_d0.0_l0.0_t0.0_gc0.0_p0.0_pop10_ms0.0_mf0.0_seed121873/families/family_079/misc/raxml_output.F81.raxml.log

Analysis started: 27-Jun-2023 13:47:17 / finished: 27-Jun-2023 13:47:17

Elapsed time: 0.261 seconds

