
RAxML-NG v. 1.1.0 released on 29.11.2021 by The Exelixis Lab.
Developed by: Alexey M. Kozlov and Alexandros Stamatakis.
Contributors: Diego Darriba, Tomas Flouri, Benoit Morel, Sarah Lutteropp, Ben Bettisworth.
Latest version: https://github.com/amkozlov/raxml-ng
Questions/problems/suggestions? Please visit: https://groups.google.com/forum/#!forum/raxml

System: AMD Ryzen 7 5800X 8-Core Processor, 8 cores, 31 GB RAM

RAxML-NG was called at 21-Jun-2023 14:53:15 as follows:

/home/fili/Documents/KIT/2023/BA/resources/tools/RAxML-NG/raxml-ng --msa /home/fili/Documents/KIT/2023/BA/code/output/families/ssim_NE_s20_f100_sites200_GTR_bl1.0_d0.0_l0.0_t0.0_gc0.0_p0.0_pop10_ms0.0_mf0.0_seed19732311/families/family_093/alignment.msa --model F81 --prefix /home/fili/Documents/KIT/2023/BA/code/output/families/ssim_NE_s20_f100_sites200_GTR_bl1.0_d0.0_l0.0_t0.0_gc0.0_p0.0_pop10_ms0.0_mf0.0_seed19732311/families/family_093/misc/raxml_output.F81

Analysis options:
  run mode: ML tree search
  start tree(s): random (10) + parsimony (10)
  random seed: 1687351995
  tip-inner: OFF
  pattern compression: ON
  per-rate scalers: OFF
  site repeats: ON
  fast spr radius: AUTO
  spr subtree cutoff: 1.000000
  branch lengths: proportional (ML estimate, algorithm: NR-FAST)
  SIMD kernels: AVX2
  parallelization: coarse-grained (auto), PTHREADS (auto)

[00:00:00] Reading alignment from file: /home/fili/Documents/KIT/2023/BA/code/output/families/ssim_NE_s20_f100_sites200_GTR_bl1.0_d0.0_l0.0_t0.0_gc0.0_p0.0_pop10_ms0.0_mf0.0_seed19732311/families/family_093/alignment.msa
[00:00:00] Loaded alignment with 20 taxa and 278 sites

Alignment comprises 1 partitions and 158 patterns

Partition 0: noname
Model: F81+FO
Alignment sites / patterns: 278 / 158
Gaps: 0.00 %
Invariant sites: 34.17 %


NOTE: Binary MSA file created: /home/fili/Documents/KIT/2023/BA/code/output/families/ssim_NE_s20_f100_sites200_GTR_bl1.0_d0.0_l0.0_t0.0_gc0.0_p0.0_pop10_ms0.0_mf0.0_seed19732311/families/family_093/misc/raxml_output.F81.raxml.rba

Parallelization scheme autoconfig: 8 worker(s) x 1 thread(s)

Parallel reduction/worker buffer size: 1 KB  / 0 KB

[00:00:00] Generating 10 random starting tree(s) with 20 taxa
[00:00:00] Generating 10 parsimony starting tree(s) with 20 taxa
[00:00:00] Data distribution: max. partitions/sites/weight per thread: 1 / 158 / 632
[00:00:00] Data distribution: max. searches per worker: 3

Starting ML tree search with 20 distinct starting trees

[00:00:00 -4383.387212] Initial branch length optimization
[00:00:00 -3928.048520] Model parameter optimization (eps = 10.000000)
[00:00:00 -3909.628022] AUTODETECT spr round 1 (radius: 5)
[00:00:00 -2256.340203] AUTODETECT spr round 2 (radius: 10)
[00:00:00 -2256.338978] SPR radius for FAST iterations: 5 (autodetect)
[00:00:00 -2256.338978] Model parameter optimization (eps = 3.000000)
[00:00:00 -2256.268030] FAST spr round 1 (radius: 5)
[00:00:00 -2228.479451] FAST spr round 2 (radius: 5)
[00:00:00 -2213.292201] FAST spr round 3 (radius: 5)
[00:00:00 -2213.292199] Model parameter optimization (eps = 1.000000)
[00:00:00 -2213.231121] SLOW spr round 1 (radius: 5)
[00:00:00] [worker #2] ML tree search #3, logLikelihood: -2213.231097
[00:00:00] [worker #5] ML tree search #6, logLikelihood: -2213.231098
[00:00:00] [worker #4] ML tree search #5, logLikelihood: -2213.231095
[00:00:00] [worker #3] ML tree search #4, logLikelihood: -2213.231096
[00:00:00 -2213.231108] SLOW spr round 2 (radius: 10)
[00:00:00] [worker #7] ML tree search #8, logLikelihood: -2213.231095
[00:00:00] [worker #1] ML tree search #2, logLikelihood: -2213.231095
[00:00:00 -2213.231108] SLOW spr round 3 (radius: 15)
[00:00:00 -2213.231108] SLOW spr round 4 (radius: 20)
[00:00:00 -2213.231108] Model parameter optimization (eps = 0.100000)

[00:00:00] [worker #0] ML tree search #1, logLikelihood: -2213.231094

[00:00:00] [worker #6] ML tree search #7, logLikelihood: -2213.231098
[00:00:00 -3993.570644] Initial branch length optimization
[00:00:00 -3465.347431] Model parameter optimization (eps = 10.000000)
[00:00:00 -3453.726214] AUTODETECT spr round 1 (radius: 5)
[00:00:00 -2364.531505] AUTODETECT spr round 2 (radius: 10)
[00:00:00 -2262.463466] AUTODETECT spr round 3 (radius: 15)
[00:00:00 -2262.462718] SPR radius for FAST iterations: 10 (autodetect)
[00:00:00 -2262.462718] Model parameter optimization (eps = 3.000000)
[00:00:00 -2262.362244] FAST spr round 1 (radius: 10)
[00:00:00 -2213.263577] FAST spr round 2 (radius: 10)
[00:00:00] [worker #2] ML tree search #11, logLikelihood: -2213.231095
[00:00:00 -2213.263568] Model parameter optimization (eps = 1.000000)
[00:00:00 -2213.231096] SLOW spr round 1 (radius: 5)
[00:00:00] [worker #5] ML tree search #14, logLikelihood: -2213.231096
[00:00:00] [worker #3] ML tree search #12, logLikelihood: -2213.231096
[00:00:00] [worker #4] ML tree search #13, logLikelihood: -2213.231095
[00:00:00] [worker #7] ML tree search #16, logLikelihood: -2213.231097
[00:00:00 -2213.231095] SLOW spr round 2 (radius: 10)
[00:00:00 -2213.231095] SLOW spr round 3 (radius: 15)
[00:00:00 -2213.231095] SLOW spr round 4 (radius: 20)
[00:00:00] [worker #1] ML tree search #10, logLikelihood: -2213.231095
[00:00:00 -2213.231095] Model parameter optimization (eps = 0.100000)

[00:00:00] [worker #0] ML tree search #9, logLikelihood: -2213.231095

[00:00:00 -2697.773621] Initial branch length optimization
[00:00:00 -2226.691045] Model parameter optimization (eps = 10.000000)
[00:00:00 -2218.329016] AUTODETECT spr round 1 (radius: 5)
[00:00:00] [worker #6] ML tree search #15, logLikelihood: -2213.231096
[00:00:00 -2213.854810] AUTODETECT spr round 2 (radius: 10)
[00:00:00 -2213.854785] SPR radius for FAST iterations: 5 (autodetect)
[00:00:00 -2213.854785] Model parameter optimization (eps = 3.000000)
[00:00:00 -2213.854608] FAST spr round 1 (radius: 5)
[00:00:00] [worker #2] ML tree search #19, logLikelihood: -2213.231095
[00:00:00 -2213.232817] FAST spr round 2 (radius: 5)
[00:00:00 -2213.232815] Model parameter optimization (eps = 1.000000)
[00:00:00 -2213.231098] SLOW spr round 1 (radius: 5)
[00:00:00] [worker #3] ML tree search #20, logLikelihood: -2213.231096
[00:00:00 -2213.231097] SLOW spr round 2 (radius: 10)
[00:00:00 -2213.231097] SLOW spr round 3 (radius: 15)
[00:00:00 -2213.231097] SLOW spr round 4 (radius: 20)
[00:00:00 -2213.231097] Model parameter optimization (eps = 0.100000)

[00:00:00] [worker #0] ML tree search #17, logLikelihood: -2213.231096

[00:00:00] [worker #1] ML tree search #18, logLikelihood: -2213.231095

Optimized model parameters:

   Partition 0: noname
   Rate heterogeneity: NONE
   Base frequencies (ML): 0.272136 0.207840 0.300660 0.219364 
   Substitution rates (model): 1.000000 1.000000 1.000000 1.000000 1.000000 1.000000 


Final LogLikelihood: -2213.231094

AIC score: 4506.462189 / AICc score: 4520.301851 / BIC score: 4651.567033
Free parameters (model + branch lengths): 40

Best ML tree saved to: /home/fili/Documents/KIT/2023/BA/code/output/families/ssim_NE_s20_f100_sites200_GTR_bl1.0_d0.0_l0.0_t0.0_gc0.0_p0.0_pop10_ms0.0_mf0.0_seed19732311/families/family_093/misc/raxml_output.F81.raxml.bestTree
All ML trees saved to: /home/fili/Documents/KIT/2023/BA/code/output/families/ssim_NE_s20_f100_sites200_GTR_bl1.0_d0.0_l0.0_t0.0_gc0.0_p0.0_pop10_ms0.0_mf0.0_seed19732311/families/family_093/misc/raxml_output.F81.raxml.mlTrees
Optimized model saved to: /home/fili/Documents/KIT/2023/BA/code/output/families/ssim_NE_s20_f100_sites200_GTR_bl1.0_d0.0_l0.0_t0.0_gc0.0_p0.0_pop10_ms0.0_mf0.0_seed19732311/families/family_093/misc/raxml_output.F81.raxml.bestModel

Execution log saved to: /home/fili/Documents/KIT/2023/BA/code/output/families/ssim_NE_s20_f100_sites200_GTR_bl1.0_d0.0_l0.0_t0.0_gc0.0_p0.0_pop10_ms0.0_mf0.0_seed19732311/families/family_093/misc/raxml_output.F81.raxml.log

Analysis started: 21-Jun-2023 14:53:15 / finished: 21-Jun-2023 14:53:15

Elapsed time: 0.317 seconds

