
RAxML-NG v. 1.1.0 released on 29.11.2021 by The Exelixis Lab.
Developed by: Alexey M. Kozlov and Alexandros Stamatakis.
Contributors: Diego Darriba, Tomas Flouri, Benoit Morel, Sarah Lutteropp, Ben Bettisworth.
Latest version: https://github.com/amkozlov/raxml-ng
Questions/problems/suggestions? Please visit: https://groups.google.com/forum/#!forum/raxml

System: AMD Ryzen 7 5800X 8-Core Processor, 8 cores, 31 GB RAM

RAxML-NG was called at 16-Jun-2023 09:59:21 as follows:

/home/fili/Documents/KIT/2023/BA/resources/tools/RAxML-NG/raxml-ng --msa /home/fili/Documents/KIT/2023/BA/code/output/families/ssim_NE_s20_f100_sites200_GTR_bl1.0_d0.0_l0.0_t0.0_gc0.0_p0.0_pop10_ms0.0_mf0.0_seed1007/families/family_002/alignment.msa --model F81 --prefix /home/fili/Documents/KIT/2023/BA/code/output/families/ssim_NE_s20_f100_sites200_GTR_bl1.0_d0.0_l0.0_t0.0_gc0.0_p0.0_pop10_ms0.0_mf0.0_seed1007/families/family_002/misc/raxml_output.F81

Analysis options:
  run mode: ML tree search
  start tree(s): random (10) + parsimony (10)
  random seed: 1686902361
  tip-inner: OFF
  pattern compression: ON
  per-rate scalers: OFF
  site repeats: ON
  fast spr radius: AUTO
  spr subtree cutoff: 1.000000
  branch lengths: proportional (ML estimate, algorithm: NR-FAST)
  SIMD kernels: AVX2
  parallelization: coarse-grained (auto), PTHREADS (auto)

[00:00:00] Reading alignment from file: /home/fili/Documents/KIT/2023/BA/code/output/families/ssim_NE_s20_f100_sites200_GTR_bl1.0_d0.0_l0.0_t0.0_gc0.0_p0.0_pop10_ms0.0_mf0.0_seed1007/families/family_002/alignment.msa
[00:00:00] Loaded alignment with 20 taxa and 168 sites

WARNING: Sequences 2_0_0 and 8_0_0 are exactly identical!
WARNING: Sequences 11_0_0 and 7_0_0 are exactly identical!
WARNING: Sequences 12_0_0 and 19_0_0 are exactly identical!
WARNING: Duplicate sequences found: 3

NOTE: Reduced alignment (with duplicates and gap-only sites/taxa removed) 
NOTE: was saved to: /home/fili/Documents/KIT/2023/BA/code/output/families/ssim_NE_s20_f100_sites200_GTR_bl1.0_d0.0_l0.0_t0.0_gc0.0_p0.0_pop10_ms0.0_mf0.0_seed1007/families/family_002/misc/raxml_output.F81.raxml.reduced.phy

Alignment comprises 1 partitions and 95 patterns

Partition 0: noname
Model: F81+FO
Alignment sites / patterns: 168 / 95
Gaps: 0.00 %
Invariant sites: 43.45 %


NOTE: Binary MSA file created: /home/fili/Documents/KIT/2023/BA/code/output/families/ssim_NE_s20_f100_sites200_GTR_bl1.0_d0.0_l0.0_t0.0_gc0.0_p0.0_pop10_ms0.0_mf0.0_seed1007/families/family_002/misc/raxml_output.F81.raxml.rba

Parallelization scheme autoconfig: 8 worker(s) x 1 thread(s)

Parallel reduction/worker buffer size: 1 KB  / 0 KB

[00:00:00] Generating 10 random starting tree(s) with 20 taxa
[00:00:00] Generating 10 parsimony starting tree(s) with 20 taxa
[00:00:00] Data distribution: max. partitions/sites/weight per thread: 1 / 95 / 380
[00:00:00] Data distribution: max. searches per worker: 3

Starting ML tree search with 20 distinct starting trees

[00:00:00 -2243.887438] Initial branch length optimization
[00:00:00 -1977.895013] Model parameter optimization (eps = 10.000000)
[00:00:00 -1948.605449] AUTODETECT spr round 1 (radius: 5)
[00:00:00 -1269.185314] AUTODETECT spr round 2 (radius: 10)
[00:00:00 -1212.796866] AUTODETECT spr round 3 (radius: 15)
[00:00:00 -1212.796306] SPR radius for FAST iterations: 10 (autodetect)
[00:00:00 -1212.796306] Model parameter optimization (eps = 3.000000)
[00:00:00 -1212.465980] FAST spr round 1 (radius: 10)
[00:00:00 -1193.149806] FAST spr round 2 (radius: 10)
[00:00:00 -1191.585776] FAST spr round 3 (radius: 10)
[00:00:00 -1191.585775] Model parameter optimization (eps = 1.000000)
[00:00:00 -1191.580596] SLOW spr round 1 (radius: 5)
[00:00:00] [worker #7] ML tree search #8, logLikelihood: -1191.580592
[00:00:00 -1191.580593] SLOW spr round 2 (radius: 10)
[00:00:00 -1191.580593] SLOW spr round 3 (radius: 15)
[00:00:00 -1191.580593] SLOW spr round 4 (radius: 20)
[00:00:00 -1191.580593] Model parameter optimization (eps = 0.100000)
[00:00:00] [worker #2] ML tree search #3, logLikelihood: -1191.580592

[00:00:00] [worker #0] ML tree search #1, logLikelihood: -1191.580592

[00:00:00 -2337.450150] Initial branch length optimization
[00:00:00 -2115.483927] Model parameter optimization (eps = 10.000000)
[00:00:00] [worker #6] ML tree search #7, logLikelihood: -1191.580592
[00:00:00] [worker #4] ML tree search #5, logLikelihood: -1191.580593
[00:00:00 -2086.987857] AUTODETECT spr round 1 (radius: 5)
[00:00:00] [worker #3] ML tree search #4, logLikelihood: -1191.580592
[00:00:00] [worker #1] ML tree search #2, logLikelihood: -1191.580613
[00:00:00 -1218.910707] AUTODETECT spr round 2 (radius: 10)
[00:00:00 -1218.910623] SPR radius for FAST iterations: 5 (autodetect)
[00:00:00 -1218.910623] Model parameter optimization (eps = 3.000000)
[00:00:00 -1218.460846] FAST spr round 1 (radius: 5)
[00:00:00] [worker #5] ML tree search #6, logLikelihood: -1191.580609
[00:00:00 -1193.735277] FAST spr round 2 (radius: 5)
[00:00:00 -1191.936951] FAST spr round 3 (radius: 5)
[00:00:00 -1191.641477] FAST spr round 4 (radius: 5)
[00:00:00 -1191.641474] Model parameter optimization (eps = 1.000000)
[00:00:00 -1191.580658] SLOW spr round 1 (radius: 5)
[00:00:00] [worker #7] ML tree search #16, logLikelihood: -1191.580594
[00:00:00] [worker #2] ML tree search #11, logLikelihood: -1191.580592
[00:00:00 -1191.580627] SLOW spr round 2 (radius: 10)
[00:00:00] [worker #1] ML tree search #10, logLikelihood: -1191.580592
[00:00:00] [worker #4] ML tree search #13, logLikelihood: -1191.580593
[00:00:00] [worker #6] ML tree search #15, logLikelihood: -1191.580592
[00:00:00] [worker #5] ML tree search #14, logLikelihood: -1191.580592
[00:00:00 -1191.580627] SLOW spr round 3 (radius: 15)
[00:00:00 -1191.580627] SLOW spr round 4 (radius: 20)
[00:00:00] [worker #3] ML tree search #12, logLikelihood: -1191.580592
[00:00:00 -1191.580627] Model parameter optimization (eps = 0.100000)

[00:00:00] [worker #0] ML tree search #9, logLikelihood: -1191.580592

[00:00:00 -1492.873809] Initial branch length optimization
[00:00:00 -1210.434280] Model parameter optimization (eps = 10.000000)
[00:00:00 -1198.892027] AUTODETECT spr round 1 (radius: 5)
[00:00:00 -1192.513165] AUTODETECT spr round 2 (radius: 10)
[00:00:00 -1192.512543] SPR radius for FAST iterations: 5 (autodetect)
[00:00:00 -1192.512543] Model parameter optimization (eps = 3.000000)
[00:00:00 -1192.354083] FAST spr round 1 (radius: 5)
[00:00:00 -1191.904040] FAST spr round 2 (radius: 5)
[00:00:00 -1191.635643] FAST spr round 3 (radius: 5)
[00:00:00 -1191.635637] Model parameter optimization (eps = 1.000000)
[00:00:00 -1191.580632] SLOW spr round 1 (radius: 5)
[00:00:00] [worker #2] ML tree search #19, logLikelihood: -1191.580592
[00:00:00] [worker #1] ML tree search #18, logLikelihood: -1191.580592
[00:00:00 -1191.580608] SLOW spr round 2 (radius: 10)
[00:00:00 -1191.580608] SLOW spr round 3 (radius: 15)
[00:00:00 -1191.580608] SLOW spr round 4 (radius: 20)
[00:00:00 -1191.580608] Model parameter optimization (eps = 0.100000)

[00:00:00] [worker #0] ML tree search #17, logLikelihood: -1191.580592

[00:00:00] [worker #3] ML tree search #20, logLikelihood: -1191.580592

Optimized model parameters:

   Partition 0: noname
   Rate heterogeneity: NONE
   Base frequencies (ML): 0.271937 0.144804 0.320107 0.263153 
   Substitution rates (model): 1.000000 1.000000 1.000000 1.000000 1.000000 1.000000 


Final LogLikelihood: -1191.580592

AIC score: 2463.161183 / AICc score: 2488.987955 / BIC score: 2588.119742
Free parameters (model + branch lengths): 40

Best ML tree saved to: /home/fili/Documents/KIT/2023/BA/code/output/families/ssim_NE_s20_f100_sites200_GTR_bl1.0_d0.0_l0.0_t0.0_gc0.0_p0.0_pop10_ms0.0_mf0.0_seed1007/families/family_002/misc/raxml_output.F81.raxml.bestTree
All ML trees saved to: /home/fili/Documents/KIT/2023/BA/code/output/families/ssim_NE_s20_f100_sites200_GTR_bl1.0_d0.0_l0.0_t0.0_gc0.0_p0.0_pop10_ms0.0_mf0.0_seed1007/families/family_002/misc/raxml_output.F81.raxml.mlTrees
Optimized model saved to: /home/fili/Documents/KIT/2023/BA/code/output/families/ssim_NE_s20_f100_sites200_GTR_bl1.0_d0.0_l0.0_t0.0_gc0.0_p0.0_pop10_ms0.0_mf0.0_seed1007/families/family_002/misc/raxml_output.F81.raxml.bestModel

Execution log saved to: /home/fili/Documents/KIT/2023/BA/code/output/families/ssim_NE_s20_f100_sites200_GTR_bl1.0_d0.0_l0.0_t0.0_gc0.0_p0.0_pop10_ms0.0_mf0.0_seed1007/families/family_002/misc/raxml_output.F81.raxml.log

Analysis started: 16-Jun-2023 09:59:21 / finished: 16-Jun-2023 09:59:21

Elapsed time: 0.231 seconds

