
RAxML-NG v. 1.1.0 released on 29.11.2021 by The Exelixis Lab.
Developed by: Alexey M. Kozlov and Alexandros Stamatakis.
Contributors: Diego Darriba, Tomas Flouri, Benoit Morel, Sarah Lutteropp, Ben Bettisworth.
Latest version: https://github.com/amkozlov/raxml-ng
Questions/problems/suggestions? Please visit: https://groups.google.com/forum/#!forum/raxml

System: AMD Ryzen 7 5800X 8-Core Processor, 8 cores, 31 GB RAM

RAxML-NG was called at 27-Jun-2023 13:44:12 as follows:

/home/fili/Documents/KIT/2023/BA/resources/tools/RAxML-NG/raxml-ng --msa /home/fili/Documents/KIT/2023/BA/code/output/families/ssim_DL_s20_f100_sites200_GTR_bl1.0_d1.0_l1.0_t0.0_gc0.0_p0.0_pop10_ms0.0_mf0.0_seed14976684177860080345/families/family_048/alignment.msa --model F81 --prefix /home/fili/Documents/KIT/2023/BA/code/output/families/ssim_DL_s20_f100_sites200_GTR_bl1.0_d1.0_l1.0_t0.0_gc0.0_p0.0_pop10_ms0.0_mf0.0_seed14976684177860080345/families/family_048/misc/raxml_output.F81

Analysis options:
  run mode: ML tree search
  start tree(s): random (10) + parsimony (10)
  random seed: 1687866252
  tip-inner: OFF
  pattern compression: ON
  per-rate scalers: OFF
  site repeats: ON
  fast spr radius: AUTO
  spr subtree cutoff: 1.000000
  branch lengths: proportional (ML estimate, algorithm: NR-FAST)
  SIMD kernels: AVX2
  parallelization: coarse-grained (auto), PTHREADS (auto)

[00:00:00] Reading alignment from file: /home/fili/Documents/KIT/2023/BA/code/output/families/ssim_DL_s20_f100_sites200_GTR_bl1.0_d1.0_l1.0_t0.0_gc0.0_p0.0_pop10_ms0.0_mf0.0_seed14976684177860080345/families/family_048/alignment.msa
[00:00:00] Loaded alignment with 24 taxa and 214 sites

WARNING: Sequences 19_8_0 and 17_8_0 are exactly identical!
WARNING: Sequences 19_8_0 and 18_8_0 are exactly identical!
WARNING: Sequences 16_14_0 and 16_6_0 are exactly identical!
WARNING: Duplicate sequences found: 3

NOTE: Reduced alignment (with duplicates and gap-only sites/taxa removed) 
NOTE: was saved to: /home/fili/Documents/KIT/2023/BA/code/output/families/ssim_DL_s20_f100_sites200_GTR_bl1.0_d1.0_l1.0_t0.0_gc0.0_p0.0_pop10_ms0.0_mf0.0_seed14976684177860080345/families/family_048/misc/raxml_output.F81.raxml.reduced.phy

Alignment comprises 1 partitions and 87 patterns

Partition 0: noname
Model: F81+FO
Alignment sites / patterns: 214 / 87
Gaps: 0.00 %
Invariant sites: 56.07 %


NOTE: Binary MSA file created: /home/fili/Documents/KIT/2023/BA/code/output/families/ssim_DL_s20_f100_sites200_GTR_bl1.0_d1.0_l1.0_t0.0_gc0.0_p0.0_pop10_ms0.0_mf0.0_seed14976684177860080345/families/family_048/misc/raxml_output.F81.raxml.rba

Parallelization scheme autoconfig: 8 worker(s) x 1 thread(s)

Parallel reduction/worker buffer size: 1 KB  / 0 KB

[00:00:00] Generating 10 random starting tree(s) with 24 taxa
[00:00:00] Generating 10 parsimony starting tree(s) with 24 taxa
[00:00:00] Data distribution: max. partitions/sites/weight per thread: 1 / 87 / 348
[00:00:00] Data distribution: max. searches per worker: 3

Starting ML tree search with 20 distinct starting trees

[00:00:00 -3523.821841] Initial branch length optimization
[00:00:00 -3180.469651] Model parameter optimization (eps = 10.000000)
[00:00:00 -3148.449537] AUTODETECT spr round 1 (radius: 5)
[00:00:00 -1498.079182] AUTODETECT spr round 2 (radius: 10)
[00:00:00 -1498.075600] SPR radius for FAST iterations: 5 (autodetect)
[00:00:00 -1498.075600] Model parameter optimization (eps = 3.000000)
[00:00:00 -1497.596285] FAST spr round 1 (radius: 5)
[00:00:00 -1387.761125] FAST spr round 2 (radius: 5)
[00:00:00 -1387.040775] FAST spr round 3 (radius: 5)
[00:00:00 -1385.676941] FAST spr round 4 (radius: 5)
[00:00:00 -1385.033151] FAST spr round 5 (radius: 5)
[00:00:00 -1384.709395] FAST spr round 6 (radius: 5)
[00:00:00 -1384.709395] Model parameter optimization (eps = 1.000000)
[00:00:00 -1384.265452] SLOW spr round 1 (radius: 5)
[00:00:00] [worker #2] ML tree search #3, logLikelihood: -1384.265388
[00:00:00] [worker #5] ML tree search #6, logLikelihood: -1384.265433
[00:00:00 -1384.265408] SLOW spr round 2 (radius: 10)
[00:00:00] [worker #4] ML tree search #5, logLikelihood: -1384.265390
[00:00:00] [worker #1] ML tree search #2, logLikelihood: -1384.265388
[00:00:00] [worker #7] ML tree search #8, logLikelihood: -1384.265387
[00:00:00 -1384.265408] SLOW spr round 3 (radius: 15)
[00:00:00 -1384.265408] SLOW spr round 4 (radius: 20)
[00:00:00 -1384.265408] Model parameter optimization (eps = 0.100000)

[00:00:00] [worker #0] ML tree search #1, logLikelihood: -1384.265390

[00:00:00 -3321.223807] Initial branch length optimization
[00:00:00 -2938.608229] Model parameter optimization (eps = 10.000000)
[00:00:00] [worker #3] ML tree search #4, logLikelihood: -1384.265395
[00:00:00 -2902.026211] AUTODETECT spr round 1 (radius: 5)
[00:00:00] [worker #6] ML tree search #7, logLikelihood: -1384.265396
[00:00:00 -1414.631561] AUTODETECT spr round 2 (radius: 10)
[00:00:00 -1414.628736] SPR radius for FAST iterations: 5 (autodetect)
[00:00:00 -1414.628736] Model parameter optimization (eps = 3.000000)
[00:00:00 -1414.076573] FAST spr round 1 (radius: 5)
[00:00:00] [worker #5] ML tree search #14, logLikelihood: -1384.265387
[00:00:00 -1387.798723] FAST spr round 2 (radius: 5)
[00:00:00 -1384.639424] FAST spr round 3 (radius: 5)
[00:00:00 -1384.283139] FAST spr round 4 (radius: 5)
[00:00:00] [worker #2] ML tree search #11, logLikelihood: -1384.265387
[00:00:00] [worker #7] ML tree search #16, logLikelihood: -1384.265387
[00:00:00 -1384.283032] Model parameter optimization (eps = 1.000000)
[00:00:00 -1384.265389] SLOW spr round 1 (radius: 5)
[00:00:00] [worker #3] ML tree search #12, logLikelihood: -1384.265387
[00:00:00 -1384.265389] SLOW spr round 2 (radius: 10)
[00:00:00] [worker #4] ML tree search #13, logLikelihood: -1384.265387
[00:00:00] [worker #1] ML tree search #10, logLikelihood: -1384.265388
[00:00:00 -1384.265389] SLOW spr round 3 (radius: 15)
[00:00:00 -1384.265389] SLOW spr round 4 (radius: 20)
[00:00:00] [worker #6] ML tree search #15, logLikelihood: -1384.265387
[00:00:00 -1384.265389] Model parameter optimization (eps = 0.100000)

[00:00:00] [worker #0] ML tree search #9, logLikelihood: -1384.265388

[00:00:00 -1947.537902] Initial branch length optimization
[00:00:00 -1401.574979] Model parameter optimization (eps = 10.000000)
[00:00:00 -1388.834283] AUTODETECT spr round 1 (radius: 5)
[00:00:00 -1385.779043] AUTODETECT spr round 2 (radius: 10)
[00:00:00 -1385.773200] SPR radius for FAST iterations: 5 (autodetect)
[00:00:00 -1385.773200] Model parameter optimization (eps = 3.000000)
[00:00:00 -1385.738260] FAST spr round 1 (radius: 5)
[00:00:00 -1385.008516] FAST spr round 2 (radius: 5)
[00:00:00 -1384.271046] FAST spr round 3 (radius: 5)
[00:00:00 -1384.271030] Model parameter optimization (eps = 1.000000)
[00:00:00 -1384.265467] SLOW spr round 1 (radius: 5)
[00:00:00] [worker #2] ML tree search #19, logLikelihood: -1384.265387
[00:00:00 -1384.265391] SLOW spr round 2 (radius: 10)
[00:00:00] [worker #3] ML tree search #20, logLikelihood: -1384.265387
[00:00:00] [worker #1] ML tree search #18, logLikelihood: -1384.265387
[00:00:00 -1384.265389] SLOW spr round 3 (radius: 15)
[00:00:00 -1384.265389] SLOW spr round 4 (radius: 20)
[00:00:00 -1384.265388] Model parameter optimization (eps = 0.100000)

[00:00:00] [worker #0] ML tree search #17, logLikelihood: -1384.265388


Optimized model parameters:

   Partition 0: noname
   Rate heterogeneity: NONE
   Base frequencies (ML): 0.311646 0.183110 0.310824 0.194419 
   Substitution rates (model): 1.000000 1.000000 1.000000 1.000000 1.000000 1.000000 


Final LogLikelihood: -1384.265387

AIC score: 2864.530774 / AICc score: 2893.039865 / BIC score: 3026.097622
Free parameters (model + branch lengths): 48

WARNING: Best ML tree contains 4 near-zero branches!

Best ML tree with collapsed near-zero branches saved to: /home/fili/Documents/KIT/2023/BA/code/output/families/ssim_DL_s20_f100_sites200_GTR_bl1.0_d1.0_l1.0_t0.0_gc0.0_p0.0_pop10_ms0.0_mf0.0_seed14976684177860080345/families/family_048/misc/raxml_output.F81.raxml.bestTreeCollapsed
Best ML tree saved to: /home/fili/Documents/KIT/2023/BA/code/output/families/ssim_DL_s20_f100_sites200_GTR_bl1.0_d1.0_l1.0_t0.0_gc0.0_p0.0_pop10_ms0.0_mf0.0_seed14976684177860080345/families/family_048/misc/raxml_output.F81.raxml.bestTree
All ML trees saved to: /home/fili/Documents/KIT/2023/BA/code/output/families/ssim_DL_s20_f100_sites200_GTR_bl1.0_d1.0_l1.0_t0.0_gc0.0_p0.0_pop10_ms0.0_mf0.0_seed14976684177860080345/families/family_048/misc/raxml_output.F81.raxml.mlTrees
Optimized model saved to: /home/fili/Documents/KIT/2023/BA/code/output/families/ssim_DL_s20_f100_sites200_GTR_bl1.0_d1.0_l1.0_t0.0_gc0.0_p0.0_pop10_ms0.0_mf0.0_seed14976684177860080345/families/family_048/misc/raxml_output.F81.raxml.bestModel

Execution log saved to: /home/fili/Documents/KIT/2023/BA/code/output/families/ssim_DL_s20_f100_sites200_GTR_bl1.0_d1.0_l1.0_t0.0_gc0.0_p0.0_pop10_ms0.0_mf0.0_seed14976684177860080345/families/family_048/misc/raxml_output.F81.raxml.log

Analysis started: 27-Jun-2023 13:44:12 / finished: 27-Jun-2023 13:44:13

Elapsed time: 0.277 seconds

