
RAxML-NG v. 1.1.0 released on 29.11.2021 by The Exelixis Lab.
Developed by: Alexey M. Kozlov and Alexandros Stamatakis.
Contributors: Diego Darriba, Tomas Flouri, Benoit Morel, Sarah Lutteropp, Ben Bettisworth.
Latest version: https://github.com/amkozlov/raxml-ng
Questions/problems/suggestions? Please visit: https://groups.google.com/forum/#!forum/raxml

System: AMD Ryzen 7 5800X 8-Core Processor, 8 cores, 31 GB RAM

RAxML-NG was called at 05-Jun-2023 13:02:12 as follows:

/home/fili/Documents/KIT/2023/BA/resources/tools/RAxML-NG/raxml-ng --msa /home/fili/Documents/KIT/2023/BA/code/output/families/ssim_dtl_s20_f100_sites200_GTR_bl1.0_d0.0_l0.0_t1.0_gc0.0_p0.0_pop10_ms0.0_mf0.0_seed42/families/family_062/alignment.msa --model GTR+G --prefix /home/fili/Documents/KIT/2023/BA/code/output/families/ssim_dtl_s20_f100_sites200_GTR_bl1.0_d0.0_l0.0_t1.0_gc0.0_p0.0_pop10_ms0.0_mf0.0_seed42/families/family_062/misc/raxml_output.GTR+G

Analysis options:
  run mode: ML tree search
  start tree(s): random (10) + parsimony (10)
  random seed: 1685962932
  tip-inner: OFF
  pattern compression: ON
  per-rate scalers: OFF
  site repeats: ON
  fast spr radius: AUTO
  spr subtree cutoff: 1.000000
  branch lengths: proportional (ML estimate, algorithm: NR-FAST)
  SIMD kernels: AVX2
  parallelization: coarse-grained (auto), PTHREADS (auto)

[00:00:00] Reading alignment from file: /home/fili/Documents/KIT/2023/BA/code/output/families/ssim_dtl_s20_f100_sites200_GTR_bl1.0_d0.0_l0.0_t1.0_gc0.0_p0.0_pop10_ms0.0_mf0.0_seed42/families/family_062/alignment.msa
[00:00:00] Loaded alignment with 20 taxa and 269 sites

WARNING: Sequences 13_0_0 and 9_0_0 are exactly identical!
WARNING: Sequences 12_0_0 and 4_0_0 are exactly identical!
WARNING: Sequences 12_0_0 and 10_0_0 are exactly identical!
WARNING: Duplicate sequences found: 3

NOTE: Reduced alignment (with duplicates and gap-only sites/taxa removed) 
NOTE: was saved to: /home/fili/Documents/KIT/2023/BA/code/output/families/ssim_dtl_s20_f100_sites200_GTR_bl1.0_d0.0_l0.0_t1.0_gc0.0_p0.0_pop10_ms0.0_mf0.0_seed42/families/family_062/misc/raxml_output.GTR+G.raxml.reduced.phy

Alignment comprises 1 partitions and 132 patterns

Partition 0: noname
Model: GTR+FO+G4m
Alignment sites / patterns: 269 / 132
Gaps: 0.00 %
Invariant sites: 33.46 %


NOTE: Binary MSA file created: /home/fili/Documents/KIT/2023/BA/code/output/families/ssim_dtl_s20_f100_sites200_GTR_bl1.0_d0.0_l0.0_t1.0_gc0.0_p0.0_pop10_ms0.0_mf0.0_seed42/families/family_062/misc/raxml_output.GTR+G.raxml.rba

Parallelization scheme autoconfig: 8 worker(s) x 1 thread(s)

Parallel reduction/worker buffer size: 1 KB  / 0 KB

[00:00:00] Generating 10 random starting tree(s) with 20 taxa
[00:00:00] Generating 10 parsimony starting tree(s) with 20 taxa
[00:00:00] Data distribution: max. partitions/sites/weight per thread: 1 / 132 / 2112
[00:00:00] Data distribution: max. searches per worker: 3

Starting ML tree search with 20 distinct starting trees

[00:00:00 -4070.268528] Initial branch length optimization
[00:00:00 -3180.773785] Model parameter optimization (eps = 10.000000)
[00:00:00 -2665.768452] AUTODETECT spr round 1 (radius: 5)
[00:00:00 -1536.028783] AUTODETECT spr round 2 (radius: 10)
[00:00:00 -1536.006965] SPR radius for FAST iterations: 5 (autodetect)
[00:00:00 -1536.006965] Model parameter optimization (eps = 3.000000)
[00:00:00 -1506.521233] FAST spr round 1 (radius: 5)
[00:00:00 -1493.513696] FAST spr round 2 (radius: 5)
[00:00:00 -1482.646798] FAST spr round 3 (radius: 5)
[00:00:00 -1482.645952] Model parameter optimization (eps = 1.000000)
[00:00:00 -1479.687294] SLOW spr round 1 (radius: 5)
[00:00:00 -1479.630627] SLOW spr round 2 (radius: 10)
[00:00:00 -1479.629891] SLOW spr round 3 (radius: 15)
[00:00:00 -1479.629859] SLOW spr round 4 (radius: 20)
[00:00:00 -1479.629857] Model parameter optimization (eps = 0.100000)

[00:00:00] [worker #0] ML tree search #1, logLikelihood: -1479.063678

[00:00:00 -3930.986886] Initial branch length optimization
[00:00:00 -3207.630803] Model parameter optimization (eps = 10.000000)
[00:00:00] [worker #4] ML tree search #5, logLikelihood: -1479.057779
[00:00:00] [worker #6] ML tree search #7, logLikelihood: -1479.056438
[00:00:00] [worker #2] ML tree search #3, logLikelihood: -1479.060731
[00:00:00 -2696.953811] AUTODETECT spr round 1 (radius: 5)
[00:00:00] [worker #1] ML tree search #2, logLikelihood: -1479.057971
[00:00:00 -1521.425426] AUTODETECT spr round 2 (radius: 10)
[00:00:00] [worker #3] ML tree search #4, logLikelihood: -1479.055042
[00:00:00 -1521.399142] SPR radius for FAST iterations: 5 (autodetect)
[00:00:00 -1521.399142] Model parameter optimization (eps = 3.000000)
[00:00:00] [worker #5] ML tree search #6, logLikelihood: -1479.061576
[00:00:00] [worker #7] ML tree search #8, logLikelihood: -1479.077219
[00:00:00 -1499.672816] FAST spr round 1 (radius: 5)
[00:00:00 -1481.609062] FAST spr round 2 (radius: 5)
[00:00:00 -1481.608614] Model parameter optimization (eps = 1.000000)
[00:00:00 -1479.419852] SLOW spr round 1 (radius: 5)
[00:00:00 -1479.386366] SLOW spr round 2 (radius: 10)
[00:00:00] [worker #4] ML tree search #13, logLikelihood: -1479.051885
[00:00:00] [worker #2] ML tree search #11, logLikelihood: -1479.046418
[00:00:00] [worker #6] ML tree search #15, logLikelihood: -1479.046365
[00:00:00 -1479.384150] SLOW spr round 3 (radius: 15)
[00:00:00 -1479.384037] SLOW spr round 4 (radius: 20)
[00:00:00 -1479.384033] Model parameter optimization (eps = 0.100000)
[00:00:00] [worker #3] ML tree search #12, logLikelihood: -1479.052006
[00:00:00] [worker #5] ML tree search #14, logLikelihood: -1479.078644
[00:00:00] [worker #7] ML tree search #16, logLikelihood: -1479.048980

[00:00:00] [worker #0] ML tree search #9, logLikelihood: -1479.087231

[00:00:00 -2135.541376] Initial branch length optimization
[00:00:00 -1704.505595] Model parameter optimization (eps = 10.000000)
[00:00:00 -1480.600704] AUTODETECT spr round 1 (radius: 5)
[00:00:00 -1479.738770] AUTODETECT spr round 2 (radius: 10)
[00:00:00 -1479.737170] SPR radius for FAST iterations: 5 (autodetect)
[00:00:00 -1479.737170] Model parameter optimization (eps = 3.000000)
[00:00:00 -1479.228274] FAST spr round 1 (radius: 5)
[00:00:00 -1479.217472] Model parameter optimization (eps = 1.000000)
[00:00:00 -1479.085952] SLOW spr round 1 (radius: 5)
[00:00:00] [worker #1] ML tree search #10, logLikelihood: -1479.077157
[00:00:00 -1479.082783] SLOW spr round 2 (radius: 10)
[00:00:00] [worker #2] ML tree search #19, logLikelihood: -1479.047851
[00:00:00 -1479.082669] SLOW spr round 3 (radius: 15)
[00:00:00] [worker #3] ML tree search #20, logLikelihood: -1479.047021
[00:00:00 -1479.082663] SLOW spr round 4 (radius: 20)
[00:00:00 -1479.082663] Model parameter optimization (eps = 0.100000)

[00:00:00] [worker #0] ML tree search #17, logLikelihood: -1479.047780

[00:00:00] [worker #1] ML tree search #18, logLikelihood: -1479.048485

Optimized model parameters:

   Partition 0: noname
   Rate heterogeneity: GAMMA (4 cats, mean),  alpha: 2.326851 (ML),  weights&rates: (0.250000,0.329401) (0.250000,0.685806) (0.250000,1.076367) (0.250000,1.908426) 
   Base frequencies (ML): 0.240499 0.226625 0.281015 0.251861 
   Substitution rates (ML): 0.563126 13.930957 0.110685 0.438513 1.456382 1.000000 


Final LogLikelihood: -1479.046365

AIC score: 3050.092729 / AICc score: 3069.570207 / BIC score: 3215.449453
Free parameters (model + branch lengths): 46

WARNING: Best ML tree contains 2 near-zero branches!

Best ML tree with collapsed near-zero branches saved to: /home/fili/Documents/KIT/2023/BA/code/output/families/ssim_dtl_s20_f100_sites200_GTR_bl1.0_d0.0_l0.0_t1.0_gc0.0_p0.0_pop10_ms0.0_mf0.0_seed42/families/family_062/misc/raxml_output.GTR+G.raxml.bestTreeCollapsed
Best ML tree saved to: /home/fili/Documents/KIT/2023/BA/code/output/families/ssim_dtl_s20_f100_sites200_GTR_bl1.0_d0.0_l0.0_t1.0_gc0.0_p0.0_pop10_ms0.0_mf0.0_seed42/families/family_062/misc/raxml_output.GTR+G.raxml.bestTree
All ML trees saved to: /home/fili/Documents/KIT/2023/BA/code/output/families/ssim_dtl_s20_f100_sites200_GTR_bl1.0_d0.0_l0.0_t1.0_gc0.0_p0.0_pop10_ms0.0_mf0.0_seed42/families/family_062/misc/raxml_output.GTR+G.raxml.mlTrees
Optimized model saved to: /home/fili/Documents/KIT/2023/BA/code/output/families/ssim_dtl_s20_f100_sites200_GTR_bl1.0_d0.0_l0.0_t1.0_gc0.0_p0.0_pop10_ms0.0_mf0.0_seed42/families/family_062/misc/raxml_output.GTR+G.raxml.bestModel

Execution log saved to: /home/fili/Documents/KIT/2023/BA/code/output/families/ssim_dtl_s20_f100_sites200_GTR_bl1.0_d0.0_l0.0_t1.0_gc0.0_p0.0_pop10_ms0.0_mf0.0_seed42/families/family_062/misc/raxml_output.GTR+G.raxml.log

Analysis started: 05-Jun-2023 13:02:12 / finished: 05-Jun-2023 13:02:12

Elapsed time: 0.657 seconds

