
RAxML-NG v. 1.1.0 released on 29.11.2021 by The Exelixis Lab.
Developed by: Alexey M. Kozlov and Alexandros Stamatakis.
Contributors: Diego Darriba, Tomas Flouri, Benoit Morel, Sarah Lutteropp, Ben Bettisworth.
Latest version: https://github.com/amkozlov/raxml-ng
Questions/problems/suggestions? Please visit: https://groups.google.com/forum/#!forum/raxml

System: AMD Ryzen 7 5800X 8-Core Processor, 8 cores, 31 GB RAM

RAxML-NG was called at 12-Jun-2023 12:41:38 as follows:

/home/fili/Documents/KIT/2023/BA/resources/tools/RAxML-NG/raxml-ng --msa /home/fili/Documents/KIT/2023/BA/code/output/families/ssim_dtl_s20_f100_sites200_GTR_bl1.0_d0.0_l0.0_t1.0_gc0.0_p0.0_pop10_ms0.0_mf0.0_seed42/families/family_002/alignment.msa --model GTR+G --prefix /home/fili/Documents/KIT/2023/BA/code/output/families/ssim_dtl_s20_f100_sites200_GTR_bl1.0_d0.0_l0.0_t1.0_gc0.0_p0.0_pop10_ms0.0_mf0.0_seed42/families/family_002/misc/raxml_output.GTR+G

Analysis options:
  run mode: ML tree search
  start tree(s): random (10) + parsimony (10)
  random seed: 1686566498
  tip-inner: OFF
  pattern compression: ON
  per-rate scalers: OFF
  site repeats: ON
  fast spr radius: AUTO
  spr subtree cutoff: 1.000000
  branch lengths: proportional (ML estimate, algorithm: NR-FAST)
  SIMD kernels: AVX2
  parallelization: coarse-grained (auto), PTHREADS (auto)

[00:00:00] Reading alignment from file: /home/fili/Documents/KIT/2023/BA/code/output/families/ssim_dtl_s20_f100_sites200_GTR_bl1.0_d0.0_l0.0_t1.0_gc0.0_p0.0_pop10_ms0.0_mf0.0_seed42/families/family_002/alignment.msa
[00:00:00] Loaded alignment with 20 taxa and 221 sites

WARNING: Sequences 9_0_0 and 13_0_0 are exactly identical!
WARNING: Sequences 5_0_0 and 12_0_0 are exactly identical!
WARNING: Sequences 5_0_0 and 4_0_0 are exactly identical!
WARNING: Sequences 5_0_0 and 10_0_0 are exactly identical!
WARNING: Duplicate sequences found: 4

NOTE: Reduced alignment (with duplicates and gap-only sites/taxa removed) 
NOTE: was saved to: /home/fili/Documents/KIT/2023/BA/code/output/families/ssim_dtl_s20_f100_sites200_GTR_bl1.0_d0.0_l0.0_t1.0_gc0.0_p0.0_pop10_ms0.0_mf0.0_seed42/families/family_002/misc/raxml_output.GTR+G.raxml.reduced.phy

Alignment comprises 1 partitions and 101 patterns

Partition 0: noname
Model: GTR+FO+G4m
Alignment sites / patterns: 221 / 101
Gaps: 0.00 %
Invariant sites: 47.96 %


NOTE: Binary MSA file created: /home/fili/Documents/KIT/2023/BA/code/output/families/ssim_dtl_s20_f100_sites200_GTR_bl1.0_d0.0_l0.0_t1.0_gc0.0_p0.0_pop10_ms0.0_mf0.0_seed42/families/family_002/misc/raxml_output.GTR+G.raxml.rba

Parallelization scheme autoconfig: 8 worker(s) x 1 thread(s)

Parallel reduction/worker buffer size: 1 KB  / 0 KB

[00:00:00] Generating 10 random starting tree(s) with 20 taxa
[00:00:00] Generating 10 parsimony starting tree(s) with 20 taxa
[00:00:00] Data distribution: max. partitions/sites/weight per thread: 1 / 101 / 1616
[00:00:00] Data distribution: max. searches per worker: 3

Starting ML tree search with 20 distinct starting trees

[00:00:00 -2562.074696] Initial branch length optimization
[00:00:00 -2273.100426] Model parameter optimization (eps = 10.000000)
[00:00:00 -1798.747108] AUTODETECT spr round 1 (radius: 5)
[00:00:00 -1200.970067] AUTODETECT spr round 2 (radius: 10)
[00:00:00 -1200.965720] SPR radius for FAST iterations: 5 (autodetect)
[00:00:00 -1200.965720] Model parameter optimization (eps = 3.000000)
[00:00:00 -1182.944303] FAST spr round 1 (radius: 5)
[00:00:00 -1169.169457] FAST spr round 2 (radius: 5)
[00:00:00 -1169.083852] Model parameter optimization (eps = 1.000000)
[00:00:00 -1167.885917] SLOW spr round 1 (radius: 5)
[00:00:00 -1167.880565] SLOW spr round 2 (radius: 10)
[00:00:00] [worker #3] ML tree search #4, logLikelihood: -1167.856480
[00:00:00 -1167.880558] SLOW spr round 3 (radius: 15)
[00:00:00 -1167.880558] SLOW spr round 4 (radius: 20)
[00:00:00 -1167.880558] Model parameter optimization (eps = 0.100000)
[00:00:00] [worker #2] ML tree search #3, logLikelihood: -1167.848415

[00:00:00] [worker #0] ML tree search #1, logLikelihood: -1167.846418

[00:00:00] [worker #5] ML tree search #6, logLikelihood: -1167.845343
[00:00:00 -2509.635236] Initial branch length optimization
[00:00:00 -2128.577600] Model parameter optimization (eps = 10.000000)
[00:00:00] [worker #7] ML tree search #8, logLikelihood: -1167.845433
[00:00:00] [worker #4] ML tree search #5, logLikelihood: -1167.850214
[00:00:00 -1682.991127] AUTODETECT spr round 1 (radius: 5)
[00:00:00 -1285.276521] AUTODETECT spr round 2 (radius: 10)
[00:00:00 -1285.252499] SPR radius for FAST iterations: 5 (autodetect)
[00:00:00 -1285.252499] Model parameter optimization (eps = 3.000000)
[00:00:00] [worker #6] ML tree search #7, logLikelihood: -1167.850478
[00:00:00 -1270.636111] FAST spr round 1 (radius: 5)
[00:00:00] [worker #1] ML tree search #2, logLikelihood: -1167.847453
[00:00:00] [worker #3] ML tree search #12, logLikelihood: -1167.841100
[00:00:00] [worker #5] ML tree search #14, logLikelihood: -1167.841931
[00:00:00] [worker #2] ML tree search #11, logLikelihood: -1167.841384
[00:00:00 -1173.023847] FAST spr round 2 (radius: 5)
[00:00:00] [worker #7] ML tree search #16, logLikelihood: -1167.841182
[00:00:00 -1172.215772] FAST spr round 3 (radius: 5)
[00:00:00 -1172.215766] Model parameter optimization (eps = 1.000000)
[00:00:00] [worker #4] ML tree search #13, logLikelihood: -1167.841327
[00:00:00 -1168.068143] SLOW spr round 1 (radius: 5)
[00:00:00 -1168.048363] SLOW spr round 2 (radius: 10)
[00:00:00 -1168.048341] SLOW spr round 3 (radius: 15)
[00:00:00 -1168.048341] SLOW spr round 4 (radius: 20)
[00:00:00 -1168.048341] Model parameter optimization (eps = 0.100000)

[00:00:00] [worker #0] ML tree search #9, logLikelihood: -1167.849443

[00:00:00 -1683.436518] Initial branch length optimization
[00:00:00 -1407.039235] Model parameter optimization (eps = 10.000000)
[00:00:00] [worker #3] ML tree search #20, logLikelihood: -1167.843063
[00:00:00] [worker #6] ML tree search #15, logLikelihood: -1167.841936
[00:00:00] [worker #2] ML tree search #19, logLikelihood: -1167.842763
[00:00:00 -1170.284213] AUTODETECT spr round 1 (radius: 5)
[00:00:00 -1169.076920] AUTODETECT spr round 2 (radius: 10)
[00:00:00 -1169.073401] SPR radius for FAST iterations: 5 (autodetect)
[00:00:00 -1169.073401] Model parameter optimization (eps = 3.000000)
[00:00:00 -1168.756137] FAST spr round 1 (radius: 5)
[00:00:00 -1167.892706] FAST spr round 2 (radius: 5)
[00:00:00 -1167.891893] Model parameter optimization (eps = 1.000000)
[00:00:00 -1167.850705] SLOW spr round 1 (radius: 5)
[00:00:00] [worker #1] ML tree search #10, logLikelihood: -1167.857159
[00:00:00 -1167.849266] SLOW spr round 2 (radius: 10)
[00:00:00 -1167.848761] SLOW spr round 3 (radius: 15)
[00:00:00 -1167.848426] SLOW spr round 4 (radius: 20)
[00:00:00 -1167.848203] Model parameter optimization (eps = 0.100000)

[00:00:00] [worker #0] ML tree search #17, logLikelihood: -1167.842301

[00:00:00] [worker #1] ML tree search #18, logLikelihood: -1167.841464

Optimized model parameters:

   Partition 0: noname
   Rate heterogeneity: GAMMA (4 cats, mean),  alpha: 1.167611 (ML),  weights&rates: (0.250000,0.169134) (0.250000,0.521921) (0.250000,1.023038) (0.250000,2.285906) 
   Base frequencies (ML): 0.236920 0.165445 0.300189 0.297445 
   Substitution rates (ML): 0.254946 19.940570 0.166153 0.540162 1.503496 1.000000 


Final LogLikelihood: -1167.841100

AIC score: 2427.682200 / AICc score: 2452.532775 / BIC score: 2583.997685
Free parameters (model + branch lengths): 46

WARNING: Best ML tree contains 4 near-zero branches!

Best ML tree with collapsed near-zero branches saved to: /home/fili/Documents/KIT/2023/BA/code/output/families/ssim_dtl_s20_f100_sites200_GTR_bl1.0_d0.0_l0.0_t1.0_gc0.0_p0.0_pop10_ms0.0_mf0.0_seed42/families/family_002/misc/raxml_output.GTR+G.raxml.bestTreeCollapsed
Best ML tree saved to: /home/fili/Documents/KIT/2023/BA/code/output/families/ssim_dtl_s20_f100_sites200_GTR_bl1.0_d0.0_l0.0_t1.0_gc0.0_p0.0_pop10_ms0.0_mf0.0_seed42/families/family_002/misc/raxml_output.GTR+G.raxml.bestTree
All ML trees saved to: /home/fili/Documents/KIT/2023/BA/code/output/families/ssim_dtl_s20_f100_sites200_GTR_bl1.0_d0.0_l0.0_t1.0_gc0.0_p0.0_pop10_ms0.0_mf0.0_seed42/families/family_002/misc/raxml_output.GTR+G.raxml.mlTrees
Optimized model saved to: /home/fili/Documents/KIT/2023/BA/code/output/families/ssim_dtl_s20_f100_sites200_GTR_bl1.0_d0.0_l0.0_t1.0_gc0.0_p0.0_pop10_ms0.0_mf0.0_seed42/families/family_002/misc/raxml_output.GTR+G.raxml.bestModel

Execution log saved to: /home/fili/Documents/KIT/2023/BA/code/output/families/ssim_dtl_s20_f100_sites200_GTR_bl1.0_d0.0_l0.0_t1.0_gc0.0_p0.0_pop10_ms0.0_mf0.0_seed42/families/family_002/misc/raxml_output.GTR+G.raxml.log

Analysis started: 12-Jun-2023 12:41:38 / finished: 12-Jun-2023 12:41:39

Elapsed time: 0.670 seconds

