
RAxML-NG v. 1.1.0 released on 29.11.2021 by The Exelixis Lab.
Developed by: Alexey M. Kozlov and Alexandros Stamatakis.
Contributors: Diego Darriba, Tomas Flouri, Benoit Morel, Sarah Lutteropp, Ben Bettisworth.
Latest version: https://github.com/amkozlov/raxml-ng
Questions/problems/suggestions? Please visit: https://groups.google.com/forum/#!forum/raxml

System: AMD Ryzen 7 5800X 8-Core Processor, 8 cores, 31 GB RAM

RAxML-NG was called at 12-Jun-2023 12:38:57 as follows:

/home/fili/Documents/KIT/2023/BA/resources/tools/RAxML-NG/raxml-ng --msa /home/fili/Documents/KIT/2023/BA/code/output/families/ssim_dtl_s20_f100_sites200_GTR_bl1.0_d0.0_l0.0_t1.0_gc0.0_p0.0_pop10_ms0.0_mf0.0_seed42/families/family_002/alignment.msa --model F81 --prefix /home/fili/Documents/KIT/2023/BA/code/output/families/ssim_dtl_s20_f100_sites200_GTR_bl1.0_d0.0_l0.0_t1.0_gc0.0_p0.0_pop10_ms0.0_mf0.0_seed42/families/family_002/misc/raxml_output.F81

Analysis options:
  run mode: ML tree search
  start tree(s): random (10) + parsimony (10)
  random seed: 1686566337
  tip-inner: OFF
  pattern compression: ON
  per-rate scalers: OFF
  site repeats: ON
  fast spr radius: AUTO
  spr subtree cutoff: 1.000000
  branch lengths: proportional (ML estimate, algorithm: NR-FAST)
  SIMD kernels: AVX2
  parallelization: coarse-grained (auto), PTHREADS (auto)

[00:00:00] Reading alignment from file: /home/fili/Documents/KIT/2023/BA/code/output/families/ssim_dtl_s20_f100_sites200_GTR_bl1.0_d0.0_l0.0_t1.0_gc0.0_p0.0_pop10_ms0.0_mf0.0_seed42/families/family_002/alignment.msa
[00:00:00] Loaded alignment with 20 taxa and 221 sites

WARNING: Sequences 9_0_0 and 13_0_0 are exactly identical!
WARNING: Sequences 5_0_0 and 12_0_0 are exactly identical!
WARNING: Sequences 5_0_0 and 4_0_0 are exactly identical!
WARNING: Sequences 5_0_0 and 10_0_0 are exactly identical!
WARNING: Duplicate sequences found: 4

NOTE: Reduced alignment (with duplicates and gap-only sites/taxa removed) 
NOTE: was saved to: /home/fili/Documents/KIT/2023/BA/code/output/families/ssim_dtl_s20_f100_sites200_GTR_bl1.0_d0.0_l0.0_t1.0_gc0.0_p0.0_pop10_ms0.0_mf0.0_seed42/families/family_002/misc/raxml_output.F81.raxml.reduced.phy

Alignment comprises 1 partitions and 101 patterns

Partition 0: noname
Model: F81+FO
Alignment sites / patterns: 221 / 101
Gaps: 0.00 %
Invariant sites: 47.96 %


NOTE: Binary MSA file created: /home/fili/Documents/KIT/2023/BA/code/output/families/ssim_dtl_s20_f100_sites200_GTR_bl1.0_d0.0_l0.0_t1.0_gc0.0_p0.0_pop10_ms0.0_mf0.0_seed42/families/family_002/misc/raxml_output.F81.raxml.rba

Parallelization scheme autoconfig: 8 worker(s) x 1 thread(s)

Parallel reduction/worker buffer size: 1 KB  / 0 KB

[00:00:00] Generating 10 random starting tree(s) with 20 taxa
[00:00:00] Generating 10 parsimony starting tree(s) with 20 taxa
[00:00:00] Data distribution: max. partitions/sites/weight per thread: 1 / 101 / 404
[00:00:00] Data distribution: max. searches per worker: 3

Starting ML tree search with 20 distinct starting trees

[00:00:00 -2797.518525] Initial branch length optimization
[00:00:00 -2449.969998] Model parameter optimization (eps = 10.000000)
[00:00:00 -2343.327072] AUTODETECT spr round 1 (radius: 5)
[00:00:00 -1446.358333] AUTODETECT spr round 2 (radius: 10)
[00:00:00 -1404.847620] AUTODETECT spr round 3 (radius: 15)
[00:00:00 -1404.847562] SPR radius for FAST iterations: 10 (autodetect)
[00:00:00 -1404.847562] Model parameter optimization (eps = 3.000000)
[00:00:00 -1403.861575] FAST spr round 1 (radius: 10)
[00:00:00 -1394.627840] FAST spr round 2 (radius: 10)
[00:00:00 -1389.340875] FAST spr round 3 (radius: 10)
[00:00:00 -1389.152442] FAST spr round 4 (radius: 10)
[00:00:00 -1389.152431] Model parameter optimization (eps = 1.000000)
[00:00:00 -1389.131942] SLOW spr round 1 (radius: 5)
[00:00:00] [worker #5] ML tree search #6, logLikelihood: -1389.131921
[00:00:00] [worker #4] ML tree search #5, logLikelihood: -1386.547512
[00:00:00] [worker #3] ML tree search #4, logLikelihood: -1389.131924
[00:00:00] [worker #2] ML tree search #3, logLikelihood: -1389.131922
[00:00:00 -1389.131934] SLOW spr round 2 (radius: 10)
[00:00:00] [worker #7] ML tree search #8, logLikelihood: -1386.547513
[00:00:00 -1389.131934] SLOW spr round 3 (radius: 15)
[00:00:00] [worker #1] ML tree search #2, logLikelihood: -1389.131923
[00:00:00 -1389.131934] SLOW spr round 4 (radius: 20)
[00:00:00 -1389.131934] Model parameter optimization (eps = 0.100000)
[00:00:00] [worker #6] ML tree search #7, logLikelihood: -1386.547512

[00:00:00] [worker #0] ML tree search #1, logLikelihood: -1389.131923

[00:00:00 -2765.663533] Initial branch length optimization
[00:00:00 -2452.068453] Model parameter optimization (eps = 10.000000)
[00:00:00 -2333.907620] AUTODETECT spr round 1 (radius: 5)
[00:00:00 -1419.769269] AUTODETECT spr round 2 (radius: 10)
[00:00:00 -1419.769240] SPR radius for FAST iterations: 5 (autodetect)
[00:00:00 -1419.769240] Model parameter optimization (eps = 3.000000)
[00:00:00] [worker #4] ML tree search #13, logLikelihood: -1386.547512
[00:00:00 -1415.932676] FAST spr round 1 (radius: 5)
[00:00:00 -1390.863433] FAST spr round 2 (radius: 5)
[00:00:00 -1389.190361] FAST spr round 3 (radius: 5)
[00:00:00] [worker #2] ML tree search #11, logLikelihood: -1386.547512
[00:00:00] [worker #5] ML tree search #14, logLikelihood: -1386.547547
[00:00:00] [worker #3] ML tree search #12, logLikelihood: -1386.547514
[00:00:00 -1389.190349] Model parameter optimization (eps = 1.000000)
[00:00:00 -1389.131941] SLOW spr round 1 (radius: 5)
[00:00:00] [worker #7] ML tree search #16, logLikelihood: -1386.547513
[00:00:00] [worker #6] ML tree search #15, logLikelihood: -1386.547513
[00:00:00 -1389.131930] SLOW spr round 2 (radius: 10)
[00:00:00] [worker #1] ML tree search #10, logLikelihood: -1386.547512
[00:00:00] [worker #2] ML tree search #19, logLikelihood: -1386.547512
[00:00:00 -1389.131930] SLOW spr round 3 (radius: 15)
[00:00:00 -1389.131930] SLOW spr round 4 (radius: 20)
[00:00:00 -1389.131930] Model parameter optimization (eps = 0.100000)

[00:00:00] [worker #0] ML tree search #9, logLikelihood: -1389.131921

[00:00:00 -1887.047387] Initial branch length optimization
[00:00:00 -1439.432719] Model parameter optimization (eps = 10.000000)
[00:00:00 -1387.949014] AUTODETECT spr round 1 (radius: 5)
[00:00:00] [worker #3] ML tree search #20, logLikelihood: -1386.547513
[00:00:00 -1387.948935] SPR radius for FAST iterations: 5 (autodetect)
[00:00:00 -1387.948935] Model parameter optimization (eps = 3.000000)
[00:00:00 -1387.948926] FAST spr round 1 (radius: 5)
[00:00:00 -1386.954880] FAST spr round 2 (radius: 5)
[00:00:00 -1386.551087] FAST spr round 3 (radius: 5)
[00:00:00 -1386.551063] Model parameter optimization (eps = 1.000000)
[00:00:00 -1386.547513] SLOW spr round 1 (radius: 5)
[00:00:00] [worker #1] ML tree search #18, logLikelihood: -1386.547512
[00:00:00 -1386.547513] SLOW spr round 2 (radius: 10)
[00:00:00 -1386.547513] SLOW spr round 3 (radius: 15)
[00:00:00 -1386.547513] SLOW spr round 4 (radius: 20)
[00:00:00 -1386.547513] Model parameter optimization (eps = 0.100000)

[00:00:00] [worker #0] ML tree search #17, logLikelihood: -1386.547512


Optimized model parameters:

   Partition 0: noname
   Rate heterogeneity: NONE
   Base frequencies (ML): 0.330725 0.099012 0.378260 0.192002 
   Substitution rates (model): 1.000000 1.000000 1.000000 1.000000 1.000000 1.000000 


Final LogLikelihood: -1386.547512

AIC score: 2853.095023 / AICc score: 2871.317245 / BIC score: 2989.021531
Free parameters (model + branch lengths): 40

WARNING: Best ML tree contains 3 near-zero branches!

Best ML tree with collapsed near-zero branches saved to: /home/fili/Documents/KIT/2023/BA/code/output/families/ssim_dtl_s20_f100_sites200_GTR_bl1.0_d0.0_l0.0_t1.0_gc0.0_p0.0_pop10_ms0.0_mf0.0_seed42/families/family_002/misc/raxml_output.F81.raxml.bestTreeCollapsed
Best ML tree saved to: /home/fili/Documents/KIT/2023/BA/code/output/families/ssim_dtl_s20_f100_sites200_GTR_bl1.0_d0.0_l0.0_t1.0_gc0.0_p0.0_pop10_ms0.0_mf0.0_seed42/families/family_002/misc/raxml_output.F81.raxml.bestTree
All ML trees saved to: /home/fili/Documents/KIT/2023/BA/code/output/families/ssim_dtl_s20_f100_sites200_GTR_bl1.0_d0.0_l0.0_t1.0_gc0.0_p0.0_pop10_ms0.0_mf0.0_seed42/families/family_002/misc/raxml_output.F81.raxml.mlTrees
Optimized model saved to: /home/fili/Documents/KIT/2023/BA/code/output/families/ssim_dtl_s20_f100_sites200_GTR_bl1.0_d0.0_l0.0_t1.0_gc0.0_p0.0_pop10_ms0.0_mf0.0_seed42/families/family_002/misc/raxml_output.F81.raxml.bestModel

Execution log saved to: /home/fili/Documents/KIT/2023/BA/code/output/families/ssim_dtl_s20_f100_sites200_GTR_bl1.0_d0.0_l0.0_t1.0_gc0.0_p0.0_pop10_ms0.0_mf0.0_seed42/families/family_002/misc/raxml_output.F81.raxml.log

Analysis started: 12-Jun-2023 12:38:57 / finished: 12-Jun-2023 12:38:57

Elapsed time: 0.329 seconds

