
RAxML-NG v. 1.1.0 released on 29.11.2021 by The Exelixis Lab.
Developed by: Alexey M. Kozlov and Alexandros Stamatakis.
Contributors: Diego Darriba, Tomas Flouri, Benoit Morel, Sarah Lutteropp, Ben Bettisworth.
Latest version: https://github.com/amkozlov/raxml-ng
Questions/problems/suggestions? Please visit: https://groups.google.com/forum/#!forum/raxml

System: AMD Ryzen 7 5800X 8-Core Processor, 8 cores, 31 GB RAM

RAxML-NG was called at 12-Jun-2023 12:41:17 as follows:

/home/fili/Documents/KIT/2023/BA/resources/tools/RAxML-NG/raxml-ng --msa /home/fili/Documents/KIT/2023/BA/code/output/families/ssim_dtl_s20_f100_sites200_GTR_bl1.0_d0.0_l0.0_t1.0_gc0.0_p0.0_pop10_ms0.0_mf0.0_seed42/families/family_067/alignment.msa --model GTR+G --prefix /home/fili/Documents/KIT/2023/BA/code/output/families/ssim_dtl_s20_f100_sites200_GTR_bl1.0_d0.0_l0.0_t1.0_gc0.0_p0.0_pop10_ms0.0_mf0.0_seed42/families/family_067/misc/raxml_output.GTR+G

Analysis options:
  run mode: ML tree search
  start tree(s): random (10) + parsimony (10)
  random seed: 1686566477
  tip-inner: OFF
  pattern compression: ON
  per-rate scalers: OFF
  site repeats: ON
  fast spr radius: AUTO
  spr subtree cutoff: 1.000000
  branch lengths: proportional (ML estimate, algorithm: NR-FAST)
  SIMD kernels: AVX2
  parallelization: coarse-grained (auto), PTHREADS (auto)

[00:00:00] Reading alignment from file: /home/fili/Documents/KIT/2023/BA/code/output/families/ssim_dtl_s20_f100_sites200_GTR_bl1.0_d0.0_l0.0_t1.0_gc0.0_p0.0_pop10_ms0.0_mf0.0_seed42/families/family_067/alignment.msa
[00:00:00] Loaded alignment with 20 taxa and 213 sites

WARNING: Sequences 9_0_0 and 13_0_0 are exactly identical!
WARNING: Sequences 4_0_0 and 12_0_0 are exactly identical!
WARNING: Duplicate sequences found: 2

NOTE: Reduced alignment (with duplicates and gap-only sites/taxa removed) 
NOTE: was saved to: /home/fili/Documents/KIT/2023/BA/code/output/families/ssim_dtl_s20_f100_sites200_GTR_bl1.0_d0.0_l0.0_t1.0_gc0.0_p0.0_pop10_ms0.0_mf0.0_seed42/families/family_067/misc/raxml_output.GTR+G.raxml.reduced.phy

Alignment comprises 1 partitions and 76 patterns

Partition 0: noname
Model: GTR+FO+G4m
Alignment sites / patterns: 213 / 76
Gaps: 0.00 %
Invariant sites: 62.91 %


NOTE: Binary MSA file created: /home/fili/Documents/KIT/2023/BA/code/output/families/ssim_dtl_s20_f100_sites200_GTR_bl1.0_d0.0_l0.0_t1.0_gc0.0_p0.0_pop10_ms0.0_mf0.0_seed42/families/family_067/misc/raxml_output.GTR+G.raxml.rba

Parallelization scheme autoconfig: 8 worker(s) x 1 thread(s)

Parallel reduction/worker buffer size: 1 KB  / 0 KB

[00:00:00] Generating 10 random starting tree(s) with 20 taxa
[00:00:00] Generating 10 parsimony starting tree(s) with 20 taxa
[00:00:00] Data distribution: max. partitions/sites/weight per thread: 1 / 76 / 1216
[00:00:00] Data distribution: max. searches per worker: 3

Starting ML tree search with 20 distinct starting trees

[00:00:00 -1971.968187] Initial branch length optimization
[00:00:00 -1677.328118] Model parameter optimization (eps = 10.000000)
[00:00:00 -1356.930516] AUTODETECT spr round 1 (radius: 5)
[00:00:00 -964.183401] AUTODETECT spr round 2 (radius: 10)
[00:00:00 -964.177231] SPR radius for FAST iterations: 5 (autodetect)
[00:00:00 -964.177231] Model parameter optimization (eps = 3.000000)
[00:00:00 -953.312491] FAST spr round 1 (radius: 5)
[00:00:00 -952.117340] FAST spr round 2 (radius: 5)
[00:00:00 -952.117044] Model parameter optimization (eps = 1.000000)
[00:00:00 -951.878036] SLOW spr round 1 (radius: 5)
[00:00:00] [worker #2] ML tree search #3, logLikelihood: -951.483738
[00:00:00] [worker #6] ML tree search #7, logLikelihood: -951.482851
[00:00:00 -951.629101] SLOW spr round 2 (radius: 5)
[00:00:00] [worker #5] ML tree search #6, logLikelihood: -951.501772
[00:00:00 -951.629031] SLOW spr round 3 (radius: 10)
[00:00:00] [worker #4] ML tree search #5, logLikelihood: -951.475646
[00:00:00] [worker #3] ML tree search #4, logLikelihood: -951.520712
[00:00:00 -951.629030] SLOW spr round 4 (radius: 15)
[00:00:00 -951.629030] SLOW spr round 5 (radius: 20)
[00:00:00 -951.629030] Model parameter optimization (eps = 0.100000)
[00:00:00] [worker #1] ML tree search #2, logLikelihood: -951.504627

[00:00:00] [worker #0] ML tree search #1, logLikelihood: -951.494453

[00:00:00 -1876.190455] Initial branch length optimization
[00:00:00 -1583.697353] Model parameter optimization (eps = 10.000000)
[00:00:00] [worker #7] ML tree search #8, logLikelihood: -951.490128
[00:00:00 -1267.399614] AUTODETECT spr round 1 (radius: 5)
[00:00:00 -985.261424] AUTODETECT spr round 2 (radius: 10)
[00:00:00 -973.920403] AUTODETECT spr round 3 (radius: 15)
[00:00:00 -973.914723] SPR radius for FAST iterations: 10 (autodetect)
[00:00:00 -973.914723] Model parameter optimization (eps = 3.000000)
[00:00:00] [worker #2] ML tree search #11, logLikelihood: -951.499468
[00:00:00 -967.557874] FAST spr round 1 (radius: 10)
[00:00:00] [worker #5] ML tree search #14, logLikelihood: -951.512553
[00:00:00] [worker #6] ML tree search #15, logLikelihood: -951.498262
[00:00:00 -953.644281] FAST spr round 2 (radius: 10)
[00:00:00] [worker #3] ML tree search #12, logLikelihood: -951.512937
[00:00:00 -952.755143] FAST spr round 3 (radius: 10)
[00:00:00 -952.730093] Model parameter optimization (eps = 1.000000)
[00:00:00 -951.824605] SLOW spr round 1 (radius: 5)
[00:00:00] [worker #4] ML tree search #13, logLikelihood: -951.501094
[00:00:00] [worker #7] ML tree search #16, logLikelihood: -951.503032
[00:00:00 -951.512473] SLOW spr round 2 (radius: 5)
[00:00:00] [worker #2] ML tree search #19, logLikelihood: -951.492176
[00:00:00 -951.512450] SLOW spr round 3 (radius: 10)
[00:00:00] [worker #1] ML tree search #10, logLikelihood: -951.509277
[00:00:00 -951.512450] SLOW spr round 4 (radius: 15)
[00:00:00] [worker #3] ML tree search #20, logLikelihood: -951.493630
[00:00:00 -951.512450] SLOW spr round 5 (radius: 20)
[00:00:00 -951.512450] Model parameter optimization (eps = 0.100000)

[00:00:00] [worker #0] ML tree search #9, logLikelihood: -951.481360

[00:00:00 -1350.055810] Initial branch length optimization
[00:00:00 -1112.544153] Model parameter optimization (eps = 10.000000)
[00:00:00 -955.835206] AUTODETECT spr round 1 (radius: 5)
[00:00:00 -953.797794] AUTODETECT spr round 2 (radius: 10)
[00:00:00 -953.785801] SPR radius for FAST iterations: 5 (autodetect)
[00:00:00 -953.785801] Model parameter optimization (eps = 3.000000)
[00:00:00 -953.161018] FAST spr round 1 (radius: 5)
[00:00:00 -953.051211] FAST spr round 2 (radius: 5)
[00:00:00 -952.438700] FAST spr round 3 (radius: 5)
[00:00:00 -952.426901] Model parameter optimization (eps = 1.000000)
[00:00:00 -952.068334] SLOW spr round 1 (radius: 5)
[00:00:00] [worker #1] ML tree search #18, logLikelihood: -951.499024
[00:00:00 -951.746273] SLOW spr round 2 (radius: 5)
[00:00:00 -951.746240] SLOW spr round 3 (radius: 10)
[00:00:00 -951.746239] SLOW spr round 4 (radius: 15)
[00:00:00 -951.746239] SLOW spr round 5 (radius: 20)
[00:00:00 -951.746239] Model parameter optimization (eps = 0.100000)

[00:00:00] [worker #0] ML tree search #17, logLikelihood: -951.500229


Optimized model parameters:

   Partition 0: noname
   Rate heterogeneity: GAMMA (4 cats, mean),  alpha: 0.303932 (ML),  weights&rates: (0.250000,0.005620) (0.250000,0.107557) (0.250000,0.602347) (0.250000,3.284476) 
   Base frequencies (ML): 0.201461 0.162359 0.276004 0.360176 
   Substitution rates (ML): 0.952720 33.089762 0.700230 0.001000 3.180936 1.000000 


Final LogLikelihood: -951.475646

AIC score: 1994.951291 / AICc score: 2020.999484 / BIC score: 2149.570731
Free parameters (model + branch lengths): 46

WARNING: Best ML tree contains 3 near-zero branches!

Best ML tree with collapsed near-zero branches saved to: /home/fili/Documents/KIT/2023/BA/code/output/families/ssim_dtl_s20_f100_sites200_GTR_bl1.0_d0.0_l0.0_t1.0_gc0.0_p0.0_pop10_ms0.0_mf0.0_seed42/families/family_067/misc/raxml_output.GTR+G.raxml.bestTreeCollapsed
Best ML tree saved to: /home/fili/Documents/KIT/2023/BA/code/output/families/ssim_dtl_s20_f100_sites200_GTR_bl1.0_d0.0_l0.0_t1.0_gc0.0_p0.0_pop10_ms0.0_mf0.0_seed42/families/family_067/misc/raxml_output.GTR+G.raxml.bestTree
All ML trees saved to: /home/fili/Documents/KIT/2023/BA/code/output/families/ssim_dtl_s20_f100_sites200_GTR_bl1.0_d0.0_l0.0_t1.0_gc0.0_p0.0_pop10_ms0.0_mf0.0_seed42/families/family_067/misc/raxml_output.GTR+G.raxml.mlTrees
Optimized model saved to: /home/fili/Documents/KIT/2023/BA/code/output/families/ssim_dtl_s20_f100_sites200_GTR_bl1.0_d0.0_l0.0_t1.0_gc0.0_p0.0_pop10_ms0.0_mf0.0_seed42/families/family_067/misc/raxml_output.GTR+G.raxml.bestModel

Execution log saved to: /home/fili/Documents/KIT/2023/BA/code/output/families/ssim_dtl_s20_f100_sites200_GTR_bl1.0_d0.0_l0.0_t1.0_gc0.0_p0.0_pop10_ms0.0_mf0.0_seed42/families/family_067/misc/raxml_output.GTR+G.raxml.log

Analysis started: 12-Jun-2023 12:41:17 / finished: 12-Jun-2023 12:41:18

Elapsed time: 0.818 seconds

