
RAxML-NG v. 1.1.0 released on 29.11.2021 by The Exelixis Lab.
Developed by: Alexey M. Kozlov and Alexandros Stamatakis.
Contributors: Diego Darriba, Tomas Flouri, Benoit Morel, Sarah Lutteropp, Ben Bettisworth.
Latest version: https://github.com/amkozlov/raxml-ng
Questions/problems/suggestions? Please visit: https://groups.google.com/forum/#!forum/raxml

System: AMD Ryzen 7 5800X 8-Core Processor, 8 cores, 31 GB RAM

RAxML-NG was called at 12-Jun-2023 12:38:48 as follows:

/home/fili/Documents/KIT/2023/BA/resources/tools/RAxML-NG/raxml-ng --msa /home/fili/Documents/KIT/2023/BA/code/output/families/ssim_dtl_s20_f100_sites200_GTR_bl1.0_d0.0_l0.0_t1.0_gc0.0_p0.0_pop10_ms0.0_mf0.0_seed42/families/family_067/alignment.msa --model F81 --prefix /home/fili/Documents/KIT/2023/BA/code/output/families/ssim_dtl_s20_f100_sites200_GTR_bl1.0_d0.0_l0.0_t1.0_gc0.0_p0.0_pop10_ms0.0_mf0.0_seed42/families/family_067/misc/raxml_output.F81

Analysis options:
  run mode: ML tree search
  start tree(s): random (10) + parsimony (10)
  random seed: 1686566328
  tip-inner: OFF
  pattern compression: ON
  per-rate scalers: OFF
  site repeats: ON
  fast spr radius: AUTO
  spr subtree cutoff: 1.000000
  branch lengths: proportional (ML estimate, algorithm: NR-FAST)
  SIMD kernels: AVX2
  parallelization: coarse-grained (auto), PTHREADS (auto)

[00:00:00] Reading alignment from file: /home/fili/Documents/KIT/2023/BA/code/output/families/ssim_dtl_s20_f100_sites200_GTR_bl1.0_d0.0_l0.0_t1.0_gc0.0_p0.0_pop10_ms0.0_mf0.0_seed42/families/family_067/alignment.msa
[00:00:00] Loaded alignment with 20 taxa and 213 sites

WARNING: Sequences 9_0_0 and 13_0_0 are exactly identical!
WARNING: Sequences 4_0_0 and 12_0_0 are exactly identical!
WARNING: Duplicate sequences found: 2

NOTE: Reduced alignment (with duplicates and gap-only sites/taxa removed) 
NOTE: was saved to: /home/fili/Documents/KIT/2023/BA/code/output/families/ssim_dtl_s20_f100_sites200_GTR_bl1.0_d0.0_l0.0_t1.0_gc0.0_p0.0_pop10_ms0.0_mf0.0_seed42/families/family_067/misc/raxml_output.F81.raxml.reduced.phy

Alignment comprises 1 partitions and 76 patterns

Partition 0: noname
Model: F81+FO
Alignment sites / patterns: 213 / 76
Gaps: 0.00 %
Invariant sites: 62.91 %


NOTE: Binary MSA file created: /home/fili/Documents/KIT/2023/BA/code/output/families/ssim_dtl_s20_f100_sites200_GTR_bl1.0_d0.0_l0.0_t1.0_gc0.0_p0.0_pop10_ms0.0_mf0.0_seed42/families/family_067/misc/raxml_output.F81.raxml.rba

Parallelization scheme autoconfig: 8 worker(s) x 1 thread(s)

Parallel reduction/worker buffer size: 1 KB  / 0 KB

[00:00:00] Generating 10 random starting tree(s) with 20 taxa
[00:00:00] Generating 10 parsimony starting tree(s) with 20 taxa
[00:00:00] Data distribution: max. partitions/sites/weight per thread: 1 / 76 / 304
[00:00:00] Data distribution: max. searches per worker: 3

Starting ML tree search with 20 distinct starting trees

[00:00:00 -2287.975692] Initial branch length optimization
[00:00:00 -1982.931707] Model parameter optimization (eps = 10.000000)
[00:00:00 -1931.547411] AUTODETECT spr round 1 (radius: 5)
[00:00:00 -1292.579789] AUTODETECT spr round 2 (radius: 10)
[00:00:00 -1153.432175] AUTODETECT spr round 3 (radius: 15)
[00:00:00 -1153.432175] SPR radius for FAST iterations: 10 (autodetect)
[00:00:00 -1153.432175] Model parameter optimization (eps = 3.000000)
[00:00:00 -1149.087830] FAST spr round 1 (radius: 10)
[00:00:00 -1130.251836] FAST spr round 2 (radius: 10)
[00:00:00 -1128.808063] FAST spr round 3 (radius: 10)
[00:00:00 -1128.807978] Model parameter optimization (eps = 1.000000)
[00:00:00 -1128.794017] SLOW spr round 1 (radius: 5)
[00:00:00] [worker #7] ML tree search #8, logLikelihood: -1128.794010
[00:00:00 -1128.794014] SLOW spr round 2 (radius: 10)
[00:00:00] [worker #5] ML tree search #6, logLikelihood: -1128.794013
[00:00:00 -1128.794014] SLOW spr round 3 (radius: 15)
[00:00:00 -1128.794014] SLOW spr round 4 (radius: 20)
[00:00:00 -1128.794014] Model parameter optimization (eps = 0.100000)

[00:00:00] [worker #0] ML tree search #1, logLikelihood: -1128.794012

[00:00:00] [worker #1] ML tree search #2, logLikelihood: -1129.748453
[00:00:00] [worker #2] ML tree search #3, logLikelihood: -1128.794011
[00:00:00 -2278.128416] Initial branch length optimization
[00:00:00 -1980.149350] Model parameter optimization (eps = 10.000000)
[00:00:00 -1935.996631] AUTODETECT spr round 1 (radius: 5)
[00:00:00] [worker #3] ML tree search #4, logLikelihood: -1129.137558
[00:00:00] [worker #6] ML tree search #7, logLikelihood: -1128.794011
[00:00:00 -1202.613508] AUTODETECT spr round 2 (radius: 10)
[00:00:00 -1165.143514] AUTODETECT spr round 3 (radius: 15)
[00:00:00 -1165.142675] SPR radius for FAST iterations: 10 (autodetect)
[00:00:00 -1165.142675] Model parameter optimization (eps = 3.000000)
[00:00:00] [worker #4] ML tree search #5, logLikelihood: -1128.794010
[00:00:00 -1163.649052] FAST spr round 1 (radius: 10)
[00:00:00 -1129.184483] FAST spr round 2 (radius: 10)
[00:00:00 -1129.184479] Model parameter optimization (eps = 1.000000)
[00:00:00] [worker #7] ML tree search #16, logLikelihood: -1128.794010
[00:00:00 -1129.137562] SLOW spr round 1 (radius: 5)
[00:00:00] [worker #5] ML tree search #14, logLikelihood: -1128.794011
[00:00:00 -1129.137560] SLOW spr round 2 (radius: 10)
[00:00:00] [worker #3] ML tree search #12, logLikelihood: -1128.794011
[00:00:00 -1129.137560] SLOW spr round 3 (radius: 15)
[00:00:00 -1129.137560] SLOW spr round 4 (radius: 20)
[00:00:00 -1129.137560] Model parameter optimization (eps = 0.100000)

[00:00:00] [worker #0] ML tree search #9, logLikelihood: -1129.137559

[00:00:00 -1613.840730] Initial branch length optimization
[00:00:00 -1161.760761] Model parameter optimization (eps = 10.000000)
[00:00:00 -1139.171497] AUTODETECT spr round 1 (radius: 5)
[00:00:00] [worker #2] ML tree search #11, logLikelihood: -1129.748491
[00:00:00] [worker #6] ML tree search #15, logLikelihood: -1128.794011
[00:00:00] [worker #4] ML tree search #13, logLikelihood: -1128.794011
[00:00:00] [worker #1] ML tree search #10, logLikelihood: -1128.794011
[00:00:00 -1129.458732] AUTODETECT spr round 2 (radius: 10)
[00:00:00 -1129.456551] SPR radius for FAST iterations: 5 (autodetect)
[00:00:00 -1129.456551] Model parameter optimization (eps = 3.000000)
[00:00:00 -1129.440721] FAST spr round 1 (radius: 5)
[00:00:00 -1128.811840] FAST spr round 2 (radius: 5)
[00:00:00 -1128.811746] Model parameter optimization (eps = 1.000000)
[00:00:00 -1128.794051] SLOW spr round 1 (radius: 5)
[00:00:00 -1128.794023] SLOW spr round 2 (radius: 10)
[00:00:00 -1128.794023] SLOW spr round 3 (radius: 15)
[00:00:00 -1128.794023] SLOW spr round 4 (radius: 20)
[00:00:00 -1128.794023] Model parameter optimization (eps = 0.100000)
[00:00:00] [worker #3] ML tree search #20, logLikelihood: -1128.794010

[00:00:00] [worker #0] ML tree search #17, logLikelihood: -1128.794011

[00:00:00] [worker #2] ML tree search #19, logLikelihood: -1128.794010
[00:00:00] [worker #1] ML tree search #18, logLikelihood: -1128.794013

Optimized model parameters:

   Partition 0: noname
   Rate heterogeneity: NONE
   Base frequencies (ML): 0.257718 0.120908 0.346394 0.274980 
   Substitution rates (model): 1.000000 1.000000 1.000000 1.000000 1.000000 1.000000 


Final LogLikelihood: -1128.794010

AIC score: 2337.588020 / AICc score: 2356.657788 / BIC score: 2472.039707
Free parameters (model + branch lengths): 40

WARNING: Best ML tree contains 3 near-zero branches!

Best ML tree with collapsed near-zero branches saved to: /home/fili/Documents/KIT/2023/BA/code/output/families/ssim_dtl_s20_f100_sites200_GTR_bl1.0_d0.0_l0.0_t1.0_gc0.0_p0.0_pop10_ms0.0_mf0.0_seed42/families/family_067/misc/raxml_output.F81.raxml.bestTreeCollapsed
Best ML tree saved to: /home/fili/Documents/KIT/2023/BA/code/output/families/ssim_dtl_s20_f100_sites200_GTR_bl1.0_d0.0_l0.0_t1.0_gc0.0_p0.0_pop10_ms0.0_mf0.0_seed42/families/family_067/misc/raxml_output.F81.raxml.bestTree
All ML trees saved to: /home/fili/Documents/KIT/2023/BA/code/output/families/ssim_dtl_s20_f100_sites200_GTR_bl1.0_d0.0_l0.0_t1.0_gc0.0_p0.0_pop10_ms0.0_mf0.0_seed42/families/family_067/misc/raxml_output.F81.raxml.mlTrees
Optimized model saved to: /home/fili/Documents/KIT/2023/BA/code/output/families/ssim_dtl_s20_f100_sites200_GTR_bl1.0_d0.0_l0.0_t1.0_gc0.0_p0.0_pop10_ms0.0_mf0.0_seed42/families/family_067/misc/raxml_output.F81.raxml.bestModel

Execution log saved to: /home/fili/Documents/KIT/2023/BA/code/output/families/ssim_dtl_s20_f100_sites200_GTR_bl1.0_d0.0_l0.0_t1.0_gc0.0_p0.0_pop10_ms0.0_mf0.0_seed42/families/family_067/misc/raxml_output.F81.raxml.log

Analysis started: 12-Jun-2023 12:38:48 / finished: 12-Jun-2023 12:38:48

Elapsed time: 0.211 seconds

