
RAxML-NG v. 1.1.0 released on 29.11.2021 by The Exelixis Lab.
Developed by: Alexey M. Kozlov and Alexandros Stamatakis.
Contributors: Diego Darriba, Tomas Flouri, Benoit Morel, Sarah Lutteropp, Ben Bettisworth.
Latest version: https://github.com/amkozlov/raxml-ng
Questions/problems/suggestions? Please visit: https://groups.google.com/forum/#!forum/raxml

System: AMD Ryzen 7 5800X 8-Core Processor, 8 cores, 31 GB RAM

RAxML-NG was called at 12-Jun-2023 12:38:38 as follows:

/home/fili/Documents/KIT/2023/BA/resources/tools/RAxML-NG/raxml-ng --msa /home/fili/Documents/KIT/2023/BA/code/output/families/ssim_dtl_s20_f100_sites200_GTR_bl1.0_d0.0_l0.0_t1.0_gc0.0_p0.0_pop10_ms0.0_mf0.0_seed42/families/family_081/alignment.msa --model F81 --prefix /home/fili/Documents/KIT/2023/BA/code/output/families/ssim_dtl_s20_f100_sites200_GTR_bl1.0_d0.0_l0.0_t1.0_gc0.0_p0.0_pop10_ms0.0_mf0.0_seed42/families/family_081/misc/raxml_output.F81

Analysis options:
  run mode: ML tree search
  start tree(s): random (10) + parsimony (10)
  random seed: 1686566318
  tip-inner: OFF
  pattern compression: ON
  per-rate scalers: OFF
  site repeats: ON
  fast spr radius: AUTO
  spr subtree cutoff: 1.000000
  branch lengths: proportional (ML estimate, algorithm: NR-FAST)
  SIMD kernels: AVX2
  parallelization: coarse-grained (auto), PTHREADS (auto)

[00:00:00] Reading alignment from file: /home/fili/Documents/KIT/2023/BA/code/output/families/ssim_dtl_s20_f100_sites200_GTR_bl1.0_d0.0_l0.0_t1.0_gc0.0_p0.0_pop10_ms0.0_mf0.0_seed42/families/family_081/alignment.msa
[00:00:00] Loaded alignment with 20 taxa and 221 sites

WARNING: Sequences 3_0_0 and 1_0_0 are exactly identical!
WARNING: Sequences 12_0_0 and 4_0_0 are exactly identical!
WARNING: Sequences 13_0_0 and 9_0_0 are exactly identical!
WARNING: Duplicate sequences found: 3

NOTE: Reduced alignment (with duplicates and gap-only sites/taxa removed) 
NOTE: was saved to: /home/fili/Documents/KIT/2023/BA/code/output/families/ssim_dtl_s20_f100_sites200_GTR_bl1.0_d0.0_l0.0_t1.0_gc0.0_p0.0_pop10_ms0.0_mf0.0_seed42/families/family_081/misc/raxml_output.F81.raxml.reduced.phy

Alignment comprises 1 partitions and 92 patterns

Partition 0: noname
Model: F81+FO
Alignment sites / patterns: 221 / 92
Gaps: 0.00 %
Invariant sites: 50.68 %


NOTE: Binary MSA file created: /home/fili/Documents/KIT/2023/BA/code/output/families/ssim_dtl_s20_f100_sites200_GTR_bl1.0_d0.0_l0.0_t1.0_gc0.0_p0.0_pop10_ms0.0_mf0.0_seed42/families/family_081/misc/raxml_output.F81.raxml.rba

Parallelization scheme autoconfig: 8 worker(s) x 1 thread(s)

Parallel reduction/worker buffer size: 1 KB  / 0 KB

[00:00:00] Generating 10 random starting tree(s) with 20 taxa
[00:00:00] Generating 10 parsimony starting tree(s) with 20 taxa
[00:00:00] Data distribution: max. partitions/sites/weight per thread: 1 / 92 / 368
[00:00:00] Data distribution: max. searches per worker: 3

Starting ML tree search with 20 distinct starting trees

[00:00:00 -2452.685003] Initial branch length optimization
[00:00:00 -2143.659694] Model parameter optimization (eps = 10.000000)
[00:00:00 -2072.261158] AUTODETECT spr round 1 (radius: 5)
[00:00:00 -1297.136474] AUTODETECT spr round 2 (radius: 10)
[00:00:00 -1289.294206] AUTODETECT spr round 3 (radius: 15)
[00:00:00 -1289.294203] SPR radius for FAST iterations: 10 (autodetect)
[00:00:00 -1289.294203] Model parameter optimization (eps = 3.000000)
[00:00:00 -1288.164674] FAST spr round 1 (radius: 10)
[00:00:00 -1261.784177] FAST spr round 2 (radius: 10)
[00:00:00 -1261.784149] Model parameter optimization (eps = 1.000000)
[00:00:00 -1261.465096] SLOW spr round 1 (radius: 5)
[00:00:00 -1261.465034] SLOW spr round 2 (radius: 10)
[00:00:00] [worker #5] ML tree search #6, logLikelihood: -1261.464992
[00:00:00 -1261.465032] SLOW spr round 3 (radius: 15)
[00:00:00 -1261.465032] SLOW spr round 4 (radius: 20)
[00:00:00 -1261.465032] Model parameter optimization (eps = 0.100000)

[00:00:00] [worker #0] ML tree search #1, logLikelihood: -1261.464989

[00:00:00 -2560.491669] Initial branch length optimization
[00:00:00 -2273.407854] Model parameter optimization (eps = 10.000000)
[00:00:00 -2179.774436] AUTODETECT spr round 1 (radius: 5)
[00:00:00] [worker #2] ML tree search #3, logLikelihood: -1261.464989
[00:00:00 -1269.597859] AUTODETECT spr round 2 (radius: 10)
[00:00:00] [worker #4] ML tree search #5, logLikelihood: -1261.464989
[00:00:00 -1266.404272] AUTODETECT spr round 3 (radius: 15)
[00:00:00 -1266.402616] SPR radius for FAST iterations: 10 (autodetect)
[00:00:00 -1266.402616] Model parameter optimization (eps = 3.000000)
[00:00:00 -1265.549059] FAST spr round 1 (radius: 10)
[00:00:00] [worker #1] ML tree search #2, logLikelihood: -1261.464989
[00:00:00 -1261.485768] FAST spr round 2 (radius: 10)
[00:00:00] [worker #6] ML tree search #7, logLikelihood: -1261.464989
[00:00:00] [worker #3] ML tree search #4, logLikelihood: -1261.464989
[00:00:00 -1261.485702] Model parameter optimization (eps = 1.000000)
[00:00:00 -1261.465011] SLOW spr round 1 (radius: 5)
[00:00:00] [worker #7] ML tree search #8, logLikelihood: -1261.464994
[00:00:00] [worker #5] ML tree search #14, logLikelihood: -1261.464989
[00:00:00 -1261.465000] SLOW spr round 2 (radius: 10)
[00:00:00] [worker #2] ML tree search #11, logLikelihood: -1261.464989
[00:00:00 -1261.464998] SLOW spr round 3 (radius: 15)
[00:00:00 -1261.464998] SLOW spr round 4 (radius: 20)
[00:00:00 -1261.464998] Model parameter optimization (eps = 0.100000)

[00:00:00] [worker #0] ML tree search #9, logLikelihood: -1261.464990

[00:00:00 -1762.141453] Initial branch length optimization
[00:00:00 -1309.443850] Model parameter optimization (eps = 10.000000)
[00:00:00 -1267.124101] AUTODETECT spr round 1 (radius: 5)
[00:00:00 -1267.121091] SPR radius for FAST iterations: 5 (autodetect)
[00:00:00 -1267.121091] Model parameter optimization (eps = 3.000000)
[00:00:00 -1267.119424] FAST spr round 1 (radius: 5)
[00:00:00 -1265.503563] FAST spr round 2 (radius: 5)
[00:00:00] [worker #4] ML tree search #13, logLikelihood: -1261.464990
[00:00:00 -1261.546153] FAST spr round 3 (radius: 5)
[00:00:00 -1261.546151] Model parameter optimization (eps = 1.000000)
[00:00:00 -1261.465001] SLOW spr round 1 (radius: 5)
[00:00:00] [worker #6] ML tree search #15, logLikelihood: -1261.464989
[00:00:00] [worker #7] ML tree search #16, logLikelihood: -1261.464990
[00:00:00] [worker #1] ML tree search #10, logLikelihood: -1261.464990
[00:00:00] [worker #3] ML tree search #12, logLikelihood: -1261.464991
[00:00:00] [worker #2] ML tree search #19, logLikelihood: -1261.464990
[00:00:00 -1261.464990] SLOW spr round 2 (radius: 10)
[00:00:00 -1261.464990] SLOW spr round 3 (radius: 15)
[00:00:00 -1261.464990] SLOW spr round 4 (radius: 20)
[00:00:00 -1261.464990] Model parameter optimization (eps = 0.100000)

[00:00:00] [worker #0] ML tree search #17, logLikelihood: -1261.464989

[00:00:00] [worker #1] ML tree search #18, logLikelihood: -1261.464989
[00:00:00] [worker #3] ML tree search #20, logLikelihood: -1261.464989

Optimized model parameters:

   Partition 0: noname
   Rate heterogeneity: NONE
   Base frequencies (ML): 0.276516 0.107944 0.404651 0.210889 
   Substitution rates (model): 1.000000 1.000000 1.000000 1.000000 1.000000 1.000000 


Final LogLikelihood: -1261.464989

AIC score: 2602.929977 / AICc score: 2621.152199 / BIC score: 2738.856485
Free parameters (model + branch lengths): 40

WARNING: Best ML tree contains 3 near-zero branches!

Best ML tree with collapsed near-zero branches saved to: /home/fili/Documents/KIT/2023/BA/code/output/families/ssim_dtl_s20_f100_sites200_GTR_bl1.0_d0.0_l0.0_t1.0_gc0.0_p0.0_pop10_ms0.0_mf0.0_seed42/families/family_081/misc/raxml_output.F81.raxml.bestTreeCollapsed
Best ML tree saved to: /home/fili/Documents/KIT/2023/BA/code/output/families/ssim_dtl_s20_f100_sites200_GTR_bl1.0_d0.0_l0.0_t1.0_gc0.0_p0.0_pop10_ms0.0_mf0.0_seed42/families/family_081/misc/raxml_output.F81.raxml.bestTree
All ML trees saved to: /home/fili/Documents/KIT/2023/BA/code/output/families/ssim_dtl_s20_f100_sites200_GTR_bl1.0_d0.0_l0.0_t1.0_gc0.0_p0.0_pop10_ms0.0_mf0.0_seed42/families/family_081/misc/raxml_output.F81.raxml.mlTrees
Optimized model saved to: /home/fili/Documents/KIT/2023/BA/code/output/families/ssim_dtl_s20_f100_sites200_GTR_bl1.0_d0.0_l0.0_t1.0_gc0.0_p0.0_pop10_ms0.0_mf0.0_seed42/families/family_081/misc/raxml_output.F81.raxml.bestModel

Execution log saved to: /home/fili/Documents/KIT/2023/BA/code/output/families/ssim_dtl_s20_f100_sites200_GTR_bl1.0_d0.0_l0.0_t1.0_gc0.0_p0.0_pop10_ms0.0_mf0.0_seed42/families/family_081/misc/raxml_output.F81.raxml.log

Analysis started: 12-Jun-2023 12:38:38 / finished: 12-Jun-2023 12:38:38

Elapsed time: 0.257 seconds

