
RAxML-NG v. 1.1.0 released on 29.11.2021 by The Exelixis Lab.
Developed by: Alexey M. Kozlov and Alexandros Stamatakis.
Contributors: Diego Darriba, Tomas Flouri, Benoit Morel, Sarah Lutteropp, Ben Bettisworth.
Latest version: https://github.com/amkozlov/raxml-ng
Questions/problems/suggestions? Please visit: https://groups.google.com/forum/#!forum/raxml

System: AMD Ryzen 7 5800X 8-Core Processor, 8 cores, 31 GB RAM

RAxML-NG was called at 27-Jun-2023 13:01:35 as follows:

/home/fili/Documents/KIT/2023/BA/resources/tools/RAxML-NG/raxml-ng --msa /home/fili/Documents/KIT/2023/BA/code/output/families/ssim_DL_s20_f100_sites200_GTR_bl1.0_d1.0_l1.0_t0.0_gc0.0_p0.0_pop10_ms0.0_mf0.0_seed1007/families/family_001/alignment.msa --model F81 --prefix /home/fili/Documents/KIT/2023/BA/code/output/families/ssim_DL_s20_f100_sites200_GTR_bl1.0_d1.0_l1.0_t0.0_gc0.0_p0.0_pop10_ms0.0_mf0.0_seed1007/families/family_001/misc/raxml_output.F81

Analysis options:
  run mode: ML tree search
  start tree(s): random (10) + parsimony (10)
  random seed: 1687863695
  tip-inner: OFF
  pattern compression: ON
  per-rate scalers: OFF
  site repeats: ON
  fast spr radius: AUTO
  spr subtree cutoff: 1.000000
  branch lengths: proportional (ML estimate, algorithm: NR-FAST)
  SIMD kernels: AVX2
  parallelization: coarse-grained (auto), PTHREADS (auto)

[00:00:00] Reading alignment from file: /home/fili/Documents/KIT/2023/BA/code/output/families/ssim_DL_s20_f100_sites200_GTR_bl1.0_d1.0_l1.0_t0.0_gc0.0_p0.0_pop10_ms0.0_mf0.0_seed1007/families/family_001/alignment.msa
[00:00:00] Loaded alignment with 5 taxa and 195 sites

Alignment comprises 1 partitions and 36 patterns

Partition 0: noname
Model: F81+FO
Alignment sites / patterns: 195 / 36
Gaps: 0.00 %
Invariant sites: 70.26 %


NOTE: Binary MSA file created: /home/fili/Documents/KIT/2023/BA/code/output/families/ssim_DL_s20_f100_sites200_GTR_bl1.0_d1.0_l1.0_t0.0_gc0.0_p0.0_pop10_ms0.0_mf0.0_seed1007/families/family_001/misc/raxml_output.F81.raxml.rba

Parallelization scheme autoconfig: 8 worker(s) x 1 thread(s)

Parallel reduction/worker buffer size: 1 KB  / 0 KB

[00:00:00] Generating 10 random starting tree(s) with 5 taxa
[00:00:00] Generating 10 parsimony starting tree(s) with 5 taxa
[00:00:00] Data distribution: max. partitions/sites/weight per thread: 1 / 36 / 144
[00:00:00] Data distribution: max. searches per worker: 3

Starting ML tree search with 20 distinct starting trees

[00:00:00 -735.154860] Initial branch length optimization
[00:00:00 -694.908387] Model parameter optimization (eps = 10.000000)
[00:00:00 -692.397897] AUTODETECT spr round 1 (radius: 5)
[00:00:00 -571.773889] SPR radius for FAST iterations: 5 (autodetect)
[00:00:00 -571.773889] Model parameter optimization (eps = 3.000000)
[00:00:00 -571.651888] FAST spr round 1 (radius: 5)
[00:00:00 -571.650540] Model parameter optimization (eps = 1.000000)
[00:00:00 -571.650252] SLOW spr round 1 (radius: 5)
[00:00:00] [worker #3] ML tree search #4, logLikelihood: -571.649996
[00:00:00] [worker #7] ML tree search #8, logLikelihood: -571.649944
[00:00:00] [worker #1] ML tree search #2, logLikelihood: -571.656600
[00:00:00 -571.650034] Model parameter optimization (eps = 0.100000)

[00:00:00] [worker #0] ML tree search #1, logLikelihood: -571.649987

[00:00:00] [worker #4] ML tree search #5, logLikelihood: -571.650006
[00:00:00] [worker #5] ML tree search #6, logLikelihood: -571.656600
[00:00:00] [worker #6] ML tree search #7, logLikelihood: -571.649940
[00:00:00] [worker #2] ML tree search #3, logLikelihood: -571.649950
[00:00:00 -699.078971] Initial branch length optimization
[00:00:00 -630.224287] Model parameter optimization (eps = 10.000000)
[00:00:00 -626.563446] AUTODETECT spr round 1 (radius: 5)
[00:00:00 -571.686096] SPR radius for FAST iterations: 5 (autodetect)
[00:00:00 -571.686096] Model parameter optimization (eps = 3.000000)
[00:00:00 -571.651110] FAST spr round 1 (radius: 5)
[00:00:00] [worker #3] ML tree search #12, logLikelihood: -571.650296
[00:00:00] [worker #7] ML tree search #16, logLikelihood: -571.654075
[00:00:00 -571.650311] Model parameter optimization (eps = 1.000000)
[00:00:00 -571.650130] SLOW spr round 1 (radius: 5)
[00:00:00] [worker #1] ML tree search #10, logLikelihood: -571.649940
[00:00:00 -571.649996] Model parameter optimization (eps = 0.100000)
[00:00:00] [worker #4] ML tree search #13, logLikelihood: -571.650292

[00:00:00] [worker #0] ML tree search #9, logLikelihood: -571.649966

[00:00:00] [worker #5] ML tree search #14, logLikelihood: -571.653633
[00:00:00] [worker #6] ML tree search #15, logLikelihood: -571.654039
[00:00:00] [worker #2] ML tree search #11, logLikelihood: -571.650206
[00:00:00 -626.039121] Initial branch length optimization
[00:00:00 -575.058974] Model parameter optimization (eps = 10.000000)
[00:00:00 -571.756377] AUTODETECT spr round 1 (radius: 5)
[00:00:00] [worker #3] ML tree search #20, logLikelihood: -571.652599
[00:00:00 -571.730018] SPR radius for FAST iterations: 5 (autodetect)
[00:00:00 -571.730018] Model parameter optimization (eps = 3.000000)
[00:00:00 -571.707444] FAST spr round 1 (radius: 5)
[00:00:00 -571.676166] Model parameter optimization (eps = 1.000000)
[00:00:00] [worker #1] ML tree search #18, logLikelihood: -571.653035
[00:00:00 -571.666419] SLOW spr round 1 (radius: 5)
[00:00:00 -571.655994] Model parameter optimization (eps = 0.100000)

[00:00:00] [worker #0] ML tree search #17, logLikelihood: -571.653422

[00:00:00] [worker #2] ML tree search #19, logLikelihood: -571.650294

Optimized model parameters:

   Partition 0: noname
   Rate heterogeneity: NONE
   Base frequencies (ML): 0.264864 0.268120 0.186250 0.280766 
   Substitution rates (model): 1.000000 1.000000 1.000000 1.000000 1.000000 1.000000 


Final LogLikelihood: -571.649940

AIC score: 1163.299881 / AICc score: 1164.495533 / BIC score: 1196.029876
Free parameters (model + branch lengths): 10

Best ML tree saved to: /home/fili/Documents/KIT/2023/BA/code/output/families/ssim_DL_s20_f100_sites200_GTR_bl1.0_d1.0_l1.0_t0.0_gc0.0_p0.0_pop10_ms0.0_mf0.0_seed1007/families/family_001/misc/raxml_output.F81.raxml.bestTree
All ML trees saved to: /home/fili/Documents/KIT/2023/BA/code/output/families/ssim_DL_s20_f100_sites200_GTR_bl1.0_d1.0_l1.0_t0.0_gc0.0_p0.0_pop10_ms0.0_mf0.0_seed1007/families/family_001/misc/raxml_output.F81.raxml.mlTrees
Optimized model saved to: /home/fili/Documents/KIT/2023/BA/code/output/families/ssim_DL_s20_f100_sites200_GTR_bl1.0_d1.0_l1.0_t0.0_gc0.0_p0.0_pop10_ms0.0_mf0.0_seed1007/families/family_001/misc/raxml_output.F81.raxml.bestModel

Execution log saved to: /home/fili/Documents/KIT/2023/BA/code/output/families/ssim_DL_s20_f100_sites200_GTR_bl1.0_d1.0_l1.0_t0.0_gc0.0_p0.0_pop10_ms0.0_mf0.0_seed1007/families/family_001/misc/raxml_output.F81.raxml.log

Analysis started: 27-Jun-2023 13:01:35 / finished: 27-Jun-2023 13:01:35

Elapsed time: 0.044 seconds

