
RAxML-NG v. 1.1.0 released on 29.11.2021 by The Exelixis Lab.
Developed by: Alexey M. Kozlov and Alexandros Stamatakis.
Contributors: Diego Darriba, Tomas Flouri, Benoit Morel, Sarah Lutteropp, Ben Bettisworth.
Latest version: https://github.com/amkozlov/raxml-ng
Questions/problems/suggestions? Please visit: https://groups.google.com/forum/#!forum/raxml

System: AMD Ryzen 7 5800X 8-Core Processor, 8 cores, 31 GB RAM

RAxML-NG was called at 12-Jun-2023 12:40:46 as follows:

/home/fili/Documents/KIT/2023/BA/resources/tools/RAxML-NG/raxml-ng --msa /home/fili/Documents/KIT/2023/BA/code/output/families/ssim_dtl_s20_f100_sites200_GTR_bl1.0_d0.0_l0.0_t1.0_gc0.0_p0.0_pop10_ms0.0_mf0.0_seed42/families/family_093/alignment.msa --model GTR+G --prefix /home/fili/Documents/KIT/2023/BA/code/output/families/ssim_dtl_s20_f100_sites200_GTR_bl1.0_d0.0_l0.0_t1.0_gc0.0_p0.0_pop10_ms0.0_mf0.0_seed42/families/family_093/misc/raxml_output.GTR+G

Analysis options:
  run mode: ML tree search
  start tree(s): random (10) + parsimony (10)
  random seed: 1686566446
  tip-inner: OFF
  pattern compression: ON
  per-rate scalers: OFF
  site repeats: ON
  fast spr radius: AUTO
  spr subtree cutoff: 1.000000
  branch lengths: proportional (ML estimate, algorithm: NR-FAST)
  SIMD kernels: AVX2
  parallelization: coarse-grained (auto), PTHREADS (auto)

[00:00:00] Reading alignment from file: /home/fili/Documents/KIT/2023/BA/code/output/families/ssim_dtl_s20_f100_sites200_GTR_bl1.0_d0.0_l0.0_t1.0_gc0.0_p0.0_pop10_ms0.0_mf0.0_seed42/families/family_093/alignment.msa
[00:00:00] Loaded alignment with 20 taxa and 198 sites

WARNING: Sequences 9_0_0 and 13_0_0 are exactly identical!
WARNING: Sequences 18_0_0 and 1_0_0 are exactly identical!
WARNING: Sequences 12_0_0 and 4_0_0 are exactly identical!
WARNING: Duplicate sequences found: 3

NOTE: Reduced alignment (with duplicates and gap-only sites/taxa removed) 
NOTE: was saved to: /home/fili/Documents/KIT/2023/BA/code/output/families/ssim_dtl_s20_f100_sites200_GTR_bl1.0_d0.0_l0.0_t1.0_gc0.0_p0.0_pop10_ms0.0_mf0.0_seed42/families/family_093/misc/raxml_output.GTR+G.raxml.reduced.phy

Alignment comprises 1 partitions and 81 patterns

Partition 0: noname
Model: GTR+FO+G4m
Alignment sites / patterns: 198 / 81
Gaps: 0.00 %
Invariant sites: 54.55 %


NOTE: Binary MSA file created: /home/fili/Documents/KIT/2023/BA/code/output/families/ssim_dtl_s20_f100_sites200_GTR_bl1.0_d0.0_l0.0_t1.0_gc0.0_p0.0_pop10_ms0.0_mf0.0_seed42/families/family_093/misc/raxml_output.GTR+G.raxml.rba

Parallelization scheme autoconfig: 8 worker(s) x 1 thread(s)

Parallel reduction/worker buffer size: 1 KB  / 0 KB

[00:00:00] Generating 10 random starting tree(s) with 20 taxa
[00:00:00] Generating 10 parsimony starting tree(s) with 20 taxa
[00:00:00] Data distribution: max. partitions/sites/weight per thread: 1 / 81 / 1296
[00:00:00] Data distribution: max. searches per worker: 3

Starting ML tree search with 20 distinct starting trees

[00:00:00 -2094.561320] Initial branch length optimization
[00:00:00 -1824.771620] Model parameter optimization (eps = 10.000000)
[00:00:00 -1453.341818] AUTODETECT spr round 1 (radius: 5)
[00:00:00 -1087.999603] AUTODETECT spr round 2 (radius: 10)
[00:00:00 -1016.168699] AUTODETECT spr round 3 (radius: 15)
[00:00:00 -1016.156168] SPR radius for FAST iterations: 10 (autodetect)
[00:00:00 -1016.156168] Model parameter optimization (eps = 3.000000)
[00:00:00 -1005.163676] FAST spr round 1 (radius: 10)
[00:00:00 -969.987100] FAST spr round 2 (radius: 10)
[00:00:00 -968.414929] FAST spr round 3 (radius: 10)
[00:00:00 -968.413473] Model parameter optimization (eps = 1.000000)
[00:00:00 -966.145209] SLOW spr round 1 (radius: 5)
[00:00:00 -966.140271] SLOW spr round 2 (radius: 10)
[00:00:00] [worker #1] ML tree search #2, logLikelihood: -967.906146
[00:00:00 -966.140059] SLOW spr round 3 (radius: 15)
[00:00:00 -966.140043] SLOW spr round 4 (radius: 20)
[00:00:00 -966.140042] Model parameter optimization (eps = 0.100000)

[00:00:00] [worker #0] ML tree search #1, logLikelihood: -966.128240

[00:00:00 -2166.397532] Initial branch length optimization
[00:00:00 -1934.894644] Model parameter optimization (eps = 10.000000)
[00:00:00 -1550.700971] AUTODETECT spr round 1 (radius: 5)
[00:00:00] [worker #7] ML tree search #8, logLikelihood: -967.920943
[00:00:00 -1087.446277] AUTODETECT spr round 2 (radius: 10)
[00:00:00] [worker #2] ML tree search #3, logLikelihood: -966.121532
[00:00:00 -1087.428464] SPR radius for FAST iterations: 5 (autodetect)
[00:00:00 -1087.428464] Model parameter optimization (eps = 3.000000)
[00:00:00 -1077.441963] FAST spr round 1 (radius: 5)
[00:00:00] [worker #4] ML tree search #5, logLikelihood: -966.120324
[00:00:00 -968.989142] FAST spr round 2 (radius: 5)
[00:00:00] [worker #5] ML tree search #6, logLikelihood: -967.917186
[00:00:00 -968.988254] Model parameter optimization (eps = 1.000000)
[00:00:00] [worker #6] ML tree search #7, logLikelihood: -966.120519
[00:00:00 -966.639179] SLOW spr round 1 (radius: 5)
[00:00:00] [worker #1] ML tree search #10, logLikelihood: -966.126243
[00:00:00] [worker #3] ML tree search #4, logLikelihood: -966.128855
[00:00:00 -966.187376] SLOW spr round 2 (radius: 5)
[00:00:00 -966.187258] SLOW spr round 3 (radius: 10)
[00:00:00] [worker #4] ML tree search #13, logLikelihood: -966.121341
[00:00:00 -966.187248] SLOW spr round 4 (radius: 15)
[00:00:00 -966.187247] SLOW spr round 5 (radius: 20)
[00:00:00 -966.187247] Model parameter optimization (eps = 0.100000)

[00:00:00] [worker #0] ML tree search #9, logLikelihood: -966.138876

[00:00:00 -1361.595688] Initial branch length optimization
[00:00:00 -1155.200034] Model parameter optimization (eps = 10.000000)
[00:00:00] [worker #2] ML tree search #11, logLikelihood: -966.119776
[00:00:00] [worker #7] ML tree search #16, logLikelihood: -966.122065
[00:00:00 -967.604979] AUTODETECT spr round 1 (radius: 5)
[00:00:00 -966.713832] AUTODETECT spr round 2 (radius: 10)
[00:00:00 -966.712673] SPR radius for FAST iterations: 5 (autodetect)
[00:00:00 -966.712673] Model parameter optimization (eps = 3.000000)
[00:00:00 -966.570132] FAST spr round 1 (radius: 5)
[00:00:00] [worker #5] ML tree search #14, logLikelihood: -966.120352
[00:00:00 -966.541087] Model parameter optimization (eps = 1.000000)
[00:00:00 -966.519961] SLOW spr round 1 (radius: 5)
[00:00:00] [worker #6] ML tree search #15, logLikelihood: -966.119469
[00:00:00] [worker #1] ML tree search #18, logLikelihood: -966.127022
[00:00:00 -966.141649] SLOW spr round 2 (radius: 5)
[00:00:00 -966.141087] SLOW spr round 3 (radius: 10)
[00:00:00 -966.141065] SLOW spr round 4 (radius: 15)
[00:00:00 -966.141064] SLOW spr round 5 (radius: 20)
[00:00:00 -966.141063] Model parameter optimization (eps = 0.100000)

[00:00:00] [worker #0] ML tree search #17, logLikelihood: -966.120166

[00:00:00] [worker #2] ML tree search #19, logLikelihood: -966.122436
[00:00:00] [worker #3] ML tree search #12, logLikelihood: -966.119732
[00:00:00] [worker #3] ML tree search #20, logLikelihood: -966.121780

Optimized model parameters:

   Partition 0: noname
   Rate heterogeneity: GAMMA (4 cats, mean),  alpha: 0.975483 (ML),  weights&rates: (0.250000,0.132037) (0.250000,0.469257) (0.250000,0.995816) (0.250000,2.402891) 
   Base frequencies (ML): 0.192609 0.135766 0.291354 0.380271 
   Substitution rates (ML): 9.510214 128.620406 2.488935 4.984945 12.427175 1.000000 


Final LogLikelihood: -966.119469

AIC score: 2024.238939 / AICc score: 2052.874700 / BIC score: 2175.499222
Free parameters (model + branch lengths): 46

WARNING: Best ML tree contains 2 near-zero branches!

Best ML tree with collapsed near-zero branches saved to: /home/fili/Documents/KIT/2023/BA/code/output/families/ssim_dtl_s20_f100_sites200_GTR_bl1.0_d0.0_l0.0_t1.0_gc0.0_p0.0_pop10_ms0.0_mf0.0_seed42/families/family_093/misc/raxml_output.GTR+G.raxml.bestTreeCollapsed
Best ML tree saved to: /home/fili/Documents/KIT/2023/BA/code/output/families/ssim_dtl_s20_f100_sites200_GTR_bl1.0_d0.0_l0.0_t1.0_gc0.0_p0.0_pop10_ms0.0_mf0.0_seed42/families/family_093/misc/raxml_output.GTR+G.raxml.bestTree
All ML trees saved to: /home/fili/Documents/KIT/2023/BA/code/output/families/ssim_dtl_s20_f100_sites200_GTR_bl1.0_d0.0_l0.0_t1.0_gc0.0_p0.0_pop10_ms0.0_mf0.0_seed42/families/family_093/misc/raxml_output.GTR+G.raxml.mlTrees
Optimized model saved to: /home/fili/Documents/KIT/2023/BA/code/output/families/ssim_dtl_s20_f100_sites200_GTR_bl1.0_d0.0_l0.0_t1.0_gc0.0_p0.0_pop10_ms0.0_mf0.0_seed42/families/family_093/misc/raxml_output.GTR+G.raxml.bestModel

Execution log saved to: /home/fili/Documents/KIT/2023/BA/code/output/families/ssim_dtl_s20_f100_sites200_GTR_bl1.0_d0.0_l0.0_t1.0_gc0.0_p0.0_pop10_ms0.0_mf0.0_seed42/families/family_093/misc/raxml_output.GTR+G.raxml.log

Analysis started: 12-Jun-2023 12:40:46 / finished: 12-Jun-2023 12:40:47

Elapsed time: 0.745 seconds

