
RAxML-NG v. 1.1.0 released on 29.11.2021 by The Exelixis Lab.
Developed by: Alexey M. Kozlov and Alexandros Stamatakis.
Contributors: Diego Darriba, Tomas Flouri, Benoit Morel, Sarah Lutteropp, Ben Bettisworth.
Latest version: https://github.com/amkozlov/raxml-ng
Questions/problems/suggestions? Please visit: https://groups.google.com/forum/#!forum/raxml

System: AMD Ryzen 7 5800X 8-Core Processor, 8 cores, 31 GB RAM

RAxML-NG was called at 12-Jun-2023 12:38:35 as follows:

/home/fili/Documents/KIT/2023/BA/resources/tools/RAxML-NG/raxml-ng --msa /home/fili/Documents/KIT/2023/BA/code/output/families/ssim_dtl_s20_f100_sites200_GTR_bl1.0_d0.0_l0.0_t1.0_gc0.0_p0.0_pop10_ms0.0_mf0.0_seed42/families/family_093/alignment.msa --model F81 --prefix /home/fili/Documents/KIT/2023/BA/code/output/families/ssim_dtl_s20_f100_sites200_GTR_bl1.0_d0.0_l0.0_t1.0_gc0.0_p0.0_pop10_ms0.0_mf0.0_seed42/families/family_093/misc/raxml_output.F81

Analysis options:
  run mode: ML tree search
  start tree(s): random (10) + parsimony (10)
  random seed: 1686566315
  tip-inner: OFF
  pattern compression: ON
  per-rate scalers: OFF
  site repeats: ON
  fast spr radius: AUTO
  spr subtree cutoff: 1.000000
  branch lengths: proportional (ML estimate, algorithm: NR-FAST)
  SIMD kernels: AVX2
  parallelization: coarse-grained (auto), PTHREADS (auto)

[00:00:00] Reading alignment from file: /home/fili/Documents/KIT/2023/BA/code/output/families/ssim_dtl_s20_f100_sites200_GTR_bl1.0_d0.0_l0.0_t1.0_gc0.0_p0.0_pop10_ms0.0_mf0.0_seed42/families/family_093/alignment.msa
[00:00:00] Loaded alignment with 20 taxa and 198 sites

WARNING: Sequences 9_0_0 and 13_0_0 are exactly identical!
WARNING: Sequences 18_0_0 and 1_0_0 are exactly identical!
WARNING: Sequences 12_0_0 and 4_0_0 are exactly identical!
WARNING: Duplicate sequences found: 3

NOTE: Reduced alignment (with duplicates and gap-only sites/taxa removed) 
NOTE: was saved to: /home/fili/Documents/KIT/2023/BA/code/output/families/ssim_dtl_s20_f100_sites200_GTR_bl1.0_d0.0_l0.0_t1.0_gc0.0_p0.0_pop10_ms0.0_mf0.0_seed42/families/family_093/misc/raxml_output.F81.raxml.reduced.phy

Alignment comprises 1 partitions and 81 patterns

Partition 0: noname
Model: F81+FO
Alignment sites / patterns: 198 / 81
Gaps: 0.00 %
Invariant sites: 54.55 %


NOTE: Binary MSA file created: /home/fili/Documents/KIT/2023/BA/code/output/families/ssim_dtl_s20_f100_sites200_GTR_bl1.0_d0.0_l0.0_t1.0_gc0.0_p0.0_pop10_ms0.0_mf0.0_seed42/families/family_093/misc/raxml_output.F81.raxml.rba

Parallelization scheme autoconfig: 8 worker(s) x 1 thread(s)

Parallel reduction/worker buffer size: 1 KB  / 0 KB

[00:00:00] Generating 10 random starting tree(s) with 20 taxa
[00:00:00] Generating 10 parsimony starting tree(s) with 20 taxa
[00:00:00] Data distribution: max. partitions/sites/weight per thread: 1 / 81 / 324
[00:00:00] Data distribution: max. searches per worker: 3

Starting ML tree search with 20 distinct starting trees

[00:00:00 -2124.829860] Initial branch length optimization
[00:00:00 -1841.515783] Model parameter optimization (eps = 10.000000)
[00:00:00 -1800.030906] AUTODETECT spr round 1 (radius: 5)
[00:00:00 -1285.244125] AUTODETECT spr round 2 (radius: 10)
[00:00:00 -1151.290327] AUTODETECT spr round 3 (radius: 15)
[00:00:00 -1151.289982] SPR radius for FAST iterations: 10 (autodetect)
[00:00:00 -1151.289982] Model parameter optimization (eps = 3.000000)
[00:00:00 -1150.122200] FAST spr round 1 (radius: 10)
[00:00:00 -1147.969269] FAST spr round 2 (radius: 10)
[00:00:00 -1147.969269] Model parameter optimization (eps = 1.000000)
[00:00:00 -1147.961067] SLOW spr round 1 (radius: 5)
[00:00:00 -1147.961065] SLOW spr round 2 (radius: 10)
[00:00:00] [worker #5] ML tree search #6, logLikelihood: -1147.961069
[00:00:00] [worker #3] ML tree search #4, logLikelihood: -1147.961069
[00:00:00] [worker #4] ML tree search #5, logLikelihood: -1147.961064
[00:00:00] [worker #6] ML tree search #7, logLikelihood: -1147.961069
[00:00:00 -1147.961065] SLOW spr round 3 (radius: 15)
[00:00:00] [worker #1] ML tree search #2, logLikelihood: -1147.961069
[00:00:00] [worker #7] ML tree search #8, logLikelihood: -1147.961066
[00:00:00 -1147.961065] SLOW spr round 4 (radius: 20)
[00:00:00 -1147.961065] Model parameter optimization (eps = 0.100000)

[00:00:00] [worker #0] ML tree search #1, logLikelihood: -1147.961065

[00:00:00 -2342.204126] Initial branch length optimization
[00:00:00 -2072.559437] Model parameter optimization (eps = 10.000000)
[00:00:00 -2023.281398] AUTODETECT spr round 1 (radius: 5)
[00:00:00 -1156.687025] AUTODETECT spr round 2 (radius: 10)
[00:00:00 -1156.686741] SPR radius for FAST iterations: 5 (autodetect)
[00:00:00 -1156.686741] Model parameter optimization (eps = 3.000000)
[00:00:00 -1155.252548] FAST spr round 1 (radius: 5)
[00:00:00] [worker #2] ML tree search #3, logLikelihood: -1147.961064
[00:00:00 -1150.495972] FAST spr round 2 (radius: 5)
[00:00:00 -1148.089024] FAST spr round 3 (radius: 5)
[00:00:00 -1148.089005] Model parameter optimization (eps = 1.000000)
[00:00:00 -1147.961125] SLOW spr round 1 (radius: 5)
[00:00:00] [worker #3] ML tree search #12, logLikelihood: -1147.961064
[00:00:00] [worker #4] ML tree search #13, logLikelihood: -1147.961067
[00:00:00 -1147.961084] SLOW spr round 2 (radius: 10)
[00:00:00] [worker #7] ML tree search #16, logLikelihood: -1147.961065
[00:00:00 -1147.961084] SLOW spr round 3 (radius: 15)
[00:00:00] [worker #5] ML tree search #14, logLikelihood: -1147.961065
[00:00:00 -1147.961084] SLOW spr round 4 (radius: 20)
[00:00:00] [worker #1] ML tree search #10, logLikelihood: -1147.961069
[00:00:00 -1147.961084] Model parameter optimization (eps = 0.100000)

[00:00:00] [worker #0] ML tree search #9, logLikelihood: -1147.961064

[00:00:00 -1581.720243] Initial branch length optimization
[00:00:00] [worker #6] ML tree search #15, logLikelihood: -1147.961065
[00:00:00 -1186.882256] Model parameter optimization (eps = 10.000000)
[00:00:00 -1158.732775] AUTODETECT spr round 1 (radius: 5)
[00:00:00 -1148.076250] AUTODETECT spr round 2 (radius: 10)
[00:00:00 -1148.075887] SPR radius for FAST iterations: 5 (autodetect)
[00:00:00 -1148.075887] Model parameter optimization (eps = 3.000000)
[00:00:00 -1148.026821] FAST spr round 1 (radius: 5)
[00:00:00 -1147.971228] Model parameter optimization (eps = 1.000000)
[00:00:00 -1147.961100] SLOW spr round 1 (radius: 5)
[00:00:00] [worker #2] ML tree search #11, logLikelihood: -1147.961064
[00:00:00] [worker #3] ML tree search #20, logLikelihood: -1147.961065
[00:00:00 -1147.961066] SLOW spr round 2 (radius: 10)
[00:00:00 -1147.961066] SLOW spr round 3 (radius: 15)
[00:00:00 -1147.961066] SLOW spr round 4 (radius: 20)
[00:00:00 -1147.961066] Model parameter optimization (eps = 0.100000)

[00:00:00] [worker #0] ML tree search #17, logLikelihood: -1147.961065

[00:00:00] [worker #1] ML tree search #18, logLikelihood: -1147.961065
[00:00:00] [worker #2] ML tree search #19, logLikelihood: -1147.961064

Optimized model parameters:

   Partition 0: noname
   Rate heterogeneity: NONE
   Base frequencies (ML): 0.292393 0.107157 0.338536 0.261914 
   Substitution rates (model): 1.000000 1.000000 1.000000 1.000000 1.000000 1.000000 


Final LogLikelihood: -1147.961064

AIC score: 2375.922129 / AICc score: 2396.813848 / BIC score: 2507.452810
Free parameters (model + branch lengths): 40

WARNING: Best ML tree contains 1 near-zero branches!

Best ML tree with collapsed near-zero branches saved to: /home/fili/Documents/KIT/2023/BA/code/output/families/ssim_dtl_s20_f100_sites200_GTR_bl1.0_d0.0_l0.0_t1.0_gc0.0_p0.0_pop10_ms0.0_mf0.0_seed42/families/family_093/misc/raxml_output.F81.raxml.bestTreeCollapsed
Best ML tree saved to: /home/fili/Documents/KIT/2023/BA/code/output/families/ssim_dtl_s20_f100_sites200_GTR_bl1.0_d0.0_l0.0_t1.0_gc0.0_p0.0_pop10_ms0.0_mf0.0_seed42/families/family_093/misc/raxml_output.F81.raxml.bestTree
All ML trees saved to: /home/fili/Documents/KIT/2023/BA/code/output/families/ssim_dtl_s20_f100_sites200_GTR_bl1.0_d0.0_l0.0_t1.0_gc0.0_p0.0_pop10_ms0.0_mf0.0_seed42/families/family_093/misc/raxml_output.F81.raxml.mlTrees
Optimized model saved to: /home/fili/Documents/KIT/2023/BA/code/output/families/ssim_dtl_s20_f100_sites200_GTR_bl1.0_d0.0_l0.0_t1.0_gc0.0_p0.0_pop10_ms0.0_mf0.0_seed42/families/family_093/misc/raxml_output.F81.raxml.bestModel

Execution log saved to: /home/fili/Documents/KIT/2023/BA/code/output/families/ssim_dtl_s20_f100_sites200_GTR_bl1.0_d0.0_l0.0_t1.0_gc0.0_p0.0_pop10_ms0.0_mf0.0_seed42/families/family_093/misc/raxml_output.F81.raxml.log

Analysis started: 12-Jun-2023 12:38:35 / finished: 12-Jun-2023 12:38:35

Elapsed time: 0.258 seconds

