
RAxML-NG v. 1.1.0 released on 29.11.2021 by The Exelixis Lab.
Developed by: Alexey M. Kozlov and Alexandros Stamatakis.
Contributors: Diego Darriba, Tomas Flouri, Benoit Morel, Sarah Lutteropp, Ben Bettisworth.
Latest version: https://github.com/amkozlov/raxml-ng
Questions/problems/suggestions? Please visit: https://groups.google.com/forum/#!forum/raxml

System: AMD Ryzen 7 5800X 8-Core Processor, 8 cores, 31 GB RAM

RAxML-NG was called at 27-Jun-2023 13:01:37 as follows:

/home/fili/Documents/KIT/2023/BA/resources/tools/RAxML-NG/raxml-ng --msa /home/fili/Documents/KIT/2023/BA/code/output/families/ssim_DL_s20_f100_sites200_GTR_bl1.0_d1.0_l1.0_t0.0_gc0.0_p0.0_pop10_ms0.0_mf0.0_seed1007/families/family_086/alignment.msa --model F81 --prefix /home/fili/Documents/KIT/2023/BA/code/output/families/ssim_DL_s20_f100_sites200_GTR_bl1.0_d1.0_l1.0_t0.0_gc0.0_p0.0_pop10_ms0.0_mf0.0_seed1007/families/family_086/misc/raxml_output.F81

Analysis options:
  run mode: ML tree search
  start tree(s): random (10) + parsimony (10)
  random seed: 1687863697
  tip-inner: OFF
  pattern compression: ON
  per-rate scalers: OFF
  site repeats: ON
  fast spr radius: AUTO
  spr subtree cutoff: 1.000000
  branch lengths: proportional (ML estimate, algorithm: NR-FAST)
  SIMD kernels: AVX2
  parallelization: coarse-grained (auto), PTHREADS (auto)

[00:00:00] Reading alignment from file: /home/fili/Documents/KIT/2023/BA/code/output/families/ssim_DL_s20_f100_sites200_GTR_bl1.0_d1.0_l1.0_t0.0_gc0.0_p0.0_pop10_ms0.0_mf0.0_seed1007/families/family_086/alignment.msa
[00:00:00] Loaded alignment with 31 taxa and 242 sites

WARNING: Sequences 20_0_0 and 19_0_0 are exactly identical!
WARNING: Sequences 20_0_0 and 12_0_0 are exactly identical!
WARNING: Sequences 14_0_0 and 18_0_0 are exactly identical!
WARNING: Sequences 7_1_0 and 11_1_0 are exactly identical!
WARNING: Sequences 8_0_0 and 2_0_0 are exactly identical!
WARNING: Duplicate sequences found: 5

NOTE: Reduced alignment (with duplicates and gap-only sites/taxa removed) 
NOTE: was saved to: /home/fili/Documents/KIT/2023/BA/code/output/families/ssim_DL_s20_f100_sites200_GTR_bl1.0_d1.0_l1.0_t0.0_gc0.0_p0.0_pop10_ms0.0_mf0.0_seed1007/families/family_086/misc/raxml_output.F81.raxml.reduced.phy

Alignment comprises 1 partitions and 160 patterns

Partition 0: noname
Model: F81+FO
Alignment sites / patterns: 242 / 160
Gaps: 0.00 %
Invariant sites: 30.58 %


NOTE: Binary MSA file created: /home/fili/Documents/KIT/2023/BA/code/output/families/ssim_DL_s20_f100_sites200_GTR_bl1.0_d1.0_l1.0_t0.0_gc0.0_p0.0_pop10_ms0.0_mf0.0_seed1007/families/family_086/misc/raxml_output.F81.raxml.rba

Parallelization scheme autoconfig: 8 worker(s) x 1 thread(s)

Parallel reduction/worker buffer size: 1 KB  / 0 KB

[00:00:00] Generating 10 random starting tree(s) with 31 taxa
[00:00:00] Generating 10 parsimony starting tree(s) with 31 taxa
[00:00:00] Data distribution: max. partitions/sites/weight per thread: 1 / 160 / 640
[00:00:00] Data distribution: max. searches per worker: 3

Starting ML tree search with 20 distinct starting trees

[00:00:00 -5417.797939] Initial branch length optimization
[00:00:00 -4941.749583] Model parameter optimization (eps = 10.000000)
[00:00:00 -4823.975729] AUTODETECT spr round 1 (radius: 5)
[00:00:00 -2643.399585] AUTODETECT spr round 2 (radius: 10)
[00:00:00 -2643.397493] SPR radius for FAST iterations: 5 (autodetect)
[00:00:00 -2643.397493] Model parameter optimization (eps = 3.000000)
[00:00:00 -2638.657341] FAST spr round 1 (radius: 5)
[00:00:00 -2442.278657] FAST spr round 2 (radius: 5)
[00:00:00 -2428.838842] FAST spr round 3 (radius: 5)
[00:00:00 -2428.415206] FAST spr round 4 (radius: 5)
[00:00:00] [worker #3] ML tree search #4, logLikelihood: -2428.115402
[00:00:00] [worker #4] ML tree search #5, logLikelihood: -2429.187189
[00:00:00 -2428.415204] Model parameter optimization (eps = 1.000000)
[00:00:00] [worker #5] ML tree search #6, logLikelihood: -2428.115403
[00:00:00 -2428.115826] SLOW spr round 1 (radius: 5)
[00:00:00] [worker #1] ML tree search #2, logLikelihood: -2429.187190
[00:00:00] [worker #2] ML tree search #3, logLikelihood: -2429.187188
[00:00:00] [worker #7] ML tree search #8, logLikelihood: -2428.115401
[00:00:00 -2428.115647] SLOW spr round 2 (radius: 10)
[00:00:00] [worker #6] ML tree search #7, logLikelihood: -2429.187190
[00:00:00 -2428.115647] SLOW spr round 3 (radius: 15)
[00:00:00 -2428.115647] SLOW spr round 4 (radius: 20)
[00:00:00 -2428.115647] SLOW spr round 5 (radius: 25)
[00:00:00 -2428.115647] Model parameter optimization (eps = 0.100000)

[00:00:00] [worker #0] ML tree search #1, logLikelihood: -2428.115400

[00:00:00 -5486.292208] Initial branch length optimization
[00:00:00 -5052.845010] Model parameter optimization (eps = 10.000000)
[00:00:00 -4926.377053] AUTODETECT spr round 1 (radius: 5)
[00:00:00 -2669.851653] AUTODETECT spr round 2 (radius: 10)
[00:00:00] [worker #3] ML tree search #12, logLikelihood: -2428.115399
[00:00:00 -2625.359652] AUTODETECT spr round 3 (radius: 15)
[00:00:00] [worker #4] ML tree search #13, logLikelihood: -2428.115399
[00:00:00 -2625.359604] SPR radius for FAST iterations: 10 (autodetect)
[00:00:00 -2625.359604] Model parameter optimization (eps = 3.000000)
[00:00:00 -2624.049165] FAST spr round 1 (radius: 10)
[00:00:00] [worker #2] ML tree search #11, logLikelihood: -2429.187187
[00:00:00 -2455.119514] FAST spr round 2 (radius: 10)
[00:00:00] [worker #5] ML tree search #14, logLikelihood: -2429.187187
[00:00:00 -2429.596319] FAST spr round 3 (radius: 10)
[00:00:00] [worker #7] ML tree search #16, logLikelihood: -2429.187187
[00:00:00 -2429.538277] Model parameter optimization (eps = 1.000000)
[00:00:00 -2429.526962] SLOW spr round 1 (radius: 5)
[00:00:00] [worker #1] ML tree search #10, logLikelihood: -2428.115400
[00:00:00] [worker #6] ML tree search #15, logLikelihood: -2428.115401
[00:00:00 -2429.193344] SLOW spr round 2 (radius: 5)
[00:00:00] [worker #3] ML tree search #20, logLikelihood: -2428.115400
[00:00:00 -2429.193339] SLOW spr round 3 (radius: 10)
[00:00:00] [worker #2] ML tree search #19, logLikelihood: -2428.115400
[00:00:00 -2429.193339] SLOW spr round 4 (radius: 15)
[00:00:00 -2429.193339] SLOW spr round 5 (radius: 20)
[00:00:00 -2429.193339] SLOW spr round 6 (radius: 25)
[00:00:00 -2429.193339] Model parameter optimization (eps = 0.100000)

[00:00:00] [worker #0] ML tree search #9, logLikelihood: -2429.187205

[00:00:00 -3152.359371] Initial branch length optimization
[00:00:00 -2493.422364] Model parameter optimization (eps = 10.000000)
[00:00:00 -2439.459092] AUTODETECT spr round 1 (radius: 5)
[00:00:00 -2434.270104] AUTODETECT spr round 2 (radius: 10)
[00:00:00] [worker #1] ML tree search #18, logLikelihood: -2429.496631
[00:00:00 -2434.269910] SPR radius for FAST iterations: 5 (autodetect)
[00:00:00 -2434.269910] Model parameter optimization (eps = 3.000000)
[00:00:00 -2434.263435] FAST spr round 1 (radius: 5)
[00:00:00 -2428.661743] FAST spr round 2 (radius: 5)
[00:00:00 -2428.164875] FAST spr round 3 (radius: 5)
[00:00:00 -2428.164873] Model parameter optimization (eps = 1.000000)
[00:00:00 -2428.115426] SLOW spr round 1 (radius: 5)
[00:00:00 -2428.115415] SLOW spr round 2 (radius: 10)
[00:00:00 -2428.115415] SLOW spr round 3 (radius: 15)
[00:00:00 -2428.115415] SLOW spr round 4 (radius: 20)
[00:00:00 -2428.115415] SLOW spr round 5 (radius: 25)
[00:00:00 -2428.115415] Model parameter optimization (eps = 0.100000)

[00:00:00] [worker #0] ML tree search #17, logLikelihood: -2428.115403


Optimized model parameters:

   Partition 0: noname
   Rate heterogeneity: NONE
   Base frequencies (ML): 0.334709 0.151684 0.359329 0.154278 
   Substitution rates (model): 1.000000 1.000000 1.000000 1.000000 1.000000 1.000000 


Final LogLikelihood: -2428.115399

AIC score: 4980.230799 / AICc score: 5023.873257 / BIC score: 5196.544938
Free parameters (model + branch lengths): 62

WARNING: Best ML tree contains 1 near-zero branches!

Best ML tree with collapsed near-zero branches saved to: /home/fili/Documents/KIT/2023/BA/code/output/families/ssim_DL_s20_f100_sites200_GTR_bl1.0_d1.0_l1.0_t0.0_gc0.0_p0.0_pop10_ms0.0_mf0.0_seed1007/families/family_086/misc/raxml_output.F81.raxml.bestTreeCollapsed
Best ML tree saved to: /home/fili/Documents/KIT/2023/BA/code/output/families/ssim_DL_s20_f100_sites200_GTR_bl1.0_d1.0_l1.0_t0.0_gc0.0_p0.0_pop10_ms0.0_mf0.0_seed1007/families/family_086/misc/raxml_output.F81.raxml.bestTree
All ML trees saved to: /home/fili/Documents/KIT/2023/BA/code/output/families/ssim_DL_s20_f100_sites200_GTR_bl1.0_d1.0_l1.0_t0.0_gc0.0_p0.0_pop10_ms0.0_mf0.0_seed1007/families/family_086/misc/raxml_output.F81.raxml.mlTrees
Optimized model saved to: /home/fili/Documents/KIT/2023/BA/code/output/families/ssim_DL_s20_f100_sites200_GTR_bl1.0_d1.0_l1.0_t0.0_gc0.0_p0.0_pop10_ms0.0_mf0.0_seed1007/families/family_086/misc/raxml_output.F81.raxml.bestModel

Execution log saved to: /home/fili/Documents/KIT/2023/BA/code/output/families/ssim_DL_s20_f100_sites200_GTR_bl1.0_d1.0_l1.0_t0.0_gc0.0_p0.0_pop10_ms0.0_mf0.0_seed1007/families/family_086/misc/raxml_output.F81.raxml.log

Analysis started: 27-Jun-2023 13:01:37 / finished: 27-Jun-2023 13:01:38

Elapsed time: 0.726 seconds

