
RAxML-NG v. 1.1.0 released on 29.11.2021 by The Exelixis Lab.
Developed by: Alexey M. Kozlov and Alexandros Stamatakis.
Contributors: Diego Darriba, Tomas Flouri, Benoit Morel, Sarah Lutteropp, Ben Bettisworth.
Latest version: https://github.com/amkozlov/raxml-ng
Questions/problems/suggestions? Please visit: https://groups.google.com/forum/#!forum/raxml

System: AMD Ryzen 7 5800X 8-Core Processor, 8 cores, 31 GB RAM

RAxML-NG was called at 27-Jun-2023 12:58:58 as follows:

/home/fili/Documents/KIT/2023/BA/resources/tools/RAxML-NG/raxml-ng --msa /home/fili/Documents/KIT/2023/BA/code/output/families/ssim_DL_s20_f100_sites200_GTR_bl1.0_d1.0_l1.0_t0.0_gc0.0_p0.0_pop10_ms0.0_mf0.0_seed42/families/family_010/alignment.msa --model F81 --prefix /home/fili/Documents/KIT/2023/BA/code/output/families/ssim_DL_s20_f100_sites200_GTR_bl1.0_d1.0_l1.0_t0.0_gc0.0_p0.0_pop10_ms0.0_mf0.0_seed42/families/family_010/misc/raxml_output.F81

Analysis options:
  run mode: ML tree search
  start tree(s): random (10) + parsimony (10)
  random seed: 1687863538
  tip-inner: OFF
  pattern compression: ON
  per-rate scalers: OFF
  site repeats: ON
  fast spr radius: AUTO
  spr subtree cutoff: 1.000000
  branch lengths: proportional (ML estimate, algorithm: NR-FAST)
  SIMD kernels: AVX2
  parallelization: coarse-grained (auto), PTHREADS (auto)

[00:00:00] Reading alignment from file: /home/fili/Documents/KIT/2023/BA/code/output/families/ssim_DL_s20_f100_sites200_GTR_bl1.0_d1.0_l1.0_t0.0_gc0.0_p0.0_pop10_ms0.0_mf0.0_seed42/families/family_010/alignment.msa
[00:00:00] Loaded alignment with 14 taxa and 108 sites

WARNING: Sequences 3_5_0 and 1_5_0 are exactly identical!
WARNING: Sequences 9_47_0 and 13_47_0 are exactly identical!
WARNING: Sequences 18_51_0 and 8_51_0 are exactly identical!
WARNING: Duplicate sequences found: 3

NOTE: Reduced alignment (with duplicates and gap-only sites/taxa removed) 
NOTE: was saved to: /home/fili/Documents/KIT/2023/BA/code/output/families/ssim_DL_s20_f100_sites200_GTR_bl1.0_d1.0_l1.0_t0.0_gc0.0_p0.0_pop10_ms0.0_mf0.0_seed42/families/family_010/misc/raxml_output.F81.raxml.reduced.phy

Alignment comprises 1 partitions and 38 patterns

Partition 0: noname
Model: F81+FO
Alignment sites / patterns: 108 / 38
Gaps: 0.00 %
Invariant sites: 62.04 %


NOTE: Binary MSA file created: /home/fili/Documents/KIT/2023/BA/code/output/families/ssim_DL_s20_f100_sites200_GTR_bl1.0_d1.0_l1.0_t0.0_gc0.0_p0.0_pop10_ms0.0_mf0.0_seed42/families/family_010/misc/raxml_output.F81.raxml.rba

Parallelization scheme autoconfig: 8 worker(s) x 1 thread(s)

Parallel reduction/worker buffer size: 1 KB  / 0 KB

[00:00:00] Generating 10 random starting tree(s) with 14 taxa
[00:00:00] Generating 10 parsimony starting tree(s) with 14 taxa
[00:00:00] Data distribution: max. partitions/sites/weight per thread: 1 / 38 / 152
[00:00:00] Data distribution: max. searches per worker: 3

Starting ML tree search with 20 distinct starting trees

[00:00:00 -930.042195] Initial branch length optimization
[00:00:00 -861.160352] Model parameter optimization (eps = 10.000000)
[00:00:00 -844.397678] AUTODETECT spr round 1 (radius: 5)
[00:00:00 -481.283281] AUTODETECT spr round 2 (radius: 10)
[00:00:00 -481.283190] SPR radius for FAST iterations: 5 (autodetect)
[00:00:00 -481.283190] Model parameter optimization (eps = 3.000000)
[00:00:00 -479.792114] FAST spr round 1 (radius: 5)
[00:00:00 -472.196455] FAST spr round 2 (radius: 5)
[00:00:00 -472.196454] Model parameter optimization (eps = 1.000000)
[00:00:00 -472.131471] SLOW spr round 1 (radius: 5)
[00:00:00] [worker #2] ML tree search #3, logLikelihood: -472.131446
[00:00:00 -472.131455] SLOW spr round 2 (radius: 10)
[00:00:00] [worker #6] ML tree search #7, logLikelihood: -471.842732
[00:00:00] [worker #4] ML tree search #5, logLikelihood: -471.842732
[00:00:00] [worker #5] ML tree search #6, logLikelihood: -471.842732
[00:00:00 -472.131455] Model parameter optimization (eps = 0.100000)
[00:00:00] [worker #7] ML tree search #8, logLikelihood: -471.842732

[00:00:00] [worker #0] ML tree search #1, logLikelihood: -472.131446

[00:00:00] [worker #3] ML tree search #4, logLikelihood: -472.131446
[00:00:00] [worker #1] ML tree search #2, logLikelihood: -472.131446
[00:00:00 -950.247789] Initial branch length optimization
[00:00:00 -869.758233] Model parameter optimization (eps = 10.000000)
[00:00:00 -854.165415] AUTODETECT spr round 1 (radius: 5)
[00:00:00 -512.779121] AUTODETECT spr round 2 (radius: 10)
[00:00:00 -512.779102] SPR radius for FAST iterations: 5 (autodetect)
[00:00:00 -512.779102] Model parameter optimization (eps = 3.000000)
[00:00:00 -510.853696] FAST spr round 1 (radius: 5)
[00:00:00 -472.023906] FAST spr round 2 (radius: 5)
[00:00:00] [worker #4] ML tree search #13, logLikelihood: -471.842731
[00:00:00 -472.023905] Model parameter optimization (eps = 1.000000)
[00:00:00 -471.842744] SLOW spr round 1 (radius: 5)
[00:00:00] [worker #3] ML tree search #12, logLikelihood: -472.131446
[00:00:00] [worker #5] ML tree search #14, logLikelihood: -472.131446
[00:00:00] [worker #2] ML tree search #11, logLikelihood: -472.131446
[00:00:00] [worker #1] ML tree search #10, logLikelihood: -472.131446
[00:00:00] [worker #7] ML tree search #16, logLikelihood: -472.131446
[00:00:00 -471.842734] SLOW spr round 2 (radius: 10)
[00:00:00] [worker #6] ML tree search #15, logLikelihood: -472.131446
[00:00:00 -471.842734] Model parameter optimization (eps = 0.100000)

[00:00:00] [worker #0] ML tree search #9, logLikelihood: -471.842732

[00:00:00 -630.009888] Initial branch length optimization
[00:00:00 -480.235312] Model parameter optimization (eps = 10.000000)
[00:00:00 -474.396776] AUTODETECT spr round 1 (radius: 5)
[00:00:00 -472.216252] AUTODETECT spr round 2 (radius: 10)
[00:00:00 -472.215920] SPR radius for FAST iterations: 5 (autodetect)
[00:00:00 -472.215920] Model parameter optimization (eps = 3.000000)
[00:00:00 -472.131468] FAST spr round 1 (radius: 5)
[00:00:00] [worker #3] ML tree search #20, logLikelihood: -471.842732
[00:00:00 -472.131460] Model parameter optimization (eps = 1.000000)
[00:00:00 -472.131446] SLOW spr round 1 (radius: 5)
[00:00:00] [worker #1] ML tree search #18, logLikelihood: -472.131446
[00:00:00 -472.131446] SLOW spr round 2 (radius: 10)
[00:00:00 -472.131446] Model parameter optimization (eps = 0.100000)

[00:00:00] [worker #0] ML tree search #17, logLikelihood: -472.131446

[00:00:00] [worker #2] ML tree search #19, logLikelihood: -472.131446

Optimized model parameters:

   Partition 0: noname
   Rate heterogeneity: NONE
   Base frequencies (ML): 0.310353 0.224724 0.284711 0.180212 
   Substitution rates (model): 1.000000 1.000000 1.000000 1.000000 1.000000 1.000000 


Final LogLikelihood: -471.842731

AIC score: 999.685463 / AICc score: 1020.242425 / BIC score: 1074.785137
Free parameters (model + branch lengths): 28

Best ML tree saved to: /home/fili/Documents/KIT/2023/BA/code/output/families/ssim_DL_s20_f100_sites200_GTR_bl1.0_d1.0_l1.0_t0.0_gc0.0_p0.0_pop10_ms0.0_mf0.0_seed42/families/family_010/misc/raxml_output.F81.raxml.bestTree
All ML trees saved to: /home/fili/Documents/KIT/2023/BA/code/output/families/ssim_DL_s20_f100_sites200_GTR_bl1.0_d1.0_l1.0_t0.0_gc0.0_p0.0_pop10_ms0.0_mf0.0_seed42/families/family_010/misc/raxml_output.F81.raxml.mlTrees
Optimized model saved to: /home/fili/Documents/KIT/2023/BA/code/output/families/ssim_DL_s20_f100_sites200_GTR_bl1.0_d1.0_l1.0_t0.0_gc0.0_p0.0_pop10_ms0.0_mf0.0_seed42/families/family_010/misc/raxml_output.F81.raxml.bestModel

Execution log saved to: /home/fili/Documents/KIT/2023/BA/code/output/families/ssim_DL_s20_f100_sites200_GTR_bl1.0_d1.0_l1.0_t0.0_gc0.0_p0.0_pop10_ms0.0_mf0.0_seed42/families/family_010/misc/raxml_output.F81.raxml.log

Analysis started: 27-Jun-2023 12:58:58 / finished: 27-Jun-2023 12:58:58

Elapsed time: 0.083 seconds

