
RAxML-NG v. 1.1.0 released on 29.11.2021 by The Exelixis Lab.
Developed by: Alexey M. Kozlov and Alexandros Stamatakis.
Contributors: Diego Darriba, Tomas Flouri, Benoit Morel, Sarah Lutteropp, Ben Bettisworth.
Latest version: https://github.com/amkozlov/raxml-ng
Questions/problems/suggestions? Please visit: https://groups.google.com/forum/#!forum/raxml

System: AMD Ryzen 7 5800X 8-Core Processor, 8 cores, 31 GB RAM

RAxML-NG was called at 27-Jun-2023 13:41:19 as follows:

/home/fili/Documents/KIT/2023/BA/resources/tools/RAxML-NG/raxml-ng --msa /home/fili/Documents/KIT/2023/BA/code/output/families/ssim_DL_s20_f100_sites200_GTR_bl1.0_d1.0_l1.0_t0.0_gc0.0_p0.0_pop10_ms0.0_mf0.0_seed121873/families/family_088/alignment.msa --model F81 --prefix /home/fili/Documents/KIT/2023/BA/code/output/families/ssim_DL_s20_f100_sites200_GTR_bl1.0_d1.0_l1.0_t0.0_gc0.0_p0.0_pop10_ms0.0_mf0.0_seed121873/families/family_088/misc/raxml_output.F81

Analysis options:
  run mode: ML tree search
  start tree(s): random (10) + parsimony (10)
  random seed: 1687866079
  tip-inner: OFF
  pattern compression: ON
  per-rate scalers: OFF
  site repeats: ON
  fast spr radius: AUTO
  spr subtree cutoff: 1.000000
  branch lengths: proportional (ML estimate, algorithm: NR-FAST)
  SIMD kernels: AVX2
  parallelization: coarse-grained (auto), PTHREADS (auto)

[00:00:00] Reading alignment from file: /home/fili/Documents/KIT/2023/BA/code/output/families/ssim_DL_s20_f100_sites200_GTR_bl1.0_d1.0_l1.0_t0.0_gc0.0_p0.0_pop10_ms0.0_mf0.0_seed121873/families/family_088/alignment.msa
[00:00:00] Loaded alignment with 57 taxa and 221 sites

WARNING: Sequences 17_6_0 and 15_6_0 are exactly identical!
WARNING: Sequences 13_7_0 and 19_7_0 are exactly identical!
WARNING: Sequences 12_1_0 and 2_1_0 are exactly identical!
WARNING: Sequences 12_0_0 and 2_0_0 are exactly identical!
WARNING: Duplicate sequences found: 4

NOTE: Reduced alignment (with duplicates and gap-only sites/taxa removed) 
NOTE: was saved to: /home/fili/Documents/KIT/2023/BA/code/output/families/ssim_DL_s20_f100_sites200_GTR_bl1.0_d1.0_l1.0_t0.0_gc0.0_p0.0_pop10_ms0.0_mf0.0_seed121873/families/family_088/misc/raxml_output.F81.raxml.reduced.phy

Alignment comprises 1 partitions and 74 patterns

Partition 0: noname
Model: F81+FO
Alignment sites / patterns: 221 / 74
Gaps: 0.00 %
Invariant sites: 68.33 %


NOTE: Binary MSA file created: /home/fili/Documents/KIT/2023/BA/code/output/families/ssim_DL_s20_f100_sites200_GTR_bl1.0_d1.0_l1.0_t0.0_gc0.0_p0.0_pop10_ms0.0_mf0.0_seed121873/families/family_088/misc/raxml_output.F81.raxml.rba

Parallelization scheme autoconfig: 8 worker(s) x 1 thread(s)

Parallel reduction/worker buffer size: 1 KB  / 0 KB

[00:00:00] Generating 10 random starting tree(s) with 57 taxa
[00:00:00] Generating 10 parsimony starting tree(s) with 57 taxa
[00:00:00] Data distribution: max. partitions/sites/weight per thread: 1 / 74 / 296
[00:00:00] Data distribution: max. searches per worker: 3

Starting ML tree search with 20 distinct starting trees

[00:00:00 -5693.205021] Initial branch length optimization
[00:00:00 -4807.208255] Model parameter optimization (eps = 10.000000)
[00:00:00 -4781.004249] AUTODETECT spr round 1 (radius: 5)
[00:00:00 -3103.574957] AUTODETECT spr round 2 (radius: 10)
[00:00:00 -2696.162421] AUTODETECT spr round 3 (radius: 15)
[00:00:00 -2627.990980] AUTODETECT spr round 4 (radius: 20)
[00:00:00 -2627.987348] SPR radius for FAST iterations: 15 (autodetect)
[00:00:00 -2627.987348] Model parameter optimization (eps = 3.000000)
[00:00:00 -2625.505113] FAST spr round 1 (radius: 15)
[00:00:00 -2533.786076] FAST spr round 2 (radius: 15)
[00:00:00 -2524.473466] FAST spr round 3 (radius: 15)
[00:00:00 -2523.819625] FAST spr round 4 (radius: 15)
[00:00:00 -2523.532159] FAST spr round 5 (radius: 15)
[00:00:00 -2523.318374] FAST spr round 6 (radius: 15)
[00:00:00 -2523.318374] Model parameter optimization (eps = 1.000000)
[00:00:00 -2522.991850] SLOW spr round 1 (radius: 5)
[00:00:00 -2522.991504] SLOW spr round 2 (radius: 10)
[00:00:00 -2522.991503] SLOW spr round 3 (radius: 15)
[00:00:00] [worker #2] ML tree search #3, logLikelihood: -2511.876680
[00:00:00] [worker #5] ML tree search #6, logLikelihood: -2517.621450
[00:00:00] [worker #1] ML tree search #2, logLikelihood: -2513.740399
[00:00:00 -2522.991503] SLOW spr round 4 (radius: 20)
[00:00:00] [worker #7] ML tree search #8, logLikelihood: -2511.876681
[00:00:00 -2522.991503] SLOW spr round 5 (radius: 25)
[00:00:00] [worker #4] ML tree search #5, logLikelihood: -2510.683679
[00:00:00 -2522.991503] Model parameter optimization (eps = 0.100000)

[00:00:00] [worker #0] ML tree search #1, logLikelihood: -2522.991396

[00:00:00 -5590.090498] Initial branch length optimization
[00:00:00 -4763.102160] Model parameter optimization (eps = 10.000000)
[00:00:00 -4734.237306] AUTODETECT spr round 1 (radius: 5)
[00:00:00 -3114.896047] AUTODETECT spr round 2 (radius: 10)
[00:00:00 -2767.831611] AUTODETECT spr round 3 (radius: 15)
[00:00:00 -2748.861215] AUTODETECT spr round 4 (radius: 20)
[00:00:00 -2748.861209] SPR radius for FAST iterations: 15 (autodetect)
[00:00:00 -2748.861209] Model parameter optimization (eps = 3.000000)
[00:00:00 -2747.729528] FAST spr round 1 (radius: 15)
[00:00:00 -2558.765286] FAST spr round 2 (radius: 15)
[00:00:00 -2513.381319] FAST spr round 3 (radius: 15)
[00:00:00 -2512.148365] FAST spr round 4 (radius: 15)
[00:00:00 -2512.148236] Model parameter optimization (eps = 1.000000)
[00:00:00] [worker #3] ML tree search #4, logLikelihood: -2513.740403
[00:00:00 -2511.964000] SLOW spr round 1 (radius: 5)
[00:00:00] [worker #6] ML tree search #7, logLikelihood: -2510.552620
[00:00:00 -2511.963973] SLOW spr round 2 (radius: 10)
[00:00:00] [worker #5] ML tree search #14, logLikelihood: -2514.056009
[00:00:00] [worker #2] ML tree search #11, logLikelihood: -2511.963947
[00:00:00 -2511.963973] SLOW spr round 3 (radius: 15)
[00:00:00] [worker #1] ML tree search #10, logLikelihood: -2510.767081
[00:00:00] [worker #7] ML tree search #16, logLikelihood: -2522.496731
[00:00:00 -2511.963973] SLOW spr round 4 (radius: 20)
[00:00:00 -2511.963973] SLOW spr round 5 (radius: 25)
[00:00:00 -2511.963973] Model parameter optimization (eps = 0.100000)

[00:00:00] [worker #0] ML tree search #9, logLikelihood: -2511.963955

[00:00:00 -3975.023524] Initial branch length optimization
[00:00:00 -2582.280592] Model parameter optimization (eps = 10.000000)
[00:00:00 -2560.505357] AUTODETECT spr round 1 (radius: 5)
[00:00:00] [worker #4] ML tree search #13, logLikelihood: -2511.876680
[00:00:00 -2542.675917] AUTODETECT spr round 2 (radius: 10)
[00:00:00 -2539.307565] AUTODETECT spr round 3 (radius: 15)
[00:00:00 -2539.303776] SPR radius for FAST iterations: 10 (autodetect)
[00:00:00 -2539.303776] Model parameter optimization (eps = 3.000000)
[00:00:00 -2539.224840] FAST spr round 1 (radius: 10)
[00:00:00 -2529.884371] FAST spr round 2 (radius: 10)
[00:00:00 -2522.522085] FAST spr round 3 (radius: 10)
[00:00:00 -2510.879767] FAST spr round 4 (radius: 10)
[00:00:00 -2510.879728] Model parameter optimization (eps = 1.000000)
[00:00:00 -2510.683900] SLOW spr round 1 (radius: 5)
[00:00:00] [worker #6] ML tree search #15, logLikelihood: -2510.767102
[00:00:00] [worker #3] ML tree search #12, logLikelihood: -2519.125888
[00:00:00 -2510.683782] SLOW spr round 2 (radius: 10)
[00:00:00] [worker #1] ML tree search #18, logLikelihood: -2520.400450
[00:00:01] [worker #2] ML tree search #19, logLikelihood: -2520.280674
[00:00:01 -2510.683782] SLOW spr round 3 (radius: 15)
[00:00:01 -2510.683782] SLOW spr round 4 (radius: 20)
[00:00:01 -2510.683782] SLOW spr round 5 (radius: 25)
[00:00:01 -2510.683782] Model parameter optimization (eps = 0.100000)

[00:00:01] [worker #0] ML tree search #17, logLikelihood: -2510.683697

[00:00:01] [worker #3] ML tree search #20, logLikelihood: -2511.963952

Optimized model parameters:

   Partition 0: noname
   Rate heterogeneity: NONE
   Base frequencies (ML): 0.272555 0.161129 0.330704 0.235611 
   Substitution rates (model): 1.000000 1.000000 1.000000 1.000000 1.000000 1.000000 


Final LogLikelihood: -2510.552620

AIC score: 5249.105241 / AICc score: 5496.463731 / BIC score: 5636.495789
Free parameters (model + branch lengths): 114

WARNING: Best ML tree contains 2 near-zero branches!

Best ML tree with collapsed near-zero branches saved to: /home/fili/Documents/KIT/2023/BA/code/output/families/ssim_DL_s20_f100_sites200_GTR_bl1.0_d1.0_l1.0_t0.0_gc0.0_p0.0_pop10_ms0.0_mf0.0_seed121873/families/family_088/misc/raxml_output.F81.raxml.bestTreeCollapsed
Best ML tree saved to: /home/fili/Documents/KIT/2023/BA/code/output/families/ssim_DL_s20_f100_sites200_GTR_bl1.0_d1.0_l1.0_t0.0_gc0.0_p0.0_pop10_ms0.0_mf0.0_seed121873/families/family_088/misc/raxml_output.F81.raxml.bestTree
All ML trees saved to: /home/fili/Documents/KIT/2023/BA/code/output/families/ssim_DL_s20_f100_sites200_GTR_bl1.0_d1.0_l1.0_t0.0_gc0.0_p0.0_pop10_ms0.0_mf0.0_seed121873/families/family_088/misc/raxml_output.F81.raxml.mlTrees
Optimized model saved to: /home/fili/Documents/KIT/2023/BA/code/output/families/ssim_DL_s20_f100_sites200_GTR_bl1.0_d1.0_l1.0_t0.0_gc0.0_p0.0_pop10_ms0.0_mf0.0_seed121873/families/family_088/misc/raxml_output.F81.raxml.bestModel

Execution log saved to: /home/fili/Documents/KIT/2023/BA/code/output/families/ssim_DL_s20_f100_sites200_GTR_bl1.0_d1.0_l1.0_t0.0_gc0.0_p0.0_pop10_ms0.0_mf0.0_seed121873/families/family_088/misc/raxml_output.F81.raxml.log

Analysis started: 27-Jun-2023 13:41:19 / finished: 27-Jun-2023 13:41:20

Elapsed time: 1.283 seconds

