
RAxML-NG v. 1.1.0 released on 29.11.2021 by The Exelixis Lab.
Developed by: Alexey M. Kozlov and Alexandros Stamatakis.
Contributors: Diego Darriba, Tomas Flouri, Benoit Morel, Sarah Lutteropp, Ben Bettisworth.
Latest version: https://github.com/amkozlov/raxml-ng
Questions/problems/suggestions? Please visit: https://groups.google.com/forum/#!forum/raxml

System: AMD Ryzen 7 5800X 8-Core Processor, 8 cores, 31 GB RAM

RAxML-NG was called at 16-Jun-2023 09:59:24 as follows:

/home/fili/Documents/KIT/2023/BA/resources/tools/RAxML-NG/raxml-ng --msa /home/fili/Documents/KIT/2023/BA/code/output/families/ssim_NE_s20_f100_sites200_GTR_bl1.0_d0.0_l0.0_t0.0_gc0.0_p0.0_pop10_ms0.0_mf0.0_seed1007/families/family_046/alignment.msa --model F81 --prefix /home/fili/Documents/KIT/2023/BA/code/output/families/ssim_NE_s20_f100_sites200_GTR_bl1.0_d0.0_l0.0_t0.0_gc0.0_p0.0_pop10_ms0.0_mf0.0_seed1007/families/family_046/misc/raxml_output.F81

Analysis options:
  run mode: ML tree search
  start tree(s): random (10) + parsimony (10)
  random seed: 1686902364
  tip-inner: OFF
  pattern compression: ON
  per-rate scalers: OFF
  site repeats: ON
  fast spr radius: AUTO
  spr subtree cutoff: 1.000000
  branch lengths: proportional (ML estimate, algorithm: NR-FAST)
  SIMD kernels: AVX2
  parallelization: coarse-grained (auto), PTHREADS (auto)

[00:00:00] Reading alignment from file: /home/fili/Documents/KIT/2023/BA/code/output/families/ssim_NE_s20_f100_sites200_GTR_bl1.0_d0.0_l0.0_t0.0_gc0.0_p0.0_pop10_ms0.0_mf0.0_seed1007/families/family_046/alignment.msa
[00:00:00] Loaded alignment with 20 taxa and 254 sites

WARNING: Sequences 8_0_0 and 2_0_0 are exactly identical!
WARNING: Sequences 12_0_0 and 19_0_0 are exactly identical!
WARNING: Duplicate sequences found: 2

NOTE: Reduced alignment (with duplicates and gap-only sites/taxa removed) 
NOTE: was saved to: /home/fili/Documents/KIT/2023/BA/code/output/families/ssim_NE_s20_f100_sites200_GTR_bl1.0_d0.0_l0.0_t0.0_gc0.0_p0.0_pop10_ms0.0_mf0.0_seed1007/families/family_046/misc/raxml_output.F81.raxml.reduced.phy

Alignment comprises 1 partitions and 126 patterns

Partition 0: noname
Model: F81+FO
Alignment sites / patterns: 254 / 126
Gaps: 0.00 %
Invariant sites: 45.28 %


NOTE: Binary MSA file created: /home/fili/Documents/KIT/2023/BA/code/output/families/ssim_NE_s20_f100_sites200_GTR_bl1.0_d0.0_l0.0_t0.0_gc0.0_p0.0_pop10_ms0.0_mf0.0_seed1007/families/family_046/misc/raxml_output.F81.raxml.rba

Parallelization scheme autoconfig: 8 worker(s) x 1 thread(s)

Parallel reduction/worker buffer size: 1 KB  / 0 KB

[00:00:00] Generating 10 random starting tree(s) with 20 taxa
[00:00:00] Generating 10 parsimony starting tree(s) with 20 taxa
[00:00:00] Data distribution: max. partitions/sites/weight per thread: 1 / 126 / 504
[00:00:00] Data distribution: max. searches per worker: 3

Starting ML tree search with 20 distinct starting trees

[00:00:00 -3324.859377] Initial branch length optimization
[00:00:00 -3087.508368] Model parameter optimization (eps = 10.000000)
[00:00:00 -2969.087421] AUTODETECT spr round 1 (radius: 5)
[00:00:00 -1794.103374] AUTODETECT spr round 2 (radius: 10)
[00:00:00 -1794.102507] SPR radius for FAST iterations: 5 (autodetect)
[00:00:00 -1794.102507] Model parameter optimization (eps = 3.000000)
[00:00:00 -1791.007667] FAST spr round 1 (radius: 5)
[00:00:00 -1717.757493] FAST spr round 2 (radius: 5)
[00:00:00 -1716.978875] FAST spr round 3 (radius: 5)
[00:00:00] [worker #1] ML tree search #2, logLikelihood: -1716.826821
[00:00:00 -1716.978874] Model parameter optimization (eps = 1.000000)
[00:00:00 -1716.826933] SLOW spr round 1 (radius: 5)
[00:00:00] [worker #5] ML tree search #6, logLikelihood: -1716.826826
[00:00:00] [worker #4] ML tree search #5, logLikelihood: -1716.826820
[00:00:00] [worker #3] ML tree search #4, logLikelihood: -1716.826819
[00:00:00] [worker #6] ML tree search #7, logLikelihood: -1716.826819
[00:00:00] [worker #2] ML tree search #3, logLikelihood: -1716.826820
[00:00:00 -1716.826886] SLOW spr round 2 (radius: 10)
[00:00:00] [worker #7] ML tree search #8, logLikelihood: -1716.826823
[00:00:00 -1716.826886] SLOW spr round 3 (radius: 15)
[00:00:00 -1716.826886] SLOW spr round 4 (radius: 20)
[00:00:00 -1716.826886] Model parameter optimization (eps = 0.100000)

[00:00:00] [worker #0] ML tree search #1, logLikelihood: -1716.826820

[00:00:00 -3373.392954] Initial branch length optimization
[00:00:00 -2971.439033] Model parameter optimization (eps = 10.000000)
[00:00:00 -2856.327383] AUTODETECT spr round 1 (radius: 5)
[00:00:00 -1771.426397] AUTODETECT spr round 2 (radius: 10)
[00:00:00 -1771.425978] SPR radius for FAST iterations: 5 (autodetect)
[00:00:00 -1771.425978] Model parameter optimization (eps = 3.000000)
[00:00:00 -1768.621458] FAST spr round 1 (radius: 5)
[00:00:00] [worker #5] ML tree search #14, logLikelihood: -1716.826819
[00:00:00 -1716.887984] FAST spr round 2 (radius: 5)
[00:00:00] [worker #1] ML tree search #10, logLikelihood: -1716.826821
[00:00:00] [worker #4] ML tree search #13, logLikelihood: -1716.826820
[00:00:00 -1716.887978] Model parameter optimization (eps = 1.000000)
[00:00:00 -1716.826899] SLOW spr round 1 (radius: 5)
[00:00:00] [worker #3] ML tree search #12, logLikelihood: -1716.826820
[00:00:00] [worker #2] ML tree search #11, logLikelihood: -1716.826820
[00:00:00] [worker #6] ML tree search #15, logLikelihood: -1716.826820
[00:00:00] [worker #7] ML tree search #16, logLikelihood: -1716.826819
[00:00:00 -1716.826876] SLOW spr round 2 (radius: 10)
[00:00:00 -1716.826876] SLOW spr round 3 (radius: 15)
[00:00:00 -1716.826876] SLOW spr round 4 (radius: 20)
[00:00:00 -1716.826876] Model parameter optimization (eps = 0.100000)

[00:00:00] [worker #0] ML tree search #9, logLikelihood: -1716.826822

[00:00:00 -2181.601852] Initial branch length optimization
[00:00:00 -1763.380122] Model parameter optimization (eps = 10.000000)
[00:00:00 -1717.307828] AUTODETECT spr round 1 (radius: 5)
[00:00:00 -1717.307326] SPR radius for FAST iterations: 5 (autodetect)
[00:00:00 -1717.307326] Model parameter optimization (eps = 3.000000)
[00:00:00] [worker #1] ML tree search #18, logLikelihood: -1716.826820
[00:00:00 -1717.307188] FAST spr round 1 (radius: 5)
[00:00:00 -1716.831640] FAST spr round 2 (radius: 5)
[00:00:00] [worker #2] ML tree search #19, logLikelihood: -1716.826819
[00:00:00 -1716.831639] Model parameter optimization (eps = 1.000000)
[00:00:00 -1716.826823] SLOW spr round 1 (radius: 5)
[00:00:00] [worker #3] ML tree search #20, logLikelihood: -1716.826820
[00:00:00 -1716.826821] SLOW spr round 2 (radius: 10)
[00:00:00 -1716.826821] SLOW spr round 3 (radius: 15)
[00:00:00 -1716.826821] SLOW spr round 4 (radius: 20)
[00:00:00 -1716.826821] Model parameter optimization (eps = 0.100000)

[00:00:00] [worker #0] ML tree search #17, logLikelihood: -1716.826820


Optimized model parameters:

   Partition 0: noname
   Rate heterogeneity: NONE
   Base frequencies (ML): 0.373621 0.154637 0.329380 0.142362 
   Substitution rates (model): 1.000000 1.000000 1.000000 1.000000 1.000000 1.000000 


Final LogLikelihood: -1716.826819

AIC score: 3513.653638 / AICc score: 3529.052699 / BIC score: 3655.147008
Free parameters (model + branch lengths): 40

Best ML tree saved to: /home/fili/Documents/KIT/2023/BA/code/output/families/ssim_NE_s20_f100_sites200_GTR_bl1.0_d0.0_l0.0_t0.0_gc0.0_p0.0_pop10_ms0.0_mf0.0_seed1007/families/family_046/misc/raxml_output.F81.raxml.bestTree
All ML trees saved to: /home/fili/Documents/KIT/2023/BA/code/output/families/ssim_NE_s20_f100_sites200_GTR_bl1.0_d0.0_l0.0_t0.0_gc0.0_p0.0_pop10_ms0.0_mf0.0_seed1007/families/family_046/misc/raxml_output.F81.raxml.mlTrees
Optimized model saved to: /home/fili/Documents/KIT/2023/BA/code/output/families/ssim_NE_s20_f100_sites200_GTR_bl1.0_d0.0_l0.0_t0.0_gc0.0_p0.0_pop10_ms0.0_mf0.0_seed1007/families/family_046/misc/raxml_output.F81.raxml.bestModel

Execution log saved to: /home/fili/Documents/KIT/2023/BA/code/output/families/ssim_NE_s20_f100_sites200_GTR_bl1.0_d0.0_l0.0_t0.0_gc0.0_p0.0_pop10_ms0.0_mf0.0_seed1007/families/family_046/misc/raxml_output.F81.raxml.log

Analysis started: 16-Jun-2023 09:59:24 / finished: 16-Jun-2023 09:59:24

Elapsed time: 0.248 seconds

