
RAxML-NG v. 1.1.0 released on 29.11.2021 by The Exelixis Lab.
Developed by: Alexey M. Kozlov and Alexandros Stamatakis.
Contributors: Diego Darriba, Tomas Flouri, Benoit Morel, Sarah Lutteropp, Ben Bettisworth.
Latest version: https://github.com/amkozlov/raxml-ng
Questions/problems/suggestions? Please visit: https://groups.google.com/forum/#!forum/raxml

System: AMD Ryzen 7 5800X 8-Core Processor, 8 cores, 31 GB RAM

RAxML-NG was called at 16-Jun-2023 09:59:19 as follows:

/home/fili/Documents/KIT/2023/BA/resources/tools/RAxML-NG/raxml-ng --msa /home/fili/Documents/KIT/2023/BA/code/output/families/ssim_NE_s20_f100_sites200_GTR_bl1.0_d0.0_l0.0_t0.0_gc0.0_p0.0_pop10_ms0.0_mf0.0_seed1007/families/family_005/alignment.msa --model F81 --prefix /home/fili/Documents/KIT/2023/BA/code/output/families/ssim_NE_s20_f100_sites200_GTR_bl1.0_d0.0_l0.0_t0.0_gc0.0_p0.0_pop10_ms0.0_mf0.0_seed1007/families/family_005/misc/raxml_output.F81

Analysis options:
  run mode: ML tree search
  start tree(s): random (10) + parsimony (10)
  random seed: 1686902359
  tip-inner: OFF
  pattern compression: ON
  per-rate scalers: OFF
  site repeats: ON
  fast spr radius: AUTO
  spr subtree cutoff: 1.000000
  branch lengths: proportional (ML estimate, algorithm: NR-FAST)
  SIMD kernels: AVX2
  parallelization: coarse-grained (auto), PTHREADS (auto)

[00:00:00] Reading alignment from file: /home/fili/Documents/KIT/2023/BA/code/output/families/ssim_NE_s20_f100_sites200_GTR_bl1.0_d0.0_l0.0_t0.0_gc0.0_p0.0_pop10_ms0.0_mf0.0_seed1007/families/family_005/alignment.msa
[00:00:00] Loaded alignment with 20 taxa and 174 sites

WARNING: Sequences 11_0_0 and 7_0_0 are exactly identical!
WARNING: Sequences 2_0_0 and 8_0_0 are exactly identical!
WARNING: Sequences 12_0_0 and 19_0_0 are exactly identical!
WARNING: Duplicate sequences found: 3

NOTE: Reduced alignment (with duplicates and gap-only sites/taxa removed) 
NOTE: was saved to: /home/fili/Documents/KIT/2023/BA/code/output/families/ssim_NE_s20_f100_sites200_GTR_bl1.0_d0.0_l0.0_t0.0_gc0.0_p0.0_pop10_ms0.0_mf0.0_seed1007/families/family_005/misc/raxml_output.F81.raxml.reduced.phy

Alignment comprises 1 partitions and 124 patterns

Partition 0: noname
Model: F81+FO
Alignment sites / patterns: 174 / 124
Gaps: 0.00 %
Invariant sites: 28.16 %


NOTE: Binary MSA file created: /home/fili/Documents/KIT/2023/BA/code/output/families/ssim_NE_s20_f100_sites200_GTR_bl1.0_d0.0_l0.0_t0.0_gc0.0_p0.0_pop10_ms0.0_mf0.0_seed1007/families/family_005/misc/raxml_output.F81.raxml.rba

Parallelization scheme autoconfig: 8 worker(s) x 1 thread(s)

Parallel reduction/worker buffer size: 1 KB  / 0 KB

[00:00:00] Generating 10 random starting tree(s) with 20 taxa
[00:00:00] Generating 10 parsimony starting tree(s) with 20 taxa
[00:00:00] Data distribution: max. partitions/sites/weight per thread: 1 / 124 / 496
[00:00:00] Data distribution: max. searches per worker: 3

Starting ML tree search with 20 distinct starting trees

[00:00:00 -2899.646947] Initial branch length optimization
[00:00:00 -2643.813932] Model parameter optimization (eps = 10.000000)
[00:00:00 -2534.904107] AUTODETECT spr round 1 (radius: 5)
[00:00:00 -1569.469146] AUTODETECT spr round 2 (radius: 10)
[00:00:00 -1551.896775] AUTODETECT spr round 3 (radius: 15)
[00:00:00 -1551.895593] SPR radius for FAST iterations: 10 (autodetect)
[00:00:00 -1551.895593] Model parameter optimization (eps = 3.000000)
[00:00:00 -1551.568754] FAST spr round 1 (radius: 10)
[00:00:00 -1534.423890] FAST spr round 2 (radius: 10)
[00:00:00 -1531.821570] FAST spr round 3 (radius: 10)
[00:00:00 -1531.821561] Model parameter optimization (eps = 1.000000)
[00:00:00 -1531.636837] SLOW spr round 1 (radius: 5)
[00:00:00 -1531.636721] SLOW spr round 2 (radius: 10)
[00:00:00] [worker #5] ML tree search #6, logLikelihood: -1531.636583
[00:00:00] [worker #6] ML tree search #7, logLikelihood: -1531.636590
[00:00:00 -1531.636721] SLOW spr round 3 (radius: 15)
[00:00:00 -1531.636721] SLOW spr round 4 (radius: 20)
[00:00:00] [worker #3] ML tree search #4, logLikelihood: -1531.636584
[00:00:00] [worker #4] ML tree search #5, logLikelihood: -1531.636584
[00:00:00 -1531.636721] Model parameter optimization (eps = 0.100000)

[00:00:00] [worker #0] ML tree search #1, logLikelihood: -1531.636584

[00:00:00 -2931.122352] Initial branch length optimization
[00:00:00 -2668.032902] Model parameter optimization (eps = 10.000000)
[00:00:00 -2556.544406] AUTODETECT spr round 1 (radius: 5)
[00:00:00] [worker #7] ML tree search #8, logLikelihood: -1531.636585
[00:00:00 -1550.726256] AUTODETECT spr round 2 (radius: 10)
[00:00:00 -1550.724444] SPR radius for FAST iterations: 5 (autodetect)
[00:00:00 -1550.724444] Model parameter optimization (eps = 3.000000)
[00:00:00 -1550.158761] FAST spr round 1 (radius: 5)
[00:00:00 -1531.661209] FAST spr round 2 (radius: 5)
[00:00:00] [worker #1] ML tree search #2, logLikelihood: -1531.636583
[00:00:00 -1531.661187] Model parameter optimization (eps = 1.000000)
[00:00:00 -1531.636661] SLOW spr round 1 (radius: 5)
[00:00:00] [worker #5] ML tree search #14, logLikelihood: -1531.636583
[00:00:00] [worker #2] ML tree search #3, logLikelihood: -1531.636584
[00:00:00] [worker #6] ML tree search #15, logLikelihood: -1531.636586
[00:00:00] [worker #3] ML tree search #12, logLikelihood: -1531.636582
[00:00:00] [worker #4] ML tree search #13, logLikelihood: -1531.636583
[00:00:00 -1531.636628] SLOW spr round 2 (radius: 10)
[00:00:00] [worker #7] ML tree search #16, logLikelihood: -1531.636583
[00:00:00 -1531.636628] SLOW spr round 3 (radius: 15)
[00:00:00 -1531.636628] SLOW spr round 4 (radius: 20)
[00:00:00 -1531.636628] Model parameter optimization (eps = 0.100000)

[00:00:00] [worker #0] ML tree search #9, logLikelihood: -1531.636585

[00:00:00 -1844.885769] Initial branch length optimization
[00:00:00 -1600.131232] Model parameter optimization (eps = 10.000000)
[00:00:00 -1540.157479] AUTODETECT spr round 1 (radius: 5)
[00:00:00 -1531.649371] AUTODETECT spr round 2 (radius: 10)
[00:00:00] [worker #1] ML tree search #10, logLikelihood: -1531.636584
[00:00:00 -1531.649235] SPR radius for FAST iterations: 5 (autodetect)
[00:00:00 -1531.649235] Model parameter optimization (eps = 3.000000)
[00:00:00 -1531.636626] FAST spr round 1 (radius: 5)
[00:00:00] [worker #3] ML tree search #20, logLikelihood: -1531.636583
[00:00:00 -1531.636608] Model parameter optimization (eps = 1.000000)
[00:00:00] [worker #2] ML tree search #11, logLikelihood: -1531.636587
[00:00:00 -1531.636585] SLOW spr round 1 (radius: 5)
[00:00:00 -1531.636585] SLOW spr round 2 (radius: 10)
[00:00:00 -1531.636585] SLOW spr round 3 (radius: 15)
[00:00:00 -1531.636585] SLOW spr round 4 (radius: 20)
[00:00:00 -1531.636585] Model parameter optimization (eps = 0.100000)

[00:00:00] [worker #0] ML tree search #17, logLikelihood: -1531.636584

[00:00:00] [worker #1] ML tree search #18, logLikelihood: -1531.636583
[00:00:00] [worker #2] ML tree search #19, logLikelihood: -1531.636584

Optimized model parameters:

   Partition 0: noname
   Rate heterogeneity: NONE
   Base frequencies (ML): 0.374776 0.109095 0.365654 0.150474 
   Substitution rates (model): 1.000000 1.000000 1.000000 1.000000 1.000000 1.000000 


Final LogLikelihood: -1531.636582

AIC score: 3143.273165 / AICc score: 3167.934819 / BIC score: 3269.635377
Free parameters (model + branch lengths): 40

Best ML tree saved to: /home/fili/Documents/KIT/2023/BA/code/output/families/ssim_NE_s20_f100_sites200_GTR_bl1.0_d0.0_l0.0_t0.0_gc0.0_p0.0_pop10_ms0.0_mf0.0_seed1007/families/family_005/misc/raxml_output.F81.raxml.bestTree
All ML trees saved to: /home/fili/Documents/KIT/2023/BA/code/output/families/ssim_NE_s20_f100_sites200_GTR_bl1.0_d0.0_l0.0_t0.0_gc0.0_p0.0_pop10_ms0.0_mf0.0_seed1007/families/family_005/misc/raxml_output.F81.raxml.mlTrees
Optimized model saved to: /home/fili/Documents/KIT/2023/BA/code/output/families/ssim_NE_s20_f100_sites200_GTR_bl1.0_d0.0_l0.0_t0.0_gc0.0_p0.0_pop10_ms0.0_mf0.0_seed1007/families/family_005/misc/raxml_output.F81.raxml.bestModel

Execution log saved to: /home/fili/Documents/KIT/2023/BA/code/output/families/ssim_NE_s20_f100_sites200_GTR_bl1.0_d0.0_l0.0_t0.0_gc0.0_p0.0_pop10_ms0.0_mf0.0_seed1007/families/family_005/misc/raxml_output.F81.raxml.log

Analysis started: 16-Jun-2023 09:59:19 / finished: 16-Jun-2023 09:59:19

Elapsed time: 0.295 seconds

