
RAxML-NG v. 1.1.0 released on 29.11.2021 by The Exelixis Lab.
Developed by: Alexey M. Kozlov and Alexandros Stamatakis.
Contributors: Diego Darriba, Tomas Flouri, Benoit Morel, Sarah Lutteropp, Ben Bettisworth.
Latest version: https://github.com/amkozlov/raxml-ng
Questions/problems/suggestions? Please visit: https://groups.google.com/forum/#!forum/raxml

System: AMD Ryzen 7 5800X 8-Core Processor, 8 cores, 31 GB RAM

RAxML-NG was called at 16-Jun-2023 09:59:15 as follows:

/home/fili/Documents/KIT/2023/BA/resources/tools/RAxML-NG/raxml-ng --msa /home/fili/Documents/KIT/2023/BA/code/output/families/ssim_NE_s20_f100_sites200_GTR_bl1.0_d0.0_l0.0_t0.0_gc0.0_p0.0_pop10_ms0.0_mf0.0_seed1007/families/family_079/alignment.msa --model F81 --prefix /home/fili/Documents/KIT/2023/BA/code/output/families/ssim_NE_s20_f100_sites200_GTR_bl1.0_d0.0_l0.0_t0.0_gc0.0_p0.0_pop10_ms0.0_mf0.0_seed1007/families/family_079/misc/raxml_output.F81

Analysis options:
  run mode: ML tree search
  start tree(s): random (10) + parsimony (10)
  random seed: 1686902355
  tip-inner: OFF
  pattern compression: ON
  per-rate scalers: OFF
  site repeats: ON
  fast spr radius: AUTO
  spr subtree cutoff: 1.000000
  branch lengths: proportional (ML estimate, algorithm: NR-FAST)
  SIMD kernels: AVX2
  parallelization: coarse-grained (auto), PTHREADS (auto)

[00:00:00] Reading alignment from file: /home/fili/Documents/KIT/2023/BA/code/output/families/ssim_NE_s20_f100_sites200_GTR_bl1.0_d0.0_l0.0_t0.0_gc0.0_p0.0_pop10_ms0.0_mf0.0_seed1007/families/family_079/alignment.msa
[00:00:00] Loaded alignment with 20 taxa and 160 sites

WARNING: Sequences 20_0_0 and 19_0_0 are exactly identical!
WARNING: Sequences 18_0_0 and 14_0_0 are exactly identical!
WARNING: Sequences 8_0_0 and 2_0_0 are exactly identical!
WARNING: Sequences 3_0_0 and 4_0_0 are exactly identical!
WARNING: Sequences 11_0_0 and 7_0_0 are exactly identical!
WARNING: Duplicate sequences found: 5

NOTE: Reduced alignment (with duplicates and gap-only sites/taxa removed) 
NOTE: was saved to: /home/fili/Documents/KIT/2023/BA/code/output/families/ssim_NE_s20_f100_sites200_GTR_bl1.0_d0.0_l0.0_t0.0_gc0.0_p0.0_pop10_ms0.0_mf0.0_seed1007/families/family_079/misc/raxml_output.F81.raxml.reduced.phy

Alignment comprises 1 partitions and 58 patterns

Partition 0: noname
Model: F81+FO
Alignment sites / patterns: 160 / 58
Gaps: 0.00 %
Invariant sites: 58.75 %


NOTE: Binary MSA file created: /home/fili/Documents/KIT/2023/BA/code/output/families/ssim_NE_s20_f100_sites200_GTR_bl1.0_d0.0_l0.0_t0.0_gc0.0_p0.0_pop10_ms0.0_mf0.0_seed1007/families/family_079/misc/raxml_output.F81.raxml.rba

Parallelization scheme autoconfig: 8 worker(s) x 1 thread(s)

Parallel reduction/worker buffer size: 1 KB  / 0 KB

[00:00:00] Generating 10 random starting tree(s) with 20 taxa
[00:00:00] Generating 10 parsimony starting tree(s) with 20 taxa
[00:00:00] Data distribution: max. partitions/sites/weight per thread: 1 / 58 / 232
[00:00:00] Data distribution: max. searches per worker: 3

Starting ML tree search with 20 distinct starting trees

[00:00:00 -1691.959729] Initial branch length optimization
[00:00:00 -1478.404835] Model parameter optimization (eps = 10.000000)
[00:00:00 -1437.080877] AUTODETECT spr round 1 (radius: 5)
[00:00:00 -819.852547] AUTODETECT spr round 2 (radius: 10)
[00:00:00 -819.852484] SPR radius for FAST iterations: 5 (autodetect)
[00:00:00 -819.852484] Model parameter optimization (eps = 3.000000)
[00:00:00 -814.489653] FAST spr round 1 (radius: 5)
[00:00:00 -796.526534] FAST spr round 2 (radius: 5)
[00:00:00 -796.526531] Model parameter optimization (eps = 1.000000)
[00:00:00 -796.437468] SLOW spr round 1 (radius: 5)
[00:00:00 -796.437445] SLOW spr round 2 (radius: 10)
[00:00:00] [worker #5] ML tree search #6, logLikelihood: -796.437435
[00:00:00] [worker #6] ML tree search #7, logLikelihood: -796.437435
[00:00:00 -796.437445] SLOW spr round 3 (radius: 15)
[00:00:00] [worker #7] ML tree search #8, logLikelihood: -801.575363
[00:00:00 -796.437445] SLOW spr round 4 (radius: 20)
[00:00:00 -796.437445] Model parameter optimization (eps = 0.100000)

[00:00:00] [worker #0] ML tree search #1, logLikelihood: -796.437434

[00:00:00] [worker #1] ML tree search #2, logLikelihood: -796.437438
[00:00:00 -1546.481879] Initial branch length optimization
[00:00:00 -1274.938032] Model parameter optimization (eps = 10.000000)
[00:00:00 -1249.454377] AUTODETECT spr round 1 (radius: 5)
[00:00:00 -827.257312] AUTODETECT spr round 2 (radius: 10)
[00:00:00] [worker #3] ML tree search #4, logLikelihood: -801.690304
[00:00:00] [worker #2] ML tree search #3, logLikelihood: -796.437436
[00:00:00 -827.256739] SPR radius for FAST iterations: 5 (autodetect)
[00:00:00 -827.256739] Model parameter optimization (eps = 3.000000)
[00:00:00 -825.693545] FAST spr round 1 (radius: 5)
[00:00:00] [worker #4] ML tree search #5, logLikelihood: -796.437435
[00:00:00 -803.815514] FAST spr round 2 (radius: 5)
[00:00:00 -796.512625] FAST spr round 3 (radius: 5)
[00:00:00 -796.512620] Model parameter optimization (eps = 1.000000)
[00:00:00 -796.437455] SLOW spr round 1 (radius: 5)
[00:00:00] [worker #6] ML tree search #15, logLikelihood: -801.575363
[00:00:00] [worker #5] ML tree search #14, logLikelihood: -801.690302
[00:00:00 -796.437446] SLOW spr round 2 (radius: 10)
[00:00:00] [worker #1] ML tree search #10, logLikelihood: -796.437434
[00:00:00 -796.437446] SLOW spr round 3 (radius: 15)
[00:00:00] [worker #4] ML tree search #13, logLikelihood: -801.575364
[00:00:00 -796.437446] SLOW spr round 4 (radius: 20)
[00:00:00 -796.437446] Model parameter optimization (eps = 0.100000)

[00:00:00] [worker #0] ML tree search #9, logLikelihood: -796.437435

[00:00:00 -1183.571278] Initial branch length optimization
[00:00:00 -819.043990] Model parameter optimization (eps = 10.000000)
[00:00:00 -806.069879] AUTODETECT spr round 1 (radius: 5)
[00:00:00 -796.448511] AUTODETECT spr round 2 (radius: 10)
[00:00:00 -796.448266] SPR radius for FAST iterations: 5 (autodetect)
[00:00:00 -796.448266] Model parameter optimization (eps = 3.000000)
[00:00:00 -796.437442] FAST spr round 1 (radius: 5)
[00:00:00 -796.437436] Model parameter optimization (eps = 1.000000)
[00:00:00 -796.437435] SLOW spr round 1 (radius: 5)
[00:00:00] [worker #3] ML tree search #12, logLikelihood: -796.437434
[00:00:00] [worker #2] ML tree search #11, logLikelihood: -796.437435
[00:00:00 -796.437435] SLOW spr round 2 (radius: 10)
[00:00:00] [worker #7] ML tree search #16, logLikelihood: -796.437435
[00:00:00] [worker #1] ML tree search #18, logLikelihood: -801.575364
[00:00:00 -796.437435] SLOW spr round 3 (radius: 15)
[00:00:00 -796.437435] SLOW spr round 4 (radius: 20)
[00:00:00 -796.437435] Model parameter optimization (eps = 0.100000)

[00:00:00] [worker #0] ML tree search #17, logLikelihood: -796.437435

[00:00:00] [worker #3] ML tree search #20, logLikelihood: -796.437434
[00:00:00] [worker #2] ML tree search #19, logLikelihood: -796.437434

Optimized model parameters:

   Partition 0: noname
   Rate heterogeneity: NONE
   Base frequencies (ML): 0.325932 0.139823 0.299722 0.234523 
   Substitution rates (model): 1.000000 1.000000 1.000000 1.000000 1.000000 1.000000 


Final LogLikelihood: -796.437434

AIC score: 1672.874869 / AICc score: 1700.437894 / BIC score: 1795.881821
Free parameters (model + branch lengths): 40

WARNING: Best ML tree contains 3 near-zero branches!

Best ML tree with collapsed near-zero branches saved to: /home/fili/Documents/KIT/2023/BA/code/output/families/ssim_NE_s20_f100_sites200_GTR_bl1.0_d0.0_l0.0_t0.0_gc0.0_p0.0_pop10_ms0.0_mf0.0_seed1007/families/family_079/misc/raxml_output.F81.raxml.bestTreeCollapsed
Best ML tree saved to: /home/fili/Documents/KIT/2023/BA/code/output/families/ssim_NE_s20_f100_sites200_GTR_bl1.0_d0.0_l0.0_t0.0_gc0.0_p0.0_pop10_ms0.0_mf0.0_seed1007/families/family_079/misc/raxml_output.F81.raxml.bestTree
All ML trees saved to: /home/fili/Documents/KIT/2023/BA/code/output/families/ssim_NE_s20_f100_sites200_GTR_bl1.0_d0.0_l0.0_t0.0_gc0.0_p0.0_pop10_ms0.0_mf0.0_seed1007/families/family_079/misc/raxml_output.F81.raxml.mlTrees
Optimized model saved to: /home/fili/Documents/KIT/2023/BA/code/output/families/ssim_NE_s20_f100_sites200_GTR_bl1.0_d0.0_l0.0_t0.0_gc0.0_p0.0_pop10_ms0.0_mf0.0_seed1007/families/family_079/misc/raxml_output.F81.raxml.bestModel

Execution log saved to: /home/fili/Documents/KIT/2023/BA/code/output/families/ssim_NE_s20_f100_sites200_GTR_bl1.0_d0.0_l0.0_t0.0_gc0.0_p0.0_pop10_ms0.0_mf0.0_seed1007/families/family_079/misc/raxml_output.F81.raxml.log

Analysis started: 16-Jun-2023 09:59:15 / finished: 16-Jun-2023 09:59:15

Elapsed time: 0.164 seconds

