
RAxML-NG v. 1.1.0 released on 29.11.2021 by The Exelixis Lab.
Developed by: Alexey M. Kozlov and Alexandros Stamatakis.
Contributors: Diego Darriba, Tomas Flouri, Benoit Morel, Sarah Lutteropp, Ben Bettisworth.
Latest version: https://github.com/amkozlov/raxml-ng
Questions/problems/suggestions? Please visit: https://groups.google.com/forum/#!forum/raxml

System: AMD Ryzen 7 5800X 8-Core Processor, 8 cores, 31 GB RAM

RAxML-NG was called at 27-Jun-2023 13:43:36 as follows:

/home/fili/Documents/KIT/2023/BA/resources/tools/RAxML-NG/raxml-ng --msa /home/fili/Documents/KIT/2023/BA/code/output/families/ssim_DL_s20_f100_sites200_GTR_bl1.0_d1.0_l1.0_t0.0_gc0.0_p0.0_pop10_ms0.0_mf0.0_seed14976684177860080345/families/family_017/alignment.msa --model F81 --prefix /home/fili/Documents/KIT/2023/BA/code/output/families/ssim_DL_s20_f100_sites200_GTR_bl1.0_d1.0_l1.0_t0.0_gc0.0_p0.0_pop10_ms0.0_mf0.0_seed14976684177860080345/families/family_017/misc/raxml_output.F81

Analysis options:
  run mode: ML tree search
  start tree(s): random (10) + parsimony (10)
  random seed: 1687866216
  tip-inner: OFF
  pattern compression: ON
  per-rate scalers: OFF
  site repeats: ON
  fast spr radius: AUTO
  spr subtree cutoff: 1.000000
  branch lengths: proportional (ML estimate, algorithm: NR-FAST)
  SIMD kernels: AVX2
  parallelization: coarse-grained (auto), PTHREADS (auto)

[00:00:00] Reading alignment from file: /home/fili/Documents/KIT/2023/BA/code/output/families/ssim_DL_s20_f100_sites200_GTR_bl1.0_d1.0_l1.0_t0.0_gc0.0_p0.0_pop10_ms0.0_mf0.0_seed14976684177860080345/families/family_017/alignment.msa
[00:00:00] Loaded alignment with 21 taxa and 174 sites

WARNING: Sequences 13_0_0 and 6_0_0 are exactly identical!
WARNING: Sequences 13_0_0 and 3_0_0 are exactly identical!
WARNING: Sequences 11_0_0 and 14_0_0 are exactly identical!
WARNING: Sequences 1_0_0 and 7_0_0 are exactly identical!
WARNING: Sequences 1_0_0 and 5_0_0 are exactly identical!
WARNING: Sequences 1_0_0 and 10_0_0 are exactly identical!
WARNING: Sequences 8_1_0 and 8_0_0 are exactly identical!
WARNING: Sequences 15_0_0 and 17_0_0 are exactly identical!
WARNING: Sequences 15_0_0 and 19_0_0 are exactly identical!
WARNING: Sequences 15_0_0 and 18_0_0 are exactly identical!
WARNING: Duplicate sequences found: 10

NOTE: Reduced alignment (with duplicates and gap-only sites/taxa removed) 
NOTE: was saved to: /home/fili/Documents/KIT/2023/BA/code/output/families/ssim_DL_s20_f100_sites200_GTR_bl1.0_d1.0_l1.0_t0.0_gc0.0_p0.0_pop10_ms0.0_mf0.0_seed14976684177860080345/families/family_017/misc/raxml_output.F81.raxml.reduced.phy

Alignment comprises 1 partitions and 31 patterns

Partition 0: noname
Model: F81+FO
Alignment sites / patterns: 174 / 31
Gaps: 0.00 %
Invariant sites: 79.89 %


NOTE: Binary MSA file created: /home/fili/Documents/KIT/2023/BA/code/output/families/ssim_DL_s20_f100_sites200_GTR_bl1.0_d1.0_l1.0_t0.0_gc0.0_p0.0_pop10_ms0.0_mf0.0_seed14976684177860080345/families/family_017/misc/raxml_output.F81.raxml.rba

Parallelization scheme autoconfig: 8 worker(s) x 1 thread(s)

Parallel reduction/worker buffer size: 1 KB  / 0 KB

[00:00:00] Generating 10 random starting tree(s) with 21 taxa
[00:00:00] Generating 10 parsimony starting tree(s) with 21 taxa
[00:00:00] Data distribution: max. partitions/sites/weight per thread: 1 / 31 / 124
[00:00:00] Data distribution: max. searches per worker: 3

Starting ML tree search with 20 distinct starting trees

[00:00:00 -1507.280913] Initial branch length optimization
[00:00:00 -1098.895439] Model parameter optimization (eps = 10.000000)
[00:00:00 -1089.686223] AUTODETECT spr round 1 (radius: 5)
[00:00:00 -536.985074] AUTODETECT spr round 2 (radius: 10)
[00:00:00 -536.985072] SPR radius for FAST iterations: 5 (autodetect)
[00:00:00 -536.985072] Model parameter optimization (eps = 3.000000)
[00:00:00 -536.246979] FAST spr round 1 (radius: 5)
[00:00:00 -505.492207] FAST spr round 2 (radius: 5)
[00:00:00 -505.492207] Model parameter optimization (eps = 1.000000)
[00:00:00 -505.479204] SLOW spr round 1 (radius: 5)
[00:00:00 -505.479204] SLOW spr round 2 (radius: 10)
[00:00:00 -505.479204] SLOW spr round 3 (radius: 15)
[00:00:00 -505.479204] SLOW spr round 4 (radius: 20)
[00:00:00] [worker #4] ML tree search #5, logLikelihood: -505.479045
[00:00:00] [worker #3] ML tree search #4, logLikelihood: -505.008272
[00:00:00] [worker #5] ML tree search #6, logLikelihood: -505.008273
[00:00:00 -505.479204] Model parameter optimization (eps = 0.100000)

[00:00:00] [worker #0] ML tree search #1, logLikelihood: -505.479204

[00:00:00] [worker #7] ML tree search #8, logLikelihood: -505.479204
[00:00:00] [worker #1] ML tree search #2, logLikelihood: -505.008332
[00:00:00] [worker #6] ML tree search #7, logLikelihood: -505.008331
[00:00:00] [worker #2] ML tree search #3, logLikelihood: -505.008273
[00:00:00 -1541.093717] Initial branch length optimization
[00:00:00 -1117.401607] Model parameter optimization (eps = 10.000000)
[00:00:00 -1109.314573] AUTODETECT spr round 1 (radius: 5)
[00:00:00 -536.414224] AUTODETECT spr round 2 (radius: 10)
[00:00:00 -508.094800] AUTODETECT spr round 3 (radius: 15)
[00:00:00 -508.094786] SPR radius for FAST iterations: 10 (autodetect)
[00:00:00 -508.094786] Model parameter optimization (eps = 3.000000)
[00:00:00 -506.757689] FAST spr round 1 (radius: 10)
[00:00:00 -505.013963] FAST spr round 2 (radius: 10)
[00:00:00 -505.013962] Model parameter optimization (eps = 1.000000)
[00:00:00 -505.008332] SLOW spr round 1 (radius: 5)
[00:00:00] [worker #3] ML tree search #12, logLikelihood: -505.479203
[00:00:00] [worker #4] ML tree search #13, logLikelihood: -505.008272
[00:00:00 -505.008332] SLOW spr round 2 (radius: 10)
[00:00:00] [worker #7] ML tree search #16, logLikelihood: -505.008332
[00:00:00] [worker #2] ML tree search #11, logLikelihood: -505.008273
[00:00:00 -505.008332] SLOW spr round 3 (radius: 15)
[00:00:00 -505.008332] SLOW spr round 4 (radius: 20)
[00:00:00 -505.008332] Model parameter optimization (eps = 0.100000)

[00:00:00] [worker #0] ML tree search #9, logLikelihood: -505.008332

[00:00:00] [worker #5] ML tree search #14, logLikelihood: -505.479045
[00:00:00] [worker #1] ML tree search #10, logLikelihood: -505.008272
[00:00:00] [worker #6] ML tree search #15, logLikelihood: -505.479046
[00:00:00 -1064.740542] Initial branch length optimization
[00:00:00 -509.998703] Model parameter optimization (eps = 10.000000)
[00:00:00 -506.338116] AUTODETECT spr round 1 (radius: 5)
[00:00:00 -506.337134] SPR radius for FAST iterations: 5 (autodetect)
[00:00:00 -506.337134] Model parameter optimization (eps = 3.000000)
[00:00:00 -506.337021] FAST spr round 1 (radius: 5)
[00:00:00 -506.337021] Model parameter optimization (eps = 1.000000)
[00:00:00 -506.337021] SLOW spr round 1 (radius: 5)
[00:00:00] [worker #3] ML tree search #20, logLikelihood: -505.479203
[00:00:00 -505.493076] SLOW spr round 2 (radius: 5)
[00:00:00 -505.493076] SLOW spr round 3 (radius: 10)
[00:00:00] [worker #2] ML tree search #19, logLikelihood: -505.479046
[00:00:00 -505.493076] SLOW spr round 4 (radius: 15)
[00:00:00 -505.493076] SLOW spr round 5 (radius: 20)
[00:00:00 -505.493076] Model parameter optimization (eps = 0.100000)

[00:00:00] [worker #0] ML tree search #17, logLikelihood: -505.479046

[00:00:00] [worker #1] ML tree search #18, logLikelihood: -505.479046

Optimized model parameters:

   Partition 0: noname
   Rate heterogeneity: NONE
   Base frequencies (ML): 0.249002 0.312264 0.258107 0.180627 
   Substitution rates (model): 1.000000 1.000000 1.000000 1.000000 1.000000 1.000000 


Final LogLikelihood: -505.008272

AIC score: 1094.016544 / AICc score: 1121.589063 / BIC score: 1226.696867
Free parameters (model + branch lengths): 42

WARNING: Best ML tree contains 8 near-zero branches!

Best ML tree with collapsed near-zero branches saved to: /home/fili/Documents/KIT/2023/BA/code/output/families/ssim_DL_s20_f100_sites200_GTR_bl1.0_d1.0_l1.0_t0.0_gc0.0_p0.0_pop10_ms0.0_mf0.0_seed14976684177860080345/families/family_017/misc/raxml_output.F81.raxml.bestTreeCollapsed
Best ML tree saved to: /home/fili/Documents/KIT/2023/BA/code/output/families/ssim_DL_s20_f100_sites200_GTR_bl1.0_d1.0_l1.0_t0.0_gc0.0_p0.0_pop10_ms0.0_mf0.0_seed14976684177860080345/families/family_017/misc/raxml_output.F81.raxml.bestTree
All ML trees saved to: /home/fili/Documents/KIT/2023/BA/code/output/families/ssim_DL_s20_f100_sites200_GTR_bl1.0_d1.0_l1.0_t0.0_gc0.0_p0.0_pop10_ms0.0_mf0.0_seed14976684177860080345/families/family_017/misc/raxml_output.F81.raxml.mlTrees
Optimized model saved to: /home/fili/Documents/KIT/2023/BA/code/output/families/ssim_DL_s20_f100_sites200_GTR_bl1.0_d1.0_l1.0_t0.0_gc0.0_p0.0_pop10_ms0.0_mf0.0_seed14976684177860080345/families/family_017/misc/raxml_output.F81.raxml.bestModel

Execution log saved to: /home/fili/Documents/KIT/2023/BA/code/output/families/ssim_DL_s20_f100_sites200_GTR_bl1.0_d1.0_l1.0_t0.0_gc0.0_p0.0_pop10_ms0.0_mf0.0_seed14976684177860080345/families/family_017/misc/raxml_output.F81.raxml.log

Analysis started: 27-Jun-2023 13:43:36 / finished: 27-Jun-2023 13:43:36

Elapsed time: 0.116 seconds

