
RAxML-NG v. 1.1.0 released on 29.11.2021 by The Exelixis Lab.
Developed by: Alexey M. Kozlov and Alexandros Stamatakis.
Contributors: Diego Darriba, Tomas Flouri, Benoit Morel, Sarah Lutteropp, Ben Bettisworth.
Latest version: https://github.com/amkozlov/raxml-ng
Questions/problems/suggestions? Please visit: https://groups.google.com/forum/#!forum/raxml

System: AMD Ryzen 7 5800X 8-Core Processor, 8 cores, 31 GB RAM

RAxML-NG was called at 13-Jun-2023 16:02:51 as follows:

/home/fili/Documents/KIT/2023/BA/resources/tools/RAxML-NG/raxml-ng --msa /home/fili/Documents/KIT/2023/BA/code/output/families/ssim_DL_s20_f100_sites200_GTR_bl1.0_d1.0_l1.0_t0.0_gc0.0_p0.0_pop10_ms0.0_mf0.0_seed42/families/family_003/alignment.msa --model F81 --prefix /home/fili/Documents/KIT/2023/BA/code/output/families/ssim_DL_s20_f100_sites200_GTR_bl1.0_d1.0_l1.0_t0.0_gc0.0_p0.0_pop10_ms0.0_mf0.0_seed42/families/family_003/misc/raxml_output.F81

Analysis options:
  run mode: ML tree search
  start tree(s): random (10) + parsimony (10)
  random seed: 1686664971
  tip-inner: OFF
  pattern compression: ON
  per-rate scalers: OFF
  site repeats: ON
  fast spr radius: AUTO
  spr subtree cutoff: 1.000000
  branch lengths: proportional (ML estimate, algorithm: NR-FAST)
  SIMD kernels: AVX2
  parallelization: coarse-grained (auto), PTHREADS (auto)

[00:00:00] Reading alignment from file: /home/fili/Documents/KIT/2023/BA/code/output/families/ssim_DL_s20_f100_sites200_GTR_bl1.0_d1.0_l1.0_t0.0_gc0.0_p0.0_pop10_ms0.0_mf0.0_seed42/families/family_003/alignment.msa
[00:00:00] Loaded alignment with 24 taxa and 131 sites

WARNING: Sequences 12_2_0 and 4_2_0 are exactly identical!
WARNING: Sequences 4_0_0 and 12_0_0 are exactly identical!
WARNING: Sequences 4_0_0 and 10_0_0 are exactly identical!
WARNING: Sequences 9_0_0 and 13_0_0 are exactly identical!
WARNING: Duplicate sequences found: 4

NOTE: Reduced alignment (with duplicates and gap-only sites/taxa removed) 
NOTE: was saved to: /home/fili/Documents/KIT/2023/BA/code/output/families/ssim_DL_s20_f100_sites200_GTR_bl1.0_d1.0_l1.0_t0.0_gc0.0_p0.0_pop10_ms0.0_mf0.0_seed42/families/family_003/misc/raxml_output.F81.raxml.reduced.phy

Alignment comprises 1 partitions and 66 patterns

Partition 0: noname
Model: F81+FO
Alignment sites / patterns: 131 / 66
Gaps: 0.00 %
Invariant sites: 51.15 %


NOTE: Binary MSA file created: /home/fili/Documents/KIT/2023/BA/code/output/families/ssim_DL_s20_f100_sites200_GTR_bl1.0_d1.0_l1.0_t0.0_gc0.0_p0.0_pop10_ms0.0_mf0.0_seed42/families/family_003/misc/raxml_output.F81.raxml.rba

Parallelization scheme autoconfig: 8 worker(s) x 1 thread(s)

Parallel reduction/worker buffer size: 1 KB  / 0 KB

[00:00:00] Generating 10 random starting tree(s) with 24 taxa
[00:00:00] Generating 10 parsimony starting tree(s) with 24 taxa
[00:00:00] Data distribution: max. partitions/sites/weight per thread: 1 / 66 / 264
[00:00:00] Data distribution: max. searches per worker: 3

Starting ML tree search with 20 distinct starting trees

[00:00:00 -1776.750734] Initial branch length optimization
[00:00:00 -1537.336973] Model parameter optimization (eps = 10.000000)
[00:00:00 -1527.714785] AUTODETECT spr round 1 (radius: 5)
[00:00:00 -923.955610] AUTODETECT spr round 2 (radius: 10)
[00:00:00 -851.132721] AUTODETECT spr round 3 (radius: 15)
[00:00:00 -851.132721] SPR radius for FAST iterations: 10 (autodetect)
[00:00:00 -851.132721] Model parameter optimization (eps = 3.000000)
[00:00:00 -850.718822] FAST spr round 1 (radius: 10)
[00:00:00 -825.027919] FAST spr round 2 (radius: 10)
[00:00:00 -822.518814] FAST spr round 3 (radius: 10)
[00:00:00 -822.091198] FAST spr round 4 (radius: 10)
[00:00:00 -822.091198] Model parameter optimization (eps = 1.000000)
[00:00:00 -822.005572] SLOW spr round 1 (radius: 5)
[00:00:00] [worker #4] ML tree search #5, logLikelihood: -822.005509
[00:00:00] [worker #3] ML tree search #4, logLikelihood: -823.753482
[00:00:00] [worker #1] ML tree search #2, logLikelihood: -822.005509
[00:00:00] [worker #5] ML tree search #6, logLikelihood: -822.005511
[00:00:00] [worker #6] ML tree search #7, logLikelihood: -822.005509
[00:00:00] [worker #2] ML tree search #3, logLikelihood: -823.753481
[00:00:00 -822.005533] SLOW spr round 2 (radius: 10)
[00:00:00 -822.005533] SLOW spr round 3 (radius: 15)
[00:00:00] [worker #7] ML tree search #8, logLikelihood: -822.005509
[00:00:00 -822.005533] SLOW spr round 4 (radius: 20)
[00:00:00 -822.005533] Model parameter optimization (eps = 0.100000)

[00:00:00] [worker #0] ML tree search #1, logLikelihood: -822.005508

[00:00:00] [worker #4] ML tree search #13, logLikelihood: -825.226333
[00:00:00 -1761.872488] Initial branch length optimization
[00:00:00 -1498.306333] Model parameter optimization (eps = 10.000000)
[00:00:00 -1486.758373] AUTODETECT spr round 1 (radius: 5)
[00:00:00] [worker #3] ML tree search #12, logLikelihood: -822.005508
[00:00:00 -843.099785] AUTODETECT spr round 2 (radius: 10)
[00:00:00] [worker #6] ML tree search #15, logLikelihood: -823.753479
[00:00:00 -843.097888] SPR radius for FAST iterations: 5 (autodetect)
[00:00:00 -843.097888] Model parameter optimization (eps = 3.000000)
[00:00:00] [worker #5] ML tree search #14, logLikelihood: -822.005508
[00:00:00 -841.924413] FAST spr round 1 (radius: 5)
[00:00:00] [worker #2] ML tree search #11, logLikelihood: -823.753479
[00:00:00 -822.242098] FAST spr round 2 (radius: 5)
[00:00:00 -822.033738] FAST spr round 3 (radius: 5)
[00:00:00] [worker #1] ML tree search #10, logLikelihood: -822.005509
[00:00:00 -822.033645] Model parameter optimization (eps = 1.000000)
[00:00:00 -822.005518] SLOW spr round 1 (radius: 5)
[00:00:00] [worker #3] ML tree search #20, logLikelihood: -822.005508
[00:00:00] [worker #7] ML tree search #16, logLikelihood: -823.753478
[00:00:00 -822.005512] SLOW spr round 2 (radius: 10)
[00:00:00] [worker #2] ML tree search #19, logLikelihood: -822.005508
[00:00:00 -822.005512] SLOW spr round 3 (radius: 15)
[00:00:00 -822.005512] SLOW spr round 4 (radius: 20)
[00:00:00 -822.005512] Model parameter optimization (eps = 0.100000)

[00:00:00] [worker #0] ML tree search #9, logLikelihood: -822.005509

[00:00:00 -1165.479115] Initial branch length optimization
[00:00:00] [worker #1] ML tree search #18, logLikelihood: -822.005509
[00:00:00 -826.571323] Model parameter optimization (eps = 10.000000)
[00:00:00 -822.006815] AUTODETECT spr round 1 (radius: 5)
[00:00:00 -822.005767] SPR radius for FAST iterations: 5 (autodetect)
[00:00:00 -822.005767] Model parameter optimization (eps = 3.000000)
[00:00:00 -822.005509] FAST spr round 1 (radius: 5)
[00:00:00 -822.005509] Model parameter optimization (eps = 1.000000)
[00:00:00 -822.005509] SLOW spr round 1 (radius: 5)
[00:00:00 -822.005509] SLOW spr round 2 (radius: 10)
[00:00:00 -822.005509] SLOW spr round 3 (radius: 15)
[00:00:00 -822.005509] SLOW spr round 4 (radius: 20)
[00:00:00 -822.005509] Model parameter optimization (eps = 0.100000)

[00:00:00] [worker #0] ML tree search #17, logLikelihood: -822.005509


Optimized model parameters:

   Partition 0: noname
   Rate heterogeneity: NONE
   Base frequencies (ML): 0.266249 0.176770 0.256515 0.300465 
   Substitution rates (model): 1.000000 1.000000 1.000000 1.000000 1.000000 1.000000 


Final LogLikelihood: -822.005508

AIC score: 1740.011017 / AICc score: 1797.376870 / BIC score: 1878.020488
Free parameters (model + branch lengths): 48

WARNING: Best ML tree contains 2 near-zero branches!

Best ML tree with collapsed near-zero branches saved to: /home/fili/Documents/KIT/2023/BA/code/output/families/ssim_DL_s20_f100_sites200_GTR_bl1.0_d1.0_l1.0_t0.0_gc0.0_p0.0_pop10_ms0.0_mf0.0_seed42/families/family_003/misc/raxml_output.F81.raxml.bestTreeCollapsed
Best ML tree saved to: /home/fili/Documents/KIT/2023/BA/code/output/families/ssim_DL_s20_f100_sites200_GTR_bl1.0_d1.0_l1.0_t0.0_gc0.0_p0.0_pop10_ms0.0_mf0.0_seed42/families/family_003/misc/raxml_output.F81.raxml.bestTree
All ML trees saved to: /home/fili/Documents/KIT/2023/BA/code/output/families/ssim_DL_s20_f100_sites200_GTR_bl1.0_d1.0_l1.0_t0.0_gc0.0_p0.0_pop10_ms0.0_mf0.0_seed42/families/family_003/misc/raxml_output.F81.raxml.mlTrees
Optimized model saved to: /home/fili/Documents/KIT/2023/BA/code/output/families/ssim_DL_s20_f100_sites200_GTR_bl1.0_d1.0_l1.0_t0.0_gc0.0_p0.0_pop10_ms0.0_mf0.0_seed42/families/family_003/misc/raxml_output.F81.raxml.bestModel

Execution log saved to: /home/fili/Documents/KIT/2023/BA/code/output/families/ssim_DL_s20_f100_sites200_GTR_bl1.0_d1.0_l1.0_t0.0_gc0.0_p0.0_pop10_ms0.0_mf0.0_seed42/families/family_003/misc/raxml_output.F81.raxml.log

Analysis started: 13-Jun-2023 16:02:51 / finished: 13-Jun-2023 16:02:52

Elapsed time: 0.277 seconds

