
RAxML-NG v. 1.1.0 released on 29.11.2021 by The Exelixis Lab.
Developed by: Alexey M. Kozlov and Alexandros Stamatakis.
Contributors: Diego Darriba, Tomas Flouri, Benoit Morel, Sarah Lutteropp, Ben Bettisworth.
Latest version: https://github.com/amkozlov/raxml-ng
Questions/problems/suggestions? Please visit: https://groups.google.com/forum/#!forum/raxml

System: AMD Ryzen 7 5800X 8-Core Processor, 8 cores, 31 GB RAM

RAxML-NG was called at 27-Jun-2023 12:58:40 as follows:

/home/fili/Documents/KIT/2023/BA/resources/tools/RAxML-NG/raxml-ng --msa /home/fili/Documents/KIT/2023/BA/code/output/families/ssim_DL_s20_f100_sites200_GTR_bl1.0_d1.0_l1.0_t0.0_gc0.0_p0.0_pop10_ms0.0_mf0.0_seed42/families/family_049/alignment.msa --model F81 --prefix /home/fili/Documents/KIT/2023/BA/code/output/families/ssim_DL_s20_f100_sites200_GTR_bl1.0_d1.0_l1.0_t0.0_gc0.0_p0.0_pop10_ms0.0_mf0.0_seed42/families/family_049/misc/raxml_output.F81

Analysis options:
  run mode: ML tree search
  start tree(s): random (10) + parsimony (10)
  random seed: 1687863520
  tip-inner: OFF
  pattern compression: ON
  per-rate scalers: OFF
  site repeats: ON
  fast spr radius: AUTO
  spr subtree cutoff: 1.000000
  branch lengths: proportional (ML estimate, algorithm: NR-FAST)
  SIMD kernels: AVX2
  parallelization: coarse-grained (auto), PTHREADS (auto)

[00:00:00] Reading alignment from file: /home/fili/Documents/KIT/2023/BA/code/output/families/ssim_DL_s20_f100_sites200_GTR_bl1.0_d1.0_l1.0_t0.0_gc0.0_p0.0_pop10_ms0.0_mf0.0_seed42/families/family_049/alignment.msa
[00:00:00] Loaded alignment with 10 taxa and 191 sites

WARNING: Sequences 3_0_0 and 1_0_0 are exactly identical!
WARNING: Sequences 18_0_0 and 8_0_0 are exactly identical!
WARNING: Sequences 12_1_0 and 4_1_0 are exactly identical!
WARNING: Sequences 12_1_0 and 10_1_0 are exactly identical!
WARNING: Sequences 12_1_0 and 5_1_0 are exactly identical!
WARNING: Duplicate sequences found: 5

NOTE: Reduced alignment (with duplicates and gap-only sites/taxa removed) 
NOTE: was saved to: /home/fili/Documents/KIT/2023/BA/code/output/families/ssim_DL_s20_f100_sites200_GTR_bl1.0_d1.0_l1.0_t0.0_gc0.0_p0.0_pop10_ms0.0_mf0.0_seed42/families/family_049/misc/raxml_output.F81.raxml.reduced.phy

Alignment comprises 1 partitions and 34 patterns

Partition 0: noname
Model: F81+FO
Alignment sites / patterns: 191 / 34
Gaps: 0.00 %
Invariant sites: 65.45 %


NOTE: Binary MSA file created: /home/fili/Documents/KIT/2023/BA/code/output/families/ssim_DL_s20_f100_sites200_GTR_bl1.0_d1.0_l1.0_t0.0_gc0.0_p0.0_pop10_ms0.0_mf0.0_seed42/families/family_049/misc/raxml_output.F81.raxml.rba

Parallelization scheme autoconfig: 8 worker(s) x 1 thread(s)

Parallel reduction/worker buffer size: 1 KB  / 0 KB

[00:00:00] Generating 10 random starting tree(s) with 10 taxa
[00:00:00] Generating 10 parsimony starting tree(s) with 10 taxa
[00:00:00] Data distribution: max. partitions/sites/weight per thread: 1 / 34 / 136
[00:00:00] Data distribution: max. searches per worker: 3

Starting ML tree search with 20 distinct starting trees

[00:00:00 -1156.011983] Initial branch length optimization
[00:00:00 -961.254763] Model parameter optimization (eps = 10.000000)
[00:00:00 -942.743349] AUTODETECT spr round 1 (radius: 5)
[00:00:00 -612.949342] AUTODETECT spr round 2 (radius: 10)
[00:00:00 -612.949313] SPR radius for FAST iterations: 5 (autodetect)
[00:00:00 -612.949313] Model parameter optimization (eps = 3.000000)
[00:00:00 -611.015400] FAST spr round 1 (radius: 5)
[00:00:00 -596.918745] FAST spr round 2 (radius: 5)
[00:00:00 -596.918739] Model parameter optimization (eps = 1.000000)
[00:00:00 -596.694347] SLOW spr round 1 (radius: 5)
[00:00:00] [worker #7] ML tree search #8, logLikelihood: -596.694335
[00:00:00] [worker #2] ML tree search #3, logLikelihood: -596.694335
[00:00:00] [worker #6] ML tree search #7, logLikelihood: -596.694336
[00:00:00] [worker #1] ML tree search #2, logLikelihood: -596.694336
[00:00:00] [worker #3] ML tree search #4, logLikelihood: -596.694337
[00:00:00 -596.694339] SLOW spr round 2 (radius: 10)
[00:00:00 -596.694339] Model parameter optimization (eps = 0.100000)

[00:00:00] [worker #0] ML tree search #1, logLikelihood: -596.694337

[00:00:00] [worker #5] ML tree search #6, logLikelihood: -596.694335
[00:00:00] [worker #4] ML tree search #5, logLikelihood: -596.694337
[00:00:00 -1174.259334] Initial branch length optimization
[00:00:00 -1039.130697] Model parameter optimization (eps = 10.000000)
[00:00:00 -993.053960] AUTODETECT spr round 1 (radius: 5)
[00:00:00] [worker #7] ML tree search #16, logLikelihood: -596.694336
[00:00:00 -600.167196] AUTODETECT spr round 2 (radius: 10)
[00:00:00 -600.166877] SPR radius for FAST iterations: 5 (autodetect)
[00:00:00 -600.166877] Model parameter optimization (eps = 3.000000)
[00:00:00] [worker #6] ML tree search #15, logLikelihood: -596.694335
[00:00:00 -596.694342] FAST spr round 1 (radius: 5)
[00:00:00] [worker #2] ML tree search #11, logLikelihood: -596.694335
[00:00:00 -596.694341] Model parameter optimization (eps = 1.000000)
[00:00:00 -596.694337] SLOW spr round 1 (radius: 5)
[00:00:00] [worker #3] ML tree search #12, logLikelihood: -596.694336
[00:00:00] [worker #1] ML tree search #10, logLikelihood: -596.694335
[00:00:00] [worker #4] ML tree search #13, logLikelihood: -596.694336
[00:00:00] [worker #5] ML tree search #14, logLikelihood: -596.694336
[00:00:00 -596.694337] SLOW spr round 2 (radius: 10)
[00:00:00 -596.694337] Model parameter optimization (eps = 0.100000)

[00:00:00] [worker #0] ML tree search #9, logLikelihood: -596.694335

[00:00:00 -828.228727] Initial branch length optimization
[00:00:00 -603.584819] Model parameter optimization (eps = 10.000000)
[00:00:00 -596.695392] AUTODETECT spr round 1 (radius: 5)
[00:00:00] [worker #2] ML tree search #19, logLikelihood: -596.694335
[00:00:00 -596.694388] SPR radius for FAST iterations: 5 (autodetect)
[00:00:00 -596.694388] Model parameter optimization (eps = 3.000000)
[00:00:00 -596.694336] FAST spr round 1 (radius: 5)
[00:00:00 -596.694335] Model parameter optimization (eps = 1.000000)
[00:00:00 -596.694335] SLOW spr round 1 (radius: 5)
[00:00:00] [worker #1] ML tree search #18, logLikelihood: -596.694335
[00:00:00 -596.694335] SLOW spr round 2 (radius: 10)
[00:00:00] [worker #3] ML tree search #20, logLikelihood: -596.694335
[00:00:00 -596.694335] Model parameter optimization (eps = 0.100000)

[00:00:00] [worker #0] ML tree search #17, logLikelihood: -596.694335


Optimized model parameters:

   Partition 0: noname
   Rate heterogeneity: NONE
   Base frequencies (ML): 0.259128 0.161583 0.308999 0.270291 
   Substitution rates (model): 1.000000 1.000000 1.000000 1.000000 1.000000 1.000000 


Final LogLikelihood: -596.694335

AIC score: 1233.388670 / AICc score: 1238.329847 / BIC score: 1298.434139
Free parameters (model + branch lengths): 20

WARNING: Best ML tree contains 3 near-zero branches!

Best ML tree with collapsed near-zero branches saved to: /home/fili/Documents/KIT/2023/BA/code/output/families/ssim_DL_s20_f100_sites200_GTR_bl1.0_d1.0_l1.0_t0.0_gc0.0_p0.0_pop10_ms0.0_mf0.0_seed42/families/family_049/misc/raxml_output.F81.raxml.bestTreeCollapsed
Best ML tree saved to: /home/fili/Documents/KIT/2023/BA/code/output/families/ssim_DL_s20_f100_sites200_GTR_bl1.0_d1.0_l1.0_t0.0_gc0.0_p0.0_pop10_ms0.0_mf0.0_seed42/families/family_049/misc/raxml_output.F81.raxml.bestTree
All ML trees saved to: /home/fili/Documents/KIT/2023/BA/code/output/families/ssim_DL_s20_f100_sites200_GTR_bl1.0_d1.0_l1.0_t0.0_gc0.0_p0.0_pop10_ms0.0_mf0.0_seed42/families/family_049/misc/raxml_output.F81.raxml.mlTrees
Optimized model saved to: /home/fili/Documents/KIT/2023/BA/code/output/families/ssim_DL_s20_f100_sites200_GTR_bl1.0_d1.0_l1.0_t0.0_gc0.0_p0.0_pop10_ms0.0_mf0.0_seed42/families/family_049/misc/raxml_output.F81.raxml.bestModel

Execution log saved to: /home/fili/Documents/KIT/2023/BA/code/output/families/ssim_DL_s20_f100_sites200_GTR_bl1.0_d1.0_l1.0_t0.0_gc0.0_p0.0_pop10_ms0.0_mf0.0_seed42/families/family_049/misc/raxml_output.F81.raxml.log

Analysis started: 27-Jun-2023 12:58:40 / finished: 27-Jun-2023 12:58:40

Elapsed time: 0.038 seconds

