
RAxML-NG v. 1.1.0 released on 29.11.2021 by The Exelixis Lab.
Developed by: Alexey M. Kozlov and Alexandros Stamatakis.
Contributors: Diego Darriba, Tomas Flouri, Benoit Morel, Sarah Lutteropp, Ben Bettisworth.
Latest version: https://github.com/amkozlov/raxml-ng
Questions/problems/suggestions? Please visit: https://groups.google.com/forum/#!forum/raxml

System: AMD Ryzen 7 5800X 8-Core Processor, 8 cores, 31 GB RAM

RAxML-NG was called at 05-Jun-2023 13:01:54 as follows:

/home/fili/Documents/KIT/2023/BA/resources/tools/RAxML-NG/raxml-ng --msa /home/fili/Documents/KIT/2023/BA/code/output/families/ssim_dtl_s20_f100_sites200_GTR_bl1.0_d0.0_l0.0_t1.0_gc0.0_p0.0_pop10_ms0.0_mf0.0_seed42/families/family_021/alignment.msa --model GTR+G --prefix /home/fili/Documents/KIT/2023/BA/code/output/families/ssim_dtl_s20_f100_sites200_GTR_bl1.0_d0.0_l0.0_t1.0_gc0.0_p0.0_pop10_ms0.0_mf0.0_seed42/families/family_021/misc/raxml_output.GTR+G

Analysis options:
  run mode: ML tree search
  start tree(s): random (10) + parsimony (10)
  random seed: 1685962914
  tip-inner: OFF
  pattern compression: ON
  per-rate scalers: OFF
  site repeats: ON
  fast spr radius: AUTO
  spr subtree cutoff: 1.000000
  branch lengths: proportional (ML estimate, algorithm: NR-FAST)
  SIMD kernels: AVX2
  parallelization: coarse-grained (auto), PTHREADS (auto)

[00:00:00] Reading alignment from file: /home/fili/Documents/KIT/2023/BA/code/output/families/ssim_dtl_s20_f100_sites200_GTR_bl1.0_d0.0_l0.0_t1.0_gc0.0_p0.0_pop10_ms0.0_mf0.0_seed42/families/family_021/alignment.msa
[00:00:00] Loaded alignment with 20 taxa and 191 sites

WARNING: Sequences 3_0_0 and 2_0_0 are exactly identical!
WARNING: Sequences 3_0_0 and 1_0_0 are exactly identical!
WARNING: Sequences 4_0_0 and 12_0_0 are exactly identical!
WARNING: Sequences 4_0_0 and 10_0_0 are exactly identical!
WARNING: Sequences 9_0_0 and 13_0_0 are exactly identical!
WARNING: Sequences 19_0_0 and 20_0_0 are exactly identical!
WARNING: Duplicate sequences found: 6

NOTE: Reduced alignment (with duplicates and gap-only sites/taxa removed) 
NOTE: was saved to: /home/fili/Documents/KIT/2023/BA/code/output/families/ssim_dtl_s20_f100_sites200_GTR_bl1.0_d0.0_l0.0_t1.0_gc0.0_p0.0_pop10_ms0.0_mf0.0_seed42/families/family_021/misc/raxml_output.GTR+G.raxml.reduced.phy

Alignment comprises 1 partitions and 70 patterns

Partition 0: noname
Model: GTR+FO+G4m
Alignment sites / patterns: 191 / 70
Gaps: 0.00 %
Invariant sites: 61.78 %


NOTE: Binary MSA file created: /home/fili/Documents/KIT/2023/BA/code/output/families/ssim_dtl_s20_f100_sites200_GTR_bl1.0_d0.0_l0.0_t1.0_gc0.0_p0.0_pop10_ms0.0_mf0.0_seed42/families/family_021/misc/raxml_output.GTR+G.raxml.rba

Parallelization scheme autoconfig: 8 worker(s) x 1 thread(s)

Parallel reduction/worker buffer size: 1 KB  / 0 KB

[00:00:00] Generating 10 random starting tree(s) with 20 taxa
[00:00:00] Generating 10 parsimony starting tree(s) with 20 taxa
[00:00:00] Data distribution: max. partitions/sites/weight per thread: 1 / 70 / 1120
[00:00:00] Data distribution: max. searches per worker: 3

Starting ML tree search with 20 distinct starting trees

[00:00:00 -1782.197598] Initial branch length optimization
[00:00:00 -1614.873347] Model parameter optimization (eps = 10.000000)
[00:00:00 -1323.525267] AUTODETECT spr round 1 (radius: 5)
[00:00:00 -839.381398] AUTODETECT spr round 2 (radius: 10)
[00:00:00 -839.375460] SPR radius for FAST iterations: 5 (autodetect)
[00:00:00 -839.375460] Model parameter optimization (eps = 3.000000)
[00:00:00 -830.847440] FAST spr round 1 (radius: 5)
[00:00:00 -822.691209] FAST spr round 2 (radius: 5)
[00:00:00 -822.691146] Model parameter optimization (eps = 1.000000)
[00:00:00 -822.298368] SLOW spr round 1 (radius: 5)
[00:00:00 -822.297935] SLOW spr round 2 (radius: 10)
[00:00:00] [worker #2] ML tree search #3, logLikelihood: -822.278817
[00:00:00] [worker #3] ML tree search #4, logLikelihood: -822.281196
[00:00:00 -822.297934] SLOW spr round 3 (radius: 15)
[00:00:00 -822.297934] SLOW spr round 4 (radius: 20)
[00:00:00] [worker #7] ML tree search #8, logLikelihood: -822.284197
[00:00:00 -822.297934] Model parameter optimization (eps = 0.100000)
[00:00:00] [worker #5] ML tree search #6, logLikelihood: -822.748866

[00:00:00] [worker #0] ML tree search #1, logLikelihood: -822.284120

[00:00:00 -1745.072396] Initial branch length optimization
[00:00:00 -1580.727902] Model parameter optimization (eps = 10.000000)
[00:00:00] [worker #4] ML tree search #5, logLikelihood: -822.273834
[00:00:00 -1328.851501] AUTODETECT spr round 1 (radius: 5)
[00:00:00 -829.175370] AUTODETECT spr round 2 (radius: 10)
[00:00:00] [worker #1] ML tree search #2, logLikelihood: -822.278962
[00:00:00 -829.165470] SPR radius for FAST iterations: 5 (autodetect)
[00:00:00 -829.165470] Model parameter optimization (eps = 3.000000)
[00:00:00 -822.419940] FAST spr round 1 (radius: 5)
[00:00:00 -822.291212] FAST spr round 2 (radius: 5)
[00:00:00] [worker #6] ML tree search #7, logLikelihood: -822.262670
[00:00:00 -822.291075] Model parameter optimization (eps = 1.000000)
[00:00:00 -822.262693] SLOW spr round 1 (radius: 5)
[00:00:00] [worker #3] ML tree search #12, logLikelihood: -822.554843
[00:00:00] [worker #7] ML tree search #16, logLikelihood: -822.555783
[00:00:00] [worker #5] ML tree search #14, logLikelihood: -822.555478
[00:00:00 -822.262590] SLOW spr round 2 (radius: 10)
[00:00:00] [worker #2] ML tree search #11, logLikelihood: -822.265686
[00:00:00] [worker #4] ML tree search #13, logLikelihood: -822.274858
[00:00:00 -822.262590] SLOW spr round 3 (radius: 15)
[00:00:00 -822.262590] SLOW spr round 4 (radius: 20)
[00:00:00 -822.262590] Model parameter optimization (eps = 0.100000)

[00:00:00] [worker #0] ML tree search #9, logLikelihood: -822.261471

[00:00:00 -1125.202397] Initial branch length optimization
[00:00:00 -905.851062] Model parameter optimization (eps = 10.000000)
[00:00:00 -823.169467] AUTODETECT spr round 1 (radius: 5)
[00:00:00 -822.341189] AUTODETECT spr round 2 (radius: 10)
[00:00:00] [worker #6] ML tree search #15, logLikelihood: -822.556335
[00:00:00 -822.340224] SPR radius for FAST iterations: 5 (autodetect)
[00:00:00 -822.340224] Model parameter optimization (eps = 3.000000)
[00:00:00 -822.264741] FAST spr round 1 (radius: 5)
[00:00:00 -822.264452] Model parameter optimization (eps = 1.000000)
[00:00:00 -822.263976] SLOW spr round 1 (radius: 5)
[00:00:00] [worker #1] ML tree search #10, logLikelihood: -822.280478
[00:00:00] [worker #3] ML tree search #20, logLikelihood: -822.262333
[00:00:00 -822.263971] SLOW spr round 2 (radius: 10)
[00:00:00] [worker #2] ML tree search #19, logLikelihood: -822.276881
[00:00:00 -822.263970] SLOW spr round 3 (radius: 15)
[00:00:00 -822.263970] SLOW spr round 4 (radius: 20)
[00:00:00 -822.263970] Model parameter optimization (eps = 0.100000)

[00:00:00] [worker #0] ML tree search #17, logLikelihood: -822.263963

[00:00:00] [worker #1] ML tree search #18, logLikelihood: -822.591657

Optimized model parameters:

   Partition 0: noname
   Rate heterogeneity: GAMMA (4 cats, mean),  alpha: 0.561439 (ML),  weights&rates: (0.250000,0.045265) (0.250000,0.290146) (0.250000,0.860295) (0.250000,2.804294) 
   Base frequencies (ML): 0.184414 0.251969 0.289436 0.274181 
   Substitution rates (ML): 55.021034 418.380539 23.339333 27.562324 102.812185 1.000000 


Final LogLikelihood: -822.261471

AIC score: 1736.522942 / AICc score: 1766.550720 / BIC score: 1886.127520
Free parameters (model + branch lengths): 46

WARNING: Best ML tree contains 4 near-zero branches!

Best ML tree with collapsed near-zero branches saved to: /home/fili/Documents/KIT/2023/BA/code/output/families/ssim_dtl_s20_f100_sites200_GTR_bl1.0_d0.0_l0.0_t1.0_gc0.0_p0.0_pop10_ms0.0_mf0.0_seed42/families/family_021/misc/raxml_output.GTR+G.raxml.bestTreeCollapsed
Best ML tree saved to: /home/fili/Documents/KIT/2023/BA/code/output/families/ssim_dtl_s20_f100_sites200_GTR_bl1.0_d0.0_l0.0_t1.0_gc0.0_p0.0_pop10_ms0.0_mf0.0_seed42/families/family_021/misc/raxml_output.GTR+G.raxml.bestTree
All ML trees saved to: /home/fili/Documents/KIT/2023/BA/code/output/families/ssim_dtl_s20_f100_sites200_GTR_bl1.0_d0.0_l0.0_t1.0_gc0.0_p0.0_pop10_ms0.0_mf0.0_seed42/families/family_021/misc/raxml_output.GTR+G.raxml.mlTrees
Optimized model saved to: /home/fili/Documents/KIT/2023/BA/code/output/families/ssim_dtl_s20_f100_sites200_GTR_bl1.0_d0.0_l0.0_t1.0_gc0.0_p0.0_pop10_ms0.0_mf0.0_seed42/families/family_021/misc/raxml_output.GTR+G.raxml.bestModel

Execution log saved to: /home/fili/Documents/KIT/2023/BA/code/output/families/ssim_dtl_s20_f100_sites200_GTR_bl1.0_d0.0_l0.0_t1.0_gc0.0_p0.0_pop10_ms0.0_mf0.0_seed42/families/family_021/misc/raxml_output.GTR+G.raxml.log

Analysis started: 05-Jun-2023 13:01:54 / finished: 05-Jun-2023 13:01:54

Elapsed time: 0.364 seconds

