
RAxML-NG v. 1.1.0 released on 29.11.2021 by The Exelixis Lab.
Developed by: Alexey M. Kozlov and Alexandros Stamatakis.
Contributors: Diego Darriba, Tomas Flouri, Benoit Morel, Sarah Lutteropp, Ben Bettisworth.
Latest version: https://github.com/amkozlov/raxml-ng
Questions/problems/suggestions? Please visit: https://groups.google.com/forum/#!forum/raxml

System: AMD Ryzen 7 5800X 8-Core Processor, 8 cores, 31 GB RAM

RAxML-NG was called at 27-Jun-2023 13:51:55 as follows:

/home/fili/Documents/KIT/2023/BA/resources/tools/RAxML-NG/raxml-ng --msa /home/fili/Documents/KIT/2023/BA/code/output/families/ssim_NE_s20_f100_sites200_GTR_bl1.0_d0.0_l0.0_t0.0_gc0.0_p0.0_pop10_ms0.0_mf0.0_seed14976684177860080345/families/family_086/alignment.msa --model F81 --prefix /home/fili/Documents/KIT/2023/BA/code/output/families/ssim_NE_s20_f100_sites200_GTR_bl1.0_d0.0_l0.0_t0.0_gc0.0_p0.0_pop10_ms0.0_mf0.0_seed14976684177860080345/families/family_086/misc/raxml_output.F81

Analysis options:
  run mode: ML tree search
  start tree(s): random (10) + parsimony (10)
  random seed: 1687866715
  tip-inner: OFF
  pattern compression: ON
  per-rate scalers: OFF
  site repeats: ON
  fast spr radius: AUTO
  spr subtree cutoff: 1.000000
  branch lengths: proportional (ML estimate, algorithm: NR-FAST)
  SIMD kernels: AVX2
  parallelization: coarse-grained (auto), PTHREADS (auto)

[00:00:00] Reading alignment from file: /home/fili/Documents/KIT/2023/BA/code/output/families/ssim_NE_s20_f100_sites200_GTR_bl1.0_d0.0_l0.0_t0.0_gc0.0_p0.0_pop10_ms0.0_mf0.0_seed14976684177860080345/families/family_086/alignment.msa
[00:00:00] Loaded alignment with 20 taxa and 198 sites

WARNING: Sequences 6_0_0 and 3_0_0 are exactly identical!
WARNING: Sequences 14_0_0 and 2_0_0 are exactly identical!
WARNING: Sequences 10_0_0 and 7_0_0 are exactly identical!
WARNING: Sequences 18_0_0 and 17_0_0 are exactly identical!
WARNING: Duplicate sequences found: 4

NOTE: Reduced alignment (with duplicates and gap-only sites/taxa removed) 
NOTE: was saved to: /home/fili/Documents/KIT/2023/BA/code/output/families/ssim_NE_s20_f100_sites200_GTR_bl1.0_d0.0_l0.0_t0.0_gc0.0_p0.0_pop10_ms0.0_mf0.0_seed14976684177860080345/families/family_086/misc/raxml_output.F81.raxml.reduced.phy

Alignment comprises 1 partitions and 81 patterns

Partition 0: noname
Model: F81+FO
Alignment sites / patterns: 198 / 81
Gaps: 0.00 %
Invariant sites: 48.99 %


NOTE: Binary MSA file created: /home/fili/Documents/KIT/2023/BA/code/output/families/ssim_NE_s20_f100_sites200_GTR_bl1.0_d0.0_l0.0_t0.0_gc0.0_p0.0_pop10_ms0.0_mf0.0_seed14976684177860080345/families/family_086/misc/raxml_output.F81.raxml.rba

Parallelization scheme autoconfig: 8 worker(s) x 1 thread(s)

Parallel reduction/worker buffer size: 1 KB  / 0 KB

[00:00:00] Generating 10 random starting tree(s) with 20 taxa
[00:00:00] Generating 10 parsimony starting tree(s) with 20 taxa
[00:00:00] Data distribution: max. partitions/sites/weight per thread: 1 / 81 / 324
[00:00:00] Data distribution: max. searches per worker: 3

Starting ML tree search with 20 distinct starting trees

[00:00:00 -2522.560447] Initial branch length optimization
[00:00:00 -2098.854941] Model parameter optimization (eps = 10.000000)
[00:00:00 -2000.263243] AUTODETECT spr round 1 (radius: 5)
[00:00:00 -1062.485070] AUTODETECT spr round 2 (radius: 10)
[00:00:00 -1058.792117] AUTODETECT spr round 3 (radius: 15)
[00:00:00 -1058.790305] SPR radius for FAST iterations: 10 (autodetect)
[00:00:00 -1058.790305] Model parameter optimization (eps = 3.000000)
[00:00:00 -1055.512518] FAST spr round 1 (radius: 10)
[00:00:00 -1019.102046] FAST spr round 2 (radius: 10)
[00:00:00 -1019.101990] Model parameter optimization (eps = 1.000000)
[00:00:00 -1018.903872] SLOW spr round 1 (radius: 5)
[00:00:00 -1018.903711] SLOW spr round 2 (radius: 10)
[00:00:00] [worker #4] ML tree search #5, logLikelihood: -1018.903670
[00:00:00] [worker #1] ML tree search #2, logLikelihood: -1018.903669
[00:00:00 -1018.903711] SLOW spr round 3 (radius: 15)
[00:00:00 -1018.903711] SLOW spr round 4 (radius: 20)
[00:00:00 -1018.903711] Model parameter optimization (eps = 0.100000)
[00:00:00] [worker #3] ML tree search #4, logLikelihood: -1018.903670
[00:00:00] [worker #2] ML tree search #3, logLikelihood: -1018.903672

[00:00:00] [worker #0] ML tree search #1, logLikelihood: -1018.903669

[00:00:00] [worker #7] ML tree search #8, logLikelihood: -1018.903670
[00:00:00] [worker #6] ML tree search #7, logLikelihood: -1018.903670
[00:00:00 -2778.791998] Initial branch length optimization
[00:00:00 -2481.414739] Model parameter optimization (eps = 10.000000)
[00:00:00 -2364.806640] AUTODETECT spr round 1 (radius: 5)
[00:00:00 -1048.509568] AUTODETECT spr round 2 (radius: 10)
[00:00:00] [worker #5] ML tree search #6, logLikelihood: -1018.903672
[00:00:00 -1048.328883] AUTODETECT spr round 3 (radius: 15)
[00:00:00 -1048.328565] SPR radius for FAST iterations: 10 (autodetect)
[00:00:00 -1048.328565] Model parameter optimization (eps = 3.000000)
[00:00:00 -1040.203197] FAST spr round 1 (radius: 10)
[00:00:00 -1026.057985] FAST spr round 2 (radius: 10)
[00:00:00] [worker #2] ML tree search #11, logLikelihood: -1018.903669
[00:00:00] [worker #3] ML tree search #12, logLikelihood: -1018.903668
[00:00:00 -1020.553567] FAST spr round 3 (radius: 10)
[00:00:00] [worker #6] ML tree search #15, logLikelihood: -1018.903670
[00:00:00 -1018.928434] FAST spr round 4 (radius: 10)
[00:00:00] [worker #1] ML tree search #10, logLikelihood: -1018.903672
[00:00:00] [worker #7] ML tree search #16, logLikelihood: -1018.903670
[00:00:00 -1018.928417] Model parameter optimization (eps = 1.000000)
[00:00:00 -1018.903688] SLOW spr round 1 (radius: 5)
[00:00:00] [worker #5] ML tree search #14, logLikelihood: -1018.903673
[00:00:00] [worker #4] ML tree search #13, logLikelihood: -1018.903670
[00:00:00 -1018.903679] SLOW spr round 2 (radius: 10)
[00:00:00] [worker #2] ML tree search #19, logLikelihood: -1018.903672
[00:00:00 -1018.903679] SLOW spr round 3 (radius: 15)
[00:00:00] [worker #3] ML tree search #20, logLikelihood: -1018.903671
[00:00:00 -1018.903679] SLOW spr round 4 (radius: 20)
[00:00:00 -1018.903679] Model parameter optimization (eps = 0.100000)

[00:00:00] [worker #0] ML tree search #9, logLikelihood: -1018.903669

[00:00:00] [worker #1] ML tree search #18, logLikelihood: -1018.903669
[00:00:00 -1504.111659] Initial branch length optimization
[00:00:00 -1051.379604] Model parameter optimization (eps = 10.000000)
[00:00:00 -1019.341418] AUTODETECT spr round 1 (radius: 5)
[00:00:00 -1019.156809] AUTODETECT spr round 2 (radius: 10)
[00:00:00 -1019.148397] SPR radius for FAST iterations: 5 (autodetect)
[00:00:00 -1019.148397] Model parameter optimization (eps = 3.000000)
[00:00:00 -1019.145144] FAST spr round 1 (radius: 5)
[00:00:00 -1019.144974] Model parameter optimization (eps = 1.000000)
[00:00:00 -1019.144972] SLOW spr round 1 (radius: 5)
[00:00:00 -1018.910035] SLOW spr round 2 (radius: 5)
[00:00:00 -1018.910033] SLOW spr round 3 (radius: 10)
[00:00:00 -1018.910033] SLOW spr round 4 (radius: 15)
[00:00:00 -1018.910033] SLOW spr round 5 (radius: 20)
[00:00:00 -1018.910033] Model parameter optimization (eps = 0.100000)

[00:00:00] [worker #0] ML tree search #17, logLikelihood: -1018.903671


Optimized model parameters:

   Partition 0: noname
   Rate heterogeneity: NONE
   Base frequencies (ML): 0.333570 0.116585 0.360889 0.188957 
   Substitution rates (model): 1.000000 1.000000 1.000000 1.000000 1.000000 1.000000 


Final LogLikelihood: -1018.903668

AIC score: 2117.807337 / AICc score: 2138.699056 / BIC score: 2249.338018
Free parameters (model + branch lengths): 40

WARNING: Best ML tree contains 5 near-zero branches!

Best ML tree with collapsed near-zero branches saved to: /home/fili/Documents/KIT/2023/BA/code/output/families/ssim_NE_s20_f100_sites200_GTR_bl1.0_d0.0_l0.0_t0.0_gc0.0_p0.0_pop10_ms0.0_mf0.0_seed14976684177860080345/families/family_086/misc/raxml_output.F81.raxml.bestTreeCollapsed
Best ML tree saved to: /home/fili/Documents/KIT/2023/BA/code/output/families/ssim_NE_s20_f100_sites200_GTR_bl1.0_d0.0_l0.0_t0.0_gc0.0_p0.0_pop10_ms0.0_mf0.0_seed14976684177860080345/families/family_086/misc/raxml_output.F81.raxml.bestTree
All ML trees saved to: /home/fili/Documents/KIT/2023/BA/code/output/families/ssim_NE_s20_f100_sites200_GTR_bl1.0_d0.0_l0.0_t0.0_gc0.0_p0.0_pop10_ms0.0_mf0.0_seed14976684177860080345/families/family_086/misc/raxml_output.F81.raxml.mlTrees
Optimized model saved to: /home/fili/Documents/KIT/2023/BA/code/output/families/ssim_NE_s20_f100_sites200_GTR_bl1.0_d0.0_l0.0_t0.0_gc0.0_p0.0_pop10_ms0.0_mf0.0_seed14976684177860080345/families/family_086/misc/raxml_output.F81.raxml.bestModel

Execution log saved to: /home/fili/Documents/KIT/2023/BA/code/output/families/ssim_NE_s20_f100_sites200_GTR_bl1.0_d0.0_l0.0_t0.0_gc0.0_p0.0_pop10_ms0.0_mf0.0_seed14976684177860080345/families/family_086/misc/raxml_output.F81.raxml.log

Analysis started: 27-Jun-2023 13:51:55 / finished: 27-Jun-2023 13:51:56

Elapsed time: 0.247 seconds

