
RAxML-NG v. 1.1.0 released on 29.11.2021 by The Exelixis Lab.
Developed by: Alexey M. Kozlov and Alexandros Stamatakis.
Contributors: Diego Darriba, Tomas Flouri, Benoit Morel, Sarah Lutteropp, Ben Bettisworth.
Latest version: https://github.com/amkozlov/raxml-ng
Questions/problems/suggestions? Please visit: https://groups.google.com/forum/#!forum/raxml

System: AMD Ryzen 7 5800X 8-Core Processor, 8 cores, 31 GB RAM

RAxML-NG was called at 27-Jun-2023 13:01:32 as follows:

/home/fili/Documents/KIT/2023/BA/resources/tools/RAxML-NG/raxml-ng --msa /home/fili/Documents/KIT/2023/BA/code/output/families/ssim_DL_s20_f100_sites200_GTR_bl1.0_d1.0_l1.0_t0.0_gc0.0_p0.0_pop10_ms0.0_mf0.0_seed1007/families/family_093/alignment.msa --model F81 --prefix /home/fili/Documents/KIT/2023/BA/code/output/families/ssim_DL_s20_f100_sites200_GTR_bl1.0_d1.0_l1.0_t0.0_gc0.0_p0.0_pop10_ms0.0_mf0.0_seed1007/families/family_093/misc/raxml_output.F81

Analysis options:
  run mode: ML tree search
  start tree(s): random (10) + parsimony (10)
  random seed: 1687863692
  tip-inner: OFF
  pattern compression: ON
  per-rate scalers: OFF
  site repeats: ON
  fast spr radius: AUTO
  spr subtree cutoff: 1.000000
  branch lengths: proportional (ML estimate, algorithm: NR-FAST)
  SIMD kernels: AVX2
  parallelization: coarse-grained (auto), PTHREADS (auto)

[00:00:00] Reading alignment from file: /home/fili/Documents/KIT/2023/BA/code/output/families/ssim_DL_s20_f100_sites200_GTR_bl1.0_d1.0_l1.0_t0.0_gc0.0_p0.0_pop10_ms0.0_mf0.0_seed1007/families/family_093/alignment.msa
[00:00:00] Loaded alignment with 10 taxa and 125 sites

Alignment comprises 1 partitions and 47 patterns

Partition 0: noname
Model: F81+FO
Alignment sites / patterns: 125 / 47
Gaps: 0.00 %
Invariant sites: 60.00 %


NOTE: Binary MSA file created: /home/fili/Documents/KIT/2023/BA/code/output/families/ssim_DL_s20_f100_sites200_GTR_bl1.0_d1.0_l1.0_t0.0_gc0.0_p0.0_pop10_ms0.0_mf0.0_seed1007/families/family_093/misc/raxml_output.F81.raxml.rba

Parallelization scheme autoconfig: 8 worker(s) x 1 thread(s)

Parallel reduction/worker buffer size: 1 KB  / 0 KB

[00:00:00] Generating 10 random starting tree(s) with 10 taxa
[00:00:00] Generating 10 parsimony starting tree(s) with 10 taxa
[00:00:00] Data distribution: max. partitions/sites/weight per thread: 1 / 47 / 188
[00:00:00] Data distribution: max. searches per worker: 3

Starting ML tree search with 20 distinct starting trees

[00:00:00 -735.460836] Initial branch length optimization
[00:00:00 -668.471626] Model parameter optimization (eps = 10.000000)
[00:00:00 -665.491493] AUTODETECT spr round 1 (radius: 5)
[00:00:00 -525.998992] AUTODETECT spr round 2 (radius: 10)
[00:00:00 -525.998853] SPR radius for FAST iterations: 5 (autodetect)
[00:00:00 -525.998853] Model parameter optimization (eps = 3.000000)
[00:00:00 -525.977047] FAST spr round 1 (radius: 5)
[00:00:00 -525.260059] FAST spr round 2 (radius: 5)
[00:00:00 -525.260059] Model parameter optimization (eps = 1.000000)
[00:00:00 -525.252809] SLOW spr round 1 (radius: 5)
[00:00:00] [worker #1] ML tree search #2, logLikelihood: -525.252809
[00:00:00] [worker #3] ML tree search #4, logLikelihood: -525.252809
[00:00:00] [worker #4] ML tree search #5, logLikelihood: -525.252809
[00:00:00 -525.252809] SLOW spr round 2 (radius: 10)
[00:00:00 -525.252809] Model parameter optimization (eps = 0.100000)
[00:00:00] [worker #5] ML tree search #6, logLikelihood: -525.252809

[00:00:00] [worker #0] ML tree search #1, logLikelihood: -525.252809

[00:00:00] [worker #2] ML tree search #3, logLikelihood: -525.252809
[00:00:00] [worker #7] ML tree search #8, logLikelihood: -525.252809
[00:00:00 -718.558694] Initial branch length optimization
[00:00:00 -640.486716] Model parameter optimization (eps = 10.000000)
[00:00:00 -636.857429] AUTODETECT spr round 1 (radius: 5)
[00:00:00 -529.666927] AUTODETECT spr round 2 (radius: 10)
[00:00:00 -529.666871] SPR radius for FAST iterations: 5 (autodetect)
[00:00:00 -529.666871] Model parameter optimization (eps = 3.000000)
[00:00:00 -529.615424] FAST spr round 1 (radius: 5)
[00:00:00] [worker #6] ML tree search #7, logLikelihood: -525.252809
[00:00:00 -525.280287] FAST spr round 2 (radius: 5)
[00:00:00] [worker #1] ML tree search #10, logLikelihood: -525.252809
[00:00:00 -525.280284] Model parameter optimization (eps = 1.000000)
[00:00:00 -525.252816] SLOW spr round 1 (radius: 5)
[00:00:00] [worker #3] ML tree search #12, logLikelihood: -525.252809
[00:00:00] [worker #5] ML tree search #14, logLikelihood: -525.252809
[00:00:00] [worker #4] ML tree search #13, logLikelihood: -525.252809
[00:00:00 -525.252810] SLOW spr round 2 (radius: 10)
[00:00:00] [worker #2] ML tree search #11, logLikelihood: -525.252809
[00:00:00 -525.252810] Model parameter optimization (eps = 0.100000)

[00:00:00] [worker #0] ML tree search #9, logLikelihood: -525.252809

[00:00:00 -607.001753] Initial branch length optimization
[00:00:00 -527.671139] Model parameter optimization (eps = 10.000000)
[00:00:00 -525.646296] AUTODETECT spr round 1 (radius: 5)
[00:00:00 -525.273354] AUTODETECT spr round 2 (radius: 10)
[00:00:00 -525.273354] SPR radius for FAST iterations: 5 (autodetect)
[00:00:00 -525.273354] Model parameter optimization (eps = 3.000000)
[00:00:00 -525.252818] FAST spr round 1 (radius: 5)
[00:00:00 -525.252812] Model parameter optimization (eps = 1.000000)
[00:00:00 -525.252810] SLOW spr round 1 (radius: 5)
[00:00:00] [worker #3] ML tree search #20, logLikelihood: -525.252809
[00:00:00] [worker #1] ML tree search #18, logLikelihood: -525.252809
[00:00:00] [worker #6] ML tree search #15, logLikelihood: -525.252809
[00:00:00] [worker #7] ML tree search #16, logLikelihood: -525.252809
[00:00:00 -525.252810] SLOW spr round 2 (radius: 10)
[00:00:00 -525.252810] Model parameter optimization (eps = 0.100000)

[00:00:00] [worker #0] ML tree search #17, logLikelihood: -525.252809

[00:00:00] [worker #2] ML tree search #19, logLikelihood: -525.252809

Optimized model parameters:

   Partition 0: noname
   Rate heterogeneity: NONE
   Base frequencies (ML): 0.232828 0.259592 0.305146 0.202434 
   Substitution rates (model): 1.000000 1.000000 1.000000 1.000000 1.000000 1.000000 


Final LogLikelihood: -525.252809

AIC score: 1090.505618 / AICc score: 1098.582541 / BIC score: 1147.071892
Free parameters (model + branch lengths): 20

Best ML tree saved to: /home/fili/Documents/KIT/2023/BA/code/output/families/ssim_DL_s20_f100_sites200_GTR_bl1.0_d1.0_l1.0_t0.0_gc0.0_p0.0_pop10_ms0.0_mf0.0_seed1007/families/family_093/misc/raxml_output.F81.raxml.bestTree
All ML trees saved to: /home/fili/Documents/KIT/2023/BA/code/output/families/ssim_DL_s20_f100_sites200_GTR_bl1.0_d1.0_l1.0_t0.0_gc0.0_p0.0_pop10_ms0.0_mf0.0_seed1007/families/family_093/misc/raxml_output.F81.raxml.mlTrees
Optimized model saved to: /home/fili/Documents/KIT/2023/BA/code/output/families/ssim_DL_s20_f100_sites200_GTR_bl1.0_d1.0_l1.0_t0.0_gc0.0_p0.0_pop10_ms0.0_mf0.0_seed1007/families/family_093/misc/raxml_output.F81.raxml.bestModel

Execution log saved to: /home/fili/Documents/KIT/2023/BA/code/output/families/ssim_DL_s20_f100_sites200_GTR_bl1.0_d1.0_l1.0_t0.0_gc0.0_p0.0_pop10_ms0.0_mf0.0_seed1007/families/family_093/misc/raxml_output.F81.raxml.log

Analysis started: 27-Jun-2023 13:01:32 / finished: 27-Jun-2023 13:01:32

Elapsed time: 0.066 seconds

