
RAxML-NG v. 1.1.0 released on 29.11.2021 by The Exelixis Lab.
Developed by: Alexey M. Kozlov and Alexandros Stamatakis.
Contributors: Diego Darriba, Tomas Flouri, Benoit Morel, Sarah Lutteropp, Ben Bettisworth.
Latest version: https://github.com/amkozlov/raxml-ng
Questions/problems/suggestions? Please visit: https://groups.google.com/forum/#!forum/raxml

System: AMD Ryzen 7 5800X 8-Core Processor, 8 cores, 31 GB RAM

RAxML-NG was called at 27-Jun-2023 13:41:46 as follows:

/home/fili/Documents/KIT/2023/BA/resources/tools/RAxML-NG/raxml-ng --msa /home/fili/Documents/KIT/2023/BA/code/output/families/ssim_DL_s20_f100_sites200_GTR_bl1.0_d1.0_l1.0_t0.0_gc0.0_p0.0_pop10_ms0.0_mf0.0_seed121873/families/family_095/alignment.msa --model F81 --prefix /home/fili/Documents/KIT/2023/BA/code/output/families/ssim_DL_s20_f100_sites200_GTR_bl1.0_d1.0_l1.0_t0.0_gc0.0_p0.0_pop10_ms0.0_mf0.0_seed121873/families/family_095/misc/raxml_output.F81

Analysis options:
  run mode: ML tree search
  start tree(s): random (10) + parsimony (10)
  random seed: 1687866106
  tip-inner: OFF
  pattern compression: ON
  per-rate scalers: OFF
  site repeats: ON
  fast spr radius: AUTO
  spr subtree cutoff: 1.000000
  branch lengths: proportional (ML estimate, algorithm: NR-FAST)
  SIMD kernels: AVX2
  parallelization: coarse-grained (auto), PTHREADS (auto)

[00:00:00] Reading alignment from file: /home/fili/Documents/KIT/2023/BA/code/output/families/ssim_DL_s20_f100_sites200_GTR_bl1.0_d1.0_l1.0_t0.0_gc0.0_p0.0_pop10_ms0.0_mf0.0_seed121873/families/family_095/alignment.msa
[00:00:00] Loaded alignment with 34 taxa and 157 sites

WARNING: Sequences 2_0_0 and 12_0_0 are exactly identical!
WARNING: Sequences 13_4_0 and 19_4_0 are exactly identical!
WARNING: Duplicate sequences found: 2

NOTE: Reduced alignment (with duplicates and gap-only sites/taxa removed) 
NOTE: was saved to: /home/fili/Documents/KIT/2023/BA/code/output/families/ssim_DL_s20_f100_sites200_GTR_bl1.0_d1.0_l1.0_t0.0_gc0.0_p0.0_pop10_ms0.0_mf0.0_seed121873/families/family_095/misc/raxml_output.F81.raxml.reduced.phy

Alignment comprises 1 partitions and 105 patterns

Partition 0: noname
Model: F81+FO
Alignment sites / patterns: 157 / 105
Gaps: 0.00 %
Invariant sites: 35.03 %


NOTE: Binary MSA file created: /home/fili/Documents/KIT/2023/BA/code/output/families/ssim_DL_s20_f100_sites200_GTR_bl1.0_d1.0_l1.0_t0.0_gc0.0_p0.0_pop10_ms0.0_mf0.0_seed121873/families/family_095/misc/raxml_output.F81.raxml.rba

Parallelization scheme autoconfig: 8 worker(s) x 1 thread(s)

Parallel reduction/worker buffer size: 1 KB  / 0 KB

[00:00:00] Generating 10 random starting tree(s) with 34 taxa
[00:00:00] Generating 10 parsimony starting tree(s) with 34 taxa
[00:00:00] Data distribution: max. partitions/sites/weight per thread: 1 / 105 / 420
[00:00:00] Data distribution: max. searches per worker: 3

Starting ML tree search with 20 distinct starting trees

[00:00:00 -3806.975979] Initial branch length optimization
[00:00:00 -3478.034069] Model parameter optimization (eps = 10.000000)
[00:00:00 -3368.834549] AUTODETECT spr round 1 (radius: 5)
[00:00:00 -1977.048057] AUTODETECT spr round 2 (radius: 10)
[00:00:00 -1977.047218] SPR radius for FAST iterations: 5 (autodetect)
[00:00:00 -1977.047218] Model parameter optimization (eps = 3.000000)
[00:00:00 -1976.577226] FAST spr round 1 (radius: 5)
[00:00:00 -1945.113015] FAST spr round 2 (radius: 5)
[00:00:00 -1939.335095] FAST spr round 3 (radius: 5)
[00:00:00 -1939.335071] Model parameter optimization (eps = 1.000000)
[00:00:00 -1938.906578] SLOW spr round 1 (radius: 5)
[00:00:00 -1938.905856] SLOW spr round 2 (radius: 10)
[00:00:00 -1938.905855] SLOW spr round 3 (radius: 15)
[00:00:00] [worker #3] ML tree search #4, logLikelihood: -1938.173327
[00:00:00 -1938.905855] SLOW spr round 4 (radius: 20)
[00:00:00 -1938.905855] SLOW spr round 5 (radius: 25)
[00:00:00 -1938.905855] Model parameter optimization (eps = 0.100000)

[00:00:00] [worker #0] ML tree search #1, logLikelihood: -1938.905044

[00:00:00] [worker #4] ML tree search #5, logLikelihood: -1938.905045
[00:00:00 -3834.406767] Initial branch length optimization
[00:00:00 -3547.572496] Model parameter optimization (eps = 10.000000)
[00:00:00] [worker #2] ML tree search #3, logLikelihood: -1938.905042
[00:00:00] [worker #7] ML tree search #8, logLikelihood: -1938.905040
[00:00:00] [worker #5] ML tree search #6, logLikelihood: -1938.173328
[00:00:00 -3445.298342] AUTODETECT spr round 1 (radius: 5)
[00:00:00 -2059.476793] AUTODETECT spr round 2 (radius: 10)
[00:00:00] [worker #6] ML tree search #7, logLikelihood: -1938.905042
[00:00:00 -1999.308019] AUTODETECT spr round 3 (radius: 15)
[00:00:00 -1999.307956] SPR radius for FAST iterations: 10 (autodetect)
[00:00:00 -1999.307956] Model parameter optimization (eps = 3.000000)
[00:00:00 -1993.964859] FAST spr round 1 (radius: 10)
[00:00:00] [worker #1] ML tree search #2, logLikelihood: -1938.173325
[00:00:00 -1971.426487] FAST spr round 2 (radius: 10)
[00:00:00 -1939.544595] FAST spr round 3 (radius: 10)
[00:00:00 -1939.093260] FAST spr round 4 (radius: 10)
[00:00:00 -1939.093197] Model parameter optimization (eps = 1.000000)
[00:00:00 -1938.175582] SLOW spr round 1 (radius: 5)
[00:00:00] [worker #3] ML tree search #12, logLikelihood: -1939.051721
[00:00:00 -1938.174242] SLOW spr round 2 (radius: 10)
[00:00:00] [worker #4] ML tree search #13, logLikelihood: -1938.905040
[00:00:00 -1938.174237] SLOW spr round 3 (radius: 15)
[00:00:00 -1938.174237] SLOW spr round 4 (radius: 20)
[00:00:00 -1938.174237] SLOW spr round 5 (radius: 25)
[00:00:00 -1938.174237] Model parameter optimization (eps = 0.100000)
[00:00:00] [worker #5] ML tree search #14, logLikelihood: -1938.173325

[00:00:00] [worker #0] ML tree search #9, logLikelihood: -1938.173328

[00:00:00 -2395.149682] Initial branch length optimization
[00:00:00 -2012.171871] Model parameter optimization (eps = 10.000000)
[00:00:00 -1950.985090] AUTODETECT spr round 1 (radius: 5)
[00:00:00] [worker #2] ML tree search #11, logLikelihood: -1938.173329
[00:00:00 -1940.932551] AUTODETECT spr round 2 (radius: 10)
[00:00:00 -1940.932525] SPR radius for FAST iterations: 5 (autodetect)
[00:00:00 -1940.932525] Model parameter optimization (eps = 3.000000)
[00:00:00 -1940.887515] FAST spr round 1 (radius: 5)
[00:00:00] [worker #6] ML tree search #15, logLikelihood: -1938.173327
[00:00:00 -1940.726377] FAST spr round 2 (radius: 5)
[00:00:00] [worker #1] ML tree search #10, logLikelihood: -1938.173330
[00:00:00] [worker #7] ML tree search #16, logLikelihood: -1938.173325
[00:00:00 -1938.910232] FAST spr round 3 (radius: 5)
[00:00:00] [worker #3] ML tree search #20, logLikelihood: -1938.173326
[00:00:00 -1938.909993] Model parameter optimization (eps = 1.000000)
[00:00:00 -1938.905053] SLOW spr round 1 (radius: 5)
[00:00:00 -1938.905048] SLOW spr round 2 (radius: 10)
[00:00:00 -1938.905048] SLOW spr round 3 (radius: 15)
[00:00:00] [worker #2] ML tree search #19, logLikelihood: -1938.173327
[00:00:00 -1938.905048] SLOW spr round 4 (radius: 20)
[00:00:00 -1938.905048] SLOW spr round 5 (radius: 25)
[00:00:00 -1938.905048] Model parameter optimization (eps = 0.100000)

[00:00:00] [worker #0] ML tree search #17, logLikelihood: -1938.905039

[00:00:00] [worker #1] ML tree search #18, logLikelihood: -1938.905042

Optimized model parameters:

   Partition 0: noname
   Rate heterogeneity: NONE
   Base frequencies (ML): 0.341699 0.112513 0.384507 0.161281 
   Substitution rates (model): 1.000000 1.000000 1.000000 1.000000 1.000000 1.000000 


Final LogLikelihood: -1938.173325

AIC score: 4012.346650 / AICc score: 4118.983014 / BIC score: 4220.171365
Free parameters (model + branch lengths): 68

Best ML tree saved to: /home/fili/Documents/KIT/2023/BA/code/output/families/ssim_DL_s20_f100_sites200_GTR_bl1.0_d1.0_l1.0_t0.0_gc0.0_p0.0_pop10_ms0.0_mf0.0_seed121873/families/family_095/misc/raxml_output.F81.raxml.bestTree
All ML trees saved to: /home/fili/Documents/KIT/2023/BA/code/output/families/ssim_DL_s20_f100_sites200_GTR_bl1.0_d1.0_l1.0_t0.0_gc0.0_p0.0_pop10_ms0.0_mf0.0_seed121873/families/family_095/misc/raxml_output.F81.raxml.mlTrees
Optimized model saved to: /home/fili/Documents/KIT/2023/BA/code/output/families/ssim_DL_s20_f100_sites200_GTR_bl1.0_d1.0_l1.0_t0.0_gc0.0_p0.0_pop10_ms0.0_mf0.0_seed121873/families/family_095/misc/raxml_output.F81.raxml.bestModel

Execution log saved to: /home/fili/Documents/KIT/2023/BA/code/output/families/ssim_DL_s20_f100_sites200_GTR_bl1.0_d1.0_l1.0_t0.0_gc0.0_p0.0_pop10_ms0.0_mf0.0_seed121873/families/family_095/misc/raxml_output.F81.raxml.log

Analysis started: 27-Jun-2023 13:41:46 / finished: 27-Jun-2023 13:41:47

Elapsed time: 0.535 seconds

