
RAxML-NG v. 1.1.0 released on 29.11.2021 by The Exelixis Lab.
Developed by: Alexey M. Kozlov and Alexandros Stamatakis.
Contributors: Diego Darriba, Tomas Flouri, Benoit Morel, Sarah Lutteropp, Ben Bettisworth.
Latest version: https://github.com/amkozlov/raxml-ng
Questions/problems/suggestions? Please visit: https://groups.google.com/forum/#!forum/raxml

System: AMD Ryzen 7 5800X 8-Core Processor, 8 cores, 31 GB RAM

RAxML-NG was called at 12-Jun-2023 12:38:41 as follows:

/home/fili/Documents/KIT/2023/BA/resources/tools/RAxML-NG/raxml-ng --msa /home/fili/Documents/KIT/2023/BA/code/output/families/ssim_dtl_s20_f100_sites200_GTR_bl1.0_d0.0_l0.0_t1.0_gc0.0_p0.0_pop10_ms0.0_mf0.0_seed42/families/family_017/alignment.msa --model F81 --prefix /home/fili/Documents/KIT/2023/BA/code/output/families/ssim_dtl_s20_f100_sites200_GTR_bl1.0_d0.0_l0.0_t1.0_gc0.0_p0.0_pop10_ms0.0_mf0.0_seed42/families/family_017/misc/raxml_output.F81

Analysis options:
  run mode: ML tree search
  start tree(s): random (10) + parsimony (10)
  random seed: 1686566321
  tip-inner: OFF
  pattern compression: ON
  per-rate scalers: OFF
  site repeats: ON
  fast spr radius: AUTO
  spr subtree cutoff: 1.000000
  branch lengths: proportional (ML estimate, algorithm: NR-FAST)
  SIMD kernels: AVX2
  parallelization: coarse-grained (auto), PTHREADS (auto)

[00:00:00] Reading alignment from file: /home/fili/Documents/KIT/2023/BA/code/output/families/ssim_dtl_s20_f100_sites200_GTR_bl1.0_d0.0_l0.0_t1.0_gc0.0_p0.0_pop10_ms0.0_mf0.0_seed42/families/family_017/alignment.msa
[00:00:00] Loaded alignment with 20 taxa and 204 sites

Alignment comprises 1 partitions and 115 patterns

Partition 0: noname
Model: F81+FO
Alignment sites / patterns: 204 / 115
Gaps: 0.00 %
Invariant sites: 35.29 %


NOTE: Binary MSA file created: /home/fili/Documents/KIT/2023/BA/code/output/families/ssim_dtl_s20_f100_sites200_GTR_bl1.0_d0.0_l0.0_t1.0_gc0.0_p0.0_pop10_ms0.0_mf0.0_seed42/families/family_017/misc/raxml_output.F81.raxml.rba

Parallelization scheme autoconfig: 8 worker(s) x 1 thread(s)

Parallel reduction/worker buffer size: 1 KB  / 0 KB

[00:00:00] Generating 10 random starting tree(s) with 20 taxa
[00:00:00] Generating 10 parsimony starting tree(s) with 20 taxa
[00:00:00] Data distribution: max. partitions/sites/weight per thread: 1 / 115 / 460
[00:00:00] Data distribution: max. searches per worker: 3

Starting ML tree search with 20 distinct starting trees

[00:00:00 -3158.014291] Initial branch length optimization
[00:00:00 -2826.495942] Model parameter optimization (eps = 10.000000)
[00:00:00 -2703.611452] AUTODETECT spr round 1 (radius: 5)
[00:00:00 -1479.373909] AUTODETECT spr round 2 (radius: 10)
[00:00:00 -1479.373908] SPR radius for FAST iterations: 5 (autodetect)
[00:00:00 -1479.373908] Model parameter optimization (eps = 3.000000)
[00:00:00 -1475.435645] FAST spr round 1 (radius: 5)
[00:00:00 -1459.912056] FAST spr round 2 (radius: 5)
[00:00:00 -1451.977013] FAST spr round 3 (radius: 5)
[00:00:00 -1451.976930] Model parameter optimization (eps = 1.000000)
[00:00:00 -1451.470820] SLOW spr round 1 (radius: 5)
[00:00:00 -1451.470748] SLOW spr round 2 (radius: 10)
[00:00:00] [worker #3] ML tree search #4, logLikelihood: -1451.470343
[00:00:00] [worker #5] ML tree search #6, logLikelihood: -1451.470343
[00:00:00 -1451.470748] SLOW spr round 3 (radius: 15)
[00:00:00 -1451.470748] SLOW spr round 4 (radius: 20)
[00:00:00 -1451.470748] Model parameter optimization (eps = 0.100000)

[00:00:00] [worker #0] ML tree search #1, logLikelihood: -1451.470343

[00:00:00 -3100.143053] Initial branch length optimization
[00:00:00 -2788.879896] Model parameter optimization (eps = 10.000000)
[00:00:00 -2669.937472] AUTODETECT spr round 1 (radius: 5)
[00:00:00 -1468.809546] AUTODETECT spr round 2 (radius: 10)
[00:00:00 -1468.809433] SPR radius for FAST iterations: 5 (autodetect)
[00:00:00 -1468.809433] Model parameter optimization (eps = 3.000000)
[00:00:00 -1463.467360] FAST spr round 1 (radius: 5)
[00:00:00] [worker #6] ML tree search #7, logLikelihood: -1451.470343
[00:00:00] [worker #7] ML tree search #8, logLikelihood: -1451.470342
[00:00:00] [worker #2] ML tree search #3, logLikelihood: -1451.470356
[00:00:00] [worker #1] ML tree search #2, logLikelihood: -1451.470343
[00:00:00 -1451.571639] FAST spr round 2 (radius: 5)
[00:00:00] [worker #4] ML tree search #5, logLikelihood: -1451.470342
[00:00:00 -1451.571576] Model parameter optimization (eps = 1.000000)
[00:00:00 -1451.470472] SLOW spr round 1 (radius: 5)
[00:00:00 -1451.470376] SLOW spr round 2 (radius: 10)
[00:00:00] [worker #5] ML tree search #14, logLikelihood: -1451.470342
[00:00:00] [worker #3] ML tree search #12, logLikelihood: -1451.470342
[00:00:00 -1451.470376] SLOW spr round 3 (radius: 15)
[00:00:00 -1451.470376] SLOW spr round 4 (radius: 20)
[00:00:00 -1451.470376] Model parameter optimization (eps = 0.100000)

[00:00:00] [worker #0] ML tree search #9, logLikelihood: -1451.470342

[00:00:00 -1854.328745] Initial branch length optimization
[00:00:00 -1495.634228] Model parameter optimization (eps = 10.000000)
[00:00:00 -1451.594077] AUTODETECT spr round 1 (radius: 5)
[00:00:00] [worker #6] ML tree search #15, logLikelihood: -1451.470342
[00:00:00 -1451.476480] AUTODETECT spr round 2 (radius: 10)
[00:00:00 -1451.476475] SPR radius for FAST iterations: 5 (autodetect)
[00:00:00 -1451.476475] Model parameter optimization (eps = 3.000000)
[00:00:00 -1451.470363] FAST spr round 1 (radius: 5)
[00:00:00 -1451.470354] Model parameter optimization (eps = 1.000000)
[00:00:00 -1451.470353] SLOW spr round 1 (radius: 5)
[00:00:00] [worker #4] ML tree search #13, logLikelihood: -1451.470342
[00:00:00] [worker #7] ML tree search #16, logLikelihood: -1451.470342
[00:00:00 -1451.470342] SLOW spr round 2 (radius: 10)
[00:00:00] [worker #2] ML tree search #11, logLikelihood: -1451.470342
[00:00:00 -1451.470342] SLOW spr round 3 (radius: 15)
[00:00:00 -1451.470342] SLOW spr round 4 (radius: 20)
[00:00:00 -1451.470342] Model parameter optimization (eps = 0.100000)

[00:00:00] [worker #0] ML tree search #17, logLikelihood: -1451.470342

[00:00:00] [worker #1] ML tree search #10, logLikelihood: -1451.470343
[00:00:00] [worker #3] ML tree search #20, logLikelihood: -1451.470342
[00:00:00] [worker #2] ML tree search #19, logLikelihood: -1451.470342
[00:00:00] [worker #1] ML tree search #18, logLikelihood: -1451.470342

Optimized model parameters:

   Partition 0: noname
   Rate heterogeneity: NONE
   Base frequencies (ML): 0.395360 0.126742 0.308627 0.169271 
   Substitution rates (model): 1.000000 1.000000 1.000000 1.000000 1.000000 1.000000 


Final LogLikelihood: -1451.470342

AIC score: 2982.940683 / AICc score: 3003.063382 / BIC score: 3115.665483
Free parameters (model + branch lengths): 40

WARNING: Best ML tree contains 1 near-zero branches!

Best ML tree with collapsed near-zero branches saved to: /home/fili/Documents/KIT/2023/BA/code/output/families/ssim_dtl_s20_f100_sites200_GTR_bl1.0_d0.0_l0.0_t1.0_gc0.0_p0.0_pop10_ms0.0_mf0.0_seed42/families/family_017/misc/raxml_output.F81.raxml.bestTreeCollapsed
Best ML tree saved to: /home/fili/Documents/KIT/2023/BA/code/output/families/ssim_dtl_s20_f100_sites200_GTR_bl1.0_d0.0_l0.0_t1.0_gc0.0_p0.0_pop10_ms0.0_mf0.0_seed42/families/family_017/misc/raxml_output.F81.raxml.bestTree
All ML trees saved to: /home/fili/Documents/KIT/2023/BA/code/output/families/ssim_dtl_s20_f100_sites200_GTR_bl1.0_d0.0_l0.0_t1.0_gc0.0_p0.0_pop10_ms0.0_mf0.0_seed42/families/family_017/misc/raxml_output.F81.raxml.mlTrees
Optimized model saved to: /home/fili/Documents/KIT/2023/BA/code/output/families/ssim_dtl_s20_f100_sites200_GTR_bl1.0_d0.0_l0.0_t1.0_gc0.0_p0.0_pop10_ms0.0_mf0.0_seed42/families/family_017/misc/raxml_output.F81.raxml.bestModel

Execution log saved to: /home/fili/Documents/KIT/2023/BA/code/output/families/ssim_dtl_s20_f100_sites200_GTR_bl1.0_d0.0_l0.0_t1.0_gc0.0_p0.0_pop10_ms0.0_mf0.0_seed42/families/family_017/misc/raxml_output.F81.raxml.log

Analysis started: 12-Jun-2023 12:38:41 / finished: 12-Jun-2023 12:38:42

Elapsed time: 0.341 seconds

