
RAxML-NG v. 1.1.0 released on 29.11.2021 by The Exelixis Lab.
Developed by: Alexey M. Kozlov and Alexandros Stamatakis.
Contributors: Diego Darriba, Tomas Flouri, Benoit Morel, Sarah Lutteropp, Ben Bettisworth.
Latest version: https://github.com/amkozlov/raxml-ng
Questions/problems/suggestions? Please visit: https://groups.google.com/forum/#!forum/raxml

System: AMD Ryzen 7 5800X 8-Core Processor, 8 cores, 31 GB RAM

RAxML-NG was called at 12-Jun-2023 12:41:16 as follows:

/home/fili/Documents/KIT/2023/BA/resources/tools/RAxML-NG/raxml-ng --msa /home/fili/Documents/KIT/2023/BA/code/output/families/ssim_dtl_s20_f100_sites200_GTR_bl1.0_d0.0_l0.0_t1.0_gc0.0_p0.0_pop10_ms0.0_mf0.0_seed42/families/family_027/alignment.msa --model GTR+G --prefix /home/fili/Documents/KIT/2023/BA/code/output/families/ssim_dtl_s20_f100_sites200_GTR_bl1.0_d0.0_l0.0_t1.0_gc0.0_p0.0_pop10_ms0.0_mf0.0_seed42/families/family_027/misc/raxml_output.GTR+G

Analysis options:
  run mode: ML tree search
  start tree(s): random (10) + parsimony (10)
  random seed: 1686566476
  tip-inner: OFF
  pattern compression: ON
  per-rate scalers: OFF
  site repeats: ON
  fast spr radius: AUTO
  spr subtree cutoff: 1.000000
  branch lengths: proportional (ML estimate, algorithm: NR-FAST)
  SIMD kernels: AVX2
  parallelization: coarse-grained (auto), PTHREADS (auto)

[00:00:00] Reading alignment from file: /home/fili/Documents/KIT/2023/BA/code/output/families/ssim_dtl_s20_f100_sites200_GTR_bl1.0_d0.0_l0.0_t1.0_gc0.0_p0.0_pop10_ms0.0_mf0.0_seed42/families/family_027/alignment.msa
[00:00:00] Loaded alignment with 20 taxa and 201 sites

WARNING: Sequences 12_0_0 and 10_0_0 are exactly identical!
WARNING: Sequences 9_0_0 and 13_0_0 are exactly identical!
WARNING: Sequences 3_0_0 and 1_0_0 are exactly identical!
WARNING: Duplicate sequences found: 3

NOTE: Reduced alignment (with duplicates and gap-only sites/taxa removed) 
NOTE: was saved to: /home/fili/Documents/KIT/2023/BA/code/output/families/ssim_dtl_s20_f100_sites200_GTR_bl1.0_d0.0_l0.0_t1.0_gc0.0_p0.0_pop10_ms0.0_mf0.0_seed42/families/family_027/misc/raxml_output.GTR+G.raxml.reduced.phy

Alignment comprises 1 partitions and 117 patterns

Partition 0: noname
Model: GTR+FO+G4m
Alignment sites / patterns: 201 / 117
Gaps: 0.00 %
Invariant sites: 39.30 %


NOTE: Binary MSA file created: /home/fili/Documents/KIT/2023/BA/code/output/families/ssim_dtl_s20_f100_sites200_GTR_bl1.0_d0.0_l0.0_t1.0_gc0.0_p0.0_pop10_ms0.0_mf0.0_seed42/families/family_027/misc/raxml_output.GTR+G.raxml.rba

Parallelization scheme autoconfig: 8 worker(s) x 1 thread(s)

Parallel reduction/worker buffer size: 1 KB  / 0 KB

[00:00:00] Generating 10 random starting tree(s) with 20 taxa
[00:00:00] Generating 10 parsimony starting tree(s) with 20 taxa
[00:00:00] Data distribution: max. partitions/sites/weight per thread: 1 / 117 / 1872
[00:00:00] Data distribution: max. searches per worker: 3

Starting ML tree search with 20 distinct starting trees

[00:00:00 -2468.216091] Initial branch length optimization
[00:00:00 -2139.085349] Model parameter optimization (eps = 10.000000)
[00:00:00 -1775.820255] AUTODETECT spr round 1 (radius: 5)
[00:00:00 -1215.644368] AUTODETECT spr round 2 (radius: 10)
[00:00:00 -1215.638325] SPR radius for FAST iterations: 5 (autodetect)
[00:00:00 -1215.638325] Model parameter optimization (eps = 3.000000)
[00:00:00 -1193.553332] FAST spr round 1 (radius: 5)
[00:00:00 -1180.106572] FAST spr round 2 (radius: 5)
[00:00:00 -1179.937248] FAST spr round 3 (radius: 5)
[00:00:00 -1179.937241] Model parameter optimization (eps = 1.000000)
[00:00:00 -1179.405707] SLOW spr round 1 (radius: 5)
[00:00:00] [worker #2] ML tree search #3, logLikelihood: -1179.268381
[00:00:00] [worker #1] ML tree search #2, logLikelihood: -1179.265620
[00:00:00] [worker #5] ML tree search #6, logLikelihood: -1179.263617
[00:00:00 -1179.401396] SLOW spr round 2 (radius: 10)
[00:00:00] [worker #4] ML tree search #5, logLikelihood: -1179.262888
[00:00:00 -1179.401391] SLOW spr round 3 (radius: 15)
[00:00:00 -1179.401391] SLOW spr round 4 (radius: 20)
[00:00:00 -1179.401391] Model parameter optimization (eps = 0.100000)
[00:00:00] [worker #7] ML tree search #8, logLikelihood: -1179.265593

[00:00:00] [worker #0] ML tree search #1, logLikelihood: -1179.262045

[00:00:00 -2652.596268] Initial branch length optimization
[00:00:00 -2358.424678] Model parameter optimization (eps = 10.000000)
[00:00:00] [worker #6] ML tree search #7, logLikelihood: -1179.264210
[00:00:00] [worker #3] ML tree search #4, logLikelihood: -1179.265524
[00:00:00] [worker #2] ML tree search #11, logLikelihood: -1179.257423
[00:00:00 -1943.743749] AUTODETECT spr round 1 (radius: 5)
[00:00:00] [worker #5] ML tree search #14, logLikelihood: -1179.257365
[00:00:00 -1299.769084] AUTODETECT spr round 2 (radius: 10)
[00:00:00] [worker #4] ML tree search #13, logLikelihood: -1179.257873
[00:00:00 -1299.766411] SPR radius for FAST iterations: 5 (autodetect)
[00:00:00 -1299.766411] Model parameter optimization (eps = 3.000000)
[00:00:00 -1284.946543] FAST spr round 1 (radius: 5)
[00:00:00] [worker #1] ML tree search #10, logLikelihood: -1179.269050
[00:00:00 -1184.105664] FAST spr round 2 (radius: 5)
[00:00:00 -1183.498850] FAST spr round 3 (radius: 5)
[00:00:00 -1183.498845] Model parameter optimization (eps = 1.000000)
[00:00:00] [worker #7] ML tree search #16, logLikelihood: -1179.258042
[00:00:00] [worker #2] ML tree search #19, logLikelihood: -1179.257815
[00:00:00] [worker #6] ML tree search #15, logLikelihood: -1179.257951
[00:00:00 -1179.474997] SLOW spr round 1 (radius: 5)
[00:00:00] [worker #3] ML tree search #12, logLikelihood: -1179.258172
[00:00:00 -1179.464538] SLOW spr round 2 (radius: 10)
[00:00:00] [worker #1] ML tree search #18, logLikelihood: -1179.257935
[00:00:00 -1179.464506] SLOW spr round 3 (radius: 15)
[00:00:00 -1179.464505] SLOW spr round 4 (radius: 20)
[00:00:00 -1179.464505] Model parameter optimization (eps = 0.100000)

[00:00:00] [worker #0] ML tree search #9, logLikelihood: -1179.264829

[00:00:00 -1631.441356] Initial branch length optimization
[00:00:00 -1388.576745] Model parameter optimization (eps = 10.000000)
[00:00:00 -1183.964468] AUTODETECT spr round 1 (radius: 5)
[00:00:00 -1179.490122] AUTODETECT spr round 2 (radius: 10)
[00:00:00 -1179.489349] SPR radius for FAST iterations: 5 (autodetect)
[00:00:00 -1179.489349] Model parameter optimization (eps = 3.000000)
[00:00:00] [worker #3] ML tree search #20, logLikelihood: -1179.254960
[00:00:00 -1179.304375] FAST spr round 1 (radius: 5)
[00:00:00 -1179.303222] Model parameter optimization (eps = 1.000000)
[00:00:00 -1179.289499] SLOW spr round 1 (radius: 5)
[00:00:00 -1179.275251] SLOW spr round 2 (radius: 10)
[00:00:00 -1179.275230] SLOW spr round 3 (radius: 15)
[00:00:00 -1179.275230] SLOW spr round 4 (radius: 20)
[00:00:00 -1179.275230] Model parameter optimization (eps = 0.100000)

[00:00:00] [worker #0] ML tree search #17, logLikelihood: -1179.257493


Optimized model parameters:

   Partition 0: noname
   Rate heterogeneity: GAMMA (4 cats, mean),  alpha: 3.103975 (ML),  weights&rates: (0.250000,0.397149) (0.250000,0.737127) (0.250000,1.082984) (0.250000,1.782741) 
   Base frequencies (ML): 0.232482 0.208677 0.249088 0.309753 
   Substitution rates (ML): 0.250791 30.726271 0.721298 2.376275 2.967585 1.000000 


Final LogLikelihood: -1179.254960

AIC score: 2450.509919 / AICc score: 2478.587842 / BIC score: 2602.461945
Free parameters (model + branch lengths): 46

WARNING: Best ML tree contains 2 near-zero branches!

Best ML tree with collapsed near-zero branches saved to: /home/fili/Documents/KIT/2023/BA/code/output/families/ssim_dtl_s20_f100_sites200_GTR_bl1.0_d0.0_l0.0_t1.0_gc0.0_p0.0_pop10_ms0.0_mf0.0_seed42/families/family_027/misc/raxml_output.GTR+G.raxml.bestTreeCollapsed
Best ML tree saved to: /home/fili/Documents/KIT/2023/BA/code/output/families/ssim_dtl_s20_f100_sites200_GTR_bl1.0_d0.0_l0.0_t1.0_gc0.0_p0.0_pop10_ms0.0_mf0.0_seed42/families/family_027/misc/raxml_output.GTR+G.raxml.bestTree
All ML trees saved to: /home/fili/Documents/KIT/2023/BA/code/output/families/ssim_dtl_s20_f100_sites200_GTR_bl1.0_d0.0_l0.0_t1.0_gc0.0_p0.0_pop10_ms0.0_mf0.0_seed42/families/family_027/misc/raxml_output.GTR+G.raxml.mlTrees
Optimized model saved to: /home/fili/Documents/KIT/2023/BA/code/output/families/ssim_dtl_s20_f100_sites200_GTR_bl1.0_d0.0_l0.0_t1.0_gc0.0_p0.0_pop10_ms0.0_mf0.0_seed42/families/family_027/misc/raxml_output.GTR+G.raxml.bestModel

Execution log saved to: /home/fili/Documents/KIT/2023/BA/code/output/families/ssim_dtl_s20_f100_sites200_GTR_bl1.0_d0.0_l0.0_t1.0_gc0.0_p0.0_pop10_ms0.0_mf0.0_seed42/families/family_027/misc/raxml_output.GTR+G.raxml.log

Analysis started: 12-Jun-2023 12:41:16 / finished: 12-Jun-2023 12:41:17

Elapsed time: 0.765 seconds

