
RAxML-NG v. 1.1.0 released on 29.11.2021 by The Exelixis Lab.
Developed by: Alexey M. Kozlov and Alexandros Stamatakis.
Contributors: Diego Darriba, Tomas Flouri, Benoit Morel, Sarah Lutteropp, Ben Bettisworth.
Latest version: https://github.com/amkozlov/raxml-ng
Questions/problems/suggestions? Please visit: https://groups.google.com/forum/#!forum/raxml

System: AMD Ryzen 7 5800X 8-Core Processor, 8 cores, 31 GB RAM

RAxML-NG was called at 19-Jun-2023 17:11:02 as follows:

/home/fili/Documents/KIT/2023/BA/resources/tools/RAxML-NG/raxml-ng --msa /home/fili/Documents/KIT/2023/BA/code/output/families/ssim_NE_s20_f100_sites200_GTR_bl1.0_d0.0_l0.0_t0.0_gc0.0_p0.0_pop10_ms0.0_mf0.0_seed42/families/family_038/alignment.msa --model F81 --prefix /home/fili/Documents/KIT/2023/BA/code/output/families/ssim_NE_s20_f100_sites200_GTR_bl1.0_d0.0_l0.0_t0.0_gc0.0_p0.0_pop10_ms0.0_mf0.0_seed42/families/family_038/misc/raxml_output.F81

Analysis options:
  run mode: ML tree search
  start tree(s): random (10) + parsimony (10)
  random seed: 1687187462
  tip-inner: OFF
  pattern compression: ON
  per-rate scalers: OFF
  site repeats: ON
  fast spr radius: AUTO
  spr subtree cutoff: 1.000000
  branch lengths: proportional (ML estimate, algorithm: NR-FAST)
  SIMD kernels: AVX2
  parallelization: coarse-grained (auto), PTHREADS (auto)

[00:00:00] Reading alignment from file: /home/fili/Documents/KIT/2023/BA/code/output/families/ssim_NE_s20_f100_sites200_GTR_bl1.0_d0.0_l0.0_t0.0_gc0.0_p0.0_pop10_ms0.0_mf0.0_seed42/families/family_038/alignment.msa
[00:00:00] Loaded alignment with 20 taxa and 204 sites

WARNING: Sequences 3_0_0 and 2_0_0 are exactly identical!
WARNING: Sequences 9_0_0 and 13_0_0 are exactly identical!
WARNING: Duplicate sequences found: 2

NOTE: Reduced alignment (with duplicates and gap-only sites/taxa removed) 
NOTE: was saved to: /home/fili/Documents/KIT/2023/BA/code/output/families/ssim_NE_s20_f100_sites200_GTR_bl1.0_d0.0_l0.0_t0.0_gc0.0_p0.0_pop10_ms0.0_mf0.0_seed42/families/family_038/misc/raxml_output.F81.raxml.reduced.phy

Alignment comprises 1 partitions and 122 patterns

Partition 0: noname
Model: F81+FO
Alignment sites / patterns: 204 / 122
Gaps: 0.00 %
Invariant sites: 32.84 %


NOTE: Binary MSA file created: /home/fili/Documents/KIT/2023/BA/code/output/families/ssim_NE_s20_f100_sites200_GTR_bl1.0_d0.0_l0.0_t0.0_gc0.0_p0.0_pop10_ms0.0_mf0.0_seed42/families/family_038/misc/raxml_output.F81.raxml.rba

Parallelization scheme autoconfig: 8 worker(s) x 1 thread(s)

Parallel reduction/worker buffer size: 1 KB  / 0 KB

[00:00:00] Generating 10 random starting tree(s) with 20 taxa
[00:00:00] Generating 10 parsimony starting tree(s) with 20 taxa
[00:00:00] Data distribution: max. partitions/sites/weight per thread: 1 / 122 / 488
[00:00:00] Data distribution: max. searches per worker: 3

Starting ML tree search with 20 distinct starting trees

[00:00:00 -3045.642679] Initial branch length optimization
[00:00:00 -2794.641157] Model parameter optimization (eps = 10.000000)
[00:00:00 -2682.160721] AUTODETECT spr round 1 (radius: 5)
[00:00:00 -1600.915806] AUTODETECT spr round 2 (radius: 10)
[00:00:00 -1600.915726] SPR radius for FAST iterations: 5 (autodetect)
[00:00:00 -1600.915726] Model parameter optimization (eps = 3.000000)
[00:00:00 -1594.820273] FAST spr round 1 (radius: 5)
[00:00:00 -1591.214357] FAST spr round 2 (radius: 5)
[00:00:00 -1591.214356] Model parameter optimization (eps = 1.000000)
[00:00:00 -1591.199979] SLOW spr round 1 (radius: 5)
[00:00:00 -1591.199976] SLOW spr round 2 (radius: 10)
[00:00:00 -1591.199976] SLOW spr round 3 (radius: 15)
[00:00:00] [worker #5] ML tree search #6, logLikelihood: -1592.371717
[00:00:00 -1591.199976] SLOW spr round 4 (radius: 20)
[00:00:00 -1591.199976] Model parameter optimization (eps = 0.100000)

[00:00:00] [worker #0] ML tree search #1, logLikelihood: -1591.199970

[00:00:00 -2960.912224] Initial branch length optimization
[00:00:00 -2493.338720] Model parameter optimization (eps = 10.000000)
[00:00:00 -2405.297457] AUTODETECT spr round 1 (radius: 5)
[00:00:00 -1777.775871] AUTODETECT spr round 2 (radius: 10)
[00:00:00 -1640.754187] AUTODETECT spr round 3 (radius: 15)
[00:00:00 -1640.723138] SPR radius for FAST iterations: 10 (autodetect)
[00:00:00 -1640.723138] Model parameter optimization (eps = 3.000000)
[00:00:00] [worker #6] ML tree search #7, logLikelihood: -1591.199967
[00:00:00 -1639.615763] FAST spr round 1 (radius: 10)
[00:00:00 -1601.773523] FAST spr round 2 (radius: 10)
[00:00:00] [worker #4] ML tree search #5, logLikelihood: -1591.199966
[00:00:00 -1593.089896] FAST spr round 3 (radius: 10)
[00:00:00] [worker #1] ML tree search #2, logLikelihood: -1592.371716
[00:00:00 -1593.089879] Model parameter optimization (eps = 1.000000)
[00:00:00 -1592.373263] SLOW spr round 1 (radius: 5)
[00:00:00] [worker #3] ML tree search #4, logLikelihood: -1592.371718
[00:00:00] [worker #7] ML tree search #8, logLikelihood: -1591.199966
[00:00:00] [worker #5] ML tree search #14, logLikelihood: -1592.371718
[00:00:00 -1592.372404] SLOW spr round 2 (radius: 10)
[00:00:00] [worker #2] ML tree search #3, logLikelihood: -1591.200008
[00:00:00 -1592.372404] SLOW spr round 3 (radius: 15)
[00:00:00 -1592.372404] SLOW spr round 4 (radius: 20)
[00:00:00 -1592.372404] Model parameter optimization (eps = 0.100000)

[00:00:00] [worker #0] ML tree search #9, logLikelihood: -1592.371717

[00:00:00 -2019.719303] Initial branch length optimization
[00:00:00 -1647.048663] Model parameter optimization (eps = 10.000000)
[00:00:00 -1598.129300] AUTODETECT spr round 1 (radius: 5)
[00:00:00] [worker #6] ML tree search #15, logLikelihood: -1591.199966
[00:00:00 -1592.387873] AUTODETECT spr round 2 (radius: 10)
[00:00:00 -1592.387663] SPR radius for FAST iterations: 5 (autodetect)
[00:00:00 -1592.387663] Model parameter optimization (eps = 3.000000)
[00:00:00 -1592.371744] FAST spr round 1 (radius: 5)
[00:00:00 -1592.371739] Model parameter optimization (eps = 1.000000)
[00:00:00 -1592.371718] SLOW spr round 1 (radius: 5)
[00:00:00] [worker #4] ML tree search #13, logLikelihood: -1592.371717
[00:00:00 -1592.371718] SLOW spr round 2 (radius: 10)
[00:00:00] [worker #2] ML tree search #11, logLikelihood: -1592.371717
[00:00:00 -1592.371718] SLOW spr round 3 (radius: 15)
[00:00:00 -1592.371718] SLOW spr round 4 (radius: 20)
[00:00:00 -1592.371718] Model parameter optimization (eps = 0.100000)

[00:00:00] [worker #0] ML tree search #17, logLikelihood: -1592.371717

[00:00:00] [worker #7] ML tree search #16, logLikelihood: -1592.371717
[00:00:00] [worker #3] ML tree search #12, logLikelihood: -1591.199967
[00:00:00] [worker #1] ML tree search #10, logLikelihood: -1591.199966
[00:00:00] [worker #2] ML tree search #19, logLikelihood: -1592.371737
[00:00:00] [worker #1] ML tree search #18, logLikelihood: -1592.371717
[00:00:00] [worker #3] ML tree search #20, logLikelihood: -1592.371717

Optimized model parameters:

   Partition 0: noname
   Rate heterogeneity: NONE
   Base frequencies (ML): 0.362487 0.171053 0.343845 0.122615 
   Substitution rates (model): 1.000000 1.000000 1.000000 1.000000 1.000000 1.000000 


Final LogLikelihood: -1591.199966

AIC score: 3262.399932 / AICc score: 3282.522631 / BIC score: 3395.124731
Free parameters (model + branch lengths): 40

WARNING: Best ML tree contains 1 near-zero branches!

Best ML tree with collapsed near-zero branches saved to: /home/fili/Documents/KIT/2023/BA/code/output/families/ssim_NE_s20_f100_sites200_GTR_bl1.0_d0.0_l0.0_t0.0_gc0.0_p0.0_pop10_ms0.0_mf0.0_seed42/families/family_038/misc/raxml_output.F81.raxml.bestTreeCollapsed
Best ML tree saved to: /home/fili/Documents/KIT/2023/BA/code/output/families/ssim_NE_s20_f100_sites200_GTR_bl1.0_d0.0_l0.0_t0.0_gc0.0_p0.0_pop10_ms0.0_mf0.0_seed42/families/family_038/misc/raxml_output.F81.raxml.bestTree
All ML trees saved to: /home/fili/Documents/KIT/2023/BA/code/output/families/ssim_NE_s20_f100_sites200_GTR_bl1.0_d0.0_l0.0_t0.0_gc0.0_p0.0_pop10_ms0.0_mf0.0_seed42/families/family_038/misc/raxml_output.F81.raxml.mlTrees
Optimized model saved to: /home/fili/Documents/KIT/2023/BA/code/output/families/ssim_NE_s20_f100_sites200_GTR_bl1.0_d0.0_l0.0_t0.0_gc0.0_p0.0_pop10_ms0.0_mf0.0_seed42/families/family_038/misc/raxml_output.F81.raxml.bestModel

Execution log saved to: /home/fili/Documents/KIT/2023/BA/code/output/families/ssim_NE_s20_f100_sites200_GTR_bl1.0_d0.0_l0.0_t0.0_gc0.0_p0.0_pop10_ms0.0_mf0.0_seed42/families/family_038/misc/raxml_output.F81.raxml.log

Analysis started: 19-Jun-2023 17:11:02 / finished: 19-Jun-2023 17:11:02

Elapsed time: 0.363 seconds

