
RAxML-NG v. 1.1.0 released on 29.11.2021 by The Exelixis Lab.
Developed by: Alexey M. Kozlov and Alexandros Stamatakis.
Contributors: Diego Darriba, Tomas Flouri, Benoit Morel, Sarah Lutteropp, Ben Bettisworth.
Latest version: https://github.com/amkozlov/raxml-ng
Questions/problems/suggestions? Please visit: https://groups.google.com/forum/#!forum/raxml

System: AMD Ryzen 7 5800X 8-Core Processor, 8 cores, 31 GB RAM

RAxML-NG was called at 12-Jun-2023 12:38:40 as follows:

/home/fili/Documents/KIT/2023/BA/resources/tools/RAxML-NG/raxml-ng --msa /home/fili/Documents/KIT/2023/BA/code/output/families/ssim_dtl_s20_f100_sites200_GTR_bl1.0_d0.0_l0.0_t1.0_gc0.0_p0.0_pop10_ms0.0_mf0.0_seed42/families/family_045/alignment.msa --model F81 --prefix /home/fili/Documents/KIT/2023/BA/code/output/families/ssim_dtl_s20_f100_sites200_GTR_bl1.0_d0.0_l0.0_t1.0_gc0.0_p0.0_pop10_ms0.0_mf0.0_seed42/families/family_045/misc/raxml_output.F81

Analysis options:
  run mode: ML tree search
  start tree(s): random (10) + parsimony (10)
  random seed: 1686566320
  tip-inner: OFF
  pattern compression: ON
  per-rate scalers: OFF
  site repeats: ON
  fast spr radius: AUTO
  spr subtree cutoff: 1.000000
  branch lengths: proportional (ML estimate, algorithm: NR-FAST)
  SIMD kernels: AVX2
  parallelization: coarse-grained (auto), PTHREADS (auto)

[00:00:00] Reading alignment from file: /home/fili/Documents/KIT/2023/BA/code/output/families/ssim_dtl_s20_f100_sites200_GTR_bl1.0_d0.0_l0.0_t1.0_gc0.0_p0.0_pop10_ms0.0_mf0.0_seed42/families/family_045/alignment.msa
[00:00:00] Loaded alignment with 20 taxa and 273 sites

WARNING: Sequences 12_0_0 and 4_0_0 are exactly identical!
WARNING: Sequences 3_0_0 and 2_0_0 are exactly identical!
WARNING: Sequences 9_0_0 and 13_0_0 are exactly identical!
WARNING: Duplicate sequences found: 3

NOTE: Reduced alignment (with duplicates and gap-only sites/taxa removed) 
NOTE: was saved to: /home/fili/Documents/KIT/2023/BA/code/output/families/ssim_dtl_s20_f100_sites200_GTR_bl1.0_d0.0_l0.0_t1.0_gc0.0_p0.0_pop10_ms0.0_mf0.0_seed42/families/family_045/misc/raxml_output.F81.raxml.reduced.phy

Alignment comprises 1 partitions and 164 patterns

Partition 0: noname
Model: F81+FO
Alignment sites / patterns: 273 / 164
Gaps: 0.00 %
Invariant sites: 33.33 %


NOTE: Binary MSA file created: /home/fili/Documents/KIT/2023/BA/code/output/families/ssim_dtl_s20_f100_sites200_GTR_bl1.0_d0.0_l0.0_t1.0_gc0.0_p0.0_pop10_ms0.0_mf0.0_seed42/families/family_045/misc/raxml_output.F81.raxml.rba

Parallelization scheme autoconfig: 8 worker(s) x 1 thread(s)

Parallel reduction/worker buffer size: 1 KB  / 0 KB

[00:00:00] Generating 10 random starting tree(s) with 20 taxa
[00:00:00] Generating 10 parsimony starting tree(s) with 20 taxa
[00:00:00] Data distribution: max. partitions/sites/weight per thread: 1 / 164 / 656
[00:00:00] Data distribution: max. searches per worker: 3

Starting ML tree search with 20 distinct starting trees

[00:00:00 -4063.257352] Initial branch length optimization
[00:00:00 -3708.780032] Model parameter optimization (eps = 10.000000)
[00:00:00 -3643.969643] AUTODETECT spr round 1 (radius: 5)
[00:00:00 -2248.849668] AUTODETECT spr round 2 (radius: 10)
[00:00:00 -2248.846959] SPR radius for FAST iterations: 5 (autodetect)
[00:00:00 -2248.846959] Model parameter optimization (eps = 3.000000)
[00:00:00 -2248.097536] FAST spr round 1 (radius: 5)
[00:00:00 -2225.305621] FAST spr round 2 (radius: 5)
[00:00:00 -2225.305599] Model parameter optimization (eps = 1.000000)
[00:00:00 -2225.254343] SLOW spr round 1 (radius: 5)
[00:00:00] [worker #4] ML tree search #5, logLikelihood: -2225.254248
[00:00:00 -2225.254297] SLOW spr round 2 (radius: 10)
[00:00:00] [worker #5] ML tree search #6, logLikelihood: -2225.254249
[00:00:00 -2225.254297] SLOW spr round 3 (radius: 15)
[00:00:00] [worker #2] ML tree search #3, logLikelihood: -2225.254248
[00:00:00 -2225.254297] SLOW spr round 4 (radius: 20)
[00:00:00 -2225.254297] Model parameter optimization (eps = 0.100000)

[00:00:00] [worker #0] ML tree search #1, logLikelihood: -2225.254248

[00:00:00 -4041.032429] Initial branch length optimization
[00:00:00 -3656.530781] Model parameter optimization (eps = 10.000000)
[00:00:00 -3596.995112] AUTODETECT spr round 1 (radius: 5)
[00:00:00] [worker #6] ML tree search #7, logLikelihood: -2225.254253
[00:00:00] [worker #1] ML tree search #2, logLikelihood: -2225.254249
[00:00:00 -2312.853731] AUTODETECT spr round 2 (radius: 10)
[00:00:00] [worker #7] ML tree search #8, logLikelihood: -2225.254248
[00:00:00] [worker #3] ML tree search #4, logLikelihood: -2225.254250
[00:00:00 -2255.528417] AUTODETECT spr round 3 (radius: 15)
[00:00:00 -2255.527827] SPR radius for FAST iterations: 10 (autodetect)
[00:00:00 -2255.527827] Model parameter optimization (eps = 3.000000)
[00:00:00 -2253.951485] FAST spr round 1 (radius: 10)
[00:00:00] [worker #4] ML tree search #13, logLikelihood: -2225.254247
[00:00:00 -2225.348151] FAST spr round 2 (radius: 10)
[00:00:00] [worker #5] ML tree search #14, logLikelihood: -2225.254247
[00:00:00 -2225.348058] Model parameter optimization (eps = 1.000000)
[00:00:00 -2225.254384] SLOW spr round 1 (radius: 5)
[00:00:00] [worker #2] ML tree search #11, logLikelihood: -2225.254247
[00:00:00] [worker #6] ML tree search #15, logLikelihood: -2225.254248
[00:00:00 -2225.254322] SLOW spr round 2 (radius: 10)
[00:00:00 -2225.254322] SLOW spr round 3 (radius: 15)
[00:00:00] [worker #3] ML tree search #12, logLikelihood: -2225.254247
[00:00:00 -2225.254322] SLOW spr round 4 (radius: 20)
[00:00:00 -2225.254322] Model parameter optimization (eps = 0.100000)

[00:00:00] [worker #0] ML tree search #9, logLikelihood: -2225.254248

[00:00:00 -2690.161905] Initial branch length optimization
[00:00:00 -2260.418710] Model parameter optimization (eps = 10.000000)
[00:00:00 -2227.675772] AUTODETECT spr round 1 (radius: 5)
[00:00:00 -2227.675681] SPR radius for FAST iterations: 5 (autodetect)
[00:00:00 -2227.675681] Model parameter optimization (eps = 3.000000)
[00:00:00 -2227.675635] FAST spr round 1 (radius: 5)
[00:00:00 -2225.259274] FAST spr round 2 (radius: 5)
[00:00:00] [worker #7] ML tree search #16, logLikelihood: -2225.254247
[00:00:00 -2225.259138] Model parameter optimization (eps = 1.000000)
[00:00:00 -2225.254257] SLOW spr round 1 (radius: 5)
[00:00:00] [worker #2] ML tree search #19, logLikelihood: -2225.254248
[00:00:00] [worker #1] ML tree search #10, logLikelihood: -2225.254248
[00:00:00 -2225.254249] SLOW spr round 2 (radius: 10)
[00:00:00] [worker #3] ML tree search #20, logLikelihood: -2225.254247
[00:00:00 -2225.254249] SLOW spr round 3 (radius: 15)
[00:00:00 -2225.254249] SLOW spr round 4 (radius: 20)
[00:00:00 -2225.254249] Model parameter optimization (eps = 0.100000)

[00:00:00] [worker #0] ML tree search #17, logLikelihood: -2225.254247

[00:00:00] [worker #1] ML tree search #18, logLikelihood: -2225.254247

Optimized model parameters:

   Partition 0: noname
   Rate heterogeneity: NONE
   Base frequencies (ML): 0.348698 0.174677 0.304546 0.172079 
   Substitution rates (model): 1.000000 1.000000 1.000000 1.000000 1.000000 1.000000 


Final LogLikelihood: -2225.254247

AIC score: 4530.508495 / AICc score: 4544.646426 / BIC score: 4674.887366
Free parameters (model + branch lengths): 40

Best ML tree saved to: /home/fili/Documents/KIT/2023/BA/code/output/families/ssim_dtl_s20_f100_sites200_GTR_bl1.0_d0.0_l0.0_t1.0_gc0.0_p0.0_pop10_ms0.0_mf0.0_seed42/families/family_045/misc/raxml_output.F81.raxml.bestTree
All ML trees saved to: /home/fili/Documents/KIT/2023/BA/code/output/families/ssim_dtl_s20_f100_sites200_GTR_bl1.0_d0.0_l0.0_t1.0_gc0.0_p0.0_pop10_ms0.0_mf0.0_seed42/families/family_045/misc/raxml_output.F81.raxml.mlTrees
Optimized model saved to: /home/fili/Documents/KIT/2023/BA/code/output/families/ssim_dtl_s20_f100_sites200_GTR_bl1.0_d0.0_l0.0_t1.0_gc0.0_p0.0_pop10_ms0.0_mf0.0_seed42/families/family_045/misc/raxml_output.F81.raxml.bestModel

Execution log saved to: /home/fili/Documents/KIT/2023/BA/code/output/families/ssim_dtl_s20_f100_sites200_GTR_bl1.0_d0.0_l0.0_t1.0_gc0.0_p0.0_pop10_ms0.0_mf0.0_seed42/families/family_045/misc/raxml_output.F81.raxml.log

Analysis started: 12-Jun-2023 12:38:40 / finished: 12-Jun-2023 12:38:40

Elapsed time: 0.435 seconds

