
RAxML-NG v. 1.1.0 released on 29.11.2021 by The Exelixis Lab.
Developed by: Alexey M. Kozlov and Alexandros Stamatakis.
Contributors: Diego Darriba, Tomas Flouri, Benoit Morel, Sarah Lutteropp, Ben Bettisworth.
Latest version: https://github.com/amkozlov/raxml-ng
Questions/problems/suggestions? Please visit: https://groups.google.com/forum/#!forum/raxml

System: AMD Ryzen 7 5800X 8-Core Processor, 8 cores, 31 GB RAM

RAxML-NG was called at 27-Jun-2023 13:52:06 as follows:

/home/fili/Documents/KIT/2023/BA/resources/tools/RAxML-NG/raxml-ng --msa /home/fili/Documents/KIT/2023/BA/code/output/families/ssim_NE_s20_f100_sites200_GTR_bl1.0_d0.0_l0.0_t0.0_gc0.0_p0.0_pop10_ms0.0_mf0.0_seed14976684177860080345/families/family_075/alignment.msa --model F81 --prefix /home/fili/Documents/KIT/2023/BA/code/output/families/ssim_NE_s20_f100_sites200_GTR_bl1.0_d0.0_l0.0_t0.0_gc0.0_p0.0_pop10_ms0.0_mf0.0_seed14976684177860080345/families/family_075/misc/raxml_output.F81

Analysis options:
  run mode: ML tree search
  start tree(s): random (10) + parsimony (10)
  random seed: 1687866726
  tip-inner: OFF
  pattern compression: ON
  per-rate scalers: OFF
  site repeats: ON
  fast spr radius: AUTO
  spr subtree cutoff: 1.000000
  branch lengths: proportional (ML estimate, algorithm: NR-FAST)
  SIMD kernels: AVX2
  parallelization: coarse-grained (auto), PTHREADS (auto)

[00:00:00] Reading alignment from file: /home/fili/Documents/KIT/2023/BA/code/output/families/ssim_NE_s20_f100_sites200_GTR_bl1.0_d0.0_l0.0_t0.0_gc0.0_p0.0_pop10_ms0.0_mf0.0_seed14976684177860080345/families/family_075/alignment.msa
[00:00:00] Loaded alignment with 20 taxa and 205 sites

WARNING: Sequences 19_0_0 and 17_0_0 are exactly identical!
WARNING: Sequences 10_0_0 and 7_0_0 are exactly identical!
WARNING: Sequences 6_0_0 and 3_0_0 are exactly identical!
WARNING: Sequences 2_0_0 and 14_0_0 are exactly identical!
WARNING: Duplicate sequences found: 4

NOTE: Reduced alignment (with duplicates and gap-only sites/taxa removed) 
NOTE: was saved to: /home/fili/Documents/KIT/2023/BA/code/output/families/ssim_NE_s20_f100_sites200_GTR_bl1.0_d0.0_l0.0_t0.0_gc0.0_p0.0_pop10_ms0.0_mf0.0_seed14976684177860080345/families/family_075/misc/raxml_output.F81.raxml.reduced.phy

Alignment comprises 1 partitions and 42 patterns

Partition 0: noname
Model: F81+FO
Alignment sites / patterns: 205 / 42
Gaps: 0.00 %
Invariant sites: 68.78 %


NOTE: Binary MSA file created: /home/fili/Documents/KIT/2023/BA/code/output/families/ssim_NE_s20_f100_sites200_GTR_bl1.0_d0.0_l0.0_t0.0_gc0.0_p0.0_pop10_ms0.0_mf0.0_seed14976684177860080345/families/family_075/misc/raxml_output.F81.raxml.rba

Parallelization scheme autoconfig: 8 worker(s) x 1 thread(s)

Parallel reduction/worker buffer size: 1 KB  / 0 KB

[00:00:00] Generating 10 random starting tree(s) with 20 taxa
[00:00:00] Generating 10 parsimony starting tree(s) with 20 taxa
[00:00:00] Data distribution: max. partitions/sites/weight per thread: 1 / 42 / 168
[00:00:00] Data distribution: max. searches per worker: 3

Starting ML tree search with 20 distinct starting trees

[00:00:00 -1990.828194] Initial branch length optimization
[00:00:00 -1685.827682] Model parameter optimization (eps = 10.000000)
[00:00:00 -1611.504060] AUTODETECT spr round 1 (radius: 5)
[00:00:00 -728.091379] AUTODETECT spr round 2 (radius: 10)
[00:00:00 -728.091379] SPR radius for FAST iterations: 5 (autodetect)
[00:00:00 -728.091379] Model parameter optimization (eps = 3.000000)
[00:00:00 -716.523610] FAST spr round 1 (radius: 5)
[00:00:00 -690.485258] FAST spr round 2 (radius: 5)
[00:00:00 -690.077414] FAST spr round 3 (radius: 5)
[00:00:00 -690.077414] Model parameter optimization (eps = 1.000000)
[00:00:00 -690.026943] SLOW spr round 1 (radius: 5)
[00:00:00 -690.026943] SLOW spr round 2 (radius: 10)
[00:00:00] [worker #1] ML tree search #2, logLikelihood: -689.576743
[00:00:00] [worker #5] ML tree search #6, logLikelihood: -689.576743
[00:00:00 -690.026943] SLOW spr round 3 (radius: 15)
[00:00:00] [worker #4] ML tree search #5, logLikelihood: -690.026943
[00:00:00] [worker #7] ML tree search #8, logLikelihood: -690.026943
[00:00:00] [worker #2] ML tree search #3, logLikelihood: -690.026943
[00:00:00] [worker #6] ML tree search #7, logLikelihood: -690.026943
[00:00:00 -690.026943] SLOW spr round 4 (radius: 20)
[00:00:00 -690.026943] Model parameter optimization (eps = 0.100000)

[00:00:00] [worker #0] ML tree search #1, logLikelihood: -690.026943

[00:00:00] [worker #3] ML tree search #4, logLikelihood: -690.026943
[00:00:00 -1941.132513] Initial branch length optimization
[00:00:00 -1532.720669] Model parameter optimization (eps = 10.000000)
[00:00:00 -1465.281773] AUTODETECT spr round 1 (radius: 5)
[00:00:00 -713.632049] AUTODETECT spr round 2 (radius: 10)
[00:00:00 -713.632049] SPR radius for FAST iterations: 5 (autodetect)
[00:00:00 -713.632049] Model parameter optimization (eps = 3.000000)
[00:00:00 -704.633380] FAST spr round 1 (radius: 5)
[00:00:00] [worker #5] ML tree search #14, logLikelihood: -689.576743
[00:00:00 -693.199238] FAST spr round 2 (radius: 5)
[00:00:00] [worker #6] ML tree search #15, logLikelihood: -689.624706
[00:00:00] [worker #2] ML tree search #11, logLikelihood: -689.624707
[00:00:00] [worker #4] ML tree search #13, logLikelihood: -689.576743
[00:00:00 -690.057855] FAST spr round 3 (radius: 5)
[00:00:00] [worker #1] ML tree search #10, logLikelihood: -689.576743
[00:00:00] [worker #3] ML tree search #12, logLikelihood: -689.624606
[00:00:00 -690.057855] Model parameter optimization (eps = 1.000000)
[00:00:00 -690.026955] SLOW spr round 1 (radius: 5)
[00:00:00] [worker #7] ML tree search #16, logLikelihood: -689.576743
[00:00:00 -690.026943] SLOW spr round 2 (radius: 10)
[00:00:00] [worker #2] ML tree search #19, logLikelihood: -689.624605
[00:00:00 -690.026943] SLOW spr round 3 (radius: 15)
[00:00:00] [worker #3] ML tree search #20, logLikelihood: -689.576743
[00:00:00] [worker #1] ML tree search #18, logLikelihood: -689.624606
[00:00:00 -690.026943] SLOW spr round 4 (radius: 20)
[00:00:00 -690.026943] Model parameter optimization (eps = 0.100000)

[00:00:00] [worker #0] ML tree search #9, logLikelihood: -690.026943

[00:00:00 -1285.337633] Initial branch length optimization
[00:00:00 -703.397108] Model parameter optimization (eps = 10.000000)
[00:00:00 -689.576926] AUTODETECT spr round 1 (radius: 5)
[00:00:00 -689.576925] SPR radius for FAST iterations: 5 (autodetect)
[00:00:00 -689.576925] Model parameter optimization (eps = 3.000000)
[00:00:00 -689.576925] FAST spr round 1 (radius: 5)
[00:00:00 -689.576925] Model parameter optimization (eps = 1.000000)
[00:00:00 -689.576925] SLOW spr round 1 (radius: 5)
[00:00:00 -689.576743] SLOW spr round 2 (radius: 10)
[00:00:00 -689.576743] SLOW spr round 3 (radius: 15)
[00:00:00 -689.576743] SLOW spr round 4 (radius: 20)
[00:00:00 -689.576743] Model parameter optimization (eps = 0.100000)

[00:00:00] [worker #0] ML tree search #17, logLikelihood: -689.576743


Optimized model parameters:

   Partition 0: noname
   Rate heterogeneity: NONE
   Base frequencies (ML): 0.290994 0.130034 0.320925 0.258046 
   Substitution rates (model): 1.000000 1.000000 1.000000 1.000000 1.000000 1.000000 


Final LogLikelihood: -689.576743

AIC score: 1459.153485 / AICc score: 1479.153485 / BIC score: 1592.073884
Free parameters (model + branch lengths): 40

WARNING: Best ML tree contains 6 near-zero branches!

Best ML tree with collapsed near-zero branches saved to: /home/fili/Documents/KIT/2023/BA/code/output/families/ssim_NE_s20_f100_sites200_GTR_bl1.0_d0.0_l0.0_t0.0_gc0.0_p0.0_pop10_ms0.0_mf0.0_seed14976684177860080345/families/family_075/misc/raxml_output.F81.raxml.bestTreeCollapsed
Best ML tree saved to: /home/fili/Documents/KIT/2023/BA/code/output/families/ssim_NE_s20_f100_sites200_GTR_bl1.0_d0.0_l0.0_t0.0_gc0.0_p0.0_pop10_ms0.0_mf0.0_seed14976684177860080345/families/family_075/misc/raxml_output.F81.raxml.bestTree
All ML trees saved to: /home/fili/Documents/KIT/2023/BA/code/output/families/ssim_NE_s20_f100_sites200_GTR_bl1.0_d0.0_l0.0_t0.0_gc0.0_p0.0_pop10_ms0.0_mf0.0_seed14976684177860080345/families/family_075/misc/raxml_output.F81.raxml.mlTrees
Optimized model saved to: /home/fili/Documents/KIT/2023/BA/code/output/families/ssim_NE_s20_f100_sites200_GTR_bl1.0_d0.0_l0.0_t0.0_gc0.0_p0.0_pop10_ms0.0_mf0.0_seed14976684177860080345/families/family_075/misc/raxml_output.F81.raxml.bestModel

Execution log saved to: /home/fili/Documents/KIT/2023/BA/code/output/families/ssim_NE_s20_f100_sites200_GTR_bl1.0_d0.0_l0.0_t0.0_gc0.0_p0.0_pop10_ms0.0_mf0.0_seed14976684177860080345/families/family_075/misc/raxml_output.F81.raxml.log

Analysis started: 27-Jun-2023 13:52:06 / finished: 27-Jun-2023 13:52:06

Elapsed time: 0.131 seconds

