
RAxML-NG v. 1.1.0 released on 29.11.2021 by The Exelixis Lab.
Developed by: Alexey M. Kozlov and Alexandros Stamatakis.
Contributors: Diego Darriba, Tomas Flouri, Benoit Morel, Sarah Lutteropp, Ben Bettisworth.
Latest version: https://github.com/amkozlov/raxml-ng
Questions/problems/suggestions? Please visit: https://groups.google.com/forum/#!forum/raxml

System: AMD Ryzen 7 5800X 8-Core Processor, 8 cores, 31 GB RAM

RAxML-NG was called at 21-Jun-2023 14:53:39 as follows:

/home/fili/Documents/KIT/2023/BA/resources/tools/RAxML-NG/raxml-ng --msa /home/fili/Documents/KIT/2023/BA/code/output/families/ssim_NE_s20_f100_sites200_GTR_bl1.0_d0.0_l0.0_t0.0_gc0.0_p0.0_pop10_ms0.0_mf0.0_seed19732311/families/family_080/alignment.msa --model F81 --prefix /home/fili/Documents/KIT/2023/BA/code/output/families/ssim_NE_s20_f100_sites200_GTR_bl1.0_d0.0_l0.0_t0.0_gc0.0_p0.0_pop10_ms0.0_mf0.0_seed19732311/families/family_080/misc/raxml_output.F81

Analysis options:
  run mode: ML tree search
  start tree(s): random (10) + parsimony (10)
  random seed: 1687352019
  tip-inner: OFF
  pattern compression: ON
  per-rate scalers: OFF
  site repeats: ON
  fast spr radius: AUTO
  spr subtree cutoff: 1.000000
  branch lengths: proportional (ML estimate, algorithm: NR-FAST)
  SIMD kernels: AVX2
  parallelization: coarse-grained (auto), PTHREADS (auto)

[00:00:00] Reading alignment from file: /home/fili/Documents/KIT/2023/BA/code/output/families/ssim_NE_s20_f100_sites200_GTR_bl1.0_d0.0_l0.0_t0.0_gc0.0_p0.0_pop10_ms0.0_mf0.0_seed19732311/families/family_080/alignment.msa
[00:00:00] Loaded alignment with 20 taxa and 279 sites

Alignment comprises 1 partitions and 143 patterns

Partition 0: noname
Model: F81+FO
Alignment sites / patterns: 279 / 143
Gaps: 0.00 %
Invariant sites: 40.86 %


NOTE: Binary MSA file created: /home/fili/Documents/KIT/2023/BA/code/output/families/ssim_NE_s20_f100_sites200_GTR_bl1.0_d0.0_l0.0_t0.0_gc0.0_p0.0_pop10_ms0.0_mf0.0_seed19732311/families/family_080/misc/raxml_output.F81.raxml.rba

Parallelization scheme autoconfig: 8 worker(s) x 1 thread(s)

Parallel reduction/worker buffer size: 1 KB  / 0 KB

[00:00:00] Generating 10 random starting tree(s) with 20 taxa
[00:00:00] Generating 10 parsimony starting tree(s) with 20 taxa
[00:00:00] Data distribution: max. partitions/sites/weight per thread: 1 / 143 / 572
[00:00:00] Data distribution: max. searches per worker: 3

Starting ML tree search with 20 distinct starting trees

[00:00:00 -4261.035506] Initial branch length optimization
[00:00:00 -3865.505107] Model parameter optimization (eps = 10.000000)
[00:00:00 -3795.682342] AUTODETECT spr round 1 (radius: 5)
[00:00:00 -2171.726739] AUTODETECT spr round 2 (radius: 10)
[00:00:00 -2171.726630] SPR radius for FAST iterations: 5 (autodetect)
[00:00:00 -2171.726630] Model parameter optimization (eps = 3.000000)
[00:00:00 -2168.670973] FAST spr round 1 (radius: 5)
[00:00:00 -2163.315122] FAST spr round 2 (radius: 5)
[00:00:00 -2163.314990] Model parameter optimization (eps = 1.000000)
[00:00:00 -2163.311365] SLOW spr round 1 (radius: 5)
[00:00:00 -2163.311363] SLOW spr round 2 (radius: 10)
[00:00:00] [worker #4] ML tree search #5, logLikelihood: -2163.311358
[00:00:00 -2163.311363] SLOW spr round 3 (radius: 15)
[00:00:00] [worker #5] ML tree search #6, logLikelihood: -2163.311359
[00:00:00 -2163.311363] SLOW spr round 4 (radius: 20)
[00:00:00 -2163.311363] Model parameter optimization (eps = 0.100000)

[00:00:00] [worker #0] ML tree search #1, logLikelihood: -2163.311359

[00:00:00 -3980.781365] Initial branch length optimization
[00:00:00 -3529.004261] Model parameter optimization (eps = 10.000000)
[00:00:00] [worker #7] ML tree search #8, logLikelihood: -2163.311359
[00:00:00 -3437.760453] AUTODETECT spr round 1 (radius: 5)
[00:00:00] [worker #1] ML tree search #2, logLikelihood: -2163.311364
[00:00:00] [worker #3] ML tree search #4, logLikelihood: -2163.311363
[00:00:00] [worker #6] ML tree search #7, logLikelihood: -2163.311358
[00:00:00 -2286.292498] AUTODETECT spr round 2 (radius: 10)
[00:00:00 -2200.691931] AUTODETECT spr round 3 (radius: 15)
[00:00:00 -2200.691297] SPR radius for FAST iterations: 10 (autodetect)
[00:00:00 -2200.691297] Model parameter optimization (eps = 3.000000)
[00:00:00] [worker #2] ML tree search #3, logLikelihood: -2163.311358
[00:00:00 -2200.290528] FAST spr round 1 (radius: 10)
[00:00:00 -2165.765653] FAST spr round 2 (radius: 10)
[00:00:00 -2163.383970] FAST spr round 3 (radius: 10)
[00:00:00 -2163.383967] Model parameter optimization (eps = 1.000000)
[00:00:00 -2163.311377] SLOW spr round 1 (radius: 5)
[00:00:00] [worker #5] ML tree search #14, logLikelihood: -2163.311357
[00:00:00] [worker #4] ML tree search #13, logLikelihood: -2163.311359
[00:00:00] [worker #7] ML tree search #16, logLikelihood: -2163.311357
[00:00:00] [worker #3] ML tree search #12, logLikelihood: -2163.311357
[00:00:00 -2163.311361] SLOW spr round 2 (radius: 10)
[00:00:00] [worker #6] ML tree search #15, logLikelihood: -2163.311358
[00:00:00] [worker #2] ML tree search #11, logLikelihood: -2163.311358
[00:00:00 -2163.311361] SLOW spr round 3 (radius: 15)
[00:00:00 -2163.311361] SLOW spr round 4 (radius: 20)
[00:00:00 -2163.311361] Model parameter optimization (eps = 0.100000)
[00:00:00] [worker #1] ML tree search #10, logLikelihood: -2163.311358

[00:00:00] [worker #0] ML tree search #9, logLikelihood: -2163.311358

[00:00:00 -2616.690415] Initial branch length optimization
[00:00:00 -2209.650905] Model parameter optimization (eps = 10.000000)
[00:00:00 -2163.792867] AUTODETECT spr round 1 (radius: 5)
[00:00:00 -2163.324796] AUTODETECT spr round 2 (radius: 10)
[00:00:00 -2163.323225] SPR radius for FAST iterations: 5 (autodetect)
[00:00:00 -2163.323225] Model parameter optimization (eps = 3.000000)
[00:00:00 -2163.311431] FAST spr round 1 (radius: 5)
[00:00:00 -2163.311368] Model parameter optimization (eps = 1.000000)
[00:00:00 -2163.311358] SLOW spr round 1 (radius: 5)
[00:00:00] [worker #3] ML tree search #20, logLikelihood: -2163.311358
[00:00:00 -2163.311358] SLOW spr round 2 (radius: 10)
[00:00:00] [worker #2] ML tree search #19, logLikelihood: -2163.311357
[00:00:00 -2163.311358] SLOW spr round 3 (radius: 15)
[00:00:00 -2163.311358] SLOW spr round 4 (radius: 20)
[00:00:00 -2163.311358] Model parameter optimization (eps = 0.100000)

[00:00:00] [worker #0] ML tree search #17, logLikelihood: -2163.311358

[00:00:00] [worker #1] ML tree search #18, logLikelihood: -2163.311358

Optimized model parameters:

   Partition 0: noname
   Rate heterogeneity: NONE
   Base frequencies (ML): 0.367947 0.128703 0.297331 0.206018 
   Substitution rates (model): 1.000000 1.000000 1.000000 1.000000 1.000000 1.000000 


Final LogLikelihood: -2163.311357

AIC score: 4406.622714 / AICc score: 4420.404227 / BIC score: 4551.871186
Free parameters (model + branch lengths): 40

Best ML tree saved to: /home/fili/Documents/KIT/2023/BA/code/output/families/ssim_NE_s20_f100_sites200_GTR_bl1.0_d0.0_l0.0_t0.0_gc0.0_p0.0_pop10_ms0.0_mf0.0_seed19732311/families/family_080/misc/raxml_output.F81.raxml.bestTree
All ML trees saved to: /home/fili/Documents/KIT/2023/BA/code/output/families/ssim_NE_s20_f100_sites200_GTR_bl1.0_d0.0_l0.0_t0.0_gc0.0_p0.0_pop10_ms0.0_mf0.0_seed19732311/families/family_080/misc/raxml_output.F81.raxml.mlTrees
Optimized model saved to: /home/fili/Documents/KIT/2023/BA/code/output/families/ssim_NE_s20_f100_sites200_GTR_bl1.0_d0.0_l0.0_t0.0_gc0.0_p0.0_pop10_ms0.0_mf0.0_seed19732311/families/family_080/misc/raxml_output.F81.raxml.bestModel

Execution log saved to: /home/fili/Documents/KIT/2023/BA/code/output/families/ssim_NE_s20_f100_sites200_GTR_bl1.0_d0.0_l0.0_t0.0_gc0.0_p0.0_pop10_ms0.0_mf0.0_seed19732311/families/family_080/misc/raxml_output.F81.raxml.log

Analysis started: 21-Jun-2023 14:53:39 / finished: 21-Jun-2023 14:53:39

Elapsed time: 0.281 seconds

