
RAxML-NG v. 1.1.0 released on 29.11.2021 by The Exelixis Lab.
Developed by: Alexey M. Kozlov and Alexandros Stamatakis.
Contributors: Diego Darriba, Tomas Flouri, Benoit Morel, Sarah Lutteropp, Ben Bettisworth.
Latest version: https://github.com/amkozlov/raxml-ng
Questions/problems/suggestions? Please visit: https://groups.google.com/forum/#!forum/raxml

System: AMD Ryzen 7 5800X 8-Core Processor, 8 cores, 31 GB RAM

RAxML-NG was called at 16-Jun-2023 09:59:10 as follows:

/home/fili/Documents/KIT/2023/BA/resources/tools/RAxML-NG/raxml-ng --msa /home/fili/Documents/KIT/2023/BA/code/output/families/ssim_NE_s20_f100_sites200_GTR_bl1.0_d0.0_l0.0_t0.0_gc0.0_p0.0_pop10_ms0.0_mf0.0_seed1007/families/family_072/alignment.msa --model F81 --prefix /home/fili/Documents/KIT/2023/BA/code/output/families/ssim_NE_s20_f100_sites200_GTR_bl1.0_d0.0_l0.0_t0.0_gc0.0_p0.0_pop10_ms0.0_mf0.0_seed1007/families/family_072/misc/raxml_output.F81

Analysis options:
  run mode: ML tree search
  start tree(s): random (10) + parsimony (10)
  random seed: 1686902350
  tip-inner: OFF
  pattern compression: ON
  per-rate scalers: OFF
  site repeats: ON
  fast spr radius: AUTO
  spr subtree cutoff: 1.000000
  branch lengths: proportional (ML estimate, algorithm: NR-FAST)
  SIMD kernels: AVX2
  parallelization: coarse-grained (auto), PTHREADS (auto)

[00:00:00] Reading alignment from file: /home/fili/Documents/KIT/2023/BA/code/output/families/ssim_NE_s20_f100_sites200_GTR_bl1.0_d0.0_l0.0_t0.0_gc0.0_p0.0_pop10_ms0.0_mf0.0_seed1007/families/family_072/alignment.msa
[00:00:00] Loaded alignment with 20 taxa and 159 sites

WARNING: Sequences 12_0_0 and 19_0_0 are exactly identical!
WARNING: Sequences 8_0_0 and 2_0_0 are exactly identical!
WARNING: Duplicate sequences found: 2

NOTE: Reduced alignment (with duplicates and gap-only sites/taxa removed) 
NOTE: was saved to: /home/fili/Documents/KIT/2023/BA/code/output/families/ssim_NE_s20_f100_sites200_GTR_bl1.0_d0.0_l0.0_t0.0_gc0.0_p0.0_pop10_ms0.0_mf0.0_seed1007/families/family_072/misc/raxml_output.F81.raxml.reduced.phy

Alignment comprises 1 partitions and 99 patterns

Partition 0: noname
Model: F81+FO
Alignment sites / patterns: 159 / 99
Gaps: 0.00 %
Invariant sites: 38.36 %


NOTE: Binary MSA file created: /home/fili/Documents/KIT/2023/BA/code/output/families/ssim_NE_s20_f100_sites200_GTR_bl1.0_d0.0_l0.0_t0.0_gc0.0_p0.0_pop10_ms0.0_mf0.0_seed1007/families/family_072/misc/raxml_output.F81.raxml.rba

Parallelization scheme autoconfig: 8 worker(s) x 1 thread(s)

Parallel reduction/worker buffer size: 1 KB  / 0 KB

[00:00:00] Generating 10 random starting tree(s) with 20 taxa
[00:00:00] Generating 10 parsimony starting tree(s) with 20 taxa
[00:00:00] Data distribution: max. partitions/sites/weight per thread: 1 / 99 / 396
[00:00:00] Data distribution: max. searches per worker: 3

Starting ML tree search with 20 distinct starting trees

[00:00:00 -2354.560826] Initial branch length optimization
[00:00:00 -2147.364954] Model parameter optimization (eps = 10.000000)
[00:00:00 -2093.706048] AUTODETECT spr round 1 (radius: 5)
[00:00:00 -1415.393272] AUTODETECT spr round 2 (radius: 10)
[00:00:00 -1415.392234] SPR radius for FAST iterations: 5 (autodetect)
[00:00:00 -1415.392234] Model parameter optimization (eps = 3.000000)
[00:00:00 -1414.538695] FAST spr round 1 (radius: 5)
[00:00:00 -1323.492808] FAST spr round 2 (radius: 5)
[00:00:00 -1317.091489] FAST spr round 3 (radius: 5)
[00:00:00 -1316.103161] FAST spr round 4 (radius: 5)
[00:00:00 -1316.103136] Model parameter optimization (eps = 1.000000)
[00:00:00 -1316.045939] SLOW spr round 1 (radius: 5)
[00:00:00] [worker #2] ML tree search #3, logLikelihood: -1316.045861
[00:00:00 -1316.045904] SLOW spr round 2 (radius: 10)
[00:00:00] [worker #6] ML tree search #7, logLikelihood: -1316.045862
[00:00:00] [worker #1] ML tree search #2, logLikelihood: -1316.045862
[00:00:00] [worker #3] ML tree search #4, logLikelihood: -1316.045866
[00:00:00] [worker #4] ML tree search #5, logLikelihood: -1316.045863
[00:00:00 -1316.045904] SLOW spr round 3 (radius: 15)
[00:00:00 -1316.045904] SLOW spr round 4 (radius: 20)
[00:00:00] [worker #5] ML tree search #6, logLikelihood: -1316.045866
[00:00:00 -1316.045904] Model parameter optimization (eps = 0.100000)

[00:00:00] [worker #0] ML tree search #1, logLikelihood: -1316.045867

[00:00:00 -2346.104451] Initial branch length optimization
[00:00:00 -2171.002020] Model parameter optimization (eps = 10.000000)
[00:00:00 -2109.059856] AUTODETECT spr round 1 (radius: 5)
[00:00:00] [worker #7] ML tree search #8, logLikelihood: -1316.045863
[00:00:00 -1357.666306] AUTODETECT spr round 2 (radius: 10)
[00:00:00 -1357.663508] SPR radius for FAST iterations: 5 (autodetect)
[00:00:00 -1357.663508] Model parameter optimization (eps = 3.000000)
[00:00:00 -1357.047408] FAST spr round 1 (radius: 5)
[00:00:00 -1321.016416] FAST spr round 2 (radius: 5)
[00:00:00 -1317.610454] FAST spr round 3 (radius: 5)
[00:00:00] [worker #2] ML tree search #11, logLikelihood: -1316.045862
[00:00:00 -1316.776589] FAST spr round 4 (radius: 5)
[00:00:00 -1316.776582] Model parameter optimization (eps = 1.000000)
[00:00:00 -1316.047398] SLOW spr round 1 (radius: 5)
[00:00:00] [worker #6] ML tree search #15, logLikelihood: -1316.045863
[00:00:00] [worker #3] ML tree search #12, logLikelihood: -1316.045862
[00:00:00] [worker #7] ML tree search #16, logLikelihood: -1316.045862
[00:00:00] [worker #4] ML tree search #13, logLikelihood: -1316.045863
[00:00:00] [worker #1] ML tree search #10, logLikelihood: -1316.045863
[00:00:00 -1316.046548] SLOW spr round 2 (radius: 10)
[00:00:00 -1316.046546] SLOW spr round 3 (radius: 15)
[00:00:00 -1316.046546] SLOW spr round 4 (radius: 20)
[00:00:00 -1316.046546] Model parameter optimization (eps = 0.100000)

[00:00:00] [worker #0] ML tree search #9, logLikelihood: -1316.045868

[00:00:00 -1574.288597] Initial branch length optimization
[00:00:00 -1357.450080] Model parameter optimization (eps = 10.000000)
[00:00:00 -1323.404526] AUTODETECT spr round 1 (radius: 5)
[00:00:00] [worker #5] ML tree search #14, logLikelihood: -1316.045872
[00:00:00 -1322.588689] AUTODETECT spr round 2 (radius: 10)
[00:00:00 -1322.588670] SPR radius for FAST iterations: 5 (autodetect)
[00:00:00 -1322.588670] Model parameter optimization (eps = 3.000000)
[00:00:00 -1322.587941] FAST spr round 1 (radius: 5)
[00:00:00] [worker #2] ML tree search #19, logLikelihood: -1316.045867
[00:00:00 -1322.587940] Model parameter optimization (eps = 1.000000)
[00:00:00 -1322.587939] SLOW spr round 1 (radius: 5)
[00:00:00] [worker #3] ML tree search #20, logLikelihood: -1316.045865
[00:00:00 -1316.682004] SLOW spr round 2 (radius: 5)
[00:00:00] [worker #1] ML tree search #18, logLikelihood: -1316.045864
[00:00:00 -1316.230349] SLOW spr round 3 (radius: 5)
[00:00:00 -1316.230347] SLOW spr round 4 (radius: 10)
[00:00:00 -1316.230347] SLOW spr round 5 (radius: 15)
[00:00:00 -1316.230347] SLOW spr round 6 (radius: 20)
[00:00:00 -1316.230347] Model parameter optimization (eps = 0.100000)

[00:00:00] [worker #0] ML tree search #17, logLikelihood: -1316.045876


Optimized model parameters:

   Partition 0: noname
   Rate heterogeneity: NONE
   Base frequencies (ML): 0.298508 0.103432 0.368433 0.229627 
   Substitution rates (model): 1.000000 1.000000 1.000000 1.000000 1.000000 1.000000 


Final LogLikelihood: -1316.045861

AIC score: 2712.091722 / AICc score: 2739.888332 / BIC score: 2834.847890
Free parameters (model + branch lengths): 40

WARNING: Best ML tree contains 1 near-zero branches!

Best ML tree with collapsed near-zero branches saved to: /home/fili/Documents/KIT/2023/BA/code/output/families/ssim_NE_s20_f100_sites200_GTR_bl1.0_d0.0_l0.0_t0.0_gc0.0_p0.0_pop10_ms0.0_mf0.0_seed1007/families/family_072/misc/raxml_output.F81.raxml.bestTreeCollapsed
Best ML tree saved to: /home/fili/Documents/KIT/2023/BA/code/output/families/ssim_NE_s20_f100_sites200_GTR_bl1.0_d0.0_l0.0_t0.0_gc0.0_p0.0_pop10_ms0.0_mf0.0_seed1007/families/family_072/misc/raxml_output.F81.raxml.bestTree
All ML trees saved to: /home/fili/Documents/KIT/2023/BA/code/output/families/ssim_NE_s20_f100_sites200_GTR_bl1.0_d0.0_l0.0_t0.0_gc0.0_p0.0_pop10_ms0.0_mf0.0_seed1007/families/family_072/misc/raxml_output.F81.raxml.mlTrees
Optimized model saved to: /home/fili/Documents/KIT/2023/BA/code/output/families/ssim_NE_s20_f100_sites200_GTR_bl1.0_d0.0_l0.0_t0.0_gc0.0_p0.0_pop10_ms0.0_mf0.0_seed1007/families/family_072/misc/raxml_output.F81.raxml.bestModel

Execution log saved to: /home/fili/Documents/KIT/2023/BA/code/output/families/ssim_NE_s20_f100_sites200_GTR_bl1.0_d0.0_l0.0_t0.0_gc0.0_p0.0_pop10_ms0.0_mf0.0_seed1007/families/family_072/misc/raxml_output.F81.raxml.log

Analysis started: 16-Jun-2023 09:59:10 / finished: 16-Jun-2023 09:59:11

Elapsed time: 0.257 seconds

