
RAxML-NG v. 1.1.0 released on 29.11.2021 by The Exelixis Lab.
Developed by: Alexey M. Kozlov and Alexandros Stamatakis.
Contributors: Diego Darriba, Tomas Flouri, Benoit Morel, Sarah Lutteropp, Ben Bettisworth.
Latest version: https://github.com/amkozlov/raxml-ng
Questions/problems/suggestions? Please visit: https://groups.google.com/forum/#!forum/raxml

System: AMD Ryzen 7 5800X 8-Core Processor, 8 cores, 31 GB RAM

RAxML-NG was called at 27-Jun-2023 13:52:01 as follows:

/home/fili/Documents/KIT/2023/BA/resources/tools/RAxML-NG/raxml-ng --msa /home/fili/Documents/KIT/2023/BA/code/output/families/ssim_NE_s20_f100_sites200_GTR_bl1.0_d0.0_l0.0_t0.0_gc0.0_p0.0_pop10_ms0.0_mf0.0_seed14976684177860080345/families/family_076/alignment.msa --model F81 --prefix /home/fili/Documents/KIT/2023/BA/code/output/families/ssim_NE_s20_f100_sites200_GTR_bl1.0_d0.0_l0.0_t0.0_gc0.0_p0.0_pop10_ms0.0_mf0.0_seed14976684177860080345/families/family_076/misc/raxml_output.F81

Analysis options:
  run mode: ML tree search
  start tree(s): random (10) + parsimony (10)
  random seed: 1687866721
  tip-inner: OFF
  pattern compression: ON
  per-rate scalers: OFF
  site repeats: ON
  fast spr radius: AUTO
  spr subtree cutoff: 1.000000
  branch lengths: proportional (ML estimate, algorithm: NR-FAST)
  SIMD kernels: AVX2
  parallelization: coarse-grained (auto), PTHREADS (auto)

[00:00:00] Reading alignment from file: /home/fili/Documents/KIT/2023/BA/code/output/families/ssim_NE_s20_f100_sites200_GTR_bl1.0_d0.0_l0.0_t0.0_gc0.0_p0.0_pop10_ms0.0_mf0.0_seed14976684177860080345/families/family_076/alignment.msa
[00:00:00] Loaded alignment with 20 taxa and 251 sites

WARNING: Sequences 11_0_0 and 2_0_0 are exactly identical!
WARNING: Sequences 11_0_0 and 14_0_0 are exactly identical!
WARNING: Sequences 18_0_0 and 17_0_0 are exactly identical!
WARNING: Duplicate sequences found: 3

NOTE: Reduced alignment (with duplicates and gap-only sites/taxa removed) 
NOTE: was saved to: /home/fili/Documents/KIT/2023/BA/code/output/families/ssim_NE_s20_f100_sites200_GTR_bl1.0_d0.0_l0.0_t0.0_gc0.0_p0.0_pop10_ms0.0_mf0.0_seed14976684177860080345/families/family_076/misc/raxml_output.F81.raxml.reduced.phy

Alignment comprises 1 partitions and 75 patterns

Partition 0: noname
Model: F81+FO
Alignment sites / patterns: 251 / 75
Gaps: 0.00 %
Invariant sites: 61.35 %


NOTE: Binary MSA file created: /home/fili/Documents/KIT/2023/BA/code/output/families/ssim_NE_s20_f100_sites200_GTR_bl1.0_d0.0_l0.0_t0.0_gc0.0_p0.0_pop10_ms0.0_mf0.0_seed14976684177860080345/families/family_076/misc/raxml_output.F81.raxml.rba

Parallelization scheme autoconfig: 8 worker(s) x 1 thread(s)

Parallel reduction/worker buffer size: 1 KB  / 0 KB

[00:00:00] Generating 10 random starting tree(s) with 20 taxa
[00:00:00] Generating 10 parsimony starting tree(s) with 20 taxa
[00:00:00] Data distribution: max. partitions/sites/weight per thread: 1 / 75 / 300
[00:00:00] Data distribution: max. searches per worker: 3

Starting ML tree search with 20 distinct starting trees

[00:00:00 -3094.393769] Initial branch length optimization
[00:00:00 -2618.857654] Model parameter optimization (eps = 10.000000)
[00:00:00 -2594.051991] AUTODETECT spr round 1 (radius: 5)
[00:00:00 -1379.928560] AUTODETECT spr round 2 (radius: 10)
[00:00:00 -1215.421480] AUTODETECT spr round 3 (radius: 15)
[00:00:00 -1215.421265] SPR radius for FAST iterations: 10 (autodetect)
[00:00:00 -1215.421265] Model parameter optimization (eps = 3.000000)
[00:00:00 -1214.350032] FAST spr round 1 (radius: 10)
[00:00:00 -1169.216612] FAST spr round 2 (radius: 10)
[00:00:00 -1168.645020] FAST spr round 3 (radius: 10)
[00:00:00 -1168.645016] Model parameter optimization (eps = 1.000000)
[00:00:00 -1168.550575] SLOW spr round 1 (radius: 5)
[00:00:00 -1168.550526] SLOW spr round 2 (radius: 10)
[00:00:00] [worker #3] ML tree search #4, logLikelihood: -1168.550523
[00:00:00] [worker #5] ML tree search #6, logLikelihood: -1168.494971
[00:00:00] [worker #4] ML tree search #5, logLikelihood: -1168.494969
[00:00:00 -1168.550526] SLOW spr round 3 (radius: 15)
[00:00:00 -1168.550526] SLOW spr round 4 (radius: 20)
[00:00:00] [worker #7] ML tree search #8, logLikelihood: -1168.161462
[00:00:00] [worker #2] ML tree search #3, logLikelihood: -1168.161460
[00:00:00 -1168.550526] Model parameter optimization (eps = 0.100000)

[00:00:00] [worker #0] ML tree search #1, logLikelihood: -1168.550520

[00:00:00 -2969.748950] Initial branch length optimization
[00:00:00 -2619.936509] Model parameter optimization (eps = 10.000000)
[00:00:00] [worker #6] ML tree search #7, logLikelihood: -1168.161461
[00:00:00 -2562.832168] AUTODETECT spr round 1 (radius: 5)
[00:00:00 -1193.042658] AUTODETECT spr round 2 (radius: 10)
[00:00:00 -1193.042572] SPR radius for FAST iterations: 5 (autodetect)
[00:00:00 -1193.042572] Model parameter optimization (eps = 3.000000)
[00:00:00 -1186.237073] FAST spr round 1 (radius: 5)
[00:00:00] [worker #1] ML tree search #2, logLikelihood: -1168.161460
[00:00:00 -1168.786736] FAST spr round 2 (radius: 5)
[00:00:00] [worker #3] ML tree search #12, logLikelihood: -1168.161460
[00:00:00 -1168.697417] Model parameter optimization (eps = 1.000000)
[00:00:00] [worker #5] ML tree search #14, logLikelihood: -1168.494970
[00:00:00 -1168.550621] SLOW spr round 1 (radius: 5)
[00:00:00] [worker #4] ML tree search #13, logLikelihood: -1168.161460
[00:00:00] [worker #7] ML tree search #16, logLikelihood: -1168.161461
[00:00:00] [worker #2] ML tree search #11, logLikelihood: -1168.161461
[00:00:00 -1168.550532] SLOW spr round 2 (radius: 10)
[00:00:00 -1168.550532] SLOW spr round 3 (radius: 15)
[00:00:00 -1168.550532] SLOW spr round 4 (radius: 20)
[00:00:00 -1168.550532] Model parameter optimization (eps = 0.100000)

[00:00:00] [worker #0] ML tree search #9, logLikelihood: -1168.550522

[00:00:00 -1780.102146] Initial branch length optimization
[00:00:00 -1176.929865] Model parameter optimization (eps = 10.000000)
[00:00:00 -1168.432158] AUTODETECT spr round 1 (radius: 5)
[00:00:00 -1168.259206] AUTODETECT spr round 2 (radius: 10)
[00:00:00] [worker #3] ML tree search #20, logLikelihood: -1168.494970
[00:00:00] [worker #6] ML tree search #15, logLikelihood: -1168.494972
[00:00:00 -1168.258529] SPR radius for FAST iterations: 5 (autodetect)
[00:00:00 -1168.258529] Model parameter optimization (eps = 3.000000)
[00:00:00 -1168.255171] FAST spr round 1 (radius: 5)
[00:00:00 -1168.164171] Model parameter optimization (eps = 1.000000)
[00:00:00 -1168.161481] SLOW spr round 1 (radius: 5)
[00:00:00] [worker #2] ML tree search #19, logLikelihood: -1168.161461
[00:00:00 -1168.161461] SLOW spr round 2 (radius: 10)
[00:00:00 -1168.161461] SLOW spr round 3 (radius: 15)
[00:00:00 -1168.161461] SLOW spr round 4 (radius: 20)
[00:00:00 -1168.161461] Model parameter optimization (eps = 0.100000)

[00:00:00] [worker #0] ML tree search #17, logLikelihood: -1168.161461

[00:00:00] [worker #1] ML tree search #10, logLikelihood: -1168.161460
[00:00:00] [worker #1] ML tree search #18, logLikelihood: -1168.161460

Optimized model parameters:

   Partition 0: noname
   Rate heterogeneity: NONE
   Base frequencies (ML): 0.254551 0.192532 0.328654 0.224262 
   Substitution rates (model): 1.000000 1.000000 1.000000 1.000000 1.000000 1.000000 


Final LogLikelihood: -1168.161460

AIC score: 2416.322920 / AICc score: 2431.941967 / BIC score: 2557.341037
Free parameters (model + branch lengths): 40

WARNING: Best ML tree contains 5 near-zero branches!

Best ML tree with collapsed near-zero branches saved to: /home/fili/Documents/KIT/2023/BA/code/output/families/ssim_NE_s20_f100_sites200_GTR_bl1.0_d0.0_l0.0_t0.0_gc0.0_p0.0_pop10_ms0.0_mf0.0_seed14976684177860080345/families/family_076/misc/raxml_output.F81.raxml.bestTreeCollapsed
Best ML tree saved to: /home/fili/Documents/KIT/2023/BA/code/output/families/ssim_NE_s20_f100_sites200_GTR_bl1.0_d0.0_l0.0_t0.0_gc0.0_p0.0_pop10_ms0.0_mf0.0_seed14976684177860080345/families/family_076/misc/raxml_output.F81.raxml.bestTree
All ML trees saved to: /home/fili/Documents/KIT/2023/BA/code/output/families/ssim_NE_s20_f100_sites200_GTR_bl1.0_d0.0_l0.0_t0.0_gc0.0_p0.0_pop10_ms0.0_mf0.0_seed14976684177860080345/families/family_076/misc/raxml_output.F81.raxml.mlTrees
Optimized model saved to: /home/fili/Documents/KIT/2023/BA/code/output/families/ssim_NE_s20_f100_sites200_GTR_bl1.0_d0.0_l0.0_t0.0_gc0.0_p0.0_pop10_ms0.0_mf0.0_seed14976684177860080345/families/family_076/misc/raxml_output.F81.raxml.bestModel

Execution log saved to: /home/fili/Documents/KIT/2023/BA/code/output/families/ssim_NE_s20_f100_sites200_GTR_bl1.0_d0.0_l0.0_t0.0_gc0.0_p0.0_pop10_ms0.0_mf0.0_seed14976684177860080345/families/family_076/misc/raxml_output.F81.raxml.log

Analysis started: 27-Jun-2023 13:52:01 / finished: 27-Jun-2023 13:52:01

Elapsed time: 0.217 seconds

