
RAxML-NG v. 1.1.0 released on 29.11.2021 by The Exelixis Lab.
Developed by: Alexey M. Kozlov and Alexandros Stamatakis.
Contributors: Diego Darriba, Tomas Flouri, Benoit Morel, Sarah Lutteropp, Ben Bettisworth.
Latest version: https://github.com/amkozlov/raxml-ng
Questions/problems/suggestions? Please visit: https://groups.google.com/forum/#!forum/raxml

System: AMD Ryzen 7 5800X 8-Core Processor, 8 cores, 31 GB RAM

RAxML-NG was called at 27-Jun-2023 13:41:53 as follows:

/home/fili/Documents/KIT/2023/BA/resources/tools/RAxML-NG/raxml-ng --msa /home/fili/Documents/KIT/2023/BA/code/output/families/ssim_DL_s20_f100_sites200_GTR_bl1.0_d1.0_l1.0_t0.0_gc0.0_p0.0_pop10_ms0.0_mf0.0_seed121873/families/family_014/alignment.msa --model F81 --prefix /home/fili/Documents/KIT/2023/BA/code/output/families/ssim_DL_s20_f100_sites200_GTR_bl1.0_d1.0_l1.0_t0.0_gc0.0_p0.0_pop10_ms0.0_mf0.0_seed121873/families/family_014/misc/raxml_output.F81

Analysis options:
  run mode: ML tree search
  start tree(s): random (10) + parsimony (10)
  random seed: 1687866113
  tip-inner: OFF
  pattern compression: ON
  per-rate scalers: OFF
  site repeats: ON
  fast spr radius: AUTO
  spr subtree cutoff: 1.000000
  branch lengths: proportional (ML estimate, algorithm: NR-FAST)
  SIMD kernels: AVX2
  parallelization: coarse-grained (auto), PTHREADS (auto)

[00:00:00] Reading alignment from file: /home/fili/Documents/KIT/2023/BA/code/output/families/ssim_DL_s20_f100_sites200_GTR_bl1.0_d1.0_l1.0_t0.0_gc0.0_p0.0_pop10_ms0.0_mf0.0_seed121873/families/family_014/alignment.msa
[00:00:00] Loaded alignment with 34 taxa and 180 sites

WARNING: Sequences 12_0_0 and 2_0_0 are exactly identical!
WARNING: Sequences 17_0_0 and 15_0_0 are exactly identical!
WARNING: Duplicate sequences found: 2

NOTE: Reduced alignment (with duplicates and gap-only sites/taxa removed) 
NOTE: was saved to: /home/fili/Documents/KIT/2023/BA/code/output/families/ssim_DL_s20_f100_sites200_GTR_bl1.0_d1.0_l1.0_t0.0_gc0.0_p0.0_pop10_ms0.0_mf0.0_seed121873/families/family_014/misc/raxml_output.F81.raxml.reduced.phy

Alignment comprises 1 partitions and 137 patterns

Partition 0: noname
Model: F81+FO
Alignment sites / patterns: 180 / 137
Gaps: 0.00 %
Invariant sites: 20.56 %


NOTE: Binary MSA file created: /home/fili/Documents/KIT/2023/BA/code/output/families/ssim_DL_s20_f100_sites200_GTR_bl1.0_d1.0_l1.0_t0.0_gc0.0_p0.0_pop10_ms0.0_mf0.0_seed121873/families/family_014/misc/raxml_output.F81.raxml.rba

Parallelization scheme autoconfig: 8 worker(s) x 1 thread(s)

Parallel reduction/worker buffer size: 1 KB  / 0 KB

[00:00:00] Generating 10 random starting tree(s) with 34 taxa
[00:00:00] Generating 10 parsimony starting tree(s) with 34 taxa
[00:00:00] Data distribution: max. partitions/sites/weight per thread: 1 / 137 / 548
[00:00:00] Data distribution: max. searches per worker: 3

Starting ML tree search with 20 distinct starting trees

[00:00:00 -4355.965853] Initial branch length optimization
[00:00:00 -3907.777997] Model parameter optimization (eps = 10.000000)
[00:00:00 -3872.433199] AUTODETECT spr round 1 (radius: 5)
[00:00:00 -2564.608468] AUTODETECT spr round 2 (radius: 10)
[00:00:00 -2456.560131] AUTODETECT spr round 3 (radius: 15)
[00:00:00 -2456.559851] SPR radius for FAST iterations: 10 (autodetect)
[00:00:00 -2456.559851] Model parameter optimization (eps = 3.000000)
[00:00:00 -2453.523966] FAST spr round 1 (radius: 10)
[00:00:00 -2305.194206] FAST spr round 2 (radius: 10)
[00:00:00 -2300.321235] FAST spr round 3 (radius: 10)
[00:00:00 -2300.098820] FAST spr round 4 (radius: 10)
[00:00:00 -2300.098820] Model parameter optimization (eps = 1.000000)
[00:00:00 -2300.022923] SLOW spr round 1 (radius: 5)
[00:00:00 -2300.022805] SLOW spr round 2 (radius: 10)
[00:00:00] [worker #5] ML tree search #6, logLikelihood: -2300.022784
[00:00:00 -2300.022805] SLOW spr round 3 (radius: 15)
[00:00:00] [worker #3] ML tree search #4, logLikelihood: -2300.022785
[00:00:00] [worker #7] ML tree search #8, logLikelihood: -2300.022785
[00:00:00] [worker #2] ML tree search #3, logLikelihood: -2300.022784
[00:00:00 -2300.022805] SLOW spr round 4 (radius: 20)
[00:00:00 -2300.022805] SLOW spr round 5 (radius: 25)
[00:00:00 -2300.022805] Model parameter optimization (eps = 0.100000)
[00:00:00] [worker #4] ML tree search #5, logLikelihood: -2300.022789

[00:00:00] [worker #0] ML tree search #1, logLikelihood: -2300.022784

[00:00:00 -4464.832498] Initial branch length optimization
[00:00:00 -4040.945185] Model parameter optimization (eps = 10.000000)
[00:00:00] [worker #6] ML tree search #7, logLikelihood: -2300.022790
[00:00:00 -3999.970632] AUTODETECT spr round 1 (radius: 5)
[00:00:00] [worker #1] ML tree search #2, logLikelihood: -2300.022787
[00:00:00 -2391.219236] AUTODETECT spr round 2 (radius: 10)
[00:00:00 -2384.440397] AUTODETECT spr round 3 (radius: 15)
[00:00:00 -2384.438984] SPR radius for FAST iterations: 10 (autodetect)
[00:00:00 -2384.438984] Model parameter optimization (eps = 3.000000)
[00:00:00 -2380.445216] FAST spr round 1 (radius: 10)
[00:00:00 -2301.284867] FAST spr round 2 (radius: 10)
[00:00:00 -2300.216850] FAST spr round 3 (radius: 10)
[00:00:00 -2300.216850] Model parameter optimization (eps = 1.000000)
[00:00:00 -2300.023062] SLOW spr round 1 (radius: 5)
[00:00:00 -2300.022849] SLOW spr round 2 (radius: 10)
[00:00:00] [worker #5] ML tree search #14, logLikelihood: -2300.022789
[00:00:00] [worker #3] ML tree search #12, logLikelihood: -2300.022784
[00:00:00] [worker #4] ML tree search #13, logLikelihood: -2300.022787
[00:00:00] [worker #6] ML tree search #15, logLikelihood: -2300.022784
[00:00:00] [worker #2] ML tree search #11, logLikelihood: -2300.022788
[00:00:00] [worker #7] ML tree search #16, logLikelihood: -2300.022785
[00:00:00 -2300.022849] SLOW spr round 3 (radius: 15)
[00:00:00 -2300.022849] SLOW spr round 4 (radius: 20)
[00:00:00] [worker #1] ML tree search #10, logLikelihood: -2300.022787
[00:00:00 -2300.022849] SLOW spr round 5 (radius: 25)
[00:00:00 -2300.022849] Model parameter optimization (eps = 0.100000)

[00:00:00] [worker #0] ML tree search #9, logLikelihood: -2300.022785

[00:00:00 -2805.523171] Initial branch length optimization
[00:00:00 -2330.684041] Model parameter optimization (eps = 10.000000)
[00:00:00 -2319.572294] AUTODETECT spr round 1 (radius: 5)
[00:00:00 -2300.050829] AUTODETECT spr round 2 (radius: 10)
[00:00:00 -2300.050020] SPR radius for FAST iterations: 5 (autodetect)
[00:00:00 -2300.050020] Model parameter optimization (eps = 3.000000)
[00:00:00 -2300.022899] FAST spr round 1 (radius: 5)
[00:00:00 -2300.022888] Model parameter optimization (eps = 1.000000)
[00:00:00 -2300.022885] SLOW spr round 1 (radius: 5)
[00:00:00 -2300.022784] SLOW spr round 2 (radius: 10)
[00:00:00] [worker #3] ML tree search #20, logLikelihood: -2300.022784
[00:00:00 -2300.022784] SLOW spr round 3 (radius: 15)
[00:00:00] [worker #2] ML tree search #19, logLikelihood: -2300.022784
[00:00:00 -2300.022784] SLOW spr round 4 (radius: 20)
[00:00:00 -2300.022784] SLOW spr round 5 (radius: 25)
[00:00:00 -2300.022784] Model parameter optimization (eps = 0.100000)

[00:00:00] [worker #0] ML tree search #17, logLikelihood: -2300.022784

[00:00:00] [worker #1] ML tree search #18, logLikelihood: -2300.022784

Optimized model parameters:

   Partition 0: noname
   Rate heterogeneity: NONE
   Base frequencies (ML): 0.258883 0.176772 0.257117 0.307227 
   Substitution rates (model): 1.000000 1.000000 1.000000 1.000000 1.000000 1.000000 


Final LogLikelihood: -2300.022784

AIC score: 4736.045568 / AICc score: 4820.586108 / BIC score: 4953.166633
Free parameters (model + branch lengths): 68

WARNING: Best ML tree contains 2 near-zero branches!

Best ML tree with collapsed near-zero branches saved to: /home/fili/Documents/KIT/2023/BA/code/output/families/ssim_DL_s20_f100_sites200_GTR_bl1.0_d1.0_l1.0_t0.0_gc0.0_p0.0_pop10_ms0.0_mf0.0_seed121873/families/family_014/misc/raxml_output.F81.raxml.bestTreeCollapsed
Best ML tree saved to: /home/fili/Documents/KIT/2023/BA/code/output/families/ssim_DL_s20_f100_sites200_GTR_bl1.0_d1.0_l1.0_t0.0_gc0.0_p0.0_pop10_ms0.0_mf0.0_seed121873/families/family_014/misc/raxml_output.F81.raxml.bestTree
All ML trees saved to: /home/fili/Documents/KIT/2023/BA/code/output/families/ssim_DL_s20_f100_sites200_GTR_bl1.0_d1.0_l1.0_t0.0_gc0.0_p0.0_pop10_ms0.0_mf0.0_seed121873/families/family_014/misc/raxml_output.F81.raxml.mlTrees
Optimized model saved to: /home/fili/Documents/KIT/2023/BA/code/output/families/ssim_DL_s20_f100_sites200_GTR_bl1.0_d1.0_l1.0_t0.0_gc0.0_p0.0_pop10_ms0.0_mf0.0_seed121873/families/family_014/misc/raxml_output.F81.raxml.bestModel

Execution log saved to: /home/fili/Documents/KIT/2023/BA/code/output/families/ssim_DL_s20_f100_sites200_GTR_bl1.0_d1.0_l1.0_t0.0_gc0.0_p0.0_pop10_ms0.0_mf0.0_seed121873/families/family_014/misc/raxml_output.F81.raxml.log

Analysis started: 27-Jun-2023 13:41:53 / finished: 27-Jun-2023 13:41:53

Elapsed time: 0.580 seconds

