
RAxML-NG v. 1.1.0 released on 29.11.2021 by The Exelixis Lab.
Developed by: Alexey M. Kozlov and Alexandros Stamatakis.
Contributors: Diego Darriba, Tomas Flouri, Benoit Morel, Sarah Lutteropp, Ben Bettisworth.
Latest version: https://github.com/amkozlov/raxml-ng
Questions/problems/suggestions? Please visit: https://groups.google.com/forum/#!forum/raxml

System: AMD Ryzen 7 5800X 8-Core Processor, 8 cores, 31 GB RAM

RAxML-NG was called at 27-Jun-2023 13:52:01 as follows:

/home/fili/Documents/KIT/2023/BA/resources/tools/RAxML-NG/raxml-ng --msa /home/fili/Documents/KIT/2023/BA/code/output/families/ssim_NE_s20_f100_sites200_GTR_bl1.0_d0.0_l0.0_t0.0_gc0.0_p0.0_pop10_ms0.0_mf0.0_seed14976684177860080345/families/family_089/alignment.msa --model F81 --prefix /home/fili/Documents/KIT/2023/BA/code/output/families/ssim_NE_s20_f100_sites200_GTR_bl1.0_d0.0_l0.0_t0.0_gc0.0_p0.0_pop10_ms0.0_mf0.0_seed14976684177860080345/families/family_089/misc/raxml_output.F81

Analysis options:
  run mode: ML tree search
  start tree(s): random (10) + parsimony (10)
  random seed: 1687866721
  tip-inner: OFF
  pattern compression: ON
  per-rate scalers: OFF
  site repeats: ON
  fast spr radius: AUTO
  spr subtree cutoff: 1.000000
  branch lengths: proportional (ML estimate, algorithm: NR-FAST)
  SIMD kernels: AVX2
  parallelization: coarse-grained (auto), PTHREADS (auto)

[00:00:00] Reading alignment from file: /home/fili/Documents/KIT/2023/BA/code/output/families/ssim_NE_s20_f100_sites200_GTR_bl1.0_d0.0_l0.0_t0.0_gc0.0_p0.0_pop10_ms0.0_mf0.0_seed14976684177860080345/families/family_089/alignment.msa
[00:00:00] Loaded alignment with 20 taxa and 121 sites

WARNING: Sequences 18_0_0 and 19_0_0 are exactly identical!
WARNING: Sequences 18_0_0 and 17_0_0 are exactly identical!
WARNING: Sequences 7_0_0 and 5_0_0 are exactly identical!
WARNING: Duplicate sequences found: 3

NOTE: Reduced alignment (with duplicates and gap-only sites/taxa removed) 
NOTE: was saved to: /home/fili/Documents/KIT/2023/BA/code/output/families/ssim_NE_s20_f100_sites200_GTR_bl1.0_d0.0_l0.0_t0.0_gc0.0_p0.0_pop10_ms0.0_mf0.0_seed14976684177860080345/families/family_089/misc/raxml_output.F81.raxml.reduced.phy

Alignment comprises 1 partitions and 53 patterns

Partition 0: noname
Model: F81+FO
Alignment sites / patterns: 121 / 53
Gaps: 0.00 %
Invariant sites: 52.07 %


NOTE: Binary MSA file created: /home/fili/Documents/KIT/2023/BA/code/output/families/ssim_NE_s20_f100_sites200_GTR_bl1.0_d0.0_l0.0_t0.0_gc0.0_p0.0_pop10_ms0.0_mf0.0_seed14976684177860080345/families/family_089/misc/raxml_output.F81.raxml.rba

Parallelization scheme autoconfig: 8 worker(s) x 1 thread(s)

Parallel reduction/worker buffer size: 1 KB  / 0 KB

[00:00:00] Generating 10 random starting tree(s) with 20 taxa
[00:00:00] Generating 10 parsimony starting tree(s) with 20 taxa
[00:00:00] Data distribution: max. partitions/sites/weight per thread: 1 / 53 / 212
[00:00:00] Data distribution: max. searches per worker: 3

Starting ML tree search with 20 distinct starting trees

[00:00:00 -1624.086866] Initial branch length optimization
[00:00:00 -1405.814084] Model parameter optimization (eps = 10.000000)
[00:00:00 -1383.975411] AUTODETECT spr round 1 (radius: 5)
[00:00:00 -657.125329] AUTODETECT spr round 2 (radius: 10)
[00:00:00 -657.122178] SPR radius for FAST iterations: 5 (autodetect)
[00:00:00 -657.122178] Model parameter optimization (eps = 3.000000)
[00:00:00 -656.435761] FAST spr round 1 (radius: 5)
[00:00:00 -641.561874] FAST spr round 2 (radius: 5)
[00:00:00 -641.561869] Model parameter optimization (eps = 1.000000)
[00:00:00 -641.533660] SLOW spr round 1 (radius: 5)
[00:00:00 -641.533637] SLOW spr round 2 (radius: 10)
[00:00:00 -641.533637] SLOW spr round 3 (radius: 15)
[00:00:00 -641.533637] SLOW spr round 4 (radius: 20)
[00:00:00 -641.533637] Model parameter optimization (eps = 0.100000)

[00:00:00] [worker #0] ML tree search #1, logLikelihood: -641.533631

[00:00:00] [worker #5] ML tree search #6, logLikelihood: -641.533751
[00:00:00 -1655.463858] Initial branch length optimization
[00:00:00 -1447.012949] Model parameter optimization (eps = 10.000000)
[00:00:00] [worker #4] ML tree search #5, logLikelihood: -641.533630
[00:00:00 -1423.962137] AUTODETECT spr round 1 (radius: 5)
[00:00:00] [worker #1] ML tree search #2, logLikelihood: -641.533629
[00:00:00] [worker #7] ML tree search #8, logLikelihood: -641.533629
[00:00:00 -657.526363] AUTODETECT spr round 2 (radius: 10)
[00:00:00 -657.524095] SPR radius for FAST iterations: 5 (autodetect)
[00:00:00 -657.524095] Model parameter optimization (eps = 3.000000)
[00:00:00 -656.900189] FAST spr round 1 (radius: 5)
[00:00:00] [worker #3] ML tree search #4, logLikelihood: -641.947557
[00:00:00 -648.308693] FAST spr round 2 (radius: 5)
[00:00:00 -642.186380] FAST spr round 3 (radius: 5)
[00:00:00] [worker #2] ML tree search #3, logLikelihood: -641.533631
[00:00:00 -641.966064] FAST spr round 4 (radius: 5)
[00:00:00 -641.966052] Model parameter optimization (eps = 1.000000)
[00:00:00 -641.533796] SLOW spr round 1 (radius: 5)
[00:00:00] [worker #6] ML tree search #7, logLikelihood: -641.533630
[00:00:00] [worker #7] ML tree search #16, logLikelihood: -641.947678
[00:00:00 -641.533641] SLOW spr round 2 (radius: 10)
[00:00:00] [worker #5] ML tree search #14, logLikelihood: -641.533629
[00:00:00] [worker #4] ML tree search #13, logLikelihood: -641.533750
[00:00:00 -641.533641] SLOW spr round 3 (radius: 15)
[00:00:00 -641.533641] SLOW spr round 4 (radius: 20)
[00:00:00 -641.533641] Model parameter optimization (eps = 0.100000)

[00:00:00] [worker #0] ML tree search #9, logLikelihood: -641.533630

[00:00:00 -925.758680] Initial branch length optimization
[00:00:00] [worker #1] ML tree search #10, logLikelihood: -641.533629
[00:00:00 -653.755182] Model parameter optimization (eps = 10.000000)
[00:00:00 -645.733677] AUTODETECT spr round 1 (radius: 5)
[00:00:00 -641.799189] AUTODETECT spr round 2 (radius: 10)
[00:00:00 -641.796378] SPR radius for FAST iterations: 5 (autodetect)
[00:00:00 -641.796378] Model parameter optimization (eps = 3.000000)
[00:00:00 -641.795806] FAST spr round 1 (radius: 5)
[00:00:00 -641.538251] FAST spr round 2 (radius: 5)
[00:00:00 -641.538247] Model parameter optimization (eps = 1.000000)
[00:00:00 -641.533635] SLOW spr round 1 (radius: 5)
[00:00:00 -641.533631] SLOW spr round 2 (radius: 10)
[00:00:00] [worker #2] ML tree search #11, logLikelihood: -641.533751
[00:00:00] [worker #3] ML tree search #12, logLikelihood: -641.533628
[00:00:00 -641.533631] SLOW spr round 3 (radius: 15)
[00:00:00 -641.533631] SLOW spr round 4 (radius: 20)
[00:00:00 -641.533631] Model parameter optimization (eps = 0.100000)

[00:00:00] [worker #0] ML tree search #17, logLikelihood: -641.533630

[00:00:00] [worker #1] ML tree search #18, logLikelihood: -641.533629
[00:00:00] [worker #6] ML tree search #15, logLikelihood: -641.533630
[00:00:00] [worker #2] ML tree search #19, logLikelihood: -641.533751
[00:00:00] [worker #3] ML tree search #20, logLikelihood: -641.533750

Optimized model parameters:

   Partition 0: noname
   Rate heterogeneity: NONE
   Base frequencies (ML): 0.299116 0.182839 0.330608 0.187437 
   Substitution rates (model): 1.000000 1.000000 1.000000 1.000000 1.000000 1.000000 


Final LogLikelihood: -641.533628

AIC score: 1363.067257 / AICc score: 1404.067257 / BIC score: 1474.898879
Free parameters (model + branch lengths): 40

WARNING: Best ML tree contains 4 near-zero branches!

Best ML tree with collapsed near-zero branches saved to: /home/fili/Documents/KIT/2023/BA/code/output/families/ssim_NE_s20_f100_sites200_GTR_bl1.0_d0.0_l0.0_t0.0_gc0.0_p0.0_pop10_ms0.0_mf0.0_seed14976684177860080345/families/family_089/misc/raxml_output.F81.raxml.bestTreeCollapsed
Best ML tree saved to: /home/fili/Documents/KIT/2023/BA/code/output/families/ssim_NE_s20_f100_sites200_GTR_bl1.0_d0.0_l0.0_t0.0_gc0.0_p0.0_pop10_ms0.0_mf0.0_seed14976684177860080345/families/family_089/misc/raxml_output.F81.raxml.bestTree
All ML trees saved to: /home/fili/Documents/KIT/2023/BA/code/output/families/ssim_NE_s20_f100_sites200_GTR_bl1.0_d0.0_l0.0_t0.0_gc0.0_p0.0_pop10_ms0.0_mf0.0_seed14976684177860080345/families/family_089/misc/raxml_output.F81.raxml.mlTrees
Optimized model saved to: /home/fili/Documents/KIT/2023/BA/code/output/families/ssim_NE_s20_f100_sites200_GTR_bl1.0_d0.0_l0.0_t0.0_gc0.0_p0.0_pop10_ms0.0_mf0.0_seed14976684177860080345/families/family_089/misc/raxml_output.F81.raxml.bestModel

Execution log saved to: /home/fili/Documents/KIT/2023/BA/code/output/families/ssim_NE_s20_f100_sites200_GTR_bl1.0_d0.0_l0.0_t0.0_gc0.0_p0.0_pop10_ms0.0_mf0.0_seed14976684177860080345/families/family_089/misc/raxml_output.F81.raxml.log

Analysis started: 27-Jun-2023 13:52:01 / finished: 27-Jun-2023 13:52:01

Elapsed time: 0.194 seconds

