
RAxML-NG v. 1.1.0 released on 29.11.2021 by The Exelixis Lab.
Developed by: Alexey M. Kozlov and Alexandros Stamatakis.
Contributors: Diego Darriba, Tomas Flouri, Benoit Morel, Sarah Lutteropp, Ben Bettisworth.
Latest version: https://github.com/amkozlov/raxml-ng
Questions/problems/suggestions? Please visit: https://groups.google.com/forum/#!forum/raxml

System: AMD Ryzen 7 5800X 8-Core Processor, 8 cores, 31 GB RAM

RAxML-NG was called at 27-Jun-2023 13:41:18 as follows:

/home/fili/Documents/KIT/2023/BA/resources/tools/RAxML-NG/raxml-ng --msa /home/fili/Documents/KIT/2023/BA/code/output/families/ssim_DL_s20_f100_sites200_GTR_bl1.0_d1.0_l1.0_t0.0_gc0.0_p0.0_pop10_ms0.0_mf0.0_seed121873/families/family_092/alignment.msa --model F81 --prefix /home/fili/Documents/KIT/2023/BA/code/output/families/ssim_DL_s20_f100_sites200_GTR_bl1.0_d1.0_l1.0_t0.0_gc0.0_p0.0_pop10_ms0.0_mf0.0_seed121873/families/family_092/misc/raxml_output.F81

Analysis options:
  run mode: ML tree search
  start tree(s): random (10) + parsimony (10)
  random seed: 1687866078
  tip-inner: OFF
  pattern compression: ON
  per-rate scalers: OFF
  site repeats: ON
  fast spr radius: AUTO
  spr subtree cutoff: 1.000000
  branch lengths: proportional (ML estimate, algorithm: NR-FAST)
  SIMD kernels: AVX2
  parallelization: coarse-grained (auto), PTHREADS (auto)

[00:00:00] Reading alignment from file: /home/fili/Documents/KIT/2023/BA/code/output/families/ssim_DL_s20_f100_sites200_GTR_bl1.0_d1.0_l1.0_t0.0_gc0.0_p0.0_pop10_ms0.0_mf0.0_seed121873/families/family_092/alignment.msa
[00:00:00] Loaded alignment with 15 taxa and 169 sites

WARNING: Sequences 17_0_0 and 15_0_0 are exactly identical!
WARNING: Duplicate sequences found: 1

NOTE: Reduced alignment (with duplicates and gap-only sites/taxa removed) 
NOTE: was saved to: /home/fili/Documents/KIT/2023/BA/code/output/families/ssim_DL_s20_f100_sites200_GTR_bl1.0_d1.0_l1.0_t0.0_gc0.0_p0.0_pop10_ms0.0_mf0.0_seed121873/families/family_092/misc/raxml_output.F81.raxml.reduced.phy

Alignment comprises 1 partitions and 99 patterns

Partition 0: noname
Model: F81+FO
Alignment sites / patterns: 169 / 99
Gaps: 0.00 %
Invariant sites: 33.73 %


NOTE: Binary MSA file created: /home/fili/Documents/KIT/2023/BA/code/output/families/ssim_DL_s20_f100_sites200_GTR_bl1.0_d1.0_l1.0_t0.0_gc0.0_p0.0_pop10_ms0.0_mf0.0_seed121873/families/family_092/misc/raxml_output.F81.raxml.rba

Parallelization scheme autoconfig: 8 worker(s) x 1 thread(s)

Parallel reduction/worker buffer size: 1 KB  / 0 KB

[00:00:00] Generating 10 random starting tree(s) with 15 taxa
[00:00:00] Generating 10 parsimony starting tree(s) with 15 taxa
[00:00:00] Data distribution: max. partitions/sites/weight per thread: 1 / 99 / 396
[00:00:00] Data distribution: max. searches per worker: 3

Starting ML tree search with 20 distinct starting trees

[00:00:00 -1875.393309] Initial branch length optimization
[00:00:00 -1698.605999] Model parameter optimization (eps = 10.000000)
[00:00:00 -1633.772938] AUTODETECT spr round 1 (radius: 5)
[00:00:00 -1228.086842] AUTODETECT spr round 2 (radius: 10)
[00:00:00 -1224.461186] AUTODETECT spr round 3 (radius: 15)
[00:00:00 -1224.460173] SPR radius for FAST iterations: 10 (autodetect)
[00:00:00 -1224.460173] Model parameter optimization (eps = 3.000000)
[00:00:00 -1223.699674] FAST spr round 1 (radius: 10)
[00:00:00 -1203.920128] FAST spr round 2 (radius: 10)
[00:00:00 -1203.617791] FAST spr round 3 (radius: 10)
[00:00:00 -1203.589279] Model parameter optimization (eps = 1.000000)
[00:00:00 -1203.546497] SLOW spr round 1 (radius: 5)
[00:00:00 -1203.540171] SLOW spr round 2 (radius: 10)
[00:00:00] [worker #3] ML tree search #4, logLikelihood: -1203.540120
[00:00:00] [worker #2] ML tree search #3, logLikelihood: -1203.546462
[00:00:00 -1203.540171] SLOW spr round 3 (radius: 15)
[00:00:00 -1203.540171] Model parameter optimization (eps = 0.100000)

[00:00:00] [worker #0] ML tree search #1, logLikelihood: -1203.540118

[00:00:00] [worker #7] ML tree search #8, logLikelihood: -1203.540119
[00:00:00] [worker #4] ML tree search #5, logLikelihood: -1203.540161
[00:00:00 -1910.004601] Initial branch length optimization
[00:00:00 -1737.490455] Model parameter optimization (eps = 10.000000)
[00:00:00 -1669.547875] AUTODETECT spr round 1 (radius: 5)
[00:00:00] [worker #1] ML tree search #2, logLikelihood: -1203.540118
[00:00:00 -1207.670774] AUTODETECT spr round 2 (radius: 10)
[00:00:00 -1207.670533] SPR radius for FAST iterations: 5 (autodetect)
[00:00:00 -1207.670533] Model parameter optimization (eps = 3.000000)
[00:00:00 -1207.333895] FAST spr round 1 (radius: 5)
[00:00:00] [worker #6] ML tree search #7, logLikelihood: -1203.540127
[00:00:00] [worker #5] ML tree search #6, logLikelihood: -1203.540163
[00:00:00 -1203.552315] FAST spr round 2 (radius: 5)
[00:00:00 -1203.552314] Model parameter optimization (eps = 1.000000)
[00:00:00 -1203.540152] SLOW spr round 1 (radius: 5)
[00:00:00] [worker #3] ML tree search #12, logLikelihood: -1203.540119
[00:00:00] [worker #2] ML tree search #11, logLikelihood: -1203.540118
[00:00:00] [worker #6] ML tree search #15, logLikelihood: -1203.540120
[00:00:00] [worker #5] ML tree search #14, logLikelihood: -1203.540120
[00:00:00 -1203.540141] SLOW spr round 2 (radius: 10)
[00:00:00] [worker #7] ML tree search #16, logLikelihood: -1203.540161
[00:00:00 -1203.540141] SLOW spr round 3 (radius: 15)
[00:00:00 -1203.540141] Model parameter optimization (eps = 0.100000)

[00:00:00] [worker #0] ML tree search #9, logLikelihood: -1203.540119

[00:00:00 -1402.805150] Initial branch length optimization
[00:00:00 -1249.136102] Model parameter optimization (eps = 10.000000)
[00:00:00] [worker #1] ML tree search #10, logLikelihood: -1203.540118
[00:00:00 -1207.661512] AUTODETECT spr round 1 (radius: 5)
[00:00:00] [worker #3] ML tree search #20, logLikelihood: -1203.540118
[00:00:00 -1203.548864] AUTODETECT spr round 2 (radius: 10)
[00:00:00 -1203.548499] SPR radius for FAST iterations: 5 (autodetect)
[00:00:00 -1203.548499] Model parameter optimization (eps = 3.000000)
[00:00:00 -1203.540129] FAST spr round 1 (radius: 5)
[00:00:00] [worker #2] ML tree search #19, logLikelihood: -1203.540118
[00:00:00] [worker #4] ML tree search #13, logLikelihood: -1203.540149
[00:00:00 -1203.540125] Model parameter optimization (eps = 1.000000)
[00:00:00 -1203.540120] SLOW spr round 1 (radius: 5)
[00:00:00 -1203.540120] SLOW spr round 2 (radius: 10)
[00:00:00 -1203.540120] SLOW spr round 3 (radius: 15)
[00:00:00 -1203.540120] Model parameter optimization (eps = 0.100000)

[00:00:00] [worker #0] ML tree search #17, logLikelihood: -1203.540120

[00:00:00] [worker #1] ML tree search #18, logLikelihood: -1203.540120

Optimized model parameters:

   Partition 0: noname
   Rate heterogeneity: NONE
   Base frequencies (ML): 0.318023 0.110481 0.393383 0.178113 
   Substitution rates (model): 1.000000 1.000000 1.000000 1.000000 1.000000 1.000000 


Final LogLikelihood: -1203.540118

AIC score: 2467.080237 / AICc score: 2480.558498 / BIC score: 2560.977198
Free parameters (model + branch lengths): 30

Best ML tree saved to: /home/fili/Documents/KIT/2023/BA/code/output/families/ssim_DL_s20_f100_sites200_GTR_bl1.0_d1.0_l1.0_t0.0_gc0.0_p0.0_pop10_ms0.0_mf0.0_seed121873/families/family_092/misc/raxml_output.F81.raxml.bestTree
All ML trees saved to: /home/fili/Documents/KIT/2023/BA/code/output/families/ssim_DL_s20_f100_sites200_GTR_bl1.0_d1.0_l1.0_t0.0_gc0.0_p0.0_pop10_ms0.0_mf0.0_seed121873/families/family_092/misc/raxml_output.F81.raxml.mlTrees
Optimized model saved to: /home/fili/Documents/KIT/2023/BA/code/output/families/ssim_DL_s20_f100_sites200_GTR_bl1.0_d1.0_l1.0_t0.0_gc0.0_p0.0_pop10_ms0.0_mf0.0_seed121873/families/family_092/misc/raxml_output.F81.raxml.bestModel

Execution log saved to: /home/fili/Documents/KIT/2023/BA/code/output/families/ssim_DL_s20_f100_sites200_GTR_bl1.0_d1.0_l1.0_t0.0_gc0.0_p0.0_pop10_ms0.0_mf0.0_seed121873/families/family_092/misc/raxml_output.F81.raxml.log

Analysis started: 27-Jun-2023 13:41:18 / finished: 27-Jun-2023 13:41:19

Elapsed time: 0.167 seconds

