
RAxML-NG v. 1.1.0 released on 29.11.2021 by The Exelixis Lab.
Developed by: Alexey M. Kozlov and Alexandros Stamatakis.
Contributors: Diego Darriba, Tomas Flouri, Benoit Morel, Sarah Lutteropp, Ben Bettisworth.
Latest version: https://github.com/amkozlov/raxml-ng
Questions/problems/suggestions? Please visit: https://groups.google.com/forum/#!forum/raxml

System: AMD Ryzen 7 5800X 8-Core Processor, 8 cores, 31 GB RAM

RAxML-NG was called at 16-Jun-2023 09:59:19 as follows:

/home/fili/Documents/KIT/2023/BA/resources/tools/RAxML-NG/raxml-ng --msa /home/fili/Documents/KIT/2023/BA/code/output/families/ssim_NE_s20_f100_sites200_GTR_bl1.0_d0.0_l0.0_t0.0_gc0.0_p0.0_pop10_ms0.0_mf0.0_seed1007/families/family_071/alignment.msa --model F81 --prefix /home/fili/Documents/KIT/2023/BA/code/output/families/ssim_NE_s20_f100_sites200_GTR_bl1.0_d0.0_l0.0_t0.0_gc0.0_p0.0_pop10_ms0.0_mf0.0_seed1007/families/family_071/misc/raxml_output.F81

Analysis options:
  run mode: ML tree search
  start tree(s): random (10) + parsimony (10)
  random seed: 1686902359
  tip-inner: OFF
  pattern compression: ON
  per-rate scalers: OFF
  site repeats: ON
  fast spr radius: AUTO
  spr subtree cutoff: 1.000000
  branch lengths: proportional (ML estimate, algorithm: NR-FAST)
  SIMD kernels: AVX2
  parallelization: coarse-grained (auto), PTHREADS (auto)

[00:00:00] Reading alignment from file: /home/fili/Documents/KIT/2023/BA/code/output/families/ssim_NE_s20_f100_sites200_GTR_bl1.0_d0.0_l0.0_t0.0_gc0.0_p0.0_pop10_ms0.0_mf0.0_seed1007/families/family_071/alignment.msa
[00:00:00] Loaded alignment with 20 taxa and 202 sites

WARNING: Sequences 19_0_0 and 20_0_0 are exactly identical!
WARNING: Duplicate sequences found: 1

NOTE: Reduced alignment (with duplicates and gap-only sites/taxa removed) 
NOTE: was saved to: /home/fili/Documents/KIT/2023/BA/code/output/families/ssim_NE_s20_f100_sites200_GTR_bl1.0_d0.0_l0.0_t0.0_gc0.0_p0.0_pop10_ms0.0_mf0.0_seed1007/families/family_071/misc/raxml_output.F81.raxml.reduced.phy

Alignment comprises 1 partitions and 117 patterns

Partition 0: noname
Model: F81+FO
Alignment sites / patterns: 202 / 117
Gaps: 0.00 %
Invariant sites: 35.15 %


NOTE: Binary MSA file created: /home/fili/Documents/KIT/2023/BA/code/output/families/ssim_NE_s20_f100_sites200_GTR_bl1.0_d0.0_l0.0_t0.0_gc0.0_p0.0_pop10_ms0.0_mf0.0_seed1007/families/family_071/misc/raxml_output.F81.raxml.rba

Parallelization scheme autoconfig: 8 worker(s) x 1 thread(s)

Parallel reduction/worker buffer size: 1 KB  / 0 KB

[00:00:00] Generating 10 random starting tree(s) with 20 taxa
[00:00:00] Generating 10 parsimony starting tree(s) with 20 taxa
[00:00:00] Data distribution: max. partitions/sites/weight per thread: 1 / 117 / 468
[00:00:00] Data distribution: max. searches per worker: 3

Starting ML tree search with 20 distinct starting trees

[00:00:00 -2849.914701] Initial branch length optimization
[00:00:00 -2627.714179] Model parameter optimization (eps = 10.000000)
[00:00:00 -2482.137381] AUTODETECT spr round 1 (radius: 5)
[00:00:00 -1549.735401] AUTODETECT spr round 2 (radius: 10)
[00:00:00 -1529.557851] AUTODETECT spr round 3 (radius: 15)
[00:00:00 -1529.554351] SPR radius for FAST iterations: 10 (autodetect)
[00:00:00 -1529.554351] Model parameter optimization (eps = 3.000000)
[00:00:00 -1527.141136] FAST spr round 1 (radius: 10)
[00:00:00 -1467.870913] FAST spr round 2 (radius: 10)
[00:00:00 -1467.824595] Model parameter optimization (eps = 1.000000)
[00:00:00 -1467.602020] SLOW spr round 1 (radius: 5)
[00:00:00] [worker #3] ML tree search #4, logLikelihood: -1467.601479
[00:00:00] [worker #7] ML tree search #8, logLikelihood: -1467.601477
[00:00:00] [worker #1] ML tree search #2, logLikelihood: -1467.601476
[00:00:00 -1467.601897] SLOW spr round 2 (radius: 10)
[00:00:00] [worker #4] ML tree search #5, logLikelihood: -1467.601480
[00:00:00] [worker #5] ML tree search #6, logLikelihood: -1467.601481
[00:00:00] [worker #2] ML tree search #3, logLikelihood: -1467.601478
[00:00:00 -1467.601897] SLOW spr round 3 (radius: 15)
[00:00:00 -1467.601897] SLOW spr round 4 (radius: 20)
[00:00:00 -1467.601897] Model parameter optimization (eps = 0.100000)

[00:00:00] [worker #0] ML tree search #1, logLikelihood: -1467.601478

[00:00:00 -2844.574471] Initial branch length optimization
[00:00:00 -2634.825137] Model parameter optimization (eps = 10.000000)
[00:00:00 -2490.323410] AUTODETECT spr round 1 (radius: 5)
[00:00:00] [worker #6] ML tree search #7, logLikelihood: -1467.601479
[00:00:00 -1523.203323] AUTODETECT spr round 2 (radius: 10)
[00:00:00 -1523.198521] SPR radius for FAST iterations: 5 (autodetect)
[00:00:00 -1523.198521] Model parameter optimization (eps = 3.000000)
[00:00:00 -1519.013556] FAST spr round 1 (radius: 5)
[00:00:00 -1478.671591] FAST spr round 2 (radius: 5)
[00:00:00 -1467.717652] FAST spr round 3 (radius: 5)
[00:00:00] [worker #3] ML tree search #12, logLikelihood: -1467.601477
[00:00:00 -1467.717652] Model parameter optimization (eps = 1.000000)
[00:00:00 -1467.601521] SLOW spr round 1 (radius: 5)
[00:00:00] [worker #4] ML tree search #13, logLikelihood: -1467.601477
[00:00:00] [worker #1] ML tree search #10, logLikelihood: -1467.601477
[00:00:00] [worker #7] ML tree search #16, logLikelihood: -1467.601477
[00:00:00] [worker #2] ML tree search #11, logLikelihood: -1467.601479
[00:00:00] [worker #5] ML tree search #14, logLikelihood: -1467.601479
[00:00:00 -1467.601515] SLOW spr round 2 (radius: 10)
[00:00:00] [worker #6] ML tree search #15, logLikelihood: -1467.601477
[00:00:00 -1467.601515] SLOW spr round 3 (radius: 15)
[00:00:00 -1467.601515] SLOW spr round 4 (radius: 20)
[00:00:00 -1467.601515] Model parameter optimization (eps = 0.100000)

[00:00:00] [worker #0] ML tree search #9, logLikelihood: -1467.601484

[00:00:00 -1843.808400] Initial branch length optimization
[00:00:00 -1538.013226] Model parameter optimization (eps = 10.000000)
[00:00:00 -1475.872760] AUTODETECT spr round 1 (radius: 5)
[00:00:00 -1473.531250] AUTODETECT spr round 2 (radius: 10)
[00:00:00 -1473.528676] SPR radius for FAST iterations: 5 (autodetect)
[00:00:00 -1473.528676] Model parameter optimization (eps = 3.000000)
[00:00:00 -1473.495370] FAST spr round 1 (radius: 5)
[00:00:00 -1472.825155] FAST spr round 2 (radius: 5)
[00:00:00 -1467.608799] FAST spr round 3 (radius: 5)
[00:00:00] [worker #3] ML tree search #20, logLikelihood: -1467.601477
[00:00:00] [worker #1] ML tree search #18, logLikelihood: -1467.601477
[00:00:00 -1467.608792] Model parameter optimization (eps = 1.000000)
[00:00:00 -1467.601493] SLOW spr round 1 (radius: 5)
[00:00:00] [worker #2] ML tree search #19, logLikelihood: -1467.601477
[00:00:00 -1467.601491] SLOW spr round 2 (radius: 10)
[00:00:00 -1467.601491] SLOW spr round 3 (radius: 15)
[00:00:00 -1467.601491] SLOW spr round 4 (radius: 20)
[00:00:00 -1467.601491] Model parameter optimization (eps = 0.100000)

[00:00:00] [worker #0] ML tree search #17, logLikelihood: -1467.601477


Optimized model parameters:

   Partition 0: noname
   Rate heterogeneity: NONE
   Base frequencies (ML): 0.349852 0.108963 0.394857 0.146328 
   Substitution rates (model): 1.000000 1.000000 1.000000 1.000000 1.000000 1.000000 


Final LogLikelihood: -1467.601476

AIC score: 3015.202953 / AICc score: 3035.575624 / BIC score: 3147.533661
Free parameters (model + branch lengths): 40

Best ML tree saved to: /home/fili/Documents/KIT/2023/BA/code/output/families/ssim_NE_s20_f100_sites200_GTR_bl1.0_d0.0_l0.0_t0.0_gc0.0_p0.0_pop10_ms0.0_mf0.0_seed1007/families/family_071/misc/raxml_output.F81.raxml.bestTree
All ML trees saved to: /home/fili/Documents/KIT/2023/BA/code/output/families/ssim_NE_s20_f100_sites200_GTR_bl1.0_d0.0_l0.0_t0.0_gc0.0_p0.0_pop10_ms0.0_mf0.0_seed1007/families/family_071/misc/raxml_output.F81.raxml.mlTrees
Optimized model saved to: /home/fili/Documents/KIT/2023/BA/code/output/families/ssim_NE_s20_f100_sites200_GTR_bl1.0_d0.0_l0.0_t0.0_gc0.0_p0.0_pop10_ms0.0_mf0.0_seed1007/families/family_071/misc/raxml_output.F81.raxml.bestModel

Execution log saved to: /home/fili/Documents/KIT/2023/BA/code/output/families/ssim_NE_s20_f100_sites200_GTR_bl1.0_d0.0_l0.0_t0.0_gc0.0_p0.0_pop10_ms0.0_mf0.0_seed1007/families/family_071/misc/raxml_output.F81.raxml.log

Analysis started: 16-Jun-2023 09:59:19 / finished: 16-Jun-2023 09:59:19

Elapsed time: 0.262 seconds

