
RAxML-NG v. 1.1.0 released on 29.11.2021 by The Exelixis Lab.
Developed by: Alexey M. Kozlov and Alexandros Stamatakis.
Contributors: Diego Darriba, Tomas Flouri, Benoit Morel, Sarah Lutteropp, Ben Bettisworth.
Latest version: https://github.com/amkozlov/raxml-ng
Questions/problems/suggestions? Please visit: https://groups.google.com/forum/#!forum/raxml

System: AMD Ryzen 7 5800X 8-Core Processor, 8 cores, 31 GB RAM

RAxML-NG was called at 27-Jun-2023 13:47:14 as follows:

/home/fili/Documents/KIT/2023/BA/resources/tools/RAxML-NG/raxml-ng --msa /home/fili/Documents/KIT/2023/BA/code/output/families/ssim_NE_s20_f100_sites200_GTR_bl1.0_d0.0_l0.0_t0.0_gc0.0_p0.0_pop10_ms0.0_mf0.0_seed121873/families/family_056/alignment.msa --model F81 --prefix /home/fili/Documents/KIT/2023/BA/code/output/families/ssim_NE_s20_f100_sites200_GTR_bl1.0_d0.0_l0.0_t0.0_gc0.0_p0.0_pop10_ms0.0_mf0.0_seed121873/families/family_056/misc/raxml_output.F81

Analysis options:
  run mode: ML tree search
  start tree(s): random (10) + parsimony (10)
  random seed: 1687866434
  tip-inner: OFF
  pattern compression: ON
  per-rate scalers: OFF
  site repeats: ON
  fast spr radius: AUTO
  spr subtree cutoff: 1.000000
  branch lengths: proportional (ML estimate, algorithm: NR-FAST)
  SIMD kernels: AVX2
  parallelization: coarse-grained (auto), PTHREADS (auto)

[00:00:00] Reading alignment from file: /home/fili/Documents/KIT/2023/BA/code/output/families/ssim_NE_s20_f100_sites200_GTR_bl1.0_d0.0_l0.0_t0.0_gc0.0_p0.0_pop10_ms0.0_mf0.0_seed121873/families/family_056/alignment.msa
[00:00:00] Loaded alignment with 20 taxa and 151 sites

WARNING: Sequences 13_0_0 and 19_0_0 are exactly identical!
WARNING: Sequences 12_0_0 and 2_0_0 are exactly identical!
WARNING: Duplicate sequences found: 2

NOTE: Reduced alignment (with duplicates and gap-only sites/taxa removed) 
NOTE: was saved to: /home/fili/Documents/KIT/2023/BA/code/output/families/ssim_NE_s20_f100_sites200_GTR_bl1.0_d0.0_l0.0_t0.0_gc0.0_p0.0_pop10_ms0.0_mf0.0_seed121873/families/family_056/misc/raxml_output.F81.raxml.reduced.phy

Alignment comprises 1 partitions and 97 patterns

Partition 0: noname
Model: F81+FO
Alignment sites / patterns: 151 / 97
Gaps: 0.00 %
Invariant sites: 31.13 %


NOTE: Binary MSA file created: /home/fili/Documents/KIT/2023/BA/code/output/families/ssim_NE_s20_f100_sites200_GTR_bl1.0_d0.0_l0.0_t0.0_gc0.0_p0.0_pop10_ms0.0_mf0.0_seed121873/families/family_056/misc/raxml_output.F81.raxml.rba

Parallelization scheme autoconfig: 8 worker(s) x 1 thread(s)

Parallel reduction/worker buffer size: 1 KB  / 0 KB

[00:00:00] Generating 10 random starting tree(s) with 20 taxa
[00:00:00] Generating 10 parsimony starting tree(s) with 20 taxa
[00:00:00] Data distribution: max. partitions/sites/weight per thread: 1 / 97 / 388
[00:00:00] Data distribution: max. searches per worker: 3

Starting ML tree search with 20 distinct starting trees

[00:00:00 -2343.672586] Initial branch length optimization
[00:00:00 -2069.804995] Model parameter optimization (eps = 10.000000)
[00:00:00 -2045.150708] AUTODETECT spr round 1 (radius: 5)
[00:00:00 -1354.201476] AUTODETECT spr round 2 (radius: 10)
[00:00:00 -1176.796594] AUTODETECT spr round 3 (radius: 15)
[00:00:00 -1176.795893] SPR radius for FAST iterations: 10 (autodetect)
[00:00:00 -1176.795893] Model parameter optimization (eps = 3.000000)
[00:00:00 -1176.360301] FAST spr round 1 (radius: 10)
[00:00:00 -1151.606284] FAST spr round 2 (radius: 10)
[00:00:00 -1145.543907] FAST spr round 3 (radius: 10)
[00:00:00 -1144.673305] FAST spr round 4 (radius: 10)
[00:00:00 -1141.693614] FAST spr round 5 (radius: 10)
[00:00:00 -1141.693604] Model parameter optimization (eps = 1.000000)
[00:00:00 -1141.669778] SLOW spr round 1 (radius: 5)
[00:00:00] [worker #3] ML tree search #4, logLikelihood: -1141.669757
[00:00:00] [worker #2] ML tree search #3, logLikelihood: -1141.669759
[00:00:00] [worker #6] ML tree search #7, logLikelihood: -1141.669759
[00:00:00] [worker #4] ML tree search #5, logLikelihood: -1141.669757
[00:00:00 -1141.669761] SLOW spr round 2 (radius: 10)
[00:00:00] [worker #1] ML tree search #2, logLikelihood: -1141.669759
[00:00:00] [worker #7] ML tree search #8, logLikelihood: -1141.669757
[00:00:00] [worker #5] ML tree search #6, logLikelihood: -1141.669760
[00:00:00 -1141.669761] SLOW spr round 3 (radius: 15)
[00:00:00 -1141.669761] SLOW spr round 4 (radius: 20)
[00:00:00 -1141.669761] Model parameter optimization (eps = 0.100000)

[00:00:00] [worker #0] ML tree search #1, logLikelihood: -1141.669757

[00:00:00 -2399.615177] Initial branch length optimization
[00:00:00 -2112.830717] Model parameter optimization (eps = 10.000000)
[00:00:00 -2082.499967] AUTODETECT spr round 1 (radius: 5)
[00:00:00 -1159.516319] AUTODETECT spr round 2 (radius: 10)
[00:00:00 -1159.516184] SPR radius for FAST iterations: 5 (autodetect)
[00:00:00 -1159.516184] Model parameter optimization (eps = 3.000000)
[00:00:00 -1159.475903] FAST spr round 1 (radius: 5)
[00:00:00 -1141.700904] FAST spr round 2 (radius: 5)
[00:00:00 -1141.700756] Model parameter optimization (eps = 1.000000)
[00:00:00 -1141.669783] SLOW spr round 1 (radius: 5)
[00:00:00] [worker #4] ML tree search #13, logLikelihood: -1141.669757
[00:00:00] [worker #6] ML tree search #15, logLikelihood: -1141.669757
[00:00:00] [worker #2] ML tree search #11, logLikelihood: -1141.669757
[00:00:00] [worker #3] ML tree search #12, logLikelihood: -1141.669764
[00:00:00 -1141.669760] SLOW spr round 2 (radius: 10)
[00:00:00] [worker #1] ML tree search #10, logLikelihood: -1141.669757
[00:00:00] [worker #5] ML tree search #14, logLikelihood: -1141.669757
[00:00:00 -1141.669760] SLOW spr round 3 (radius: 15)
[00:00:00 -1141.669760] SLOW spr round 4 (radius: 20)
[00:00:00 -1141.669760] Model parameter optimization (eps = 0.100000)

[00:00:00] [worker #0] ML tree search #9, logLikelihood: -1141.669756

[00:00:00 -1400.649477] Initial branch length optimization
[00:00:00 -1157.439171] Model parameter optimization (eps = 10.000000)
[00:00:00 -1142.010886] AUTODETECT spr round 1 (radius: 5)
[00:00:00 -1142.010617] SPR radius for FAST iterations: 5 (autodetect)
[00:00:00 -1142.010617] Model parameter optimization (eps = 3.000000)
[00:00:00 -1142.010568] FAST spr round 1 (radius: 5)
[00:00:00] [worker #7] ML tree search #16, logLikelihood: -1141.669768
[00:00:00 -1141.691337] FAST spr round 2 (radius: 5)
[00:00:00 -1141.691325] Model parameter optimization (eps = 1.000000)
[00:00:00 -1141.669799] SLOW spr round 1 (radius: 5)
[00:00:00] [worker #2] ML tree search #19, logLikelihood: -1141.669758
[00:00:00] [worker #3] ML tree search #20, logLikelihood: -1141.669757
[00:00:00 -1141.669771] SLOW spr round 2 (radius: 10)
[00:00:00] [worker #1] ML tree search #18, logLikelihood: -1141.669757
[00:00:00 -1141.669771] SLOW spr round 3 (radius: 15)
[00:00:00 -1141.669771] SLOW spr round 4 (radius: 20)
[00:00:00 -1141.669771] Model parameter optimization (eps = 0.100000)

[00:00:00] [worker #0] ML tree search #17, logLikelihood: -1141.669757


Optimized model parameters:

   Partition 0: noname
   Rate heterogeneity: NONE
   Base frequencies (ML): 0.304892 0.158715 0.339119 0.197274 
   Substitution rates (model): 1.000000 1.000000 1.000000 1.000000 1.000000 1.000000 


Final LogLikelihood: -1141.669756

AIC score: 2363.339513 / AICc score: 2393.157695 / BIC score: 2484.030706
Free parameters (model + branch lengths): 40

WARNING: Best ML tree contains 1 near-zero branches!

Best ML tree with collapsed near-zero branches saved to: /home/fili/Documents/KIT/2023/BA/code/output/families/ssim_NE_s20_f100_sites200_GTR_bl1.0_d0.0_l0.0_t0.0_gc0.0_p0.0_pop10_ms0.0_mf0.0_seed121873/families/family_056/misc/raxml_output.F81.raxml.bestTreeCollapsed
Best ML tree saved to: /home/fili/Documents/KIT/2023/BA/code/output/families/ssim_NE_s20_f100_sites200_GTR_bl1.0_d0.0_l0.0_t0.0_gc0.0_p0.0_pop10_ms0.0_mf0.0_seed121873/families/family_056/misc/raxml_output.F81.raxml.bestTree
All ML trees saved to: /home/fili/Documents/KIT/2023/BA/code/output/families/ssim_NE_s20_f100_sites200_GTR_bl1.0_d0.0_l0.0_t0.0_gc0.0_p0.0_pop10_ms0.0_mf0.0_seed121873/families/family_056/misc/raxml_output.F81.raxml.mlTrees
Optimized model saved to: /home/fili/Documents/KIT/2023/BA/code/output/families/ssim_NE_s20_f100_sites200_GTR_bl1.0_d0.0_l0.0_t0.0_gc0.0_p0.0_pop10_ms0.0_mf0.0_seed121873/families/family_056/misc/raxml_output.F81.raxml.bestModel

Execution log saved to: /home/fili/Documents/KIT/2023/BA/code/output/families/ssim_NE_s20_f100_sites200_GTR_bl1.0_d0.0_l0.0_t0.0_gc0.0_p0.0_pop10_ms0.0_mf0.0_seed121873/families/family_056/misc/raxml_output.F81.raxml.log

Analysis started: 27-Jun-2023 13:47:14 / finished: 27-Jun-2023 13:47:14

Elapsed time: 0.194 seconds

