
RAxML-NG v. 1.1.0 released on 29.11.2021 by The Exelixis Lab.
Developed by: Alexey M. Kozlov and Alexandros Stamatakis.
Contributors: Diego Darriba, Tomas Flouri, Benoit Morel, Sarah Lutteropp, Ben Bettisworth.
Latest version: https://github.com/amkozlov/raxml-ng
Questions/problems/suggestions? Please visit: https://groups.google.com/forum/#!forum/raxml

System: AMD Ryzen 7 5800X 8-Core Processor, 8 cores, 31 GB RAM

RAxML-NG was called at 16-Jun-2023 09:59:08 as follows:

/home/fili/Documents/KIT/2023/BA/resources/tools/RAxML-NG/raxml-ng --msa /home/fili/Documents/KIT/2023/BA/code/output/families/ssim_NE_s20_f100_sites200_GTR_bl1.0_d0.0_l0.0_t0.0_gc0.0_p0.0_pop10_ms0.0_mf0.0_seed1007/families/family_025/alignment.msa --model F81 --prefix /home/fili/Documents/KIT/2023/BA/code/output/families/ssim_NE_s20_f100_sites200_GTR_bl1.0_d0.0_l0.0_t0.0_gc0.0_p0.0_pop10_ms0.0_mf0.0_seed1007/families/family_025/misc/raxml_output.F81

Analysis options:
  run mode: ML tree search
  start tree(s): random (10) + parsimony (10)
  random seed: 1686902348
  tip-inner: OFF
  pattern compression: ON
  per-rate scalers: OFF
  site repeats: ON
  fast spr radius: AUTO
  spr subtree cutoff: 1.000000
  branch lengths: proportional (ML estimate, algorithm: NR-FAST)
  SIMD kernels: AVX2
  parallelization: coarse-grained (auto), PTHREADS (auto)

[00:00:00] Reading alignment from file: /home/fili/Documents/KIT/2023/BA/code/output/families/ssim_NE_s20_f100_sites200_GTR_bl1.0_d0.0_l0.0_t0.0_gc0.0_p0.0_pop10_ms0.0_mf0.0_seed1007/families/family_025/alignment.msa
[00:00:00] Loaded alignment with 20 taxa and 149 sites

WARNING: Sequences 18_0_0 and 14_0_0 are exactly identical!
WARNING: Sequences 2_0_0 and 8_0_0 are exactly identical!
WARNING: Sequences 4_0_0 and 3_0_0 are exactly identical!
WARNING: Sequences 11_0_0 and 7_0_0 are exactly identical!
WARNING: Duplicate sequences found: 4

NOTE: Reduced alignment (with duplicates and gap-only sites/taxa removed) 
NOTE: was saved to: /home/fili/Documents/KIT/2023/BA/code/output/families/ssim_NE_s20_f100_sites200_GTR_bl1.0_d0.0_l0.0_t0.0_gc0.0_p0.0_pop10_ms0.0_mf0.0_seed1007/families/family_025/misc/raxml_output.F81.raxml.reduced.phy

Alignment comprises 1 partitions and 38 patterns

Partition 0: noname
Model: F81+FO
Alignment sites / patterns: 149 / 38
Gaps: 0.00 %
Invariant sites: 77.18 %


NOTE: Binary MSA file created: /home/fili/Documents/KIT/2023/BA/code/output/families/ssim_NE_s20_f100_sites200_GTR_bl1.0_d0.0_l0.0_t0.0_gc0.0_p0.0_pop10_ms0.0_mf0.0_seed1007/families/family_025/misc/raxml_output.F81.raxml.rba

Parallelization scheme autoconfig: 8 worker(s) x 1 thread(s)

Parallel reduction/worker buffer size: 1 KB  / 0 KB

[00:00:00] Generating 10 random starting tree(s) with 20 taxa
[00:00:00] Generating 10 parsimony starting tree(s) with 20 taxa
[00:00:00] Data distribution: max. partitions/sites/weight per thread: 1 / 38 / 152
[00:00:00] Data distribution: max. searches per worker: 3

Starting ML tree search with 20 distinct starting trees

[00:00:00 -1340.289446] Initial branch length optimization
[00:00:00 -1124.457803] Model parameter optimization (eps = 10.000000)
[00:00:00 -1102.602464] AUTODETECT spr round 1 (radius: 5)
[00:00:00 -694.018006] AUTODETECT spr round 2 (radius: 10)
[00:00:00 -685.262533] AUTODETECT spr round 3 (radius: 15)
[00:00:00 -685.261972] SPR radius for FAST iterations: 10 (autodetect)
[00:00:00 -685.261972] Model parameter optimization (eps = 3.000000)
[00:00:00 -682.450025] FAST spr round 1 (radius: 10)
[00:00:00 -681.540373] FAST spr round 2 (radius: 10)
[00:00:00 -680.880669] FAST spr round 3 (radius: 10)
[00:00:00] [worker #2] ML tree search #3, logLikelihood: -675.301339
[00:00:00 -677.662963] FAST spr round 4 (radius: 10)
[00:00:00] [worker #1] ML tree search #2, logLikelihood: -675.301339
[00:00:00] [worker #3] ML tree search #4, logLikelihood: -675.301341
[00:00:00] [worker #5] ML tree search #6, logLikelihood: -675.301340
[00:00:00 -675.308057] FAST spr round 5 (radius: 10)
[00:00:00] [worker #6] ML tree search #7, logLikelihood: -675.301339
[00:00:00] [worker #4] ML tree search #5, logLikelihood: -675.301341
[00:00:00 -675.308057] Model parameter optimization (eps = 1.000000)
[00:00:00 -675.301339] SLOW spr round 1 (radius: 5)
[00:00:00] [worker #7] ML tree search #8, logLikelihood: -675.301339
[00:00:00 -675.301339] SLOW spr round 2 (radius: 10)
[00:00:00] [worker #2] ML tree search #11, logLikelihood: -675.301339
[00:00:00] [worker #3] ML tree search #12, logLikelihood: -675.301339
[00:00:00] [worker #4] ML tree search #13, logLikelihood: -675.301339
[00:00:00 -675.301339] SLOW spr round 3 (radius: 15)
[00:00:00] [worker #6] ML tree search #15, logLikelihood: -675.301338
[00:00:00 -675.301339] SLOW spr round 4 (radius: 20)
[00:00:00 -675.301339] Model parameter optimization (eps = 0.100000)
[00:00:00] [worker #5] ML tree search #14, logLikelihood: -675.301341

[00:00:00] [worker #0] ML tree search #1, logLikelihood: -675.301339

[00:00:00] [worker #1] ML tree search #10, logLikelihood: -675.301338
[00:00:00 -1351.081080] Initial branch length optimization
[00:00:00 -1147.673743] Model parameter optimization (eps = 10.000000)
[00:00:00 -1122.376420] AUTODETECT spr round 1 (radius: 5)
[00:00:00 -682.997164] AUTODETECT spr round 2 (radius: 10)
[00:00:00 -682.994493] SPR radius for FAST iterations: 5 (autodetect)
[00:00:00 -682.994493] Model parameter optimization (eps = 3.000000)
[00:00:00 -680.980431] FAST spr round 1 (radius: 5)
[00:00:00] [worker #3] ML tree search #20, logLikelihood: -675.301338
[00:00:00 -677.549564] FAST spr round 2 (radius: 5)
[00:00:00 -675.358169] FAST spr round 3 (radius: 5)
[00:00:00] [worker #2] ML tree search #19, logLikelihood: -675.301339
[00:00:00] [worker #1] ML tree search #18, logLikelihood: -675.301338
[00:00:00 -675.358167] Model parameter optimization (eps = 1.000000)
[00:00:00 -675.301344] SLOW spr round 1 (radius: 5)
[00:00:00] [worker #7] ML tree search #16, logLikelihood: -675.301339
[00:00:00 -675.301342] SLOW spr round 2 (radius: 10)
[00:00:00 -675.301342] SLOW spr round 3 (radius: 15)
[00:00:00 -675.301342] SLOW spr round 4 (radius: 20)
[00:00:00 -675.301342] Model parameter optimization (eps = 0.100000)

[00:00:00] [worker #0] ML tree search #9, logLikelihood: -675.301340

[00:00:00 -1026.387097] Initial branch length optimization
[00:00:00 -688.003385] Model parameter optimization (eps = 10.000000)
[00:00:00 -678.453370] AUTODETECT spr round 1 (radius: 5)
[00:00:00 -675.392412] AUTODETECT spr round 2 (radius: 10)
[00:00:00 -675.392065] SPR radius for FAST iterations: 5 (autodetect)
[00:00:00 -675.392065] Model parameter optimization (eps = 3.000000)
[00:00:00 -675.301347] FAST spr round 1 (radius: 5)
[00:00:00 -675.301345] Model parameter optimization (eps = 1.000000)
[00:00:00 -675.301341] SLOW spr round 1 (radius: 5)
[00:00:00 -675.301341] SLOW spr round 2 (radius: 10)
[00:00:00 -675.301341] SLOW spr round 3 (radius: 15)
[00:00:00 -675.301341] SLOW spr round 4 (radius: 20)
[00:00:00 -675.301341] Model parameter optimization (eps = 0.100000)

[00:00:00] [worker #0] ML tree search #17, logLikelihood: -675.301339


Optimized model parameters:

   Partition 0: noname
   Rate heterogeneity: NONE
   Base frequencies (ML): 0.237885 0.180492 0.379088 0.202536 
   Substitution rates (model): 1.000000 1.000000 1.000000 1.000000 1.000000 1.000000 


Final LogLikelihood: -675.301338

AIC score: 1430.602677 / AICc score: 1460.973047 / BIC score: 1550.760529
Free parameters (model + branch lengths): 40

WARNING: Best ML tree contains 3 near-zero branches!

Best ML tree with collapsed near-zero branches saved to: /home/fili/Documents/KIT/2023/BA/code/output/families/ssim_NE_s20_f100_sites200_GTR_bl1.0_d0.0_l0.0_t0.0_gc0.0_p0.0_pop10_ms0.0_mf0.0_seed1007/families/family_025/misc/raxml_output.F81.raxml.bestTreeCollapsed
Best ML tree saved to: /home/fili/Documents/KIT/2023/BA/code/output/families/ssim_NE_s20_f100_sites200_GTR_bl1.0_d0.0_l0.0_t0.0_gc0.0_p0.0_pop10_ms0.0_mf0.0_seed1007/families/family_025/misc/raxml_output.F81.raxml.bestTree
All ML trees saved to: /home/fili/Documents/KIT/2023/BA/code/output/families/ssim_NE_s20_f100_sites200_GTR_bl1.0_d0.0_l0.0_t0.0_gc0.0_p0.0_pop10_ms0.0_mf0.0_seed1007/families/family_025/misc/raxml_output.F81.raxml.mlTrees
Optimized model saved to: /home/fili/Documents/KIT/2023/BA/code/output/families/ssim_NE_s20_f100_sites200_GTR_bl1.0_d0.0_l0.0_t0.0_gc0.0_p0.0_pop10_ms0.0_mf0.0_seed1007/families/family_025/misc/raxml_output.F81.raxml.bestModel

Execution log saved to: /home/fili/Documents/KIT/2023/BA/code/output/families/ssim_NE_s20_f100_sites200_GTR_bl1.0_d0.0_l0.0_t0.0_gc0.0_p0.0_pop10_ms0.0_mf0.0_seed1007/families/family_025/misc/raxml_output.F81.raxml.log

Analysis started: 16-Jun-2023 09:59:08 / finished: 16-Jun-2023 09:59:09

Elapsed time: 0.182 seconds

