
RAxML-NG v. 1.1.0 released on 29.11.2021 by The Exelixis Lab.
Developed by: Alexey M. Kozlov and Alexandros Stamatakis.
Contributors: Diego Darriba, Tomas Flouri, Benoit Morel, Sarah Lutteropp, Ben Bettisworth.
Latest version: https://github.com/amkozlov/raxml-ng
Questions/problems/suggestions? Please visit: https://groups.google.com/forum/#!forum/raxml

System: AMD Ryzen 7 5800X 8-Core Processor, 8 cores, 31 GB RAM

RAxML-NG was called at 13-Jun-2023 16:03:12 as follows:

/home/fili/Documents/KIT/2023/BA/resources/tools/RAxML-NG/raxml-ng --msa /home/fili/Documents/KIT/2023/BA/code/output/families/ssim_DL_s20_f100_sites200_GTR_bl1.0_d1.0_l1.0_t0.0_gc0.0_p0.0_pop10_ms0.0_mf0.0_seed42/families/family_079/alignment.msa --model F81 --prefix /home/fili/Documents/KIT/2023/BA/code/output/families/ssim_DL_s20_f100_sites200_GTR_bl1.0_d1.0_l1.0_t0.0_gc0.0_p0.0_pop10_ms0.0_mf0.0_seed42/families/family_079/misc/raxml_output.F81

Analysis options:
  run mode: ML tree search
  start tree(s): random (10) + parsimony (10)
  random seed: 1686664992
  tip-inner: OFF
  pattern compression: ON
  per-rate scalers: OFF
  site repeats: ON
  fast spr radius: AUTO
  spr subtree cutoff: 1.000000
  branch lengths: proportional (ML estimate, algorithm: NR-FAST)
  SIMD kernels: AVX2
  parallelization: coarse-grained (auto), PTHREADS (auto)

[00:00:00] Reading alignment from file: /home/fili/Documents/KIT/2023/BA/code/output/families/ssim_DL_s20_f100_sites200_GTR_bl1.0_d1.0_l1.0_t0.0_gc0.0_p0.0_pop10_ms0.0_mf0.0_seed42/families/family_079/alignment.msa
[00:00:00] Loaded alignment with 26 taxa and 186 sites

WARNING: Sequences 8_0_0 and 18_0_0 are exactly identical!
WARNING: Sequences 13_0_0 and 9_0_0 are exactly identical!
WARNING: Sequences 4_0_0 and 12_0_0 are exactly identical!
WARNING: Sequences 17_0_0 and 11_0_0 are exactly identical!
WARNING: Sequences 10_3_0 and 5_3_0 are exactly identical!
WARNING: Duplicate sequences found: 5

NOTE: Reduced alignment (with duplicates and gap-only sites/taxa removed) 
NOTE: was saved to: /home/fili/Documents/KIT/2023/BA/code/output/families/ssim_DL_s20_f100_sites200_GTR_bl1.0_d1.0_l1.0_t0.0_gc0.0_p0.0_pop10_ms0.0_mf0.0_seed42/families/family_079/misc/raxml_output.F81.raxml.reduced.phy

Alignment comprises 1 partitions and 69 patterns

Partition 0: noname
Model: F81+FO
Alignment sites / patterns: 186 / 69
Gaps: 0.00 %
Invariant sites: 58.06 %


NOTE: Binary MSA file created: /home/fili/Documents/KIT/2023/BA/code/output/families/ssim_DL_s20_f100_sites200_GTR_bl1.0_d1.0_l1.0_t0.0_gc0.0_p0.0_pop10_ms0.0_mf0.0_seed42/families/family_079/misc/raxml_output.F81.raxml.rba

Parallelization scheme autoconfig: 8 worker(s) x 1 thread(s)

Parallel reduction/worker buffer size: 1 KB  / 0 KB

[00:00:00] Generating 10 random starting tree(s) with 26 taxa
[00:00:00] Generating 10 parsimony starting tree(s) with 26 taxa
[00:00:00] Data distribution: max. partitions/sites/weight per thread: 1 / 69 / 276
[00:00:00] Data distribution: max. searches per worker: 3

Starting ML tree search with 20 distinct starting trees

[00:00:00 -2162.612963] Initial branch length optimization
[00:00:00 -1715.162693] Model parameter optimization (eps = 10.000000)
[00:00:00 -1697.304209] AUTODETECT spr round 1 (radius: 5)
[00:00:00 -974.701359] AUTODETECT spr round 2 (radius: 10)
[00:00:00 -959.131151] AUTODETECT spr round 3 (radius: 15)
[00:00:00 -959.131151] SPR radius for FAST iterations: 10 (autodetect)
[00:00:00 -959.131151] Model parameter optimization (eps = 3.000000)
[00:00:00 -956.481452] FAST spr round 1 (radius: 10)
[00:00:00 -936.253187] FAST spr round 2 (radius: 10)
[00:00:00 -934.181765] FAST spr round 3 (radius: 10)
[00:00:00 -934.180628] Model parameter optimization (eps = 1.000000)
[00:00:00 -934.124120] SLOW spr round 1 (radius: 5)
[00:00:00] [worker #5] ML tree search #6, logLikelihood: -933.681357
[00:00:00] [worker #4] ML tree search #5, logLikelihood: -934.122703
[00:00:00] [worker #2] ML tree search #3, logLikelihood: -934.122791
[00:00:00] [worker #1] ML tree search #2, logLikelihood: -933.681362
[00:00:00] [worker #6] ML tree search #7, logLikelihood: -934.122829
[00:00:00] [worker #3] ML tree search #4, logLikelihood: -933.681448
[00:00:00 -934.123531] SLOW spr round 2 (radius: 10)
[00:00:00 -934.123151] SLOW spr round 3 (radius: 15)
[00:00:00 -934.122907] SLOW spr round 4 (radius: 20)
[00:00:00 -934.122749] SLOW spr round 5 (radius: 25)
[00:00:00 -934.122647] Model parameter optimization (eps = 0.100000)

[00:00:00] [worker #0] ML tree search #1, logLikelihood: -934.122610

[00:00:00] [worker #5] ML tree search #14, logLikelihood: -934.122698
[00:00:00] [worker #4] ML tree search #13, logLikelihood: -933.681676
[00:00:00 -2144.874853] Initial branch length optimization
[00:00:00] [worker #7] ML tree search #8, logLikelihood: -934.122477
[00:00:00 -1706.623540] Model parameter optimization (eps = 10.000000)
[00:00:00 -1690.367413] AUTODETECT spr round 1 (radius: 5)
[00:00:00 -958.225016] AUTODETECT spr round 2 (radius: 10)
[00:00:00] [worker #1] ML tree search #10, logLikelihood: -934.122792
[00:00:00] [worker #2] ML tree search #11, logLikelihood: -933.681797
[00:00:00 -958.225007] SPR radius for FAST iterations: 5 (autodetect)
[00:00:00 -958.225007] Model parameter optimization (eps = 3.000000)
[00:00:00 -956.445628] FAST spr round 1 (radius: 5)
[00:00:00] [worker #3] ML tree search #12, logLikelihood: -933.681567
[00:00:00] [worker #6] ML tree search #15, logLikelihood: -933.681539
[00:00:00 -936.313642] FAST spr round 2 (radius: 5)
[00:00:00 -934.161322] FAST spr round 3 (radius: 5)
[00:00:00 -934.161314] Model parameter optimization (eps = 1.000000)
[00:00:00 -934.122540] SLOW spr round 1 (radius: 5)
[00:00:00 -934.122466] SLOW spr round 2 (radius: 10)
[00:00:00] [worker #2] ML tree search #19, logLikelihood: -933.681645
[00:00:00] [worker #3] ML tree search #20, logLikelihood: -934.122639
[00:00:00 -934.122466] SLOW spr round 3 (radius: 15)
[00:00:00 -934.122466] SLOW spr round 4 (radius: 20)
[00:00:00 -934.122466] SLOW spr round 5 (radius: 25)
[00:00:00 -934.122466] Model parameter optimization (eps = 0.100000)

[00:00:00] [worker #0] ML tree search #9, logLikelihood: -934.122462

[00:00:00 -1564.712725] Initial branch length optimization
[00:00:00] [worker #7] ML tree search #16, logLikelihood: -934.122756
[00:00:00 -943.033672] Model parameter optimization (eps = 10.000000)
[00:00:00 -936.729585] AUTODETECT spr round 1 (radius: 5)
[00:00:00 -933.716655] AUTODETECT spr round 2 (radius: 10)
[00:00:00 -933.715574] SPR radius for FAST iterations: 5 (autodetect)
[00:00:00 -933.715574] Model parameter optimization (eps = 3.000000)
[00:00:00 -933.685053] FAST spr round 1 (radius: 5)
[00:00:00 -933.683771] Model parameter optimization (eps = 1.000000)
[00:00:00 -933.683308] SLOW spr round 1 (radius: 5)
[00:00:00] [worker #1] ML tree search #18, logLikelihood: -933.681456
[00:00:00 -933.682631] SLOW spr round 2 (radius: 10)
[00:00:00 -933.682189] SLOW spr round 3 (radius: 15)
[00:00:00 -933.681900] SLOW spr round 4 (radius: 20)
[00:00:00 -933.681712] SLOW spr round 5 (radius: 25)
[00:00:00 -933.681588] Model parameter optimization (eps = 0.100000)

[00:00:00] [worker #0] ML tree search #17, logLikelihood: -933.681544


Optimized model parameters:

   Partition 0: noname
   Rate heterogeneity: NONE
   Base frequencies (ML): 0.270807 0.170133 0.303959 0.255101 
   Substitution rates (model): 1.000000 1.000000 1.000000 1.000000 1.000000 1.000000 


Final LogLikelihood: -933.681357

AIC score: 1971.362715 / AICc score: 2012.806324 / BIC score: 2139.101542
Free parameters (model + branch lengths): 52

WARNING: Best ML tree contains 4 near-zero branches!

Best ML tree with collapsed near-zero branches saved to: /home/fili/Documents/KIT/2023/BA/code/output/families/ssim_DL_s20_f100_sites200_GTR_bl1.0_d1.0_l1.0_t0.0_gc0.0_p0.0_pop10_ms0.0_mf0.0_seed42/families/family_079/misc/raxml_output.F81.raxml.bestTreeCollapsed
Best ML tree saved to: /home/fili/Documents/KIT/2023/BA/code/output/families/ssim_DL_s20_f100_sites200_GTR_bl1.0_d1.0_l1.0_t0.0_gc0.0_p0.0_pop10_ms0.0_mf0.0_seed42/families/family_079/misc/raxml_output.F81.raxml.bestTree
All ML trees saved to: /home/fili/Documents/KIT/2023/BA/code/output/families/ssim_DL_s20_f100_sites200_GTR_bl1.0_d1.0_l1.0_t0.0_gc0.0_p0.0_pop10_ms0.0_mf0.0_seed42/families/family_079/misc/raxml_output.F81.raxml.mlTrees
Optimized model saved to: /home/fili/Documents/KIT/2023/BA/code/output/families/ssim_DL_s20_f100_sites200_GTR_bl1.0_d1.0_l1.0_t0.0_gc0.0_p0.0_pop10_ms0.0_mf0.0_seed42/families/family_079/misc/raxml_output.F81.raxml.bestModel

Execution log saved to: /home/fili/Documents/KIT/2023/BA/code/output/families/ssim_DL_s20_f100_sites200_GTR_bl1.0_d1.0_l1.0_t0.0_gc0.0_p0.0_pop10_ms0.0_mf0.0_seed42/families/family_079/misc/raxml_output.F81.raxml.log

Analysis started: 13-Jun-2023 16:03:12 / finished: 13-Jun-2023 16:03:12

Elapsed time: 0.275 seconds

