
RAxML-NG v. 1.1.0 released on 29.11.2021 by The Exelixis Lab.
Developed by: Alexey M. Kozlov and Alexandros Stamatakis.
Contributors: Diego Darriba, Tomas Flouri, Benoit Morel, Sarah Lutteropp, Ben Bettisworth.
Latest version: https://github.com/amkozlov/raxml-ng
Questions/problems/suggestions? Please visit: https://groups.google.com/forum/#!forum/raxml

System: AMD Ryzen 7 5800X 8-Core Processor, 8 cores, 31 GB RAM

RAxML-NG was called at 27-Jun-2023 13:02:01 as follows:

/home/fili/Documents/KIT/2023/BA/resources/tools/RAxML-NG/raxml-ng --msa /home/fili/Documents/KIT/2023/BA/code/output/families/ssim_DL_s20_f100_sites200_GTR_bl1.0_d1.0_l1.0_t0.0_gc0.0_p0.0_pop10_ms0.0_mf0.0_seed1007/families/family_012/alignment.msa --model F81 --prefix /home/fili/Documents/KIT/2023/BA/code/output/families/ssim_DL_s20_f100_sites200_GTR_bl1.0_d1.0_l1.0_t0.0_gc0.0_p0.0_pop10_ms0.0_mf0.0_seed1007/families/family_012/misc/raxml_output.F81

Analysis options:
  run mode: ML tree search
  start tree(s): random (10) + parsimony (10)
  random seed: 1687863721
  tip-inner: OFF
  pattern compression: ON
  per-rate scalers: OFF
  site repeats: ON
  fast spr radius: AUTO
  spr subtree cutoff: 1.000000
  branch lengths: proportional (ML estimate, algorithm: NR-FAST)
  SIMD kernels: AVX2
  parallelization: coarse-grained (auto), PTHREADS (auto)

[00:00:00] Reading alignment from file: /home/fili/Documents/KIT/2023/BA/code/output/families/ssim_DL_s20_f100_sites200_GTR_bl1.0_d1.0_l1.0_t0.0_gc0.0_p0.0_pop10_ms0.0_mf0.0_seed1007/families/family_012/alignment.msa
[00:00:00] Loaded alignment with 33 taxa and 270 sites

WARNING: Sequences 8_0_0 and 2_0_0 are exactly identical!
WARNING: Sequences 20_3_0 and 19_3_0 are exactly identical!
WARNING: Sequences 20_3_0 and 12_3_0 are exactly identical!
WARNING: Sequences 12_0_0 and 19_0_0 are exactly identical!
WARNING: Sequences 16_5_0 and 16_7_0 are exactly identical!
WARNING: Duplicate sequences found: 5

NOTE: Reduced alignment (with duplicates and gap-only sites/taxa removed) 
NOTE: was saved to: /home/fili/Documents/KIT/2023/BA/code/output/families/ssim_DL_s20_f100_sites200_GTR_bl1.0_d1.0_l1.0_t0.0_gc0.0_p0.0_pop10_ms0.0_mf0.0_seed1007/families/family_012/misc/raxml_output.F81.raxml.reduced.phy

Alignment comprises 1 partitions and 138 patterns

Partition 0: noname
Model: F81+FO
Alignment sites / patterns: 270 / 138
Gaps: 0.00 %
Invariant sites: 44.44 %


NOTE: Binary MSA file created: /home/fili/Documents/KIT/2023/BA/code/output/families/ssim_DL_s20_f100_sites200_GTR_bl1.0_d1.0_l1.0_t0.0_gc0.0_p0.0_pop10_ms0.0_mf0.0_seed1007/families/family_012/misc/raxml_output.F81.raxml.rba

Parallelization scheme autoconfig: 8 worker(s) x 1 thread(s)

Parallel reduction/worker buffer size: 1 KB  / 0 KB

[00:00:00] Generating 10 random starting tree(s) with 33 taxa
[00:00:00] Generating 10 parsimony starting tree(s) with 33 taxa
[00:00:00] Data distribution: max. partitions/sites/weight per thread: 1 / 138 / 552
[00:00:00] Data distribution: max. searches per worker: 3

Starting ML tree search with 20 distinct starting trees

[00:00:00 -5593.003889] Initial branch length optimization
[00:00:00 -4935.564842] Model parameter optimization (eps = 10.000000)
[00:00:00 -4797.989496] AUTODETECT spr round 1 (radius: 5)
[00:00:00 -2199.924177] AUTODETECT spr round 2 (radius: 10)
[00:00:00 -2199.922257] SPR radius for FAST iterations: 5 (autodetect)
[00:00:00 -2199.922257] Model parameter optimization (eps = 3.000000)
[00:00:00 -2198.114527] FAST spr round 1 (radius: 5)
[00:00:00 -2039.389163] FAST spr round 2 (radius: 5)
[00:00:00 -2030.928130] FAST spr round 3 (radius: 5)
[00:00:00 -2030.613010] FAST spr round 4 (radius: 5)
[00:00:00 -2030.426907] FAST spr round 5 (radius: 5)
[00:00:00 -2030.426871] Model parameter optimization (eps = 1.000000)
[00:00:00 -2030.146420] SLOW spr round 1 (radius: 5)
[00:00:00 -2030.145757] SLOW spr round 2 (radius: 10)
[00:00:00] [worker #3] ML tree search #4, logLikelihood: -2030.145464
[00:00:00] [worker #5] ML tree search #6, logLikelihood: -2030.145467
[00:00:00] [worker #1] ML tree search #2, logLikelihood: -2030.145471
[00:00:00] [worker #2] ML tree search #3, logLikelihood: -2030.145469
[00:00:00] [worker #4] ML tree search #5, logLikelihood: -2030.145470
[00:00:00 -2030.145751] SLOW spr round 3 (radius: 15)
[00:00:00] [worker #7] ML tree search #8, logLikelihood: -2033.115070
[00:00:00 -2030.145751] SLOW spr round 4 (radius: 20)
[00:00:00 -2030.145751] SLOW spr round 5 (radius: 25)
[00:00:00 -2030.145751] Model parameter optimization (eps = 0.100000)
[00:00:00] [worker #6] ML tree search #7, logLikelihood: -2030.145463

[00:00:00] [worker #0] ML tree search #1, logLikelihood: -2030.145464

[00:00:00 -5453.856947] Initial branch length optimization
[00:00:00 -4746.218049] Model parameter optimization (eps = 10.000000)
[00:00:00 -4605.300080] AUTODETECT spr round 1 (radius: 5)
[00:00:00 -2156.972575] AUTODETECT spr round 2 (radius: 10)
[00:00:00 -2139.243137] AUTODETECT spr round 3 (radius: 15)
[00:00:00 -2139.242028] SPR radius for FAST iterations: 10 (autodetect)
[00:00:00 -2139.242028] Model parameter optimization (eps = 3.000000)
[00:00:00 -2138.063512] FAST spr round 1 (radius: 10)
[00:00:00 -2031.416634] FAST spr round 2 (radius: 10)
[00:00:00 -2031.309100] FAST spr round 3 (radius: 10)
[00:00:00 -2030.319354] FAST spr round 4 (radius: 10)
[00:00:00 -2030.319214] Model parameter optimization (eps = 1.000000)
[00:00:00 -2030.146106] SLOW spr round 1 (radius: 5)
[00:00:00] [worker #6] ML tree search #15, logLikelihood: -2030.145466
[00:00:00] [worker #3] ML tree search #12, logLikelihood: -2030.145464
[00:00:00] [worker #2] ML tree search #11, logLikelihood: -2030.145464
[00:00:00] [worker #4] ML tree search #13, logLikelihood: -2030.145464
[00:00:00] [worker #7] ML tree search #16, logLikelihood: -2030.145465
[00:00:00] [worker #5] ML tree search #14, logLikelihood: -2030.145464
[00:00:00 -2030.145622] SLOW spr round 2 (radius: 10)
[00:00:00] [worker #1] ML tree search #10, logLikelihood: -2030.145466
[00:00:00 -2030.145619] SLOW spr round 3 (radius: 15)
[00:00:00 -2030.145619] SLOW spr round 4 (radius: 20)
[00:00:00 -2030.145619] SLOW spr round 5 (radius: 25)
[00:00:00 -2030.145619] Model parameter optimization (eps = 0.100000)

[00:00:00] [worker #0] ML tree search #9, logLikelihood: -2030.145465

[00:00:00 -3104.165604] Initial branch length optimization
[00:00:00 -2108.257013] Model parameter optimization (eps = 10.000000)
[00:00:00 -2043.313387] AUTODETECT spr round 1 (radius: 5)
[00:00:00 -2031.060709] AUTODETECT spr round 2 (radius: 10)
[00:00:00 -2031.059561] SPR radius for FAST iterations: 5 (autodetect)
[00:00:00 -2031.059561] Model parameter optimization (eps = 3.000000)
[00:00:00 -2030.750810] FAST spr round 1 (radius: 5)
[00:00:00 -2030.341734] FAST spr round 2 (radius: 5)
[00:00:00 -2030.185752] FAST spr round 3 (radius: 5)
[00:00:00 -2030.185748] Model parameter optimization (eps = 1.000000)
[00:00:00 -2030.145779] SLOW spr round 1 (radius: 5)
[00:00:00] [worker #2] ML tree search #19, logLikelihood: -2030.145465
[00:00:00] [worker #3] ML tree search #20, logLikelihood: -2030.145464
[00:00:00 -2030.145564] SLOW spr round 2 (radius: 10)
[00:00:00] [worker #1] ML tree search #18, logLikelihood: -2030.145465
[00:00:00 -2030.145563] SLOW spr round 3 (radius: 15)
[00:00:00 -2030.145563] SLOW spr round 4 (radius: 20)
[00:00:00 -2030.145563] SLOW spr round 5 (radius: 25)
[00:00:00 -2030.145563] Model parameter optimization (eps = 0.100000)

[00:00:00] [worker #0] ML tree search #17, logLikelihood: -2030.145464


Optimized model parameters:

   Partition 0: noname
   Rate heterogeneity: NONE
   Base frequencies (ML): 0.418802 0.099018 0.278654 0.203527 
   Substitution rates (model): 1.000000 1.000000 1.000000 1.000000 1.000000 1.000000 


Final LogLikelihood: -2030.145463

AIC score: 4192.290926 / AICc score: 4235.857429 / BIC score: 4429.786776
Free parameters (model + branch lengths): 66

WARNING: Best ML tree contains 3 near-zero branches!

Best ML tree with collapsed near-zero branches saved to: /home/fili/Documents/KIT/2023/BA/code/output/families/ssim_DL_s20_f100_sites200_GTR_bl1.0_d1.0_l1.0_t0.0_gc0.0_p0.0_pop10_ms0.0_mf0.0_seed1007/families/family_012/misc/raxml_output.F81.raxml.bestTreeCollapsed
Best ML tree saved to: /home/fili/Documents/KIT/2023/BA/code/output/families/ssim_DL_s20_f100_sites200_GTR_bl1.0_d1.0_l1.0_t0.0_gc0.0_p0.0_pop10_ms0.0_mf0.0_seed1007/families/family_012/misc/raxml_output.F81.raxml.bestTree
All ML trees saved to: /home/fili/Documents/KIT/2023/BA/code/output/families/ssim_DL_s20_f100_sites200_GTR_bl1.0_d1.0_l1.0_t0.0_gc0.0_p0.0_pop10_ms0.0_mf0.0_seed1007/families/family_012/misc/raxml_output.F81.raxml.mlTrees
Optimized model saved to: /home/fili/Documents/KIT/2023/BA/code/output/families/ssim_DL_s20_f100_sites200_GTR_bl1.0_d1.0_l1.0_t0.0_gc0.0_p0.0_pop10_ms0.0_mf0.0_seed1007/families/family_012/misc/raxml_output.F81.raxml.bestModel

Execution log saved to: /home/fili/Documents/KIT/2023/BA/code/output/families/ssim_DL_s20_f100_sites200_GTR_bl1.0_d1.0_l1.0_t0.0_gc0.0_p0.0_pop10_ms0.0_mf0.0_seed1007/families/family_012/misc/raxml_output.F81.raxml.log

Analysis started: 27-Jun-2023 13:02:01 / finished: 27-Jun-2023 13:02:02

Elapsed time: 0.550 seconds

