
RAxML-NG v. 1.1.0 released on 29.11.2021 by The Exelixis Lab.
Developed by: Alexey M. Kozlov and Alexandros Stamatakis.
Contributors: Diego Darriba, Tomas Flouri, Benoit Morel, Sarah Lutteropp, Ben Bettisworth.
Latest version: https://github.com/amkozlov/raxml-ng
Questions/problems/suggestions? Please visit: https://groups.google.com/forum/#!forum/raxml

System: AMD Ryzen 7 5800X 8-Core Processor, 8 cores, 31 GB RAM

RAxML-NG was called at 12-May-2023 21:00:30 as follows:

/home/fili/Documents/KIT/2023/BA/resources/tools/RAxML-NG/raxml-ng --msa /home/fili/Documents/KIT/2023/BA/code/output/families/ssim_dtl_s20_f100_sites200_GTR_bl1.0_d0.0_l0.0_t1.0_gc0.0_p0.0_pop10_ms0.0_mf0.0_seed42/families/family_031/alignment.msa --model GTR+G --prefix /home/fili/Documents/KIT/2023/BA/code/output/families/ssim_dtl_s20_f100_sites200_GTR_bl1.0_d0.0_l0.0_t1.0_gc0.0_p0.0_pop10_ms0.0_mf0.0_seed42/families/family_031/misc/raxml_output.GTR+G

Analysis options:
  run mode: ML tree search
  start tree(s): random (10) + parsimony (10)
  random seed: 1683918030
  tip-inner: OFF
  pattern compression: ON
  per-rate scalers: OFF
  site repeats: ON
  fast spr radius: AUTO
  spr subtree cutoff: 1.000000
  branch lengths: proportional (ML estimate, algorithm: NR-FAST)
  SIMD kernels: AVX2
  parallelization: coarse-grained (auto), PTHREADS (auto)

[00:00:00] Reading alignment from file: /home/fili/Documents/KIT/2023/BA/code/output/families/ssim_dtl_s20_f100_sites200_GTR_bl1.0_d0.0_l0.0_t1.0_gc0.0_p0.0_pop10_ms0.0_mf0.0_seed42/families/family_031/alignment.msa
[00:00:00] Loaded alignment with 20 taxa and 148 sites

WARNING: Sequences 12_0_0 and 4_0_0 are exactly identical!
WARNING: Sequences 7_0_0 and 11_0_0 are exactly identical!
WARNING: Sequences 13_0_0 and 9_0_0 are exactly identical!
WARNING: Duplicate sequences found: 3

NOTE: Reduced alignment (with duplicates and gap-only sites/taxa removed) 
NOTE: was saved to: /home/fili/Documents/KIT/2023/BA/code/output/families/ssim_dtl_s20_f100_sites200_GTR_bl1.0_d0.0_l0.0_t1.0_gc0.0_p0.0_pop10_ms0.0_mf0.0_seed42/families/family_031/misc/raxml_output.GTR+G.raxml.reduced.phy

Alignment comprises 1 partitions and 97 patterns

Partition 0: noname
Model: GTR+FO+G4m
Alignment sites / patterns: 148 / 97
Gaps: 0.00 %
Invariant sites: 28.38 %


NOTE: Binary MSA file created: /home/fili/Documents/KIT/2023/BA/code/output/families/ssim_dtl_s20_f100_sites200_GTR_bl1.0_d0.0_l0.0_t1.0_gc0.0_p0.0_pop10_ms0.0_mf0.0_seed42/families/family_031/misc/raxml_output.GTR+G.raxml.rba

Parallelization scheme autoconfig: 8 worker(s) x 1 thread(s)

Parallel reduction/worker buffer size: 1 KB  / 0 KB

[00:00:00] Generating 10 random starting tree(s) with 20 taxa
[00:00:00] Generating 10 parsimony starting tree(s) with 20 taxa
[00:00:00] Data distribution: max. partitions/sites/weight per thread: 1 / 97 / 1552
[00:00:00] Data distribution: max. searches per worker: 3

Starting ML tree search with 20 distinct starting trees

[00:00:00 -2168.439257] Initial branch length optimization
[00:00:00 -1790.210060] Model parameter optimization (eps = 10.000000)
[00:00:00 -1515.590651] AUTODETECT spr round 1 (radius: 5)
[00:00:00 -1015.516252] AUTODETECT spr round 2 (radius: 10)
[00:00:00 -1015.513528] SPR radius for FAST iterations: 5 (autodetect)
[00:00:00 -1015.513528] Model parameter optimization (eps = 3.000000)
[00:00:00 -1003.735462] FAST spr round 1 (radius: 5)
[00:00:00 -991.268214] FAST spr round 2 (radius: 5)
[00:00:00 -990.872437] FAST spr round 3 (radius: 5)
[00:00:00 -990.872333] Model parameter optimization (eps = 1.000000)
[00:00:00 -989.084586] SLOW spr round 1 (radius: 5)
[00:00:00] [worker #1] ML tree search #2, logLikelihood: -988.548055
[00:00:00] [worker #5] ML tree search #6, logLikelihood: -988.547051
[00:00:00 -988.647339] SLOW spr round 2 (radius: 5)
[00:00:00] [worker #7] ML tree search #8, logLikelihood: -988.556510
[00:00:00] [worker #2] ML tree search #3, logLikelihood: -988.545594
[00:00:00] [worker #3] ML tree search #4, logLikelihood: -988.551596
[00:00:00] [worker #4] ML tree search #5, logLikelihood: -988.548378
[00:00:00 -988.646632] SLOW spr round 3 (radius: 10)
[00:00:00 -988.646583] SLOW spr round 4 (radius: 15)
[00:00:00 -988.646578] SLOW spr round 5 (radius: 20)
[00:00:00 -988.646577] Model parameter optimization (eps = 0.100000)

[00:00:00] [worker #0] ML tree search #1, logLikelihood: -988.551912

[00:00:00 -2120.035949] Initial branch length optimization
[00:00:00 -1796.983451] Model parameter optimization (eps = 10.000000)
[00:00:00] [worker #6] ML tree search #7, logLikelihood: -988.556321
[00:00:00 -1499.767785] AUTODETECT spr round 1 (radius: 5)
[00:00:00 -1022.016455] AUTODETECT spr round 2 (radius: 10)
[00:00:00 -1014.810481] AUTODETECT spr round 3 (radius: 15)
[00:00:00 -1014.807650] SPR radius for FAST iterations: 10 (autodetect)
[00:00:00 -1014.807650] Model parameter optimization (eps = 3.000000)
[00:00:00] [worker #7] ML tree search #16, logLikelihood: -988.539046
[00:00:00] [worker #5] ML tree search #14, logLikelihood: -988.539113
[00:00:00 -999.975065] FAST spr round 1 (radius: 10)
[00:00:00] [worker #4] ML tree search #13, logLikelihood: -988.539154
[00:00:00] [worker #2] ML tree search #11, logLikelihood: -988.539013
[00:00:00 -990.193148] FAST spr round 2 (radius: 10)
[00:00:00] [worker #3] ML tree search #12, logLikelihood: -988.539060
[00:00:00 -990.192624] Model parameter optimization (eps = 1.000000)
[00:00:00 -989.235541] SLOW spr round 1 (radius: 5)
[00:00:00 -988.851541] SLOW spr round 2 (radius: 5)
[00:00:00] [worker #6] ML tree search #15, logLikelihood: -988.539395
[00:00:00] [worker #1] ML tree search #10, logLikelihood: -988.547504
[00:00:00 -988.850916] SLOW spr round 3 (radius: 10)
[00:00:00] [worker #2] ML tree search #19, logLikelihood: -988.539127
[00:00:00 -988.850877] SLOW spr round 4 (radius: 15)
[00:00:00 -988.850874] SLOW spr round 5 (radius: 20)
[00:00:00 -988.850874] Model parameter optimization (eps = 0.100000)
[00:00:00] [worker #3] ML tree search #20, logLikelihood: -988.539131

[00:00:00] [worker #0] ML tree search #9, logLikelihood: -988.555849

[00:00:00 -1349.128230] Initial branch length optimization
[00:00:00 -1158.287248] Model parameter optimization (eps = 10.000000)
[00:00:00 -995.841140] AUTODETECT spr round 1 (radius: 5)
[00:00:00 -989.670455] AUTODETECT spr round 2 (radius: 10)
[00:00:00 -989.668606] SPR radius for FAST iterations: 5 (autodetect)
[00:00:00 -989.668606] Model parameter optimization (eps = 3.000000)
[00:00:00 -989.099026] FAST spr round 1 (radius: 5)
[00:00:00 -988.589469] FAST spr round 2 (radius: 5)
[00:00:00 -988.589288] Model parameter optimization (eps = 1.000000)
[00:00:00 -988.540707] SLOW spr round 1 (radius: 5)
[00:00:00] [worker #1] ML tree search #18, logLikelihood: -988.539175
[00:00:00 -988.540397] SLOW spr round 2 (radius: 10)
[00:00:00 -988.540390] SLOW spr round 3 (radius: 15)
[00:00:00 -988.540390] SLOW spr round 4 (radius: 20)
[00:00:00 -988.540390] Model parameter optimization (eps = 0.100000)

[00:00:00] [worker #0] ML tree search #17, logLikelihood: -988.539140


Optimized model parameters:

   Partition 0: noname
   Rate heterogeneity: GAMMA (4 cats, mean),  alpha: 2.646760 (ML),  weights&rates: (0.250000,0.359943) (0.250000,0.709883) (0.250000,1.080114) (0.250000,1.850060) 
   Base frequencies (ML): 0.236349 0.269361 0.247639 0.246652 
   Substitution rates (ML): 0.001000 19.529694 0.001000 1.678159 3.082188 1.000000 


Final LogLikelihood: -988.539013

AIC score: 2069.078026 / AICc score: 2111.889907 / BIC score: 2206.949791
Free parameters (model + branch lengths): 46

WARNING: Best ML tree contains 3 near-zero branches!

Best ML tree with collapsed near-zero branches saved to: /home/fili/Documents/KIT/2023/BA/code/output/families/ssim_dtl_s20_f100_sites200_GTR_bl1.0_d0.0_l0.0_t1.0_gc0.0_p0.0_pop10_ms0.0_mf0.0_seed42/families/family_031/misc/raxml_output.GTR+G.raxml.bestTreeCollapsed
Best ML tree saved to: /home/fili/Documents/KIT/2023/BA/code/output/families/ssim_dtl_s20_f100_sites200_GTR_bl1.0_d0.0_l0.0_t1.0_gc0.0_p0.0_pop10_ms0.0_mf0.0_seed42/families/family_031/misc/raxml_output.GTR+G.raxml.bestTree
All ML trees saved to: /home/fili/Documents/KIT/2023/BA/code/output/families/ssim_dtl_s20_f100_sites200_GTR_bl1.0_d0.0_l0.0_t1.0_gc0.0_p0.0_pop10_ms0.0_mf0.0_seed42/families/family_031/misc/raxml_output.GTR+G.raxml.mlTrees
Optimized model saved to: /home/fili/Documents/KIT/2023/BA/code/output/families/ssim_dtl_s20_f100_sites200_GTR_bl1.0_d0.0_l0.0_t1.0_gc0.0_p0.0_pop10_ms0.0_mf0.0_seed42/families/family_031/misc/raxml_output.GTR+G.raxml.bestModel

Execution log saved to: /home/fili/Documents/KIT/2023/BA/code/output/families/ssim_dtl_s20_f100_sites200_GTR_bl1.0_d0.0_l0.0_t1.0_gc0.0_p0.0_pop10_ms0.0_mf0.0_seed42/families/family_031/misc/raxml_output.GTR+G.raxml.log

Analysis started: 12-May-2023 21:00:30 / finished: 12-May-2023 21:00:30

Elapsed time: 0.572 seconds

