
RAxML-NG v. 1.1.0 released on 29.11.2021 by The Exelixis Lab.
Developed by: Alexey M. Kozlov and Alexandros Stamatakis.
Contributors: Diego Darriba, Tomas Flouri, Benoit Morel, Sarah Lutteropp, Ben Bettisworth.
Latest version: https://github.com/amkozlov/raxml-ng
Questions/problems/suggestions? Please visit: https://groups.google.com/forum/#!forum/raxml

System: AMD Ryzen 7 5800X 8-Core Processor, 8 cores, 31 GB RAM

RAxML-NG was called at 13-Jun-2023 13:44:03 as follows:

/home/fili/Documents/KIT/2023/BA/resources/tools/RAxML-NG/raxml-ng --msa /home/fili/Documents/KIT/2023/BA/code/output/families/ssim_NE_s20_f100_sites200_GTR_bl1.0_d0.0_l0.0_t0.0_gc0.0_p0.0_pop10_ms0.0_mf0.0_seed42/families/family_054/alignment.msa --model F81 --prefix /home/fili/Documents/KIT/2023/BA/code/output/families/ssim_NE_s20_f100_sites200_GTR_bl1.0_d0.0_l0.0_t0.0_gc0.0_p0.0_pop10_ms0.0_mf0.0_seed42/families/family_054/misc/raxml_output.F81

Analysis options:
  run mode: ML tree search
  start tree(s): random (10) + parsimony (10)
  random seed: 1686656643
  tip-inner: OFF
  pattern compression: ON
  per-rate scalers: OFF
  site repeats: ON
  fast spr radius: AUTO
  spr subtree cutoff: 1.000000
  branch lengths: proportional (ML estimate, algorithm: NR-FAST)
  SIMD kernels: AVX2
  parallelization: coarse-grained (auto), PTHREADS (auto)

[00:00:00] Reading alignment from file: /home/fili/Documents/KIT/2023/BA/code/output/families/ssim_NE_s20_f100_sites200_GTR_bl1.0_d0.0_l0.0_t0.0_gc0.0_p0.0_pop10_ms0.0_mf0.0_seed42/families/family_054/alignment.msa
[00:00:00] Loaded alignment with 20 taxa and 229 sites

WARNING: Sequences 5_0_0 and 10_0_0 are exactly identical!
WARNING: Sequences 5_0_0 and 12_0_0 are exactly identical!
WARNING: Sequences 5_0_0 and 4_0_0 are exactly identical!
WARNING: Sequences 13_0_0 and 9_0_0 are exactly identical!
WARNING: Duplicate sequences found: 4

NOTE: Reduced alignment (with duplicates and gap-only sites/taxa removed) 
NOTE: was saved to: /home/fili/Documents/KIT/2023/BA/code/output/families/ssim_NE_s20_f100_sites200_GTR_bl1.0_d0.0_l0.0_t0.0_gc0.0_p0.0_pop10_ms0.0_mf0.0_seed42/families/family_054/misc/raxml_output.F81.raxml.reduced.phy

Alignment comprises 1 partitions and 116 patterns

Partition 0: noname
Model: F81+FO
Alignment sites / patterns: 229 / 116
Gaps: 0.00 %
Invariant sites: 40.61 %


NOTE: Binary MSA file created: /home/fili/Documents/KIT/2023/BA/code/output/families/ssim_NE_s20_f100_sites200_GTR_bl1.0_d0.0_l0.0_t0.0_gc0.0_p0.0_pop10_ms0.0_mf0.0_seed42/families/family_054/misc/raxml_output.F81.raxml.rba

Parallelization scheme autoconfig: 8 worker(s) x 1 thread(s)

Parallel reduction/worker buffer size: 1 KB  / 0 KB

[00:00:00] Generating 10 random starting tree(s) with 20 taxa
[00:00:00] Generating 10 parsimony starting tree(s) with 20 taxa
[00:00:00] Data distribution: max. partitions/sites/weight per thread: 1 / 116 / 464
[00:00:00] Data distribution: max. searches per worker: 3

Starting ML tree search with 20 distinct starting trees

[00:00:00 -3309.150175] Initial branch length optimization
[00:00:00 -2924.702946] Model parameter optimization (eps = 10.000000)
[00:00:00 -2857.586918] AUTODETECT spr round 1 (radius: 5)
[00:00:00 -1542.518546] AUTODETECT spr round 2 (radius: 10)
[00:00:00 -1542.518524] SPR radius for FAST iterations: 5 (autodetect)
[00:00:00 -1542.518524] Model parameter optimization (eps = 3.000000)
[00:00:00 -1541.212018] FAST spr round 1 (radius: 5)
[00:00:00 -1530.813204] FAST spr round 2 (radius: 5)
[00:00:00 -1530.813165] Model parameter optimization (eps = 1.000000)
[00:00:00 -1530.807581] SLOW spr round 1 (radius: 5)
[00:00:00] [worker #6] ML tree search #7, logLikelihood: -1530.807579
[00:00:00 -1530.807581] SLOW spr round 2 (radius: 10)
[00:00:00] [worker #4] ML tree search #5, logLikelihood: -1530.807629
[00:00:00 -1530.807581] SLOW spr round 3 (radius: 15)
[00:00:00 -1530.807581] SLOW spr round 4 (radius: 20)
[00:00:00] [worker #5] ML tree search #6, logLikelihood: -1530.807661
[00:00:00 -1530.807581] Model parameter optimization (eps = 0.100000)
[00:00:00] [worker #3] ML tree search #4, logLikelihood: -1530.807628

[00:00:00] [worker #0] ML tree search #1, logLikelihood: -1530.807580

[00:00:00] [worker #1] ML tree search #2, logLikelihood: -1530.807586
[00:00:00] [worker #2] ML tree search #3, logLikelihood: -1530.807583
[00:00:00 -3393.447237] Initial branch length optimization
[00:00:00 -3047.652410] Model parameter optimization (eps = 10.000000)
[00:00:00] [worker #7] ML tree search #8, logLikelihood: -1530.807579
[00:00:00 -2981.770815] AUTODETECT spr round 1 (radius: 5)
[00:00:00 -1610.954334] AUTODETECT spr round 2 (radius: 10)
[00:00:00 -1602.616058] AUTODETECT spr round 3 (radius: 15)
[00:00:00 -1602.615658] SPR radius for FAST iterations: 10 (autodetect)
[00:00:00 -1602.615658] Model parameter optimization (eps = 3.000000)
[00:00:00 -1602.182681] FAST spr round 1 (radius: 10)
[00:00:00] [worker #6] ML tree search #15, logLikelihood: -1530.807579
[00:00:00 -1531.917976] FAST spr round 2 (radius: 10)
[00:00:00] [worker #4] ML tree search #13, logLikelihood: -1530.807579
[00:00:00 -1530.959065] FAST spr round 3 (radius: 10)
[00:00:00 -1530.958970] Model parameter optimization (eps = 1.000000)
[00:00:00 -1530.807777] SLOW spr round 1 (radius: 5)
[00:00:00] [worker #2] ML tree search #11, logLikelihood: -1530.807579
[00:00:00 -1530.807687] SLOW spr round 2 (radius: 10)
[00:00:00] [worker #3] ML tree search #12, logLikelihood: -1530.807579
[00:00:00] [worker #5] ML tree search #14, logLikelihood: -1530.807579
[00:00:00] [worker #7] ML tree search #16, logLikelihood: -1530.807578
[00:00:00 -1530.807687] SLOW spr round 3 (radius: 15)
[00:00:00 -1530.807687] SLOW spr round 4 (radius: 20)
[00:00:00 -1530.807687] Model parameter optimization (eps = 0.100000)

[00:00:00] [worker #0] ML tree search #9, logLikelihood: -1530.807579

[00:00:00 -1984.780677] Initial branch length optimization
[00:00:00 -1558.925758] Model parameter optimization (eps = 10.000000)
[00:00:00 -1532.775263] AUTODETECT spr round 1 (radius: 5)
[00:00:00 -1530.837503] AUTODETECT spr round 2 (radius: 10)
[00:00:00 -1530.837479] SPR radius for FAST iterations: 5 (autodetect)
[00:00:00 -1530.837479] Model parameter optimization (eps = 3.000000)
[00:00:00 -1530.807681] FAST spr round 1 (radius: 5)
[00:00:00 -1530.807640] Model parameter optimization (eps = 1.000000)
[00:00:00 -1530.807579] SLOW spr round 1 (radius: 5)
[00:00:00] [worker #2] ML tree search #19, logLikelihood: -1530.807578
[00:00:00 -1530.807579] SLOW spr round 2 (radius: 10)
[00:00:00 -1530.807579] SLOW spr round 3 (radius: 15)
[00:00:00 -1530.807579] SLOW spr round 4 (radius: 20)
[00:00:00 -1530.807579] Model parameter optimization (eps = 0.100000)

[00:00:00] [worker #0] ML tree search #17, logLikelihood: -1530.807579

[00:00:00] [worker #3] ML tree search #20, logLikelihood: -1530.807580
[00:00:00] [worker #1] ML tree search #10, logLikelihood: -1530.807731
[00:00:00] [worker #1] ML tree search #18, logLikelihood: -1530.807579

Optimized model parameters:

   Partition 0: noname
   Rate heterogeneity: NONE
   Base frequencies (ML): 0.304339 0.165042 0.355802 0.174817 
   Substitution rates (model): 1.000000 1.000000 1.000000 1.000000 1.000000 1.000000 


Final LogLikelihood: -1530.807578

AIC score: 3141.615157 / AICc score: 3159.061965 / BIC score: 3278.964037
Free parameters (model + branch lengths): 40

WARNING: Best ML tree contains 2 near-zero branches!

Best ML tree with collapsed near-zero branches saved to: /home/fili/Documents/KIT/2023/BA/code/output/families/ssim_NE_s20_f100_sites200_GTR_bl1.0_d0.0_l0.0_t0.0_gc0.0_p0.0_pop10_ms0.0_mf0.0_seed42/families/family_054/misc/raxml_output.F81.raxml.bestTreeCollapsed
Best ML tree saved to: /home/fili/Documents/KIT/2023/BA/code/output/families/ssim_NE_s20_f100_sites200_GTR_bl1.0_d0.0_l0.0_t0.0_gc0.0_p0.0_pop10_ms0.0_mf0.0_seed42/families/family_054/misc/raxml_output.F81.raxml.bestTree
All ML trees saved to: /home/fili/Documents/KIT/2023/BA/code/output/families/ssim_NE_s20_f100_sites200_GTR_bl1.0_d0.0_l0.0_t0.0_gc0.0_p0.0_pop10_ms0.0_mf0.0_seed42/families/family_054/misc/raxml_output.F81.raxml.mlTrees
Optimized model saved to: /home/fili/Documents/KIT/2023/BA/code/output/families/ssim_NE_s20_f100_sites200_GTR_bl1.0_d0.0_l0.0_t0.0_gc0.0_p0.0_pop10_ms0.0_mf0.0_seed42/families/family_054/misc/raxml_output.F81.raxml.bestModel

Execution log saved to: /home/fili/Documents/KIT/2023/BA/code/output/families/ssim_NE_s20_f100_sites200_GTR_bl1.0_d0.0_l0.0_t0.0_gc0.0_p0.0_pop10_ms0.0_mf0.0_seed42/families/family_054/misc/raxml_output.F81.raxml.log

Analysis started: 13-Jun-2023 13:44:03 / finished: 13-Jun-2023 13:44:03

Elapsed time: 0.333 seconds

