
RAxML-NG v. 1.1.0 released on 29.11.2021 by The Exelixis Lab.
Developed by: Alexey M. Kozlov and Alexandros Stamatakis.
Contributors: Diego Darriba, Tomas Flouri, Benoit Morel, Sarah Lutteropp, Ben Bettisworth.
Latest version: https://github.com/amkozlov/raxml-ng
Questions/problems/suggestions? Please visit: https://groups.google.com/forum/#!forum/raxml

System: AMD Ryzen 7 5800X 8-Core Processor, 8 cores, 31 GB RAM

RAxML-NG was called at 27-Jun-2023 13:41:29 as follows:

/home/fili/Documents/KIT/2023/BA/resources/tools/RAxML-NG/raxml-ng --msa /home/fili/Documents/KIT/2023/BA/code/output/families/ssim_DL_s20_f100_sites200_GTR_bl1.0_d1.0_l1.0_t0.0_gc0.0_p0.0_pop10_ms0.0_mf0.0_seed121873/families/family_036/alignment.msa --model F81 --prefix /home/fili/Documents/KIT/2023/BA/code/output/families/ssim_DL_s20_f100_sites200_GTR_bl1.0_d1.0_l1.0_t0.0_gc0.0_p0.0_pop10_ms0.0_mf0.0_seed121873/families/family_036/misc/raxml_output.F81

Analysis options:
  run mode: ML tree search
  start tree(s): random (10) + parsimony (10)
  random seed: 1687866089
  tip-inner: OFF
  pattern compression: ON
  per-rate scalers: OFF
  site repeats: ON
  fast spr radius: AUTO
  spr subtree cutoff: 1.000000
  branch lengths: proportional (ML estimate, algorithm: NR-FAST)
  SIMD kernels: AVX2
  parallelization: coarse-grained (auto), PTHREADS (auto)

[00:00:00] Reading alignment from file: /home/fili/Documents/KIT/2023/BA/code/output/families/ssim_DL_s20_f100_sites200_GTR_bl1.0_d1.0_l1.0_t0.0_gc0.0_p0.0_pop10_ms0.0_mf0.0_seed121873/families/family_036/alignment.msa
[00:00:00] Loaded alignment with 14 taxa and 178 sites

Alignment comprises 1 partitions and 69 patterns

Partition 0: noname
Model: F81+FO
Alignment sites / patterns: 178 / 69
Gaps: 0.00 %
Invariant sites: 51.69 %


NOTE: Binary MSA file created: /home/fili/Documents/KIT/2023/BA/code/output/families/ssim_DL_s20_f100_sites200_GTR_bl1.0_d1.0_l1.0_t0.0_gc0.0_p0.0_pop10_ms0.0_mf0.0_seed121873/families/family_036/misc/raxml_output.F81.raxml.rba

Parallelization scheme autoconfig: 8 worker(s) x 1 thread(s)

Parallel reduction/worker buffer size: 1 KB  / 0 KB

[00:00:00] Generating 10 random starting tree(s) with 14 taxa
[00:00:00] Generating 10 parsimony starting tree(s) with 14 taxa
[00:00:00] Data distribution: max. partitions/sites/weight per thread: 1 / 69 / 276
[00:00:00] Data distribution: max. searches per worker: 3

Starting ML tree search with 20 distinct starting trees

[00:00:00 -1392.725021] Initial branch length optimization
[00:00:00 -1194.765928] Model parameter optimization (eps = 10.000000)
[00:00:00 -1157.358045] AUTODETECT spr round 1 (radius: 5)
[00:00:00 -909.700954] AUTODETECT spr round 2 (radius: 10)
[00:00:00 -909.700937] SPR radius for FAST iterations: 5 (autodetect)
[00:00:00 -909.700937] Model parameter optimization (eps = 3.000000)
[00:00:00 -909.439907] FAST spr round 1 (radius: 5)
[00:00:00 -897.015427] FAST spr round 2 (radius: 5)
[00:00:00 -897.014843] Model parameter optimization (eps = 1.000000)
[00:00:00 -896.948971] SLOW spr round 1 (radius: 5)
[00:00:00 -896.948936] SLOW spr round 2 (radius: 10)
[00:00:00] [worker #2] ML tree search #3, logLikelihood: -896.948908
[00:00:00 -896.948936] Model parameter optimization (eps = 0.100000)

[00:00:00] [worker #0] ML tree search #1, logLikelihood: -896.948907

[00:00:00] [worker #6] ML tree search #7, logLikelihood: -896.948909
[00:00:00 -1380.048925] Initial branch length optimization
[00:00:00] [worker #7] ML tree search #8, logLikelihood: -896.948910
[00:00:00 -1188.576196] Model parameter optimization (eps = 10.000000)
[00:00:00 -1152.489424] AUTODETECT spr round 1 (radius: 5)
[00:00:00 -908.650432] AUTODETECT spr round 2 (radius: 10)
[00:00:00] [worker #5] ML tree search #6, logLikelihood: -896.948907
[00:00:00 -908.649642] SPR radius for FAST iterations: 5 (autodetect)
[00:00:00 -908.649642] Model parameter optimization (eps = 3.000000)
[00:00:00 -908.046830] FAST spr round 1 (radius: 5)
[00:00:00] [worker #4] ML tree search #5, logLikelihood: -896.948907
[00:00:00 -903.562202] FAST spr round 2 (radius: 5)
[00:00:00] [worker #1] ML tree search #2, logLikelihood: -896.948908
[00:00:00 -897.060374] FAST spr round 3 (radius: 5)
[00:00:00] [worker #3] ML tree search #4, logLikelihood: -896.948907
[00:00:00 -897.060358] Model parameter optimization (eps = 1.000000)
[00:00:00 -896.949037] SLOW spr round 1 (radius: 5)
[00:00:00] [worker #6] ML tree search #15, logLikelihood: -896.948907
[00:00:00 -896.948957] SLOW spr round 2 (radius: 10)
[00:00:00] [worker #7] ML tree search #16, logLikelihood: -896.948907
[00:00:00] [worker #4] ML tree search #13, logLikelihood: -896.948908
[00:00:00 -896.948957] Model parameter optimization (eps = 0.100000)

[00:00:00] [worker #0] ML tree search #9, logLikelihood: -896.948907

[00:00:00] [worker #2] ML tree search #11, logLikelihood: -896.948909
[00:00:00 -1134.235633] Initial branch length optimization
[00:00:00 -922.237413] Model parameter optimization (eps = 10.000000)
[00:00:00 -897.323259] AUTODETECT spr round 1 (radius: 5)
[00:00:00] [worker #5] ML tree search #14, logLikelihood: -896.948908
[00:00:00 -897.321058] SPR radius for FAST iterations: 5 (autodetect)
[00:00:00 -897.321058] Model parameter optimization (eps = 3.000000)
[00:00:00 -897.320743] FAST spr round 1 (radius: 5)
[00:00:00] [worker #3] ML tree search #12, logLikelihood: -896.948908
[00:00:00 -897.150256] FAST spr round 2 (radius: 5)
[00:00:00 -896.949302] FAST spr round 3 (radius: 5)
[00:00:00 -896.949288] Model parameter optimization (eps = 1.000000)
[00:00:00] [worker #1] ML tree search #10, logLikelihood: -896.948907
[00:00:00 -896.948908] SLOW spr round 1 (radius: 5)
[00:00:00] [worker #2] ML tree search #19, logLikelihood: -896.948908
[00:00:00 -896.948907] SLOW spr round 2 (radius: 10)
[00:00:00] [worker #3] ML tree search #20, logLikelihood: -896.948909
[00:00:00 -896.948907] Model parameter optimization (eps = 0.100000)

[00:00:00] [worker #0] ML tree search #17, logLikelihood: -896.948907

[00:00:00] [worker #1] ML tree search #18, logLikelihood: -896.948909

Optimized model parameters:

   Partition 0: noname
   Rate heterogeneity: NONE
   Base frequencies (ML): 0.309922 0.108881 0.345838 0.235359 
   Substitution rates (model): 1.000000 1.000000 1.000000 1.000000 1.000000 1.000000 


Final LogLikelihood: -896.948907

AIC score: 1849.897814 / AICc score: 1860.797143 / BIC score: 1938.987753
Free parameters (model + branch lengths): 28

Best ML tree saved to: /home/fili/Documents/KIT/2023/BA/code/output/families/ssim_DL_s20_f100_sites200_GTR_bl1.0_d1.0_l1.0_t0.0_gc0.0_p0.0_pop10_ms0.0_mf0.0_seed121873/families/family_036/misc/raxml_output.F81.raxml.bestTree
All ML trees saved to: /home/fili/Documents/KIT/2023/BA/code/output/families/ssim_DL_s20_f100_sites200_GTR_bl1.0_d1.0_l1.0_t0.0_gc0.0_p0.0_pop10_ms0.0_mf0.0_seed121873/families/family_036/misc/raxml_output.F81.raxml.mlTrees
Optimized model saved to: /home/fili/Documents/KIT/2023/BA/code/output/families/ssim_DL_s20_f100_sites200_GTR_bl1.0_d1.0_l1.0_t0.0_gc0.0_p0.0_pop10_ms0.0_mf0.0_seed121873/families/family_036/misc/raxml_output.F81.raxml.bestModel

Execution log saved to: /home/fili/Documents/KIT/2023/BA/code/output/families/ssim_DL_s20_f100_sites200_GTR_bl1.0_d1.0_l1.0_t0.0_gc0.0_p0.0_pop10_ms0.0_mf0.0_seed121873/families/family_036/misc/raxml_output.F81.raxml.log

Analysis started: 27-Jun-2023 13:41:29 / finished: 27-Jun-2023 13:41:29

Elapsed time: 0.130 seconds

