
RAxML-NG v. 1.1.0 released on 29.11.2021 by The Exelixis Lab.
Developed by: Alexey M. Kozlov and Alexandros Stamatakis.
Contributors: Diego Darriba, Tomas Flouri, Benoit Morel, Sarah Lutteropp, Ben Bettisworth.
Latest version: https://github.com/amkozlov/raxml-ng
Questions/problems/suggestions? Please visit: https://groups.google.com/forum/#!forum/raxml

System: AMD Ryzen 7 5800X 8-Core Processor, 8 cores, 31 GB RAM

RAxML-NG was called at 27-Jun-2023 13:41:52 as follows:

/home/fili/Documents/KIT/2023/BA/resources/tools/RAxML-NG/raxml-ng --msa /home/fili/Documents/KIT/2023/BA/code/output/families/ssim_DL_s20_f100_sites200_GTR_bl1.0_d1.0_l1.0_t0.0_gc0.0_p0.0_pop10_ms0.0_mf0.0_seed121873/families/family_099/alignment.msa --model F81 --prefix /home/fili/Documents/KIT/2023/BA/code/output/families/ssim_DL_s20_f100_sites200_GTR_bl1.0_d1.0_l1.0_t0.0_gc0.0_p0.0_pop10_ms0.0_mf0.0_seed121873/families/family_099/misc/raxml_output.F81

Analysis options:
  run mode: ML tree search
  start tree(s): random (10) + parsimony (10)
  random seed: 1687866112
  tip-inner: OFF
  pattern compression: ON
  per-rate scalers: OFF
  site repeats: ON
  fast spr radius: AUTO
  spr subtree cutoff: 1.000000
  branch lengths: proportional (ML estimate, algorithm: NR-FAST)
  SIMD kernels: AVX2
  parallelization: coarse-grained (auto), PTHREADS (auto)

[00:00:00] Reading alignment from file: /home/fili/Documents/KIT/2023/BA/code/output/families/ssim_DL_s20_f100_sites200_GTR_bl1.0_d1.0_l1.0_t0.0_gc0.0_p0.0_pop10_ms0.0_mf0.0_seed121873/families/family_099/alignment.msa
[00:00:00] Loaded alignment with 15 taxa and 226 sites

WARNING: Sequences 19_23_0 and 13_23_0 are exactly identical!
WARNING: Sequences 13_17_0 and 13_24_0 are exactly identical!
WARNING: Sequences 13_17_0 and 20_26_0 are exactly identical!
WARNING: Duplicate sequences found: 3

NOTE: Reduced alignment (with duplicates and gap-only sites/taxa removed) 
NOTE: was saved to: /home/fili/Documents/KIT/2023/BA/code/output/families/ssim_DL_s20_f100_sites200_GTR_bl1.0_d1.0_l1.0_t0.0_gc0.0_p0.0_pop10_ms0.0_mf0.0_seed121873/families/family_099/misc/raxml_output.F81.raxml.reduced.phy

Alignment comprises 1 partitions and 12 patterns

Partition 0: noname
Model: F81+FO
Alignment sites / patterns: 226 / 12
Gaps: 0.00 %
Invariant sites: 96.46 %


NOTE: Binary MSA file created: /home/fili/Documents/KIT/2023/BA/code/output/families/ssim_DL_s20_f100_sites200_GTR_bl1.0_d1.0_l1.0_t0.0_gc0.0_p0.0_pop10_ms0.0_mf0.0_seed121873/families/family_099/misc/raxml_output.F81.raxml.rba

Parallelization scheme autoconfig: 8 worker(s) x 1 thread(s)

Parallel reduction/worker buffer size: 1 KB  / 0 KB

[00:00:00] Generating 10 random starting tree(s) with 15 taxa
[00:00:00] Generating 10 parsimony starting tree(s) with 15 taxa
[00:00:00] Data distribution: max. partitions/sites/weight per thread: 1 / 12 / 48
[00:00:00] Data distribution: max. searches per worker: 3

Starting ML tree search with 20 distinct starting trees

[00:00:00 -1003.313827] Initial branch length optimization
[00:00:00 -498.998015] Model parameter optimization (eps = 10.000000)
[00:00:00 -486.771656] AUTODETECT spr round 1 (radius: 5)
[00:00:00 -422.599262] AUTODETECT spr round 2 (radius: 10)
[00:00:00 -421.810537] AUTODETECT spr round 3 (radius: 15)
[00:00:00 -421.810467] SPR radius for FAST iterations: 10 (autodetect)
[00:00:00 -421.810467] Model parameter optimization (eps = 3.000000)
[00:00:00 -421.642805] FAST spr round 1 (radius: 10)
[00:00:00 -421.356136] FAST spr round 2 (radius: 10)
[00:00:00 -420.823887] FAST spr round 3 (radius: 10)
[00:00:00 -420.823847] Model parameter optimization (eps = 1.000000)
[00:00:00 -420.808054] SLOW spr round 1 (radius: 5)
[00:00:00] [worker #4] ML tree search #5, logLikelihood: -422.367820
[00:00:00] [worker #1] ML tree search #2, logLikelihood: -420.808097
[00:00:00 -420.807851] SLOW spr round 2 (radius: 10)
[00:00:00] [worker #2] ML tree search #3, logLikelihood: -420.997965
[00:00:00 -420.807851] SLOW spr round 3 (radius: 15)
[00:00:00] [worker #3] ML tree search #4, logLikelihood: -420.807851
[00:00:00 -420.807851] Model parameter optimization (eps = 0.100000)

[00:00:00] [worker #0] ML tree search #1, logLikelihood: -420.807851

[00:00:00 -996.876107] Initial branch length optimization
[00:00:00 -486.820053] Model parameter optimization (eps = 10.000000)
[00:00:00 -475.102831] AUTODETECT spr round 1 (radius: 5)
[00:00:00] [worker #5] ML tree search #6, logLikelihood: -420.997966
[00:00:00 -421.669111] AUTODETECT spr round 2 (radius: 10)
[00:00:00 -421.668919] SPR radius for FAST iterations: 5 (autodetect)
[00:00:00 -421.668919] Model parameter optimization (eps = 3.000000)
[00:00:00 -421.284648] FAST spr round 1 (radius: 5)
[00:00:00] [worker #7] ML tree search #8, logLikelihood: -420.808098
[00:00:00 -420.998062] FAST spr round 2 (radius: 5)
[00:00:00 -420.997965] Model parameter optimization (eps = 1.000000)
[00:00:00 -420.997965] SLOW spr round 1 (radius: 5)
[00:00:00] [worker #6] ML tree search #7, logLikelihood: -420.997966
[00:00:00] [worker #2] ML tree search #11, logLikelihood: -420.807852
[00:00:00] [worker #1] ML tree search #10, logLikelihood: -420.997966
[00:00:00] [worker #4] ML tree search #13, logLikelihood: -421.198321
[00:00:00 -420.997965] SLOW spr round 2 (radius: 10)
[00:00:00] [worker #5] ML tree search #14, logLikelihood: -420.807852
[00:00:00 -420.997965] SLOW spr round 3 (radius: 15)
[00:00:00] [worker #3] ML tree search #12, logLikelihood: -420.808096
[00:00:00 -420.997965] Model parameter optimization (eps = 0.100000)

[00:00:00] [worker #0] ML tree search #9, logLikelihood: -420.997965

[00:00:00 -967.983791] Initial branch length optimization
[00:00:00 -435.524048] Model parameter optimization (eps = 10.000000)
[00:00:00 -423.522659] AUTODETECT spr round 1 (radius: 5)
[00:00:00 -423.238164] AUTODETECT spr round 2 (radius: 10)
[00:00:00 -423.236073] SPR radius for FAST iterations: 5 (autodetect)
[00:00:00 -423.236073] Model parameter optimization (eps = 3.000000)
[00:00:00 -423.235979] FAST spr round 1 (radius: 5)
[00:00:00] [worker #6] ML tree search #15, logLikelihood: -421.198321
[00:00:00 -423.235976] Model parameter optimization (eps = 1.000000)
[00:00:00 -423.235976] SLOW spr round 1 (radius: 5)
[00:00:00] [worker #1] ML tree search #18, logLikelihood: -420.807851
[00:00:00 -422.726933] SLOW spr round 2 (radius: 5)
[00:00:00] [worker #2] ML tree search #19, logLikelihood: -420.808097
[00:00:00 -422.726933] SLOW spr round 3 (radius: 10)
[00:00:00] [worker #3] ML tree search #20, logLikelihood: -420.997965
[00:00:00 -422.726933] SLOW spr round 4 (radius: 15)
[00:00:00 -422.726933] Model parameter optimization (eps = 0.100000)

[00:00:00] [worker #0] ML tree search #17, logLikelihood: -422.708296

[00:00:00] [worker #7] ML tree search #16, logLikelihood: -421.198322

Optimized model parameters:

   Partition 0: noname
   Rate heterogeneity: NONE
   Base frequencies (ML): 0.352037 0.150572 0.199901 0.297490 
   Substitution rates (model): 1.000000 1.000000 1.000000 1.000000 1.000000 1.000000 


Final LogLikelihood: -420.807851

AIC score: 901.615702 / AICc score: 911.154163 / BIC score: 1004.231752
Free parameters (model + branch lengths): 30

WARNING: Best ML tree contains 4 near-zero branches!

Best ML tree with collapsed near-zero branches saved to: /home/fili/Documents/KIT/2023/BA/code/output/families/ssim_DL_s20_f100_sites200_GTR_bl1.0_d1.0_l1.0_t0.0_gc0.0_p0.0_pop10_ms0.0_mf0.0_seed121873/families/family_099/misc/raxml_output.F81.raxml.bestTreeCollapsed
Best ML tree saved to: /home/fili/Documents/KIT/2023/BA/code/output/families/ssim_DL_s20_f100_sites200_GTR_bl1.0_d1.0_l1.0_t0.0_gc0.0_p0.0_pop10_ms0.0_mf0.0_seed121873/families/family_099/misc/raxml_output.F81.raxml.bestTree
All ML trees saved to: /home/fili/Documents/KIT/2023/BA/code/output/families/ssim_DL_s20_f100_sites200_GTR_bl1.0_d1.0_l1.0_t0.0_gc0.0_p0.0_pop10_ms0.0_mf0.0_seed121873/families/family_099/misc/raxml_output.F81.raxml.mlTrees
Optimized model saved to: /home/fili/Documents/KIT/2023/BA/code/output/families/ssim_DL_s20_f100_sites200_GTR_bl1.0_d1.0_l1.0_t0.0_gc0.0_p0.0_pop10_ms0.0_mf0.0_seed121873/families/family_099/misc/raxml_output.F81.raxml.bestModel

Execution log saved to: /home/fili/Documents/KIT/2023/BA/code/output/families/ssim_DL_s20_f100_sites200_GTR_bl1.0_d1.0_l1.0_t0.0_gc0.0_p0.0_pop10_ms0.0_mf0.0_seed121873/families/family_099/misc/raxml_output.F81.raxml.log

Analysis started: 27-Jun-2023 13:41:52 / finished: 27-Jun-2023 13:41:53

Elapsed time: 0.038 seconds

