GeneRax was called as follow:
/home/fili/Documents/KIT/2023/BA/resources/tools/GeneRax/build/bin/generax -f /home/fili/Documents/KIT/2023/BA/code/output/families/ssim_NE_s20_f100_sites200_GTR_bl1.0_d0.0_l0.0_t0.0_gc0.0_p0.0_pop10_ms0.0_mf0.0_seed14976684177860080345/runs/F81/families-generax.txt -s /home/fili/Documents/KIT/2023/BA/code/output/families/ssim_NE_s20_f100_sites200_GTR_bl1.0_d0.0_l0.0_t0.0_gc0.0_p0.0_pop10_ms0.0_mf0.0_seed14976684177860080345/species_trees/speciesTree.newick --strategy SPR -p /home/fili/Documents/KIT/2023/BA/code/output/families/ssim_NE_s20_f100_sites200_GTR_bl1.0_d0.0_l0.0_t0.0_gc0.0_p0.0_pop10_ms0.0_mf0.0_seed14976684177860080345/runs/F81/generax 

General information:
- Output prefix: /home/fili/Documents/KIT/2023/BA/code/output/families/ssim_NE_s20_f100_sites200_GTR_bl1.0_d0.0_l0.0_t0.0_gc0.0_p0.0_pop10_ms0.0_mf0.0_seed14976684177860080345/runs/F81/generax
- Families information: /home/fili/Documents/KIT/2023/BA/code/output/families/ssim_NE_s20_f100_sites200_GTR_bl1.0_d0.0_l0.0_t0.0_gc0.0_p0.0_pop10_ms0.0_mf0.0_seed14976684177860080345/runs/F81/families-generax.txt
- Species tree: /home/fili/Documents/KIT/2023/BA/code/output/families/ssim_NE_s20_f100_sites200_GTR_bl1.0_d0.0_l0.0_t0.0_gc0.0_p0.0_pop10_ms0.0_mf0.0_seed14976684177860080345/species_trees/speciesTree.newick
- MPI Ranks: 1
- Random seed: 123
- Reconciliation model: UndatedDTL
- DTL rates: global rates
- Infer ML reconciliation: ON
- Unrooted reconciliation likelihood: OFF
- Prune species tree mode: OFF

Gene tree correction information:
- Gene tree search strategy: SPR
- Max gene SPR radius: 5

[00:00:00] Filtering invalid families...

End of instance initialization

[00:00:00] [Initialization] Initial optimization of the starting random gene trees from the MSAs only
[00:00:03] [Initialization] Finished optimizing the gene trees from the MSAs

[00:00:03] Starting species tree initialization...
[00:00:03] End of species tree initialization
[00:00:03] Filtering invalid families based on the starting species tree...

[00:00:03] Gathering statistics about the families...
[00:00:03] Input data information:
- Number of gene families: 100
- Number of species: 20
- Total number of genes: 2000
- Average number of genes per family: 20
- Maximum number of genes per family: 20
- Species covered with the smallest family coverage: "20" (covered by 100/100 families)
- Average (over species) species family coverage: 100

[00:00:03] Reconciliation rates optimization... 
	D=1e-07, L=0.114061, T=0.151946, RecLL= -4399.1

[00:00:04] Optimizing gene trees with radius=1... 
[00:00:07] JointLL=-104344 RecLL=-2101.11 LibpllLL=-102242

[00:00:07] Reconciliation rates optimization... 
	D=1e-07, L=0.033924, T=0.0431997, RecLL= -1817.57

[00:00:08] Optimizing gene trees with radius=2... 
[00:00:13] JointLL=-103433 RecLL=-1062.53 LibpllLL=-102370

[00:00:13] Reconciliation rates optimization... 
	D=1e-07, L=0.0159823, T=0.022199, RecLL= -1021.57

[00:00:13] Optimizing gene trees with radius=3... 
[00:00:19] JointLL=-102879 RecLL=-438.96 LibpllLL=-102441

[00:00:19] Reconciliation rates optimization... 
	D=1e-07, L=0.00555018, T=0.007014, RecLL= -397.019

[00:00:20] Optimizing gene trees with radius=4... 
[00:00:25] JointLL=-102619 RecLL=-162.319 LibpllLL=-102457

[00:00:25] Reconciliation rates optimization... 
	D=1e-07, L=0.00175937, T=0.00240915, RecLL= -147.573

[00:00:25] Optimizing gene trees with radius=5... 
[00:00:29] JointLL=-102512 RecLL=-67.6231 LibpllLL=-102444

[00:00:29] Reconciling gene trees with the species tree...
[00:00:29] Terminating the instance..

[00:00:29] DTL rates: D=1e-07 L= 0.00175937 T=0.00240915
[00:00:29] Reconciliation likelihood: -67.6231
[00:00:29] Phylogenetic likelihood: -102444
[00:00:29] Joint likelihood: -102512
[00:00:29] Results directory: /home/fili/Documents/KIT/2023/BA/code/output/families/ssim_NE_s20_f100_sites200_GTR_bl1.0_d0.0_l0.0_t0.0_gc0.0_p0.0_pop10_ms0.0_mf0.0_seed14976684177860080345/runs/F81/generax
[00:00:29] End of GeneRax execution
