
RAxML-NG v. 1.1.0 released on 29.11.2021 by The Exelixis Lab.
Developed by: Alexey M. Kozlov and Alexandros Stamatakis.
Contributors: Diego Darriba, Tomas Flouri, Benoit Morel, Sarah Lutteropp, Ben Bettisworth.
Latest version: https://github.com/amkozlov/raxml-ng
Questions/problems/suggestions? Please visit: https://groups.google.com/forum/#!forum/raxml

System: AMD Ryzen 7 5800X 8-Core Processor, 8 cores, 31 GB RAM

RAxML-NG was called at 27-Jun-2023 13:52:07 as follows:

/home/fili/Documents/KIT/2023/BA/resources/tools/RAxML-NG/raxml-ng --msa /home/fili/Documents/KIT/2023/BA/code/output/families/ssim_NE_s20_f100_sites200_GTR_bl1.0_d0.0_l0.0_t0.0_gc0.0_p0.0_pop10_ms0.0_mf0.0_seed14976684177860080345/families/family_099/alignment.msa --model F81 --prefix /home/fili/Documents/KIT/2023/BA/code/output/families/ssim_NE_s20_f100_sites200_GTR_bl1.0_d0.0_l0.0_t0.0_gc0.0_p0.0_pop10_ms0.0_mf0.0_seed14976684177860080345/families/family_099/misc/raxml_output.F81

Analysis options:
  run mode: ML tree search
  start tree(s): random (10) + parsimony (10)
  random seed: 1687866727
  tip-inner: OFF
  pattern compression: ON
  per-rate scalers: OFF
  site repeats: ON
  fast spr radius: AUTO
  spr subtree cutoff: 1.000000
  branch lengths: proportional (ML estimate, algorithm: NR-FAST)
  SIMD kernels: AVX2
  parallelization: coarse-grained (auto), PTHREADS (auto)

[00:00:00] Reading alignment from file: /home/fili/Documents/KIT/2023/BA/code/output/families/ssim_NE_s20_f100_sites200_GTR_bl1.0_d0.0_l0.0_t0.0_gc0.0_p0.0_pop10_ms0.0_mf0.0_seed14976684177860080345/families/family_099/alignment.msa
[00:00:00] Loaded alignment with 20 taxa and 205 sites

WARNING: Sequences 2_0_0 and 14_0_0 are exactly identical!
WARNING: Sequences 7_0_0 and 10_0_0 are exactly identical!
WARNING: Sequences 7_0_0 and 5_0_0 are exactly identical!
WARNING: Duplicate sequences found: 3

NOTE: Reduced alignment (with duplicates and gap-only sites/taxa removed) 
NOTE: was saved to: /home/fili/Documents/KIT/2023/BA/code/output/families/ssim_NE_s20_f100_sites200_GTR_bl1.0_d0.0_l0.0_t0.0_gc0.0_p0.0_pop10_ms0.0_mf0.0_seed14976684177860080345/families/family_099/misc/raxml_output.F81.raxml.reduced.phy

Alignment comprises 1 partitions and 104 patterns

Partition 0: noname
Model: F81+FO
Alignment sites / patterns: 205 / 104
Gaps: 0.00 %
Invariant sites: 42.93 %


NOTE: Binary MSA file created: /home/fili/Documents/KIT/2023/BA/code/output/families/ssim_NE_s20_f100_sites200_GTR_bl1.0_d0.0_l0.0_t0.0_gc0.0_p0.0_pop10_ms0.0_mf0.0_seed14976684177860080345/families/family_099/misc/raxml_output.F81.raxml.rba

Parallelization scheme autoconfig: 8 worker(s) x 1 thread(s)

Parallel reduction/worker buffer size: 1 KB  / 0 KB

[00:00:00] Generating 10 random starting tree(s) with 20 taxa
[00:00:00] Generating 10 parsimony starting tree(s) with 20 taxa
[00:00:00] Data distribution: max. partitions/sites/weight per thread: 1 / 104 / 416
[00:00:00] Data distribution: max. searches per worker: 3

Starting ML tree search with 20 distinct starting trees

[00:00:00 -3177.213751] Initial branch length optimization
[00:00:00 -2695.779737] Model parameter optimization (eps = 10.000000)
[00:00:00 -2687.196391] AUTODETECT spr round 1 (radius: 5)
[00:00:00 -1520.535606] AUTODETECT spr round 2 (radius: 10)
[00:00:00 -1520.535584] SPR radius for FAST iterations: 5 (autodetect)
[00:00:00 -1520.535584] Model parameter optimization (eps = 3.000000)
[00:00:00 -1519.863899] FAST spr round 1 (radius: 5)
[00:00:00 -1499.161185] FAST spr round 2 (radius: 5)
[00:00:00 -1492.310133] FAST spr round 3 (radius: 5)
[00:00:00 -1492.309914] Model parameter optimization (eps = 1.000000)
[00:00:00 -1492.309038] SLOW spr round 1 (radius: 5)
[00:00:00 -1492.309037] SLOW spr round 2 (radius: 10)
[00:00:00] [worker #2] ML tree search #3, logLikelihood: -1492.309036
[00:00:00] [worker #3] ML tree search #4, logLikelihood: -1492.309037
[00:00:00] [worker #7] ML tree search #8, logLikelihood: -1492.309036
[00:00:00 -1492.309037] SLOW spr round 3 (radius: 15)
[00:00:00 -1492.309037] SLOW spr round 4 (radius: 20)
[00:00:00 -1492.309037] Model parameter optimization (eps = 0.100000)
[00:00:00] [worker #6] ML tree search #7, logLikelihood: -1492.309089

[00:00:00] [worker #0] ML tree search #1, logLikelihood: -1492.309037

[00:00:00 -3350.600538] Initial branch length optimization
[00:00:00 -2776.370248] Model parameter optimization (eps = 10.000000)
[00:00:00 -2767.475812] AUTODETECT spr round 1 (radius: 5)
[00:00:00 -1658.793758] AUTODETECT spr round 2 (radius: 10)
[00:00:00 -1549.718055] AUTODETECT spr round 3 (radius: 15)
[00:00:00 -1549.717172] SPR radius for FAST iterations: 10 (autodetect)
[00:00:00 -1549.717172] Model parameter optimization (eps = 3.000000)
[00:00:00 -1547.418704] FAST spr round 1 (radius: 10)
[00:00:00 -1492.736496] FAST spr round 2 (radius: 10)
[00:00:00] [worker #1] ML tree search #2, logLikelihood: -1492.309056
[00:00:00] [worker #4] ML tree search #5, logLikelihood: -1492.309036
[00:00:00 -1492.388219] FAST spr round 3 (radius: 10)
[00:00:00 -1492.387961] Model parameter optimization (eps = 1.000000)
[00:00:00 -1492.309841] SLOW spr round 1 (radius: 5)
[00:00:00] [worker #2] ML tree search #11, logLikelihood: -1492.309036
[00:00:00] [worker #5] ML tree search #6, logLikelihood: -1492.309036
[00:00:00] [worker #6] ML tree search #15, logLikelihood: -1492.309037
[00:00:00] [worker #3] ML tree search #12, logLikelihood: -1492.309036
[00:00:00] [worker #7] ML tree search #16, logLikelihood: -1492.309036
[00:00:00 -1492.309127] SLOW spr round 2 (radius: 10)
[00:00:00 -1492.309111] SLOW spr round 3 (radius: 15)
[00:00:00 -1492.309111] SLOW spr round 4 (radius: 20)
[00:00:00 -1492.309111] Model parameter optimization (eps = 0.100000)

[00:00:00] [worker #0] ML tree search #9, logLikelihood: -1492.309039

[00:00:00 -1887.222590] Initial branch length optimization
[00:00:00 -1509.782333] Model parameter optimization (eps = 10.000000)
[00:00:00 -1503.832999] AUTODETECT spr round 1 (radius: 5)
[00:00:00 -1495.303363] AUTODETECT spr round 2 (radius: 10)
[00:00:00 -1495.299351] SPR radius for FAST iterations: 5 (autodetect)
[00:00:00 -1495.299351] Model parameter optimization (eps = 3.000000)
[00:00:00 -1495.269589] FAST spr round 1 (radius: 5)
[00:00:00 -1492.318781] FAST spr round 2 (radius: 5)
[00:00:00] [worker #4] ML tree search #13, logLikelihood: -1492.309036
[00:00:00] [worker #2] ML tree search #19, logLikelihood: -1492.309037
[00:00:00 -1492.318496] Model parameter optimization (eps = 1.000000)
[00:00:00 -1492.309060] SLOW spr round 1 (radius: 5)
[00:00:00] [worker #5] ML tree search #14, logLikelihood: -1492.309037
[00:00:00] [worker #3] ML tree search #20, logLikelihood: -1492.309089
[00:00:00] [worker #1] ML tree search #10, logLikelihood: -1492.309036
[00:00:00 -1492.309038] SLOW spr round 2 (radius: 10)
[00:00:00 -1492.309038] SLOW spr round 3 (radius: 15)
[00:00:00 -1492.309038] SLOW spr round 4 (radius: 20)
[00:00:00 -1492.309038] Model parameter optimization (eps = 0.100000)

[00:00:00] [worker #0] ML tree search #17, logLikelihood: -1492.309036

[00:00:00] [worker #1] ML tree search #18, logLikelihood: -1492.309037

Optimized model parameters:

   Partition 0: noname
   Rate heterogeneity: NONE
   Base frequencies (ML): 0.264622 0.189780 0.251918 0.293680 
   Substitution rates (model): 1.000000 1.000000 1.000000 1.000000 1.000000 1.000000 


Final LogLikelihood: -1492.309036

AIC score: 3064.618072 / AICc score: 3084.618072 / BIC score: 3197.538471
Free parameters (model + branch lengths): 40

WARNING: Best ML tree contains 2 near-zero branches!

Best ML tree with collapsed near-zero branches saved to: /home/fili/Documents/KIT/2023/BA/code/output/families/ssim_NE_s20_f100_sites200_GTR_bl1.0_d0.0_l0.0_t0.0_gc0.0_p0.0_pop10_ms0.0_mf0.0_seed14976684177860080345/families/family_099/misc/raxml_output.F81.raxml.bestTreeCollapsed
Best ML tree saved to: /home/fili/Documents/KIT/2023/BA/code/output/families/ssim_NE_s20_f100_sites200_GTR_bl1.0_d0.0_l0.0_t0.0_gc0.0_p0.0_pop10_ms0.0_mf0.0_seed14976684177860080345/families/family_099/misc/raxml_output.F81.raxml.bestTree
All ML trees saved to: /home/fili/Documents/KIT/2023/BA/code/output/families/ssim_NE_s20_f100_sites200_GTR_bl1.0_d0.0_l0.0_t0.0_gc0.0_p0.0_pop10_ms0.0_mf0.0_seed14976684177860080345/families/family_099/misc/raxml_output.F81.raxml.mlTrees
Optimized model saved to: /home/fili/Documents/KIT/2023/BA/code/output/families/ssim_NE_s20_f100_sites200_GTR_bl1.0_d0.0_l0.0_t0.0_gc0.0_p0.0_pop10_ms0.0_mf0.0_seed14976684177860080345/families/family_099/misc/raxml_output.F81.raxml.bestModel

Execution log saved to: /home/fili/Documents/KIT/2023/BA/code/output/families/ssim_NE_s20_f100_sites200_GTR_bl1.0_d0.0_l0.0_t0.0_gc0.0_p0.0_pop10_ms0.0_mf0.0_seed14976684177860080345/families/family_099/misc/raxml_output.F81.raxml.log

Analysis started: 27-Jun-2023 13:52:07 / finished: 27-Jun-2023 13:52:07

Elapsed time: 0.236 seconds

