
RAxML-NG v. 1.1.0 released on 29.11.2021 by The Exelixis Lab.
Developed by: Alexey M. Kozlov and Alexandros Stamatakis.
Contributors: Diego Darriba, Tomas Flouri, Benoit Morel, Sarah Lutteropp, Ben Bettisworth.
Latest version: https://github.com/amkozlov/raxml-ng
Questions/problems/suggestions? Please visit: https://groups.google.com/forum/#!forum/raxml

System: AMD Ryzen 7 5800X 8-Core Processor, 8 cores, 31 GB RAM

RAxML-NG was called at 27-Jun-2023 13:52:02 as follows:

/home/fili/Documents/KIT/2023/BA/resources/tools/RAxML-NG/raxml-ng --msa /home/fili/Documents/KIT/2023/BA/code/output/families/ssim_NE_s20_f100_sites200_GTR_bl1.0_d0.0_l0.0_t0.0_gc0.0_p0.0_pop10_ms0.0_mf0.0_seed14976684177860080345/families/family_027/alignment.msa --model F81 --prefix /home/fili/Documents/KIT/2023/BA/code/output/families/ssim_NE_s20_f100_sites200_GTR_bl1.0_d0.0_l0.0_t0.0_gc0.0_p0.0_pop10_ms0.0_mf0.0_seed14976684177860080345/families/family_027/misc/raxml_output.F81

Analysis options:
  run mode: ML tree search
  start tree(s): random (10) + parsimony (10)
  random seed: 1687866722
  tip-inner: OFF
  pattern compression: ON
  per-rate scalers: OFF
  site repeats: ON
  fast spr radius: AUTO
  spr subtree cutoff: 1.000000
  branch lengths: proportional (ML estimate, algorithm: NR-FAST)
  SIMD kernels: AVX2
  parallelization: coarse-grained (auto), PTHREADS (auto)

[00:00:00] Reading alignment from file: /home/fili/Documents/KIT/2023/BA/code/output/families/ssim_NE_s20_f100_sites200_GTR_bl1.0_d0.0_l0.0_t0.0_gc0.0_p0.0_pop10_ms0.0_mf0.0_seed14976684177860080345/families/family_027/alignment.msa
[00:00:00] Loaded alignment with 20 taxa and 260 sites

Alignment comprises 1 partitions and 127 patterns

Partition 0: noname
Model: F81+FO
Alignment sites / patterns: 260 / 127
Gaps: 0.00 %
Invariant sites: 41.15 %


NOTE: Binary MSA file created: /home/fili/Documents/KIT/2023/BA/code/output/families/ssim_NE_s20_f100_sites200_GTR_bl1.0_d0.0_l0.0_t0.0_gc0.0_p0.0_pop10_ms0.0_mf0.0_seed14976684177860080345/families/family_027/misc/raxml_output.F81.raxml.rba

Parallelization scheme autoconfig: 8 worker(s) x 1 thread(s)

Parallel reduction/worker buffer size: 1 KB  / 0 KB

[00:00:00] Generating 10 random starting tree(s) with 20 taxa
[00:00:00] Generating 10 parsimony starting tree(s) with 20 taxa
[00:00:00] Data distribution: max. partitions/sites/weight per thread: 1 / 127 / 508
[00:00:00] Data distribution: max. searches per worker: 3

Starting ML tree search with 20 distinct starting trees

[00:00:00 -4018.943831] Initial branch length optimization
[00:00:00 -3495.107435] Model parameter optimization (eps = 10.000000)
[00:00:00 -3392.356312] AUTODETECT spr round 1 (radius: 5)
[00:00:00 -1837.269289] AUTODETECT spr round 2 (radius: 10)
[00:00:00 -1837.268977] SPR radius for FAST iterations: 5 (autodetect)
[00:00:00 -1837.268977] Model parameter optimization (eps = 3.000000)
[00:00:00 -1834.442775] FAST spr round 1 (radius: 5)
[00:00:00 -1812.244998] FAST spr round 2 (radius: 5)
[00:00:00 -1809.358040] FAST spr round 3 (radius: 5)
[00:00:00 -1807.778146] FAST spr round 4 (radius: 5)
[00:00:00] [worker #3] ML tree search #4, logLikelihood: -1806.766559
[00:00:00] [worker #4] ML tree search #5, logLikelihood: -1806.766558
[00:00:00 -1807.422162] FAST spr round 5 (radius: 5)
[00:00:00] [worker #1] ML tree search #2, logLikelihood: -1806.766558
[00:00:00] [worker #2] ML tree search #3, logLikelihood: -1806.766559
[00:00:00 -1806.773398] FAST spr round 6 (radius: 5)
[00:00:00] [worker #5] ML tree search #6, logLikelihood: -1806.766566
[00:00:00 -1806.772943] Model parameter optimization (eps = 1.000000)
[00:00:00] [worker #6] ML tree search #7, logLikelihood: -1806.766559
[00:00:00 -1806.766568] SLOW spr round 1 (radius: 5)
[00:00:00] [worker #7] ML tree search #8, logLikelihood: -1806.766558
[00:00:00 -1806.766568] SLOW spr round 2 (radius: 10)
[00:00:00] [worker #3] ML tree search #12, logLikelihood: -1806.766563
[00:00:00] [worker #2] ML tree search #11, logLikelihood: -1806.766560
[00:00:00 -1806.766568] SLOW spr round 3 (radius: 15)
[00:00:00] [worker #4] ML tree search #13, logLikelihood: -1806.766559
[00:00:00 -1806.766568] SLOW spr round 4 (radius: 20)
[00:00:00 -1806.766568] Model parameter optimization (eps = 0.100000)

[00:00:00] [worker #0] ML tree search #1, logLikelihood: -1806.766558

[00:00:00] [worker #5] ML tree search #14, logLikelihood: -1806.766561
[00:00:00 -4301.066754] Initial branch length optimization
[00:00:00 -3744.391477] Model parameter optimization (eps = 10.000000)
[00:00:00] [worker #6] ML tree search #15, logLikelihood: -1806.766560
[00:00:00] [worker #1] ML tree search #10, logLikelihood: -1808.229098
[00:00:00 -3605.813134] AUTODETECT spr round 1 (radius: 5)
[00:00:00 -2029.084309] AUTODETECT spr round 2 (radius: 10)
[00:00:00 -1847.750736] AUTODETECT spr round 3 (radius: 15)
[00:00:00 -1847.750594] SPR radius for FAST iterations: 10 (autodetect)
[00:00:00 -1847.750594] Model parameter optimization (eps = 3.000000)
[00:00:00 -1845.293602] FAST spr round 1 (radius: 10)
[00:00:00 -1808.548258] FAST spr round 2 (radius: 10)
[00:00:00] [worker #2] ML tree search #19, logLikelihood: -1808.229090
[00:00:00 -1806.937369] FAST spr round 3 (radius: 10)
[00:00:00] [worker #7] ML tree search #16, logLikelihood: -1808.229089
[00:00:00] [worker #3] ML tree search #20, logLikelihood: -1806.766561
[00:00:00] [worker #1] ML tree search #18, logLikelihood: -1806.766558
[00:00:00 -1806.937351] Model parameter optimization (eps = 1.000000)
[00:00:00 -1806.767070] SLOW spr round 1 (radius: 5)
[00:00:00 -1806.766754] SLOW spr round 2 (radius: 10)
[00:00:00 -1806.766752] SLOW spr round 3 (radius: 15)
[00:00:00 -1806.766752] SLOW spr round 4 (radius: 20)
[00:00:00 -1806.766752] Model parameter optimization (eps = 0.100000)

[00:00:00] [worker #0] ML tree search #9, logLikelihood: -1806.766565

[00:00:00 -2351.306575] Initial branch length optimization
[00:00:00 -1883.495607] Model parameter optimization (eps = 10.000000)
[00:00:00 -1811.182230] AUTODETECT spr round 1 (radius: 5)
[00:00:00 -1807.414805] AUTODETECT spr round 2 (radius: 10)
[00:00:00 -1807.414675] SPR radius for FAST iterations: 5 (autodetect)
[00:00:00 -1807.414675] Model parameter optimization (eps = 3.000000)
[00:00:00 -1807.401685] FAST spr round 1 (radius: 5)
[00:00:00 -1807.401679] Model parameter optimization (eps = 1.000000)
[00:00:00 -1807.401670] SLOW spr round 1 (radius: 5)
[00:00:00 -1806.783475] SLOW spr round 2 (radius: 5)
[00:00:00 -1806.783317] SLOW spr round 3 (radius: 10)
[00:00:00 -1806.783315] SLOW spr round 4 (radius: 15)
[00:00:00 -1806.783315] SLOW spr round 5 (radius: 20)
[00:00:00 -1806.783315] Model parameter optimization (eps = 0.100000)

[00:00:00] [worker #0] ML tree search #17, logLikelihood: -1806.766575


Optimized model parameters:

   Partition 0: noname
   Rate heterogeneity: NONE
   Base frequencies (ML): 0.300229 0.101069 0.421291 0.177411 
   Substitution rates (model): 1.000000 1.000000 1.000000 1.000000 1.000000 1.000000 


Final LogLikelihood: -1806.766558

AIC score: 3693.533115 / AICc score: 3708.510284 / BIC score: 3835.960381
Free parameters (model + branch lengths): 40

WARNING: Best ML tree contains 1 near-zero branches!

Best ML tree with collapsed near-zero branches saved to: /home/fili/Documents/KIT/2023/BA/code/output/families/ssim_NE_s20_f100_sites200_GTR_bl1.0_d0.0_l0.0_t0.0_gc0.0_p0.0_pop10_ms0.0_mf0.0_seed14976684177860080345/families/family_027/misc/raxml_output.F81.raxml.bestTreeCollapsed
Best ML tree saved to: /home/fili/Documents/KIT/2023/BA/code/output/families/ssim_NE_s20_f100_sites200_GTR_bl1.0_d0.0_l0.0_t0.0_gc0.0_p0.0_pop10_ms0.0_mf0.0_seed14976684177860080345/families/family_027/misc/raxml_output.F81.raxml.bestTree
All ML trees saved to: /home/fili/Documents/KIT/2023/BA/code/output/families/ssim_NE_s20_f100_sites200_GTR_bl1.0_d0.0_l0.0_t0.0_gc0.0_p0.0_pop10_ms0.0_mf0.0_seed14976684177860080345/families/family_027/misc/raxml_output.F81.raxml.mlTrees
Optimized model saved to: /home/fili/Documents/KIT/2023/BA/code/output/families/ssim_NE_s20_f100_sites200_GTR_bl1.0_d0.0_l0.0_t0.0_gc0.0_p0.0_pop10_ms0.0_mf0.0_seed14976684177860080345/families/family_027/misc/raxml_output.F81.raxml.bestModel

Execution log saved to: /home/fili/Documents/KIT/2023/BA/code/output/families/ssim_NE_s20_f100_sites200_GTR_bl1.0_d0.0_l0.0_t0.0_gc0.0_p0.0_pop10_ms0.0_mf0.0_seed14976684177860080345/families/family_027/misc/raxml_output.F81.raxml.log

Analysis started: 27-Jun-2023 13:52:02 / finished: 27-Jun-2023 13:52:02

Elapsed time: 0.438 seconds

