
RAxML-NG v. 1.1.0 released on 29.11.2021 by The Exelixis Lab.
Developed by: Alexey M. Kozlov and Alexandros Stamatakis.
Contributors: Diego Darriba, Tomas Flouri, Benoit Morel, Sarah Lutteropp, Ben Bettisworth.
Latest version: https://github.com/amkozlov/raxml-ng
Questions/problems/suggestions? Please visit: https://groups.google.com/forum/#!forum/raxml

System: AMD Ryzen 7 5800X 8-Core Processor, 8 cores, 31 GB RAM

RAxML-NG was called at 27-Jun-2023 13:47:21 as follows:

/home/fili/Documents/KIT/2023/BA/resources/tools/RAxML-NG/raxml-ng --msa /home/fili/Documents/KIT/2023/BA/code/output/families/ssim_NE_s20_f100_sites200_GTR_bl1.0_d0.0_l0.0_t0.0_gc0.0_p0.0_pop10_ms0.0_mf0.0_seed121873/families/family_012/alignment.msa --model F81 --prefix /home/fili/Documents/KIT/2023/BA/code/output/families/ssim_NE_s20_f100_sites200_GTR_bl1.0_d0.0_l0.0_t0.0_gc0.0_p0.0_pop10_ms0.0_mf0.0_seed121873/families/family_012/misc/raxml_output.F81

Analysis options:
  run mode: ML tree search
  start tree(s): random (10) + parsimony (10)
  random seed: 1687866441
  tip-inner: OFF
  pattern compression: ON
  per-rate scalers: OFF
  site repeats: ON
  fast spr radius: AUTO
  spr subtree cutoff: 1.000000
  branch lengths: proportional (ML estimate, algorithm: NR-FAST)
  SIMD kernels: AVX2
  parallelization: coarse-grained (auto), PTHREADS (auto)

[00:00:00] Reading alignment from file: /home/fili/Documents/KIT/2023/BA/code/output/families/ssim_NE_s20_f100_sites200_GTR_bl1.0_d0.0_l0.0_t0.0_gc0.0_p0.0_pop10_ms0.0_mf0.0_seed121873/families/family_012/alignment.msa
[00:00:00] Loaded alignment with 20 taxa and 179 sites

WARNING: Sequences 13_0_0 and 19_0_0 are exactly identical!
WARNING: Sequences 17_0_0 and 15_0_0 are exactly identical!
WARNING: Sequences 5_0_0 and 2_0_0 are exactly identical!
WARNING: Duplicate sequences found: 3

NOTE: Reduced alignment (with duplicates and gap-only sites/taxa removed) 
NOTE: was saved to: /home/fili/Documents/KIT/2023/BA/code/output/families/ssim_NE_s20_f100_sites200_GTR_bl1.0_d0.0_l0.0_t0.0_gc0.0_p0.0_pop10_ms0.0_mf0.0_seed121873/families/family_012/misc/raxml_output.F81.raxml.reduced.phy

Alignment comprises 1 partitions and 107 patterns

Partition 0: noname
Model: F81+FO
Alignment sites / patterns: 179 / 107
Gaps: 0.00 %
Invariant sites: 33.52 %


NOTE: Binary MSA file created: /home/fili/Documents/KIT/2023/BA/code/output/families/ssim_NE_s20_f100_sites200_GTR_bl1.0_d0.0_l0.0_t0.0_gc0.0_p0.0_pop10_ms0.0_mf0.0_seed121873/families/family_012/misc/raxml_output.F81.raxml.rba

Parallelization scheme autoconfig: 8 worker(s) x 1 thread(s)

Parallel reduction/worker buffer size: 1 KB  / 0 KB

[00:00:00] Generating 10 random starting tree(s) with 20 taxa
[00:00:00] Generating 10 parsimony starting tree(s) with 20 taxa
[00:00:00] Data distribution: max. partitions/sites/weight per thread: 1 / 107 / 428
[00:00:00] Data distribution: max. searches per worker: 3

Starting ML tree search with 20 distinct starting trees

[00:00:00 -2651.853644] Initial branch length optimization
[00:00:00 -2327.540246] Model parameter optimization (eps = 10.000000)
[00:00:00 -2281.659454] AUTODETECT spr round 1 (radius: 5)
[00:00:00 -1313.100245] AUTODETECT spr round 2 (radius: 10)
[00:00:00 -1290.916761] AUTODETECT spr round 3 (radius: 15)
[00:00:00 -1290.916471] SPR radius for FAST iterations: 10 (autodetect)
[00:00:00 -1290.916471] Model parameter optimization (eps = 3.000000)
[00:00:00 -1289.921728] FAST spr round 1 (radius: 10)
[00:00:00 -1277.813752] FAST spr round 2 (radius: 10)
[00:00:00 -1268.653393] FAST spr round 3 (radius: 10)
[00:00:00 -1268.653391] Model parameter optimization (eps = 1.000000)
[00:00:00 -1268.558139] SLOW spr round 1 (radius: 5)
[00:00:00 -1268.558119] SLOW spr round 2 (radius: 10)
[00:00:00] [worker #6] ML tree search #7, logLikelihood: -1268.558113
[00:00:00] [worker #7] ML tree search #8, logLikelihood: -1268.558116
[00:00:00] [worker #4] ML tree search #5, logLikelihood: -1268.558114
[00:00:00] [worker #3] ML tree search #4, logLikelihood: -1268.558116
[00:00:00] [worker #1] ML tree search #2, logLikelihood: -1268.558113
[00:00:00 -1268.558119] SLOW spr round 3 (radius: 15)
[00:00:00] [worker #5] ML tree search #6, logLikelihood: -1268.558115
[00:00:00] [worker #2] ML tree search #3, logLikelihood: -1268.558114
[00:00:00 -1268.558119] SLOW spr round 4 (radius: 20)
[00:00:00 -1268.558119] Model parameter optimization (eps = 0.100000)

[00:00:00] [worker #0] ML tree search #1, logLikelihood: -1268.558116

[00:00:00 -2797.439047] Initial branch length optimization
[00:00:00 -2355.708921] Model parameter optimization (eps = 10.000000)
[00:00:00 -2309.655530] AUTODETECT spr round 1 (radius: 5)
[00:00:00 -1306.227459] AUTODETECT spr round 2 (radius: 10)
[00:00:00 -1290.257789] AUTODETECT spr round 3 (radius: 15)
[00:00:00 -1290.254895] SPR radius for FAST iterations: 10 (autodetect)
[00:00:00 -1290.254895] Model parameter optimization (eps = 3.000000)
[00:00:00 -1289.748283] FAST spr round 1 (radius: 10)
[00:00:00 -1280.922003] FAST spr round 2 (radius: 10)
[00:00:00 -1268.668233] FAST spr round 3 (radius: 10)
[00:00:00 -1268.668231] Model parameter optimization (eps = 1.000000)
[00:00:00 -1268.634152] SLOW spr round 1 (radius: 5)
[00:00:00] [worker #3] ML tree search #12, logLikelihood: -1268.558113
[00:00:00] [worker #6] ML tree search #15, logLikelihood: -1268.558113
[00:00:00] [worker #4] ML tree search #13, logLikelihood: -1268.558114
[00:00:00] [worker #7] ML tree search #16, logLikelihood: -1268.558113
[00:00:00 -1268.634141] SLOW spr round 2 (radius: 10)
[00:00:00] [worker #5] ML tree search #14, logLikelihood: -1268.558114
[00:00:00] [worker #1] ML tree search #10, logLikelihood: -1268.558113
[00:00:00 -1268.634141] SLOW spr round 3 (radius: 15)
[00:00:00] [worker #2] ML tree search #11, logLikelihood: -1268.558113
[00:00:00 -1268.634141] SLOW spr round 4 (radius: 20)
[00:00:00 -1268.634141] Model parameter optimization (eps = 0.100000)

[00:00:00] [worker #0] ML tree search #9, logLikelihood: -1268.634139

[00:00:00 -1657.679957] Initial branch length optimization
[00:00:00 -1309.860447] Model parameter optimization (eps = 10.000000)
[00:00:00 -1283.992889] AUTODETECT spr round 1 (radius: 5)
[00:00:00 -1268.673049] AUTODETECT spr round 2 (radius: 10)
[00:00:00 -1268.673019] SPR radius for FAST iterations: 5 (autodetect)
[00:00:00 -1268.673019] Model parameter optimization (eps = 3.000000)
[00:00:00 -1268.634199] FAST spr round 1 (radius: 5)
[00:00:00 -1268.561243] Model parameter optimization (eps = 1.000000)
[00:00:00 -1268.558120] SLOW spr round 1 (radius: 5)
[00:00:00] [worker #3] ML tree search #20, logLikelihood: -1268.558114
[00:00:00 -1268.558113] SLOW spr round 2 (radius: 10)
[00:00:00] [worker #1] ML tree search #18, logLikelihood: -1268.558113
[00:00:00] [worker #2] ML tree search #19, logLikelihood: -1268.558113
[00:00:00 -1268.558113] SLOW spr round 3 (radius: 15)
[00:00:00 -1268.558113] SLOW spr round 4 (radius: 20)
[00:00:00 -1268.558113] Model parameter optimization (eps = 0.100000)

[00:00:00] [worker #0] ML tree search #17, logLikelihood: -1268.558113


Optimized model parameters:

   Partition 0: noname
   Rate heterogeneity: NONE
   Base frequencies (ML): 0.306386 0.164037 0.360814 0.168762 
   Substitution rates (model): 1.000000 1.000000 1.000000 1.000000 1.000000 1.000000 


Final LogLikelihood: -1268.558113

AIC score: 2617.116225 / AICc score: 2640.884341 / BIC score: 2744.611657
Free parameters (model + branch lengths): 40

WARNING: Best ML tree contains 3 near-zero branches!

Best ML tree with collapsed near-zero branches saved to: /home/fili/Documents/KIT/2023/BA/code/output/families/ssim_NE_s20_f100_sites200_GTR_bl1.0_d0.0_l0.0_t0.0_gc0.0_p0.0_pop10_ms0.0_mf0.0_seed121873/families/family_012/misc/raxml_output.F81.raxml.bestTreeCollapsed
Best ML tree saved to: /home/fili/Documents/KIT/2023/BA/code/output/families/ssim_NE_s20_f100_sites200_GTR_bl1.0_d0.0_l0.0_t0.0_gc0.0_p0.0_pop10_ms0.0_mf0.0_seed121873/families/family_012/misc/raxml_output.F81.raxml.bestTree
All ML trees saved to: /home/fili/Documents/KIT/2023/BA/code/output/families/ssim_NE_s20_f100_sites200_GTR_bl1.0_d0.0_l0.0_t0.0_gc0.0_p0.0_pop10_ms0.0_mf0.0_seed121873/families/family_012/misc/raxml_output.F81.raxml.mlTrees
Optimized model saved to: /home/fili/Documents/KIT/2023/BA/code/output/families/ssim_NE_s20_f100_sites200_GTR_bl1.0_d0.0_l0.0_t0.0_gc0.0_p0.0_pop10_ms0.0_mf0.0_seed121873/families/family_012/misc/raxml_output.F81.raxml.bestModel

Execution log saved to: /home/fili/Documents/KIT/2023/BA/code/output/families/ssim_NE_s20_f100_sites200_GTR_bl1.0_d0.0_l0.0_t0.0_gc0.0_p0.0_pop10_ms0.0_mf0.0_seed121873/families/family_012/misc/raxml_output.F81.raxml.log

Analysis started: 27-Jun-2023 13:47:21 / finished: 27-Jun-2023 13:47:21

Elapsed time: 0.218 seconds

