
RAxML-NG v. 1.1.0 released on 29.11.2021 by The Exelixis Lab.
Developed by: Alexey M. Kozlov and Alexandros Stamatakis.
Contributors: Diego Darriba, Tomas Flouri, Benoit Morel, Sarah Lutteropp, Ben Bettisworth.
Latest version: https://github.com/amkozlov/raxml-ng
Questions/problems/suggestions? Please visit: https://groups.google.com/forum/#!forum/raxml

System: AMD Ryzen 7 5800X 8-Core Processor, 8 cores, 31 GB RAM

RAxML-NG was called at 27-Jun-2023 13:02:05 as follows:

/home/fili/Documents/KIT/2023/BA/resources/tools/RAxML-NG/raxml-ng --msa /home/fili/Documents/KIT/2023/BA/code/output/families/ssim_DL_s20_f100_sites200_GTR_bl1.0_d1.0_l1.0_t0.0_gc0.0_p0.0_pop10_ms0.0_mf0.0_seed1007/families/family_029/alignment.msa --model F81 --prefix /home/fili/Documents/KIT/2023/BA/code/output/families/ssim_DL_s20_f100_sites200_GTR_bl1.0_d1.0_l1.0_t0.0_gc0.0_p0.0_pop10_ms0.0_mf0.0_seed1007/families/family_029/misc/raxml_output.F81

Analysis options:
  run mode: ML tree search
  start tree(s): random (10) + parsimony (10)
  random seed: 1687863725
  tip-inner: OFF
  pattern compression: ON
  per-rate scalers: OFF
  site repeats: ON
  fast spr radius: AUTO
  spr subtree cutoff: 1.000000
  branch lengths: proportional (ML estimate, algorithm: NR-FAST)
  SIMD kernels: AVX2
  parallelization: coarse-grained (auto), PTHREADS (auto)

[00:00:00] Reading alignment from file: /home/fili/Documents/KIT/2023/BA/code/output/families/ssim_DL_s20_f100_sites200_GTR_bl1.0_d1.0_l1.0_t0.0_gc0.0_p0.0_pop10_ms0.0_mf0.0_seed1007/families/family_029/alignment.msa
[00:00:00] Loaded alignment with 61 taxa and 227 sites

WARNING: Sequences 13_2_0 and 13_18_0 are exactly identical!
WARNING: Sequences 12_2_0 and 19_2_0 are exactly identical!
WARNING: Sequences 12_2_0 and 20_2_0 are exactly identical!
WARNING: Sequences 19_16_0 and 12_16_0 are exactly identical!
WARNING: Sequences 20_15_0 and 19_15_0 are exactly identical!
WARNING: Sequences 20_15_0 and 12_15_0 are exactly identical!
WARNING: Sequences 19_0_0 and 12_0_0 are exactly identical!
WARNING: Sequences 20_7_0 and 19_7_0 are exactly identical!
WARNING: Sequences 20_7_0 and 12_7_0 are exactly identical!
WARNING: Sequences 18_5_0 and 14_5_0 are exactly identical!
WARNING: Duplicate sequences found: 10

NOTE: Reduced alignment (with duplicates and gap-only sites/taxa removed) 
NOTE: was saved to: /home/fili/Documents/KIT/2023/BA/code/output/families/ssim_DL_s20_f100_sites200_GTR_bl1.0_d1.0_l1.0_t0.0_gc0.0_p0.0_pop10_ms0.0_mf0.0_seed1007/families/family_029/misc/raxml_output.F81.raxml.reduced.phy

Alignment comprises 1 partitions and 179 patterns

Partition 0: noname
Model: F81+FO
Alignment sites / patterns: 227 / 179
Gaps: 0.00 %
Invariant sites: 21.59 %


NOTE: Binary MSA file created: /home/fili/Documents/KIT/2023/BA/code/output/families/ssim_DL_s20_f100_sites200_GTR_bl1.0_d1.0_l1.0_t0.0_gc0.0_p0.0_pop10_ms0.0_mf0.0_seed1007/families/family_029/misc/raxml_output.F81.raxml.rba

Parallelization scheme autoconfig: 8 worker(s) x 1 thread(s)

Parallel reduction/worker buffer size: 1 KB  / 0 KB

[00:00:00] Generating 10 random starting tree(s) with 61 taxa
[00:00:00] Generating 10 parsimony starting tree(s) with 61 taxa
[00:00:00] Data distribution: max. partitions/sites/weight per thread: 1 / 179 / 716
[00:00:00] Data distribution: max. searches per worker: 3

Starting ML tree search with 20 distinct starting trees

[00:00:00 -8982.455689] Initial branch length optimization
[00:00:00 -8101.639944] Model parameter optimization (eps = 10.000000)
[00:00:00 -7628.430952] AUTODETECT spr round 1 (radius: 5)
[00:00:00 -4510.032543] AUTODETECT spr round 2 (radius: 10)
[00:00:00 -3851.593078] AUTODETECT spr round 3 (radius: 15)
[00:00:00 -3825.284840] AUTODETECT spr round 4 (radius: 20)
[00:00:00 -3815.992561] AUTODETECT spr round 5 (radius: 25)
[00:00:00 -3815.992553] SPR radius for FAST iterations: 20 (autodetect)
[00:00:00 -3815.992553] Model parameter optimization (eps = 3.000000)
[00:00:00 -3813.407607] FAST spr round 1 (radius: 20)
[00:00:00 -3672.345967] FAST spr round 2 (radius: 20)
[00:00:00 -3635.973996] FAST spr round 3 (radius: 20)
[00:00:00 -3631.958749] FAST spr round 4 (radius: 20)
[00:00:00 -3631.958617] Model parameter optimization (eps = 1.000000)
[00:00:00 -3630.081839] SLOW spr round 1 (radius: 5)
[00:00:00 -3629.330536] SLOW spr round 2 (radius: 5)
[00:00:00 -3629.330536] SLOW spr round 3 (radius: 10)
[00:00:00] [worker #1] ML tree search #2, logLikelihood: -3630.526199
[00:00:00] [worker #3] ML tree search #4, logLikelihood: -3630.526093
[00:00:00] [worker #5] ML tree search #6, logLikelihood: -3630.526098
[00:00:00] [worker #2] ML tree search #3, logLikelihood: -3629.330405
[00:00:00 -3629.330536] SLOW spr round 4 (radius: 15)
[00:00:00] [worker #4] ML tree search #5, logLikelihood: -3630.526117
[00:00:00 -3629.330536] SLOW spr round 5 (radius: 20)
[00:00:00] [worker #6] ML tree search #7, logLikelihood: -3630.526174
[00:00:00 -3629.330536] SLOW spr round 6 (radius: 25)
[00:00:00 -3629.330536] Model parameter optimization (eps = 0.100000)

[00:00:00] [worker #0] ML tree search #1, logLikelihood: -3629.330315

[00:00:00 -9424.829814] Initial branch length optimization
[00:00:00 -8523.467016] Model parameter optimization (eps = 10.000000)
[00:00:00 -8035.603253] AUTODETECT spr round 1 (radius: 5)
[00:00:00] [worker #7] ML tree search #8, logLikelihood: -3630.526161
[00:00:00 -4588.768446] AUTODETECT spr round 2 (radius: 10)
[00:00:00 -3850.892794] AUTODETECT spr round 3 (radius: 15)
[00:00:00 -3825.721025] AUTODETECT spr round 4 (radius: 20)
[00:00:00 -3825.720781] SPR radius for FAST iterations: 15 (autodetect)
[00:00:00 -3825.720781] Model parameter optimization (eps = 3.000000)
[00:00:00 -3822.173578] FAST spr round 1 (radius: 15)
[00:00:01 -3666.383067] FAST spr round 2 (radius: 15)
[00:00:01 -3637.888530] FAST spr round 3 (radius: 15)
[00:00:01 -3634.095756] FAST spr round 4 (radius: 15)
[00:00:01 -3630.745148] FAST spr round 5 (radius: 15)
[00:00:01 -3630.745145] Model parameter optimization (eps = 1.000000)
[00:00:01 -3630.526241] SLOW spr round 1 (radius: 5)
[00:00:01] [worker #3] ML tree search #12, logLikelihood: -3629.330396
[00:00:01] [worker #1] ML tree search #10, logLikelihood: -3630.526114
[00:00:01] [worker #5] ML tree search #14, logLikelihood: -3629.330338
[00:00:01 -3630.526190] SLOW spr round 2 (radius: 10)
[00:00:01] [worker #4] ML tree search #13, logLikelihood: -3630.526158
[00:00:01] [worker #2] ML tree search #11, logLikelihood: -3630.526105
[00:00:01] [worker #7] ML tree search #16, logLikelihood: -3629.330317
[00:00:01 -3630.526190] SLOW spr round 3 (radius: 15)
[00:00:01] [worker #6] ML tree search #15, logLikelihood: -3630.526109
[00:00:01 -3630.526190] SLOW spr round 4 (radius: 20)
[00:00:01 -3630.526190] SLOW spr round 5 (radius: 25)
[00:00:01 -3630.526190] Model parameter optimization (eps = 0.100000)

[00:00:01] [worker #0] ML tree search #9, logLikelihood: -3630.526092

[00:00:01 -5276.461984] Initial branch length optimization
[00:00:01 -3823.381847] Model parameter optimization (eps = 10.000000)
[00:00:01 -3651.015675] AUTODETECT spr round 1 (radius: 5)
[00:00:01 -3636.928641] AUTODETECT spr round 2 (radius: 10)
[00:00:01 -3631.704140] AUTODETECT spr round 3 (radius: 15)
[00:00:01 -3631.704091] SPR radius for FAST iterations: 10 (autodetect)
[00:00:01 -3631.704091] Model parameter optimization (eps = 3.000000)
[00:00:01 -3631.538749] FAST spr round 1 (radius: 10)
[00:00:01 -3631.277322] FAST spr round 2 (radius: 10)
[00:00:01 -3631.277256] Model parameter optimization (eps = 1.000000)
[00:00:01 -3631.275474] SLOW spr round 1 (radius: 5)
[00:00:01 -3630.526259] SLOW spr round 2 (radius: 5)
[00:00:01] [worker #1] ML tree search #18, logLikelihood: -3629.330398
[00:00:01] [worker #3] ML tree search #20, logLikelihood: -3629.330314
[00:00:01 -3630.526259] SLOW spr round 3 (radius: 10)
[00:00:01] [worker #2] ML tree search #19, logLikelihood: -3630.526190
[00:00:01 -3630.526259] SLOW spr round 4 (radius: 15)
[00:00:02 -3630.526259] SLOW spr round 5 (radius: 20)
[00:00:02 -3630.526259] SLOW spr round 6 (radius: 25)
[00:00:02 -3630.526259] Model parameter optimization (eps = 0.100000)

[00:00:02] [worker #0] ML tree search #17, logLikelihood: -3630.526113


Optimized model parameters:

   Partition 0: noname
   Rate heterogeneity: NONE
   Base frequencies (ML): 0.359171 0.087589 0.421767 0.131474 
   Substitution rates (model): 1.000000 1.000000 1.000000 1.000000 1.000000 1.000000 


Final LogLikelihood: -3629.330314

AIC score: 7502.660628 / AICc score: 7791.237551 / BIC score: 7920.504530
Free parameters (model + branch lengths): 122

WARNING: Best ML tree contains 8 near-zero branches!

Best ML tree with collapsed near-zero branches saved to: /home/fili/Documents/KIT/2023/BA/code/output/families/ssim_DL_s20_f100_sites200_GTR_bl1.0_d1.0_l1.0_t0.0_gc0.0_p0.0_pop10_ms0.0_mf0.0_seed1007/families/family_029/misc/raxml_output.F81.raxml.bestTreeCollapsed
Best ML tree saved to: /home/fili/Documents/KIT/2023/BA/code/output/families/ssim_DL_s20_f100_sites200_GTR_bl1.0_d1.0_l1.0_t0.0_gc0.0_p0.0_pop10_ms0.0_mf0.0_seed1007/families/family_029/misc/raxml_output.F81.raxml.bestTree
All ML trees saved to: /home/fili/Documents/KIT/2023/BA/code/output/families/ssim_DL_s20_f100_sites200_GTR_bl1.0_d1.0_l1.0_t0.0_gc0.0_p0.0_pop10_ms0.0_mf0.0_seed1007/families/family_029/misc/raxml_output.F81.raxml.mlTrees
Optimized model saved to: /home/fili/Documents/KIT/2023/BA/code/output/families/ssim_DL_s20_f100_sites200_GTR_bl1.0_d1.0_l1.0_t0.0_gc0.0_p0.0_pop10_ms0.0_mf0.0_seed1007/families/family_029/misc/raxml_output.F81.raxml.bestModel

Execution log saved to: /home/fili/Documents/KIT/2023/BA/code/output/families/ssim_DL_s20_f100_sites200_GTR_bl1.0_d1.0_l1.0_t0.0_gc0.0_p0.0_pop10_ms0.0_mf0.0_seed1007/families/family_029/misc/raxml_output.F81.raxml.log

Analysis started: 27-Jun-2023 13:02:05 / finished: 27-Jun-2023 13:02:07

Elapsed time: 2.062 seconds

