
RAxML-NG v. 1.1.0 released on 29.11.2021 by The Exelixis Lab.
Developed by: Alexey M. Kozlov and Alexandros Stamatakis.
Contributors: Diego Darriba, Tomas Flouri, Benoit Morel, Sarah Lutteropp, Ben Bettisworth.
Latest version: https://github.com/amkozlov/raxml-ng
Questions/problems/suggestions? Please visit: https://groups.google.com/forum/#!forum/raxml

System: AMD Ryzen 7 5800X 8-Core Processor, 8 cores, 31 GB RAM

RAxML-NG was called at 21-Jun-2023 14:53:26 as follows:

/home/fili/Documents/KIT/2023/BA/resources/tools/RAxML-NG/raxml-ng --msa /home/fili/Documents/KIT/2023/BA/code/output/families/ssim_NE_s20_f100_sites200_GTR_bl1.0_d0.0_l0.0_t0.0_gc0.0_p0.0_pop10_ms0.0_mf0.0_seed19732311/families/family_076/alignment.msa --model F81 --prefix /home/fili/Documents/KIT/2023/BA/code/output/families/ssim_NE_s20_f100_sites200_GTR_bl1.0_d0.0_l0.0_t0.0_gc0.0_p0.0_pop10_ms0.0_mf0.0_seed19732311/families/family_076/misc/raxml_output.F81

Analysis options:
  run mode: ML tree search
  start tree(s): random (10) + parsimony (10)
  random seed: 1687352006
  tip-inner: OFF
  pattern compression: ON
  per-rate scalers: OFF
  site repeats: ON
  fast spr radius: AUTO
  spr subtree cutoff: 1.000000
  branch lengths: proportional (ML estimate, algorithm: NR-FAST)
  SIMD kernels: AVX2
  parallelization: coarse-grained (auto), PTHREADS (auto)

[00:00:00] Reading alignment from file: /home/fili/Documents/KIT/2023/BA/code/output/families/ssim_NE_s20_f100_sites200_GTR_bl1.0_d0.0_l0.0_t0.0_gc0.0_p0.0_pop10_ms0.0_mf0.0_seed19732311/families/family_076/alignment.msa
[00:00:00] Loaded alignment with 20 taxa and 126 sites

Alignment comprises 1 partitions and 80 patterns

Partition 0: noname
Model: F81+FO
Alignment sites / patterns: 126 / 80
Gaps: 0.00 %
Invariant sites: 32.54 %


NOTE: Binary MSA file created: /home/fili/Documents/KIT/2023/BA/code/output/families/ssim_NE_s20_f100_sites200_GTR_bl1.0_d0.0_l0.0_t0.0_gc0.0_p0.0_pop10_ms0.0_mf0.0_seed19732311/families/family_076/misc/raxml_output.F81.raxml.rba

Parallelization scheme autoconfig: 8 worker(s) x 1 thread(s)

Parallel reduction/worker buffer size: 1 KB  / 0 KB

[00:00:00] Generating 10 random starting tree(s) with 20 taxa
[00:00:00] Generating 10 parsimony starting tree(s) with 20 taxa
[00:00:00] Data distribution: max. partitions/sites/weight per thread: 1 / 80 / 320
[00:00:00] Data distribution: max. searches per worker: 3

Starting ML tree search with 20 distinct starting trees

[00:00:00 -2059.716891] Initial branch length optimization
[00:00:00 -1758.472287] Model parameter optimization (eps = 10.000000)
[00:00:00 -1736.126879] AUTODETECT spr round 1 (radius: 5)
[00:00:00 -978.214584] AUTODETECT spr round 2 (radius: 10)
[00:00:00 -961.741123] AUTODETECT spr round 3 (radius: 15)
[00:00:00 -961.741031] SPR radius for FAST iterations: 10 (autodetect)
[00:00:00 -961.741031] Model parameter optimization (eps = 3.000000)
[00:00:00 -961.020473] FAST spr round 1 (radius: 10)
[00:00:00 -955.484941] FAST spr round 2 (radius: 10)
[00:00:00 -947.334894] FAST spr round 3 (radius: 10)
[00:00:00 -947.334893] Model parameter optimization (eps = 1.000000)
[00:00:00 -947.250365] SLOW spr round 1 (radius: 5)
[00:00:00 -947.250142] SLOW spr round 2 (radius: 10)
[00:00:00] [worker #5] ML tree search #6, logLikelihood: -947.250114
[00:00:00] [worker #1] ML tree search #2, logLikelihood: -947.250116
[00:00:00] [worker #3] ML tree search #4, logLikelihood: -947.250114
[00:00:00 -947.250140] SLOW spr round 3 (radius: 15)
[00:00:00] [worker #6] ML tree search #7, logLikelihood: -947.250114
[00:00:00] [worker #4] ML tree search #5, logLikelihood: -947.250114
[00:00:00] [worker #2] ML tree search #3, logLikelihood: -947.250114
[00:00:00 -947.250140] SLOW spr round 4 (radius: 20)
[00:00:00] [worker #7] ML tree search #8, logLikelihood: -947.250115
[00:00:00 -947.250140] Model parameter optimization (eps = 0.100000)

[00:00:00] [worker #0] ML tree search #1, logLikelihood: -947.250114

[00:00:00 -2021.821374] Initial branch length optimization
[00:00:00 -1708.409000] Model parameter optimization (eps = 10.000000)
[00:00:00 -1684.885819] AUTODETECT spr round 1 (radius: 5)
[00:00:00 -1081.373720] AUTODETECT spr round 2 (radius: 10)
[00:00:00 -972.861734] AUTODETECT spr round 3 (radius: 15)
[00:00:00 -972.859573] SPR radius for FAST iterations: 10 (autodetect)
[00:00:00 -972.859573] Model parameter optimization (eps = 3.000000)
[00:00:00 -972.674716] FAST spr round 1 (radius: 10)
[00:00:00 -959.502888] FAST spr round 2 (radius: 10)
[00:00:00 -947.380966] FAST spr round 3 (radius: 10)
[00:00:00 -947.380601] Model parameter optimization (eps = 1.000000)
[00:00:00 -947.250337] SLOW spr round 1 (radius: 5)
[00:00:00] [worker #3] ML tree search #12, logLikelihood: -947.250115
[00:00:00] [worker #4] ML tree search #13, logLikelihood: -947.250114
[00:00:00] [worker #5] ML tree search #14, logLikelihood: -947.250114
[00:00:00] [worker #7] ML tree search #16, logLikelihood: -947.250114
[00:00:00] [worker #6] ML tree search #15, logLikelihood: -947.250114
[00:00:00 -947.250152] SLOW spr round 2 (radius: 10)
[00:00:00] [worker #2] ML tree search #11, logLikelihood: -947.250114
[00:00:00] [worker #1] ML tree search #10, logLikelihood: -947.250115
[00:00:00 -947.250150] SLOW spr round 3 (radius: 15)
[00:00:00 -947.250150] SLOW spr round 4 (radius: 20)
[00:00:00 -947.250150] Model parameter optimization (eps = 0.100000)

[00:00:00] [worker #0] ML tree search #9, logLikelihood: -947.250114

[00:00:00 -1178.154680] Initial branch length optimization
[00:00:00 -964.024954] Model parameter optimization (eps = 10.000000)
[00:00:00 -951.305966] AUTODETECT spr round 1 (radius: 5)
[00:00:00 -948.749642] AUTODETECT spr round 2 (radius: 10)
[00:00:00 -948.726090] SPR radius for FAST iterations: 5 (autodetect)
[00:00:00 -948.726090] Model parameter optimization (eps = 3.000000)
[00:00:00 -948.576019] FAST spr round 1 (radius: 5)
[00:00:00 -947.677722] FAST spr round 2 (radius: 5)
[00:00:00 -947.331089] FAST spr round 3 (radius: 5)
[00:00:00] [worker #3] ML tree search #20, logLikelihood: -947.250113
[00:00:00 -947.326210] Model parameter optimization (eps = 1.000000)
[00:00:00 -947.251108] SLOW spr round 1 (radius: 5)
[00:00:00] [worker #2] ML tree search #19, logLikelihood: -947.250115
[00:00:00] [worker #1] ML tree search #18, logLikelihood: -947.250114
[00:00:00 -947.250156] SLOW spr round 2 (radius: 10)
[00:00:00 -947.250154] SLOW spr round 3 (radius: 15)
[00:00:00 -947.250154] SLOW spr round 4 (radius: 20)
[00:00:00 -947.250154] Model parameter optimization (eps = 0.100000)

[00:00:00] [worker #0] ML tree search #17, logLikelihood: -947.250114


Optimized model parameters:

   Partition 0: noname
   Rate heterogeneity: NONE
   Base frequencies (ML): 0.267876 0.166747 0.356802 0.208575 
   Substitution rates (model): 1.000000 1.000000 1.000000 1.000000 1.000000 1.000000 


Final LogLikelihood: -947.250113

AIC score: 1974.500227 / AICc score: 2013.088462 / BIC score: 2087.951503
Free parameters (model + branch lengths): 40

WARNING: Best ML tree contains 1 near-zero branches!

Best ML tree with collapsed near-zero branches saved to: /home/fili/Documents/KIT/2023/BA/code/output/families/ssim_NE_s20_f100_sites200_GTR_bl1.0_d0.0_l0.0_t0.0_gc0.0_p0.0_pop10_ms0.0_mf0.0_seed19732311/families/family_076/misc/raxml_output.F81.raxml.bestTreeCollapsed
Best ML tree saved to: /home/fili/Documents/KIT/2023/BA/code/output/families/ssim_NE_s20_f100_sites200_GTR_bl1.0_d0.0_l0.0_t0.0_gc0.0_p0.0_pop10_ms0.0_mf0.0_seed19732311/families/family_076/misc/raxml_output.F81.raxml.bestTree
All ML trees saved to: /home/fili/Documents/KIT/2023/BA/code/output/families/ssim_NE_s20_f100_sites200_GTR_bl1.0_d0.0_l0.0_t0.0_gc0.0_p0.0_pop10_ms0.0_mf0.0_seed19732311/families/family_076/misc/raxml_output.F81.raxml.mlTrees
Optimized model saved to: /home/fili/Documents/KIT/2023/BA/code/output/families/ssim_NE_s20_f100_sites200_GTR_bl1.0_d0.0_l0.0_t0.0_gc0.0_p0.0_pop10_ms0.0_mf0.0_seed19732311/families/family_076/misc/raxml_output.F81.raxml.bestModel

Execution log saved to: /home/fili/Documents/KIT/2023/BA/code/output/families/ssim_NE_s20_f100_sites200_GTR_bl1.0_d0.0_l0.0_t0.0_gc0.0_p0.0_pop10_ms0.0_mf0.0_seed19732311/families/family_076/misc/raxml_output.F81.raxml.log

Analysis started: 21-Jun-2023 14:53:26 / finished: 21-Jun-2023 14:53:26

Elapsed time: 0.193 seconds

