
RAxML-NG v. 1.1.0 released on 29.11.2021 by The Exelixis Lab.
Developed by: Alexey M. Kozlov and Alexandros Stamatakis.
Contributors: Diego Darriba, Tomas Flouri, Benoit Morel, Sarah Lutteropp, Ben Bettisworth.
Latest version: https://github.com/amkozlov/raxml-ng
Questions/problems/suggestions? Please visit: https://groups.google.com/forum/#!forum/raxml

System: AMD Ryzen 7 5800X 8-Core Processor, 8 cores, 31 GB RAM

RAxML-NG was called at 27-Jun-2023 13:01:32 as follows:

/home/fili/Documents/KIT/2023/BA/resources/tools/RAxML-NG/raxml-ng --msa /home/fili/Documents/KIT/2023/BA/code/output/families/ssim_DL_s20_f100_sites200_GTR_bl1.0_d1.0_l1.0_t0.0_gc0.0_p0.0_pop10_ms0.0_mf0.0_seed1007/families/family_060/alignment.msa --model F81 --prefix /home/fili/Documents/KIT/2023/BA/code/output/families/ssim_DL_s20_f100_sites200_GTR_bl1.0_d1.0_l1.0_t0.0_gc0.0_p0.0_pop10_ms0.0_mf0.0_seed1007/families/family_060/misc/raxml_output.F81

Analysis options:
  run mode: ML tree search
  start tree(s): random (10) + parsimony (10)
  random seed: 1687863692
  tip-inner: OFF
  pattern compression: ON
  per-rate scalers: OFF
  site repeats: ON
  fast spr radius: AUTO
  spr subtree cutoff: 1.000000
  branch lengths: proportional (ML estimate, algorithm: NR-FAST)
  SIMD kernels: AVX2
  parallelization: coarse-grained (auto), PTHREADS (auto)

[00:00:00] Reading alignment from file: /home/fili/Documents/KIT/2023/BA/code/output/families/ssim_DL_s20_f100_sites200_GTR_bl1.0_d1.0_l1.0_t0.0_gc0.0_p0.0_pop10_ms0.0_mf0.0_seed1007/families/family_060/alignment.msa
[00:00:00] Loaded alignment with 69 taxa and 251 sites

WARNING: Sequences 16_11_0 and 17_56_0 are exactly identical!
WARNING: Sequences 16_11_0 and 16_56_0 are exactly identical!
WARNING: Sequences 16_11_0 and 15_27_0 are exactly identical!
WARNING: Sequences 14_40_0 and 18_40_0 are exactly identical!
WARNING: Sequences 19_0_0 and 12_0_0 are exactly identical!
WARNING: Sequences 19_0_0 and 20_0_0 are exactly identical!
WARNING: Sequences 18_47_0 and 14_47_0 are exactly identical!
WARNING: Sequences 18_47_0 and 18_48_0 are exactly identical!
WARNING: Sequences 18_47_0 and 14_48_0 are exactly identical!
WARNING: Sequences 14_50_0 and 18_50_0 are exactly identical!
WARNING: Sequences 18_49_0 and 14_46_0 are exactly identical!
WARNING: Sequences 18_49_0 and 18_46_0 are exactly identical!
WARNING: Sequences 18_49_0 and 15_23_0 are exactly identical!
WARNING: Sequences 18_49_0 and 15_25_0 are exactly identical!
WARNING: Sequences 14_51_0 and 14_54_0 are exactly identical!
WARNING: Sequences 14_51_0 and 14_53_0 are exactly identical!
WARNING: Sequences 14_51_0 and 12_10_0 are exactly identical!
WARNING: Sequences 14_51_0 and 19_10_0 are exactly identical!
WARNING: Sequences 14_51_0 and 20_10_0 are exactly identical!
WARNING: Sequences 13_38_0 and 18_12_0 are exactly identical!
WARNING: Sequences 13_38_0 and 14_12_0 are exactly identical!
WARNING: Sequences 13_38_0 and 18_43_0 are exactly identical!
WARNING: Sequences 13_38_0 and 18_45_0 are exactly identical!
WARNING: Sequences 13_38_0 and 14_44_0 are exactly identical!
WARNING: Sequences 13_38_0 and 18_44_0 are exactly identical!
WARNING: Sequences 12_31_0 and 20_31_0 are exactly identical!
WARNING: Sequences 18_29_0 and 14_29_0 are exactly identical!
WARNING: Sequences 19_30_0 and 12_30_0 are exactly identical!
WARNING: Sequences 19_30_0 and 20_30_0 are exactly identical!
WARNING: Sequences 20_28_0 and 19_28_0 are exactly identical!
WARNING: Sequences 13_34_0 and 13_28_0 are exactly identical!
WARNING: Sequences 13_35_0 and 13_33_0 are exactly identical!
WARNING: Sequences 13_35_0 and 13_32_0 are exactly identical!
WARNING: Sequences 15_16_0 and 15_17_0 are exactly identical!
WARNING: Duplicate sequences found: 34

NOTE: Reduced alignment (with duplicates and gap-only sites/taxa removed) 
NOTE: was saved to: /home/fili/Documents/KIT/2023/BA/code/output/families/ssim_DL_s20_f100_sites200_GTR_bl1.0_d1.0_l1.0_t0.0_gc0.0_p0.0_pop10_ms0.0_mf0.0_seed1007/families/family_060/misc/raxml_output.F81.raxml.reduced.phy

Alignment comprises 1 partitions and 81 patterns

Partition 0: noname
Model: F81+FO
Alignment sites / patterns: 251 / 81
Gaps: 0.00 %
Invariant sites: 66.93 %


NOTE: Binary MSA file created: /home/fili/Documents/KIT/2023/BA/code/output/families/ssim_DL_s20_f100_sites200_GTR_bl1.0_d1.0_l1.0_t0.0_gc0.0_p0.0_pop10_ms0.0_mf0.0_seed1007/families/family_060/misc/raxml_output.F81.raxml.rba

Parallelization scheme autoconfig: 8 worker(s) x 1 thread(s)

Parallel reduction/worker buffer size: 1 KB  / 0 KB

[00:00:00] Generating 10 random starting tree(s) with 69 taxa
[00:00:00] Generating 10 parsimony starting tree(s) with 69 taxa
[00:00:00] Data distribution: max. partitions/sites/weight per thread: 1 / 81 / 324
[00:00:00] Data distribution: max. searches per worker: 3

Starting ML tree search with 20 distinct starting trees

[00:00:00 -6159.945734] Initial branch length optimization
[00:00:00 -4287.511038] Model parameter optimization (eps = 10.000000)
[00:00:00 -4088.260352] AUTODETECT spr round 1 (radius: 5)
[00:00:00 -2215.432479] AUTODETECT spr round 2 (radius: 10)
[00:00:00 -1811.964097] AUTODETECT spr round 3 (radius: 15)
[00:00:00 -1649.494901] AUTODETECT spr round 4 (radius: 20)
[00:00:00 -1649.494882] SPR radius for FAST iterations: 15 (autodetect)
[00:00:00 -1649.494882] Model parameter optimization (eps = 3.000000)
[00:00:00 -1640.957883] FAST spr round 1 (radius: 15)
[00:00:00 -1615.078688] FAST spr round 2 (radius: 15)
[00:00:00 -1600.530377] FAST spr round 3 (radius: 15)
[00:00:00 -1600.530376] Model parameter optimization (eps = 1.000000)
[00:00:00 -1600.378774] SLOW spr round 1 (radius: 5)
[00:00:00 -1600.220657] SLOW spr round 2 (radius: 5)
[00:00:00 -1600.220654] SLOW spr round 3 (radius: 10)
[00:00:00 -1600.220654] SLOW spr round 4 (radius: 15)
[00:00:00 -1600.220654] SLOW spr round 5 (radius: 20)
[00:00:00] [worker #6] ML tree search #7, logLikelihood: -1601.564388
[00:00:00 -1600.220654] SLOW spr round 6 (radius: 25)
[00:00:00 -1600.220654] Model parameter optimization (eps = 0.100000)
[00:00:00] [worker #2] ML tree search #3, logLikelihood: -1602.562908

[00:00:00] [worker #0] ML tree search #1, logLikelihood: -1600.212303

[00:00:00] [worker #5] ML tree search #6, logLikelihood: -1607.293345
[00:00:00 -6341.178132] Initial branch length optimization
[00:00:00 -4525.637664] Model parameter optimization (eps = 10.000000)
[00:00:00 -4310.735259] AUTODETECT spr round 1 (radius: 5)
[00:00:00 -2478.090242] AUTODETECT spr round 2 (radius: 10)
[00:00:00] [worker #3] ML tree search #4, logLikelihood: -1602.678719
[00:00:00 -1922.750050] AUTODETECT spr round 3 (radius: 15)
[00:00:00 -1729.475559] AUTODETECT spr round 4 (radius: 20)
[00:00:00 -1729.475504] SPR radius for FAST iterations: 15 (autodetect)
[00:00:00 -1729.475504] Model parameter optimization (eps = 3.000000)
[00:00:00 -1721.393394] FAST spr round 1 (radius: 15)
[00:00:00 -1675.015746] FAST spr round 2 (radius: 15)
[00:00:00 -1607.584584] FAST spr round 3 (radius: 15)
[00:00:00 -1607.584583] Model parameter optimization (eps = 1.000000)
[00:00:00 -1607.493737] SLOW spr round 1 (radius: 5)
[00:00:00 -1607.493674] SLOW spr round 2 (radius: 10)
[00:00:00] [worker #4] ML tree search #5, logLikelihood: -1601.564378
[00:00:00 -1607.493674] SLOW spr round 3 (radius: 15)
[00:00:00 -1607.493674] SLOW spr round 4 (radius: 20)
[00:00:00 -1607.493674] SLOW spr round 5 (radius: 25)
[00:00:00 -1607.493674] Model parameter optimization (eps = 0.100000)

[00:00:00] [worker #0] ML tree search #9, logLikelihood: -1607.493600

[00:00:00 -4451.072560] Initial branch length optimization
[00:00:00 -1678.025652] Model parameter optimization (eps = 10.000000)
[00:00:00 -1629.845920] AUTODETECT spr round 1 (radius: 5)
[00:00:00] [worker #2] ML tree search #11, logLikelihood: -1610.417378
[00:00:00 -1608.056272] AUTODETECT spr round 2 (radius: 10)
[00:00:00 -1606.682305] AUTODETECT spr round 3 (radius: 15)
[00:00:00] [worker #7] ML tree search #8, logLikelihood: -1602.604593
[00:00:01 -1601.051522] AUTODETECT spr round 4 (radius: 20)
[00:00:01 -1601.051492] SPR radius for FAST iterations: 15 (autodetect)
[00:00:01 -1601.051492] Model parameter optimization (eps = 3.000000)
[00:00:01 -1601.044880] FAST spr round 1 (radius: 15)
[00:00:01 -1601.044875] Model parameter optimization (eps = 1.000000)
[00:00:01 -1601.044872] SLOW spr round 1 (radius: 5)
[00:00:01 -1600.212849] SLOW spr round 2 (radius: 5)
[00:00:01 -1600.212849] SLOW spr round 3 (radius: 10)
[00:00:01 -1600.212849] SLOW spr round 4 (radius: 15)
[00:00:01] [worker #6] ML tree search #15, logLikelihood: -1601.564376
[00:00:01] [worker #1] ML tree search #2, logLikelihood: -1601.564392
[00:00:01 -1600.212849] SLOW spr round 5 (radius: 20)
[00:00:01 -1600.212849] SLOW spr round 6 (radius: 25)
[00:00:01 -1600.212849] Model parameter optimization (eps = 0.100000)

[00:00:01] [worker #0] ML tree search #17, logLikelihood: -1600.212289

[00:00:01] [worker #3] ML tree search #12, logLikelihood: -1602.678727
[00:00:01] [worker #7] ML tree search #16, logLikelihood: -1601.564388
[00:00:01] [worker #4] ML tree search #13, logLikelihood: -1600.872587
[00:00:01] [worker #5] ML tree search #14, logLikelihood: -1601.564388
[00:00:01] [worker #2] ML tree search #19, logLikelihood: -1601.564402
[00:00:01] [worker #1] ML tree search #10, logLikelihood: -1602.678732
[00:00:01] [worker #3] ML tree search #20, logLikelihood: -1600.212313
[00:00:02] [worker #1] ML tree search #18, logLikelihood: -1601.564386

Optimized model parameters:

   Partition 0: noname
   Rate heterogeneity: NONE
   Base frequencies (ML): 0.299640 0.107613 0.389117 0.203630 
   Substitution rates (model): 1.000000 1.000000 1.000000 1.000000 1.000000 1.000000 


Final LogLikelihood: -1600.212289

AIC score: 3476.424579 / AICc score: 3818.960293 / BIC score: 3962.937084
Free parameters (model + branch lengths): 138

WARNING: Best ML tree contains 31 near-zero branches!

Best ML tree with collapsed near-zero branches saved to: /home/fili/Documents/KIT/2023/BA/code/output/families/ssim_DL_s20_f100_sites200_GTR_bl1.0_d1.0_l1.0_t0.0_gc0.0_p0.0_pop10_ms0.0_mf0.0_seed1007/families/family_060/misc/raxml_output.F81.raxml.bestTreeCollapsed
Best ML tree saved to: /home/fili/Documents/KIT/2023/BA/code/output/families/ssim_DL_s20_f100_sites200_GTR_bl1.0_d1.0_l1.0_t0.0_gc0.0_p0.0_pop10_ms0.0_mf0.0_seed1007/families/family_060/misc/raxml_output.F81.raxml.bestTree
All ML trees saved to: /home/fili/Documents/KIT/2023/BA/code/output/families/ssim_DL_s20_f100_sites200_GTR_bl1.0_d1.0_l1.0_t0.0_gc0.0_p0.0_pop10_ms0.0_mf0.0_seed1007/families/family_060/misc/raxml_output.F81.raxml.mlTrees
Optimized model saved to: /home/fili/Documents/KIT/2023/BA/code/output/families/ssim_DL_s20_f100_sites200_GTR_bl1.0_d1.0_l1.0_t0.0_gc0.0_p0.0_pop10_ms0.0_mf0.0_seed1007/families/family_060/misc/raxml_output.F81.raxml.bestModel

Execution log saved to: /home/fili/Documents/KIT/2023/BA/code/output/families/ssim_DL_s20_f100_sites200_GTR_bl1.0_d1.0_l1.0_t0.0_gc0.0_p0.0_pop10_ms0.0_mf0.0_seed1007/families/family_060/misc/raxml_output.F81.raxml.log

Analysis started: 27-Jun-2023 13:01:32 / finished: 27-Jun-2023 13:01:35

Elapsed time: 2.399 seconds

