
RAxML-NG v. 1.1.0 released on 29.11.2021 by The Exelixis Lab.
Developed by: Alexey M. Kozlov and Alexandros Stamatakis.
Contributors: Diego Darriba, Tomas Flouri, Benoit Morel, Sarah Lutteropp, Ben Bettisworth.
Latest version: https://github.com/amkozlov/raxml-ng
Questions/problems/suggestions? Please visit: https://groups.google.com/forum/#!forum/raxml

System: AMD Ryzen 7 5800X 8-Core Processor, 8 cores, 31 GB RAM

RAxML-NG was called at 16-Jun-2023 09:59:23 as follows:

/home/fili/Documents/KIT/2023/BA/resources/tools/RAxML-NG/raxml-ng --msa /home/fili/Documents/KIT/2023/BA/code/output/families/ssim_NE_s20_f100_sites200_GTR_bl1.0_d0.0_l0.0_t0.0_gc0.0_p0.0_pop10_ms0.0_mf0.0_seed1007/families/family_023/alignment.msa --model F81 --prefix /home/fili/Documents/KIT/2023/BA/code/output/families/ssim_NE_s20_f100_sites200_GTR_bl1.0_d0.0_l0.0_t0.0_gc0.0_p0.0_pop10_ms0.0_mf0.0_seed1007/families/family_023/misc/raxml_output.F81

Analysis options:
  run mode: ML tree search
  start tree(s): random (10) + parsimony (10)
  random seed: 1686902363
  tip-inner: OFF
  pattern compression: ON
  per-rate scalers: OFF
  site repeats: ON
  fast spr radius: AUTO
  spr subtree cutoff: 1.000000
  branch lengths: proportional (ML estimate, algorithm: NR-FAST)
  SIMD kernels: AVX2
  parallelization: coarse-grained (auto), PTHREADS (auto)

[00:00:00] Reading alignment from file: /home/fili/Documents/KIT/2023/BA/code/output/families/ssim_NE_s20_f100_sites200_GTR_bl1.0_d0.0_l0.0_t0.0_gc0.0_p0.0_pop10_ms0.0_mf0.0_seed1007/families/family_023/alignment.msa
[00:00:00] Loaded alignment with 20 taxa and 192 sites

WARNING: Sequences 20_0_0 and 19_0_0 are exactly identical!
WARNING: Sequences 4_0_0 and 3_0_0 are exactly identical!
WARNING: Sequences 9_0_0 and 1_0_0 are exactly identical!
WARNING: Sequences 2_0_0 and 8_0_0 are exactly identical!
WARNING: Sequences 7_0_0 and 11_0_0 are exactly identical!
WARNING: Duplicate sequences found: 5

NOTE: Reduced alignment (with duplicates and gap-only sites/taxa removed) 
NOTE: was saved to: /home/fili/Documents/KIT/2023/BA/code/output/families/ssim_NE_s20_f100_sites200_GTR_bl1.0_d0.0_l0.0_t0.0_gc0.0_p0.0_pop10_ms0.0_mf0.0_seed1007/families/family_023/misc/raxml_output.F81.raxml.reduced.phy

Alignment comprises 1 partitions and 52 patterns

Partition 0: noname
Model: F81+FO
Alignment sites / patterns: 192 / 52
Gaps: 0.00 %
Invariant sites: 64.58 %


NOTE: Binary MSA file created: /home/fili/Documents/KIT/2023/BA/code/output/families/ssim_NE_s20_f100_sites200_GTR_bl1.0_d0.0_l0.0_t0.0_gc0.0_p0.0_pop10_ms0.0_mf0.0_seed1007/families/family_023/misc/raxml_output.F81.raxml.rba

Parallelization scheme autoconfig: 8 worker(s) x 1 thread(s)

Parallel reduction/worker buffer size: 1 KB  / 0 KB

[00:00:00] Generating 10 random starting tree(s) with 20 taxa
[00:00:00] Generating 10 parsimony starting tree(s) with 20 taxa
[00:00:00] Data distribution: max. partitions/sites/weight per thread: 1 / 52 / 208
[00:00:00] Data distribution: max. searches per worker: 3

Starting ML tree search with 20 distinct starting trees

[00:00:00 -1889.641032] Initial branch length optimization
[00:00:00 -1568.736566] Model parameter optimization (eps = 10.000000)
[00:00:00 -1492.152284] AUTODETECT spr round 1 (radius: 5)
[00:00:00 -748.428064] AUTODETECT spr round 2 (radius: 10)
[00:00:00 -748.428056] SPR radius for FAST iterations: 5 (autodetect)
[00:00:00 -748.428056] Model parameter optimization (eps = 3.000000)
[00:00:00 -741.377650] FAST spr round 1 (radius: 5)
[00:00:00 -739.059670] FAST spr round 2 (radius: 5)
[00:00:00 -739.059670] Model parameter optimization (eps = 1.000000)
[00:00:00 -739.051289] SLOW spr round 1 (radius: 5)
[00:00:00 -739.051289] SLOW spr round 2 (radius: 10)
[00:00:00 -739.051289] SLOW spr round 3 (radius: 15)
[00:00:00 -739.051289] SLOW spr round 4 (radius: 20)
[00:00:00 -739.051289] Model parameter optimization (eps = 0.100000)

[00:00:00] [worker #0] ML tree search #1, logLikelihood: -739.051289

[00:00:00] [worker #5] ML tree search #6, logLikelihood: -739.051289
[00:00:00] [worker #6] ML tree search #7, logLikelihood: -739.051289
[00:00:00] [worker #2] ML tree search #3, logLikelihood: -739.051289
[00:00:00 -1738.013825] Initial branch length optimization
[00:00:00 -1359.591839] Model parameter optimization (eps = 10.000000)
[00:00:00 -1297.707275] AUTODETECT spr round 1 (radius: 5)
[00:00:00] [worker #7] ML tree search #8, logLikelihood: -739.051289
[00:00:00] [worker #4] ML tree search #5, logLikelihood: -739.051289
[00:00:00 -773.294238] AUTODETECT spr round 2 (radius: 10)
[00:00:00] [worker #1] ML tree search #2, logLikelihood: -739.051289
[00:00:00] [worker #3] ML tree search #4, logLikelihood: -739.051289
[00:00:00 -773.294214] SPR radius for FAST iterations: 5 (autodetect)
[00:00:00 -773.294214] Model parameter optimization (eps = 3.000000)
[00:00:00 -769.049470] FAST spr round 1 (radius: 5)
[00:00:00 -739.103295] FAST spr round 2 (radius: 5)
[00:00:00 -739.103295] Model parameter optimization (eps = 1.000000)
[00:00:00 -739.051294] SLOW spr round 1 (radius: 5)
[00:00:00 -739.051294] SLOW spr round 2 (radius: 10)
[00:00:00] [worker #5] ML tree search #14, logLikelihood: -739.051289
[00:00:00] [worker #6] ML tree search #15, logLikelihood: -739.051289
[00:00:00] [worker #2] ML tree search #11, logLikelihood: -739.051289
[00:00:00] [worker #7] ML tree search #16, logLikelihood: -739.051289
[00:00:00 -739.051294] SLOW spr round 3 (radius: 15)
[00:00:00 -739.051294] SLOW spr round 4 (radius: 20)
[00:00:00 -739.051294] Model parameter optimization (eps = 0.100000)

[00:00:00] [worker #0] ML tree search #9, logLikelihood: -739.051289

[00:00:00] [worker #4] ML tree search #13, logLikelihood: -739.051289
[00:00:00] [worker #3] ML tree search #12, logLikelihood: -739.051290
[00:00:00 -1265.648162] Initial branch length optimization
[00:00:00 -758.154615] Model parameter optimization (eps = 10.000000)
[00:00:00 -739.931310] AUTODETECT spr round 1 (radius: 5)
[00:00:00 -739.087722] AUTODETECT spr round 2 (radius: 10)
[00:00:00 -739.087722] SPR radius for FAST iterations: 5 (autodetect)
[00:00:00 -739.087722] Model parameter optimization (eps = 3.000000)
[00:00:00] [worker #1] ML tree search #10, logLikelihood: -739.051289
[00:00:00 -739.087592] FAST spr round 1 (radius: 5)
[00:00:00 -739.051321] Model parameter optimization (eps = 1.000000)
[00:00:00 -739.051320] SLOW spr round 1 (radius: 5)
[00:00:00 -739.051291] SLOW spr round 2 (radius: 10)
[00:00:00] [worker #2] ML tree search #19, logLikelihood: -739.051289
[00:00:00 -739.051291] SLOW spr round 3 (radius: 15)
[00:00:00 -739.051291] SLOW spr round 4 (radius: 20)
[00:00:00 -739.051291] Model parameter optimization (eps = 0.100000)

[00:00:00] [worker #0] ML tree search #17, logLikelihood: -739.051290

[00:00:00] [worker #3] ML tree search #20, logLikelihood: -739.051288
[00:00:00] [worker #1] ML tree search #18, logLikelihood: -739.051289

Optimized model parameters:

   Partition 0: noname
   Rate heterogeneity: NONE
   Base frequencies (ML): 0.295287 0.182118 0.372676 0.149919 
   Substitution rates (model): 1.000000 1.000000 1.000000 1.000000 1.000000 1.000000 


Final LogLikelihood: -739.051288

AIC score: 1558.102577 / AICc score: 1579.824431 / BIC score: 1688.402391
Free parameters (model + branch lengths): 40

WARNING: Best ML tree contains 2 near-zero branches!

Best ML tree with collapsed near-zero branches saved to: /home/fili/Documents/KIT/2023/BA/code/output/families/ssim_NE_s20_f100_sites200_GTR_bl1.0_d0.0_l0.0_t0.0_gc0.0_p0.0_pop10_ms0.0_mf0.0_seed1007/families/family_023/misc/raxml_output.F81.raxml.bestTreeCollapsed
Best ML tree saved to: /home/fili/Documents/KIT/2023/BA/code/output/families/ssim_NE_s20_f100_sites200_GTR_bl1.0_d0.0_l0.0_t0.0_gc0.0_p0.0_pop10_ms0.0_mf0.0_seed1007/families/family_023/misc/raxml_output.F81.raxml.bestTree
All ML trees saved to: /home/fili/Documents/KIT/2023/BA/code/output/families/ssim_NE_s20_f100_sites200_GTR_bl1.0_d0.0_l0.0_t0.0_gc0.0_p0.0_pop10_ms0.0_mf0.0_seed1007/families/family_023/misc/raxml_output.F81.raxml.mlTrees
Optimized model saved to: /home/fili/Documents/KIT/2023/BA/code/output/families/ssim_NE_s20_f100_sites200_GTR_bl1.0_d0.0_l0.0_t0.0_gc0.0_p0.0_pop10_ms0.0_mf0.0_seed1007/families/family_023/misc/raxml_output.F81.raxml.bestModel

Execution log saved to: /home/fili/Documents/KIT/2023/BA/code/output/families/ssim_NE_s20_f100_sites200_GTR_bl1.0_d0.0_l0.0_t0.0_gc0.0_p0.0_pop10_ms0.0_mf0.0_seed1007/families/family_023/misc/raxml_output.F81.raxml.log

Analysis started: 16-Jun-2023 09:59:23 / finished: 16-Jun-2023 09:59:23

Elapsed time: 0.131 seconds

