
RAxML-NG v. 1.1.0 released on 29.11.2021 by The Exelixis Lab.
Developed by: Alexey M. Kozlov and Alexandros Stamatakis.
Contributors: Diego Darriba, Tomas Flouri, Benoit Morel, Sarah Lutteropp, Ben Bettisworth.
Latest version: https://github.com/amkozlov/raxml-ng
Questions/problems/suggestions? Please visit: https://groups.google.com/forum/#!forum/raxml

System: AMD Ryzen 7 5800X 8-Core Processor, 8 cores, 31 GB RAM

RAxML-NG was called at 21-Jun-2023 14:53:28 as follows:

/home/fili/Documents/KIT/2023/BA/resources/tools/RAxML-NG/raxml-ng --msa /home/fili/Documents/KIT/2023/BA/code/output/families/ssim_NE_s20_f100_sites200_GTR_bl1.0_d0.0_l0.0_t0.0_gc0.0_p0.0_pop10_ms0.0_mf0.0_seed19732311/families/family_073/alignment.msa --model F81 --prefix /home/fili/Documents/KIT/2023/BA/code/output/families/ssim_NE_s20_f100_sites200_GTR_bl1.0_d0.0_l0.0_t0.0_gc0.0_p0.0_pop10_ms0.0_mf0.0_seed19732311/families/family_073/misc/raxml_output.F81

Analysis options:
  run mode: ML tree search
  start tree(s): random (10) + parsimony (10)
  random seed: 1687352008
  tip-inner: OFF
  pattern compression: ON
  per-rate scalers: OFF
  site repeats: ON
  fast spr radius: AUTO
  spr subtree cutoff: 1.000000
  branch lengths: proportional (ML estimate, algorithm: NR-FAST)
  SIMD kernels: AVX2
  parallelization: coarse-grained (auto), PTHREADS (auto)

[00:00:00] Reading alignment from file: /home/fili/Documents/KIT/2023/BA/code/output/families/ssim_NE_s20_f100_sites200_GTR_bl1.0_d0.0_l0.0_t0.0_gc0.0_p0.0_pop10_ms0.0_mf0.0_seed19732311/families/family_073/alignment.msa
[00:00:00] Loaded alignment with 20 taxa and 220 sites

Alignment comprises 1 partitions and 89 patterns

Partition 0: noname
Model: F81+FO
Alignment sites / patterns: 220 / 89
Gaps: 0.00 %
Invariant sites: 56.36 %


NOTE: Binary MSA file created: /home/fili/Documents/KIT/2023/BA/code/output/families/ssim_NE_s20_f100_sites200_GTR_bl1.0_d0.0_l0.0_t0.0_gc0.0_p0.0_pop10_ms0.0_mf0.0_seed19732311/families/family_073/misc/raxml_output.F81.raxml.rba

Parallelization scheme autoconfig: 8 worker(s) x 1 thread(s)

Parallel reduction/worker buffer size: 1 KB  / 0 KB

[00:00:00] Generating 10 random starting tree(s) with 20 taxa
[00:00:00] Generating 10 parsimony starting tree(s) with 20 taxa
[00:00:00] Data distribution: max. partitions/sites/weight per thread: 1 / 89 / 356
[00:00:00] Data distribution: max. searches per worker: 3

Starting ML tree search with 20 distinct starting trees

[00:00:00 -2746.790426] Initial branch length optimization
[00:00:00 -2374.838445] Model parameter optimization (eps = 10.000000)
[00:00:00 -2339.586595] AUTODETECT spr round 1 (radius: 5)
[00:00:00 -1375.704276] AUTODETECT spr round 2 (radius: 10)
[00:00:00 -1375.654238] SPR radius for FAST iterations: 5 (autodetect)
[00:00:00 -1375.654238] Model parameter optimization (eps = 3.000000)
[00:00:00 -1374.673549] FAST spr round 1 (radius: 5)
[00:00:00 -1347.241019] FAST spr round 2 (radius: 5)
[00:00:00 -1346.902020] FAST spr round 3 (radius: 5)
[00:00:00 -1346.901970] Model parameter optimization (eps = 1.000000)
[00:00:00 -1346.730503] SLOW spr round 1 (radius: 5)
[00:00:00 -1346.730419] SLOW spr round 2 (radius: 10)
[00:00:00] [worker #6] ML tree search #7, logLikelihood: -1346.730402
[00:00:00 -1346.730419] SLOW spr round 3 (radius: 15)
[00:00:00 -1346.730419] SLOW spr round 4 (radius: 20)
[00:00:00 -1346.730419] Model parameter optimization (eps = 0.100000)

[00:00:00] [worker #0] ML tree search #1, logLikelihood: -1346.730402

[00:00:00] [worker #1] ML tree search #2, logLikelihood: -1346.730403
[00:00:00] [worker #2] ML tree search #3, logLikelihood: -1346.730405
[00:00:00 -2828.512471] Initial branch length optimization
[00:00:00 -2381.269918] Model parameter optimization (eps = 10.000000)
[00:00:00] [worker #5] ML tree search #6, logLikelihood: -1346.730401
[00:00:00 -2349.038866] AUTODETECT spr round 1 (radius: 5)
[00:00:00] [worker #4] ML tree search #5, logLikelihood: -1346.730402
[00:00:00] [worker #3] ML tree search #4, logLikelihood: -1346.730402
[00:00:00] [worker #7] ML tree search #8, logLikelihood: -1346.730402
[00:00:00 -1381.957583] AUTODETECT spr round 2 (radius: 10)
[00:00:00 -1381.957571] SPR radius for FAST iterations: 5 (autodetect)
[00:00:00 -1381.957571] Model parameter optimization (eps = 3.000000)
[00:00:00 -1381.890407] FAST spr round 1 (radius: 5)
[00:00:00 -1346.808702] FAST spr round 2 (radius: 5)
[00:00:00 -1346.808692] Model parameter optimization (eps = 1.000000)
[00:00:00 -1346.730458] SLOW spr round 1 (radius: 5)
[00:00:00] [worker #6] ML tree search #15, logLikelihood: -1346.730402
[00:00:00 -1346.730415] SLOW spr round 2 (radius: 10)
[00:00:00] [worker #5] ML tree search #14, logLikelihood: -1346.730402
[00:00:00 -1346.730415] SLOW spr round 3 (radius: 15)
[00:00:00] [worker #2] ML tree search #11, logLikelihood: -1346.730402
[00:00:00 -1346.730415] SLOW spr round 4 (radius: 20)
[00:00:00] [worker #1] ML tree search #10, logLikelihood: -1346.730402
[00:00:00 -1346.730415] Model parameter optimization (eps = 0.100000)

[00:00:00] [worker #0] ML tree search #9, logLikelihood: -1346.730401

[00:00:00 -1779.438713] Initial branch length optimization
[00:00:00 -1366.650956] Model parameter optimization (eps = 10.000000)
[00:00:00 -1352.154196] AUTODETECT spr round 1 (radius: 5)
[00:00:00] [worker #3] ML tree search #12, logLikelihood: -1346.730404
[00:00:00] [worker #4] ML tree search #13, logLikelihood: -1346.730402
[00:00:00 -1348.340818] AUTODETECT spr round 2 (radius: 10)
[00:00:00] [worker #7] ML tree search #16, logLikelihood: -1346.730403
[00:00:00 -1348.337961] SPR radius for FAST iterations: 5 (autodetect)
[00:00:00 -1348.337961] Model parameter optimization (eps = 3.000000)
[00:00:00 -1348.303385] FAST spr round 1 (radius: 5)
[00:00:00 -1346.851691] FAST spr round 2 (radius: 5)
[00:00:00 -1346.851619] Model parameter optimization (eps = 1.000000)
[00:00:00 -1346.730510] SLOW spr round 1 (radius: 5)
[00:00:00 -1346.730423] SLOW spr round 2 (radius: 10)
[00:00:00] [worker #2] ML tree search #19, logLikelihood: -1346.730402
[00:00:00] [worker #1] ML tree search #18, logLikelihood: -1346.730402
[00:00:00] [worker #3] ML tree search #20, logLikelihood: -1346.730402
[00:00:00 -1346.730423] SLOW spr round 3 (radius: 15)
[00:00:00 -1346.730423] SLOW spr round 4 (radius: 20)
[00:00:00 -1346.730423] Model parameter optimization (eps = 0.100000)

[00:00:00] [worker #0] ML tree search #17, logLikelihood: -1346.730404


Optimized model parameters:

   Partition 0: noname
   Rate heterogeneity: NONE
   Base frequencies (ML): 0.252257 0.147910 0.321473 0.278359 
   Substitution rates (model): 1.000000 1.000000 1.000000 1.000000 1.000000 1.000000 


Final LogLikelihood: -1346.730401

AIC score: 2773.460802 / AICc score: 2791.784825 / BIC score: 2909.205904
Free parameters (model + branch lengths): 40

Best ML tree saved to: /home/fili/Documents/KIT/2023/BA/code/output/families/ssim_NE_s20_f100_sites200_GTR_bl1.0_d0.0_l0.0_t0.0_gc0.0_p0.0_pop10_ms0.0_mf0.0_seed19732311/families/family_073/misc/raxml_output.F81.raxml.bestTree
All ML trees saved to: /home/fili/Documents/KIT/2023/BA/code/output/families/ssim_NE_s20_f100_sites200_GTR_bl1.0_d0.0_l0.0_t0.0_gc0.0_p0.0_pop10_ms0.0_mf0.0_seed19732311/families/family_073/misc/raxml_output.F81.raxml.mlTrees
Optimized model saved to: /home/fili/Documents/KIT/2023/BA/code/output/families/ssim_NE_s20_f100_sites200_GTR_bl1.0_d0.0_l0.0_t0.0_gc0.0_p0.0_pop10_ms0.0_mf0.0_seed19732311/families/family_073/misc/raxml_output.F81.raxml.bestModel

Execution log saved to: /home/fili/Documents/KIT/2023/BA/code/output/families/ssim_NE_s20_f100_sites200_GTR_bl1.0_d0.0_l0.0_t0.0_gc0.0_p0.0_pop10_ms0.0_mf0.0_seed19732311/families/family_073/misc/raxml_output.F81.raxml.log

Analysis started: 21-Jun-2023 14:53:28 / finished: 21-Jun-2023 14:53:28

Elapsed time: 0.198 seconds

