
RAxML-NG v. 1.1.0 released on 29.11.2021 by The Exelixis Lab.
Developed by: Alexey M. Kozlov and Alexandros Stamatakis.
Contributors: Diego Darriba, Tomas Flouri, Benoit Morel, Sarah Lutteropp, Ben Bettisworth.
Latest version: https://github.com/amkozlov/raxml-ng
Questions/problems/suggestions? Please visit: https://groups.google.com/forum/#!forum/raxml

System: AMD Ryzen 7 5800X 8-Core Processor, 8 cores, 31 GB RAM

RAxML-NG was called at 13-Jun-2023 13:44:04 as follows:

/home/fili/Documents/KIT/2023/BA/resources/tools/RAxML-NG/raxml-ng --msa /home/fili/Documents/KIT/2023/BA/code/output/families/ssim_NE_s20_f100_sites200_GTR_bl1.0_d0.0_l0.0_t0.0_gc0.0_p0.0_pop10_ms0.0_mf0.0_seed42/families/family_061/alignment.msa --model F81 --prefix /home/fili/Documents/KIT/2023/BA/code/output/families/ssim_NE_s20_f100_sites200_GTR_bl1.0_d0.0_l0.0_t0.0_gc0.0_p0.0_pop10_ms0.0_mf0.0_seed42/families/family_061/misc/raxml_output.F81

Analysis options:
  run mode: ML tree search
  start tree(s): random (10) + parsimony (10)
  random seed: 1686656644
  tip-inner: OFF
  pattern compression: ON
  per-rate scalers: OFF
  site repeats: ON
  fast spr radius: AUTO
  spr subtree cutoff: 1.000000
  branch lengths: proportional (ML estimate, algorithm: NR-FAST)
  SIMD kernels: AVX2
  parallelization: coarse-grained (auto), PTHREADS (auto)

[00:00:00] Reading alignment from file: /home/fili/Documents/KIT/2023/BA/code/output/families/ssim_NE_s20_f100_sites200_GTR_bl1.0_d0.0_l0.0_t0.0_gc0.0_p0.0_pop10_ms0.0_mf0.0_seed42/families/family_061/alignment.msa
[00:00:00] Loaded alignment with 20 taxa and 212 sites

WARNING: Sequences 2_0_0 and 3_0_0 are exactly identical!
WARNING: Sequences 12_0_0 and 4_0_0 are exactly identical!
WARNING: Sequences 11_0_0 and 17_0_0 are exactly identical!
WARNING: Sequences 13_0_0 and 9_0_0 are exactly identical!
WARNING: Duplicate sequences found: 4

NOTE: Reduced alignment (with duplicates and gap-only sites/taxa removed) 
NOTE: was saved to: /home/fili/Documents/KIT/2023/BA/code/output/families/ssim_NE_s20_f100_sites200_GTR_bl1.0_d0.0_l0.0_t0.0_gc0.0_p0.0_pop10_ms0.0_mf0.0_seed42/families/family_061/misc/raxml_output.F81.raxml.reduced.phy

Alignment comprises 1 partitions and 114 patterns

Partition 0: noname
Model: F81+FO
Alignment sites / patterns: 212 / 114
Gaps: 0.00 %
Invariant sites: 37.74 %


NOTE: Binary MSA file created: /home/fili/Documents/KIT/2023/BA/code/output/families/ssim_NE_s20_f100_sites200_GTR_bl1.0_d0.0_l0.0_t0.0_gc0.0_p0.0_pop10_ms0.0_mf0.0_seed42/families/family_061/misc/raxml_output.F81.raxml.rba

Parallelization scheme autoconfig: 8 worker(s) x 1 thread(s)

Parallel reduction/worker buffer size: 1 KB  / 0 KB

[00:00:00] Generating 10 random starting tree(s) with 20 taxa
[00:00:00] Generating 10 parsimony starting tree(s) with 20 taxa
[00:00:00] Data distribution: max. partitions/sites/weight per thread: 1 / 114 / 456
[00:00:00] Data distribution: max. searches per worker: 3

Starting ML tree search with 20 distinct starting trees

[00:00:00 -2965.706710] Initial branch length optimization
[00:00:00 -2629.825710] Model parameter optimization (eps = 10.000000)
[00:00:00 -2509.818667] AUTODETECT spr round 1 (radius: 5)
[00:00:00 -1468.567994] AUTODETECT spr round 2 (radius: 10)
[00:00:00 -1468.564181] SPR radius for FAST iterations: 5 (autodetect)
[00:00:00 -1468.564181] Model parameter optimization (eps = 3.000000)
[00:00:00 -1466.877562] FAST spr round 1 (radius: 5)
[00:00:00 -1353.589116] FAST spr round 2 (radius: 5)
[00:00:00 -1353.389935] FAST spr round 3 (radius: 5)
[00:00:00 -1353.389647] Model parameter optimization (eps = 1.000000)
[00:00:00 -1353.321175] SLOW spr round 1 (radius: 5)
[00:00:00 -1352.818714] SLOW spr round 2 (radius: 5)
[00:00:00] [worker #6] ML tree search #7, logLikelihood: -1352.803126
[00:00:00 -1352.818350] SLOW spr round 3 (radius: 10)
[00:00:00 -1352.818339] SLOW spr round 4 (radius: 15)
[00:00:00] [worker #5] ML tree search #6, logLikelihood: -1352.803177
[00:00:00 -1352.818338] SLOW spr round 5 (radius: 20)
[00:00:00 -1352.818338] Model parameter optimization (eps = 0.100000)

[00:00:00] [worker #0] ML tree search #1, logLikelihood: -1352.803168

[00:00:00] [worker #7] ML tree search #8, logLikelihood: -1352.803181
[00:00:00 -2768.327194] Initial branch length optimization
[00:00:00 -2421.634943] Model parameter optimization (eps = 10.000000)
[00:00:00] [worker #1] ML tree search #2, logLikelihood: -1352.803169
[00:00:00 -2313.261369] AUTODETECT spr round 1 (radius: 5)
[00:00:00] [worker #3] ML tree search #4, logLikelihood: -1352.803127
[00:00:00] [worker #4] ML tree search #5, logLikelihood: -1353.028496
[00:00:00] [worker #2] ML tree search #3, logLikelihood: -1352.803184
[00:00:00 -1400.366818] AUTODETECT spr round 2 (radius: 10)
[00:00:00 -1400.366630] SPR radius for FAST iterations: 5 (autodetect)
[00:00:00 -1400.366630] Model parameter optimization (eps = 3.000000)
[00:00:00 -1398.237420] FAST spr round 1 (radius: 5)
[00:00:00 -1352.849789] FAST spr round 2 (radius: 5)
[00:00:00 -1352.849785] Model parameter optimization (eps = 1.000000)
[00:00:00 -1352.803273] SLOW spr round 1 (radius: 5)
[00:00:00] [worker #6] ML tree search #15, logLikelihood: -1352.803127
[00:00:00] [worker #5] ML tree search #14, logLikelihood: -1352.803126
[00:00:00 -1352.803157] SLOW spr round 2 (radius: 10)
[00:00:00] [worker #7] ML tree search #16, logLikelihood: -1353.028496
[00:00:00] [worker #2] ML tree search #11, logLikelihood: -1352.803126
[00:00:00 -1352.803154] SLOW spr round 3 (radius: 15)
[00:00:00 -1352.803154] SLOW spr round 4 (radius: 20)
[00:00:00 -1352.803154] Model parameter optimization (eps = 0.100000)

[00:00:00] [worker #0] ML tree search #9, logLikelihood: -1352.803126

[00:00:00 -1820.913038] Initial branch length optimization
[00:00:00 -1403.054610] Model parameter optimization (eps = 10.000000)
[00:00:00] [worker #1] ML tree search #10, logLikelihood: -1352.803128
[00:00:00 -1355.840648] AUTODETECT spr round 1 (radius: 5)
[00:00:00 -1353.368658] AUTODETECT spr round 2 (radius: 10)
[00:00:00 -1353.358381] SPR radius for FAST iterations: 5 (autodetect)
[00:00:00 -1353.358381] Model parameter optimization (eps = 3.000000)
[00:00:00] [worker #4] ML tree search #13, logLikelihood: -1352.803126
[00:00:00 -1353.330478] FAST spr round 1 (radius: 5)
[00:00:00 -1353.032998] FAST spr round 2 (radius: 5)
[00:00:00] [worker #3] ML tree search #12, logLikelihood: -1352.803126
[00:00:00 -1353.032990] Model parameter optimization (eps = 1.000000)
[00:00:00 -1353.028499] SLOW spr round 1 (radius: 5)
[00:00:00 -1353.028496] SLOW spr round 2 (radius: 10)
[00:00:00] [worker #2] ML tree search #19, logLikelihood: -1353.028496
[00:00:00] [worker #1] ML tree search #18, logLikelihood: -1353.028496
[00:00:00 -1353.028496] SLOW spr round 3 (radius: 15)
[00:00:00 -1353.028496] SLOW spr round 4 (radius: 20)
[00:00:00 -1353.028496] Model parameter optimization (eps = 0.100000)

[00:00:00] [worker #0] ML tree search #17, logLikelihood: -1353.028496

[00:00:00] [worker #3] ML tree search #20, logLikelihood: -1353.028496

Optimized model parameters:

   Partition 0: noname
   Rate heterogeneity: NONE
   Base frequencies (ML): 0.351487 0.120356 0.366173 0.161984 
   Substitution rates (model): 1.000000 1.000000 1.000000 1.000000 1.000000 1.000000 


Final LogLikelihood: -1352.803126

AIC score: 2785.606252 / AICc score: 2804.787538 / BIC score: 2919.869703
Free parameters (model + branch lengths): 40

WARNING: Best ML tree contains 2 near-zero branches!

Best ML tree with collapsed near-zero branches saved to: /home/fili/Documents/KIT/2023/BA/code/output/families/ssim_NE_s20_f100_sites200_GTR_bl1.0_d0.0_l0.0_t0.0_gc0.0_p0.0_pop10_ms0.0_mf0.0_seed42/families/family_061/misc/raxml_output.F81.raxml.bestTreeCollapsed
Best ML tree saved to: /home/fili/Documents/KIT/2023/BA/code/output/families/ssim_NE_s20_f100_sites200_GTR_bl1.0_d0.0_l0.0_t0.0_gc0.0_p0.0_pop10_ms0.0_mf0.0_seed42/families/family_061/misc/raxml_output.F81.raxml.bestTree
All ML trees saved to: /home/fili/Documents/KIT/2023/BA/code/output/families/ssim_NE_s20_f100_sites200_GTR_bl1.0_d0.0_l0.0_t0.0_gc0.0_p0.0_pop10_ms0.0_mf0.0_seed42/families/family_061/misc/raxml_output.F81.raxml.mlTrees
Optimized model saved to: /home/fili/Documents/KIT/2023/BA/code/output/families/ssim_NE_s20_f100_sites200_GTR_bl1.0_d0.0_l0.0_t0.0_gc0.0_p0.0_pop10_ms0.0_mf0.0_seed42/families/family_061/misc/raxml_output.F81.raxml.bestModel

Execution log saved to: /home/fili/Documents/KIT/2023/BA/code/output/families/ssim_NE_s20_f100_sites200_GTR_bl1.0_d0.0_l0.0_t0.0_gc0.0_p0.0_pop10_ms0.0_mf0.0_seed42/families/family_061/misc/raxml_output.F81.raxml.log

Analysis started: 13-Jun-2023 13:44:04 / finished: 13-Jun-2023 13:44:05

Elapsed time: 0.290 seconds

