
RAxML-NG v. 1.1.0 released on 29.11.2021 by The Exelixis Lab.
Developed by: Alexey M. Kozlov and Alexandros Stamatakis.
Contributors: Diego Darriba, Tomas Flouri, Benoit Morel, Sarah Lutteropp, Ben Bettisworth.
Latest version: https://github.com/amkozlov/raxml-ng
Questions/problems/suggestions? Please visit: https://groups.google.com/forum/#!forum/raxml

System: AMD Ryzen 7 5800X 8-Core Processor, 8 cores, 31 GB RAM

RAxML-NG was called at 27-Jun-2023 13:04:18 as follows:

/home/fili/Documents/KIT/2023/BA/resources/tools/RAxML-NG/raxml-ng --msa /home/fili/Documents/KIT/2023/BA/code/output/families/ssim_DL_s20_f100_sites200_GTR_bl1.0_d1.0_l1.0_t0.0_gc0.0_p0.0_pop10_ms0.0_mf0.0_seed19732311/families/family_009/alignment.msa --model F81 --prefix /home/fili/Documents/KIT/2023/BA/code/output/families/ssim_DL_s20_f100_sites200_GTR_bl1.0_d1.0_l1.0_t0.0_gc0.0_p0.0_pop10_ms0.0_mf0.0_seed19732311/families/family_009/misc/raxml_output.F81

Analysis options:
  run mode: ML tree search
  start tree(s): random (10) + parsimony (10)
  random seed: 1687863858
  tip-inner: OFF
  pattern compression: ON
  per-rate scalers: OFF
  site repeats: ON
  fast spr radius: AUTO
  spr subtree cutoff: 1.000000
  branch lengths: proportional (ML estimate, algorithm: NR-FAST)
  SIMD kernels: AVX2
  parallelization: coarse-grained (auto), PTHREADS (auto)

[00:00:00] Reading alignment from file: /home/fili/Documents/KIT/2023/BA/code/output/families/ssim_DL_s20_f100_sites200_GTR_bl1.0_d1.0_l1.0_t0.0_gc0.0_p0.0_pop10_ms0.0_mf0.0_seed19732311/families/family_009/alignment.msa
[00:00:00] Loaded alignment with 11 taxa and 147 sites

Alignment comprises 1 partitions and 68 patterns

Partition 0: noname
Model: F81+FO
Alignment sites / patterns: 147 / 68
Gaps: 0.00 %
Invariant sites: 37.41 %


NOTE: Binary MSA file created: /home/fili/Documents/KIT/2023/BA/code/output/families/ssim_DL_s20_f100_sites200_GTR_bl1.0_d1.0_l1.0_t0.0_gc0.0_p0.0_pop10_ms0.0_mf0.0_seed19732311/families/family_009/misc/raxml_output.F81.raxml.rba

Parallelization scheme autoconfig: 8 worker(s) x 1 thread(s)

Parallel reduction/worker buffer size: 1 KB  / 0 KB

[00:00:00] Generating 10 random starting tree(s) with 11 taxa
[00:00:00] Generating 10 parsimony starting tree(s) with 11 taxa
[00:00:00] Data distribution: max. partitions/sites/weight per thread: 1 / 68 / 272
[00:00:00] Data distribution: max. searches per worker: 3

Starting ML tree search with 20 distinct starting trees

[00:00:00 -1409.565444] Initial branch length optimization
[00:00:00 -1194.281590] Model parameter optimization (eps = 10.000000)
[00:00:00 -1188.504921] AUTODETECT spr round 1 (radius: 5)
[00:00:00 -878.772764] AUTODETECT spr round 2 (radius: 10)
[00:00:00 -878.731133] SPR radius for FAST iterations: 5 (autodetect)
[00:00:00 -878.731133] Model parameter optimization (eps = 3.000000)
[00:00:00 -877.173187] FAST spr round 1 (radius: 5)
[00:00:00 -873.539671] FAST spr round 2 (radius: 5)
[00:00:00 -873.538701] Model parameter optimization (eps = 1.000000)
[00:00:00 -873.532427] SLOW spr round 1 (radius: 5)
[00:00:00 -873.532425] SLOW spr round 2 (radius: 10)
[00:00:00] [worker #2] ML tree search #3, logLikelihood: -880.089103
[00:00:00] [worker #6] ML tree search #7, logLikelihood: -873.532426
[00:00:00 -873.532425] Model parameter optimization (eps = 0.100000)

[00:00:00] [worker #0] ML tree search #1, logLikelihood: -873.532425

[00:00:00] [worker #7] ML tree search #8, logLikelihood: -873.532425
[00:00:00] [worker #5] ML tree search #6, logLikelihood: -873.532425
[00:00:00] [worker #1] ML tree search #2, logLikelihood: -873.532426
[00:00:00 -1394.322141] Initial branch length optimization
[00:00:00 -1191.869015] Model parameter optimization (eps = 10.000000)
[00:00:00 -1186.733117] AUTODETECT spr round 1 (radius: 5)
[00:00:00] [worker #3] ML tree search #4, logLikelihood: -873.532429
[00:00:00 -879.530298] AUTODETECT spr round 2 (radius: 10)
[00:00:00 -879.503101] SPR radius for FAST iterations: 5 (autodetect)
[00:00:00 -879.503101] Model parameter optimization (eps = 3.000000)
[00:00:00 -878.036596] FAST spr round 1 (radius: 5)
[00:00:00] [worker #4] ML tree search #5, logLikelihood: -876.995018
[00:00:00 -878.024611] Model parameter optimization (eps = 1.000000)
[00:00:00 -878.023494] SLOW spr round 1 (radius: 5)
[00:00:00 -873.955118] SLOW spr round 2 (radius: 5)
[00:00:00] [worker #5] ML tree search #14, logLikelihood: -873.532427
[00:00:00] [worker #4] ML tree search #13, logLikelihood: -880.089102
[00:00:00 -873.553573] SLOW spr round 3 (radius: 5)
[00:00:00] [worker #3] ML tree search #12, logLikelihood: -873.532428
[00:00:00] [worker #6] ML tree search #15, logLikelihood: -873.532433
[00:00:00] [worker #1] ML tree search #10, logLikelihood: -873.532426
[00:00:00] [worker #2] ML tree search #11, logLikelihood: -873.532426
[00:00:00 -873.553388] SLOW spr round 4 (radius: 10)
[00:00:00 -873.553385] Model parameter optimization (eps = 0.100000)
[00:00:00] [worker #7] ML tree search #16, logLikelihood: -873.532427

[00:00:00] [worker #0] ML tree search #9, logLikelihood: -873.532436

[00:00:00 -1014.252374] Initial branch length optimization
[00:00:00 -893.706766] Model parameter optimization (eps = 10.000000)
[00:00:00 -887.511852] AUTODETECT spr round 1 (radius: 5)
[00:00:00 -879.227839] AUTODETECT spr round 2 (radius: 10)
[00:00:00 -879.227829] SPR radius for FAST iterations: 5 (autodetect)
[00:00:00 -879.227829] Model parameter optimization (eps = 3.000000)
[00:00:00 -879.205083] FAST spr round 1 (radius: 5)
[00:00:00 -879.205074] Model parameter optimization (eps = 1.000000)
[00:00:00 -879.205072] SLOW spr round 1 (radius: 5)
[00:00:00] [worker #3] ML tree search #20, logLikelihood: -880.089103
[00:00:00] [worker #1] ML tree search #18, logLikelihood: -873.532428
[00:00:00 -873.742544] SLOW spr round 2 (radius: 5)
[00:00:00 -873.742403] SLOW spr round 3 (radius: 10)
[00:00:00 -873.742401] Model parameter optimization (eps = 0.100000)

[00:00:00] [worker #0] ML tree search #17, logLikelihood: -873.532432

[00:00:00] [worker #2] ML tree search #19, logLikelihood: -873.532428

Optimized model parameters:

   Partition 0: noname
   Rate heterogeneity: NONE
   Base frequencies (ML): 0.259962 0.168017 0.267114 0.304907 
   Substitution rates (model): 1.000000 1.000000 1.000000 1.000000 1.000000 1.000000 


Final LogLikelihood: -873.532425

AIC score: 1791.064850 / AICc score: 1799.226140 / BIC score: 1856.854367
Free parameters (model + branch lengths): 22

Best ML tree saved to: /home/fili/Documents/KIT/2023/BA/code/output/families/ssim_DL_s20_f100_sites200_GTR_bl1.0_d1.0_l1.0_t0.0_gc0.0_p0.0_pop10_ms0.0_mf0.0_seed19732311/families/family_009/misc/raxml_output.F81.raxml.bestTree
All ML trees saved to: /home/fili/Documents/KIT/2023/BA/code/output/families/ssim_DL_s20_f100_sites200_GTR_bl1.0_d1.0_l1.0_t0.0_gc0.0_p0.0_pop10_ms0.0_mf0.0_seed19732311/families/family_009/misc/raxml_output.F81.raxml.mlTrees
Optimized model saved to: /home/fili/Documents/KIT/2023/BA/code/output/families/ssim_DL_s20_f100_sites200_GTR_bl1.0_d1.0_l1.0_t0.0_gc0.0_p0.0_pop10_ms0.0_mf0.0_seed19732311/families/family_009/misc/raxml_output.F81.raxml.bestModel

Execution log saved to: /home/fili/Documents/KIT/2023/BA/code/output/families/ssim_DL_s20_f100_sites200_GTR_bl1.0_d1.0_l1.0_t0.0_gc0.0_p0.0_pop10_ms0.0_mf0.0_seed19732311/families/family_009/misc/raxml_output.F81.raxml.log

Analysis started: 27-Jun-2023 13:04:18 / finished: 27-Jun-2023 13:04:19

Elapsed time: 0.114 seconds

