
RAxML-NG v. 1.1.0 released on 29.11.2021 by The Exelixis Lab.
Developed by: Alexey M. Kozlov and Alexandros Stamatakis.
Contributors: Diego Darriba, Tomas Flouri, Benoit Morel, Sarah Lutteropp, Ben Bettisworth.
Latest version: https://github.com/amkozlov/raxml-ng
Questions/problems/suggestions? Please visit: https://groups.google.com/forum/#!forum/raxml

System: AMD Ryzen 7 5800X 8-Core Processor, 8 cores, 31 GB RAM

RAxML-NG was called at 27-Jun-2023 13:47:05 as follows:

/home/fili/Documents/KIT/2023/BA/resources/tools/RAxML-NG/raxml-ng --msa /home/fili/Documents/KIT/2023/BA/code/output/families/ssim_NE_s20_f100_sites200_GTR_bl1.0_d0.0_l0.0_t0.0_gc0.0_p0.0_pop10_ms0.0_mf0.0_seed121873/families/family_092/alignment.msa --model F81 --prefix /home/fili/Documents/KIT/2023/BA/code/output/families/ssim_NE_s20_f100_sites200_GTR_bl1.0_d0.0_l0.0_t0.0_gc0.0_p0.0_pop10_ms0.0_mf0.0_seed121873/families/family_092/misc/raxml_output.F81

Analysis options:
  run mode: ML tree search
  start tree(s): random (10) + parsimony (10)
  random seed: 1687866425
  tip-inner: OFF
  pattern compression: ON
  per-rate scalers: OFF
  site repeats: ON
  fast spr radius: AUTO
  spr subtree cutoff: 1.000000
  branch lengths: proportional (ML estimate, algorithm: NR-FAST)
  SIMD kernels: AVX2
  parallelization: coarse-grained (auto), PTHREADS (auto)

[00:00:00] Reading alignment from file: /home/fili/Documents/KIT/2023/BA/code/output/families/ssim_NE_s20_f100_sites200_GTR_bl1.0_d0.0_l0.0_t0.0_gc0.0_p0.0_pop10_ms0.0_mf0.0_seed121873/families/family_092/alignment.msa
[00:00:00] Loaded alignment with 20 taxa and 169 sites

WARNING: Sequences 15_0_0 and 17_0_0 are exactly identical!
WARNING: Sequences 13_0_0 and 19_0_0 are exactly identical!
WARNING: Duplicate sequences found: 2

NOTE: Reduced alignment (with duplicates and gap-only sites/taxa removed) 
NOTE: was saved to: /home/fili/Documents/KIT/2023/BA/code/output/families/ssim_NE_s20_f100_sites200_GTR_bl1.0_d0.0_l0.0_t0.0_gc0.0_p0.0_pop10_ms0.0_mf0.0_seed121873/families/family_092/misc/raxml_output.F81.raxml.reduced.phy

Alignment comprises 1 partitions and 78 patterns

Partition 0: noname
Model: F81+FO
Alignment sites / patterns: 169 / 78
Gaps: 0.00 %
Invariant sites: 43.79 %


NOTE: Binary MSA file created: /home/fili/Documents/KIT/2023/BA/code/output/families/ssim_NE_s20_f100_sites200_GTR_bl1.0_d0.0_l0.0_t0.0_gc0.0_p0.0_pop10_ms0.0_mf0.0_seed121873/families/family_092/misc/raxml_output.F81.raxml.rba

Parallelization scheme autoconfig: 8 worker(s) x 1 thread(s)

Parallel reduction/worker buffer size: 1 KB  / 0 KB

[00:00:00] Generating 10 random starting tree(s) with 20 taxa
[00:00:00] Generating 10 parsimony starting tree(s) with 20 taxa
[00:00:00] Data distribution: max. partitions/sites/weight per thread: 1 / 78 / 312
[00:00:00] Data distribution: max. searches per worker: 3

Starting ML tree search with 20 distinct starting trees

[00:00:00 -2154.379873] Initial branch length optimization
[00:00:00 -1833.331242] Model parameter optimization (eps = 10.000000)
[00:00:00 -1755.937988] AUTODETECT spr round 1 (radius: 5)
[00:00:00 -950.202049] AUTODETECT spr round 2 (radius: 10)
[00:00:00 -950.201848] SPR radius for FAST iterations: 5 (autodetect)
[00:00:00 -950.201848] Model parameter optimization (eps = 3.000000)
[00:00:00 -949.202878] FAST spr round 1 (radius: 5)
[00:00:00 -941.280654] FAST spr round 2 (radius: 5)
[00:00:00 -940.492986] FAST spr round 3 (radius: 5)
[00:00:00 -939.943507] FAST spr round 4 (radius: 5)
[00:00:00 -939.943507] Model parameter optimization (eps = 1.000000)
[00:00:00 -939.886243] SLOW spr round 1 (radius: 5)
[00:00:00 -939.886233] SLOW spr round 2 (radius: 10)
[00:00:00] [worker #5] ML tree search #6, logLikelihood: -939.886229
[00:00:00] [worker #1] ML tree search #2, logLikelihood: -939.886228
[00:00:00] [worker #4] ML tree search #5, logLikelihood: -939.886230
[00:00:00 -939.886233] SLOW spr round 3 (radius: 15)
[00:00:00 -939.886233] SLOW spr round 4 (radius: 20)
[00:00:00 -939.886233] Model parameter optimization (eps = 0.100000)

[00:00:00] [worker #0] ML tree search #1, logLikelihood: -939.886230

[00:00:00] [worker #6] ML tree search #7, logLikelihood: -939.886228
[00:00:00] [worker #2] ML tree search #3, logLikelihood: -939.886229
[00:00:00] [worker #7] ML tree search #8, logLikelihood: -939.886232
[00:00:00 -2111.897110] Initial branch length optimization
[00:00:00 -1826.133970] Model parameter optimization (eps = 10.000000)
[00:00:00 -1752.775011] AUTODETECT spr round 1 (radius: 5)
[00:00:00] [worker #3] ML tree search #4, logLikelihood: -939.886228
[00:00:00 -955.825556] AUTODETECT spr round 2 (radius: 10)
[00:00:00 -955.825455] SPR radius for FAST iterations: 5 (autodetect)
[00:00:00 -955.825455] Model parameter optimization (eps = 3.000000)
[00:00:00 -955.414243] FAST spr round 1 (radius: 5)
[00:00:00 -944.609828] FAST spr round 2 (radius: 5)
[00:00:00 -940.780019] FAST spr round 3 (radius: 5)
[00:00:00 -939.927534] FAST spr round 4 (radius: 5)
[00:00:00 -939.927534] Model parameter optimization (eps = 1.000000)
[00:00:00 -939.886257] SLOW spr round 1 (radius: 5)
[00:00:00] [worker #4] ML tree search #13, logLikelihood: -939.886229
[00:00:00] [worker #5] ML tree search #14, logLikelihood: -939.886229
[00:00:00] [worker #1] ML tree search #10, logLikelihood: -939.886228
[00:00:00] [worker #6] ML tree search #15, logLikelihood: -939.886228
[00:00:00 -939.886250] SLOW spr round 2 (radius: 10)
[00:00:00] [worker #7] ML tree search #16, logLikelihood: -939.886229
[00:00:00] [worker #2] ML tree search #11, logLikelihood: -939.886229
[00:00:00] [worker #3] ML tree search #12, logLikelihood: -939.886229
[00:00:00 -939.886250] SLOW spr round 3 (radius: 15)
[00:00:00 -939.886250] SLOW spr round 4 (radius: 20)
[00:00:00 -939.886250] Model parameter optimization (eps = 0.100000)

[00:00:00] [worker #0] ML tree search #9, logLikelihood: -939.886229

[00:00:00 -1328.903953] Initial branch length optimization
[00:00:00 -978.243579] Model parameter optimization (eps = 10.000000)
[00:00:00 -944.541308] AUTODETECT spr round 1 (radius: 5)
[00:00:00 -940.734825] AUTODETECT spr round 2 (radius: 10)
[00:00:00 -940.734172] SPR radius for FAST iterations: 5 (autodetect)
[00:00:00 -940.734172] Model parameter optimization (eps = 3.000000)
[00:00:00 -940.704698] FAST spr round 1 (radius: 5)
[00:00:00 -939.897883] FAST spr round 2 (radius: 5)
[00:00:00 -939.897882] Model parameter optimization (eps = 1.000000)
[00:00:00 -939.886232] SLOW spr round 1 (radius: 5)
[00:00:00] [worker #2] ML tree search #19, logLikelihood: -939.886228
[00:00:00] [worker #1] ML tree search #18, logLikelihood: -939.886228
[00:00:00 -939.886229] SLOW spr round 2 (radius: 10)
[00:00:00] [worker #3] ML tree search #20, logLikelihood: -939.886229
[00:00:00 -939.886229] SLOW spr round 3 (radius: 15)
[00:00:00 -939.886229] SLOW spr round 4 (radius: 20)
[00:00:00 -939.886229] Model parameter optimization (eps = 0.100000)

[00:00:00] [worker #0] ML tree search #17, logLikelihood: -939.886229


Optimized model parameters:

   Partition 0: noname
   Rate heterogeneity: NONE
   Base frequencies (ML): 0.334631 0.109476 0.379784 0.176108 
   Substitution rates (model): 1.000000 1.000000 1.000000 1.000000 1.000000 1.000000 


Final LogLikelihood: -939.886228

AIC score: 1959.772456 / AICc score: 1985.397456 / BIC score: 2084.968405
Free parameters (model + branch lengths): 40

WARNING: Best ML tree contains 2 near-zero branches!

Best ML tree with collapsed near-zero branches saved to: /home/fili/Documents/KIT/2023/BA/code/output/families/ssim_NE_s20_f100_sites200_GTR_bl1.0_d0.0_l0.0_t0.0_gc0.0_p0.0_pop10_ms0.0_mf0.0_seed121873/families/family_092/misc/raxml_output.F81.raxml.bestTreeCollapsed
Best ML tree saved to: /home/fili/Documents/KIT/2023/BA/code/output/families/ssim_NE_s20_f100_sites200_GTR_bl1.0_d0.0_l0.0_t0.0_gc0.0_p0.0_pop10_ms0.0_mf0.0_seed121873/families/family_092/misc/raxml_output.F81.raxml.bestTree
All ML trees saved to: /home/fili/Documents/KIT/2023/BA/code/output/families/ssim_NE_s20_f100_sites200_GTR_bl1.0_d0.0_l0.0_t0.0_gc0.0_p0.0_pop10_ms0.0_mf0.0_seed121873/families/family_092/misc/raxml_output.F81.raxml.mlTrees
Optimized model saved to: /home/fili/Documents/KIT/2023/BA/code/output/families/ssim_NE_s20_f100_sites200_GTR_bl1.0_d0.0_l0.0_t0.0_gc0.0_p0.0_pop10_ms0.0_mf0.0_seed121873/families/family_092/misc/raxml_output.F81.raxml.bestModel

Execution log saved to: /home/fili/Documents/KIT/2023/BA/code/output/families/ssim_NE_s20_f100_sites200_GTR_bl1.0_d0.0_l0.0_t0.0_gc0.0_p0.0_pop10_ms0.0_mf0.0_seed121873/families/family_092/misc/raxml_output.F81.raxml.log

Analysis started: 27-Jun-2023 13:47:05 / finished: 27-Jun-2023 13:47:05

Elapsed time: 0.202 seconds

