
RAxML-NG v. 1.1.0 released on 29.11.2021 by The Exelixis Lab.
Developed by: Alexey M. Kozlov and Alexandros Stamatakis.
Contributors: Diego Darriba, Tomas Flouri, Benoit Morel, Sarah Lutteropp, Ben Bettisworth.
Latest version: https://github.com/amkozlov/raxml-ng
Questions/problems/suggestions? Please visit: https://groups.google.com/forum/#!forum/raxml

System: AMD Ryzen 7 5800X 8-Core Processor, 8 cores, 31 GB RAM

RAxML-NG was called at 27-Jun-2023 13:52:05 as follows:

/home/fili/Documents/KIT/2023/BA/resources/tools/RAxML-NG/raxml-ng --msa /home/fili/Documents/KIT/2023/BA/code/output/families/ssim_NE_s20_f100_sites200_GTR_bl1.0_d0.0_l0.0_t0.0_gc0.0_p0.0_pop10_ms0.0_mf0.0_seed14976684177860080345/families/family_042/alignment.msa --model F81 --prefix /home/fili/Documents/KIT/2023/BA/code/output/families/ssim_NE_s20_f100_sites200_GTR_bl1.0_d0.0_l0.0_t0.0_gc0.0_p0.0_pop10_ms0.0_mf0.0_seed14976684177860080345/families/family_042/misc/raxml_output.F81

Analysis options:
  run mode: ML tree search
  start tree(s): random (10) + parsimony (10)
  random seed: 1687866725
  tip-inner: OFF
  pattern compression: ON
  per-rate scalers: OFF
  site repeats: ON
  fast spr radius: AUTO
  spr subtree cutoff: 1.000000
  branch lengths: proportional (ML estimate, algorithm: NR-FAST)
  SIMD kernels: AVX2
  parallelization: coarse-grained (auto), PTHREADS (auto)

[00:00:00] Reading alignment from file: /home/fili/Documents/KIT/2023/BA/code/output/families/ssim_NE_s20_f100_sites200_GTR_bl1.0_d0.0_l0.0_t0.0_gc0.0_p0.0_pop10_ms0.0_mf0.0_seed14976684177860080345/families/family_042/alignment.msa
[00:00:00] Loaded alignment with 20 taxa and 166 sites

WARNING: Sequences 7_0_0 and 5_0_0 are exactly identical!
WARNING: Duplicate sequences found: 1

NOTE: Reduced alignment (with duplicates and gap-only sites/taxa removed) 
NOTE: was saved to: /home/fili/Documents/KIT/2023/BA/code/output/families/ssim_NE_s20_f100_sites200_GTR_bl1.0_d0.0_l0.0_t0.0_gc0.0_p0.0_pop10_ms0.0_mf0.0_seed14976684177860080345/families/family_042/misc/raxml_output.F81.raxml.reduced.phy

Alignment comprises 1 partitions and 86 patterns

Partition 0: noname
Model: F81+FO
Alignment sites / patterns: 166 / 86
Gaps: 0.00 %
Invariant sites: 41.57 %


NOTE: Binary MSA file created: /home/fili/Documents/KIT/2023/BA/code/output/families/ssim_NE_s20_f100_sites200_GTR_bl1.0_d0.0_l0.0_t0.0_gc0.0_p0.0_pop10_ms0.0_mf0.0_seed14976684177860080345/families/family_042/misc/raxml_output.F81.raxml.rba

Parallelization scheme autoconfig: 8 worker(s) x 1 thread(s)

Parallel reduction/worker buffer size: 1 KB  / 0 KB

[00:00:00] Generating 10 random starting tree(s) with 20 taxa
[00:00:00] Generating 10 parsimony starting tree(s) with 20 taxa
[00:00:00] Data distribution: max. partitions/sites/weight per thread: 1 / 86 / 344
[00:00:00] Data distribution: max. searches per worker: 3

Starting ML tree search with 20 distinct starting trees

[00:00:00 -2705.287889] Initial branch length optimization
[00:00:00 -2387.497344] Model parameter optimization (eps = 10.000000)
[00:00:00 -2362.794157] AUTODETECT spr round 1 (radius: 5)
[00:00:00 -1083.905273] AUTODETECT spr round 2 (radius: 10)
[00:00:00 -1083.904874] SPR radius for FAST iterations: 5 (autodetect)
[00:00:00 -1083.904874] Model parameter optimization (eps = 3.000000)
[00:00:00 -1083.533904] FAST spr round 1 (radius: 5)
[00:00:00 -1029.692215] FAST spr round 2 (radius: 5)
[00:00:00 -1028.933891] FAST spr round 3 (radius: 5)
[00:00:00 -1028.837490] Model parameter optimization (eps = 1.000000)
[00:00:00 -1028.785804] SLOW spr round 1 (radius: 5)
[00:00:00 -1028.785753] SLOW spr round 2 (radius: 10)
[00:00:00 -1028.785753] SLOW spr round 3 (radius: 15)
[00:00:00] [worker #3] ML tree search #4, logLikelihood: -1028.785725
[00:00:00 -1028.785753] SLOW spr round 4 (radius: 20)
[00:00:00 -1028.785753] Model parameter optimization (eps = 0.100000)

[00:00:00] [worker #0] ML tree search #1, logLikelihood: -1028.785728

[00:00:00 -2636.633144] Initial branch length optimization
[00:00:00 -2199.442207] Model parameter optimization (eps = 10.000000)
[00:00:00] [worker #4] ML tree search #5, logLikelihood: -1028.785725
[00:00:00 -2184.595026] AUTODETECT spr round 1 (radius: 5)
[00:00:00] [worker #1] ML tree search #2, logLikelihood: -1028.785726
[00:00:00] [worker #6] ML tree search #7, logLikelihood: -1028.785789
[00:00:00 -1078.502539] AUTODETECT spr round 2 (radius: 10)
[00:00:00] [worker #2] ML tree search #3, logLikelihood: -1028.785786
[00:00:00 -1078.502522] SPR radius for FAST iterations: 5 (autodetect)
[00:00:00 -1078.502522] Model parameter optimization (eps = 3.000000)
[00:00:00 -1077.593746] FAST spr round 1 (radius: 5)
[00:00:00] [worker #7] ML tree search #8, logLikelihood: -1028.785785
[00:00:00 -1028.918749] FAST spr round 2 (radius: 5)
[00:00:00] [worker #5] ML tree search #6, logLikelihood: -1028.785787
[00:00:00 -1028.918738] Model parameter optimization (eps = 1.000000)
[00:00:00 -1028.785785] SLOW spr round 1 (radius: 5)
[00:00:00 -1028.785740] SLOW spr round 2 (radius: 10)
[00:00:00] [worker #3] ML tree search #12, logLikelihood: -1028.785726
[00:00:00 -1028.785740] SLOW spr round 3 (radius: 15)
[00:00:00] [worker #4] ML tree search #13, logLikelihood: -1028.785726
[00:00:00 -1028.785740] SLOW spr round 4 (radius: 20)
[00:00:00 -1028.785740] Model parameter optimization (eps = 0.100000)
[00:00:00] [worker #6] ML tree search #15, logLikelihood: -1028.785726

[00:00:00] [worker #0] ML tree search #9, logLikelihood: -1028.785726

[00:00:00 -1381.299203] Initial branch length optimization
[00:00:00 -1032.818114] Model parameter optimization (eps = 10.000000)
[00:00:00 -1029.458900] AUTODETECT spr round 1 (radius: 5)
[00:00:00] [worker #7] ML tree search #16, logLikelihood: -1028.785726
[00:00:00] [worker #2] ML tree search #11, logLikelihood: -1028.785726
[00:00:00] [worker #1] ML tree search #10, logLikelihood: -1028.785726
[00:00:00 -1029.457966] SPR radius for FAST iterations: 5 (autodetect)
[00:00:00 -1029.457966] Model parameter optimization (eps = 3.000000)
[00:00:00 -1029.457709] FAST spr round 1 (radius: 5)
[00:00:00 -1028.898731] FAST spr round 2 (radius: 5)
[00:00:00 -1028.842515] Model parameter optimization (eps = 1.000000)
[00:00:00 -1028.785738] SLOW spr round 1 (radius: 5)
[00:00:00] [worker #5] ML tree search #14, logLikelihood: -1028.785726
[00:00:00 -1028.785726] SLOW spr round 2 (radius: 10)
[00:00:00] [worker #3] ML tree search #20, logLikelihood: -1028.785726
[00:00:00 -1028.785726] SLOW spr round 3 (radius: 15)
[00:00:00 -1028.785726] SLOW spr round 4 (radius: 20)
[00:00:00 -1028.785726] Model parameter optimization (eps = 0.100000)

[00:00:00] [worker #0] ML tree search #17, logLikelihood: -1028.785726

[00:00:00] [worker #2] ML tree search #19, logLikelihood: -1028.785726
[00:00:00] [worker #1] ML tree search #18, logLikelihood: -1028.785726

Optimized model parameters:

   Partition 0: noname
   Rate heterogeneity: NONE
   Base frequencies (ML): 0.252338 0.189530 0.289798 0.268334 
   Substitution rates (model): 1.000000 1.000000 1.000000 1.000000 1.000000 1.000000 


Final LogLikelihood: -1028.785725

AIC score: 2137.571450 / AICc score: 2163.811450 / BIC score: 2262.050962
Free parameters (model + branch lengths): 40

WARNING: Best ML tree contains 5 near-zero branches!

Best ML tree with collapsed near-zero branches saved to: /home/fili/Documents/KIT/2023/BA/code/output/families/ssim_NE_s20_f100_sites200_GTR_bl1.0_d0.0_l0.0_t0.0_gc0.0_p0.0_pop10_ms0.0_mf0.0_seed14976684177860080345/families/family_042/misc/raxml_output.F81.raxml.bestTreeCollapsed
Best ML tree saved to: /home/fili/Documents/KIT/2023/BA/code/output/families/ssim_NE_s20_f100_sites200_GTR_bl1.0_d0.0_l0.0_t0.0_gc0.0_p0.0_pop10_ms0.0_mf0.0_seed14976684177860080345/families/family_042/misc/raxml_output.F81.raxml.bestTree
All ML trees saved to: /home/fili/Documents/KIT/2023/BA/code/output/families/ssim_NE_s20_f100_sites200_GTR_bl1.0_d0.0_l0.0_t0.0_gc0.0_p0.0_pop10_ms0.0_mf0.0_seed14976684177860080345/families/family_042/misc/raxml_output.F81.raxml.mlTrees
Optimized model saved to: /home/fili/Documents/KIT/2023/BA/code/output/families/ssim_NE_s20_f100_sites200_GTR_bl1.0_d0.0_l0.0_t0.0_gc0.0_p0.0_pop10_ms0.0_mf0.0_seed14976684177860080345/families/family_042/misc/raxml_output.F81.raxml.bestModel

Execution log saved to: /home/fili/Documents/KIT/2023/BA/code/output/families/ssim_NE_s20_f100_sites200_GTR_bl1.0_d0.0_l0.0_t0.0_gc0.0_p0.0_pop10_ms0.0_mf0.0_seed14976684177860080345/families/family_042/misc/raxml_output.F81.raxml.log

Analysis started: 27-Jun-2023 13:52:05 / finished: 27-Jun-2023 13:52:05

Elapsed time: 0.182 seconds

