
RAxML-NG v. 1.1.0 released on 29.11.2021 by The Exelixis Lab.
Developed by: Alexey M. Kozlov and Alexandros Stamatakis.
Contributors: Diego Darriba, Tomas Flouri, Benoit Morel, Sarah Lutteropp, Ben Bettisworth.
Latest version: https://github.com/amkozlov/raxml-ng
Questions/problems/suggestions? Please visit: https://groups.google.com/forum/#!forum/raxml

System: AMD Ryzen 7 5800X 8-Core Processor, 8 cores, 31 GB RAM

RAxML-NG was called at 27-Jun-2023 12:59:34 as follows:

/home/fili/Documents/KIT/2023/BA/resources/tools/RAxML-NG/raxml-ng --msa /home/fili/Documents/KIT/2023/BA/code/output/families/ssim_DL_s20_f100_sites200_GTR_bl1.0_d1.0_l1.0_t0.0_gc0.0_p0.0_pop10_ms0.0_mf0.0_seed42/families/family_047/alignment.msa --model F81 --prefix /home/fili/Documents/KIT/2023/BA/code/output/families/ssim_DL_s20_f100_sites200_GTR_bl1.0_d1.0_l1.0_t0.0_gc0.0_p0.0_pop10_ms0.0_mf0.0_seed42/families/family_047/misc/raxml_output.F81

Analysis options:
  run mode: ML tree search
  start tree(s): random (10) + parsimony (10)
  random seed: 1687863574
  tip-inner: OFF
  pattern compression: ON
  per-rate scalers: OFF
  site repeats: ON
  fast spr radius: AUTO
  spr subtree cutoff: 1.000000
  branch lengths: proportional (ML estimate, algorithm: NR-FAST)
  SIMD kernels: AVX2
  parallelization: coarse-grained (auto), PTHREADS (auto)

[00:00:00] Reading alignment from file: /home/fili/Documents/KIT/2023/BA/code/output/families/ssim_DL_s20_f100_sites200_GTR_bl1.0_d1.0_l1.0_t0.0_gc0.0_p0.0_pop10_ms0.0_mf0.0_seed42/families/family_047/alignment.msa
[00:00:00] Loaded alignment with 24 taxa and 146 sites

WARNING: Sequences 4_1_0 and 12_1_0 are exactly identical!
WARNING: Sequences 10_0_0 and 12_0_0 are exactly identical!
WARNING: Sequences 13_0_0 and 9_0_0 are exactly identical!
WARNING: Sequences 1_0_0 and 3_0_0 are exactly identical!
WARNING: Duplicate sequences found: 4

NOTE: Reduced alignment (with duplicates and gap-only sites/taxa removed) 
NOTE: was saved to: /home/fili/Documents/KIT/2023/BA/code/output/families/ssim_DL_s20_f100_sites200_GTR_bl1.0_d1.0_l1.0_t0.0_gc0.0_p0.0_pop10_ms0.0_mf0.0_seed42/families/family_047/misc/raxml_output.F81.raxml.reduced.phy

Alignment comprises 1 partitions and 101 patterns

Partition 0: noname
Model: F81+FO
Alignment sites / patterns: 146 / 101
Gaps: 0.00 %
Invariant sites: 30.82 %


NOTE: Binary MSA file created: /home/fili/Documents/KIT/2023/BA/code/output/families/ssim_DL_s20_f100_sites200_GTR_bl1.0_d1.0_l1.0_t0.0_gc0.0_p0.0_pop10_ms0.0_mf0.0_seed42/families/family_047/misc/raxml_output.F81.raxml.rba

Parallelization scheme autoconfig: 8 worker(s) x 1 thread(s)

Parallel reduction/worker buffer size: 1 KB  / 0 KB

[00:00:00] Generating 10 random starting tree(s) with 24 taxa
[00:00:00] Generating 10 parsimony starting tree(s) with 24 taxa
[00:00:00] Data distribution: max. partitions/sites/weight per thread: 1 / 101 / 404
[00:00:00] Data distribution: max. searches per worker: 3

Starting ML tree search with 20 distinct starting trees

[00:00:00 -2724.874470] Initial branch length optimization
[00:00:00 -2364.970441] Model parameter optimization (eps = 10.000000)
[00:00:00 -2345.706517] AUTODETECT spr round 1 (radius: 5)
[00:00:00 -1310.415768] AUTODETECT spr round 2 (radius: 10)
[00:00:00 -1310.415258] SPR radius for FAST iterations: 5 (autodetect)
[00:00:00 -1310.415258] Model parameter optimization (eps = 3.000000)
[00:00:00 -1308.726514] FAST spr round 1 (radius: 5)
[00:00:00 -1300.742196] FAST spr round 2 (radius: 5)
[00:00:00 -1300.742172] Model parameter optimization (eps = 1.000000)
[00:00:00 -1300.648165] SLOW spr round 1 (radius: 5)
[00:00:00 -1300.647683] SLOW spr round 2 (radius: 10)
[00:00:00 -1300.647682] SLOW spr round 3 (radius: 15)
[00:00:00] [worker #6] ML tree search #7, logLikelihood: -1300.647088
[00:00:00 -1300.647682] SLOW spr round 4 (radius: 20)
[00:00:00 -1300.647682] Model parameter optimization (eps = 0.100000)

[00:00:00] [worker #0] ML tree search #1, logLikelihood: -1300.647090

[00:00:00] [worker #4] ML tree search #5, logLikelihood: -1300.647099
[00:00:00] [worker #7] ML tree search #8, logLikelihood: -1300.647139
[00:00:00 -2719.294106] Initial branch length optimization
[00:00:00 -2462.552334] Model parameter optimization (eps = 10.000000)
[00:00:00] [worker #1] ML tree search #2, logLikelihood: -1300.647104
[00:00:00] [worker #2] ML tree search #3, logLikelihood: -1300.647130
[00:00:00 -2428.498901] AUTODETECT spr round 1 (radius: 5)
[00:00:00] [worker #5] ML tree search #6, logLikelihood: -1300.647090
[00:00:00] [worker #3] ML tree search #4, logLikelihood: -1300.647125
[00:00:00 -1361.792705] AUTODETECT spr round 2 (radius: 10)
[00:00:00 -1361.792639] SPR radius for FAST iterations: 5 (autodetect)
[00:00:00 -1361.792639] Model parameter optimization (eps = 3.000000)
[00:00:00 -1361.491799] FAST spr round 1 (radius: 5)
[00:00:00 -1311.709239] FAST spr round 2 (radius: 5)
[00:00:00 -1300.996225] FAST spr round 3 (radius: 5)
[00:00:00 -1300.996154] Model parameter optimization (eps = 1.000000)
[00:00:00 -1300.649866] SLOW spr round 1 (radius: 5)
[00:00:00] [worker #7] ML tree search #16, logLikelihood: -1300.647086
[00:00:00] [worker #6] ML tree search #15, logLikelihood: -1300.647085
[00:00:00 -1300.648496] SLOW spr round 2 (radius: 10)
[00:00:00] [worker #3] ML tree search #12, logLikelihood: -1300.647086
[00:00:00] [worker #4] ML tree search #13, logLikelihood: -1300.647088
[00:00:00] [worker #2] ML tree search #11, logLikelihood: -1300.647086
[00:00:00] [worker #5] ML tree search #14, logLikelihood: -1300.647086
[00:00:00 -1300.648493] SLOW spr round 3 (radius: 15)
[00:00:00 -1300.648493] SLOW spr round 4 (radius: 20)
[00:00:00 -1300.648493] Model parameter optimization (eps = 0.100000)

[00:00:00] [worker #0] ML tree search #9, logLikelihood: -1300.647102

[00:00:00 -1609.291855] Initial branch length optimization
[00:00:00 -1311.465341] Model parameter optimization (eps = 10.000000)
[00:00:00 -1300.647305] AUTODETECT spr round 1 (radius: 5)
[00:00:00] [worker #1] ML tree search #10, logLikelihood: -1300.647086
[00:00:00 -1300.647156] SPR radius for FAST iterations: 5 (autodetect)
[00:00:00 -1300.647156] Model parameter optimization (eps = 3.000000)
[00:00:00 -1300.647087] FAST spr round 1 (radius: 5)
[00:00:00 -1300.647087] Model parameter optimization (eps = 1.000000)
[00:00:00 -1300.647087] SLOW spr round 1 (radius: 5)
[00:00:00 -1300.647087] SLOW spr round 2 (radius: 10)
[00:00:00 -1300.647087] SLOW spr round 3 (radius: 15)
[00:00:00] [worker #3] ML tree search #20, logLikelihood: -1300.647089
[00:00:00 -1300.647087] SLOW spr round 4 (radius: 20)
[00:00:00 -1300.647087] Model parameter optimization (eps = 0.100000)

[00:00:00] [worker #0] ML tree search #17, logLikelihood: -1300.647086

[00:00:00] [worker #2] ML tree search #19, logLikelihood: -1300.647086
[00:00:00] [worker #1] ML tree search #18, logLikelihood: -1300.647086

Optimized model parameters:

   Partition 0: noname
   Rate heterogeneity: NONE
   Base frequencies (ML): 0.306870 0.182363 0.309343 0.201424 
   Substitution rates (model): 1.000000 1.000000 1.000000 1.000000 1.000000 1.000000 


Final LogLikelihood: -1300.647085

AIC score: 2697.294171 / AICc score: 2745.789016 / BIC score: 2840.507289
Free parameters (model + branch lengths): 48

WARNING: Best ML tree contains 1 near-zero branches!

Best ML tree with collapsed near-zero branches saved to: /home/fili/Documents/KIT/2023/BA/code/output/families/ssim_DL_s20_f100_sites200_GTR_bl1.0_d1.0_l1.0_t0.0_gc0.0_p0.0_pop10_ms0.0_mf0.0_seed42/families/family_047/misc/raxml_output.F81.raxml.bestTreeCollapsed
Best ML tree saved to: /home/fili/Documents/KIT/2023/BA/code/output/families/ssim_DL_s20_f100_sites200_GTR_bl1.0_d1.0_l1.0_t0.0_gc0.0_p0.0_pop10_ms0.0_mf0.0_seed42/families/family_047/misc/raxml_output.F81.raxml.bestTree
All ML trees saved to: /home/fili/Documents/KIT/2023/BA/code/output/families/ssim_DL_s20_f100_sites200_GTR_bl1.0_d1.0_l1.0_t0.0_gc0.0_p0.0_pop10_ms0.0_mf0.0_seed42/families/family_047/misc/raxml_output.F81.raxml.mlTrees
Optimized model saved to: /home/fili/Documents/KIT/2023/BA/code/output/families/ssim_DL_s20_f100_sites200_GTR_bl1.0_d1.0_l1.0_t0.0_gc0.0_p0.0_pop10_ms0.0_mf0.0_seed42/families/family_047/misc/raxml_output.F81.raxml.bestModel

Execution log saved to: /home/fili/Documents/KIT/2023/BA/code/output/families/ssim_DL_s20_f100_sites200_GTR_bl1.0_d1.0_l1.0_t0.0_gc0.0_p0.0_pop10_ms0.0_mf0.0_seed42/families/family_047/misc/raxml_output.F81.raxml.log

Analysis started: 27-Jun-2023 12:59:34 / finished: 27-Jun-2023 12:59:34

Elapsed time: 0.250 seconds

