
RAxML-NG v. 1.1.0 released on 29.11.2021 by The Exelixis Lab.
Developed by: Alexey M. Kozlov and Alexandros Stamatakis.
Contributors: Diego Darriba, Tomas Flouri, Benoit Morel, Sarah Lutteropp, Ben Bettisworth.
Latest version: https://github.com/amkozlov/raxml-ng
Questions/problems/suggestions? Please visit: https://groups.google.com/forum/#!forum/raxml

System: AMD Ryzen 7 5800X 8-Core Processor, 8 cores, 31 GB RAM

RAxML-NG was called at 27-Jun-2023 13:43:47 as follows:

/home/fili/Documents/KIT/2023/BA/resources/tools/RAxML-NG/raxml-ng --msa /home/fili/Documents/KIT/2023/BA/code/output/families/ssim_DL_s20_f100_sites200_GTR_bl1.0_d1.0_l1.0_t0.0_gc0.0_p0.0_pop10_ms0.0_mf0.0_seed14976684177860080345/families/family_038/alignment.msa --model F81 --prefix /home/fili/Documents/KIT/2023/BA/code/output/families/ssim_DL_s20_f100_sites200_GTR_bl1.0_d1.0_l1.0_t0.0_gc0.0_p0.0_pop10_ms0.0_mf0.0_seed14976684177860080345/families/family_038/misc/raxml_output.F81

Analysis options:
  run mode: ML tree search
  start tree(s): random (10) + parsimony (10)
  random seed: 1687866227
  tip-inner: OFF
  pattern compression: ON
  per-rate scalers: OFF
  site repeats: ON
  fast spr radius: AUTO
  spr subtree cutoff: 1.000000
  branch lengths: proportional (ML estimate, algorithm: NR-FAST)
  SIMD kernels: AVX2
  parallelization: coarse-grained (auto), PTHREADS (auto)

[00:00:00] Reading alignment from file: /home/fili/Documents/KIT/2023/BA/code/output/families/ssim_DL_s20_f100_sites200_GTR_bl1.0_d1.0_l1.0_t0.0_gc0.0_p0.0_pop10_ms0.0_mf0.0_seed14976684177860080345/families/family_038/alignment.msa
[00:00:00] Loaded alignment with 38 taxa and 165 sites

WARNING: Sequences 1_1_0 and 5_1_0 are exactly identical!
WARNING: Sequences 4_3_0 and 5_3_0 are exactly identical!
WARNING: Sequences 4_3_0 and 10_3_0 are exactly identical!
WARNING: Sequences 4_3_0 and 7_3_0 are exactly identical!
WARNING: Sequences 7_2_0 and 10_2_0 are exactly identical!
WARNING: Sequences 1_0_0 and 7_0_0 are exactly identical!
WARNING: Sequences 1_0_0 and 10_0_0 are exactly identical!
WARNING: Sequences 1_0_0 and 5_0_0 are exactly identical!
WARNING: Sequences 3_0_0 and 6_0_0 are exactly identical!
WARNING: Sequences 14_0_0 and 2_0_0 are exactly identical!
WARNING: Duplicate sequences found: 10

NOTE: Reduced alignment (with duplicates and gap-only sites/taxa removed) 
NOTE: was saved to: /home/fili/Documents/KIT/2023/BA/code/output/families/ssim_DL_s20_f100_sites200_GTR_bl1.0_d1.0_l1.0_t0.0_gc0.0_p0.0_pop10_ms0.0_mf0.0_seed14976684177860080345/families/family_038/misc/raxml_output.F81.raxml.reduced.phy

Alignment comprises 1 partitions and 59 patterns

Partition 0: noname
Model: F81+FO
Alignment sites / patterns: 165 / 59
Gaps: 0.00 %
Invariant sites: 58.18 %


NOTE: Binary MSA file created: /home/fili/Documents/KIT/2023/BA/code/output/families/ssim_DL_s20_f100_sites200_GTR_bl1.0_d1.0_l1.0_t0.0_gc0.0_p0.0_pop10_ms0.0_mf0.0_seed14976684177860080345/families/family_038/misc/raxml_output.F81.raxml.rba

Parallelization scheme autoconfig: 8 worker(s) x 1 thread(s)

Parallel reduction/worker buffer size: 1 KB  / 0 KB

[00:00:00] Generating 10 random starting tree(s) with 38 taxa
[00:00:00] Generating 10 parsimony starting tree(s) with 38 taxa
[00:00:00] Data distribution: max. partitions/sites/weight per thread: 1 / 59 / 236
[00:00:00] Data distribution: max. searches per worker: 3

Starting ML tree search with 20 distinct starting trees

[00:00:00 -3500.988375] Initial branch length optimization
[00:00:00 -2852.251957] Model parameter optimization (eps = 10.000000)
[00:00:00 -2716.665442] AUTODETECT spr round 1 (radius: 5)
[00:00:00 -1058.115585] AUTODETECT spr round 2 (radius: 10)
[00:00:00 -874.722423] AUTODETECT spr round 3 (radius: 15)
[00:00:00 -874.722423] SPR radius for FAST iterations: 10 (autodetect)
[00:00:00 -874.722423] Model parameter optimization (eps = 3.000000)
[00:00:00 -866.194537] FAST spr round 1 (radius: 10)
[00:00:00 -831.712236] FAST spr round 2 (radius: 10)
[00:00:00 -831.712235] Model parameter optimization (eps = 1.000000)
[00:00:00 -831.576170] SLOW spr round 1 (radius: 5)
[00:00:00 -831.576167] SLOW spr round 2 (radius: 10)
[00:00:00] [worker #6] ML tree search #7, logLikelihood: -831.576029
[00:00:00] [worker #5] ML tree search #6, logLikelihood: -834.154507
[00:00:00] [worker #2] ML tree search #3, logLikelihood: -834.154384
[00:00:00] [worker #3] ML tree search #4, logLikelihood: -834.154384
[00:00:00 -831.576167] SLOW spr round 3 (radius: 15)
[00:00:00] [worker #4] ML tree search #5, logLikelihood: -831.576026
[00:00:00] [worker #1] ML tree search #2, logLikelihood: -831.576152
[00:00:00 -831.576167] SLOW spr round 4 (radius: 20)
[00:00:00 -831.576167] SLOW spr round 5 (radius: 25)
[00:00:00 -831.576167] Model parameter optimization (eps = 0.100000)

[00:00:00] [worker #0] ML tree search #1, logLikelihood: -831.576152

[00:00:00] [worker #7] ML tree search #8, logLikelihood: -831.576152
[00:00:00 -3346.515687] Initial branch length optimization
[00:00:00 -2794.647752] Model parameter optimization (eps = 10.000000)
[00:00:00 -2669.595848] AUTODETECT spr round 1 (radius: 5)
[00:00:00 -876.948896] AUTODETECT spr round 2 (radius: 10)
[00:00:00 -876.948895] SPR radius for FAST iterations: 5 (autodetect)
[00:00:00 -876.948895] Model parameter optimization (eps = 3.000000)
[00:00:00 -866.286954] FAST spr round 1 (radius: 5)
[00:00:00 -831.619611] FAST spr round 2 (radius: 5)
[00:00:00 -831.619611] Model parameter optimization (eps = 1.000000)
[00:00:00 -831.576160] SLOW spr round 1 (radius: 5)
[00:00:00] [worker #2] ML tree search #11, logLikelihood: -831.576149
[00:00:00] [worker #3] ML tree search #12, logLikelihood: -831.576151
[00:00:00] [worker #4] ML tree search #13, logLikelihood: -834.154384
[00:00:00] [worker #6] ML tree search #15, logLikelihood: -831.576150
[00:00:00 -831.576158] SLOW spr round 2 (radius: 10)
[00:00:00] [worker #5] ML tree search #14, logLikelihood: -834.154507
[00:00:00 -831.576158] SLOW spr round 3 (radius: 15)
[00:00:00] [worker #7] ML tree search #16, logLikelihood: -834.154385
[00:00:00] [worker #1] ML tree search #10, logLikelihood: -831.576152
[00:00:00 -831.576158] SLOW spr round 4 (radius: 20)
[00:00:00 -831.576158] SLOW spr round 5 (radius: 25)
[00:00:00 -831.576158] Model parameter optimization (eps = 0.100000)

[00:00:00] [worker #0] ML tree search #9, logLikelihood: -831.576152

[00:00:00 -1784.827903] Initial branch length optimization
[00:00:00 -851.892902] Model parameter optimization (eps = 10.000000)
[00:00:00 -836.287351] AUTODETECT spr round 1 (radius: 5)
[00:00:00 -831.579746] AUTODETECT spr round 2 (radius: 10)
[00:00:00 -831.579746] SPR radius for FAST iterations: 5 (autodetect)
[00:00:00 -831.579746] Model parameter optimization (eps = 3.000000)
[00:00:00 -831.576186] FAST spr round 1 (radius: 5)
[00:00:00] [worker #3] ML tree search #20, logLikelihood: -831.576029
[00:00:00 -831.576186] Model parameter optimization (eps = 1.000000)
[00:00:00 -831.576186] SLOW spr round 1 (radius: 5)
[00:00:00] [worker #2] ML tree search #19, logLikelihood: -831.576026
[00:00:00 -831.576151] SLOW spr round 2 (radius: 10)
[00:00:00] [worker #1] ML tree search #18, logLikelihood: -831.576150
[00:00:00 -831.576151] SLOW spr round 3 (radius: 15)
[00:00:00 -831.576151] SLOW spr round 4 (radius: 20)
[00:00:00 -831.576151] SLOW spr round 5 (radius: 25)
[00:00:00 -831.576151] Model parameter optimization (eps = 0.100000)

[00:00:00] [worker #0] ML tree search #17, logLikelihood: -831.576151


Optimized model parameters:

   Partition 0: noname
   Rate heterogeneity: NONE
   Base frequencies (ML): 0.306989 0.139209 0.343793 0.210009 
   Substitution rates (model): 1.000000 1.000000 1.000000 1.000000 1.000000 1.000000 


Final LogLikelihood: -831.576026

AIC score: 1815.152052 / AICc score: 1948.152052 / BIC score: 2051.203908
Free parameters (model + branch lengths): 76

WARNING: Best ML tree contains 17 near-zero branches!

Best ML tree with collapsed near-zero branches saved to: /home/fili/Documents/KIT/2023/BA/code/output/families/ssim_DL_s20_f100_sites200_GTR_bl1.0_d1.0_l1.0_t0.0_gc0.0_p0.0_pop10_ms0.0_mf0.0_seed14976684177860080345/families/family_038/misc/raxml_output.F81.raxml.bestTreeCollapsed
Best ML tree saved to: /home/fili/Documents/KIT/2023/BA/code/output/families/ssim_DL_s20_f100_sites200_GTR_bl1.0_d1.0_l1.0_t0.0_gc0.0_p0.0_pop10_ms0.0_mf0.0_seed14976684177860080345/families/family_038/misc/raxml_output.F81.raxml.bestTree
All ML trees saved to: /home/fili/Documents/KIT/2023/BA/code/output/families/ssim_DL_s20_f100_sites200_GTR_bl1.0_d1.0_l1.0_t0.0_gc0.0_p0.0_pop10_ms0.0_mf0.0_seed14976684177860080345/families/family_038/misc/raxml_output.F81.raxml.mlTrees
Optimized model saved to: /home/fili/Documents/KIT/2023/BA/code/output/families/ssim_DL_s20_f100_sites200_GTR_bl1.0_d1.0_l1.0_t0.0_gc0.0_p0.0_pop10_ms0.0_mf0.0_seed14976684177860080345/families/family_038/misc/raxml_output.F81.raxml.bestModel

Execution log saved to: /home/fili/Documents/KIT/2023/BA/code/output/families/ssim_DL_s20_f100_sites200_GTR_bl1.0_d1.0_l1.0_t0.0_gc0.0_p0.0_pop10_ms0.0_mf0.0_seed14976684177860080345/families/family_038/misc/raxml_output.F81.raxml.log

Analysis started: 27-Jun-2023 13:43:47 / finished: 27-Jun-2023 13:43:48

Elapsed time: 0.344 seconds

