
RAxML-NG v. 1.1.0 released on 29.11.2021 by The Exelixis Lab.
Developed by: Alexey M. Kozlov and Alexandros Stamatakis.
Contributors: Diego Darriba, Tomas Flouri, Benoit Morel, Sarah Lutteropp, Ben Bettisworth.
Latest version: https://github.com/amkozlov/raxml-ng
Questions/problems/suggestions? Please visit: https://groups.google.com/forum/#!forum/raxml

System: AMD Ryzen 7 5800X 8-Core Processor, 8 cores, 31 GB RAM

RAxML-NG was called at 27-Jun-2023 13:47:24 as follows:

/home/fili/Documents/KIT/2023/BA/resources/tools/RAxML-NG/raxml-ng --msa /home/fili/Documents/KIT/2023/BA/code/output/families/ssim_NE_s20_f100_sites200_GTR_bl1.0_d0.0_l0.0_t0.0_gc0.0_p0.0_pop10_ms0.0_mf0.0_seed121873/families/family_047/alignment.msa --model F81 --prefix /home/fili/Documents/KIT/2023/BA/code/output/families/ssim_NE_s20_f100_sites200_GTR_bl1.0_d0.0_l0.0_t0.0_gc0.0_p0.0_pop10_ms0.0_mf0.0_seed121873/families/family_047/misc/raxml_output.F81

Analysis options:
  run mode: ML tree search
  start tree(s): random (10) + parsimony (10)
  random seed: 1687866444
  tip-inner: OFF
  pattern compression: ON
  per-rate scalers: OFF
  site repeats: ON
  fast spr radius: AUTO
  spr subtree cutoff: 1.000000
  branch lengths: proportional (ML estimate, algorithm: NR-FAST)
  SIMD kernels: AVX2
  parallelization: coarse-grained (auto), PTHREADS (auto)

[00:00:00] Reading alignment from file: /home/fili/Documents/KIT/2023/BA/code/output/families/ssim_NE_s20_f100_sites200_GTR_bl1.0_d0.0_l0.0_t0.0_gc0.0_p0.0_pop10_ms0.0_mf0.0_seed121873/families/family_047/alignment.msa
[00:00:00] Loaded alignment with 20 taxa and 177 sites

Alignment comprises 1 partitions and 121 patterns

Partition 0: noname
Model: F81+FO
Alignment sites / patterns: 177 / 121
Gaps: 0.00 %
Invariant sites: 28.25 %


NOTE: Binary MSA file created: /home/fili/Documents/KIT/2023/BA/code/output/families/ssim_NE_s20_f100_sites200_GTR_bl1.0_d0.0_l0.0_t0.0_gc0.0_p0.0_pop10_ms0.0_mf0.0_seed121873/families/family_047/misc/raxml_output.F81.raxml.rba

Parallelization scheme autoconfig: 8 worker(s) x 1 thread(s)

Parallel reduction/worker buffer size: 1 KB  / 0 KB

[00:00:00] Generating 10 random starting tree(s) with 20 taxa
[00:00:00] Generating 10 parsimony starting tree(s) with 20 taxa
[00:00:00] Data distribution: max. partitions/sites/weight per thread: 1 / 121 / 484
[00:00:00] Data distribution: max. searches per worker: 3

Starting ML tree search with 20 distinct starting trees

[00:00:00 -2761.762216] Initial branch length optimization
[00:00:00 -2526.808843] Model parameter optimization (eps = 10.000000)
[00:00:00 -2419.551696] AUTODETECT spr round 1 (radius: 5)
[00:00:00 -1564.037682] AUTODETECT spr round 2 (radius: 10)
[00:00:00 -1564.037595] SPR radius for FAST iterations: 5 (autodetect)
[00:00:00 -1564.037595] Model parameter optimization (eps = 3.000000)
[00:00:00 -1561.984427] FAST spr round 1 (radius: 5)
[00:00:00 -1517.867666] FAST spr round 2 (radius: 5)
[00:00:00 -1517.653841] FAST spr round 3 (radius: 5)
[00:00:00 -1517.653833] Model parameter optimization (eps = 1.000000)
[00:00:00 -1517.430688] SLOW spr round 1 (radius: 5)
[00:00:00 -1517.430261] SLOW spr round 2 (radius: 10)
[00:00:00] [worker #3] ML tree search #4, logLikelihood: -1517.429540
[00:00:00 -1517.430261] SLOW spr round 3 (radius: 15)
[00:00:00 -1517.430261] SLOW spr round 4 (radius: 20)
[00:00:00 -1517.430261] Model parameter optimization (eps = 0.100000)

[00:00:00] [worker #0] ML tree search #1, logLikelihood: -1517.429545

[00:00:00] [worker #4] ML tree search #5, logLikelihood: -1517.429545
[00:00:00 -2751.081998] Initial branch length optimization
[00:00:00 -2462.070102] Model parameter optimization (eps = 10.000000)
[00:00:00] [worker #6] ML tree search #7, logLikelihood: -1520.326505
[00:00:00] [worker #1] ML tree search #2, logLikelihood: -1520.326509
[00:00:00] [worker #2] ML tree search #3, logLikelihood: -1520.326510
[00:00:00 -2377.658958] AUTODETECT spr round 1 (radius: 5)
[00:00:00] [worker #5] ML tree search #6, logLikelihood: -1517.429542
[00:00:00] [worker #7] ML tree search #8, logLikelihood: -1517.429542
[00:00:00 -1541.849492] AUTODETECT spr round 2 (radius: 10)
[00:00:00 -1541.849262] SPR radius for FAST iterations: 5 (autodetect)
[00:00:00 -1541.849262] Model parameter optimization (eps = 3.000000)
[00:00:00 -1541.472120] FAST spr round 1 (radius: 5)
[00:00:00 -1531.940925] FAST spr round 2 (radius: 5)
[00:00:00 -1517.640659] FAST spr round 3 (radius: 5)
[00:00:00 -1517.460209] FAST spr round 4 (radius: 5)
[00:00:00 -1517.460206] Model parameter optimization (eps = 1.000000)
[00:00:00 -1517.429667] SLOW spr round 1 (radius: 5)
[00:00:00 -1517.429555] SLOW spr round 2 (radius: 10)
[00:00:00] [worker #3] ML tree search #12, logLikelihood: -1517.429542
[00:00:00] [worker #2] ML tree search #11, logLikelihood: -1517.429540
[00:00:00] [worker #7] ML tree search #16, logLikelihood: -1517.429540
[00:00:00] [worker #6] ML tree search #15, logLikelihood: -1517.429545
[00:00:00] [worker #4] ML tree search #13, logLikelihood: -1517.429542
[00:00:00 -1517.429555] SLOW spr round 3 (radius: 15)
[00:00:00 -1517.429555] SLOW spr round 4 (radius: 20)
[00:00:00 -1517.429555] Model parameter optimization (eps = 0.100000)

[00:00:00] [worker #0] ML tree search #9, logLikelihood: -1517.429545

[00:00:00] [worker #1] ML tree search #10, logLikelihood: -1520.326508
[00:00:00 -1794.734083] Initial branch length optimization
[00:00:00 -1572.590611] Model parameter optimization (eps = 10.000000)
[00:00:00 -1524.594776] AUTODETECT spr round 1 (radius: 5)
[00:00:00] [worker #5] ML tree search #14, logLikelihood: -1517.429541
[00:00:00 -1520.214121] AUTODETECT spr round 2 (radius: 10)
[00:00:00 -1520.213502] SPR radius for FAST iterations: 5 (autodetect)
[00:00:00 -1520.213502] Model parameter optimization (eps = 3.000000)
[00:00:00 -1520.195075] FAST spr round 1 (radius: 5)
[00:00:00 -1517.869660] FAST spr round 2 (radius: 5)
[00:00:00 -1517.493875] FAST spr round 3 (radius: 5)
[00:00:00 -1517.493874] Model parameter optimization (eps = 1.000000)
[00:00:00 -1517.429845] SLOW spr round 1 (radius: 5)
[00:00:00] [worker #2] ML tree search #19, logLikelihood: -1517.429540
[00:00:00 -1517.429656] SLOW spr round 2 (radius: 10)
[00:00:00] [worker #3] ML tree search #20, logLikelihood: -1517.429541
[00:00:00] [worker #1] ML tree search #18, logLikelihood: -1517.429544
[00:00:00 -1517.429656] SLOW spr round 3 (radius: 15)
[00:00:00 -1517.429656] SLOW spr round 4 (radius: 20)
[00:00:00 -1517.429656] Model parameter optimization (eps = 0.100000)

[00:00:00] [worker #0] ML tree search #17, logLikelihood: -1517.429542


Optimized model parameters:

   Partition 0: noname
   Rate heterogeneity: NONE
   Base frequencies (ML): 0.317244 0.127702 0.393779 0.161274 
   Substitution rates (model): 1.000000 1.000000 1.000000 1.000000 1.000000 1.000000 


Final LogLikelihood: -1517.429540

AIC score: 3114.859080 / AICc score: 3138.976727 / BIC score: 3241.905070
Free parameters (model + branch lengths): 40

WARNING: Best ML tree contains 1 near-zero branches!

Best ML tree with collapsed near-zero branches saved to: /home/fili/Documents/KIT/2023/BA/code/output/families/ssim_NE_s20_f100_sites200_GTR_bl1.0_d0.0_l0.0_t0.0_gc0.0_p0.0_pop10_ms0.0_mf0.0_seed121873/families/family_047/misc/raxml_output.F81.raxml.bestTreeCollapsed
Best ML tree saved to: /home/fili/Documents/KIT/2023/BA/code/output/families/ssim_NE_s20_f100_sites200_GTR_bl1.0_d0.0_l0.0_t0.0_gc0.0_p0.0_pop10_ms0.0_mf0.0_seed121873/families/family_047/misc/raxml_output.F81.raxml.bestTree
All ML trees saved to: /home/fili/Documents/KIT/2023/BA/code/output/families/ssim_NE_s20_f100_sites200_GTR_bl1.0_d0.0_l0.0_t0.0_gc0.0_p0.0_pop10_ms0.0_mf0.0_seed121873/families/family_047/misc/raxml_output.F81.raxml.mlTrees
Optimized model saved to: /home/fili/Documents/KIT/2023/BA/code/output/families/ssim_NE_s20_f100_sites200_GTR_bl1.0_d0.0_l0.0_t0.0_gc0.0_p0.0_pop10_ms0.0_mf0.0_seed121873/families/family_047/misc/raxml_output.F81.raxml.bestModel

Execution log saved to: /home/fili/Documents/KIT/2023/BA/code/output/families/ssim_NE_s20_f100_sites200_GTR_bl1.0_d0.0_l0.0_t0.0_gc0.0_p0.0_pop10_ms0.0_mf0.0_seed121873/families/family_047/misc/raxml_output.F81.raxml.log

Analysis started: 27-Jun-2023 13:47:24 / finished: 27-Jun-2023 13:47:25

Elapsed time: 0.263 seconds

