
RAxML-NG v. 1.1.0 released on 29.11.2021 by The Exelixis Lab.
Developed by: Alexey M. Kozlov and Alexandros Stamatakis.
Contributors: Diego Darriba, Tomas Flouri, Benoit Morel, Sarah Lutteropp, Ben Bettisworth.
Latest version: https://github.com/amkozlov/raxml-ng
Questions/problems/suggestions? Please visit: https://groups.google.com/forum/#!forum/raxml

System: AMD Ryzen 7 5800X 8-Core Processor, 8 cores, 31 GB RAM

RAxML-NG was called at 27-Jun-2023 12:59:34 as follows:

/home/fili/Documents/KIT/2023/BA/resources/tools/RAxML-NG/raxml-ng --msa /home/fili/Documents/KIT/2023/BA/code/output/families/ssim_DL_s20_f100_sites200_GTR_bl1.0_d1.0_l1.0_t0.0_gc0.0_p0.0_pop10_ms0.0_mf0.0_seed42/families/family_034/alignment.msa --model F81 --prefix /home/fili/Documents/KIT/2023/BA/code/output/families/ssim_DL_s20_f100_sites200_GTR_bl1.0_d1.0_l1.0_t0.0_gc0.0_p0.0_pop10_ms0.0_mf0.0_seed42/families/family_034/misc/raxml_output.F81

Analysis options:
  run mode: ML tree search
  start tree(s): random (10) + parsimony (10)
  random seed: 1687863574
  tip-inner: OFF
  pattern compression: ON
  per-rate scalers: OFF
  site repeats: ON
  fast spr radius: AUTO
  spr subtree cutoff: 1.000000
  branch lengths: proportional (ML estimate, algorithm: NR-FAST)
  SIMD kernels: AVX2
  parallelization: coarse-grained (auto), PTHREADS (auto)

[00:00:00] Reading alignment from file: /home/fili/Documents/KIT/2023/BA/code/output/families/ssim_DL_s20_f100_sites200_GTR_bl1.0_d1.0_l1.0_t0.0_gc0.0_p0.0_pop10_ms0.0_mf0.0_seed42/families/family_034/alignment.msa
[00:00:00] Loaded alignment with 14 taxa and 162 sites

WARNING: Sequences 3_0_0 and 2_0_0 are exactly identical!
WARNING: Sequences 9_4_0 and 13_4_0 are exactly identical!
WARNING: Sequences 18_5_0 and 8_5_0 are exactly identical!
WARNING: Duplicate sequences found: 3

NOTE: Reduced alignment (with duplicates and gap-only sites/taxa removed) 
NOTE: was saved to: /home/fili/Documents/KIT/2023/BA/code/output/families/ssim_DL_s20_f100_sites200_GTR_bl1.0_d1.0_l1.0_t0.0_gc0.0_p0.0_pop10_ms0.0_mf0.0_seed42/families/family_034/misc/raxml_output.F81.raxml.reduced.phy

Alignment comprises 1 partitions and 68 patterns

Partition 0: noname
Model: F81+FO
Alignment sites / patterns: 162 / 68
Gaps: 0.00 %
Invariant sites: 38.89 %


NOTE: Binary MSA file created: /home/fili/Documents/KIT/2023/BA/code/output/families/ssim_DL_s20_f100_sites200_GTR_bl1.0_d1.0_l1.0_t0.0_gc0.0_p0.0_pop10_ms0.0_mf0.0_seed42/families/family_034/misc/raxml_output.F81.raxml.rba

Parallelization scheme autoconfig: 8 worker(s) x 1 thread(s)

Parallel reduction/worker buffer size: 1 KB  / 0 KB

[00:00:00] Generating 10 random starting tree(s) with 14 taxa
[00:00:00] Generating 10 parsimony starting tree(s) with 14 taxa
[00:00:00] Data distribution: max. partitions/sites/weight per thread: 1 / 68 / 272
[00:00:00] Data distribution: max. searches per worker: 3

Starting ML tree search with 20 distinct starting trees

[00:00:00 -1646.502152] Initial branch length optimization
[00:00:00 -1471.467568] Model parameter optimization (eps = 10.000000)
[00:00:00 -1390.296362] AUTODETECT spr round 1 (radius: 5)
[00:00:00 -870.407001] AUTODETECT spr round 2 (radius: 10)
[00:00:00 -870.406899] SPR radius for FAST iterations: 5 (autodetect)
[00:00:00 -870.406899] Model parameter optimization (eps = 3.000000)
[00:00:00 -868.692807] FAST spr round 1 (radius: 5)
[00:00:00 -858.790330] FAST spr round 2 (radius: 5)
[00:00:00 -858.790319] Model parameter optimization (eps = 1.000000)
[00:00:00 -858.752359] SLOW spr round 1 (radius: 5)
[00:00:00] [worker #4] ML tree search #5, logLikelihood: -858.752321
[00:00:00 -858.752346] SLOW spr round 2 (radius: 10)
[00:00:00 -858.752346] Model parameter optimization (eps = 0.100000)
[00:00:00] [worker #1] ML tree search #2, logLikelihood: -858.752321

[00:00:00] [worker #0] ML tree search #1, logLikelihood: -858.752321

[00:00:00] [worker #5] ML tree search #6, logLikelihood: -858.752322
[00:00:00] [worker #3] ML tree search #4, logLikelihood: -858.752321
[00:00:00 -1654.262744] Initial branch length optimization
[00:00:00 -1422.811307] Model parameter optimization (eps = 10.000000)
[00:00:00] [worker #7] ML tree search #8, logLikelihood: -858.752321
[00:00:00] [worker #2] ML tree search #3, logLikelihood: -858.752321
[00:00:00] [worker #6] ML tree search #7, logLikelihood: -858.752322
[00:00:00 -1348.409109] AUTODETECT spr round 1 (radius: 5)
[00:00:00 -865.757891] AUTODETECT spr round 2 (radius: 10)
[00:00:00 -865.757805] SPR radius for FAST iterations: 5 (autodetect)
[00:00:00 -865.757805] Model parameter optimization (eps = 3.000000)
[00:00:00 -864.860059] FAST spr round 1 (radius: 5)
[00:00:00 -858.758167] FAST spr round 2 (radius: 5)
[00:00:00] [worker #4] ML tree search #13, logLikelihood: -858.752321
[00:00:00 -858.758137] Model parameter optimization (eps = 1.000000)
[00:00:00 -858.752326] SLOW spr round 1 (radius: 5)
[00:00:00] [worker #3] ML tree search #12, logLikelihood: -858.752321
[00:00:00] [worker #7] ML tree search #16, logLikelihood: -858.752321
[00:00:00] [worker #2] ML tree search #11, logLikelihood: -858.752321
[00:00:00 -858.752323] SLOW spr round 2 (radius: 10)
[00:00:00] [worker #6] ML tree search #15, logLikelihood: -858.752321
[00:00:00] [worker #5] ML tree search #14, logLikelihood: -858.752321
[00:00:00 -858.752323] Model parameter optimization (eps = 0.100000)

[00:00:00] [worker #0] ML tree search #9, logLikelihood: -858.752321

[00:00:00 -1112.325366] Initial branch length optimization
[00:00:00 -896.045546] Model parameter optimization (eps = 10.000000)
[00:00:00] [worker #1] ML tree search #10, logLikelihood: -858.752321
[00:00:00 -858.950939] AUTODETECT spr round 1 (radius: 5)
[00:00:00 -858.756131] AUTODETECT spr round 2 (radius: 10)
[00:00:00 -858.756100] SPR radius for FAST iterations: 5 (autodetect)
[00:00:00 -858.756100] Model parameter optimization (eps = 3.000000)
[00:00:00 -858.752322] FAST spr round 1 (radius: 5)
[00:00:00 -858.752321] Model parameter optimization (eps = 1.000000)
[00:00:00 -858.752321] SLOW spr round 1 (radius: 5)
[00:00:00] [worker #3] ML tree search #20, logLikelihood: -858.752321
[00:00:00] [worker #2] ML tree search #19, logLikelihood: -858.752321
[00:00:00 -858.752321] SLOW spr round 2 (radius: 10)
[00:00:00 -858.752321] Model parameter optimization (eps = 0.100000)

[00:00:00] [worker #0] ML tree search #17, logLikelihood: -858.752321

[00:00:00] [worker #1] ML tree search #18, logLikelihood: -858.752321

Optimized model parameters:

   Partition 0: noname
   Rate heterogeneity: NONE
   Base frequencies (ML): 0.348904 0.135612 0.384913 0.130571 
   Substitution rates (model): 1.000000 1.000000 1.000000 1.000000 1.000000 1.000000 


Final LogLikelihood: -858.752321

AIC score: 1773.504641 / AICc score: 1785.715167 / BIC score: 1859.957338
Free parameters (model + branch lengths): 28

Best ML tree saved to: /home/fili/Documents/KIT/2023/BA/code/output/families/ssim_DL_s20_f100_sites200_GTR_bl1.0_d1.0_l1.0_t0.0_gc0.0_p0.0_pop10_ms0.0_mf0.0_seed42/families/family_034/misc/raxml_output.F81.raxml.bestTree
All ML trees saved to: /home/fili/Documents/KIT/2023/BA/code/output/families/ssim_DL_s20_f100_sites200_GTR_bl1.0_d1.0_l1.0_t0.0_gc0.0_p0.0_pop10_ms0.0_mf0.0_seed42/families/family_034/misc/raxml_output.F81.raxml.mlTrees
Optimized model saved to: /home/fili/Documents/KIT/2023/BA/code/output/families/ssim_DL_s20_f100_sites200_GTR_bl1.0_d1.0_l1.0_t0.0_gc0.0_p0.0_pop10_ms0.0_mf0.0_seed42/families/family_034/misc/raxml_output.F81.raxml.bestModel

Execution log saved to: /home/fili/Documents/KIT/2023/BA/code/output/families/ssim_DL_s20_f100_sites200_GTR_bl1.0_d1.0_l1.0_t0.0_gc0.0_p0.0_pop10_ms0.0_mf0.0_seed42/families/family_034/misc/raxml_output.F81.raxml.log

Analysis started: 27-Jun-2023 12:59:34 / finished: 27-Jun-2023 12:59:34

Elapsed time: 0.097 seconds

