
RAxML-NG v. 1.1.0 released on 29.11.2021 by The Exelixis Lab.
Developed by: Alexey M. Kozlov and Alexandros Stamatakis.
Contributors: Diego Darriba, Tomas Flouri, Benoit Morel, Sarah Lutteropp, Ben Bettisworth.
Latest version: https://github.com/amkozlov/raxml-ng
Questions/problems/suggestions? Please visit: https://groups.google.com/forum/#!forum/raxml

System: AMD Ryzen 7 5800X 8-Core Processor, 8 cores, 31 GB RAM

RAxML-NG was called at 13-Jun-2023 13:44:04 as follows:

/home/fili/Documents/KIT/2023/BA/resources/tools/RAxML-NG/raxml-ng --msa /home/fili/Documents/KIT/2023/BA/code/output/families/ssim_NE_s20_f100_sites200_GTR_bl1.0_d0.0_l0.0_t0.0_gc0.0_p0.0_pop10_ms0.0_mf0.0_seed42/families/family_045/alignment.msa --model F81 --prefix /home/fili/Documents/KIT/2023/BA/code/output/families/ssim_NE_s20_f100_sites200_GTR_bl1.0_d0.0_l0.0_t0.0_gc0.0_p0.0_pop10_ms0.0_mf0.0_seed42/families/family_045/misc/raxml_output.F81

Analysis options:
  run mode: ML tree search
  start tree(s): random (10) + parsimony (10)
  random seed: 1686656644
  tip-inner: OFF
  pattern compression: ON
  per-rate scalers: OFF
  site repeats: ON
  fast spr radius: AUTO
  spr subtree cutoff: 1.000000
  branch lengths: proportional (ML estimate, algorithm: NR-FAST)
  SIMD kernels: AVX2
  parallelization: coarse-grained (auto), PTHREADS (auto)

[00:00:00] Reading alignment from file: /home/fili/Documents/KIT/2023/BA/code/output/families/ssim_NE_s20_f100_sites200_GTR_bl1.0_d0.0_l0.0_t0.0_gc0.0_p0.0_pop10_ms0.0_mf0.0_seed42/families/family_045/alignment.msa
[00:00:00] Loaded alignment with 20 taxa and 273 sites

WARNING: Sequences 13_0_0 and 9_0_0 are exactly identical!
WARNING: Sequences 12_0_0 and 4_0_0 are exactly identical!
WARNING: Sequences 2_0_0 and 3_0_0 are exactly identical!
WARNING: Duplicate sequences found: 3

NOTE: Reduced alignment (with duplicates and gap-only sites/taxa removed) 
NOTE: was saved to: /home/fili/Documents/KIT/2023/BA/code/output/families/ssim_NE_s20_f100_sites200_GTR_bl1.0_d0.0_l0.0_t0.0_gc0.0_p0.0_pop10_ms0.0_mf0.0_seed42/families/family_045/misc/raxml_output.F81.raxml.reduced.phy

Alignment comprises 1 partitions and 155 patterns

Partition 0: noname
Model: F81+FO
Alignment sites / patterns: 273 / 155
Gaps: 0.00 %
Invariant sites: 34.07 %


NOTE: Binary MSA file created: /home/fili/Documents/KIT/2023/BA/code/output/families/ssim_NE_s20_f100_sites200_GTR_bl1.0_d0.0_l0.0_t0.0_gc0.0_p0.0_pop10_ms0.0_mf0.0_seed42/families/family_045/misc/raxml_output.F81.raxml.rba

Parallelization scheme autoconfig: 8 worker(s) x 1 thread(s)

Parallel reduction/worker buffer size: 1 KB  / 0 KB

[00:00:00] Generating 10 random starting tree(s) with 20 taxa
[00:00:00] Generating 10 parsimony starting tree(s) with 20 taxa
[00:00:00] Data distribution: max. partitions/sites/weight per thread: 1 / 155 / 620
[00:00:00] Data distribution: max. searches per worker: 3

Starting ML tree search with 20 distinct starting trees

[00:00:00 -4167.907517] Initial branch length optimization
[00:00:00 -3775.584894] Model parameter optimization (eps = 10.000000)
[00:00:00 -3732.937103] AUTODETECT spr round 1 (radius: 5)
[00:00:00 -2193.037751] AUTODETECT spr round 2 (radius: 10)
[00:00:00 -2189.073409] AUTODETECT spr round 3 (radius: 15)
[00:00:00 -2189.057307] SPR radius for FAST iterations: 10 (autodetect)
[00:00:00 -2189.057307] Model parameter optimization (eps = 3.000000)
[00:00:00 -2188.561189] FAST spr round 1 (radius: 10)
[00:00:00 -2131.533880] FAST spr round 2 (radius: 10)
[00:00:00 -2106.988085] FAST spr round 3 (radius: 10)
[00:00:00 -2106.988073] Model parameter optimization (eps = 1.000000)
[00:00:00 -2106.444691] SLOW spr round 1 (radius: 5)
[00:00:00 -2106.444447] SLOW spr round 2 (radius: 10)
[00:00:00] [worker #6] ML tree search #7, logLikelihood: -2106.444368
[00:00:00] [worker #4] ML tree search #5, logLikelihood: -2106.389657
[00:00:00] [worker #2] ML tree search #3, logLikelihood: -2106.389656
[00:00:00] [worker #1] ML tree search #2, logLikelihood: -2106.444369
[00:00:00 -2106.444447] SLOW spr round 3 (radius: 15)
[00:00:00 -2106.444447] SLOW spr round 4 (radius: 20)
[00:00:00 -2106.444447] Model parameter optimization (eps = 0.100000)

[00:00:00] [worker #0] ML tree search #1, logLikelihood: -2106.444365

[00:00:00 -4126.944871] Initial branch length optimization
[00:00:00 -3736.305713] Model parameter optimization (eps = 10.000000)
[00:00:00] [worker #7] ML tree search #8, logLikelihood: -2106.444367
[00:00:00 -3682.306913] AUTODETECT spr round 1 (radius: 5)
[00:00:00] [worker #3] ML tree search #4, logLikelihood: -2106.444375
[00:00:00 -2198.568862] AUTODETECT spr round 2 (radius: 10)
[00:00:00 -2198.568472] SPR radius for FAST iterations: 5 (autodetect)
[00:00:00 -2198.568472] Model parameter optimization (eps = 3.000000)
[00:00:00] [worker #5] ML tree search #6, logLikelihood: -2106.444381
[00:00:00 -2197.981015] FAST spr round 1 (radius: 5)
[00:00:00 -2106.640945] FAST spr round 2 (radius: 5)
[00:00:00 -2106.628019] Model parameter optimization (eps = 1.000000)
[00:00:00 -2106.389889] SLOW spr round 1 (radius: 5)
[00:00:00] [worker #6] ML tree search #15, logLikelihood: -2106.389655
[00:00:00] [worker #4] ML tree search #13, logLikelihood: -2106.444366
[00:00:00] [worker #2] ML tree search #11, logLikelihood: -2106.444368
[00:00:00 -2106.389787] SLOW spr round 2 (radius: 10)
[00:00:00] [worker #7] ML tree search #16, logLikelihood: -2106.389654
[00:00:00] [worker #3] ML tree search #12, logLikelihood: -2106.389654
[00:00:00] [worker #1] ML tree search #10, logLikelihood: -2106.444370
[00:00:00 -2106.389787] SLOW spr round 3 (radius: 15)
[00:00:00 -2106.389787] SLOW spr round 4 (radius: 20)
[00:00:00 -2106.389787] Model parameter optimization (eps = 0.100000)

[00:00:00] [worker #0] ML tree search #9, logLikelihood: -2106.389655

[00:00:00] [worker #5] ML tree search #14, logLikelihood: -2106.389654
[00:00:00 -2624.690854] Initial branch length optimization
[00:00:00 -2129.167934] Model parameter optimization (eps = 10.000000)
[00:00:00 -2108.767782] AUTODETECT spr round 1 (radius: 5)
[00:00:00 -2106.490077] AUTODETECT spr round 2 (radius: 10)
[00:00:00 -2106.486899] SPR radius for FAST iterations: 5 (autodetect)
[00:00:00 -2106.486899] Model parameter optimization (eps = 3.000000)
[00:00:00 -2106.444623] FAST spr round 1 (radius: 5)
[00:00:00 -2106.444367] Model parameter optimization (eps = 1.000000)
[00:00:00 -2106.444364] SLOW spr round 1 (radius: 5)
[00:00:00 -2106.444364] SLOW spr round 2 (radius: 10)
[00:00:00] [worker #3] ML tree search #20, logLikelihood: -2106.444366
[00:00:00] [worker #1] ML tree search #18, logLikelihood: -2106.389654
[00:00:00 -2106.444364] SLOW spr round 3 (radius: 15)
[00:00:00 -2106.444364] SLOW spr round 4 (radius: 20)
[00:00:00 -2106.444364] Model parameter optimization (eps = 0.100000)

[00:00:00] [worker #0] ML tree search #17, logLikelihood: -2106.444364

[00:00:00] [worker #2] ML tree search #19, logLikelihood: -2106.389662

Optimized model parameters:

   Partition 0: noname
   Rate heterogeneity: NONE
   Base frequencies (ML): 0.311126 0.185522 0.312021 0.191331 
   Substitution rates (model): 1.000000 1.000000 1.000000 1.000000 1.000000 1.000000 


Final LogLikelihood: -2106.389654

AIC score: 4292.779308 / AICc score: 4306.917239 / BIC score: 4437.158180
Free parameters (model + branch lengths): 40

WARNING: Best ML tree contains 1 near-zero branches!

Best ML tree with collapsed near-zero branches saved to: /home/fili/Documents/KIT/2023/BA/code/output/families/ssim_NE_s20_f100_sites200_GTR_bl1.0_d0.0_l0.0_t0.0_gc0.0_p0.0_pop10_ms0.0_mf0.0_seed42/families/family_045/misc/raxml_output.F81.raxml.bestTreeCollapsed
Best ML tree saved to: /home/fili/Documents/KIT/2023/BA/code/output/families/ssim_NE_s20_f100_sites200_GTR_bl1.0_d0.0_l0.0_t0.0_gc0.0_p0.0_pop10_ms0.0_mf0.0_seed42/families/family_045/misc/raxml_output.F81.raxml.bestTree
All ML trees saved to: /home/fili/Documents/KIT/2023/BA/code/output/families/ssim_NE_s20_f100_sites200_GTR_bl1.0_d0.0_l0.0_t0.0_gc0.0_p0.0_pop10_ms0.0_mf0.0_seed42/families/family_045/misc/raxml_output.F81.raxml.mlTrees
Optimized model saved to: /home/fili/Documents/KIT/2023/BA/code/output/families/ssim_NE_s20_f100_sites200_GTR_bl1.0_d0.0_l0.0_t0.0_gc0.0_p0.0_pop10_ms0.0_mf0.0_seed42/families/family_045/misc/raxml_output.F81.raxml.bestModel

Execution log saved to: /home/fili/Documents/KIT/2023/BA/code/output/families/ssim_NE_s20_f100_sites200_GTR_bl1.0_d0.0_l0.0_t0.0_gc0.0_p0.0_pop10_ms0.0_mf0.0_seed42/families/family_045/misc/raxml_output.F81.raxml.log

Analysis started: 13-Jun-2023 13:44:04 / finished: 13-Jun-2023 13:44:04

Elapsed time: 0.301 seconds

