
RAxML-NG v. 1.1.0 released on 29.11.2021 by The Exelixis Lab.
Developed by: Alexey M. Kozlov and Alexandros Stamatakis.
Contributors: Diego Darriba, Tomas Flouri, Benoit Morel, Sarah Lutteropp, Ben Bettisworth.
Latest version: https://github.com/amkozlov/raxml-ng
Questions/problems/suggestions? Please visit: https://groups.google.com/forum/#!forum/raxml

System: AMD Ryzen 7 5800X 8-Core Processor, 8 cores, 31 GB RAM

RAxML-NG was called at 19-Jun-2023 17:11:07 as follows:

/home/fili/Documents/KIT/2023/BA/resources/tools/RAxML-NG/raxml-ng --msa /home/fili/Documents/KIT/2023/BA/code/output/families/ssim_NE_s20_f100_sites200_GTR_bl1.0_d0.0_l0.0_t0.0_gc0.0_p0.0_pop10_ms0.0_mf0.0_seed42/families/family_042/alignment.msa --model F81 --prefix /home/fili/Documents/KIT/2023/BA/code/output/families/ssim_NE_s20_f100_sites200_GTR_bl1.0_d0.0_l0.0_t0.0_gc0.0_p0.0_pop10_ms0.0_mf0.0_seed42/families/family_042/misc/raxml_output.F81

Analysis options:
  run mode: ML tree search
  start tree(s): random (10) + parsimony (10)
  random seed: 1687187467
  tip-inner: OFF
  pattern compression: ON
  per-rate scalers: OFF
  site repeats: ON
  fast spr radius: AUTO
  spr subtree cutoff: 1.000000
  branch lengths: proportional (ML estimate, algorithm: NR-FAST)
  SIMD kernels: AVX2
  parallelization: coarse-grained (auto), PTHREADS (auto)

[00:00:00] Reading alignment from file: /home/fili/Documents/KIT/2023/BA/code/output/families/ssim_NE_s20_f100_sites200_GTR_bl1.0_d0.0_l0.0_t0.0_gc0.0_p0.0_pop10_ms0.0_mf0.0_seed42/families/family_042/alignment.msa
[00:00:00] Loaded alignment with 20 taxa and 164 sites

WARNING: Sequences 13_0_0 and 9_0_0 are exactly identical!
WARNING: Sequences 10_0_0 and 12_0_0 are exactly identical!
WARNING: Sequences 10_0_0 and 4_0_0 are exactly identical!
WARNING: Duplicate sequences found: 3

NOTE: Reduced alignment (with duplicates and gap-only sites/taxa removed) 
NOTE: was saved to: /home/fili/Documents/KIT/2023/BA/code/output/families/ssim_NE_s20_f100_sites200_GTR_bl1.0_d0.0_l0.0_t0.0_gc0.0_p0.0_pop10_ms0.0_mf0.0_seed42/families/family_042/misc/raxml_output.F81.raxml.reduced.phy

Alignment comprises 1 partitions and 121 patterns

Partition 0: noname
Model: F81+FO
Alignment sites / patterns: 164 / 121
Gaps: 0.00 %
Invariant sites: 21.34 %


NOTE: Binary MSA file created: /home/fili/Documents/KIT/2023/BA/code/output/families/ssim_NE_s20_f100_sites200_GTR_bl1.0_d0.0_l0.0_t0.0_gc0.0_p0.0_pop10_ms0.0_mf0.0_seed42/families/family_042/misc/raxml_output.F81.raxml.rba

Parallelization scheme autoconfig: 8 worker(s) x 1 thread(s)

Parallel reduction/worker buffer size: 1 KB  / 0 KB

[00:00:00] Generating 10 random starting tree(s) with 20 taxa
[00:00:00] Generating 10 parsimony starting tree(s) with 20 taxa
[00:00:00] Data distribution: max. partitions/sites/weight per thread: 1 / 121 / 484
[00:00:00] Data distribution: max. searches per worker: 3

Starting ML tree search with 20 distinct starting trees

[00:00:00 -2684.176247] Initial branch length optimization
[00:00:00 -2365.680231] Model parameter optimization (eps = 10.000000)
[00:00:00 -2320.548390] AUTODETECT spr round 1 (radius: 5)
[00:00:00 -1516.290870] AUTODETECT spr round 2 (radius: 10)
[00:00:00 -1507.754191] AUTODETECT spr round 3 (radius: 15)
[00:00:00 -1507.753982] SPR radius for FAST iterations: 10 (autodetect)
[00:00:00 -1507.753982] Model parameter optimization (eps = 3.000000)
[00:00:00 -1507.149193] FAST spr round 1 (radius: 10)
[00:00:00 -1483.216021] FAST spr round 2 (radius: 10)
[00:00:00 -1482.415714] FAST spr round 3 (radius: 10)
[00:00:00 -1482.050430] FAST spr round 4 (radius: 10)
[00:00:00] [worker #2] ML tree search #3, logLikelihood: -1477.902536
[00:00:00] [worker #3] ML tree search #4, logLikelihood: -1477.902499
[00:00:00 -1482.050426] Model parameter optimization (eps = 1.000000)
[00:00:00 -1481.903912] SLOW spr round 1 (radius: 5)
[00:00:00] [worker #6] ML tree search #7, logLikelihood: -1477.902536
[00:00:00] [worker #1] ML tree search #2, logLikelihood: -1477.902499
[00:00:00] [worker #5] ML tree search #6, logLikelihood: -1477.902499
[00:00:00 -1478.016462] SLOW spr round 2 (radius: 5)
[00:00:00] [worker #7] ML tree search #8, logLikelihood: -1477.902500
[00:00:00 -1478.016418] SLOW spr round 3 (radius: 10)
[00:00:00] [worker #6] ML tree search #15, logLikelihood: -1477.902536
[00:00:00] [worker #2] ML tree search #11, logLikelihood: -1477.902500
[00:00:00] [worker #3] ML tree search #12, logLikelihood: -1477.902536
[00:00:00 -1478.016418] SLOW spr round 4 (radius: 15)
[00:00:00 -1478.016418] SLOW spr round 5 (radius: 20)
[00:00:00 -1478.016418] Model parameter optimization (eps = 0.100000)

[00:00:00] [worker #0] ML tree search #1, logLikelihood: -1477.902503

[00:00:00 -2966.872946] Initial branch length optimization
[00:00:00] [worker #5] ML tree search #14, logLikelihood: -1477.902500
[00:00:00 -2638.410172] Model parameter optimization (eps = 10.000000)
[00:00:00 -2544.695876] AUTODETECT spr round 1 (radius: 5)
[00:00:00] [worker #4] ML tree search #5, logLikelihood: -1477.902500
[00:00:00 -1544.855421] AUTODETECT spr round 2 (radius: 10)
[00:00:00 -1544.854249] SPR radius for FAST iterations: 5 (autodetect)
[00:00:00 -1544.854249] Model parameter optimization (eps = 3.000000)
[00:00:00 -1544.467235] FAST spr round 1 (radius: 5)
[00:00:00] [worker #1] ML tree search #10, logLikelihood: -1477.902500
[00:00:00 -1497.034158] FAST spr round 2 (radius: 5)
[00:00:00 -1478.752502] FAST spr round 3 (radius: 5)
[00:00:00 -1478.143944] FAST spr round 4 (radius: 5)
[00:00:00 -1477.941071] FAST spr round 5 (radius: 5)
[00:00:00 -1477.941054] Model parameter optimization (eps = 1.000000)
[00:00:00 -1477.902513] SLOW spr round 1 (radius: 5)
[00:00:00] [worker #2] ML tree search #19, logLikelihood: -1477.902500
[00:00:00] [worker #7] ML tree search #16, logLikelihood: -1477.902537
[00:00:00] [worker #1] ML tree search #18, logLikelihood: -1477.902500
[00:00:00 -1477.902505] SLOW spr round 2 (radius: 10)
[00:00:00 -1477.902505] SLOW spr round 3 (radius: 15)
[00:00:00 -1477.902505] SLOW spr round 4 (radius: 20)
[00:00:00 -1477.902505] Model parameter optimization (eps = 0.100000)

[00:00:00] [worker #0] ML tree search #9, logLikelihood: -1477.902500

[00:00:00] [worker #3] ML tree search #20, logLikelihood: -1477.902536
[00:00:00 -1766.796874] Initial branch length optimization
[00:00:00 -1512.392829] Model parameter optimization (eps = 10.000000)
[00:00:00 -1478.969958] AUTODETECT spr round 1 (radius: 5)
[00:00:00] [worker #4] ML tree search #13, logLikelihood: -1477.902536
[00:00:00 -1478.966498] SPR radius for FAST iterations: 5 (autodetect)
[00:00:00 -1478.966498] Model parameter optimization (eps = 3.000000)
[00:00:00 -1478.966305] FAST spr round 1 (radius: 5)
[00:00:00 -1477.905897] FAST spr round 2 (radius: 5)
[00:00:00 -1477.905883] Model parameter optimization (eps = 1.000000)
[00:00:00 -1477.902501] SLOW spr round 1 (radius: 5)
[00:00:00 -1477.902499] SLOW spr round 2 (radius: 10)
[00:00:00 -1477.902499] SLOW spr round 3 (radius: 15)
[00:00:00 -1477.902499] SLOW spr round 4 (radius: 20)
[00:00:00 -1477.902499] Model parameter optimization (eps = 0.100000)

[00:00:00] [worker #0] ML tree search #17, logLikelihood: -1477.902499


Optimized model parameters:

   Partition 0: noname
   Rate heterogeneity: NONE
   Base frequencies (ML): 0.359614 0.161138 0.325566 0.153681 
   Substitution rates (model): 1.000000 1.000000 1.000000 1.000000 1.000000 1.000000 


Final LogLikelihood: -1477.902499

AIC score: 3035.804998 / AICc score: 3062.471665 / BIC score: 3159.799655
Free parameters (model + branch lengths): 40

WARNING: Best ML tree contains 2 near-zero branches!

Best ML tree with collapsed near-zero branches saved to: /home/fili/Documents/KIT/2023/BA/code/output/families/ssim_NE_s20_f100_sites200_GTR_bl1.0_d0.0_l0.0_t0.0_gc0.0_p0.0_pop10_ms0.0_mf0.0_seed42/families/family_042/misc/raxml_output.F81.raxml.bestTreeCollapsed
Best ML tree saved to: /home/fili/Documents/KIT/2023/BA/code/output/families/ssim_NE_s20_f100_sites200_GTR_bl1.0_d0.0_l0.0_t0.0_gc0.0_p0.0_pop10_ms0.0_mf0.0_seed42/families/family_042/misc/raxml_output.F81.raxml.bestTree
All ML trees saved to: /home/fili/Documents/KIT/2023/BA/code/output/families/ssim_NE_s20_f100_sites200_GTR_bl1.0_d0.0_l0.0_t0.0_gc0.0_p0.0_pop10_ms0.0_mf0.0_seed42/families/family_042/misc/raxml_output.F81.raxml.mlTrees
Optimized model saved to: /home/fili/Documents/KIT/2023/BA/code/output/families/ssim_NE_s20_f100_sites200_GTR_bl1.0_d0.0_l0.0_t0.0_gc0.0_p0.0_pop10_ms0.0_mf0.0_seed42/families/family_042/misc/raxml_output.F81.raxml.bestModel

Execution log saved to: /home/fili/Documents/KIT/2023/BA/code/output/families/ssim_NE_s20_f100_sites200_GTR_bl1.0_d0.0_l0.0_t0.0_gc0.0_p0.0_pop10_ms0.0_mf0.0_seed42/families/family_042/misc/raxml_output.F81.raxml.log

Analysis started: 19-Jun-2023 17:11:07 / finished: 19-Jun-2023 17:11:07

Elapsed time: 0.330 seconds

