
RAxML-NG v. 1.1.0 released on 29.11.2021 by The Exelixis Lab.
Developed by: Alexey M. Kozlov and Alexandros Stamatakis.
Contributors: Diego Darriba, Tomas Flouri, Benoit Morel, Sarah Lutteropp, Ben Bettisworth.
Latest version: https://github.com/amkozlov/raxml-ng
Questions/problems/suggestions? Please visit: https://groups.google.com/forum/#!forum/raxml

System: AMD Ryzen 7 5800X 8-Core Processor, 8 cores, 31 GB RAM

RAxML-NG was called at 27-Jun-2023 12:59:30 as follows:

/home/fili/Documents/KIT/2023/BA/resources/tools/RAxML-NG/raxml-ng --msa /home/fili/Documents/KIT/2023/BA/code/output/families/ssim_DL_s20_f100_sites200_GTR_bl1.0_d1.0_l1.0_t0.0_gc0.0_p0.0_pop10_ms0.0_mf0.0_seed42/families/family_004/alignment.msa --model F81 --prefix /home/fili/Documents/KIT/2023/BA/code/output/families/ssim_DL_s20_f100_sites200_GTR_bl1.0_d1.0_l1.0_t0.0_gc0.0_p0.0_pop10_ms0.0_mf0.0_seed42/families/family_004/misc/raxml_output.F81

Analysis options:
  run mode: ML tree search
  start tree(s): random (10) + parsimony (10)
  random seed: 1687863570
  tip-inner: OFF
  pattern compression: ON
  per-rate scalers: OFF
  site repeats: ON
  fast spr radius: AUTO
  spr subtree cutoff: 1.000000
  branch lengths: proportional (ML estimate, algorithm: NR-FAST)
  SIMD kernels: AVX2
  parallelization: coarse-grained (auto), PTHREADS (auto)

[00:00:00] Reading alignment from file: /home/fili/Documents/KIT/2023/BA/code/output/families/ssim_DL_s20_f100_sites200_GTR_bl1.0_d1.0_l1.0_t0.0_gc0.0_p0.0_pop10_ms0.0_mf0.0_seed42/families/family_004/alignment.msa
[00:00:00] Loaded alignment with 13 taxa and 262 sites

Alignment comprises 1 partitions and 63 patterns

Partition 0: noname
Model: F81+FO
Alignment sites / patterns: 262 / 63
Gaps: 0.00 %
Invariant sites: 60.69 %


NOTE: Binary MSA file created: /home/fili/Documents/KIT/2023/BA/code/output/families/ssim_DL_s20_f100_sites200_GTR_bl1.0_d1.0_l1.0_t0.0_gc0.0_p0.0_pop10_ms0.0_mf0.0_seed42/families/family_004/misc/raxml_output.F81.raxml.rba

Parallelization scheme autoconfig: 8 worker(s) x 1 thread(s)

Parallel reduction/worker buffer size: 1 KB  / 0 KB

[00:00:00] Generating 10 random starting tree(s) with 13 taxa
[00:00:00] Generating 10 parsimony starting tree(s) with 13 taxa
[00:00:00] Data distribution: max. partitions/sites/weight per thread: 1 / 63 / 252
[00:00:00] Data distribution: max. searches per worker: 3

Starting ML tree search with 20 distinct starting trees

[00:00:00 -1905.096533] Initial branch length optimization
[00:00:00 -1589.532620] Model parameter optimization (eps = 10.000000)
[00:00:00 -1581.764271] AUTODETECT spr round 1 (radius: 5)
[00:00:00 -1011.133431] AUTODETECT spr round 2 (radius: 10)
[00:00:00 -1011.120251] SPR radius for FAST iterations: 5 (autodetect)
[00:00:00 -1011.120251] Model parameter optimization (eps = 3.000000)
[00:00:00 -1010.365457] FAST spr round 1 (radius: 5)
[00:00:00 -993.059334] FAST spr round 2 (radius: 5)
[00:00:00 -993.059329] Model parameter optimization (eps = 1.000000)
[00:00:00 -993.041339] SLOW spr round 1 (radius: 5)
[00:00:00] [worker #7] ML tree search #8, logLikelihood: -993.041339
[00:00:00] [worker #2] ML tree search #3, logLikelihood: -993.041338
[00:00:00] [worker #5] ML tree search #6, logLikelihood: -993.041338
[00:00:00 -993.041339] SLOW spr round 2 (radius: 10)
[00:00:00] [worker #6] ML tree search #7, logLikelihood: -993.041338
[00:00:00 -993.041339] Model parameter optimization (eps = 0.100000)

[00:00:00] [worker #0] ML tree search #1, logLikelihood: -993.041338

[00:00:00] [worker #1] ML tree search #2, logLikelihood: -993.041338
[00:00:00 -2065.863287] Initial branch length optimization
[00:00:00] [worker #4] ML tree search #5, logLikelihood: -993.041338
[00:00:00 -1814.833300] Model parameter optimization (eps = 10.000000)
[00:00:00] [worker #3] ML tree search #4, logLikelihood: -993.041338
[00:00:00 -1804.068303] AUTODETECT spr round 1 (radius: 5)
[00:00:00 -1034.897656] AUTODETECT spr round 2 (radius: 10)
[00:00:00 -1034.897652] SPR radius for FAST iterations: 5 (autodetect)
[00:00:00 -1034.897652] Model parameter optimization (eps = 3.000000)
[00:00:00 -1032.841776] FAST spr round 1 (radius: 5)
[00:00:00 -1032.841759] Model parameter optimization (eps = 1.000000)
[00:00:00 -1032.841741] SLOW spr round 1 (radius: 5)
[00:00:00] [worker #7] ML tree search #16, logLikelihood: -993.041338
[00:00:00] [worker #6] ML tree search #15, logLikelihood: -993.041338
[00:00:00] [worker #2] ML tree search #11, logLikelihood: -993.041338
[00:00:00] [worker #1] ML tree search #10, logLikelihood: -993.041338
[00:00:00 -993.144234] SLOW spr round 2 (radius: 5)
[00:00:00] [worker #5] ML tree search #14, logLikelihood: -993.041338
[00:00:00 -993.144234] SLOW spr round 3 (radius: 10)
[00:00:00 -993.144234] Model parameter optimization (eps = 0.100000)

[00:00:00] [worker #0] ML tree search #9, logLikelihood: -993.041338

[00:00:00] [worker #3] ML tree search #12, logLikelihood: -993.041338
[00:00:00 -1380.753460] Initial branch length optimization
[00:00:00 -999.368310] Model parameter optimization (eps = 10.000000)
[00:00:00 -994.970852] AUTODETECT spr round 1 (radius: 5)
[00:00:00 -993.168986] AUTODETECT spr round 2 (radius: 10)
[00:00:00] [worker #4] ML tree search #13, logLikelihood: -993.041338
[00:00:00 -993.168982] SPR radius for FAST iterations: 5 (autodetect)
[00:00:00 -993.168982] Model parameter optimization (eps = 3.000000)
[00:00:00 -993.167052] FAST spr round 1 (radius: 5)
[00:00:00] [worker #2] ML tree search #19, logLikelihood: -993.041338
[00:00:00 -993.045648] FAST spr round 2 (radius: 5)
[00:00:00] [worker #1] ML tree search #18, logLikelihood: -993.041338
[00:00:00 -993.045645] Model parameter optimization (eps = 1.000000)
[00:00:00 -993.041338] SLOW spr round 1 (radius: 5)
[00:00:00 -993.041338] SLOW spr round 2 (radius: 10)
[00:00:00 -993.041338] Model parameter optimization (eps = 0.100000)

[00:00:00] [worker #0] ML tree search #17, logLikelihood: -993.041338

[00:00:00] [worker #3] ML tree search #20, logLikelihood: -993.041338

Optimized model parameters:

   Partition 0: noname
   Rate heterogeneity: NONE
   Base frequencies (ML): 0.297222 0.262080 0.244366 0.196332 
   Substitution rates (model): 1.000000 1.000000 1.000000 1.000000 1.000000 1.000000 


Final LogLikelihood: -993.041338

AIC score: 2038.082675 / AICc score: 2044.057143 / BIC score: 2130.859632
Free parameters (model + branch lengths): 26

Best ML tree saved to: /home/fili/Documents/KIT/2023/BA/code/output/families/ssim_DL_s20_f100_sites200_GTR_bl1.0_d1.0_l1.0_t0.0_gc0.0_p0.0_pop10_ms0.0_mf0.0_seed42/families/family_004/misc/raxml_output.F81.raxml.bestTree
All ML trees saved to: /home/fili/Documents/KIT/2023/BA/code/output/families/ssim_DL_s20_f100_sites200_GTR_bl1.0_d1.0_l1.0_t0.0_gc0.0_p0.0_pop10_ms0.0_mf0.0_seed42/families/family_004/misc/raxml_output.F81.raxml.mlTrees
Optimized model saved to: /home/fili/Documents/KIT/2023/BA/code/output/families/ssim_DL_s20_f100_sites200_GTR_bl1.0_d1.0_l1.0_t0.0_gc0.0_p0.0_pop10_ms0.0_mf0.0_seed42/families/family_004/misc/raxml_output.F81.raxml.bestModel

Execution log saved to: /home/fili/Documents/KIT/2023/BA/code/output/families/ssim_DL_s20_f100_sites200_GTR_bl1.0_d1.0_l1.0_t0.0_gc0.0_p0.0_pop10_ms0.0_mf0.0_seed42/families/family_004/misc/raxml_output.F81.raxml.log

Analysis started: 27-Jun-2023 12:59:30 / finished: 27-Jun-2023 12:59:30

Elapsed time: 0.095 seconds

