
RAxML-NG v. 1.1.0 released on 29.11.2021 by The Exelixis Lab.
Developed by: Alexey M. Kozlov and Alexandros Stamatakis.
Contributors: Diego Darriba, Tomas Flouri, Benoit Morel, Sarah Lutteropp, Ben Bettisworth.
Latest version: https://github.com/amkozlov/raxml-ng
Questions/problems/suggestions? Please visit: https://groups.google.com/forum/#!forum/raxml

System: AMD Ryzen 7 5800X 8-Core Processor, 8 cores, 31 GB RAM

RAxML-NG was called at 27-Jun-2023 13:51:57 as follows:

/home/fili/Documents/KIT/2023/BA/resources/tools/RAxML-NG/raxml-ng --msa /home/fili/Documents/KIT/2023/BA/code/output/families/ssim_NE_s20_f100_sites200_GTR_bl1.0_d0.0_l0.0_t0.0_gc0.0_p0.0_pop10_ms0.0_mf0.0_seed14976684177860080345/families/family_008/alignment.msa --model F81 --prefix /home/fili/Documents/KIT/2023/BA/code/output/families/ssim_NE_s20_f100_sites200_GTR_bl1.0_d0.0_l0.0_t0.0_gc0.0_p0.0_pop10_ms0.0_mf0.0_seed14976684177860080345/families/family_008/misc/raxml_output.F81

Analysis options:
  run mode: ML tree search
  start tree(s): random (10) + parsimony (10)
  random seed: 1687866717
  tip-inner: OFF
  pattern compression: ON
  per-rate scalers: OFF
  site repeats: ON
  fast spr radius: AUTO
  spr subtree cutoff: 1.000000
  branch lengths: proportional (ML estimate, algorithm: NR-FAST)
  SIMD kernels: AVX2
  parallelization: coarse-grained (auto), PTHREADS (auto)

[00:00:00] Reading alignment from file: /home/fili/Documents/KIT/2023/BA/code/output/families/ssim_NE_s20_f100_sites200_GTR_bl1.0_d0.0_l0.0_t0.0_gc0.0_p0.0_pop10_ms0.0_mf0.0_seed14976684177860080345/families/family_008/alignment.msa
[00:00:00] Loaded alignment with 20 taxa and 189 sites

WARNING: Sequences 2_0_0 and 14_0_0 are exactly identical!
WARNING: Sequences 18_0_0 and 17_0_0 are exactly identical!
WARNING: Sequences 18_0_0 and 19_0_0 are exactly identical!
WARNING: Duplicate sequences found: 3

NOTE: Reduced alignment (with duplicates and gap-only sites/taxa removed) 
NOTE: was saved to: /home/fili/Documents/KIT/2023/BA/code/output/families/ssim_NE_s20_f100_sites200_GTR_bl1.0_d0.0_l0.0_t0.0_gc0.0_p0.0_pop10_ms0.0_mf0.0_seed14976684177860080345/families/family_008/misc/raxml_output.F81.raxml.reduced.phy

Alignment comprises 1 partitions and 85 patterns

Partition 0: noname
Model: F81+FO
Alignment sites / patterns: 189 / 85
Gaps: 0.00 %
Invariant sites: 44.44 %


NOTE: Binary MSA file created: /home/fili/Documents/KIT/2023/BA/code/output/families/ssim_NE_s20_f100_sites200_GTR_bl1.0_d0.0_l0.0_t0.0_gc0.0_p0.0_pop10_ms0.0_mf0.0_seed14976684177860080345/families/family_008/misc/raxml_output.F81.raxml.rba

Parallelization scheme autoconfig: 8 worker(s) x 1 thread(s)

Parallel reduction/worker buffer size: 1 KB  / 0 KB

[00:00:00] Generating 10 random starting tree(s) with 20 taxa
[00:00:00] Generating 10 parsimony starting tree(s) with 20 taxa
[00:00:00] Data distribution: max. partitions/sites/weight per thread: 1 / 85 / 340
[00:00:00] Data distribution: max. searches per worker: 3

Starting ML tree search with 20 distinct starting trees

[00:00:00 -2638.095069] Initial branch length optimization
[00:00:00 -2139.855508] Model parameter optimization (eps = 10.000000)
[00:00:00 -2129.920456] AUTODETECT spr round 1 (radius: 5)
[00:00:00 -1089.696465] AUTODETECT spr round 2 (radius: 10)
[00:00:00 -1089.696450] SPR radius for FAST iterations: 5 (autodetect)
[00:00:00 -1089.696450] Model parameter optimization (eps = 3.000000)
[00:00:00 -1089.418947] FAST spr round 1 (radius: 5)
[00:00:00 -1039.904147] FAST spr round 2 (radius: 5)
[00:00:00 -1037.828116] FAST spr round 3 (radius: 5)
[00:00:00 -1037.828116] Model parameter optimization (eps = 1.000000)
[00:00:00 -1037.724682] SLOW spr round 1 (radius: 5)
[00:00:00 -1037.724681] SLOW spr round 2 (radius: 10)
[00:00:00] [worker #2] ML tree search #3, logLikelihood: -1037.724677
[00:00:00 -1037.724681] SLOW spr round 3 (radius: 15)
[00:00:00] [worker #3] ML tree search #4, logLikelihood: -1037.724677
[00:00:00] [worker #5] ML tree search #6, logLikelihood: -1037.724679
[00:00:00 -1037.724681] SLOW spr round 4 (radius: 20)
[00:00:00 -1037.724681] Model parameter optimization (eps = 0.100000)

[00:00:00] [worker #0] ML tree search #1, logLikelihood: -1037.724679

[00:00:00 -2704.977636] Initial branch length optimization
[00:00:00 -2254.610535] Model parameter optimization (eps = 10.000000)
[00:00:00] [worker #6] ML tree search #7, logLikelihood: -1037.724677
[00:00:00 -2244.342173] AUTODETECT spr round 1 (radius: 5)
[00:00:00] [worker #4] ML tree search #5, logLikelihood: -1037.724678
[00:00:00] [worker #1] ML tree search #2, logLikelihood: -1037.724678
[00:00:00] [worker #7] ML tree search #8, logLikelihood: -1037.724678
[00:00:00 -1138.558094] AUTODETECT spr round 2 (radius: 10)
[00:00:00 -1090.740646] AUTODETECT spr round 3 (radius: 15)
[00:00:00 -1090.740641] SPR radius for FAST iterations: 10 (autodetect)
[00:00:00 -1090.740641] Model parameter optimization (eps = 3.000000)
[00:00:00 -1090.586714] FAST spr round 1 (radius: 10)
[00:00:00 -1048.827086] FAST spr round 2 (radius: 10)
[00:00:00 -1037.789639] FAST spr round 3 (radius: 10)
[00:00:00 -1037.789622] Model parameter optimization (eps = 1.000000)
[00:00:00 -1037.724687] SLOW spr round 1 (radius: 5)
[00:00:00] [worker #3] ML tree search #12, logLikelihood: -1037.724678
[00:00:00] [worker #5] ML tree search #14, logLikelihood: -1037.724678
[00:00:00 -1037.724680] SLOW spr round 2 (radius: 10)
[00:00:00] [worker #7] ML tree search #16, logLikelihood: -1037.724678
[00:00:00 -1037.724680] SLOW spr round 3 (radius: 15)
[00:00:00] [worker #4] ML tree search #13, logLikelihood: -1037.724678
[00:00:00] [worker #2] ML tree search #11, logLikelihood: -1037.724678
[00:00:00 -1037.724680] SLOW spr round 4 (radius: 20)
[00:00:00 -1037.724680] Model parameter optimization (eps = 0.100000)

[00:00:00] [worker #0] ML tree search #9, logLikelihood: -1037.724677

[00:00:00] [worker #1] ML tree search #10, logLikelihood: -1037.724678
[00:00:00 -1490.297959] Initial branch length optimization
[00:00:00 -1047.394667] Model parameter optimization (eps = 10.000000)
[00:00:00 -1044.350903] AUTODETECT spr round 1 (radius: 5)
[00:00:00 -1037.879652] AUTODETECT spr round 2 (radius: 10)
[00:00:00] [worker #6] ML tree search #15, logLikelihood: -1037.724677
[00:00:00 -1037.878834] SPR radius for FAST iterations: 5 (autodetect)
[00:00:00 -1037.878834] Model parameter optimization (eps = 3.000000)
[00:00:00 -1037.724727] FAST spr round 1 (radius: 5)
[00:00:00 -1037.724721] Model parameter optimization (eps = 1.000000)
[00:00:00 -1037.724719] SLOW spr round 1 (radius: 5)
[00:00:00] [worker #3] ML tree search #20, logLikelihood: -1037.724678
[00:00:00 -1037.724679] SLOW spr round 2 (radius: 10)
[00:00:00 -1037.724679] SLOW spr round 3 (radius: 15)
[00:00:00] [worker #1] ML tree search #18, logLikelihood: -1037.724678
[00:00:00 -1037.724679] SLOW spr round 4 (radius: 20)
[00:00:00 -1037.724679] Model parameter optimization (eps = 0.100000)

[00:00:00] [worker #0] ML tree search #17, logLikelihood: -1037.724678

[00:00:00] [worker #2] ML tree search #19, logLikelihood: -1037.724678

Optimized model parameters:

   Partition 0: noname
   Rate heterogeneity: NONE
   Base frequencies (ML): 0.250371 0.199974 0.299086 0.250569 
   Substitution rates (model): 1.000000 1.000000 1.000000 1.000000 1.000000 1.000000 


Final LogLikelihood: -1037.724677

AIC score: 2155.449354 / AICc score: 2177.611516 / BIC score: 2285.119235
Free parameters (model + branch lengths): 40

WARNING: Best ML tree contains 6 near-zero branches!

Best ML tree with collapsed near-zero branches saved to: /home/fili/Documents/KIT/2023/BA/code/output/families/ssim_NE_s20_f100_sites200_GTR_bl1.0_d0.0_l0.0_t0.0_gc0.0_p0.0_pop10_ms0.0_mf0.0_seed14976684177860080345/families/family_008/misc/raxml_output.F81.raxml.bestTreeCollapsed
Best ML tree saved to: /home/fili/Documents/KIT/2023/BA/code/output/families/ssim_NE_s20_f100_sites200_GTR_bl1.0_d0.0_l0.0_t0.0_gc0.0_p0.0_pop10_ms0.0_mf0.0_seed14976684177860080345/families/family_008/misc/raxml_output.F81.raxml.bestTree
All ML trees saved to: /home/fili/Documents/KIT/2023/BA/code/output/families/ssim_NE_s20_f100_sites200_GTR_bl1.0_d0.0_l0.0_t0.0_gc0.0_p0.0_pop10_ms0.0_mf0.0_seed14976684177860080345/families/family_008/misc/raxml_output.F81.raxml.mlTrees
Optimized model saved to: /home/fili/Documents/KIT/2023/BA/code/output/families/ssim_NE_s20_f100_sites200_GTR_bl1.0_d0.0_l0.0_t0.0_gc0.0_p0.0_pop10_ms0.0_mf0.0_seed14976684177860080345/families/family_008/misc/raxml_output.F81.raxml.bestModel

Execution log saved to: /home/fili/Documents/KIT/2023/BA/code/output/families/ssim_NE_s20_f100_sites200_GTR_bl1.0_d0.0_l0.0_t0.0_gc0.0_p0.0_pop10_ms0.0_mf0.0_seed14976684177860080345/families/family_008/misc/raxml_output.F81.raxml.log

Analysis started: 27-Jun-2023 13:51:57 / finished: 27-Jun-2023 13:51:57

Elapsed time: 0.187 seconds

