
RAxML-NG v. 1.1.0 released on 29.11.2021 by The Exelixis Lab.
Developed by: Alexey M. Kozlov and Alexandros Stamatakis.
Contributors: Diego Darriba, Tomas Flouri, Benoit Morel, Sarah Lutteropp, Ben Bettisworth.
Latest version: https://github.com/amkozlov/raxml-ng
Questions/problems/suggestions? Please visit: https://groups.google.com/forum/#!forum/raxml

System: AMD Ryzen 7 5800X 8-Core Processor, 8 cores, 31 GB RAM

RAxML-NG was called at 12-May-2023 21:00:20 as follows:

/home/fili/Documents/KIT/2023/BA/resources/tools/RAxML-NG/raxml-ng --msa /home/fili/Documents/KIT/2023/BA/code/output/families/ssim_dtl_s20_f100_sites200_GTR_bl1.0_d0.0_l0.0_t1.0_gc0.0_p0.0_pop10_ms0.0_mf0.0_seed42/families/family_072/alignment.msa --model GTR+G --prefix /home/fili/Documents/KIT/2023/BA/code/output/families/ssim_dtl_s20_f100_sites200_GTR_bl1.0_d0.0_l0.0_t1.0_gc0.0_p0.0_pop10_ms0.0_mf0.0_seed42/families/family_072/misc/raxml_output.GTR+G

Analysis options:
  run mode: ML tree search
  start tree(s): random (10) + parsimony (10)
  random seed: 1683918020
  tip-inner: OFF
  pattern compression: ON
  per-rate scalers: OFF
  site repeats: ON
  fast spr radius: AUTO
  spr subtree cutoff: 1.000000
  branch lengths: proportional (ML estimate, algorithm: NR-FAST)
  SIMD kernels: AVX2
  parallelization: coarse-grained (auto), PTHREADS (auto)

[00:00:00] Reading alignment from file: /home/fili/Documents/KIT/2023/BA/code/output/families/ssim_dtl_s20_f100_sites200_GTR_bl1.0_d0.0_l0.0_t1.0_gc0.0_p0.0_pop10_ms0.0_mf0.0_seed42/families/family_072/alignment.msa
[00:00:00] Loaded alignment with 20 taxa and 175 sites

WARNING: Sequences 12_0_0 and 4_0_0 are exactly identical!
WARNING: Sequences 9_0_0 and 13_0_0 are exactly identical!
WARNING: Duplicate sequences found: 2

NOTE: Reduced alignment (with duplicates and gap-only sites/taxa removed) 
NOTE: was saved to: /home/fili/Documents/KIT/2023/BA/code/output/families/ssim_dtl_s20_f100_sites200_GTR_bl1.0_d0.0_l0.0_t1.0_gc0.0_p0.0_pop10_ms0.0_mf0.0_seed42/families/family_072/misc/raxml_output.GTR+G.raxml.reduced.phy

Alignment comprises 1 partitions and 70 patterns

Partition 0: noname
Model: GTR+FO+G4m
Alignment sites / patterns: 175 / 70
Gaps: 0.00 %
Invariant sites: 58.29 %


NOTE: Binary MSA file created: /home/fili/Documents/KIT/2023/BA/code/output/families/ssim_dtl_s20_f100_sites200_GTR_bl1.0_d0.0_l0.0_t1.0_gc0.0_p0.0_pop10_ms0.0_mf0.0_seed42/families/family_072/misc/raxml_output.GTR+G.raxml.rba

Parallelization scheme autoconfig: 8 worker(s) x 1 thread(s)

Parallel reduction/worker buffer size: 1 KB  / 0 KB

[00:00:00] Generating 10 random starting tree(s) with 20 taxa
[00:00:00] Generating 10 parsimony starting tree(s) with 20 taxa
[00:00:00] Data distribution: max. partitions/sites/weight per thread: 1 / 70 / 1120
[00:00:00] Data distribution: max. searches per worker: 3

Starting ML tree search with 20 distinct starting trees

[00:00:00 -1766.177982] Initial branch length optimization
[00:00:00 -1630.373677] Model parameter optimization (eps = 10.000000)
[00:00:00 -1344.121172] AUTODETECT spr round 1 (radius: 5)
[00:00:00 -888.715000] AUTODETECT spr round 2 (radius: 10)
[00:00:00 -888.700764] SPR radius for FAST iterations: 5 (autodetect)
[00:00:00 -888.700764] Model parameter optimization (eps = 3.000000)
[00:00:00 -876.092970] FAST spr round 1 (radius: 5)
[00:00:00 -868.910528] FAST spr round 2 (radius: 5)
[00:00:00 -868.897875] Model parameter optimization (eps = 1.000000)
[00:00:00 -867.381588] SLOW spr round 1 (radius: 5)
[00:00:00] [worker #4] ML tree search #5, logLikelihood: -867.419986
[00:00:00 -867.380825] SLOW spr round 2 (radius: 10)
[00:00:00] [worker #7] ML tree search #8, logLikelihood: -867.391744
[00:00:00] [worker #6] ML tree search #7, logLikelihood: -867.378325
[00:00:00] [worker #3] ML tree search #4, logLikelihood: -867.374844
[00:00:00 -867.380732] SLOW spr round 3 (radius: 15)
[00:00:00] [worker #2] ML tree search #3, logLikelihood: -867.380331
[00:00:00 -867.380661] SLOW spr round 4 (radius: 20)
[00:00:00 -867.380589] Model parameter optimization (eps = 0.100000)
[00:00:00] [worker #1] ML tree search #2, logLikelihood: -867.380795

[00:00:00] [worker #0] ML tree search #1, logLikelihood: -867.376518

[00:00:00 -1747.782896] Initial branch length optimization
[00:00:00 -1579.347952] Model parameter optimization (eps = 10.000000)
[00:00:00] [worker #5] ML tree search #6, logLikelihood: -867.382545
[00:00:00 -1325.811913] AUTODETECT spr round 1 (radius: 5)
[00:00:00 -903.435525] AUTODETECT spr round 2 (radius: 10)
[00:00:00 -903.428229] SPR radius for FAST iterations: 5 (autodetect)
[00:00:00 -903.428229] Model parameter optimization (eps = 3.000000)
[00:00:00 -895.411161] FAST spr round 1 (radius: 5)
[00:00:00 -868.569843] FAST spr round 2 (radius: 5)
[00:00:00 -868.272510] FAST spr round 3 (radius: 5)
[00:00:00] [worker #4] ML tree search #13, logLikelihood: -867.412015
[00:00:00 -868.263079] Model parameter optimization (eps = 1.000000)
[00:00:00 -867.419970] SLOW spr round 1 (radius: 5)
[00:00:00] [worker #7] ML tree search #16, logLikelihood: -867.429552
[00:00:00] [worker #6] ML tree search #15, logLikelihood: -867.415790
[00:00:00] [worker #3] ML tree search #12, logLikelihood: -867.412597
[00:00:00] [worker #2] ML tree search #11, logLikelihood: -867.416778
[00:00:00] [worker #5] ML tree search #14, logLikelihood: -867.414617
[00:00:00 -867.418699] SLOW spr round 2 (radius: 10)
[00:00:00] [worker #1] ML tree search #10, logLikelihood: -867.387428
[00:00:00 -867.418679] SLOW spr round 3 (radius: 15)
[00:00:00 -867.418667] SLOW spr round 4 (radius: 20)
[00:00:00 -867.418654] Model parameter optimization (eps = 0.100000)

[00:00:00] [worker #0] ML tree search #9, logLikelihood: -867.378761

[00:00:00 -1170.810988] Initial branch length optimization
[00:00:00 -992.407019] Model parameter optimization (eps = 10.000000)
[00:00:00 -883.286003] AUTODETECT spr round 1 (radius: 5)
[00:00:00 -871.384387] AUTODETECT spr round 2 (radius: 10)
[00:00:00 -871.381161] SPR radius for FAST iterations: 5 (autodetect)
[00:00:00 -871.381161] Model parameter optimization (eps = 3.000000)
[00:00:00 -869.944988] FAST spr round 1 (radius: 5)
[00:00:00 -868.295924] FAST spr round 2 (radius: 5)
[00:00:00 -867.960078] FAST spr round 3 (radius: 5)
[00:00:00 -867.950115] Model parameter optimization (eps = 1.000000)
[00:00:00 -867.526055] SLOW spr round 1 (radius: 5)
[00:00:00] [worker #3] ML tree search #20, logLikelihood: -867.414735
[00:00:00] [worker #2] ML tree search #19, logLikelihood: -867.410097
[00:00:00 -867.510840] SLOW spr round 2 (radius: 10)
[00:00:00] [worker #1] ML tree search #18, logLikelihood: -867.404392
[00:00:00 -867.510705] SLOW spr round 3 (radius: 15)
[00:00:00 -867.510703] SLOW spr round 4 (radius: 20)
[00:00:00 -867.510703] Model parameter optimization (eps = 0.100000)

[00:00:00] [worker #0] ML tree search #17, logLikelihood: -867.423362


Optimized model parameters:

   Partition 0: noname
   Rate heterogeneity: GAMMA (4 cats, mean),  alpha: 0.411513 (ML),  weights&rates: (0.250000,0.018410) (0.250000,0.190303) (0.250000,0.743444) (0.250000,3.047844) 
   Base frequencies (ML): 0.271386 0.179815 0.198876 0.349922 
   Substitution rates (ML): 0.145725 15.992869 0.129311 0.557798 1.770709 1.000000 


Final LogLikelihood: -867.374844

AIC score: 1826.749688 / AICc score: 1860.530938 / BIC score: 1972.329843
Free parameters (model + branch lengths): 46

WARNING: Best ML tree contains 2 near-zero branches!

Best ML tree with collapsed near-zero branches saved to: /home/fili/Documents/KIT/2023/BA/code/output/families/ssim_dtl_s20_f100_sites200_GTR_bl1.0_d0.0_l0.0_t1.0_gc0.0_p0.0_pop10_ms0.0_mf0.0_seed42/families/family_072/misc/raxml_output.GTR+G.raxml.bestTreeCollapsed
Best ML tree saved to: /home/fili/Documents/KIT/2023/BA/code/output/families/ssim_dtl_s20_f100_sites200_GTR_bl1.0_d0.0_l0.0_t1.0_gc0.0_p0.0_pop10_ms0.0_mf0.0_seed42/families/family_072/misc/raxml_output.GTR+G.raxml.bestTree
All ML trees saved to: /home/fili/Documents/KIT/2023/BA/code/output/families/ssim_dtl_s20_f100_sites200_GTR_bl1.0_d0.0_l0.0_t1.0_gc0.0_p0.0_pop10_ms0.0_mf0.0_seed42/families/family_072/misc/raxml_output.GTR+G.raxml.mlTrees
Optimized model saved to: /home/fili/Documents/KIT/2023/BA/code/output/families/ssim_dtl_s20_f100_sites200_GTR_bl1.0_d0.0_l0.0_t1.0_gc0.0_p0.0_pop10_ms0.0_mf0.0_seed42/families/family_072/misc/raxml_output.GTR+G.raxml.bestModel

Execution log saved to: /home/fili/Documents/KIT/2023/BA/code/output/families/ssim_dtl_s20_f100_sites200_GTR_bl1.0_d0.0_l0.0_t1.0_gc0.0_p0.0_pop10_ms0.0_mf0.0_seed42/families/family_072/misc/raxml_output.GTR+G.raxml.log

Analysis started: 12-May-2023 21:00:20 / finished: 12-May-2023 21:00:21

Elapsed time: 0.430 seconds

