
RAxML-NG v. 1.1.0 released on 29.11.2021 by The Exelixis Lab.
Developed by: Alexey M. Kozlov and Alexandros Stamatakis.
Contributors: Diego Darriba, Tomas Flouri, Benoit Morel, Sarah Lutteropp, Ben Bettisworth.
Latest version: https://github.com/amkozlov/raxml-ng
Questions/problems/suggestions? Please visit: https://groups.google.com/forum/#!forum/raxml

System: AMD Ryzen 7 5800X 8-Core Processor, 8 cores, 31 GB RAM

RAxML-NG was called at 27-Jun-2023 13:43:59 as follows:

/home/fili/Documents/KIT/2023/BA/resources/tools/RAxML-NG/raxml-ng --msa /home/fili/Documents/KIT/2023/BA/code/output/families/ssim_DL_s20_f100_sites200_GTR_bl1.0_d1.0_l1.0_t0.0_gc0.0_p0.0_pop10_ms0.0_mf0.0_seed14976684177860080345/families/family_075/alignment.msa --model F81 --prefix /home/fili/Documents/KIT/2023/BA/code/output/families/ssim_DL_s20_f100_sites200_GTR_bl1.0_d1.0_l1.0_t0.0_gc0.0_p0.0_pop10_ms0.0_mf0.0_seed14976684177860080345/families/family_075/misc/raxml_output.F81

Analysis options:
  run mode: ML tree search
  start tree(s): random (10) + parsimony (10)
  random seed: 1687866239
  tip-inner: OFF
  pattern compression: ON
  per-rate scalers: OFF
  site repeats: ON
  fast spr radius: AUTO
  spr subtree cutoff: 1.000000
  branch lengths: proportional (ML estimate, algorithm: NR-FAST)
  SIMD kernels: AVX2
  parallelization: coarse-grained (auto), PTHREADS (auto)

[00:00:00] Reading alignment from file: /home/fili/Documents/KIT/2023/BA/code/output/families/ssim_DL_s20_f100_sites200_GTR_bl1.0_d1.0_l1.0_t0.0_gc0.0_p0.0_pop10_ms0.0_mf0.0_seed14976684177860080345/families/family_075/alignment.msa
[00:00:00] Loaded alignment with 6 taxa and 205 sites

WARNING: Sequences 17_0_0 and 18_0_0 are exactly identical!
WARNING: Duplicate sequences found: 1

NOTE: Reduced alignment (with duplicates and gap-only sites/taxa removed) 
NOTE: was saved to: /home/fili/Documents/KIT/2023/BA/code/output/families/ssim_DL_s20_f100_sites200_GTR_bl1.0_d1.0_l1.0_t0.0_gc0.0_p0.0_pop10_ms0.0_mf0.0_seed14976684177860080345/families/family_075/misc/raxml_output.F81.raxml.reduced.phy

Alignment comprises 1 partitions and 23 patterns

Partition 0: noname
Model: F81+FO
Alignment sites / patterns: 205 / 23
Gaps: 0.00 %
Invariant sites: 67.32 %


NOTE: Binary MSA file created: /home/fili/Documents/KIT/2023/BA/code/output/families/ssim_DL_s20_f100_sites200_GTR_bl1.0_d1.0_l1.0_t0.0_gc0.0_p0.0_pop10_ms0.0_mf0.0_seed14976684177860080345/families/family_075/misc/raxml_output.F81.raxml.rba

Parallelization scheme autoconfig: 8 worker(s) x 1 thread(s)

Parallel reduction/worker buffer size: 1 KB  / 0 KB

[00:00:00] Generating 10 random starting tree(s) with 6 taxa
[00:00:00] Generating 10 parsimony starting tree(s) with 6 taxa
[00:00:00] Data distribution: max. partitions/sites/weight per thread: 1 / 23 / 92
[00:00:00] Data distribution: max. searches per worker: 3

Starting ML tree search with 20 distinct starting trees

[00:00:00 -749.929690] Initial branch length optimization
[00:00:00 -619.216020] Model parameter optimization (eps = 10.000000)
[00:00:00 -603.381568] AUTODETECT spr round 1 (radius: 5)
[00:00:00 -602.321678] SPR radius for FAST iterations: 5 (autodetect)
[00:00:00 -602.321678] Model parameter optimization (eps = 3.000000)
[00:00:00 -602.319159] FAST spr round 1 (radius: 5)
[00:00:00 -578.479753] FAST spr round 2 (radius: 5)
[00:00:00 -578.479753] Model parameter optimization (eps = 1.000000)
[00:00:00 -578.385949] SLOW spr round 1 (radius: 5)
[00:00:00] [worker #1] ML tree search #2, logLikelihood: -578.385948
[00:00:00] [worker #7] ML tree search #8, logLikelihood: -578.385948
[00:00:00] [worker #5] ML tree search #6, logLikelihood: -578.385948
[00:00:00] [worker #6] ML tree search #7, logLikelihood: -578.385948
[00:00:00] [worker #3] ML tree search #4, logLikelihood: -578.385948
[00:00:00 -578.385949] Model parameter optimization (eps = 0.100000)
[00:00:00] [worker #4] ML tree search #5, logLikelihood: -578.385948

[00:00:00] [worker #0] ML tree search #1, logLikelihood: -578.385948

[00:00:00] [worker #2] ML tree search #3, logLikelihood: -578.385948
[00:00:00 -764.480264] Initial branch length optimization
[00:00:00 -619.216018] Model parameter optimization (eps = 10.000000)
[00:00:00 -603.381565] AUTODETECT spr round 1 (radius: 5)
[00:00:00] [worker #1] ML tree search #10, logLikelihood: -578.385948
[00:00:00 -578.463782] SPR radius for FAST iterations: 5 (autodetect)
[00:00:00 -578.463782] Model parameter optimization (eps = 3.000000)
[00:00:00] [worker #7] ML tree search #16, logLikelihood: -578.385948
[00:00:00 -578.385949] FAST spr round 1 (radius: 5)
[00:00:00] [worker #5] ML tree search #14, logLikelihood: -578.385948
[00:00:00 -578.385949] Model parameter optimization (eps = 1.000000)
[00:00:00 -578.385948] SLOW spr round 1 (radius: 5)
[00:00:00] [worker #3] ML tree search #12, logLikelihood: -578.385948
[00:00:00] [worker #4] ML tree search #13, logLikelihood: -578.385948
[00:00:00 -578.385948] Model parameter optimization (eps = 0.100000)

[00:00:00] [worker #0] ML tree search #9, logLikelihood: -578.385948

[00:00:00] [worker #6] ML tree search #15, logLikelihood: -578.385948
[00:00:00] [worker #2] ML tree search #11, logLikelihood: -578.385948
[00:00:00] [worker #1] ML tree search #18, logLikelihood: -578.385948
[00:00:00 -697.910100] Initial branch length optimization
[00:00:00 -592.577229] Model parameter optimization (eps = 10.000000)
[00:00:00 -578.386096] AUTODETECT spr round 1 (radius: 5)
[00:00:00 -578.385948] SPR radius for FAST iterations: 5 (autodetect)
[00:00:00 -578.385948] Model parameter optimization (eps = 3.000000)
[00:00:00 -578.385948] FAST spr round 1 (radius: 5)
[00:00:00] [worker #3] ML tree search #20, logLikelihood: -578.385948
[00:00:00 -578.385948] Model parameter optimization (eps = 1.000000)
[00:00:00 -578.385948] SLOW spr round 1 (radius: 5)
[00:00:00 -578.385948] Model parameter optimization (eps = 0.100000)

[00:00:00] [worker #0] ML tree search #17, logLikelihood: -578.385948

[00:00:00] [worker #2] ML tree search #19, logLikelihood: -578.385948

Optimized model parameters:

   Partition 0: noname
   Rate heterogeneity: NONE
   Base frequencies (ML): 0.322450 0.134425 0.314862 0.228263 
   Substitution rates (model): 1.000000 1.000000 1.000000 1.000000 1.000000 1.000000 


Final LogLikelihood: -578.385948

AIC score: 1180.771895 / AICc score: 1182.396895 / BIC score: 1220.648015
Free parameters (model + branch lengths): 12

WARNING: Best ML tree contains 2 near-zero branches!

Best ML tree with collapsed near-zero branches saved to: /home/fili/Documents/KIT/2023/BA/code/output/families/ssim_DL_s20_f100_sites200_GTR_bl1.0_d1.0_l1.0_t0.0_gc0.0_p0.0_pop10_ms0.0_mf0.0_seed14976684177860080345/families/family_075/misc/raxml_output.F81.raxml.bestTreeCollapsed
Best ML tree saved to: /home/fili/Documents/KIT/2023/BA/code/output/families/ssim_DL_s20_f100_sites200_GTR_bl1.0_d1.0_l1.0_t0.0_gc0.0_p0.0_pop10_ms0.0_mf0.0_seed14976684177860080345/families/family_075/misc/raxml_output.F81.raxml.bestTree
All ML trees saved to: /home/fili/Documents/KIT/2023/BA/code/output/families/ssim_DL_s20_f100_sites200_GTR_bl1.0_d1.0_l1.0_t0.0_gc0.0_p0.0_pop10_ms0.0_mf0.0_seed14976684177860080345/families/family_075/misc/raxml_output.F81.raxml.mlTrees
Optimized model saved to: /home/fili/Documents/KIT/2023/BA/code/output/families/ssim_DL_s20_f100_sites200_GTR_bl1.0_d1.0_l1.0_t0.0_gc0.0_p0.0_pop10_ms0.0_mf0.0_seed14976684177860080345/families/family_075/misc/raxml_output.F81.raxml.bestModel

Execution log saved to: /home/fili/Documents/KIT/2023/BA/code/output/families/ssim_DL_s20_f100_sites200_GTR_bl1.0_d1.0_l1.0_t0.0_gc0.0_p0.0_pop10_ms0.0_mf0.0_seed14976684177860080345/families/family_075/misc/raxml_output.F81.raxml.log

Analysis started: 27-Jun-2023 13:43:59 / finished: 27-Jun-2023 13:43:59

Elapsed time: 0.044 seconds

