
RAxML-NG v. 1.1.0 released on 29.11.2021 by The Exelixis Lab.
Developed by: Alexey M. Kozlov and Alexandros Stamatakis.
Contributors: Diego Darriba, Tomas Flouri, Benoit Morel, Sarah Lutteropp, Ben Bettisworth.
Latest version: https://github.com/amkozlov/raxml-ng
Questions/problems/suggestions? Please visit: https://groups.google.com/forum/#!forum/raxml

System: AMD Ryzen 7 5800X 8-Core Processor, 8 cores, 31 GB RAM

RAxML-NG was called at 27-Jun-2023 13:51:56 as follows:

/home/fili/Documents/KIT/2023/BA/resources/tools/RAxML-NG/raxml-ng --msa /home/fili/Documents/KIT/2023/BA/code/output/families/ssim_NE_s20_f100_sites200_GTR_bl1.0_d0.0_l0.0_t0.0_gc0.0_p0.0_pop10_ms0.0_mf0.0_seed14976684177860080345/families/family_061/alignment.msa --model F81 --prefix /home/fili/Documents/KIT/2023/BA/code/output/families/ssim_NE_s20_f100_sites200_GTR_bl1.0_d0.0_l0.0_t0.0_gc0.0_p0.0_pop10_ms0.0_mf0.0_seed14976684177860080345/families/family_061/misc/raxml_output.F81

Analysis options:
  run mode: ML tree search
  start tree(s): random (10) + parsimony (10)
  random seed: 1687866716
  tip-inner: OFF
  pattern compression: ON
  per-rate scalers: OFF
  site repeats: ON
  fast spr radius: AUTO
  spr subtree cutoff: 1.000000
  branch lengths: proportional (ML estimate, algorithm: NR-FAST)
  SIMD kernels: AVX2
  parallelization: coarse-grained (auto), PTHREADS (auto)

[00:00:00] Reading alignment from file: /home/fili/Documents/KIT/2023/BA/code/output/families/ssim_NE_s20_f100_sites200_GTR_bl1.0_d0.0_l0.0_t0.0_gc0.0_p0.0_pop10_ms0.0_mf0.0_seed14976684177860080345/families/family_061/alignment.msa
[00:00:00] Loaded alignment with 20 taxa and 211 sites

WARNING: Sequences 7_0_0 and 10_0_0 are exactly identical!
WARNING: Duplicate sequences found: 1

NOTE: Reduced alignment (with duplicates and gap-only sites/taxa removed) 
NOTE: was saved to: /home/fili/Documents/KIT/2023/BA/code/output/families/ssim_NE_s20_f100_sites200_GTR_bl1.0_d0.0_l0.0_t0.0_gc0.0_p0.0_pop10_ms0.0_mf0.0_seed14976684177860080345/families/family_061/misc/raxml_output.F81.raxml.reduced.phy

Alignment comprises 1 partitions and 113 patterns

Partition 0: noname
Model: F81+FO
Alignment sites / patterns: 211 / 113
Gaps: 0.00 %
Invariant sites: 36.49 %


NOTE: Binary MSA file created: /home/fili/Documents/KIT/2023/BA/code/output/families/ssim_NE_s20_f100_sites200_GTR_bl1.0_d0.0_l0.0_t0.0_gc0.0_p0.0_pop10_ms0.0_mf0.0_seed14976684177860080345/families/family_061/misc/raxml_output.F81.raxml.rba

Parallelization scheme autoconfig: 8 worker(s) x 1 thread(s)

Parallel reduction/worker buffer size: 1 KB  / 0 KB

[00:00:00] Generating 10 random starting tree(s) with 20 taxa
[00:00:00] Generating 10 parsimony starting tree(s) with 20 taxa
[00:00:00] Data distribution: max. partitions/sites/weight per thread: 1 / 113 / 452
[00:00:00] Data distribution: max. searches per worker: 3

Starting ML tree search with 20 distinct starting trees

[00:00:00 -2978.321179] Initial branch length optimization
[00:00:00 -2422.581685] Model parameter optimization (eps = 10.000000)
[00:00:00 -2359.557245] AUTODETECT spr round 1 (radius: 5)
[00:00:00 -1386.145903] AUTODETECT spr round 2 (radius: 10)
[00:00:00 -1386.131257] SPR radius for FAST iterations: 5 (autodetect)
[00:00:00 -1386.131257] Model parameter optimization (eps = 3.000000)
[00:00:00 -1386.022796] FAST spr round 1 (radius: 5)
[00:00:00 -1357.458855] FAST spr round 2 (radius: 5)
[00:00:00 -1348.100462] FAST spr round 3 (radius: 5)
[00:00:00 -1348.100407] Model parameter optimization (eps = 1.000000)
[00:00:00 -1348.016146] SLOW spr round 1 (radius: 5)
[00:00:00 -1348.016116] SLOW spr round 2 (radius: 10)
[00:00:00] [worker #6] ML tree search #7, logLikelihood: -1348.393970
[00:00:00 -1348.016115] SLOW spr round 3 (radius: 15)
[00:00:00 -1348.016115] SLOW spr round 4 (radius: 20)
[00:00:00 -1348.016115] Model parameter optimization (eps = 0.100000)
[00:00:00] [worker #7] ML tree search #8, logLikelihood: -1348.016110

[00:00:00] [worker #0] ML tree search #1, logLikelihood: -1348.016109

[00:00:00] [worker #5] ML tree search #6, logLikelihood: -1348.016108
[00:00:00 -3336.842848] Initial branch length optimization
[00:00:00 -2847.252307] Model parameter optimization (eps = 10.000000)
[00:00:00] [worker #2] ML tree search #3, logLikelihood: -1348.016111
[00:00:00 -2776.051486] AUTODETECT spr round 1 (radius: 5)
[00:00:00] [worker #1] ML tree search #2, logLikelihood: -1348.393970
[00:00:00] [worker #3] ML tree search #4, logLikelihood: -1348.016109
[00:00:00 -1487.322132] AUTODETECT spr round 2 (radius: 10)
[00:00:00] [worker #4] ML tree search #5, logLikelihood: -1348.393989
[00:00:00 -1487.321742] SPR radius for FAST iterations: 5 (autodetect)
[00:00:00 -1487.321742] Model parameter optimization (eps = 3.000000)
[00:00:00 -1487.059934] FAST spr round 1 (radius: 5)
[00:00:00 -1349.052637] FAST spr round 2 (radius: 5)
[00:00:00 -1348.257509] FAST spr round 3 (radius: 5)
[00:00:00 -1348.257500] Model parameter optimization (eps = 1.000000)
[00:00:00 -1348.016346] SLOW spr round 1 (radius: 5)
[00:00:00] [worker #6] ML tree search #15, logLikelihood: -1348.016108
[00:00:00] [worker #7] ML tree search #16, logLikelihood: -1348.393970
[00:00:00 -1348.016171] SLOW spr round 2 (radius: 10)
[00:00:00] [worker #5] ML tree search #14, logLikelihood: -1348.016109
[00:00:00] [worker #4] ML tree search #13, logLikelihood: -1348.016109
[00:00:00] [worker #2] ML tree search #11, logLikelihood: -1348.393973
[00:00:00 -1348.016167] SLOW spr round 3 (radius: 15)
[00:00:00] [worker #3] ML tree search #12, logLikelihood: -1348.016109
[00:00:00 -1348.016167] SLOW spr round 4 (radius: 20)
[00:00:00 -1348.016167] Model parameter optimization (eps = 0.100000)

[00:00:00] [worker #0] ML tree search #9, logLikelihood: -1348.016108

[00:00:00 -1792.918487] Initial branch length optimization
[00:00:00 -1382.583637] Model parameter optimization (eps = 10.000000)
[00:00:00 -1350.893770] AUTODETECT spr round 1 (radius: 5)
[00:00:00] [worker #1] ML tree search #10, logLikelihood: -1348.393972
[00:00:00 -1348.239859] AUTODETECT spr round 2 (radius: 10)
[00:00:00 -1348.239565] SPR radius for FAST iterations: 5 (autodetect)
[00:00:00 -1348.239565] Model parameter optimization (eps = 3.000000)
[00:00:00 -1348.203169] FAST spr round 1 (radius: 5)
[00:00:00 -1348.203052] Model parameter optimization (eps = 1.000000)
[00:00:00 -1348.203051] SLOW spr round 1 (radius: 5)
[00:00:00 -1348.020579] SLOW spr round 2 (radius: 5)
[00:00:00] [worker #2] ML tree search #19, logLikelihood: -1348.016109
[00:00:00 -1348.020528] SLOW spr round 3 (radius: 10)
[00:00:00] [worker #3] ML tree search #20, logLikelihood: -1348.393970
[00:00:00] [worker #1] ML tree search #18, logLikelihood: -1348.016108
[00:00:00 -1348.020526] SLOW spr round 4 (radius: 15)
[00:00:00 -1348.020526] SLOW spr round 5 (radius: 20)
[00:00:00 -1348.020526] Model parameter optimization (eps = 0.100000)

[00:00:00] [worker #0] ML tree search #17, logLikelihood: -1348.016114


Optimized model parameters:

   Partition 0: noname
   Rate heterogeneity: NONE
   Base frequencies (ML): 0.289666 0.115821 0.355152 0.239361 
   Substitution rates (model): 1.000000 1.000000 1.000000 1.000000 1.000000 1.000000 


Final LogLikelihood: -1348.016108

AIC score: 2776.032216 / AICc score: 2795.326333 / BIC score: 2910.106541
Free parameters (model + branch lengths): 40

WARNING: Best ML tree contains 3 near-zero branches!

Best ML tree with collapsed near-zero branches saved to: /home/fili/Documents/KIT/2023/BA/code/output/families/ssim_NE_s20_f100_sites200_GTR_bl1.0_d0.0_l0.0_t0.0_gc0.0_p0.0_pop10_ms0.0_mf0.0_seed14976684177860080345/families/family_061/misc/raxml_output.F81.raxml.bestTreeCollapsed
Best ML tree saved to: /home/fili/Documents/KIT/2023/BA/code/output/families/ssim_NE_s20_f100_sites200_GTR_bl1.0_d0.0_l0.0_t0.0_gc0.0_p0.0_pop10_ms0.0_mf0.0_seed14976684177860080345/families/family_061/misc/raxml_output.F81.raxml.bestTree
All ML trees saved to: /home/fili/Documents/KIT/2023/BA/code/output/families/ssim_NE_s20_f100_sites200_GTR_bl1.0_d0.0_l0.0_t0.0_gc0.0_p0.0_pop10_ms0.0_mf0.0_seed14976684177860080345/families/family_061/misc/raxml_output.F81.raxml.mlTrees
Optimized model saved to: /home/fili/Documents/KIT/2023/BA/code/output/families/ssim_NE_s20_f100_sites200_GTR_bl1.0_d0.0_l0.0_t0.0_gc0.0_p0.0_pop10_ms0.0_mf0.0_seed14976684177860080345/families/family_061/misc/raxml_output.F81.raxml.bestModel

Execution log saved to: /home/fili/Documents/KIT/2023/BA/code/output/families/ssim_NE_s20_f100_sites200_GTR_bl1.0_d0.0_l0.0_t0.0_gc0.0_p0.0_pop10_ms0.0_mf0.0_seed14976684177860080345/families/family_061/misc/raxml_output.F81.raxml.log

Analysis started: 27-Jun-2023 13:51:56 / finished: 27-Jun-2023 13:51:57

Elapsed time: 0.214 seconds

