
RAxML-NG v. 1.1.0 released on 29.11.2021 by The Exelixis Lab.
Developed by: Alexey M. Kozlov and Alexandros Stamatakis.
Contributors: Diego Darriba, Tomas Flouri, Benoit Morel, Sarah Lutteropp, Ben Bettisworth.
Latest version: https://github.com/amkozlov/raxml-ng
Questions/problems/suggestions? Please visit: https://groups.google.com/forum/#!forum/raxml

System: AMD Ryzen 7 5800X 8-Core Processor, 8 cores, 31 GB RAM

RAxML-NG was called at 27-Jun-2023 12:59:33 as follows:

/home/fili/Documents/KIT/2023/BA/resources/tools/RAxML-NG/raxml-ng --msa /home/fili/Documents/KIT/2023/BA/code/output/families/ssim_DL_s20_f100_sites200_GTR_bl1.0_d1.0_l1.0_t0.0_gc0.0_p0.0_pop10_ms0.0_mf0.0_seed42/families/family_006/alignment.msa --model F81 --prefix /home/fili/Documents/KIT/2023/BA/code/output/families/ssim_DL_s20_f100_sites200_GTR_bl1.0_d1.0_l1.0_t0.0_gc0.0_p0.0_pop10_ms0.0_mf0.0_seed42/families/family_006/misc/raxml_output.F81

Analysis options:
  run mode: ML tree search
  start tree(s): random (10) + parsimony (10)
  random seed: 1687863573
  tip-inner: OFF
  pattern compression: ON
  per-rate scalers: OFF
  site repeats: ON
  fast spr radius: AUTO
  spr subtree cutoff: 1.000000
  branch lengths: proportional (ML estimate, algorithm: NR-FAST)
  SIMD kernels: AVX2
  parallelization: coarse-grained (auto), PTHREADS (auto)

[00:00:00] Reading alignment from file: /home/fili/Documents/KIT/2023/BA/code/output/families/ssim_DL_s20_f100_sites200_GTR_bl1.0_d1.0_l1.0_t0.0_gc0.0_p0.0_pop10_ms0.0_mf0.0_seed42/families/family_006/alignment.msa
[00:00:00] Loaded alignment with 10 taxa and 172 sites

Alignment comprises 1 partitions and 36 patterns

Partition 0: noname
Model: F81+FO
Alignment sites / patterns: 172 / 36
Gaps: 0.00 %
Invariant sites: 60.47 %


NOTE: Binary MSA file created: /home/fili/Documents/KIT/2023/BA/code/output/families/ssim_DL_s20_f100_sites200_GTR_bl1.0_d1.0_l1.0_t0.0_gc0.0_p0.0_pop10_ms0.0_mf0.0_seed42/families/family_006/misc/raxml_output.F81.raxml.rba

Parallelization scheme autoconfig: 8 worker(s) x 1 thread(s)

Parallel reduction/worker buffer size: 1 KB  / 0 KB

[00:00:00] Generating 10 random starting tree(s) with 10 taxa
[00:00:00] Generating 10 parsimony starting tree(s) with 10 taxa
[00:00:00] Data distribution: max. partitions/sites/weight per thread: 1 / 36 / 144
[00:00:00] Data distribution: max. searches per worker: 3

Starting ML tree search with 20 distinct starting trees

[00:00:00 -1153.618766] Initial branch length optimization
[00:00:00 -952.546296] Model parameter optimization (eps = 10.000000)
[00:00:00 -940.622996] AUTODETECT spr round 1 (radius: 5)
[00:00:00 -614.296931] AUTODETECT spr round 2 (radius: 10)
[00:00:00 -614.296931] SPR radius for FAST iterations: 5 (autodetect)
[00:00:00 -614.296931] Model parameter optimization (eps = 3.000000)
[00:00:00 -613.130496] FAST spr round 1 (radius: 5)
[00:00:00 -607.596334] FAST spr round 2 (radius: 5)
[00:00:00 -606.517107] FAST spr round 3 (radius: 5)
[00:00:00 -606.517090] Model parameter optimization (eps = 1.000000)
[00:00:00] [worker #4] ML tree search #5, logLikelihood: -606.446848
[00:00:00 -606.446883] SLOW spr round 1 (radius: 5)
[00:00:00] [worker #5] ML tree search #6, logLikelihood: -606.446848
[00:00:00] [worker #7] ML tree search #8, logLikelihood: -606.446849
[00:00:00] [worker #2] ML tree search #3, logLikelihood: -606.446848
[00:00:00] [worker #1] ML tree search #2, logLikelihood: -606.446849
[00:00:00] [worker #3] ML tree search #4, logLikelihood: -606.446850
[00:00:00 -606.446855] SLOW spr round 2 (radius: 10)
[00:00:00 -606.446855] Model parameter optimization (eps = 0.100000)
[00:00:00] [worker #6] ML tree search #7, logLikelihood: -606.446865

[00:00:00] [worker #0] ML tree search #1, logLikelihood: -606.446850

[00:00:00 -1142.110967] Initial branch length optimization
[00:00:00 -932.812713] Model parameter optimization (eps = 10.000000)
[00:00:00 -920.171286] AUTODETECT spr round 1 (radius: 5)
[00:00:00 -614.394471] AUTODETECT spr round 2 (radius: 10)
[00:00:00 -614.394471] SPR radius for FAST iterations: 5 (autodetect)
[00:00:00 -614.394471] Model parameter optimization (eps = 3.000000)
[00:00:00 -613.130491] FAST spr round 1 (radius: 5)
[00:00:00] [worker #5] ML tree search #14, logLikelihood: -606.446849
[00:00:00] [worker #4] ML tree search #13, logLikelihood: -606.446849
[00:00:00 -607.596292] FAST spr round 2 (radius: 5)
[00:00:00] [worker #7] ML tree search #16, logLikelihood: -606.446849
[00:00:00] [worker #2] ML tree search #11, logLikelihood: -606.446848
[00:00:00 -606.517022] FAST spr round 3 (radius: 5)
[00:00:00] [worker #3] ML tree search #12, logLikelihood: -606.446848
[00:00:00] [worker #1] ML tree search #10, logLikelihood: -606.446849
[00:00:00] [worker #6] ML tree search #15, logLikelihood: -606.446849
[00:00:00 -606.517006] Model parameter optimization (eps = 1.000000)
[00:00:00 -606.446882] SLOW spr round 1 (radius: 5)
[00:00:00 -606.446855] SLOW spr round 2 (radius: 10)
[00:00:00 -606.446855] Model parameter optimization (eps = 0.100000)

[00:00:00] [worker #0] ML tree search #9, logLikelihood: -606.446850

[00:00:00] [worker #2] ML tree search #19, logLikelihood: -606.446849
[00:00:00 -788.644253] Initial branch length optimization
[00:00:00 -610.172476] Model parameter optimization (eps = 10.000000)
[00:00:00] [worker #3] ML tree search #20, logLikelihood: -606.446848
[00:00:00 -606.448791] AUTODETECT spr round 1 (radius: 5)
[00:00:00] [worker #1] ML tree search #18, logLikelihood: -606.446848
[00:00:00 -606.447048] SPR radius for FAST iterations: 5 (autodetect)
[00:00:00 -606.447048] Model parameter optimization (eps = 3.000000)
[00:00:00 -606.446861] FAST spr round 1 (radius: 5)
[00:00:00 -606.446851] Model parameter optimization (eps = 1.000000)
[00:00:00 -606.446849] SLOW spr round 1 (radius: 5)
[00:00:00 -606.446849] SLOW spr round 2 (radius: 10)
[00:00:00 -606.446849] Model parameter optimization (eps = 0.100000)

[00:00:00] [worker #0] ML tree search #17, logLikelihood: -606.446848


Optimized model parameters:

   Partition 0: noname
   Rate heterogeneity: NONE
   Base frequencies (ML): 0.284427 0.182290 0.278890 0.254393 
   Substitution rates (model): 1.000000 1.000000 1.000000 1.000000 1.000000 1.000000 


Final LogLikelihood: -606.446848

AIC score: 1252.893696 / AICc score: 1258.456610 / BIC score: 1315.843586
Free parameters (model + branch lengths): 20

WARNING: Best ML tree contains 1 near-zero branches!

Best ML tree with collapsed near-zero branches saved to: /home/fili/Documents/KIT/2023/BA/code/output/families/ssim_DL_s20_f100_sites200_GTR_bl1.0_d1.0_l1.0_t0.0_gc0.0_p0.0_pop10_ms0.0_mf0.0_seed42/families/family_006/misc/raxml_output.F81.raxml.bestTreeCollapsed
Best ML tree saved to: /home/fili/Documents/KIT/2023/BA/code/output/families/ssim_DL_s20_f100_sites200_GTR_bl1.0_d1.0_l1.0_t0.0_gc0.0_p0.0_pop10_ms0.0_mf0.0_seed42/families/family_006/misc/raxml_output.F81.raxml.bestTree
All ML trees saved to: /home/fili/Documents/KIT/2023/BA/code/output/families/ssim_DL_s20_f100_sites200_GTR_bl1.0_d1.0_l1.0_t0.0_gc0.0_p0.0_pop10_ms0.0_mf0.0_seed42/families/family_006/misc/raxml_output.F81.raxml.mlTrees
Optimized model saved to: /home/fili/Documents/KIT/2023/BA/code/output/families/ssim_DL_s20_f100_sites200_GTR_bl1.0_d1.0_l1.0_t0.0_gc0.0_p0.0_pop10_ms0.0_mf0.0_seed42/families/family_006/misc/raxml_output.F81.raxml.bestModel

Execution log saved to: /home/fili/Documents/KIT/2023/BA/code/output/families/ssim_DL_s20_f100_sites200_GTR_bl1.0_d1.0_l1.0_t0.0_gc0.0_p0.0_pop10_ms0.0_mf0.0_seed42/families/family_006/misc/raxml_output.F81.raxml.log

Analysis started: 27-Jun-2023 12:59:33 / finished: 27-Jun-2023 12:59:33

Elapsed time: 0.065 seconds

