
RAxML-NG v. 1.1.0 released on 29.11.2021 by The Exelixis Lab.
Developed by: Alexey M. Kozlov and Alexandros Stamatakis.
Contributors: Diego Darriba, Tomas Flouri, Benoit Morel, Sarah Lutteropp, Ben Bettisworth.
Latest version: https://github.com/amkozlov/raxml-ng
Questions/problems/suggestions? Please visit: https://groups.google.com/forum/#!forum/raxml

System: AMD Ryzen 7 5800X 8-Core Processor, 8 cores, 31 GB RAM

RAxML-NG was called at 27-Jun-2023 13:03:56 as follows:

/home/fili/Documents/KIT/2023/BA/resources/tools/RAxML-NG/raxml-ng --msa /home/fili/Documents/KIT/2023/BA/code/output/families/ssim_DL_s20_f100_sites200_GTR_bl1.0_d1.0_l1.0_t0.0_gc0.0_p0.0_pop10_ms0.0_mf0.0_seed19732311/families/family_045/alignment.msa --model F81 --prefix /home/fili/Documents/KIT/2023/BA/code/output/families/ssim_DL_s20_f100_sites200_GTR_bl1.0_d1.0_l1.0_t0.0_gc0.0_p0.0_pop10_ms0.0_mf0.0_seed19732311/families/family_045/misc/raxml_output.F81

Analysis options:
  run mode: ML tree search
  start tree(s): random (10) + parsimony (10)
  random seed: 1687863836
  tip-inner: OFF
  pattern compression: ON
  per-rate scalers: OFF
  site repeats: ON
  fast spr radius: AUTO
  spr subtree cutoff: 1.000000
  branch lengths: proportional (ML estimate, algorithm: NR-FAST)
  SIMD kernels: AVX2
  parallelization: coarse-grained (auto), PTHREADS (auto)

[00:00:00] Reading alignment from file: /home/fili/Documents/KIT/2023/BA/code/output/families/ssim_DL_s20_f100_sites200_GTR_bl1.0_d1.0_l1.0_t0.0_gc0.0_p0.0_pop10_ms0.0_mf0.0_seed19732311/families/family_045/alignment.msa
[00:00:00] Loaded alignment with 44 taxa and 147 sites

WARNING: Sequences 16_19_0 and 18_19_0 are exactly identical!
WARNING: Sequences 16_19_0 and 7_22_0 are exactly identical!
WARNING: Sequences 19_18_0 and 19_25_0 are exactly identical!
WARNING: Sequences 5_14_0 and 5_13_0 are exactly identical!
WARNING: Sequences 5_14_0 and 5_15_0 are exactly identical!
WARNING: Sequences 4_10_0 and 4_4_0 are exactly identical!
WARNING: Sequences 13_3_0 and 12_3_0 are exactly identical!
WARNING: Duplicate sequences found: 7

NOTE: Reduced alignment (with duplicates and gap-only sites/taxa removed) 
NOTE: was saved to: /home/fili/Documents/KIT/2023/BA/code/output/families/ssim_DL_s20_f100_sites200_GTR_bl1.0_d1.0_l1.0_t0.0_gc0.0_p0.0_pop10_ms0.0_mf0.0_seed19732311/families/family_045/misc/raxml_output.F81.raxml.reduced.phy

Alignment comprises 1 partitions and 64 patterns

Partition 0: noname
Model: F81+FO
Alignment sites / patterns: 147 / 64
Gaps: 0.00 %
Invariant sites: 49.66 %


NOTE: Binary MSA file created: /home/fili/Documents/KIT/2023/BA/code/output/families/ssim_DL_s20_f100_sites200_GTR_bl1.0_d1.0_l1.0_t0.0_gc0.0_p0.0_pop10_ms0.0_mf0.0_seed19732311/families/family_045/misc/raxml_output.F81.raxml.rba

Parallelization scheme autoconfig: 8 worker(s) x 1 thread(s)

Parallel reduction/worker buffer size: 1 KB  / 0 KB

[00:00:00] Generating 10 random starting tree(s) with 44 taxa
[00:00:00] Generating 10 parsimony starting tree(s) with 44 taxa
[00:00:00] Data distribution: max. partitions/sites/weight per thread: 1 / 64 / 256
[00:00:00] Data distribution: max. searches per worker: 3

Starting ML tree search with 20 distinct starting trees

[00:00:00 -3533.729450] Initial branch length optimization
[00:00:00 -2913.353757] Model parameter optimization (eps = 10.000000)
[00:00:00 -2740.631570] AUTODETECT spr round 1 (radius: 5)
[00:00:00 -1180.109819] AUTODETECT spr round 2 (radius: 10)
[00:00:00 -904.816122] AUTODETECT spr round 3 (radius: 15)
[00:00:00 -904.816122] SPR radius for FAST iterations: 10 (autodetect)
[00:00:00 -904.816122] Model parameter optimization (eps = 3.000000)
[00:00:00 -896.824971] FAST spr round 1 (radius: 10)
[00:00:00 -844.475495] FAST spr round 2 (radius: 10)
[00:00:00 -840.045187] FAST spr round 3 (radius: 10)
[00:00:00 -838.535371] FAST spr round 4 (radius: 10)
[00:00:00 -837.352857] FAST spr round 5 (radius: 10)
[00:00:00 -837.352844] Model parameter optimization (eps = 1.000000)
[00:00:00 -836.951360] SLOW spr round 1 (radius: 5)
[00:00:00 -836.951305] SLOW spr round 2 (radius: 10)
[00:00:00] [worker #6] ML tree search #7, logLikelihood: -836.951294
[00:00:00 -836.951305] SLOW spr round 3 (radius: 15)
[00:00:00] [worker #7] ML tree search #8, logLikelihood: -836.951294
[00:00:00] [worker #3] ML tree search #4, logLikelihood: -836.951297
[00:00:00] [worker #1] ML tree search #2, logLikelihood: -836.951294
[00:00:00] [worker #2] ML tree search #3, logLikelihood: -836.951296
[00:00:00] [worker #4] ML tree search #5, logLikelihood: -836.951293
[00:00:00 -836.951305] SLOW spr round 4 (radius: 20)
[00:00:00 -836.951305] SLOW spr round 5 (radius: 25)
[00:00:00] [worker #5] ML tree search #6, logLikelihood: -836.951294
[00:00:00 -836.951305] Model parameter optimization (eps = 0.100000)

[00:00:00] [worker #0] ML tree search #1, logLikelihood: -836.951293

[00:00:00 -3329.037215] Initial branch length optimization
[00:00:00 -2682.044942] Model parameter optimization (eps = 10.000000)
[00:00:00 -2525.289779] AUTODETECT spr round 1 (radius: 5)
[00:00:00 -1024.954644] AUTODETECT spr round 2 (radius: 10)
[00:00:00 -892.074845] AUTODETECT spr round 3 (radius: 15)
[00:00:00 -892.074845] SPR radius for FAST iterations: 10 (autodetect)
[00:00:00 -892.074845] Model parameter optimization (eps = 3.000000)
[00:00:00 -885.547945] FAST spr round 1 (radius: 10)
[00:00:00 -837.090619] FAST spr round 2 (radius: 10)
[00:00:00 -837.081641] Model parameter optimization (eps = 1.000000)
[00:00:00 -836.951517] SLOW spr round 1 (radius: 5)
[00:00:00] [worker #7] ML tree search #16, logLikelihood: -836.951294
[00:00:00] [worker #6] ML tree search #15, logLikelihood: -836.951296
[00:00:00 -836.951472] SLOW spr round 2 (radius: 10)
[00:00:00] [worker #2] ML tree search #11, logLikelihood: -836.951293
[00:00:00] [worker #4] ML tree search #13, logLikelihood: -836.951294
[00:00:00 -836.951471] SLOW spr round 3 (radius: 15)
[00:00:00] [worker #1] ML tree search #10, logLikelihood: -836.951293
[00:00:00] [worker #3] ML tree search #12, logLikelihood: -836.951294
[00:00:00 -836.951471] SLOW spr round 4 (radius: 20)
[00:00:00 -836.951471] SLOW spr round 5 (radius: 25)
[00:00:00] [worker #5] ML tree search #14, logLikelihood: -836.951293
[00:00:00 -836.951471] Model parameter optimization (eps = 0.100000)

[00:00:00] [worker #0] ML tree search #9, logLikelihood: -836.951297

[00:00:00 -1828.115565] Initial branch length optimization
[00:00:00 -867.718672] Model parameter optimization (eps = 10.000000)
[00:00:00 -841.054872] AUTODETECT spr round 1 (radius: 5)
[00:00:00 -836.993478] AUTODETECT spr round 2 (radius: 10)
[00:00:00 -836.967765] SPR radius for FAST iterations: 5 (autodetect)
[00:00:00 -836.967765] Model parameter optimization (eps = 3.000000)
[00:00:00 -836.952302] FAST spr round 1 (radius: 5)
[00:00:00 -836.951319] Model parameter optimization (eps = 1.000000)
[00:00:00 -836.951299] SLOW spr round 1 (radius: 5)
[00:00:00 -836.951297] SLOW spr round 2 (radius: 10)
[00:00:00] [worker #2] ML tree search #19, logLikelihood: -836.951294
[00:00:00 -836.951297] SLOW spr round 3 (radius: 15)
[00:00:00] [worker #3] ML tree search #20, logLikelihood: -836.951294
[00:00:00] [worker #1] ML tree search #18, logLikelihood: -836.951294
[00:00:00 -836.951297] SLOW spr round 4 (radius: 20)
[00:00:00 -836.951297] SLOW spr round 5 (radius: 25)
[00:00:00 -836.951297] Model parameter optimization (eps = 0.100000)

[00:00:00] [worker #0] ML tree search #17, logLikelihood: -836.951294


Optimized model parameters:

   Partition 0: noname
   Rate heterogeneity: NONE
   Base frequencies (ML): 0.323725 0.124409 0.386762 0.165104 
   Substitution rates (model): 1.000000 1.000000 1.000000 1.000000 1.000000 1.000000 


Final LogLikelihood: -836.951293

AIC score: 1849.902586 / AICc score: 2119.971551 / BIC score: 2113.060653
Free parameters (model + branch lengths): 88

WARNING: Best ML tree contains 18 near-zero branches!

Best ML tree with collapsed near-zero branches saved to: /home/fili/Documents/KIT/2023/BA/code/output/families/ssim_DL_s20_f100_sites200_GTR_bl1.0_d1.0_l1.0_t0.0_gc0.0_p0.0_pop10_ms0.0_mf0.0_seed19732311/families/family_045/misc/raxml_output.F81.raxml.bestTreeCollapsed
Best ML tree saved to: /home/fili/Documents/KIT/2023/BA/code/output/families/ssim_DL_s20_f100_sites200_GTR_bl1.0_d1.0_l1.0_t0.0_gc0.0_p0.0_pop10_ms0.0_mf0.0_seed19732311/families/family_045/misc/raxml_output.F81.raxml.bestTree
All ML trees saved to: /home/fili/Documents/KIT/2023/BA/code/output/families/ssim_DL_s20_f100_sites200_GTR_bl1.0_d1.0_l1.0_t0.0_gc0.0_p0.0_pop10_ms0.0_mf0.0_seed19732311/families/family_045/misc/raxml_output.F81.raxml.mlTrees
Optimized model saved to: /home/fili/Documents/KIT/2023/BA/code/output/families/ssim_DL_s20_f100_sites200_GTR_bl1.0_d1.0_l1.0_t0.0_gc0.0_p0.0_pop10_ms0.0_mf0.0_seed19732311/families/family_045/misc/raxml_output.F81.raxml.bestModel

Execution log saved to: /home/fili/Documents/KIT/2023/BA/code/output/families/ssim_DL_s20_f100_sites200_GTR_bl1.0_d1.0_l1.0_t0.0_gc0.0_p0.0_pop10_ms0.0_mf0.0_seed19732311/families/family_045/misc/raxml_output.F81.raxml.log

Analysis started: 27-Jun-2023 13:03:56 / finished: 27-Jun-2023 13:03:57

Elapsed time: 0.461 seconds

