
RAxML-NG v. 1.1.0 released on 29.11.2021 by The Exelixis Lab.
Developed by: Alexey M. Kozlov and Alexandros Stamatakis.
Contributors: Diego Darriba, Tomas Flouri, Benoit Morel, Sarah Lutteropp, Ben Bettisworth.
Latest version: https://github.com/amkozlov/raxml-ng
Questions/problems/suggestions? Please visit: https://groups.google.com/forum/#!forum/raxml

System: AMD Ryzen 7 5800X 8-Core Processor, 8 cores, 31 GB RAM

RAxML-NG was called at 27-Jun-2023 12:58:57 as follows:

/home/fili/Documents/KIT/2023/BA/resources/tools/RAxML-NG/raxml-ng --msa /home/fili/Documents/KIT/2023/BA/code/output/families/ssim_DL_s20_f100_sites200_GTR_bl1.0_d1.0_l1.0_t0.0_gc0.0_p0.0_pop10_ms0.0_mf0.0_seed42/families/family_089/alignment.msa --model F81 --prefix /home/fili/Documents/KIT/2023/BA/code/output/families/ssim_DL_s20_f100_sites200_GTR_bl1.0_d1.0_l1.0_t0.0_gc0.0_p0.0_pop10_ms0.0_mf0.0_seed42/families/family_089/misc/raxml_output.F81

Analysis options:
  run mode: ML tree search
  start tree(s): random (10) + parsimony (10)
  random seed: 1687863537
  tip-inner: OFF
  pattern compression: ON
  per-rate scalers: OFF
  site repeats: ON
  fast spr radius: AUTO
  spr subtree cutoff: 1.000000
  branch lengths: proportional (ML estimate, algorithm: NR-FAST)
  SIMD kernels: AVX2
  parallelization: coarse-grained (auto), PTHREADS (auto)

[00:00:00] Reading alignment from file: /home/fili/Documents/KIT/2023/BA/code/output/families/ssim_DL_s20_f100_sites200_GTR_bl1.0_d1.0_l1.0_t0.0_gc0.0_p0.0_pop10_ms0.0_mf0.0_seed42/families/family_089/alignment.msa
[00:00:00] Loaded alignment with 7 taxa and 106 sites

WARNING: Sequences 1_0_0 and 3_0_0 are exactly identical!
WARNING: Sequences 1_0_0 and 2_0_0 are exactly identical!
WARNING: Duplicate sequences found: 2

NOTE: Reduced alignment (with duplicates and gap-only sites/taxa removed) 
NOTE: was saved to: /home/fili/Documents/KIT/2023/BA/code/output/families/ssim_DL_s20_f100_sites200_GTR_bl1.0_d1.0_l1.0_t0.0_gc0.0_p0.0_pop10_ms0.0_mf0.0_seed42/families/family_089/misc/raxml_output.F81.raxml.reduced.phy

Alignment comprises 1 partitions and 33 patterns

Partition 0: noname
Model: F81+FO
Alignment sites / patterns: 106 / 33
Gaps: 0.00 %
Invariant sites: 56.60 %


NOTE: Binary MSA file created: /home/fili/Documents/KIT/2023/BA/code/output/families/ssim_DL_s20_f100_sites200_GTR_bl1.0_d1.0_l1.0_t0.0_gc0.0_p0.0_pop10_ms0.0_mf0.0_seed42/families/family_089/misc/raxml_output.F81.raxml.rba

Parallelization scheme autoconfig: 8 worker(s) x 1 thread(s)

Parallel reduction/worker buffer size: 1 KB  / 0 KB

[00:00:00] Generating 10 random starting tree(s) with 7 taxa
[00:00:00] Generating 10 parsimony starting tree(s) with 7 taxa
[00:00:00] Data distribution: max. partitions/sites/weight per thread: 1 / 33 / 132
[00:00:00] Data distribution: max. searches per worker: 3

Starting ML tree search with 20 distinct starting trees

[00:00:00 -616.782612] Initial branch length optimization
[00:00:00 -570.290175] Model parameter optimization (eps = 10.000000)
[00:00:00 -538.204533] AUTODETECT spr round 1 (radius: 5)
[00:00:00 -380.914001] SPR radius for FAST iterations: 5 (autodetect)
[00:00:00 -380.914001] Model parameter optimization (eps = 3.000000)
[00:00:00 -380.724206] FAST spr round 1 (radius: 5)
[00:00:00 -380.724076] Model parameter optimization (eps = 1.000000)
[00:00:00 -380.724060] SLOW spr round 1 (radius: 5)
[00:00:00] [worker #7] ML tree search #8, logLikelihood: -380.724061
[00:00:00] [worker #5] ML tree search #6, logLikelihood: -380.724060
[00:00:00 -380.724060] Model parameter optimization (eps = 0.100000)

[00:00:00] [worker #0] ML tree search #1, logLikelihood: -380.724060

[00:00:00] [worker #2] ML tree search #3, logLikelihood: -380.724061
[00:00:00] [worker #6] ML tree search #7, logLikelihood: -380.724061
[00:00:00] [worker #4] ML tree search #5, logLikelihood: -380.724061
[00:00:00] [worker #1] ML tree search #2, logLikelihood: -380.724061
[00:00:00] [worker #3] ML tree search #4, logLikelihood: -380.724060
[00:00:00 -623.033147] Initial branch length optimization
[00:00:00 -538.903048] Model parameter optimization (eps = 10.000000)
[00:00:00 -522.376140] AUTODETECT spr round 1 (radius: 5)
[00:00:00 -393.022193] SPR radius for FAST iterations: 5 (autodetect)
[00:00:00 -393.022193] Model parameter optimization (eps = 3.000000)
[00:00:00 -390.243282] FAST spr round 1 (radius: 5)
[00:00:00 -380.750656] FAST spr round 2 (radius: 5)
[00:00:00] [worker #7] ML tree search #16, logLikelihood: -380.724061
[00:00:00 -380.750623] Model parameter optimization (eps = 1.000000)
[00:00:00] [worker #5] ML tree search #14, logLikelihood: -380.724061
[00:00:00 -380.724079] SLOW spr round 1 (radius: 5)
[00:00:00] [worker #2] ML tree search #11, logLikelihood: -380.724061
[00:00:00] [worker #6] ML tree search #15, logLikelihood: -380.724061
[00:00:00 -380.724060] Model parameter optimization (eps = 0.100000)
[00:00:00] [worker #4] ML tree search #13, logLikelihood: -380.724061

[00:00:00] [worker #0] ML tree search #9, logLikelihood: -380.724060

[00:00:00] [worker #1] ML tree search #10, logLikelihood: -380.724061
[00:00:00] [worker #3] ML tree search #12, logLikelihood: -380.724061
[00:00:00 -450.915424] Initial branch length optimization
[00:00:00 -392.957262] Model parameter optimization (eps = 10.000000)
[00:00:00 -381.205996] AUTODETECT spr round 1 (radius: 5)
[00:00:00 -381.189743] SPR radius for FAST iterations: 5 (autodetect)
[00:00:00 -381.189743] Model parameter optimization (eps = 3.000000)
[00:00:00 -381.186724] FAST spr round 1 (radius: 5)
[00:00:00 -380.805773] FAST spr round 2 (radius: 5)
[00:00:00 -380.805771] Model parameter optimization (eps = 1.000000)
[00:00:00 -380.724094] SLOW spr round 1 (radius: 5)
[00:00:00] [worker #2] ML tree search #19, logLikelihood: -380.724061
[00:00:00] [worker #1] ML tree search #18, logLikelihood: -380.724061
[00:00:00] [worker #3] ML tree search #20, logLikelihood: -380.724061
[00:00:00 -380.724066] Model parameter optimization (eps = 0.100000)

[00:00:00] [worker #0] ML tree search #17, logLikelihood: -380.724061


Optimized model parameters:

   Partition 0: noname
   Rate heterogeneity: NONE
   Base frequencies (ML): 0.276220 0.106259 0.331067 0.286454 
   Substitution rates (model): 1.000000 1.000000 1.000000 1.000000 1.000000 1.000000 


Final LogLikelihood: -380.724060

AIC score: 789.448120 / AICc score: 794.063505 / BIC score: 826.736268
Free parameters (model + branch lengths): 14

WARNING: Best ML tree contains 1 near-zero branches!

Best ML tree with collapsed near-zero branches saved to: /home/fili/Documents/KIT/2023/BA/code/output/families/ssim_DL_s20_f100_sites200_GTR_bl1.0_d1.0_l1.0_t0.0_gc0.0_p0.0_pop10_ms0.0_mf0.0_seed42/families/family_089/misc/raxml_output.F81.raxml.bestTreeCollapsed
Best ML tree saved to: /home/fili/Documents/KIT/2023/BA/code/output/families/ssim_DL_s20_f100_sites200_GTR_bl1.0_d1.0_l1.0_t0.0_gc0.0_p0.0_pop10_ms0.0_mf0.0_seed42/families/family_089/misc/raxml_output.F81.raxml.bestTree
All ML trees saved to: /home/fili/Documents/KIT/2023/BA/code/output/families/ssim_DL_s20_f100_sites200_GTR_bl1.0_d1.0_l1.0_t0.0_gc0.0_p0.0_pop10_ms0.0_mf0.0_seed42/families/family_089/misc/raxml_output.F81.raxml.mlTrees
Optimized model saved to: /home/fili/Documents/KIT/2023/BA/code/output/families/ssim_DL_s20_f100_sites200_GTR_bl1.0_d1.0_l1.0_t0.0_gc0.0_p0.0_pop10_ms0.0_mf0.0_seed42/families/family_089/misc/raxml_output.F81.raxml.bestModel

Execution log saved to: /home/fili/Documents/KIT/2023/BA/code/output/families/ssim_DL_s20_f100_sites200_GTR_bl1.0_d1.0_l1.0_t0.0_gc0.0_p0.0_pop10_ms0.0_mf0.0_seed42/families/family_089/misc/raxml_output.F81.raxml.log

Analysis started: 27-Jun-2023 12:58:57 / finished: 27-Jun-2023 12:58:57

Elapsed time: 0.050 seconds

