
RAxML-NG v. 1.1.0 released on 29.11.2021 by The Exelixis Lab.
Developed by: Alexey M. Kozlov and Alexandros Stamatakis.
Contributors: Diego Darriba, Tomas Flouri, Benoit Morel, Sarah Lutteropp, Ben Bettisworth.
Latest version: https://github.com/amkozlov/raxml-ng
Questions/problems/suggestions? Please visit: https://groups.google.com/forum/#!forum/raxml

System: AMD Ryzen 7 5800X 8-Core Processor, 8 cores, 31 GB RAM

RAxML-NG was called at 27-Jun-2023 13:01:55 as follows:

/home/fili/Documents/KIT/2023/BA/resources/tools/RAxML-NG/raxml-ng --msa /home/fili/Documents/KIT/2023/BA/code/output/families/ssim_DL_s20_f100_sites200_GTR_bl1.0_d1.0_l1.0_t0.0_gc0.0_p0.0_pop10_ms0.0_mf0.0_seed1007/families/family_020/alignment.msa --model F81 --prefix /home/fili/Documents/KIT/2023/BA/code/output/families/ssim_DL_s20_f100_sites200_GTR_bl1.0_d1.0_l1.0_t0.0_gc0.0_p0.0_pop10_ms0.0_mf0.0_seed1007/families/family_020/misc/raxml_output.F81

Analysis options:
  run mode: ML tree search
  start tree(s): random (10) + parsimony (10)
  random seed: 1687863715
  tip-inner: OFF
  pattern compression: ON
  per-rate scalers: OFF
  site repeats: ON
  fast spr radius: AUTO
  spr subtree cutoff: 1.000000
  branch lengths: proportional (ML estimate, algorithm: NR-FAST)
  SIMD kernels: AVX2
  parallelization: coarse-grained (auto), PTHREADS (auto)

[00:00:00] Reading alignment from file: /home/fili/Documents/KIT/2023/BA/code/output/families/ssim_DL_s20_f100_sites200_GTR_bl1.0_d1.0_l1.0_t0.0_gc0.0_p0.0_pop10_ms0.0_mf0.0_seed1007/families/family_020/alignment.msa
[00:00:00] Loaded alignment with 99 taxa and 165 sites

WARNING: Sequences 7_25_0 and 7_18_0 are exactly identical!
WARNING: Sequences 1_30_0 and 1_46_0 are exactly identical!
WARNING: Sequences 5_64_0 and 5_61_0 are exactly identical!
WARNING: Sequences 2_58_0 and 8_58_0 are exactly identical!
WARNING: Sequences 2_59_0 and 8_59_0 are exactly identical!
WARNING: Sequences 2_56_0 and 8_56_0 are exactly identical!
WARNING: Sequences 2_9_0 and 8_9_0 are exactly identical!
WARNING: Sequences 8_54_0 and 2_54_0 are exactly identical!
WARNING: Sequences 8_15_0 and 2_15_0 are exactly identical!
WARNING: Duplicate sequences found: 9

NOTE: Reduced alignment (with duplicates and gap-only sites/taxa removed) 
NOTE: was saved to: /home/fili/Documents/KIT/2023/BA/code/output/families/ssim_DL_s20_f100_sites200_GTR_bl1.0_d1.0_l1.0_t0.0_gc0.0_p0.0_pop10_ms0.0_mf0.0_seed1007/families/family_020/misc/raxml_output.F81.raxml.reduced.phy

Alignment comprises 1 partitions and 149 patterns

Partition 0: noname
Model: F81+FO
Alignment sites / patterns: 165 / 149
Gaps: 0.00 %
Invariant sites: 9.70 %


NOTE: Binary MSA file created: /home/fili/Documents/KIT/2023/BA/code/output/families/ssim_DL_s20_f100_sites200_GTR_bl1.0_d1.0_l1.0_t0.0_gc0.0_p0.0_pop10_ms0.0_mf0.0_seed1007/families/family_020/misc/raxml_output.F81.raxml.rba

Parallelization scheme autoconfig: 8 worker(s) x 1 thread(s)

Parallel reduction/worker buffer size: 1 KB  / 0 KB

[00:00:00] Generating 10 random starting tree(s) with 99 taxa
[00:00:00] Generating 10 parsimony starting tree(s) with 99 taxa
[00:00:00] Data distribution: max. partitions/sites/weight per thread: 1 / 149 / 596
[00:00:00] Data distribution: max. searches per worker: 3

Starting ML tree search with 20 distinct starting trees

[00:00:00 -12341.682173] Initial branch length optimization
[00:00:00 -11267.670090] Model parameter optimization (eps = 10.000000)
[00:00:00 -11049.976307] AUTODETECT spr round 1 (radius: 5)
[00:00:00 -7453.621097] AUTODETECT spr round 2 (radius: 10)
[00:00:00 -5947.640492] AUTODETECT spr round 3 (radius: 15)
[00:00:00 -5820.442462] AUTODETECT spr round 4 (radius: 20)
[00:00:00 -5820.441480] SPR radius for FAST iterations: 15 (autodetect)
[00:00:00 -5820.441480] Model parameter optimization (eps = 3.000000)
[00:00:00 -5797.931543] FAST spr round 1 (radius: 15)
[00:00:00 -5235.759028] FAST spr round 2 (radius: 15)
[00:00:00 -5159.877102] FAST spr round 3 (radius: 15)
[00:00:00 -5157.597481] FAST spr round 4 (radius: 15)
[00:00:00 -5154.884475] FAST spr round 5 (radius: 15)
[00:00:00 -5151.522630] FAST spr round 6 (radius: 15)
[00:00:00 -5150.868217] FAST spr round 7 (radius: 15)
[00:00:00 -5150.418074] FAST spr round 8 (radius: 15)
[00:00:00 -5150.418055] Model parameter optimization (eps = 1.000000)
[00:00:00 -5149.424425] SLOW spr round 1 (radius: 5)
[00:00:01 -5149.008410] SLOW spr round 2 (radius: 5)
[00:00:01 -5149.008323] SLOW spr round 3 (radius: 10)
[00:00:01 -5149.008322] SLOW spr round 4 (radius: 15)
[00:00:01] [worker #5] ML tree search #6, logLikelihood: -5141.927228
[00:00:01] [worker #3] ML tree search #4, logLikelihood: -5141.915367
[00:00:01] [worker #6] ML tree search #7, logLikelihood: -5141.915501
[00:00:01 -5149.008322] SLOW spr round 5 (radius: 20)
[00:00:01] [worker #4] ML tree search #5, logLikelihood: -5141.915505
[00:00:01] [worker #7] ML tree search #8, logLikelihood: -5147.571452
[00:00:01 -5149.008322] SLOW spr round 6 (radius: 25)
[00:00:01 -5149.008322] Model parameter optimization (eps = 0.100000)

[00:00:01] [worker #0] ML tree search #1, logLikelihood: -5148.899957

[00:00:01 -12409.985025] Initial branch length optimization
[00:00:01 -11271.061769] Model parameter optimization (eps = 10.000000)
[00:00:01 -11044.162396] AUTODETECT spr round 1 (radius: 5)
[00:00:01 -7464.921804] AUTODETECT spr round 2 (radius: 10)
[00:00:01] [worker #1] ML tree search #2, logLikelihood: -5141.927191
[00:00:01 -6395.622220] AUTODETECT spr round 3 (radius: 15)
[00:00:02 -5983.582894] AUTODETECT spr round 4 (radius: 20)
[00:00:02] [worker #2] ML tree search #3, logLikelihood: -5147.859701
[00:00:02 -5983.573426] SPR radius for FAST iterations: 15 (autodetect)
[00:00:02 -5983.573426] Model parameter optimization (eps = 3.000000)
[00:00:02 -5957.360037] FAST spr round 1 (radius: 15)
[00:00:02 -5161.002996] FAST spr round 2 (radius: 15)
[00:00:02 -5144.548780] FAST spr round 3 (radius: 15)
[00:00:02 -5143.585052] FAST spr round 4 (radius: 15)
[00:00:02 -5142.878389] FAST spr round 5 (radius: 15)
[00:00:02] [worker #3] ML tree search #12, logLikelihood: -5141.927062
[00:00:02 -5142.203063] FAST spr round 6 (radius: 15)
[00:00:02 -5142.162987] Model parameter optimization (eps = 1.000000)
[00:00:02 -5141.928608] SLOW spr round 1 (radius: 5)
[00:00:02] [worker #5] ML tree search #14, logLikelihood: -5145.529770
[00:00:02 -5141.927592] SLOW spr round 2 (radius: 10)
[00:00:02] [worker #7] ML tree search #16, logLikelihood: -5141.915488
[00:00:02] [worker #4] ML tree search #13, logLikelihood: -5141.927161
[00:00:02 -5141.927581] SLOW spr round 3 (radius: 15)
[00:00:02] [worker #6] ML tree search #15, logLikelihood: -5141.915362
[00:00:03 -5141.927581] SLOW spr round 4 (radius: 20)
[00:00:03 -5141.927581] SLOW spr round 5 (radius: 25)
[00:00:03 -5141.927581] Model parameter optimization (eps = 0.100000)

[00:00:03] [worker #0] ML tree search #9, logLikelihood: -5141.927159

[00:00:03 -6762.927067] Initial branch length optimization
[00:00:03 -5373.959255] Model parameter optimization (eps = 10.000000)
[00:00:03 -5191.882387] AUTODETECT spr round 1 (radius: 5)
[00:00:03] [worker #1] ML tree search #10, logLikelihood: -5142.212448
[00:00:03] [worker #2] ML tree search #11, logLikelihood: -5141.915633
[00:00:03 -5144.294071] AUTODETECT spr round 2 (radius: 10)
[00:00:03 -5144.293638] SPR radius for FAST iterations: 5 (autodetect)
[00:00:03 -5144.293638] Model parameter optimization (eps = 3.000000)
[00:00:03 -5144.283187] FAST spr round 1 (radius: 5)
[00:00:03 -5143.497116] FAST spr round 2 (radius: 5)
[00:00:03] [worker #3] ML tree search #20, logLikelihood: -5147.571451
[00:00:03 -5143.015283] FAST spr round 3 (radius: 5)
[00:00:03 -5142.040272] FAST spr round 4 (radius: 5)
[00:00:03 -5142.040271] Model parameter optimization (eps = 1.000000)
[00:00:03 -5142.019442] SLOW spr round 1 (radius: 5)
[00:00:03 -5141.933985] SLOW spr round 2 (radius: 10)
[00:00:03 -5141.933984] SLOW spr round 3 (radius: 15)
[00:00:04 -5141.933984] SLOW spr round 4 (radius: 20)
[00:00:04 -5141.933984] SLOW spr round 5 (radius: 25)
[00:00:04 -5141.933984] Model parameter optimization (eps = 0.100000)

[00:00:04] [worker #0] ML tree search #17, logLikelihood: -5141.927184

[00:00:04] [worker #1] ML tree search #18, logLikelihood: -5142.212592
[00:00:04] [worker #2] ML tree search #19, logLikelihood: -5142.212498

Optimized model parameters:

   Partition 0: noname
   Rate heterogeneity: NONE
   Base frequencies (ML): 0.401175 0.110947 0.366312 0.121565 
   Substitution rates (model): 1.000000 1.000000 1.000000 1.000000 1.000000 1.000000 


Final LogLikelihood: -5141.915362

AIC score: 10679.830724 / AICc score: 89483.830724 / BIC score: 11294.807928
Free parameters (model + branch lengths): 198

WARNING: Number of free parameters (K=198) is larger than alignment size (n=165).
         This might lead to overfitting and compromise tree inference results!


WARNING: Best ML tree contains 5 near-zero branches!

Best ML tree with collapsed near-zero branches saved to: /home/fili/Documents/KIT/2023/BA/code/output/families/ssim_DL_s20_f100_sites200_GTR_bl1.0_d1.0_l1.0_t0.0_gc0.0_p0.0_pop10_ms0.0_mf0.0_seed1007/families/family_020/misc/raxml_output.F81.raxml.bestTreeCollapsed
Best ML tree saved to: /home/fili/Documents/KIT/2023/BA/code/output/families/ssim_DL_s20_f100_sites200_GTR_bl1.0_d1.0_l1.0_t0.0_gc0.0_p0.0_pop10_ms0.0_mf0.0_seed1007/families/family_020/misc/raxml_output.F81.raxml.bestTree
All ML trees saved to: /home/fili/Documents/KIT/2023/BA/code/output/families/ssim_DL_s20_f100_sites200_GTR_bl1.0_d1.0_l1.0_t0.0_gc0.0_p0.0_pop10_ms0.0_mf0.0_seed1007/families/family_020/misc/raxml_output.F81.raxml.mlTrees
Optimized model saved to: /home/fili/Documents/KIT/2023/BA/code/output/families/ssim_DL_s20_f100_sites200_GTR_bl1.0_d1.0_l1.0_t0.0_gc0.0_p0.0_pop10_ms0.0_mf0.0_seed1007/families/family_020/misc/raxml_output.F81.raxml.bestModel

Execution log saved to: /home/fili/Documents/KIT/2023/BA/code/output/families/ssim_DL_s20_f100_sites200_GTR_bl1.0_d1.0_l1.0_t0.0_gc0.0_p0.0_pop10_ms0.0_mf0.0_seed1007/families/family_020/misc/raxml_output.F81.raxml.log

Analysis started: 27-Jun-2023 13:01:55 / finished: 27-Jun-2023 13:02:00

Elapsed time: 4.643 seconds

