
RAxML-NG v. 1.1.0 released on 29.11.2021 by The Exelixis Lab.
Developed by: Alexey M. Kozlov and Alexandros Stamatakis.
Contributors: Diego Darriba, Tomas Flouri, Benoit Morel, Sarah Lutteropp, Ben Bettisworth.
Latest version: https://github.com/amkozlov/raxml-ng
Questions/problems/suggestions? Please visit: https://groups.google.com/forum/#!forum/raxml

System: AMD Ryzen 7 5800X 8-Core Processor, 8 cores, 31 GB RAM

RAxML-NG was called at 05-Jun-2023 13:01:57 as follows:

/home/fili/Documents/KIT/2023/BA/resources/tools/RAxML-NG/raxml-ng --msa /home/fili/Documents/KIT/2023/BA/code/output/families/ssim_dtl_s20_f100_sites200_GTR_bl1.0_d0.0_l0.0_t1.0_gc0.0_p0.0_pop10_ms0.0_mf0.0_seed42/families/family_036/alignment.msa --model GTR+G --prefix /home/fili/Documents/KIT/2023/BA/code/output/families/ssim_dtl_s20_f100_sites200_GTR_bl1.0_d0.0_l0.0_t1.0_gc0.0_p0.0_pop10_ms0.0_mf0.0_seed42/families/family_036/misc/raxml_output.GTR+G

Analysis options:
  run mode: ML tree search
  start tree(s): random (10) + parsimony (10)
  random seed: 1685962917
  tip-inner: OFF
  pattern compression: ON
  per-rate scalers: OFF
  site repeats: ON
  fast spr radius: AUTO
  spr subtree cutoff: 1.000000
  branch lengths: proportional (ML estimate, algorithm: NR-FAST)
  SIMD kernels: AVX2
  parallelization: coarse-grained (auto), PTHREADS (auto)

[00:00:00] Reading alignment from file: /home/fili/Documents/KIT/2023/BA/code/output/families/ssim_dtl_s20_f100_sites200_GTR_bl1.0_d0.0_l0.0_t1.0_gc0.0_p0.0_pop10_ms0.0_mf0.0_seed42/families/family_036/alignment.msa
[00:00:00] Loaded alignment with 20 taxa and 204 sites

WARNING: Sequences 12_0_0 and 4_0_0 are exactly identical!
WARNING: Sequences 9_0_0 and 13_0_0 are exactly identical!
WARNING: Duplicate sequences found: 2

NOTE: Reduced alignment (with duplicates and gap-only sites/taxa removed) 
NOTE: was saved to: /home/fili/Documents/KIT/2023/BA/code/output/families/ssim_dtl_s20_f100_sites200_GTR_bl1.0_d0.0_l0.0_t1.0_gc0.0_p0.0_pop10_ms0.0_mf0.0_seed42/families/family_036/misc/raxml_output.GTR+G.raxml.reduced.phy

Alignment comprises 1 partitions and 123 patterns

Partition 0: noname
Model: GTR+FO+G4m
Alignment sites / patterns: 204 / 123
Gaps: 0.00 %
Invariant sites: 33.82 %


NOTE: Binary MSA file created: /home/fili/Documents/KIT/2023/BA/code/output/families/ssim_dtl_s20_f100_sites200_GTR_bl1.0_d0.0_l0.0_t1.0_gc0.0_p0.0_pop10_ms0.0_mf0.0_seed42/families/family_036/misc/raxml_output.GTR+G.raxml.rba

Parallelization scheme autoconfig: 8 worker(s) x 1 thread(s)

Parallel reduction/worker buffer size: 1 KB  / 0 KB

[00:00:00] Generating 10 random starting tree(s) with 20 taxa
[00:00:00] Generating 10 parsimony starting tree(s) with 20 taxa
[00:00:00] Data distribution: max. partitions/sites/weight per thread: 1 / 123 / 1968
[00:00:00] Data distribution: max. searches per worker: 3

Starting ML tree search with 20 distinct starting trees

[00:00:00 -2895.611027] Initial branch length optimization
[00:00:00 -2475.578790] Model parameter optimization (eps = 10.000000)
[00:00:00 -2110.331833] AUTODETECT spr round 1 (radius: 5)
[00:00:00 -1387.255236] AUTODETECT spr round 2 (radius: 10)
[00:00:00 -1387.251420] SPR radius for FAST iterations: 5 (autodetect)
[00:00:00 -1387.251420] Model parameter optimization (eps = 3.000000)
[00:00:00 -1357.931413] FAST spr round 1 (radius: 5)
[00:00:00 -1356.063144] FAST spr round 2 (radius: 5)
[00:00:00 -1356.062301] Model parameter optimization (eps = 1.000000)
[00:00:00 -1355.851643] SLOW spr round 1 (radius: 5)
[00:00:00 -1355.849643] SLOW spr round 2 (radius: 10)
[00:00:00 -1355.849626] SLOW spr round 3 (radius: 15)
[00:00:00 -1355.849622] SLOW spr round 4 (radius: 20)
[00:00:00 -1355.849622] Model parameter optimization (eps = 0.100000)
[00:00:00] [worker #7] ML tree search #8, logLikelihood: -1355.814321

[00:00:00] [worker #0] ML tree search #1, logLikelihood: -1355.809002

[00:00:00 -2841.540236] Initial branch length optimization
[00:00:00 -2442.602113] Model parameter optimization (eps = 10.000000)
[00:00:00] [worker #5] ML tree search #6, logLikelihood: -1355.822369
[00:00:00] [worker #1] ML tree search #2, logLikelihood: -1355.811698
[00:00:00] [worker #2] ML tree search #3, logLikelihood: -1355.809518
[00:00:00] [worker #6] ML tree search #7, logLikelihood: -1355.806415
[00:00:00] [worker #4] ML tree search #5, logLikelihood: -1355.818375
[00:00:00] [worker #3] ML tree search #4, logLikelihood: -1355.816835
[00:00:00 -2082.447024] AUTODETECT spr round 1 (radius: 5)
[00:00:00 -1499.271621] AUTODETECT spr round 2 (radius: 10)
[00:00:00 -1499.227249] SPR radius for FAST iterations: 5 (autodetect)
[00:00:00 -1499.227249] Model parameter optimization (eps = 3.000000)
[00:00:00 -1479.519476] FAST spr round 1 (radius: 5)
[00:00:00 -1360.707079] FAST spr round 2 (radius: 5)
[00:00:00 -1360.478528] FAST spr round 3 (radius: 5)
[00:00:00 -1360.477798] Model parameter optimization (eps = 1.000000)
[00:00:00 -1355.958171] SLOW spr round 1 (radius: 5)
[00:00:00] [worker #7] ML tree search #16, logLikelihood: -1355.850621
[00:00:00] [worker #5] ML tree search #14, logLikelihood: -1355.801375
[00:00:00] [worker #2] ML tree search #11, logLikelihood: -1355.801113
[00:00:00] [worker #6] ML tree search #15, logLikelihood: -1355.852236
[00:00:00] [worker #4] ML tree search #13, logLikelihood: -1355.851490
[00:00:00] [worker #3] ML tree search #12, logLikelihood: -1355.801245
[00:00:00 -1355.911534] SLOW spr round 2 (radius: 10)
[00:00:00 -1355.910981] SLOW spr round 3 (radius: 15)
[00:00:00 -1355.910866] SLOW spr round 4 (radius: 20)
[00:00:00 -1355.910837] Model parameter optimization (eps = 0.100000)

[00:00:00] [worker #0] ML tree search #9, logLikelihood: -1355.823710

[00:00:00 -1786.769948] Initial branch length optimization
[00:00:00 -1554.024422] Model parameter optimization (eps = 10.000000)
[00:00:00 -1362.288982] AUTODETECT spr round 1 (radius: 5)
[00:00:00] [worker #1] ML tree search #10, logLikelihood: -1355.804873
[00:00:00 -1356.524970] AUTODETECT spr round 2 (radius: 10)
[00:00:00 -1356.519963] SPR radius for FAST iterations: 5 (autodetect)
[00:00:00 -1356.519963] Model parameter optimization (eps = 3.000000)
[00:00:00 -1356.014457] FAST spr round 1 (radius: 5)
[00:00:00 -1355.961020] Model parameter optimization (eps = 1.000000)
[00:00:00 -1355.872097] SLOW spr round 1 (radius: 5)
[00:00:00] [worker #2] ML tree search #19, logLikelihood: -1355.802718
[00:00:00] [worker #3] ML tree search #20, logLikelihood: -1355.801677
[00:00:00 -1355.869797] SLOW spr round 2 (radius: 10)
[00:00:00 -1355.869585] SLOW spr round 3 (radius: 15)
[00:00:00 -1355.869539] SLOW spr round 4 (radius: 20)
[00:00:00 -1355.869529] Model parameter optimization (eps = 0.100000)

[00:00:00] [worker #0] ML tree search #17, logLikelihood: -1355.851761

[00:00:00] [worker #1] ML tree search #18, logLikelihood: -1355.800871

Optimized model parameters:

   Partition 0: noname
   Rate heterogeneity: GAMMA (4 cats, mean),  alpha: 1.992369 (ML),  weights&rates: (0.250000,0.292362) (0.250000,0.654200) (0.250000,1.069798) (0.250000,1.983641) 
   Base frequencies (ML): 0.220492 0.251176 0.220608 0.307723 
   Substitution rates (ML): 2.311738 38.758052 1.151730 1.707088 3.971241 1.000000 


Final LogLikelihood: -1355.800871

AIC score: 2803.601743 / AICc score: 2831.143144 / BIC score: 2956.235262
Free parameters (model + branch lengths): 46

WARNING: Best ML tree contains 1 near-zero branches!

Best ML tree with collapsed near-zero branches saved to: /home/fili/Documents/KIT/2023/BA/code/output/families/ssim_dtl_s20_f100_sites200_GTR_bl1.0_d0.0_l0.0_t1.0_gc0.0_p0.0_pop10_ms0.0_mf0.0_seed42/families/family_036/misc/raxml_output.GTR+G.raxml.bestTreeCollapsed
Best ML tree saved to: /home/fili/Documents/KIT/2023/BA/code/output/families/ssim_dtl_s20_f100_sites200_GTR_bl1.0_d0.0_l0.0_t1.0_gc0.0_p0.0_pop10_ms0.0_mf0.0_seed42/families/family_036/misc/raxml_output.GTR+G.raxml.bestTree
All ML trees saved to: /home/fili/Documents/KIT/2023/BA/code/output/families/ssim_dtl_s20_f100_sites200_GTR_bl1.0_d0.0_l0.0_t1.0_gc0.0_p0.0_pop10_ms0.0_mf0.0_seed42/families/family_036/misc/raxml_output.GTR+G.raxml.mlTrees
Optimized model saved to: /home/fili/Documents/KIT/2023/BA/code/output/families/ssim_dtl_s20_f100_sites200_GTR_bl1.0_d0.0_l0.0_t1.0_gc0.0_p0.0_pop10_ms0.0_mf0.0_seed42/families/family_036/misc/raxml_output.GTR+G.raxml.bestModel

Execution log saved to: /home/fili/Documents/KIT/2023/BA/code/output/families/ssim_dtl_s20_f100_sites200_GTR_bl1.0_d0.0_l0.0_t1.0_gc0.0_p0.0_pop10_ms0.0_mf0.0_seed42/families/family_036/misc/raxml_output.GTR+G.raxml.log

Analysis started: 05-Jun-2023 13:01:57 / finished: 05-Jun-2023 13:01:58

Elapsed time: 0.563 seconds

