
RAxML-NG v. 1.1.0 released on 29.11.2021 by The Exelixis Lab.
Developed by: Alexey M. Kozlov and Alexandros Stamatakis.
Contributors: Diego Darriba, Tomas Flouri, Benoit Morel, Sarah Lutteropp, Ben Bettisworth.
Latest version: https://github.com/amkozlov/raxml-ng
Questions/problems/suggestions? Please visit: https://groups.google.com/forum/#!forum/raxml

System: AMD Ryzen 7 5800X 8-Core Processor, 8 cores, 31 GB RAM

RAxML-NG was called at 27-Jun-2023 13:04:01 as follows:

/home/fili/Documents/KIT/2023/BA/resources/tools/RAxML-NG/raxml-ng --msa /home/fili/Documents/KIT/2023/BA/code/output/families/ssim_DL_s20_f100_sites200_GTR_bl1.0_d1.0_l1.0_t0.0_gc0.0_p0.0_pop10_ms0.0_mf0.0_seed19732311/families/family_077/alignment.msa --model F81 --prefix /home/fili/Documents/KIT/2023/BA/code/output/families/ssim_DL_s20_f100_sites200_GTR_bl1.0_d1.0_l1.0_t0.0_gc0.0_p0.0_pop10_ms0.0_mf0.0_seed19732311/families/family_077/misc/raxml_output.F81

Analysis options:
  run mode: ML tree search
  start tree(s): random (10) + parsimony (10)
  random seed: 1687863841
  tip-inner: OFF
  pattern compression: ON
  per-rate scalers: OFF
  site repeats: ON
  fast spr radius: AUTO
  spr subtree cutoff: 1.000000
  branch lengths: proportional (ML estimate, algorithm: NR-FAST)
  SIMD kernels: AVX2
  parallelization: coarse-grained (auto), PTHREADS (auto)

[00:00:00] Reading alignment from file: /home/fili/Documents/KIT/2023/BA/code/output/families/ssim_DL_s20_f100_sites200_GTR_bl1.0_d1.0_l1.0_t0.0_gc0.0_p0.0_pop10_ms0.0_mf0.0_seed19732311/families/family_077/alignment.msa
[00:00:00] Loaded alignment with 15 taxa and 222 sites

WARNING: Sequences 12_3_0 and 12_6_0 are exactly identical!
WARNING: Duplicate sequences found: 1

NOTE: Reduced alignment (with duplicates and gap-only sites/taxa removed) 
NOTE: was saved to: /home/fili/Documents/KIT/2023/BA/code/output/families/ssim_DL_s20_f100_sites200_GTR_bl1.0_d1.0_l1.0_t0.0_gc0.0_p0.0_pop10_ms0.0_mf0.0_seed19732311/families/family_077/misc/raxml_output.F81.raxml.reduced.phy

Alignment comprises 1 partitions and 79 patterns

Partition 0: noname
Model: F81+FO
Alignment sites / patterns: 222 / 79
Gaps: 0.00 %
Invariant sites: 59.91 %


NOTE: Binary MSA file created: /home/fili/Documents/KIT/2023/BA/code/output/families/ssim_DL_s20_f100_sites200_GTR_bl1.0_d1.0_l1.0_t0.0_gc0.0_p0.0_pop10_ms0.0_mf0.0_seed19732311/families/family_077/misc/raxml_output.F81.raxml.rba

Parallelization scheme autoconfig: 8 worker(s) x 1 thread(s)

Parallel reduction/worker buffer size: 1 KB  / 0 KB

[00:00:00] Generating 10 random starting tree(s) with 15 taxa
[00:00:00] Generating 10 parsimony starting tree(s) with 15 taxa
[00:00:00] Data distribution: max. partitions/sites/weight per thread: 1 / 79 / 316
[00:00:00] Data distribution: max. searches per worker: 3

Starting ML tree search with 20 distinct starting trees

[00:00:00 -1990.640972] Initial branch length optimization
[00:00:00 -1715.721329] Model parameter optimization (eps = 10.000000)
[00:00:00 -1700.654704] AUTODETECT spr round 1 (radius: 5)
[00:00:00 -1063.214457] AUTODETECT spr round 2 (radius: 10)
[00:00:00 -1063.214388] SPR radius for FAST iterations: 5 (autodetect)
[00:00:00 -1063.214388] Model parameter optimization (eps = 3.000000)
[00:00:00 -1060.370400] FAST spr round 1 (radius: 5)
[00:00:00 -1060.101410] FAST spr round 2 (radius: 5)
[00:00:00 -1057.415197] FAST spr round 3 (radius: 5)
[00:00:00 -1057.415195] Model parameter optimization (eps = 1.000000)
[00:00:00 -1057.410021] SLOW spr round 1 (radius: 5)
[00:00:00 -1057.410021] SLOW spr round 2 (radius: 10)
[00:00:00] [worker #2] ML tree search #3, logLikelihood: -1057.410020
[00:00:00] [worker #4] ML tree search #5, logLikelihood: -1057.410019
[00:00:00] [worker #1] ML tree search #2, logLikelihood: -1057.410020
[00:00:00] [worker #6] ML tree search #7, logLikelihood: -1057.410019
[00:00:00] [worker #5] ML tree search #6, logLikelihood: -1057.410019
[00:00:00 -1057.410021] SLOW spr round 3 (radius: 15)
[00:00:00] [worker #3] ML tree search #4, logLikelihood: -1057.410021
[00:00:00 -1057.410021] Model parameter optimization (eps = 0.100000)

[00:00:00] [worker #0] ML tree search #1, logLikelihood: -1057.410020

[00:00:00 -1854.807357] Initial branch length optimization
[00:00:00 -1597.636988] Model parameter optimization (eps = 10.000000)
[00:00:00] [worker #7] ML tree search #8, logLikelihood: -1057.410020
[00:00:00 -1585.273815] AUTODETECT spr round 1 (radius: 5)
[00:00:00 -1071.572768] AUTODETECT spr round 2 (radius: 10)
[00:00:00 -1071.571697] SPR radius for FAST iterations: 5 (autodetect)
[00:00:00 -1071.571697] Model parameter optimization (eps = 3.000000)
[00:00:00 -1069.355625] FAST spr round 1 (radius: 5)
[00:00:00 -1057.897525] FAST spr round 2 (radius: 5)
[00:00:00] [worker #6] ML tree search #15, logLikelihood: -1057.410020
[00:00:00] [worker #5] ML tree search #14, logLikelihood: -1057.410020
[00:00:00] [worker #2] ML tree search #11, logLikelihood: -1057.410020
[00:00:00] [worker #4] ML tree search #13, logLikelihood: -1057.410020
[00:00:00 -1057.549996] FAST spr round 3 (radius: 5)
[00:00:00] [worker #3] ML tree search #12, logLikelihood: -1057.410020
[00:00:00] [worker #1] ML tree search #10, logLikelihood: -1057.410020
[00:00:00 -1057.549988] Model parameter optimization (eps = 1.000000)
[00:00:00 -1057.410048] SLOW spr round 1 (radius: 5)
[00:00:00] [worker #2] ML tree search #19, logLikelihood: -1057.410019
[00:00:00 -1057.410022] SLOW spr round 2 (radius: 10)
[00:00:00] [worker #7] ML tree search #16, logLikelihood: -1057.410020
[00:00:00 -1057.410022] SLOW spr round 3 (radius: 15)
[00:00:00 -1057.410022] Model parameter optimization (eps = 0.100000)

[00:00:00] [worker #0] ML tree search #9, logLikelihood: -1057.410019

[00:00:00 -1370.434210] Initial branch length optimization
[00:00:00 -1064.670958] Model parameter optimization (eps = 10.000000)
[00:00:00] [worker #1] ML tree search #18, logLikelihood: -1057.410019
[00:00:00 -1057.784140] AUTODETECT spr round 1 (radius: 5)
[00:00:00] [worker #3] ML tree search #20, logLikelihood: -1057.410020
[00:00:00 -1057.783759] SPR radius for FAST iterations: 5 (autodetect)
[00:00:00 -1057.783759] Model parameter optimization (eps = 3.000000)
[00:00:00 -1057.783729] FAST spr round 1 (radius: 5)
[00:00:00 -1057.411616] FAST spr round 2 (radius: 5)
[00:00:00 -1057.411608] Model parameter optimization (eps = 1.000000)
[00:00:00 -1057.410020] SLOW spr round 1 (radius: 5)
[00:00:00 -1057.410019] SLOW spr round 2 (radius: 10)
[00:00:00 -1057.410019] SLOW spr round 3 (radius: 15)
[00:00:00 -1057.410019] Model parameter optimization (eps = 0.100000)

[00:00:00] [worker #0] ML tree search #17, logLikelihood: -1057.410019


Optimized model parameters:

   Partition 0: noname
   Rate heterogeneity: NONE
   Base frequencies (ML): 0.317979 0.257514 0.241772 0.182735 
   Substitution rates (model): 1.000000 1.000000 1.000000 1.000000 1.000000 1.000000 


Final LogLikelihood: -1057.410019

AIC score: 2174.820038 / AICc score: 2184.558258 / BIC score: 2276.900360
Free parameters (model + branch lengths): 30

Best ML tree saved to: /home/fili/Documents/KIT/2023/BA/code/output/families/ssim_DL_s20_f100_sites200_GTR_bl1.0_d1.0_l1.0_t0.0_gc0.0_p0.0_pop10_ms0.0_mf0.0_seed19732311/families/family_077/misc/raxml_output.F81.raxml.bestTree
All ML trees saved to: /home/fili/Documents/KIT/2023/BA/code/output/families/ssim_DL_s20_f100_sites200_GTR_bl1.0_d1.0_l1.0_t0.0_gc0.0_p0.0_pop10_ms0.0_mf0.0_seed19732311/families/family_077/misc/raxml_output.F81.raxml.mlTrees
Optimized model saved to: /home/fili/Documents/KIT/2023/BA/code/output/families/ssim_DL_s20_f100_sites200_GTR_bl1.0_d1.0_l1.0_t0.0_gc0.0_p0.0_pop10_ms0.0_mf0.0_seed19732311/families/family_077/misc/raxml_output.F81.raxml.bestModel

Execution log saved to: /home/fili/Documents/KIT/2023/BA/code/output/families/ssim_DL_s20_f100_sites200_GTR_bl1.0_d1.0_l1.0_t0.0_gc0.0_p0.0_pop10_ms0.0_mf0.0_seed19732311/families/family_077/misc/raxml_output.F81.raxml.log

Analysis started: 27-Jun-2023 13:04:01 / finished: 27-Jun-2023 13:04:01

Elapsed time: 0.169 seconds

