
RAxML-NG v. 1.1.0 released on 29.11.2021 by The Exelixis Lab.
Developed by: Alexey M. Kozlov and Alexandros Stamatakis.
Contributors: Diego Darriba, Tomas Flouri, Benoit Morel, Sarah Lutteropp, Ben Bettisworth.
Latest version: https://github.com/amkozlov/raxml-ng
Questions/problems/suggestions? Please visit: https://groups.google.com/forum/#!forum/raxml

System: AMD Ryzen 7 5800X 8-Core Processor, 8 cores, 31 GB RAM

RAxML-NG was called at 13-Jun-2023 16:02:53 as follows:

/home/fili/Documents/KIT/2023/BA/resources/tools/RAxML-NG/raxml-ng --msa /home/fili/Documents/KIT/2023/BA/code/output/families/ssim_DL_s20_f100_sites200_GTR_bl1.0_d1.0_l1.0_t0.0_gc0.0_p0.0_pop10_ms0.0_mf0.0_seed42/families/family_053/alignment.msa --model F81 --prefix /home/fili/Documents/KIT/2023/BA/code/output/families/ssim_DL_s20_f100_sites200_GTR_bl1.0_d1.0_l1.0_t0.0_gc0.0_p0.0_pop10_ms0.0_mf0.0_seed42/families/family_053/misc/raxml_output.F81

Analysis options:
  run mode: ML tree search
  start tree(s): random (10) + parsimony (10)
  random seed: 1686664973
  tip-inner: OFF
  pattern compression: ON
  per-rate scalers: OFF
  site repeats: ON
  fast spr radius: AUTO
  spr subtree cutoff: 1.000000
  branch lengths: proportional (ML estimate, algorithm: NR-FAST)
  SIMD kernels: AVX2
  parallelization: coarse-grained (auto), PTHREADS (auto)

[00:00:00] Reading alignment from file: /home/fili/Documents/KIT/2023/BA/code/output/families/ssim_DL_s20_f100_sites200_GTR_bl1.0_d1.0_l1.0_t0.0_gc0.0_p0.0_pop10_ms0.0_mf0.0_seed42/families/family_053/alignment.msa
[00:00:00] Loaded alignment with 11 taxa and 175 sites

WARNING: Sequences 3_1_0 and 2_1_0 are exactly identical!
WARNING: Sequences 3_1_0 and 1_1_0 are exactly identical!
WARNING: Sequences 1_2_0 and 3_2_0 are exactly identical!
WARNING: Sequences 1_2_0 and 2_5_0 are exactly identical!
WARNING: Sequences 1_2_0 and 3_5_0 are exactly identical!
WARNING: Duplicate sequences found: 5

NOTE: Reduced alignment (with duplicates and gap-only sites/taxa removed) 
NOTE: was saved to: /home/fili/Documents/KIT/2023/BA/code/output/families/ssim_DL_s20_f100_sites200_GTR_bl1.0_d1.0_l1.0_t0.0_gc0.0_p0.0_pop10_ms0.0_mf0.0_seed42/families/family_053/misc/raxml_output.F81.raxml.reduced.phy

Alignment comprises 1 partitions and 15 patterns

Partition 0: noname
Model: F81+FO
Alignment sites / patterns: 175 / 15
Gaps: 0.00 %
Invariant sites: 92.00 %


NOTE: Binary MSA file created: /home/fili/Documents/KIT/2023/BA/code/output/families/ssim_DL_s20_f100_sites200_GTR_bl1.0_d1.0_l1.0_t0.0_gc0.0_p0.0_pop10_ms0.0_mf0.0_seed42/families/family_053/misc/raxml_output.F81.raxml.rba

Parallelization scheme autoconfig: 8 worker(s) x 1 thread(s)

Parallel reduction/worker buffer size: 1 KB  / 0 KB

[00:00:00] Generating 10 random starting tree(s) with 11 taxa
[00:00:00] Generating 10 parsimony starting tree(s) with 11 taxa
[00:00:00] Data distribution: max. partitions/sites/weight per thread: 1 / 15 / 60
[00:00:00] Data distribution: max. searches per worker: 3

Starting ML tree search with 20 distinct starting trees

[00:00:00 -736.520605] Initial branch length optimization
[00:00:00 -520.162553] Model parameter optimization (eps = 10.000000)
[00:00:00 -518.165684] AUTODETECT spr round 1 (radius: 5)
[00:00:00 -346.331065] AUTODETECT spr round 2 (radius: 10)
[00:00:00 -346.331043] SPR radius for FAST iterations: 5 (autodetect)
[00:00:00 -346.331043] Model parameter optimization (eps = 3.000000)
[00:00:00 -345.670128] FAST spr round 1 (radius: 5)
[00:00:00 -345.626007] Model parameter optimization (eps = 1.000000)
[00:00:00 -345.625994] SLOW spr round 1 (radius: 5)
[00:00:00] [worker #6] ML tree search #7, logLikelihood: -345.625991
[00:00:00 -345.625985] SLOW spr round 2 (radius: 10)
[00:00:00] [worker #7] ML tree search #8, logLikelihood: -345.625992
[00:00:00] [worker #2] ML tree search #3, logLikelihood: -345.625983
[00:00:00] [worker #1] ML tree search #2, logLikelihood: -345.626021
[00:00:00] [worker #4] ML tree search #5, logLikelihood: -345.626001
[00:00:00 -345.625983] Model parameter optimization (eps = 0.100000)
[00:00:00] [worker #5] ML tree search #6, logLikelihood: -345.625983

[00:00:00] [worker #0] ML tree search #1, logLikelihood: -345.625983

[00:00:00] [worker #3] ML tree search #4, logLikelihood: -345.625983
[00:00:00 -738.661566] Initial branch length optimization
[00:00:00 -536.623016] Model parameter optimization (eps = 10.000000)
[00:00:00 -533.994722] AUTODETECT spr round 1 (radius: 5)
[00:00:00 -346.358187] AUTODETECT spr round 2 (radius: 10)
[00:00:00 -346.358186] SPR radius for FAST iterations: 5 (autodetect)
[00:00:00 -346.358186] Model parameter optimization (eps = 3.000000)
[00:00:00] [worker #6] ML tree search #15, logLikelihood: -345.625985
[00:00:00 -345.670127] FAST spr round 1 (radius: 5)
[00:00:00 -345.626008] Model parameter optimization (eps = 1.000000)
[00:00:00 -345.625995] SLOW spr round 1 (radius: 5)
[00:00:00] [worker #7] ML tree search #16, logLikelihood: -345.626021
[00:00:00] [worker #2] ML tree search #11, logLikelihood: -345.625983
[00:00:00] [worker #4] ML tree search #13, logLikelihood: -345.625983
[00:00:00] [worker #1] ML tree search #10, logLikelihood: -345.625983
[00:00:00] [worker #5] ML tree search #14, logLikelihood: -345.626037
[00:00:00 -345.625986] SLOW spr round 2 (radius: 10)
[00:00:00 -345.625984] Model parameter optimization (eps = 0.100000)

[00:00:00] [worker #0] ML tree search #9, logLikelihood: -345.625983

[00:00:00 -625.446041] Initial branch length optimization
[00:00:00 -346.540478] Model parameter optimization (eps = 10.000000)
[00:00:00] [worker #3] ML tree search #12, logLikelihood: -345.625992
[00:00:00 -345.626546] AUTODETECT spr round 1 (radius: 5)
[00:00:00 -345.626378] SPR radius for FAST iterations: 5 (autodetect)
[00:00:00 -345.626378] Model parameter optimization (eps = 3.000000)
[00:00:00 -345.626178] FAST spr round 1 (radius: 5)
[00:00:00 -345.626030] Model parameter optimization (eps = 1.000000)
[00:00:00] [worker #2] ML tree search #19, logLikelihood: -345.625983
[00:00:00 -345.626006] SLOW spr round 1 (radius: 5)
[00:00:00] [worker #1] ML tree search #18, logLikelihood: -345.625992
[00:00:00 -345.625989] SLOW spr round 2 (radius: 10)
[00:00:00 -345.625984] Model parameter optimization (eps = 0.100000)

[00:00:00] [worker #0] ML tree search #17, logLikelihood: -345.625984

[00:00:00] [worker #3] ML tree search #20, logLikelihood: -345.626010

Optimized model parameters:

   Partition 0: noname
   Rate heterogeneity: NONE
   Base frequencies (ML): 0.248004 0.211555 0.269749 0.270691 
   Substitution rates (model): 1.000000 1.000000 1.000000 1.000000 1.000000 1.000000 


Final LogLikelihood: -345.625983

AIC score: 735.251966 / AICc score: 741.909860 / BIC score: 804.877257
Free parameters (model + branch lengths): 22

WARNING: Best ML tree contains 4 near-zero branches!

Best ML tree with collapsed near-zero branches saved to: /home/fili/Documents/KIT/2023/BA/code/output/families/ssim_DL_s20_f100_sites200_GTR_bl1.0_d1.0_l1.0_t0.0_gc0.0_p0.0_pop10_ms0.0_mf0.0_seed42/families/family_053/misc/raxml_output.F81.raxml.bestTreeCollapsed
Best ML tree saved to: /home/fili/Documents/KIT/2023/BA/code/output/families/ssim_DL_s20_f100_sites200_GTR_bl1.0_d1.0_l1.0_t0.0_gc0.0_p0.0_pop10_ms0.0_mf0.0_seed42/families/family_053/misc/raxml_output.F81.raxml.bestTree
All ML trees saved to: /home/fili/Documents/KIT/2023/BA/code/output/families/ssim_DL_s20_f100_sites200_GTR_bl1.0_d1.0_l1.0_t0.0_gc0.0_p0.0_pop10_ms0.0_mf0.0_seed42/families/family_053/misc/raxml_output.F81.raxml.mlTrees
Optimized model saved to: /home/fili/Documents/KIT/2023/BA/code/output/families/ssim_DL_s20_f100_sites200_GTR_bl1.0_d1.0_l1.0_t0.0_gc0.0_p0.0_pop10_ms0.0_mf0.0_seed42/families/family_053/misc/raxml_output.F81.raxml.bestModel

Execution log saved to: /home/fili/Documents/KIT/2023/BA/code/output/families/ssim_DL_s20_f100_sites200_GTR_bl1.0_d1.0_l1.0_t0.0_gc0.0_p0.0_pop10_ms0.0_mf0.0_seed42/families/family_053/misc/raxml_output.F81.raxml.log

Analysis started: 13-Jun-2023 16:02:53 / finished: 13-Jun-2023 16:02:53

Elapsed time: 0.021 seconds

