
RAxML-NG v. 1.1.0 released on 29.11.2021 by The Exelixis Lab.
Developed by: Alexey M. Kozlov and Alexandros Stamatakis.
Contributors: Diego Darriba, Tomas Flouri, Benoit Morel, Sarah Lutteropp, Ben Bettisworth.
Latest version: https://github.com/amkozlov/raxml-ng
Questions/problems/suggestions? Please visit: https://groups.google.com/forum/#!forum/raxml

System: AMD Ryzen 7 5800X 8-Core Processor, 8 cores, 31 GB RAM

RAxML-NG was called at 27-Jun-2023 13:43:58 as follows:

/home/fili/Documents/KIT/2023/BA/resources/tools/RAxML-NG/raxml-ng --msa /home/fili/Documents/KIT/2023/BA/code/output/families/ssim_DL_s20_f100_sites200_GTR_bl1.0_d1.0_l1.0_t0.0_gc0.0_p0.0_pop10_ms0.0_mf0.0_seed14976684177860080345/families/family_095/alignment.msa --model F81 --prefix /home/fili/Documents/KIT/2023/BA/code/output/families/ssim_DL_s20_f100_sites200_GTR_bl1.0_d1.0_l1.0_t0.0_gc0.0_p0.0_pop10_ms0.0_mf0.0_seed14976684177860080345/families/family_095/misc/raxml_output.F81

Analysis options:
  run mode: ML tree search
  start tree(s): random (10) + parsimony (10)
  random seed: 1687866238
  tip-inner: OFF
  pattern compression: ON
  per-rate scalers: OFF
  site repeats: ON
  fast spr radius: AUTO
  spr subtree cutoff: 1.000000
  branch lengths: proportional (ML estimate, algorithm: NR-FAST)
  SIMD kernels: AVX2
  parallelization: coarse-grained (auto), PTHREADS (auto)

[00:00:00] Reading alignment from file: /home/fili/Documents/KIT/2023/BA/code/output/families/ssim_DL_s20_f100_sites200_GTR_bl1.0_d1.0_l1.0_t0.0_gc0.0_p0.0_pop10_ms0.0_mf0.0_seed14976684177860080345/families/family_095/alignment.msa
[00:00:00] Loaded alignment with 20 taxa and 137 sites

WARNING: Sequences 11_2_0 and 2_2_0 are exactly identical!
WARNING: Sequences 3_2_0 and 6_2_0 are exactly identical!
WARNING: Sequences 3_1_0 and 6_1_0 are exactly identical!
WARNING: Sequences 3_1_0 and 13_1_0 are exactly identical!
WARNING: Sequences 2_1_0 and 14_1_0 are exactly identical!
WARNING: Sequences 3_0_0 and 6_0_0 are exactly identical!
WARNING: Sequences 11_0_0 and 2_0_0 are exactly identical!
WARNING: Sequences 11_0_0 and 14_0_0 are exactly identical!
WARNING: Duplicate sequences found: 8

NOTE: Reduced alignment (with duplicates and gap-only sites/taxa removed) 
NOTE: was saved to: /home/fili/Documents/KIT/2023/BA/code/output/families/ssim_DL_s20_f100_sites200_GTR_bl1.0_d1.0_l1.0_t0.0_gc0.0_p0.0_pop10_ms0.0_mf0.0_seed14976684177860080345/families/family_095/misc/raxml_output.F81.raxml.reduced.phy

Alignment comprises 1 partitions and 31 patterns

Partition 0: noname
Model: F81+FO
Alignment sites / patterns: 137 / 31
Gaps: 0.00 %
Invariant sites: 70.80 %


NOTE: Binary MSA file created: /home/fili/Documents/KIT/2023/BA/code/output/families/ssim_DL_s20_f100_sites200_GTR_bl1.0_d1.0_l1.0_t0.0_gc0.0_p0.0_pop10_ms0.0_mf0.0_seed14976684177860080345/families/family_095/misc/raxml_output.F81.raxml.rba

Parallelization scheme autoconfig: 8 worker(s) x 1 thread(s)

Parallel reduction/worker buffer size: 1 KB  / 0 KB

[00:00:00] Generating 10 random starting tree(s) with 20 taxa
[00:00:00] Generating 10 parsimony starting tree(s) with 20 taxa
[00:00:00] Data distribution: max. partitions/sites/weight per thread: 1 / 31 / 124
[00:00:00] Data distribution: max. searches per worker: 3

Starting ML tree search with 20 distinct starting trees

[00:00:00 -1012.627049] Initial branch length optimization
[00:00:00 -700.371889] Model parameter optimization (eps = 10.000000)
[00:00:00 -699.794789] AUTODETECT spr round 1 (radius: 5)
[00:00:00 -467.654949] AUTODETECT spr round 2 (radius: 10)
[00:00:00 -438.685493] AUTODETECT spr round 3 (radius: 15)
[00:00:00 -438.685493] SPR radius for FAST iterations: 10 (autodetect)
[00:00:00 -438.685493] Model parameter optimization (eps = 3.000000)
[00:00:00 -438.077739] FAST spr round 1 (radius: 10)
[00:00:00 -438.077735] Model parameter optimization (eps = 1.000000)
[00:00:00 -438.077731] SLOW spr round 1 (radius: 5)
[00:00:00 -438.077731] SLOW spr round 2 (radius: 10)
[00:00:00] [worker #1] ML tree search #2, logLikelihood: -438.077730
[00:00:00 -438.077731] SLOW spr round 3 (radius: 15)
[00:00:00 -438.077731] SLOW spr round 4 (radius: 20)
[00:00:00 -438.077731] Model parameter optimization (eps = 0.100000)

[00:00:00] [worker #0] ML tree search #1, logLikelihood: -438.077730

[00:00:00] [worker #3] ML tree search #4, logLikelihood: -438.077730
[00:00:00] [worker #5] ML tree search #6, logLikelihood: -438.077730
[00:00:00] [worker #2] ML tree search #3, logLikelihood: -438.077730
[00:00:00] [worker #6] ML tree search #7, logLikelihood: -438.077730
[00:00:00] [worker #4] ML tree search #5, logLikelihood: -438.077730
[00:00:00 -1001.634580] Initial branch length optimization
[00:00:00 -674.781925] Model parameter optimization (eps = 10.000000)
[00:00:00] [worker #7] ML tree search #8, logLikelihood: -438.077729
[00:00:00 -674.048615] AUTODETECT spr round 1 (radius: 5)
[00:00:00 -439.401433] AUTODETECT spr round 2 (radius: 10)
[00:00:00 -439.401433] SPR radius for FAST iterations: 5 (autodetect)
[00:00:00 -439.401433] Model parameter optimization (eps = 3.000000)
[00:00:00 -438.984357] FAST spr round 1 (radius: 5)
[00:00:00 -438.082430] FAST spr round 2 (radius: 5)
[00:00:00 -438.082430] Model parameter optimization (eps = 1.000000)
[00:00:00 -438.077729] SLOW spr round 1 (radius: 5)
[00:00:00 -438.077729] SLOW spr round 2 (radius: 10)
[00:00:00] [worker #3] ML tree search #12, logLikelihood: -438.077730
[00:00:00] [worker #1] ML tree search #10, logLikelihood: -438.077730
[00:00:00] [worker #6] ML tree search #15, logLikelihood: -438.077731
[00:00:00] [worker #5] ML tree search #14, logLikelihood: -438.077731
[00:00:00] [worker #2] ML tree search #11, logLikelihood: -438.077730
[00:00:00] [worker #4] ML tree search #13, logLikelihood: -438.077731
[00:00:00 -438.077729] SLOW spr round 3 (radius: 15)
[00:00:00 -438.077729] SLOW spr round 4 (radius: 20)
[00:00:00] [worker #7] ML tree search #16, logLikelihood: -438.077730
[00:00:00 -438.077729] Model parameter optimization (eps = 0.100000)

[00:00:00] [worker #0] ML tree search #9, logLikelihood: -438.077729

[00:00:00 -853.051123] Initial branch length optimization
[00:00:00 -438.402466] Model parameter optimization (eps = 10.000000)
[00:00:00 -438.077734] AUTODETECT spr round 1 (radius: 5)
[00:00:00 -438.077732] SPR radius for FAST iterations: 5 (autodetect)
[00:00:00 -438.077732] Model parameter optimization (eps = 3.000000)
[00:00:00 -438.077731] FAST spr round 1 (radius: 5)
[00:00:00 -438.077731] Model parameter optimization (eps = 1.000000)
[00:00:00 -438.077731] SLOW spr round 1 (radius: 5)
[00:00:00 -438.077731] SLOW spr round 2 (radius: 10)
[00:00:00] [worker #3] ML tree search #20, logLikelihood: -438.077731
[00:00:00] [worker #1] ML tree search #18, logLikelihood: -438.077730
[00:00:00 -438.077731] SLOW spr round 3 (radius: 15)
[00:00:00 -438.077731] SLOW spr round 4 (radius: 20)
[00:00:00 -438.077731] Model parameter optimization (eps = 0.100000)

[00:00:00] [worker #0] ML tree search #17, logLikelihood: -438.077731

[00:00:00] [worker #2] ML tree search #19, logLikelihood: -438.077730

Optimized model parameters:

   Partition 0: noname
   Rate heterogeneity: NONE
   Base frequencies (ML): 0.263617 0.237474 0.233400 0.265510 
   Substitution rates (model): 1.000000 1.000000 1.000000 1.000000 1.000000 1.000000 


Final LogLikelihood: -438.077729

AIC score: 956.155458 / AICc score: 990.322125 / BIC score: 1072.954695
Free parameters (model + branch lengths): 40

WARNING: Best ML tree contains 9 near-zero branches!

Best ML tree with collapsed near-zero branches saved to: /home/fili/Documents/KIT/2023/BA/code/output/families/ssim_DL_s20_f100_sites200_GTR_bl1.0_d1.0_l1.0_t0.0_gc0.0_p0.0_pop10_ms0.0_mf0.0_seed14976684177860080345/families/family_095/misc/raxml_output.F81.raxml.bestTreeCollapsed
Best ML tree saved to: /home/fili/Documents/KIT/2023/BA/code/output/families/ssim_DL_s20_f100_sites200_GTR_bl1.0_d1.0_l1.0_t0.0_gc0.0_p0.0_pop10_ms0.0_mf0.0_seed14976684177860080345/families/family_095/misc/raxml_output.F81.raxml.bestTree
All ML trees saved to: /home/fili/Documents/KIT/2023/BA/code/output/families/ssim_DL_s20_f100_sites200_GTR_bl1.0_d1.0_l1.0_t0.0_gc0.0_p0.0_pop10_ms0.0_mf0.0_seed14976684177860080345/families/family_095/misc/raxml_output.F81.raxml.mlTrees
Optimized model saved to: /home/fili/Documents/KIT/2023/BA/code/output/families/ssim_DL_s20_f100_sites200_GTR_bl1.0_d1.0_l1.0_t0.0_gc0.0_p0.0_pop10_ms0.0_mf0.0_seed14976684177860080345/families/family_095/misc/raxml_output.F81.raxml.bestModel

Execution log saved to: /home/fili/Documents/KIT/2023/BA/code/output/families/ssim_DL_s20_f100_sites200_GTR_bl1.0_d1.0_l1.0_t0.0_gc0.0_p0.0_pop10_ms0.0_mf0.0_seed14976684177860080345/families/family_095/misc/raxml_output.F81.raxml.log

Analysis started: 27-Jun-2023 13:43:58 / finished: 27-Jun-2023 13:43:58

Elapsed time: 0.102 seconds

