
RAxML-NG v. 1.1.0 released on 29.11.2021 by The Exelixis Lab.
Developed by: Alexey M. Kozlov and Alexandros Stamatakis.
Contributors: Diego Darriba, Tomas Flouri, Benoit Morel, Sarah Lutteropp, Ben Bettisworth.
Latest version: https://github.com/amkozlov/raxml-ng
Questions/problems/suggestions? Please visit: https://groups.google.com/forum/#!forum/raxml

System: AMD Ryzen 7 5800X 8-Core Processor, 8 cores, 31 GB RAM

RAxML-NG was called at 16-Jun-2023 09:59:15 as follows:

/home/fili/Documents/KIT/2023/BA/resources/tools/RAxML-NG/raxml-ng --msa /home/fili/Documents/KIT/2023/BA/code/output/families/ssim_NE_s20_f100_sites200_GTR_bl1.0_d0.0_l0.0_t0.0_gc0.0_p0.0_pop10_ms0.0_mf0.0_seed1007/families/family_031/alignment.msa --model F81 --prefix /home/fili/Documents/KIT/2023/BA/code/output/families/ssim_NE_s20_f100_sites200_GTR_bl1.0_d0.0_l0.0_t0.0_gc0.0_p0.0_pop10_ms0.0_mf0.0_seed1007/families/family_031/misc/raxml_output.F81

Analysis options:
  run mode: ML tree search
  start tree(s): random (10) + parsimony (10)
  random seed: 1686902355
  tip-inner: OFF
  pattern compression: ON
  per-rate scalers: OFF
  site repeats: ON
  fast spr radius: AUTO
  spr subtree cutoff: 1.000000
  branch lengths: proportional (ML estimate, algorithm: NR-FAST)
  SIMD kernels: AVX2
  parallelization: coarse-grained (auto), PTHREADS (auto)

[00:00:00] Reading alignment from file: /home/fili/Documents/KIT/2023/BA/code/output/families/ssim_NE_s20_f100_sites200_GTR_bl1.0_d0.0_l0.0_t0.0_gc0.0_p0.0_pop10_ms0.0_mf0.0_seed1007/families/family_031/alignment.msa
[00:00:00] Loaded alignment with 20 taxa and 137 sites

WARNING: Sequences 7_0_0 and 11_0_0 are exactly identical!
WARNING: Sequences 7_0_0 and 8_0_0 are exactly identical!
WARNING: Sequences 7_0_0 and 6_0_0 are exactly identical!
WARNING: Sequences 14_0_0 and 18_0_0 are exactly identical!
WARNING: Sequences 14_0_0 and 20_0_0 are exactly identical!
WARNING: Sequences 14_0_0 and 19_0_0 are exactly identical!
WARNING: Sequences 14_0_0 and 13_0_0 are exactly identical!
WARNING: Sequences 14_0_0 and 15_0_0 are exactly identical!
WARNING: Duplicate sequences found: 8

NOTE: Reduced alignment (with duplicates and gap-only sites/taxa removed) 
NOTE: was saved to: /home/fili/Documents/KIT/2023/BA/code/output/families/ssim_NE_s20_f100_sites200_GTR_bl1.0_d0.0_l0.0_t0.0_gc0.0_p0.0_pop10_ms0.0_mf0.0_seed1007/families/family_031/misc/raxml_output.F81.raxml.reduced.phy

Alignment comprises 1 partitions and 31 patterns

Partition 0: noname
Model: F81+FO
Alignment sites / patterns: 137 / 31
Gaps: 0.00 %
Invariant sites: 75.91 %


NOTE: Binary MSA file created: /home/fili/Documents/KIT/2023/BA/code/output/families/ssim_NE_s20_f100_sites200_GTR_bl1.0_d0.0_l0.0_t0.0_gc0.0_p0.0_pop10_ms0.0_mf0.0_seed1007/families/family_031/misc/raxml_output.F81.raxml.rba

Parallelization scheme autoconfig: 8 worker(s) x 1 thread(s)

Parallel reduction/worker buffer size: 1 KB  / 0 KB

[00:00:00] Generating 10 random starting tree(s) with 20 taxa
[00:00:00] Generating 10 parsimony starting tree(s) with 20 taxa
[00:00:00] Data distribution: max. partitions/sites/weight per thread: 1 / 31 / 124
[00:00:00] Data distribution: max. searches per worker: 3

Starting ML tree search with 20 distinct starting trees

[00:00:00 -1008.201751] Initial branch length optimization
[00:00:00 -710.984535] Model parameter optimization (eps = 10.000000)
[00:00:00 -686.325050] AUTODETECT spr round 1 (radius: 5)
[00:00:00 -456.516030] AUTODETECT spr round 2 (radius: 10)
[00:00:00 -453.119068] AUTODETECT spr round 3 (radius: 15)
[00:00:00 -453.119044] SPR radius for FAST iterations: 10 (autodetect)
[00:00:00 -453.119044] Model parameter optimization (eps = 3.000000)
[00:00:00 -451.467568] FAST spr round 1 (radius: 10)
[00:00:00 -451.467558] Model parameter optimization (eps = 1.000000)
[00:00:00 -451.467508] SLOW spr round 1 (radius: 5)
[00:00:00 -451.467508] SLOW spr round 2 (radius: 10)
[00:00:00 -451.467508] SLOW spr round 3 (radius: 15)
[00:00:00 -451.467508] SLOW spr round 4 (radius: 20)
[00:00:00 -451.467508] Model parameter optimization (eps = 0.100000)

[00:00:00] [worker #0] ML tree search #1, logLikelihood: -451.467508

[00:00:00] [worker #2] ML tree search #3, logLikelihood: -450.658239
[00:00:00] [worker #1] ML tree search #2, logLikelihood: -451.467508
[00:00:00] [worker #7] ML tree search #8, logLikelihood: -450.658240
[00:00:00] [worker #6] ML tree search #7, logLikelihood: -450.658313
[00:00:00 -1005.082024] Initial branch length optimization
[00:00:00 -681.748233] Model parameter optimization (eps = 10.000000)
[00:00:00] [worker #3] ML tree search #4, logLikelihood: -451.467507
[00:00:00 -657.700736] AUTODETECT spr round 1 (radius: 5)
[00:00:00 -478.900356] AUTODETECT spr round 2 (radius: 10)
[00:00:00 -478.899279] SPR radius for FAST iterations: 5 (autodetect)
[00:00:00 -478.899279] Model parameter optimization (eps = 3.000000)
[00:00:00] [worker #5] ML tree search #6, logLikelihood: -451.467506
[00:00:00] [worker #4] ML tree search #5, logLikelihood: -451.467506
[00:00:00 -477.678698] FAST spr round 1 (radius: 5)
[00:00:00 -450.913585] FAST spr round 2 (radius: 5)
[00:00:00 -450.913580] Model parameter optimization (eps = 1.000000)
[00:00:00 -450.658240] SLOW spr round 1 (radius: 5)
[00:00:00 -450.658240] SLOW spr round 2 (radius: 10)
[00:00:00] [worker #2] ML tree search #11, logLikelihood: -450.658313
[00:00:00 -450.658240] SLOW spr round 3 (radius: 15)
[00:00:00 -450.658240] SLOW spr round 4 (radius: 20)
[00:00:00] [worker #6] ML tree search #15, logLikelihood: -450.658313
[00:00:00] [worker #7] ML tree search #16, logLikelihood: -450.658314
[00:00:00 -450.658240] Model parameter optimization (eps = 0.100000)

[00:00:00] [worker #0] ML tree search #9, logLikelihood: -450.658239

[00:00:00 -848.518265] Initial branch length optimization
[00:00:00 -467.789052] Model parameter optimization (eps = 10.000000)
[00:00:00] [worker #5] ML tree search #14, logLikelihood: -450.658313
[00:00:00 -455.911622] AUTODETECT spr round 1 (radius: 5)
[00:00:00] [worker #1] ML tree search #10, logLikelihood: -450.658312
[00:00:00 -450.663987] AUTODETECT spr round 2 (radius: 10)
[00:00:00] [worker #3] ML tree search #12, logLikelihood: -451.467508
[00:00:00 -450.663987] SPR radius for FAST iterations: 5 (autodetect)
[00:00:00 -450.663987] Model parameter optimization (eps = 3.000000)
[00:00:00 -450.658316] FAST spr round 1 (radius: 5)
[00:00:00] [worker #4] ML tree search #13, logLikelihood: -450.658312
[00:00:00 -450.658316] Model parameter optimization (eps = 1.000000)
[00:00:00 -450.658315] SLOW spr round 1 (radius: 5)
[00:00:00 -450.658314] SLOW spr round 2 (radius: 10)
[00:00:00] [worker #2] ML tree search #19, logLikelihood: -450.658244
[00:00:00 -450.658314] SLOW spr round 3 (radius: 15)
[00:00:00 -450.658314] SLOW spr round 4 (radius: 20)
[00:00:00 -450.658314] Model parameter optimization (eps = 0.100000)

[00:00:00] [worker #0] ML tree search #17, logLikelihood: -450.658314

[00:00:00] [worker #1] ML tree search #18, logLikelihood: -451.467508
[00:00:00] [worker #3] ML tree search #20, logLikelihood: -451.467513

Optimized model parameters:

   Partition 0: noname
   Rate heterogeneity: NONE
   Base frequencies (ML): 0.341050 0.119545 0.293300 0.246105 
   Substitution rates (model): 1.000000 1.000000 1.000000 1.000000 1.000000 1.000000 


Final LogLikelihood: -450.658239

AIC score: 981.316478 / AICc score: 1015.483144 / BIC score: 1098.115715
Free parameters (model + branch lengths): 40

WARNING: Best ML tree contains 9 near-zero branches!

Best ML tree with collapsed near-zero branches saved to: /home/fili/Documents/KIT/2023/BA/code/output/families/ssim_NE_s20_f100_sites200_GTR_bl1.0_d0.0_l0.0_t0.0_gc0.0_p0.0_pop10_ms0.0_mf0.0_seed1007/families/family_031/misc/raxml_output.F81.raxml.bestTreeCollapsed
Best ML tree saved to: /home/fili/Documents/KIT/2023/BA/code/output/families/ssim_NE_s20_f100_sites200_GTR_bl1.0_d0.0_l0.0_t0.0_gc0.0_p0.0_pop10_ms0.0_mf0.0_seed1007/families/family_031/misc/raxml_output.F81.raxml.bestTree
All ML trees saved to: /home/fili/Documents/KIT/2023/BA/code/output/families/ssim_NE_s20_f100_sites200_GTR_bl1.0_d0.0_l0.0_t0.0_gc0.0_p0.0_pop10_ms0.0_mf0.0_seed1007/families/family_031/misc/raxml_output.F81.raxml.mlTrees
Optimized model saved to: /home/fili/Documents/KIT/2023/BA/code/output/families/ssim_NE_s20_f100_sites200_GTR_bl1.0_d0.0_l0.0_t0.0_gc0.0_p0.0_pop10_ms0.0_mf0.0_seed1007/families/family_031/misc/raxml_output.F81.raxml.bestModel

Execution log saved to: /home/fili/Documents/KIT/2023/BA/code/output/families/ssim_NE_s20_f100_sites200_GTR_bl1.0_d0.0_l0.0_t0.0_gc0.0_p0.0_pop10_ms0.0_mf0.0_seed1007/families/family_031/misc/raxml_output.F81.raxml.log

Analysis started: 16-Jun-2023 09:59:15 / finished: 16-Jun-2023 09:59:15

Elapsed time: 0.108 seconds

