
RAxML-NG v. 1.1.0 released on 29.11.2021 by The Exelixis Lab.
Developed by: Alexey M. Kozlov and Alexandros Stamatakis.
Contributors: Diego Darriba, Tomas Flouri, Benoit Morel, Sarah Lutteropp, Ben Bettisworth.
Latest version: https://github.com/amkozlov/raxml-ng
Questions/problems/suggestions? Please visit: https://groups.google.com/forum/#!forum/raxml

System: AMD Ryzen 7 5800X 8-Core Processor, 8 cores, 31 GB RAM

RAxML-NG was called at 19-Jun-2023 17:10:57 as follows:

/home/fili/Documents/KIT/2023/BA/resources/tools/RAxML-NG/raxml-ng --msa /home/fili/Documents/KIT/2023/BA/code/output/families/ssim_NE_s20_f100_sites200_GTR_bl1.0_d0.0_l0.0_t0.0_gc0.0_p0.0_pop10_ms0.0_mf0.0_seed42/families/family_026/alignment.msa --model F81 --prefix /home/fili/Documents/KIT/2023/BA/code/output/families/ssim_NE_s20_f100_sites200_GTR_bl1.0_d0.0_l0.0_t0.0_gc0.0_p0.0_pop10_ms0.0_mf0.0_seed42/families/family_026/misc/raxml_output.F81

Analysis options:
  run mode: ML tree search
  start tree(s): random (10) + parsimony (10)
  random seed: 1687187457
  tip-inner: OFF
  pattern compression: ON
  per-rate scalers: OFF
  site repeats: ON
  fast spr radius: AUTO
  spr subtree cutoff: 1.000000
  branch lengths: proportional (ML estimate, algorithm: NR-FAST)
  SIMD kernels: AVX2
  parallelization: coarse-grained (auto), PTHREADS (auto)

[00:00:00] Reading alignment from file: /home/fili/Documents/KIT/2023/BA/code/output/families/ssim_NE_s20_f100_sites200_GTR_bl1.0_d0.0_l0.0_t0.0_gc0.0_p0.0_pop10_ms0.0_mf0.0_seed42/families/family_026/alignment.msa
[00:00:00] Loaded alignment with 20 taxa and 335 sites

WARNING: Sequences 13_0_0 and 9_0_0 are exactly identical!
WARNING: Duplicate sequences found: 1

NOTE: Reduced alignment (with duplicates and gap-only sites/taxa removed) 
NOTE: was saved to: /home/fili/Documents/KIT/2023/BA/code/output/families/ssim_NE_s20_f100_sites200_GTR_bl1.0_d0.0_l0.0_t0.0_gc0.0_p0.0_pop10_ms0.0_mf0.0_seed42/families/family_026/misc/raxml_output.F81.raxml.reduced.phy

Alignment comprises 1 partitions and 171 patterns

Partition 0: noname
Model: F81+FO
Alignment sites / patterns: 335 / 171
Gaps: 0.00 %
Invariant sites: 40.30 %


NOTE: Binary MSA file created: /home/fili/Documents/KIT/2023/BA/code/output/families/ssim_NE_s20_f100_sites200_GTR_bl1.0_d0.0_l0.0_t0.0_gc0.0_p0.0_pop10_ms0.0_mf0.0_seed42/families/family_026/misc/raxml_output.F81.raxml.rba

Parallelization scheme autoconfig: 8 worker(s) x 1 thread(s)

Parallel reduction/worker buffer size: 1 KB  / 0 KB

[00:00:00] Generating 10 random starting tree(s) with 20 taxa
[00:00:00] Generating 10 parsimony starting tree(s) with 20 taxa
[00:00:00] Data distribution: max. partitions/sites/weight per thread: 1 / 171 / 684
[00:00:00] Data distribution: max. searches per worker: 3

Starting ML tree search with 20 distinct starting trees

[00:00:00 -4405.598645] Initial branch length optimization
[00:00:00 -4007.612537] Model parameter optimization (eps = 10.000000)
[00:00:00 -3928.550275] AUTODETECT spr round 1 (radius: 5)
[00:00:00 -2278.360302] AUTODETECT spr round 2 (radius: 10)
[00:00:00 -2278.360241] SPR radius for FAST iterations: 5 (autodetect)
[00:00:00 -2278.360241] Model parameter optimization (eps = 3.000000)
[00:00:00 -2276.414692] FAST spr round 1 (radius: 5)
[00:00:00 -2274.110685] FAST spr round 2 (radius: 5)
[00:00:00 -2272.773348] FAST spr round 3 (radius: 5)
[00:00:00 -2272.773346] Model parameter optimization (eps = 1.000000)
[00:00:00 -2272.732376] SLOW spr round 1 (radius: 5)
[00:00:00 -2272.732359] SLOW spr round 2 (radius: 10)
[00:00:00 -2272.732359] SLOW spr round 3 (radius: 15)
[00:00:00 -2272.732359] SLOW spr round 4 (radius: 20)
[00:00:00 -2272.732359] Model parameter optimization (eps = 0.100000)
[00:00:00] [worker #4] ML tree search #5, logLikelihood: -2272.732347

[00:00:00] [worker #0] ML tree search #1, logLikelihood: -2272.732346

[00:00:00] [worker #5] ML tree search #6, logLikelihood: -2272.732346
[00:00:00] [worker #3] ML tree search #4, logLikelihood: -2272.732345
[00:00:00 -4272.580987] Initial branch length optimization
[00:00:00 -3873.479186] Model parameter optimization (eps = 10.000000)
[00:00:00 -3794.502672] AUTODETECT spr round 1 (radius: 5)
[00:00:00] [worker #2] ML tree search #3, logLikelihood: -2272.732346
[00:00:00] [worker #6] ML tree search #7, logLikelihood: -2272.732346
[00:00:00 -2277.285040] AUTODETECT spr round 2 (radius: 10)
[00:00:00 -2277.284937] SPR radius for FAST iterations: 5 (autodetect)
[00:00:00 -2277.284937] Model parameter optimization (eps = 3.000000)
[00:00:00 -2274.108313] FAST spr round 1 (radius: 5)
[00:00:00 -2272.766247] FAST spr round 2 (radius: 5)
[00:00:00 -2272.766246] Model parameter optimization (eps = 1.000000)
[00:00:00 -2272.732370] SLOW spr round 1 (radius: 5)
[00:00:00] [worker #1] ML tree search #2, logLikelihood: -2272.732347
[00:00:00] [worker #7] ML tree search #8, logLikelihood: -2272.732347
[00:00:00 -2272.732356] SLOW spr round 2 (radius: 10)
[00:00:00] [worker #3] ML tree search #12, logLikelihood: -2272.732345
[00:00:00] [worker #5] ML tree search #14, logLikelihood: -2272.732346
[00:00:00 -2272.732356] SLOW spr round 3 (radius: 15)
[00:00:00] [worker #2] ML tree search #11, logLikelihood: -2272.732347
[00:00:00 -2272.732356] SLOW spr round 4 (radius: 20)
[00:00:00 -2272.732356] Model parameter optimization (eps = 0.100000)

[00:00:00] [worker #0] ML tree search #9, logLikelihood: -2272.732352

[00:00:00 -2888.168690] Initial branch length optimization
[00:00:00 -2319.202915] Model parameter optimization (eps = 10.000000)
[00:00:00 -2274.958637] AUTODETECT spr round 1 (radius: 5)
[00:00:00 -2272.745555] AUTODETECT spr round 2 (radius: 10)
[00:00:00 -2272.745462] SPR radius for FAST iterations: 5 (autodetect)
[00:00:00 -2272.745462] Model parameter optimization (eps = 3.000000)
[00:00:00 -2272.732355] FAST spr round 1 (radius: 5)
[00:00:00] [worker #4] ML tree search #13, logLikelihood: -2272.732348
[00:00:00 -2272.732352] Model parameter optimization (eps = 1.000000)
[00:00:00 -2272.732349] SLOW spr round 1 (radius: 5)
[00:00:00] [worker #6] ML tree search #15, logLikelihood: -2272.732346
[00:00:00 -2272.732349] SLOW spr round 2 (radius: 10)
[00:00:00] [worker #2] ML tree search #19, logLikelihood: -2272.732345
[00:00:00 -2272.732349] SLOW spr round 3 (radius: 15)
[00:00:00] [worker #3] ML tree search #20, logLikelihood: -2272.732352
[00:00:00 -2272.732349] SLOW spr round 4 (radius: 20)
[00:00:00] [worker #7] ML tree search #16, logLikelihood: -2272.732352
[00:00:00 -2272.732349] Model parameter optimization (eps = 0.100000)

[00:00:00] [worker #0] ML tree search #17, logLikelihood: -2272.732348

[00:00:00] [worker #1] ML tree search #10, logLikelihood: -2272.732347
[00:00:00] [worker #1] ML tree search #18, logLikelihood: -2272.732345

Optimized model parameters:

   Partition 0: noname
   Rate heterogeneity: NONE
   Base frequencies (ML): 0.355435 0.166455 0.317036 0.161074 
   Substitution rates (model): 1.000000 1.000000 1.000000 1.000000 1.000000 1.000000 


Final LogLikelihood: -2272.732345

AIC score: 4625.464691 / AICc score: 4636.621153 / BIC score: 4778.029912
Free parameters (model + branch lengths): 40

Best ML tree saved to: /home/fili/Documents/KIT/2023/BA/code/output/families/ssim_NE_s20_f100_sites200_GTR_bl1.0_d0.0_l0.0_t0.0_gc0.0_p0.0_pop10_ms0.0_mf0.0_seed42/families/family_026/misc/raxml_output.F81.raxml.bestTree
All ML trees saved to: /home/fili/Documents/KIT/2023/BA/code/output/families/ssim_NE_s20_f100_sites200_GTR_bl1.0_d0.0_l0.0_t0.0_gc0.0_p0.0_pop10_ms0.0_mf0.0_seed42/families/family_026/misc/raxml_output.F81.raxml.mlTrees
Optimized model saved to: /home/fili/Documents/KIT/2023/BA/code/output/families/ssim_NE_s20_f100_sites200_GTR_bl1.0_d0.0_l0.0_t0.0_gc0.0_p0.0_pop10_ms0.0_mf0.0_seed42/families/family_026/misc/raxml_output.F81.raxml.bestModel

Execution log saved to: /home/fili/Documents/KIT/2023/BA/code/output/families/ssim_NE_s20_f100_sites200_GTR_bl1.0_d0.0_l0.0_t0.0_gc0.0_p0.0_pop10_ms0.0_mf0.0_seed42/families/family_026/misc/raxml_output.F81.raxml.log

Analysis started: 19-Jun-2023 17:10:57 / finished: 19-Jun-2023 17:10:58

Elapsed time: 0.355 seconds

