
RAxML-NG v. 1.1.0 released on 29.11.2021 by The Exelixis Lab.
Developed by: Alexey M. Kozlov and Alexandros Stamatakis.
Contributors: Diego Darriba, Tomas Flouri, Benoit Morel, Sarah Lutteropp, Ben Bettisworth.
Latest version: https://github.com/amkozlov/raxml-ng
Questions/problems/suggestions? Please visit: https://groups.google.com/forum/#!forum/raxml

System: AMD Ryzen 7 5800X 8-Core Processor, 8 cores, 31 GB RAM

RAxML-NG was called at 21-Jun-2023 14:53:31 as follows:

/home/fili/Documents/KIT/2023/BA/resources/tools/RAxML-NG/raxml-ng --msa /home/fili/Documents/KIT/2023/BA/code/output/families/ssim_NE_s20_f100_sites200_GTR_bl1.0_d0.0_l0.0_t0.0_gc0.0_p0.0_pop10_ms0.0_mf0.0_seed19732311/families/family_020/alignment.msa --model F81 --prefix /home/fili/Documents/KIT/2023/BA/code/output/families/ssim_NE_s20_f100_sites200_GTR_bl1.0_d0.0_l0.0_t0.0_gc0.0_p0.0_pop10_ms0.0_mf0.0_seed19732311/families/family_020/misc/raxml_output.F81

Analysis options:
  run mode: ML tree search
  start tree(s): random (10) + parsimony (10)
  random seed: 1687352011
  tip-inner: OFF
  pattern compression: ON
  per-rate scalers: OFF
  site repeats: ON
  fast spr radius: AUTO
  spr subtree cutoff: 1.000000
  branch lengths: proportional (ML estimate, algorithm: NR-FAST)
  SIMD kernels: AVX2
  parallelization: coarse-grained (auto), PTHREADS (auto)

[00:00:00] Reading alignment from file: /home/fili/Documents/KIT/2023/BA/code/output/families/ssim_NE_s20_f100_sites200_GTR_bl1.0_d0.0_l0.0_t0.0_gc0.0_p0.0_pop10_ms0.0_mf0.0_seed19732311/families/family_020/alignment.msa
[00:00:00] Loaded alignment with 20 taxa and 428 sites

Alignment comprises 1 partitions and 337 patterns

Partition 0: noname
Model: F81+FO
Alignment sites / patterns: 428 / 337
Gaps: 0.00 %
Invariant sites: 11.21 %


NOTE: Binary MSA file created: /home/fili/Documents/KIT/2023/BA/code/output/families/ssim_NE_s20_f100_sites200_GTR_bl1.0_d0.0_l0.0_t0.0_gc0.0_p0.0_pop10_ms0.0_mf0.0_seed19732311/families/family_020/misc/raxml_output.F81.raxml.rba

Parallelization scheme autoconfig: 8 worker(s) x 1 thread(s)

Parallel reduction/worker buffer size: 1 KB  / 0 KB

[00:00:00] Generating 10 random starting tree(s) with 20 taxa
[00:00:00] Generating 10 parsimony starting tree(s) with 20 taxa
[00:00:00] Data distribution: max. partitions/sites/weight per thread: 1 / 337 / 1348
[00:00:00] Data distribution: max. searches per worker: 3

Starting ML tree search with 20 distinct starting trees

[00:00:00 -9063.987125] Initial branch length optimization
[00:00:00 -7721.830668] Model parameter optimization (eps = 10.000000)
[00:00:00 -7660.895759] AUTODETECT spr round 1 (radius: 5)
[00:00:00 -5230.838549] AUTODETECT spr round 2 (radius: 10)
[00:00:00 -5230.836475] SPR radius for FAST iterations: 5 (autodetect)
[00:00:00 -5230.836475] Model parameter optimization (eps = 3.000000)
[00:00:00 -5209.606226] FAST spr round 1 (radius: 5)
[00:00:00 -5093.640194] FAST spr round 2 (radius: 5)
[00:00:00 -5093.639560] Model parameter optimization (eps = 1.000000)
[00:00:00 -5093.600050] SLOW spr round 1 (radius: 5)
[00:00:00 -5093.599974] SLOW spr round 2 (radius: 10)
[00:00:00 -5093.599972] SLOW spr round 3 (radius: 15)
[00:00:00] [worker #5] ML tree search #6, logLikelihood: -5093.599959
[00:00:00 -5093.599972] SLOW spr round 4 (radius: 20)
[00:00:00 -5093.599972] Model parameter optimization (eps = 0.100000)
[00:00:00] [worker #6] ML tree search #7, logLikelihood: -5093.599959

[00:00:00] [worker #0] ML tree search #1, logLikelihood: -5093.599957

[00:00:00] [worker #3] ML tree search #4, logLikelihood: -5093.599958
[00:00:00 -9376.619987] Initial branch length optimization
[00:00:00 -8192.466631] Model parameter optimization (eps = 10.000000)
[00:00:00 -8141.495635] AUTODETECT spr round 1 (radius: 5)
[00:00:00] [worker #1] ML tree search #2, logLikelihood: -5093.599957
[00:00:00 -5177.502554] AUTODETECT spr round 2 (radius: 10)
[00:00:00 -5177.500642] SPR radius for FAST iterations: 5 (autodetect)
[00:00:00 -5177.500642] Model parameter optimization (eps = 3.000000)
[00:00:00] [worker #4] ML tree search #5, logLikelihood: -5093.599962
[00:00:00 -5164.416069] FAST spr round 1 (radius: 5)
[00:00:00] [worker #2] ML tree search #3, logLikelihood: -5093.599958
[00:00:00] [worker #7] ML tree search #8, logLikelihood: -5093.599965
[00:00:00 -5101.352616] FAST spr round 2 (radius: 5)
[00:00:00 -5097.999071] FAST spr round 3 (radius: 5)
[00:00:00 -5097.897454] FAST spr round 4 (radius: 5)
[00:00:00 -5097.410256] FAST spr round 5 (radius: 5)
[00:00:00 -5094.256547] FAST spr round 6 (radius: 5)
[00:00:00 -5094.256427] Model parameter optimization (eps = 1.000000)
[00:00:00 -5093.601510] SLOW spr round 1 (radius: 5)
[00:00:00] [worker #3] ML tree search #12, logLikelihood: -5093.599960
[00:00:00] [worker #4] ML tree search #13, logLikelihood: -5093.599959
[00:00:00] [worker #5] ML tree search #14, logLikelihood: -5093.599962
[00:00:00 -5093.600462] SLOW spr round 2 (radius: 10)
[00:00:00] [worker #6] ML tree search #15, logLikelihood: -5093.600007
[00:00:00] [worker #2] ML tree search #11, logLikelihood: -5093.599962
[00:00:00 -5093.600460] SLOW spr round 3 (radius: 15)
[00:00:00 -5093.600460] SLOW spr round 4 (radius: 20)
[00:00:00] [worker #1] ML tree search #10, logLikelihood: -5093.599959
[00:00:00 -5093.600460] Model parameter optimization (eps = 0.100000)

[00:00:00] [worker #0] ML tree search #9, logLikelihood: -5093.599958

[00:00:00 -5556.413840] Initial branch length optimization
[00:00:00 -5187.419130] Model parameter optimization (eps = 10.000000)
[00:00:00 -5103.862187] AUTODETECT spr round 1 (radius: 5)
[00:00:00 -5098.896009] AUTODETECT spr round 2 (radius: 10)
[00:00:00] [worker #7] ML tree search #16, logLikelihood: -5093.599957
[00:00:00 -5098.889814] SPR radius for FAST iterations: 5 (autodetect)
[00:00:00 -5098.889814] Model parameter optimization (eps = 3.000000)
[00:00:00 -5098.870352] FAST spr round 1 (radius: 5)
[00:00:00 -5097.601766] FAST spr round 2 (radius: 5)
[00:00:00 -5096.811011] FAST spr round 3 (radius: 5)
[00:00:00] [worker #3] ML tree search #20, logLikelihood: -5093.599962
[00:00:00 -5093.682420] FAST spr round 4 (radius: 5)
[00:00:00 -5093.682180] Model parameter optimization (eps = 1.000000)
[00:00:00 -5093.600121] SLOW spr round 1 (radius: 5)
[00:00:00 -5093.599989] SLOW spr round 2 (radius: 10)
[00:00:00] [worker #2] ML tree search #19, logLikelihood: -5093.599967
[00:00:00 -5093.599988] SLOW spr round 3 (radius: 15)
[00:00:00 -5093.599988] SLOW spr round 4 (radius: 20)
[00:00:00 -5093.599988] Model parameter optimization (eps = 0.100000)
[00:00:00] [worker #1] ML tree search #18, logLikelihood: -5093.599962

[00:00:00] [worker #0] ML tree search #17, logLikelihood: -5093.599958


Optimized model parameters:

   Partition 0: noname
   Rate heterogeneity: NONE
   Base frequencies (ML): 0.318319 0.152897 0.343131 0.185653 
   Substitution rates (model): 1.000000 1.000000 1.000000 1.000000 1.000000 1.000000 


Final LogLikelihood: -5093.599957

AIC score: 10267.199913 / AICc score: 10275.675366 / BIC score: 10429.564841
Free parameters (model + branch lengths): 40

Best ML tree saved to: /home/fili/Documents/KIT/2023/BA/code/output/families/ssim_NE_s20_f100_sites200_GTR_bl1.0_d0.0_l0.0_t0.0_gc0.0_p0.0_pop10_ms0.0_mf0.0_seed19732311/families/family_020/misc/raxml_output.F81.raxml.bestTree
All ML trees saved to: /home/fili/Documents/KIT/2023/BA/code/output/families/ssim_NE_s20_f100_sites200_GTR_bl1.0_d0.0_l0.0_t0.0_gc0.0_p0.0_pop10_ms0.0_mf0.0_seed19732311/families/family_020/misc/raxml_output.F81.raxml.mlTrees
Optimized model saved to: /home/fili/Documents/KIT/2023/BA/code/output/families/ssim_NE_s20_f100_sites200_GTR_bl1.0_d0.0_l0.0_t0.0_gc0.0_p0.0_pop10_ms0.0_mf0.0_seed19732311/families/family_020/misc/raxml_output.F81.raxml.bestModel

Execution log saved to: /home/fili/Documents/KIT/2023/BA/code/output/families/ssim_NE_s20_f100_sites200_GTR_bl1.0_d0.0_l0.0_t0.0_gc0.0_p0.0_pop10_ms0.0_mf0.0_seed19732311/families/family_020/misc/raxml_output.F81.raxml.log

Analysis started: 21-Jun-2023 14:53:31 / finished: 21-Jun-2023 14:53:32

Elapsed time: 0.648 seconds

