
RAxML-NG v. 1.1.0 released on 29.11.2021 by The Exelixis Lab.
Developed by: Alexey M. Kozlov and Alexandros Stamatakis.
Contributors: Diego Darriba, Tomas Flouri, Benoit Morel, Sarah Lutteropp, Ben Bettisworth.
Latest version: https://github.com/amkozlov/raxml-ng
Questions/problems/suggestions? Please visit: https://groups.google.com/forum/#!forum/raxml

System: AMD Ryzen 7 5800X 8-Core Processor, 8 cores, 31 GB RAM

RAxML-NG was called at 13-Jun-2023 16:03:14 as follows:

/home/fili/Documents/KIT/2023/BA/resources/tools/RAxML-NG/raxml-ng --msa /home/fili/Documents/KIT/2023/BA/code/output/families/ssim_DL_s20_f100_sites200_GTR_bl1.0_d1.0_l1.0_t0.0_gc0.0_p0.0_pop10_ms0.0_mf0.0_seed42/families/family_011/alignment.msa --model F81 --prefix /home/fili/Documents/KIT/2023/BA/code/output/families/ssim_DL_s20_f100_sites200_GTR_bl1.0_d1.0_l1.0_t0.0_gc0.0_p0.0_pop10_ms0.0_mf0.0_seed42/families/family_011/misc/raxml_output.F81

Analysis options:
  run mode: ML tree search
  start tree(s): random (10) + parsimony (10)
  random seed: 1686664994
  tip-inner: OFF
  pattern compression: ON
  per-rate scalers: OFF
  site repeats: ON
  fast spr radius: AUTO
  spr subtree cutoff: 1.000000
  branch lengths: proportional (ML estimate, algorithm: NR-FAST)
  SIMD kernels: AVX2
  parallelization: coarse-grained (auto), PTHREADS (auto)

[00:00:00] Reading alignment from file: /home/fili/Documents/KIT/2023/BA/code/output/families/ssim_DL_s20_f100_sites200_GTR_bl1.0_d1.0_l1.0_t0.0_gc0.0_p0.0_pop10_ms0.0_mf0.0_seed42/families/family_011/alignment.msa
[00:00:00] Loaded alignment with 258 taxa and 184 sites

WARNING: Sequences 9_251_0 and 13_251_0 are exactly identical!
WARNING: Sequences 9_223_0 and 13_223_0 are exactly identical!
WARNING: Sequences 20_7_0 and 20_59_0 are exactly identical!
WARNING: Sequences 20_57_0 and 20_30_0 are exactly identical!
WARNING: Sequences 13_240_0 and 9_240_0 are exactly identical!
WARNING: Sequences 13_243_0 and 9_243_0 are exactly identical!
WARNING: Sequences 7_254_0 and 7_243_0 are exactly identical!
WARNING: Sequences 13_249_0 and 9_249_0 are exactly identical!
WARNING: Sequences 7_255_0 and 7_249_0 are exactly identical!
WARNING: Sequences 9_248_0 and 13_248_0 are exactly identical!
WARNING: Sequences 13_258_0 and 9_258_0 are exactly identical!
WARNING: Sequences 9_212_0 and 13_212_0 are exactly identical!
WARNING: Sequences 9_247_0 and 13_247_0 are exactly identical!
WARNING: Sequences 9_250_0 and 13_250_0 are exactly identical!
WARNING: Sequences 9_245_0 and 13_245_0 are exactly identical!
WARNING: Sequences 9_207_0 and 13_207_0 are exactly identical!
WARNING: Sequences 13_205_0 and 9_205_0 are exactly identical!
WARNING: Sequences 9_238_0 and 13_238_0 are exactly identical!
WARNING: Sequences 9_238_0 and 9_237_0 are exactly identical!
WARNING: Sequences 9_238_0 and 13_237_0 are exactly identical!
WARNING: Sequences 9_231_0 and 13_231_0 are exactly identical!
WARNING: Sequences 13_232_0 and 9_232_0 are exactly identical!
WARNING: Sequences 9_256_0 and 13_256_0 are exactly identical!
WARNING: Sequences 9_233_0 and 13_233_0 are exactly identical!
WARNING: Sequences 13_257_0 and 9_257_0 are exactly identical!
WARNING: Sequences 9_234_0 and 13_234_0 are exactly identical!
WARNING: Sequences 4_180_0 and 10_180_0 are exactly identical!
WARNING: Sequences 4_177_0 and 10_177_0 are exactly identical!
WARNING: Sequences 4_181_0 and 12_181_0 are exactly identical!
WARNING: Sequences 4_178_0 and 12_178_0 are exactly identical!
WARNING: Sequences 12_128_0 and 4_128_0 are exactly identical!
WARNING: Sequences 4_186_0 and 12_186_0 are exactly identical!
WARNING: Sequences 4_186_0 and 10_186_0 are exactly identical!
WARNING: Sequences 4_169_0 and 12_169_0 are exactly identical!
WARNING: Sequences 4_162_0 and 10_162_0 are exactly identical!
WARNING: Sequences 10_163_0 and 4_163_0 are exactly identical!
WARNING: Sequences 4_111_0 and 12_111_0 are exactly identical!
WARNING: Sequences 12_119_0 and 4_119_0 are exactly identical!
WARNING: Sequences 5_187_0 and 5_165_0 are exactly identical!
WARNING: Sequences 4_190_0 and 4_171_0 are exactly identical!
WARNING: Sequences 4_189_0 and 10_171_0 are exactly identical!
WARNING: Sequences 4_189_0 and 10_170_0 are exactly identical!
WARNING: Sequences 12_170_0 and 4_170_0 are exactly identical!
WARNING: Sequences 12_118_0 and 4_118_0 are exactly identical!
WARNING: Sequences 11_108_0 and 17_108_0 are exactly identical!
WARNING: Duplicate sequences found: 45

NOTE: Reduced alignment (with duplicates and gap-only sites/taxa removed) 
NOTE: was saved to: /home/fili/Documents/KIT/2023/BA/code/output/families/ssim_DL_s20_f100_sites200_GTR_bl1.0_d1.0_l1.0_t0.0_gc0.0_p0.0_pop10_ms0.0_mf0.0_seed42/families/family_011/misc/raxml_output.F81.raxml.reduced.phy

Alignment comprises 1 partitions and 161 patterns

Partition 0: noname
Model: F81+FO
Alignment sites / patterns: 184 / 161
Gaps: 0.00 %
Invariant sites: 14.13 %


NOTE: Binary MSA file created: /home/fili/Documents/KIT/2023/BA/code/output/families/ssim_DL_s20_f100_sites200_GTR_bl1.0_d1.0_l1.0_t0.0_gc0.0_p0.0_pop10_ms0.0_mf0.0_seed42/families/family_011/misc/raxml_output.F81.raxml.rba

Parallelization scheme autoconfig: 8 worker(s) x 1 thread(s)

Parallel reduction/worker buffer size: 1 KB  / 0 KB

[00:00:00] Generating 10 random starting tree(s) with 258 taxa
[00:00:00] Generating 10 parsimony starting tree(s) with 258 taxa
[00:00:00] Data distribution: max. partitions/sites/weight per thread: 1 / 161 / 644
[00:00:00] Data distribution: max. searches per worker: 3

Starting ML tree search with 20 distinct starting trees

[00:00:00 -36815.095174] Initial branch length optimization
[00:00:00 -33651.441964] Model parameter optimization (eps = 10.000000)
[00:00:00 -31485.064429] AUTODETECT spr round 1 (radius: 5)
[00:00:00 -21107.126067] AUTODETECT spr round 2 (radius: 10)
[00:00:00 -12470.685449] AUTODETECT spr round 3 (radius: 15)
[00:00:01 -11706.871655] AUTODETECT spr round 4 (radius: 20)
[00:00:01 -11625.415565] AUTODETECT spr round 5 (radius: 25)
[00:00:02 -11625.407229] SPR radius for FAST iterations: 20 (autodetect)
[00:00:02 -11625.407229] Model parameter optimization (eps = 3.000000)
[00:00:02 -11587.884169] FAST spr round 1 (radius: 20)
[00:00:02 -9689.902221] FAST spr round 2 (radius: 20)
[00:00:03 -9483.772915] FAST spr round 3 (radius: 20)
[00:00:03 -9474.073918] FAST spr round 4 (radius: 20)
[00:00:03 -9473.001576] FAST spr round 5 (radius: 20)
[00:00:03 -9473.001571] Model parameter optimization (eps = 1.000000)
[00:00:03 -9472.850691] SLOW spr round 1 (radius: 5)
[00:00:04 -9467.510499] SLOW spr round 2 (radius: 5)
[00:00:04 -9466.528167] SLOW spr round 3 (radius: 5)
[00:00:05 -9466.528126] SLOW spr round 4 (radius: 10)
[00:00:05 -9464.538491] SLOW spr round 5 (radius: 5)
[00:00:06 -9461.166521] SLOW spr round 6 (radius: 5)
[00:00:07 -9461.166358] SLOW spr round 7 (radius: 10)
[00:00:08 -9461.166348] SLOW spr round 8 (radius: 15)
[00:00:08] [worker #5] ML tree search #6, logLikelihood: -9460.024154
[00:00:08] [worker #3] ML tree search #4, logLikelihood: -9450.369283
[00:00:08] [worker #1] ML tree search #2, logLikelihood: -9453.035911
[00:00:09] [worker #6] ML tree search #7, logLikelihood: -9464.923023
[00:00:09 -9461.166348] SLOW spr round 9 (radius: 20)
[00:00:10] [worker #4] ML tree search #5, logLikelihood: -9459.836047
[00:00:10 -9461.166348] SLOW spr round 10 (radius: 25)
[00:00:10] [worker #7] ML tree search #8, logLikelihood: -9462.559804
[00:00:11 -9461.166348] Model parameter optimization (eps = 0.100000)

[00:00:11] [worker #0] ML tree search #1, logLikelihood: -9460.979438

[00:00:11 -36867.545573] Initial branch length optimization
[00:00:11 -33756.484036] Model parameter optimization (eps = 10.000000)
[00:00:11 -31480.148965] AUTODETECT spr round 1 (radius: 5)
[00:00:11 -20875.565342] AUTODETECT spr round 2 (radius: 10)
[00:00:11 -13042.650451] AUTODETECT spr round 3 (radius: 15)
[00:00:12 -11941.730056] AUTODETECT spr round 4 (radius: 20)
[00:00:12 -11941.727750] SPR radius for FAST iterations: 15 (autodetect)
[00:00:12 -11941.727750] Model parameter optimization (eps = 3.000000)
[00:00:12 -11873.132686] FAST spr round 1 (radius: 15)
[00:00:13 -9585.839545] FAST spr round 2 (radius: 15)
[00:00:13 -9471.022807] FAST spr round 3 (radius: 15)
[00:00:13 -9459.583628] FAST spr round 4 (radius: 15)
[00:00:13 -9459.583615] Model parameter optimization (eps = 1.000000)
[00:00:13 -9459.501272] SLOW spr round 1 (radius: 5)
[00:00:14 -9457.233309] SLOW spr round 2 (radius: 5)
[00:00:14 -9457.232929] SLOW spr round 3 (radius: 10)
[00:00:15] [worker #2] ML tree search #3, logLikelihood: -9456.143257
[00:00:15 -9450.838135] SLOW spr round 4 (radius: 5)
[00:00:15] [worker #3] ML tree search #12, logLikelihood: -9461.258595
[00:00:16 -9449.742085] SLOW spr round 5 (radius: 5)
[00:00:17 -9449.742019] SLOW spr round 6 (radius: 10)
[00:00:17 -9449.742018] SLOW spr round 7 (radius: 15)
[00:00:18] [worker #4] ML tree search #13, logLikelihood: -9455.155974
[00:00:18] [worker #5] ML tree search #14, logLikelihood: -9464.181710
[00:00:18] [worker #6] ML tree search #15, logLikelihood: -9448.025014
[00:00:18 -9449.742018] SLOW spr round 8 (radius: 20)
[00:00:20 -9449.742018] SLOW spr round 9 (radius: 25)
[00:00:20 -9449.742018] Model parameter optimization (eps = 0.100000)

[00:00:20] [worker #0] ML tree search #9, logLikelihood: -9449.578205

[00:00:20 -15793.472431] Initial branch length optimization
[00:00:20 -10217.393143] Model parameter optimization (eps = 10.000000)
[00:00:20 -9591.229130] AUTODETECT spr round 1 (radius: 5)
[00:00:21 -9503.734461] AUTODETECT spr round 2 (radius: 10)
[00:00:21] [worker #1] ML tree search #10, logLikelihood: -9450.480489
[00:00:21 -9501.135426] AUTODETECT spr round 3 (radius: 15)
[00:00:22] [worker #7] ML tree search #16, logLikelihood: -9470.572103
[00:00:22 -9501.135008] SPR radius for FAST iterations: 10 (autodetect)
[00:00:22 -9501.135008] Model parameter optimization (eps = 3.000000)
[00:00:22 -9501.048558] FAST spr round 1 (radius: 10)
[00:00:22 -9463.107531] FAST spr round 2 (radius: 10)
[00:00:22 -9457.348816] FAST spr round 3 (radius: 10)
[00:00:23 -9457.348800] Model parameter optimization (eps = 1.000000)
[00:00:23 -9456.992021] SLOW spr round 1 (radius: 5)
[00:00:23] [worker #3] ML tree search #20, logLikelihood: -9458.231870
[00:00:23 -9455.411424] SLOW spr round 2 (radius: 5)
[00:00:24 -9455.411412] SLOW spr round 3 (radius: 10)
[00:00:24 -9455.411412] SLOW spr round 4 (radius: 15)
[00:00:25 -9455.411412] SLOW spr round 5 (radius: 20)
[00:00:26] [worker #2] ML tree search #11, logLikelihood: -9456.962311
[00:00:27 -9455.411412] SLOW spr round 6 (radius: 25)
[00:00:27] [worker #1] ML tree search #18, logLikelihood: -9450.659338
[00:00:27 -9455.411412] Model parameter optimization (eps = 0.100000)

[00:00:27] [worker #0] ML tree search #17, logLikelihood: -9455.351555

[00:00:37] [worker #2] ML tree search #19, logLikelihood: -9454.134425

Optimized model parameters:

   Partition 0: noname
   Rate heterogeneity: NONE
   Base frequencies (ML): 0.382406 0.056422 0.469237 0.091935 
   Substitution rates (model): 1.000000 1.000000 1.000000 1.000000 1.000000 1.000000 


Final LogLikelihood: -9448.025014

AIC score: 19928.050028 / AICc score: 553472.050028 / BIC score: 21586.956879
Free parameters (model + branch lengths): 516

WARNING: Number of free parameters (K=516) is larger than alignment size (n=184).
         This might lead to overfitting and compromise tree inference results!


WARNING: Best ML tree contains 46 near-zero branches!

Best ML tree with collapsed near-zero branches saved to: /home/fili/Documents/KIT/2023/BA/code/output/families/ssim_DL_s20_f100_sites200_GTR_bl1.0_d1.0_l1.0_t0.0_gc0.0_p0.0_pop10_ms0.0_mf0.0_seed42/families/family_011/misc/raxml_output.F81.raxml.bestTreeCollapsed
Best ML tree saved to: /home/fili/Documents/KIT/2023/BA/code/output/families/ssim_DL_s20_f100_sites200_GTR_bl1.0_d1.0_l1.0_t0.0_gc0.0_p0.0_pop10_ms0.0_mf0.0_seed42/families/family_011/misc/raxml_output.F81.raxml.bestTree
All ML trees saved to: /home/fili/Documents/KIT/2023/BA/code/output/families/ssim_DL_s20_f100_sites200_GTR_bl1.0_d1.0_l1.0_t0.0_gc0.0_p0.0_pop10_ms0.0_mf0.0_seed42/families/family_011/misc/raxml_output.F81.raxml.mlTrees
Optimized model saved to: /home/fili/Documents/KIT/2023/BA/code/output/families/ssim_DL_s20_f100_sites200_GTR_bl1.0_d1.0_l1.0_t0.0_gc0.0_p0.0_pop10_ms0.0_mf0.0_seed42/families/family_011/misc/raxml_output.F81.raxml.bestModel

Execution log saved to: /home/fili/Documents/KIT/2023/BA/code/output/families/ssim_DL_s20_f100_sites200_GTR_bl1.0_d1.0_l1.0_t0.0_gc0.0_p0.0_pop10_ms0.0_mf0.0_seed42/families/family_011/misc/raxml_output.F81.raxml.log

Analysis started: 13-Jun-2023 16:03:14 / finished: 13-Jun-2023 16:03:52

Elapsed time: 37.594 seconds

