
RAxML-NG v. 1.1.0 released on 29.11.2021 by The Exelixis Lab.
Developed by: Alexey M. Kozlov and Alexandros Stamatakis.
Contributors: Diego Darriba, Tomas Flouri, Benoit Morel, Sarah Lutteropp, Ben Bettisworth.
Latest version: https://github.com/amkozlov/raxml-ng
Questions/problems/suggestions? Please visit: https://groups.google.com/forum/#!forum/raxml

System: AMD Ryzen 7 5800X 8-Core Processor, 8 cores, 31 GB RAM

RAxML-NG was called at 27-Jun-2023 13:47:20 as follows:

/home/fili/Documents/KIT/2023/BA/resources/tools/RAxML-NG/raxml-ng --msa /home/fili/Documents/KIT/2023/BA/code/output/families/ssim_NE_s20_f100_sites200_GTR_bl1.0_d0.0_l0.0_t0.0_gc0.0_p0.0_pop10_ms0.0_mf0.0_seed121873/families/family_011/alignment.msa --model F81 --prefix /home/fili/Documents/KIT/2023/BA/code/output/families/ssim_NE_s20_f100_sites200_GTR_bl1.0_d0.0_l0.0_t0.0_gc0.0_p0.0_pop10_ms0.0_mf0.0_seed121873/families/family_011/misc/raxml_output.F81

Analysis options:
  run mode: ML tree search
  start tree(s): random (10) + parsimony (10)
  random seed: 1687866440
  tip-inner: OFF
  pattern compression: ON
  per-rate scalers: OFF
  site repeats: ON
  fast spr radius: AUTO
  spr subtree cutoff: 1.000000
  branch lengths: proportional (ML estimate, algorithm: NR-FAST)
  SIMD kernels: AVX2
  parallelization: coarse-grained (auto), PTHREADS (auto)

[00:00:00] Reading alignment from file: /home/fili/Documents/KIT/2023/BA/code/output/families/ssim_NE_s20_f100_sites200_GTR_bl1.0_d0.0_l0.0_t0.0_gc0.0_p0.0_pop10_ms0.0_mf0.0_seed121873/families/family_011/alignment.msa
[00:00:00] Loaded alignment with 20 taxa and 191 sites

Alignment comprises 1 partitions and 92 patterns

Partition 0: noname
Model: F81+FO
Alignment sites / patterns: 191 / 92
Gaps: 0.00 %
Invariant sites: 46.60 %


NOTE: Binary MSA file created: /home/fili/Documents/KIT/2023/BA/code/output/families/ssim_NE_s20_f100_sites200_GTR_bl1.0_d0.0_l0.0_t0.0_gc0.0_p0.0_pop10_ms0.0_mf0.0_seed121873/families/family_011/misc/raxml_output.F81.raxml.rba

Parallelization scheme autoconfig: 8 worker(s) x 1 thread(s)

Parallel reduction/worker buffer size: 1 KB  / 0 KB

[00:00:00] Generating 10 random starting tree(s) with 20 taxa
[00:00:00] Generating 10 parsimony starting tree(s) with 20 taxa
[00:00:00] Data distribution: max. partitions/sites/weight per thread: 1 / 92 / 368
[00:00:00] Data distribution: max. searches per worker: 3

Starting ML tree search with 20 distinct starting trees

[00:00:00 -2463.344212] Initial branch length optimization
[00:00:00 -2188.528800] Model parameter optimization (eps = 10.000000)
[00:00:00 -2172.822435] AUTODETECT spr round 1 (radius: 5)
[00:00:00 -1263.995902] AUTODETECT spr round 2 (radius: 10)
[00:00:00 -1263.995890] SPR radius for FAST iterations: 5 (autodetect)
[00:00:00 -1263.995890] Model parameter optimization (eps = 3.000000)
[00:00:00 -1262.540555] FAST spr round 1 (radius: 5)
[00:00:00 -1251.035811] FAST spr round 2 (radius: 5)
[00:00:00 -1241.749593] FAST spr round 3 (radius: 5)
[00:00:00 -1241.749589] Model parameter optimization (eps = 1.000000)
[00:00:00 -1241.498457] SLOW spr round 1 (radius: 5)
[00:00:00 -1241.498371] SLOW spr round 2 (radius: 10)
[00:00:00] [worker #3] ML tree search #4, logLikelihood: -1241.498251
[00:00:00] [worker #5] ML tree search #6, logLikelihood: -1241.498251
[00:00:00] [worker #1] ML tree search #2, logLikelihood: -1243.198517
[00:00:00 -1241.498371] SLOW spr round 3 (radius: 15)
[00:00:00 -1241.498371] SLOW spr round 4 (radius: 20)
[00:00:00 -1241.498371] Model parameter optimization (eps = 0.100000)

[00:00:00] [worker #0] ML tree search #1, logLikelihood: -1241.498251

[00:00:00] [worker #6] ML tree search #7, logLikelihood: -1243.198510
[00:00:00 -2496.728641] Initial branch length optimization
[00:00:00 -2272.436223] Model parameter optimization (eps = 10.000000)
[00:00:00] [worker #4] ML tree search #5, logLikelihood: -1241.498250
[00:00:00 -2267.007994] AUTODETECT spr round 1 (radius: 5)
[00:00:00 -1265.766184] AUTODETECT spr round 2 (radius: 10)
[00:00:00 -1265.766019] SPR radius for FAST iterations: 5 (autodetect)
[00:00:00 -1265.766019] Model parameter optimization (eps = 3.000000)
[00:00:00 -1263.516243] FAST spr round 1 (radius: 5)
[00:00:00 -1243.433114] FAST spr round 2 (radius: 5)
[00:00:00] [worker #7] ML tree search #8, logLikelihood: -1241.498251
[00:00:00 -1242.234398] FAST spr round 3 (radius: 5)
[00:00:00 -1241.702505] FAST spr round 4 (radius: 5)
[00:00:00] [worker #3] ML tree search #12, logLikelihood: -1241.498251
[00:00:00 -1241.702466] Model parameter optimization (eps = 1.000000)
[00:00:00 -1241.498437] SLOW spr round 1 (radius: 5)
[00:00:00] [worker #2] ML tree search #3, logLikelihood: -1241.498251
[00:00:00] [worker #5] ML tree search #14, logLikelihood: -1241.498254
[00:00:00] [worker #4] ML tree search #13, logLikelihood: -1241.498251
[00:00:00] [worker #6] ML tree search #15, logLikelihood: -1241.498254
[00:00:00 -1241.498329] SLOW spr round 2 (radius: 10)
[00:00:00] [worker #1] ML tree search #10, logLikelihood: -1241.498251
[00:00:00 -1241.498329] SLOW spr round 3 (radius: 15)
[00:00:00 -1241.498329] SLOW spr round 4 (radius: 20)
[00:00:00 -1241.498329] Model parameter optimization (eps = 0.100000)

[00:00:00] [worker #0] ML tree search #9, logLikelihood: -1241.498251

[00:00:00 -1586.452139] Initial branch length optimization
[00:00:00 -1252.699165] Model parameter optimization (eps = 10.000000)
[00:00:00 -1245.070433] AUTODETECT spr round 1 (radius: 5)
[00:00:00 -1241.582881] AUTODETECT spr round 2 (radius: 10)
[00:00:00 -1241.582808] SPR radius for FAST iterations: 5 (autodetect)
[00:00:00 -1241.582808] Model parameter optimization (eps = 3.000000)
[00:00:00] [worker #3] ML tree search #20, logLikelihood: -1243.198511
[00:00:00 -1241.498340] FAST spr round 1 (radius: 5)
[00:00:00 -1241.498297] Model parameter optimization (eps = 1.000000)
[00:00:00 -1241.498251] SLOW spr round 1 (radius: 5)
[00:00:00] [worker #7] ML tree search #16, logLikelihood: -1241.498251
[00:00:00 -1241.498251] SLOW spr round 2 (radius: 10)
[00:00:00] [worker #1] ML tree search #18, logLikelihood: -1241.498250
[00:00:00] [worker #2] ML tree search #11, logLikelihood: -1241.498254
[00:00:00 -1241.498251] SLOW spr round 3 (radius: 15)
[00:00:00 -1241.498251] SLOW spr round 4 (radius: 20)
[00:00:00 -1241.498251] Model parameter optimization (eps = 0.100000)

[00:00:00] [worker #0] ML tree search #17, logLikelihood: -1241.498251

[00:00:00] [worker #2] ML tree search #19, logLikelihood: -1241.498250

Optimized model parameters:

   Partition 0: noname
   Rate heterogeneity: NONE
   Base frequencies (ML): 0.242802 0.174922 0.268362 0.313914 
   Substitution rates (model): 1.000000 1.000000 1.000000 1.000000 1.000000 1.000000 


Final LogLikelihood: -1241.498250

AIC score: 2562.996500 / AICc score: 2584.863166 / BIC score: 2693.087437
Free parameters (model + branch lengths): 40

Best ML tree saved to: /home/fili/Documents/KIT/2023/BA/code/output/families/ssim_NE_s20_f100_sites200_GTR_bl1.0_d0.0_l0.0_t0.0_gc0.0_p0.0_pop10_ms0.0_mf0.0_seed121873/families/family_011/misc/raxml_output.F81.raxml.bestTree
All ML trees saved to: /home/fili/Documents/KIT/2023/BA/code/output/families/ssim_NE_s20_f100_sites200_GTR_bl1.0_d0.0_l0.0_t0.0_gc0.0_p0.0_pop10_ms0.0_mf0.0_seed121873/families/family_011/misc/raxml_output.F81.raxml.mlTrees
Optimized model saved to: /home/fili/Documents/KIT/2023/BA/code/output/families/ssim_NE_s20_f100_sites200_GTR_bl1.0_d0.0_l0.0_t0.0_gc0.0_p0.0_pop10_ms0.0_mf0.0_seed121873/families/family_011/misc/raxml_output.F81.raxml.bestModel

Execution log saved to: /home/fili/Documents/KIT/2023/BA/code/output/families/ssim_NE_s20_f100_sites200_GTR_bl1.0_d0.0_l0.0_t0.0_gc0.0_p0.0_pop10_ms0.0_mf0.0_seed121873/families/family_011/misc/raxml_output.F81.raxml.log

Analysis started: 27-Jun-2023 13:47:20 / finished: 27-Jun-2023 13:47:20

Elapsed time: 0.230 seconds

