
RAxML-NG v. 1.1.0 released on 29.11.2021 by The Exelixis Lab.
Developed by: Alexey M. Kozlov and Alexandros Stamatakis.
Contributors: Diego Darriba, Tomas Flouri, Benoit Morel, Sarah Lutteropp, Ben Bettisworth.
Latest version: https://github.com/amkozlov/raxml-ng
Questions/problems/suggestions? Please visit: https://groups.google.com/forum/#!forum/raxml

System: AMD Ryzen 7 5800X 8-Core Processor, 8 cores, 31 GB RAM

RAxML-NG was called at 12-May-2023 21:00:22 as follows:

/home/fili/Documents/KIT/2023/BA/resources/tools/RAxML-NG/raxml-ng --msa /home/fili/Documents/KIT/2023/BA/code/output/families/ssim_dtl_s20_f100_sites200_GTR_bl1.0_d0.0_l0.0_t1.0_gc0.0_p0.0_pop10_ms0.0_mf0.0_seed42/families/family_066/alignment.msa --model GTR+G --prefix /home/fili/Documents/KIT/2023/BA/code/output/families/ssim_dtl_s20_f100_sites200_GTR_bl1.0_d0.0_l0.0_t1.0_gc0.0_p0.0_pop10_ms0.0_mf0.0_seed42/families/family_066/misc/raxml_output.GTR+G

Analysis options:
  run mode: ML tree search
  start tree(s): random (10) + parsimony (10)
  random seed: 1683918022
  tip-inner: OFF
  pattern compression: ON
  per-rate scalers: OFF
  site repeats: ON
  fast spr radius: AUTO
  spr subtree cutoff: 1.000000
  branch lengths: proportional (ML estimate, algorithm: NR-FAST)
  SIMD kernels: AVX2
  parallelization: coarse-grained (auto), PTHREADS (auto)

[00:00:00] Reading alignment from file: /home/fili/Documents/KIT/2023/BA/code/output/families/ssim_dtl_s20_f100_sites200_GTR_bl1.0_d0.0_l0.0_t1.0_gc0.0_p0.0_pop10_ms0.0_mf0.0_seed42/families/family_066/alignment.msa
[00:00:00] Loaded alignment with 20 taxa and 171 sites

WARNING: Sequences 12_0_0 and 10_0_0 are exactly identical!
WARNING: Sequences 2_0_0 and 1_0_0 are exactly identical!
WARNING: Duplicate sequences found: 2

NOTE: Reduced alignment (with duplicates and gap-only sites/taxa removed) 
NOTE: was saved to: /home/fili/Documents/KIT/2023/BA/code/output/families/ssim_dtl_s20_f100_sites200_GTR_bl1.0_d0.0_l0.0_t1.0_gc0.0_p0.0_pop10_ms0.0_mf0.0_seed42/families/family_066/misc/raxml_output.GTR+G.raxml.reduced.phy

Alignment comprises 1 partitions and 24 patterns

Partition 0: noname
Model: GTR+FO+G4m
Alignment sites / patterns: 171 / 24
Gaps: 0.00 %
Invariant sites: 88.30 %


NOTE: Binary MSA file created: /home/fili/Documents/KIT/2023/BA/code/output/families/ssim_dtl_s20_f100_sites200_GTR_bl1.0_d0.0_l0.0_t1.0_gc0.0_p0.0_pop10_ms0.0_mf0.0_seed42/families/family_066/misc/raxml_output.GTR+G.raxml.rba

Parallelization scheme autoconfig: 8 worker(s) x 1 thread(s)

Parallel reduction/worker buffer size: 1 KB  / 0 KB

[00:00:00] Generating 10 random starting tree(s) with 20 taxa
[00:00:00] Generating 10 parsimony starting tree(s) with 20 taxa
[00:00:00] Data distribution: max. partitions/sites/weight per thread: 1 / 24 / 384
[00:00:00] Data distribution: max. searches per worker: 3

Starting ML tree search with 20 distinct starting trees

[00:00:00 -948.575573] Initial branch length optimization
[00:00:00 -803.142252] Model parameter optimization (eps = 10.000000)
[00:00:00 -626.873505] AUTODETECT spr round 1 (radius: 5)
[00:00:00 -542.742043] AUTODETECT spr round 2 (radius: 10)
[00:00:00 -533.144619] AUTODETECT spr round 3 (radius: 15)
[00:00:00 -533.133723] SPR radius for FAST iterations: 10 (autodetect)
[00:00:00 -533.133723] Model parameter optimization (eps = 3.000000)
[00:00:00 -525.129065] FAST spr round 1 (radius: 10)
[00:00:00 -521.713359] FAST spr round 2 (radius: 10)
[00:00:00 -521.612859] FAST spr round 3 (radius: 10)
[00:00:00 -521.612821] Model parameter optimization (eps = 1.000000)
[00:00:00 -521.250626] SLOW spr round 1 (radius: 5)
[00:00:00 -520.621060] SLOW spr round 2 (radius: 5)
[00:00:00] [worker #5] ML tree search #6, logLikelihood: -519.956177
[00:00:00] [worker #4] ML tree search #5, logLikelihood: -519.801415
[00:00:00 -520.621042] SLOW spr round 3 (radius: 10)
[00:00:00] [worker #7] ML tree search #8, logLikelihood: -519.973904
[00:00:00] [worker #6] ML tree search #7, logLikelihood: -523.613928
[00:00:00 -520.621042] SLOW spr round 4 (radius: 15)
[00:00:00 -520.621042] SLOW spr round 5 (radius: 20)
[00:00:00 -520.621042] Model parameter optimization (eps = 0.100000)

[00:00:00] [worker #0] ML tree search #1, logLikelihood: -519.966541

[00:00:00] [worker #2] ML tree search #3, logLikelihood: -519.957333
[00:00:00] [worker #1] ML tree search #2, logLikelihood: -519.982639
[00:00:00 -967.440893] Initial branch length optimization
[00:00:00 -823.757292] Model parameter optimization (eps = 10.000000)
[00:00:00] [worker #3] ML tree search #4, logLikelihood: -520.001884
[00:00:00 -639.734415] AUTODETECT spr round 1 (radius: 5)
[00:00:00 -558.365613] AUTODETECT spr round 2 (radius: 10)
[00:00:00 -534.460407] AUTODETECT spr round 3 (radius: 15)
[00:00:00 -534.445999] SPR radius for FAST iterations: 10 (autodetect)
[00:00:00 -534.445999] Model parameter optimization (eps = 3.000000)
[00:00:00 -528.921944] FAST spr round 1 (radius: 10)
[00:00:00 -520.586831] FAST spr round 2 (radius: 10)
[00:00:00 -520.586794] Model parameter optimization (eps = 1.000000)
[00:00:00 -520.090802] SLOW spr round 1 (radius: 5)
[00:00:00] [worker #7] ML tree search #16, logLikelihood: -520.005729
[00:00:00 -520.088518] SLOW spr round 2 (radius: 10)
[00:00:00] [worker #4] ML tree search #13, logLikelihood: -518.671400
[00:00:00] [worker #6] ML tree search #15, logLikelihood: -519.830774
[00:00:00 -520.088518] SLOW spr round 3 (radius: 15)
[00:00:00 -520.088518] SLOW spr round 4 (radius: 20)
[00:00:00 -520.088518] Model parameter optimization (eps = 0.100000)
[00:00:00] [worker #5] ML tree search #14, logLikelihood: -520.020648

[00:00:00] [worker #0] ML tree search #9, logLikelihood: -520.003712

[00:00:00 -780.325808] Initial branch length optimization
[00:00:00 -624.921685] Model parameter optimization (eps = 10.000000)
[00:00:00] [worker #3] ML tree search #12, logLikelihood: -519.942124
[00:00:00 -524.186142] AUTODETECT spr round 1 (radius: 5)
[00:00:00 -522.963422] AUTODETECT spr round 2 (radius: 10)
[00:00:00 -522.942509] SPR radius for FAST iterations: 5 (autodetect)
[00:00:00 -522.942509] Model parameter optimization (eps = 3.000000)
[00:00:00 -522.476137] FAST spr round 1 (radius: 5)
[00:00:00] [worker #1] ML tree search #10, logLikelihood: -520.027814
[00:00:00 -521.808585] FAST spr round 2 (radius: 5)
[00:00:00] [worker #2] ML tree search #11, logLikelihood: -518.629711
[00:00:00 -521.652613] FAST spr round 3 (radius: 5)
[00:00:00 -521.652571] Model parameter optimization (eps = 1.000000)
[00:00:00 -521.260061] SLOW spr round 1 (radius: 5)
[00:00:00 -520.598592] SLOW spr round 2 (radius: 5)
[00:00:00] [worker #3] ML tree search #20, logLikelihood: -519.761640
[00:00:00 -520.598588] SLOW spr round 3 (radius: 10)
[00:00:00] [worker #1] ML tree search #18, logLikelihood: -519.741684
[00:00:00 -520.598588] SLOW spr round 4 (radius: 15)
[00:00:00 -520.598588] SLOW spr round 5 (radius: 20)
[00:00:00 -520.598588] Model parameter optimization (eps = 0.100000)

[00:00:00] [worker #0] ML tree search #17, logLikelihood: -519.991650

[00:00:00] [worker #2] ML tree search #19, logLikelihood: -518.657501

Optimized model parameters:

   Partition 0: noname
   Rate heterogeneity: GAMMA (4 cats, mean),  alpha: 0.055747 (ML),  weights&rates: (0.250000,0.000000) (0.250000,0.000004) (0.250000,0.009586) (0.250000,3.990410) 
   Base frequencies (ML): 0.293397 0.167087 0.270104 0.269412 
   Substitution rates (ML): 193.752556 721.638032 8.055302 87.200554 55.635613 1.000000 


Final LogLikelihood: -518.629711

AIC score: 1129.259421 / AICc score: 1164.130389 / BIC score: 1273.775945
Free parameters (model + branch lengths): 46

WARNING: Best ML tree contains 3 near-zero branches!

Best ML tree with collapsed near-zero branches saved to: /home/fili/Documents/KIT/2023/BA/code/output/families/ssim_dtl_s20_f100_sites200_GTR_bl1.0_d0.0_l0.0_t1.0_gc0.0_p0.0_pop10_ms0.0_mf0.0_seed42/families/family_066/misc/raxml_output.GTR+G.raxml.bestTreeCollapsed
Best ML tree saved to: /home/fili/Documents/KIT/2023/BA/code/output/families/ssim_dtl_s20_f100_sites200_GTR_bl1.0_d0.0_l0.0_t1.0_gc0.0_p0.0_pop10_ms0.0_mf0.0_seed42/families/family_066/misc/raxml_output.GTR+G.raxml.bestTree
All ML trees saved to: /home/fili/Documents/KIT/2023/BA/code/output/families/ssim_dtl_s20_f100_sites200_GTR_bl1.0_d0.0_l0.0_t1.0_gc0.0_p0.0_pop10_ms0.0_mf0.0_seed42/families/family_066/misc/raxml_output.GTR+G.raxml.mlTrees
Optimized model saved to: /home/fili/Documents/KIT/2023/BA/code/output/families/ssim_dtl_s20_f100_sites200_GTR_bl1.0_d0.0_l0.0_t1.0_gc0.0_p0.0_pop10_ms0.0_mf0.0_seed42/families/family_066/misc/raxml_output.GTR+G.raxml.bestModel

Execution log saved to: /home/fili/Documents/KIT/2023/BA/code/output/families/ssim_dtl_s20_f100_sites200_GTR_bl1.0_d0.0_l0.0_t1.0_gc0.0_p0.0_pop10_ms0.0_mf0.0_seed42/families/family_066/misc/raxml_output.GTR+G.raxml.log

Analysis started: 12-May-2023 21:00:22 / finished: 12-May-2023 21:00:22

Elapsed time: 0.296 seconds

