
RAxML-NG v. 1.1.0 released on 29.11.2021 by The Exelixis Lab.
Developed by: Alexey M. Kozlov and Alexandros Stamatakis.
Contributors: Diego Darriba, Tomas Flouri, Benoit Morel, Sarah Lutteropp, Ben Bettisworth.
Latest version: https://github.com/amkozlov/raxml-ng
Questions/problems/suggestions? Please visit: https://groups.google.com/forum/#!forum/raxml

System: AMD Ryzen 7 5800X 8-Core Processor, 8 cores, 31 GB RAM

RAxML-NG was called at 21-Jun-2023 14:53:36 as follows:

/home/fili/Documents/KIT/2023/BA/resources/tools/RAxML-NG/raxml-ng --msa /home/fili/Documents/KIT/2023/BA/code/output/families/ssim_NE_s20_f100_sites200_GTR_bl1.0_d0.0_l0.0_t0.0_gc0.0_p0.0_pop10_ms0.0_mf0.0_seed19732311/families/family_006/alignment.msa --model F81 --prefix /home/fili/Documents/KIT/2023/BA/code/output/families/ssim_NE_s20_f100_sites200_GTR_bl1.0_d0.0_l0.0_t0.0_gc0.0_p0.0_pop10_ms0.0_mf0.0_seed19732311/families/family_006/misc/raxml_output.F81

Analysis options:
  run mode: ML tree search
  start tree(s): random (10) + parsimony (10)
  random seed: 1687352016
  tip-inner: OFF
  pattern compression: ON
  per-rate scalers: OFF
  site repeats: ON
  fast spr radius: AUTO
  spr subtree cutoff: 1.000000
  branch lengths: proportional (ML estimate, algorithm: NR-FAST)
  SIMD kernels: AVX2
  parallelization: coarse-grained (auto), PTHREADS (auto)

[00:00:00] Reading alignment from file: /home/fili/Documents/KIT/2023/BA/code/output/families/ssim_NE_s20_f100_sites200_GTR_bl1.0_d0.0_l0.0_t0.0_gc0.0_p0.0_pop10_ms0.0_mf0.0_seed19732311/families/family_006/alignment.msa
[00:00:00] Loaded alignment with 20 taxa and 151 sites

Alignment comprises 1 partitions and 88 patterns

Partition 0: noname
Model: F81+FO
Alignment sites / patterns: 151 / 88
Gaps: 0.00 %
Invariant sites: 39.07 %


NOTE: Binary MSA file created: /home/fili/Documents/KIT/2023/BA/code/output/families/ssim_NE_s20_f100_sites200_GTR_bl1.0_d0.0_l0.0_t0.0_gc0.0_p0.0_pop10_ms0.0_mf0.0_seed19732311/families/family_006/misc/raxml_output.F81.raxml.rba

Parallelization scheme autoconfig: 8 worker(s) x 1 thread(s)

Parallel reduction/worker buffer size: 1 KB  / 0 KB

[00:00:00] Generating 10 random starting tree(s) with 20 taxa
[00:00:00] Generating 10 parsimony starting tree(s) with 20 taxa
[00:00:00] Data distribution: max. partitions/sites/weight per thread: 1 / 88 / 352
[00:00:00] Data distribution: max. searches per worker: 3

Starting ML tree search with 20 distinct starting trees

[00:00:00 -2433.335402] Initial branch length optimization
[00:00:00 -2031.450243] Model parameter optimization (eps = 10.000000)
[00:00:00 -1995.132888] AUTODETECT spr round 1 (radius: 5)
[00:00:00 -1264.074851] AUTODETECT spr round 2 (radius: 10)
[00:00:00 -1264.072939] SPR radius for FAST iterations: 5 (autodetect)
[00:00:00 -1264.072939] Model parameter optimization (eps = 3.000000)
[00:00:00 -1261.174678] FAST spr round 1 (radius: 5)
[00:00:00 -1229.994100] FAST spr round 2 (radius: 5)
[00:00:00 -1228.461835] FAST spr round 3 (radius: 5)
[00:00:00 -1228.461834] Model parameter optimization (eps = 1.000000)
[00:00:00 -1228.307614] SLOW spr round 1 (radius: 5)
[00:00:00 -1228.307528] SLOW spr round 2 (radius: 10)
[00:00:00] [worker #5] ML tree search #6, logLikelihood: -1228.307513
[00:00:00 -1228.307528] SLOW spr round 3 (radius: 15)
[00:00:00 -1228.307528] SLOW spr round 4 (radius: 20)
[00:00:00] [worker #3] ML tree search #4, logLikelihood: -1228.307512
[00:00:00 -1228.307528] Model parameter optimization (eps = 0.100000)
[00:00:00] [worker #4] ML tree search #5, logLikelihood: -1228.307513

[00:00:00] [worker #0] ML tree search #1, logLikelihood: -1228.307513

[00:00:00] [worker #1] ML tree search #2, logLikelihood: -1228.307513
[00:00:00 -2266.925819] Initial branch length optimization
[00:00:00 -1935.718636] Model parameter optimization (eps = 10.000000)
[00:00:00] [worker #6] ML tree search #7, logLikelihood: -1228.307512
[00:00:00] [worker #2] ML tree search #3, logLikelihood: -1228.307513
[00:00:00] [worker #7] ML tree search #8, logLikelihood: -1228.307513
[00:00:00 -1908.990372] AUTODETECT spr round 1 (radius: 5)
[00:00:00 -1343.097745] AUTODETECT spr round 2 (radius: 10)
[00:00:00 -1263.322388] AUTODETECT spr round 3 (radius: 15)
[00:00:00 -1263.322363] SPR radius for FAST iterations: 10 (autodetect)
[00:00:00 -1263.322363] Model parameter optimization (eps = 3.000000)
[00:00:00 -1262.432444] FAST spr round 1 (radius: 10)
[00:00:00 -1246.722345] FAST spr round 2 (radius: 10)
[00:00:00 -1229.564612] FAST spr round 3 (radius: 10)
[00:00:00 -1228.981481] FAST spr round 4 (radius: 10)
[00:00:00 -1228.608059] FAST spr round 5 (radius: 10)
[00:00:00 -1228.608053] Model parameter optimization (eps = 1.000000)
[00:00:00] [worker #5] ML tree search #14, logLikelihood: -1228.307515
[00:00:00 -1228.307682] SLOW spr round 1 (radius: 5)
[00:00:00] [worker #6] ML tree search #15, logLikelihood: -1228.307514
[00:00:00] [worker #4] ML tree search #13, logLikelihood: -1228.307512
[00:00:00] [worker #3] ML tree search #12, logLikelihood: -1228.307513
[00:00:00] [worker #2] ML tree search #11, logLikelihood: -1228.307512
[00:00:00 -1228.307552] SLOW spr round 2 (radius: 10)
[00:00:00] [worker #1] ML tree search #10, logLikelihood: -1228.307513
[00:00:00] [worker #7] ML tree search #16, logLikelihood: -1228.307513
[00:00:00 -1228.307552] SLOW spr round 3 (radius: 15)
[00:00:00 -1228.307552] SLOW spr round 4 (radius: 20)
[00:00:00 -1228.307552] Model parameter optimization (eps = 0.100000)

[00:00:00] [worker #0] ML tree search #9, logLikelihood: -1228.307513

[00:00:00 -1465.084652] Initial branch length optimization
[00:00:00 -1243.822541] Model parameter optimization (eps = 10.000000)
[00:00:00 -1229.163232] AUTODETECT spr round 1 (radius: 5)
[00:00:00 -1229.162749] SPR radius for FAST iterations: 5 (autodetect)
[00:00:00 -1229.162749] Model parameter optimization (eps = 3.000000)
[00:00:00 -1229.162708] FAST spr round 1 (radius: 5)
[00:00:00 -1229.162707] Model parameter optimization (eps = 1.000000)
[00:00:00 -1229.162706] SLOW spr round 1 (radius: 5)
[00:00:00 -1229.049385] SLOW spr round 2 (radius: 5)
[00:00:00] [worker #1] ML tree search #18, logLikelihood: -1228.307512
[00:00:00] [worker #3] ML tree search #20, logLikelihood: -1228.307513
[00:00:00 -1228.389457] SLOW spr round 3 (radius: 5)
[00:00:00] [worker #2] ML tree search #19, logLikelihood: -1228.307512
[00:00:00 -1228.389428] SLOW spr round 4 (radius: 10)
[00:00:00 -1228.389428] SLOW spr round 5 (radius: 15)
[00:00:00 -1228.389428] SLOW spr round 6 (radius: 20)
[00:00:00 -1228.389428] Model parameter optimization (eps = 0.100000)

[00:00:00] [worker #0] ML tree search #17, logLikelihood: -1228.307561


Optimized model parameters:

   Partition 0: noname
   Rate heterogeneity: NONE
   Base frequencies (ML): 0.245778 0.147869 0.320234 0.286119 
   Substitution rates (model): 1.000000 1.000000 1.000000 1.000000 1.000000 1.000000 


Final LogLikelihood: -1228.307512

AIC score: 2536.615024 / AICc score: 2566.433206 / BIC score: 2657.306218
Free parameters (model + branch lengths): 40

Best ML tree saved to: /home/fili/Documents/KIT/2023/BA/code/output/families/ssim_NE_s20_f100_sites200_GTR_bl1.0_d0.0_l0.0_t0.0_gc0.0_p0.0_pop10_ms0.0_mf0.0_seed19732311/families/family_006/misc/raxml_output.F81.raxml.bestTree
All ML trees saved to: /home/fili/Documents/KIT/2023/BA/code/output/families/ssim_NE_s20_f100_sites200_GTR_bl1.0_d0.0_l0.0_t0.0_gc0.0_p0.0_pop10_ms0.0_mf0.0_seed19732311/families/family_006/misc/raxml_output.F81.raxml.mlTrees
Optimized model saved to: /home/fili/Documents/KIT/2023/BA/code/output/families/ssim_NE_s20_f100_sites200_GTR_bl1.0_d0.0_l0.0_t0.0_gc0.0_p0.0_pop10_ms0.0_mf0.0_seed19732311/families/family_006/misc/raxml_output.F81.raxml.bestModel

Execution log saved to: /home/fili/Documents/KIT/2023/BA/code/output/families/ssim_NE_s20_f100_sites200_GTR_bl1.0_d0.0_l0.0_t0.0_gc0.0_p0.0_pop10_ms0.0_mf0.0_seed19732311/families/family_006/misc/raxml_output.F81.raxml.log

Analysis started: 21-Jun-2023 14:53:36 / finished: 21-Jun-2023 14:53:36

Elapsed time: 0.240 seconds

