
RAxML-NG v. 1.1.0 released on 29.11.2021 by The Exelixis Lab.
Developed by: Alexey M. Kozlov and Alexandros Stamatakis.
Contributors: Diego Darriba, Tomas Flouri, Benoit Morel, Sarah Lutteropp, Ben Bettisworth.
Latest version: https://github.com/amkozlov/raxml-ng
Questions/problems/suggestions? Please visit: https://groups.google.com/forum/#!forum/raxml

System: AMD Ryzen 7 5800X 8-Core Processor, 8 cores, 31 GB RAM

RAxML-NG was called at 27-Jun-2023 13:41:52 as follows:

/home/fili/Documents/KIT/2023/BA/resources/tools/RAxML-NG/raxml-ng --msa /home/fili/Documents/KIT/2023/BA/code/output/families/ssim_DL_s20_f100_sites200_GTR_bl1.0_d1.0_l1.0_t0.0_gc0.0_p0.0_pop10_ms0.0_mf0.0_seed121873/families/family_071/alignment.msa --model F81 --prefix /home/fili/Documents/KIT/2023/BA/code/output/families/ssim_DL_s20_f100_sites200_GTR_bl1.0_d1.0_l1.0_t0.0_gc0.0_p0.0_pop10_ms0.0_mf0.0_seed121873/families/family_071/misc/raxml_output.F81

Analysis options:
  run mode: ML tree search
  start tree(s): random (10) + parsimony (10)
  random seed: 1687866112
  tip-inner: OFF
  pattern compression: ON
  per-rate scalers: OFF
  site repeats: ON
  fast spr radius: AUTO
  spr subtree cutoff: 1.000000
  branch lengths: proportional (ML estimate, algorithm: NR-FAST)
  SIMD kernels: AVX2
  parallelization: coarse-grained (auto), PTHREADS (auto)

[00:00:00] Reading alignment from file: /home/fili/Documents/KIT/2023/BA/code/output/families/ssim_DL_s20_f100_sites200_GTR_bl1.0_d1.0_l1.0_t0.0_gc0.0_p0.0_pop10_ms0.0_mf0.0_seed121873/families/family_071/alignment.msa
[00:00:00] Loaded alignment with 17 taxa and 215 sites

WARNING: Sequences 17_0_0 and 15_0_0 are exactly identical!
WARNING: Duplicate sequences found: 1

NOTE: Reduced alignment (with duplicates and gap-only sites/taxa removed) 
NOTE: was saved to: /home/fili/Documents/KIT/2023/BA/code/output/families/ssim_DL_s20_f100_sites200_GTR_bl1.0_d1.0_l1.0_t0.0_gc0.0_p0.0_pop10_ms0.0_mf0.0_seed121873/families/family_071/misc/raxml_output.F81.raxml.reduced.phy

Alignment comprises 1 partitions and 93 patterns

Partition 0: noname
Model: F81+FO
Alignment sites / patterns: 215 / 93
Gaps: 0.00 %
Invariant sites: 47.44 %


NOTE: Binary MSA file created: /home/fili/Documents/KIT/2023/BA/code/output/families/ssim_DL_s20_f100_sites200_GTR_bl1.0_d1.0_l1.0_t0.0_gc0.0_p0.0_pop10_ms0.0_mf0.0_seed121873/families/family_071/misc/raxml_output.F81.raxml.rba

Parallelization scheme autoconfig: 8 worker(s) x 1 thread(s)

Parallel reduction/worker buffer size: 1 KB  / 0 KB

[00:00:00] Generating 10 random starting tree(s) with 17 taxa
[00:00:00] Generating 10 parsimony starting tree(s) with 17 taxa
[00:00:00] Data distribution: max. partitions/sites/weight per thread: 1 / 93 / 372
[00:00:00] Data distribution: max. searches per worker: 3

Starting ML tree search with 20 distinct starting trees

[00:00:00 -2452.522530] Initial branch length optimization
[00:00:00 -2182.851238] Model parameter optimization (eps = 10.000000)
[00:00:00 -2162.649922] AUTODETECT spr round 1 (radius: 5)
[00:00:00 -1200.880878] AUTODETECT spr round 2 (radius: 10)
[00:00:00 -1200.878852] SPR radius for FAST iterations: 5 (autodetect)
[00:00:00 -1200.878852] Model parameter optimization (eps = 3.000000)
[00:00:00 -1199.145108] FAST spr round 1 (radius: 5)
[00:00:00 -1167.384372] FAST spr round 2 (radius: 5)
[00:00:00 -1164.679278] FAST spr round 3 (radius: 5)
[00:00:00 -1164.296912] FAST spr round 4 (radius: 5)
[00:00:00 -1164.296912] Model parameter optimization (eps = 1.000000)
[00:00:00 -1164.276487] SLOW spr round 1 (radius: 5)
[00:00:00] [worker #7] ML tree search #8, logLikelihood: -1164.276484
[00:00:00] [worker #1] ML tree search #2, logLikelihood: -1164.276484
[00:00:00] [worker #5] ML tree search #6, logLikelihood: -1164.975506
[00:00:00] [worker #3] ML tree search #4, logLikelihood: -1164.276483
[00:00:00 -1164.276485] SLOW spr round 2 (radius: 10)
[00:00:00] [worker #2] ML tree search #3, logLikelihood: -1164.276484
[00:00:00] [worker #4] ML tree search #5, logLikelihood: -1164.276484
[00:00:00 -1164.276485] SLOW spr round 3 (radius: 15)
[00:00:00 -1164.276485] Model parameter optimization (eps = 0.100000)
[00:00:00] [worker #6] ML tree search #7, logLikelihood: -1164.276483

[00:00:00] [worker #0] ML tree search #1, logLikelihood: -1164.276483

[00:00:00 -2548.266033] Initial branch length optimization
[00:00:00 -2278.865820] Model parameter optimization (eps = 10.000000)
[00:00:00 -2256.465381] AUTODETECT spr round 1 (radius: 5)
[00:00:00 -1314.183425] AUTODETECT spr round 2 (radius: 10)
[00:00:00 -1177.516709] AUTODETECT spr round 3 (radius: 15)
[00:00:00 -1177.516706] SPR radius for FAST iterations: 10 (autodetect)
[00:00:00 -1177.516706] Model parameter optimization (eps = 3.000000)
[00:00:00 -1176.949176] FAST spr round 1 (radius: 10)
[00:00:00 -1167.277074] FAST spr round 2 (radius: 10)
[00:00:00 -1164.303318] FAST spr round 3 (radius: 10)
[00:00:00] [worker #7] ML tree search #16, logLikelihood: -1164.975506
[00:00:00] [worker #5] ML tree search #14, logLikelihood: -1164.975506
[00:00:00 -1164.303318] Model parameter optimization (eps = 1.000000)
[00:00:00 -1164.276487] SLOW spr round 1 (radius: 5)
[00:00:00] [worker #3] ML tree search #12, logLikelihood: -1164.975506
[00:00:00] [worker #2] ML tree search #11, logLikelihood: -1164.975506
[00:00:00] [worker #6] ML tree search #15, logLikelihood: -1164.975506
[00:00:00 -1164.276485] SLOW spr round 2 (radius: 10)
[00:00:00] [worker #1] ML tree search #10, logLikelihood: -1164.276483
[00:00:00 -1164.276485] SLOW spr round 3 (radius: 15)
[00:00:00 -1164.276485] Model parameter optimization (eps = 0.100000)

[00:00:00] [worker #0] ML tree search #9, logLikelihood: -1164.276484

[00:00:00] [worker #4] ML tree search #13, logLikelihood: -1164.276483
[00:00:00 -1519.123147] Initial branch length optimization
[00:00:00 -1176.787673] Model parameter optimization (eps = 10.000000)
[00:00:00 -1164.278589] AUTODETECT spr round 1 (radius: 5)
[00:00:00 -1164.276512] SPR radius for FAST iterations: 5 (autodetect)
[00:00:00 -1164.276512] Model parameter optimization (eps = 3.000000)
[00:00:00 -1164.276483] FAST spr round 1 (radius: 5)
[00:00:00 -1164.276483] Model parameter optimization (eps = 1.000000)
[00:00:00 -1164.276483] SLOW spr round 1 (radius: 5)
[00:00:00] [worker #2] ML tree search #19, logLikelihood: -1164.276483
[00:00:00] [worker #3] ML tree search #20, logLikelihood: -1164.276483
[00:00:00 -1164.276483] SLOW spr round 2 (radius: 10)
[00:00:00 -1164.276483] SLOW spr round 3 (radius: 15)
[00:00:00 -1164.276483] Model parameter optimization (eps = 0.100000)

[00:00:00] [worker #0] ML tree search #17, logLikelihood: -1164.276483

[00:00:00] [worker #1] ML tree search #18, logLikelihood: -1164.975506

Optimized model parameters:

   Partition 0: noname
   Rate heterogeneity: NONE
   Base frequencies (ML): 0.265399 0.158996 0.329469 0.246137 
   Substitution rates (model): 1.000000 1.000000 1.000000 1.000000 1.000000 1.000000 


Final LogLikelihood: -1164.276483

AIC score: 2396.552966 / AICc score: 2409.775188 / BIC score: 2511.154659
Free parameters (model + branch lengths): 34

Best ML tree saved to: /home/fili/Documents/KIT/2023/BA/code/output/families/ssim_DL_s20_f100_sites200_GTR_bl1.0_d1.0_l1.0_t0.0_gc0.0_p0.0_pop10_ms0.0_mf0.0_seed121873/families/family_071/misc/raxml_output.F81.raxml.bestTree
All ML trees saved to: /home/fili/Documents/KIT/2023/BA/code/output/families/ssim_DL_s20_f100_sites200_GTR_bl1.0_d1.0_l1.0_t0.0_gc0.0_p0.0_pop10_ms0.0_mf0.0_seed121873/families/family_071/misc/raxml_output.F81.raxml.mlTrees
Optimized model saved to: /home/fili/Documents/KIT/2023/BA/code/output/families/ssim_DL_s20_f100_sites200_GTR_bl1.0_d1.0_l1.0_t0.0_gc0.0_p0.0_pop10_ms0.0_mf0.0_seed121873/families/family_071/misc/raxml_output.F81.raxml.bestModel

Execution log saved to: /home/fili/Documents/KIT/2023/BA/code/output/families/ssim_DL_s20_f100_sites200_GTR_bl1.0_d1.0_l1.0_t0.0_gc0.0_p0.0_pop10_ms0.0_mf0.0_seed121873/families/family_071/misc/raxml_output.F81.raxml.log

Analysis started: 27-Jun-2023 13:41:52 / finished: 27-Jun-2023 13:41:52

Elapsed time: 0.190 seconds

