
RAxML-NG v. 1.1.0 released on 29.11.2021 by The Exelixis Lab.
Developed by: Alexey M. Kozlov and Alexandros Stamatakis.
Contributors: Diego Darriba, Tomas Flouri, Benoit Morel, Sarah Lutteropp, Ben Bettisworth.
Latest version: https://github.com/amkozlov/raxml-ng
Questions/problems/suggestions? Please visit: https://groups.google.com/forum/#!forum/raxml

System: AMD Ryzen 7 5800X 8-Core Processor, 8 cores, 31 GB RAM

RAxML-NG was called at 27-Jun-2023 13:02:00 as follows:

/home/fili/Documents/KIT/2023/BA/resources/tools/RAxML-NG/raxml-ng --msa /home/fili/Documents/KIT/2023/BA/code/output/families/ssim_DL_s20_f100_sites200_GTR_bl1.0_d1.0_l1.0_t0.0_gc0.0_p0.0_pop10_ms0.0_mf0.0_seed1007/families/family_042/alignment.msa --model F81 --prefix /home/fili/Documents/KIT/2023/BA/code/output/families/ssim_DL_s20_f100_sites200_GTR_bl1.0_d1.0_l1.0_t0.0_gc0.0_p0.0_pop10_ms0.0_mf0.0_seed1007/families/family_042/misc/raxml_output.F81

Analysis options:
  run mode: ML tree search
  start tree(s): random (10) + parsimony (10)
  random seed: 1687863720
  tip-inner: OFF
  pattern compression: ON
  per-rate scalers: OFF
  site repeats: ON
  fast spr radius: AUTO
  spr subtree cutoff: 1.000000
  branch lengths: proportional (ML estimate, algorithm: NR-FAST)
  SIMD kernels: AVX2
  parallelization: coarse-grained (auto), PTHREADS (auto)

[00:00:00] Reading alignment from file: /home/fili/Documents/KIT/2023/BA/code/output/families/ssim_DL_s20_f100_sites200_GTR_bl1.0_d1.0_l1.0_t0.0_gc0.0_p0.0_pop10_ms0.0_mf0.0_seed1007/families/family_042/alignment.msa
[00:00:00] Loaded alignment with 16 taxa and 296 sites

WARNING: Sequences 12_0_0 and 19_0_0 are exactly identical!
WARNING: Duplicate sequences found: 1

NOTE: Reduced alignment (with duplicates and gap-only sites/taxa removed) 
NOTE: was saved to: /home/fili/Documents/KIT/2023/BA/code/output/families/ssim_DL_s20_f100_sites200_GTR_bl1.0_d1.0_l1.0_t0.0_gc0.0_p0.0_pop10_ms0.0_mf0.0_seed1007/families/family_042/misc/raxml_output.F81.raxml.reduced.phy

Alignment comprises 1 partitions and 100 patterns

Partition 0: noname
Model: F81+FO
Alignment sites / patterns: 296 / 100
Gaps: 0.00 %
Invariant sites: 59.12 %


NOTE: Binary MSA file created: /home/fili/Documents/KIT/2023/BA/code/output/families/ssim_DL_s20_f100_sites200_GTR_bl1.0_d1.0_l1.0_t0.0_gc0.0_p0.0_pop10_ms0.0_mf0.0_seed1007/families/family_042/misc/raxml_output.F81.raxml.rba

Parallelization scheme autoconfig: 8 worker(s) x 1 thread(s)

Parallel reduction/worker buffer size: 1 KB  / 0 KB

[00:00:00] Generating 10 random starting tree(s) with 16 taxa
[00:00:00] Generating 10 parsimony starting tree(s) with 16 taxa
[00:00:00] Data distribution: max. partitions/sites/weight per thread: 1 / 100 / 400
[00:00:00] Data distribution: max. searches per worker: 3

Starting ML tree search with 20 distinct starting trees

[00:00:00 -2601.829482] Initial branch length optimization
[00:00:00 -2303.365377] Model parameter optimization (eps = 10.000000)
[00:00:00 -2216.106986] AUTODETECT spr round 1 (radius: 5)
[00:00:00 -1422.087982] AUTODETECT spr round 2 (radius: 10)
[00:00:00 -1422.087231] SPR radius for FAST iterations: 5 (autodetect)
[00:00:00 -1422.087231] Model parameter optimization (eps = 3.000000)
[00:00:00 -1418.644237] FAST spr round 1 (radius: 5)
[00:00:00 -1418.644232] Model parameter optimization (eps = 1.000000)
[00:00:00 -1418.644231] SLOW spr round 1 (radius: 5)
[00:00:00 -1418.644231] SLOW spr round 2 (radius: 10)
[00:00:00 -1418.644231] SLOW spr round 3 (radius: 15)
[00:00:00 -1418.644231] Model parameter optimization (eps = 0.100000)

[00:00:00] [worker #0] ML tree search #1, logLikelihood: -1418.644230

[00:00:00 -2638.658964] Initial branch length optimization
[00:00:00 -2350.424759] Model parameter optimization (eps = 10.000000)
[00:00:00] [worker #1] ML tree search #2, logLikelihood: -1418.644231
[00:00:00] [worker #2] ML tree search #3, logLikelihood: -1418.644233
[00:00:00 -2256.817910] AUTODETECT spr round 1 (radius: 5)
[00:00:00] [worker #4] ML tree search #5, logLikelihood: -1418.644233
[00:00:00 -1426.289960] AUTODETECT spr round 2 (radius: 10)
[00:00:00 -1426.289899] SPR radius for FAST iterations: 5 (autodetect)
[00:00:00 -1426.289899] Model parameter optimization (eps = 3.000000)
[00:00:00 -1421.176094] FAST spr round 1 (radius: 5)
[00:00:00 -1418.644542] FAST spr round 2 (radius: 5)
[00:00:00] [worker #5] ML tree search #6, logLikelihood: -1418.644230
[00:00:00 -1418.644542] Model parameter optimization (eps = 1.000000)
[00:00:00 -1418.644233] SLOW spr round 1 (radius: 5)
[00:00:00] [worker #6] ML tree search #7, logLikelihood: -1418.644231
[00:00:00] [worker #7] ML tree search #8, logLikelihood: -1418.644234
[00:00:00] [worker #3] ML tree search #4, logLikelihood: -1418.644231
[00:00:00 -1418.644233] SLOW spr round 2 (radius: 10)
[00:00:00] [worker #2] ML tree search #11, logLikelihood: -1418.644232
[00:00:00] [worker #4] ML tree search #13, logLikelihood: -1418.644231
[00:00:00 -1418.644233] SLOW spr round 3 (radius: 15)
[00:00:00 -1418.644233] Model parameter optimization (eps = 0.100000)

[00:00:00] [worker #0] ML tree search #9, logLikelihood: -1418.644232

[00:00:00] [worker #1] ML tree search #10, logLikelihood: -1418.644230
[00:00:00 -1888.434569] Initial branch length optimization
[00:00:00 -1456.471161] Model parameter optimization (eps = 10.000000)
[00:00:00 -1418.644262] AUTODETECT spr round 1 (radius: 5)
[00:00:00 -1418.644235] SPR radius for FAST iterations: 5 (autodetect)
[00:00:00 -1418.644235] Model parameter optimization (eps = 3.000000)
[00:00:00 -1418.644231] FAST spr round 1 (radius: 5)
[00:00:00 -1418.644231] Model parameter optimization (eps = 1.000000)
[00:00:00 -1418.644231] SLOW spr round 1 (radius: 5)
[00:00:00] [worker #6] ML tree search #15, logLikelihood: -1418.644232
[00:00:00] [worker #7] ML tree search #16, logLikelihood: -1418.644232
[00:00:00 -1418.644231] SLOW spr round 2 (radius: 10)
[00:00:00] [worker #5] ML tree search #14, logLikelihood: -1418.644231
[00:00:00] [worker #2] ML tree search #19, logLikelihood: -1418.644231
[00:00:00 -1418.644231] SLOW spr round 3 (radius: 15)
[00:00:00] [worker #1] ML tree search #18, logLikelihood: -1418.644232
[00:00:00 -1418.644231] Model parameter optimization (eps = 0.100000)

[00:00:00] [worker #0] ML tree search #17, logLikelihood: -1418.644231

[00:00:00] [worker #3] ML tree search #12, logLikelihood: -1418.644232
[00:00:00] [worker #3] ML tree search #20, logLikelihood: -1418.644232

Optimized model parameters:

   Partition 0: noname
   Rate heterogeneity: NONE
   Base frequencies (ML): 0.311607 0.108641 0.342334 0.237417 
   Substitution rates (model): 1.000000 1.000000 1.000000 1.000000 1.000000 1.000000 


Final LogLikelihood: -1418.644230

AIC score: 2901.288460 / AICc score: 2909.318879 / BIC score: 3019.379963
Free parameters (model + branch lengths): 32

WARNING: Best ML tree contains 2 near-zero branches!

Best ML tree with collapsed near-zero branches saved to: /home/fili/Documents/KIT/2023/BA/code/output/families/ssim_DL_s20_f100_sites200_GTR_bl1.0_d1.0_l1.0_t0.0_gc0.0_p0.0_pop10_ms0.0_mf0.0_seed1007/families/family_042/misc/raxml_output.F81.raxml.bestTreeCollapsed
Best ML tree saved to: /home/fili/Documents/KIT/2023/BA/code/output/families/ssim_DL_s20_f100_sites200_GTR_bl1.0_d1.0_l1.0_t0.0_gc0.0_p0.0_pop10_ms0.0_mf0.0_seed1007/families/family_042/misc/raxml_output.F81.raxml.bestTree
All ML trees saved to: /home/fili/Documents/KIT/2023/BA/code/output/families/ssim_DL_s20_f100_sites200_GTR_bl1.0_d1.0_l1.0_t0.0_gc0.0_p0.0_pop10_ms0.0_mf0.0_seed1007/families/family_042/misc/raxml_output.F81.raxml.mlTrees
Optimized model saved to: /home/fili/Documents/KIT/2023/BA/code/output/families/ssim_DL_s20_f100_sites200_GTR_bl1.0_d1.0_l1.0_t0.0_gc0.0_p0.0_pop10_ms0.0_mf0.0_seed1007/families/family_042/misc/raxml_output.F81.raxml.bestModel

Execution log saved to: /home/fili/Documents/KIT/2023/BA/code/output/families/ssim_DL_s20_f100_sites200_GTR_bl1.0_d1.0_l1.0_t0.0_gc0.0_p0.0_pop10_ms0.0_mf0.0_seed1007/families/family_042/misc/raxml_output.F81.raxml.log

Analysis started: 27-Jun-2023 13:02:00 / finished: 27-Jun-2023 13:02:00

Elapsed time: 0.165 seconds

