
RAxML-NG v. 1.1.0 released on 29.11.2021 by The Exelixis Lab.
Developed by: Alexey M. Kozlov and Alexandros Stamatakis.
Contributors: Diego Darriba, Tomas Flouri, Benoit Morel, Sarah Lutteropp, Ben Bettisworth.
Latest version: https://github.com/amkozlov/raxml-ng
Questions/problems/suggestions? Please visit: https://groups.google.com/forum/#!forum/raxml

System: AMD Ryzen 7 5800X 8-Core Processor, 8 cores, 31 GB RAM

RAxML-NG was called at 27-Jun-2023 13:43:21 as follows:

/home/fili/Documents/KIT/2023/BA/resources/tools/RAxML-NG/raxml-ng --msa /home/fili/Documents/KIT/2023/BA/code/output/families/ssim_DL_s20_f100_sites200_GTR_bl1.0_d1.0_l1.0_t0.0_gc0.0_p0.0_pop10_ms0.0_mf0.0_seed14976684177860080345/families/family_050/alignment.msa --model F81 --prefix /home/fili/Documents/KIT/2023/BA/code/output/families/ssim_DL_s20_f100_sites200_GTR_bl1.0_d1.0_l1.0_t0.0_gc0.0_p0.0_pop10_ms0.0_mf0.0_seed14976684177860080345/families/family_050/misc/raxml_output.F81

Analysis options:
  run mode: ML tree search
  start tree(s): random (10) + parsimony (10)
  random seed: 1687866201
  tip-inner: OFF
  pattern compression: ON
  per-rate scalers: OFF
  site repeats: ON
  fast spr radius: AUTO
  spr subtree cutoff: 1.000000
  branch lengths: proportional (ML estimate, algorithm: NR-FAST)
  SIMD kernels: AVX2
  parallelization: coarse-grained (auto), PTHREADS (auto)

[00:00:00] Reading alignment from file: /home/fili/Documents/KIT/2023/BA/code/output/families/ssim_DL_s20_f100_sites200_GTR_bl1.0_d1.0_l1.0_t0.0_gc0.0_p0.0_pop10_ms0.0_mf0.0_seed14976684177860080345/families/family_050/alignment.msa
[00:00:00] Loaded alignment with 14 taxa and 170 sites

WARNING: Sequences 3_0_0 and 6_0_0 are exactly identical!
WARNING: Sequences 14_0_0 and 2_0_0 are exactly identical!
WARNING: Duplicate sequences found: 2

NOTE: Reduced alignment (with duplicates and gap-only sites/taxa removed) 
NOTE: was saved to: /home/fili/Documents/KIT/2023/BA/code/output/families/ssim_DL_s20_f100_sites200_GTR_bl1.0_d1.0_l1.0_t0.0_gc0.0_p0.0_pop10_ms0.0_mf0.0_seed14976684177860080345/families/family_050/misc/raxml_output.F81.raxml.reduced.phy

Alignment comprises 1 partitions and 41 patterns

Partition 0: noname
Model: F81+FO
Alignment sites / patterns: 170 / 41
Gaps: 0.00 %
Invariant sites: 67.65 %


NOTE: Binary MSA file created: /home/fili/Documents/KIT/2023/BA/code/output/families/ssim_DL_s20_f100_sites200_GTR_bl1.0_d1.0_l1.0_t0.0_gc0.0_p0.0_pop10_ms0.0_mf0.0_seed14976684177860080345/families/family_050/misc/raxml_output.F81.raxml.rba

Parallelization scheme autoconfig: 8 worker(s) x 1 thread(s)

Parallel reduction/worker buffer size: 1 KB  / 0 KB

[00:00:00] Generating 10 random starting tree(s) with 14 taxa
[00:00:00] Generating 10 parsimony starting tree(s) with 14 taxa
[00:00:00] Data distribution: max. partitions/sites/weight per thread: 1 / 41 / 164
[00:00:00] Data distribution: max. searches per worker: 3

Starting ML tree search with 20 distinct starting trees

[00:00:00 -1253.900479] Initial branch length optimization
[00:00:00 -1008.115741] Model parameter optimization (eps = 10.000000)
[00:00:00 -1001.807051] AUTODETECT spr round 1 (radius: 5)
[00:00:00 -566.131728] AUTODETECT spr round 2 (radius: 10)
[00:00:00 -566.131727] SPR radius for FAST iterations: 5 (autodetect)
[00:00:00 -566.131727] Model parameter optimization (eps = 3.000000)
[00:00:00 -565.582375] FAST spr round 1 (radius: 5)
[00:00:00 -565.582359] Model parameter optimization (eps = 1.000000)
[00:00:00 -565.582354] SLOW spr round 1 (radius: 5)
[00:00:00 -565.167624] SLOW spr round 2 (radius: 5)
[00:00:00] [worker #1] ML tree search #2, logLikelihood: -565.154602
[00:00:00 -565.167624] SLOW spr round 3 (radius: 10)
[00:00:00] [worker #3] ML tree search #4, logLikelihood: -565.154603
[00:00:00] [worker #4] ML tree search #5, logLikelihood: -565.154603
[00:00:00] [worker #2] ML tree search #3, logLikelihood: -565.154603
[00:00:00 -565.167624] Model parameter optimization (eps = 0.100000)

[00:00:00] [worker #0] ML tree search #1, logLikelihood: -565.154603

[00:00:00] [worker #7] ML tree search #8, logLikelihood: -565.154602
[00:00:00] [worker #6] ML tree search #7, logLikelihood: -565.154603
[00:00:00] [worker #5] ML tree search #6, logLikelihood: -565.154603
[00:00:00 -1202.517524] Initial branch length optimization
[00:00:00 -960.160568] Model parameter optimization (eps = 10.000000)
[00:00:00 -953.773763] AUTODETECT spr round 1 (radius: 5)
[00:00:00 -576.728625] AUTODETECT spr round 2 (radius: 10)
[00:00:00 -576.728624] SPR radius for FAST iterations: 5 (autodetect)
[00:00:00 -576.728624] Model parameter optimization (eps = 3.000000)
[00:00:00 -576.187025] FAST spr round 1 (radius: 5)
[00:00:00] [worker #2] ML tree search #11, logLikelihood: -565.154603
[00:00:00 -565.172165] FAST spr round 2 (radius: 5)
[00:00:00] [worker #1] ML tree search #10, logLikelihood: -565.154603
[00:00:00 -565.172165] Model parameter optimization (eps = 1.000000)
[00:00:00 -565.154603] SLOW spr round 1 (radius: 5)
[00:00:00] [worker #7] ML tree search #16, logLikelihood: -565.154603
[00:00:00] [worker #3] ML tree search #12, logLikelihood: -565.154603
[00:00:00] [worker #4] ML tree search #13, logLikelihood: -565.154603
[00:00:00] [worker #6] ML tree search #15, logLikelihood: -565.154603
[00:00:00 -565.154603] SLOW spr round 2 (radius: 10)
[00:00:00] [worker #5] ML tree search #14, logLikelihood: -565.154603
[00:00:00 -565.154603] Model parameter optimization (eps = 0.100000)

[00:00:00] [worker #0] ML tree search #9, logLikelihood: -565.154603

[00:00:00] [worker #1] ML tree search #18, logLikelihood: -565.154602
[00:00:00 -879.461446] Initial branch length optimization
[00:00:00 -574.817206] Model parameter optimization (eps = 10.000000)
[00:00:00 -572.857505] AUTODETECT spr round 1 (radius: 5)
[00:00:00] [worker #2] ML tree search #19, logLikelihood: -565.154602
[00:00:00 -565.160322] AUTODETECT spr round 2 (radius: 10)
[00:00:00 -565.160322] SPR radius for FAST iterations: 5 (autodetect)
[00:00:00 -565.160322] Model parameter optimization (eps = 3.000000)
[00:00:00 -565.154603] FAST spr round 1 (radius: 5)
[00:00:00] [worker #3] ML tree search #20, logLikelihood: -565.154603
[00:00:00 -565.154603] Model parameter optimization (eps = 1.000000)
[00:00:00 -565.154603] SLOW spr round 1 (radius: 5)
[00:00:00 -565.154603] SLOW spr round 2 (radius: 10)
[00:00:00 -565.154603] Model parameter optimization (eps = 0.100000)

[00:00:00] [worker #0] ML tree search #17, logLikelihood: -565.154603


Optimized model parameters:

   Partition 0: noname
   Rate heterogeneity: NONE
   Base frequencies (ML): 0.269538 0.234007 0.287932 0.208523 
   Substitution rates (model): 1.000000 1.000000 1.000000 1.000000 1.000000 1.000000 


Final LogLikelihood: -565.154602

AIC score: 1186.309204 / AICc score: 1197.826935 / BIC score: 1274.111561
Free parameters (model + branch lengths): 28

WARNING: Best ML tree contains 4 near-zero branches!

Best ML tree with collapsed near-zero branches saved to: /home/fili/Documents/KIT/2023/BA/code/output/families/ssim_DL_s20_f100_sites200_GTR_bl1.0_d1.0_l1.0_t0.0_gc0.0_p0.0_pop10_ms0.0_mf0.0_seed14976684177860080345/families/family_050/misc/raxml_output.F81.raxml.bestTreeCollapsed
Best ML tree saved to: /home/fili/Documents/KIT/2023/BA/code/output/families/ssim_DL_s20_f100_sites200_GTR_bl1.0_d1.0_l1.0_t0.0_gc0.0_p0.0_pop10_ms0.0_mf0.0_seed14976684177860080345/families/family_050/misc/raxml_output.F81.raxml.bestTree
All ML trees saved to: /home/fili/Documents/KIT/2023/BA/code/output/families/ssim_DL_s20_f100_sites200_GTR_bl1.0_d1.0_l1.0_t0.0_gc0.0_p0.0_pop10_ms0.0_mf0.0_seed14976684177860080345/families/family_050/misc/raxml_output.F81.raxml.mlTrees
Optimized model saved to: /home/fili/Documents/KIT/2023/BA/code/output/families/ssim_DL_s20_f100_sites200_GTR_bl1.0_d1.0_l1.0_t0.0_gc0.0_p0.0_pop10_ms0.0_mf0.0_seed14976684177860080345/families/family_050/misc/raxml_output.F81.raxml.bestModel

Execution log saved to: /home/fili/Documents/KIT/2023/BA/code/output/families/ssim_DL_s20_f100_sites200_GTR_bl1.0_d1.0_l1.0_t0.0_gc0.0_p0.0_pop10_ms0.0_mf0.0_seed14976684177860080345/families/family_050/misc/raxml_output.F81.raxml.log

Analysis started: 27-Jun-2023 13:43:21 / finished: 27-Jun-2023 13:43:21

Elapsed time: 0.104 seconds

