
RAxML-NG v. 1.1.0 released on 29.11.2021 by The Exelixis Lab.
Developed by: Alexey M. Kozlov and Alexandros Stamatakis.
Contributors: Diego Darriba, Tomas Flouri, Benoit Morel, Sarah Lutteropp, Ben Bettisworth.
Latest version: https://github.com/amkozlov/raxml-ng
Questions/problems/suggestions? Please visit: https://groups.google.com/forum/#!forum/raxml

System: AMD Ryzen 7 5800X 8-Core Processor, 8 cores, 31 GB RAM

RAxML-NG was called at 27-Jun-2023 13:41:12 as follows:

/home/fili/Documents/KIT/2023/BA/resources/tools/RAxML-NG/raxml-ng --msa /home/fili/Documents/KIT/2023/BA/code/output/families/ssim_DL_s20_f100_sites200_GTR_bl1.0_d1.0_l1.0_t0.0_gc0.0_p0.0_pop10_ms0.0_mf0.0_seed121873/families/family_078/alignment.msa --model F81 --prefix /home/fili/Documents/KIT/2023/BA/code/output/families/ssim_DL_s20_f100_sites200_GTR_bl1.0_d1.0_l1.0_t0.0_gc0.0_p0.0_pop10_ms0.0_mf0.0_seed121873/families/family_078/misc/raxml_output.F81

Analysis options:
  run mode: ML tree search
  start tree(s): random (10) + parsimony (10)
  random seed: 1687866072
  tip-inner: OFF
  pattern compression: ON
  per-rate scalers: OFF
  site repeats: ON
  fast spr radius: AUTO
  spr subtree cutoff: 1.000000
  branch lengths: proportional (ML estimate, algorithm: NR-FAST)
  SIMD kernels: AVX2
  parallelization: coarse-grained (auto), PTHREADS (auto)

[00:00:00] Reading alignment from file: /home/fili/Documents/KIT/2023/BA/code/output/families/ssim_DL_s20_f100_sites200_GTR_bl1.0_d1.0_l1.0_t0.0_gc0.0_p0.0_pop10_ms0.0_mf0.0_seed121873/families/family_078/alignment.msa
[00:00:00] Loaded alignment with 19 taxa and 350 sites

Alignment comprises 1 partitions and 160 patterns

Partition 0: noname
Model: F81+FO
Alignment sites / patterns: 350 / 160
Gaps: 0.00 %
Invariant sites: 47.14 %


NOTE: Binary MSA file created: /home/fili/Documents/KIT/2023/BA/code/output/families/ssim_DL_s20_f100_sites200_GTR_bl1.0_d1.0_l1.0_t0.0_gc0.0_p0.0_pop10_ms0.0_mf0.0_seed121873/families/family_078/misc/raxml_output.F81.raxml.rba

Parallelization scheme autoconfig: 8 worker(s) x 1 thread(s)

Parallel reduction/worker buffer size: 1 KB  / 0 KB

[00:00:00] Generating 10 random starting tree(s) with 19 taxa
[00:00:00] Generating 10 parsimony starting tree(s) with 19 taxa
[00:00:00] Data distribution: max. partitions/sites/weight per thread: 1 / 160 / 640
[00:00:00] Data distribution: max. searches per worker: 3

Starting ML tree search with 20 distinct starting trees

[00:00:00 -4121.967203] Initial branch length optimization
[00:00:00 -3755.507594] Model parameter optimization (eps = 10.000000)
[00:00:00 -3590.961406] AUTODETECT spr round 1 (radius: 5)
[00:00:00 -2486.136760] AUTODETECT spr round 2 (radius: 10)
[00:00:00 -2486.136431] SPR radius for FAST iterations: 5 (autodetect)
[00:00:00 -2486.136431] Model parameter optimization (eps = 3.000000)
[00:00:00 -2484.991073] FAST spr round 1 (radius: 5)
[00:00:00 -2354.775863] FAST spr round 2 (radius: 5)
[00:00:00 -2351.719238] FAST spr round 3 (radius: 5)
[00:00:00 -2350.325744] FAST spr round 4 (radius: 5)
[00:00:00 -2350.325742] Model parameter optimization (eps = 1.000000)
[00:00:00 -2350.061863] SLOW spr round 1 (radius: 5)
[00:00:00] [worker #6] ML tree search #7, logLikelihood: -2350.061495
[00:00:00] [worker #4] ML tree search #5, logLikelihood: -2350.061497
[00:00:00] [worker #3] ML tree search #4, logLikelihood: -2350.061496
[00:00:00] [worker #1] ML tree search #2, logLikelihood: -2350.061496
[00:00:00] [worker #5] ML tree search #6, logLikelihood: -2350.061495
[00:00:00] [worker #2] ML tree search #3, logLikelihood: -2350.061495
[00:00:00 -2350.061693] SLOW spr round 2 (radius: 10)
[00:00:00] [worker #7] ML tree search #8, logLikelihood: -2350.061495
[00:00:00 -2350.061693] SLOW spr round 3 (radius: 15)
[00:00:00 -2350.061693] Model parameter optimization (eps = 0.100000)

[00:00:00] [worker #0] ML tree search #1, logLikelihood: -2350.061495

[00:00:00 -4169.121889] Initial branch length optimization
[00:00:00 -3815.122205] Model parameter optimization (eps = 10.000000)
[00:00:00 -3632.108889] AUTODETECT spr round 1 (radius: 5)
[00:00:00 -2374.713939] AUTODETECT spr round 2 (radius: 10)
[00:00:00 -2374.710972] SPR radius for FAST iterations: 5 (autodetect)
[00:00:00 -2374.710972] Model parameter optimization (eps = 3.000000)
[00:00:00 -2372.459580] FAST spr round 1 (radius: 5)
[00:00:00] [worker #6] ML tree search #15, logLikelihood: -2350.061495
[00:00:00 -2355.445477] FAST spr round 2 (radius: 5)
[00:00:00] [worker #5] ML tree search #14, logLikelihood: -2350.061496
[00:00:00] [worker #3] ML tree search #12, logLikelihood: -2350.061494
[00:00:00] [worker #4] ML tree search #13, logLikelihood: -2350.061495
[00:00:00 -2350.077642] FAST spr round 3 (radius: 5)
[00:00:00 -2350.077627] Model parameter optimization (eps = 1.000000)
[00:00:00 -2350.061519] SLOW spr round 1 (radius: 5)
[00:00:00] [worker #7] ML tree search #16, logLikelihood: -2350.061495
[00:00:00] [worker #1] ML tree search #10, logLikelihood: -2350.061497
[00:00:00] [worker #2] ML tree search #11, logLikelihood: -2350.061494
[00:00:00 -2350.061513] SLOW spr round 2 (radius: 10)
[00:00:00 -2350.061513] SLOW spr round 3 (radius: 15)
[00:00:00 -2350.061513] Model parameter optimization (eps = 0.100000)

[00:00:00] [worker #0] ML tree search #9, logLikelihood: -2350.061495

[00:00:00 -2980.601717] Initial branch length optimization
[00:00:00 -2464.083461] Model parameter optimization (eps = 10.000000)
[00:00:00] [worker #3] ML tree search #20, logLikelihood: -2350.061496
[00:00:00 -2372.919425] AUTODETECT spr round 1 (radius: 5)
[00:00:00 -2354.519866] AUTODETECT spr round 2 (radius: 10)
[00:00:00 -2354.518324] SPR radius for FAST iterations: 5 (autodetect)
[00:00:00 -2354.518324] Model parameter optimization (eps = 3.000000)
[00:00:00 -2354.496018] FAST spr round 1 (radius: 5)
[00:00:00 -2351.527044] FAST spr round 2 (radius: 5)
[00:00:00 -2350.063118] FAST spr round 3 (radius: 5)
[00:00:00] [worker #1] ML tree search #18, logLikelihood: -2350.061494
[00:00:00 -2350.063113] Model parameter optimization (eps = 1.000000)
[00:00:00 -2350.061495] SLOW spr round 1 (radius: 5)
[00:00:00] [worker #2] ML tree search #19, logLikelihood: -2350.061494
[00:00:00 -2350.061495] SLOW spr round 2 (radius: 10)
[00:00:00 -2350.061495] SLOW spr round 3 (radius: 15)
[00:00:00 -2350.061495] Model parameter optimization (eps = 0.100000)

[00:00:00] [worker #0] ML tree search #17, logLikelihood: -2350.061494


Optimized model parameters:

   Partition 0: noname
   Rate heterogeneity: NONE
   Base frequencies (ML): 0.376327 0.115525 0.359159 0.148988 
   Substitution rates (model): 1.000000 1.000000 1.000000 1.000000 1.000000 1.000000 


Final LogLikelihood: -2350.061494

AIC score: 4776.122989 / AICc score: 4785.653535 / BIC score: 4922.724449
Free parameters (model + branch lengths): 38

Best ML tree saved to: /home/fili/Documents/KIT/2023/BA/code/output/families/ssim_DL_s20_f100_sites200_GTR_bl1.0_d1.0_l1.0_t0.0_gc0.0_p0.0_pop10_ms0.0_mf0.0_seed121873/families/family_078/misc/raxml_output.F81.raxml.bestTree
All ML trees saved to: /home/fili/Documents/KIT/2023/BA/code/output/families/ssim_DL_s20_f100_sites200_GTR_bl1.0_d1.0_l1.0_t0.0_gc0.0_p0.0_pop10_ms0.0_mf0.0_seed121873/families/family_078/misc/raxml_output.F81.raxml.mlTrees
Optimized model saved to: /home/fili/Documents/KIT/2023/BA/code/output/families/ssim_DL_s20_f100_sites200_GTR_bl1.0_d1.0_l1.0_t0.0_gc0.0_p0.0_pop10_ms0.0_mf0.0_seed121873/families/family_078/misc/raxml_output.F81.raxml.bestModel

Execution log saved to: /home/fili/Documents/KIT/2023/BA/code/output/families/ssim_DL_s20_f100_sites200_GTR_bl1.0_d1.0_l1.0_t0.0_gc0.0_p0.0_pop10_ms0.0_mf0.0_seed121873/families/family_078/misc/raxml_output.F81.raxml.log

Analysis started: 27-Jun-2023 13:41:12 / finished: 27-Jun-2023 13:41:13

Elapsed time: 0.317 seconds

