
RAxML-NG v. 1.1.0 released on 29.11.2021 by The Exelixis Lab.
Developed by: Alexey M. Kozlov and Alexandros Stamatakis.
Contributors: Diego Darriba, Tomas Flouri, Benoit Morel, Sarah Lutteropp, Ben Bettisworth.
Latest version: https://github.com/amkozlov/raxml-ng
Questions/problems/suggestions? Please visit: https://groups.google.com/forum/#!forum/raxml

System: AMD Ryzen 7 5800X 8-Core Processor, 8 cores, 31 GB RAM

RAxML-NG was called at 16-Jun-2023 09:59:22 as follows:

/home/fili/Documents/KIT/2023/BA/resources/tools/RAxML-NG/raxml-ng --msa /home/fili/Documents/KIT/2023/BA/code/output/families/ssim_NE_s20_f100_sites200_GTR_bl1.0_d0.0_l0.0_t0.0_gc0.0_p0.0_pop10_ms0.0_mf0.0_seed1007/families/family_059/alignment.msa --model F81 --prefix /home/fili/Documents/KIT/2023/BA/code/output/families/ssim_NE_s20_f100_sites200_GTR_bl1.0_d0.0_l0.0_t0.0_gc0.0_p0.0_pop10_ms0.0_mf0.0_seed1007/families/family_059/misc/raxml_output.F81

Analysis options:
  run mode: ML tree search
  start tree(s): random (10) + parsimony (10)
  random seed: 1686902362
  tip-inner: OFF
  pattern compression: ON
  per-rate scalers: OFF
  site repeats: ON
  fast spr radius: AUTO
  spr subtree cutoff: 1.000000
  branch lengths: proportional (ML estimate, algorithm: NR-FAST)
  SIMD kernels: AVX2
  parallelization: coarse-grained (auto), PTHREADS (auto)

[00:00:00] Reading alignment from file: /home/fili/Documents/KIT/2023/BA/code/output/families/ssim_NE_s20_f100_sites200_GTR_bl1.0_d0.0_l0.0_t0.0_gc0.0_p0.0_pop10_ms0.0_mf0.0_seed1007/families/family_059/alignment.msa
[00:00:00] Loaded alignment with 20 taxa and 119 sites

WARNING: Sequences 11_0_0 and 7_0_0 are exactly identical!
WARNING: Sequences 8_0_0 and 2_0_0 are exactly identical!
WARNING: Sequences 4_0_0 and 3_0_0 are exactly identical!
WARNING: Sequences 19_0_0 and 12_0_0 are exactly identical!
WARNING: Sequences 19_0_0 and 20_0_0 are exactly identical!
WARNING: Duplicate sequences found: 5

NOTE: Reduced alignment (with duplicates and gap-only sites/taxa removed) 
NOTE: was saved to: /home/fili/Documents/KIT/2023/BA/code/output/families/ssim_NE_s20_f100_sites200_GTR_bl1.0_d0.0_l0.0_t0.0_gc0.0_p0.0_pop10_ms0.0_mf0.0_seed1007/families/family_059/misc/raxml_output.F81.raxml.reduced.phy

Alignment comprises 1 partitions and 26 patterns

Partition 0: noname
Model: F81+FO
Alignment sites / patterns: 119 / 26
Gaps: 0.00 %
Invariant sites: 81.51 %


NOTE: Binary MSA file created: /home/fili/Documents/KIT/2023/BA/code/output/families/ssim_NE_s20_f100_sites200_GTR_bl1.0_d0.0_l0.0_t0.0_gc0.0_p0.0_pop10_ms0.0_mf0.0_seed1007/families/family_059/misc/raxml_output.F81.raxml.rba

Parallelization scheme autoconfig: 8 worker(s) x 1 thread(s)

Parallel reduction/worker buffer size: 1 KB  / 0 KB

[00:00:00] Generating 10 random starting tree(s) with 20 taxa
[00:00:00] Generating 10 parsimony starting tree(s) with 20 taxa
[00:00:00] Data distribution: max. partitions/sites/weight per thread: 1 / 26 / 104
[00:00:00] Data distribution: max. searches per worker: 3

Starting ML tree search with 20 distinct starting trees

[00:00:00 -899.880764] Initial branch length optimization
[00:00:00 -665.049730] Model parameter optimization (eps = 10.000000)
[00:00:00 -655.111302] AUTODETECT spr round 1 (radius: 5)
[00:00:00 -448.900819] AUTODETECT spr round 2 (radius: 10)
[00:00:00 -444.247947] AUTODETECT spr round 3 (radius: 15)
[00:00:00 -444.247947] SPR radius for FAST iterations: 10 (autodetect)
[00:00:00 -444.247947] Model parameter optimization (eps = 3.000000)
[00:00:00 -442.751908] FAST spr round 1 (radius: 10)
[00:00:00 -442.065193] FAST spr round 2 (radius: 10)
[00:00:00 -434.006272] FAST spr round 3 (radius: 10)
[00:00:00 -434.006272] Model parameter optimization (eps = 1.000000)
[00:00:00 -433.996626] SLOW spr round 1 (radius: 5)
[00:00:00 -433.996536] SLOW spr round 2 (radius: 10)
[00:00:00] [worker #5] ML tree search #6, logLikelihood: -427.701728
[00:00:00] [worker #7] ML tree search #8, logLikelihood: -427.701728
[00:00:00] [worker #3] ML tree search #4, logLikelihood: -427.701728
[00:00:00 -433.996536] SLOW spr round 3 (radius: 15)
[00:00:00] [worker #4] ML tree search #5, logLikelihood: -427.701728
[00:00:00] [worker #6] ML tree search #7, logLikelihood: -427.701729
[00:00:00] [worker #1] ML tree search #2, logLikelihood: -427.701729
[00:00:00 -433.996536] SLOW spr round 4 (radius: 20)
[00:00:00 -433.996536] Model parameter optimization (eps = 0.100000)

[00:00:00] [worker #0] ML tree search #1, logLikelihood: -433.996536

[00:00:00 -899.581161] Initial branch length optimization
[00:00:00 -660.161613] Model parameter optimization (eps = 10.000000)
[00:00:00 -650.071761] AUTODETECT spr round 1 (radius: 5)
[00:00:00 -451.085430] AUTODETECT spr round 2 (radius: 10)
[00:00:00 -429.752494] AUTODETECT spr round 3 (radius: 15)
[00:00:00 -429.752494] SPR radius for FAST iterations: 10 (autodetect)
[00:00:00 -429.752494] Model parameter optimization (eps = 3.000000)
[00:00:00 -427.701799] FAST spr round 1 (radius: 10)
[00:00:00 -427.701795] Model parameter optimization (eps = 1.000000)
[00:00:00 -427.701728] SLOW spr round 1 (radius: 5)
[00:00:00] [worker #5] ML tree search #14, logLikelihood: -427.701728
[00:00:00] [worker #7] ML tree search #16, logLikelihood: -427.701728
[00:00:00 -427.701728] SLOW spr round 2 (radius: 10)
[00:00:00] [worker #3] ML tree search #12, logLikelihood: -427.701728
[00:00:00] [worker #2] ML tree search #3, logLikelihood: -427.701731
[00:00:00 -427.701728] SLOW spr round 3 (radius: 15)
[00:00:00] [worker #6] ML tree search #15, logLikelihood: -433.996537
[00:00:00 -427.701728] SLOW spr round 4 (radius: 20)
[00:00:00 -427.701728] Model parameter optimization (eps = 0.100000)

[00:00:00] [worker #0] ML tree search #9, logLikelihood: -427.701728

[00:00:00] [worker #4] ML tree search #13, logLikelihood: -427.701728
[00:00:00] [worker #1] ML tree search #10, logLikelihood: -427.701730
[00:00:00 -747.796294] Initial branch length optimization
[00:00:00 -437.149958] Model parameter optimization (eps = 10.000000)
[00:00:00 -434.677001] AUTODETECT spr round 1 (radius: 5)
[00:00:00 -429.430734] AUTODETECT spr round 2 (radius: 10)
[00:00:00 -427.706494] AUTODETECT spr round 3 (radius: 15)
[00:00:00 -427.706492] SPR radius for FAST iterations: 10 (autodetect)
[00:00:00 -427.706492] Model parameter optimization (eps = 3.000000)
[00:00:00 -427.701732] FAST spr round 1 (radius: 10)
[00:00:00 -427.701728] Model parameter optimization (eps = 1.000000)
[00:00:00 -427.701728] SLOW spr round 1 (radius: 5)
[00:00:00 -427.701728] SLOW spr round 2 (radius: 10)
[00:00:00] [worker #3] ML tree search #20, logLikelihood: -433.996536
[00:00:00] [worker #2] ML tree search #11, logLikelihood: -427.701728
[00:00:00 -427.701728] SLOW spr round 3 (radius: 15)
[00:00:00 -427.701728] SLOW spr round 4 (radius: 20)
[00:00:00] [worker #1] ML tree search #18, logLikelihood: -427.701730
[00:00:00 -427.701728] Model parameter optimization (eps = 0.100000)

[00:00:00] [worker #0] ML tree search #17, logLikelihood: -427.701728

[00:00:00] [worker #2] ML tree search #19, logLikelihood: -427.701728

Optimized model parameters:

   Partition 0: noname
   Rate heterogeneity: NONE
   Base frequencies (ML): 0.309159 0.193822 0.258190 0.238829 
   Substitution rates (model): 1.000000 1.000000 1.000000 1.000000 1.000000 1.000000 


Final LogLikelihood: -427.701728

AIC score: 935.403456 / AICc score: 977.454738 / BIC score: 1046.568396
Free parameters (model + branch lengths): 40

WARNING: Best ML tree contains 5 near-zero branches!

Best ML tree with collapsed near-zero branches saved to: /home/fili/Documents/KIT/2023/BA/code/output/families/ssim_NE_s20_f100_sites200_GTR_bl1.0_d0.0_l0.0_t0.0_gc0.0_p0.0_pop10_ms0.0_mf0.0_seed1007/families/family_059/misc/raxml_output.F81.raxml.bestTreeCollapsed
Best ML tree saved to: /home/fili/Documents/KIT/2023/BA/code/output/families/ssim_NE_s20_f100_sites200_GTR_bl1.0_d0.0_l0.0_t0.0_gc0.0_p0.0_pop10_ms0.0_mf0.0_seed1007/families/family_059/misc/raxml_output.F81.raxml.bestTree
All ML trees saved to: /home/fili/Documents/KIT/2023/BA/code/output/families/ssim_NE_s20_f100_sites200_GTR_bl1.0_d0.0_l0.0_t0.0_gc0.0_p0.0_pop10_ms0.0_mf0.0_seed1007/families/family_059/misc/raxml_output.F81.raxml.mlTrees
Optimized model saved to: /home/fili/Documents/KIT/2023/BA/code/output/families/ssim_NE_s20_f100_sites200_GTR_bl1.0_d0.0_l0.0_t0.0_gc0.0_p0.0_pop10_ms0.0_mf0.0_seed1007/families/family_059/misc/raxml_output.F81.raxml.bestModel

Execution log saved to: /home/fili/Documents/KIT/2023/BA/code/output/families/ssim_NE_s20_f100_sites200_GTR_bl1.0_d0.0_l0.0_t0.0_gc0.0_p0.0_pop10_ms0.0_mf0.0_seed1007/families/family_059/misc/raxml_output.F81.raxml.log

Analysis started: 16-Jun-2023 09:59:22 / finished: 16-Jun-2023 09:59:22

Elapsed time: 0.131 seconds

