
RAxML-NG v. 1.1.0 released on 29.11.2021 by The Exelixis Lab.
Developed by: Alexey M. Kozlov and Alexandros Stamatakis.
Contributors: Diego Darriba, Tomas Flouri, Benoit Morel, Sarah Lutteropp, Ben Bettisworth.
Latest version: https://github.com/amkozlov/raxml-ng
Questions/problems/suggestions? Please visit: https://groups.google.com/forum/#!forum/raxml

System: AMD Ryzen 7 5800X 8-Core Processor, 8 cores, 31 GB RAM

RAxML-NG was called at 27-Jun-2023 13:01:50 as follows:

/home/fili/Documents/KIT/2023/BA/resources/tools/RAxML-NG/raxml-ng --msa /home/fili/Documents/KIT/2023/BA/code/output/families/ssim_DL_s20_f100_sites200_GTR_bl1.0_d1.0_l1.0_t0.0_gc0.0_p0.0_pop10_ms0.0_mf0.0_seed1007/families/family_067/alignment.msa --model F81 --prefix /home/fili/Documents/KIT/2023/BA/code/output/families/ssim_DL_s20_f100_sites200_GTR_bl1.0_d1.0_l1.0_t0.0_gc0.0_p0.0_pop10_ms0.0_mf0.0_seed1007/families/family_067/misc/raxml_output.F81

Analysis options:
  run mode: ML tree search
  start tree(s): random (10) + parsimony (10)
  random seed: 1687863710
  tip-inner: OFF
  pattern compression: ON
  per-rate scalers: OFF
  site repeats: ON
  fast spr radius: AUTO
  spr subtree cutoff: 1.000000
  branch lengths: proportional (ML estimate, algorithm: NR-FAST)
  SIMD kernels: AVX2
  parallelization: coarse-grained (auto), PTHREADS (auto)

[00:00:00] Reading alignment from file: /home/fili/Documents/KIT/2023/BA/code/output/families/ssim_DL_s20_f100_sites200_GTR_bl1.0_d1.0_l1.0_t0.0_gc0.0_p0.0_pop10_ms0.0_mf0.0_seed1007/families/family_067/alignment.msa
[00:00:00] Loaded alignment with 76 taxa and 225 sites

WARNING: Sequences 2_4_0 and 8_4_0 are exactly identical!
WARNING: Sequences 2_7_0 and 8_7_0 are exactly identical!
WARNING: Sequences 7_8_0 and 11_8_0 are exactly identical!
WARNING: Sequences 2_10_0 and 8_10_0 are exactly identical!
WARNING: Sequences 2_11_0 and 8_11_0 are exactly identical!
WARNING: Sequences 2_11_0 and 2_12_0 are exactly identical!
WARNING: Sequences 2_11_0 and 8_12_0 are exactly identical!
WARNING: Sequences 20_16_0 and 20_21_0 are exactly identical!
WARNING: Sequences 19_20_0 and 12_20_0 are exactly identical!
WARNING: Sequences 12_0_0 and 19_0_0 are exactly identical!
WARNING: Duplicate sequences found: 10

NOTE: Reduced alignment (with duplicates and gap-only sites/taxa removed) 
NOTE: was saved to: /home/fili/Documents/KIT/2023/BA/code/output/families/ssim_DL_s20_f100_sites200_GTR_bl1.0_d1.0_l1.0_t0.0_gc0.0_p0.0_pop10_ms0.0_mf0.0_seed1007/families/family_067/misc/raxml_output.F81.raxml.reduced.phy

Alignment comprises 1 partitions and 192 patterns

Partition 0: noname
Model: F81+FO
Alignment sites / patterns: 225 / 192
Gaps: 0.00 %
Invariant sites: 15.11 %


NOTE: Binary MSA file created: /home/fili/Documents/KIT/2023/BA/code/output/families/ssim_DL_s20_f100_sites200_GTR_bl1.0_d1.0_l1.0_t0.0_gc0.0_p0.0_pop10_ms0.0_mf0.0_seed1007/families/family_067/misc/raxml_output.F81.raxml.rba

Parallelization scheme autoconfig: 8 worker(s) x 1 thread(s)

Parallel reduction/worker buffer size: 1 KB  / 0 KB

[00:00:00] Generating 10 random starting tree(s) with 76 taxa
[00:00:00] Generating 10 parsimony starting tree(s) with 76 taxa
[00:00:00] Data distribution: max. partitions/sites/weight per thread: 1 / 192 / 768
[00:00:00] Data distribution: max. searches per worker: 3

Starting ML tree search with 20 distinct starting trees

[00:00:00 -12604.884212] Initial branch length optimization
[00:00:00 -11494.117348] Model parameter optimization (eps = 10.000000)
[00:00:00 -11044.773901] AUTODETECT spr round 1 (radius: 5)
[00:00:00 -6961.512128] AUTODETECT spr round 2 (radius: 10)
[00:00:00 -5713.731825] AUTODETECT spr round 3 (radius: 15)
[00:00:00 -5713.731463] SPR radius for FAST iterations: 10 (autodetect)
[00:00:00 -5713.731463] Model parameter optimization (eps = 3.000000)
[00:00:00 -5711.536540] FAST spr round 1 (radius: 10)
[00:00:00 -4961.571851] FAST spr round 2 (radius: 10)
[00:00:00 -4947.911495] FAST spr round 3 (radius: 10)
[00:00:00 -4947.911486] Model parameter optimization (eps = 1.000000)
[00:00:00 -4947.154855] SLOW spr round 1 (radius: 5)
[00:00:00 -4947.153967] SLOW spr round 2 (radius: 10)
[00:00:00 -4947.153966] SLOW spr round 3 (radius: 15)
[00:00:00 -4947.153966] SLOW spr round 4 (radius: 20)
[00:00:00 -4947.153966] SLOW spr round 5 (radius: 25)
[00:00:00 -4947.153966] Model parameter optimization (eps = 0.100000)

[00:00:00] [worker #0] ML tree search #1, logLikelihood: -4947.152451

[00:00:00 -12530.491215] Initial branch length optimization
[00:00:00 -11351.534742] Model parameter optimization (eps = 10.000000)
[00:00:00 -10897.396583] AUTODETECT spr round 1 (radius: 5)
[00:00:00 -7041.842192] AUTODETECT spr round 2 (radius: 10)
[00:00:00] [worker #3] ML tree search #4, logLikelihood: -4958.435361
[00:00:01 -5771.853033] AUTODETECT spr round 3 (radius: 15)
[00:00:01] [worker #5] ML tree search #6, logLikelihood: -4946.696224
[00:00:01 -5698.922649] AUTODETECT spr round 4 (radius: 20)
[00:00:01] [worker #7] ML tree search #8, logLikelihood: -4947.152450
[00:00:01] [worker #6] ML tree search #7, logLikelihood: -4946.590537
[00:00:01 -5698.911301] SPR radius for FAST iterations: 15 (autodetect)
[00:00:01 -5698.911301] Model parameter optimization (eps = 3.000000)
[00:00:01 -5695.250079] FAST spr round 1 (radius: 15)
[00:00:01] [worker #2] ML tree search #3, logLikelihood: -4947.152448
[00:00:01 -4965.304152] FAST spr round 2 (radius: 15)
[00:00:01] [worker #1] ML tree search #2, logLikelihood: -4946.287361
[00:00:01 -4950.701742] FAST spr round 3 (radius: 15)
[00:00:01 -4947.376670] FAST spr round 4 (radius: 15)
[00:00:01] [worker #4] ML tree search #5, logLikelihood: -4946.239855
[00:00:01 -4946.755832] FAST spr round 5 (radius: 15)
[00:00:01 -4946.433104] FAST spr round 6 (radius: 15)
[00:00:01 -4946.433096] Model parameter optimization (eps = 1.000000)
[00:00:01 -4946.287465] SLOW spr round 1 (radius: 5)
[00:00:01 -4946.287422] SLOW spr round 2 (radius: 10)
[00:00:01 -4946.287422] SLOW spr round 3 (radius: 15)
[00:00:01] [worker #3] ML tree search #12, logLikelihood: -4946.239852
[00:00:01 -4946.287422] SLOW spr round 4 (radius: 20)
[00:00:01 -4946.287422] SLOW spr round 5 (radius: 25)
[00:00:01 -4946.287422] Model parameter optimization (eps = 0.100000)

[00:00:01] [worker #0] ML tree search #9, logLikelihood: -4946.287362

[00:00:01 -6785.443997] Initial branch length optimization
[00:00:01 -5178.181015] Model parameter optimization (eps = 10.000000)
[00:00:01 -4965.799848] AUTODETECT spr round 1 (radius: 5)
[00:00:02] [worker #5] ML tree search #14, logLikelihood: -4946.239866
[00:00:02 -4950.230063] AUTODETECT spr round 2 (radius: 10)
[00:00:02] [worker #6] ML tree search #15, logLikelihood: -4946.239853
[00:00:02 -4950.228218] SPR radius for FAST iterations: 5 (autodetect)
[00:00:02 -4950.228218] Model parameter optimization (eps = 3.000000)
[00:00:02 -4950.223560] FAST spr round 1 (radius: 5)
[00:00:02 -4949.685928] FAST spr round 2 (radius: 5)
[00:00:02] [worker #7] ML tree search #16, logLikelihood: -4946.239852
[00:00:02 -4949.571120] FAST spr round 3 (radius: 5)
[00:00:02] [worker #2] ML tree search #11, logLikelihood: -4946.239853
[00:00:02 -4949.571102] Model parameter optimization (eps = 1.000000)
[00:00:02 -4949.568687] SLOW spr round 1 (radius: 5)
[00:00:02] [worker #4] ML tree search #13, logLikelihood: -4947.420348
[00:00:02] [worker #1] ML tree search #10, logLikelihood: -4947.440651
[00:00:02 -4949.273859] SLOW spr round 2 (radius: 5)
[00:00:02 -4949.273845] SLOW spr round 3 (radius: 10)
[00:00:02 -4949.273845] SLOW spr round 4 (radius: 15)
[00:00:02 -4949.273845] SLOW spr round 5 (radius: 20)
[00:00:02 -4949.273845] SLOW spr round 6 (radius: 25)
[00:00:02 -4949.273845] Model parameter optimization (eps = 0.100000)

[00:00:02] [worker #0] ML tree search #17, logLikelihood: -4949.272151

[00:00:03] [worker #1] ML tree search #18, logLikelihood: -4946.696215
[00:00:03] [worker #2] ML tree search #19, logLikelihood: -4946.287371
[00:00:03] [worker #3] ML tree search #20, logLikelihood: -4946.239869

Optimized model parameters:

   Partition 0: noname
   Rate heterogeneity: NONE
   Base frequencies (ML): 0.396379 0.085506 0.384346 0.133769 
   Substitution rates (model): 1.000000 1.000000 1.000000 1.000000 1.000000 1.000000 


Final LogLikelihood: -4946.239852

AIC score: 10196.479704 / AICc score: 10842.479704 / BIC score: 10715.726965
Free parameters (model + branch lengths): 152

WARNING: Best ML tree contains 6 near-zero branches!

Best ML tree with collapsed near-zero branches saved to: /home/fili/Documents/KIT/2023/BA/code/output/families/ssim_DL_s20_f100_sites200_GTR_bl1.0_d1.0_l1.0_t0.0_gc0.0_p0.0_pop10_ms0.0_mf0.0_seed1007/families/family_067/misc/raxml_output.F81.raxml.bestTreeCollapsed
Best ML tree saved to: /home/fili/Documents/KIT/2023/BA/code/output/families/ssim_DL_s20_f100_sites200_GTR_bl1.0_d1.0_l1.0_t0.0_gc0.0_p0.0_pop10_ms0.0_mf0.0_seed1007/families/family_067/misc/raxml_output.F81.raxml.bestTree
All ML trees saved to: /home/fili/Documents/KIT/2023/BA/code/output/families/ssim_DL_s20_f100_sites200_GTR_bl1.0_d1.0_l1.0_t0.0_gc0.0_p0.0_pop10_ms0.0_mf0.0_seed1007/families/family_067/misc/raxml_output.F81.raxml.mlTrees
Optimized model saved to: /home/fili/Documents/KIT/2023/BA/code/output/families/ssim_DL_s20_f100_sites200_GTR_bl1.0_d1.0_l1.0_t0.0_gc0.0_p0.0_pop10_ms0.0_mf0.0_seed1007/families/family_067/misc/raxml_output.F81.raxml.bestModel

Execution log saved to: /home/fili/Documents/KIT/2023/BA/code/output/families/ssim_DL_s20_f100_sites200_GTR_bl1.0_d1.0_l1.0_t0.0_gc0.0_p0.0_pop10_ms0.0_mf0.0_seed1007/families/family_067/misc/raxml_output.F81.raxml.log

Analysis started: 27-Jun-2023 13:01:50 / finished: 27-Jun-2023 13:01:54

Elapsed time: 3.149 seconds

