
RAxML-NG v. 1.1.0 released on 29.11.2021 by The Exelixis Lab.
Developed by: Alexey M. Kozlov and Alexandros Stamatakis.
Contributors: Diego Darriba, Tomas Flouri, Benoit Morel, Sarah Lutteropp, Ben Bettisworth.
Latest version: https://github.com/amkozlov/raxml-ng
Questions/problems/suggestions? Please visit: https://groups.google.com/forum/#!forum/raxml

System: AMD Ryzen 7 5800X 8-Core Processor, 8 cores, 31 GB RAM

RAxML-NG was called at 21-Jun-2023 14:53:32 as follows:

/home/fili/Documents/KIT/2023/BA/resources/tools/RAxML-NG/raxml-ng --msa /home/fili/Documents/KIT/2023/BA/code/output/families/ssim_NE_s20_f100_sites200_GTR_bl1.0_d0.0_l0.0_t0.0_gc0.0_p0.0_pop10_ms0.0_mf0.0_seed19732311/families/family_095/alignment.msa --model F81 --prefix /home/fili/Documents/KIT/2023/BA/code/output/families/ssim_NE_s20_f100_sites200_GTR_bl1.0_d0.0_l0.0_t0.0_gc0.0_p0.0_pop10_ms0.0_mf0.0_seed19732311/families/family_095/misc/raxml_output.F81

Analysis options:
  run mode: ML tree search
  start tree(s): random (10) + parsimony (10)
  random seed: 1687352012
  tip-inner: OFF
  pattern compression: ON
  per-rate scalers: OFF
  site repeats: ON
  fast spr radius: AUTO
  spr subtree cutoff: 1.000000
  branch lengths: proportional (ML estimate, algorithm: NR-FAST)
  SIMD kernels: AVX2
  parallelization: coarse-grained (auto), PTHREADS (auto)

[00:00:00] Reading alignment from file: /home/fili/Documents/KIT/2023/BA/code/output/families/ssim_NE_s20_f100_sites200_GTR_bl1.0_d0.0_l0.0_t0.0_gc0.0_p0.0_pop10_ms0.0_mf0.0_seed19732311/families/family_095/alignment.msa
[00:00:00] Loaded alignment with 20 taxa and 211 sites

Alignment comprises 1 partitions and 172 patterns

Partition 0: noname
Model: F81+FO
Alignment sites / patterns: 211 / 172
Gaps: 0.00 %
Invariant sites: 14.22 %


NOTE: Binary MSA file created: /home/fili/Documents/KIT/2023/BA/code/output/families/ssim_NE_s20_f100_sites200_GTR_bl1.0_d0.0_l0.0_t0.0_gc0.0_p0.0_pop10_ms0.0_mf0.0_seed19732311/families/family_095/misc/raxml_output.F81.raxml.rba

Parallelization scheme autoconfig: 8 worker(s) x 1 thread(s)

Parallel reduction/worker buffer size: 1 KB  / 0 KB

[00:00:00] Generating 10 random starting tree(s) with 20 taxa
[00:00:00] Generating 10 parsimony starting tree(s) with 20 taxa
[00:00:00] Data distribution: max. partitions/sites/weight per thread: 1 / 172 / 688
[00:00:00] Data distribution: max. searches per worker: 3

Starting ML tree search with 20 distinct starting trees

[00:00:00 -4616.380327] Initial branch length optimization
[00:00:00 -3602.878537] Model parameter optimization (eps = 10.000000)
[00:00:00 -3538.157546] AUTODETECT spr round 1 (radius: 5)
[00:00:00 -2263.513262] AUTODETECT spr round 2 (radius: 10)
[00:00:00 -2255.594194] AUTODETECT spr round 3 (radius: 15)
[00:00:00 -2255.585171] SPR radius for FAST iterations: 10 (autodetect)
[00:00:00 -2255.585171] Model parameter optimization (eps = 3.000000)
[00:00:00 -2250.328819] FAST spr round 1 (radius: 10)
[00:00:00 -2199.307732] FAST spr round 2 (radius: 10)
[00:00:00 -2195.714484] FAST spr round 3 (radius: 10)
[00:00:00 -2195.297343] FAST spr round 4 (radius: 10)
[00:00:00 -2195.296593] Model parameter optimization (eps = 1.000000)
[00:00:00 -2194.955399] SLOW spr round 1 (radius: 5)
[00:00:00] [worker #5] ML tree search #6, logLikelihood: -2194.953946
[00:00:00] [worker #6] ML tree search #7, logLikelihood: -2194.953951
[00:00:00] [worker #4] ML tree search #5, logLikelihood: -2194.953954
[00:00:00] [worker #3] ML tree search #4, logLikelihood: -2194.953946
[00:00:00] [worker #2] ML tree search #3, logLikelihood: -2194.953956
[00:00:00 -2194.954503] SLOW spr round 2 (radius: 10)
[00:00:00] [worker #1] ML tree search #2, logLikelihood: -2194.953967
[00:00:00] [worker #7] ML tree search #8, logLikelihood: -2194.953950
[00:00:00 -2194.954482] SLOW spr round 3 (radius: 15)
[00:00:00 -2194.954481] SLOW spr round 4 (radius: 20)
[00:00:00 -2194.954480] Model parameter optimization (eps = 0.100000)

[00:00:00] [worker #0] ML tree search #1, logLikelihood: -2194.953945

[00:00:00 -4980.321047] Initial branch length optimization
[00:00:00 -4078.811029] Model parameter optimization (eps = 10.000000)
[00:00:00 -4011.620181] AUTODETECT spr round 1 (radius: 5)
[00:00:00 -2258.905597] AUTODETECT spr round 2 (radius: 10)
[00:00:00 -2258.884839] SPR radius for FAST iterations: 5 (autodetect)
[00:00:00 -2258.884839] Model parameter optimization (eps = 3.000000)
[00:00:00 -2251.871223] FAST spr round 1 (radius: 5)
[00:00:00 -2203.467871] FAST spr round 2 (radius: 5)
[00:00:00] [worker #5] ML tree search #14, logLikelihood: -2194.953944
[00:00:00 -2195.658486] FAST spr round 3 (radius: 5)
[00:00:00] [worker #2] ML tree search #11, logLikelihood: -2194.953952
[00:00:00] [worker #6] ML tree search #15, logLikelihood: -2194.953978
[00:00:00] [worker #3] ML tree search #12, logLikelihood: -2194.953943
[00:00:00 -2195.161855] FAST spr round 4 (radius: 5)
[00:00:00 -2195.160887] Model parameter optimization (eps = 1.000000)
[00:00:00 -2194.954998] SLOW spr round 1 (radius: 5)
[00:00:00] [worker #4] ML tree search #13, logLikelihood: -2194.953943
[00:00:00] [worker #7] ML tree search #16, logLikelihood: -2194.953956
[00:00:00] [worker #1] ML tree search #10, logLikelihood: -2194.953947
[00:00:00 -2194.954325] SLOW spr round 2 (radius: 10)
[00:00:00 -2194.954256] SLOW spr round 3 (radius: 15)
[00:00:00 -2194.954243] SLOW spr round 4 (radius: 20)
[00:00:00 -2194.954241] Model parameter optimization (eps = 0.100000)

[00:00:00] [worker #0] ML tree search #9, logLikelihood: -2194.953945

[00:00:00 -2554.267137] Initial branch length optimization
[00:00:00 -2268.809540] Model parameter optimization (eps = 10.000000)
[00:00:00 -2202.036161] AUTODETECT spr round 1 (radius: 5)
[00:00:00] [worker #3] ML tree search #20, logLikelihood: -2194.953956
[00:00:00 -2195.130598] AUTODETECT spr round 2 (radius: 10)
[00:00:00 -2195.093075] SPR radius for FAST iterations: 5 (autodetect)
[00:00:00 -2195.093075] Model parameter optimization (eps = 3.000000)
[00:00:00 -2194.983539] FAST spr round 1 (radius: 5)
[00:00:00] [worker #2] ML tree search #19, logLikelihood: -2194.953944
[00:00:00 -2194.961483] Model parameter optimization (eps = 1.000000)
[00:00:00 -2194.956942] SLOW spr round 1 (radius: 5)
[00:00:00 -2194.954675] SLOW spr round 2 (radius: 10)
[00:00:00] [worker #1] ML tree search #18, logLikelihood: -2194.953943
[00:00:00 -2194.954291] SLOW spr round 3 (radius: 15)
[00:00:00 -2194.954222] SLOW spr round 4 (radius: 20)
[00:00:00 -2194.954210] Model parameter optimization (eps = 0.100000)

[00:00:00] [worker #0] ML tree search #17, logLikelihood: -2194.953959


Optimized model parameters:

   Partition 0: noname
   Rate heterogeneity: NONE
   Base frequencies (ML): 0.346942 0.130051 0.361125 0.161882 
   Substitution rates (model): 1.000000 1.000000 1.000000 1.000000 1.000000 1.000000 


Final LogLikelihood: -2194.953943

AIC score: 4469.907886 / AICc score: 4489.202003 / BIC score: 4603.982211
Free parameters (model + branch lengths): 40

Best ML tree saved to: /home/fili/Documents/KIT/2023/BA/code/output/families/ssim_NE_s20_f100_sites200_GTR_bl1.0_d0.0_l0.0_t0.0_gc0.0_p0.0_pop10_ms0.0_mf0.0_seed19732311/families/family_095/misc/raxml_output.F81.raxml.bestTree
All ML trees saved to: /home/fili/Documents/KIT/2023/BA/code/output/families/ssim_NE_s20_f100_sites200_GTR_bl1.0_d0.0_l0.0_t0.0_gc0.0_p0.0_pop10_ms0.0_mf0.0_seed19732311/families/family_095/misc/raxml_output.F81.raxml.mlTrees
Optimized model saved to: /home/fili/Documents/KIT/2023/BA/code/output/families/ssim_NE_s20_f100_sites200_GTR_bl1.0_d0.0_l0.0_t0.0_gc0.0_p0.0_pop10_ms0.0_mf0.0_seed19732311/families/family_095/misc/raxml_output.F81.raxml.bestModel

Execution log saved to: /home/fili/Documents/KIT/2023/BA/code/output/families/ssim_NE_s20_f100_sites200_GTR_bl1.0_d0.0_l0.0_t0.0_gc0.0_p0.0_pop10_ms0.0_mf0.0_seed19732311/families/family_095/misc/raxml_output.F81.raxml.log

Analysis started: 21-Jun-2023 14:53:32 / finished: 21-Jun-2023 14:53:33

Elapsed time: 0.395 seconds

