
RAxML-NG v. 1.1.0 released on 29.11.2021 by The Exelixis Lab.
Developed by: Alexey M. Kozlov and Alexandros Stamatakis.
Contributors: Diego Darriba, Tomas Flouri, Benoit Morel, Sarah Lutteropp, Ben Bettisworth.
Latest version: https://github.com/amkozlov/raxml-ng
Questions/problems/suggestions? Please visit: https://groups.google.com/forum/#!forum/raxml

System: AMD Ryzen 7 5800X 8-Core Processor, 8 cores, 31 GB RAM

RAxML-NG was called at 12-Jun-2023 12:41:43 as follows:

/home/fili/Documents/KIT/2023/BA/resources/tools/RAxML-NG/raxml-ng --msa /home/fili/Documents/KIT/2023/BA/code/output/families/ssim_dtl_s20_f100_sites200_GTR_bl1.0_d0.0_l0.0_t1.0_gc0.0_p0.0_pop10_ms0.0_mf0.0_seed42/families/family_052/alignment.msa --model GTR+G --prefix /home/fili/Documents/KIT/2023/BA/code/output/families/ssim_dtl_s20_f100_sites200_GTR_bl1.0_d0.0_l0.0_t1.0_gc0.0_p0.0_pop10_ms0.0_mf0.0_seed42/families/family_052/misc/raxml_output.GTR+G

Analysis options:
  run mode: ML tree search
  start tree(s): random (10) + parsimony (10)
  random seed: 1686566503
  tip-inner: OFF
  pattern compression: ON
  per-rate scalers: OFF
  site repeats: ON
  fast spr radius: AUTO
  spr subtree cutoff: 1.000000
  branch lengths: proportional (ML estimate, algorithm: NR-FAST)
  SIMD kernels: AVX2
  parallelization: coarse-grained (auto), PTHREADS (auto)

[00:00:00] Reading alignment from file: /home/fili/Documents/KIT/2023/BA/code/output/families/ssim_dtl_s20_f100_sites200_GTR_bl1.0_d0.0_l0.0_t1.0_gc0.0_p0.0_pop10_ms0.0_mf0.0_seed42/families/family_052/alignment.msa
[00:00:00] Loaded alignment with 20 taxa and 230 sites

WARNING: Sequences 13_0_0 and 9_0_0 are exactly identical!
WARNING: Sequences 10_0_0 and 12_0_0 are exactly identical!
WARNING: Duplicate sequences found: 2

NOTE: Reduced alignment (with duplicates and gap-only sites/taxa removed) 
NOTE: was saved to: /home/fili/Documents/KIT/2023/BA/code/output/families/ssim_dtl_s20_f100_sites200_GTR_bl1.0_d0.0_l0.0_t1.0_gc0.0_p0.0_pop10_ms0.0_mf0.0_seed42/families/family_052/misc/raxml_output.GTR+G.raxml.reduced.phy

Alignment comprises 1 partitions and 112 patterns

Partition 0: noname
Model: GTR+FO+G4m
Alignment sites / patterns: 230 / 112
Gaps: 0.00 %
Invariant sites: 43.91 %


NOTE: Binary MSA file created: /home/fili/Documents/KIT/2023/BA/code/output/families/ssim_dtl_s20_f100_sites200_GTR_bl1.0_d0.0_l0.0_t1.0_gc0.0_p0.0_pop10_ms0.0_mf0.0_seed42/families/family_052/misc/raxml_output.GTR+G.raxml.rba

Parallelization scheme autoconfig: 8 worker(s) x 1 thread(s)

Parallel reduction/worker buffer size: 1 KB  / 0 KB

[00:00:00] Generating 10 random starting tree(s) with 20 taxa
[00:00:00] Generating 10 parsimony starting tree(s) with 20 taxa
[00:00:00] Data distribution: max. partitions/sites/weight per thread: 1 / 112 / 1792
[00:00:00] Data distribution: max. searches per worker: 3

Starting ML tree search with 20 distinct starting trees

[00:00:00 -2708.343794] Initial branch length optimization
[00:00:00 -2379.616212] Model parameter optimization (eps = 10.000000)
[00:00:00 -1932.494081] AUTODETECT spr round 1 (radius: 5)
[00:00:00 -1298.360117] AUTODETECT spr round 2 (radius: 10)
[00:00:00 -1266.921422] AUTODETECT spr round 3 (radius: 15)
[00:00:00 -1266.916531] SPR radius for FAST iterations: 10 (autodetect)
[00:00:00 -1266.916531] Model parameter optimization (eps = 3.000000)
[00:00:00 -1236.784026] FAST spr round 1 (radius: 10)
[00:00:00 -1227.314530] FAST spr round 2 (radius: 10)
[00:00:00 -1227.313134] Model parameter optimization (eps = 1.000000)
[00:00:00 -1225.720568] SLOW spr round 1 (radius: 5)
[00:00:00] [worker #2] ML tree search #3, logLikelihood: -1225.648766
[00:00:00 -1225.715613] SLOW spr round 2 (radius: 10)
[00:00:00] [worker #5] ML tree search #6, logLikelihood: -1225.648955
[00:00:00] [worker #1] ML tree search #2, logLikelihood: -1225.650625
[00:00:00] [worker #7] ML tree search #8, logLikelihood: -1225.655019
[00:00:00 -1225.715530] SLOW spr round 3 (radius: 15)
[00:00:00 -1225.715528] SLOW spr round 4 (radius: 20)
[00:00:00 -1225.715528] Model parameter optimization (eps = 0.100000)
[00:00:00] [worker #4] ML tree search #5, logLikelihood: -1225.644588

[00:00:00] [worker #0] ML tree search #1, logLikelihood: -1225.651936

[00:00:00 -2668.790264] Initial branch length optimization
[00:00:00 -2330.688205] Model parameter optimization (eps = 10.000000)
[00:00:00 -1881.062038] AUTODETECT spr round 1 (radius: 5)
[00:00:00 -1281.586962] AUTODETECT spr round 2 (radius: 10)
[00:00:00] [worker #3] ML tree search #4, logLikelihood: -1225.650195
[00:00:00 -1281.577645] SPR radius for FAST iterations: 5 (autodetect)
[00:00:00 -1281.577645] Model parameter optimization (eps = 3.000000)
[00:00:00] [worker #6] ML tree search #7, logLikelihood: -1225.650171
[00:00:00 -1254.565717] FAST spr round 1 (radius: 5)
[00:00:00 -1232.620652] FAST spr round 2 (radius: 5)
[00:00:00] [worker #2] ML tree search #11, logLikelihood: -1225.640289
[00:00:00 -1230.485402] FAST spr round 3 (radius: 5)
[00:00:00 -1228.320931] FAST spr round 4 (radius: 5)
[00:00:00] [worker #7] ML tree search #16, logLikelihood: -1225.640060
[00:00:00 -1227.714584] FAST spr round 5 (radius: 5)
[00:00:00] [worker #4] ML tree search #13, logLikelihood: -1225.640338
[00:00:00] [worker #5] ML tree search #14, logLikelihood: -1225.640288
[00:00:00 -1227.702675] Model parameter optimization (eps = 1.000000)
[00:00:00 -1225.747756] SLOW spr round 1 (radius: 5)
[00:00:00] [worker #1] ML tree search #10, logLikelihood: -1225.645004
[00:00:00 -1225.742198] SLOW spr round 2 (radius: 10)
[00:00:00] [worker #2] ML tree search #19, logLikelihood: -1225.640215
[00:00:00 -1225.742145] SLOW spr round 3 (radius: 15)
[00:00:00 -1225.742144] SLOW spr round 4 (radius: 20)
[00:00:00 -1225.742144] Model parameter optimization (eps = 0.100000)
[00:00:00] [worker #3] ML tree search #12, logLikelihood: -1225.640606

[00:00:00] [worker #0] ML tree search #9, logLikelihood: -1225.657261

[00:00:00 -1694.375116] Initial branch length optimization
[00:00:00 -1447.715594] Model parameter optimization (eps = 10.000000)
[00:00:00] [worker #6] ML tree search #15, logLikelihood: -1225.640195
[00:00:00 -1228.785488] AUTODETECT spr round 1 (radius: 5)
[00:00:00 -1225.760146] AUTODETECT spr round 2 (radius: 10)
[00:00:00 -1225.758071] SPR radius for FAST iterations: 5 (autodetect)
[00:00:00 -1225.758071] Model parameter optimization (eps = 3.000000)
[00:00:00 -1225.657179] FAST spr round 1 (radius: 5)
[00:00:00 -1225.656479] Model parameter optimization (eps = 1.000000)
[00:00:00 -1225.643515] SLOW spr round 1 (radius: 5)
[00:00:00] [worker #1] ML tree search #18, logLikelihood: -1225.640289
[00:00:00 -1225.643301] SLOW spr round 2 (radius: 10)
[00:00:00 -1225.643301] SLOW spr round 3 (radius: 15)
[00:00:00 -1225.643301] SLOW spr round 4 (radius: 20)
[00:00:00 -1225.643301] Model parameter optimization (eps = 0.100000)

[00:00:00] [worker #0] ML tree search #17, logLikelihood: -1225.640531

[00:00:00] [worker #3] ML tree search #20, logLikelihood: -1225.640358

Optimized model parameters:

   Partition 0: noname
   Rate heterogeneity: GAMMA (4 cats, mean),  alpha: 2.553150 (ML),  weights&rates: (0.250000,0.351438) (0.250000,0.703343) (0.250000,1.079207) (0.250000,1.866012) 
   Base frequencies (ML): 0.250306 0.273872 0.250966 0.224857 
   Substitution rates (ML): 0.096984 19.646791 0.076980 1.176643 1.963330 1.000000 


Final LogLikelihood: -1225.640060

AIC score: 2543.280120 / AICc score: 2566.908535 / BIC score: 2701.431768
Free parameters (model + branch lengths): 46

WARNING: Best ML tree contains 2 near-zero branches!

Best ML tree with collapsed near-zero branches saved to: /home/fili/Documents/KIT/2023/BA/code/output/families/ssim_dtl_s20_f100_sites200_GTR_bl1.0_d0.0_l0.0_t1.0_gc0.0_p0.0_pop10_ms0.0_mf0.0_seed42/families/family_052/misc/raxml_output.GTR+G.raxml.bestTreeCollapsed
Best ML tree saved to: /home/fili/Documents/KIT/2023/BA/code/output/families/ssim_dtl_s20_f100_sites200_GTR_bl1.0_d0.0_l0.0_t1.0_gc0.0_p0.0_pop10_ms0.0_mf0.0_seed42/families/family_052/misc/raxml_output.GTR+G.raxml.bestTree
All ML trees saved to: /home/fili/Documents/KIT/2023/BA/code/output/families/ssim_dtl_s20_f100_sites200_GTR_bl1.0_d0.0_l0.0_t1.0_gc0.0_p0.0_pop10_ms0.0_mf0.0_seed42/families/family_052/misc/raxml_output.GTR+G.raxml.mlTrees
Optimized model saved to: /home/fili/Documents/KIT/2023/BA/code/output/families/ssim_dtl_s20_f100_sites200_GTR_bl1.0_d0.0_l0.0_t1.0_gc0.0_p0.0_pop10_ms0.0_mf0.0_seed42/families/family_052/misc/raxml_output.GTR+G.raxml.bestModel

Execution log saved to: /home/fili/Documents/KIT/2023/BA/code/output/families/ssim_dtl_s20_f100_sites200_GTR_bl1.0_d0.0_l0.0_t1.0_gc0.0_p0.0_pop10_ms0.0_mf0.0_seed42/families/family_052/misc/raxml_output.GTR+G.raxml.log

Analysis started: 12-Jun-2023 12:41:43 / finished: 12-Jun-2023 12:41:44

Elapsed time: 0.630 seconds

