
RAxML-NG v. 1.1.0 released on 29.11.2021 by The Exelixis Lab.
Developed by: Alexey M. Kozlov and Alexandros Stamatakis.
Contributors: Diego Darriba, Tomas Flouri, Benoit Morel, Sarah Lutteropp, Ben Bettisworth.
Latest version: https://github.com/amkozlov/raxml-ng
Questions/problems/suggestions? Please visit: https://groups.google.com/forum/#!forum/raxml

System: AMD Ryzen 7 5800X 8-Core Processor, 8 cores, 31 GB RAM

RAxML-NG was called at 13-Jun-2023 16:03:13 as follows:

/home/fili/Documents/KIT/2023/BA/resources/tools/RAxML-NG/raxml-ng --msa /home/fili/Documents/KIT/2023/BA/code/output/families/ssim_DL_s20_f100_sites200_GTR_bl1.0_d1.0_l1.0_t0.0_gc0.0_p0.0_pop10_ms0.0_mf0.0_seed42/families/family_062/alignment.msa --model F81 --prefix /home/fili/Documents/KIT/2023/BA/code/output/families/ssim_DL_s20_f100_sites200_GTR_bl1.0_d1.0_l1.0_t0.0_gc0.0_p0.0_pop10_ms0.0_mf0.0_seed42/families/family_062/misc/raxml_output.F81

Analysis options:
  run mode: ML tree search
  start tree(s): random (10) + parsimony (10)
  random seed: 1686664993
  tip-inner: OFF
  pattern compression: ON
  per-rate scalers: OFF
  site repeats: ON
  fast spr radius: AUTO
  spr subtree cutoff: 1.000000
  branch lengths: proportional (ML estimate, algorithm: NR-FAST)
  SIMD kernels: AVX2
  parallelization: coarse-grained (auto), PTHREADS (auto)

[00:00:00] Reading alignment from file: /home/fili/Documents/KIT/2023/BA/code/output/families/ssim_DL_s20_f100_sites200_GTR_bl1.0_d1.0_l1.0_t0.0_gc0.0_p0.0_pop10_ms0.0_mf0.0_seed42/families/family_062/alignment.msa
[00:00:00] Loaded alignment with 12 taxa and 269 sites

WARNING: Sequences 1_3_0 and 3_3_0 are exactly identical!
WARNING: Duplicate sequences found: 1

NOTE: Reduced alignment (with duplicates and gap-only sites/taxa removed) 
NOTE: was saved to: /home/fili/Documents/KIT/2023/BA/code/output/families/ssim_DL_s20_f100_sites200_GTR_bl1.0_d1.0_l1.0_t0.0_gc0.0_p0.0_pop10_ms0.0_mf0.0_seed42/families/family_062/misc/raxml_output.F81.raxml.reduced.phy

Alignment comprises 1 partitions and 62 patterns

Partition 0: noname
Model: F81+FO
Alignment sites / patterns: 269 / 62
Gaps: 0.00 %
Invariant sites: 53.90 %


NOTE: Binary MSA file created: /home/fili/Documents/KIT/2023/BA/code/output/families/ssim_DL_s20_f100_sites200_GTR_bl1.0_d1.0_l1.0_t0.0_gc0.0_p0.0_pop10_ms0.0_mf0.0_seed42/families/family_062/misc/raxml_output.F81.raxml.rba

Parallelization scheme autoconfig: 8 worker(s) x 1 thread(s)

Parallel reduction/worker buffer size: 1 KB  / 0 KB

[00:00:00] Generating 10 random starting tree(s) with 12 taxa
[00:00:00] Generating 10 parsimony starting tree(s) with 12 taxa
[00:00:00] Data distribution: max. partitions/sites/weight per thread: 1 / 62 / 248
[00:00:00] Data distribution: max. searches per worker: 3

Starting ML tree search with 20 distinct starting trees

[00:00:00 -2242.422302] Initial branch length optimization
[00:00:00 -1962.809261] Model parameter optimization (eps = 10.000000)
[00:00:00 -1919.633777] AUTODETECT spr round 1 (radius: 5)
[00:00:00 -1033.445178] AUTODETECT spr round 2 (radius: 10)
[00:00:00 -1033.445054] SPR radius for FAST iterations: 5 (autodetect)
[00:00:00 -1033.445054] Model parameter optimization (eps = 3.000000)
[00:00:00 -1030.526064] FAST spr round 1 (radius: 5)
[00:00:00 -1030.120142] FAST spr round 2 (radius: 5)
[00:00:00 -1030.120142] Model parameter optimization (eps = 1.000000)
[00:00:00 -1030.116088] SLOW spr round 1 (radius: 5)
[00:00:00] [worker #6] ML tree search #7, logLikelihood: -1030.116086
[00:00:00] [worker #1] ML tree search #2, logLikelihood: -1030.116087
[00:00:00 -1030.116087] SLOW spr round 2 (radius: 10)
[00:00:00 -1030.116087] Model parameter optimization (eps = 0.100000)
[00:00:00] [worker #3] ML tree search #4, logLikelihood: -1030.116087
[00:00:00] [worker #7] ML tree search #8, logLikelihood: -1030.116086

[00:00:00] [worker #0] ML tree search #1, logLikelihood: -1030.116087

[00:00:00] [worker #5] ML tree search #6, logLikelihood: -1030.116087
[00:00:00] [worker #4] ML tree search #5, logLikelihood: -1030.116086
[00:00:00] [worker #2] ML tree search #3, logLikelihood: -1030.116087
[00:00:00 -2088.788911] Initial branch length optimization
[00:00:00 -1740.216653] Model parameter optimization (eps = 10.000000)
[00:00:00 -1701.798619] AUTODETECT spr round 1 (radius: 5)
[00:00:00 -1089.791525] AUTODETECT spr round 2 (radius: 10)
[00:00:00 -1089.791525] SPR radius for FAST iterations: 5 (autodetect)
[00:00:00 -1089.791525] Model parameter optimization (eps = 3.000000)
[00:00:00 -1087.065236] FAST spr round 1 (radius: 5)
[00:00:00] [worker #6] ML tree search #15, logLikelihood: -1030.116086
[00:00:00 -1030.234703] FAST spr round 2 (radius: 5)
[00:00:00] [worker #1] ML tree search #10, logLikelihood: -1030.116087
[00:00:00 -1030.234703] Model parameter optimization (eps = 1.000000)
[00:00:00 -1030.116103] SLOW spr round 1 (radius: 5)
[00:00:00] [worker #3] ML tree search #12, logLikelihood: -1030.116086
[00:00:00] [worker #7] ML tree search #16, logLikelihood: -1030.116086
[00:00:00] [worker #4] ML tree search #13, logLikelihood: -1030.116087
[00:00:00] [worker #5] ML tree search #14, logLikelihood: -1030.116086
[00:00:00] [worker #2] ML tree search #11, logLikelihood: -1030.116086
[00:00:00 -1030.116097] SLOW spr round 2 (radius: 10)
[00:00:00 -1030.116097] Model parameter optimization (eps = 0.100000)

[00:00:00] [worker #0] ML tree search #9, logLikelihood: -1030.116088

[00:00:00 -1401.524857] Initial branch length optimization
[00:00:00 -1042.540055] Model parameter optimization (eps = 10.000000)
[00:00:00] [worker #1] ML tree search #18, logLikelihood: -1030.116087
[00:00:00 -1030.557343] AUTODETECT spr round 1 (radius: 5)
[00:00:00 -1030.123858] AUTODETECT spr round 2 (radius: 10)
[00:00:00 -1030.123819] SPR radius for FAST iterations: 5 (autodetect)
[00:00:00 -1030.123819] Model parameter optimization (eps = 3.000000)
[00:00:00 -1030.116087] FAST spr round 1 (radius: 5)
[00:00:00] [worker #3] ML tree search #20, logLikelihood: -1030.116086
[00:00:00 -1030.116086] Model parameter optimization (eps = 1.000000)
[00:00:00 -1030.116086] SLOW spr round 1 (radius: 5)
[00:00:00] [worker #2] ML tree search #19, logLikelihood: -1030.116086
[00:00:00 -1030.116086] SLOW spr round 2 (radius: 10)
[00:00:00 -1030.116086] Model parameter optimization (eps = 0.100000)

[00:00:00] [worker #0] ML tree search #17, logLikelihood: -1030.116086


Optimized model parameters:

   Partition 0: noname
   Rate heterogeneity: NONE
   Base frequencies (ML): 0.313398 0.199861 0.304530 0.182211 
   Substitution rates (model): 1.000000 1.000000 1.000000 1.000000 1.000000 1.000000 


Final LogLikelihood: -1030.116086

AIC score: 2108.232172 / AICc score: 2113.150205 / BIC score: 2194.505245
Free parameters (model + branch lengths): 24

WARNING: Best ML tree contains 2 near-zero branches!

Best ML tree with collapsed near-zero branches saved to: /home/fili/Documents/KIT/2023/BA/code/output/families/ssim_DL_s20_f100_sites200_GTR_bl1.0_d1.0_l1.0_t0.0_gc0.0_p0.0_pop10_ms0.0_mf0.0_seed42/families/family_062/misc/raxml_output.F81.raxml.bestTreeCollapsed
Best ML tree saved to: /home/fili/Documents/KIT/2023/BA/code/output/families/ssim_DL_s20_f100_sites200_GTR_bl1.0_d1.0_l1.0_t0.0_gc0.0_p0.0_pop10_ms0.0_mf0.0_seed42/families/family_062/misc/raxml_output.F81.raxml.bestTree
All ML trees saved to: /home/fili/Documents/KIT/2023/BA/code/output/families/ssim_DL_s20_f100_sites200_GTR_bl1.0_d1.0_l1.0_t0.0_gc0.0_p0.0_pop10_ms0.0_mf0.0_seed42/families/family_062/misc/raxml_output.F81.raxml.mlTrees
Optimized model saved to: /home/fili/Documents/KIT/2023/BA/code/output/families/ssim_DL_s20_f100_sites200_GTR_bl1.0_d1.0_l1.0_t0.0_gc0.0_p0.0_pop10_ms0.0_mf0.0_seed42/families/family_062/misc/raxml_output.F81.raxml.bestModel

Execution log saved to: /home/fili/Documents/KIT/2023/BA/code/output/families/ssim_DL_s20_f100_sites200_GTR_bl1.0_d1.0_l1.0_t0.0_gc0.0_p0.0_pop10_ms0.0_mf0.0_seed42/families/family_062/misc/raxml_output.F81.raxml.log

Analysis started: 13-Jun-2023 16:03:13 / finished: 13-Jun-2023 16:03:13

Elapsed time: 0.058 seconds

