
RAxML-NG v. 1.1.0 released on 29.11.2021 by The Exelixis Lab.
Developed by: Alexey M. Kozlov and Alexandros Stamatakis.
Contributors: Diego Darriba, Tomas Flouri, Benoit Morel, Sarah Lutteropp, Ben Bettisworth.
Latest version: https://github.com/amkozlov/raxml-ng
Questions/problems/suggestions? Please visit: https://groups.google.com/forum/#!forum/raxml

System: AMD Ryzen 7 5800X 8-Core Processor, 8 cores, 31 GB RAM

RAxML-NG was called at 27-Jun-2023 13:01:55 as follows:

/home/fili/Documents/KIT/2023/BA/resources/tools/RAxML-NG/raxml-ng --msa /home/fili/Documents/KIT/2023/BA/code/output/families/ssim_DL_s20_f100_sites200_GTR_bl1.0_d1.0_l1.0_t0.0_gc0.0_p0.0_pop10_ms0.0_mf0.0_seed1007/families/family_055/alignment.msa --model F81 --prefix /home/fili/Documents/KIT/2023/BA/code/output/families/ssim_DL_s20_f100_sites200_GTR_bl1.0_d1.0_l1.0_t0.0_gc0.0_p0.0_pop10_ms0.0_mf0.0_seed1007/families/family_055/misc/raxml_output.F81

Analysis options:
  run mode: ML tree search
  start tree(s): random (10) + parsimony (10)
  random seed: 1687863715
  tip-inner: OFF
  pattern compression: ON
  per-rate scalers: OFF
  site repeats: ON
  fast spr radius: AUTO
  spr subtree cutoff: 1.000000
  branch lengths: proportional (ML estimate, algorithm: NR-FAST)
  SIMD kernels: AVX2
  parallelization: coarse-grained (auto), PTHREADS (auto)

[00:00:00] Reading alignment from file: /home/fili/Documents/KIT/2023/BA/code/output/families/ssim_DL_s20_f100_sites200_GTR_bl1.0_d1.0_l1.0_t0.0_gc0.0_p0.0_pop10_ms0.0_mf0.0_seed1007/families/family_055/alignment.msa
[00:00:00] Loaded alignment with 23 taxa and 218 sites

WARNING: Sequences 11_0_0 and 7_0_0 are exactly identical!
WARNING: Sequences 8_0_0 and 2_0_0 are exactly identical!
WARNING: Sequences 19_0_0 and 12_0_0 are exactly identical!
WARNING: Duplicate sequences found: 3

NOTE: Reduced alignment (with duplicates and gap-only sites/taxa removed) 
NOTE: was saved to: /home/fili/Documents/KIT/2023/BA/code/output/families/ssim_DL_s20_f100_sites200_GTR_bl1.0_d1.0_l1.0_t0.0_gc0.0_p0.0_pop10_ms0.0_mf0.0_seed1007/families/family_055/misc/raxml_output.F81.raxml.reduced.phy

Alignment comprises 1 partitions and 101 patterns

Partition 0: noname
Model: F81+FO
Alignment sites / patterns: 218 / 101
Gaps: 0.00 %
Invariant sites: 44.50 %


NOTE: Binary MSA file created: /home/fili/Documents/KIT/2023/BA/code/output/families/ssim_DL_s20_f100_sites200_GTR_bl1.0_d1.0_l1.0_t0.0_gc0.0_p0.0_pop10_ms0.0_mf0.0_seed1007/families/family_055/misc/raxml_output.F81.raxml.rba

Parallelization scheme autoconfig: 8 worker(s) x 1 thread(s)

Parallel reduction/worker buffer size: 1 KB  / 0 KB

[00:00:00] Generating 10 random starting tree(s) with 23 taxa
[00:00:00] Generating 10 parsimony starting tree(s) with 23 taxa
[00:00:00] Data distribution: max. partitions/sites/weight per thread: 1 / 101 / 404
[00:00:00] Data distribution: max. searches per worker: 3

Starting ML tree search with 20 distinct starting trees

[00:00:00 -3362.935497] Initial branch length optimization
[00:00:00 -2974.390897] Model parameter optimization (eps = 10.000000)
[00:00:00 -2866.085952] AUTODETECT spr round 1 (radius: 5)
[00:00:00 -1422.133317] AUTODETECT spr round 2 (radius: 10)
[00:00:00 -1422.131597] SPR radius for FAST iterations: 5 (autodetect)
[00:00:00 -1422.131597] Model parameter optimization (eps = 3.000000)
[00:00:00 -1417.712984] FAST spr round 1 (radius: 5)
[00:00:00 -1376.330045] FAST spr round 2 (radius: 5)
[00:00:00 -1373.469531] FAST spr round 3 (radius: 5)
[00:00:00 -1373.469503] Model parameter optimization (eps = 1.000000)
[00:00:00 -1373.283448] SLOW spr round 1 (radius: 5)
[00:00:00] [worker #4] ML tree search #5, logLikelihood: -1374.187715
[00:00:00] [worker #1] ML tree search #2, logLikelihood: -1373.283329
[00:00:00] [worker #2] ML tree search #3, logLikelihood: -1373.283334
[00:00:00] [worker #5] ML tree search #6, logLikelihood: -1373.283330
[00:00:00] [worker #7] ML tree search #8, logLikelihood: -1373.283329
[00:00:00 -1373.283435] SLOW spr round 2 (radius: 10)
[00:00:00 -1373.283435] SLOW spr round 3 (radius: 15)
[00:00:00] [worker #6] ML tree search #7, logLikelihood: -1374.187713
[00:00:00] [worker #3] ML tree search #4, logLikelihood: -1373.283330
[00:00:00 -1373.283435] SLOW spr round 4 (radius: 20)
[00:00:00 -1373.283435] Model parameter optimization (eps = 0.100000)

[00:00:00] [worker #0] ML tree search #1, logLikelihood: -1373.283330

[00:00:00 -3147.922798] Initial branch length optimization
[00:00:00 -2753.250109] Model parameter optimization (eps = 10.000000)
[00:00:00 -2654.840188] AUTODETECT spr round 1 (radius: 5)
[00:00:00 -1542.629844] AUTODETECT spr round 2 (radius: 10)
[00:00:00 -1481.299121] AUTODETECT spr round 3 (radius: 15)
[00:00:00 -1481.299115] SPR radius for FAST iterations: 10 (autodetect)
[00:00:00 -1481.299115] Model parameter optimization (eps = 3.000000)
[00:00:00 -1478.430792] FAST spr round 1 (radius: 10)
[00:00:00 -1379.013332] FAST spr round 2 (radius: 10)
[00:00:00] [worker #2] ML tree search #11, logLikelihood: -1374.187712
[00:00:00 -1373.437092] FAST spr round 3 (radius: 10)
[00:00:00 -1373.437092] Model parameter optimization (eps = 1.000000)
[00:00:00 -1373.283411] SLOW spr round 1 (radius: 5)
[00:00:00] [worker #4] ML tree search #13, logLikelihood: -1373.283330
[00:00:00] [worker #5] ML tree search #14, logLikelihood: -1374.187712
[00:00:00] [worker #7] ML tree search #16, logLikelihood: -1373.283329
[00:00:00] [worker #3] ML tree search #12, logLikelihood: -1374.187712
[00:00:00 -1373.283393] SLOW spr round 2 (radius: 10)
[00:00:00] [worker #1] ML tree search #10, logLikelihood: -1374.187714
[00:00:00 -1373.283393] SLOW spr round 3 (radius: 15)
[00:00:00] [worker #6] ML tree search #15, logLikelihood: -1374.187713
[00:00:00 -1373.283393] SLOW spr round 4 (radius: 20)
[00:00:00 -1373.283393] Model parameter optimization (eps = 0.100000)

[00:00:00] [worker #0] ML tree search #9, logLikelihood: -1373.283331

[00:00:00 -1941.140221] Initial branch length optimization
[00:00:00 -1421.387457] Model parameter optimization (eps = 10.000000)
[00:00:00] [worker #2] ML tree search #19, logLikelihood: -1374.187712
[00:00:00 -1382.570417] AUTODETECT spr round 1 (radius: 5)
[00:00:00 -1375.726574] AUTODETECT spr round 2 (radius: 10)
[00:00:00 -1375.716041] SPR radius for FAST iterations: 5 (autodetect)
[00:00:00 -1375.716041] Model parameter optimization (eps = 3.000000)
[00:00:00 -1375.706360] FAST spr round 1 (radius: 5)
[00:00:00 -1375.500502] FAST spr round 2 (radius: 5)
[00:00:00 -1374.886773] FAST spr round 3 (radius: 5)
[00:00:00 -1374.204838] FAST spr round 4 (radius: 5)
[00:00:00] [worker #3] ML tree search #20, logLikelihood: -1374.187714
[00:00:00 -1374.204823] Model parameter optimization (eps = 1.000000)
[00:00:00 -1374.187733] SLOW spr round 1 (radius: 5)
[00:00:00] [worker #1] ML tree search #18, logLikelihood: -1373.283329
[00:00:00 -1374.187726] SLOW spr round 2 (radius: 10)
[00:00:00 -1374.187726] SLOW spr round 3 (radius: 15)
[00:00:00 -1374.187726] SLOW spr round 4 (radius: 20)
[00:00:00 -1374.187726] Model parameter optimization (eps = 0.100000)

[00:00:00] [worker #0] ML tree search #17, logLikelihood: -1374.187713


Optimized model parameters:

   Partition 0: noname
   Rate heterogeneity: NONE
   Base frequencies (ML): 0.374407 0.141888 0.327295 0.156410 
   Substitution rates (model): 1.000000 1.000000 1.000000 1.000000 1.000000 1.000000 


Final LogLikelihood: -1373.283329

AIC score: 2838.566657 / AICc score: 2863.853207 / BIC score: 2994.253430
Free parameters (model + branch lengths): 46

WARNING: Best ML tree contains 1 near-zero branches!

Best ML tree with collapsed near-zero branches saved to: /home/fili/Documents/KIT/2023/BA/code/output/families/ssim_DL_s20_f100_sites200_GTR_bl1.0_d1.0_l1.0_t0.0_gc0.0_p0.0_pop10_ms0.0_mf0.0_seed1007/families/family_055/misc/raxml_output.F81.raxml.bestTreeCollapsed
Best ML tree saved to: /home/fili/Documents/KIT/2023/BA/code/output/families/ssim_DL_s20_f100_sites200_GTR_bl1.0_d1.0_l1.0_t0.0_gc0.0_p0.0_pop10_ms0.0_mf0.0_seed1007/families/family_055/misc/raxml_output.F81.raxml.bestTree
All ML trees saved to: /home/fili/Documents/KIT/2023/BA/code/output/families/ssim_DL_s20_f100_sites200_GTR_bl1.0_d1.0_l1.0_t0.0_gc0.0_p0.0_pop10_ms0.0_mf0.0_seed1007/families/family_055/misc/raxml_output.F81.raxml.mlTrees
Optimized model saved to: /home/fili/Documents/KIT/2023/BA/code/output/families/ssim_DL_s20_f100_sites200_GTR_bl1.0_d1.0_l1.0_t0.0_gc0.0_p0.0_pop10_ms0.0_mf0.0_seed1007/families/family_055/misc/raxml_output.F81.raxml.bestModel

Execution log saved to: /home/fili/Documents/KIT/2023/BA/code/output/families/ssim_DL_s20_f100_sites200_GTR_bl1.0_d1.0_l1.0_t0.0_gc0.0_p0.0_pop10_ms0.0_mf0.0_seed1007/families/family_055/misc/raxml_output.F81.raxml.log

Analysis started: 27-Jun-2023 13:01:55 / finished: 27-Jun-2023 13:01:55

Elapsed time: 0.307 seconds

