
RAxML-NG v. 1.1.0 released on 29.11.2021 by The Exelixis Lab.
Developed by: Alexey M. Kozlov and Alexandros Stamatakis.
Contributors: Diego Darriba, Tomas Flouri, Benoit Morel, Sarah Lutteropp, Ben Bettisworth.
Latest version: https://github.com/amkozlov/raxml-ng
Questions/problems/suggestions? Please visit: https://groups.google.com/forum/#!forum/raxml

System: AMD Ryzen 7 5800X 8-Core Processor, 8 cores, 31 GB RAM

RAxML-NG was called at 12-May-2023 21:00:32 as follows:

/home/fili/Documents/KIT/2023/BA/resources/tools/RAxML-NG/raxml-ng --msa /home/fili/Documents/KIT/2023/BA/code/output/families/ssim_dtl_s20_f100_sites200_GTR_bl1.0_d0.0_l0.0_t1.0_gc0.0_p0.0_pop10_ms0.0_mf0.0_seed42/families/family_098/alignment.msa --model GTR+G --prefix /home/fili/Documents/KIT/2023/BA/code/output/families/ssim_dtl_s20_f100_sites200_GTR_bl1.0_d0.0_l0.0_t1.0_gc0.0_p0.0_pop10_ms0.0_mf0.0_seed42/families/family_098/misc/raxml_output.GTR+G

Analysis options:
  run mode: ML tree search
  start tree(s): random (10) + parsimony (10)
  random seed: 1683918032
  tip-inner: OFF
  pattern compression: ON
  per-rate scalers: OFF
  site repeats: ON
  fast spr radius: AUTO
  spr subtree cutoff: 1.000000
  branch lengths: proportional (ML estimate, algorithm: NR-FAST)
  SIMD kernels: AVX2
  parallelization: coarse-grained (auto), PTHREADS (auto)

[00:00:00] Reading alignment from file: /home/fili/Documents/KIT/2023/BA/code/output/families/ssim_dtl_s20_f100_sites200_GTR_bl1.0_d0.0_l0.0_t1.0_gc0.0_p0.0_pop10_ms0.0_mf0.0_seed42/families/family_098/alignment.msa
[00:00:00] Loaded alignment with 20 taxa and 268 sites

WARNING: Sequences 3_0_0 and 2_0_0 are exactly identical!
WARNING: Sequences 3_0_0 and 1_0_0 are exactly identical!
WARNING: Sequences 4_0_0 and 12_0_0 are exactly identical!
WARNING: Sequences 9_0_0 and 13_0_0 are exactly identical!
WARNING: Duplicate sequences found: 4

NOTE: Reduced alignment (with duplicates and gap-only sites/taxa removed) 
NOTE: was saved to: /home/fili/Documents/KIT/2023/BA/code/output/families/ssim_dtl_s20_f100_sites200_GTR_bl1.0_d0.0_l0.0_t1.0_gc0.0_p0.0_pop10_ms0.0_mf0.0_seed42/families/family_098/misc/raxml_output.GTR+G.raxml.reduced.phy

Alignment comprises 1 partitions and 121 patterns

Partition 0: noname
Model: GTR+FO+G4m
Alignment sites / patterns: 268 / 121
Gaps: 0.00 %
Invariant sites: 41.79 %


NOTE: Binary MSA file created: /home/fili/Documents/KIT/2023/BA/code/output/families/ssim_dtl_s20_f100_sites200_GTR_bl1.0_d0.0_l0.0_t1.0_gc0.0_p0.0_pop10_ms0.0_mf0.0_seed42/families/family_098/misc/raxml_output.GTR+G.raxml.rba

Parallelization scheme autoconfig: 8 worker(s) x 1 thread(s)

Parallel reduction/worker buffer size: 1 KB  / 0 KB

[00:00:00] Generating 10 random starting tree(s) with 20 taxa
[00:00:00] Generating 10 parsimony starting tree(s) with 20 taxa
[00:00:00] Data distribution: max. partitions/sites/weight per thread: 1 / 121 / 1936
[00:00:00] Data distribution: max. searches per worker: 3

Starting ML tree search with 20 distinct starting trees

[00:00:00 -3363.083189] Initial branch length optimization
[00:00:00 -2867.473070] Model parameter optimization (eps = 10.000000)
[00:00:00 -2100.895706] AUTODETECT spr round 1 (radius: 5)
[00:00:00 -1398.142413] AUTODETECT spr round 2 (radius: 10)
[00:00:00 -1398.120974] SPR radius for FAST iterations: 5 (autodetect)
[00:00:00 -1398.120974] Model parameter optimization (eps = 3.000000)
[00:00:00 -1359.615992] FAST spr round 1 (radius: 5)
[00:00:00 -1359.201871] FAST spr round 2 (radius: 5)
[00:00:00 -1358.838434] FAST spr round 3 (radius: 5)
[00:00:00 -1358.837517] Model parameter optimization (eps = 1.000000)
[00:00:00 -1357.916060] SLOW spr round 1 (radius: 5)
[00:00:00 -1357.906021] SLOW spr round 2 (radius: 10)
[00:00:00 -1357.905945] SLOW spr round 3 (radius: 15)
[00:00:00 -1357.905944] SLOW spr round 4 (radius: 20)
[00:00:00 -1357.905944] Model parameter optimization (eps = 0.100000)
[00:00:00] [worker #7] ML tree search #8, logLikelihood: -1357.257255

[00:00:00] [worker #0] ML tree search #1, logLikelihood: -1357.608590

[00:00:00 -3197.026091] Initial branch length optimization
[00:00:00 -2670.905923] Model parameter optimization (eps = 10.000000)
[00:00:00] [worker #5] ML tree search #6, logLikelihood: -1357.248785
[00:00:00] [worker #6] ML tree search #7, logLikelihood: -1357.260920
[00:00:00] [worker #2] ML tree search #3, logLikelihood: -1357.242686
[00:00:00] [worker #3] ML tree search #4, logLikelihood: -1357.260007
[00:00:00] [worker #4] ML tree search #5, logLikelihood: -1357.246827
[00:00:00 -1980.009454] AUTODETECT spr round 1 (radius: 5)
[00:00:00] [worker #1] ML tree search #2, logLikelihood: -1357.254276
[00:00:00 -1409.723741] AUTODETECT spr round 2 (radius: 10)
[00:00:00 -1409.711721] SPR radius for FAST iterations: 5 (autodetect)
[00:00:00 -1409.711721] Model parameter optimization (eps = 3.000000)
[00:00:00 -1388.869912] FAST spr round 1 (radius: 5)
[00:00:00 -1363.057958] FAST spr round 2 (radius: 5)
[00:00:00 -1362.469924] FAST spr round 3 (radius: 5)
[00:00:00 -1362.469731] Model parameter optimization (eps = 1.000000)
[00:00:00 -1358.313591] SLOW spr round 1 (radius: 5)
[00:00:00] [worker #7] ML tree search #16, logLikelihood: -1357.586561
[00:00:00] [worker #3] ML tree search #12, logLikelihood: -1357.223531
[00:00:00] [worker #2] ML tree search #11, logLikelihood: -1357.224512
[00:00:00] [worker #5] ML tree search #14, logLikelihood: -1357.584214
[00:00:00] [worker #6] ML tree search #15, logLikelihood: -1357.584052
[00:00:00 -1358.124919] SLOW spr round 2 (radius: 5)
[00:00:00] [worker #4] ML tree search #13, logLikelihood: -1357.589059
[00:00:00 -1358.124848] SLOW spr round 3 (radius: 10)
[00:00:00 -1358.124848] SLOW spr round 4 (radius: 15)
[00:00:00 -1358.124848] SLOW spr round 5 (radius: 20)
[00:00:00 -1358.124848] Model parameter optimization (eps = 0.100000)

[00:00:00] [worker #0] ML tree search #9, logLikelihood: -1357.614209

[00:00:00] [worker #1] ML tree search #10, logLikelihood: -1357.262785
[00:00:00 -2046.904743] Initial branch length optimization
[00:00:00 -1705.551778] Model parameter optimization (eps = 10.000000)
[00:00:00 -1358.965910] AUTODETECT spr round 1 (radius: 5)
[00:00:00 -1358.007021] AUTODETECT spr round 2 (radius: 10)
[00:00:00] [worker #3] ML tree search #20, logLikelihood: -1357.584052
[00:00:00 -1358.003926] SPR radius for FAST iterations: 5 (autodetect)
[00:00:00 -1358.003926] Model parameter optimization (eps = 3.000000)
[00:00:00 -1357.824743] FAST spr round 1 (radius: 5)
[00:00:00 -1357.324609] FAST spr round 2 (radius: 5)
[00:00:00 -1357.323583] Model parameter optimization (eps = 1.000000)
[00:00:00 -1357.245731] SLOW spr round 1 (radius: 5)
[00:00:00] [worker #2] ML tree search #19, logLikelihood: -1357.583842
[00:00:00 -1357.241191] SLOW spr round 2 (radius: 10)
[00:00:00 -1357.241171] SLOW spr round 3 (radius: 15)
[00:00:00 -1357.241171] SLOW spr round 4 (radius: 20)
[00:00:00 -1357.241171] Model parameter optimization (eps = 0.100000)

[00:00:00] [worker #0] ML tree search #17, logLikelihood: -1357.226029

[00:00:00] [worker #1] ML tree search #18, logLikelihood: -1357.584146

Optimized model parameters:

   Partition 0: noname
   Rate heterogeneity: GAMMA (4 cats, mean),  alpha: 8.104646 (ML),  weights&rates: (0.250000,0.595378) (0.250000,0.853655) (0.250000,1.076406) (0.250000,1.474561) 
   Base frequencies (ML): 0.283942 0.206457 0.233109 0.276492 
   Substitution rates (ML): 0.404910 45.555727 0.257162 1.343652 3.710922 1.000000 


Final LogLikelihood: -1357.223531

AIC score: 2806.447062 / AICc score: 2826.012673 / BIC score: 2971.632463
Free parameters (model + branch lengths): 46

WARNING: Best ML tree contains 3 near-zero branches!

Best ML tree with collapsed near-zero branches saved to: /home/fili/Documents/KIT/2023/BA/code/output/families/ssim_dtl_s20_f100_sites200_GTR_bl1.0_d0.0_l0.0_t1.0_gc0.0_p0.0_pop10_ms0.0_mf0.0_seed42/families/family_098/misc/raxml_output.GTR+G.raxml.bestTreeCollapsed
Best ML tree saved to: /home/fili/Documents/KIT/2023/BA/code/output/families/ssim_dtl_s20_f100_sites200_GTR_bl1.0_d0.0_l0.0_t1.0_gc0.0_p0.0_pop10_ms0.0_mf0.0_seed42/families/family_098/misc/raxml_output.GTR+G.raxml.bestTree
All ML trees saved to: /home/fili/Documents/KIT/2023/BA/code/output/families/ssim_dtl_s20_f100_sites200_GTR_bl1.0_d0.0_l0.0_t1.0_gc0.0_p0.0_pop10_ms0.0_mf0.0_seed42/families/family_098/misc/raxml_output.GTR+G.raxml.mlTrees
Optimized model saved to: /home/fili/Documents/KIT/2023/BA/code/output/families/ssim_dtl_s20_f100_sites200_GTR_bl1.0_d0.0_l0.0_t1.0_gc0.0_p0.0_pop10_ms0.0_mf0.0_seed42/families/family_098/misc/raxml_output.GTR+G.raxml.bestModel

Execution log saved to: /home/fili/Documents/KIT/2023/BA/code/output/families/ssim_dtl_s20_f100_sites200_GTR_bl1.0_d0.0_l0.0_t1.0_gc0.0_p0.0_pop10_ms0.0_mf0.0_seed42/families/family_098/misc/raxml_output.GTR+G.raxml.log

Analysis started: 12-May-2023 21:00:32 / finished: 12-May-2023 21:00:32

Elapsed time: 0.646 seconds

