
RAxML-NG v. 1.1.0 released on 29.11.2021 by The Exelixis Lab.
Developed by: Alexey M. Kozlov and Alexandros Stamatakis.
Contributors: Diego Darriba, Tomas Flouri, Benoit Morel, Sarah Lutteropp, Ben Bettisworth.
Latest version: https://github.com/amkozlov/raxml-ng
Questions/problems/suggestions? Please visit: https://groups.google.com/forum/#!forum/raxml

System: AMD Ryzen 7 5800X 8-Core Processor, 8 cores, 31 GB RAM

RAxML-NG was called at 27-Jun-2023 13:04:19 as follows:

/home/fili/Documents/KIT/2023/BA/resources/tools/RAxML-NG/raxml-ng --msa /home/fili/Documents/KIT/2023/BA/code/output/families/ssim_DL_s20_f100_sites200_GTR_bl1.0_d1.0_l1.0_t0.0_gc0.0_p0.0_pop10_ms0.0_mf0.0_seed19732311/families/family_079/alignment.msa --model F81 --prefix /home/fili/Documents/KIT/2023/BA/code/output/families/ssim_DL_s20_f100_sites200_GTR_bl1.0_d1.0_l1.0_t0.0_gc0.0_p0.0_pop10_ms0.0_mf0.0_seed19732311/families/family_079/misc/raxml_output.F81

Analysis options:
  run mode: ML tree search
  start tree(s): random (10) + parsimony (10)
  random seed: 1687863859
  tip-inner: OFF
  pattern compression: ON
  per-rate scalers: OFF
  site repeats: ON
  fast spr radius: AUTO
  spr subtree cutoff: 1.000000
  branch lengths: proportional (ML estimate, algorithm: NR-FAST)
  SIMD kernels: AVX2
  parallelization: coarse-grained (auto), PTHREADS (auto)

[00:00:00] Reading alignment from file: /home/fili/Documents/KIT/2023/BA/code/output/families/ssim_DL_s20_f100_sites200_GTR_bl1.0_d1.0_l1.0_t0.0_gc0.0_p0.0_pop10_ms0.0_mf0.0_seed19732311/families/family_079/alignment.msa
[00:00:00] Loaded alignment with 12 taxa and 233 sites

Alignment comprises 1 partitions and 82 patterns

Partition 0: noname
Model: F81+FO
Alignment sites / patterns: 233 / 82
Gaps: 0.00 %
Invariant sites: 51.07 %


NOTE: Binary MSA file created: /home/fili/Documents/KIT/2023/BA/code/output/families/ssim_DL_s20_f100_sites200_GTR_bl1.0_d1.0_l1.0_t0.0_gc0.0_p0.0_pop10_ms0.0_mf0.0_seed19732311/families/family_079/misc/raxml_output.F81.raxml.rba

Parallelization scheme autoconfig: 8 worker(s) x 1 thread(s)

Parallel reduction/worker buffer size: 1 KB  / 0 KB

[00:00:00] Generating 10 random starting tree(s) with 12 taxa
[00:00:00] Generating 10 parsimony starting tree(s) with 12 taxa
[00:00:00] Data distribution: max. partitions/sites/weight per thread: 1 / 82 / 328
[00:00:00] Data distribution: max. searches per worker: 3

Starting ML tree search with 20 distinct starting trees

[00:00:00 -1741.234801] Initial branch length optimization
[00:00:00 -1551.931994] Model parameter optimization (eps = 10.000000)
[00:00:00 -1537.944637] AUTODETECT spr round 1 (radius: 5)
[00:00:00 -1187.522481] AUTODETECT spr round 2 (radius: 10)
[00:00:00 -1187.522175] SPR radius for FAST iterations: 5 (autodetect)
[00:00:00 -1187.522175] Model parameter optimization (eps = 3.000000)
[00:00:00 -1186.321213] FAST spr round 1 (radius: 5)
[00:00:00 -1165.073318] FAST spr round 2 (radius: 5)
[00:00:00 -1162.629933] FAST spr round 3 (radius: 5)
[00:00:00 -1160.876054] FAST spr round 4 (radius: 5)
[00:00:00] [worker #3] ML tree search #4, logLikelihood: -1160.729419
[00:00:00 -1160.876053] Model parameter optimization (eps = 1.000000)
[00:00:00 -1160.729767] SLOW spr round 1 (radius: 5)
[00:00:00] [worker #7] ML tree search #8, logLikelihood: -1160.729420
[00:00:00] [worker #5] ML tree search #6, logLikelihood: -1160.729420
[00:00:00] [worker #4] ML tree search #5, logLikelihood: -1160.729420
[00:00:00] [worker #2] ML tree search #3, logLikelihood: -1160.729421
[00:00:00 -1160.729493] SLOW spr round 2 (radius: 10)
[00:00:00 -1160.729492] Model parameter optimization (eps = 0.100000)

[00:00:00] [worker #0] ML tree search #1, logLikelihood: -1160.729420

[00:00:00] [worker #1] ML tree search #2, logLikelihood: -1160.729420
[00:00:00 -1781.235413] Initial branch length optimization
[00:00:00 -1597.744006] Model parameter optimization (eps = 10.000000)
[00:00:00 -1586.067066] AUTODETECT spr round 1 (radius: 5)
[00:00:00] [worker #3] ML tree search #12, logLikelihood: -1160.729419
[00:00:00 -1210.027018] AUTODETECT spr round 2 (radius: 10)
[00:00:00 -1210.027016] SPR radius for FAST iterations: 5 (autodetect)
[00:00:00 -1210.027016] Model parameter optimization (eps = 3.000000)
[00:00:00 -1209.447988] FAST spr round 1 (radius: 5)
[00:00:00] [worker #6] ML tree search #7, logLikelihood: -1160.729420
[00:00:00 -1160.836679] FAST spr round 2 (radius: 5)
[00:00:00] [worker #5] ML tree search #14, logLikelihood: -1160.729420
[00:00:00 -1160.836613] Model parameter optimization (eps = 1.000000)
[00:00:00 -1160.729586] SLOW spr round 1 (radius: 5)
[00:00:00] [worker #7] ML tree search #16, logLikelihood: -1160.729420
[00:00:00] [worker #2] ML tree search #11, logLikelihood: -1160.729420
[00:00:00] [worker #4] ML tree search #13, logLikelihood: -1160.729419
[00:00:00 -1160.729467] SLOW spr round 2 (radius: 10)
[00:00:00 -1160.729467] Model parameter optimization (eps = 0.100000)

[00:00:00] [worker #0] ML tree search #9, logLikelihood: -1160.729420

[00:00:00] [worker #3] ML tree search #20, logLikelihood: -1160.729419
[00:00:00] [worker #6] ML tree search #15, logLikelihood: -1160.729421
[00:00:00 -1352.837540] Initial branch length optimization
[00:00:00 -1165.498482] Model parameter optimization (eps = 10.000000)
[00:00:00 -1160.733491] AUTODETECT spr round 1 (radius: 5)
[00:00:00] [worker #1] ML tree search #10, logLikelihood: -1160.729420
[00:00:00 -1160.730406] SPR radius for FAST iterations: 5 (autodetect)
[00:00:00 -1160.730406] Model parameter optimization (eps = 3.000000)
[00:00:00 -1160.729444] FAST spr round 1 (radius: 5)
[00:00:00 -1160.729425] Model parameter optimization (eps = 1.000000)
[00:00:00 -1160.729421] SLOW spr round 1 (radius: 5)
[00:00:00] [worker #2] ML tree search #19, logLikelihood: -1160.729421
[00:00:00 -1160.729421] SLOW spr round 2 (radius: 10)
[00:00:00 -1160.729421] Model parameter optimization (eps = 0.100000)

[00:00:00] [worker #0] ML tree search #17, logLikelihood: -1160.729420

[00:00:00] [worker #1] ML tree search #18, logLikelihood: -1160.729420

Optimized model parameters:

   Partition 0: noname
   Rate heterogeneity: NONE
   Base frequencies (ML): 0.284681 0.191411 0.280803 0.243104 
   Substitution rates (model): 1.000000 1.000000 1.000000 1.000000 1.000000 1.000000 


Final LogLikelihood: -1160.729419

AIC score: 2369.458839 / AICc score: 2375.228069 / BIC score: 2452.283762
Free parameters (model + branch lengths): 24

Best ML tree saved to: /home/fili/Documents/KIT/2023/BA/code/output/families/ssim_DL_s20_f100_sites200_GTR_bl1.0_d1.0_l1.0_t0.0_gc0.0_p0.0_pop10_ms0.0_mf0.0_seed19732311/families/family_079/misc/raxml_output.F81.raxml.bestTree
All ML trees saved to: /home/fili/Documents/KIT/2023/BA/code/output/families/ssim_DL_s20_f100_sites200_GTR_bl1.0_d1.0_l1.0_t0.0_gc0.0_p0.0_pop10_ms0.0_mf0.0_seed19732311/families/family_079/misc/raxml_output.F81.raxml.mlTrees
Optimized model saved to: /home/fili/Documents/KIT/2023/BA/code/output/families/ssim_DL_s20_f100_sites200_GTR_bl1.0_d1.0_l1.0_t0.0_gc0.0_p0.0_pop10_ms0.0_mf0.0_seed19732311/families/family_079/misc/raxml_output.F81.raxml.bestModel

Execution log saved to: /home/fili/Documents/KIT/2023/BA/code/output/families/ssim_DL_s20_f100_sites200_GTR_bl1.0_d1.0_l1.0_t0.0_gc0.0_p0.0_pop10_ms0.0_mf0.0_seed19732311/families/family_079/misc/raxml_output.F81.raxml.log

Analysis started: 27-Jun-2023 13:04:19 / finished: 27-Jun-2023 13:04:19

Elapsed time: 0.111 seconds

