
RAxML-NG v. 1.1.0 released on 29.11.2021 by The Exelixis Lab.
Developed by: Alexey M. Kozlov and Alexandros Stamatakis.
Contributors: Diego Darriba, Tomas Flouri, Benoit Morel, Sarah Lutteropp, Ben Bettisworth.
Latest version: https://github.com/amkozlov/raxml-ng
Questions/problems/suggestions? Please visit: https://groups.google.com/forum/#!forum/raxml

System: AMD Ryzen 7 5800X 8-Core Processor, 8 cores, 31 GB RAM

RAxML-NG was called at 27-Jun-2023 13:01:54 as follows:

/home/fili/Documents/KIT/2023/BA/resources/tools/RAxML-NG/raxml-ng --msa /home/fili/Documents/KIT/2023/BA/code/output/families/ssim_DL_s20_f100_sites200_GTR_bl1.0_d1.0_l1.0_t0.0_gc0.0_p0.0_pop10_ms0.0_mf0.0_seed1007/families/family_073/alignment.msa --model F81 --prefix /home/fili/Documents/KIT/2023/BA/code/output/families/ssim_DL_s20_f100_sites200_GTR_bl1.0_d1.0_l1.0_t0.0_gc0.0_p0.0_pop10_ms0.0_mf0.0_seed1007/families/family_073/misc/raxml_output.F81

Analysis options:
  run mode: ML tree search
  start tree(s): random (10) + parsimony (10)
  random seed: 1687863714
  tip-inner: OFF
  pattern compression: ON
  per-rate scalers: OFF
  site repeats: ON
  fast spr radius: AUTO
  spr subtree cutoff: 1.000000
  branch lengths: proportional (ML estimate, algorithm: NR-FAST)
  SIMD kernels: AVX2
  parallelization: coarse-grained (auto), PTHREADS (auto)

[00:00:00] Reading alignment from file: /home/fili/Documents/KIT/2023/BA/code/output/families/ssim_DL_s20_f100_sites200_GTR_bl1.0_d1.0_l1.0_t0.0_gc0.0_p0.0_pop10_ms0.0_mf0.0_seed1007/families/family_073/alignment.msa
[00:00:00] Loaded alignment with 11 taxa and 122 sites

WARNING: Sequences 8_0_0 and 2_0_0 are exactly identical!
WARNING: Duplicate sequences found: 1

NOTE: Reduced alignment (with duplicates and gap-only sites/taxa removed) 
NOTE: was saved to: /home/fili/Documents/KIT/2023/BA/code/output/families/ssim_DL_s20_f100_sites200_GTR_bl1.0_d1.0_l1.0_t0.0_gc0.0_p0.0_pop10_ms0.0_mf0.0_seed1007/families/family_073/misc/raxml_output.F81.raxml.reduced.phy

Alignment comprises 1 partitions and 34 patterns

Partition 0: noname
Model: F81+FO
Alignment sites / patterns: 122 / 34
Gaps: 0.00 %
Invariant sites: 72.13 %


NOTE: Binary MSA file created: /home/fili/Documents/KIT/2023/BA/code/output/families/ssim_DL_s20_f100_sites200_GTR_bl1.0_d1.0_l1.0_t0.0_gc0.0_p0.0_pop10_ms0.0_mf0.0_seed1007/families/family_073/misc/raxml_output.F81.raxml.rba

Parallelization scheme autoconfig: 8 worker(s) x 1 thread(s)

Parallel reduction/worker buffer size: 1 KB  / 0 KB

[00:00:00] Generating 10 random starting tree(s) with 11 taxa
[00:00:00] Generating 10 parsimony starting tree(s) with 11 taxa
[00:00:00] Data distribution: max. partitions/sites/weight per thread: 1 / 34 / 136
[00:00:00] Data distribution: max. searches per worker: 3

Starting ML tree search with 20 distinct starting trees

[00:00:00 -669.401405] Initial branch length optimization
[00:00:00 -589.118048] Model parameter optimization (eps = 10.000000)
[00:00:00 -586.018913] AUTODETECT spr round 1 (radius: 5)
[00:00:00 -445.296344] AUTODETECT spr round 2 (radius: 10)
[00:00:00 -445.296344] SPR radius for FAST iterations: 5 (autodetect)
[00:00:00 -445.296344] Model parameter optimization (eps = 3.000000)
[00:00:00 -444.778639] FAST spr round 1 (radius: 5)
[00:00:00 -443.238155] FAST spr round 2 (radius: 5)
[00:00:00 -442.518362] FAST spr round 3 (radius: 5)
[00:00:00 -442.518362] Model parameter optimization (eps = 1.000000)
[00:00:00 -442.464523] SLOW spr round 1 (radius: 5)
[00:00:00] [worker #2] ML tree search #3, logLikelihood: -442.949548
[00:00:00] [worker #4] ML tree search #5, logLikelihood: -442.464524
[00:00:00] [worker #6] ML tree search #7, logLikelihood: -442.949548
[00:00:00] [worker #1] ML tree search #2, logLikelihood: -442.949550
[00:00:00] [worker #3] ML tree search #4, logLikelihood: -442.464524
[00:00:00] [worker #7] ML tree search #8, logLikelihood: -442.464524
[00:00:00 -442.464523] SLOW spr round 2 (radius: 10)
[00:00:00 -442.464523] Model parameter optimization (eps = 0.100000)

[00:00:00] [worker #0] ML tree search #1, logLikelihood: -442.464523

[00:00:00] [worker #5] ML tree search #6, logLikelihood: -442.464524
[00:00:00 -677.618831] Initial branch length optimization
[00:00:00 -586.579020] Model parameter optimization (eps = 10.000000)
[00:00:00 -582.073025] AUTODETECT spr round 1 (radius: 5)
[00:00:00 -446.769539] AUTODETECT spr round 2 (radius: 10)
[00:00:00 -446.769539] SPR radius for FAST iterations: 5 (autodetect)
[00:00:00 -446.769539] Model parameter optimization (eps = 3.000000)
[00:00:00 -444.050792] FAST spr round 1 (radius: 5)
[00:00:00] [worker #4] ML tree search #13, logLikelihood: -442.949547
[00:00:00] [worker #6] ML tree search #15, logLikelihood: -442.464524
[00:00:00 -442.493069] FAST spr round 2 (radius: 5)
[00:00:00 -442.493069] Model parameter optimization (eps = 1.000000)
[00:00:00 -442.464562] SLOW spr round 1 (radius: 5)
[00:00:00] [worker #7] ML tree search #16, logLikelihood: -442.464524
[00:00:00] [worker #2] ML tree search #11, logLikelihood: -442.464524
[00:00:00] [worker #5] ML tree search #14, logLikelihood: -442.464524
[00:00:00] [worker #3] ML tree search #12, logLikelihood: -442.464524
[00:00:00 -442.464524] SLOW spr round 2 (radius: 10)
[00:00:00] [worker #1] ML tree search #10, logLikelihood: -442.464524
[00:00:00 -442.464524] Model parameter optimization (eps = 0.100000)

[00:00:00] [worker #0] ML tree search #9, logLikelihood: -442.464524

[00:00:00 -571.294574] Initial branch length optimization
[00:00:00 -452.634385] Model parameter optimization (eps = 10.000000)
[00:00:00 -449.455301] AUTODETECT spr round 1 (radius: 5)
[00:00:00 -442.523411] AUTODETECT spr round 2 (radius: 10)
[00:00:00 -442.522429] SPR radius for FAST iterations: 5 (autodetect)
[00:00:00 -442.522429] Model parameter optimization (eps = 3.000000)
[00:00:00 -442.464524] FAST spr round 1 (radius: 5)
[00:00:00 -442.464524] Model parameter optimization (eps = 1.000000)
[00:00:00 -442.464524] SLOW spr round 1 (radius: 5)
[00:00:00] [worker #2] ML tree search #19, logLikelihood: -442.464524
[00:00:00] [worker #3] ML tree search #20, logLikelihood: -442.464524
[00:00:00 -442.464524] SLOW spr round 2 (radius: 10)
[00:00:00 -442.464524] Model parameter optimization (eps = 0.100000)

[00:00:00] [worker #0] ML tree search #17, logLikelihood: -442.464524

[00:00:00] [worker #1] ML tree search #18, logLikelihood: -442.464524

Optimized model parameters:

   Partition 0: noname
   Rate heterogeneity: NONE
   Base frequencies (ML): 0.202746 0.252135 0.216308 0.328810 
   Substitution rates (model): 1.000000 1.000000 1.000000 1.000000 1.000000 1.000000 


Final LogLikelihood: -442.464523

AIC score: 928.929047 / AICc score: 939.151269 / BIC score: 990.617510
Free parameters (model + branch lengths): 22

WARNING: Best ML tree contains 1 near-zero branches!

Best ML tree with collapsed near-zero branches saved to: /home/fili/Documents/KIT/2023/BA/code/output/families/ssim_DL_s20_f100_sites200_GTR_bl1.0_d1.0_l1.0_t0.0_gc0.0_p0.0_pop10_ms0.0_mf0.0_seed1007/families/family_073/misc/raxml_output.F81.raxml.bestTreeCollapsed
Best ML tree saved to: /home/fili/Documents/KIT/2023/BA/code/output/families/ssim_DL_s20_f100_sites200_GTR_bl1.0_d1.0_l1.0_t0.0_gc0.0_p0.0_pop10_ms0.0_mf0.0_seed1007/families/family_073/misc/raxml_output.F81.raxml.bestTree
All ML trees saved to: /home/fili/Documents/KIT/2023/BA/code/output/families/ssim_DL_s20_f100_sites200_GTR_bl1.0_d1.0_l1.0_t0.0_gc0.0_p0.0_pop10_ms0.0_mf0.0_seed1007/families/family_073/misc/raxml_output.F81.raxml.mlTrees
Optimized model saved to: /home/fili/Documents/KIT/2023/BA/code/output/families/ssim_DL_s20_f100_sites200_GTR_bl1.0_d1.0_l1.0_t0.0_gc0.0_p0.0_pop10_ms0.0_mf0.0_seed1007/families/family_073/misc/raxml_output.F81.raxml.bestModel

Execution log saved to: /home/fili/Documents/KIT/2023/BA/code/output/families/ssim_DL_s20_f100_sites200_GTR_bl1.0_d1.0_l1.0_t0.0_gc0.0_p0.0_pop10_ms0.0_mf0.0_seed1007/families/family_073/misc/raxml_output.F81.raxml.log

Analysis started: 27-Jun-2023 13:01:54 / finished: 27-Jun-2023 13:01:54

Elapsed time: 0.073 seconds

