
RAxML-NG v. 1.1.0 released on 29.11.2021 by The Exelixis Lab.
Developed by: Alexey M. Kozlov and Alexandros Stamatakis.
Contributors: Diego Darriba, Tomas Flouri, Benoit Morel, Sarah Lutteropp, Ben Bettisworth.
Latest version: https://github.com/amkozlov/raxml-ng
Questions/problems/suggestions? Please visit: https://groups.google.com/forum/#!forum/raxml

System: AMD Ryzen 7 5800X 8-Core Processor, 8 cores, 31 GB RAM

RAxML-NG was called at 27-Jun-2023 13:47:25 as follows:

/home/fili/Documents/KIT/2023/BA/resources/tools/RAxML-NG/raxml-ng --msa /home/fili/Documents/KIT/2023/BA/code/output/families/ssim_NE_s20_f100_sites200_GTR_bl1.0_d0.0_l0.0_t0.0_gc0.0_p0.0_pop10_ms0.0_mf0.0_seed121873/families/family_087/alignment.msa --model F81 --prefix /home/fili/Documents/KIT/2023/BA/code/output/families/ssim_NE_s20_f100_sites200_GTR_bl1.0_d0.0_l0.0_t0.0_gc0.0_p0.0_pop10_ms0.0_mf0.0_seed121873/families/family_087/misc/raxml_output.F81

Analysis options:
  run mode: ML tree search
  start tree(s): random (10) + parsimony (10)
  random seed: 1687866445
  tip-inner: OFF
  pattern compression: ON
  per-rate scalers: OFF
  site repeats: ON
  fast spr radius: AUTO
  spr subtree cutoff: 1.000000
  branch lengths: proportional (ML estimate, algorithm: NR-FAST)
  SIMD kernels: AVX2
  parallelization: coarse-grained (auto), PTHREADS (auto)

[00:00:00] Reading alignment from file: /home/fili/Documents/KIT/2023/BA/code/output/families/ssim_NE_s20_f100_sites200_GTR_bl1.0_d0.0_l0.0_t0.0_gc0.0_p0.0_pop10_ms0.0_mf0.0_seed121873/families/family_087/alignment.msa
[00:00:00] Loaded alignment with 20 taxa and 169 sites

WARNING: Sequences 11_0_0 and 4_0_0 are exactly identical!
WARNING: Duplicate sequences found: 1

NOTE: Reduced alignment (with duplicates and gap-only sites/taxa removed) 
NOTE: was saved to: /home/fili/Documents/KIT/2023/BA/code/output/families/ssim_NE_s20_f100_sites200_GTR_bl1.0_d0.0_l0.0_t0.0_gc0.0_p0.0_pop10_ms0.0_mf0.0_seed121873/families/family_087/misc/raxml_output.F81.raxml.reduced.phy

Alignment comprises 1 partitions and 90 patterns

Partition 0: noname
Model: F81+FO
Alignment sites / patterns: 169 / 90
Gaps: 0.00 %
Invariant sites: 37.28 %


NOTE: Binary MSA file created: /home/fili/Documents/KIT/2023/BA/code/output/families/ssim_NE_s20_f100_sites200_GTR_bl1.0_d0.0_l0.0_t0.0_gc0.0_p0.0_pop10_ms0.0_mf0.0_seed121873/families/family_087/misc/raxml_output.F81.raxml.rba

Parallelization scheme autoconfig: 8 worker(s) x 1 thread(s)

Parallel reduction/worker buffer size: 1 KB  / 0 KB

[00:00:00] Generating 10 random starting tree(s) with 20 taxa
[00:00:00] Generating 10 parsimony starting tree(s) with 20 taxa
[00:00:00] Data distribution: max. partitions/sites/weight per thread: 1 / 90 / 360
[00:00:00] Data distribution: max. searches per worker: 3

Starting ML tree search with 20 distinct starting trees

[00:00:00 -2489.032606] Initial branch length optimization
[00:00:00 -2286.760229] Model parameter optimization (eps = 10.000000)
[00:00:00 -2195.220896] AUTODETECT spr round 1 (radius: 5)
[00:00:00 -1250.911509] AUTODETECT spr round 2 (radius: 10)
[00:00:00 -1242.742853] AUTODETECT spr round 3 (radius: 15)
[00:00:00 -1242.741683] SPR radius for FAST iterations: 10 (autodetect)
[00:00:00 -1242.741683] Model parameter optimization (eps = 3.000000)
[00:00:00 -1242.041227] FAST spr round 1 (radius: 10)
[00:00:00 -1203.933711] FAST spr round 2 (radius: 10)
[00:00:00 -1201.955366] FAST spr round 3 (radius: 10)
[00:00:00 -1201.955365] Model parameter optimization (eps = 1.000000)
[00:00:00 -1201.788241] SLOW spr round 1 (radius: 5)
[00:00:00 -1201.788166] SLOW spr round 2 (radius: 10)
[00:00:00] [worker #4] ML tree search #5, logLikelihood: -1201.892939
[00:00:00 -1201.788166] SLOW spr round 3 (radius: 15)
[00:00:00 -1201.788166] SLOW spr round 4 (radius: 20)
[00:00:00] [worker #3] ML tree search #4, logLikelihood: -1201.892941
[00:00:00 -1201.788166] Model parameter optimization (eps = 0.100000)

[00:00:00] [worker #0] ML tree search #1, logLikelihood: -1201.788071

[00:00:00] [worker #5] ML tree search #6, logLikelihood: -1201.892940
[00:00:00] [worker #2] ML tree search #3, logLikelihood: -1202.616518
[00:00:00 -2402.169378] Initial branch length optimization
[00:00:00 -2178.185247] Model parameter optimization (eps = 10.000000)
[00:00:00] [worker #6] ML tree search #7, logLikelihood: -1202.616517
[00:00:00 -2088.473778] AUTODETECT spr round 1 (radius: 5)
[00:00:00 -1233.749395] AUTODETECT spr round 2 (radius: 10)
[00:00:00 -1233.747974] SPR radius for FAST iterations: 5 (autodetect)
[00:00:00 -1233.747974] Model parameter optimization (eps = 3.000000)
[00:00:00] [worker #1] ML tree search #2, logLikelihood: -1201.892940
[00:00:00 -1231.677263] FAST spr round 1 (radius: 5)
[00:00:00] [worker #7] ML tree search #8, logLikelihood: -1203.085801
[00:00:00 -1207.420883] FAST spr round 2 (radius: 5)
[00:00:00 -1205.159664] FAST spr round 3 (radius: 5)
[00:00:00 -1201.881777] FAST spr round 4 (radius: 5)
[00:00:00 -1201.881758] Model parameter optimization (eps = 1.000000)
[00:00:00 -1201.788186] SLOW spr round 1 (radius: 5)
[00:00:00] [worker #3] ML tree search #12, logLikelihood: -1201.788070
[00:00:00] [worker #5] ML tree search #14, logLikelihood: -1203.085798
[00:00:00] [worker #2] ML tree search #11, logLikelihood: -1201.788071
[00:00:00] [worker #4] ML tree search #13, logLikelihood: -1201.892940
[00:00:00 -1201.788170] SLOW spr round 2 (radius: 10)
[00:00:00] [worker #6] ML tree search #15, logLikelihood: -1201.892984
[00:00:00 -1201.788170] SLOW spr round 3 (radius: 15)
[00:00:00 -1201.788170] SLOW spr round 4 (radius: 20)
[00:00:00 -1201.788170] Model parameter optimization (eps = 0.100000)

[00:00:00] [worker #0] ML tree search #9, logLikelihood: -1201.788073

[00:00:00 -1515.050429] Initial branch length optimization
[00:00:00 -1246.965139] Model parameter optimization (eps = 10.000000)
[00:00:00 -1205.331009] AUTODETECT spr round 1 (radius: 5)
[00:00:00] [worker #1] ML tree search #10, logLikelihood: -1201.892940
[00:00:00] [worker #7] ML tree search #16, logLikelihood: -1203.085800
[00:00:00 -1203.640361] AUTODETECT spr round 2 (radius: 10)
[00:00:00 -1203.639435] SPR radius for FAST iterations: 5 (autodetect)
[00:00:00 -1203.639435] Model parameter optimization (eps = 3.000000)
[00:00:00 -1203.615821] FAST spr round 1 (radius: 5)
[00:00:00 -1203.086866] FAST spr round 2 (radius: 5)
[00:00:00] [worker #3] ML tree search #20, logLikelihood: -1203.085801
[00:00:00 -1203.086840] Model parameter optimization (eps = 1.000000)
[00:00:00 -1203.085800] SLOW spr round 1 (radius: 5)
[00:00:00] [worker #2] ML tree search #19, logLikelihood: -1201.788070
[00:00:00 -1203.085800] SLOW spr round 2 (radius: 10)
[00:00:00 -1203.085800] SLOW spr round 3 (radius: 15)
[00:00:00 -1203.085800] SLOW spr round 4 (radius: 20)
[00:00:00 -1203.085800] Model parameter optimization (eps = 0.100000)

[00:00:00] [worker #0] ML tree search #17, logLikelihood: -1203.085799

[00:00:00] [worker #1] ML tree search #18, logLikelihood: -1201.892939

Optimized model parameters:

   Partition 0: noname
   Rate heterogeneity: NONE
   Base frequencies (ML): 0.337840 0.100978 0.373173 0.188009 
   Substitution rates (model): 1.000000 1.000000 1.000000 1.000000 1.000000 1.000000 


Final LogLikelihood: -1201.788070

AIC score: 2483.576139 / AICc score: 2509.201139 / BIC score: 2608.772088
Free parameters (model + branch lengths): 40

Best ML tree saved to: /home/fili/Documents/KIT/2023/BA/code/output/families/ssim_NE_s20_f100_sites200_GTR_bl1.0_d0.0_l0.0_t0.0_gc0.0_p0.0_pop10_ms0.0_mf0.0_seed121873/families/family_087/misc/raxml_output.F81.raxml.bestTree
All ML trees saved to: /home/fili/Documents/KIT/2023/BA/code/output/families/ssim_NE_s20_f100_sites200_GTR_bl1.0_d0.0_l0.0_t0.0_gc0.0_p0.0_pop10_ms0.0_mf0.0_seed121873/families/family_087/misc/raxml_output.F81.raxml.mlTrees
Optimized model saved to: /home/fili/Documents/KIT/2023/BA/code/output/families/ssim_NE_s20_f100_sites200_GTR_bl1.0_d0.0_l0.0_t0.0_gc0.0_p0.0_pop10_ms0.0_mf0.0_seed121873/families/family_087/misc/raxml_output.F81.raxml.bestModel

Execution log saved to: /home/fili/Documents/KIT/2023/BA/code/output/families/ssim_NE_s20_f100_sites200_GTR_bl1.0_d0.0_l0.0_t0.0_gc0.0_p0.0_pop10_ms0.0_mf0.0_seed121873/families/family_087/misc/raxml_output.F81.raxml.log

Analysis started: 27-Jun-2023 13:47:25 / finished: 27-Jun-2023 13:47:25

Elapsed time: 0.224 seconds

