
RAxML-NG v. 1.1.0 released on 29.11.2021 by The Exelixis Lab.
Developed by: Alexey M. Kozlov and Alexandros Stamatakis.
Contributors: Diego Darriba, Tomas Flouri, Benoit Morel, Sarah Lutteropp, Ben Bettisworth.
Latest version: https://github.com/amkozlov/raxml-ng
Questions/problems/suggestions? Please visit: https://groups.google.com/forum/#!forum/raxml

System: AMD Ryzen 7 5800X 8-Core Processor, 8 cores, 31 GB RAM

RAxML-NG was called at 12-Jun-2023 12:38:45 as follows:

/home/fili/Documents/KIT/2023/BA/resources/tools/RAxML-NG/raxml-ng --msa /home/fili/Documents/KIT/2023/BA/code/output/families/ssim_dtl_s20_f100_sites200_GTR_bl1.0_d0.0_l0.0_t1.0_gc0.0_p0.0_pop10_ms0.0_mf0.0_seed42/families/family_082/alignment.msa --model F81 --prefix /home/fili/Documents/KIT/2023/BA/code/output/families/ssim_dtl_s20_f100_sites200_GTR_bl1.0_d0.0_l0.0_t1.0_gc0.0_p0.0_pop10_ms0.0_mf0.0_seed42/families/family_082/misc/raxml_output.F81

Analysis options:
  run mode: ML tree search
  start tree(s): random (10) + parsimony (10)
  random seed: 1686566325
  tip-inner: OFF
  pattern compression: ON
  per-rate scalers: OFF
  site repeats: ON
  fast spr radius: AUTO
  spr subtree cutoff: 1.000000
  branch lengths: proportional (ML estimate, algorithm: NR-FAST)
  SIMD kernels: AVX2
  parallelization: coarse-grained (auto), PTHREADS (auto)

[00:00:00] Reading alignment from file: /home/fili/Documents/KIT/2023/BA/code/output/families/ssim_dtl_s20_f100_sites200_GTR_bl1.0_d0.0_l0.0_t1.0_gc0.0_p0.0_pop10_ms0.0_mf0.0_seed42/families/family_082/alignment.msa
[00:00:00] Loaded alignment with 20 taxa and 189 sites

WARNING: Sequences 10_0_0 and 4_0_0 are exactly identical!
WARNING: Sequences 9_0_0 and 13_0_0 are exactly identical!
WARNING: Duplicate sequences found: 2

NOTE: Reduced alignment (with duplicates and gap-only sites/taxa removed) 
NOTE: was saved to: /home/fili/Documents/KIT/2023/BA/code/output/families/ssim_dtl_s20_f100_sites200_GTR_bl1.0_d0.0_l0.0_t1.0_gc0.0_p0.0_pop10_ms0.0_mf0.0_seed42/families/family_082/misc/raxml_output.F81.raxml.reduced.phy

Alignment comprises 1 partitions and 116 patterns

Partition 0: noname
Model: F81+FO
Alignment sites / patterns: 189 / 116
Gaps: 0.00 %
Invariant sites: 32.80 %


NOTE: Binary MSA file created: /home/fili/Documents/KIT/2023/BA/code/output/families/ssim_dtl_s20_f100_sites200_GTR_bl1.0_d0.0_l0.0_t1.0_gc0.0_p0.0_pop10_ms0.0_mf0.0_seed42/families/family_082/misc/raxml_output.F81.raxml.rba

Parallelization scheme autoconfig: 8 worker(s) x 1 thread(s)

Parallel reduction/worker buffer size: 1 KB  / 0 KB

[00:00:00] Generating 10 random starting tree(s) with 20 taxa
[00:00:00] Generating 10 parsimony starting tree(s) with 20 taxa
[00:00:00] Data distribution: max. partitions/sites/weight per thread: 1 / 116 / 464
[00:00:00] Data distribution: max. searches per worker: 3

Starting ML tree search with 20 distinct starting trees

[00:00:00 -2988.928616] Initial branch length optimization
[00:00:00 -2600.092393] Model parameter optimization (eps = 10.000000)
[00:00:00 -2557.224650] AUTODETECT spr round 1 (radius: 5)
[00:00:00 -1475.269849] AUTODETECT spr round 2 (radius: 10)
[00:00:00 -1475.260208] SPR radius for FAST iterations: 5 (autodetect)
[00:00:00 -1475.260208] Model parameter optimization (eps = 3.000000)
[00:00:00 -1474.988352] FAST spr round 1 (radius: 5)
[00:00:00 -1449.028758] FAST spr round 2 (radius: 5)
[00:00:00 -1443.789761] FAST spr round 3 (radius: 5)
[00:00:00 -1443.789761] Model parameter optimization (eps = 1.000000)
[00:00:00 -1443.714687] SLOW spr round 1 (radius: 5)
[00:00:00] [worker #6] ML tree search #7, logLikelihood: -1443.714618
[00:00:00] [worker #1] ML tree search #2, logLikelihood: -1443.714619
[00:00:00] [worker #3] ML tree search #4, logLikelihood: -1443.714618
[00:00:00 -1443.714619] SLOW spr round 2 (radius: 10)
[00:00:00] [worker #2] ML tree search #3, logLikelihood: -1443.714617
[00:00:00] [worker #5] ML tree search #6, logLikelihood: -1443.714618
[00:00:00] [worker #4] ML tree search #5, logLikelihood: -1443.714618
[00:00:00 -1443.714619] SLOW spr round 3 (radius: 15)
[00:00:00 -1443.714619] SLOW spr round 4 (radius: 20)
[00:00:00 -1443.714619] Model parameter optimization (eps = 0.100000)

[00:00:00] [worker #0] ML tree search #1, logLikelihood: -1443.714618

[00:00:00 -2855.347441] Initial branch length optimization
[00:00:00 -2469.370566] Model parameter optimization (eps = 10.000000)
[00:00:00 -2440.762740] AUTODETECT spr round 1 (radius: 5)
[00:00:00 -1533.920200] AUTODETECT spr round 2 (radius: 10)
[00:00:00 -1477.802161] AUTODETECT spr round 3 (radius: 15)
[00:00:00] [worker #7] ML tree search #8, logLikelihood: -1443.714617
[00:00:00 -1477.781821] SPR radius for FAST iterations: 10 (autodetect)
[00:00:00 -1477.781821] Model parameter optimization (eps = 3.000000)
[00:00:00 -1476.412322] FAST spr round 1 (radius: 10)
[00:00:00 -1464.023786] FAST spr round 2 (radius: 10)
[00:00:00] [worker #2] ML tree search #11, logLikelihood: -1443.714617
[00:00:00] [worker #6] ML tree search #15, logLikelihood: -1443.714617
[00:00:00] [worker #4] ML tree search #13, logLikelihood: -1443.714616
[00:00:00 -1443.973051] FAST spr round 3 (radius: 10)
[00:00:00] [worker #5] ML tree search #14, logLikelihood: -1443.714617
[00:00:00 -1443.973009] Model parameter optimization (eps = 1.000000)
[00:00:00] [worker #1] ML tree search #10, logLikelihood: -1443.714618
[00:00:00 -1443.888239] SLOW spr round 1 (radius: 5)
[00:00:00] [worker #3] ML tree search #12, logLikelihood: -1443.714618
[00:00:00 -1443.722177] SLOW spr round 2 (radius: 5)
[00:00:00] [worker #7] ML tree search #16, logLikelihood: -1443.714617
[00:00:00 -1443.722174] SLOW spr round 3 (radius: 10)
[00:00:00] [worker #1] ML tree search #18, logLikelihood: -1443.714618
[00:00:00 -1443.722174] SLOW spr round 4 (radius: 15)
[00:00:00 -1443.722174] SLOW spr round 5 (radius: 20)
[00:00:00 -1443.722174] Model parameter optimization (eps = 0.100000)

[00:00:00] [worker #0] ML tree search #9, logLikelihood: -1443.714618

[00:00:00 -1839.554301] Initial branch length optimization
[00:00:00 -1456.574982] Model parameter optimization (eps = 10.000000)
[00:00:00 -1443.784552] AUTODETECT spr round 1 (radius: 5)
[00:00:00] [worker #2] ML tree search #19, logLikelihood: -1443.714618
[00:00:00 -1443.784112] SPR radius for FAST iterations: 5 (autodetect)
[00:00:00 -1443.784112] Model parameter optimization (eps = 3.000000)
[00:00:00] [worker #3] ML tree search #20, logLikelihood: -1443.714617
[00:00:00 -1443.784085] FAST spr round 1 (radius: 5)
[00:00:00 -1443.716419] Model parameter optimization (eps = 1.000000)
[00:00:00 -1443.714617] SLOW spr round 1 (radius: 5)
[00:00:00 -1443.714616] SLOW spr round 2 (radius: 10)
[00:00:00 -1443.714616] SLOW spr round 3 (radius: 15)
[00:00:00 -1443.714616] SLOW spr round 4 (radius: 20)
[00:00:00 -1443.714616] Model parameter optimization (eps = 0.100000)

[00:00:00] [worker #0] ML tree search #17, logLikelihood: -1443.714616


Optimized model parameters:

   Partition 0: noname
   Rate heterogeneity: NONE
   Base frequencies (ML): 0.311354 0.175480 0.301793 0.211373 
   Substitution rates (model): 1.000000 1.000000 1.000000 1.000000 1.000000 1.000000 


Final LogLikelihood: -1443.714616

AIC score: 2967.429232 / AICc score: 2989.591395 / BIC score: 3097.099113
Free parameters (model + branch lengths): 40

WARNING: Best ML tree contains 2 near-zero branches!

Best ML tree with collapsed near-zero branches saved to: /home/fili/Documents/KIT/2023/BA/code/output/families/ssim_dtl_s20_f100_sites200_GTR_bl1.0_d0.0_l0.0_t1.0_gc0.0_p0.0_pop10_ms0.0_mf0.0_seed42/families/family_082/misc/raxml_output.F81.raxml.bestTreeCollapsed
Best ML tree saved to: /home/fili/Documents/KIT/2023/BA/code/output/families/ssim_dtl_s20_f100_sites200_GTR_bl1.0_d0.0_l0.0_t1.0_gc0.0_p0.0_pop10_ms0.0_mf0.0_seed42/families/family_082/misc/raxml_output.F81.raxml.bestTree
All ML trees saved to: /home/fili/Documents/KIT/2023/BA/code/output/families/ssim_dtl_s20_f100_sites200_GTR_bl1.0_d0.0_l0.0_t1.0_gc0.0_p0.0_pop10_ms0.0_mf0.0_seed42/families/family_082/misc/raxml_output.F81.raxml.mlTrees
Optimized model saved to: /home/fili/Documents/KIT/2023/BA/code/output/families/ssim_dtl_s20_f100_sites200_GTR_bl1.0_d0.0_l0.0_t1.0_gc0.0_p0.0_pop10_ms0.0_mf0.0_seed42/families/family_082/misc/raxml_output.F81.raxml.bestModel

Execution log saved to: /home/fili/Documents/KIT/2023/BA/code/output/families/ssim_dtl_s20_f100_sites200_GTR_bl1.0_d0.0_l0.0_t1.0_gc0.0_p0.0_pop10_ms0.0_mf0.0_seed42/families/family_082/misc/raxml_output.F81.raxml.log

Analysis started: 12-Jun-2023 12:38:45 / finished: 12-Jun-2023 12:38:45

Elapsed time: 0.352 seconds

