
RAxML-NG v. 1.1.0 released on 29.11.2021 by The Exelixis Lab.
Developed by: Alexey M. Kozlov and Alexandros Stamatakis.
Contributors: Diego Darriba, Tomas Flouri, Benoit Morel, Sarah Lutteropp, Ben Bettisworth.
Latest version: https://github.com/amkozlov/raxml-ng
Questions/problems/suggestions? Please visit: https://groups.google.com/forum/#!forum/raxml

System: AMD Ryzen 7 5800X 8-Core Processor, 8 cores, 31 GB RAM

RAxML-NG was called at 05-Jun-2023 13:02:02 as follows:

/home/fili/Documents/KIT/2023/BA/resources/tools/RAxML-NG/raxml-ng --msa /home/fili/Documents/KIT/2023/BA/code/output/families/ssim_dtl_s20_f100_sites200_GTR_bl1.0_d0.0_l0.0_t1.0_gc0.0_p0.0_pop10_ms0.0_mf0.0_seed42/families/family_082/alignment.msa --model GTR+G --prefix /home/fili/Documents/KIT/2023/BA/code/output/families/ssim_dtl_s20_f100_sites200_GTR_bl1.0_d0.0_l0.0_t1.0_gc0.0_p0.0_pop10_ms0.0_mf0.0_seed42/families/family_082/misc/raxml_output.GTR+G

Analysis options:
  run mode: ML tree search
  start tree(s): random (10) + parsimony (10)
  random seed: 1685962922
  tip-inner: OFF
  pattern compression: ON
  per-rate scalers: OFF
  site repeats: ON
  fast spr radius: AUTO
  spr subtree cutoff: 1.000000
  branch lengths: proportional (ML estimate, algorithm: NR-FAST)
  SIMD kernels: AVX2
  parallelization: coarse-grained (auto), PTHREADS (auto)

[00:00:00] Reading alignment from file: /home/fili/Documents/KIT/2023/BA/code/output/families/ssim_dtl_s20_f100_sites200_GTR_bl1.0_d0.0_l0.0_t1.0_gc0.0_p0.0_pop10_ms0.0_mf0.0_seed42/families/family_082/alignment.msa
[00:00:00] Loaded alignment with 20 taxa and 189 sites

WARNING: Sequences 4_0_0 and 12_0_0 are exactly identical!
WARNING: Sequences 9_0_0 and 13_0_0 are exactly identical!
WARNING: Duplicate sequences found: 2

NOTE: Reduced alignment (with duplicates and gap-only sites/taxa removed) 
NOTE: was saved to: /home/fili/Documents/KIT/2023/BA/code/output/families/ssim_dtl_s20_f100_sites200_GTR_bl1.0_d0.0_l0.0_t1.0_gc0.0_p0.0_pop10_ms0.0_mf0.0_seed42/families/family_082/misc/raxml_output.GTR+G.raxml.reduced.phy

Alignment comprises 1 partitions and 115 patterns

Partition 0: noname
Model: GTR+FO+G4m
Alignment sites / patterns: 189 / 115
Gaps: 0.00 %
Invariant sites: 31.75 %


NOTE: Binary MSA file created: /home/fili/Documents/KIT/2023/BA/code/output/families/ssim_dtl_s20_f100_sites200_GTR_bl1.0_d0.0_l0.0_t1.0_gc0.0_p0.0_pop10_ms0.0_mf0.0_seed42/families/family_082/misc/raxml_output.GTR+G.raxml.rba

Parallelization scheme autoconfig: 8 worker(s) x 1 thread(s)

Parallel reduction/worker buffer size: 1 KB  / 0 KB

[00:00:00] Generating 10 random starting tree(s) with 20 taxa
[00:00:00] Generating 10 parsimony starting tree(s) with 20 taxa
[00:00:00] Data distribution: max. partitions/sites/weight per thread: 1 / 115 / 1840
[00:00:00] Data distribution: max. searches per worker: 3

Starting ML tree search with 20 distinct starting trees

[00:00:00 -2743.513051] Initial branch length optimization
[00:00:00 -2365.915833] Model parameter optimization (eps = 10.000000)
[00:00:00 -1999.630663] AUTODETECT spr round 1 (radius: 5)
[00:00:00 -1302.419914] AUTODETECT spr round 2 (radius: 10)
[00:00:00 -1300.425553] AUTODETECT spr round 3 (radius: 15)
[00:00:00 -1300.423388] SPR radius for FAST iterations: 10 (autodetect)
[00:00:00 -1300.423388] Model parameter optimization (eps = 3.000000)
[00:00:00 -1292.553291] FAST spr round 1 (radius: 10)
[00:00:00 -1274.092139] FAST spr round 2 (radius: 10)
[00:00:00 -1272.366942] FAST spr round 3 (radius: 10)
[00:00:00 -1272.366843] Model parameter optimization (eps = 1.000000)
[00:00:00 -1271.417176] SLOW spr round 1 (radius: 5)
[00:00:00 -1271.404358] SLOW spr round 2 (radius: 10)
[00:00:00] [worker #7] ML tree search #8, logLikelihood: -1271.172601
[00:00:00 -1271.404094] SLOW spr round 3 (radius: 15)
[00:00:00] [worker #1] ML tree search #2, logLikelihood: -1271.192195
[00:00:00 -1271.404076] SLOW spr round 4 (radius: 20)
[00:00:00 -1271.404074] Model parameter optimization (eps = 0.100000)
[00:00:00] [worker #5] ML tree search #6, logLikelihood: -1271.192648

[00:00:00] [worker #0] ML tree search #1, logLikelihood: -1271.162286

[00:00:00 -2709.640470] Initial branch length optimization
[00:00:00 -2332.896752] Model parameter optimization (eps = 10.000000)
[00:00:00] [worker #4] ML tree search #5, logLikelihood: -1271.182099
[00:00:00] [worker #3] ML tree search #4, logLikelihood: -1271.152901
[00:00:00] [worker #6] ML tree search #7, logLikelihood: -1271.186680
[00:00:00] [worker #2] ML tree search #3, logLikelihood: -1271.177824
[00:00:00 -1970.902784] AUTODETECT spr round 1 (radius: 5)
[00:00:00 -1467.064167] AUTODETECT spr round 2 (radius: 10)
[00:00:00 -1345.180369] AUTODETECT spr round 3 (radius: 15)
[00:00:00 -1345.168167] SPR radius for FAST iterations: 10 (autodetect)
[00:00:00 -1345.168167] Model parameter optimization (eps = 3.000000)
[00:00:00 -1332.421226] FAST spr round 1 (radius: 10)
[00:00:00 -1276.480643] FAST spr round 2 (radius: 10)
[00:00:00 -1274.530973] FAST spr round 3 (radius: 10)
[00:00:00 -1274.530821] Model parameter optimization (eps = 1.000000)
[00:00:00 -1271.809698] SLOW spr round 1 (radius: 5)
[00:00:00] [worker #7] ML tree search #16, logLikelihood: -1271.102382
[00:00:00] [worker #5] ML tree search #14, logLikelihood: -1271.093053
[00:00:00] [worker #3] ML tree search #12, logLikelihood: -1271.089694
[00:00:00] [worker #4] ML tree search #13, logLikelihood: -1271.117319
[00:00:00 -1271.775366] SLOW spr round 2 (radius: 10)
[00:00:00] [worker #1] ML tree search #10, logLikelihood: -1271.137345
[00:00:00] [worker #6] ML tree search #15, logLikelihood: -1271.111285
[00:00:00] [worker #2] ML tree search #11, logLikelihood: -1271.106979
[00:00:00 -1271.772617] SLOW spr round 3 (radius: 15)
[00:00:00 -1271.772206] SLOW spr round 4 (radius: 20)
[00:00:00 -1271.772142] Model parameter optimization (eps = 0.100000)

[00:00:00] [worker #0] ML tree search #9, logLikelihood: -1271.178411

[00:00:00 -1756.611692] Initial branch length optimization
[00:00:00 -1448.882267] Model parameter optimization (eps = 10.000000)
[00:00:00 -1283.364057] AUTODETECT spr round 1 (radius: 5)
[00:00:00 -1273.448613] AUTODETECT spr round 2 (radius: 10)
[00:00:00 -1273.447645] SPR radius for FAST iterations: 5 (autodetect)
[00:00:00 -1273.447645] Model parameter optimization (eps = 3.000000)
[00:00:00 -1272.411269] FAST spr round 1 (radius: 5)
[00:00:00 -1271.370515] FAST spr round 2 (radius: 5)
[00:00:00 -1271.365869] Model parameter optimization (eps = 1.000000)
[00:00:00 -1271.183237] SLOW spr round 1 (radius: 5)
[00:00:00] [worker #3] ML tree search #20, logLikelihood: -1271.112056
[00:00:00] [worker #1] ML tree search #18, logLikelihood: -1271.090020
[00:00:00] [worker #2] ML tree search #19, logLikelihood: -1271.107674
[00:00:00 -1271.176153] SLOW spr round 2 (radius: 10)
[00:00:00 -1271.175934] SLOW spr round 3 (radius: 15)
[00:00:00 -1271.175904] SLOW spr round 4 (radius: 20)
[00:00:00 -1271.175898] Model parameter optimization (eps = 0.100000)

[00:00:00] [worker #0] ML tree search #17, logLikelihood: -1271.118590


Optimized model parameters:

   Partition 0: noname
   Rate heterogeneity: GAMMA (4 cats, mean),  alpha: 0.908689 (ML),  weights&rates: (0.250000,0.118394) (0.250000,0.447474) (0.250000,0.983053) (0.250000,2.451078) 
   Base frequencies (ML): 0.269471 0.196015 0.277190 0.257324 
   Substitution rates (ML): 3.301037 29.578255 0.854264 0.270922 4.512057 1.000000 


Final LogLikelihood: -1271.089694

AIC score: 2634.179387 / AICc score: 2664.630091 / BIC score: 2783.299750
Free parameters (model + branch lengths): 46

WARNING: Best ML tree contains 1 near-zero branches!

Best ML tree with collapsed near-zero branches saved to: /home/fili/Documents/KIT/2023/BA/code/output/families/ssim_dtl_s20_f100_sites200_GTR_bl1.0_d0.0_l0.0_t1.0_gc0.0_p0.0_pop10_ms0.0_mf0.0_seed42/families/family_082/misc/raxml_output.GTR+G.raxml.bestTreeCollapsed
Best ML tree saved to: /home/fili/Documents/KIT/2023/BA/code/output/families/ssim_dtl_s20_f100_sites200_GTR_bl1.0_d0.0_l0.0_t1.0_gc0.0_p0.0_pop10_ms0.0_mf0.0_seed42/families/family_082/misc/raxml_output.GTR+G.raxml.bestTree
All ML trees saved to: /home/fili/Documents/KIT/2023/BA/code/output/families/ssim_dtl_s20_f100_sites200_GTR_bl1.0_d0.0_l0.0_t1.0_gc0.0_p0.0_pop10_ms0.0_mf0.0_seed42/families/family_082/misc/raxml_output.GTR+G.raxml.mlTrees
Optimized model saved to: /home/fili/Documents/KIT/2023/BA/code/output/families/ssim_dtl_s20_f100_sites200_GTR_bl1.0_d0.0_l0.0_t1.0_gc0.0_p0.0_pop10_ms0.0_mf0.0_seed42/families/family_082/misc/raxml_output.GTR+G.raxml.bestModel

Execution log saved to: /home/fili/Documents/KIT/2023/BA/code/output/families/ssim_dtl_s20_f100_sites200_GTR_bl1.0_d0.0_l0.0_t1.0_gc0.0_p0.0_pop10_ms0.0_mf0.0_seed42/families/family_082/misc/raxml_output.GTR+G.raxml.log

Analysis started: 05-Jun-2023 13:02:02 / finished: 05-Jun-2023 13:02:03

Elapsed time: 0.624 seconds

