
RAxML-NG v. 1.1.0 released on 29.11.2021 by The Exelixis Lab.
Developed by: Alexey M. Kozlov and Alexandros Stamatakis.
Contributors: Diego Darriba, Tomas Flouri, Benoit Morel, Sarah Lutteropp, Ben Bettisworth.
Latest version: https://github.com/amkozlov/raxml-ng
Questions/problems/suggestions? Please visit: https://groups.google.com/forum/#!forum/raxml

System: AMD Ryzen 7 5800X 8-Core Processor, 8 cores, 31 GB RAM

RAxML-NG was called at 05-Jun-2023 13:02:18 as follows:

/home/fili/Documents/KIT/2023/BA/resources/tools/RAxML-NG/raxml-ng --msa /home/fili/Documents/KIT/2023/BA/code/output/families/ssim_dtl_s20_f100_sites200_GTR_bl1.0_d0.0_l0.0_t1.0_gc0.0_p0.0_pop10_ms0.0_mf0.0_seed42/families/family_012/alignment.msa --model GTR+G --prefix /home/fili/Documents/KIT/2023/BA/code/output/families/ssim_dtl_s20_f100_sites200_GTR_bl1.0_d0.0_l0.0_t1.0_gc0.0_p0.0_pop10_ms0.0_mf0.0_seed42/families/family_012/misc/raxml_output.GTR+G

Analysis options:
  run mode: ML tree search
  start tree(s): random (10) + parsimony (10)
  random seed: 1685962938
  tip-inner: OFF
  pattern compression: ON
  per-rate scalers: OFF
  site repeats: ON
  fast spr radius: AUTO
  spr subtree cutoff: 1.000000
  branch lengths: proportional (ML estimate, algorithm: NR-FAST)
  SIMD kernels: AVX2
  parallelization: coarse-grained (auto), PTHREADS (auto)

[00:00:00] Reading alignment from file: /home/fili/Documents/KIT/2023/BA/code/output/families/ssim_dtl_s20_f100_sites200_GTR_bl1.0_d0.0_l0.0_t1.0_gc0.0_p0.0_pop10_ms0.0_mf0.0_seed42/families/family_012/alignment.msa
[00:00:00] Loaded alignment with 20 taxa and 248 sites

WARNING: Sequences 3_0_0 and 2_0_0 are exactly identical!
WARNING: Sequences 4_0_0 and 12_0_0 are exactly identical!
WARNING: Sequences 9_0_0 and 13_0_0 are exactly identical!
WARNING: Duplicate sequences found: 3

NOTE: Reduced alignment (with duplicates and gap-only sites/taxa removed) 
NOTE: was saved to: /home/fili/Documents/KIT/2023/BA/code/output/families/ssim_dtl_s20_f100_sites200_GTR_bl1.0_d0.0_l0.0_t1.0_gc0.0_p0.0_pop10_ms0.0_mf0.0_seed42/families/family_012/misc/raxml_output.GTR+G.raxml.reduced.phy

Alignment comprises 1 partitions and 122 patterns

Partition 0: noname
Model: GTR+FO+G4m
Alignment sites / patterns: 248 / 122
Gaps: 0.00 %
Invariant sites: 45.16 %


NOTE: Binary MSA file created: /home/fili/Documents/KIT/2023/BA/code/output/families/ssim_dtl_s20_f100_sites200_GTR_bl1.0_d0.0_l0.0_t1.0_gc0.0_p0.0_pop10_ms0.0_mf0.0_seed42/families/family_012/misc/raxml_output.GTR+G.raxml.rba

Parallelization scheme autoconfig: 8 worker(s) x 1 thread(s)

Parallel reduction/worker buffer size: 1 KB  / 0 KB

[00:00:00] Generating 10 random starting tree(s) with 20 taxa
[00:00:00] Generating 10 parsimony starting tree(s) with 20 taxa
[00:00:00] Data distribution: max. partitions/sites/weight per thread: 1 / 122 / 1952
[00:00:00] Data distribution: max. searches per worker: 3

Starting ML tree search with 20 distinct starting trees

[00:00:00 -3095.489884] Initial branch length optimization
[00:00:00 -2723.397217] Model parameter optimization (eps = 10.000000)
[00:00:00 -2328.025671] AUTODETECT spr round 1 (radius: 5)
[00:00:00 -1480.265186] AUTODETECT spr round 2 (radius: 10)
[00:00:00 -1480.262622] SPR radius for FAST iterations: 5 (autodetect)
[00:00:00 -1480.262622] Model parameter optimization (eps = 3.000000)
[00:00:00 -1460.575945] FAST spr round 1 (radius: 5)
[00:00:00 -1451.358091] FAST spr round 2 (radius: 5)
[00:00:00 -1451.136153] FAST spr round 3 (radius: 5)
[00:00:00 -1451.059696] Model parameter optimization (eps = 1.000000)
[00:00:00 -1450.751219] SLOW spr round 1 (radius: 5)
[00:00:00] [worker #4] ML tree search #5, logLikelihood: -1450.745125
[00:00:00] [worker #3] ML tree search #4, logLikelihood: -1450.746378
[00:00:00] [worker #5] ML tree search #6, logLikelihood: -1450.767600
[00:00:00] [worker #6] ML tree search #7, logLikelihood: -1450.752133
[00:00:00] [worker #1] ML tree search #2, logLikelihood: -1450.761196
[00:00:00] [worker #2] ML tree search #3, logLikelihood: -1450.747738
[00:00:00 -1450.751030] SLOW spr round 2 (radius: 10)
[00:00:00 -1450.751030] SLOW spr round 3 (radius: 15)
[00:00:00 -1450.751030] SLOW spr round 4 (radius: 20)
[00:00:00 -1450.751030] Model parameter optimization (eps = 0.100000)

[00:00:00] [worker #0] ML tree search #1, logLikelihood: -1450.740108

[00:00:00 -3109.991682] Initial branch length optimization
[00:00:00 -2698.856206] Model parameter optimization (eps = 10.000000)
[00:00:00] [worker #7] ML tree search #8, logLikelihood: -1450.743766
[00:00:00 -2315.593013] AUTODETECT spr round 1 (radius: 5)
[00:00:00 -1507.991626] AUTODETECT spr round 2 (radius: 10)
[00:00:00 -1507.892437] SPR radius for FAST iterations: 5 (autodetect)
[00:00:00 -1507.892437] Model parameter optimization (eps = 3.000000)
[00:00:00 -1493.889239] FAST spr round 1 (radius: 5)
[00:00:00] [worker #3] ML tree search #12, logLikelihood: -1450.748741
[00:00:00] [worker #5] ML tree search #14, logLikelihood: -1450.748198
[00:00:00] [worker #6] ML tree search #15, logLikelihood: -1450.748002
[00:00:00] [worker #4] ML tree search #13, logLikelihood: -1450.749038
[00:00:00 -1453.526376] FAST spr round 2 (radius: 5)
[00:00:00] [worker #2] ML tree search #11, logLikelihood: -1450.749154
[00:00:00 -1452.261433] FAST spr round 3 (radius: 5)
[00:00:00 -1452.261340] Model parameter optimization (eps = 1.000000)
[00:00:00 -1450.754683] SLOW spr round 1 (radius: 5)
[00:00:00] [worker #1] ML tree search #10, logLikelihood: -1450.741561
[00:00:00] [worker #7] ML tree search #16, logLikelihood: -1450.748061
[00:00:00 -1450.752037] SLOW spr round 2 (radius: 10)
[00:00:00 -1450.752027] SLOW spr round 3 (radius: 15)
[00:00:00 -1450.752027] SLOW spr round 4 (radius: 20)
[00:00:00 -1450.752027] Model parameter optimization (eps = 0.100000)

[00:00:00] [worker #0] ML tree search #9, logLikelihood: -1450.741763

[00:00:00 -1936.531503] Initial branch length optimization
[00:00:00 -1652.711609] Model parameter optimization (eps = 10.000000)
[00:00:00 -1458.626904] AUTODETECT spr round 1 (radius: 5)
[00:00:00] [worker #3] ML tree search #20, logLikelihood: -1450.749464
[00:00:00 -1452.847224] AUTODETECT spr round 2 (radius: 10)
[00:00:00 -1452.842680] SPR radius for FAST iterations: 5 (autodetect)
[00:00:00 -1452.842680] Model parameter optimization (eps = 3.000000)
[00:00:00] [worker #2] ML tree search #19, logLikelihood: -1450.749125
[00:00:00 -1451.811645] FAST spr round 1 (radius: 5)
[00:00:00 -1451.261227] FAST spr round 2 (radius: 5)
[00:00:00 -1450.995202] FAST spr round 3 (radius: 5)
[00:00:00] [worker #1] ML tree search #18, logLikelihood: -1450.748876
[00:00:00 -1450.995189] Model parameter optimization (eps = 1.000000)
[00:00:00 -1450.786553] SLOW spr round 1 (radius: 5)
[00:00:00 -1450.780227] SLOW spr round 2 (radius: 10)
[00:00:00 -1450.780206] SLOW spr round 3 (radius: 15)
[00:00:00 -1450.780206] SLOW spr round 4 (radius: 20)
[00:00:00 -1450.780206] Model parameter optimization (eps = 0.100000)

[00:00:00] [worker #0] ML tree search #17, logLikelihood: -1450.748813


Optimized model parameters:

   Partition 0: noname
   Rate heterogeneity: GAMMA (4 cats, mean),  alpha: 0.652268 (ML),  weights&rates: (0.250000,0.064037) (0.250000,0.340111) (0.250000,0.905810) (0.250000,2.690042) 
   Base frequencies (ML): 0.201966 0.245380 0.247474 0.305180 
   Substitution rates (ML): 1.053257 26.802572 0.869468 0.420861 3.162363 1.000000 


Final LogLikelihood: -1450.740108

AIC score: 2993.480216 / AICc score: 3014.992654 / BIC score: 3155.097938
Free parameters (model + branch lengths): 46

WARNING: Best ML tree contains 3 near-zero branches!

Best ML tree with collapsed near-zero branches saved to: /home/fili/Documents/KIT/2023/BA/code/output/families/ssim_dtl_s20_f100_sites200_GTR_bl1.0_d0.0_l0.0_t1.0_gc0.0_p0.0_pop10_ms0.0_mf0.0_seed42/families/family_012/misc/raxml_output.GTR+G.raxml.bestTreeCollapsed
Best ML tree saved to: /home/fili/Documents/KIT/2023/BA/code/output/families/ssim_dtl_s20_f100_sites200_GTR_bl1.0_d0.0_l0.0_t1.0_gc0.0_p0.0_pop10_ms0.0_mf0.0_seed42/families/family_012/misc/raxml_output.GTR+G.raxml.bestTree
All ML trees saved to: /home/fili/Documents/KIT/2023/BA/code/output/families/ssim_dtl_s20_f100_sites200_GTR_bl1.0_d0.0_l0.0_t1.0_gc0.0_p0.0_pop10_ms0.0_mf0.0_seed42/families/family_012/misc/raxml_output.GTR+G.raxml.mlTrees
Optimized model saved to: /home/fili/Documents/KIT/2023/BA/code/output/families/ssim_dtl_s20_f100_sites200_GTR_bl1.0_d0.0_l0.0_t1.0_gc0.0_p0.0_pop10_ms0.0_mf0.0_seed42/families/family_012/misc/raxml_output.GTR+G.raxml.bestModel

Execution log saved to: /home/fili/Documents/KIT/2023/BA/code/output/families/ssim_dtl_s20_f100_sites200_GTR_bl1.0_d0.0_l0.0_t1.0_gc0.0_p0.0_pop10_ms0.0_mf0.0_seed42/families/family_012/misc/raxml_output.GTR+G.raxml.log

Analysis started: 05-Jun-2023 13:02:18 / finished: 05-Jun-2023 13:02:18

Elapsed time: 0.683 seconds

