
RAxML-NG v. 1.1.0 released on 29.11.2021 by The Exelixis Lab.
Developed by: Alexey M. Kozlov and Alexandros Stamatakis.
Contributors: Diego Darriba, Tomas Flouri, Benoit Morel, Sarah Lutteropp, Ben Bettisworth.
Latest version: https://github.com/amkozlov/raxml-ng
Questions/problems/suggestions? Please visit: https://groups.google.com/forum/#!forum/raxml

System: AMD Ryzen 7 5800X 8-Core Processor, 8 cores, 31 GB RAM

RAxML-NG was called at 27-Jun-2023 13:43:38 as follows:

/home/fili/Documents/KIT/2023/BA/resources/tools/RAxML-NG/raxml-ng --msa /home/fili/Documents/KIT/2023/BA/code/output/families/ssim_DL_s20_f100_sites200_GTR_bl1.0_d1.0_l1.0_t0.0_gc0.0_p0.0_pop10_ms0.0_mf0.0_seed14976684177860080345/families/family_057/alignment.msa --model F81 --prefix /home/fili/Documents/KIT/2023/BA/code/output/families/ssim_DL_s20_f100_sites200_GTR_bl1.0_d1.0_l1.0_t0.0_gc0.0_p0.0_pop10_ms0.0_mf0.0_seed14976684177860080345/families/family_057/misc/raxml_output.F81

Analysis options:
  run mode: ML tree search
  start tree(s): random (10) + parsimony (10)
  random seed: 1687866218
  tip-inner: OFF
  pattern compression: ON
  per-rate scalers: OFF
  site repeats: ON
  fast spr radius: AUTO
  spr subtree cutoff: 1.000000
  branch lengths: proportional (ML estimate, algorithm: NR-FAST)
  SIMD kernels: AVX2
  parallelization: coarse-grained (auto), PTHREADS (auto)

[00:00:00] Reading alignment from file: /home/fili/Documents/KIT/2023/BA/code/output/families/ssim_DL_s20_f100_sites200_GTR_bl1.0_d1.0_l1.0_t0.0_gc0.0_p0.0_pop10_ms0.0_mf0.0_seed14976684177860080345/families/family_057/alignment.msa
[00:00:00] Loaded alignment with 19 taxa and 148 sites

WARNING: Sequences 1_1_0 and 10_1_0 are exactly identical!
WARNING: Sequences 1_1_0 and 7_1_0 are exactly identical!
WARNING: Duplicate sequences found: 2

NOTE: Reduced alignment (with duplicates and gap-only sites/taxa removed) 
NOTE: was saved to: /home/fili/Documents/KIT/2023/BA/code/output/families/ssim_DL_s20_f100_sites200_GTR_bl1.0_d1.0_l1.0_t0.0_gc0.0_p0.0_pop10_ms0.0_mf0.0_seed14976684177860080345/families/family_057/misc/raxml_output.F81.raxml.reduced.phy

Alignment comprises 1 partitions and 60 patterns

Partition 0: noname
Model: F81+FO
Alignment sites / patterns: 148 / 60
Gaps: 0.00 %
Invariant sites: 51.35 %


NOTE: Binary MSA file created: /home/fili/Documents/KIT/2023/BA/code/output/families/ssim_DL_s20_f100_sites200_GTR_bl1.0_d1.0_l1.0_t0.0_gc0.0_p0.0_pop10_ms0.0_mf0.0_seed14976684177860080345/families/family_057/misc/raxml_output.F81.raxml.rba

Parallelization scheme autoconfig: 8 worker(s) x 1 thread(s)

Parallel reduction/worker buffer size: 1 KB  / 0 KB

[00:00:00] Generating 10 random starting tree(s) with 19 taxa
[00:00:00] Generating 10 parsimony starting tree(s) with 19 taxa
[00:00:00] Data distribution: max. partitions/sites/weight per thread: 1 / 60 / 240
[00:00:00] Data distribution: max. searches per worker: 3

Starting ML tree search with 20 distinct starting trees

[00:00:00 -1478.844201] Initial branch length optimization
[00:00:00 -1259.793732] Model parameter optimization (eps = 10.000000)
[00:00:00 -1253.701048] AUTODETECT spr round 1 (radius: 5)
[00:00:00 -820.636068] AUTODETECT spr round 2 (radius: 10)
[00:00:00 -820.597868] SPR radius for FAST iterations: 5 (autodetect)
[00:00:00 -820.597868] Model parameter optimization (eps = 3.000000)
[00:00:00 -820.013691] FAST spr round 1 (radius: 5)
[00:00:00 -787.396427] FAST spr round 2 (radius: 5)
[00:00:00 -787.396291] Model parameter optimization (eps = 1.000000)
[00:00:00 -787.369939] SLOW spr round 1 (radius: 5)
[00:00:00] [worker #5] ML tree search #6, logLikelihood: -786.775874
[00:00:00] [worker #4] ML tree search #5, logLikelihood: -786.775874
[00:00:00] [worker #2] ML tree search #3, logLikelihood: -787.369931
[00:00:00] [worker #3] ML tree search #4, logLikelihood: -787.369931
[00:00:00] [worker #1] ML tree search #2, logLikelihood: -787.274805
[00:00:00 -787.369931] SLOW spr round 2 (radius: 10)
[00:00:00] [worker #6] ML tree search #7, logLikelihood: -787.274805
[00:00:00 -787.369931] SLOW spr round 3 (radius: 15)
[00:00:00] [worker #7] ML tree search #8, logLikelihood: -786.775873
[00:00:00 -787.369931] Model parameter optimization (eps = 0.100000)

[00:00:00] [worker #0] ML tree search #1, logLikelihood: -787.369930

[00:00:00 -1588.024380] Initial branch length optimization
[00:00:00 -1323.443099] Model parameter optimization (eps = 10.000000)
[00:00:00 -1319.205181] AUTODETECT spr round 1 (radius: 5)
[00:00:00] [worker #4] ML tree search #13, logLikelihood: -786.775874
[00:00:00 -817.619681] AUTODETECT spr round 2 (radius: 10)
[00:00:00] [worker #2] ML tree search #11, logLikelihood: -787.369931
[00:00:00] [worker #3] ML tree search #12, logLikelihood: -787.369930
[00:00:00 -817.619408] SPR radius for FAST iterations: 5 (autodetect)
[00:00:00 -817.619408] Model parameter optimization (eps = 3.000000)
[00:00:00] [worker #5] ML tree search #14, logLikelihood: -787.369936
[00:00:00 -817.123745] FAST spr round 1 (radius: 5)
[00:00:00] [worker #6] ML tree search #15, logLikelihood: -786.775874
[00:00:00 -788.402645] FAST spr round 2 (radius: 5)
[00:00:00 -786.787161] FAST spr round 3 (radius: 5)
[00:00:00] [worker #1] ML tree search #10, logLikelihood: -787.369930
[00:00:00 -786.787145] Model parameter optimization (eps = 1.000000)
[00:00:00 -786.775893] SLOW spr round 1 (radius: 5)
[00:00:00] [worker #7] ML tree search #16, logLikelihood: -787.369930
[00:00:00] [worker #2] ML tree search #19, logLikelihood: -787.369930
[00:00:00 -786.775876] SLOW spr round 2 (radius: 10)
[00:00:00 -786.775876] SLOW spr round 3 (radius: 15)
[00:00:00 -786.775876] Model parameter optimization (eps = 0.100000)

[00:00:00] [worker #0] ML tree search #9, logLikelihood: -786.775875

[00:00:00] [worker #3] ML tree search #20, logLikelihood: -787.369936
[00:00:00 -1079.812637] Initial branch length optimization
[00:00:00 -797.945219] Model parameter optimization (eps = 10.000000)
[00:00:00 -794.462286] AUTODETECT spr round 1 (radius: 5)
[00:00:00 -788.043927] AUTODETECT spr round 2 (radius: 10)
[00:00:00] [worker #1] ML tree search #18, logLikelihood: -787.369930
[00:00:00 -788.043855] SPR radius for FAST iterations: 5 (autodetect)
[00:00:00 -788.043855] Model parameter optimization (eps = 3.000000)
[00:00:00 -788.036234] FAST spr round 1 (radius: 5)
[00:00:00 -788.036229] Model parameter optimization (eps = 1.000000)
[00:00:00 -788.036228] SLOW spr round 1 (radius: 5)
[00:00:00 -787.380679] SLOW spr round 2 (radius: 5)
[00:00:00 -787.380507] SLOW spr round 3 (radius: 10)
[00:00:00 -787.380507] SLOW spr round 4 (radius: 15)
[00:00:00 -787.380507] Model parameter optimization (eps = 0.100000)

[00:00:00] [worker #0] ML tree search #17, logLikelihood: -787.369937


Optimized model parameters:

   Partition 0: noname
   Rate heterogeneity: NONE
   Base frequencies (ML): 0.304090 0.205941 0.248821 0.241148 
   Substitution rates (model): 1.000000 1.000000 1.000000 1.000000 1.000000 1.000000 


Final LogLikelihood: -786.775873

AIC score: 1649.551747 / AICc score: 1676.744408 / BIC score: 1763.445813
Free parameters (model + branch lengths): 38

WARNING: Best ML tree contains 5 near-zero branches!

Best ML tree with collapsed near-zero branches saved to: /home/fili/Documents/KIT/2023/BA/code/output/families/ssim_DL_s20_f100_sites200_GTR_bl1.0_d1.0_l1.0_t0.0_gc0.0_p0.0_pop10_ms0.0_mf0.0_seed14976684177860080345/families/family_057/misc/raxml_output.F81.raxml.bestTreeCollapsed
Best ML tree saved to: /home/fili/Documents/KIT/2023/BA/code/output/families/ssim_DL_s20_f100_sites200_GTR_bl1.0_d1.0_l1.0_t0.0_gc0.0_p0.0_pop10_ms0.0_mf0.0_seed14976684177860080345/families/family_057/misc/raxml_output.F81.raxml.bestTree
All ML trees saved to: /home/fili/Documents/KIT/2023/BA/code/output/families/ssim_DL_s20_f100_sites200_GTR_bl1.0_d1.0_l1.0_t0.0_gc0.0_p0.0_pop10_ms0.0_mf0.0_seed14976684177860080345/families/family_057/misc/raxml_output.F81.raxml.mlTrees
Optimized model saved to: /home/fili/Documents/KIT/2023/BA/code/output/families/ssim_DL_s20_f100_sites200_GTR_bl1.0_d1.0_l1.0_t0.0_gc0.0_p0.0_pop10_ms0.0_mf0.0_seed14976684177860080345/families/family_057/misc/raxml_output.F81.raxml.bestModel

Execution log saved to: /home/fili/Documents/KIT/2023/BA/code/output/families/ssim_DL_s20_f100_sites200_GTR_bl1.0_d1.0_l1.0_t0.0_gc0.0_p0.0_pop10_ms0.0_mf0.0_seed14976684177860080345/families/family_057/misc/raxml_output.F81.raxml.log

Analysis started: 27-Jun-2023 13:43:38 / finished: 27-Jun-2023 13:43:38

Elapsed time: 0.147 seconds

