
RAxML-NG v. 1.1.0 released on 29.11.2021 by The Exelixis Lab.
Developed by: Alexey M. Kozlov and Alexandros Stamatakis.
Contributors: Diego Darriba, Tomas Flouri, Benoit Morel, Sarah Lutteropp, Ben Bettisworth.
Latest version: https://github.com/amkozlov/raxml-ng
Questions/problems/suggestions? Please visit: https://groups.google.com/forum/#!forum/raxml

System: AMD Ryzen 7 5800X 8-Core Processor, 8 cores, 31 GB RAM

RAxML-NG was called at 19-Jun-2023 17:11:04 as follows:

/home/fili/Documents/KIT/2023/BA/resources/tools/RAxML-NG/raxml-ng --msa /home/fili/Documents/KIT/2023/BA/code/output/families/ssim_NE_s20_f100_sites200_GTR_bl1.0_d0.0_l0.0_t0.0_gc0.0_p0.0_pop10_ms0.0_mf0.0_seed42/families/family_031/alignment.msa --model F81 --prefix /home/fili/Documents/KIT/2023/BA/code/output/families/ssim_NE_s20_f100_sites200_GTR_bl1.0_d0.0_l0.0_t0.0_gc0.0_p0.0_pop10_ms0.0_mf0.0_seed42/families/family_031/misc/raxml_output.F81

Analysis options:
  run mode: ML tree search
  start tree(s): random (10) + parsimony (10)
  random seed: 1687187464
  tip-inner: OFF
  pattern compression: ON
  per-rate scalers: OFF
  site repeats: ON
  fast spr radius: AUTO
  spr subtree cutoff: 1.000000
  branch lengths: proportional (ML estimate, algorithm: NR-FAST)
  SIMD kernels: AVX2
  parallelization: coarse-grained (auto), PTHREADS (auto)

[00:00:00] Reading alignment from file: /home/fili/Documents/KIT/2023/BA/code/output/families/ssim_NE_s20_f100_sites200_GTR_bl1.0_d0.0_l0.0_t0.0_gc0.0_p0.0_pop10_ms0.0_mf0.0_seed42/families/family_031/alignment.msa
[00:00:00] Loaded alignment with 20 taxa and 148 sites

WARNING: Sequences 2_0_0 and 3_0_0 are exactly identical!
WARNING: Sequences 7_0_0 and 9_0_0 are exactly identical!
WARNING: Sequences 7_0_0 and 13_0_0 are exactly identical!
WARNING: Duplicate sequences found: 3

NOTE: Reduced alignment (with duplicates and gap-only sites/taxa removed) 
NOTE: was saved to: /home/fili/Documents/KIT/2023/BA/code/output/families/ssim_NE_s20_f100_sites200_GTR_bl1.0_d0.0_l0.0_t0.0_gc0.0_p0.0_pop10_ms0.0_mf0.0_seed42/families/family_031/misc/raxml_output.F81.raxml.reduced.phy

Alignment comprises 1 partitions and 67 patterns

Partition 0: noname
Model: F81+FO
Alignment sites / patterns: 148 / 67
Gaps: 0.00 %
Invariant sites: 41.89 %


NOTE: Binary MSA file created: /home/fili/Documents/KIT/2023/BA/code/output/families/ssim_NE_s20_f100_sites200_GTR_bl1.0_d0.0_l0.0_t0.0_gc0.0_p0.0_pop10_ms0.0_mf0.0_seed42/families/family_031/misc/raxml_output.F81.raxml.rba

Parallelization scheme autoconfig: 8 worker(s) x 1 thread(s)

Parallel reduction/worker buffer size: 1 KB  / 0 KB

[00:00:00] Generating 10 random starting tree(s) with 20 taxa
[00:00:00] Generating 10 parsimony starting tree(s) with 20 taxa
[00:00:00] Data distribution: max. partitions/sites/weight per thread: 1 / 67 / 268
[00:00:00] Data distribution: max. searches per worker: 3

Starting ML tree search with 20 distinct starting trees

[00:00:00 -1972.932607] Initial branch length optimization
[00:00:00 -1670.387787] Model parameter optimization (eps = 10.000000)
[00:00:00 -1622.736995] AUTODETECT spr round 1 (radius: 5)
[00:00:00 -937.429349] AUTODETECT spr round 2 (radius: 10)
[00:00:00 -922.634620] AUTODETECT spr round 3 (radius: 15)
[00:00:00 -922.634618] SPR radius for FAST iterations: 10 (autodetect)
[00:00:00 -922.634618] Model parameter optimization (eps = 3.000000)
[00:00:00 -921.712392] FAST spr round 1 (radius: 10)
[00:00:00 -893.673458] FAST spr round 2 (radius: 10)
[00:00:00 -886.229322] FAST spr round 3 (radius: 10)
[00:00:00 -886.229316] Model parameter optimization (eps = 1.000000)
[00:00:00 -886.169791] SLOW spr round 1 (radius: 5)
[00:00:00] [worker #5] ML tree search #6, logLikelihood: -886.169782
[00:00:00] [worker #2] ML tree search #3, logLikelihood: -886.169782
[00:00:00 -886.169788] SLOW spr round 2 (radius: 10)
[00:00:00] [worker #6] ML tree search #7, logLikelihood: -886.169785
[00:00:00] [worker #1] ML tree search #2, logLikelihood: -886.169782
[00:00:00] [worker #3] ML tree search #4, logLikelihood: -886.169782
[00:00:00] [worker #4] ML tree search #5, logLikelihood: -886.169782
[00:00:00 -886.169788] SLOW spr round 3 (radius: 15)
[00:00:00 -886.169788] SLOW spr round 4 (radius: 20)
[00:00:00 -886.169788] Model parameter optimization (eps = 0.100000)
[00:00:00] [worker #7] ML tree search #8, logLikelihood: -886.169782

[00:00:00] [worker #0] ML tree search #1, logLikelihood: -886.169784

[00:00:00] [worker #2] ML tree search #11, logLikelihood: -886.169782
[00:00:00 -1923.617276] Initial branch length optimization
[00:00:00 -1684.697105] Model parameter optimization (eps = 10.000000)
[00:00:00] [worker #5] ML tree search #14, logLikelihood: -886.169782
[00:00:00 -1613.285704] AUTODETECT spr round 1 (radius: 5)
[00:00:00 -897.945068] AUTODETECT spr round 2 (radius: 10)
[00:00:00 -897.944808] SPR radius for FAST iterations: 5 (autodetect)
[00:00:00 -897.944808] Model parameter optimization (eps = 3.000000)
[00:00:00 -895.459912] FAST spr round 1 (radius: 5)
[00:00:00 -886.282435] FAST spr round 2 (radius: 5)
[00:00:00 -886.282291] Model parameter optimization (eps = 1.000000)
[00:00:00 -886.169825] SLOW spr round 1 (radius: 5)
[00:00:00 -886.169793] SLOW spr round 2 (radius: 10)
[00:00:00] [worker #6] ML tree search #15, logLikelihood: -886.169782
[00:00:00] [worker #2] ML tree search #19, logLikelihood: -886.169782
[00:00:00] [worker #1] ML tree search #10, logLikelihood: -886.169812
[00:00:00 -886.169793] SLOW spr round 3 (radius: 15)
[00:00:00 -886.169793] SLOW spr round 4 (radius: 20)
[00:00:00 -886.169793] Model parameter optimization (eps = 0.100000)

[00:00:00] [worker #0] ML tree search #9, logLikelihood: -886.169783

[00:00:00 -1223.888523] Initial branch length optimization
[00:00:00 -907.681845] Model parameter optimization (eps = 10.000000)
[00:00:00 -886.931379] AUTODETECT spr round 1 (radius: 5)
[00:00:00] [worker #3] ML tree search #12, logLikelihood: -886.169782
[00:00:00 -886.931278] SPR radius for FAST iterations: 5 (autodetect)
[00:00:00 -886.931278] Model parameter optimization (eps = 3.000000)
[00:00:00 -886.931277] FAST spr round 1 (radius: 5)
[00:00:00 -886.172419] FAST spr round 2 (radius: 5)
[00:00:00] [worker #7] ML tree search #16, logLikelihood: -886.169782
[00:00:00 -886.172418] Model parameter optimization (eps = 1.000000)
[00:00:00 -886.169783] SLOW spr round 1 (radius: 5)
[00:00:00] [worker #4] ML tree search #13, logLikelihood: -886.169782
[00:00:00 -886.169783] SLOW spr round 2 (radius: 10)
[00:00:00 -886.169783] SLOW spr round 3 (radius: 15)
[00:00:00 -886.169783] SLOW spr round 4 (radius: 20)
[00:00:00] [worker #1] ML tree search #18, logLikelihood: -886.169782
[00:00:00 -886.169783] Model parameter optimization (eps = 0.100000)

[00:00:00] [worker #0] ML tree search #17, logLikelihood: -886.169782

[00:00:00] [worker #3] ML tree search #20, logLikelihood: -886.169782

Optimized model parameters:

   Partition 0: noname
   Rate heterogeneity: NONE
   Base frequencies (ML): 0.317124 0.132352 0.354050 0.196473 
   Substitution rates (model): 1.000000 1.000000 1.000000 1.000000 1.000000 1.000000 


Final LogLikelihood: -886.169782

AIC score: 1852.339563 / AICc score: 1882.993769 / BIC score: 1972.228054
Free parameters (model + branch lengths): 40

WARNING: Best ML tree contains 3 near-zero branches!

Best ML tree with collapsed near-zero branches saved to: /home/fili/Documents/KIT/2023/BA/code/output/families/ssim_NE_s20_f100_sites200_GTR_bl1.0_d0.0_l0.0_t0.0_gc0.0_p0.0_pop10_ms0.0_mf0.0_seed42/families/family_031/misc/raxml_output.F81.raxml.bestTreeCollapsed
Best ML tree saved to: /home/fili/Documents/KIT/2023/BA/code/output/families/ssim_NE_s20_f100_sites200_GTR_bl1.0_d0.0_l0.0_t0.0_gc0.0_p0.0_pop10_ms0.0_mf0.0_seed42/families/family_031/misc/raxml_output.F81.raxml.bestTree
All ML trees saved to: /home/fili/Documents/KIT/2023/BA/code/output/families/ssim_NE_s20_f100_sites200_GTR_bl1.0_d0.0_l0.0_t0.0_gc0.0_p0.0_pop10_ms0.0_mf0.0_seed42/families/family_031/misc/raxml_output.F81.raxml.mlTrees
Optimized model saved to: /home/fili/Documents/KIT/2023/BA/code/output/families/ssim_NE_s20_f100_sites200_GTR_bl1.0_d0.0_l0.0_t0.0_gc0.0_p0.0_pop10_ms0.0_mf0.0_seed42/families/family_031/misc/raxml_output.F81.raxml.bestModel

Execution log saved to: /home/fili/Documents/KIT/2023/BA/code/output/families/ssim_NE_s20_f100_sites200_GTR_bl1.0_d0.0_l0.0_t0.0_gc0.0_p0.0_pop10_ms0.0_mf0.0_seed42/families/family_031/misc/raxml_output.F81.raxml.log

Analysis started: 19-Jun-2023 17:11:04 / finished: 19-Jun-2023 17:11:05

Elapsed time: 0.208 seconds

