
RAxML-NG v. 1.1.0 released on 29.11.2021 by The Exelixis Lab.
Developed by: Alexey M. Kozlov and Alexandros Stamatakis.
Contributors: Diego Darriba, Tomas Flouri, Benoit Morel, Sarah Lutteropp, Ben Bettisworth.
Latest version: https://github.com/amkozlov/raxml-ng
Questions/problems/suggestions? Please visit: https://groups.google.com/forum/#!forum/raxml

System: AMD Ryzen 7 5800X 8-Core Processor, 8 cores, 31 GB RAM

RAxML-NG was called at 13-Jun-2023 13:44:22 as follows:

/home/fili/Documents/KIT/2023/BA/resources/tools/RAxML-NG/raxml-ng --msa /home/fili/Documents/KIT/2023/BA/code/output/families/ssim_NE_s20_f100_sites200_GTR_bl1.0_d0.0_l0.0_t0.0_gc0.0_p0.0_pop10_ms0.0_mf0.0_seed42/families/family_087/alignment.msa --model F81 --prefix /home/fili/Documents/KIT/2023/BA/code/output/families/ssim_NE_s20_f100_sites200_GTR_bl1.0_d0.0_l0.0_t0.0_gc0.0_p0.0_pop10_ms0.0_mf0.0_seed42/families/family_087/misc/raxml_output.F81

Analysis options:
  run mode: ML tree search
  start tree(s): random (10) + parsimony (10)
  random seed: 1686656662
  tip-inner: OFF
  pattern compression: ON
  per-rate scalers: OFF
  site repeats: ON
  fast spr radius: AUTO
  spr subtree cutoff: 1.000000
  branch lengths: proportional (ML estimate, algorithm: NR-FAST)
  SIMD kernels: AVX2
  parallelization: coarse-grained (auto), PTHREADS (auto)

[00:00:00] Reading alignment from file: /home/fili/Documents/KIT/2023/BA/code/output/families/ssim_NE_s20_f100_sites200_GTR_bl1.0_d0.0_l0.0_t0.0_gc0.0_p0.0_pop10_ms0.0_mf0.0_seed42/families/family_087/alignment.msa
[00:00:00] Loaded alignment with 20 taxa and 229 sites

WARNING: Sequences 2_0_0 and 1_0_0 are exactly identical!
WARNING: Sequences 9_0_0 and 13_0_0 are exactly identical!
WARNING: Duplicate sequences found: 2

NOTE: Reduced alignment (with duplicates and gap-only sites/taxa removed) 
NOTE: was saved to: /home/fili/Documents/KIT/2023/BA/code/output/families/ssim_NE_s20_f100_sites200_GTR_bl1.0_d0.0_l0.0_t0.0_gc0.0_p0.0_pop10_ms0.0_mf0.0_seed42/families/family_087/misc/raxml_output.F81.raxml.reduced.phy

Alignment comprises 1 partitions and 161 patterns

Partition 0: noname
Model: F81+FO
Alignment sites / patterns: 229 / 161
Gaps: 0.00 %
Invariant sites: 24.02 %


NOTE: Binary MSA file created: /home/fili/Documents/KIT/2023/BA/code/output/families/ssim_NE_s20_f100_sites200_GTR_bl1.0_d0.0_l0.0_t0.0_gc0.0_p0.0_pop10_ms0.0_mf0.0_seed42/families/family_087/misc/raxml_output.F81.raxml.rba

Parallelization scheme autoconfig: 8 worker(s) x 1 thread(s)

Parallel reduction/worker buffer size: 1 KB  / 0 KB

[00:00:00] Generating 10 random starting tree(s) with 20 taxa
[00:00:00] Generating 10 parsimony starting tree(s) with 20 taxa
[00:00:00] Data distribution: max. partitions/sites/weight per thread: 1 / 161 / 644
[00:00:00] Data distribution: max. searches per worker: 3

Starting ML tree search with 20 distinct starting trees

[00:00:00 -3732.150771] Initial branch length optimization
[00:00:00 -3191.521507] Model parameter optimization (eps = 10.000000)
[00:00:00 -3104.030247] AUTODETECT spr round 1 (radius: 5)
[00:00:00 -2008.067604] AUTODETECT spr round 2 (radius: 10)
[00:00:00 -2008.067542] SPR radius for FAST iterations: 5 (autodetect)
[00:00:00 -2008.067542] Model parameter optimization (eps = 3.000000)
[00:00:00 -2004.906469] FAST spr round 1 (radius: 5)
[00:00:00 -1988.844878] FAST spr round 2 (radius: 5)
[00:00:00 -1986.396702] FAST spr round 3 (radius: 5)
[00:00:00 -1986.396700] Model parameter optimization (eps = 1.000000)
[00:00:00 -1986.022500] SLOW spr round 1 (radius: 5)
[00:00:00 -1986.021198] SLOW spr round 2 (radius: 10)
[00:00:00] [worker #6] ML tree search #7, logLikelihood: -1986.020213
[00:00:00] [worker #4] ML tree search #5, logLikelihood: -1986.020212
[00:00:00] [worker #2] ML tree search #3, logLikelihood: -1986.020217
[00:00:00] [worker #5] ML tree search #6, logLikelihood: -1986.020218
[00:00:00] [worker #3] ML tree search #4, logLikelihood: -1986.020212
[00:00:00 -1986.021197] SLOW spr round 3 (radius: 15)
[00:00:00 -1986.021197] SLOW spr round 4 (radius: 20)
[00:00:00 -1986.021197] Model parameter optimization (eps = 0.100000)

[00:00:00] [worker #0] ML tree search #1, logLikelihood: -1986.020217

[00:00:00] [worker #7] ML tree search #8, logLikelihood: -1986.020214
[00:00:00 -3552.327570] Initial branch length optimization
[00:00:00 -3200.767470] Model parameter optimization (eps = 10.000000)
[00:00:00 -3158.811940] AUTODETECT spr round 1 (radius: 5)
[00:00:00 -2023.504516] AUTODETECT spr round 2 (radius: 10)
[00:00:00] [worker #1] ML tree search #2, logLikelihood: -1986.020399
[00:00:00 -2023.504052] SPR radius for FAST iterations: 5 (autodetect)
[00:00:00 -2023.504052] Model parameter optimization (eps = 3.000000)
[00:00:00 -2022.726672] FAST spr round 1 (radius: 5)
[00:00:00 -1989.145587] FAST spr round 2 (radius: 5)
[00:00:00 -1986.653093] FAST spr round 3 (radius: 5)
[00:00:00 -1986.165492] FAST spr round 4 (radius: 5)
[00:00:00 -1986.165461] Model parameter optimization (eps = 1.000000)
[00:00:00 -1986.020442] SLOW spr round 1 (radius: 5)
[00:00:00] [worker #4] ML tree search #13, logLikelihood: -1986.020212
[00:00:00] [worker #6] ML tree search #15, logLikelihood: -1986.020211
[00:00:00] [worker #2] ML tree search #11, logLikelihood: -1986.020212
[00:00:00] [worker #5] ML tree search #14, logLikelihood: -1986.020212
[00:00:00] [worker #3] ML tree search #12, logLikelihood: -1986.020212
[00:00:00] [worker #7] ML tree search #16, logLikelihood: -1986.020212
[00:00:00 -1986.020320] SLOW spr round 2 (radius: 10)
[00:00:00 -1986.020320] SLOW spr round 3 (radius: 15)
[00:00:00 -1986.020320] SLOW spr round 4 (radius: 20)
[00:00:00 -1986.020320] Model parameter optimization (eps = 0.100000)

[00:00:00] [worker #0] ML tree search #9, logLikelihood: -1986.020214

[00:00:00 -2395.644824] Initial branch length optimization
[00:00:00 -2019.456537] Model parameter optimization (eps = 10.000000)
[00:00:00 -1989.671963] AUTODETECT spr round 1 (radius: 5)
[00:00:00] [worker #1] ML tree search #10, logLikelihood: -1986.020216
[00:00:00 -1989.671470] SPR radius for FAST iterations: 5 (autodetect)
[00:00:00 -1989.671470] Model parameter optimization (eps = 3.000000)
[00:00:00 -1989.671385] FAST spr round 1 (radius: 5)
[00:00:00 -1988.372049] FAST spr round 2 (radius: 5)
[00:00:00] [worker #2] ML tree search #19, logLikelihood: -1986.020211
[00:00:00 -1988.372039] Model parameter optimization (eps = 1.000000)
[00:00:00 -1988.368637] SLOW spr round 1 (radius: 5)
[00:00:00 -1986.070273] SLOW spr round 2 (radius: 5)
[00:00:00] [worker #3] ML tree search #20, logLikelihood: -1986.020435
[00:00:00] [worker #1] ML tree search #18, logLikelihood: -1986.020212
[00:00:00 -1986.070261] SLOW spr round 3 (radius: 10)
[00:00:00 -1986.070261] SLOW spr round 4 (radius: 15)
[00:00:00 -1986.070261] SLOW spr round 5 (radius: 20)
[00:00:00 -1986.070261] Model parameter optimization (eps = 0.100000)

[00:00:00] [worker #0] ML tree search #17, logLikelihood: -1986.020405


Optimized model parameters:

   Partition 0: noname
   Rate heterogeneity: NONE
   Base frequencies (ML): 0.313731 0.146848 0.327533 0.211887 
   Substitution rates (model): 1.000000 1.000000 1.000000 1.000000 1.000000 1.000000 


Final LogLikelihood: -1986.020211

AIC score: 4052.040423 / AICc score: 4069.487231 / BIC score: 4189.389303
Free parameters (model + branch lengths): 40

WARNING: Best ML tree contains 2 near-zero branches!

Best ML tree with collapsed near-zero branches saved to: /home/fili/Documents/KIT/2023/BA/code/output/families/ssim_NE_s20_f100_sites200_GTR_bl1.0_d0.0_l0.0_t0.0_gc0.0_p0.0_pop10_ms0.0_mf0.0_seed42/families/family_087/misc/raxml_output.F81.raxml.bestTreeCollapsed
Best ML tree saved to: /home/fili/Documents/KIT/2023/BA/code/output/families/ssim_NE_s20_f100_sites200_GTR_bl1.0_d0.0_l0.0_t0.0_gc0.0_p0.0_pop10_ms0.0_mf0.0_seed42/families/family_087/misc/raxml_output.F81.raxml.bestTree
All ML trees saved to: /home/fili/Documents/KIT/2023/BA/code/output/families/ssim_NE_s20_f100_sites200_GTR_bl1.0_d0.0_l0.0_t0.0_gc0.0_p0.0_pop10_ms0.0_mf0.0_seed42/families/family_087/misc/raxml_output.F81.raxml.mlTrees
Optimized model saved to: /home/fili/Documents/KIT/2023/BA/code/output/families/ssim_NE_s20_f100_sites200_GTR_bl1.0_d0.0_l0.0_t0.0_gc0.0_p0.0_pop10_ms0.0_mf0.0_seed42/families/family_087/misc/raxml_output.F81.raxml.bestModel

Execution log saved to: /home/fili/Documents/KIT/2023/BA/code/output/families/ssim_NE_s20_f100_sites200_GTR_bl1.0_d0.0_l0.0_t0.0_gc0.0_p0.0_pop10_ms0.0_mf0.0_seed42/families/family_087/misc/raxml_output.F81.raxml.log

Analysis started: 13-Jun-2023 13:44:22 / finished: 13-Jun-2023 13:44:22

Elapsed time: 0.333 seconds

