
RAxML-NG v. 1.1.0 released on 29.11.2021 by The Exelixis Lab.
Developed by: Alexey M. Kozlov and Alexandros Stamatakis.
Contributors: Diego Darriba, Tomas Flouri, Benoit Morel, Sarah Lutteropp, Ben Bettisworth.
Latest version: https://github.com/amkozlov/raxml-ng
Questions/problems/suggestions? Please visit: https://groups.google.com/forum/#!forum/raxml

System: AMD Ryzen 7 5800X 8-Core Processor, 8 cores, 31 GB RAM

RAxML-NG was called at 27-Jun-2023 13:01:49 as follows:

/home/fili/Documents/KIT/2023/BA/resources/tools/RAxML-NG/raxml-ng --msa /home/fili/Documents/KIT/2023/BA/code/output/families/ssim_DL_s20_f100_sites200_GTR_bl1.0_d1.0_l1.0_t0.0_gc0.0_p0.0_pop10_ms0.0_mf0.0_seed1007/families/family_032/alignment.msa --model F81 --prefix /home/fili/Documents/KIT/2023/BA/code/output/families/ssim_DL_s20_f100_sites200_GTR_bl1.0_d1.0_l1.0_t0.0_gc0.0_p0.0_pop10_ms0.0_mf0.0_seed1007/families/family_032/misc/raxml_output.F81

Analysis options:
  run mode: ML tree search
  start tree(s): random (10) + parsimony (10)
  random seed: 1687863709
  tip-inner: OFF
  pattern compression: ON
  per-rate scalers: OFF
  site repeats: ON
  fast spr radius: AUTO
  spr subtree cutoff: 1.000000
  branch lengths: proportional (ML estimate, algorithm: NR-FAST)
  SIMD kernels: AVX2
  parallelization: coarse-grained (auto), PTHREADS (auto)

[00:00:00] Reading alignment from file: /home/fili/Documents/KIT/2023/BA/code/output/families/ssim_DL_s20_f100_sites200_GTR_bl1.0_d1.0_l1.0_t0.0_gc0.0_p0.0_pop10_ms0.0_mf0.0_seed1007/families/family_032/alignment.msa
[00:00:00] Loaded alignment with 49 taxa and 184 sites

WARNING: Sequences 13_7_0 and 13_0_0 are exactly identical!
WARNING: Sequences 12_0_0 and 19_0_0 are exactly identical!
WARNING: Sequences 11_0_0 and 7_0_0 are exactly identical!
WARNING: Sequences 2_0_0 and 8_0_0 are exactly identical!
WARNING: Sequences 8_4_0 and 2_4_0 are exactly identical!
WARNING: Duplicate sequences found: 5

NOTE: Reduced alignment (with duplicates and gap-only sites/taxa removed) 
NOTE: was saved to: /home/fili/Documents/KIT/2023/BA/code/output/families/ssim_DL_s20_f100_sites200_GTR_bl1.0_d1.0_l1.0_t0.0_gc0.0_p0.0_pop10_ms0.0_mf0.0_seed1007/families/family_032/misc/raxml_output.F81.raxml.reduced.phy

Alignment comprises 1 partitions and 137 patterns

Partition 0: noname
Model: F81+FO
Alignment sites / patterns: 184 / 137
Gaps: 0.00 %
Invariant sites: 25.54 %


NOTE: Binary MSA file created: /home/fili/Documents/KIT/2023/BA/code/output/families/ssim_DL_s20_f100_sites200_GTR_bl1.0_d1.0_l1.0_t0.0_gc0.0_p0.0_pop10_ms0.0_mf0.0_seed1007/families/family_032/misc/raxml_output.F81.raxml.rba

Parallelization scheme autoconfig: 8 worker(s) x 1 thread(s)

Parallel reduction/worker buffer size: 1 KB  / 0 KB

[00:00:00] Generating 10 random starting tree(s) with 49 taxa
[00:00:00] Generating 10 parsimony starting tree(s) with 49 taxa
[00:00:00] Data distribution: max. partitions/sites/weight per thread: 1 / 137 / 548
[00:00:00] Data distribution: max. searches per worker: 3

Starting ML tree search with 20 distinct starting trees

[00:00:00 -6154.749270] Initial branch length optimization
[00:00:00 -5581.449462] Model parameter optimization (eps = 10.000000)
[00:00:00 -5328.213505] AUTODETECT spr round 1 (radius: 5)
[00:00:00 -2705.128244] AUTODETECT spr round 2 (radius: 10)
[00:00:00 -2546.030485] AUTODETECT spr round 3 (radius: 15)
[00:00:00 -2546.030252] SPR radius for FAST iterations: 10 (autodetect)
[00:00:00 -2546.030252] Model parameter optimization (eps = 3.000000)
[00:00:00 -2537.925646] FAST spr round 1 (radius: 10)
[00:00:00 -2271.245208] FAST spr round 2 (radius: 10)
[00:00:00 -2265.182868] FAST spr round 3 (radius: 10)
[00:00:00 -2264.815086] FAST spr round 4 (radius: 10)
[00:00:00 -2264.493282] FAST spr round 5 (radius: 10)
[00:00:00 -2264.493278] Model parameter optimization (eps = 1.000000)
[00:00:00 -2263.616789] SLOW spr round 1 (radius: 5)
[00:00:00 -2263.616320] SLOW spr round 2 (radius: 10)
[00:00:00] [worker #5] ML tree search #6, logLikelihood: -2263.614572
[00:00:00] [worker #7] ML tree search #8, logLikelihood: -2263.614568
[00:00:00] [worker #6] ML tree search #7, logLikelihood: -2263.614568
[00:00:00] [worker #1] ML tree search #2, logLikelihood: -2263.614564
[00:00:00 -2263.616320] SLOW spr round 3 (radius: 15)
[00:00:00 -2263.616320] SLOW spr round 4 (radius: 20)
[00:00:00 -2263.616320] SLOW spr round 5 (radius: 25)
[00:00:00 -2263.616320] Model parameter optimization (eps = 0.100000)
[00:00:00] [worker #2] ML tree search #3, logLikelihood: -2263.614565

[00:00:00] [worker #0] ML tree search #1, logLikelihood: -2263.614574

[00:00:00 -6156.031952] Initial branch length optimization
[00:00:00 -5586.724904] Model parameter optimization (eps = 10.000000)
[00:00:00 -5334.922337] AUTODETECT spr round 1 (radius: 5)
[00:00:00] [worker #4] ML tree search #5, logLikelihood: -2263.614573
[00:00:00] [worker #3] ML tree search #4, logLikelihood: -2263.752742
[00:00:00 -2974.890179] AUTODETECT spr round 2 (radius: 10)
[00:00:00 -2604.553219] AUTODETECT spr round 3 (radius: 15)
[00:00:00 -2604.542727] SPR radius for FAST iterations: 10 (autodetect)
[00:00:00 -2604.542727] Model parameter optimization (eps = 3.000000)
[00:00:00 -2598.796001] FAST spr round 1 (radius: 10)
[00:00:00 -2377.131075] FAST spr round 2 (radius: 10)
[00:00:00 -2266.369078] FAST spr round 3 (radius: 10)
[00:00:00 -2263.693273] FAST spr round 4 (radius: 10)
[00:00:00 -2263.693273] Model parameter optimization (eps = 1.000000)
[00:00:00 -2263.614864] SLOW spr round 1 (radius: 5)
[00:00:00] [worker #6] ML tree search #15, logLikelihood: -2263.752737
[00:00:00] [worker #7] ML tree search #16, logLikelihood: -2263.614564
[00:00:00 -2263.614817] SLOW spr round 2 (radius: 10)
[00:00:00] [worker #2] ML tree search #11, logLikelihood: -2263.614564
[00:00:00] [worker #5] ML tree search #14, logLikelihood: -2263.752737
[00:00:00] [worker #4] ML tree search #13, logLikelihood: -2263.614564
[00:00:00] [worker #1] ML tree search #10, logLikelihood: -2263.614569
[00:00:00] [worker #3] ML tree search #12, logLikelihood: -2263.752737
[00:00:00 -2263.614817] SLOW spr round 3 (radius: 15)
[00:00:00 -2263.614817] SLOW spr round 4 (radius: 20)
[00:00:00 -2263.614817] SLOW spr round 5 (radius: 25)
[00:00:00 -2263.614817] Model parameter optimization (eps = 0.100000)

[00:00:00] [worker #0] ML tree search #9, logLikelihood: -2263.614568

[00:00:00 -3306.008128] Initial branch length optimization
[00:00:00 -2384.583702] Model parameter optimization (eps = 10.000000)
[00:00:00 -2280.251658] AUTODETECT spr round 1 (radius: 5)
[00:00:00 -2263.989675] AUTODETECT spr round 2 (radius: 10)
[00:00:00 -2263.989039] SPR radius for FAST iterations: 5 (autodetect)
[00:00:00 -2263.989039] Model parameter optimization (eps = 3.000000)
[00:00:00 -2263.961246] FAST spr round 1 (radius: 5)
[00:00:00 -2263.614782] FAST spr round 2 (radius: 5)
[00:00:00 -2263.614782] Model parameter optimization (eps = 1.000000)
[00:00:00 -2263.614565] SLOW spr round 1 (radius: 5)
[00:00:00 -2263.614564] SLOW spr round 2 (radius: 10)
[00:00:00] [worker #2] ML tree search #19, logLikelihood: -2263.614564
[00:00:00] [worker #3] ML tree search #20, logLikelihood: -2263.614564
[00:00:01] [worker #1] ML tree search #18, logLikelihood: -2263.614564
[00:00:01 -2263.614564] SLOW spr round 3 (radius: 15)
[00:00:01 -2263.614564] SLOW spr round 4 (radius: 20)
[00:00:01 -2263.614564] SLOW spr round 5 (radius: 25)
[00:00:01 -2263.614564] Model parameter optimization (eps = 0.100000)

[00:00:01] [worker #0] ML tree search #17, logLikelihood: -2263.614564


Optimized model parameters:

   Partition 0: noname
   Rate heterogeneity: NONE
   Base frequencies (ML): 0.371574 0.091984 0.409643 0.126799 
   Substitution rates (model): 1.000000 1.000000 1.000000 1.000000 1.000000 1.000000 


Final LogLikelihood: -2263.614564

AIC score: 4723.229127 / AICc score: 4951.511480 / BIC score: 5038.292831
Free parameters (model + branch lengths): 98

WARNING: Best ML tree contains 1 near-zero branches!

Best ML tree with collapsed near-zero branches saved to: /home/fili/Documents/KIT/2023/BA/code/output/families/ssim_DL_s20_f100_sites200_GTR_bl1.0_d1.0_l1.0_t0.0_gc0.0_p0.0_pop10_ms0.0_mf0.0_seed1007/families/family_032/misc/raxml_output.F81.raxml.bestTreeCollapsed
Best ML tree saved to: /home/fili/Documents/KIT/2023/BA/code/output/families/ssim_DL_s20_f100_sites200_GTR_bl1.0_d1.0_l1.0_t0.0_gc0.0_p0.0_pop10_ms0.0_mf0.0_seed1007/families/family_032/misc/raxml_output.F81.raxml.bestTree
All ML trees saved to: /home/fili/Documents/KIT/2023/BA/code/output/families/ssim_DL_s20_f100_sites200_GTR_bl1.0_d1.0_l1.0_t0.0_gc0.0_p0.0_pop10_ms0.0_mf0.0_seed1007/families/family_032/misc/raxml_output.F81.raxml.mlTrees
Optimized model saved to: /home/fili/Documents/KIT/2023/BA/code/output/families/ssim_DL_s20_f100_sites200_GTR_bl1.0_d1.0_l1.0_t0.0_gc0.0_p0.0_pop10_ms0.0_mf0.0_seed1007/families/family_032/misc/raxml_output.F81.raxml.bestModel

Execution log saved to: /home/fili/Documents/KIT/2023/BA/code/output/families/ssim_DL_s20_f100_sites200_GTR_bl1.0_d1.0_l1.0_t0.0_gc0.0_p0.0_pop10_ms0.0_mf0.0_seed1007/families/family_032/misc/raxml_output.F81.raxml.log

Analysis started: 27-Jun-2023 13:01:49 / finished: 27-Jun-2023 13:01:50

Elapsed time: 1.056 seconds

