
RAxML-NG v. 1.1.0 released on 29.11.2021 by The Exelixis Lab.
Developed by: Alexey M. Kozlov and Alexandros Stamatakis.
Contributors: Diego Darriba, Tomas Flouri, Benoit Morel, Sarah Lutteropp, Ben Bettisworth.
Latest version: https://github.com/amkozlov/raxml-ng
Questions/problems/suggestions? Please visit: https://groups.google.com/forum/#!forum/raxml

System: AMD Ryzen 7 5800X 8-Core Processor, 8 cores, 31 GB RAM

RAxML-NG was called at 13-Jun-2023 16:03:04 as follows:

/home/fili/Documents/KIT/2023/BA/resources/tools/RAxML-NG/raxml-ng --msa /home/fili/Documents/KIT/2023/BA/code/output/families/ssim_DL_s20_f100_sites200_GTR_bl1.0_d1.0_l1.0_t0.0_gc0.0_p0.0_pop10_ms0.0_mf0.0_seed42/families/family_039/alignment.msa --model F81 --prefix /home/fili/Documents/KIT/2023/BA/code/output/families/ssim_DL_s20_f100_sites200_GTR_bl1.0_d1.0_l1.0_t0.0_gc0.0_p0.0_pop10_ms0.0_mf0.0_seed42/families/family_039/misc/raxml_output.F81

Analysis options:
  run mode: ML tree search
  start tree(s): random (10) + parsimony (10)
  random seed: 1686664984
  tip-inner: OFF
  pattern compression: ON
  per-rate scalers: OFF
  site repeats: ON
  fast spr radius: AUTO
  spr subtree cutoff: 1.000000
  branch lengths: proportional (ML estimate, algorithm: NR-FAST)
  SIMD kernels: AVX2
  parallelization: coarse-grained (auto), PTHREADS (auto)

[00:00:00] Reading alignment from file: /home/fili/Documents/KIT/2023/BA/code/output/families/ssim_DL_s20_f100_sites200_GTR_bl1.0_d1.0_l1.0_t0.0_gc0.0_p0.0_pop10_ms0.0_mf0.0_seed42/families/family_039/alignment.msa
[00:00:00] Loaded alignment with 25 taxa and 198 sites

WARNING: Sequences 18_1_0 and 8_1_0 are exactly identical!
WARNING: Sequences 9_1_0 and 13_1_0 are exactly identical!
WARNING: Sequences 9_3_0 and 13_3_0 are exactly identical!
WARNING: Sequences 9_0_0 and 13_0_0 are exactly identical!
WARNING: Sequences 9_2_0 and 13_2_0 are exactly identical!
WARNING: Duplicate sequences found: 5

NOTE: Reduced alignment (with duplicates and gap-only sites/taxa removed) 
NOTE: was saved to: /home/fili/Documents/KIT/2023/BA/code/output/families/ssim_DL_s20_f100_sites200_GTR_bl1.0_d1.0_l1.0_t0.0_gc0.0_p0.0_pop10_ms0.0_mf0.0_seed42/families/family_039/misc/raxml_output.F81.raxml.reduced.phy

Alignment comprises 1 partitions and 95 patterns

Partition 0: noname
Model: F81+FO
Alignment sites / patterns: 198 / 95
Gaps: 0.00 %
Invariant sites: 50.00 %


NOTE: Binary MSA file created: /home/fili/Documents/KIT/2023/BA/code/output/families/ssim_DL_s20_f100_sites200_GTR_bl1.0_d1.0_l1.0_t0.0_gc0.0_p0.0_pop10_ms0.0_mf0.0_seed42/families/family_039/misc/raxml_output.F81.raxml.rba

Parallelization scheme autoconfig: 8 worker(s) x 1 thread(s)

Parallel reduction/worker buffer size: 1 KB  / 0 KB

[00:00:00] Generating 10 random starting tree(s) with 25 taxa
[00:00:00] Generating 10 parsimony starting tree(s) with 25 taxa
[00:00:00] Data distribution: max. partitions/sites/weight per thread: 1 / 95 / 380
[00:00:00] Data distribution: max. searches per worker: 3

Starting ML tree search with 20 distinct starting trees

[00:00:00 -2708.046960] Initial branch length optimization
[00:00:00 -2360.972336] Model parameter optimization (eps = 10.000000)
[00:00:00 -2319.345541] AUTODETECT spr round 1 (radius: 5)
[00:00:00 -1460.138855] AUTODETECT spr round 2 (radius: 10)
[00:00:00 -1460.136156] SPR radius for FAST iterations: 5 (autodetect)
[00:00:00 -1460.136156] Model parameter optimization (eps = 3.000000)
[00:00:00 -1458.939799] FAST spr round 1 (radius: 5)
[00:00:00 -1404.552916] FAST spr round 2 (radius: 5)
[00:00:00 -1404.552910] Model parameter optimization (eps = 1.000000)
[00:00:00 -1404.455842] SLOW spr round 1 (radius: 5)
[00:00:00 -1404.455822] SLOW spr round 2 (radius: 10)
[00:00:00 -1404.455822] SLOW spr round 3 (radius: 15)
[00:00:00 -1404.455822] SLOW spr round 4 (radius: 20)
[00:00:00 -1404.455822] SLOW spr round 5 (radius: 25)
[00:00:00 -1404.455822] Model parameter optimization (eps = 0.100000)

[00:00:00] [worker #0] ML tree search #1, logLikelihood: -1404.455793

[00:00:00 -2692.591893] Initial branch length optimization
[00:00:00 -2362.420601] Model parameter optimization (eps = 10.000000)
[00:00:00] [worker #5] ML tree search #6, logLikelihood: -1400.440069
[00:00:00 -2316.056452] AUTODETECT spr round 1 (radius: 5)
[00:00:00] [worker #1] ML tree search #2, logLikelihood: -1400.440069
[00:00:00 -1556.562963] AUTODETECT spr round 2 (radius: 10)
[00:00:00] [worker #3] ML tree search #4, logLikelihood: -1400.440068
[00:00:00] [worker #7] ML tree search #8, logLikelihood: -1400.440069
[00:00:00] [worker #2] ML tree search #3, logLikelihood: -1400.440068
[00:00:00 -1455.194521] AUTODETECT spr round 3 (radius: 15)
[00:00:00 -1455.194453] SPR radius for FAST iterations: 10 (autodetect)
[00:00:00 -1455.194453] Model parameter optimization (eps = 3.000000)
[00:00:00 -1453.442705] FAST spr round 1 (radius: 10)
[00:00:00 -1401.256662] FAST spr round 2 (radius: 10)
[00:00:00 -1400.525724] FAST spr round 3 (radius: 10)
[00:00:00] [worker #6] ML tree search #7, logLikelihood: -1400.440069
[00:00:00 -1400.525718] Model parameter optimization (eps = 1.000000)
[00:00:00 -1400.440123] SLOW spr round 1 (radius: 5)
[00:00:00] [worker #4] ML tree search #5, logLikelihood: -1400.440069
[00:00:00] [worker #5] ML tree search #14, logLikelihood: -1400.440069
[00:00:00 -1400.440107] SLOW spr round 2 (radius: 10)
[00:00:00] [worker #3] ML tree search #12, logLikelihood: -1400.440068
[00:00:00] [worker #1] ML tree search #10, logLikelihood: -1400.440071
[00:00:00 -1400.440107] SLOW spr round 3 (radius: 15)
[00:00:00 -1400.440107] SLOW spr round 4 (radius: 20)
[00:00:00 -1400.440107] SLOW spr round 5 (radius: 25)
[00:00:00 -1400.440107] Model parameter optimization (eps = 0.100000)

[00:00:00] [worker #0] ML tree search #9, logLikelihood: -1400.440069

[00:00:00 -1914.912310] Initial branch length optimization
[00:00:00 -1421.211112] Model parameter optimization (eps = 10.000000)
[00:00:00 -1405.420862] AUTODETECT spr round 1 (radius: 5)
[00:00:00 -1400.504103] AUTODETECT spr round 2 (radius: 10)
[00:00:00 -1400.502952] SPR radius for FAST iterations: 5 (autodetect)
[00:00:00 -1400.502952] Model parameter optimization (eps = 3.000000)
[00:00:00 -1400.440167] FAST spr round 1 (radius: 5)
[00:00:00 -1400.440093] Model parameter optimization (eps = 1.000000)
[00:00:00 -1400.440069] SLOW spr round 1 (radius: 5)
[00:00:00] [worker #2] ML tree search #11, logLikelihood: -1400.440069
[00:00:00] [worker #6] ML tree search #15, logLikelihood: -1400.440069
[00:00:00 -1400.440069] SLOW spr round 2 (radius: 10)
[00:00:00] [worker #7] ML tree search #16, logLikelihood: -1400.440069
[00:00:00 -1400.440069] SLOW spr round 3 (radius: 15)
[00:00:00 -1400.440069] SLOW spr round 4 (radius: 20)
[00:00:00 -1400.440069] SLOW spr round 5 (radius: 25)
[00:00:00 -1400.440069] Model parameter optimization (eps = 0.100000)

[00:00:00] [worker #0] ML tree search #17, logLikelihood: -1400.440069

[00:00:00] [worker #4] ML tree search #13, logLikelihood: -1400.440068
[00:00:00] [worker #3] ML tree search #20, logLikelihood: -1400.440069
[00:00:00] [worker #1] ML tree search #18, logLikelihood: -1400.440069
[00:00:00] [worker #2] ML tree search #19, logLikelihood: -1400.440068

Optimized model parameters:

   Partition 0: noname
   Rate heterogeneity: NONE
   Base frequencies (ML): 0.308043 0.161672 0.319751 0.210534 
   Substitution rates (model): 1.000000 1.000000 1.000000 1.000000 1.000000 1.000000 


Final LogLikelihood: -1400.440068

AIC score: 2900.880136 / AICc score: 2935.574014 / BIC score: 3065.293488
Free parameters (model + branch lengths): 50

WARNING: Best ML tree contains 1 near-zero branches!

Best ML tree with collapsed near-zero branches saved to: /home/fili/Documents/KIT/2023/BA/code/output/families/ssim_DL_s20_f100_sites200_GTR_bl1.0_d1.0_l1.0_t0.0_gc0.0_p0.0_pop10_ms0.0_mf0.0_seed42/families/family_039/misc/raxml_output.F81.raxml.bestTreeCollapsed
Best ML tree saved to: /home/fili/Documents/KIT/2023/BA/code/output/families/ssim_DL_s20_f100_sites200_GTR_bl1.0_d1.0_l1.0_t0.0_gc0.0_p0.0_pop10_ms0.0_mf0.0_seed42/families/family_039/misc/raxml_output.F81.raxml.bestTree
All ML trees saved to: /home/fili/Documents/KIT/2023/BA/code/output/families/ssim_DL_s20_f100_sites200_GTR_bl1.0_d1.0_l1.0_t0.0_gc0.0_p0.0_pop10_ms0.0_mf0.0_seed42/families/family_039/misc/raxml_output.F81.raxml.mlTrees
Optimized model saved to: /home/fili/Documents/KIT/2023/BA/code/output/families/ssim_DL_s20_f100_sites200_GTR_bl1.0_d1.0_l1.0_t0.0_gc0.0_p0.0_pop10_ms0.0_mf0.0_seed42/families/family_039/misc/raxml_output.F81.raxml.bestModel

Execution log saved to: /home/fili/Documents/KIT/2023/BA/code/output/families/ssim_DL_s20_f100_sites200_GTR_bl1.0_d1.0_l1.0_t0.0_gc0.0_p0.0_pop10_ms0.0_mf0.0_seed42/families/family_039/misc/raxml_output.F81.raxml.log

Analysis started: 13-Jun-2023 16:03:04 / finished: 13-Jun-2023 16:03:05

Elapsed time: 0.331 seconds

