
RAxML-NG v. 1.1.0 released on 29.11.2021 by The Exelixis Lab.
Developed by: Alexey M. Kozlov and Alexandros Stamatakis.
Contributors: Diego Darriba, Tomas Flouri, Benoit Morel, Sarah Lutteropp, Ben Bettisworth.
Latest version: https://github.com/amkozlov/raxml-ng
Questions/problems/suggestions? Please visit: https://groups.google.com/forum/#!forum/raxml

System: AMD Ryzen 7 5800X 8-Core Processor, 8 cores, 31 GB RAM

RAxML-NG was called at 12-Jun-2023 12:40:56 as follows:

/home/fili/Documents/KIT/2023/BA/resources/tools/RAxML-NG/raxml-ng --msa /home/fili/Documents/KIT/2023/BA/code/output/families/ssim_dtl_s20_f100_sites200_GTR_bl1.0_d0.0_l0.0_t1.0_gc0.0_p0.0_pop10_ms0.0_mf0.0_seed42/families/family_030/alignment.msa --model GTR+G --prefix /home/fili/Documents/KIT/2023/BA/code/output/families/ssim_dtl_s20_f100_sites200_GTR_bl1.0_d0.0_l0.0_t1.0_gc0.0_p0.0_pop10_ms0.0_mf0.0_seed42/families/family_030/misc/raxml_output.GTR+G

Analysis options:
  run mode: ML tree search
  start tree(s): random (10) + parsimony (10)
  random seed: 1686566456
  tip-inner: OFF
  pattern compression: ON
  per-rate scalers: OFF
  site repeats: ON
  fast spr radius: AUTO
  spr subtree cutoff: 1.000000
  branch lengths: proportional (ML estimate, algorithm: NR-FAST)
  SIMD kernels: AVX2
  parallelization: coarse-grained (auto), PTHREADS (auto)

[00:00:00] Reading alignment from file: /home/fili/Documents/KIT/2023/BA/code/output/families/ssim_dtl_s20_f100_sites200_GTR_bl1.0_d0.0_l0.0_t1.0_gc0.0_p0.0_pop10_ms0.0_mf0.0_seed42/families/family_030/alignment.msa
[00:00:00] Loaded alignment with 20 taxa and 202 sites

WARNING: Sequences 13_0_0 and 9_0_0 are exactly identical!
WARNING: Sequences 18_0_0 and 8_0_0 are exactly identical!
WARNING: Sequences 12_0_0 and 4_0_0 are exactly identical!
WARNING: Sequences 2_0_0 and 1_0_0 are exactly identical!
WARNING: Duplicate sequences found: 4

NOTE: Reduced alignment (with duplicates and gap-only sites/taxa removed) 
NOTE: was saved to: /home/fili/Documents/KIT/2023/BA/code/output/families/ssim_dtl_s20_f100_sites200_GTR_bl1.0_d0.0_l0.0_t1.0_gc0.0_p0.0_pop10_ms0.0_mf0.0_seed42/families/family_030/misc/raxml_output.GTR+G.raxml.reduced.phy

Alignment comprises 1 partitions and 92 patterns

Partition 0: noname
Model: GTR+FO+G4m
Alignment sites / patterns: 202 / 92
Gaps: 0.00 %
Invariant sites: 47.52 %


NOTE: Binary MSA file created: /home/fili/Documents/KIT/2023/BA/code/output/families/ssim_dtl_s20_f100_sites200_GTR_bl1.0_d0.0_l0.0_t1.0_gc0.0_p0.0_pop10_ms0.0_mf0.0_seed42/families/family_030/misc/raxml_output.GTR+G.raxml.rba

Parallelization scheme autoconfig: 8 worker(s) x 1 thread(s)

Parallel reduction/worker buffer size: 1 KB  / 0 KB

[00:00:00] Generating 10 random starting tree(s) with 20 taxa
[00:00:00] Generating 10 parsimony starting tree(s) with 20 taxa
[00:00:00] Data distribution: max. partitions/sites/weight per thread: 1 / 92 / 1472
[00:00:00] Data distribution: max. searches per worker: 3

Starting ML tree search with 20 distinct starting trees

[00:00:00 -2353.705977] Initial branch length optimization
[00:00:00 -2119.450967] Model parameter optimization (eps = 10.000000)
[00:00:00 -1726.346268] AUTODETECT spr round 1 (radius: 5)
[00:00:00 -1163.083006] AUTODETECT spr round 2 (radius: 10)
[00:00:00 -1070.201436] AUTODETECT spr round 3 (radius: 15)
[00:00:00 -1070.198264] SPR radius for FAST iterations: 10 (autodetect)
[00:00:00 -1070.198264] Model parameter optimization (eps = 3.000000)
[00:00:00 -1048.563530] FAST spr round 1 (radius: 10)
[00:00:00 -1042.479176] FAST spr round 2 (radius: 10)
[00:00:00 -1042.478888] Model parameter optimization (eps = 1.000000)
[00:00:00 -1042.108742] SLOW spr round 1 (radius: 5)
[00:00:00] [worker #2] ML tree search #3, logLikelihood: -1042.025211
[00:00:00] [worker #4] ML tree search #5, logLikelihood: -1042.011185
[00:00:00] [worker #7] ML tree search #8, logLikelihood: -1042.013798
[00:00:00 -1042.103039] SLOW spr round 2 (radius: 10)
[00:00:00] [worker #1] ML tree search #2, logLikelihood: -1042.012954
[00:00:00] [worker #5] ML tree search #6, logLikelihood: -1042.007888
[00:00:00] [worker #3] ML tree search #4, logLikelihood: -1042.025056
[00:00:00 -1042.102963] SLOW spr round 3 (radius: 15)
[00:00:00 -1042.102962] SLOW spr round 4 (radius: 20)
[00:00:00] [worker #6] ML tree search #7, logLikelihood: -1042.010697
[00:00:00 -1042.102962] Model parameter optimization (eps = 0.100000)

[00:00:00] [worker #0] ML tree search #1, logLikelihood: -1042.022389

[00:00:00 -2357.039277] Initial branch length optimization
[00:00:00 -1960.572654] Model parameter optimization (eps = 10.000000)
[00:00:00 -1598.432531] AUTODETECT spr round 1 (radius: 5)
[00:00:00 -1163.184975] AUTODETECT spr round 2 (radius: 10)
[00:00:00 -1159.073659] AUTODETECT spr round 3 (radius: 15)
[00:00:00 -1159.069074] SPR radius for FAST iterations: 10 (autodetect)
[00:00:00 -1159.069074] Model parameter optimization (eps = 3.000000)
[00:00:00] [worker #2] ML tree search #11, logLikelihood: -1041.997587
[00:00:00 -1150.292862] FAST spr round 1 (radius: 10)
[00:00:00] [worker #4] ML tree search #13, logLikelihood: -1041.998010
[00:00:00 -1047.454295] FAST spr round 2 (radius: 10)
[00:00:00 -1047.454051] Model parameter optimization (eps = 1.000000)
[00:00:00] [worker #3] ML tree search #12, logLikelihood: -1041.997968
[00:00:00] [worker #7] ML tree search #16, logLikelihood: -1041.997939
[00:00:00 -1042.166969] SLOW spr round 1 (radius: 5)
[00:00:00] [worker #5] ML tree search #14, logLikelihood: -1041.998050
[00:00:00 -1042.134593] SLOW spr round 2 (radius: 10)
[00:00:00] [worker #1] ML tree search #10, logLikelihood: -1042.011231
[00:00:00] [worker #6] ML tree search #15, logLikelihood: -1041.998126
[00:00:00 -1042.134040] SLOW spr round 3 (radius: 15)
[00:00:00 -1042.134029] SLOW spr round 4 (radius: 20)
[00:00:00 -1042.134029] Model parameter optimization (eps = 0.100000)
[00:00:00] [worker #2] ML tree search #19, logLikelihood: -1041.997892

[00:00:00] [worker #0] ML tree search #9, logLikelihood: -1042.008240

[00:00:00 -1465.713545] Initial branch length optimization
[00:00:00 -1233.649784] Model parameter optimization (eps = 10.000000)
[00:00:00 -1050.101358] AUTODETECT spr round 1 (radius: 5)
[00:00:00 -1042.398866] AUTODETECT spr round 2 (radius: 10)
[00:00:00 -1042.398506] SPR radius for FAST iterations: 5 (autodetect)
[00:00:00 -1042.398506] Model parameter optimization (eps = 3.000000)
[00:00:00 -1042.076859] FAST spr round 1 (radius: 5)
[00:00:00] [worker #3] ML tree search #20, logLikelihood: -1041.998028
[00:00:00 -1042.027156] Model parameter optimization (eps = 1.000000)
[00:00:00 -1042.002981] SLOW spr round 1 (radius: 5)
[00:00:00 -1042.002671] SLOW spr round 2 (radius: 10)
[00:00:00] [worker #1] ML tree search #18, logLikelihood: -1041.997903
[00:00:00 -1042.002668] SLOW spr round 3 (radius: 15)
[00:00:00 -1042.002668] SLOW spr round 4 (radius: 20)
[00:00:00 -1042.002668] Model parameter optimization (eps = 0.100000)

[00:00:00] [worker #0] ML tree search #17, logLikelihood: -1041.998223


Optimized model parameters:

   Partition 0: noname
   Rate heterogeneity: GAMMA (4 cats, mean),  alpha: 1.868067 (ML),  weights&rates: (0.250000,0.277000) (0.250000,0.640208) (0.250000,1.066308) (0.250000,2.016483) 
   Base frequencies (ML): 0.255446 0.264591 0.258344 0.221619 
   Substitution rates (ML): 0.543237 31.785515 0.001000 2.567036 2.455141 1.000000 


Final LogLikelihood: -1041.997587

AIC score: 2175.995175 / AICc score: 2203.891949 / BIC score: 2328.175489
Free parameters (model + branch lengths): 46

WARNING: Best ML tree contains 4 near-zero branches!

Best ML tree with collapsed near-zero branches saved to: /home/fili/Documents/KIT/2023/BA/code/output/families/ssim_dtl_s20_f100_sites200_GTR_bl1.0_d0.0_l0.0_t1.0_gc0.0_p0.0_pop10_ms0.0_mf0.0_seed42/families/family_030/misc/raxml_output.GTR+G.raxml.bestTreeCollapsed
Best ML tree saved to: /home/fili/Documents/KIT/2023/BA/code/output/families/ssim_dtl_s20_f100_sites200_GTR_bl1.0_d0.0_l0.0_t1.0_gc0.0_p0.0_pop10_ms0.0_mf0.0_seed42/families/family_030/misc/raxml_output.GTR+G.raxml.bestTree
All ML trees saved to: /home/fili/Documents/KIT/2023/BA/code/output/families/ssim_dtl_s20_f100_sites200_GTR_bl1.0_d0.0_l0.0_t1.0_gc0.0_p0.0_pop10_ms0.0_mf0.0_seed42/families/family_030/misc/raxml_output.GTR+G.raxml.mlTrees
Optimized model saved to: /home/fili/Documents/KIT/2023/BA/code/output/families/ssim_dtl_s20_f100_sites200_GTR_bl1.0_d0.0_l0.0_t1.0_gc0.0_p0.0_pop10_ms0.0_mf0.0_seed42/families/family_030/misc/raxml_output.GTR+G.raxml.bestModel

Execution log saved to: /home/fili/Documents/KIT/2023/BA/code/output/families/ssim_dtl_s20_f100_sites200_GTR_bl1.0_d0.0_l0.0_t1.0_gc0.0_p0.0_pop10_ms0.0_mf0.0_seed42/families/family_030/misc/raxml_output.GTR+G.raxml.log

Analysis started: 12-Jun-2023 12:40:56 / finished: 12-Jun-2023 12:40:56

Elapsed time: 0.521 seconds

