
RAxML-NG v. 1.1.0 released on 29.11.2021 by The Exelixis Lab.
Developed by: Alexey M. Kozlov and Alexandros Stamatakis.
Contributors: Diego Darriba, Tomas Flouri, Benoit Morel, Sarah Lutteropp, Ben Bettisworth.
Latest version: https://github.com/amkozlov/raxml-ng
Questions/problems/suggestions? Please visit: https://groups.google.com/forum/#!forum/raxml

System: AMD Ryzen 7 5800X 8-Core Processor, 8 cores, 31 GB RAM

RAxML-NG was called at 12-Jun-2023 12:38:39 as follows:

/home/fili/Documents/KIT/2023/BA/resources/tools/RAxML-NG/raxml-ng --msa /home/fili/Documents/KIT/2023/BA/code/output/families/ssim_dtl_s20_f100_sites200_GTR_bl1.0_d0.0_l0.0_t1.0_gc0.0_p0.0_pop10_ms0.0_mf0.0_seed42/families/family_030/alignment.msa --model F81 --prefix /home/fili/Documents/KIT/2023/BA/code/output/families/ssim_dtl_s20_f100_sites200_GTR_bl1.0_d0.0_l0.0_t1.0_gc0.0_p0.0_pop10_ms0.0_mf0.0_seed42/families/family_030/misc/raxml_output.F81

Analysis options:
  run mode: ML tree search
  start tree(s): random (10) + parsimony (10)
  random seed: 1686566319
  tip-inner: OFF
  pattern compression: ON
  per-rate scalers: OFF
  site repeats: ON
  fast spr radius: AUTO
  spr subtree cutoff: 1.000000
  branch lengths: proportional (ML estimate, algorithm: NR-FAST)
  SIMD kernels: AVX2
  parallelization: coarse-grained (auto), PTHREADS (auto)

[00:00:00] Reading alignment from file: /home/fili/Documents/KIT/2023/BA/code/output/families/ssim_dtl_s20_f100_sites200_GTR_bl1.0_d0.0_l0.0_t1.0_gc0.0_p0.0_pop10_ms0.0_mf0.0_seed42/families/family_030/alignment.msa
[00:00:00] Loaded alignment with 20 taxa and 202 sites

WARNING: Sequences 13_0_0 and 9_0_0 are exactly identical!
WARNING: Sequences 18_0_0 and 8_0_0 are exactly identical!
WARNING: Sequences 12_0_0 and 4_0_0 are exactly identical!
WARNING: Sequences 2_0_0 and 1_0_0 are exactly identical!
WARNING: Duplicate sequences found: 4

NOTE: Reduced alignment (with duplicates and gap-only sites/taxa removed) 
NOTE: was saved to: /home/fili/Documents/KIT/2023/BA/code/output/families/ssim_dtl_s20_f100_sites200_GTR_bl1.0_d0.0_l0.0_t1.0_gc0.0_p0.0_pop10_ms0.0_mf0.0_seed42/families/family_030/misc/raxml_output.F81.raxml.reduced.phy

Alignment comprises 1 partitions and 92 patterns

Partition 0: noname
Model: F81+FO
Alignment sites / patterns: 202 / 92
Gaps: 0.00 %
Invariant sites: 47.52 %


NOTE: Binary MSA file created: /home/fili/Documents/KIT/2023/BA/code/output/families/ssim_dtl_s20_f100_sites200_GTR_bl1.0_d0.0_l0.0_t1.0_gc0.0_p0.0_pop10_ms0.0_mf0.0_seed42/families/family_030/misc/raxml_output.F81.raxml.rba

Parallelization scheme autoconfig: 8 worker(s) x 1 thread(s)

Parallel reduction/worker buffer size: 1 KB  / 0 KB

[00:00:00] Generating 10 random starting tree(s) with 20 taxa
[00:00:00] Generating 10 parsimony starting tree(s) with 20 taxa
[00:00:00] Data distribution: max. partitions/sites/weight per thread: 1 / 92 / 368
[00:00:00] Data distribution: max. searches per worker: 3

Starting ML tree search with 20 distinct starting trees

[00:00:00 -2639.976138] Initial branch length optimization
[00:00:00 -2373.823114] Model parameter optimization (eps = 10.000000)
[00:00:00 -2289.331147] AUTODETECT spr round 1 (radius: 5)
[00:00:00 -1231.934269] AUTODETECT spr round 2 (radius: 10)
[00:00:00 -1231.933224] SPR radius for FAST iterations: 5 (autodetect)
[00:00:00 -1231.933224] Model parameter optimization (eps = 3.000000)
[00:00:00 -1229.269581] FAST spr round 1 (radius: 5)
[00:00:00 -1212.593725] FAST spr round 2 (radius: 5)
[00:00:00 -1212.593720] Model parameter optimization (eps = 1.000000)
[00:00:00 -1212.554974] SLOW spr round 1 (radius: 5)
[00:00:00] [worker #1] ML tree search #2, logLikelihood: -1212.554956
[00:00:00] [worker #3] ML tree search #4, logLikelihood: -1212.554959
[00:00:00] [worker #2] ML tree search #3, logLikelihood: -1212.554957
[00:00:00] [worker #4] ML tree search #5, logLikelihood: -1212.554956
[00:00:00] [worker #6] ML tree search #7, logLikelihood: -1212.554955
[00:00:00] [worker #5] ML tree search #6, logLikelihood: -1212.554959
[00:00:00 -1212.554964] SLOW spr round 2 (radius: 10)
[00:00:00 -1212.554964] SLOW spr round 3 (radius: 15)
[00:00:00 -1212.554964] SLOW spr round 4 (radius: 20)
[00:00:00 -1212.554964] Model parameter optimization (eps = 0.100000)

[00:00:00] [worker #0] ML tree search #1, logLikelihood: -1212.554958

[00:00:00 -2468.575618] Initial branch length optimization
[00:00:00 -2121.772002] Model parameter optimization (eps = 10.000000)
[00:00:00 -2055.132408] AUTODETECT spr round 1 (radius: 5)
[00:00:00] [worker #7] ML tree search #8, logLikelihood: -1212.554955
[00:00:00 -1243.073825] AUTODETECT spr round 2 (radius: 10)
[00:00:00 -1243.073787] SPR radius for FAST iterations: 5 (autodetect)
[00:00:00 -1243.073787] Model parameter optimization (eps = 3.000000)
[00:00:00 -1242.033991] FAST spr round 1 (radius: 5)
[00:00:00] [worker #2] ML tree search #11, logLikelihood: -1212.554955
[00:00:00 -1224.822668] FAST spr round 2 (radius: 5)
[00:00:00] [worker #3] ML tree search #12, logLikelihood: -1212.554960
[00:00:00] [worker #6] ML tree search #15, logLikelihood: -1212.554960
[00:00:00 -1216.336537] FAST spr round 3 (radius: 5)
[00:00:00] [worker #5] ML tree search #14, logLikelihood: -1212.554959
[00:00:00] [worker #1] ML tree search #10, logLikelihood: -1212.554955
[00:00:00 -1213.565507] FAST spr round 4 (radius: 5)
[00:00:00] [worker #4] ML tree search #13, logLikelihood: -1212.554957
[00:00:00 -1213.565504] Model parameter optimization (eps = 1.000000)
[00:00:00 -1212.554963] SLOW spr round 1 (radius: 5)
[00:00:00] [worker #7] ML tree search #16, logLikelihood: -1212.554960
[00:00:00] [worker #2] ML tree search #19, logLikelihood: -1212.554955
[00:00:00 -1212.554959] SLOW spr round 2 (radius: 10)
[00:00:00] [worker #3] ML tree search #20, logLikelihood: -1212.554961
[00:00:00 -1212.554959] SLOW spr round 3 (radius: 15)
[00:00:00 -1212.554959] SLOW spr round 4 (radius: 20)
[00:00:00 -1212.554959] Model parameter optimization (eps = 0.100000)

[00:00:00] [worker #0] ML tree search #9, logLikelihood: -1212.554957

[00:00:00 -1648.683566] Initial branch length optimization
[00:00:00 -1247.049352] Model parameter optimization (eps = 10.000000)
[00:00:00 -1218.294387] AUTODETECT spr round 1 (radius: 5)
[00:00:00 -1212.888736] AUTODETECT spr round 2 (radius: 10)
[00:00:00 -1212.888601] SPR radius for FAST iterations: 5 (autodetect)
[00:00:00 -1212.888601] Model parameter optimization (eps = 3.000000)
[00:00:00] [worker #1] ML tree search #18, logLikelihood: -1212.554957
[00:00:00 -1212.883974] FAST spr round 1 (radius: 5)
[00:00:00 -1212.561832] FAST spr round 2 (radius: 5)
[00:00:00 -1212.561821] Model parameter optimization (eps = 1.000000)
[00:00:00 -1212.554961] SLOW spr round 1 (radius: 5)
[00:00:00 -1212.554958] SLOW spr round 2 (radius: 10)
[00:00:00 -1212.554958] SLOW spr round 3 (radius: 15)
[00:00:00 -1212.554958] SLOW spr round 4 (radius: 20)
[00:00:00 -1212.554958] Model parameter optimization (eps = 0.100000)

[00:00:00] [worker #0] ML tree search #17, logLikelihood: -1212.554957


Optimized model parameters:

   Partition 0: noname
   Rate heterogeneity: NONE
   Base frequencies (ML): 0.309203 0.185612 0.368312 0.136873 
   Substitution rates (model): 1.000000 1.000000 1.000000 1.000000 1.000000 1.000000 


Final LogLikelihood: -1212.554955

AIC score: 2505.109910 / AICc score: 2525.482581 / BIC score: 2637.440618
Free parameters (model + branch lengths): 40

WARNING: Best ML tree contains 3 near-zero branches!

Best ML tree with collapsed near-zero branches saved to: /home/fili/Documents/KIT/2023/BA/code/output/families/ssim_dtl_s20_f100_sites200_GTR_bl1.0_d0.0_l0.0_t1.0_gc0.0_p0.0_pop10_ms0.0_mf0.0_seed42/families/family_030/misc/raxml_output.F81.raxml.bestTreeCollapsed
Best ML tree saved to: /home/fili/Documents/KIT/2023/BA/code/output/families/ssim_dtl_s20_f100_sites200_GTR_bl1.0_d0.0_l0.0_t1.0_gc0.0_p0.0_pop10_ms0.0_mf0.0_seed42/families/family_030/misc/raxml_output.F81.raxml.bestTree
All ML trees saved to: /home/fili/Documents/KIT/2023/BA/code/output/families/ssim_dtl_s20_f100_sites200_GTR_bl1.0_d0.0_l0.0_t1.0_gc0.0_p0.0_pop10_ms0.0_mf0.0_seed42/families/family_030/misc/raxml_output.F81.raxml.mlTrees
Optimized model saved to: /home/fili/Documents/KIT/2023/BA/code/output/families/ssim_dtl_s20_f100_sites200_GTR_bl1.0_d0.0_l0.0_t1.0_gc0.0_p0.0_pop10_ms0.0_mf0.0_seed42/families/family_030/misc/raxml_output.F81.raxml.bestModel

Execution log saved to: /home/fili/Documents/KIT/2023/BA/code/output/families/ssim_dtl_s20_f100_sites200_GTR_bl1.0_d0.0_l0.0_t1.0_gc0.0_p0.0_pop10_ms0.0_mf0.0_seed42/families/family_030/misc/raxml_output.F81.raxml.log

Analysis started: 12-Jun-2023 12:38:39 / finished: 12-Jun-2023 12:38:39

Elapsed time: 0.289 seconds

