
RAxML-NG v. 1.1.0 released on 29.11.2021 by The Exelixis Lab.
Developed by: Alexey M. Kozlov and Alexandros Stamatakis.
Contributors: Diego Darriba, Tomas Flouri, Benoit Morel, Sarah Lutteropp, Ben Bettisworth.
Latest version: https://github.com/amkozlov/raxml-ng
Questions/problems/suggestions? Please visit: https://groups.google.com/forum/#!forum/raxml

System: AMD Ryzen 7 5800X 8-Core Processor, 8 cores, 31 GB RAM

RAxML-NG was called at 05-Jun-2023 13:02:02 as follows:

/home/fili/Documents/KIT/2023/BA/resources/tools/RAxML-NG/raxml-ng --msa /home/fili/Documents/KIT/2023/BA/code/output/families/ssim_dtl_s20_f100_sites200_GTR_bl1.0_d0.0_l0.0_t1.0_gc0.0_p0.0_pop10_ms0.0_mf0.0_seed42/families/family_057/alignment.msa --model GTR+G --prefix /home/fili/Documents/KIT/2023/BA/code/output/families/ssim_dtl_s20_f100_sites200_GTR_bl1.0_d0.0_l0.0_t1.0_gc0.0_p0.0_pop10_ms0.0_mf0.0_seed42/families/family_057/misc/raxml_output.GTR+G

Analysis options:
  run mode: ML tree search
  start tree(s): random (10) + parsimony (10)
  random seed: 1685962922
  tip-inner: OFF
  pattern compression: ON
  per-rate scalers: OFF
  site repeats: ON
  fast spr radius: AUTO
  spr subtree cutoff: 1.000000
  branch lengths: proportional (ML estimate, algorithm: NR-FAST)
  SIMD kernels: AVX2
  parallelization: coarse-grained (auto), PTHREADS (auto)

[00:00:00] Reading alignment from file: /home/fili/Documents/KIT/2023/BA/code/output/families/ssim_dtl_s20_f100_sites200_GTR_bl1.0_d0.0_l0.0_t1.0_gc0.0_p0.0_pop10_ms0.0_mf0.0_seed42/families/family_057/alignment.msa
[00:00:00] Loaded alignment with 20 taxa and 121 sites

WARNING: Sequences 8_0_0 and 18_0_0 are exactly identical!
WARNING: Sequences 9_0_0 and 13_0_0 are exactly identical!
WARNING: Sequences 9_0_0 and 7_0_0 are exactly identical!
WARNING: Sequences 4_0_0 and 12_0_0 are exactly identical!
WARNING: Sequences 4_0_0 and 10_0_0 are exactly identical!
WARNING: Duplicate sequences found: 5

NOTE: Reduced alignment (with duplicates and gap-only sites/taxa removed) 
NOTE: was saved to: /home/fili/Documents/KIT/2023/BA/code/output/families/ssim_dtl_s20_f100_sites200_GTR_bl1.0_d0.0_l0.0_t1.0_gc0.0_p0.0_pop10_ms0.0_mf0.0_seed42/families/family_057/misc/raxml_output.GTR+G.raxml.reduced.phy

Alignment comprises 1 partitions and 51 patterns

Partition 0: noname
Model: GTR+FO+G4m
Alignment sites / patterns: 121 / 51
Gaps: 0.00 %
Invariant sites: 57.02 %


NOTE: Binary MSA file created: /home/fili/Documents/KIT/2023/BA/code/output/families/ssim_dtl_s20_f100_sites200_GTR_bl1.0_d0.0_l0.0_t1.0_gc0.0_p0.0_pop10_ms0.0_mf0.0_seed42/families/family_057/misc/raxml_output.GTR+G.raxml.rba

Parallelization scheme autoconfig: 8 worker(s) x 1 thread(s)

Parallel reduction/worker buffer size: 1 KB  / 0 KB

[00:00:00] Generating 10 random starting tree(s) with 20 taxa
[00:00:00] Generating 10 parsimony starting tree(s) with 20 taxa
[00:00:00] Data distribution: max. partitions/sites/weight per thread: 1 / 51 / 816
[00:00:00] Data distribution: max. searches per worker: 3

Starting ML tree search with 20 distinct starting trees

[00:00:00 -1093.340762] Initial branch length optimization
[00:00:00 -970.296757] Model parameter optimization (eps = 10.000000)
[00:00:00 -711.328766] AUTODETECT spr round 1 (radius: 5)
[00:00:00 -513.330382] AUTODETECT spr round 2 (radius: 10)
[00:00:00 -508.948545] AUTODETECT spr round 3 (radius: 15)
[00:00:00 -508.900492] SPR radius for FAST iterations: 10 (autodetect)
[00:00:00 -508.900492] Model parameter optimization (eps = 3.000000)
[00:00:00 -496.173512] FAST spr round 1 (radius: 10)
[00:00:00 -476.813042] FAST spr round 2 (radius: 10)
[00:00:00 -476.812121] Model parameter optimization (eps = 1.000000)
[00:00:00 -475.425214] SLOW spr round 1 (radius: 5)
[00:00:00 -475.423889] SLOW spr round 2 (radius: 10)
[00:00:00] [worker #2] ML tree search #3, logLikelihood: -475.418746
[00:00:00 -475.423852] SLOW spr round 3 (radius: 15)
[00:00:00 -475.423850] SLOW spr round 4 (radius: 20)
[00:00:00 -475.423850] Model parameter optimization (eps = 0.100000)
[00:00:00] [worker #3] ML tree search #4, logLikelihood: -475.011131
[00:00:00] [worker #7] ML tree search #8, logLikelihood: -475.005317

[00:00:00] [worker #0] ML tree search #1, logLikelihood: -475.417597

[00:00:00] [worker #5] ML tree search #6, logLikelihood: -475.007949
[00:00:00 -1090.512747] Initial branch length optimization
[00:00:00 -971.226163] Model parameter optimization (eps = 10.000000)
[00:00:00] [worker #6] ML tree search #7, logLikelihood: -475.005271
[00:00:00 -721.220063] AUTODETECT spr round 1 (radius: 5)
[00:00:00] [worker #1] ML tree search #2, logLikelihood: -475.006307
[00:00:00 -486.583082] AUTODETECT spr round 2 (radius: 10)
[00:00:00] [worker #4] ML tree search #5, logLikelihood: -475.011498
[00:00:00 -486.579650] SPR radius for FAST iterations: 5 (autodetect)
[00:00:00 -486.579650] Model parameter optimization (eps = 3.000000)
[00:00:00 -476.992068] FAST spr round 1 (radius: 5)
[00:00:00 -475.443916] FAST spr round 2 (radius: 5)
[00:00:00 -475.333643] FAST spr round 3 (radius: 5)
[00:00:00 -475.330849] Model parameter optimization (eps = 1.000000)
[00:00:00] [worker #2] ML tree search #11, logLikelihood: -475.003167
[00:00:00 -475.031258] SLOW spr round 1 (radius: 5)
[00:00:00] [worker #5] ML tree search #14, logLikelihood: -475.002933
[00:00:00] [worker #7] ML tree search #16, logLikelihood: -475.003127
[00:00:00 -475.027608] SLOW spr round 2 (radius: 10)
[00:00:00] [worker #6] ML tree search #15, logLikelihood: -475.003123
[00:00:00] [worker #3] ML tree search #12, logLikelihood: -475.003071
[00:00:00 -475.027376] SLOW spr round 3 (radius: 15)
[00:00:00 -475.027365] SLOW spr round 4 (radius: 20)
[00:00:00 -475.027364] Model parameter optimization (eps = 0.100000)
[00:00:00] [worker #4] ML tree search #13, logLikelihood: -475.003911

[00:00:00] [worker #0] ML tree search #9, logLikelihood: -475.004670

[00:00:00 -729.596300] Initial branch length optimization
[00:00:00 -581.390283] Model parameter optimization (eps = 10.000000)
[00:00:00 -477.378732] AUTODETECT spr round 1 (radius: 5)
[00:00:00 -475.334295] AUTODETECT spr round 2 (radius: 10)
[00:00:00 -475.332858] SPR radius for FAST iterations: 5 (autodetect)
[00:00:00 -475.332858] Model parameter optimization (eps = 3.000000)
[00:00:00 -475.192653] FAST spr round 1 (radius: 5)
[00:00:00] [worker #2] ML tree search #19, logLikelihood: -475.003193
[00:00:00] [worker #1] ML tree search #10, logLikelihood: -475.004035
[00:00:00 -475.016539] FAST spr round 2 (radius: 5)
[00:00:00 -475.016321] Model parameter optimization (eps = 1.000000)
[00:00:00 -475.005915] SLOW spr round 1 (radius: 5)
[00:00:00 -475.005875] SLOW spr round 2 (radius: 10)
[00:00:00] [worker #3] ML tree search #20, logLikelihood: -475.003078
[00:00:00 -475.005873] SLOW spr round 3 (radius: 15)
[00:00:00 -475.005873] SLOW spr round 4 (radius: 20)
[00:00:00 -475.005873] Model parameter optimization (eps = 0.100000)

[00:00:00] [worker #0] ML tree search #17, logLikelihood: -475.003117

[00:00:00] [worker #1] ML tree search #18, logLikelihood: -475.003131

Optimized model parameters:

   Partition 0: noname
   Rate heterogeneity: GAMMA (4 cats, mean),  alpha: 2.837499 (ML),  weights&rates: (0.250000,0.376286) (0.250000,0.722114) (0.250000,1.081586) (0.250000,1.820013) 
   Base frequencies (ML): 0.231265 0.162503 0.243630 0.362602 
   Substitution rates (ML): 0.829850 49.264147 0.406491 0.001000 5.262484 1.000000 


Final LogLikelihood: -475.002933

AIC score: 1042.005866 / AICc score: 1100.438298 / BIC score: 1170.612231
Free parameters (model + branch lengths): 46

WARNING: Best ML tree contains 4 near-zero branches!

Best ML tree with collapsed near-zero branches saved to: /home/fili/Documents/KIT/2023/BA/code/output/families/ssim_dtl_s20_f100_sites200_GTR_bl1.0_d0.0_l0.0_t1.0_gc0.0_p0.0_pop10_ms0.0_mf0.0_seed42/families/family_057/misc/raxml_output.GTR+G.raxml.bestTreeCollapsed
Best ML tree saved to: /home/fili/Documents/KIT/2023/BA/code/output/families/ssim_dtl_s20_f100_sites200_GTR_bl1.0_d0.0_l0.0_t1.0_gc0.0_p0.0_pop10_ms0.0_mf0.0_seed42/families/family_057/misc/raxml_output.GTR+G.raxml.bestTree
All ML trees saved to: /home/fili/Documents/KIT/2023/BA/code/output/families/ssim_dtl_s20_f100_sites200_GTR_bl1.0_d0.0_l0.0_t1.0_gc0.0_p0.0_pop10_ms0.0_mf0.0_seed42/families/family_057/misc/raxml_output.GTR+G.raxml.mlTrees
Optimized model saved to: /home/fili/Documents/KIT/2023/BA/code/output/families/ssim_dtl_s20_f100_sites200_GTR_bl1.0_d0.0_l0.0_t1.0_gc0.0_p0.0_pop10_ms0.0_mf0.0_seed42/families/family_057/misc/raxml_output.GTR+G.raxml.bestModel

Execution log saved to: /home/fili/Documents/KIT/2023/BA/code/output/families/ssim_dtl_s20_f100_sites200_GTR_bl1.0_d0.0_l0.0_t1.0_gc0.0_p0.0_pop10_ms0.0_mf0.0_seed42/families/family_057/misc/raxml_output.GTR+G.raxml.log

Analysis started: 05-Jun-2023 13:02:02 / finished: 05-Jun-2023 13:02:02

Elapsed time: 0.344 seconds

