
RAxML-NG v. 1.1.0 released on 29.11.2021 by The Exelixis Lab.
Developed by: Alexey M. Kozlov and Alexandros Stamatakis.
Contributors: Diego Darriba, Tomas Flouri, Benoit Morel, Sarah Lutteropp, Ben Bettisworth.
Latest version: https://github.com/amkozlov/raxml-ng
Questions/problems/suggestions? Please visit: https://groups.google.com/forum/#!forum/raxml

System: AMD Ryzen 7 5800X 8-Core Processor, 8 cores, 31 GB RAM

RAxML-NG was called at 27-Jun-2023 13:41:33 as follows:

/home/fili/Documents/KIT/2023/BA/resources/tools/RAxML-NG/raxml-ng --msa /home/fili/Documents/KIT/2023/BA/code/output/families/ssim_DL_s20_f100_sites200_GTR_bl1.0_d1.0_l1.0_t0.0_gc0.0_p0.0_pop10_ms0.0_mf0.0_seed121873/families/family_057/alignment.msa --model F81 --prefix /home/fili/Documents/KIT/2023/BA/code/output/families/ssim_DL_s20_f100_sites200_GTR_bl1.0_d1.0_l1.0_t0.0_gc0.0_p0.0_pop10_ms0.0_mf0.0_seed121873/families/family_057/misc/raxml_output.F81

Analysis options:
  run mode: ML tree search
  start tree(s): random (10) + parsimony (10)
  random seed: 1687866093
  tip-inner: OFF
  pattern compression: ON
  per-rate scalers: OFF
  site repeats: ON
  fast spr radius: AUTO
  spr subtree cutoff: 1.000000
  branch lengths: proportional (ML estimate, algorithm: NR-FAST)
  SIMD kernels: AVX2
  parallelization: coarse-grained (auto), PTHREADS (auto)

[00:00:00] Reading alignment from file: /home/fili/Documents/KIT/2023/BA/code/output/families/ssim_DL_s20_f100_sites200_GTR_bl1.0_d1.0_l1.0_t0.0_gc0.0_p0.0_pop10_ms0.0_mf0.0_seed121873/families/family_057/alignment.msa
[00:00:00] Loaded alignment with 34 taxa and 268 sites

WARNING: Sequences 11_1_0 and 4_1_0 are exactly identical!
WARNING: Duplicate sequences found: 1

NOTE: Reduced alignment (with duplicates and gap-only sites/taxa removed) 
NOTE: was saved to: /home/fili/Documents/KIT/2023/BA/code/output/families/ssim_DL_s20_f100_sites200_GTR_bl1.0_d1.0_l1.0_t0.0_gc0.0_p0.0_pop10_ms0.0_mf0.0_seed121873/families/family_057/misc/raxml_output.F81.raxml.reduced.phy

Alignment comprises 1 partitions and 161 patterns

Partition 0: noname
Model: F81+FO
Alignment sites / patterns: 268 / 161
Gaps: 0.00 %
Invariant sites: 36.94 %


NOTE: Binary MSA file created: /home/fili/Documents/KIT/2023/BA/code/output/families/ssim_DL_s20_f100_sites200_GTR_bl1.0_d1.0_l1.0_t0.0_gc0.0_p0.0_pop10_ms0.0_mf0.0_seed121873/families/family_057/misc/raxml_output.F81.raxml.rba

Parallelization scheme autoconfig: 8 worker(s) x 1 thread(s)

Parallel reduction/worker buffer size: 1 KB  / 0 KB

[00:00:00] Generating 10 random starting tree(s) with 34 taxa
[00:00:00] Generating 10 parsimony starting tree(s) with 34 taxa
[00:00:00] Data distribution: max. partitions/sites/weight per thread: 1 / 161 / 644
[00:00:00] Data distribution: max. searches per worker: 3

Starting ML tree search with 20 distinct starting trees

[00:00:00 -5095.930901] Initial branch length optimization
[00:00:00 -4394.425047] Model parameter optimization (eps = 10.000000)
[00:00:00 -4356.465454] AUTODETECT spr round 1 (radius: 5)
[00:00:00 -2951.495549] AUTODETECT spr round 2 (radius: 10)
[00:00:00 -2843.210092] AUTODETECT spr round 3 (radius: 15)
[00:00:00 -2828.578000] AUTODETECT spr round 4 (radius: 20)
[00:00:00 -2828.577863] SPR radius for FAST iterations: 15 (autodetect)
[00:00:00 -2828.577863] Model parameter optimization (eps = 3.000000)
[00:00:00 -2827.892733] FAST spr round 1 (radius: 15)
[00:00:00 -2785.907359] FAST spr round 2 (radius: 15)
[00:00:00 -2744.600097] FAST spr round 3 (radius: 15)
[00:00:00 -2744.600086] Model parameter optimization (eps = 1.000000)
[00:00:00 -2744.591834] SLOW spr round 1 (radius: 5)
[00:00:00 -2744.591771] SLOW spr round 2 (radius: 10)
[00:00:00 -2744.591765] SLOW spr round 3 (radius: 15)
[00:00:00] [worker #4] ML tree search #5, logLikelihood: -2742.118318
[00:00:00 -2744.591765] SLOW spr round 4 (radius: 20)
[00:00:00 -2744.591764] SLOW spr round 5 (radius: 25)
[00:00:00 -2744.591764] Model parameter optimization (eps = 0.100000)

[00:00:00] [worker #0] ML tree search #1, logLikelihood: -2744.591714

[00:00:00 -5118.977489] Initial branch length optimization
[00:00:00 -4504.391268] Model parameter optimization (eps = 10.000000)
[00:00:00 -4465.230846] AUTODETECT spr round 1 (radius: 5)
[00:00:00] [worker #3] ML tree search #4, logLikelihood: -2744.591972
[00:00:00 -2907.571804] AUTODETECT spr round 2 (radius: 10)
[00:00:00 -2889.874047] AUTODETECT spr round 3 (radius: 15)
[00:00:00] [worker #1] ML tree search #2, logLikelihood: -2744.777317
[00:00:00 -2889.873006] SPR radius for FAST iterations: 10 (autodetect)
[00:00:00 -2889.873006] Model parameter optimization (eps = 3.000000)
[00:00:00 -2888.241956] FAST spr round 1 (radius: 10)
[00:00:00] [worker #5] ML tree search #6, logLikelihood: -2742.118593
[00:00:00] [worker #2] ML tree search #3, logLikelihood: -2742.118321
[00:00:00 -2756.227578] FAST spr round 2 (radius: 10)
[00:00:00 -2746.177934] FAST spr round 3 (radius: 10)
[00:00:00 -2743.693727] FAST spr round 4 (radius: 10)
[00:00:00] [worker #6] ML tree search #7, logLikelihood: -2742.118326
[00:00:00 -2742.550554] FAST spr round 5 (radius: 10)
[00:00:00 -2742.550552] Model parameter optimization (eps = 1.000000)
[00:00:00 -2742.257476] SLOW spr round 1 (radius: 5)
[00:00:00] [worker #7] ML tree search #8, logLikelihood: -2742.118877
[00:00:00 -2742.127903] SLOW spr round 2 (radius: 5)
[00:00:00] [worker #2] ML tree search #11, logLikelihood: -2742.118318
[00:00:00] [worker #1] ML tree search #10, logLikelihood: -2742.118323
[00:00:00 -2742.127900] SLOW spr round 3 (radius: 10)
[00:00:00] [worker #3] ML tree search #12, logLikelihood: -2742.118317
[00:00:00 -2742.127900] SLOW spr round 4 (radius: 15)
[00:00:00] [worker #4] ML tree search #13, logLikelihood: -2742.118318
[00:00:00 -2742.127900] SLOW spr round 5 (radius: 20)
[00:00:00 -2742.127900] SLOW spr round 6 (radius: 25)
[00:00:00 -2742.127900] Model parameter optimization (eps = 0.100000)

[00:00:00] [worker #0] ML tree search #9, logLikelihood: -2742.118320

[00:00:00 -3607.982543] Initial branch length optimization
[00:00:00 -2782.014703] Model parameter optimization (eps = 10.000000)
[00:00:00 -2763.482036] AUTODETECT spr round 1 (radius: 5)
[00:00:00] [worker #5] ML tree search #14, logLikelihood: -2742.118318
[00:00:00] [worker #7] ML tree search #16, logLikelihood: -2742.118316
[00:00:00 -2744.366681] AUTODETECT spr round 2 (radius: 10)
[00:00:00 -2744.366641] SPR radius for FAST iterations: 5 (autodetect)
[00:00:00 -2744.366641] Model parameter optimization (eps = 3.000000)
[00:00:00 -2744.341017] FAST spr round 1 (radius: 5)
[00:00:00 -2742.326563] FAST spr round 2 (radius: 5)
[00:00:00] [worker #6] ML tree search #15, logLikelihood: -2742.118320
[00:00:00 -2742.326562] Model parameter optimization (eps = 1.000000)
[00:00:00 -2742.256989] SLOW spr round 1 (radius: 5)
[00:00:00 -2742.127145] SLOW spr round 2 (radius: 5)
[00:00:00] [worker #1] ML tree search #18, logLikelihood: -2742.118317
[00:00:00] [worker #3] ML tree search #20, logLikelihood: -2742.118316
[00:00:00 -2742.127143] SLOW spr round 3 (radius: 10)
[00:00:00] [worker #2] ML tree search #19, logLikelihood: -2742.118328
[00:00:00 -2742.127143] SLOW spr round 4 (radius: 15)
[00:00:00 -2742.127143] SLOW spr round 5 (radius: 20)
[00:00:00 -2742.127143] SLOW spr round 6 (radius: 25)
[00:00:00 -2742.127143] Model parameter optimization (eps = 0.100000)

[00:00:00] [worker #0] ML tree search #17, logLikelihood: -2742.118317


Optimized model parameters:

   Partition 0: noname
   Rate heterogeneity: NONE
   Base frequencies (ML): 0.298864 0.181720 0.307821 0.211595 
   Substitution rates (model): 1.000000 1.000000 1.000000 1.000000 1.000000 1.000000 


Final LogLikelihood: -2742.118316

AIC score: 5620.236633 / AICc score: 5667.392412 / BIC score: 5864.423748
Free parameters (model + branch lengths): 68

WARNING: Best ML tree contains 1 near-zero branches!

Best ML tree with collapsed near-zero branches saved to: /home/fili/Documents/KIT/2023/BA/code/output/families/ssim_DL_s20_f100_sites200_GTR_bl1.0_d1.0_l1.0_t0.0_gc0.0_p0.0_pop10_ms0.0_mf0.0_seed121873/families/family_057/misc/raxml_output.F81.raxml.bestTreeCollapsed
Best ML tree saved to: /home/fili/Documents/KIT/2023/BA/code/output/families/ssim_DL_s20_f100_sites200_GTR_bl1.0_d1.0_l1.0_t0.0_gc0.0_p0.0_pop10_ms0.0_mf0.0_seed121873/families/family_057/misc/raxml_output.F81.raxml.bestTree
All ML trees saved to: /home/fili/Documents/KIT/2023/BA/code/output/families/ssim_DL_s20_f100_sites200_GTR_bl1.0_d1.0_l1.0_t0.0_gc0.0_p0.0_pop10_ms0.0_mf0.0_seed121873/families/family_057/misc/raxml_output.F81.raxml.mlTrees
Optimized model saved to: /home/fili/Documents/KIT/2023/BA/code/output/families/ssim_DL_s20_f100_sites200_GTR_bl1.0_d1.0_l1.0_t0.0_gc0.0_p0.0_pop10_ms0.0_mf0.0_seed121873/families/family_057/misc/raxml_output.F81.raxml.bestModel

Execution log saved to: /home/fili/Documents/KIT/2023/BA/code/output/families/ssim_DL_s20_f100_sites200_GTR_bl1.0_d1.0_l1.0_t0.0_gc0.0_p0.0_pop10_ms0.0_mf0.0_seed121873/families/family_057/misc/raxml_output.F81.raxml.log

Analysis started: 27-Jun-2023 13:41:33 / finished: 27-Jun-2023 13:41:34

Elapsed time: 0.846 seconds

