GeneRax was called as follow:
/home/fili/Documents/KIT/2023/BA/resources/tools/GeneRax/build/bin/generax -f /home/fili/Documents/KIT/2023/BA/code/output/families/ssim_DL_s20_f100_sites200_GTR_bl1.0_d1.0_l1.0_t0.0_gc0.0_p0.0_pop10_ms0.0_mf0.0_seed19732311/runs/F81/families-generax.txt -s /home/fili/Documents/KIT/2023/BA/code/output/families/ssim_DL_s20_f100_sites200_GTR_bl1.0_d1.0_l1.0_t0.0_gc0.0_p0.0_pop10_ms0.0_mf0.0_seed19732311/species_trees/speciesTree.newick --strategy SPR -p /home/fili/Documents/KIT/2023/BA/code/output/families/ssim_DL_s20_f100_sites200_GTR_bl1.0_d1.0_l1.0_t0.0_gc0.0_p0.0_pop10_ms0.0_mf0.0_seed19732311/runs/F81/generax 

General information:
- Output prefix: /home/fili/Documents/KIT/2023/BA/code/output/families/ssim_DL_s20_f100_sites200_GTR_bl1.0_d1.0_l1.0_t0.0_gc0.0_p0.0_pop10_ms0.0_mf0.0_seed19732311/runs/F81/generax
- Families information: /home/fili/Documents/KIT/2023/BA/code/output/families/ssim_DL_s20_f100_sites200_GTR_bl1.0_d1.0_l1.0_t0.0_gc0.0_p0.0_pop10_ms0.0_mf0.0_seed19732311/runs/F81/families-generax.txt
- Species tree: /home/fili/Documents/KIT/2023/BA/code/output/families/ssim_DL_s20_f100_sites200_GTR_bl1.0_d1.0_l1.0_t0.0_gc0.0_p0.0_pop10_ms0.0_mf0.0_seed19732311/species_trees/speciesTree.newick
- MPI Ranks: 1
- Random seed: 123
- Reconciliation model: UndatedDTL
- DTL rates: global rates
- Infer ML reconciliation: ON
- Unrooted reconciliation likelihood: OFF
- Prune species tree mode: OFF

Gene tree correction information:
- Gene tree search strategy: SPR
- Max gene SPR radius: 5

[00:00:00] Filtering invalid families...

Error in family family_091: The gene family should contain at least 3 sequences
WARNING!!! Found 1 invalid families (they will be discarded from the analysis)
End of instance initialization

[00:00:00] [Initialization] Initial optimization of the starting random gene trees from the MSAs only
[00:00:22] [Initialization] Finished optimizing the gene trees from the MSAs

[00:00:22] Starting species tree initialization...
[00:00:22] End of species tree initialization
[00:00:22] Filtering invalid families based on the starting species tree...

[00:00:22] Gathering statistics about the families...
[00:00:22] Input data information:
- Number of gene families: 99
- Number of species: 20
- Total number of genes: 2684
- Average number of genes per family: 27
- Maximum number of genes per family: 401
- Species covered with the smallest family coverage: "15" (covered by 44/99 families)
- Average (over species) species family coverage: 50

[00:00:22] Reconciliation rates optimization... 
	D=0.113591, L=0.0733528, T=0.131037, RecLL= -6105.24

[00:00:23] Optimizing gene trees with radius=1... 
[00:00:40] JointLL=-179333 RecLL=-4879.78 LibpllLL=-174453

[00:00:40] Reconciliation rates optimization... 
	D=0.135002, L=0.0568069, T=0.0662197, RecLL= -4821.33

[00:00:41] Optimizing gene trees with radius=2... 
[00:01:27] JointLL=-178814 RecLL=-4370.39 LibpllLL=-174443

[00:01:27] Reconciliation rates optimization... 
	D=0.144399, L=0.0532846, T=0.0470601, RecLL= -4371.72

[00:01:29] Optimizing gene trees with radius=3... 
[00:01:54] JointLL=-178682 RecLL=-4219.52 LibpllLL=-174462

[00:01:54] Reconciliation rates optimization... 
	D=0.147509, L=0.0539116, T=0.0396603, RecLL= -4231.43

[00:01:55] Optimizing gene trees with radius=4... 
[00:02:17] JointLL=-178615 RecLL=-4158.19 LibpllLL=-174457

[00:02:17] Reconciliation rates optimization... 
	D=0.146514, L=0.0510586, T=0.0400737, RecLL= -4170.79

[00:02:18] Optimizing gene trees with radius=5... 
[00:02:41] JointLL=-178602 RecLL=-4144.79 LibpllLL=-174457

[00:02:41] Reconciling gene trees with the species tree...
[00:02:41] Terminating the instance..

[00:02:41] DTL rates: D=0.146514 L= 0.0510586 T=0.0400737
[00:02:41] Reconciliation likelihood: -4144.79
[00:02:41] Phylogenetic likelihood: -174457
[00:02:41] Joint likelihood: -178602
[00:02:41] Results directory: /home/fili/Documents/KIT/2023/BA/code/output/families/ssim_DL_s20_f100_sites200_GTR_bl1.0_d1.0_l1.0_t0.0_gc0.0_p0.0_pop10_ms0.0_mf0.0_seed19732311/runs/F81/generax
[00:02:41] End of GeneRax execution
