
RAxML-NG v. 1.1.0 released on 29.11.2021 by The Exelixis Lab.
Developed by: Alexey M. Kozlov and Alexandros Stamatakis.
Contributors: Diego Darriba, Tomas Flouri, Benoit Morel, Sarah Lutteropp, Ben Bettisworth.
Latest version: https://github.com/amkozlov/raxml-ng
Questions/problems/suggestions? Please visit: https://groups.google.com/forum/#!forum/raxml

System: AMD Ryzen 7 5800X 8-Core Processor, 8 cores, 31 GB RAM

RAxML-NG was called at 27-Jun-2023 13:52:06 as follows:

/home/fili/Documents/KIT/2023/BA/resources/tools/RAxML-NG/raxml-ng --msa /home/fili/Documents/KIT/2023/BA/code/output/families/ssim_NE_s20_f100_sites200_GTR_bl1.0_d0.0_l0.0_t0.0_gc0.0_p0.0_pop10_ms0.0_mf0.0_seed14976684177860080345/families/family_064/alignment.msa --model F81 --prefix /home/fili/Documents/KIT/2023/BA/code/output/families/ssim_NE_s20_f100_sites200_GTR_bl1.0_d0.0_l0.0_t0.0_gc0.0_p0.0_pop10_ms0.0_mf0.0_seed14976684177860080345/families/family_064/misc/raxml_output.F81

Analysis options:
  run mode: ML tree search
  start tree(s): random (10) + parsimony (10)
  random seed: 1687866726
  tip-inner: OFF
  pattern compression: ON
  per-rate scalers: OFF
  site repeats: ON
  fast spr radius: AUTO
  spr subtree cutoff: 1.000000
  branch lengths: proportional (ML estimate, algorithm: NR-FAST)
  SIMD kernels: AVX2
  parallelization: coarse-grained (auto), PTHREADS (auto)

[00:00:00] Reading alignment from file: /home/fili/Documents/KIT/2023/BA/code/output/families/ssim_NE_s20_f100_sites200_GTR_bl1.0_d0.0_l0.0_t0.0_gc0.0_p0.0_pop10_ms0.0_mf0.0_seed14976684177860080345/families/family_064/alignment.msa
[00:00:00] Loaded alignment with 20 taxa and 184 sites

WARNING: Sequences 14_0_0 and 2_0_0 are exactly identical!
WARNING: Duplicate sequences found: 1

NOTE: Reduced alignment (with duplicates and gap-only sites/taxa removed) 
NOTE: was saved to: /home/fili/Documents/KIT/2023/BA/code/output/families/ssim_NE_s20_f100_sites200_GTR_bl1.0_d0.0_l0.0_t0.0_gc0.0_p0.0_pop10_ms0.0_mf0.0_seed14976684177860080345/families/family_064/misc/raxml_output.F81.raxml.reduced.phy

Alignment comprises 1 partitions and 81 patterns

Partition 0: noname
Model: F81+FO
Alignment sites / patterns: 184 / 81
Gaps: 0.00 %
Invariant sites: 44.02 %


NOTE: Binary MSA file created: /home/fili/Documents/KIT/2023/BA/code/output/families/ssim_NE_s20_f100_sites200_GTR_bl1.0_d0.0_l0.0_t0.0_gc0.0_p0.0_pop10_ms0.0_mf0.0_seed14976684177860080345/families/family_064/misc/raxml_output.F81.raxml.rba

Parallelization scheme autoconfig: 8 worker(s) x 1 thread(s)

Parallel reduction/worker buffer size: 1 KB  / 0 KB

[00:00:00] Generating 10 random starting tree(s) with 20 taxa
[00:00:00] Generating 10 parsimony starting tree(s) with 20 taxa
[00:00:00] Data distribution: max. partitions/sites/weight per thread: 1 / 81 / 324
[00:00:00] Data distribution: max. searches per worker: 3

Starting ML tree search with 20 distinct starting trees

[00:00:00 -2670.632837] Initial branch length optimization
[00:00:00 -2306.028117] Model parameter optimization (eps = 10.000000)
[00:00:00 -2281.310626] AUTODETECT spr round 1 (radius: 5)
[00:00:00 -1070.670369] AUTODETECT spr round 2 (radius: 10)
[00:00:00 -1070.670335] SPR radius for FAST iterations: 5 (autodetect)
[00:00:00 -1070.670335] Model parameter optimization (eps = 3.000000)
[00:00:00 -1070.247985] FAST spr round 1 (radius: 5)
[00:00:00 -1059.031951] FAST spr round 2 (radius: 5)
[00:00:00 -1059.031939] Model parameter optimization (eps = 1.000000)
[00:00:00 -1058.981210] SLOW spr round 1 (radius: 5)
[00:00:00 -1058.981183] SLOW spr round 2 (radius: 10)
[00:00:00 -1058.981182] SLOW spr round 3 (radius: 15)
[00:00:00 -1058.981182] SLOW spr round 4 (radius: 20)
[00:00:00 -1058.981182] Model parameter optimization (eps = 0.100000)

[00:00:00] [worker #0] ML tree search #1, logLikelihood: -1058.981176

[00:00:00 -2573.997029] Initial branch length optimization
[00:00:00 -2181.393391] Model parameter optimization (eps = 10.000000)
[00:00:00] [worker #5] ML tree search #6, logLikelihood: -1058.981174
[00:00:00] [worker #7] ML tree search #8, logLikelihood: -1058.981174
[00:00:00] [worker #2] ML tree search #3, logLikelihood: -1058.981174
[00:00:00 -2160.657945] AUTODETECT spr round 1 (radius: 5)
[00:00:00] [worker #6] ML tree search #7, logLikelihood: -1058.981176
[00:00:00 -1072.509977] AUTODETECT spr round 2 (radius: 10)
[00:00:00] [worker #3] ML tree search #4, logLikelihood: -1058.981174
[00:00:00] [worker #1] ML tree search #2, logLikelihood: -1058.981176
[00:00:00 -1072.503835] SPR radius for FAST iterations: 5 (autodetect)
[00:00:00 -1072.503835] Model parameter optimization (eps = 3.000000)
[00:00:00 -1072.127624] FAST spr round 1 (radius: 5)
[00:00:00 -1058.993522] FAST spr round 2 (radius: 5)
[00:00:00 -1058.993354] Model parameter optimization (eps = 1.000000)
[00:00:00 -1058.981179] SLOW spr round 1 (radius: 5)
[00:00:00] [worker #4] ML tree search #5, logLikelihood: -1058.981175
[00:00:00 -1058.981177] SLOW spr round 2 (radius: 10)
[00:00:00 -1058.981177] SLOW spr round 3 (radius: 15)
[00:00:00] [worker #6] ML tree search #15, logLikelihood: -1058.981174
[00:00:00 -1058.981177] SLOW spr round 4 (radius: 20)
[00:00:00 -1058.981177] Model parameter optimization (eps = 0.100000)
[00:00:00] [worker #5] ML tree search #14, logLikelihood: -1058.981176

[00:00:00] [worker #0] ML tree search #9, logLikelihood: -1058.981174

[00:00:00] [worker #3] ML tree search #12, logLikelihood: -1058.981174
[00:00:00 -1470.110284] Initial branch length optimization
[00:00:00 -1068.700508] Model parameter optimization (eps = 10.000000)
[00:00:00 -1060.577055] AUTODETECT spr round 1 (radius: 5)
[00:00:00] [worker #7] ML tree search #16, logLikelihood: -1058.981174
[00:00:00 -1058.995675] AUTODETECT spr round 2 (radius: 10)
[00:00:00 -1058.995448] SPR radius for FAST iterations: 5 (autodetect)
[00:00:00 -1058.995448] Model parameter optimization (eps = 3.000000)
[00:00:00] [worker #2] ML tree search #11, logLikelihood: -1058.981185
[00:00:00 -1058.981193] FAST spr round 1 (radius: 5)
[00:00:00 -1058.981178] Model parameter optimization (eps = 1.000000)
[00:00:00 -1058.981175] SLOW spr round 1 (radius: 5)
[00:00:00] [worker #4] ML tree search #13, logLikelihood: -1058.981176
[00:00:00 -1058.981175] SLOW spr round 2 (radius: 10)
[00:00:00 -1058.981175] SLOW spr round 3 (radius: 15)
[00:00:00 -1058.981175] SLOW spr round 4 (radius: 20)
[00:00:00 -1058.981175] Model parameter optimization (eps = 0.100000)

[00:00:00] [worker #0] ML tree search #17, logLikelihood: -1058.981174

[00:00:00] [worker #1] ML tree search #10, logLikelihood: -1058.981177
[00:00:00] [worker #3] ML tree search #20, logLikelihood: -1058.981176
[00:00:00] [worker #2] ML tree search #19, logLikelihood: -1058.981191
[00:00:00] [worker #1] ML tree search #18, logLikelihood: -1058.981176

Optimized model parameters:

   Partition 0: noname
   Rate heterogeneity: NONE
   Base frequencies (ML): 0.263893 0.197179 0.336334 0.202594 
   Substitution rates (model): 1.000000 1.000000 1.000000 1.000000 1.000000 1.000000 


Final LogLikelihood: -1058.981174

AIC score: 2197.962347 / AICc score: 2220.899410 / BIC score: 2326.559778
Free parameters (model + branch lengths): 40

WARNING: Best ML tree contains 3 near-zero branches!

Best ML tree with collapsed near-zero branches saved to: /home/fili/Documents/KIT/2023/BA/code/output/families/ssim_NE_s20_f100_sites200_GTR_bl1.0_d0.0_l0.0_t0.0_gc0.0_p0.0_pop10_ms0.0_mf0.0_seed14976684177860080345/families/family_064/misc/raxml_output.F81.raxml.bestTreeCollapsed
Best ML tree saved to: /home/fili/Documents/KIT/2023/BA/code/output/families/ssim_NE_s20_f100_sites200_GTR_bl1.0_d0.0_l0.0_t0.0_gc0.0_p0.0_pop10_ms0.0_mf0.0_seed14976684177860080345/families/family_064/misc/raxml_output.F81.raxml.bestTree
All ML trees saved to: /home/fili/Documents/KIT/2023/BA/code/output/families/ssim_NE_s20_f100_sites200_GTR_bl1.0_d0.0_l0.0_t0.0_gc0.0_p0.0_pop10_ms0.0_mf0.0_seed14976684177860080345/families/family_064/misc/raxml_output.F81.raxml.mlTrees
Optimized model saved to: /home/fili/Documents/KIT/2023/BA/code/output/families/ssim_NE_s20_f100_sites200_GTR_bl1.0_d0.0_l0.0_t0.0_gc0.0_p0.0_pop10_ms0.0_mf0.0_seed14976684177860080345/families/family_064/misc/raxml_output.F81.raxml.bestModel

Execution log saved to: /home/fili/Documents/KIT/2023/BA/code/output/families/ssim_NE_s20_f100_sites200_GTR_bl1.0_d0.0_l0.0_t0.0_gc0.0_p0.0_pop10_ms0.0_mf0.0_seed14976684177860080345/families/family_064/misc/raxml_output.F81.raxml.log

Analysis started: 27-Jun-2023 13:52:06 / finished: 27-Jun-2023 13:52:06

Elapsed time: 0.202 seconds

