
RAxML-NG v. 1.1.0 released on 29.11.2021 by The Exelixis Lab.
Developed by: Alexey M. Kozlov and Alexandros Stamatakis.
Contributors: Diego Darriba, Tomas Flouri, Benoit Morel, Sarah Lutteropp, Ben Bettisworth.
Latest version: https://github.com/amkozlov/raxml-ng
Questions/problems/suggestions? Please visit: https://groups.google.com/forum/#!forum/raxml

System: AMD Ryzen 7 5800X 8-Core Processor, 8 cores, 31 GB RAM

RAxML-NG was called at 27-Jun-2023 13:43:21 as follows:

/home/fili/Documents/KIT/2023/BA/resources/tools/RAxML-NG/raxml-ng --msa /home/fili/Documents/KIT/2023/BA/code/output/families/ssim_DL_s20_f100_sites200_GTR_bl1.0_d1.0_l1.0_t0.0_gc0.0_p0.0_pop10_ms0.0_mf0.0_seed14976684177860080345/families/family_069/alignment.msa --model F81 --prefix /home/fili/Documents/KIT/2023/BA/code/output/families/ssim_DL_s20_f100_sites200_GTR_bl1.0_d1.0_l1.0_t0.0_gc0.0_p0.0_pop10_ms0.0_mf0.0_seed14976684177860080345/families/family_069/misc/raxml_output.F81

Analysis options:
  run mode: ML tree search
  start tree(s): random (10) + parsimony (10)
  random seed: 1687866201
  tip-inner: OFF
  pattern compression: ON
  per-rate scalers: OFF
  site repeats: ON
  fast spr radius: AUTO
  spr subtree cutoff: 1.000000
  branch lengths: proportional (ML estimate, algorithm: NR-FAST)
  SIMD kernels: AVX2
  parallelization: coarse-grained (auto), PTHREADS (auto)

[00:00:00] Reading alignment from file: /home/fili/Documents/KIT/2023/BA/code/output/families/ssim_DL_s20_f100_sites200_GTR_bl1.0_d1.0_l1.0_t0.0_gc0.0_p0.0_pop10_ms0.0_mf0.0_seed14976684177860080345/families/family_069/alignment.msa
[00:00:00] Loaded alignment with 14 taxa and 252 sites

WARNING: Sequences 1_0_0 and 7_0_0 are exactly identical!
WARNING: Duplicate sequences found: 1

NOTE: Reduced alignment (with duplicates and gap-only sites/taxa removed) 
NOTE: was saved to: /home/fili/Documents/KIT/2023/BA/code/output/families/ssim_DL_s20_f100_sites200_GTR_bl1.0_d1.0_l1.0_t0.0_gc0.0_p0.0_pop10_ms0.0_mf0.0_seed14976684177860080345/families/family_069/misc/raxml_output.F81.raxml.reduced.phy

Alignment comprises 1 partitions and 52 patterns

Partition 0: noname
Model: F81+FO
Alignment sites / patterns: 252 / 52
Gaps: 0.00 %
Invariant sites: 68.65 %


NOTE: Binary MSA file created: /home/fili/Documents/KIT/2023/BA/code/output/families/ssim_DL_s20_f100_sites200_GTR_bl1.0_d1.0_l1.0_t0.0_gc0.0_p0.0_pop10_ms0.0_mf0.0_seed14976684177860080345/families/family_069/misc/raxml_output.F81.raxml.rba

Parallelization scheme autoconfig: 8 worker(s) x 1 thread(s)

Parallel reduction/worker buffer size: 1 KB  / 0 KB

[00:00:00] Generating 10 random starting tree(s) with 14 taxa
[00:00:00] Generating 10 parsimony starting tree(s) with 14 taxa
[00:00:00] Data distribution: max. partitions/sites/weight per thread: 1 / 52 / 208
[00:00:00] Data distribution: max. searches per worker: 3

Starting ML tree search with 20 distinct starting trees

[00:00:00 -1727.577895] Initial branch length optimization
[00:00:00 -1422.540077] Model parameter optimization (eps = 10.000000)
[00:00:00 -1403.765722] AUTODETECT spr round 1 (radius: 5)
[00:00:00 -846.083766] AUTODETECT spr round 2 (radius: 10)
[00:00:00 -846.083766] SPR radius for FAST iterations: 5 (autodetect)
[00:00:00 -846.083766] Model parameter optimization (eps = 3.000000)
[00:00:00 -842.859760] FAST spr round 1 (radius: 5)
[00:00:00 -839.734616] FAST spr round 2 (radius: 5)
[00:00:00 -839.012158] FAST spr round 3 (radius: 5)
[00:00:00] [worker #3] ML tree search #4, logLikelihood: -838.917630
[00:00:00] [worker #7] ML tree search #8, logLikelihood: -838.917630
[00:00:00] [worker #4] ML tree search #5, logLikelihood: -838.917630
[00:00:00 -839.012059] Model parameter optimization (eps = 1.000000)
[00:00:00] [worker #1] ML tree search #2, logLikelihood: -838.917630
[00:00:00 -838.996898] SLOW spr round 1 (radius: 5)
[00:00:00] [worker #2] ML tree search #3, logLikelihood: -838.917630
[00:00:00] [worker #6] ML tree search #7, logLikelihood: -838.917630
[00:00:00 -838.918705] SLOW spr round 2 (radius: 10)
[00:00:00] [worker #5] ML tree search #6, logLikelihood: -838.917630
[00:00:00 -838.918704] Model parameter optimization (eps = 0.100000)

[00:00:00] [worker #0] ML tree search #1, logLikelihood: -838.917630

[00:00:00 -1625.416486] Initial branch length optimization
[00:00:00] [worker #4] ML tree search #13, logLikelihood: -838.917630
[00:00:00 -1291.607818] Model parameter optimization (eps = 10.000000)
[00:00:00] [worker #2] ML tree search #11, logLikelihood: -838.917630
[00:00:00 -1273.009175] AUTODETECT spr round 1 (radius: 5)
[00:00:00] [worker #1] ML tree search #10, logLikelihood: -838.917630
[00:00:00] [worker #3] ML tree search #12, logLikelihood: -838.917630
[00:00:00 -841.079212] AUTODETECT spr round 2 (radius: 10)
[00:00:00] [worker #7] ML tree search #16, logLikelihood: -838.917630
[00:00:00 -841.078925] SPR radius for FAST iterations: 5 (autodetect)
[00:00:00 -841.078925] Model parameter optimization (eps = 3.000000)
[00:00:00 -838.917825] FAST spr round 1 (radius: 5)
[00:00:00] [worker #6] ML tree search #15, logLikelihood: -838.917630
[00:00:00 -838.917656] Model parameter optimization (eps = 1.000000)
[00:00:00 -838.917631] SLOW spr round 1 (radius: 5)
[00:00:00] [worker #2] ML tree search #19, logLikelihood: -838.917630
[00:00:00 -838.917631] SLOW spr round 2 (radius: 10)
[00:00:00] [worker #3] ML tree search #20, logLikelihood: -838.917630
[00:00:00] [worker #5] ML tree search #14, logLikelihood: -838.917630
[00:00:00] [worker #1] ML tree search #18, logLikelihood: -838.917630
[00:00:00 -838.917631] Model parameter optimization (eps = 0.100000)

[00:00:00] [worker #0] ML tree search #9, logLikelihood: -838.917630

[00:00:00 -1278.149781] Initial branch length optimization
[00:00:00 -857.703403] Model parameter optimization (eps = 10.000000)
[00:00:00 -847.352226] AUTODETECT spr round 1 (radius: 5)
[00:00:00 -839.535450] AUTODETECT spr round 2 (radius: 10)
[00:00:00 -839.535450] SPR radius for FAST iterations: 5 (autodetect)
[00:00:00 -839.535450] Model parameter optimization (eps = 3.000000)
[00:00:00 -839.526621] FAST spr round 1 (radius: 5)
[00:00:00 -839.526621] Model parameter optimization (eps = 1.000000)
[00:00:00 -839.526621] SLOW spr round 1 (radius: 5)
[00:00:00 -838.997116] SLOW spr round 2 (radius: 5)
[00:00:00 -838.919150] SLOW spr round 3 (radius: 10)
[00:00:00 -838.919150] Model parameter optimization (eps = 0.100000)

[00:00:00] [worker #0] ML tree search #17, logLikelihood: -838.917630


Optimized model parameters:

   Partition 0: noname
   Rate heterogeneity: NONE
   Base frequencies (ML): 0.248363 0.157576 0.306472 0.287589 
   Substitution rates (model): 1.000000 1.000000 1.000000 1.000000 1.000000 1.000000 


Final LogLikelihood: -838.917630

AIC score: 1733.835259 / AICc score: 1741.117770 / BIC score: 1832.659274
Free parameters (model + branch lengths): 28

WARNING: Best ML tree contains 2 near-zero branches!

Best ML tree with collapsed near-zero branches saved to: /home/fili/Documents/KIT/2023/BA/code/output/families/ssim_DL_s20_f100_sites200_GTR_bl1.0_d1.0_l1.0_t0.0_gc0.0_p0.0_pop10_ms0.0_mf0.0_seed14976684177860080345/families/family_069/misc/raxml_output.F81.raxml.bestTreeCollapsed
Best ML tree saved to: /home/fili/Documents/KIT/2023/BA/code/output/families/ssim_DL_s20_f100_sites200_GTR_bl1.0_d1.0_l1.0_t0.0_gc0.0_p0.0_pop10_ms0.0_mf0.0_seed14976684177860080345/families/family_069/misc/raxml_output.F81.raxml.bestTree
All ML trees saved to: /home/fili/Documents/KIT/2023/BA/code/output/families/ssim_DL_s20_f100_sites200_GTR_bl1.0_d1.0_l1.0_t0.0_gc0.0_p0.0_pop10_ms0.0_mf0.0_seed14976684177860080345/families/family_069/misc/raxml_output.F81.raxml.mlTrees
Optimized model saved to: /home/fili/Documents/KIT/2023/BA/code/output/families/ssim_DL_s20_f100_sites200_GTR_bl1.0_d1.0_l1.0_t0.0_gc0.0_p0.0_pop10_ms0.0_mf0.0_seed14976684177860080345/families/family_069/misc/raxml_output.F81.raxml.bestModel

Execution log saved to: /home/fili/Documents/KIT/2023/BA/code/output/families/ssim_DL_s20_f100_sites200_GTR_bl1.0_d1.0_l1.0_t0.0_gc0.0_p0.0_pop10_ms0.0_mf0.0_seed14976684177860080345/families/family_069/misc/raxml_output.F81.raxml.log

Analysis started: 27-Jun-2023 13:43:21 / finished: 27-Jun-2023 13:43:22

Elapsed time: 0.131 seconds

