
RAxML-NG v. 1.1.0 released on 29.11.2021 by The Exelixis Lab.
Developed by: Alexey M. Kozlov and Alexandros Stamatakis.
Contributors: Diego Darriba, Tomas Flouri, Benoit Morel, Sarah Lutteropp, Ben Bettisworth.
Latest version: https://github.com/amkozlov/raxml-ng
Questions/problems/suggestions? Please visit: https://groups.google.com/forum/#!forum/raxml

System: AMD Ryzen 7 5800X 8-Core Processor, 8 cores, 31 GB RAM

RAxML-NG was called at 27-Jun-2023 13:02:16 as follows:

/home/fili/Documents/KIT/2023/BA/resources/tools/RAxML-NG/raxml-ng --msa /home/fili/Documents/KIT/2023/BA/code/output/families/ssim_DL_s20_f100_sites200_GTR_bl1.0_d1.0_l1.0_t0.0_gc0.0_p0.0_pop10_ms0.0_mf0.0_seed1007/families/family_023/alignment.msa --model F81 --prefix /home/fili/Documents/KIT/2023/BA/code/output/families/ssim_DL_s20_f100_sites200_GTR_bl1.0_d1.0_l1.0_t0.0_gc0.0_p0.0_pop10_ms0.0_mf0.0_seed1007/families/family_023/misc/raxml_output.F81

Analysis options:
  run mode: ML tree search
  start tree(s): random (10) + parsimony (10)
  random seed: 1687863736
  tip-inner: OFF
  pattern compression: ON
  per-rate scalers: OFF
  site repeats: ON
  fast spr radius: AUTO
  spr subtree cutoff: 1.000000
  branch lengths: proportional (ML estimate, algorithm: NR-FAST)
  SIMD kernels: AVX2
  parallelization: coarse-grained (auto), PTHREADS (auto)

[00:00:00] Reading alignment from file: /home/fili/Documents/KIT/2023/BA/code/output/families/ssim_DL_s20_f100_sites200_GTR_bl1.0_d1.0_l1.0_t0.0_gc0.0_p0.0_pop10_ms0.0_mf0.0_seed1007/families/family_023/alignment.msa
[00:00:00] Loaded alignment with 21 taxa and 192 sites

WARNING: Sequences 12_0_0 and 19_0_0 are exactly identical!
WARNING: Sequences 19_1_0 and 12_1_0 are exactly identical!
WARNING: Duplicate sequences found: 2

NOTE: Reduced alignment (with duplicates and gap-only sites/taxa removed) 
NOTE: was saved to: /home/fili/Documents/KIT/2023/BA/code/output/families/ssim_DL_s20_f100_sites200_GTR_bl1.0_d1.0_l1.0_t0.0_gc0.0_p0.0_pop10_ms0.0_mf0.0_seed1007/families/family_023/misc/raxml_output.F81.raxml.reduced.phy

Alignment comprises 1 partitions and 141 patterns

Partition 0: noname
Model: F81+FO
Alignment sites / patterns: 192 / 141
Gaps: 0.00 %
Invariant sites: 20.31 %


NOTE: Binary MSA file created: /home/fili/Documents/KIT/2023/BA/code/output/families/ssim_DL_s20_f100_sites200_GTR_bl1.0_d1.0_l1.0_t0.0_gc0.0_p0.0_pop10_ms0.0_mf0.0_seed1007/families/family_023/misc/raxml_output.F81.raxml.rba

Parallelization scheme autoconfig: 8 worker(s) x 1 thread(s)

Parallel reduction/worker buffer size: 1 KB  / 0 KB

[00:00:00] Generating 10 random starting tree(s) with 21 taxa
[00:00:00] Generating 10 parsimony starting tree(s) with 21 taxa
[00:00:00] Data distribution: max. partitions/sites/weight per thread: 1 / 141 / 564
[00:00:00] Data distribution: max. searches per worker: 3

Starting ML tree search with 20 distinct starting trees

[00:00:00 -3120.552560] Initial branch length optimization
[00:00:00 -2767.911412] Model parameter optimization (eps = 10.000000)
[00:00:00 -2639.354506] AUTODETECT spr round 1 (radius: 5)
[00:00:00 -1794.270911] AUTODETECT spr round 2 (radius: 10)
[00:00:00 -1783.143448] AUTODETECT spr round 3 (radius: 15)
[00:00:00 -1783.130377] SPR radius for FAST iterations: 10 (autodetect)
[00:00:00 -1783.130377] Model parameter optimization (eps = 3.000000)
[00:00:00 -1781.549721] FAST spr round 1 (radius: 10)
[00:00:00 -1731.429853] FAST spr round 2 (radius: 10)
[00:00:00 -1725.161547] FAST spr round 3 (radius: 10)
[00:00:00] [worker #6] ML tree search #7, logLikelihood: -1725.133971
[00:00:00 -1725.161514] Model parameter optimization (eps = 1.000000)
[00:00:00] [worker #5] ML tree search #6, logLikelihood: -1725.133971
[00:00:00 -1725.134067] SLOW spr round 1 (radius: 5)
[00:00:00] [worker #1] ML tree search #2, logLikelihood: -1725.133972
[00:00:00] [worker #4] ML tree search #5, logLikelihood: -1725.133970
[00:00:00] [worker #2] ML tree search #3, logLikelihood: -1725.133973
[00:00:00] [worker #3] ML tree search #4, logLikelihood: -1725.133970
[00:00:00 -1725.134011] SLOW spr round 2 (radius: 10)
[00:00:00] [worker #6] ML tree search #15, logLikelihood: -1725.133972
[00:00:00 -1725.134011] SLOW spr round 3 (radius: 15)
[00:00:00 -1725.134011] SLOW spr round 4 (radius: 20)
[00:00:00] [worker #5] ML tree search #14, logLikelihood: -1725.133971
[00:00:00 -1725.134011] Model parameter optimization (eps = 0.100000)

[00:00:00] [worker #0] ML tree search #1, logLikelihood: -1725.133981

[00:00:00] [worker #2] ML tree search #11, logLikelihood: -1725.133971
[00:00:00] [worker #4] ML tree search #13, logLikelihood: -1725.133970
[00:00:00 -3157.492858] Initial branch length optimization
[00:00:00 -2704.666508] Model parameter optimization (eps = 10.000000)
[00:00:00] [worker #3] ML tree search #12, logLikelihood: -1725.133970
[00:00:00] [worker #7] ML tree search #8, logLikelihood: -1725.133974
[00:00:00] [worker #1] ML tree search #10, logLikelihood: -1725.133971
[00:00:00 -2582.332540] AUTODETECT spr round 1 (radius: 5)
[00:00:00 -1754.677420] AUTODETECT spr round 2 (radius: 10)
[00:00:00 -1754.671531] SPR radius for FAST iterations: 5 (autodetect)
[00:00:00 -1754.671531] Model parameter optimization (eps = 3.000000)
[00:00:00 -1752.536449] FAST spr round 1 (radius: 5)
[00:00:00 -1725.216710] FAST spr round 2 (radius: 5)
[00:00:00 -1725.216705] Model parameter optimization (eps = 1.000000)
[00:00:00 -1725.134279] SLOW spr round 1 (radius: 5)
[00:00:00] [worker #3] ML tree search #20, logLikelihood: -1725.133972
[00:00:00] [worker #1] ML tree search #18, logLikelihood: -1725.133972
[00:00:00] [worker #2] ML tree search #19, logLikelihood: -1725.133971
[00:00:00 -1725.134085] SLOW spr round 2 (radius: 10)
[00:00:00] [worker #7] ML tree search #16, logLikelihood: -1725.133971
[00:00:00 -1725.134085] SLOW spr round 3 (radius: 15)
[00:00:00 -1725.134085] SLOW spr round 4 (radius: 20)
[00:00:00 -1725.134085] Model parameter optimization (eps = 0.100000)

[00:00:00] [worker #0] ML tree search #9, logLikelihood: -1725.133972

[00:00:00 -2108.506568] Initial branch length optimization
[00:00:00 -1827.158223] Model parameter optimization (eps = 10.000000)
[00:00:00 -1733.279696] AUTODETECT spr round 1 (radius: 5)
[00:00:00 -1725.145542] AUTODETECT spr round 2 (radius: 10)
[00:00:00 -1725.144949] SPR radius for FAST iterations: 5 (autodetect)
[00:00:00 -1725.144949] Model parameter optimization (eps = 3.000000)
[00:00:00 -1725.133997] FAST spr round 1 (radius: 5)
[00:00:00 -1725.133983] Model parameter optimization (eps = 1.000000)
[00:00:00 -1725.133975] SLOW spr round 1 (radius: 5)
[00:00:00 -1725.133975] SLOW spr round 2 (radius: 10)
[00:00:00 -1725.133975] SLOW spr round 3 (radius: 15)
[00:00:00 -1725.133975] SLOW spr round 4 (radius: 20)
[00:00:00 -1725.133975] Model parameter optimization (eps = 0.100000)

[00:00:00] [worker #0] ML tree search #17, logLikelihood: -1725.133974


Optimized model parameters:

   Partition 0: noname
   Rate heterogeneity: NONE
   Base frequencies (ML): 0.382134 0.108024 0.396761 0.113081 
   Substitution rates (model): 1.000000 1.000000 1.000000 1.000000 1.000000 1.000000 


Final LogLikelihood: -1725.133970

AIC score: 3534.267941 / AICc score: 3558.509551 / BIC score: 3671.082746
Free parameters (model + branch lengths): 42

Best ML tree saved to: /home/fili/Documents/KIT/2023/BA/code/output/families/ssim_DL_s20_f100_sites200_GTR_bl1.0_d1.0_l1.0_t0.0_gc0.0_p0.0_pop10_ms0.0_mf0.0_seed1007/families/family_023/misc/raxml_output.F81.raxml.bestTree
All ML trees saved to: /home/fili/Documents/KIT/2023/BA/code/output/families/ssim_DL_s20_f100_sites200_GTR_bl1.0_d1.0_l1.0_t0.0_gc0.0_p0.0_pop10_ms0.0_mf0.0_seed1007/families/family_023/misc/raxml_output.F81.raxml.mlTrees
Optimized model saved to: /home/fili/Documents/KIT/2023/BA/code/output/families/ssim_DL_s20_f100_sites200_GTR_bl1.0_d1.0_l1.0_t0.0_gc0.0_p0.0_pop10_ms0.0_mf0.0_seed1007/families/family_023/misc/raxml_output.F81.raxml.bestModel

Execution log saved to: /home/fili/Documents/KIT/2023/BA/code/output/families/ssim_DL_s20_f100_sites200_GTR_bl1.0_d1.0_l1.0_t0.0_gc0.0_p0.0_pop10_ms0.0_mf0.0_seed1007/families/family_023/misc/raxml_output.F81.raxml.log

Analysis started: 27-Jun-2023 13:02:16 / finished: 27-Jun-2023 13:02:16

Elapsed time: 0.363 seconds

