
RAxML-NG v. 1.1.0 released on 29.11.2021 by The Exelixis Lab.
Developed by: Alexey M. Kozlov and Alexandros Stamatakis.
Contributors: Diego Darriba, Tomas Flouri, Benoit Morel, Sarah Lutteropp, Ben Bettisworth.
Latest version: https://github.com/amkozlov/raxml-ng
Questions/problems/suggestions? Please visit: https://groups.google.com/forum/#!forum/raxml

System: AMD Ryzen 7 5800X 8-Core Processor, 8 cores, 31 GB RAM

RAxML-NG was called at 27-Jun-2023 13:05:47 as follows:

/home/fili/Documents/KIT/2023/BA/resources/tools/RAxML-NG/raxml-ng --msa /home/fili/Documents/KIT/2023/BA/code/output/families/ssim_DL_s20_f100_sites200_GTR_bl1.0_d1.0_l1.0_t0.0_gc0.0_p0.0_pop10_ms0.0_mf0.0_seed19732311/families/family_046/alignment.msa --model F81 --prefix /home/fili/Documents/KIT/2023/BA/code/output/families/ssim_DL_s20_f100_sites200_GTR_bl1.0_d1.0_l1.0_t0.0_gc0.0_p0.0_pop10_ms0.0_mf0.0_seed19732311/families/family_046/misc/raxml_output.F81

Analysis options:
  run mode: ML tree search
  start tree(s): random (10) + parsimony (10)
  random seed: 1687863947
  tip-inner: OFF
  pattern compression: ON
  per-rate scalers: OFF
  site repeats: ON
  fast spr radius: AUTO
  spr subtree cutoff: 1.000000
  branch lengths: proportional (ML estimate, algorithm: NR-FAST)
  SIMD kernels: AVX2
  parallelization: coarse-grained (auto), PTHREADS (auto)

[00:00:00] Reading alignment from file: /home/fili/Documents/KIT/2023/BA/code/output/families/ssim_DL_s20_f100_sites200_GTR_bl1.0_d1.0_l1.0_t0.0_gc0.0_p0.0_pop10_ms0.0_mf0.0_seed19732311/families/family_046/alignment.msa
[00:00:00] Loaded alignment with 19 taxa and 296 sites

Alignment comprises 1 partitions and 118 patterns

Partition 0: noname
Model: F81+FO
Alignment sites / patterns: 296 / 118
Gaps: 0.00 %
Invariant sites: 45.95 %


NOTE: Binary MSA file created: /home/fili/Documents/KIT/2023/BA/code/output/families/ssim_DL_s20_f100_sites200_GTR_bl1.0_d1.0_l1.0_t0.0_gc0.0_p0.0_pop10_ms0.0_mf0.0_seed19732311/families/family_046/misc/raxml_output.F81.raxml.rba

Parallelization scheme autoconfig: 8 worker(s) x 1 thread(s)

Parallel reduction/worker buffer size: 1 KB  / 0 KB

[00:00:00] Generating 10 random starting tree(s) with 19 taxa
[00:00:00] Generating 10 parsimony starting tree(s) with 19 taxa
[00:00:00] Data distribution: max. partitions/sites/weight per thread: 1 / 118 / 472
[00:00:00] Data distribution: max. searches per worker: 3

Starting ML tree search with 20 distinct starting trees

[00:00:00 -4134.552846] Initial branch length optimization
[00:00:00 -3620.312746] Model parameter optimization (eps = 10.000000)
[00:00:00 -3468.175152] AUTODETECT spr round 1 (radius: 5)
[00:00:00 -2119.044091] AUTODETECT spr round 2 (radius: 10)
[00:00:00 -1893.360958] AUTODETECT spr round 3 (radius: 15)
[00:00:00 -1893.360953] SPR radius for FAST iterations: 10 (autodetect)
[00:00:00 -1893.360953] Model parameter optimization (eps = 3.000000)
[00:00:00 -1892.598300] FAST spr round 1 (radius: 10)
[00:00:00 -1697.949487] FAST spr round 2 (radius: 10)
[00:00:00 -1692.078737] FAST spr round 3 (radius: 10)
[00:00:00 -1692.078734] Model parameter optimization (eps = 1.000000)
[00:00:00 -1691.792717] SLOW spr round 1 (radius: 5)
[00:00:00] [worker #4] ML tree search #5, logLikelihood: -1691.792068
[00:00:00] [worker #1] ML tree search #2, logLikelihood: -1691.792066
[00:00:00 -1691.792140] SLOW spr round 2 (radius: 10)
[00:00:00] [worker #5] ML tree search #6, logLikelihood: -1691.792067
[00:00:00] [worker #3] ML tree search #4, logLikelihood: -1691.792066
[00:00:00] [worker #2] ML tree search #3, logLikelihood: -1691.792068
[00:00:00] [worker #7] ML tree search #8, logLikelihood: -1691.792069
[00:00:00 -1691.792113] SLOW spr round 3 (radius: 15)
[00:00:00 -1691.792111] Model parameter optimization (eps = 0.100000)

[00:00:00] [worker #0] ML tree search #1, logLikelihood: -1691.792067

[00:00:00 -4097.040056] Initial branch length optimization
[00:00:00 -3637.864167] Model parameter optimization (eps = 10.000000)
[00:00:00] [worker #6] ML tree search #7, logLikelihood: -1691.792068
[00:00:00 -3451.573435] AUTODETECT spr round 1 (radius: 5)
[00:00:00 -1759.459243] AUTODETECT spr round 2 (radius: 10)
[00:00:00 -1712.303238] AUTODETECT spr round 3 (radius: 15)
[00:00:00 -1712.302739] SPR radius for FAST iterations: 10 (autodetect)
[00:00:00 -1712.302739] Model parameter optimization (eps = 3.000000)
[00:00:00 -1708.874319] FAST spr round 1 (radius: 10)
[00:00:00 -1699.182108] FAST spr round 2 (radius: 10)
[00:00:00] [worker #4] ML tree search #13, logLikelihood: -1691.792066
[00:00:00 -1691.866834] FAST spr round 3 (radius: 10)
[00:00:00] [worker #5] ML tree search #14, logLikelihood: -1691.792066
[00:00:00] [worker #3] ML tree search #12, logLikelihood: -1691.792066
[00:00:00 -1691.866338] Model parameter optimization (eps = 1.000000)
[00:00:00 -1691.792474] SLOW spr round 1 (radius: 5)
[00:00:00] [worker #2] ML tree search #11, logLikelihood: -1691.792067
[00:00:00] [worker #7] ML tree search #16, logLikelihood: -1691.792066
[00:00:00] [worker #6] ML tree search #15, logLikelihood: -1691.792066
[00:00:00 -1691.792096] SLOW spr round 2 (radius: 10)
[00:00:00] [worker #1] ML tree search #10, logLikelihood: -1691.792067
[00:00:00 -1691.792084] SLOW spr round 3 (radius: 15)
[00:00:00 -1691.792083] Model parameter optimization (eps = 0.100000)

[00:00:00] [worker #0] ML tree search #9, logLikelihood: -1691.792066

[00:00:00 -2319.674411] Initial branch length optimization
[00:00:00 -1756.503364] Model parameter optimization (eps = 10.000000)
[00:00:00 -1696.935364] AUTODETECT spr round 1 (radius: 5)
[00:00:00 -1695.111452] AUTODETECT spr round 2 (radius: 10)
[00:00:00 -1695.110555] SPR radius for FAST iterations: 5 (autodetect)
[00:00:00 -1695.110555] Model parameter optimization (eps = 3.000000)
[00:00:00] [worker #3] ML tree search #20, logLikelihood: -1691.792066
[00:00:00 -1695.108682] FAST spr round 1 (radius: 5)
[00:00:00] [worker #2] ML tree search #19, logLikelihood: -1691.792066
[00:00:00 -1691.794574] FAST spr round 2 (radius: 5)
[00:00:00 -1691.794530] Model parameter optimization (eps = 1.000000)
[00:00:00 -1691.792238] SLOW spr round 1 (radius: 5)
[00:00:00] [worker #1] ML tree search #18, logLikelihood: -1691.792066
[00:00:00 -1691.792067] SLOW spr round 2 (radius: 10)
[00:00:00 -1691.792067] SLOW spr round 3 (radius: 15)
[00:00:00 -1691.792067] Model parameter optimization (eps = 0.100000)

[00:00:00] [worker #0] ML tree search #17, logLikelihood: -1691.792066


Optimized model parameters:

   Partition 0: noname
   Rate heterogeneity: NONE
   Base frequencies (ML): 0.387793 0.121865 0.328537 0.161806 
   Substitution rates (model): 1.000000 1.000000 1.000000 1.000000 1.000000 1.000000 


Final LogLikelihood: -1691.792066

AIC score: 3459.584132 / AICc score: 3471.117206 / BIC score: 3599.817791
Free parameters (model + branch lengths): 38

WARNING: Best ML tree contains 2 near-zero branches!

Best ML tree with collapsed near-zero branches saved to: /home/fili/Documents/KIT/2023/BA/code/output/families/ssim_DL_s20_f100_sites200_GTR_bl1.0_d1.0_l1.0_t0.0_gc0.0_p0.0_pop10_ms0.0_mf0.0_seed19732311/families/family_046/misc/raxml_output.F81.raxml.bestTreeCollapsed
Best ML tree saved to: /home/fili/Documents/KIT/2023/BA/code/output/families/ssim_DL_s20_f100_sites200_GTR_bl1.0_d1.0_l1.0_t0.0_gc0.0_p0.0_pop10_ms0.0_mf0.0_seed19732311/families/family_046/misc/raxml_output.F81.raxml.bestTree
All ML trees saved to: /home/fili/Documents/KIT/2023/BA/code/output/families/ssim_DL_s20_f100_sites200_GTR_bl1.0_d1.0_l1.0_t0.0_gc0.0_p0.0_pop10_ms0.0_mf0.0_seed19732311/families/family_046/misc/raxml_output.F81.raxml.mlTrees
Optimized model saved to: /home/fili/Documents/KIT/2023/BA/code/output/families/ssim_DL_s20_f100_sites200_GTR_bl1.0_d1.0_l1.0_t0.0_gc0.0_p0.0_pop10_ms0.0_mf0.0_seed19732311/families/family_046/misc/raxml_output.F81.raxml.bestModel

Execution log saved to: /home/fili/Documents/KIT/2023/BA/code/output/families/ssim_DL_s20_f100_sites200_GTR_bl1.0_d1.0_l1.0_t0.0_gc0.0_p0.0_pop10_ms0.0_mf0.0_seed19732311/families/family_046/misc/raxml_output.F81.raxml.log

Analysis started: 27-Jun-2023 13:05:47 / finished: 27-Jun-2023 13:05:47

Elapsed time: 0.204 seconds

