
RAxML-NG v. 1.1.0 released on 29.11.2021 by The Exelixis Lab.
Developed by: Alexey M. Kozlov and Alexandros Stamatakis.
Contributors: Diego Darriba, Tomas Flouri, Benoit Morel, Sarah Lutteropp, Ben Bettisworth.
Latest version: https://github.com/amkozlov/raxml-ng
Questions/problems/suggestions? Please visit: https://groups.google.com/forum/#!forum/raxml

System: AMD Ryzen 7 5800X 8-Core Processor, 8 cores, 31 GB RAM

RAxML-NG was called at 27-Jun-2023 13:04:21 as follows:

/home/fili/Documents/KIT/2023/BA/resources/tools/RAxML-NG/raxml-ng --msa /home/fili/Documents/KIT/2023/BA/code/output/families/ssim_DL_s20_f100_sites200_GTR_bl1.0_d1.0_l1.0_t0.0_gc0.0_p0.0_pop10_ms0.0_mf0.0_seed19732311/families/family_095/alignment.msa --model F81 --prefix /home/fili/Documents/KIT/2023/BA/code/output/families/ssim_DL_s20_f100_sites200_GTR_bl1.0_d1.0_l1.0_t0.0_gc0.0_p0.0_pop10_ms0.0_mf0.0_seed19732311/families/family_095/misc/raxml_output.F81

Analysis options:
  run mode: ML tree search
  start tree(s): random (10) + parsimony (10)
  random seed: 1687863861
  tip-inner: OFF
  pattern compression: ON
  per-rate scalers: OFF
  site repeats: ON
  fast spr radius: AUTO
  spr subtree cutoff: 1.000000
  branch lengths: proportional (ML estimate, algorithm: NR-FAST)
  SIMD kernels: AVX2
  parallelization: coarse-grained (auto), PTHREADS (auto)

[00:00:00] Reading alignment from file: /home/fili/Documents/KIT/2023/BA/code/output/families/ssim_DL_s20_f100_sites200_GTR_bl1.0_d1.0_l1.0_t0.0_gc0.0_p0.0_pop10_ms0.0_mf0.0_seed19732311/families/family_095/alignment.msa
[00:00:00] Loaded alignment with 83 taxa and 211 sites

WARNING: Sequences 8_34_0 and 8_38_0 are exactly identical!
WARNING: Sequences 20_9_0 and 8_9_0 are exactly identical!
WARNING: Sequences 9_10_0 and 9_20_0 are exactly identical!
WARNING: Sequences 20_31_0 and 8_31_0 are exactly identical!
WARNING: Duplicate sequences found: 4

NOTE: Reduced alignment (with duplicates and gap-only sites/taxa removed) 
NOTE: was saved to: /home/fili/Documents/KIT/2023/BA/code/output/families/ssim_DL_s20_f100_sites200_GTR_bl1.0_d1.0_l1.0_t0.0_gc0.0_p0.0_pop10_ms0.0_mf0.0_seed19732311/families/family_095/misc/raxml_output.F81.raxml.reduced.phy

Alignment comprises 1 partitions and 179 patterns

Partition 0: noname
Model: F81+FO
Alignment sites / patterns: 211 / 179
Gaps: 0.00 %
Invariant sites: 16.11 %


NOTE: Binary MSA file created: /home/fili/Documents/KIT/2023/BA/code/output/families/ssim_DL_s20_f100_sites200_GTR_bl1.0_d1.0_l1.0_t0.0_gc0.0_p0.0_pop10_ms0.0_mf0.0_seed19732311/families/family_095/misc/raxml_output.F81.raxml.rba

Parallelization scheme autoconfig: 8 worker(s) x 1 thread(s)

Parallel reduction/worker buffer size: 1 KB  / 0 KB

[00:00:00] Generating 10 random starting tree(s) with 83 taxa
[00:00:00] Generating 10 parsimony starting tree(s) with 83 taxa
[00:00:00] Data distribution: max. partitions/sites/weight per thread: 1 / 179 / 716
[00:00:00] Data distribution: max. searches per worker: 3

Starting ML tree search with 20 distinct starting trees

[00:00:00 -12740.140717] Initial branch length optimization
[00:00:00 -10995.156647] Model parameter optimization (eps = 10.000000)
[00:00:00 -10437.252011] AUTODETECT spr round 1 (radius: 5)
[00:00:00 -5648.347877] AUTODETECT spr round 2 (radius: 10)
[00:00:00 -4652.744320] AUTODETECT spr round 3 (radius: 15)
[00:00:00 -4568.679027] AUTODETECT spr round 4 (radius: 20)
[00:00:00 -4568.679020] SPR radius for FAST iterations: 15 (autodetect)
[00:00:00 -4568.679020] Model parameter optimization (eps = 3.000000)
[00:00:00 -4561.371589] FAST spr round 1 (radius: 15)
[00:00:00 -4324.390834] FAST spr round 2 (radius: 15)
[00:00:00 -4318.291187] FAST spr round 3 (radius: 15)
[00:00:00 -4317.194068] FAST spr round 4 (radius: 15)
[00:00:00 -4317.193992] Model parameter optimization (eps = 1.000000)
[00:00:00 -4317.095908] SLOW spr round 1 (radius: 5)
[00:00:00 -4316.171053] SLOW spr round 2 (radius: 5)
[00:00:00 -4315.448165] SLOW spr round 3 (radius: 5)
[00:00:00 -4315.447846] SLOW spr round 4 (radius: 10)
[00:00:00] [worker #5] ML tree search #6, logLikelihood: -4313.135837
[00:00:01 -4315.447840] SLOW spr round 5 (radius: 15)
[00:00:01] [worker #4] ML tree search #5, logLikelihood: -4316.391261
[00:00:01 -4315.447840] SLOW spr round 6 (radius: 20)
[00:00:01] [worker #7] ML tree search #8, logLikelihood: -4314.374047
[00:00:01] [worker #3] ML tree search #4, logLikelihood: -4313.541790
[00:00:01] [worker #2] ML tree search #3, logLikelihood: -4313.135843
[00:00:01] [worker #6] ML tree search #7, logLikelihood: -4316.027752
[00:00:01 -4315.447840] SLOW spr round 7 (radius: 25)
[00:00:01 -4315.447840] Model parameter optimization (eps = 0.100000)

[00:00:01] [worker #0] ML tree search #1, logLikelihood: -4315.441556

[00:00:01 -12649.460087] Initial branch length optimization
[00:00:01 -11162.906217] Model parameter optimization (eps = 10.000000)
[00:00:01 -10608.695220] AUTODETECT spr round 1 (radius: 5)
[00:00:01 -5980.710636] AUTODETECT spr round 2 (radius: 10)
[00:00:01 -4670.541010] AUTODETECT spr round 3 (radius: 15)
[00:00:01 -4642.797544] AUTODETECT spr round 4 (radius: 20)
[00:00:01 -4642.797523] SPR radius for FAST iterations: 15 (autodetect)
[00:00:01 -4642.797523] Model parameter optimization (eps = 3.000000)
[00:00:01 -4636.265297] FAST spr round 1 (radius: 15)
[00:00:01 -4327.859804] FAST spr round 2 (radius: 15)
[00:00:01 -4317.210328] FAST spr round 3 (radius: 15)
[00:00:01 -4315.550600] FAST spr round 4 (radius: 15)
[00:00:01 -4315.550355] Model parameter optimization (eps = 1.000000)
[00:00:01 -4315.468706] SLOW spr round 1 (radius: 5)
[00:00:01] [worker #5] ML tree search #14, logLikelihood: -4313.205589
[00:00:02] [worker #1] ML tree search #2, logLikelihood: -4316.392220
[00:00:02] [worker #4] ML tree search #13, logLikelihood: -4313.697788
[00:00:02 -4314.124374] SLOW spr round 2 (radius: 5)
[00:00:02] [worker #2] ML tree search #11, logLikelihood: -4313.486617
[00:00:02] [worker #7] ML tree search #16, logLikelihood: -4317.794652
[00:00:02] [worker #3] ML tree search #12, logLikelihood: -4316.116663
[00:00:02 -4314.117111] SLOW spr round 3 (radius: 10)
[00:00:02 -4314.117107] SLOW spr round 4 (radius: 15)
[00:00:02] [worker #6] ML tree search #15, logLikelihood: -4314.411573
[00:00:02 -4314.117107] SLOW spr round 5 (radius: 20)
[00:00:02 -4314.117107] SLOW spr round 6 (radius: 25)
[00:00:02 -4314.117107] Model parameter optimization (eps = 0.100000)

[00:00:02] [worker #0] ML tree search #9, logLikelihood: -4314.115664

[00:00:02 -6461.283350] Initial branch length optimization
[00:00:02 -4604.769623] Model parameter optimization (eps = 10.000000)
[00:00:02 -4355.972756] AUTODETECT spr round 1 (radius: 5)
[00:00:02 -4319.996709] AUTODETECT spr round 2 (radius: 10)
[00:00:02 -4319.996581] SPR radius for FAST iterations: 5 (autodetect)
[00:00:02 -4319.996581] Model parameter optimization (eps = 3.000000)
[00:00:02 -4319.940771] FAST spr round 1 (radius: 5)
[00:00:02 -4316.121531] FAST spr round 2 (radius: 5)
[00:00:02 -4315.304601] FAST spr round 3 (radius: 5)
[00:00:02 -4315.304444] Model parameter optimization (eps = 1.000000)
[00:00:02 -4315.297563] SLOW spr round 1 (radius: 5)
[00:00:02] [worker #2] ML tree search #19, logLikelihood: -4315.174284
[00:00:03 -4315.297295] SLOW spr round 2 (radius: 10)
[00:00:03 -4315.297295] SLOW spr round 3 (radius: 15)
[00:00:03] [worker #1] ML tree search #10, logLikelihood: -4315.970698
[00:00:03] [worker #3] ML tree search #20, logLikelihood: -4315.597315
[00:00:03 -4315.297295] SLOW spr round 4 (radius: 20)
[00:00:03 -4315.297295] SLOW spr round 5 (radius: 25)
[00:00:03 -4315.297295] Model parameter optimization (eps = 0.100000)

[00:00:03] [worker #0] ML tree search #17, logLikelihood: -4315.297292

[00:00:04] [worker #1] ML tree search #18, logLikelihood: -4318.895032

Optimized model parameters:

   Partition 0: noname
   Rate heterogeneity: NONE
   Base frequencies (ML): 0.388486 0.073867 0.427256 0.110390 
   Substitution rates (model): 1.000000 1.000000 1.000000 1.000000 1.000000 1.000000 


Final LogLikelihood: -4313.135837

AIC score: 8958.271674 / AICc score: 10218.362583 / BIC score: 9514.680124
Free parameters (model + branch lengths): 166

WARNING: Best ML tree contains 14 near-zero branches!

Best ML tree with collapsed near-zero branches saved to: /home/fili/Documents/KIT/2023/BA/code/output/families/ssim_DL_s20_f100_sites200_GTR_bl1.0_d1.0_l1.0_t0.0_gc0.0_p0.0_pop10_ms0.0_mf0.0_seed19732311/families/family_095/misc/raxml_output.F81.raxml.bestTreeCollapsed
Best ML tree saved to: /home/fili/Documents/KIT/2023/BA/code/output/families/ssim_DL_s20_f100_sites200_GTR_bl1.0_d1.0_l1.0_t0.0_gc0.0_p0.0_pop10_ms0.0_mf0.0_seed19732311/families/family_095/misc/raxml_output.F81.raxml.bestTree
All ML trees saved to: /home/fili/Documents/KIT/2023/BA/code/output/families/ssim_DL_s20_f100_sites200_GTR_bl1.0_d1.0_l1.0_t0.0_gc0.0_p0.0_pop10_ms0.0_mf0.0_seed19732311/families/family_095/misc/raxml_output.F81.raxml.mlTrees
Optimized model saved to: /home/fili/Documents/KIT/2023/BA/code/output/families/ssim_DL_s20_f100_sites200_GTR_bl1.0_d1.0_l1.0_t0.0_gc0.0_p0.0_pop10_ms0.0_mf0.0_seed19732311/families/family_095/misc/raxml_output.F81.raxml.bestModel

Execution log saved to: /home/fili/Documents/KIT/2023/BA/code/output/families/ssim_DL_s20_f100_sites200_GTR_bl1.0_d1.0_l1.0_t0.0_gc0.0_p0.0_pop10_ms0.0_mf0.0_seed19732311/families/family_095/misc/raxml_output.F81.raxml.log

Analysis started: 27-Jun-2023 13:04:21 / finished: 27-Jun-2023 13:04:25

Elapsed time: 4.179 seconds

