
RAxML-NG v. 1.1.0 released on 29.11.2021 by The Exelixis Lab.
Developed by: Alexey M. Kozlov and Alexandros Stamatakis.
Contributors: Diego Darriba, Tomas Flouri, Benoit Morel, Sarah Lutteropp, Ben Bettisworth.
Latest version: https://github.com/amkozlov/raxml-ng
Questions/problems/suggestions? Please visit: https://groups.google.com/forum/#!forum/raxml

System: AMD Ryzen 7 5800X 8-Core Processor, 8 cores, 31 GB RAM

RAxML-NG was called at 27-Jun-2023 13:47:07 as follows:

/home/fili/Documents/KIT/2023/BA/resources/tools/RAxML-NG/raxml-ng --msa /home/fili/Documents/KIT/2023/BA/code/output/families/ssim_NE_s20_f100_sites200_GTR_bl1.0_d0.0_l0.0_t0.0_gc0.0_p0.0_pop10_ms0.0_mf0.0_seed121873/families/family_030/alignment.msa --model F81 --prefix /home/fili/Documents/KIT/2023/BA/code/output/families/ssim_NE_s20_f100_sites200_GTR_bl1.0_d0.0_l0.0_t0.0_gc0.0_p0.0_pop10_ms0.0_mf0.0_seed121873/families/family_030/misc/raxml_output.F81

Analysis options:
  run mode: ML tree search
  start tree(s): random (10) + parsimony (10)
  random seed: 1687866427
  tip-inner: OFF
  pattern compression: ON
  per-rate scalers: OFF
  site repeats: ON
  fast spr radius: AUTO
  spr subtree cutoff: 1.000000
  branch lengths: proportional (ML estimate, algorithm: NR-FAST)
  SIMD kernels: AVX2
  parallelization: coarse-grained (auto), PTHREADS (auto)

[00:00:00] Reading alignment from file: /home/fili/Documents/KIT/2023/BA/code/output/families/ssim_NE_s20_f100_sites200_GTR_bl1.0_d0.0_l0.0_t0.0_gc0.0_p0.0_pop10_ms0.0_mf0.0_seed121873/families/family_030/alignment.msa
[00:00:00] Loaded alignment with 20 taxa and 223 sites

WARNING: Sequences 2_0_0 and 12_0_0 are exactly identical!
WARNING: Duplicate sequences found: 1

NOTE: Reduced alignment (with duplicates and gap-only sites/taxa removed) 
NOTE: was saved to: /home/fili/Documents/KIT/2023/BA/code/output/families/ssim_NE_s20_f100_sites200_GTR_bl1.0_d0.0_l0.0_t0.0_gc0.0_p0.0_pop10_ms0.0_mf0.0_seed121873/families/family_030/misc/raxml_output.F81.raxml.reduced.phy

Alignment comprises 1 partitions and 119 patterns

Partition 0: noname
Model: F81+FO
Alignment sites / patterns: 223 / 119
Gaps: 0.00 %
Invariant sites: 44.84 %


NOTE: Binary MSA file created: /home/fili/Documents/KIT/2023/BA/code/output/families/ssim_NE_s20_f100_sites200_GTR_bl1.0_d0.0_l0.0_t0.0_gc0.0_p0.0_pop10_ms0.0_mf0.0_seed121873/families/family_030/misc/raxml_output.F81.raxml.rba

Parallelization scheme autoconfig: 8 worker(s) x 1 thread(s)

Parallel reduction/worker buffer size: 1 KB  / 0 KB

[00:00:00] Generating 10 random starting tree(s) with 20 taxa
[00:00:00] Generating 10 parsimony starting tree(s) with 20 taxa
[00:00:00] Data distribution: max. partitions/sites/weight per thread: 1 / 119 / 476
[00:00:00] Data distribution: max. searches per worker: 3

Starting ML tree search with 20 distinct starting trees

[00:00:00 -3208.436361] Initial branch length optimization
[00:00:00 -2959.528374] Model parameter optimization (eps = 10.000000)
[00:00:00 -2838.643534] AUTODETECT spr round 1 (radius: 5)
[00:00:00 -1833.574368] AUTODETECT spr round 2 (radius: 10)
[00:00:00 -1833.573261] SPR radius for FAST iterations: 5 (autodetect)
[00:00:00 -1833.573261] Model parameter optimization (eps = 3.000000)
[00:00:00 -1833.289364] FAST spr round 1 (radius: 5)
[00:00:00 -1804.309892] FAST spr round 2 (radius: 5)
[00:00:00 -1804.309892] Model parameter optimization (eps = 1.000000)
[00:00:00 -1803.986343] SLOW spr round 1 (radius: 5)
[00:00:00 -1803.924590] SLOW spr round 2 (radius: 10)
[00:00:00 -1803.924576] SLOW spr round 3 (radius: 15)
[00:00:00 -1803.924576] SLOW spr round 4 (radius: 20)
[00:00:00 -1803.924576] Model parameter optimization (eps = 0.100000)

[00:00:00] [worker #0] ML tree search #1, logLikelihood: -1803.914485

[00:00:00] [worker #3] ML tree search #4, logLikelihood: -1803.914464
[00:00:00 -3097.263347] Initial branch length optimization
[00:00:00 -2834.682805] Model parameter optimization (eps = 10.000000)
[00:00:00 -2725.520369] AUTODETECT spr round 1 (radius: 5)
[00:00:00] [worker #6] ML tree search #7, logLikelihood: -1803.914463
[00:00:00] [worker #5] ML tree search #6, logLikelihood: -1803.914483
[00:00:00 -1896.790870] AUTODETECT spr round 2 (radius: 10)
[00:00:00 -1896.789144] SPR radius for FAST iterations: 5 (autodetect)
[00:00:00 -1896.789144] Model parameter optimization (eps = 3.000000)
[00:00:00] [worker #2] ML tree search #3, logLikelihood: -1803.914475
[00:00:00] [worker #4] ML tree search #5, logLikelihood: -1803.914464
[00:00:00 -1896.231757] FAST spr round 1 (radius: 5)
[00:00:00] [worker #1] ML tree search #2, logLikelihood: -1803.914464
[00:00:00 -1818.922478] FAST spr round 2 (radius: 5)
[00:00:00] [worker #7] ML tree search #8, logLikelihood: -1803.914484
[00:00:00 -1804.013206] FAST spr round 3 (radius: 5)
[00:00:00 -1804.013191] Model parameter optimization (eps = 1.000000)
[00:00:00 -1803.914750] SLOW spr round 1 (radius: 5)
[00:00:00] [worker #3] ML tree search #12, logLikelihood: -1803.914466
[00:00:00 -1803.914601] SLOW spr round 2 (radius: 10)
[00:00:00] [worker #6] ML tree search #15, logLikelihood: -1803.914466
[00:00:00] [worker #2] ML tree search #11, logLikelihood: -1803.914467
[00:00:00 -1803.914601] SLOW spr round 3 (radius: 15)
[00:00:00 -1803.914601] SLOW spr round 4 (radius: 20)
[00:00:00 -1803.914601] Model parameter optimization (eps = 0.100000)

[00:00:00] [worker #0] ML tree search #9, logLikelihood: -1803.914472

[00:00:00 -2163.611468] Initial branch length optimization
[00:00:00 -1885.822163] Model parameter optimization (eps = 10.000000)
[00:00:00] [worker #4] ML tree search #13, logLikelihood: -1803.914463
[00:00:00 -1810.945675] AUTODETECT spr round 1 (radius: 5)
[00:00:00] [worker #5] ML tree search #14, logLikelihood: -1803.914468
[00:00:00 -1803.972575] AUTODETECT spr round 2 (radius: 10)
[00:00:00 -1803.972285] SPR radius for FAST iterations: 5 (autodetect)
[00:00:00 -1803.972285] Model parameter optimization (eps = 3.000000)
[00:00:00 -1803.914652] FAST spr round 1 (radius: 5)
[00:00:00 -1803.914520] Model parameter optimization (eps = 1.000000)
[00:00:00 -1803.914464] SLOW spr round 1 (radius: 5)
[00:00:00] [worker #7] ML tree search #16, logLikelihood: -1803.914463
[00:00:00] [worker #1] ML tree search #10, logLikelihood: -1803.914464
[00:00:00 -1803.914464] SLOW spr round 2 (radius: 10)
[00:00:00] [worker #3] ML tree search #20, logLikelihood: -1803.914466
[00:00:00] [worker #2] ML tree search #19, logLikelihood: -1803.914465
[00:00:00 -1803.914464] SLOW spr round 3 (radius: 15)
[00:00:00 -1803.914464] SLOW spr round 4 (radius: 20)
[00:00:00 -1803.914464] Model parameter optimization (eps = 0.100000)

[00:00:00] [worker #0] ML tree search #17, logLikelihood: -1803.914463

[00:00:00] [worker #1] ML tree search #18, logLikelihood: -1803.914467

Optimized model parameters:

   Partition 0: noname
   Rate heterogeneity: NONE
   Base frequencies (ML): 0.395108 0.112424 0.350184 0.142284 
   Substitution rates (model): 1.000000 1.000000 1.000000 1.000000 1.000000 1.000000 


Final LogLikelihood: -1803.914463

AIC score: 3687.828926 / AICc score: 3705.850904 / BIC score: 3824.115797
Free parameters (model + branch lengths): 40

Best ML tree saved to: /home/fili/Documents/KIT/2023/BA/code/output/families/ssim_NE_s20_f100_sites200_GTR_bl1.0_d0.0_l0.0_t0.0_gc0.0_p0.0_pop10_ms0.0_mf0.0_seed121873/families/family_030/misc/raxml_output.F81.raxml.bestTree
All ML trees saved to: /home/fili/Documents/KIT/2023/BA/code/output/families/ssim_NE_s20_f100_sites200_GTR_bl1.0_d0.0_l0.0_t0.0_gc0.0_p0.0_pop10_ms0.0_mf0.0_seed121873/families/family_030/misc/raxml_output.F81.raxml.mlTrees
Optimized model saved to: /home/fili/Documents/KIT/2023/BA/code/output/families/ssim_NE_s20_f100_sites200_GTR_bl1.0_d0.0_l0.0_t0.0_gc0.0_p0.0_pop10_ms0.0_mf0.0_seed121873/families/family_030/misc/raxml_output.F81.raxml.bestModel

Execution log saved to: /home/fili/Documents/KIT/2023/BA/code/output/families/ssim_NE_s20_f100_sites200_GTR_bl1.0_d0.0_l0.0_t0.0_gc0.0_p0.0_pop10_ms0.0_mf0.0_seed121873/families/family_030/misc/raxml_output.F81.raxml.log

Analysis started: 27-Jun-2023 13:47:07 / finished: 27-Jun-2023 13:47:07

Elapsed time: 0.275 seconds

