
RAxML-NG v. 1.1.0 released on 29.11.2021 by The Exelixis Lab.
Developed by: Alexey M. Kozlov and Alexandros Stamatakis.
Contributors: Diego Darriba, Tomas Flouri, Benoit Morel, Sarah Lutteropp, Ben Bettisworth.
Latest version: https://github.com/amkozlov/raxml-ng
Questions/problems/suggestions? Please visit: https://groups.google.com/forum/#!forum/raxml

System: AMD Ryzen 7 5800X 8-Core Processor, 8 cores, 31 GB RAM

RAxML-NG was called at 27-Jun-2023 13:43:51 as follows:

/home/fili/Documents/KIT/2023/BA/resources/tools/RAxML-NG/raxml-ng --msa /home/fili/Documents/KIT/2023/BA/code/output/families/ssim_DL_s20_f100_sites200_GTR_bl1.0_d1.0_l1.0_t0.0_gc0.0_p0.0_pop10_ms0.0_mf0.0_seed14976684177860080345/families/family_098/alignment.msa --model F81 --prefix /home/fili/Documents/KIT/2023/BA/code/output/families/ssim_DL_s20_f100_sites200_GTR_bl1.0_d1.0_l1.0_t0.0_gc0.0_p0.0_pop10_ms0.0_mf0.0_seed14976684177860080345/families/family_098/misc/raxml_output.F81

Analysis options:
  run mode: ML tree search
  start tree(s): random (10) + parsimony (10)
  random seed: 1687866231
  tip-inner: OFF
  pattern compression: ON
  per-rate scalers: OFF
  site repeats: ON
  fast spr radius: AUTO
  spr subtree cutoff: 1.000000
  branch lengths: proportional (ML estimate, algorithm: NR-FAST)
  SIMD kernels: AVX2
  parallelization: coarse-grained (auto), PTHREADS (auto)

[00:00:00] Reading alignment from file: /home/fili/Documents/KIT/2023/BA/code/output/families/ssim_DL_s20_f100_sites200_GTR_bl1.0_d1.0_l1.0_t0.0_gc0.0_p0.0_pop10_ms0.0_mf0.0_seed14976684177860080345/families/family_098/alignment.msa
[00:00:00] Loaded alignment with 18 taxa and 243 sites

Alignment comprises 1 partitions and 147 patterns

Partition 0: noname
Model: F81+FO
Alignment sites / patterns: 243 / 147
Gaps: 0.00 %
Invariant sites: 22.63 %


NOTE: Binary MSA file created: /home/fili/Documents/KIT/2023/BA/code/output/families/ssim_DL_s20_f100_sites200_GTR_bl1.0_d1.0_l1.0_t0.0_gc0.0_p0.0_pop10_ms0.0_mf0.0_seed14976684177860080345/families/family_098/misc/raxml_output.F81.raxml.rba

Parallelization scheme autoconfig: 8 worker(s) x 1 thread(s)

Parallel reduction/worker buffer size: 1 KB  / 0 KB

[00:00:00] Generating 10 random starting tree(s) with 18 taxa
[00:00:00] Generating 10 parsimony starting tree(s) with 18 taxa
[00:00:00] Data distribution: max. partitions/sites/weight per thread: 1 / 147 / 588
[00:00:00] Data distribution: max. searches per worker: 3

Starting ML tree search with 20 distinct starting trees

[00:00:00 -4346.093301] Initial branch length optimization
[00:00:00 -3580.917774] Model parameter optimization (eps = 10.000000)
[00:00:00 -3571.848479] AUTODETECT spr round 1 (radius: 5)
[00:00:00 -1872.753278] AUTODETECT spr round 2 (radius: 10)
[00:00:00 -1850.527373] AUTODETECT spr round 3 (radius: 15)
[00:00:00 -1850.527332] SPR radius for FAST iterations: 10 (autodetect)
[00:00:00 -1850.527332] Model parameter optimization (eps = 3.000000)
[00:00:00 -1845.312362] FAST spr round 1 (radius: 10)
[00:00:00 -1829.962288] FAST spr round 2 (radius: 10)
[00:00:00 -1829.904434] Model parameter optimization (eps = 1.000000)
[00:00:00 -1829.797038] SLOW spr round 1 (radius: 5)
[00:00:00 -1829.796974] SLOW spr round 2 (radius: 10)
[00:00:00 -1829.796971] SLOW spr round 3 (radius: 15)
[00:00:00] [worker #4] ML tree search #5, logLikelihood: -1830.322376
[00:00:00] [worker #3] ML tree search #4, logLikelihood: -1829.796965
[00:00:00 -1829.796971] Model parameter optimization (eps = 0.100000)
[00:00:00] [worker #6] ML tree search #7, logLikelihood: -1829.796965

[00:00:00] [worker #0] ML tree search #1, logLikelihood: -1829.796965

[00:00:00 -4426.378221] Initial branch length optimization
[00:00:00 -3398.685088] Model parameter optimization (eps = 10.000000)
[00:00:00] [worker #2] ML tree search #3, logLikelihood: -1829.796966
[00:00:00 -3388.600222] AUTODETECT spr round 1 (radius: 5)
[00:00:00] [worker #5] ML tree search #6, logLikelihood: -1829.796354
[00:00:00] [worker #1] ML tree search #2, logLikelihood: -1830.322471
[00:00:00] [worker #7] ML tree search #8, logLikelihood: -1829.796967
[00:00:00 -1881.341378] AUTODETECT spr round 2 (radius: 10)
[00:00:00 -1873.238560] AUTODETECT spr round 3 (radius: 15)
[00:00:00 -1873.238537] SPR radius for FAST iterations: 10 (autodetect)
[00:00:00 -1873.238537] Model parameter optimization (eps = 3.000000)
[00:00:00 -1866.073633] FAST spr round 1 (radius: 10)
[00:00:00 -1852.273864] FAST spr round 2 (radius: 10)
[00:00:00 -1830.441581] FAST spr round 3 (radius: 10)
[00:00:00 -1830.441581] Model parameter optimization (eps = 1.000000)
[00:00:00 -1830.425333] SLOW spr round 1 (radius: 5)
[00:00:00] [worker #3] ML tree search #12, logLikelihood: -1829.796966
[00:00:00] [worker #2] ML tree search #11, logLikelihood: -1832.729416
[00:00:00] [worker #7] ML tree search #16, logLikelihood: -1833.294183
[00:00:00] [worker #5] ML tree search #14, logLikelihood: -1830.322377
[00:00:00 -1830.383899] SLOW spr round 2 (radius: 10)
[00:00:00] [worker #4] ML tree search #13, logLikelihood: -1832.729425
[00:00:00 -1830.383763] SLOW spr round 3 (radius: 15)
[00:00:00 -1830.383756] Model parameter optimization (eps = 0.100000)

[00:00:00] [worker #0] ML tree search #9, logLikelihood: -1830.322471

[00:00:00] [worker #6] ML tree search #15, logLikelihood: -1829.796361
[00:00:00 -2282.753105] Initial branch length optimization
[00:00:00 -1838.146200] Model parameter optimization (eps = 10.000000)
[00:00:00 -1835.118020] AUTODETECT spr round 1 (radius: 5)
[00:00:00] [worker #1] ML tree search #10, logLikelihood: -1830.322360
[00:00:00 -1833.034873] AUTODETECT spr round 2 (radius: 10)
[00:00:00 -1833.027578] SPR radius for FAST iterations: 5 (autodetect)
[00:00:00 -1833.027578] Model parameter optimization (eps = 3.000000)
[00:00:00 -1833.018059] FAST spr round 1 (radius: 5)
[00:00:00 -1833.016637] Model parameter optimization (eps = 1.000000)
[00:00:00 -1833.016479] SLOW spr round 1 (radius: 5)
[00:00:00] [worker #3] ML tree search #20, logLikelihood: -1832.729416
[00:00:00] [worker #2] ML tree search #19, logLikelihood: -1832.729416
[00:00:00 -1832.749939] SLOW spr round 2 (radius: 5)
[00:00:00 -1832.749285] SLOW spr round 3 (radius: 10)
[00:00:00] [worker #1] ML tree search #18, logLikelihood: -1830.322379
[00:00:00 -1832.749243] SLOW spr round 4 (radius: 15)
[00:00:00 -1832.749240] Model parameter optimization (eps = 0.100000)

[00:00:00] [worker #0] ML tree search #17, logLikelihood: -1832.729421


Optimized model parameters:

   Partition 0: noname
   Rate heterogeneity: NONE
   Base frequencies (ML): 0.256924 0.210749 0.282290 0.250037 
   Substitution rates (model): 1.000000 1.000000 1.000000 1.000000 1.000000 1.000000 


Final LogLikelihood: -1829.796354

AIC score: 3731.592709 / AICc score: 3744.524748 / BIC score: 3857.342921
Free parameters (model + branch lengths): 36

WARNING: Best ML tree contains 1 near-zero branches!

Best ML tree with collapsed near-zero branches saved to: /home/fili/Documents/KIT/2023/BA/code/output/families/ssim_DL_s20_f100_sites200_GTR_bl1.0_d1.0_l1.0_t0.0_gc0.0_p0.0_pop10_ms0.0_mf0.0_seed14976684177860080345/families/family_098/misc/raxml_output.F81.raxml.bestTreeCollapsed
Best ML tree saved to: /home/fili/Documents/KIT/2023/BA/code/output/families/ssim_DL_s20_f100_sites200_GTR_bl1.0_d1.0_l1.0_t0.0_gc0.0_p0.0_pop10_ms0.0_mf0.0_seed14976684177860080345/families/family_098/misc/raxml_output.F81.raxml.bestTree
All ML trees saved to: /home/fili/Documents/KIT/2023/BA/code/output/families/ssim_DL_s20_f100_sites200_GTR_bl1.0_d1.0_l1.0_t0.0_gc0.0_p0.0_pop10_ms0.0_mf0.0_seed14976684177860080345/families/family_098/misc/raxml_output.F81.raxml.mlTrees
Optimized model saved to: /home/fili/Documents/KIT/2023/BA/code/output/families/ssim_DL_s20_f100_sites200_GTR_bl1.0_d1.0_l1.0_t0.0_gc0.0_p0.0_pop10_ms0.0_mf0.0_seed14976684177860080345/families/family_098/misc/raxml_output.F81.raxml.bestModel

Execution log saved to: /home/fili/Documents/KIT/2023/BA/code/output/families/ssim_DL_s20_f100_sites200_GTR_bl1.0_d1.0_l1.0_t0.0_gc0.0_p0.0_pop10_ms0.0_mf0.0_seed14976684177860080345/families/family_098/misc/raxml_output.F81.raxml.log

Analysis started: 27-Jun-2023 13:43:51 / finished: 27-Jun-2023 13:43:51

Elapsed time: 0.265 seconds

