
RAxML-NG v. 1.1.0 released on 29.11.2021 by The Exelixis Lab.
Developed by: Alexey M. Kozlov and Alexandros Stamatakis.
Contributors: Diego Darriba, Tomas Flouri, Benoit Morel, Sarah Lutteropp, Ben Bettisworth.
Latest version: https://github.com/amkozlov/raxml-ng
Questions/problems/suggestions? Please visit: https://groups.google.com/forum/#!forum/raxml

System: AMD Ryzen 7 5800X 8-Core Processor, 8 cores, 31 GB RAM

RAxML-NG was called at 12-Jun-2023 12:40:52 as follows:

/home/fili/Documents/KIT/2023/BA/resources/tools/RAxML-NG/raxml-ng --msa /home/fili/Documents/KIT/2023/BA/code/output/families/ssim_dtl_s20_f100_sites200_GTR_bl1.0_d0.0_l0.0_t1.0_gc0.0_p0.0_pop10_ms0.0_mf0.0_seed42/families/family_097/alignment.msa --model GTR+G --prefix /home/fili/Documents/KIT/2023/BA/code/output/families/ssim_dtl_s20_f100_sites200_GTR_bl1.0_d0.0_l0.0_t1.0_gc0.0_p0.0_pop10_ms0.0_mf0.0_seed42/families/family_097/misc/raxml_output.GTR+G

Analysis options:
  run mode: ML tree search
  start tree(s): random (10) + parsimony (10)
  random seed: 1686566452
  tip-inner: OFF
  pattern compression: ON
  per-rate scalers: OFF
  site repeats: ON
  fast spr radius: AUTO
  spr subtree cutoff: 1.000000
  branch lengths: proportional (ML estimate, algorithm: NR-FAST)
  SIMD kernels: AVX2
  parallelization: coarse-grained (auto), PTHREADS (auto)

[00:00:00] Reading alignment from file: /home/fili/Documents/KIT/2023/BA/code/output/families/ssim_dtl_s20_f100_sites200_GTR_bl1.0_d0.0_l0.0_t1.0_gc0.0_p0.0_pop10_ms0.0_mf0.0_seed42/families/family_097/alignment.msa
[00:00:00] Loaded alignment with 20 taxa and 218 sites

WARNING: Sequences 3_0_0 and 2_0_0 are exactly identical!
WARNING: Sequences 13_0_0 and 9_0_0 are exactly identical!
WARNING: Duplicate sequences found: 2

NOTE: Reduced alignment (with duplicates and gap-only sites/taxa removed) 
NOTE: was saved to: /home/fili/Documents/KIT/2023/BA/code/output/families/ssim_dtl_s20_f100_sites200_GTR_bl1.0_d0.0_l0.0_t1.0_gc0.0_p0.0_pop10_ms0.0_mf0.0_seed42/families/family_097/misc/raxml_output.GTR+G.raxml.reduced.phy

Alignment comprises 1 partitions and 154 patterns

Partition 0: noname
Model: GTR+FO+G4m
Alignment sites / patterns: 218 / 154
Gaps: 0.00 %
Invariant sites: 26.15 %


NOTE: Binary MSA file created: /home/fili/Documents/KIT/2023/BA/code/output/families/ssim_dtl_s20_f100_sites200_GTR_bl1.0_d0.0_l0.0_t1.0_gc0.0_p0.0_pop10_ms0.0_mf0.0_seed42/families/family_097/misc/raxml_output.GTR+G.raxml.rba

Parallelization scheme autoconfig: 8 worker(s) x 1 thread(s)

Parallel reduction/worker buffer size: 1 KB  / 0 KB

[00:00:00] Generating 10 random starting tree(s) with 20 taxa
[00:00:00] Generating 10 parsimony starting tree(s) with 20 taxa
[00:00:00] Data distribution: max. partitions/sites/weight per thread: 1 / 154 / 2464
[00:00:00] Data distribution: max. searches per worker: 3

Starting ML tree search with 20 distinct starting trees

[00:00:00 -3442.226607] Initial branch length optimization
[00:00:00 -2911.084915] Model parameter optimization (eps = 10.000000)
[00:00:00 -2428.089042] AUTODETECT spr round 1 (radius: 5)
[00:00:00 -1873.399128] AUTODETECT spr round 2 (radius: 10)
[00:00:00 -1644.325645] AUTODETECT spr round 3 (radius: 15)
[00:00:00 -1644.305945] SPR radius for FAST iterations: 10 (autodetect)
[00:00:00 -1644.305945] Model parameter optimization (eps = 3.000000)
[00:00:00 -1608.426715] FAST spr round 1 (radius: 10)
[00:00:00 -1592.139657] FAST spr round 2 (radius: 10)
[00:00:00 -1590.791020] FAST spr round 3 (radius: 10)
[00:00:00 -1590.790951] Model parameter optimization (eps = 1.000000)
[00:00:00 -1588.146080] SLOW spr round 1 (radius: 5)
[00:00:00] [worker #1] ML tree search #2, logLikelihood: -1587.601091
[00:00:00] [worker #5] ML tree search #6, logLikelihood: -1587.613142
[00:00:00] [worker #2] ML tree search #3, logLikelihood: -1587.603428
[00:00:00] [worker #3] ML tree search #4, logLikelihood: -1587.611570
[00:00:00] [worker #4] ML tree search #5, logLikelihood: -1587.608707
[00:00:00 -1588.136332] SLOW spr round 2 (radius: 10)
[00:00:00] [worker #6] ML tree search #7, logLikelihood: -1587.600323
[00:00:00] [worker #7] ML tree search #8, logLikelihood: -1587.589769
[00:00:00 -1588.136289] SLOW spr round 3 (radius: 15)
[00:00:00 -1588.136288] SLOW spr round 4 (radius: 20)
[00:00:00 -1588.136288] Model parameter optimization (eps = 0.100000)
[00:00:00] [worker #5] ML tree search #14, logLikelihood: -1587.518900

[00:00:00] [worker #0] ML tree search #1, logLikelihood: -1587.590283

[00:00:00 -3350.606378] Initial branch length optimization
[00:00:00 -3024.176667] Model parameter optimization (eps = 10.000000)
[00:00:00] [worker #2] ML tree search #11, logLikelihood: -1587.521562
[00:00:00] [worker #3] ML tree search #12, logLikelihood: -1587.519853
[00:00:00 -2536.660939] AUTODETECT spr round 1 (radius: 5)
[00:00:00] [worker #1] ML tree search #10, logLikelihood: -1587.601521
[00:00:00] [worker #4] ML tree search #13, logLikelihood: -1587.517794
[00:00:00] [worker #6] ML tree search #15, logLikelihood: -1587.519413
[00:00:00 -1680.697071] AUTODETECT spr round 2 (radius: 10)
[00:00:00 -1680.680652] SPR radius for FAST iterations: 5 (autodetect)
[00:00:00 -1680.680652] Model parameter optimization (eps = 3.000000)
[00:00:00 -1657.426622] FAST spr round 1 (radius: 5)
[00:00:00 -1591.984509] FAST spr round 2 (radius: 5)
[00:00:00] [worker #2] ML tree search #19, logLikelihood: -1587.519760
[00:00:00] [worker #3] ML tree search #20, logLikelihood: -1587.520118
[00:00:00] [worker #7] ML tree search #16, logLikelihood: -1587.518784
[00:00:00 -1591.983835] Model parameter optimization (eps = 1.000000)
[00:00:00 -1589.409370] SLOW spr round 1 (radius: 5)
[00:00:00] [worker #1] ML tree search #18, logLikelihood: -1587.516584
[00:00:00 -1588.151734] SLOW spr round 2 (radius: 5)
[00:00:00 -1588.151612] SLOW spr round 3 (radius: 10)
[00:00:00 -1588.151611] SLOW spr round 4 (radius: 15)
[00:00:00 -1588.151611] SLOW spr round 5 (radius: 20)
[00:00:00 -1588.151611] Model parameter optimization (eps = 0.100000)

[00:00:00] [worker #0] ML tree search #9, logLikelihood: -1587.591723

[00:00:00 -2171.728945] Initial branch length optimization
[00:00:00 -1897.428278] Model parameter optimization (eps = 10.000000)
[00:00:00 -1589.571438] AUTODETECT spr round 1 (radius: 5)
[00:00:00 -1587.988409] AUTODETECT spr round 2 (radius: 10)
[00:00:00 -1587.988187] SPR radius for FAST iterations: 5 (autodetect)
[00:00:00 -1587.988187] Model parameter optimization (eps = 3.000000)
[00:00:00 -1587.675731] FAST spr round 1 (radius: 5)
[00:00:00 -1587.672282] Model parameter optimization (eps = 1.000000)
[00:00:00 -1587.557103] SLOW spr round 1 (radius: 5)
[00:00:01 -1587.556468] SLOW spr round 2 (radius: 10)
[00:00:01 -1587.556466] SLOW spr round 3 (radius: 15)
[00:00:01 -1587.556466] SLOW spr round 4 (radius: 20)
[00:00:01 -1587.556466] Model parameter optimization (eps = 0.100000)

[00:00:01] [worker #0] ML tree search #17, logLikelihood: -1587.520965


Optimized model parameters:

   Partition 0: noname
   Rate heterogeneity: GAMMA (4 cats, mean),  alpha: 4.585039 (ML),  weights&rates: (0.250000,0.483873) (0.250000,0.793286) (0.250000,1.083940) (0.250000,1.638901) 
   Base frequencies (ML): 0.279055 0.166877 0.273265 0.280803 
   Substitution rates (ML): 1.408227 29.860216 0.782030 1.726713 4.277610 1.000000 


Final LogLikelihood: -1587.516584

AIC score: 3267.033168 / AICc score: 3292.319717 / BIC score: 3422.719941
Free parameters (model + branch lengths): 46

WARNING: Best ML tree contains 2 near-zero branches!

Best ML tree with collapsed near-zero branches saved to: /home/fili/Documents/KIT/2023/BA/code/output/families/ssim_dtl_s20_f100_sites200_GTR_bl1.0_d0.0_l0.0_t1.0_gc0.0_p0.0_pop10_ms0.0_mf0.0_seed42/families/family_097/misc/raxml_output.GTR+G.raxml.bestTreeCollapsed
Best ML tree saved to: /home/fili/Documents/KIT/2023/BA/code/output/families/ssim_dtl_s20_f100_sites200_GTR_bl1.0_d0.0_l0.0_t1.0_gc0.0_p0.0_pop10_ms0.0_mf0.0_seed42/families/family_097/misc/raxml_output.GTR+G.raxml.bestTree
All ML trees saved to: /home/fili/Documents/KIT/2023/BA/code/output/families/ssim_dtl_s20_f100_sites200_GTR_bl1.0_d0.0_l0.0_t1.0_gc0.0_p0.0_pop10_ms0.0_mf0.0_seed42/families/family_097/misc/raxml_output.GTR+G.raxml.mlTrees
Optimized model saved to: /home/fili/Documents/KIT/2023/BA/code/output/families/ssim_dtl_s20_f100_sites200_GTR_bl1.0_d0.0_l0.0_t1.0_gc0.0_p0.0_pop10_ms0.0_mf0.0_seed42/families/family_097/misc/raxml_output.GTR+G.raxml.bestModel

Execution log saved to: /home/fili/Documents/KIT/2023/BA/code/output/families/ssim_dtl_s20_f100_sites200_GTR_bl1.0_d0.0_l0.0_t1.0_gc0.0_p0.0_pop10_ms0.0_mf0.0_seed42/families/family_097/misc/raxml_output.GTR+G.raxml.log

Analysis started: 12-Jun-2023 12:40:52 / finished: 12-Jun-2023 12:40:53

Elapsed time: 1.102 seconds

