
RAxML-NG v. 1.1.0 released on 29.11.2021 by The Exelixis Lab.
Developed by: Alexey M. Kozlov and Alexandros Stamatakis.
Contributors: Diego Darriba, Tomas Flouri, Benoit Morel, Sarah Lutteropp, Ben Bettisworth.
Latest version: https://github.com/amkozlov/raxml-ng
Questions/problems/suggestions? Please visit: https://groups.google.com/forum/#!forum/raxml

System: AMD Ryzen 7 5800X 8-Core Processor, 8 cores, 31 GB RAM

RAxML-NG was called at 12-Jun-2023 12:38:37 as follows:

/home/fili/Documents/KIT/2023/BA/resources/tools/RAxML-NG/raxml-ng --msa /home/fili/Documents/KIT/2023/BA/code/output/families/ssim_dtl_s20_f100_sites200_GTR_bl1.0_d0.0_l0.0_t1.0_gc0.0_p0.0_pop10_ms0.0_mf0.0_seed42/families/family_097/alignment.msa --model F81 --prefix /home/fili/Documents/KIT/2023/BA/code/output/families/ssim_dtl_s20_f100_sites200_GTR_bl1.0_d0.0_l0.0_t1.0_gc0.0_p0.0_pop10_ms0.0_mf0.0_seed42/families/family_097/misc/raxml_output.F81

Analysis options:
  run mode: ML tree search
  start tree(s): random (10) + parsimony (10)
  random seed: 1686566317
  tip-inner: OFF
  pattern compression: ON
  per-rate scalers: OFF
  site repeats: ON
  fast spr radius: AUTO
  spr subtree cutoff: 1.000000
  branch lengths: proportional (ML estimate, algorithm: NR-FAST)
  SIMD kernels: AVX2
  parallelization: coarse-grained (auto), PTHREADS (auto)

[00:00:00] Reading alignment from file: /home/fili/Documents/KIT/2023/BA/code/output/families/ssim_dtl_s20_f100_sites200_GTR_bl1.0_d0.0_l0.0_t1.0_gc0.0_p0.0_pop10_ms0.0_mf0.0_seed42/families/family_097/alignment.msa
[00:00:00] Loaded alignment with 20 taxa and 218 sites

WARNING: Sequences 3_0_0 and 2_0_0 are exactly identical!
WARNING: Sequences 13_0_0 and 9_0_0 are exactly identical!
WARNING: Duplicate sequences found: 2

NOTE: Reduced alignment (with duplicates and gap-only sites/taxa removed) 
NOTE: was saved to: /home/fili/Documents/KIT/2023/BA/code/output/families/ssim_dtl_s20_f100_sites200_GTR_bl1.0_d0.0_l0.0_t1.0_gc0.0_p0.0_pop10_ms0.0_mf0.0_seed42/families/family_097/misc/raxml_output.F81.raxml.reduced.phy

Alignment comprises 1 partitions and 154 patterns

Partition 0: noname
Model: F81+FO
Alignment sites / patterns: 218 / 154
Gaps: 0.00 %
Invariant sites: 26.15 %


NOTE: Binary MSA file created: /home/fili/Documents/KIT/2023/BA/code/output/families/ssim_dtl_s20_f100_sites200_GTR_bl1.0_d0.0_l0.0_t1.0_gc0.0_p0.0_pop10_ms0.0_mf0.0_seed42/families/family_097/misc/raxml_output.F81.raxml.rba

Parallelization scheme autoconfig: 8 worker(s) x 1 thread(s)

Parallel reduction/worker buffer size: 1 KB  / 0 KB

[00:00:00] Generating 10 random starting tree(s) with 20 taxa
[00:00:00] Generating 10 parsimony starting tree(s) with 20 taxa
[00:00:00] Data distribution: max. partitions/sites/weight per thread: 1 / 154 / 616
[00:00:00] Data distribution: max. searches per worker: 3

Starting ML tree search with 20 distinct starting trees

[00:00:00 -3619.091495] Initial branch length optimization
[00:00:00 -3270.476591] Model parameter optimization (eps = 10.000000)
[00:00:00 -3142.638224] AUTODETECT spr round 1 (radius: 5)
[00:00:00 -1852.939726] AUTODETECT spr round 2 (radius: 10)
[00:00:00 -1852.939626] SPR radius for FAST iterations: 5 (autodetect)
[00:00:00 -1852.939626] Model parameter optimization (eps = 3.000000)
[00:00:00 -1852.013103] FAST spr round 1 (radius: 5)
[00:00:00 -1841.608124] FAST spr round 2 (radius: 5)
[00:00:00 -1841.608120] Model parameter optimization (eps = 1.000000)
[00:00:00 -1841.579907] SLOW spr round 1 (radius: 5)
[00:00:00 -1841.579895] SLOW spr round 2 (radius: 10)
[00:00:00] [worker #6] ML tree search #7, logLikelihood: -1841.579896
[00:00:00 -1841.579895] SLOW spr round 3 (radius: 15)
[00:00:00 -1841.579895] SLOW spr round 4 (radius: 20)
[00:00:00 -1841.579895] Model parameter optimization (eps = 0.100000)
[00:00:00] [worker #2] ML tree search #3, logLikelihood: -1841.579892

[00:00:00] [worker #0] ML tree search #1, logLikelihood: -1841.579893

[00:00:00 -3652.105343] Initial branch length optimization
[00:00:00 -3302.312364] Model parameter optimization (eps = 10.000000)
[00:00:00 -3190.166945] AUTODETECT spr round 1 (radius: 5)
[00:00:00] [worker #1] ML tree search #2, logLikelihood: -1841.579889
[00:00:00 -1934.786563] AUTODETECT spr round 2 (radius: 10)
[00:00:00 -1934.767194] SPR radius for FAST iterations: 5 (autodetect)
[00:00:00 -1934.767194] Model parameter optimization (eps = 3.000000)
[00:00:00 -1934.522784] FAST spr round 1 (radius: 5)
[00:00:00] [worker #7] ML tree search #8, logLikelihood: -1841.579889
[00:00:00] [worker #4] ML tree search #5, logLikelihood: -1841.579888
[00:00:00 -1841.789748] FAST spr round 2 (radius: 5)
[00:00:00] [worker #3] ML tree search #4, logLikelihood: -1841.579889
[00:00:00 -1841.789727] Model parameter optimization (eps = 1.000000)
[00:00:00 -1841.579993] SLOW spr round 1 (radius: 5)
[00:00:00] [worker #5] ML tree search #6, logLikelihood: -1841.579888
[00:00:00] [worker #2] ML tree search #11, logLikelihood: -1841.579891
[00:00:00 -1841.579918] SLOW spr round 2 (radius: 10)
[00:00:00] [worker #6] ML tree search #15, logLikelihood: -1841.579888
[00:00:00 -1841.579918] SLOW spr round 3 (radius: 15)
[00:00:00 -1841.579918] SLOW spr round 4 (radius: 20)
[00:00:00 -1841.579918] Model parameter optimization (eps = 0.100000)

[00:00:00] [worker #0] ML tree search #9, logLikelihood: -1841.579889

[00:00:00] [worker #1] ML tree search #10, logLikelihood: -1841.579889
[00:00:00 -2250.416459] Initial branch length optimization
[00:00:00 -1902.946358] Model parameter optimization (eps = 10.000000)
[00:00:00] [worker #7] ML tree search #16, logLikelihood: -1841.579891
[00:00:00 -1843.247527] AUTODETECT spr round 1 (radius: 5)
[00:00:00 -1842.752190] AUTODETECT spr round 2 (radius: 10)
[00:00:00 -1842.751586] SPR radius for FAST iterations: 5 (autodetect)
[00:00:00 -1842.751586] Model parameter optimization (eps = 3.000000)
[00:00:00 -1842.746606] FAST spr round 1 (radius: 5)
[00:00:00 -1841.586690] FAST spr round 2 (radius: 5)
[00:00:00 -1841.586673] Model parameter optimization (eps = 1.000000)
[00:00:00 -1841.579893] SLOW spr round 1 (radius: 5)
[00:00:00] [worker #3] ML tree search #12, logLikelihood: -1841.579889
[00:00:00] [worker #2] ML tree search #19, logLikelihood: -1841.579889
[00:00:00] [worker #4] ML tree search #13, logLikelihood: -1841.579890
[00:00:00] [worker #5] ML tree search #14, logLikelihood: -1841.579889
[00:00:00 -1841.579891] SLOW spr round 2 (radius: 10)
[00:00:00] [worker #1] ML tree search #18, logLikelihood: -1841.579890
[00:00:00 -1841.579891] SLOW spr round 3 (radius: 15)
[00:00:00 -1841.579891] SLOW spr round 4 (radius: 20)
[00:00:00 -1841.579891] Model parameter optimization (eps = 0.100000)

[00:00:00] [worker #0] ML tree search #17, logLikelihood: -1841.579890

[00:00:00] [worker #3] ML tree search #20, logLikelihood: -1841.579889

Optimized model parameters:

   Partition 0: noname
   Rate heterogeneity: NONE
   Base frequencies (ML): 0.346277 0.115780 0.364918 0.173025 
   Substitution rates (model): 1.000000 1.000000 1.000000 1.000000 1.000000 1.000000 


Final LogLikelihood: -1841.579888

AIC score: 3763.159776 / AICc score: 3781.690849 / BIC score: 3898.539579
Free parameters (model + branch lengths): 40

WARNING: Best ML tree contains 2 near-zero branches!

Best ML tree with collapsed near-zero branches saved to: /home/fili/Documents/KIT/2023/BA/code/output/families/ssim_dtl_s20_f100_sites200_GTR_bl1.0_d0.0_l0.0_t1.0_gc0.0_p0.0_pop10_ms0.0_mf0.0_seed42/families/family_097/misc/raxml_output.F81.raxml.bestTreeCollapsed
Best ML tree saved to: /home/fili/Documents/KIT/2023/BA/code/output/families/ssim_dtl_s20_f100_sites200_GTR_bl1.0_d0.0_l0.0_t1.0_gc0.0_p0.0_pop10_ms0.0_mf0.0_seed42/families/family_097/misc/raxml_output.F81.raxml.bestTree
All ML trees saved to: /home/fili/Documents/KIT/2023/BA/code/output/families/ssim_dtl_s20_f100_sites200_GTR_bl1.0_d0.0_l0.0_t1.0_gc0.0_p0.0_pop10_ms0.0_mf0.0_seed42/families/family_097/misc/raxml_output.F81.raxml.mlTrees
Optimized model saved to: /home/fili/Documents/KIT/2023/BA/code/output/families/ssim_dtl_s20_f100_sites200_GTR_bl1.0_d0.0_l0.0_t1.0_gc0.0_p0.0_pop10_ms0.0_mf0.0_seed42/families/family_097/misc/raxml_output.F81.raxml.bestModel

Execution log saved to: /home/fili/Documents/KIT/2023/BA/code/output/families/ssim_dtl_s20_f100_sites200_GTR_bl1.0_d0.0_l0.0_t1.0_gc0.0_p0.0_pop10_ms0.0_mf0.0_seed42/families/family_097/misc/raxml_output.F81.raxml.log

Analysis started: 12-Jun-2023 12:38:37 / finished: 12-Jun-2023 12:38:38

Elapsed time: 0.378 seconds

