
RAxML-NG v. 1.1.0 released on 29.11.2021 by The Exelixis Lab.
Developed by: Alexey M. Kozlov and Alexandros Stamatakis.
Contributors: Diego Darriba, Tomas Flouri, Benoit Morel, Sarah Lutteropp, Ben Bettisworth.
Latest version: https://github.com/amkozlov/raxml-ng
Questions/problems/suggestions? Please visit: https://groups.google.com/forum/#!forum/raxml

System: AMD Ryzen 7 5800X 8-Core Processor, 8 cores, 31 GB RAM

RAxML-NG was called at 27-Jun-2023 13:51:52 as follows:

/home/fili/Documents/KIT/2023/BA/resources/tools/RAxML-NG/raxml-ng --msa /home/fili/Documents/KIT/2023/BA/code/output/families/ssim_NE_s20_f100_sites200_GTR_bl1.0_d0.0_l0.0_t0.0_gc0.0_p0.0_pop10_ms0.0_mf0.0_seed14976684177860080345/families/family_053/alignment.msa --model F81 --prefix /home/fili/Documents/KIT/2023/BA/code/output/families/ssim_NE_s20_f100_sites200_GTR_bl1.0_d0.0_l0.0_t0.0_gc0.0_p0.0_pop10_ms0.0_mf0.0_seed14976684177860080345/families/family_053/misc/raxml_output.F81

Analysis options:
  run mode: ML tree search
  start tree(s): random (10) + parsimony (10)
  random seed: 1687866712
  tip-inner: OFF
  pattern compression: ON
  per-rate scalers: OFF
  site repeats: ON
  fast spr radius: AUTO
  spr subtree cutoff: 1.000000
  branch lengths: proportional (ML estimate, algorithm: NR-FAST)
  SIMD kernels: AVX2
  parallelization: coarse-grained (auto), PTHREADS (auto)

[00:00:00] Reading alignment from file: /home/fili/Documents/KIT/2023/BA/code/output/families/ssim_NE_s20_f100_sites200_GTR_bl1.0_d0.0_l0.0_t0.0_gc0.0_p0.0_pop10_ms0.0_mf0.0_seed14976684177860080345/families/family_053/alignment.msa
[00:00:00] Loaded alignment with 20 taxa and 176 sites

WARNING: Sequences 1_0_0 and 5_0_0 are exactly identical!
WARNING: Sequences 1_0_0 and 10_0_0 are exactly identical!
WARNING: Sequences 1_0_0 and 7_0_0 are exactly identical!
WARNING: Sequences 6_0_0 and 3_0_0 are exactly identical!
WARNING: Sequences 6_0_0 and 13_0_0 are exactly identical!
WARNING: Sequences 17_0_0 and 15_0_0 are exactly identical!
WARNING: Duplicate sequences found: 6

NOTE: Reduced alignment (with duplicates and gap-only sites/taxa removed) 
NOTE: was saved to: /home/fili/Documents/KIT/2023/BA/code/output/families/ssim_NE_s20_f100_sites200_GTR_bl1.0_d0.0_l0.0_t0.0_gc0.0_p0.0_pop10_ms0.0_mf0.0_seed14976684177860080345/families/family_053/misc/raxml_output.F81.raxml.reduced.phy

Alignment comprises 1 partitions and 32 patterns

Partition 0: noname
Model: F81+FO
Alignment sites / patterns: 176 / 32
Gaps: 0.00 %
Invariant sites: 82.95 %


NOTE: Binary MSA file created: /home/fili/Documents/KIT/2023/BA/code/output/families/ssim_NE_s20_f100_sites200_GTR_bl1.0_d0.0_l0.0_t0.0_gc0.0_p0.0_pop10_ms0.0_mf0.0_seed14976684177860080345/families/family_053/misc/raxml_output.F81.raxml.rba

Parallelization scheme autoconfig: 8 worker(s) x 1 thread(s)

Parallel reduction/worker buffer size: 1 KB  / 0 KB

[00:00:00] Generating 10 random starting tree(s) with 20 taxa
[00:00:00] Generating 10 parsimony starting tree(s) with 20 taxa
[00:00:00] Data distribution: max. partitions/sites/weight per thread: 1 / 32 / 128
[00:00:00] Data distribution: max. searches per worker: 3

Starting ML tree search with 20 distinct starting trees

[00:00:00 -1319.555393] Initial branch length optimization
[00:00:00 -991.185675] Model parameter optimization (eps = 10.000000)
[00:00:00 -975.826502] AUTODETECT spr round 1 (radius: 5)
[00:00:00 -613.745777] AUTODETECT spr round 2 (radius: 10)
[00:00:00 -613.739628] SPR radius for FAST iterations: 5 (autodetect)
[00:00:00 -613.739628] Model parameter optimization (eps = 3.000000)
[00:00:00 -612.935575] FAST spr round 1 (radius: 5)
[00:00:00 -610.701213] FAST spr round 2 (radius: 5)
[00:00:00 -609.023802] FAST spr round 3 (radius: 5)
[00:00:00] [worker #2] ML tree search #3, logLikelihood: -595.088665
[00:00:00 -596.882937] FAST spr round 4 (radius: 5)
[00:00:00] [worker #1] ML tree search #2, logLikelihood: -595.088734
[00:00:00] [worker #5] ML tree search #6, logLikelihood: -595.088752
[00:00:00 -596.882843] Model parameter optimization (eps = 1.000000)
[00:00:00] [worker #4] ML tree search #5, logLikelihood: -595.088665
[00:00:00] [worker #3] ML tree search #4, logLikelihood: -595.088665
[00:00:00 -596.599808] SLOW spr round 1 (radius: 5)
[00:00:00 -596.599785] SLOW spr round 2 (radius: 10)
[00:00:00] [worker #6] ML tree search #7, logLikelihood: -595.088664
[00:00:00] [worker #7] ML tree search #8, logLikelihood: -595.088664
[00:00:00 -596.599785] SLOW spr round 3 (radius: 15)
[00:00:00] [worker #2] ML tree search #11, logLikelihood: -596.599783
[00:00:00 -596.599785] SLOW spr round 4 (radius: 20)
[00:00:00 -596.599785] Model parameter optimization (eps = 0.100000)

[00:00:00] [worker #0] ML tree search #1, logLikelihood: -596.599783

[00:00:00] [worker #5] ML tree search #14, logLikelihood: -595.088665
[00:00:00] [worker #4] ML tree search #13, logLikelihood: -596.182041
[00:00:00] [worker #1] ML tree search #10, logLikelihood: -596.182026
[00:00:00] [worker #3] ML tree search #12, logLikelihood: -595.088681
[00:00:00 -1305.053650] Initial branch length optimization
[00:00:00 -943.303684] Model parameter optimization (eps = 10.000000)
[00:00:00 -925.666067] AUTODETECT spr round 1 (radius: 5)
[00:00:00 -601.054035] AUTODETECT spr round 2 (radius: 10)
[00:00:00 -601.054035] SPR radius for FAST iterations: 5 (autodetect)
[00:00:00 -601.054035] Model parameter optimization (eps = 3.000000)
[00:00:00 -600.467409] FAST spr round 1 (radius: 5)
[00:00:00 -598.841188] FAST spr round 2 (radius: 5)
[00:00:00] [worker #6] ML tree search #15, logLikelihood: -596.182027
[00:00:00 -596.594706] FAST spr round 3 (radius: 5)
[00:00:00 -595.123035] FAST spr round 4 (radius: 5)
[00:00:00] [worker #2] ML tree search #19, logLikelihood: -595.618857
[00:00:00 -595.123019] Model parameter optimization (eps = 1.000000)
[00:00:00 -595.088736] SLOW spr round 1 (radius: 5)
[00:00:00] [worker #7] ML tree search #16, logLikelihood: -595.088735
[00:00:00] [worker #3] ML tree search #20, logLikelihood: -595.618929
[00:00:00] [worker #1] ML tree search #18, logLikelihood: -595.088665
[00:00:00 -595.088736] SLOW spr round 2 (radius: 10)
[00:00:00 -595.088736] SLOW spr round 3 (radius: 15)
[00:00:00 -595.088736] SLOW spr round 4 (radius: 20)
[00:00:00 -595.088736] Model parameter optimization (eps = 0.100000)

[00:00:00] [worker #0] ML tree search #9, logLikelihood: -595.088735

[00:00:00 -1083.811025] Initial branch length optimization
[00:00:00 -606.074381] Model parameter optimization (eps = 10.000000)
[00:00:00 -597.715165] AUTODETECT spr round 1 (radius: 5)
[00:00:00 -595.307827] AUTODETECT spr round 2 (radius: 10)
[00:00:00 -595.307827] SPR radius for FAST iterations: 5 (autodetect)
[00:00:00 -595.307827] Model parameter optimization (eps = 3.000000)
[00:00:00 -595.088665] FAST spr round 1 (radius: 5)
[00:00:00 -595.088665] Model parameter optimization (eps = 1.000000)
[00:00:00 -595.088664] SLOW spr round 1 (radius: 5)
[00:00:00 -595.088664] SLOW spr round 2 (radius: 10)
[00:00:00 -595.088664] SLOW spr round 3 (radius: 15)
[00:00:00 -595.088664] SLOW spr round 4 (radius: 20)
[00:00:00 -595.088664] Model parameter optimization (eps = 0.100000)

[00:00:00] [worker #0] ML tree search #17, logLikelihood: -595.088664


Optimized model parameters:

   Partition 0: noname
   Rate heterogeneity: NONE
   Base frequencies (ML): 0.323472 0.184318 0.312942 0.179269 
   Substitution rates (model): 1.000000 1.000000 1.000000 1.000000 1.000000 1.000000 


Final LogLikelihood: -595.088664

AIC score: 1270.177329 / AICc score: 1294.473625 / BIC score: 1396.996689
Free parameters (model + branch lengths): 40

WARNING: Best ML tree contains 7 near-zero branches!

Best ML tree with collapsed near-zero branches saved to: /home/fili/Documents/KIT/2023/BA/code/output/families/ssim_NE_s20_f100_sites200_GTR_bl1.0_d0.0_l0.0_t0.0_gc0.0_p0.0_pop10_ms0.0_mf0.0_seed14976684177860080345/families/family_053/misc/raxml_output.F81.raxml.bestTreeCollapsed
Best ML tree saved to: /home/fili/Documents/KIT/2023/BA/code/output/families/ssim_NE_s20_f100_sites200_GTR_bl1.0_d0.0_l0.0_t0.0_gc0.0_p0.0_pop10_ms0.0_mf0.0_seed14976684177860080345/families/family_053/misc/raxml_output.F81.raxml.bestTree
All ML trees saved to: /home/fili/Documents/KIT/2023/BA/code/output/families/ssim_NE_s20_f100_sites200_GTR_bl1.0_d0.0_l0.0_t0.0_gc0.0_p0.0_pop10_ms0.0_mf0.0_seed14976684177860080345/families/family_053/misc/raxml_output.F81.raxml.mlTrees
Optimized model saved to: /home/fili/Documents/KIT/2023/BA/code/output/families/ssim_NE_s20_f100_sites200_GTR_bl1.0_d0.0_l0.0_t0.0_gc0.0_p0.0_pop10_ms0.0_mf0.0_seed14976684177860080345/families/family_053/misc/raxml_output.F81.raxml.bestModel

Execution log saved to: /home/fili/Documents/KIT/2023/BA/code/output/families/ssim_NE_s20_f100_sites200_GTR_bl1.0_d0.0_l0.0_t0.0_gc0.0_p0.0_pop10_ms0.0_mf0.0_seed14976684177860080345/families/family_053/misc/raxml_output.F81.raxml.log

Analysis started: 27-Jun-2023 13:51:52 / finished: 27-Jun-2023 13:51:52

Elapsed time: 0.142 seconds

