
RAxML-NG v. 1.1.0 released on 29.11.2021 by The Exelixis Lab.
Developed by: Alexey M. Kozlov and Alexandros Stamatakis.
Contributors: Diego Darriba, Tomas Flouri, Benoit Morel, Sarah Lutteropp, Ben Bettisworth.
Latest version: https://github.com/amkozlov/raxml-ng
Questions/problems/suggestions? Please visit: https://groups.google.com/forum/#!forum/raxml

System: AMD Ryzen 7 5800X 8-Core Processor, 8 cores, 31 GB RAM

RAxML-NG was called at 16-Jun-2023 09:59:02 as follows:

/home/fili/Documents/KIT/2023/BA/resources/tools/RAxML-NG/raxml-ng --msa /home/fili/Documents/KIT/2023/BA/code/output/families/ssim_NE_s20_f100_sites200_GTR_bl1.0_d0.0_l0.0_t0.0_gc0.0_p0.0_pop10_ms0.0_mf0.0_seed1007/families/family_065/alignment.msa --model F81 --prefix /home/fili/Documents/KIT/2023/BA/code/output/families/ssim_NE_s20_f100_sites200_GTR_bl1.0_d0.0_l0.0_t0.0_gc0.0_p0.0_pop10_ms0.0_mf0.0_seed1007/families/family_065/misc/raxml_output.F81

Analysis options:
  run mode: ML tree search
  start tree(s): random (10) + parsimony (10)
  random seed: 1686902342
  tip-inner: OFF
  pattern compression: ON
  per-rate scalers: OFF
  site repeats: ON
  fast spr radius: AUTO
  spr subtree cutoff: 1.000000
  branch lengths: proportional (ML estimate, algorithm: NR-FAST)
  SIMD kernels: AVX2
  parallelization: coarse-grained (auto), PTHREADS (auto)

[00:00:00] Reading alignment from file: /home/fili/Documents/KIT/2023/BA/code/output/families/ssim_NE_s20_f100_sites200_GTR_bl1.0_d0.0_l0.0_t0.0_gc0.0_p0.0_pop10_ms0.0_mf0.0_seed1007/families/family_065/alignment.msa
[00:00:00] Loaded alignment with 20 taxa and 238 sites

WARNING: Sequences 7_0_0 and 11_0_0 are exactly identical!
WARNING: Sequences 12_0_0 and 19_0_0 are exactly identical!
WARNING: Duplicate sequences found: 2

NOTE: Reduced alignment (with duplicates and gap-only sites/taxa removed) 
NOTE: was saved to: /home/fili/Documents/KIT/2023/BA/code/output/families/ssim_NE_s20_f100_sites200_GTR_bl1.0_d0.0_l0.0_t0.0_gc0.0_p0.0_pop10_ms0.0_mf0.0_seed1007/families/family_065/misc/raxml_output.F81.raxml.reduced.phy

Alignment comprises 1 partitions and 96 patterns

Partition 0: noname
Model: F81+FO
Alignment sites / patterns: 238 / 96
Gaps: 0.00 %
Invariant sites: 55.04 %


NOTE: Binary MSA file created: /home/fili/Documents/KIT/2023/BA/code/output/families/ssim_NE_s20_f100_sites200_GTR_bl1.0_d0.0_l0.0_t0.0_gc0.0_p0.0_pop10_ms0.0_mf0.0_seed1007/families/family_065/misc/raxml_output.F81.raxml.rba

Parallelization scheme autoconfig: 8 worker(s) x 1 thread(s)

Parallel reduction/worker buffer size: 1 KB  / 0 KB

[00:00:00] Generating 10 random starting tree(s) with 20 taxa
[00:00:00] Generating 10 parsimony starting tree(s) with 20 taxa
[00:00:00] Data distribution: max. partitions/sites/weight per thread: 1 / 96 / 384
[00:00:00] Data distribution: max. searches per worker: 3

Starting ML tree search with 20 distinct starting trees

[00:00:00 -2693.504258] Initial branch length optimization
[00:00:00 -2445.143125] Model parameter optimization (eps = 10.000000)
[00:00:00 -2440.621180] AUTODETECT spr round 1 (radius: 5)
[00:00:00 -1483.203530] AUTODETECT spr round 2 (radius: 10)
[00:00:00 -1483.202795] SPR radius for FAST iterations: 5 (autodetect)
[00:00:00 -1483.202795] Model parameter optimization (eps = 3.000000)
[00:00:00 -1482.716209] FAST spr round 1 (radius: 5)
[00:00:00 -1461.975007] FAST spr round 2 (radius: 5)
[00:00:00 -1461.854370] FAST spr round 3 (radius: 5)
[00:00:00 -1461.854369] Model parameter optimization (eps = 1.000000)
[00:00:00 -1461.751653] SLOW spr round 1 (radius: 5)
[00:00:00 -1461.751639] SLOW spr round 2 (radius: 10)
[00:00:00 -1461.751639] SLOW spr round 3 (radius: 15)
[00:00:00 -1461.751639] SLOW spr round 4 (radius: 20)
[00:00:00 -1461.751639] Model parameter optimization (eps = 0.100000)

[00:00:00] [worker #0] ML tree search #1, logLikelihood: -1461.751631

[00:00:00] [worker #4] ML tree search #5, logLikelihood: -1461.751636
[00:00:00] [worker #6] ML tree search #7, logLikelihood: -1463.322913
[00:00:00 -2721.547464] Initial branch length optimization
[00:00:00 -2381.648824] Model parameter optimization (eps = 10.000000)
[00:00:00] [worker #7] ML tree search #8, logLikelihood: -1463.322914
[00:00:00 -2376.008663] AUTODETECT spr round 1 (radius: 5)
[00:00:00] [worker #3] ML tree search #4, logLikelihood: -1463.322913
[00:00:00] [worker #5] ML tree search #6, logLikelihood: -1463.322913
[00:00:00] [worker #2] ML tree search #3, logLikelihood: -1461.751630
[00:00:00 -1581.619050] AUTODETECT spr round 2 (radius: 10)
[00:00:00 -1581.618465] SPR radius for FAST iterations: 5 (autodetect)
[00:00:00 -1581.618465] Model parameter optimization (eps = 3.000000)
[00:00:00 -1580.308893] FAST spr round 1 (radius: 5)
[00:00:00] [worker #1] ML tree search #2, logLikelihood: -1462.558400
[00:00:00 -1461.808121] FAST spr round 2 (radius: 5)
[00:00:00 -1461.808101] Model parameter optimization (eps = 1.000000)
[00:00:00 -1461.751656] SLOW spr round 1 (radius: 5)
[00:00:00 -1461.751643] SLOW spr round 2 (radius: 10)
[00:00:00] [worker #7] ML tree search #16, logLikelihood: -1464.806495
[00:00:00] [worker #6] ML tree search #15, logLikelihood: -1464.806495
[00:00:00 -1461.751643] SLOW spr round 3 (radius: 15)
[00:00:00] [worker #5] ML tree search #14, logLikelihood: -1462.558400
[00:00:00 -1461.751643] SLOW spr round 4 (radius: 20)
[00:00:00 -1461.751643] Model parameter optimization (eps = 0.100000)

[00:00:00] [worker #0] ML tree search #9, logLikelihood: -1461.751635

[00:00:00 -1914.949159] Initial branch length optimization
[00:00:00] [worker #3] ML tree search #12, logLikelihood: -1462.558399
[00:00:00 -1474.290855] Model parameter optimization (eps = 10.000000)
[00:00:00 -1467.533820] AUTODETECT spr round 1 (radius: 5)
[00:00:00] [worker #4] ML tree search #13, logLikelihood: -1462.558399
[00:00:00 -1463.668709] AUTODETECT spr round 2 (radius: 10)
[00:00:00 -1463.668517] SPR radius for FAST iterations: 5 (autodetect)
[00:00:00 -1463.668517] Model parameter optimization (eps = 3.000000)
[00:00:00 -1463.656685] FAST spr round 1 (radius: 5)
[00:00:00] [worker #2] ML tree search #11, logLikelihood: -1462.558400
[00:00:00 -1463.656683] Model parameter optimization (eps = 1.000000)
[00:00:00 -1463.656682] SLOW spr round 1 (radius: 5)
[00:00:00] [worker #1] ML tree search #10, logLikelihood: -1463.322915
[00:00:00 -1462.586170] SLOW spr round 2 (radius: 5)
[00:00:00 -1462.586169] SLOW spr round 3 (radius: 10)
[00:00:00] [worker #3] ML tree search #20, logLikelihood: -1462.558400
[00:00:00] [worker #2] ML tree search #19, logLikelihood: -1462.558400
[00:00:00 -1462.586169] SLOW spr round 4 (radius: 15)
[00:00:00 -1462.586169] SLOW spr round 5 (radius: 20)
[00:00:00 -1462.586169] Model parameter optimization (eps = 0.100000)

[00:00:00] [worker #0] ML tree search #17, logLikelihood: -1462.558400

[00:00:00] [worker #1] ML tree search #18, logLikelihood: -1462.558400

Optimized model parameters:

   Partition 0: noname
   Rate heterogeneity: NONE
   Base frequencies (ML): 0.218276 0.216760 0.245170 0.319795 
   Substitution rates (model): 1.000000 1.000000 1.000000 1.000000 1.000000 1.000000 


Final LogLikelihood: -1461.751630

AIC score: 3003.503261 / AICc score: 3020.153007 / BIC score: 3142.394088
Free parameters (model + branch lengths): 40

WARNING: Best ML tree contains 1 near-zero branches!

Best ML tree with collapsed near-zero branches saved to: /home/fili/Documents/KIT/2023/BA/code/output/families/ssim_NE_s20_f100_sites200_GTR_bl1.0_d0.0_l0.0_t0.0_gc0.0_p0.0_pop10_ms0.0_mf0.0_seed1007/families/family_065/misc/raxml_output.F81.raxml.bestTreeCollapsed
Best ML tree saved to: /home/fili/Documents/KIT/2023/BA/code/output/families/ssim_NE_s20_f100_sites200_GTR_bl1.0_d0.0_l0.0_t0.0_gc0.0_p0.0_pop10_ms0.0_mf0.0_seed1007/families/family_065/misc/raxml_output.F81.raxml.bestTree
All ML trees saved to: /home/fili/Documents/KIT/2023/BA/code/output/families/ssim_NE_s20_f100_sites200_GTR_bl1.0_d0.0_l0.0_t0.0_gc0.0_p0.0_pop10_ms0.0_mf0.0_seed1007/families/family_065/misc/raxml_output.F81.raxml.mlTrees
Optimized model saved to: /home/fili/Documents/KIT/2023/BA/code/output/families/ssim_NE_s20_f100_sites200_GTR_bl1.0_d0.0_l0.0_t0.0_gc0.0_p0.0_pop10_ms0.0_mf0.0_seed1007/families/family_065/misc/raxml_output.F81.raxml.bestModel

Execution log saved to: /home/fili/Documents/KIT/2023/BA/code/output/families/ssim_NE_s20_f100_sites200_GTR_bl1.0_d0.0_l0.0_t0.0_gc0.0_p0.0_pop10_ms0.0_mf0.0_seed1007/families/family_065/misc/raxml_output.F81.raxml.log

Analysis started: 16-Jun-2023 09:59:02 / finished: 16-Jun-2023 09:59:02

Elapsed time: 0.230 seconds

