
RAxML-NG v. 1.1.0 released on 29.11.2021 by The Exelixis Lab.
Developed by: Alexey M. Kozlov and Alexandros Stamatakis.
Contributors: Diego Darriba, Tomas Flouri, Benoit Morel, Sarah Lutteropp, Ben Bettisworth.
Latest version: https://github.com/amkozlov/raxml-ng
Questions/problems/suggestions? Please visit: https://groups.google.com/forum/#!forum/raxml

System: AMD Ryzen 7 5800X 8-Core Processor, 8 cores, 31 GB RAM

RAxML-NG was called at 27-Jun-2023 13:43:49 as follows:

/home/fili/Documents/KIT/2023/BA/resources/tools/RAxML-NG/raxml-ng --msa /home/fili/Documents/KIT/2023/BA/code/output/families/ssim_DL_s20_f100_sites200_GTR_bl1.0_d1.0_l1.0_t0.0_gc0.0_p0.0_pop10_ms0.0_mf0.0_seed14976684177860080345/families/family_067/alignment.msa --model F81 --prefix /home/fili/Documents/KIT/2023/BA/code/output/families/ssim_DL_s20_f100_sites200_GTR_bl1.0_d1.0_l1.0_t0.0_gc0.0_p0.0_pop10_ms0.0_mf0.0_seed14976684177860080345/families/family_067/misc/raxml_output.F81

Analysis options:
  run mode: ML tree search
  start tree(s): random (10) + parsimony (10)
  random seed: 1687866229
  tip-inner: OFF
  pattern compression: ON
  per-rate scalers: OFF
  site repeats: ON
  fast spr radius: AUTO
  spr subtree cutoff: 1.000000
  branch lengths: proportional (ML estimate, algorithm: NR-FAST)
  SIMD kernels: AVX2
  parallelization: coarse-grained (auto), PTHREADS (auto)

[00:00:00] Reading alignment from file: /home/fili/Documents/KIT/2023/BA/code/output/families/ssim_DL_s20_f100_sites200_GTR_bl1.0_d1.0_l1.0_t0.0_gc0.0_p0.0_pop10_ms0.0_mf0.0_seed14976684177860080345/families/family_067/alignment.msa
[00:00:00] Loaded alignment with 55 taxa and 149 sites

WARNING: Sequences 6_0_0 and 3_0_0 are exactly identical!
WARNING: Sequences 11_0_0 and 14_0_0 are exactly identical!
WARNING: Sequences 14_5_0 and 2_5_0 are exactly identical!
WARNING: Sequences 3_7_0 and 13_7_0 are exactly identical!
WARNING: Sequences 3_7_0 and 14_7_0 are exactly identical!
WARNING: Sequences 3_7_0 and 2_7_0 are exactly identical!
WARNING: Sequences 3_7_0 and 11_7_0 are exactly identical!
WARNING: Sequences 2_4_0 and 11_4_0 are exactly identical!
WARNING: Sequences 13_4_0 and 6_4_0 are exactly identical!
WARNING: Sequences 13_4_0 and 3_4_0 are exactly identical!
WARNING: Sequences 7_2_0 and 10_2_0 are exactly identical!
WARNING: Sequences 7_2_0 and 5_2_0 are exactly identical!
WARNING: Sequences 7_3_0 and 10_3_0 are exactly identical!
WARNING: Sequences 10_0_0 and 5_0_0 are exactly identical!
WARNING: Sequences 10_1_0 and 5_1_0 are exactly identical!
WARNING: Sequences 10_1_0 and 7_1_0 are exactly identical!
WARNING: Sequences 10_1_0 and 1_1_0 are exactly identical!
WARNING: Duplicate sequences found: 17

NOTE: Reduced alignment (with duplicates and gap-only sites/taxa removed) 
NOTE: was saved to: /home/fili/Documents/KIT/2023/BA/code/output/families/ssim_DL_s20_f100_sites200_GTR_bl1.0_d1.0_l1.0_t0.0_gc0.0_p0.0_pop10_ms0.0_mf0.0_seed14976684177860080345/families/family_067/misc/raxml_output.F81.raxml.reduced.phy

Alignment comprises 1 partitions and 69 patterns

Partition 0: noname
Model: F81+FO
Alignment sites / patterns: 149 / 69
Gaps: 0.00 %
Invariant sites: 55.03 %


NOTE: Binary MSA file created: /home/fili/Documents/KIT/2023/BA/code/output/families/ssim_DL_s20_f100_sites200_GTR_bl1.0_d1.0_l1.0_t0.0_gc0.0_p0.0_pop10_ms0.0_mf0.0_seed14976684177860080345/families/family_067/misc/raxml_output.F81.raxml.rba

Parallelization scheme autoconfig: 8 worker(s) x 1 thread(s)

Parallel reduction/worker buffer size: 1 KB  / 0 KB

[00:00:00] Generating 10 random starting tree(s) with 55 taxa
[00:00:00] Generating 10 parsimony starting tree(s) with 55 taxa
[00:00:00] Data distribution: max. partitions/sites/weight per thread: 1 / 69 / 276
[00:00:00] Data distribution: max. searches per worker: 3

Starting ML tree search with 20 distinct starting trees

[00:00:00 -3989.873218] Initial branch length optimization
[00:00:00 -3279.651741] Model parameter optimization (eps = 10.000000)
[00:00:00 -3220.582853] AUTODETECT spr round 1 (radius: 5)
[00:00:00 -1523.613845] AUTODETECT spr round 2 (radius: 10)
[00:00:00 -1223.846904] AUTODETECT spr round 3 (radius: 15)
[00:00:00 -1223.846898] SPR radius for FAST iterations: 10 (autodetect)
[00:00:00 -1223.846898] Model parameter optimization (eps = 3.000000)
[00:00:00 -1220.679292] FAST spr round 1 (radius: 10)
[00:00:00 -1165.989982] FAST spr round 2 (radius: 10)
[00:00:00 -1155.764549] FAST spr round 3 (radius: 10)
[00:00:00 -1155.764534] Model parameter optimization (eps = 1.000000)
[00:00:00 -1155.676331] SLOW spr round 1 (radius: 5)
[00:00:00 -1155.371814] SLOW spr round 2 (radius: 5)
[00:00:00 -1155.371802] SLOW spr round 3 (radius: 10)
[00:00:00 -1155.371802] SLOW spr round 4 (radius: 15)
[00:00:00] [worker #1] ML tree search #2, logLikelihood: -1158.401368
[00:00:00 -1155.371802] SLOW spr round 5 (radius: 20)
[00:00:00] [worker #4] ML tree search #5, logLikelihood: -1155.465699
[00:00:00 -1155.371802] SLOW spr round 6 (radius: 25)
[00:00:00 -1155.371802] Model parameter optimization (eps = 0.100000)

[00:00:00] [worker #0] ML tree search #1, logLikelihood: -1155.368572

[00:00:00 -3971.335681] Initial branch length optimization
[00:00:00 -3233.629285] Model parameter optimization (eps = 10.000000)
[00:00:00] [worker #7] ML tree search #8, logLikelihood: -1155.368586
[00:00:00 -3182.678832] AUTODETECT spr round 1 (radius: 5)
[00:00:00] [worker #2] ML tree search #3, logLikelihood: -1162.455272
[00:00:00 -1423.543482] AUTODETECT spr round 2 (radius: 10)
[00:00:00] [worker #5] ML tree search #6, logLikelihood: -1164.088395
[00:00:00 -1203.042548] AUTODETECT spr round 3 (radius: 15)
[00:00:00] [worker #3] ML tree search #4, logLikelihood: -1155.465697
[00:00:00 -1203.042466] SPR radius for FAST iterations: 10 (autodetect)
[00:00:00 -1203.042466] Model parameter optimization (eps = 3.000000)
[00:00:00 -1200.519019] FAST spr round 1 (radius: 10)
[00:00:00 -1159.700872] FAST spr round 2 (radius: 10)
[00:00:00 -1157.124663] FAST spr round 3 (radius: 10)
[00:00:00 -1155.627776] FAST spr round 4 (radius: 10)
[00:00:00 -1155.627435] Model parameter optimization (eps = 1.000000)
[00:00:00 -1155.533725] SLOW spr round 1 (radius: 5)
[00:00:00 -1155.485171] SLOW spr round 2 (radius: 10)
[00:00:00] [worker #4] ML tree search #13, logLikelihood: -1155.465705
[00:00:00 -1155.485170] SLOW spr round 3 (radius: 15)
[00:00:00] [worker #1] ML tree search #10, logLikelihood: -1155.368568
[00:00:00] [worker #7] ML tree search #16, logLikelihood: -1155.368580
[00:00:00] [worker #2] ML tree search #11, logLikelihood: -1155.465721
[00:00:00 -1155.485170] SLOW spr round 4 (radius: 20)
[00:00:00] [worker #5] ML tree search #14, logLikelihood: -1155.465715
[00:00:00 -1155.485170] SLOW spr round 5 (radius: 25)
[00:00:00 -1155.485170] Model parameter optimization (eps = 0.100000)

[00:00:00] [worker #0] ML tree search #9, logLikelihood: -1155.465827

[00:00:00 -2355.666662] Initial branch length optimization
[00:00:00 -1181.000449] Model parameter optimization (eps = 10.000000)
[00:00:00 -1169.743033] AUTODETECT spr round 1 (radius: 5)
[00:00:00] [worker #3] ML tree search #12, logLikelihood: -1155.465708
[00:00:00] [worker #6] ML tree search #7, logLikelihood: -1155.465743
[00:00:00 -1156.292829] AUTODETECT spr round 2 (radius: 10)
[00:00:00 -1156.292820] SPR radius for FAST iterations: 5 (autodetect)
[00:00:00 -1156.292820] Model parameter optimization (eps = 3.000000)
[00:00:00 -1156.101429] FAST spr round 1 (radius: 5)
[00:00:00 -1155.787619] FAST spr round 2 (radius: 5)
[00:00:00 -1155.787512] Model parameter optimization (eps = 1.000000)
[00:00:00 -1155.776425] SLOW spr round 1 (radius: 5)
[00:00:00 -1155.468837] SLOW spr round 2 (radius: 5)
[00:00:00 -1155.468811] SLOW spr round 3 (radius: 10)
[00:00:00] [worker #2] ML tree search #19, logLikelihood: -1155.368578
[00:00:00 -1155.468810] SLOW spr round 4 (radius: 15)
[00:00:00] [worker #1] ML tree search #18, logLikelihood: -1155.465705
[00:00:00 -1155.468810] SLOW spr round 5 (radius: 20)
[00:00:00 -1155.468810] SLOW spr round 6 (radius: 25)
[00:00:00 -1155.468810] Model parameter optimization (eps = 0.100000)

[00:00:00] [worker #0] ML tree search #17, logLikelihood: -1155.465715

[00:00:00] [worker #3] ML tree search #20, logLikelihood: -1155.465704
[00:00:00] [worker #6] ML tree search #15, logLikelihood: -1155.465708

Optimized model parameters:

   Partition 0: noname
   Rate heterogeneity: NONE
   Base frequencies (ML): 0.275387 0.197654 0.341297 0.185662 
   Substitution rates (model): 1.000000 1.000000 1.000000 1.000000 1.000000 1.000000 


Final LogLikelihood: -1155.368568

AIC score: 2530.737136 / AICc score: 3173.368715 / BIC score: 2861.171230
Free parameters (model + branch lengths): 110

WARNING: Best ML tree contains 20 near-zero branches!

Best ML tree with collapsed near-zero branches saved to: /home/fili/Documents/KIT/2023/BA/code/output/families/ssim_DL_s20_f100_sites200_GTR_bl1.0_d1.0_l1.0_t0.0_gc0.0_p0.0_pop10_ms0.0_mf0.0_seed14976684177860080345/families/family_067/misc/raxml_output.F81.raxml.bestTreeCollapsed
Best ML tree saved to: /home/fili/Documents/KIT/2023/BA/code/output/families/ssim_DL_s20_f100_sites200_GTR_bl1.0_d1.0_l1.0_t0.0_gc0.0_p0.0_pop10_ms0.0_mf0.0_seed14976684177860080345/families/family_067/misc/raxml_output.F81.raxml.bestTree
All ML trees saved to: /home/fili/Documents/KIT/2023/BA/code/output/families/ssim_DL_s20_f100_sites200_GTR_bl1.0_d1.0_l1.0_t0.0_gc0.0_p0.0_pop10_ms0.0_mf0.0_seed14976684177860080345/families/family_067/misc/raxml_output.F81.raxml.mlTrees
Optimized model saved to: /home/fili/Documents/KIT/2023/BA/code/output/families/ssim_DL_s20_f100_sites200_GTR_bl1.0_d1.0_l1.0_t0.0_gc0.0_p0.0_pop10_ms0.0_mf0.0_seed14976684177860080345/families/family_067/misc/raxml_output.F81.raxml.bestModel

Execution log saved to: /home/fili/Documents/KIT/2023/BA/code/output/families/ssim_DL_s20_f100_sites200_GTR_bl1.0_d1.0_l1.0_t0.0_gc0.0_p0.0_pop10_ms0.0_mf0.0_seed14976684177860080345/families/family_067/misc/raxml_output.F81.raxml.log

Analysis started: 27-Jun-2023 13:43:49 / finished: 27-Jun-2023 13:43:50

Elapsed time: 0.786 seconds

