
RAxML-NG v. 1.1.0 released on 29.11.2021 by The Exelixis Lab.
Developed by: Alexey M. Kozlov and Alexandros Stamatakis.
Contributors: Diego Darriba, Tomas Flouri, Benoit Morel, Sarah Lutteropp, Ben Bettisworth.
Latest version: https://github.com/amkozlov/raxml-ng
Questions/problems/suggestions? Please visit: https://groups.google.com/forum/#!forum/raxml

System: AMD Ryzen 7 5800X 8-Core Processor, 8 cores, 31 GB RAM

RAxML-NG was called at 27-Jun-2023 13:01:45 as follows:

/home/fili/Documents/KIT/2023/BA/resources/tools/RAxML-NG/raxml-ng --msa /home/fili/Documents/KIT/2023/BA/code/output/families/ssim_DL_s20_f100_sites200_GTR_bl1.0_d1.0_l1.0_t0.0_gc0.0_p0.0_pop10_ms0.0_mf0.0_seed1007/families/family_022/alignment.msa --model F81 --prefix /home/fili/Documents/KIT/2023/BA/code/output/families/ssim_DL_s20_f100_sites200_GTR_bl1.0_d1.0_l1.0_t0.0_gc0.0_p0.0_pop10_ms0.0_mf0.0_seed1007/families/family_022/misc/raxml_output.F81

Analysis options:
  run mode: ML tree search
  start tree(s): random (10) + parsimony (10)
  random seed: 1687863705
  tip-inner: OFF
  pattern compression: ON
  per-rate scalers: OFF
  site repeats: ON
  fast spr radius: AUTO
  spr subtree cutoff: 1.000000
  branch lengths: proportional (ML estimate, algorithm: NR-FAST)
  SIMD kernels: AVX2
  parallelization: coarse-grained (auto), PTHREADS (auto)

[00:00:00] Reading alignment from file: /home/fili/Documents/KIT/2023/BA/code/output/families/ssim_DL_s20_f100_sites200_GTR_bl1.0_d1.0_l1.0_t0.0_gc0.0_p0.0_pop10_ms0.0_mf0.0_seed1007/families/family_022/alignment.msa
[00:00:00] Loaded alignment with 37 taxa and 178 sites

WARNING: Sequences 8_0_0 and 2_0_0 are exactly identical!
WARNING: Sequences 2_1_0 and 8_1_0 are exactly identical!
WARNING: Sequences 12_4_0 and 19_4_0 are exactly identical!
WARNING: Duplicate sequences found: 3

NOTE: Reduced alignment (with duplicates and gap-only sites/taxa removed) 
NOTE: was saved to: /home/fili/Documents/KIT/2023/BA/code/output/families/ssim_DL_s20_f100_sites200_GTR_bl1.0_d1.0_l1.0_t0.0_gc0.0_p0.0_pop10_ms0.0_mf0.0_seed1007/families/family_022/misc/raxml_output.F81.raxml.reduced.phy

Alignment comprises 1 partitions and 114 patterns

Partition 0: noname
Model: F81+FO
Alignment sites / patterns: 178 / 114
Gaps: 0.00 %
Invariant sites: 37.64 %


NOTE: Binary MSA file created: /home/fili/Documents/KIT/2023/BA/code/output/families/ssim_DL_s20_f100_sites200_GTR_bl1.0_d1.0_l1.0_t0.0_gc0.0_p0.0_pop10_ms0.0_mf0.0_seed1007/families/family_022/misc/raxml_output.F81.raxml.rba

Parallelization scheme autoconfig: 8 worker(s) x 1 thread(s)

Parallel reduction/worker buffer size: 1 KB  / 0 KB

[00:00:00] Generating 10 random starting tree(s) with 37 taxa
[00:00:00] Generating 10 parsimony starting tree(s) with 37 taxa
[00:00:00] Data distribution: max. partitions/sites/weight per thread: 1 / 114 / 456
[00:00:00] Data distribution: max. searches per worker: 3

Starting ML tree search with 20 distinct starting trees

[00:00:00 -4365.948797] Initial branch length optimization
[00:00:00 -3939.118037] Model parameter optimization (eps = 10.000000)
[00:00:00 -3850.930992] AUTODETECT spr round 1 (radius: 5)
[00:00:00 -2595.841431] AUTODETECT spr round 2 (radius: 10)
[00:00:00 -2478.091281] AUTODETECT spr round 3 (radius: 15)
[00:00:00 -2370.252844] AUTODETECT spr round 4 (radius: 20)
[00:00:00 -2370.252832] SPR radius for FAST iterations: 15 (autodetect)
[00:00:00 -2370.252832] Model parameter optimization (eps = 3.000000)
[00:00:00 -2369.917970] FAST spr round 1 (radius: 15)
[00:00:00 -2196.143698] FAST spr round 2 (radius: 15)
[00:00:00 -2188.506814] FAST spr round 3 (radius: 15)
[00:00:00 -2188.506812] Model parameter optimization (eps = 1.000000)
[00:00:00 -2188.479849] SLOW spr round 1 (radius: 5)
[00:00:00 -2188.479749] SLOW spr round 2 (radius: 10)
[00:00:00 -2188.479749] SLOW spr round 3 (radius: 15)
[00:00:00 -2188.479749] SLOW spr round 4 (radius: 20)
[00:00:00] [worker #1] ML tree search #2, logLikelihood: -2188.479704
[00:00:00 -2188.479749] SLOW spr round 5 (radius: 25)
[00:00:00 -2188.479749] Model parameter optimization (eps = 0.100000)

[00:00:00] [worker #0] ML tree search #1, logLikelihood: -2188.479709

[00:00:00 -4455.768140] Initial branch length optimization
[00:00:00 -4019.183519] Model parameter optimization (eps = 10.000000)
[00:00:00 -3932.514176] AUTODETECT spr round 1 (radius: 5)
[00:00:00] [worker #2] ML tree search #3, logLikelihood: -2184.493778
[00:00:00] [worker #3] ML tree search #4, logLikelihood: -2184.493801
[00:00:00] [worker #7] ML tree search #8, logLikelihood: -2188.233477
[00:00:00 -2674.962562] AUTODETECT spr round 2 (radius: 10)
[00:00:00] [worker #4] ML tree search #5, logLikelihood: -2184.493778
[00:00:00 -2281.499926] AUTODETECT spr round 3 (radius: 15)
[00:00:00 -2281.499828] SPR radius for FAST iterations: 10 (autodetect)
[00:00:00 -2281.499828] Model parameter optimization (eps = 3.000000)
[00:00:00 -2280.986791] FAST spr round 1 (radius: 10)
[00:00:00] [worker #5] ML tree search #6, logLikelihood: -2184.493778
[00:00:00 -2195.672078] FAST spr round 2 (radius: 10)
[00:00:00 -2184.510471] FAST spr round 3 (radius: 10)
[00:00:00] [worker #6] ML tree search #7, logLikelihood: -2184.493816
[00:00:00 -2184.510409] Model parameter optimization (eps = 1.000000)
[00:00:00 -2184.493864] SLOW spr round 1 (radius: 5)
[00:00:00 -2184.493806] SLOW spr round 2 (radius: 10)
[00:00:00 -2184.493806] SLOW spr round 3 (radius: 15)
[00:00:00 -2184.493806] SLOW spr round 4 (radius: 20)
[00:00:00 -2184.493806] SLOW spr round 5 (radius: 25)
[00:00:00 -2184.493806] Model parameter optimization (eps = 0.100000)

[00:00:00] [worker #0] ML tree search #9, logLikelihood: -2184.493778

[00:00:00] [worker #2] ML tree search #11, logLikelihood: -2184.493779
[00:00:00 -2781.491491] Initial branch length optimization
[00:00:00 -2249.679783] Model parameter optimization (eps = 10.000000)
[00:00:00 -2197.363132] AUTODETECT spr round 1 (radius: 5)
[00:00:00] [worker #4] ML tree search #13, logLikelihood: -2184.493777
[00:00:00] [worker #7] ML tree search #16, logLikelihood: -2184.493781
[00:00:00 -2185.869511] AUTODETECT spr round 2 (radius: 10)
[00:00:00] [worker #3] ML tree search #12, logLikelihood: -2184.493784
[00:00:00 -2185.868845] SPR radius for FAST iterations: 5 (autodetect)
[00:00:00 -2185.868845] Model parameter optimization (eps = 3.000000)
[00:00:00 -2185.847082] FAST spr round 1 (radius: 5)
[00:00:00 -2184.517358] FAST spr round 2 (radius: 5)
[00:00:00] [worker #6] ML tree search #15, logLikelihood: -2184.493778
[00:00:00 -2184.517355] Model parameter optimization (eps = 1.000000)
[00:00:00 -2184.494011] SLOW spr round 1 (radius: 5)
[00:00:00] [worker #5] ML tree search #14, logLikelihood: -2184.493997
[00:00:00] [worker #1] ML tree search #10, logLikelihood: -2188.233476
[00:00:00 -2184.493909] SLOW spr round 2 (radius: 10)
[00:00:00 -2184.493908] SLOW spr round 3 (radius: 15)
[00:00:00 -2184.493908] SLOW spr round 4 (radius: 20)
[00:00:00 -2184.493908] SLOW spr round 5 (radius: 25)
[00:00:00 -2184.493908] Model parameter optimization (eps = 0.100000)

[00:00:00] [worker #0] ML tree search #17, logLikelihood: -2184.493778

[00:00:00] [worker #2] ML tree search #19, logLikelihood: -2184.493780
[00:00:00] [worker #3] ML tree search #20, logLikelihood: -2184.493784
[00:00:00] [worker #1] ML tree search #18, logLikelihood: -2184.493778

Optimized model parameters:

   Partition 0: noname
   Rate heterogeneity: NONE
   Base frequencies (ML): 0.368249 0.133504 0.331969 0.166278 
   Substitution rates (model): 1.000000 1.000000 1.000000 1.000000 1.000000 1.000000 


Final LogLikelihood: -2184.493777

AIC score: 4516.987554 / AICc score: 4624.754544 / BIC score: 4752.439537
Free parameters (model + branch lengths): 74

WARNING: Best ML tree contains 3 near-zero branches!

Best ML tree with collapsed near-zero branches saved to: /home/fili/Documents/KIT/2023/BA/code/output/families/ssim_DL_s20_f100_sites200_GTR_bl1.0_d1.0_l1.0_t0.0_gc0.0_p0.0_pop10_ms0.0_mf0.0_seed1007/families/family_022/misc/raxml_output.F81.raxml.bestTreeCollapsed
Best ML tree saved to: /home/fili/Documents/KIT/2023/BA/code/output/families/ssim_DL_s20_f100_sites200_GTR_bl1.0_d1.0_l1.0_t0.0_gc0.0_p0.0_pop10_ms0.0_mf0.0_seed1007/families/family_022/misc/raxml_output.F81.raxml.bestTree
All ML trees saved to: /home/fili/Documents/KIT/2023/BA/code/output/families/ssim_DL_s20_f100_sites200_GTR_bl1.0_d1.0_l1.0_t0.0_gc0.0_p0.0_pop10_ms0.0_mf0.0_seed1007/families/family_022/misc/raxml_output.F81.raxml.mlTrees
Optimized model saved to: /home/fili/Documents/KIT/2023/BA/code/output/families/ssim_DL_s20_f100_sites200_GTR_bl1.0_d1.0_l1.0_t0.0_gc0.0_p0.0_pop10_ms0.0_mf0.0_seed1007/families/family_022/misc/raxml_output.F81.raxml.bestModel

Execution log saved to: /home/fili/Documents/KIT/2023/BA/code/output/families/ssim_DL_s20_f100_sites200_GTR_bl1.0_d1.0_l1.0_t0.0_gc0.0_p0.0_pop10_ms0.0_mf0.0_seed1007/families/family_022/misc/raxml_output.F81.raxml.log

Analysis started: 27-Jun-2023 13:01:45 / finished: 27-Jun-2023 13:01:46

Elapsed time: 0.673 seconds

