
RAxML-NG v. 1.1.0 released on 29.11.2021 by The Exelixis Lab.
Developed by: Alexey M. Kozlov and Alexandros Stamatakis.
Contributors: Diego Darriba, Tomas Flouri, Benoit Morel, Sarah Lutteropp, Ben Bettisworth.
Latest version: https://github.com/amkozlov/raxml-ng
Questions/problems/suggestions? Please visit: https://groups.google.com/forum/#!forum/raxml

System: AMD Ryzen 7 5800X 8-Core Processor, 8 cores, 31 GB RAM

RAxML-NG was called at 27-Jun-2023 13:01:54 as follows:

/home/fili/Documents/KIT/2023/BA/resources/tools/RAxML-NG/raxml-ng --msa /home/fili/Documents/KIT/2023/BA/code/output/families/ssim_DL_s20_f100_sites200_GTR_bl1.0_d1.0_l1.0_t0.0_gc0.0_p0.0_pop10_ms0.0_mf0.0_seed1007/families/family_094/alignment.msa --model F81 --prefix /home/fili/Documents/KIT/2023/BA/code/output/families/ssim_DL_s20_f100_sites200_GTR_bl1.0_d1.0_l1.0_t0.0_gc0.0_p0.0_pop10_ms0.0_mf0.0_seed1007/families/family_094/misc/raxml_output.F81

Analysis options:
  run mode: ML tree search
  start tree(s): random (10) + parsimony (10)
  random seed: 1687863714
  tip-inner: OFF
  pattern compression: ON
  per-rate scalers: OFF
  site repeats: ON
  fast spr radius: AUTO
  spr subtree cutoff: 1.000000
  branch lengths: proportional (ML estimate, algorithm: NR-FAST)
  SIMD kernels: AVX2
  parallelization: coarse-grained (auto), PTHREADS (auto)

[00:00:00] Reading alignment from file: /home/fili/Documents/KIT/2023/BA/code/output/families/ssim_DL_s20_f100_sites200_GTR_bl1.0_d1.0_l1.0_t0.0_gc0.0_p0.0_pop10_ms0.0_mf0.0_seed1007/families/family_094/alignment.msa
[00:00:00] Loaded alignment with 23 taxa and 268 sites

WARNING: Sequences 12_6_0 and 12_7_0 are exactly identical!
WARNING: Sequences 17_0_0 and 17_11_0 are exactly identical!
WARNING: Duplicate sequences found: 2

NOTE: Reduced alignment (with duplicates and gap-only sites/taxa removed) 
NOTE: was saved to: /home/fili/Documents/KIT/2023/BA/code/output/families/ssim_DL_s20_f100_sites200_GTR_bl1.0_d1.0_l1.0_t0.0_gc0.0_p0.0_pop10_ms0.0_mf0.0_seed1007/families/family_094/misc/raxml_output.F81.raxml.reduced.phy

Alignment comprises 1 partitions and 127 patterns

Partition 0: noname
Model: F81+FO
Alignment sites / patterns: 268 / 127
Gaps: 0.00 %
Invariant sites: 49.25 %


NOTE: Binary MSA file created: /home/fili/Documents/KIT/2023/BA/code/output/families/ssim_DL_s20_f100_sites200_GTR_bl1.0_d1.0_l1.0_t0.0_gc0.0_p0.0_pop10_ms0.0_mf0.0_seed1007/families/family_094/misc/raxml_output.F81.raxml.rba

Parallelization scheme autoconfig: 8 worker(s) x 1 thread(s)

Parallel reduction/worker buffer size: 1 KB  / 0 KB

[00:00:00] Generating 10 random starting tree(s) with 23 taxa
[00:00:00] Generating 10 parsimony starting tree(s) with 23 taxa
[00:00:00] Data distribution: max. partitions/sites/weight per thread: 1 / 127 / 508
[00:00:00] Data distribution: max. searches per worker: 3

Starting ML tree search with 20 distinct starting trees

[00:00:00 -3600.850798] Initial branch length optimization
[00:00:00 -3130.789653] Model parameter optimization (eps = 10.000000)
[00:00:00 -3066.391042] AUTODETECT spr round 1 (radius: 5)
[00:00:00 -2113.761633] AUTODETECT spr round 2 (radius: 10)
[00:00:00 -1792.949705] AUTODETECT spr round 3 (radius: 15)
[00:00:00 -1792.949599] SPR radius for FAST iterations: 10 (autodetect)
[00:00:00 -1792.949599] Model parameter optimization (eps = 3.000000)
[00:00:00 -1790.887689] FAST spr round 1 (radius: 10)
[00:00:00 -1749.902990] FAST spr round 2 (radius: 10)
[00:00:00 -1730.730110] FAST spr round 3 (radius: 10)
[00:00:00 -1730.730105] Model parameter optimization (eps = 1.000000)
[00:00:00 -1730.602248] SLOW spr round 1 (radius: 5)
[00:00:00 -1730.602210] SLOW spr round 2 (radius: 10)
[00:00:00] [worker #6] ML tree search #7, logLikelihood: -1730.602160
[00:00:00] [worker #1] ML tree search #2, logLikelihood: -1730.602157
[00:00:00 -1730.602210] SLOW spr round 3 (radius: 15)
[00:00:00 -1730.602210] SLOW spr round 4 (radius: 20)
[00:00:00 -1730.602210] Model parameter optimization (eps = 0.100000)

[00:00:00] [worker #0] ML tree search #1, logLikelihood: -1730.602157

[00:00:00] [worker #4] ML tree search #5, logLikelihood: -1730.602157
[00:00:00] [worker #2] ML tree search #3, logLikelihood: -1730.602156
[00:00:00 -3621.804118] Initial branch length optimization
[00:00:00 -3138.183955] Model parameter optimization (eps = 10.000000)
[00:00:00] [worker #3] ML tree search #4, logLikelihood: -1730.602157
[00:00:00 -3081.776185] AUTODETECT spr round 1 (radius: 5)
[00:00:00 -1762.348436] AUTODETECT spr round 2 (radius: 10)
[00:00:00 -1762.348430] SPR radius for FAST iterations: 5 (autodetect)
[00:00:00 -1762.348430] Model parameter optimization (eps = 3.000000)
[00:00:00 -1761.828503] FAST spr round 1 (radius: 5)
[00:00:00] [worker #7] ML tree search #8, logLikelihood: -1730.602157
[00:00:00 -1730.658664] FAST spr round 2 (radius: 5)
[00:00:00] [worker #5] ML tree search #6, logLikelihood: -1730.602157
[00:00:00 -1730.658653] Model parameter optimization (eps = 1.000000)
[00:00:00 -1730.602175] SLOW spr round 1 (radius: 5)
[00:00:00] [worker #6] ML tree search #15, logLikelihood: -1730.602157
[00:00:00 -1730.602166] SLOW spr round 2 (radius: 10)
[00:00:00] [worker #4] ML tree search #13, logLikelihood: -1730.602156
[00:00:00] [worker #2] ML tree search #11, logLikelihood: -1730.602157
[00:00:00] [worker #3] ML tree search #12, logLikelihood: -1730.602156
[00:00:00 -1730.602166] SLOW spr round 3 (radius: 15)
[00:00:00 -1730.602166] SLOW spr round 4 (radius: 20)
[00:00:00 -1730.602166] Model parameter optimization (eps = 0.100000)

[00:00:00] [worker #0] ML tree search #9, logLikelihood: -1730.602157

[00:00:00 -2358.763449] Initial branch length optimization
[00:00:00 -1764.488732] Model parameter optimization (eps = 10.000000)
[00:00:00] [worker #7] ML tree search #16, logLikelihood: -1730.602156
[00:00:00 -1734.466354] AUTODETECT spr round 1 (radius: 5)
[00:00:00] [worker #1] ML tree search #10, logLikelihood: -1730.602156
[00:00:00 -1730.637752] AUTODETECT spr round 2 (radius: 10)
[00:00:00 -1730.637692] SPR radius for FAST iterations: 5 (autodetect)
[00:00:00 -1730.637692] Model parameter optimization (eps = 3.000000)
[00:00:00 -1730.602193] FAST spr round 1 (radius: 5)
[00:00:00] [worker #5] ML tree search #14, logLikelihood: -1730.602157
[00:00:00 -1730.602170] Model parameter optimization (eps = 1.000000)
[00:00:00 -1730.602156] SLOW spr round 1 (radius: 5)
[00:00:00] [worker #2] ML tree search #19, logLikelihood: -1730.602156
[00:00:00 -1730.602156] SLOW spr round 2 (radius: 10)
[00:00:00] [worker #3] ML tree search #20, logLikelihood: -1730.602156
[00:00:00 -1730.602156] SLOW spr round 3 (radius: 15)
[00:00:00 -1730.602156] SLOW spr round 4 (radius: 20)
[00:00:00 -1730.602156] Model parameter optimization (eps = 0.100000)

[00:00:00] [worker #0] ML tree search #17, logLikelihood: -1730.602156

[00:00:00] [worker #1] ML tree search #18, logLikelihood: -1730.602156

Optimized model parameters:

   Partition 0: noname
   Rate heterogeneity: NONE
   Base frequencies (ML): 0.320398 0.134741 0.324503 0.220358 
   Substitution rates (model): 1.000000 1.000000 1.000000 1.000000 1.000000 1.000000 


Final LogLikelihood: -1730.602156

AIC score: 3553.204311 / AICc score: 3572.769922 / BIC score: 3718.389712
Free parameters (model + branch lengths): 46

WARNING: Best ML tree contains 1 near-zero branches!

Best ML tree with collapsed near-zero branches saved to: /home/fili/Documents/KIT/2023/BA/code/output/families/ssim_DL_s20_f100_sites200_GTR_bl1.0_d1.0_l1.0_t0.0_gc0.0_p0.0_pop10_ms0.0_mf0.0_seed1007/families/family_094/misc/raxml_output.F81.raxml.bestTreeCollapsed
Best ML tree saved to: /home/fili/Documents/KIT/2023/BA/code/output/families/ssim_DL_s20_f100_sites200_GTR_bl1.0_d1.0_l1.0_t0.0_gc0.0_p0.0_pop10_ms0.0_mf0.0_seed1007/families/family_094/misc/raxml_output.F81.raxml.bestTree
All ML trees saved to: /home/fili/Documents/KIT/2023/BA/code/output/families/ssim_DL_s20_f100_sites200_GTR_bl1.0_d1.0_l1.0_t0.0_gc0.0_p0.0_pop10_ms0.0_mf0.0_seed1007/families/family_094/misc/raxml_output.F81.raxml.mlTrees
Optimized model saved to: /home/fili/Documents/KIT/2023/BA/code/output/families/ssim_DL_s20_f100_sites200_GTR_bl1.0_d1.0_l1.0_t0.0_gc0.0_p0.0_pop10_ms0.0_mf0.0_seed1007/families/family_094/misc/raxml_output.F81.raxml.bestModel

Execution log saved to: /home/fili/Documents/KIT/2023/BA/code/output/families/ssim_DL_s20_f100_sites200_GTR_bl1.0_d1.0_l1.0_t0.0_gc0.0_p0.0_pop10_ms0.0_mf0.0_seed1007/families/family_094/misc/raxml_output.F81.raxml.log

Analysis started: 27-Jun-2023 13:01:54 / finished: 27-Jun-2023 13:01:54

Elapsed time: 0.257 seconds

