
RAxML-NG v. 1.1.0 released on 29.11.2021 by The Exelixis Lab.
Developed by: Alexey M. Kozlov and Alexandros Stamatakis.
Contributors: Diego Darriba, Tomas Flouri, Benoit Morel, Sarah Lutteropp, Ben Bettisworth.
Latest version: https://github.com/amkozlov/raxml-ng
Questions/problems/suggestions? Please visit: https://groups.google.com/forum/#!forum/raxml

System: AMD Ryzen 7 5800X 8-Core Processor, 8 cores, 31 GB RAM

RAxML-NG was called at 13-Jun-2023 16:03:04 as follows:

/home/fili/Documents/KIT/2023/BA/resources/tools/RAxML-NG/raxml-ng --msa /home/fili/Documents/KIT/2023/BA/code/output/families/ssim_DL_s20_f100_sites200_GTR_bl1.0_d1.0_l1.0_t0.0_gc0.0_p0.0_pop10_ms0.0_mf0.0_seed42/families/family_025/alignment.msa --model F81 --prefix /home/fili/Documents/KIT/2023/BA/code/output/families/ssim_DL_s20_f100_sites200_GTR_bl1.0_d1.0_l1.0_t0.0_gc0.0_p0.0_pop10_ms0.0_mf0.0_seed42/families/family_025/misc/raxml_output.F81

Analysis options:
  run mode: ML tree search
  start tree(s): random (10) + parsimony (10)
  random seed: 1686664984
  tip-inner: OFF
  pattern compression: ON
  per-rate scalers: OFF
  site repeats: ON
  fast spr radius: AUTO
  spr subtree cutoff: 1.000000
  branch lengths: proportional (ML estimate, algorithm: NR-FAST)
  SIMD kernels: AVX2
  parallelization: coarse-grained (auto), PTHREADS (auto)

[00:00:00] Reading alignment from file: /home/fili/Documents/KIT/2023/BA/code/output/families/ssim_DL_s20_f100_sites200_GTR_bl1.0_d1.0_l1.0_t0.0_gc0.0_p0.0_pop10_ms0.0_mf0.0_seed42/families/family_025/alignment.msa
[00:00:00] Loaded alignment with 22 taxa and 143 sites

WARNING: Sequences 9_0_0 and 13_0_0 are exactly identical!
WARNING: Sequences 9_0_0 and 7_0_0 are exactly identical!
WARNING: Sequences 9_1_0 and 13_1_0 are exactly identical!
WARNING: Sequences 4_0_0 and 12_0_0 are exactly identical!
WARNING: Sequences 4_0_0 and 10_0_0 are exactly identical!
WARNING: Duplicate sequences found: 5

NOTE: Reduced alignment (with duplicates and gap-only sites/taxa removed) 
NOTE: was saved to: /home/fili/Documents/KIT/2023/BA/code/output/families/ssim_DL_s20_f100_sites200_GTR_bl1.0_d1.0_l1.0_t0.0_gc0.0_p0.0_pop10_ms0.0_mf0.0_seed42/families/family_025/misc/raxml_output.F81.raxml.reduced.phy

Alignment comprises 1 partitions and 93 patterns

Partition 0: noname
Model: F81+FO
Alignment sites / patterns: 143 / 93
Gaps: 0.00 %
Invariant sites: 31.47 %


NOTE: Binary MSA file created: /home/fili/Documents/KIT/2023/BA/code/output/families/ssim_DL_s20_f100_sites200_GTR_bl1.0_d1.0_l1.0_t0.0_gc0.0_p0.0_pop10_ms0.0_mf0.0_seed42/families/family_025/misc/raxml_output.F81.raxml.rba

Parallelization scheme autoconfig: 8 worker(s) x 1 thread(s)

Parallel reduction/worker buffer size: 1 KB  / 0 KB

[00:00:00] Generating 10 random starting tree(s) with 22 taxa
[00:00:00] Generating 10 parsimony starting tree(s) with 22 taxa
[00:00:00] Data distribution: max. partitions/sites/weight per thread: 1 / 93 / 372
[00:00:00] Data distribution: max. searches per worker: 3

Starting ML tree search with 20 distinct starting trees

[00:00:00 -2285.528334] Initial branch length optimization
[00:00:00 -2078.133412] Model parameter optimization (eps = 10.000000)
[00:00:00 -2037.757014] AUTODETECT spr round 1 (radius: 5)
[00:00:00 -1091.153650] AUTODETECT spr round 2 (radius: 10)
[00:00:00 -1091.153409] SPR radius for FAST iterations: 5 (autodetect)
[00:00:00 -1091.153409] Model parameter optimization (eps = 3.000000)
[00:00:00 -1089.896853] FAST spr round 1 (radius: 5)
[00:00:00 -1089.703377] FAST spr round 2 (radius: 5)
[00:00:00 -1089.703354] Model parameter optimization (eps = 1.000000)
[00:00:00 -1089.702352] SLOW spr round 1 (radius: 5)
[00:00:00 -1089.702352] SLOW spr round 2 (radius: 10)
[00:00:00 -1089.702352] SLOW spr round 3 (radius: 15)
[00:00:00 -1089.702352] SLOW spr round 4 (radius: 20)
[00:00:00 -1089.702352] Model parameter optimization (eps = 0.100000)

[00:00:00] [worker #0] ML tree search #1, logLikelihood: -1089.702351

[00:00:00] [worker #7] ML tree search #8, logLikelihood: -1089.702350
[00:00:00] [worker #3] ML tree search #4, logLikelihood: -1089.702350
[00:00:00 -2215.327786] Initial branch length optimization
[00:00:00 -1997.340332] Model parameter optimization (eps = 10.000000)
[00:00:00] [worker #1] ML tree search #2, logLikelihood: -1089.702350
[00:00:00] [worker #4] ML tree search #5, logLikelihood: -1089.702351
[00:00:00] [worker #2] ML tree search #3, logLikelihood: -1089.702352
[00:00:00] [worker #6] ML tree search #7, logLikelihood: -1089.702350
[00:00:00 -1961.131507] AUTODETECT spr round 1 (radius: 5)
[00:00:00 -1091.519334] AUTODETECT spr round 2 (radius: 10)
[00:00:00 -1091.517319] SPR radius for FAST iterations: 5 (autodetect)
[00:00:00 -1091.517319] Model parameter optimization (eps = 3.000000)
[00:00:00 -1090.667353] FAST spr round 1 (radius: 5)
[00:00:00] [worker #5] ML tree search #6, logLikelihood: -1089.702351
[00:00:00 -1089.747394] FAST spr round 2 (radius: 5)
[00:00:00 -1089.746688] Model parameter optimization (eps = 1.000000)
[00:00:00 -1089.702478] SLOW spr round 1 (radius: 5)
[00:00:00 -1089.702420] SLOW spr round 2 (radius: 10)
[00:00:00 -1089.702420] SLOW spr round 3 (radius: 15)
[00:00:00 -1089.702420] SLOW spr round 4 (radius: 20)
[00:00:00] [worker #6] ML tree search #15, logLikelihood: -1089.702350
[00:00:00 -1089.702420] Model parameter optimization (eps = 0.100000)
[00:00:00] [worker #3] ML tree search #12, logLikelihood: -1089.702350
[00:00:00] [worker #2] ML tree search #11, logLikelihood: -1089.702350

[00:00:00] [worker #0] ML tree search #9, logLikelihood: -1089.702350

[00:00:00] [worker #4] ML tree search #13, logLikelihood: -1089.702350
[00:00:00 -1405.556352] Initial branch length optimization
[00:00:00 -1110.587999] Model parameter optimization (eps = 10.000000)
[00:00:00] [worker #7] ML tree search #16, logLikelihood: -1089.702350
[00:00:00 -1093.088782] AUTODETECT spr round 1 (radius: 5)
[00:00:00] [worker #1] ML tree search #10, logLikelihood: -1089.702350
[00:00:00] [worker #5] ML tree search #14, logLikelihood: -1089.702350
[00:00:00 -1090.430562] AUTODETECT spr round 2 (radius: 10)
[00:00:00 -1090.429636] SPR radius for FAST iterations: 5 (autodetect)
[00:00:00 -1090.429636] Model parameter optimization (eps = 3.000000)
[00:00:00 -1090.319078] FAST spr round 1 (radius: 5)
[00:00:00 -1089.914761] FAST spr round 2 (radius: 5)
[00:00:00 -1089.731295] FAST spr round 3 (radius: 5)
[00:00:00 -1089.731293] Model parameter optimization (eps = 1.000000)
[00:00:00 -1089.702398] SLOW spr round 1 (radius: 5)
[00:00:00] [worker #2] ML tree search #19, logLikelihood: -1089.702351
[00:00:00] [worker #3] ML tree search #20, logLikelihood: -1089.702350
[00:00:00] [worker #1] ML tree search #18, logLikelihood: -1089.702350
[00:00:00 -1089.702368] SLOW spr round 2 (radius: 10)
[00:00:00 -1089.702368] SLOW spr round 3 (radius: 15)
[00:00:00 -1089.702368] SLOW spr round 4 (radius: 20)
[00:00:00 -1089.702368] Model parameter optimization (eps = 0.100000)

[00:00:00] [worker #0] ML tree search #17, logLikelihood: -1089.702350


Optimized model parameters:

   Partition 0: noname
   Rate heterogeneity: NONE
   Base frequencies (ML): 0.313601 0.140050 0.320391 0.225958 
   Substitution rates (model): 1.000000 1.000000 1.000000 1.000000 1.000000 1.000000 


Final LogLikelihood: -1089.702350

AIC score: 2267.404700 / AICc score: 2307.812863 / BIC score: 2397.769863
Free parameters (model + branch lengths): 44

WARNING: Best ML tree contains 3 near-zero branches!

Best ML tree with collapsed near-zero branches saved to: /home/fili/Documents/KIT/2023/BA/code/output/families/ssim_DL_s20_f100_sites200_GTR_bl1.0_d1.0_l1.0_t0.0_gc0.0_p0.0_pop10_ms0.0_mf0.0_seed42/families/family_025/misc/raxml_output.F81.raxml.bestTreeCollapsed
Best ML tree saved to: /home/fili/Documents/KIT/2023/BA/code/output/families/ssim_DL_s20_f100_sites200_GTR_bl1.0_d1.0_l1.0_t0.0_gc0.0_p0.0_pop10_ms0.0_mf0.0_seed42/families/family_025/misc/raxml_output.F81.raxml.bestTree
All ML trees saved to: /home/fili/Documents/KIT/2023/BA/code/output/families/ssim_DL_s20_f100_sites200_GTR_bl1.0_d1.0_l1.0_t0.0_gc0.0_p0.0_pop10_ms0.0_mf0.0_seed42/families/family_025/misc/raxml_output.F81.raxml.mlTrees
Optimized model saved to: /home/fili/Documents/KIT/2023/BA/code/output/families/ssim_DL_s20_f100_sites200_GTR_bl1.0_d1.0_l1.0_t0.0_gc0.0_p0.0_pop10_ms0.0_mf0.0_seed42/families/family_025/misc/raxml_output.F81.raxml.bestModel

Execution log saved to: /home/fili/Documents/KIT/2023/BA/code/output/families/ssim_DL_s20_f100_sites200_GTR_bl1.0_d1.0_l1.0_t0.0_gc0.0_p0.0_pop10_ms0.0_mf0.0_seed42/families/family_025/misc/raxml_output.F81.raxml.log

Analysis started: 13-Jun-2023 16:03:04 / finished: 13-Jun-2023 16:03:04

Elapsed time: 0.230 seconds

