
RAxML-NG v. 1.1.0 released on 29.11.2021 by The Exelixis Lab.
Developed by: Alexey M. Kozlov and Alexandros Stamatakis.
Contributors: Diego Darriba, Tomas Flouri, Benoit Morel, Sarah Lutteropp, Ben Bettisworth.
Latest version: https://github.com/amkozlov/raxml-ng
Questions/problems/suggestions? Please visit: https://groups.google.com/forum/#!forum/raxml

System: AMD Ryzen 7 5800X 8-Core Processor, 8 cores, 31 GB RAM

RAxML-NG was called at 27-Jun-2023 13:03:52 as follows:

/home/fili/Documents/KIT/2023/BA/resources/tools/RAxML-NG/raxml-ng --msa /home/fili/Documents/KIT/2023/BA/code/output/families/ssim_DL_s20_f100_sites200_GTR_bl1.0_d1.0_l1.0_t0.0_gc0.0_p0.0_pop10_ms0.0_mf0.0_seed19732311/families/family_049/alignment.msa --model F81 --prefix /home/fili/Documents/KIT/2023/BA/code/output/families/ssim_DL_s20_f100_sites200_GTR_bl1.0_d1.0_l1.0_t0.0_gc0.0_p0.0_pop10_ms0.0_mf0.0_seed19732311/families/family_049/misc/raxml_output.F81

Analysis options:
  run mode: ML tree search
  start tree(s): random (10) + parsimony (10)
  random seed: 1687863832
  tip-inner: OFF
  pattern compression: ON
  per-rate scalers: OFF
  site repeats: ON
  fast spr radius: AUTO
  spr subtree cutoff: 1.000000
  branch lengths: proportional (ML estimate, algorithm: NR-FAST)
  SIMD kernels: AVX2
  parallelization: coarse-grained (auto), PTHREADS (auto)

[00:00:00] Reading alignment from file: /home/fili/Documents/KIT/2023/BA/code/output/families/ssim_DL_s20_f100_sites200_GTR_bl1.0_d1.0_l1.0_t0.0_gc0.0_p0.0_pop10_ms0.0_mf0.0_seed19732311/families/family_049/alignment.msa
[00:00:00] Loaded alignment with 24 taxa and 186 sites

WARNING: Sequences 6_67_0 and 11_67_0 are exactly identical!
WARNING: Sequences 14_70_0 and 14_71_0 are exactly identical!
WARNING: Duplicate sequences found: 2

NOTE: Reduced alignment (with duplicates and gap-only sites/taxa removed) 
NOTE: was saved to: /home/fili/Documents/KIT/2023/BA/code/output/families/ssim_DL_s20_f100_sites200_GTR_bl1.0_d1.0_l1.0_t0.0_gc0.0_p0.0_pop10_ms0.0_mf0.0_seed19732311/families/family_049/misc/raxml_output.F81.raxml.reduced.phy

Alignment comprises 1 partitions and 47 patterns

Partition 0: noname
Model: F81+FO
Alignment sites / patterns: 186 / 47
Gaps: 0.00 %
Invariant sites: 75.27 %


NOTE: Binary MSA file created: /home/fili/Documents/KIT/2023/BA/code/output/families/ssim_DL_s20_f100_sites200_GTR_bl1.0_d1.0_l1.0_t0.0_gc0.0_p0.0_pop10_ms0.0_mf0.0_seed19732311/families/family_049/misc/raxml_output.F81.raxml.rba

Parallelization scheme autoconfig: 8 worker(s) x 1 thread(s)

Parallel reduction/worker buffer size: 1 KB  / 0 KB

[00:00:00] Generating 10 random starting tree(s) with 24 taxa
[00:00:00] Generating 10 parsimony starting tree(s) with 24 taxa
[00:00:00] Data distribution: max. partitions/sites/weight per thread: 1 / 47 / 188
[00:00:00] Data distribution: max. searches per worker: 3

Starting ML tree search with 20 distinct starting trees

[00:00:00 -1825.801451] Initial branch length optimization
[00:00:00 -1400.201915] Model parameter optimization (eps = 10.000000)
[00:00:00 -1380.688458] AUTODETECT spr round 1 (radius: 5)
[00:00:00 -1013.953243] AUTODETECT spr round 2 (radius: 10)
[00:00:00 -946.656734] AUTODETECT spr round 3 (radius: 15)
[00:00:00 -946.656611] SPR radius for FAST iterations: 10 (autodetect)
[00:00:00 -946.656611] Model parameter optimization (eps = 3.000000)
[00:00:00 -946.384514] FAST spr round 1 (radius: 10)
[00:00:00 -922.541003] FAST spr round 2 (radius: 10)
[00:00:00 -916.637714] FAST spr round 3 (radius: 10)
[00:00:00 -914.546553] FAST spr round 4 (radius: 10)
[00:00:00 -914.546508] Model parameter optimization (eps = 1.000000)
[00:00:00 -914.507877] SLOW spr round 1 (radius: 5)
[00:00:00 -914.507790] SLOW spr round 2 (radius: 10)
[00:00:00] [worker #3] ML tree search #4, logLikelihood: -912.173649
[00:00:00] [worker #4] ML tree search #5, logLikelihood: -911.730159
[00:00:00 -914.507788] SLOW spr round 3 (radius: 15)
[00:00:00] [worker #6] ML tree search #7, logLikelihood: -912.126908
[00:00:00] [worker #7] ML tree search #8, logLikelihood: -911.730161
[00:00:00 -914.507788] SLOW spr round 4 (radius: 20)
[00:00:00 -914.507788] Model parameter optimization (eps = 0.100000)

[00:00:00] [worker #0] ML tree search #1, logLikelihood: -914.507781

[00:00:00 -2102.502136] Initial branch length optimization
[00:00:00 -1741.615715] Model parameter optimization (eps = 10.000000)
[00:00:00 -1713.965922] AUTODETECT spr round 1 (radius: 5)
[00:00:00] [worker #5] ML tree search #6, logLikelihood: -912.126916
[00:00:00 -920.352031] AUTODETECT spr round 2 (radius: 10)
[00:00:00 -920.351938] SPR radius for FAST iterations: 5 (autodetect)
[00:00:00 -920.351938] Model parameter optimization (eps = 3.000000)
[00:00:00 -919.961410] FAST spr round 1 (radius: 5)
[00:00:00 -912.910376] FAST spr round 2 (radius: 5)
[00:00:00 -912.000505] FAST spr round 3 (radius: 5)
[00:00:00 -912.000502] Model parameter optimization (eps = 1.000000)
[00:00:00 -911.988798] SLOW spr round 1 (radius: 5)
[00:00:00] [worker #3] ML tree search #12, logLikelihood: -912.170967
[00:00:00] [worker #6] ML tree search #15, logLikelihood: -912.170967
[00:00:00 -911.988779] SLOW spr round 2 (radius: 10)
[00:00:00 -911.988779] SLOW spr round 3 (radius: 15)
[00:00:00 -911.988779] SLOW spr round 4 (radius: 20)
[00:00:00 -911.988779] Model parameter optimization (eps = 0.100000)
[00:00:00] [worker #4] ML tree search #13, logLikelihood: -912.170969

[00:00:00] [worker #0] ML tree search #9, logLikelihood: -911.988777

[00:00:00 -1466.399675] Initial branch length optimization
[00:00:00 -938.367268] Model parameter optimization (eps = 10.000000)
[00:00:00 -925.221157] AUTODETECT spr round 1 (radius: 5)
[00:00:00] [worker #5] ML tree search #14, logLikelihood: -912.170967
[00:00:00 -915.571945] AUTODETECT spr round 2 (radius: 10)
[00:00:00 -915.571696] SPR radius for FAST iterations: 5 (autodetect)
[00:00:00 -915.571696] Model parameter optimization (eps = 3.000000)
[00:00:00 -915.369663] FAST spr round 1 (radius: 5)
[00:00:00] [worker #2] ML tree search #3, logLikelihood: -912.170986
[00:00:00] [worker #1] ML tree search #2, logLikelihood: -912.170983
[00:00:00 -915.369586] Model parameter optimization (eps = 1.000000)
[00:00:00 -915.369575] SLOW spr round 1 (radius: 5)
[00:00:00] [worker #7] ML tree search #16, logLikelihood: -912.173681
[00:00:00 -913.740931] SLOW spr round 2 (radius: 5)
[00:00:00] [worker #3] ML tree search #20, logLikelihood: -912.173649
[00:00:00 -912.349159] SLOW spr round 3 (radius: 5)
[00:00:00 -912.005099] SLOW spr round 4 (radius: 5)
[00:00:00] [worker #1] ML tree search #10, logLikelihood: -912.126907
[00:00:00 -912.005097] SLOW spr round 5 (radius: 10)
[00:00:00] [worker #2] ML tree search #11, logLikelihood: -912.170969
[00:00:00 -912.005097] SLOW spr round 6 (radius: 15)
[00:00:00 -912.005097] SLOW spr round 7 (radius: 20)
[00:00:00 -912.005097] Model parameter optimization (eps = 0.100000)

[00:00:00] [worker #0] ML tree search #17, logLikelihood: -911.986194

[00:00:00] [worker #2] ML tree search #19, logLikelihood: -912.170967
[00:00:00] [worker #1] ML tree search #18, logLikelihood: -912.126909

Optimized model parameters:

   Partition 0: noname
   Rate heterogeneity: NONE
   Base frequencies (ML): 0.338426 0.186162 0.309879 0.165534 
   Substitution rates (model): 1.000000 1.000000 1.000000 1.000000 1.000000 1.000000 


Final LogLikelihood: -911.730159

AIC score: 1919.460318 / AICc score: 1953.796085 / BIC score: 2074.296158
Free parameters (model + branch lengths): 48

WARNING: Best ML tree contains 1 near-zero branches!

Best ML tree with collapsed near-zero branches saved to: /home/fili/Documents/KIT/2023/BA/code/output/families/ssim_DL_s20_f100_sites200_GTR_bl1.0_d1.0_l1.0_t0.0_gc0.0_p0.0_pop10_ms0.0_mf0.0_seed19732311/families/family_049/misc/raxml_output.F81.raxml.bestTreeCollapsed
Best ML tree saved to: /home/fili/Documents/KIT/2023/BA/code/output/families/ssim_DL_s20_f100_sites200_GTR_bl1.0_d1.0_l1.0_t0.0_gc0.0_p0.0_pop10_ms0.0_mf0.0_seed19732311/families/family_049/misc/raxml_output.F81.raxml.bestTree
All ML trees saved to: /home/fili/Documents/KIT/2023/BA/code/output/families/ssim_DL_s20_f100_sites200_GTR_bl1.0_d1.0_l1.0_t0.0_gc0.0_p0.0_pop10_ms0.0_mf0.0_seed19732311/families/family_049/misc/raxml_output.F81.raxml.mlTrees
Optimized model saved to: /home/fili/Documents/KIT/2023/BA/code/output/families/ssim_DL_s20_f100_sites200_GTR_bl1.0_d1.0_l1.0_t0.0_gc0.0_p0.0_pop10_ms0.0_mf0.0_seed19732311/families/family_049/misc/raxml_output.F81.raxml.bestModel

Execution log saved to: /home/fili/Documents/KIT/2023/BA/code/output/families/ssim_DL_s20_f100_sites200_GTR_bl1.0_d1.0_l1.0_t0.0_gc0.0_p0.0_pop10_ms0.0_mf0.0_seed19732311/families/family_049/misc/raxml_output.F81.raxml.log

Analysis started: 27-Jun-2023 13:03:52 / finished: 27-Jun-2023 13:03:52

Elapsed time: 0.288 seconds

