
RAxML-NG v. 1.1.0 released on 29.11.2021 by The Exelixis Lab.
Developed by: Alexey M. Kozlov and Alexandros Stamatakis.
Contributors: Diego Darriba, Tomas Flouri, Benoit Morel, Sarah Lutteropp, Ben Bettisworth.
Latest version: https://github.com/amkozlov/raxml-ng
Questions/problems/suggestions? Please visit: https://groups.google.com/forum/#!forum/raxml

System: AMD Ryzen 7 5800X 8-Core Processor, 8 cores, 31 GB RAM

RAxML-NG was called at 27-Jun-2023 13:44:10 as follows:

/home/fili/Documents/KIT/2023/BA/resources/tools/RAxML-NG/raxml-ng --msa /home/fili/Documents/KIT/2023/BA/code/output/families/ssim_DL_s20_f100_sites200_GTR_bl1.0_d1.0_l1.0_t0.0_gc0.0_p0.0_pop10_ms0.0_mf0.0_seed14976684177860080345/families/family_087/alignment.msa --model F81 --prefix /home/fili/Documents/KIT/2023/BA/code/output/families/ssim_DL_s20_f100_sites200_GTR_bl1.0_d1.0_l1.0_t0.0_gc0.0_p0.0_pop10_ms0.0_mf0.0_seed14976684177860080345/families/family_087/misc/raxml_output.F81

Analysis options:
  run mode: ML tree search
  start tree(s): random (10) + parsimony (10)
  random seed: 1687866250
  tip-inner: OFF
  pattern compression: ON
  per-rate scalers: OFF
  site repeats: ON
  fast spr radius: AUTO
  spr subtree cutoff: 1.000000
  branch lengths: proportional (ML estimate, algorithm: NR-FAST)
  SIMD kernels: AVX2
  parallelization: coarse-grained (auto), PTHREADS (auto)

[00:00:00] Reading alignment from file: /home/fili/Documents/KIT/2023/BA/code/output/families/ssim_DL_s20_f100_sites200_GTR_bl1.0_d1.0_l1.0_t0.0_gc0.0_p0.0_pop10_ms0.0_mf0.0_seed14976684177860080345/families/family_087/alignment.msa
[00:00:00] Loaded alignment with 58 taxa and 228 sites

WARNING: Sequences 14_4_0 and 2_4_0 are exactly identical!
WARNING: Sequences 17_19_0 and 19_19_0 are exactly identical!
WARNING: Sequences 17_19_0 and 18_19_0 are exactly identical!
WARNING: Sequences 19_17_0 and 19_27_0 are exactly identical!
WARNING: Sequences 15_23_0 and 18_23_0 are exactly identical!
WARNING: Sequences 19_23_0 and 17_23_0 are exactly identical!
WARNING: Sequences 15_20_0 and 15_26_0 are exactly identical!
WARNING: Sequences 15_20_0 and 19_20_0 are exactly identical!
WARNING: Sequences 15_20_0 and 17_20_0 are exactly identical!
WARNING: Sequences 17_13_0 and 18_13_0 are exactly identical!
WARNING: Sequences 17_13_0 and 15_24_0 are exactly identical!
WARNING: Sequences 17_13_0 and 15_13_0 are exactly identical!
WARNING: Sequences 17_13_0 and 18_21_0 are exactly identical!
WARNING: Sequences 17_21_0 and 19_21_0 are exactly identical!
WARNING: Sequences 17_22_0 and 15_22_0 are exactly identical!
WARNING: Duplicate sequences found: 15

NOTE: Reduced alignment (with duplicates and gap-only sites/taxa removed) 
NOTE: was saved to: /home/fili/Documents/KIT/2023/BA/code/output/families/ssim_DL_s20_f100_sites200_GTR_bl1.0_d1.0_l1.0_t0.0_gc0.0_p0.0_pop10_ms0.0_mf0.0_seed14976684177860080345/families/family_087/misc/raxml_output.F81.raxml.reduced.phy

Alignment comprises 1 partitions and 94 patterns

Partition 0: noname
Model: F81+FO
Alignment sites / patterns: 228 / 94
Gaps: 0.00 %
Invariant sites: 57.46 %


NOTE: Binary MSA file created: /home/fili/Documents/KIT/2023/BA/code/output/families/ssim_DL_s20_f100_sites200_GTR_bl1.0_d1.0_l1.0_t0.0_gc0.0_p0.0_pop10_ms0.0_mf0.0_seed14976684177860080345/families/family_087/misc/raxml_output.F81.raxml.rba

Parallelization scheme autoconfig: 8 worker(s) x 1 thread(s)

Parallel reduction/worker buffer size: 1 KB  / 0 KB

[00:00:00] Generating 10 random starting tree(s) with 58 taxa
[00:00:00] Generating 10 parsimony starting tree(s) with 58 taxa
[00:00:00] Data distribution: max. partitions/sites/weight per thread: 1 / 94 / 376
[00:00:00] Data distribution: max. searches per worker: 3

Starting ML tree search with 20 distinct starting trees

[00:00:00 -5619.570240] Initial branch length optimization
[00:00:00 -4251.951423] Model parameter optimization (eps = 10.000000)
[00:00:00 -4064.281750] AUTODETECT spr round 1 (radius: 5)
[00:00:00 -1957.331756] AUTODETECT spr round 2 (radius: 10)
[00:00:00 -1521.186328] AUTODETECT spr round 3 (radius: 15)
[00:00:00 -1521.185276] SPR radius for FAST iterations: 10 (autodetect)
[00:00:00 -1521.185276] Model parameter optimization (eps = 3.000000)
[00:00:00 -1510.495024] FAST spr round 1 (radius: 10)
[00:00:00 -1386.116386] FAST spr round 2 (radius: 10)
[00:00:00 -1381.238741] FAST spr round 3 (radius: 10)
[00:00:00 -1381.238619] Model parameter optimization (eps = 1.000000)
[00:00:00 -1380.891215] SLOW spr round 1 (radius: 5)
[00:00:00 -1380.891166] SLOW spr round 2 (radius: 10)
[00:00:00 -1380.891161] SLOW spr round 3 (radius: 15)
[00:00:00] [worker #2] ML tree search #3, logLikelihood: -1381.669733
[00:00:00] [worker #7] ML tree search #8, logLikelihood: -1380.891077
[00:00:00] [worker #5] ML tree search #6, logLikelihood: -1381.669729
[00:00:00] [worker #4] ML tree search #5, logLikelihood: -1379.985913
[00:00:00] [worker #3] ML tree search #4, logLikelihood: -1381.726571
[00:00:00 -1380.891159] SLOW spr round 4 (radius: 20)
[00:00:00] [worker #6] ML tree search #7, logLikelihood: -1381.774981
[00:00:00 -1380.891158] SLOW spr round 5 (radius: 25)
[00:00:00 -1380.891158] Model parameter optimization (eps = 0.100000)

[00:00:00] [worker #0] ML tree search #1, logLikelihood: -1380.891074

[00:00:00 -5739.338869] Initial branch length optimization
[00:00:00 -4454.756809] Model parameter optimization (eps = 10.000000)
[00:00:00 -4249.902607] AUTODETECT spr round 1 (radius: 5)
[00:00:00] [worker #1] ML tree search #2, logLikelihood: -1380.891071
[00:00:00 -1822.607487] AUTODETECT spr round 2 (radius: 10)
[00:00:00 -1479.593190] AUTODETECT spr round 3 (radius: 15)
[00:00:00 -1479.592860] SPR radius for FAST iterations: 10 (autodetect)
[00:00:00 -1479.592860] Model parameter optimization (eps = 3.000000)
[00:00:00 -1466.456351] FAST spr round 1 (radius: 10)
[00:00:00 -1383.971737] FAST spr round 2 (radius: 10)
[00:00:00 -1381.971370] FAST spr round 3 (radius: 10)
[00:00:00 -1381.969440] Model parameter optimization (eps = 1.000000)
[00:00:00 -1381.775721] SLOW spr round 1 (radius: 5)
[00:00:00 -1381.775267] SLOW spr round 2 (radius: 10)
[00:00:00] [worker #2] ML tree search #11, logLikelihood: -1381.774982
[00:00:00] [worker #5] ML tree search #14, logLikelihood: -1380.891072
[00:00:00] [worker #7] ML tree search #16, logLikelihood: -1381.774980
[00:00:00] [worker #6] ML tree search #15, logLikelihood: -1379.985913
[00:00:00 -1381.775139] SLOW spr round 3 (radius: 15)
[00:00:00] [worker #3] ML tree search #12, logLikelihood: -1381.774978
[00:00:00 -1381.775097] SLOW spr round 4 (radius: 20)
[00:00:00 -1381.775083] SLOW spr round 5 (radius: 25)
[00:00:00 -1381.775078] Model parameter optimization (eps = 0.100000)

[00:00:00] [worker #0] ML tree search #9, logLikelihood: -1381.774984

[00:00:00 -3464.708796] Initial branch length optimization
[00:00:00 -1410.577964] Model parameter optimization (eps = 10.000000)
[00:00:00] [worker #1] ML tree search #10, logLikelihood: -1381.774981
[00:00:00 -1383.755974] AUTODETECT spr round 1 (radius: 5)
[00:00:00 -1379.987449] AUTODETECT spr round 2 (radius: 10)
[00:00:00 -1379.987436] SPR radius for FAST iterations: 5 (autodetect)
[00:00:00 -1379.987436] Model parameter optimization (eps = 3.000000)
[00:00:00 -1379.985921] FAST spr round 1 (radius: 5)
[00:00:00 -1379.985917] Model parameter optimization (eps = 1.000000)
[00:00:00 -1379.985916] SLOW spr round 1 (radius: 5)
[00:00:00] [worker #4] ML tree search #13, logLikelihood: -1381.774979
[00:00:00 -1379.985911] SLOW spr round 2 (radius: 10)
[00:00:00] [worker #2] ML tree search #19, logLikelihood: -1379.985913
[00:00:00 -1379.985911] SLOW spr round 3 (radius: 15)
[00:00:00] [worker #3] ML tree search #20, logLikelihood: -1380.891074
[00:00:00 -1379.985911] SLOW spr round 4 (radius: 20)
[00:00:00 -1379.985911] SLOW spr round 5 (radius: 25)
[00:00:00 -1379.985911] Model parameter optimization (eps = 0.100000)

[00:00:00] [worker #0] ML tree search #17, logLikelihood: -1379.985911

[00:00:00] [worker #1] ML tree search #18, logLikelihood: -1381.774982

Optimized model parameters:

   Partition 0: noname
   Rate heterogeneity: NONE
   Base frequencies (ML): 0.325635 0.197810 0.341229 0.135326 
   Substitution rates (model): 1.000000 1.000000 1.000000 1.000000 1.000000 1.000000 


Final LogLikelihood: -1379.985911

AIC score: 2991.971822 / AICc score: 3236.512362 / BIC score: 3389.775915
Free parameters (model + branch lengths): 116

WARNING: Best ML tree contains 23 near-zero branches!

Best ML tree with collapsed near-zero branches saved to: /home/fili/Documents/KIT/2023/BA/code/output/families/ssim_DL_s20_f100_sites200_GTR_bl1.0_d1.0_l1.0_t0.0_gc0.0_p0.0_pop10_ms0.0_mf0.0_seed14976684177860080345/families/family_087/misc/raxml_output.F81.raxml.bestTreeCollapsed
Best ML tree saved to: /home/fili/Documents/KIT/2023/BA/code/output/families/ssim_DL_s20_f100_sites200_GTR_bl1.0_d1.0_l1.0_t0.0_gc0.0_p0.0_pop10_ms0.0_mf0.0_seed14976684177860080345/families/family_087/misc/raxml_output.F81.raxml.bestTree
All ML trees saved to: /home/fili/Documents/KIT/2023/BA/code/output/families/ssim_DL_s20_f100_sites200_GTR_bl1.0_d1.0_l1.0_t0.0_gc0.0_p0.0_pop10_ms0.0_mf0.0_seed14976684177860080345/families/family_087/misc/raxml_output.F81.raxml.mlTrees
Optimized model saved to: /home/fili/Documents/KIT/2023/BA/code/output/families/ssim_DL_s20_f100_sites200_GTR_bl1.0_d1.0_l1.0_t0.0_gc0.0_p0.0_pop10_ms0.0_mf0.0_seed14976684177860080345/families/family_087/misc/raxml_output.F81.raxml.bestModel

Execution log saved to: /home/fili/Documents/KIT/2023/BA/code/output/families/ssim_DL_s20_f100_sites200_GTR_bl1.0_d1.0_l1.0_t0.0_gc0.0_p0.0_pop10_ms0.0_mf0.0_seed14976684177860080345/families/family_087/misc/raxml_output.F81.raxml.log

Analysis started: 27-Jun-2023 13:44:10 / finished: 27-Jun-2023 13:44:11

Elapsed time: 0.968 seconds

