
RAxML-NG v. 1.1.0 released on 29.11.2021 by The Exelixis Lab.
Developed by: Alexey M. Kozlov and Alexandros Stamatakis.
Contributors: Diego Darriba, Tomas Flouri, Benoit Morel, Sarah Lutteropp, Ben Bettisworth.
Latest version: https://github.com/amkozlov/raxml-ng
Questions/problems/suggestions? Please visit: https://groups.google.com/forum/#!forum/raxml

System: AMD Ryzen 7 5800X 8-Core Processor, 8 cores, 31 GB RAM

RAxML-NG was called at 12-Jun-2023 12:41:15 as follows:

/home/fili/Documents/KIT/2023/BA/resources/tools/RAxML-NG/raxml-ng --msa /home/fili/Documents/KIT/2023/BA/code/output/families/ssim_dtl_s20_f100_sites200_GTR_bl1.0_d0.0_l0.0_t1.0_gc0.0_p0.0_pop10_ms0.0_mf0.0_seed42/families/family_091/alignment.msa --model GTR+G --prefix /home/fili/Documents/KIT/2023/BA/code/output/families/ssim_dtl_s20_f100_sites200_GTR_bl1.0_d0.0_l0.0_t1.0_gc0.0_p0.0_pop10_ms0.0_mf0.0_seed42/families/family_091/misc/raxml_output.GTR+G

Analysis options:
  run mode: ML tree search
  start tree(s): random (10) + parsimony (10)
  random seed: 1686566475
  tip-inner: OFF
  pattern compression: ON
  per-rate scalers: OFF
  site repeats: ON
  fast spr radius: AUTO
  spr subtree cutoff: 1.000000
  branch lengths: proportional (ML estimate, algorithm: NR-FAST)
  SIMD kernels: AVX2
  parallelization: coarse-grained (auto), PTHREADS (auto)

[00:00:00] Reading alignment from file: /home/fili/Documents/KIT/2023/BA/code/output/families/ssim_dtl_s20_f100_sites200_GTR_bl1.0_d0.0_l0.0_t1.0_gc0.0_p0.0_pop10_ms0.0_mf0.0_seed42/families/family_091/alignment.msa
[00:00:00] Loaded alignment with 20 taxa and 158 sites

WARNING: Sequences 12_0_0 and 10_0_0 are exactly identical!
WARNING: Sequences 13_0_0 and 9_0_0 are exactly identical!
WARNING: Duplicate sequences found: 2

NOTE: Reduced alignment (with duplicates and gap-only sites/taxa removed) 
NOTE: was saved to: /home/fili/Documents/KIT/2023/BA/code/output/families/ssim_dtl_s20_f100_sites200_GTR_bl1.0_d0.0_l0.0_t1.0_gc0.0_p0.0_pop10_ms0.0_mf0.0_seed42/families/family_091/misc/raxml_output.GTR+G.raxml.reduced.phy

Alignment comprises 1 partitions and 83 patterns

Partition 0: noname
Model: GTR+FO+G4m
Alignment sites / patterns: 158 / 83
Gaps: 0.00 %
Invariant sites: 41.14 %


NOTE: Binary MSA file created: /home/fili/Documents/KIT/2023/BA/code/output/families/ssim_dtl_s20_f100_sites200_GTR_bl1.0_d0.0_l0.0_t1.0_gc0.0_p0.0_pop10_ms0.0_mf0.0_seed42/families/family_091/misc/raxml_output.GTR+G.raxml.rba

Parallelization scheme autoconfig: 8 worker(s) x 1 thread(s)

Parallel reduction/worker buffer size: 1 KB  / 0 KB

[00:00:00] Generating 10 random starting tree(s) with 20 taxa
[00:00:00] Generating 10 parsimony starting tree(s) with 20 taxa
[00:00:00] Data distribution: max. partitions/sites/weight per thread: 1 / 83 / 1328
[00:00:00] Data distribution: max. searches per worker: 3

Starting ML tree search with 20 distinct starting trees

[00:00:00 -1896.211067] Initial branch length optimization
[00:00:00 -1588.091650] Model parameter optimization (eps = 10.000000)
[00:00:00 -1280.224872] AUTODETECT spr round 1 (radius: 5)
[00:00:00 -875.042914] AUTODETECT spr round 2 (radius: 10)
[00:00:00 -875.040407] SPR radius for FAST iterations: 5 (autodetect)
[00:00:00 -875.040407] Model parameter optimization (eps = 3.000000)
[00:00:00 -853.671154] FAST spr round 1 (radius: 5)
[00:00:00 -850.267083] FAST spr round 2 (radius: 5)
[00:00:00 -850.223453] Model parameter optimization (eps = 1.000000)
[00:00:00 -849.943109] SLOW spr round 1 (radius: 5)
[00:00:00 -849.939043] SLOW spr round 2 (radius: 10)
[00:00:00 -849.938724] SLOW spr round 3 (radius: 15)
[00:00:00 -849.938681] SLOW spr round 4 (radius: 20)
[00:00:00 -849.938675] Model parameter optimization (eps = 0.100000)
[00:00:00] [worker #4] ML tree search #5, logLikelihood: -849.957041

[00:00:00] [worker #0] ML tree search #1, logLikelihood: -849.892384

[00:00:00 -2017.060431] Initial branch length optimization
[00:00:00 -1807.547621] Model parameter optimization (eps = 10.000000)
[00:00:00] [worker #6] ML tree search #7, logLikelihood: -849.927694
[00:00:00] [worker #3] ML tree search #4, logLikelihood: -849.937697
[00:00:00] [worker #7] ML tree search #8, logLikelihood: -849.915069
[00:00:00] [worker #5] ML tree search #6, logLikelihood: -849.926965
[00:00:00] [worker #2] ML tree search #3, logLikelihood: -849.974917
[00:00:00 -1442.061247] AUTODETECT spr round 1 (radius: 5)
[00:00:00] [worker #1] ML tree search #2, logLikelihood: -849.934380
[00:00:00 -961.166126] AUTODETECT spr round 2 (radius: 10)
[00:00:00 -961.155218] SPR radius for FAST iterations: 5 (autodetect)
[00:00:00 -961.155218] Model parameter optimization (eps = 3.000000)
[00:00:00 -947.626762] FAST spr round 1 (radius: 5)
[00:00:00 -853.741803] FAST spr round 2 (radius: 5)
[00:00:00] [worker #6] ML tree search #15, logLikelihood: -849.957423
[00:00:00] [worker #3] ML tree search #12, logLikelihood: -849.966855
[00:00:00 -853.702773] Model parameter optimization (eps = 1.000000)
[00:00:00] [worker #7] ML tree search #16, logLikelihood: -849.960381
[00:00:00 -850.281983] SLOW spr round 1 (radius: 5)
[00:00:00] [worker #4] ML tree search #13, logLikelihood: -849.965331
[00:00:00] [worker #5] ML tree search #14, logLikelihood: -849.962882
[00:00:00 -850.275992] SLOW spr round 2 (radius: 10)
[00:00:00] [worker #2] ML tree search #11, logLikelihood: -849.964883
[00:00:00 -850.275962] SLOW spr round 3 (radius: 15)
[00:00:00 -850.275961] SLOW spr round 4 (radius: 20)
[00:00:00 -850.275960] Model parameter optimization (eps = 0.100000)
[00:00:00] [worker #1] ML tree search #10, logLikelihood: -849.862854
[00:00:00] [worker #3] ML tree search #20, logLikelihood: -849.966722

[00:00:00] [worker #0] ML tree search #9, logLikelihood: -849.927665

[00:00:00 -1232.111116] Initial branch length optimization
[00:00:00 -1015.318262] Model parameter optimization (eps = 10.000000)
[00:00:00 -854.759788] AUTODETECT spr round 1 (radius: 5)
[00:00:00 -851.858347] AUTODETECT spr round 2 (radius: 10)
[00:00:00 -851.847377] SPR radius for FAST iterations: 5 (autodetect)
[00:00:00 -851.847377] Model parameter optimization (eps = 3.000000)
[00:00:00 -850.543442] FAST spr round 1 (radius: 5)
[00:00:00] [worker #2] ML tree search #19, logLikelihood: -849.965954
[00:00:00 -850.502709] Model parameter optimization (eps = 1.000000)
[00:00:00 -850.159776] SLOW spr round 1 (radius: 5)
[00:00:00] [worker #1] ML tree search #18, logLikelihood: -849.962968
[00:00:00 -850.154427] SLOW spr round 2 (radius: 10)
[00:00:00 -850.154168] SLOW spr round 3 (radius: 15)
[00:00:00 -850.154143] SLOW spr round 4 (radius: 20)
[00:00:00 -850.154141] Model parameter optimization (eps = 0.100000)

[00:00:00] [worker #0] ML tree search #17, logLikelihood: -849.965798


Optimized model parameters:

   Partition 0: noname
   Rate heterogeneity: GAMMA (4 cats, mean),  alpha: 2.355366 (ML),  weights&rates: (0.250000,0.332301) (0.250000,0.688164) (0.250000,1.076783) (0.250000,1.902752) 
   Base frequencies (ML): 0.183176 0.234110 0.230339 0.352375 
   Substitution rates (ML): 1.544809 56.040566 0.797622 0.857452 2.498356 1.000000 


Final LogLikelihood: -849.862854

AIC score: 1791.725708 / AICc score: 1830.680663 / BIC score: 1932.605079
Free parameters (model + branch lengths): 46

WARNING: Best ML tree contains 2 near-zero branches!

Best ML tree with collapsed near-zero branches saved to: /home/fili/Documents/KIT/2023/BA/code/output/families/ssim_dtl_s20_f100_sites200_GTR_bl1.0_d0.0_l0.0_t1.0_gc0.0_p0.0_pop10_ms0.0_mf0.0_seed42/families/family_091/misc/raxml_output.GTR+G.raxml.bestTreeCollapsed
Best ML tree saved to: /home/fili/Documents/KIT/2023/BA/code/output/families/ssim_dtl_s20_f100_sites200_GTR_bl1.0_d0.0_l0.0_t1.0_gc0.0_p0.0_pop10_ms0.0_mf0.0_seed42/families/family_091/misc/raxml_output.GTR+G.raxml.bestTree
All ML trees saved to: /home/fili/Documents/KIT/2023/BA/code/output/families/ssim_dtl_s20_f100_sites200_GTR_bl1.0_d0.0_l0.0_t1.0_gc0.0_p0.0_pop10_ms0.0_mf0.0_seed42/families/family_091/misc/raxml_output.GTR+G.raxml.mlTrees
Optimized model saved to: /home/fili/Documents/KIT/2023/BA/code/output/families/ssim_dtl_s20_f100_sites200_GTR_bl1.0_d0.0_l0.0_t1.0_gc0.0_p0.0_pop10_ms0.0_mf0.0_seed42/families/family_091/misc/raxml_output.GTR+G.raxml.bestModel

Execution log saved to: /home/fili/Documents/KIT/2023/BA/code/output/families/ssim_dtl_s20_f100_sites200_GTR_bl1.0_d0.0_l0.0_t1.0_gc0.0_p0.0_pop10_ms0.0_mf0.0_seed42/families/family_091/misc/raxml_output.GTR+G.raxml.log

Analysis started: 12-Jun-2023 12:41:15 / finished: 12-Jun-2023 12:41:16

Elapsed time: 0.543 seconds

