
RAxML-NG v. 1.1.0 released on 29.11.2021 by The Exelixis Lab.
Developed by: Alexey M. Kozlov and Alexandros Stamatakis.
Contributors: Diego Darriba, Tomas Flouri, Benoit Morel, Sarah Lutteropp, Ben Bettisworth.
Latest version: https://github.com/amkozlov/raxml-ng
Questions/problems/suggestions? Please visit: https://groups.google.com/forum/#!forum/raxml

System: AMD Ryzen 7 5800X 8-Core Processor, 8 cores, 31 GB RAM

RAxML-NG was called at 27-Jun-2023 13:47:15 as follows:

/home/fili/Documents/KIT/2023/BA/resources/tools/RAxML-NG/raxml-ng --msa /home/fili/Documents/KIT/2023/BA/code/output/families/ssim_NE_s20_f100_sites200_GTR_bl1.0_d0.0_l0.0_t0.0_gc0.0_p0.0_pop10_ms0.0_mf0.0_seed121873/families/family_089/alignment.msa --model F81 --prefix /home/fili/Documents/KIT/2023/BA/code/output/families/ssim_NE_s20_f100_sites200_GTR_bl1.0_d0.0_l0.0_t0.0_gc0.0_p0.0_pop10_ms0.0_mf0.0_seed121873/families/family_089/misc/raxml_output.F81

Analysis options:
  run mode: ML tree search
  start tree(s): random (10) + parsimony (10)
  random seed: 1687866435
  tip-inner: OFF
  pattern compression: ON
  per-rate scalers: OFF
  site repeats: ON
  fast spr radius: AUTO
  spr subtree cutoff: 1.000000
  branch lengths: proportional (ML estimate, algorithm: NR-FAST)
  SIMD kernels: AVX2
  parallelization: coarse-grained (auto), PTHREADS (auto)

[00:00:00] Reading alignment from file: /home/fili/Documents/KIT/2023/BA/code/output/families/ssim_NE_s20_f100_sites200_GTR_bl1.0_d0.0_l0.0_t0.0_gc0.0_p0.0_pop10_ms0.0_mf0.0_seed121873/families/family_089/alignment.msa
[00:00:00] Loaded alignment with 20 taxa and 238 sites

Alignment comprises 1 partitions and 132 patterns

Partition 0: noname
Model: F81+FO
Alignment sites / patterns: 238 / 132
Gaps: 0.00 %
Invariant sites: 39.08 %


NOTE: Binary MSA file created: /home/fili/Documents/KIT/2023/BA/code/output/families/ssim_NE_s20_f100_sites200_GTR_bl1.0_d0.0_l0.0_t0.0_gc0.0_p0.0_pop10_ms0.0_mf0.0_seed121873/families/family_089/misc/raxml_output.F81.raxml.rba

Parallelization scheme autoconfig: 8 worker(s) x 1 thread(s)

Parallel reduction/worker buffer size: 1 KB  / 0 KB

[00:00:00] Generating 10 random starting tree(s) with 20 taxa
[00:00:00] Generating 10 parsimony starting tree(s) with 20 taxa
[00:00:00] Data distribution: max. partitions/sites/weight per thread: 1 / 132 / 528
[00:00:00] Data distribution: max. searches per worker: 3

Starting ML tree search with 20 distinct starting trees

[00:00:00 -3086.796065] Initial branch length optimization
[00:00:00 -2877.843791] Model parameter optimization (eps = 10.000000)
[00:00:00 -2861.596768] AUTODETECT spr round 1 (radius: 5)
[00:00:00 -1842.330964] AUTODETECT spr round 2 (radius: 10)
[00:00:00 -1842.330527] SPR radius for FAST iterations: 5 (autodetect)
[00:00:00 -1842.330527] Model parameter optimization (eps = 3.000000)
[00:00:00 -1841.843161] FAST spr round 1 (radius: 5)
[00:00:00 -1809.232634] FAST spr round 2 (radius: 5)
[00:00:00 -1809.232634] Model parameter optimization (eps = 1.000000)
[00:00:00 -1809.012605] SLOW spr round 1 (radius: 5)
[00:00:00 -1809.012510] SLOW spr round 2 (radius: 10)
[00:00:00] [worker #2] ML tree search #3, logLikelihood: -1809.012457
[00:00:00 -1809.012510] SLOW spr round 3 (radius: 15)
[00:00:00 -1809.012510] SLOW spr round 4 (radius: 20)
[00:00:00 -1809.012510] Model parameter optimization (eps = 0.100000)

[00:00:00] [worker #0] ML tree search #1, logLikelihood: -1809.012457

[00:00:00 -3015.486551] Initial branch length optimization
[00:00:00 -2806.092601] Model parameter optimization (eps = 10.000000)
[00:00:00] [worker #1] ML tree search #2, logLikelihood: -1809.012459
[00:00:00 -2789.901778] AUTODETECT spr round 1 (radius: 5)
[00:00:00] [worker #7] ML tree search #8, logLikelihood: -1809.012456
[00:00:00] [worker #6] ML tree search #7, logLikelihood: -1809.012457
[00:00:00] [worker #4] ML tree search #5, logLikelihood: -1809.012457
[00:00:00 -1925.167719] AUTODETECT spr round 2 (radius: 10)
[00:00:00] [worker #3] ML tree search #4, logLikelihood: -1809.012457
[00:00:00 -1925.167166] SPR radius for FAST iterations: 5 (autodetect)
[00:00:00 -1925.167166] Model parameter optimization (eps = 3.000000)
[00:00:00 -1924.896439] FAST spr round 1 (radius: 5)
[00:00:00] [worker #5] ML tree search #6, logLikelihood: -1809.012457
[00:00:00 -1845.066288] FAST spr round 2 (radius: 5)
[00:00:00 -1809.189982] FAST spr round 3 (radius: 5)
[00:00:00 -1809.189980] Model parameter optimization (eps = 1.000000)
[00:00:00 -1809.012528] SLOW spr round 1 (radius: 5)
[00:00:00] [worker #2] ML tree search #11, logLikelihood: -1809.012457
[00:00:00] [worker #7] ML tree search #16, logLikelihood: -1809.012456
[00:00:00] [worker #4] ML tree search #13, logLikelihood: -1809.012458
[00:00:00 -1809.012479] SLOW spr round 2 (radius: 10)
[00:00:00] [worker #1] ML tree search #10, logLikelihood: -1809.012458
[00:00:00] [worker #6] ML tree search #15, logLikelihood: -1809.012459
[00:00:00 -1809.012479] SLOW spr round 3 (radius: 15)
[00:00:00 -1809.012479] SLOW spr round 4 (radius: 20)
[00:00:00 -1809.012479] Model parameter optimization (eps = 0.100000)

[00:00:00] [worker #0] ML tree search #9, logLikelihood: -1809.012461

[00:00:00 -2159.465397] Initial branch length optimization
[00:00:00 -1829.100216] Model parameter optimization (eps = 10.000000)
[00:00:00 -1819.567505] AUTODETECT spr round 1 (radius: 5)
[00:00:00 -1809.809387] AUTODETECT spr round 2 (radius: 10)
[00:00:00] [worker #5] ML tree search #14, logLikelihood: -1809.012457
[00:00:00] [worker #3] ML tree search #12, logLikelihood: -1809.012457
[00:00:00 -1809.809378] SPR radius for FAST iterations: 5 (autodetect)
[00:00:00 -1809.809378] Model parameter optimization (eps = 3.000000)
[00:00:00 -1809.775799] FAST spr round 1 (radius: 5)
[00:00:00 -1809.022571] FAST spr round 2 (radius: 5)
[00:00:00] [worker #2] ML tree search #19, logLikelihood: -1809.012458
[00:00:00 -1809.022571] Model parameter optimization (eps = 1.000000)
[00:00:00 -1809.012472] SLOW spr round 1 (radius: 5)
[00:00:00] [worker #1] ML tree search #18, logLikelihood: -1809.012458
[00:00:00 -1809.012462] SLOW spr round 2 (radius: 10)
[00:00:00 -1809.012462] SLOW spr round 3 (radius: 15)
[00:00:00 -1809.012462] SLOW spr round 4 (radius: 20)
[00:00:00] [worker #3] ML tree search #20, logLikelihood: -1809.012457
[00:00:00 -1809.012462] Model parameter optimization (eps = 0.100000)

[00:00:00] [worker #0] ML tree search #17, logLikelihood: -1809.012460


Optimized model parameters:

   Partition 0: noname
   Rate heterogeneity: NONE
   Base frequencies (ML): 0.272443 0.177054 0.306871 0.243632 
   Substitution rates (model): 1.000000 1.000000 1.000000 1.000000 1.000000 1.000000 


Final LogLikelihood: -1809.012456

AIC score: 3698.024913 / AICc score: 3714.674659 / BIC score: 3836.915740
Free parameters (model + branch lengths): 40

Best ML tree saved to: /home/fili/Documents/KIT/2023/BA/code/output/families/ssim_NE_s20_f100_sites200_GTR_bl1.0_d0.0_l0.0_t0.0_gc0.0_p0.0_pop10_ms0.0_mf0.0_seed121873/families/family_089/misc/raxml_output.F81.raxml.bestTree
All ML trees saved to: /home/fili/Documents/KIT/2023/BA/code/output/families/ssim_NE_s20_f100_sites200_GTR_bl1.0_d0.0_l0.0_t0.0_gc0.0_p0.0_pop10_ms0.0_mf0.0_seed121873/families/family_089/misc/raxml_output.F81.raxml.mlTrees
Optimized model saved to: /home/fili/Documents/KIT/2023/BA/code/output/families/ssim_NE_s20_f100_sites200_GTR_bl1.0_d0.0_l0.0_t0.0_gc0.0_p0.0_pop10_ms0.0_mf0.0_seed121873/families/family_089/misc/raxml_output.F81.raxml.bestModel

Execution log saved to: /home/fili/Documents/KIT/2023/BA/code/output/families/ssim_NE_s20_f100_sites200_GTR_bl1.0_d0.0_l0.0_t0.0_gc0.0_p0.0_pop10_ms0.0_mf0.0_seed121873/families/family_089/misc/raxml_output.F81.raxml.log

Analysis started: 27-Jun-2023 13:47:15 / finished: 27-Jun-2023 13:47:15

Elapsed time: 0.255 seconds

