
RAxML-NG v. 1.1.0 released on 29.11.2021 by The Exelixis Lab.
Developed by: Alexey M. Kozlov and Alexandros Stamatakis.
Contributors: Diego Darriba, Tomas Flouri, Benoit Morel, Sarah Lutteropp, Ben Bettisworth.
Latest version: https://github.com/amkozlov/raxml-ng
Questions/problems/suggestions? Please visit: https://groups.google.com/forum/#!forum/raxml

System: AMD Ryzen 7 5800X 8-Core Processor, 8 cores, 31 GB RAM

RAxML-NG was called at 21-Jun-2023 14:53:19 as follows:

/home/fili/Documents/KIT/2023/BA/resources/tools/RAxML-NG/raxml-ng --msa /home/fili/Documents/KIT/2023/BA/code/output/families/ssim_NE_s20_f100_sites200_GTR_bl1.0_d0.0_l0.0_t0.0_gc0.0_p0.0_pop10_ms0.0_mf0.0_seed19732311/families/family_084/alignment.msa --model F81 --prefix /home/fili/Documents/KIT/2023/BA/code/output/families/ssim_NE_s20_f100_sites200_GTR_bl1.0_d0.0_l0.0_t0.0_gc0.0_p0.0_pop10_ms0.0_mf0.0_seed19732311/families/family_084/misc/raxml_output.F81

Analysis options:
  run mode: ML tree search
  start tree(s): random (10) + parsimony (10)
  random seed: 1687351999
  tip-inner: OFF
  pattern compression: ON
  per-rate scalers: OFF
  site repeats: ON
  fast spr radius: AUTO
  spr subtree cutoff: 1.000000
  branch lengths: proportional (ML estimate, algorithm: NR-FAST)
  SIMD kernels: AVX2
  parallelization: coarse-grained (auto), PTHREADS (auto)

[00:00:00] Reading alignment from file: /home/fili/Documents/KIT/2023/BA/code/output/families/ssim_NE_s20_f100_sites200_GTR_bl1.0_d0.0_l0.0_t0.0_gc0.0_p0.0_pop10_ms0.0_mf0.0_seed19732311/families/family_084/alignment.msa
[00:00:00] Loaded alignment with 20 taxa and 296 sites

WARNING: Sequences 17_0_0 and 14_0_0 are exactly identical!
WARNING: Duplicate sequences found: 1

NOTE: Reduced alignment (with duplicates and gap-only sites/taxa removed) 
NOTE: was saved to: /home/fili/Documents/KIT/2023/BA/code/output/families/ssim_NE_s20_f100_sites200_GTR_bl1.0_d0.0_l0.0_t0.0_gc0.0_p0.0_pop10_ms0.0_mf0.0_seed19732311/families/family_084/misc/raxml_output.F81.raxml.reduced.phy

Alignment comprises 1 partitions and 129 patterns

Partition 0: noname
Model: F81+FO
Alignment sites / patterns: 296 / 129
Gaps: 0.00 %
Invariant sites: 45.61 %


NOTE: Binary MSA file created: /home/fili/Documents/KIT/2023/BA/code/output/families/ssim_NE_s20_f100_sites200_GTR_bl1.0_d0.0_l0.0_t0.0_gc0.0_p0.0_pop10_ms0.0_mf0.0_seed19732311/families/family_084/misc/raxml_output.F81.raxml.rba

Parallelization scheme autoconfig: 8 worker(s) x 1 thread(s)

Parallel reduction/worker buffer size: 1 KB  / 0 KB

[00:00:00] Generating 10 random starting tree(s) with 20 taxa
[00:00:00] Generating 10 parsimony starting tree(s) with 20 taxa
[00:00:00] Data distribution: max. partitions/sites/weight per thread: 1 / 129 / 516
[00:00:00] Data distribution: max. searches per worker: 3

Starting ML tree search with 20 distinct starting trees

[00:00:00 -3685.991127] Initial branch length optimization
[00:00:00 -3150.642042] Model parameter optimization (eps = 10.000000)
[00:00:00 -3128.779887] AUTODETECT spr round 1 (radius: 5)
[00:00:00 -1892.540675] AUTODETECT spr round 2 (radius: 10)
[00:00:00 -1892.540665] SPR radius for FAST iterations: 5 (autodetect)
[00:00:00 -1892.540665] Model parameter optimization (eps = 3.000000)
[00:00:00 -1891.732151] FAST spr round 1 (radius: 5)
[00:00:00 -1870.089266] FAST spr round 2 (radius: 5)
[00:00:00 -1868.610016] FAST spr round 3 (radius: 5)
[00:00:00 -1868.610016] Model parameter optimization (eps = 1.000000)
[00:00:00 -1868.563376] SLOW spr round 1 (radius: 5)
[00:00:00 -1868.563369] SLOW spr round 2 (radius: 10)
[00:00:00] [worker #2] ML tree search #3, logLikelihood: -1868.563361
[00:00:00] [worker #6] ML tree search #7, logLikelihood: -1868.563361
[00:00:00 -1868.563369] SLOW spr round 3 (radius: 15)
[00:00:00 -1868.563369] SLOW spr round 4 (radius: 20)
[00:00:00 -1868.563369] Model parameter optimization (eps = 0.100000)

[00:00:00] [worker #0] ML tree search #1, logLikelihood: -1868.563363

[00:00:00] [worker #4] ML tree search #5, logLikelihood: -1868.563360
[00:00:00] [worker #5] ML tree search #6, logLikelihood: -1868.563361
[00:00:00 -3852.445729] Initial branch length optimization
[00:00:00 -3338.716026] Model parameter optimization (eps = 10.000000)
[00:00:00] [worker #1] ML tree search #2, logLikelihood: -1868.563360
[00:00:00 -3320.459683] AUTODETECT spr round 1 (radius: 5)
[00:00:00] [worker #3] ML tree search #4, logLikelihood: -1868.563362
[00:00:00] [worker #7] ML tree search #8, logLikelihood: -1868.563361
[00:00:00 -1941.857058] AUTODETECT spr round 2 (radius: 10)
[00:00:00 -1886.432078] AUTODETECT spr round 3 (radius: 15)
[00:00:00 -1886.429008] SPR radius for FAST iterations: 10 (autodetect)
[00:00:00 -1886.429008] Model parameter optimization (eps = 3.000000)
[00:00:00 -1886.015242] FAST spr round 1 (radius: 10)
[00:00:00 -1868.813591] FAST spr round 2 (radius: 10)
[00:00:00 -1868.611764] FAST spr round 3 (radius: 10)
[00:00:00 -1868.611762] Model parameter optimization (eps = 1.000000)
[00:00:00 -1868.563375] SLOW spr round 1 (radius: 5)
[00:00:00] [worker #4] ML tree search #13, logLikelihood: -1868.563361
[00:00:00] [worker #2] ML tree search #11, logLikelihood: -1868.563362
[00:00:00] [worker #5] ML tree search #14, logLikelihood: -1868.563361
[00:00:00 -1868.563368] SLOW spr round 2 (radius: 10)
[00:00:00] [worker #6] ML tree search #15, logLikelihood: -1868.563361
[00:00:00] [worker #3] ML tree search #12, logLikelihood: -1868.563362
[00:00:00 -1868.563368] SLOW spr round 3 (radius: 15)
[00:00:00 -1868.563368] SLOW spr round 4 (radius: 20)
[00:00:00 -1868.563368] Model parameter optimization (eps = 0.100000)
[00:00:00] [worker #7] ML tree search #16, logLikelihood: -1868.563361

[00:00:00] [worker #0] ML tree search #9, logLikelihood: -1868.563363

[00:00:00 -2463.405189] Initial branch length optimization
[00:00:00 -1892.165007] Model parameter optimization (eps = 10.000000)
[00:00:00 -1879.949546] AUTODETECT spr round 1 (radius: 5)
[00:00:00 -1868.774604] AUTODETECT spr round 2 (radius: 10)
[00:00:00] [worker #1] ML tree search #10, logLikelihood: -1868.563361
[00:00:00 -1868.774578] SPR radius for FAST iterations: 5 (autodetect)
[00:00:00 -1868.774578] Model parameter optimization (eps = 3.000000)
[00:00:00 -1868.771246] FAST spr round 1 (radius: 5)
[00:00:00 -1868.568792] FAST spr round 2 (radius: 5)
[00:00:00 -1868.568790] Model parameter optimization (eps = 1.000000)
[00:00:00 -1868.563362] SLOW spr round 1 (radius: 5)
[00:00:00] [worker #2] ML tree search #19, logLikelihood: -1868.563362
[00:00:00 -1868.563362] SLOW spr round 2 (radius: 10)
[00:00:00] [worker #3] ML tree search #20, logLikelihood: -1868.563361
[00:00:00 -1868.563362] SLOW spr round 3 (radius: 15)
[00:00:00 -1868.563362] SLOW spr round 4 (radius: 20)
[00:00:00 -1868.563362] Model parameter optimization (eps = 0.100000)

[00:00:00] [worker #0] ML tree search #17, logLikelihood: -1868.563362

[00:00:00] [worker #1] ML tree search #18, logLikelihood: -1868.563362

Optimized model parameters:

   Partition 0: noname
   Rate heterogeneity: NONE
   Base frequencies (ML): 0.238003 0.185779 0.326518 0.249699 
   Substitution rates (model): 1.000000 1.000000 1.000000 1.000000 1.000000 1.000000 


Final LogLikelihood: -1868.563360

AIC score: 3817.126721 / AICc score: 3829.989466 / BIC score: 3964.741099
Free parameters (model + branch lengths): 40

WARNING: Best ML tree contains 1 near-zero branches!

Best ML tree with collapsed near-zero branches saved to: /home/fili/Documents/KIT/2023/BA/code/output/families/ssim_NE_s20_f100_sites200_GTR_bl1.0_d0.0_l0.0_t0.0_gc0.0_p0.0_pop10_ms0.0_mf0.0_seed19732311/families/family_084/misc/raxml_output.F81.raxml.bestTreeCollapsed
Best ML tree saved to: /home/fili/Documents/KIT/2023/BA/code/output/families/ssim_NE_s20_f100_sites200_GTR_bl1.0_d0.0_l0.0_t0.0_gc0.0_p0.0_pop10_ms0.0_mf0.0_seed19732311/families/family_084/misc/raxml_output.F81.raxml.bestTree
All ML trees saved to: /home/fili/Documents/KIT/2023/BA/code/output/families/ssim_NE_s20_f100_sites200_GTR_bl1.0_d0.0_l0.0_t0.0_gc0.0_p0.0_pop10_ms0.0_mf0.0_seed19732311/families/family_084/misc/raxml_output.F81.raxml.mlTrees
Optimized model saved to: /home/fili/Documents/KIT/2023/BA/code/output/families/ssim_NE_s20_f100_sites200_GTR_bl1.0_d0.0_l0.0_t0.0_gc0.0_p0.0_pop10_ms0.0_mf0.0_seed19732311/families/family_084/misc/raxml_output.F81.raxml.bestModel

Execution log saved to: /home/fili/Documents/KIT/2023/BA/code/output/families/ssim_NE_s20_f100_sites200_GTR_bl1.0_d0.0_l0.0_t0.0_gc0.0_p0.0_pop10_ms0.0_mf0.0_seed19732311/families/family_084/misc/raxml_output.F81.raxml.log

Analysis started: 21-Jun-2023 14:53:19 / finished: 21-Jun-2023 14:53:19

Elapsed time: 0.237 seconds

