
RAxML-NG v. 1.1.0 released on 29.11.2021 by The Exelixis Lab.
Developed by: Alexey M. Kozlov and Alexandros Stamatakis.
Contributors: Diego Darriba, Tomas Flouri, Benoit Morel, Sarah Lutteropp, Ben Bettisworth.
Latest version: https://github.com/amkozlov/raxml-ng
Questions/problems/suggestions? Please visit: https://groups.google.com/forum/#!forum/raxml

System: AMD Ryzen 7 5800X 8-Core Processor, 8 cores, 31 GB RAM

RAxML-NG was called at 27-Jun-2023 13:41:35 as follows:

/home/fili/Documents/KIT/2023/BA/resources/tools/RAxML-NG/raxml-ng --msa /home/fili/Documents/KIT/2023/BA/code/output/families/ssim_DL_s20_f100_sites200_GTR_bl1.0_d1.0_l1.0_t0.0_gc0.0_p0.0_pop10_ms0.0_mf0.0_seed121873/families/family_018/alignment.msa --model F81 --prefix /home/fili/Documents/KIT/2023/BA/code/output/families/ssim_DL_s20_f100_sites200_GTR_bl1.0_d1.0_l1.0_t0.0_gc0.0_p0.0_pop10_ms0.0_mf0.0_seed121873/families/family_018/misc/raxml_output.F81

Analysis options:
  run mode: ML tree search
  start tree(s): random (10) + parsimony (10)
  random seed: 1687866095
  tip-inner: OFF
  pattern compression: ON
  per-rate scalers: OFF
  site repeats: ON
  fast spr radius: AUTO
  spr subtree cutoff: 1.000000
  branch lengths: proportional (ML estimate, algorithm: NR-FAST)
  SIMD kernels: AVX2
  parallelization: coarse-grained (auto), PTHREADS (auto)

[00:00:00] Reading alignment from file: /home/fili/Documents/KIT/2023/BA/code/output/families/ssim_DL_s20_f100_sites200_GTR_bl1.0_d1.0_l1.0_t0.0_gc0.0_p0.0_pop10_ms0.0_mf0.0_seed121873/families/family_018/alignment.msa
[00:00:00] Loaded alignment with 29 taxa and 162 sites

WARNING: Sequences 17_3_0 and 15_3_0 are exactly identical!
WARNING: Sequences 19_3_0 and 13_3_0 are exactly identical!
WARNING: Sequences 17_4_0 and 15_4_0 are exactly identical!
WARNING: Duplicate sequences found: 3

NOTE: Reduced alignment (with duplicates and gap-only sites/taxa removed) 
NOTE: was saved to: /home/fili/Documents/KIT/2023/BA/code/output/families/ssim_DL_s20_f100_sites200_GTR_bl1.0_d1.0_l1.0_t0.0_gc0.0_p0.0_pop10_ms0.0_mf0.0_seed121873/families/family_018/misc/raxml_output.F81.raxml.reduced.phy

Alignment comprises 1 partitions and 112 patterns

Partition 0: noname
Model: F81+FO
Alignment sites / patterns: 162 / 112
Gaps: 0.00 %
Invariant sites: 31.48 %


NOTE: Binary MSA file created: /home/fili/Documents/KIT/2023/BA/code/output/families/ssim_DL_s20_f100_sites200_GTR_bl1.0_d1.0_l1.0_t0.0_gc0.0_p0.0_pop10_ms0.0_mf0.0_seed121873/families/family_018/misc/raxml_output.F81.raxml.rba

Parallelization scheme autoconfig: 8 worker(s) x 1 thread(s)

Parallel reduction/worker buffer size: 1 KB  / 0 KB

[00:00:00] Generating 10 random starting tree(s) with 29 taxa
[00:00:00] Generating 10 parsimony starting tree(s) with 29 taxa
[00:00:00] Data distribution: max. partitions/sites/weight per thread: 1 / 112 / 448
[00:00:00] Data distribution: max. searches per worker: 3

Starting ML tree search with 20 distinct starting trees

[00:00:00 -3560.724213] Initial branch length optimization
[00:00:00 -3167.966482] Model parameter optimization (eps = 10.000000)
[00:00:00 -2971.834678] AUTODETECT spr round 1 (radius: 5)
[00:00:00 -1823.468714] AUTODETECT spr round 2 (radius: 10)
[00:00:00 -1816.448236] AUTODETECT spr round 3 (radius: 15)
[00:00:00 -1816.446740] SPR radius for FAST iterations: 10 (autodetect)
[00:00:00 -1816.446740] Model parameter optimization (eps = 3.000000)
[00:00:00 -1813.584340] FAST spr round 1 (radius: 10)
[00:00:00 -1656.532380] FAST spr round 2 (radius: 10)
[00:00:00 -1655.371801] FAST spr round 3 (radius: 10)
[00:00:00 -1655.336696] Model parameter optimization (eps = 1.000000)
[00:00:00 -1655.000718] SLOW spr round 1 (radius: 5)
[00:00:00 -1654.558793] SLOW spr round 2 (radius: 5)
[00:00:00] [worker #2] ML tree search #3, logLikelihood: -1654.860933
[00:00:00] [worker #1] ML tree search #2, logLikelihood: -1654.860933
[00:00:00 -1654.558756] SLOW spr round 3 (radius: 10)
[00:00:00] [worker #5] ML tree search #6, logLikelihood: -1654.555479
[00:00:00] [worker #6] ML tree search #7, logLikelihood: -1654.555478
[00:00:00] [worker #4] ML tree search #5, logLikelihood: -1654.555479
[00:00:00] [worker #7] ML tree search #8, logLikelihood: -1654.555480
[00:00:00] [worker #3] ML tree search #4, logLikelihood: -1654.555481
[00:00:00 -1654.558748] SLOW spr round 4 (radius: 15)
[00:00:00 -1654.558741] SLOW spr round 5 (radius: 20)
[00:00:00 -1654.558738] SLOW spr round 6 (radius: 25)
[00:00:00 -1654.558736] Model parameter optimization (eps = 0.100000)

[00:00:00] [worker #0] ML tree search #1, logLikelihood: -1654.555482

[00:00:00 -3664.969533] Initial branch length optimization
[00:00:00 -3284.713640] Model parameter optimization (eps = 10.000000)
[00:00:00 -3073.663003] AUTODETECT spr round 1 (radius: 5)
[00:00:00 -1773.876673] AUTODETECT spr round 2 (radius: 10)
[00:00:00 -1773.842759] SPR radius for FAST iterations: 5 (autodetect)
[00:00:00 -1773.842759] Model parameter optimization (eps = 3.000000)
[00:00:00 -1770.023112] FAST spr round 1 (radius: 5)
[00:00:00 -1663.001861] FAST spr round 2 (radius: 5)
[00:00:00 -1659.401372] FAST spr round 3 (radius: 5)
[00:00:00] [worker #5] ML tree search #14, logLikelihood: -1654.555477
[00:00:00 -1655.471825] FAST spr round 4 (radius: 5)
[00:00:00 -1655.211510] FAST spr round 5 (radius: 5)
[00:00:00] [worker #2] ML tree search #11, logLikelihood: -1654.555478
[00:00:00] [worker #6] ML tree search #15, logLikelihood: -1654.555477
[00:00:00 -1654.762912] FAST spr round 6 (radius: 5)
[00:00:00] [worker #1] ML tree search #10, logLikelihood: -1654.555478
[00:00:00 -1654.762884] Model parameter optimization (eps = 1.000000)
[00:00:00 -1654.556417] SLOW spr round 1 (radius: 5)
[00:00:00] [worker #4] ML tree search #13, logLikelihood: -1654.555478
[00:00:00] [worker #7] ML tree search #16, logLikelihood: -1654.555478
[00:00:00] [worker #3] ML tree search #12, logLikelihood: -1654.555478
[00:00:00 -1654.556169] SLOW spr round 2 (radius: 10)
[00:00:00 -1654.556166] SLOW spr round 3 (radius: 15)
[00:00:00 -1654.556164] SLOW spr round 4 (radius: 20)
[00:00:00 -1654.556163] SLOW spr round 5 (radius: 25)
[00:00:00] [worker #2] ML tree search #19, logLikelihood: -1654.860959
[00:00:00 -1654.556163] Model parameter optimization (eps = 0.100000)

[00:00:00] [worker #0] ML tree search #9, logLikelihood: -1654.555481

[00:00:00 -2106.606162] Initial branch length optimization
[00:00:00 -1732.323764] Model parameter optimization (eps = 10.000000)
[00:00:00 -1654.882081] AUTODETECT spr round 1 (radius: 5)
[00:00:00 -1654.861173] SPR radius for FAST iterations: 5 (autodetect)
[00:00:00 -1654.861173] Model parameter optimization (eps = 3.000000)
[00:00:00 -1654.860955] FAST spr round 1 (radius: 5)
[00:00:00 -1654.860935] Model parameter optimization (eps = 1.000000)
[00:00:00 -1654.860931] SLOW spr round 1 (radius: 5)
[00:00:00 -1654.860930] SLOW spr round 2 (radius: 10)
[00:00:00] [worker #1] ML tree search #18, logLikelihood: -1654.555478
[00:00:00] [worker #3] ML tree search #20, logLikelihood: -1654.555478
[00:00:00 -1654.860930] SLOW spr round 3 (radius: 15)
[00:00:00 -1654.860930] SLOW spr round 4 (radius: 20)
[00:00:00 -1654.860929] SLOW spr round 5 (radius: 25)
[00:00:00 -1654.860929] Model parameter optimization (eps = 0.100000)

[00:00:00] [worker #0] ML tree search #17, logLikelihood: -1654.860929


Optimized model parameters:

   Partition 0: noname
   Rate heterogeneity: NONE
   Base frequencies (ML): 0.390518 0.081108 0.366617 0.161756 
   Substitution rates (model): 1.000000 1.000000 1.000000 1.000000 1.000000 1.000000 


Final LogLikelihood: -1654.555477

AIC score: 3425.110955 / AICc score: 3491.557557 / BIC score: 3604.191542
Free parameters (model + branch lengths): 58

Best ML tree saved to: /home/fili/Documents/KIT/2023/BA/code/output/families/ssim_DL_s20_f100_sites200_GTR_bl1.0_d1.0_l1.0_t0.0_gc0.0_p0.0_pop10_ms0.0_mf0.0_seed121873/families/family_018/misc/raxml_output.F81.raxml.bestTree
All ML trees saved to: /home/fili/Documents/KIT/2023/BA/code/output/families/ssim_DL_s20_f100_sites200_GTR_bl1.0_d1.0_l1.0_t0.0_gc0.0_p0.0_pop10_ms0.0_mf0.0_seed121873/families/family_018/misc/raxml_output.F81.raxml.mlTrees
Optimized model saved to: /home/fili/Documents/KIT/2023/BA/code/output/families/ssim_DL_s20_f100_sites200_GTR_bl1.0_d1.0_l1.0_t0.0_gc0.0_p0.0_pop10_ms0.0_mf0.0_seed121873/families/family_018/misc/raxml_output.F81.raxml.bestModel

Execution log saved to: /home/fili/Documents/KIT/2023/BA/code/output/families/ssim_DL_s20_f100_sites200_GTR_bl1.0_d1.0_l1.0_t0.0_gc0.0_p0.0_pop10_ms0.0_mf0.0_seed121873/families/family_018/misc/raxml_output.F81.raxml.log

Analysis started: 27-Jun-2023 13:41:35 / finished: 27-Jun-2023 13:41:36

Elapsed time: 0.403 seconds

