
RAxML-NG v. 1.1.0 released on 29.11.2021 by The Exelixis Lab.
Developed by: Alexey M. Kozlov and Alexandros Stamatakis.
Contributors: Diego Darriba, Tomas Flouri, Benoit Morel, Sarah Lutteropp, Ben Bettisworth.
Latest version: https://github.com/amkozlov/raxml-ng
Questions/problems/suggestions? Please visit: https://groups.google.com/forum/#!forum/raxml

System: AMD Ryzen 7 5800X 8-Core Processor, 8 cores, 31 GB RAM

RAxML-NG was called at 27-Jun-2023 13:02:00 as follows:

/home/fili/Documents/KIT/2023/BA/resources/tools/RAxML-NG/raxml-ng --msa /home/fili/Documents/KIT/2023/BA/code/output/families/ssim_DL_s20_f100_sites200_GTR_bl1.0_d1.0_l1.0_t0.0_gc0.0_p0.0_pop10_ms0.0_mf0.0_seed1007/families/family_033/alignment.msa --model F81 --prefix /home/fili/Documents/KIT/2023/BA/code/output/families/ssim_DL_s20_f100_sites200_GTR_bl1.0_d1.0_l1.0_t0.0_gc0.0_p0.0_pop10_ms0.0_mf0.0_seed1007/families/family_033/misc/raxml_output.F81

Analysis options:
  run mode: ML tree search
  start tree(s): random (10) + parsimony (10)
  random seed: 1687863720
  tip-inner: OFF
  pattern compression: ON
  per-rate scalers: OFF
  site repeats: ON
  fast spr radius: AUTO
  spr subtree cutoff: 1.000000
  branch lengths: proportional (ML estimate, algorithm: NR-FAST)
  SIMD kernels: AVX2
  parallelization: coarse-grained (auto), PTHREADS (auto)

[00:00:00] Reading alignment from file: /home/fili/Documents/KIT/2023/BA/code/output/families/ssim_DL_s20_f100_sites200_GTR_bl1.0_d1.0_l1.0_t0.0_gc0.0_p0.0_pop10_ms0.0_mf0.0_seed1007/families/family_033/alignment.msa
[00:00:00] Loaded alignment with 22 taxa and 313 sites

WARNING: Sequences 2_0_0 and 8_0_0 are exactly identical!
WARNING: Duplicate sequences found: 1

NOTE: Reduced alignment (with duplicates and gap-only sites/taxa removed) 
NOTE: was saved to: /home/fili/Documents/KIT/2023/BA/code/output/families/ssim_DL_s20_f100_sites200_GTR_bl1.0_d1.0_l1.0_t0.0_gc0.0_p0.0_pop10_ms0.0_mf0.0_seed1007/families/family_033/misc/raxml_output.F81.raxml.reduced.phy

Alignment comprises 1 partitions and 160 patterns

Partition 0: noname
Model: F81+FO
Alignment sites / patterns: 313 / 160
Gaps: 0.00 %
Invariant sites: 43.13 %


NOTE: Binary MSA file created: /home/fili/Documents/KIT/2023/BA/code/output/families/ssim_DL_s20_f100_sites200_GTR_bl1.0_d1.0_l1.0_t0.0_gc0.0_p0.0_pop10_ms0.0_mf0.0_seed1007/families/family_033/misc/raxml_output.F81.raxml.rba

Parallelization scheme autoconfig: 8 worker(s) x 1 thread(s)

Parallel reduction/worker buffer size: 1 KB  / 0 KB

[00:00:00] Generating 10 random starting tree(s) with 22 taxa
[00:00:00] Generating 10 parsimony starting tree(s) with 22 taxa
[00:00:00] Data distribution: max. partitions/sites/weight per thread: 1 / 160 / 640
[00:00:00] Data distribution: max. searches per worker: 3

Starting ML tree search with 20 distinct starting trees

[00:00:00 -4228.226313] Initial branch length optimization
[00:00:00 -3762.867915] Model parameter optimization (eps = 10.000000)
[00:00:00 -3656.076909] AUTODETECT spr round 1 (radius: 5)
[00:00:00 -2271.962024] AUTODETECT spr round 2 (radius: 10)
[00:00:00 -2219.974998] AUTODETECT spr round 3 (radius: 15)
[00:00:00 -2219.974755] SPR radius for FAST iterations: 10 (autodetect)
[00:00:00 -2219.974755] Model parameter optimization (eps = 3.000000)
[00:00:00 -2216.292795] FAST spr round 1 (radius: 10)
[00:00:00 -2205.524757] FAST spr round 2 (radius: 10)
[00:00:00 -2205.524757] Model parameter optimization (eps = 1.000000)
[00:00:00 -2205.513722] SLOW spr round 1 (radius: 5)
[00:00:00 -2205.513720] SLOW spr round 2 (radius: 10)
[00:00:00] [worker #5] ML tree search #6, logLikelihood: -2205.513714
[00:00:00] [worker #6] ML tree search #7, logLikelihood: -2205.513711
[00:00:00 -2205.513720] SLOW spr round 3 (radius: 15)
[00:00:00 -2205.513720] SLOW spr round 4 (radius: 20)
[00:00:00 -2205.513720] Model parameter optimization (eps = 0.100000)
[00:00:00] [worker #7] ML tree search #8, logLikelihood: -2205.513713

[00:00:00] [worker #0] ML tree search #1, logLikelihood: -2205.513711

[00:00:00 -4312.482654] Initial branch length optimization
[00:00:00 -3801.569970] Model parameter optimization (eps = 10.000000)
[00:00:00] [worker #3] ML tree search #4, logLikelihood: -2205.513712
[00:00:00 -3690.562655] AUTODETECT spr round 1 (radius: 5)
[00:00:00] [worker #1] ML tree search #2, logLikelihood: -2205.513718
[00:00:00 -2429.974820] AUTODETECT spr round 2 (radius: 10)
[00:00:00] [worker #2] ML tree search #3, logLikelihood: -2205.513720
[00:00:00 -2410.267022] AUTODETECT spr round 3 (radius: 15)
[00:00:00 -2410.262591] SPR radius for FAST iterations: 10 (autodetect)
[00:00:00 -2410.262591] Model parameter optimization (eps = 3.000000)
[00:00:00 -2406.977907] FAST spr round 1 (radius: 10)
[00:00:00 -2209.990132] FAST spr round 2 (radius: 10)
[00:00:00 -2205.714982] FAST spr round 3 (radius: 10)
[00:00:00 -2205.714974] Model parameter optimization (eps = 1.000000)
[00:00:00 -2205.513892] SLOW spr round 1 (radius: 5)
[00:00:00] [worker #4] ML tree search #5, logLikelihood: -2205.513711
[00:00:00] [worker #5] ML tree search #14, logLikelihood: -2205.513711
[00:00:00] [worker #7] ML tree search #16, logLikelihood: -2205.513710
[00:00:00] [worker #6] ML tree search #15, logLikelihood: -2205.513710
[00:00:00 -2205.513856] SLOW spr round 2 (radius: 10)
[00:00:00] [worker #2] ML tree search #11, logLikelihood: -2205.513711
[00:00:00] [worker #3] ML tree search #12, logLikelihood: -2205.513711
[00:00:00 -2205.513856] SLOW spr round 3 (radius: 15)
[00:00:00 -2205.513856] SLOW spr round 4 (radius: 20)
[00:00:00 -2205.513856] Model parameter optimization (eps = 0.100000)

[00:00:00] [worker #0] ML tree search #9, logLikelihood: -2205.513716

[00:00:00 -2897.069292] Initial branch length optimization
[00:00:00 -2277.501023] Model parameter optimization (eps = 10.000000)
[00:00:00 -2217.142234] AUTODETECT spr round 1 (radius: 5)
[00:00:00] [worker #1] ML tree search #10, logLikelihood: -2205.513715
[00:00:00 -2215.969911] AUTODETECT spr round 2 (radius: 10)
[00:00:00 -2215.969480] SPR radius for FAST iterations: 5 (autodetect)
[00:00:00 -2215.969480] Model parameter optimization (eps = 3.000000)
[00:00:00 -2215.962257] FAST spr round 1 (radius: 5)
[00:00:00 -2214.200260] FAST spr round 2 (radius: 5)
[00:00:00 -2212.684734] FAST spr round 3 (radius: 5)
[00:00:00 -2205.517024] FAST spr round 4 (radius: 5)
[00:00:00] [worker #4] ML tree search #13, logLikelihood: -2205.513713
[00:00:00] [worker #2] ML tree search #19, logLikelihood: -2205.513710
[00:00:00 -2205.517017] Model parameter optimization (eps = 1.000000)
[00:00:00 -2205.513716] SLOW spr round 1 (radius: 5)
[00:00:00] [worker #3] ML tree search #20, logLikelihood: -2205.513710
[00:00:00] [worker #1] ML tree search #18, logLikelihood: -2205.513711
[00:00:00 -2205.513715] SLOW spr round 2 (radius: 10)
[00:00:00 -2205.513715] SLOW spr round 3 (radius: 15)
[00:00:00 -2205.513715] SLOW spr round 4 (radius: 20)
[00:00:00 -2205.513715] Model parameter optimization (eps = 0.100000)

[00:00:00] [worker #0] ML tree search #17, logLikelihood: -2205.513710


Optimized model parameters:

   Partition 0: noname
   Rate heterogeneity: NONE
   Base frequencies (ML): 0.312889 0.151085 0.390648 0.145377 
   Substitution rates (model): 1.000000 1.000000 1.000000 1.000000 1.000000 1.000000 


Final LogLikelihood: -2205.513710

AIC score: 4499.027420 / AICc score: 4513.803540 / BIC score: 4663.860361
Free parameters (model + branch lengths): 44

WARNING: Best ML tree contains 1 near-zero branches!

Best ML tree with collapsed near-zero branches saved to: /home/fili/Documents/KIT/2023/BA/code/output/families/ssim_DL_s20_f100_sites200_GTR_bl1.0_d1.0_l1.0_t0.0_gc0.0_p0.0_pop10_ms0.0_mf0.0_seed1007/families/family_033/misc/raxml_output.F81.raxml.bestTreeCollapsed
Best ML tree saved to: /home/fili/Documents/KIT/2023/BA/code/output/families/ssim_DL_s20_f100_sites200_GTR_bl1.0_d1.0_l1.0_t0.0_gc0.0_p0.0_pop10_ms0.0_mf0.0_seed1007/families/family_033/misc/raxml_output.F81.raxml.bestTree
All ML trees saved to: /home/fili/Documents/KIT/2023/BA/code/output/families/ssim_DL_s20_f100_sites200_GTR_bl1.0_d1.0_l1.0_t0.0_gc0.0_p0.0_pop10_ms0.0_mf0.0_seed1007/families/family_033/misc/raxml_output.F81.raxml.mlTrees
Optimized model saved to: /home/fili/Documents/KIT/2023/BA/code/output/families/ssim_DL_s20_f100_sites200_GTR_bl1.0_d1.0_l1.0_t0.0_gc0.0_p0.0_pop10_ms0.0_mf0.0_seed1007/families/family_033/misc/raxml_output.F81.raxml.bestModel

Execution log saved to: /home/fili/Documents/KIT/2023/BA/code/output/families/ssim_DL_s20_f100_sites200_GTR_bl1.0_d1.0_l1.0_t0.0_gc0.0_p0.0_pop10_ms0.0_mf0.0_seed1007/families/family_033/misc/raxml_output.F81.raxml.log

Analysis started: 27-Jun-2023 13:02:00 / finished: 27-Jun-2023 13:02:01

Elapsed time: 0.354 seconds

