
RAxML-NG v. 1.1.0 released on 29.11.2021 by The Exelixis Lab.
Developed by: Alexey M. Kozlov and Alexandros Stamatakis.
Contributors: Diego Darriba, Tomas Flouri, Benoit Morel, Sarah Lutteropp, Ben Bettisworth.
Latest version: https://github.com/amkozlov/raxml-ng
Questions/problems/suggestions? Please visit: https://groups.google.com/forum/#!forum/raxml

System: AMD Ryzen 7 5800X 8-Core Processor, 8 cores, 31 GB RAM

RAxML-NG was called at 21-Jun-2023 14:53:18 as follows:

/home/fili/Documents/KIT/2023/BA/resources/tools/RAxML-NG/raxml-ng --msa /home/fili/Documents/KIT/2023/BA/code/output/families/ssim_NE_s20_f100_sites200_GTR_bl1.0_d0.0_l0.0_t0.0_gc0.0_p0.0_pop10_ms0.0_mf0.0_seed19732311/families/family_097/alignment.msa --model F81 --prefix /home/fili/Documents/KIT/2023/BA/code/output/families/ssim_NE_s20_f100_sites200_GTR_bl1.0_d0.0_l0.0_t0.0_gc0.0_p0.0_pop10_ms0.0_mf0.0_seed19732311/families/family_097/misc/raxml_output.F81

Analysis options:
  run mode: ML tree search
  start tree(s): random (10) + parsimony (10)
  random seed: 1687351998
  tip-inner: OFF
  pattern compression: ON
  per-rate scalers: OFF
  site repeats: ON
  fast spr radius: AUTO
  spr subtree cutoff: 1.000000
  branch lengths: proportional (ML estimate, algorithm: NR-FAST)
  SIMD kernels: AVX2
  parallelization: coarse-grained (auto), PTHREADS (auto)

[00:00:00] Reading alignment from file: /home/fili/Documents/KIT/2023/BA/code/output/families/ssim_NE_s20_f100_sites200_GTR_bl1.0_d0.0_l0.0_t0.0_gc0.0_p0.0_pop10_ms0.0_mf0.0_seed19732311/families/family_097/alignment.msa
[00:00:00] Loaded alignment with 20 taxa and 198 sites

Alignment comprises 1 partitions and 109 patterns

Partition 0: noname
Model: F81+FO
Alignment sites / patterns: 198 / 109
Gaps: 0.00 %
Invariant sites: 36.36 %


NOTE: Binary MSA file created: /home/fili/Documents/KIT/2023/BA/code/output/families/ssim_NE_s20_f100_sites200_GTR_bl1.0_d0.0_l0.0_t0.0_gc0.0_p0.0_pop10_ms0.0_mf0.0_seed19732311/families/family_097/misc/raxml_output.F81.raxml.rba

Parallelization scheme autoconfig: 8 worker(s) x 1 thread(s)

Parallel reduction/worker buffer size: 1 KB  / 0 KB

[00:00:00] Generating 10 random starting tree(s) with 20 taxa
[00:00:00] Generating 10 parsimony starting tree(s) with 20 taxa
[00:00:00] Data distribution: max. partitions/sites/weight per thread: 1 / 109 / 436
[00:00:00] Data distribution: max. searches per worker: 3

Starting ML tree search with 20 distinct starting trees

[00:00:00 -2989.791660] Initial branch length optimization
[00:00:00 -2737.226623] Model parameter optimization (eps = 10.000000)
[00:00:00 -2651.631604] AUTODETECT spr round 1 (radius: 5)
[00:00:00 -1581.485528] AUTODETECT spr round 2 (radius: 10)
[00:00:00 -1557.707205] AUTODETECT spr round 3 (radius: 15)
[00:00:00 -1557.704039] SPR radius for FAST iterations: 10 (autodetect)
[00:00:00 -1557.704039] Model parameter optimization (eps = 3.000000)
[00:00:00 -1557.321000] FAST spr round 1 (radius: 10)
[00:00:00 -1511.671044] FAST spr round 2 (radius: 10)
[00:00:00 -1497.124458] FAST spr round 3 (radius: 10)
[00:00:00 -1497.124457] Model parameter optimization (eps = 1.000000)
[00:00:00 -1497.060676] SLOW spr round 1 (radius: 5)
[00:00:00 -1497.060648] SLOW spr round 2 (radius: 10)
[00:00:00] [worker #3] ML tree search #4, logLikelihood: -1497.060586
[00:00:00] [worker #2] ML tree search #3, logLikelihood: -1497.060583
[00:00:00] [worker #5] ML tree search #6, logLikelihood: -1497.060585
[00:00:00] [worker #4] ML tree search #5, logLikelihood: -1499.066214
[00:00:00 -1497.060648] SLOW spr round 3 (radius: 15)
[00:00:00] [worker #1] ML tree search #2, logLikelihood: -1497.060582
[00:00:00 -1497.060648] SLOW spr round 4 (radius: 20)
[00:00:00 -1497.060648] Model parameter optimization (eps = 0.100000)

[00:00:00] [worker #0] ML tree search #1, logLikelihood: -1497.060584

[00:00:00] [worker #6] ML tree search #7, logLikelihood: -1497.060583
[00:00:00 -3174.823106] Initial branch length optimization
[00:00:00 -2722.047861] Model parameter optimization (eps = 10.000000)
[00:00:00] [worker #7] ML tree search #8, logLikelihood: -1497.060582
[00:00:00 -2657.834337] AUTODETECT spr round 1 (radius: 5)
[00:00:00 -1716.425824] AUTODETECT spr round 2 (radius: 10)
[00:00:00 -1520.394761] AUTODETECT spr round 3 (radius: 15)
[00:00:00 -1520.394667] SPR radius for FAST iterations: 10 (autodetect)
[00:00:00 -1520.394667] Model parameter optimization (eps = 3.000000)
[00:00:00 -1519.811536] FAST spr round 1 (radius: 10)
[00:00:00 -1510.680516] FAST spr round 2 (radius: 10)
[00:00:00 -1499.090941] FAST spr round 3 (radius: 10)
[00:00:00] [worker #2] ML tree search #11, logLikelihood: -1499.066214
[00:00:00 -1499.090932] Model parameter optimization (eps = 1.000000)
[00:00:00] [worker #5] ML tree search #14, logLikelihood: -1497.060582
[00:00:00 -1499.066240] SLOW spr round 1 (radius: 5)
[00:00:00] [worker #3] ML tree search #12, logLikelihood: -1497.060582
[00:00:00] [worker #4] ML tree search #13, logLikelihood: -1499.066214
[00:00:00] [worker #6] ML tree search #15, logLikelihood: -1499.066214
[00:00:00 -1499.066224] SLOW spr round 2 (radius: 10)
[00:00:00] [worker #7] ML tree search #16, logLikelihood: -1499.066214
[00:00:00 -1499.066224] SLOW spr round 3 (radius: 15)
[00:00:00 -1499.066224] SLOW spr round 4 (radius: 20)
[00:00:00 -1499.066224] Model parameter optimization (eps = 0.100000)

[00:00:00] [worker #0] ML tree search #9, logLikelihood: -1499.066217

[00:00:00] [worker #1] ML tree search #10, logLikelihood: -1499.066213
[00:00:00 -1837.881494] Initial branch length optimization
[00:00:00 -1545.057820] Model parameter optimization (eps = 10.000000)
[00:00:00 -1504.124747] AUTODETECT spr round 1 (radius: 5)
[00:00:00 -1499.073000] AUTODETECT spr round 2 (radius: 10)
[00:00:00 -1499.069997] SPR radius for FAST iterations: 5 (autodetect)
[00:00:00 -1499.069997] Model parameter optimization (eps = 3.000000)
[00:00:00 -1499.066220] FAST spr round 1 (radius: 5)
[00:00:00 -1499.066215] Model parameter optimization (eps = 1.000000)
[00:00:00 -1499.066215] SLOW spr round 1 (radius: 5)
[00:00:00] [worker #2] ML tree search #19, logLikelihood: -1497.060583
[00:00:00] [worker #3] ML tree search #20, logLikelihood: -1497.060583
[00:00:00 -1499.066215] SLOW spr round 2 (radius: 10)
[00:00:00 -1499.066215] SLOW spr round 3 (radius: 15)
[00:00:00 -1499.066215] SLOW spr round 4 (radius: 20)
[00:00:00 -1499.066215] Model parameter optimization (eps = 0.100000)

[00:00:00] [worker #0] ML tree search #17, logLikelihood: -1499.066214

[00:00:00] [worker #1] ML tree search #18, logLikelihood: -1497.060582

Optimized model parameters:

   Partition 0: noname
   Rate heterogeneity: NONE
   Base frequencies (ML): 0.324059 0.126440 0.367119 0.182382 
   Substitution rates (model): 1.000000 1.000000 1.000000 1.000000 1.000000 1.000000 


Final LogLikelihood: -1497.060582

AIC score: 3074.121163 / AICc score: 3095.012883 / BIC score: 3205.651844
Free parameters (model + branch lengths): 40

Best ML tree saved to: /home/fili/Documents/KIT/2023/BA/code/output/families/ssim_NE_s20_f100_sites200_GTR_bl1.0_d0.0_l0.0_t0.0_gc0.0_p0.0_pop10_ms0.0_mf0.0_seed19732311/families/family_097/misc/raxml_output.F81.raxml.bestTree
All ML trees saved to: /home/fili/Documents/KIT/2023/BA/code/output/families/ssim_NE_s20_f100_sites200_GTR_bl1.0_d0.0_l0.0_t0.0_gc0.0_p0.0_pop10_ms0.0_mf0.0_seed19732311/families/family_097/misc/raxml_output.F81.raxml.mlTrees
Optimized model saved to: /home/fili/Documents/KIT/2023/BA/code/output/families/ssim_NE_s20_f100_sites200_GTR_bl1.0_d0.0_l0.0_t0.0_gc0.0_p0.0_pop10_ms0.0_mf0.0_seed19732311/families/family_097/misc/raxml_output.F81.raxml.bestModel

Execution log saved to: /home/fili/Documents/KIT/2023/BA/code/output/families/ssim_NE_s20_f100_sites200_GTR_bl1.0_d0.0_l0.0_t0.0_gc0.0_p0.0_pop10_ms0.0_mf0.0_seed19732311/families/family_097/misc/raxml_output.F81.raxml.log

Analysis started: 21-Jun-2023 14:53:18 / finished: 21-Jun-2023 14:53:18

Elapsed time: 0.233 seconds

