
RAxML-NG v. 1.1.0 released on 29.11.2021 by The Exelixis Lab.
Developed by: Alexey M. Kozlov and Alexandros Stamatakis.
Contributors: Diego Darriba, Tomas Flouri, Benoit Morel, Sarah Lutteropp, Ben Bettisworth.
Latest version: https://github.com/amkozlov/raxml-ng
Questions/problems/suggestions? Please visit: https://groups.google.com/forum/#!forum/raxml

System: AMD Ryzen 7 5800X 8-Core Processor, 8 cores, 31 GB RAM

RAxML-NG was called at 27-Jun-2023 13:47:22 as follows:

/home/fili/Documents/KIT/2023/BA/resources/tools/RAxML-NG/raxml-ng --msa /home/fili/Documents/KIT/2023/BA/code/output/families/ssim_NE_s20_f100_sites200_GTR_bl1.0_d0.0_l0.0_t0.0_gc0.0_p0.0_pop10_ms0.0_mf0.0_seed121873/families/family_099/alignment.msa --model F81 --prefix /home/fili/Documents/KIT/2023/BA/code/output/families/ssim_NE_s20_f100_sites200_GTR_bl1.0_d0.0_l0.0_t0.0_gc0.0_p0.0_pop10_ms0.0_mf0.0_seed121873/families/family_099/misc/raxml_output.F81

Analysis options:
  run mode: ML tree search
  start tree(s): random (10) + parsimony (10)
  random seed: 1687866442
  tip-inner: OFF
  pattern compression: ON
  per-rate scalers: OFF
  site repeats: ON
  fast spr radius: AUTO
  spr subtree cutoff: 1.000000
  branch lengths: proportional (ML estimate, algorithm: NR-FAST)
  SIMD kernels: AVX2
  parallelization: coarse-grained (auto), PTHREADS (auto)

[00:00:00] Reading alignment from file: /home/fili/Documents/KIT/2023/BA/code/output/families/ssim_NE_s20_f100_sites200_GTR_bl1.0_d0.0_l0.0_t0.0_gc0.0_p0.0_pop10_ms0.0_mf0.0_seed121873/families/family_099/alignment.msa
[00:00:00] Loaded alignment with 20 taxa and 226 sites

WARNING: Sequences 17_0_0 and 15_0_0 are exactly identical!
WARNING: Sequences 14_0_0 and 18_0_0 are exactly identical!
WARNING: Sequences 19_0_0 and 13_0_0 are exactly identical!
WARNING: Sequences 7_0_0 and 2_0_0 are exactly identical!
WARNING: Sequences 7_0_0 and 12_0_0 are exactly identical!
WARNING: Sequences 9_0_0 and 3_0_0 are exactly identical!
WARNING: Sequences 9_0_0 and 4_0_0 are exactly identical!
WARNING: Sequences 9_0_0 and 11_0_0 are exactly identical!
WARNING: Duplicate sequences found: 8

NOTE: Reduced alignment (with duplicates and gap-only sites/taxa removed) 
NOTE: was saved to: /home/fili/Documents/KIT/2023/BA/code/output/families/ssim_NE_s20_f100_sites200_GTR_bl1.0_d0.0_l0.0_t0.0_gc0.0_p0.0_pop10_ms0.0_mf0.0_seed121873/families/family_099/misc/raxml_output.F81.raxml.reduced.phy

Alignment comprises 1 partitions and 11 patterns

Partition 0: noname
Model: F81+FO
Alignment sites / patterns: 226 / 11
Gaps: 0.00 %
Invariant sites: 96.90 %


NOTE: Binary MSA file created: /home/fili/Documents/KIT/2023/BA/code/output/families/ssim_NE_s20_f100_sites200_GTR_bl1.0_d0.0_l0.0_t0.0_gc0.0_p0.0_pop10_ms0.0_mf0.0_seed121873/families/family_099/misc/raxml_output.F81.raxml.rba

Parallelization scheme autoconfig: 8 worker(s) x 1 thread(s)

Parallel reduction/worker buffer size: 1 KB  / 0 KB

[00:00:00] Generating 10 random starting tree(s) with 20 taxa
[00:00:00] Generating 10 parsimony starting tree(s) with 20 taxa
[00:00:00] Data distribution: max. partitions/sites/weight per thread: 1 / 11 / 44
[00:00:00] Data distribution: max. searches per worker: 3

Starting ML tree search with 20 distinct starting trees

[00:00:00 -1245.375765] Initial branch length optimization
[00:00:00 -550.978085] Model parameter optimization (eps = 10.000000)
[00:00:00 -533.741795] AUTODETECT spr round 1 (radius: 5)
[00:00:00 -430.462711] AUTODETECT spr round 2 (radius: 10)
[00:00:00 -430.414647] SPR radius for FAST iterations: 5 (autodetect)
[00:00:00 -430.414647] Model parameter optimization (eps = 3.000000)
[00:00:00 -430.123028] FAST spr round 1 (radius: 5)
[00:00:00 -416.996047] FAST spr round 2 (radius: 5)
[00:00:00 -416.996047] Model parameter optimization (eps = 1.000000)
[00:00:00 -416.990366] SLOW spr round 1 (radius: 5)
[00:00:00 -416.848222] SLOW spr round 2 (radius: 5)
[00:00:00] [worker #7] ML tree search #8, logLikelihood: -416.995726
[00:00:00] [worker #4] ML tree search #5, logLikelihood: -416.990364
[00:00:00] [worker #3] ML tree search #4, logLikelihood: -416.990364
[00:00:00 -416.848222] SLOW spr round 3 (radius: 10)
[00:00:00] [worker #2] ML tree search #3, logLikelihood: -416.835069
[00:00:00] [worker #5] ML tree search #6, logLikelihood: -416.835067
[00:00:00 -416.848222] SLOW spr round 4 (radius: 15)
[00:00:00] [worker #6] ML tree search #7, logLikelihood: -416.835067
[00:00:00 -416.848222] SLOW spr round 5 (radius: 20)
[00:00:00 -416.848222] Model parameter optimization (eps = 0.100000)

[00:00:00] [worker #0] ML tree search #1, logLikelihood: -416.835069

[00:00:00 -1264.282928] Initial branch length optimization
[00:00:00 -577.294755] Model parameter optimization (eps = 10.000000)
[00:00:00] [worker #1] ML tree search #2, logLikelihood: -416.835067
[00:00:00 -557.831359] AUTODETECT spr round 1 (radius: 5)
[00:00:00 -427.279744] AUTODETECT spr round 2 (radius: 10)
[00:00:00 -425.537351] AUTODETECT spr round 3 (radius: 15)
[00:00:00 -425.537351] SPR radius for FAST iterations: 10 (autodetect)
[00:00:00 -425.537351] Model parameter optimization (eps = 3.000000)
[00:00:00 -425.287997] FAST spr round 1 (radius: 10)
[00:00:00] [worker #7] ML tree search #16, logLikelihood: -416.835067
[00:00:00 -416.840707] FAST spr round 2 (radius: 10)
[00:00:00 -416.840707] Model parameter optimization (eps = 1.000000)
[00:00:00 -416.835069] SLOW spr round 1 (radius: 5)
[00:00:00] [worker #6] ML tree search #15, logLikelihood: -416.835067
[00:00:00 -416.835069] SLOW spr round 2 (radius: 10)
[00:00:00 -416.835069] SLOW spr round 3 (radius: 15)
[00:00:00] [worker #5] ML tree search #14, logLikelihood: -416.835068
[00:00:00 -416.835069] SLOW spr round 4 (radius: 20)
[00:00:00 -416.835069] Model parameter optimization (eps = 0.100000)

[00:00:00] [worker #0] ML tree search #9, logLikelihood: -416.835069

[00:00:00 -1189.640874] Initial branch length optimization
[00:00:00 -435.536615] Model parameter optimization (eps = 10.000000)
[00:00:00 -421.928878] AUTODETECT spr round 1 (radius: 5)
[00:00:00] [worker #4] ML tree search #13, logLikelihood: -416.835066
[00:00:00 -421.928848] SPR radius for FAST iterations: 5 (autodetect)
[00:00:00 -421.928848] Model parameter optimization (eps = 3.000000)
[00:00:00 -421.928848] FAST spr round 1 (radius: 5)
[00:00:00 -421.928848] Model parameter optimization (eps = 1.000000)
[00:00:00 -421.928848] SLOW spr round 1 (radius: 5)
[00:00:00] [worker #3] ML tree search #12, logLikelihood: -416.835068
[00:00:00] [worker #1] ML tree search #10, logLikelihood: -416.990363
[00:00:00 -421.928848] SLOW spr round 2 (radius: 10)
[00:00:00 -421.834087] SLOW spr round 3 (radius: 15)
[00:00:00] [worker #2] ML tree search #11, logLikelihood: -416.835067
[00:00:00 -421.834087] SLOW spr round 4 (radius: 20)
[00:00:00 -421.834087] Model parameter optimization (eps = 0.100000)

[00:00:00] [worker #0] ML tree search #17, logLikelihood: -421.821005

[00:00:00] [worker #1] ML tree search #18, logLikelihood: -423.454973
[00:00:00] [worker #2] ML tree search #19, logLikelihood: -416.990364
[00:00:00] [worker #3] ML tree search #20, logLikelihood: -416.835069

Optimized model parameters:

   Partition 0: noname
   Rate heterogeneity: NONE
   Base frequencies (ML): 0.340127 0.122385 0.285708 0.251781 
   Substitution rates (model): 1.000000 1.000000 1.000000 1.000000 1.000000 1.000000 


Final LogLikelihood: -416.835066

AIC score: 913.670133 / AICc score: 931.399863 / BIC score: 1050.491533
Free parameters (model + branch lengths): 40

WARNING: Best ML tree contains 8 near-zero branches!

Best ML tree with collapsed near-zero branches saved to: /home/fili/Documents/KIT/2023/BA/code/output/families/ssim_NE_s20_f100_sites200_GTR_bl1.0_d0.0_l0.0_t0.0_gc0.0_p0.0_pop10_ms0.0_mf0.0_seed121873/families/family_099/misc/raxml_output.F81.raxml.bestTreeCollapsed
Best ML tree saved to: /home/fili/Documents/KIT/2023/BA/code/output/families/ssim_NE_s20_f100_sites200_GTR_bl1.0_d0.0_l0.0_t0.0_gc0.0_p0.0_pop10_ms0.0_mf0.0_seed121873/families/family_099/misc/raxml_output.F81.raxml.bestTree
All ML trees saved to: /home/fili/Documents/KIT/2023/BA/code/output/families/ssim_NE_s20_f100_sites200_GTR_bl1.0_d0.0_l0.0_t0.0_gc0.0_p0.0_pop10_ms0.0_mf0.0_seed121873/families/family_099/misc/raxml_output.F81.raxml.mlTrees
Optimized model saved to: /home/fili/Documents/KIT/2023/BA/code/output/families/ssim_NE_s20_f100_sites200_GTR_bl1.0_d0.0_l0.0_t0.0_gc0.0_p0.0_pop10_ms0.0_mf0.0_seed121873/families/family_099/misc/raxml_output.F81.raxml.bestModel

Execution log saved to: /home/fili/Documents/KIT/2023/BA/code/output/families/ssim_NE_s20_f100_sites200_GTR_bl1.0_d0.0_l0.0_t0.0_gc0.0_p0.0_pop10_ms0.0_mf0.0_seed121873/families/family_099/misc/raxml_output.F81.raxml.log

Analysis started: 27-Jun-2023 13:47:22 / finished: 27-Jun-2023 13:47:23

Elapsed time: 0.083 seconds

