
RAxML-NG v. 1.1.0 released on 29.11.2021 by The Exelixis Lab.
Developed by: Alexey M. Kozlov and Alexandros Stamatakis.
Contributors: Diego Darriba, Tomas Flouri, Benoit Morel, Sarah Lutteropp, Ben Bettisworth.
Latest version: https://github.com/amkozlov/raxml-ng
Questions/problems/suggestions? Please visit: https://groups.google.com/forum/#!forum/raxml

System: AMD Ryzen 7 5800X 8-Core Processor, 8 cores, 31 GB RAM

RAxML-NG was called at 27-Jun-2023 13:01:50 as follows:

/home/fili/Documents/KIT/2023/BA/resources/tools/RAxML-NG/raxml-ng --msa /home/fili/Documents/KIT/2023/BA/code/output/families/ssim_DL_s20_f100_sites200_GTR_bl1.0_d1.0_l1.0_t0.0_gc0.0_p0.0_pop10_ms0.0_mf0.0_seed1007/families/family_091/alignment.msa --model F81 --prefix /home/fili/Documents/KIT/2023/BA/code/output/families/ssim_DL_s20_f100_sites200_GTR_bl1.0_d1.0_l1.0_t0.0_gc0.0_p0.0_pop10_ms0.0_mf0.0_seed1007/families/family_091/misc/raxml_output.F81

Analysis options:
  run mode: ML tree search
  start tree(s): random (10) + parsimony (10)
  random seed: 1687863710
  tip-inner: OFF
  pattern compression: ON
  per-rate scalers: OFF
  site repeats: ON
  fast spr radius: AUTO
  spr subtree cutoff: 1.000000
  branch lengths: proportional (ML estimate, algorithm: NR-FAST)
  SIMD kernels: AVX2
  parallelization: coarse-grained (auto), PTHREADS (auto)

[00:00:00] Reading alignment from file: /home/fili/Documents/KIT/2023/BA/code/output/families/ssim_DL_s20_f100_sites200_GTR_bl1.0_d1.0_l1.0_t0.0_gc0.0_p0.0_pop10_ms0.0_mf0.0_seed1007/families/family_091/alignment.msa
[00:00:00] Loaded alignment with 21 taxa and 216 sites

WARNING: Sequences 12_3_0 and 19_3_0 are exactly identical!
WARNING: Sequences 20_17_0 and 19_17_0 are exactly identical!
WARNING: Sequences 19_0_0 and 12_0_0 are exactly identical!
WARNING: Sequences 19_0_0 and 20_0_0 are exactly identical!
WARNING: Duplicate sequences found: 4

NOTE: Reduced alignment (with duplicates and gap-only sites/taxa removed) 
NOTE: was saved to: /home/fili/Documents/KIT/2023/BA/code/output/families/ssim_DL_s20_f100_sites200_GTR_bl1.0_d1.0_l1.0_t0.0_gc0.0_p0.0_pop10_ms0.0_mf0.0_seed1007/families/family_091/misc/raxml_output.F81.raxml.reduced.phy

Alignment comprises 1 partitions and 94 patterns

Partition 0: noname
Model: F81+FO
Alignment sites / patterns: 216 / 94
Gaps: 0.00 %
Invariant sites: 55.09 %


NOTE: Binary MSA file created: /home/fili/Documents/KIT/2023/BA/code/output/families/ssim_DL_s20_f100_sites200_GTR_bl1.0_d1.0_l1.0_t0.0_gc0.0_p0.0_pop10_ms0.0_mf0.0_seed1007/families/family_091/misc/raxml_output.F81.raxml.rba

Parallelization scheme autoconfig: 8 worker(s) x 1 thread(s)

Parallel reduction/worker buffer size: 1 KB  / 0 KB

[00:00:00] Generating 10 random starting tree(s) with 21 taxa
[00:00:00] Generating 10 parsimony starting tree(s) with 21 taxa
[00:00:00] Data distribution: max. partitions/sites/weight per thread: 1 / 94 / 376
[00:00:00] Data distribution: max. searches per worker: 3

Starting ML tree search with 20 distinct starting trees

[00:00:00 -2634.452323] Initial branch length optimization
[00:00:00 -2275.939405] Model parameter optimization (eps = 10.000000)
[00:00:00 -2247.157001] AUTODETECT spr round 1 (radius: 5)
[00:00:00 -1402.145586] AUTODETECT spr round 2 (radius: 10)
[00:00:00 -1402.141459] SPR radius for FAST iterations: 5 (autodetect)
[00:00:00 -1402.141459] Model parameter optimization (eps = 3.000000)
[00:00:00 -1399.213993] FAST spr round 1 (radius: 5)
[00:00:00 -1358.339375] FAST spr round 2 (radius: 5)
[00:00:00 -1356.891154] FAST spr round 3 (radius: 5)
[00:00:00] [worker #6] ML tree search #7, logLikelihood: -1356.763728
[00:00:00 -1356.891141] Model parameter optimization (eps = 1.000000)
[00:00:00] [worker #2] ML tree search #3, logLikelihood: -1356.763731
[00:00:00 -1356.771647] SLOW spr round 1 (radius: 5)
[00:00:00] [worker #4] ML tree search #5, logLikelihood: -1356.763737
[00:00:00] [worker #1] ML tree search #2, logLikelihood: -1356.763763
[00:00:00] [worker #5] ML tree search #6, logLikelihood: -1356.763957
[00:00:00] [worker #3] ML tree search #4, logLikelihood: -1356.764000
[00:00:00 -1356.766377] SLOW spr round 2 (radius: 10)
[00:00:00 -1356.765442] SLOW spr round 3 (radius: 15)
[00:00:00] [worker #7] ML tree search #8, logLikelihood: -1356.763758
[00:00:00] [worker #2] ML tree search #11, logLikelihood: -1356.763728
[00:00:00 -1356.765339] SLOW spr round 4 (radius: 20)
[00:00:00 -1356.765327] Model parameter optimization (eps = 0.100000)

[00:00:00] [worker #0] ML tree search #1, logLikelihood: -1356.763815

[00:00:00] [worker #6] ML tree search #15, logLikelihood: -1356.763729
[00:00:00 -2684.358663] Initial branch length optimization
[00:00:00 -2376.785549] Model parameter optimization (eps = 10.000000)
[00:00:00] [worker #4] ML tree search #13, logLikelihood: -1356.763729
[00:00:00 -2355.518777] AUTODETECT spr round 1 (radius: 5)
[00:00:00] [worker #3] ML tree search #12, logLikelihood: -1356.763730
[00:00:00 -1390.904027] AUTODETECT spr round 2 (radius: 10)
[00:00:00 -1390.887181] SPR radius for FAST iterations: 5 (autodetect)
[00:00:00 -1390.887181] Model parameter optimization (eps = 3.000000)
[00:00:00] [worker #1] ML tree search #10, logLikelihood: -1356.763783
[00:00:00 -1388.217489] FAST spr round 1 (radius: 5)
[00:00:00] [worker #5] ML tree search #14, logLikelihood: -1356.764065
[00:00:00 -1356.848009] FAST spr round 2 (radius: 5)
[00:00:00 -1356.847527] Model parameter optimization (eps = 1.000000)
[00:00:00 -1356.765743] SLOW spr round 1 (radius: 5)
[00:00:00] [worker #2] ML tree search #19, logLikelihood: -1356.763755
[00:00:00] [worker #3] ML tree search #20, logLikelihood: -1356.763731
[00:00:00] [worker #1] ML tree search #18, logLikelihood: -1356.763728
[00:00:00 -1356.764348] SLOW spr round 2 (radius: 10)
[00:00:00] [worker #7] ML tree search #16, logLikelihood: -1356.763728
[00:00:00 -1356.764177] SLOW spr round 3 (radius: 15)
[00:00:00 -1356.764159] SLOW spr round 4 (radius: 20)
[00:00:00 -1356.764157] Model parameter optimization (eps = 0.100000)

[00:00:00] [worker #0] ML tree search #9, logLikelihood: -1356.763750

[00:00:00 -1824.957424] Initial branch length optimization
[00:00:00 -1380.300897] Model parameter optimization (eps = 10.000000)
[00:00:00 -1373.953201] AUTODETECT spr round 1 (radius: 5)
[00:00:00 -1356.856256] AUTODETECT spr round 2 (radius: 10)
[00:00:00 -1356.851621] SPR radius for FAST iterations: 5 (autodetect)
[00:00:00 -1356.851621] Model parameter optimization (eps = 3.000000)
[00:00:00 -1356.769419] FAST spr round 1 (radius: 5)
[00:00:00 -1356.765576] Model parameter optimization (eps = 1.000000)
[00:00:00 -1356.764217] SLOW spr round 1 (radius: 5)
[00:00:00 -1356.763873] SLOW spr round 2 (radius: 10)
[00:00:00 -1356.763854] SLOW spr round 3 (radius: 15)
[00:00:00 -1356.763850] SLOW spr round 4 (radius: 20)
[00:00:00 -1356.763850] Model parameter optimization (eps = 0.100000)

[00:00:00] [worker #0] ML tree search #17, logLikelihood: -1356.763734


Optimized model parameters:

   Partition 0: noname
   Rate heterogeneity: NONE
   Base frequencies (ML): 0.268571 0.174169 0.268905 0.288355 
   Substitution rates (model): 1.000000 1.000000 1.000000 1.000000 1.000000 1.000000 


Final LogLikelihood: -1356.763728

AIC score: 2797.527455 / AICc score: 2818.406068 / BIC score: 2939.289148
Free parameters (model + branch lengths): 42

WARNING: Best ML tree contains 1 near-zero branches!

Best ML tree with collapsed near-zero branches saved to: /home/fili/Documents/KIT/2023/BA/code/output/families/ssim_DL_s20_f100_sites200_GTR_bl1.0_d1.0_l1.0_t0.0_gc0.0_p0.0_pop10_ms0.0_mf0.0_seed1007/families/family_091/misc/raxml_output.F81.raxml.bestTreeCollapsed
Best ML tree saved to: /home/fili/Documents/KIT/2023/BA/code/output/families/ssim_DL_s20_f100_sites200_GTR_bl1.0_d1.0_l1.0_t0.0_gc0.0_p0.0_pop10_ms0.0_mf0.0_seed1007/families/family_091/misc/raxml_output.F81.raxml.bestTree
All ML trees saved to: /home/fili/Documents/KIT/2023/BA/code/output/families/ssim_DL_s20_f100_sites200_GTR_bl1.0_d1.0_l1.0_t0.0_gc0.0_p0.0_pop10_ms0.0_mf0.0_seed1007/families/family_091/misc/raxml_output.F81.raxml.mlTrees
Optimized model saved to: /home/fili/Documents/KIT/2023/BA/code/output/families/ssim_DL_s20_f100_sites200_GTR_bl1.0_d1.0_l1.0_t0.0_gc0.0_p0.0_pop10_ms0.0_mf0.0_seed1007/families/family_091/misc/raxml_output.F81.raxml.bestModel

Execution log saved to: /home/fili/Documents/KIT/2023/BA/code/output/families/ssim_DL_s20_f100_sites200_GTR_bl1.0_d1.0_l1.0_t0.0_gc0.0_p0.0_pop10_ms0.0_mf0.0_seed1007/families/family_091/misc/raxml_output.F81.raxml.log

Analysis started: 27-Jun-2023 13:01:50 / finished: 27-Jun-2023 13:01:50

Elapsed time: 0.288 seconds

