
RAxML-NG v. 1.1.0 released on 29.11.2021 by The Exelixis Lab.
Developed by: Alexey M. Kozlov and Alexandros Stamatakis.
Contributors: Diego Darriba, Tomas Flouri, Benoit Morel, Sarah Lutteropp, Ben Bettisworth.
Latest version: https://github.com/amkozlov/raxml-ng
Questions/problems/suggestions? Please visit: https://groups.google.com/forum/#!forum/raxml

System: AMD Ryzen 7 5800X 8-Core Processor, 8 cores, 31 GB RAM

RAxML-NG was called at 27-Jun-2023 13:43:22 as follows:

/home/fili/Documents/KIT/2023/BA/resources/tools/RAxML-NG/raxml-ng --msa /home/fili/Documents/KIT/2023/BA/code/output/families/ssim_DL_s20_f100_sites200_GTR_bl1.0_d1.0_l1.0_t0.0_gc0.0_p0.0_pop10_ms0.0_mf0.0_seed14976684177860080345/families/family_044/alignment.msa --model F81 --prefix /home/fili/Documents/KIT/2023/BA/code/output/families/ssim_DL_s20_f100_sites200_GTR_bl1.0_d1.0_l1.0_t0.0_gc0.0_p0.0_pop10_ms0.0_mf0.0_seed14976684177860080345/families/family_044/misc/raxml_output.F81

Analysis options:
  run mode: ML tree search
  start tree(s): random (10) + parsimony (10)
  random seed: 1687866202
  tip-inner: OFF
  pattern compression: ON
  per-rate scalers: OFF
  site repeats: ON
  fast spr radius: AUTO
  spr subtree cutoff: 1.000000
  branch lengths: proportional (ML estimate, algorithm: NR-FAST)
  SIMD kernels: AVX2
  parallelization: coarse-grained (auto), PTHREADS (auto)

[00:00:00] Reading alignment from file: /home/fili/Documents/KIT/2023/BA/code/output/families/ssim_DL_s20_f100_sites200_GTR_bl1.0_d1.0_l1.0_t0.0_gc0.0_p0.0_pop10_ms0.0_mf0.0_seed14976684177860080345/families/family_044/alignment.msa
[00:00:00] Loaded alignment with 12 taxa and 143 sites

WARNING: Sequences 18_0_0 and 17_0_0 are exactly identical!
WARNING: Sequences 14_0_0 and 2_0_0 are exactly identical!
WARNING: Duplicate sequences found: 2

NOTE: Reduced alignment (with duplicates and gap-only sites/taxa removed) 
NOTE: was saved to: /home/fili/Documents/KIT/2023/BA/code/output/families/ssim_DL_s20_f100_sites200_GTR_bl1.0_d1.0_l1.0_t0.0_gc0.0_p0.0_pop10_ms0.0_mf0.0_seed14976684177860080345/families/family_044/misc/raxml_output.F81.raxml.reduced.phy

Alignment comprises 1 partitions and 16 patterns

Partition 0: noname
Model: F81+FO
Alignment sites / patterns: 143 / 16
Gaps: 0.00 %
Invariant sites: 90.91 %


NOTE: Binary MSA file created: /home/fili/Documents/KIT/2023/BA/code/output/families/ssim_DL_s20_f100_sites200_GTR_bl1.0_d1.0_l1.0_t0.0_gc0.0_p0.0_pop10_ms0.0_mf0.0_seed14976684177860080345/families/family_044/misc/raxml_output.F81.raxml.rba

Parallelization scheme autoconfig: 8 worker(s) x 1 thread(s)

Parallel reduction/worker buffer size: 1 KB  / 0 KB

[00:00:00] Generating 10 random starting tree(s) with 12 taxa
[00:00:00] Generating 10 parsimony starting tree(s) with 12 taxa
[00:00:00] Data distribution: max. partitions/sites/weight per thread: 1 / 16 / 64
[00:00:00] Data distribution: max. searches per worker: 3

Starting ML tree search with 20 distinct starting trees

[00:00:00 -650.851299] Initial branch length optimization
[00:00:00 -463.971887] Model parameter optimization (eps = 10.000000)
[00:00:00 -450.655236] AUTODETECT spr round 1 (radius: 5)
[00:00:00 -331.243772] AUTODETECT spr round 2 (radius: 10)
[00:00:00 -331.243389] SPR radius for FAST iterations: 5 (autodetect)
[00:00:00 -331.243389] Model parameter optimization (eps = 3.000000)
[00:00:00 -331.078488] FAST spr round 1 (radius: 5)
[00:00:00 -330.500157] FAST spr round 2 (radius: 5)
[00:00:00 -330.439773] Model parameter optimization (eps = 1.000000)
[00:00:00 -330.412725] SLOW spr round 1 (radius: 5)
[00:00:00] [worker #3] ML tree search #4, logLikelihood: -330.411461
[00:00:00 -330.411572] SLOW spr round 2 (radius: 10)
[00:00:00] [worker #4] ML tree search #5, logLikelihood: -330.411462
[00:00:00] [worker #1] ML tree search #2, logLikelihood: -330.411462
[00:00:00 -330.411487] Model parameter optimization (eps = 0.100000)
[00:00:00] [worker #6] ML tree search #7, logLikelihood: -330.411462

[00:00:00] [worker #0] ML tree search #1, logLikelihood: -330.411471

[00:00:00] [worker #7] ML tree search #8, logLikelihood: -330.411462
[00:00:00] [worker #2] ML tree search #3, logLikelihood: -330.411462
[00:00:00] [worker #5] ML tree search #6, logLikelihood: -330.411462
[00:00:00 -662.414008] Initial branch length optimization
[00:00:00 -463.835475] Model parameter optimization (eps = 10.000000)
[00:00:00 -449.675776] AUTODETECT spr round 1 (radius: 5)
[00:00:00 -335.657648] AUTODETECT spr round 2 (radius: 10)
[00:00:00 -335.653941] SPR radius for FAST iterations: 5 (autodetect)
[00:00:00 -335.653941] Model parameter optimization (eps = 3.000000)
[00:00:00 -334.764346] FAST spr round 1 (radius: 5)
[00:00:00] [worker #3] ML tree search #12, logLikelihood: -330.411462
[00:00:00 -334.699588] Model parameter optimization (eps = 1.000000)
[00:00:00 -334.699261] SLOW spr round 1 (radius: 5)
[00:00:00] [worker #4] ML tree search #13, logLikelihood: -330.411462
[00:00:00 -330.464600] SLOW spr round 2 (radius: 5)
[00:00:00] [worker #6] ML tree search #15, logLikelihood: -330.411461
[00:00:00] [worker #7] ML tree search #16, logLikelihood: -330.411500
[00:00:00] [worker #2] ML tree search #11, logLikelihood: -330.411462
[00:00:00] [worker #5] ML tree search #14, logLikelihood: -330.411461
[00:00:00] [worker #1] ML tree search #10, logLikelihood: -330.411461
[00:00:00 -330.464583] SLOW spr round 3 (radius: 10)
[00:00:00 -330.464580] Model parameter optimization (eps = 0.100000)

[00:00:00] [worker #0] ML tree search #9, logLikelihood: -330.411462

[00:00:00 -572.469598] Initial branch length optimization
[00:00:00 -343.691871] Model parameter optimization (eps = 10.000000)
[00:00:00] [worker #3] ML tree search #20, logLikelihood: -330.411463
[00:00:00 -331.021077] AUTODETECT spr round 1 (radius: 5)
[00:00:00 -331.019014] SPR radius for FAST iterations: 5 (autodetect)
[00:00:00 -331.019014] Model parameter optimization (eps = 3.000000)
[00:00:00 -331.018265] FAST spr round 1 (radius: 5)
[00:00:00 -330.439439] FAST spr round 2 (radius: 5)
[00:00:00] [worker #2] ML tree search #19, logLikelihood: -330.411468
[00:00:00 -330.436497] Model parameter optimization (eps = 1.000000)
[00:00:00 -330.411467] SLOW spr round 1 (radius: 5)
[00:00:00] [worker #1] ML tree search #18, logLikelihood: -330.411461
[00:00:00 -330.411464] SLOW spr round 2 (radius: 10)
[00:00:00 -330.411462] Model parameter optimization (eps = 0.100000)

[00:00:00] [worker #0] ML tree search #17, logLikelihood: -330.411462


Optimized model parameters:

   Partition 0: noname
   Rate heterogeneity: NONE
   Base frequencies (ML): 0.167186 0.156317 0.297313 0.379184 
   Substitution rates (model): 1.000000 1.000000 1.000000 1.000000 1.000000 1.000000 


Final LogLikelihood: -330.411461

AIC score: 708.822921 / AICc score: 718.992413 / BIC score: 779.931193
Free parameters (model + branch lengths): 24

WARNING: Best ML tree contains 1 near-zero branches!

Best ML tree with collapsed near-zero branches saved to: /home/fili/Documents/KIT/2023/BA/code/output/families/ssim_DL_s20_f100_sites200_GTR_bl1.0_d1.0_l1.0_t0.0_gc0.0_p0.0_pop10_ms0.0_mf0.0_seed14976684177860080345/families/family_044/misc/raxml_output.F81.raxml.bestTreeCollapsed
Best ML tree saved to: /home/fili/Documents/KIT/2023/BA/code/output/families/ssim_DL_s20_f100_sites200_GTR_bl1.0_d1.0_l1.0_t0.0_gc0.0_p0.0_pop10_ms0.0_mf0.0_seed14976684177860080345/families/family_044/misc/raxml_output.F81.raxml.bestTree
All ML trees saved to: /home/fili/Documents/KIT/2023/BA/code/output/families/ssim_DL_s20_f100_sites200_GTR_bl1.0_d1.0_l1.0_t0.0_gc0.0_p0.0_pop10_ms0.0_mf0.0_seed14976684177860080345/families/family_044/misc/raxml_output.F81.raxml.mlTrees
Optimized model saved to: /home/fili/Documents/KIT/2023/BA/code/output/families/ssim_DL_s20_f100_sites200_GTR_bl1.0_d1.0_l1.0_t0.0_gc0.0_p0.0_pop10_ms0.0_mf0.0_seed14976684177860080345/families/family_044/misc/raxml_output.F81.raxml.bestModel

Execution log saved to: /home/fili/Documents/KIT/2023/BA/code/output/families/ssim_DL_s20_f100_sites200_GTR_bl1.0_d1.0_l1.0_t0.0_gc0.0_p0.0_pop10_ms0.0_mf0.0_seed14976684177860080345/families/family_044/misc/raxml_output.F81.raxml.log

Analysis started: 27-Jun-2023 13:43:22 / finished: 27-Jun-2023 13:43:22

Elapsed time: 0.063 seconds

