
RAxML-NG v. 1.1.0 released on 29.11.2021 by The Exelixis Lab.
Developed by: Alexey M. Kozlov and Alexandros Stamatakis.
Contributors: Diego Darriba, Tomas Flouri, Benoit Morel, Sarah Lutteropp, Ben Bettisworth.
Latest version: https://github.com/amkozlov/raxml-ng
Questions/problems/suggestions? Please visit: https://groups.google.com/forum/#!forum/raxml

System: AMD Ryzen 7 5800X 8-Core Processor, 8 cores, 31 GB RAM

RAxML-NG was called at 16-Jun-2023 09:59:20 as follows:

/home/fili/Documents/KIT/2023/BA/resources/tools/RAxML-NG/raxml-ng --msa /home/fili/Documents/KIT/2023/BA/code/output/families/ssim_NE_s20_f100_sites200_GTR_bl1.0_d0.0_l0.0_t0.0_gc0.0_p0.0_pop10_ms0.0_mf0.0_seed1007/families/family_099/alignment.msa --model F81 --prefix /home/fili/Documents/KIT/2023/BA/code/output/families/ssim_NE_s20_f100_sites200_GTR_bl1.0_d0.0_l0.0_t0.0_gc0.0_p0.0_pop10_ms0.0_mf0.0_seed1007/families/family_099/misc/raxml_output.F81

Analysis options:
  run mode: ML tree search
  start tree(s): random (10) + parsimony (10)
  random seed: 1686902360
  tip-inner: OFF
  pattern compression: ON
  per-rate scalers: OFF
  site repeats: ON
  fast spr radius: AUTO
  spr subtree cutoff: 1.000000
  branch lengths: proportional (ML estimate, algorithm: NR-FAST)
  SIMD kernels: AVX2
  parallelization: coarse-grained (auto), PTHREADS (auto)

[00:00:00] Reading alignment from file: /home/fili/Documents/KIT/2023/BA/code/output/families/ssim_NE_s20_f100_sites200_GTR_bl1.0_d0.0_l0.0_t0.0_gc0.0_p0.0_pop10_ms0.0_mf0.0_seed1007/families/family_099/alignment.msa
[00:00:00] Loaded alignment with 20 taxa and 153 sites

WARNING: Sequences 7_0_0 and 11_0_0 are exactly identical!
WARNING: Sequences 2_0_0 and 8_0_0 are exactly identical!
WARNING: Sequences 20_0_0 and 12_0_0 are exactly identical!
WARNING: Sequences 20_0_0 and 19_0_0 are exactly identical!
WARNING: Sequences 20_0_0 and 13_0_0 are exactly identical!
WARNING: Sequences 18_0_0 and 14_0_0 are exactly identical!
WARNING: Duplicate sequences found: 6

NOTE: Reduced alignment (with duplicates and gap-only sites/taxa removed) 
NOTE: was saved to: /home/fili/Documents/KIT/2023/BA/code/output/families/ssim_NE_s20_f100_sites200_GTR_bl1.0_d0.0_l0.0_t0.0_gc0.0_p0.0_pop10_ms0.0_mf0.0_seed1007/families/family_099/misc/raxml_output.F81.raxml.reduced.phy

Alignment comprises 1 partitions and 39 patterns

Partition 0: noname
Model: F81+FO
Alignment sites / patterns: 153 / 39
Gaps: 0.00 %
Invariant sites: 73.86 %


NOTE: Binary MSA file created: /home/fili/Documents/KIT/2023/BA/code/output/families/ssim_NE_s20_f100_sites200_GTR_bl1.0_d0.0_l0.0_t0.0_gc0.0_p0.0_pop10_ms0.0_mf0.0_seed1007/families/family_099/misc/raxml_output.F81.raxml.rba

Parallelization scheme autoconfig: 8 worker(s) x 1 thread(s)

Parallel reduction/worker buffer size: 1 KB  / 0 KB

[00:00:00] Generating 10 random starting tree(s) with 20 taxa
[00:00:00] Generating 10 parsimony starting tree(s) with 20 taxa
[00:00:00] Data distribution: max. partitions/sites/weight per thread: 1 / 39 / 156
[00:00:00] Data distribution: max. searches per worker: 3

Starting ML tree search with 20 distinct starting trees

[00:00:00 -1206.754144] Initial branch length optimization
[00:00:00 -927.509211] Model parameter optimization (eps = 10.000000)
[00:00:00 -896.224809] AUTODETECT spr round 1 (radius: 5)
[00:00:00 -545.390906] AUTODETECT spr round 2 (radius: 10)
[00:00:00 -545.390906] SPR radius for FAST iterations: 5 (autodetect)
[00:00:00 -545.390906] Model parameter optimization (eps = 3.000000)
[00:00:00 -542.187697] FAST spr round 1 (radius: 5)
[00:00:00 -538.413062] FAST spr round 2 (radius: 5)
[00:00:00 -522.734211] FAST spr round 3 (radius: 5)
[00:00:00 -522.734162] Model parameter optimization (eps = 1.000000)
[00:00:00 -522.673652] SLOW spr round 1 (radius: 5)
[00:00:00 -522.673649] SLOW spr round 2 (radius: 10)
[00:00:00] [worker #7] ML tree search #8, logLikelihood: -522.673647
[00:00:00] [worker #1] ML tree search #2, logLikelihood: -522.673644
[00:00:00] [worker #2] ML tree search #3, logLikelihood: -522.673644
[00:00:00] [worker #4] ML tree search #5, logLikelihood: -522.673647
[00:00:00] [worker #3] ML tree search #4, logLikelihood: -522.673645
[00:00:00 -522.673649] SLOW spr round 3 (radius: 15)
[00:00:00] [worker #5] ML tree search #6, logLikelihood: -522.673644
[00:00:00 -522.673649] SLOW spr round 4 (radius: 20)
[00:00:00 -522.673649] Model parameter optimization (eps = 0.100000)

[00:00:00] [worker #0] ML tree search #1, logLikelihood: -522.673647

[00:00:00] [worker #6] ML tree search #7, logLikelihood: -522.673644
[00:00:00 -1209.221024] Initial branch length optimization
[00:00:00 -919.155047] Model parameter optimization (eps = 10.000000)
[00:00:00 -890.270210] AUTODETECT spr round 1 (radius: 5)
[00:00:00 -547.943090] AUTODETECT spr round 2 (radius: 10)
[00:00:00 -547.942946] SPR radius for FAST iterations: 5 (autodetect)
[00:00:00 -547.942946] Model parameter optimization (eps = 3.000000)
[00:00:00 -544.605951] FAST spr round 1 (radius: 5)
[00:00:00 -522.686450] FAST spr round 2 (radius: 5)
[00:00:00 -522.686450] Model parameter optimization (eps = 1.000000)
[00:00:00 -522.673644] SLOW spr round 1 (radius: 5)
[00:00:00] [worker #7] ML tree search #16, logLikelihood: -522.673648
[00:00:00] [worker #4] ML tree search #13, logLikelihood: -522.673647
[00:00:00] [worker #3] ML tree search #12, logLikelihood: -522.673647
[00:00:00 -522.673644] SLOW spr round 2 (radius: 10)
[00:00:00] [worker #1] ML tree search #10, logLikelihood: -522.673644
[00:00:00] [worker #6] ML tree search #15, logLikelihood: -522.673647
[00:00:00 -522.673644] SLOW spr round 3 (radius: 15)
[00:00:00] [worker #2] ML tree search #11, logLikelihood: -522.673647
[00:00:00 -522.673644] SLOW spr round 4 (radius: 20)
[00:00:00 -522.673644] Model parameter optimization (eps = 0.100000)

[00:00:00] [worker #0] ML tree search #9, logLikelihood: -522.673644

[00:00:00 -949.510235] Initial branch length optimization
[00:00:00 -531.119933] Model parameter optimization (eps = 10.000000)
[00:00:00 -522.673737] AUTODETECT spr round 1 (radius: 5)
[00:00:00 -522.673684] SPR radius for FAST iterations: 5 (autodetect)
[00:00:00 -522.673684] Model parameter optimization (eps = 3.000000)
[00:00:00 -522.673649] FAST spr round 1 (radius: 5)
[00:00:00 -522.673648] Model parameter optimization (eps = 1.000000)
[00:00:00 -522.673648] SLOW spr round 1 (radius: 5)
[00:00:00] [worker #5] ML tree search #14, logLikelihood: -522.673647
[00:00:00] [worker #3] ML tree search #20, logLikelihood: -522.673648
[00:00:00 -522.673648] SLOW spr round 2 (radius: 10)
[00:00:00] [worker #1] ML tree search #18, logLikelihood: -522.673647
[00:00:00 -522.673648] SLOW spr round 3 (radius: 15)
[00:00:00 -522.673648] SLOW spr round 4 (radius: 20)
[00:00:00 -522.673648] Model parameter optimization (eps = 0.100000)

[00:00:00] [worker #0] ML tree search #17, logLikelihood: -522.673648

[00:00:00] [worker #2] ML tree search #19, logLikelihood: -522.673648

Optimized model parameters:

   Partition 0: noname
   Rate heterogeneity: NONE
   Base frequencies (ML): 0.315666 0.149819 0.311786 0.222729 
   Substitution rates (model): 1.000000 1.000000 1.000000 1.000000 1.000000 1.000000 


Final LogLikelihood: -522.673644

AIC score: 1125.347287 / AICc score: 1154.633001 / BIC score: 1246.564804
Free parameters (model + branch lengths): 40

WARNING: Best ML tree contains 5 near-zero branches!

Best ML tree with collapsed near-zero branches saved to: /home/fili/Documents/KIT/2023/BA/code/output/families/ssim_NE_s20_f100_sites200_GTR_bl1.0_d0.0_l0.0_t0.0_gc0.0_p0.0_pop10_ms0.0_mf0.0_seed1007/families/family_099/misc/raxml_output.F81.raxml.bestTreeCollapsed
Best ML tree saved to: /home/fili/Documents/KIT/2023/BA/code/output/families/ssim_NE_s20_f100_sites200_GTR_bl1.0_d0.0_l0.0_t0.0_gc0.0_p0.0_pop10_ms0.0_mf0.0_seed1007/families/family_099/misc/raxml_output.F81.raxml.bestTree
All ML trees saved to: /home/fili/Documents/KIT/2023/BA/code/output/families/ssim_NE_s20_f100_sites200_GTR_bl1.0_d0.0_l0.0_t0.0_gc0.0_p0.0_pop10_ms0.0_mf0.0_seed1007/families/family_099/misc/raxml_output.F81.raxml.mlTrees
Optimized model saved to: /home/fili/Documents/KIT/2023/BA/code/output/families/ssim_NE_s20_f100_sites200_GTR_bl1.0_d0.0_l0.0_t0.0_gc0.0_p0.0_pop10_ms0.0_mf0.0_seed1007/families/family_099/misc/raxml_output.F81.raxml.bestModel

Execution log saved to: /home/fili/Documents/KIT/2023/BA/code/output/families/ssim_NE_s20_f100_sites200_GTR_bl1.0_d0.0_l0.0_t0.0_gc0.0_p0.0_pop10_ms0.0_mf0.0_seed1007/families/family_099/misc/raxml_output.F81.raxml.log

Analysis started: 16-Jun-2023 09:59:20 / finished: 16-Jun-2023 09:59:20

Elapsed time: 0.124 seconds

