
RAxML-NG v. 1.1.0 released on 29.11.2021 by The Exelixis Lab.
Developed by: Alexey M. Kozlov and Alexandros Stamatakis.
Contributors: Diego Darriba, Tomas Flouri, Benoit Morel, Sarah Lutteropp, Ben Bettisworth.
Latest version: https://github.com/amkozlov/raxml-ng
Questions/problems/suggestions? Please visit: https://groups.google.com/forum/#!forum/raxml

System: AMD Ryzen 7 5800X 8-Core Processor, 8 cores, 31 GB RAM

RAxML-NG was called at 12-May-2023 21:00:14 as follows:

/home/fili/Documents/KIT/2023/BA/resources/tools/RAxML-NG/raxml-ng --msa /home/fili/Documents/KIT/2023/BA/code/output/families/ssim_dtl_s20_f100_sites200_GTR_bl1.0_d0.0_l0.0_t1.0_gc0.0_p0.0_pop10_ms0.0_mf0.0_seed42/families/family_083/alignment.msa --model GTR+G --prefix /home/fili/Documents/KIT/2023/BA/code/output/families/ssim_dtl_s20_f100_sites200_GTR_bl1.0_d0.0_l0.0_t1.0_gc0.0_p0.0_pop10_ms0.0_mf0.0_seed42/families/family_083/misc/raxml_output.GTR+G

Analysis options:
  run mode: ML tree search
  start tree(s): random (10) + parsimony (10)
  random seed: 1683918014
  tip-inner: OFF
  pattern compression: ON
  per-rate scalers: OFF
  site repeats: ON
  fast spr radius: AUTO
  spr subtree cutoff: 1.000000
  branch lengths: proportional (ML estimate, algorithm: NR-FAST)
  SIMD kernels: AVX2
  parallelization: coarse-grained (auto), PTHREADS (auto)

[00:00:00] Reading alignment from file: /home/fili/Documents/KIT/2023/BA/code/output/families/ssim_dtl_s20_f100_sites200_GTR_bl1.0_d0.0_l0.0_t1.0_gc0.0_p0.0_pop10_ms0.0_mf0.0_seed42/families/family_083/alignment.msa
[00:00:00] Loaded alignment with 20 taxa and 287 sites

WARNING: Sequences 3_0_0 and 2_0_0 are exactly identical!
WARNING: Sequences 9_0_0 and 13_0_0 are exactly identical!
WARNING: Sequences 7_0_0 and 14_0_0 are exactly identical!
WARNING: Duplicate sequences found: 3

NOTE: Reduced alignment (with duplicates and gap-only sites/taxa removed) 
NOTE: was saved to: /home/fili/Documents/KIT/2023/BA/code/output/families/ssim_dtl_s20_f100_sites200_GTR_bl1.0_d0.0_l0.0_t1.0_gc0.0_p0.0_pop10_ms0.0_mf0.0_seed42/families/family_083/misc/raxml_output.GTR+G.raxml.reduced.phy

Alignment comprises 1 partitions and 95 patterns

Partition 0: noname
Model: GTR+FO+G4m
Alignment sites / patterns: 287 / 95
Gaps: 0.00 %
Invariant sites: 64.46 %


NOTE: Binary MSA file created: /home/fili/Documents/KIT/2023/BA/code/output/families/ssim_dtl_s20_f100_sites200_GTR_bl1.0_d0.0_l0.0_t1.0_gc0.0_p0.0_pop10_ms0.0_mf0.0_seed42/families/family_083/misc/raxml_output.GTR+G.raxml.rba

Parallelization scheme autoconfig: 8 worker(s) x 1 thread(s)

Parallel reduction/worker buffer size: 1 KB  / 0 KB

[00:00:00] Generating 10 random starting tree(s) with 20 taxa
[00:00:00] Generating 10 parsimony starting tree(s) with 20 taxa
[00:00:00] Data distribution: max. partitions/sites/weight per thread: 1 / 95 / 1520
[00:00:00] Data distribution: max. searches per worker: 3

Starting ML tree search with 20 distinct starting trees

[00:00:00 -2688.764116] Initial branch length optimization
[00:00:00 -2297.346134] Model parameter optimization (eps = 10.000000)
[00:00:00 -1958.465674] AUTODETECT spr round 1 (radius: 5)
[00:00:00 -1394.835133] AUTODETECT spr round 2 (radius: 10)
[00:00:00 -1380.145888] AUTODETECT spr round 3 (radius: 15)
[00:00:00 -1380.136403] SPR radius for FAST iterations: 10 (autodetect)
[00:00:00 -1380.136403] Model parameter optimization (eps = 3.000000)
[00:00:00 -1365.249506] FAST spr round 1 (radius: 10)
[00:00:00 -1339.254752] FAST spr round 2 (radius: 10)
[00:00:00 -1338.559553] FAST spr round 3 (radius: 10)
[00:00:00 -1338.559271] Model parameter optimization (eps = 1.000000)
[00:00:00 -1336.188961] SLOW spr round 1 (radius: 5)
[00:00:00 -1336.176643] SLOW spr round 2 (radius: 10)
[00:00:00] [worker #2] ML tree search #3, logLikelihood: -1336.020436
[00:00:00] [worker #7] ML tree search #8, logLikelihood: -1336.076187
[00:00:00] [worker #3] ML tree search #4, logLikelihood: -1336.077185
[00:00:00 -1336.176466] SLOW spr round 3 (radius: 15)
[00:00:00 -1336.176461] SLOW spr round 4 (radius: 20)
[00:00:00 -1336.176461] Model parameter optimization (eps = 0.100000)

[00:00:00] [worker #0] ML tree search #1, logLikelihood: -1336.080620

[00:00:00] [worker #1] ML tree search #2, logLikelihood: -1336.063225
[00:00:00 -2647.955637] Initial branch length optimization
[00:00:00 -2293.779445] Model parameter optimization (eps = 10.000000)
[00:00:00] [worker #6] ML tree search #7, logLikelihood: -1336.046548
[00:00:00] [worker #5] ML tree search #6, logLikelihood: -1336.062597
[00:00:00] [worker #4] ML tree search #5, logLikelihood: -1336.070177
[00:00:00 -1925.671778] AUTODETECT spr round 1 (radius: 5)
[00:00:00 -1406.001995] AUTODETECT spr round 2 (radius: 10)
[00:00:00 -1405.993243] SPR radius for FAST iterations: 5 (autodetect)
[00:00:00 -1405.993243] Model parameter optimization (eps = 3.000000)
[00:00:00 -1399.972574] FAST spr round 1 (radius: 5)
[00:00:00 -1336.387385] FAST spr round 2 (radius: 5)
[00:00:00 -1336.284072] FAST spr round 3 (radius: 5)
[00:00:00 -1336.283769] Model parameter optimization (eps = 1.000000)
[00:00:00 -1336.023308] SLOW spr round 1 (radius: 5)
[00:00:00] [worker #2] ML tree search #11, logLikelihood: -1336.066747
[00:00:00] [worker #7] ML tree search #16, logLikelihood: -1336.067328
[00:00:00] [worker #3] ML tree search #12, logLikelihood: -1336.067223
[00:00:00 -1336.021507] SLOW spr round 2 (radius: 10)
[00:00:00] [worker #6] ML tree search #15, logLikelihood: -1336.070278
[00:00:00] [worker #5] ML tree search #14, logLikelihood: -1336.061134
[00:00:00 -1336.021461] SLOW spr round 3 (radius: 15)
[00:00:00 -1336.021460] SLOW spr round 4 (radius: 20)
[00:00:00 -1336.021460] Model parameter optimization (eps = 0.100000)

[00:00:00] [worker #0] ML tree search #9, logLikelihood: -1336.018161

[00:00:00 -1820.235219] Initial branch length optimization
[00:00:00 -1503.795042] Model parameter optimization (eps = 10.000000)
[00:00:00] [worker #4] ML tree search #13, logLikelihood: -1336.070334
[00:00:00 -1343.170094] AUTODETECT spr round 1 (radius: 5)
[00:00:00] [worker #1] ML tree search #10, logLikelihood: -1336.020618
[00:00:00 -1339.249959] AUTODETECT spr round 2 (radius: 10)
[00:00:00 -1339.239466] SPR radius for FAST iterations: 5 (autodetect)
[00:00:00 -1339.239466] Model parameter optimization (eps = 3.000000)
[00:00:00 -1336.967780] FAST spr round 1 (radius: 5)
[00:00:00 -1336.770089] FAST spr round 2 (radius: 5)
[00:00:00 -1336.768884] Model parameter optimization (eps = 1.000000)
[00:00:00 -1336.276288] SLOW spr round 1 (radius: 5)
[00:00:00] [worker #2] ML tree search #19, logLikelihood: -1336.070554
[00:00:00 -1336.259522] SLOW spr round 2 (radius: 10)
[00:00:00] [worker #3] ML tree search #20, logLikelihood: -1336.065059
[00:00:00 -1336.258993] SLOW spr round 3 (radius: 15)
[00:00:00 -1336.258975] SLOW spr round 4 (radius: 20)
[00:00:00 -1336.258974] Model parameter optimization (eps = 0.100000)

[00:00:00] [worker #0] ML tree search #17, logLikelihood: -1336.065579

[00:00:00] [worker #1] ML tree search #18, logLikelihood: -1336.069390

Optimized model parameters:

   Partition 0: noname
   Rate heterogeneity: GAMMA (4 cats, mean),  alpha: 0.185845 (ML),  weights&rates: (0.250000,0.000314) (0.250000,0.026029) (0.250000,0.345718) (0.250000,3.627938) 
   Base frequencies (ML): 0.184676 0.244872 0.253796 0.316656 
   Substitution rates (ML): 1.424969 48.128916 2.875964 0.774875 5.875361 1.000000 


Final LogLikelihood: -1336.018161

AIC score: 2764.036322 / AICc score: 2782.052989 / BIC score: 2932.372504
Free parameters (model + branch lengths): 46

WARNING: Best ML tree contains 4 near-zero branches!

Best ML tree with collapsed near-zero branches saved to: /home/fili/Documents/KIT/2023/BA/code/output/families/ssim_dtl_s20_f100_sites200_GTR_bl1.0_d0.0_l0.0_t1.0_gc0.0_p0.0_pop10_ms0.0_mf0.0_seed42/families/family_083/misc/raxml_output.GTR+G.raxml.bestTreeCollapsed
Best ML tree saved to: /home/fili/Documents/KIT/2023/BA/code/output/families/ssim_dtl_s20_f100_sites200_GTR_bl1.0_d0.0_l0.0_t1.0_gc0.0_p0.0_pop10_ms0.0_mf0.0_seed42/families/family_083/misc/raxml_output.GTR+G.raxml.bestTree
All ML trees saved to: /home/fili/Documents/KIT/2023/BA/code/output/families/ssim_dtl_s20_f100_sites200_GTR_bl1.0_d0.0_l0.0_t1.0_gc0.0_p0.0_pop10_ms0.0_mf0.0_seed42/families/family_083/misc/raxml_output.GTR+G.raxml.mlTrees
Optimized model saved to: /home/fili/Documents/KIT/2023/BA/code/output/families/ssim_dtl_s20_f100_sites200_GTR_bl1.0_d0.0_l0.0_t1.0_gc0.0_p0.0_pop10_ms0.0_mf0.0_seed42/families/family_083/misc/raxml_output.GTR+G.raxml.bestModel

Execution log saved to: /home/fili/Documents/KIT/2023/BA/code/output/families/ssim_dtl_s20_f100_sites200_GTR_bl1.0_d0.0_l0.0_t1.0_gc0.0_p0.0_pop10_ms0.0_mf0.0_seed42/families/family_083/misc/raxml_output.GTR+G.raxml.log

Analysis started: 12-May-2023 21:00:14 / finished: 12-May-2023 21:00:14

Elapsed time: 0.522 seconds

