
RAxML-NG v. 1.1.0 released on 29.11.2021 by The Exelixis Lab.
Developed by: Alexey M. Kozlov and Alexandros Stamatakis.
Contributors: Diego Darriba, Tomas Flouri, Benoit Morel, Sarah Lutteropp, Ben Bettisworth.
Latest version: https://github.com/amkozlov/raxml-ng
Questions/problems/suggestions? Please visit: https://groups.google.com/forum/#!forum/raxml

System: AMD Ryzen 7 5800X 8-Core Processor, 8 cores, 31 GB RAM

RAxML-NG was called at 13-Jun-2023 16:03:06 as follows:

/home/fili/Documents/KIT/2023/BA/resources/tools/RAxML-NG/raxml-ng --msa /home/fili/Documents/KIT/2023/BA/code/output/families/ssim_DL_s20_f100_sites200_GTR_bl1.0_d1.0_l1.0_t0.0_gc0.0_p0.0_pop10_ms0.0_mf0.0_seed42/families/family_100/alignment.msa --model F81 --prefix /home/fili/Documents/KIT/2023/BA/code/output/families/ssim_DL_s20_f100_sites200_GTR_bl1.0_d1.0_l1.0_t0.0_gc0.0_p0.0_pop10_ms0.0_mf0.0_seed42/families/family_100/misc/raxml_output.F81

Analysis options:
  run mode: ML tree search
  start tree(s): random (10) + parsimony (10)
  random seed: 1686664986
  tip-inner: OFF
  pattern compression: ON
  per-rate scalers: OFF
  site repeats: ON
  fast spr radius: AUTO
  spr subtree cutoff: 1.000000
  branch lengths: proportional (ML estimate, algorithm: NR-FAST)
  SIMD kernels: AVX2
  parallelization: coarse-grained (auto), PTHREADS (auto)

[00:00:00] Reading alignment from file: /home/fili/Documents/KIT/2023/BA/code/output/families/ssim_DL_s20_f100_sites200_GTR_bl1.0_d1.0_l1.0_t0.0_gc0.0_p0.0_pop10_ms0.0_mf0.0_seed42/families/family_100/alignment.msa
[00:00:00] Loaded alignment with 20 taxa and 233 sites

WARNING: Sequences 12_0_0 and 4_0_0 are exactly identical!
WARNING: Sequences 12_0_0 and 10_0_0 are exactly identical!
WARNING: Sequences 4_8_0 and 12_8_0 are exactly identical!
WARNING: Sequences 11_0_0 and 11_6_0 are exactly identical!
WARNING: Duplicate sequences found: 4

NOTE: Reduced alignment (with duplicates and gap-only sites/taxa removed) 
NOTE: was saved to: /home/fili/Documents/KIT/2023/BA/code/output/families/ssim_DL_s20_f100_sites200_GTR_bl1.0_d1.0_l1.0_t0.0_gc0.0_p0.0_pop10_ms0.0_mf0.0_seed42/families/family_100/misc/raxml_output.F81.raxml.reduced.phy

Alignment comprises 1 partitions and 119 patterns

Partition 0: noname
Model: F81+FO
Alignment sites / patterns: 233 / 119
Gaps: 0.00 %
Invariant sites: 40.77 %


NOTE: Binary MSA file created: /home/fili/Documents/KIT/2023/BA/code/output/families/ssim_DL_s20_f100_sites200_GTR_bl1.0_d1.0_l1.0_t0.0_gc0.0_p0.0_pop10_ms0.0_mf0.0_seed42/families/family_100/misc/raxml_output.F81.raxml.rba

Parallelization scheme autoconfig: 8 worker(s) x 1 thread(s)

Parallel reduction/worker buffer size: 1 KB  / 0 KB

[00:00:00] Generating 10 random starting tree(s) with 20 taxa
[00:00:00] Generating 10 parsimony starting tree(s) with 20 taxa
[00:00:00] Data distribution: max. partitions/sites/weight per thread: 1 / 119 / 476
[00:00:00] Data distribution: max. searches per worker: 3

Starting ML tree search with 20 distinct starting trees

[00:00:00 -2982.162689] Initial branch length optimization
[00:00:00 -2447.909376] Model parameter optimization (eps = 10.000000)
[00:00:00 -2375.237205] AUTODETECT spr round 1 (radius: 5)
[00:00:00 -1511.590516] AUTODETECT spr round 2 (radius: 10)
[00:00:00 -1511.590395] SPR radius for FAST iterations: 5 (autodetect)
[00:00:00 -1511.590395] Model parameter optimization (eps = 3.000000)
[00:00:00 -1510.867802] FAST spr round 1 (radius: 5)
[00:00:00 -1487.338124] FAST spr round 2 (radius: 5)
[00:00:00 -1484.415607] FAST spr round 3 (radius: 5)
[00:00:00 -1483.755315] FAST spr round 4 (radius: 5)
[00:00:00 -1483.755312] Model parameter optimization (eps = 1.000000)
[00:00:00 -1483.668718] SLOW spr round 1 (radius: 5)
[00:00:00] [worker #7] ML tree search #8, logLikelihood: -1483.668649
[00:00:00 -1483.668696] SLOW spr round 2 (radius: 10)
[00:00:00] [worker #3] ML tree search #4, logLikelihood: -1483.668648
[00:00:00] [worker #6] ML tree search #7, logLikelihood: -1483.668649
[00:00:00] [worker #4] ML tree search #5, logLikelihood: -1483.668650
[00:00:00] [worker #1] ML tree search #2, logLikelihood: -1483.668648
[00:00:00 -1483.668696] SLOW spr round 3 (radius: 15)
[00:00:00 -1483.668696] SLOW spr round 4 (radius: 20)
[00:00:00 -1483.668696] Model parameter optimization (eps = 0.100000)

[00:00:00] [worker #0] ML tree search #1, logLikelihood: -1483.668650

[00:00:00] [worker #5] ML tree search #6, logLikelihood: -1483.668650
[00:00:00 -2893.483103] Initial branch length optimization
[00:00:00 -2333.533252] Model parameter optimization (eps = 10.000000)
[00:00:00 -2270.572009] AUTODETECT spr round 1 (radius: 5)
[00:00:00] [worker #2] ML tree search #3, logLikelihood: -1483.668649
[00:00:00 -1512.355538] AUTODETECT spr round 2 (radius: 10)
[00:00:00 -1512.355282] SPR radius for FAST iterations: 5 (autodetect)
[00:00:00 -1512.355282] Model parameter optimization (eps = 3.000000)
[00:00:00 -1512.129071] FAST spr round 1 (radius: 5)
[00:00:00 -1484.364116] FAST spr round 2 (radius: 5)
[00:00:00 -1483.701455] FAST spr round 3 (radius: 5)
[00:00:00 -1483.701424] Model parameter optimization (eps = 1.000000)
[00:00:00] [worker #3] ML tree search #12, logLikelihood: -1483.668647
[00:00:00 -1483.668691] SLOW spr round 1 (radius: 5)
[00:00:00] [worker #6] ML tree search #15, logLikelihood: -1483.668648
[00:00:00] [worker #7] ML tree search #16, logLikelihood: -1483.668647
[00:00:00] [worker #4] ML tree search #13, logLikelihood: -1483.668647
[00:00:00] [worker #5] ML tree search #14, logLikelihood: -1483.668647
[00:00:00 -1483.668680] SLOW spr round 2 (radius: 10)
[00:00:00] [worker #2] ML tree search #11, logLikelihood: -1483.668647
[00:00:00 -1483.668680] SLOW spr round 3 (radius: 15)
[00:00:00 -1483.668680] SLOW spr round 4 (radius: 20)
[00:00:00 -1483.668680] Model parameter optimization (eps = 0.100000)
[00:00:00] [worker #1] ML tree search #10, logLikelihood: -1483.668649

[00:00:00] [worker #0] ML tree search #9, logLikelihood: -1483.668650

[00:00:00 -2001.886823] Initial branch length optimization
[00:00:00 -1529.796697] Model parameter optimization (eps = 10.000000)
[00:00:00 -1489.262122] AUTODETECT spr round 1 (radius: 5)
[00:00:00 -1483.679325] AUTODETECT spr round 2 (radius: 10)
[00:00:00 -1483.678951] SPR radius for FAST iterations: 5 (autodetect)
[00:00:00 -1483.678951] Model parameter optimization (eps = 3.000000)
[00:00:00 -1483.668655] FAST spr round 1 (radius: 5)
[00:00:00] [worker #3] ML tree search #20, logLikelihood: -1483.668648
[00:00:00 -1483.668653] Model parameter optimization (eps = 1.000000)
[00:00:00 -1483.668650] SLOW spr round 1 (radius: 5)
[00:00:00 -1483.668650] SLOW spr round 2 (radius: 10)
[00:00:00] [worker #2] ML tree search #19, logLikelihood: -1483.668647
[00:00:00 -1483.668650] SLOW spr round 3 (radius: 15)
[00:00:00 -1483.668650] SLOW spr round 4 (radius: 20)
[00:00:00 -1483.668650] Model parameter optimization (eps = 0.100000)

[00:00:00] [worker #0] ML tree search #17, logLikelihood: -1483.668649

[00:00:00] [worker #1] ML tree search #18, logLikelihood: -1483.668649

Optimized model parameters:

   Partition 0: noname
   Rate heterogeneity: NONE
   Base frequencies (ML): 0.347520 0.109811 0.319361 0.223307 
   Substitution rates (model): 1.000000 1.000000 1.000000 1.000000 1.000000 1.000000 


Final LogLikelihood: -1483.668647

AIC score: 3047.337294 / AICc score: 3064.420627 / BIC score: 3185.378832
Free parameters (model + branch lengths): 40

WARNING: Best ML tree contains 2 near-zero branches!

Best ML tree with collapsed near-zero branches saved to: /home/fili/Documents/KIT/2023/BA/code/output/families/ssim_DL_s20_f100_sites200_GTR_bl1.0_d1.0_l1.0_t0.0_gc0.0_p0.0_pop10_ms0.0_mf0.0_seed42/families/family_100/misc/raxml_output.F81.raxml.bestTreeCollapsed
Best ML tree saved to: /home/fili/Documents/KIT/2023/BA/code/output/families/ssim_DL_s20_f100_sites200_GTR_bl1.0_d1.0_l1.0_t0.0_gc0.0_p0.0_pop10_ms0.0_mf0.0_seed42/families/family_100/misc/raxml_output.F81.raxml.bestTree
All ML trees saved to: /home/fili/Documents/KIT/2023/BA/code/output/families/ssim_DL_s20_f100_sites200_GTR_bl1.0_d1.0_l1.0_t0.0_gc0.0_p0.0_pop10_ms0.0_mf0.0_seed42/families/family_100/misc/raxml_output.F81.raxml.mlTrees
Optimized model saved to: /home/fili/Documents/KIT/2023/BA/code/output/families/ssim_DL_s20_f100_sites200_GTR_bl1.0_d1.0_l1.0_t0.0_gc0.0_p0.0_pop10_ms0.0_mf0.0_seed42/families/family_100/misc/raxml_output.F81.raxml.bestModel

Execution log saved to: /home/fili/Documents/KIT/2023/BA/code/output/families/ssim_DL_s20_f100_sites200_GTR_bl1.0_d1.0_l1.0_t0.0_gc0.0_p0.0_pop10_ms0.0_mf0.0_seed42/families/family_100/misc/raxml_output.F81.raxml.log

Analysis started: 13-Jun-2023 16:03:06 / finished: 13-Jun-2023 16:03:06

Elapsed time: 0.214 seconds

