
RAxML-NG v. 1.1.0 released on 29.11.2021 by The Exelixis Lab.
Developed by: Alexey M. Kozlov and Alexandros Stamatakis.
Contributors: Diego Darriba, Tomas Flouri, Benoit Morel, Sarah Lutteropp, Ben Bettisworth.
Latest version: https://github.com/amkozlov/raxml-ng
Questions/problems/suggestions? Please visit: https://groups.google.com/forum/#!forum/raxml

System: AMD Ryzen 7 5800X 8-Core Processor, 8 cores, 31 GB RAM

RAxML-NG was called at 27-Jun-2023 13:43:22 as follows:

/home/fili/Documents/KIT/2023/BA/resources/tools/RAxML-NG/raxml-ng --msa /home/fili/Documents/KIT/2023/BA/code/output/families/ssim_DL_s20_f100_sites200_GTR_bl1.0_d1.0_l1.0_t0.0_gc0.0_p0.0_pop10_ms0.0_mf0.0_seed14976684177860080345/families/family_078/alignment.msa --model F81 --prefix /home/fili/Documents/KIT/2023/BA/code/output/families/ssim_DL_s20_f100_sites200_GTR_bl1.0_d1.0_l1.0_t0.0_gc0.0_p0.0_pop10_ms0.0_mf0.0_seed14976684177860080345/families/family_078/misc/raxml_output.F81

Analysis options:
  run mode: ML tree search
  start tree(s): random (10) + parsimony (10)
  random seed: 1687866202
  tip-inner: OFF
  pattern compression: ON
  per-rate scalers: OFF
  site repeats: ON
  fast spr radius: AUTO
  spr subtree cutoff: 1.000000
  branch lengths: proportional (ML estimate, algorithm: NR-FAST)
  SIMD kernels: AVX2
  parallelization: coarse-grained (auto), PTHREADS (auto)

[00:00:00] Reading alignment from file: /home/fili/Documents/KIT/2023/BA/code/output/families/ssim_DL_s20_f100_sites200_GTR_bl1.0_d1.0_l1.0_t0.0_gc0.0_p0.0_pop10_ms0.0_mf0.0_seed14976684177860080345/families/family_078/alignment.msa
[00:00:00] Loaded alignment with 20 taxa and 264 sites

WARNING: Sequences 10_1_0 and 7_1_0 are exactly identical!
WARNING: Duplicate sequences found: 1

NOTE: Reduced alignment (with duplicates and gap-only sites/taxa removed) 
NOTE: was saved to: /home/fili/Documents/KIT/2023/BA/code/output/families/ssim_DL_s20_f100_sites200_GTR_bl1.0_d1.0_l1.0_t0.0_gc0.0_p0.0_pop10_ms0.0_mf0.0_seed14976684177860080345/families/family_078/misc/raxml_output.F81.raxml.reduced.phy

Alignment comprises 1 partitions and 145 patterns

Partition 0: noname
Model: F81+FO
Alignment sites / patterns: 264 / 145
Gaps: 0.00 %
Invariant sites: 30.30 %


NOTE: Binary MSA file created: /home/fili/Documents/KIT/2023/BA/code/output/families/ssim_DL_s20_f100_sites200_GTR_bl1.0_d1.0_l1.0_t0.0_gc0.0_p0.0_pop10_ms0.0_mf0.0_seed14976684177860080345/families/family_078/misc/raxml_output.F81.raxml.rba

Parallelization scheme autoconfig: 8 worker(s) x 1 thread(s)

Parallel reduction/worker buffer size: 1 KB  / 0 KB

[00:00:00] Generating 10 random starting tree(s) with 20 taxa
[00:00:00] Generating 10 parsimony starting tree(s) with 20 taxa
[00:00:00] Data distribution: max. partitions/sites/weight per thread: 1 / 145 / 580
[00:00:00] Data distribution: max. searches per worker: 3

Starting ML tree search with 20 distinct starting trees

[00:00:00 -4302.722943] Initial branch length optimization
[00:00:00 -3648.218772] Model parameter optimization (eps = 10.000000)
[00:00:00 -3575.490479] AUTODETECT spr round 1 (radius: 5)
[00:00:00 -1930.818797] AUTODETECT spr round 2 (radius: 10)
[00:00:00 -1930.814384] SPR radius for FAST iterations: 5 (autodetect)
[00:00:00 -1930.814384] Model parameter optimization (eps = 3.000000)
[00:00:00 -1927.375544] FAST spr round 1 (radius: 5)
[00:00:00 -1859.451925] FAST spr round 2 (radius: 5)
[00:00:00 -1858.690945] FAST spr round 3 (radius: 5)
[00:00:00 -1858.690932] Model parameter optimization (eps = 1.000000)
[00:00:00 -1858.494838] SLOW spr round 1 (radius: 5)
[00:00:00 -1858.454658] SLOW spr round 2 (radius: 10)
[00:00:00] [worker #2] ML tree search #3, logLikelihood: -1858.405096
[00:00:00] [worker #3] ML tree search #4, logLikelihood: -1858.405117
[00:00:00] [worker #6] ML tree search #7, logLikelihood: -1858.405093
[00:00:00 -1858.454621] SLOW spr round 3 (radius: 15)
[00:00:00 -1858.454621] SLOW spr round 4 (radius: 20)
[00:00:00 -1858.454621] Model parameter optimization (eps = 0.100000)
[00:00:00] [worker #1] ML tree search #2, logLikelihood: -1858.405120
[00:00:00] [worker #7] ML tree search #8, logLikelihood: -1858.405117

[00:00:00] [worker #0] ML tree search #1, logLikelihood: -1858.405111

[00:00:00 -4533.211227] Initial branch length optimization
[00:00:00 -3861.447657] Model parameter optimization (eps = 10.000000)
[00:00:00 -3780.720881] AUTODETECT spr round 1 (radius: 5)
[00:00:00 -1923.535686] AUTODETECT spr round 2 (radius: 10)
[00:00:00 -1882.723479] AUTODETECT spr round 3 (radius: 15)
[00:00:00 -1882.723326] SPR radius for FAST iterations: 10 (autodetect)
[00:00:00 -1882.723326] Model parameter optimization (eps = 3.000000)
[00:00:00 -1881.413210] FAST spr round 1 (radius: 10)
[00:00:00 -1858.448683] FAST spr round 2 (radius: 10)
[00:00:00 -1858.448648] Model parameter optimization (eps = 1.000000)
[00:00:00 -1858.405106] SLOW spr round 1 (radius: 5)
[00:00:00] [worker #2] ML tree search #11, logLikelihood: -1858.405092
[00:00:00] [worker #5] ML tree search #6, logLikelihood: -1858.405110
[00:00:00] [worker #6] ML tree search #15, logLikelihood: -1858.405093
[00:00:00] [worker #3] ML tree search #12, logLikelihood: -1858.405092
[00:00:00 -1858.405095] SLOW spr round 2 (radius: 10)
[00:00:00] [worker #4] ML tree search #5, logLikelihood: -1858.405107
[00:00:00] [worker #7] ML tree search #16, logLikelihood: -1858.405094
[00:00:00 -1858.405095] SLOW spr round 3 (radius: 15)
[00:00:00 -1858.405095] SLOW spr round 4 (radius: 20)
[00:00:00 -1858.405095] Model parameter optimization (eps = 0.100000)

[00:00:00] [worker #0] ML tree search #9, logLikelihood: -1858.405093

[00:00:00 -2396.618134] Initial branch length optimization
[00:00:00 -1895.910064] Model parameter optimization (eps = 10.000000)
[00:00:00] [worker #1] ML tree search #10, logLikelihood: -1858.405093
[00:00:00 -1858.825000] AUTODETECT spr round 1 (radius: 5)
[00:00:00 -1858.824751] SPR radius for FAST iterations: 5 (autodetect)
[00:00:00 -1858.824751] Model parameter optimization (eps = 3.000000)
[00:00:00 -1858.824733] FAST spr round 1 (radius: 5)
[00:00:00 -1858.443080] FAST spr round 2 (radius: 5)
[00:00:00 -1858.443075] Model parameter optimization (eps = 1.000000)
[00:00:00 -1858.405113] SLOW spr round 1 (radius: 5)
[00:00:00] [worker #2] ML tree search #19, logLikelihood: -1858.405094
[00:00:00] [worker #3] ML tree search #20, logLikelihood: -1858.405093
[00:00:00 -1858.405102] SLOW spr round 2 (radius: 10)
[00:00:00 -1858.405101] SLOW spr round 3 (radius: 15)
[00:00:00 -1858.405101] SLOW spr round 4 (radius: 20)
[00:00:00 -1858.405101] Model parameter optimization (eps = 0.100000)

[00:00:00] [worker #0] ML tree search #17, logLikelihood: -1858.405094

[00:00:00] [worker #5] ML tree search #14, logLikelihood: -1858.405092
[00:00:00] [worker #1] ML tree search #18, logLikelihood: -1858.405094
[00:00:00] [worker #4] ML tree search #13, logLikelihood: -1858.405093

Optimized model parameters:

   Partition 0: noname
   Rate heterogeneity: NONE
   Base frequencies (ML): 0.318940 0.173242 0.352240 0.155578 
   Substitution rates (model): 1.000000 1.000000 1.000000 1.000000 1.000000 1.000000 


Final LogLikelihood: -1858.405092

AIC score: 3796.810184 / AICc score: 3811.518704 / BIC score: 3939.848148
Free parameters (model + branch lengths): 40

WARNING: Best ML tree contains 3 near-zero branches!

Best ML tree with collapsed near-zero branches saved to: /home/fili/Documents/KIT/2023/BA/code/output/families/ssim_DL_s20_f100_sites200_GTR_bl1.0_d1.0_l1.0_t0.0_gc0.0_p0.0_pop10_ms0.0_mf0.0_seed14976684177860080345/families/family_078/misc/raxml_output.F81.raxml.bestTreeCollapsed
Best ML tree saved to: /home/fili/Documents/KIT/2023/BA/code/output/families/ssim_DL_s20_f100_sites200_GTR_bl1.0_d1.0_l1.0_t0.0_gc0.0_p0.0_pop10_ms0.0_mf0.0_seed14976684177860080345/families/family_078/misc/raxml_output.F81.raxml.bestTree
All ML trees saved to: /home/fili/Documents/KIT/2023/BA/code/output/families/ssim_DL_s20_f100_sites200_GTR_bl1.0_d1.0_l1.0_t0.0_gc0.0_p0.0_pop10_ms0.0_mf0.0_seed14976684177860080345/families/family_078/misc/raxml_output.F81.raxml.mlTrees
Optimized model saved to: /home/fili/Documents/KIT/2023/BA/code/output/families/ssim_DL_s20_f100_sites200_GTR_bl1.0_d1.0_l1.0_t0.0_gc0.0_p0.0_pop10_ms0.0_mf0.0_seed14976684177860080345/families/family_078/misc/raxml_output.F81.raxml.bestModel

Execution log saved to: /home/fili/Documents/KIT/2023/BA/code/output/families/ssim_DL_s20_f100_sites200_GTR_bl1.0_d1.0_l1.0_t0.0_gc0.0_p0.0_pop10_ms0.0_mf0.0_seed14976684177860080345/families/family_078/misc/raxml_output.F81.raxml.log

Analysis started: 27-Jun-2023 13:43:22 / finished: 27-Jun-2023 13:43:22

Elapsed time: 0.253 seconds

