
RAxML-NG v. 1.1.0 released on 29.11.2021 by The Exelixis Lab.
Developed by: Alexey M. Kozlov and Alexandros Stamatakis.
Contributors: Diego Darriba, Tomas Flouri, Benoit Morel, Sarah Lutteropp, Ben Bettisworth.
Latest version: https://github.com/amkozlov/raxml-ng
Questions/problems/suggestions? Please visit: https://groups.google.com/forum/#!forum/raxml

System: AMD Ryzen 7 5800X 8-Core Processor, 8 cores, 31 GB RAM

RAxML-NG was called at 27-Jun-2023 13:47:16 as follows:

/home/fili/Documents/KIT/2023/BA/resources/tools/RAxML-NG/raxml-ng --msa /home/fili/Documents/KIT/2023/BA/code/output/families/ssim_NE_s20_f100_sites200_GTR_bl1.0_d0.0_l0.0_t0.0_gc0.0_p0.0_pop10_ms0.0_mf0.0_seed121873/families/family_010/alignment.msa --model F81 --prefix /home/fili/Documents/KIT/2023/BA/code/output/families/ssim_NE_s20_f100_sites200_GTR_bl1.0_d0.0_l0.0_t0.0_gc0.0_p0.0_pop10_ms0.0_mf0.0_seed121873/families/family_010/misc/raxml_output.F81

Analysis options:
  run mode: ML tree search
  start tree(s): random (10) + parsimony (10)
  random seed: 1687866436
  tip-inner: OFF
  pattern compression: ON
  per-rate scalers: OFF
  site repeats: ON
  fast spr radius: AUTO
  spr subtree cutoff: 1.000000
  branch lengths: proportional (ML estimate, algorithm: NR-FAST)
  SIMD kernels: AVX2
  parallelization: coarse-grained (auto), PTHREADS (auto)

[00:00:00] Reading alignment from file: /home/fili/Documents/KIT/2023/BA/code/output/families/ssim_NE_s20_f100_sites200_GTR_bl1.0_d0.0_l0.0_t0.0_gc0.0_p0.0_pop10_ms0.0_mf0.0_seed121873/families/family_010/alignment.msa
[00:00:00] Loaded alignment with 20 taxa and 137 sites

WARNING: Sequences 12_0_0 and 2_0_0 are exactly identical!
WARNING: Duplicate sequences found: 1

NOTE: Reduced alignment (with duplicates and gap-only sites/taxa removed) 
NOTE: was saved to: /home/fili/Documents/KIT/2023/BA/code/output/families/ssim_NE_s20_f100_sites200_GTR_bl1.0_d0.0_l0.0_t0.0_gc0.0_p0.0_pop10_ms0.0_mf0.0_seed121873/families/family_010/misc/raxml_output.F81.raxml.reduced.phy

Alignment comprises 1 partitions and 79 patterns

Partition 0: noname
Model: F81+FO
Alignment sites / patterns: 137 / 79
Gaps: 0.00 %
Invariant sites: 37.23 %


NOTE: Binary MSA file created: /home/fili/Documents/KIT/2023/BA/code/output/families/ssim_NE_s20_f100_sites200_GTR_bl1.0_d0.0_l0.0_t0.0_gc0.0_p0.0_pop10_ms0.0_mf0.0_seed121873/families/family_010/misc/raxml_output.F81.raxml.rba

Parallelization scheme autoconfig: 8 worker(s) x 1 thread(s)

Parallel reduction/worker buffer size: 1 KB  / 0 KB

[00:00:00] Generating 10 random starting tree(s) with 20 taxa
[00:00:00] Generating 10 parsimony starting tree(s) with 20 taxa
[00:00:00] Data distribution: max. partitions/sites/weight per thread: 1 / 79 / 316
[00:00:00] Data distribution: max. searches per worker: 3

Starting ML tree search with 20 distinct starting trees

[00:00:00 -1995.789908] Initial branch length optimization
[00:00:00 -1713.790974] Model parameter optimization (eps = 10.000000)
[00:00:00 -1678.593071] AUTODETECT spr round 1 (radius: 5)
[00:00:00 -1145.644994] AUTODETECT spr round 2 (radius: 10)
[00:00:00 -1145.640002] SPR radius for FAST iterations: 5 (autodetect)
[00:00:00 -1145.640002] Model parameter optimization (eps = 3.000000)
[00:00:00 -1144.607770] FAST spr round 1 (radius: 5)
[00:00:00 -1087.979828] FAST spr round 2 (radius: 5)
[00:00:00 -1080.558362] FAST spr round 3 (radius: 5)
[00:00:00 -1080.558325] Model parameter optimization (eps = 1.000000)
[00:00:00 -1080.246281] SLOW spr round 1 (radius: 5)
[00:00:00 -1080.246209] SLOW spr round 2 (radius: 10)
[00:00:00] [worker #4] ML tree search #5, logLikelihood: -1080.246123
[00:00:00] [worker #1] ML tree search #2, logLikelihood: -1080.246123
[00:00:00] [worker #3] ML tree search #4, logLikelihood: -1080.246123
[00:00:00 -1080.246209] SLOW spr round 3 (radius: 15)
[00:00:00 -1080.246209] SLOW spr round 4 (radius: 20)
[00:00:00 -1080.246209] Model parameter optimization (eps = 0.100000)
[00:00:00] [worker #6] ML tree search #7, logLikelihood: -1080.246122

[00:00:00] [worker #0] ML tree search #1, logLikelihood: -1080.246123

[00:00:00] [worker #5] ML tree search #6, logLikelihood: -1080.246124
[00:00:00 -2189.732943] Initial branch length optimization
[00:00:00 -1973.166310] Model parameter optimization (eps = 10.000000)
[00:00:00] [worker #7] ML tree search #8, logLikelihood: -1080.246122
[00:00:00 -1932.237524] AUTODETECT spr round 1 (radius: 5)
[00:00:00] [worker #2] ML tree search #3, logLikelihood: -1080.246126
[00:00:00 -1108.652149] AUTODETECT spr round 2 (radius: 10)
[00:00:00 -1108.651552] SPR radius for FAST iterations: 5 (autodetect)
[00:00:00 -1108.651552] Model parameter optimization (eps = 3.000000)
[00:00:00 -1105.669859] FAST spr round 1 (radius: 5)
[00:00:00 -1082.057677] FAST spr round 2 (radius: 5)
[00:00:00 -1080.258283] FAST spr round 3 (radius: 5)
[00:00:00 -1080.258273] Model parameter optimization (eps = 1.000000)
[00:00:00 -1080.246134] SLOW spr round 1 (radius: 5)
[00:00:00] [worker #3] ML tree search #12, logLikelihood: -1080.246123
[00:00:00] [worker #6] ML tree search #15, logLikelihood: -1080.246123
[00:00:00] [worker #1] ML tree search #10, logLikelihood: -1080.246122
[00:00:00 -1080.246131] SLOW spr round 2 (radius: 10)
[00:00:00] [worker #5] ML tree search #14, logLikelihood: -1080.246122
[00:00:00 -1080.246131] SLOW spr round 3 (radius: 15)
[00:00:00 -1080.246131] SLOW spr round 4 (radius: 20)
[00:00:00 -1080.246131] Model parameter optimization (eps = 0.100000)

[00:00:00] [worker #0] ML tree search #9, logLikelihood: -1080.246123

[00:00:00] [worker #7] ML tree search #16, logLikelihood: -1080.246123
[00:00:00 -1313.167104] Initial branch length optimization
[00:00:00 -1104.771732] Model parameter optimization (eps = 10.000000)
[00:00:00 -1084.649528] AUTODETECT spr round 1 (radius: 5)
[00:00:00 -1084.649198] SPR radius for FAST iterations: 5 (autodetect)
[00:00:00 -1084.649198] Model parameter optimization (eps = 3.000000)
[00:00:00 -1084.649140] FAST spr round 1 (radius: 5)
[00:00:00] [worker #4] ML tree search #13, logLikelihood: -1080.246160
[00:00:00 -1083.638020] FAST spr round 2 (radius: 5)
[00:00:00] [worker #2] ML tree search #11, logLikelihood: -1080.246123
[00:00:00 -1081.901459] FAST spr round 3 (radius: 5)
[00:00:00 -1080.900535] FAST spr round 4 (radius: 5)
[00:00:00] [worker #3] ML tree search #20, logLikelihood: -1080.246122
[00:00:00 -1080.286088] FAST spr round 5 (radius: 5)
[00:00:00] [worker #1] ML tree search #18, logLikelihood: -1080.246123
[00:00:00 -1080.286084] Model parameter optimization (eps = 1.000000)
[00:00:00 -1080.246145] SLOW spr round 1 (radius: 5)
[00:00:00 -1080.246133] SLOW spr round 2 (radius: 10)
[00:00:00 -1080.246133] SLOW spr round 3 (radius: 15)
[00:00:00 -1080.246133] SLOW spr round 4 (radius: 20)
[00:00:00 -1080.246133] Model parameter optimization (eps = 0.100000)

[00:00:00] [worker #0] ML tree search #17, logLikelihood: -1080.246122

[00:00:00] [worker #2] ML tree search #19, logLikelihood: -1080.246151

Optimized model parameters:

   Partition 0: noname
   Rate heterogeneity: NONE
   Base frequencies (ML): 0.317390 0.147403 0.344482 0.190725 
   Substitution rates (model): 1.000000 1.000000 1.000000 1.000000 1.000000 1.000000 


Final LogLikelihood: -1080.246122

AIC score: 2240.492244 / AICc score: 2274.658911 / BIC score: 2357.291481
Free parameters (model + branch lengths): 40

Best ML tree saved to: /home/fili/Documents/KIT/2023/BA/code/output/families/ssim_NE_s20_f100_sites200_GTR_bl1.0_d0.0_l0.0_t0.0_gc0.0_p0.0_pop10_ms0.0_mf0.0_seed121873/families/family_010/misc/raxml_output.F81.raxml.bestTree
All ML trees saved to: /home/fili/Documents/KIT/2023/BA/code/output/families/ssim_NE_s20_f100_sites200_GTR_bl1.0_d0.0_l0.0_t0.0_gc0.0_p0.0_pop10_ms0.0_mf0.0_seed121873/families/family_010/misc/raxml_output.F81.raxml.mlTrees
Optimized model saved to: /home/fili/Documents/KIT/2023/BA/code/output/families/ssim_NE_s20_f100_sites200_GTR_bl1.0_d0.0_l0.0_t0.0_gc0.0_p0.0_pop10_ms0.0_mf0.0_seed121873/families/family_010/misc/raxml_output.F81.raxml.bestModel

Execution log saved to: /home/fili/Documents/KIT/2023/BA/code/output/families/ssim_NE_s20_f100_sites200_GTR_bl1.0_d0.0_l0.0_t0.0_gc0.0_p0.0_pop10_ms0.0_mf0.0_seed121873/families/family_010/misc/raxml_output.F81.raxml.log

Analysis started: 27-Jun-2023 13:47:16 / finished: 27-Jun-2023 13:47:16

Elapsed time: 0.224 seconds

