GeneRax was called as follow:
/home/fili/Documents/KIT/2023/BA/resources/tools/GeneRax/build/bin/generax -f /home/fili/Documents/KIT/2023/BA/code/output/families/ssim_NE_s20_f100_sites200_GTR_bl1.0_d0.0_l0.0_t0.0_gc0.0_p0.0_pop10_ms0.0_mf0.0_seed19732311/runs/F81/families-generax.txt -s /home/fili/Documents/KIT/2023/BA/code/output/families/ssim_NE_s20_f100_sites200_GTR_bl1.0_d0.0_l0.0_t0.0_gc0.0_p0.0_pop10_ms0.0_mf0.0_seed19732311/species_trees/speciesTree.newick --strategy SPR -p /home/fili/Documents/KIT/2023/BA/code/output/families/ssim_NE_s20_f100_sites200_GTR_bl1.0_d0.0_l0.0_t0.0_gc0.0_p0.0_pop10_ms0.0_mf0.0_seed19732311/runs/F81/generax 

General information:
- Output prefix: /home/fili/Documents/KIT/2023/BA/code/output/families/ssim_NE_s20_f100_sites200_GTR_bl1.0_d0.0_l0.0_t0.0_gc0.0_p0.0_pop10_ms0.0_mf0.0_seed19732311/runs/F81/generax
- Families information: /home/fili/Documents/KIT/2023/BA/code/output/families/ssim_NE_s20_f100_sites200_GTR_bl1.0_d0.0_l0.0_t0.0_gc0.0_p0.0_pop10_ms0.0_mf0.0_seed19732311/runs/F81/families-generax.txt
- Species tree: /home/fili/Documents/KIT/2023/BA/code/output/families/ssim_NE_s20_f100_sites200_GTR_bl1.0_d0.0_l0.0_t0.0_gc0.0_p0.0_pop10_ms0.0_mf0.0_seed19732311/species_trees/speciesTree.newick
- MPI Ranks: 1
- Random seed: 123
- Reconciliation model: UndatedDTL
- DTL rates: global rates
- Infer ML reconciliation: ON
- Unrooted reconciliation likelihood: OFF
- Prune species tree mode: OFF

Gene tree correction information:
- Gene tree search strategy: SPR
- Max gene SPR radius: 5

[00:00:00] Filtering invalid families...

End of instance initialization

[00:00:00] [Initialization] Initial optimization of the starting random gene trees from the MSAs only
[00:00:05] [Initialization] Finished optimizing the gene trees from the MSAs

[00:00:05] Starting species tree initialization...
[00:00:05] End of species tree initialization
[00:00:05] Filtering invalid families based on the starting species tree...

[00:00:05] Gathering statistics about the families...
[00:00:05] Input data information:
- Number of gene families: 100
- Number of species: 20
- Total number of genes: 2000
- Average number of genes per family: 20
- Maximum number of genes per family: 20
- Species covered with the smallest family coverage: "20" (covered by 100/100 families)
- Average (over species) species family coverage: 100

[00:00:05] Reconciliation rates optimization... 
	D=1e-07, L=0.0757505, T=0.101707, RecLL= -3370.21

[00:00:06] Optimizing gene trees with radius=1... 
[00:00:09] JointLL=-161560 RecLL=-1817.57 LibpllLL=-159743

[00:00:09] Reconciliation rates optimization... 
	D=1e-07, L=0.0303839, T=0.0401735, RecLL= -1686.25

[00:00:10] Optimizing gene trees with radius=2... 
[00:00:16] JointLL=-160792 RecLL=-972.177 LibpllLL=-159820

[00:00:16] Reconciliation rates optimization... 
	D=1e-07, L=0.0150419, T=0.0197521, RecLL= -933.458

[00:00:17] Optimizing gene trees with radius=3... 
[00:00:23] JointLL=-160414 RecLL=-644.26 LibpllLL=-159769

[00:00:23] Reconciliation rates optimization... 
	D=1e-07, L=0.00950126, T=0.0124466, RecLL= -634.47

[00:00:23] Optimizing gene trees with radius=4... 
[00:00:29] JointLL=-160284 RecLL=-501.248 LibpllLL=-159783

[00:00:29] Reconciliation rates optimization... 
	D=1e-07, L=0.00730482, T=0.00929004, RecLL= -498.749

[00:00:30] Optimizing gene trees with radius=5... 
[00:00:35] JointLL=-160224 RecLL=-462.489 LibpllLL=-159761

[00:00:35] Reconciling gene trees with the species tree...
[00:00:35] Terminating the instance..

[00:00:35] DTL rates: D=1e-07 L= 0.00730482 T=0.00929004
[00:00:35] Reconciliation likelihood: -462.489
[00:00:35] Phylogenetic likelihood: -159761
[00:00:35] Joint likelihood: -160224
[00:00:35] Results directory: /home/fili/Documents/KIT/2023/BA/code/output/families/ssim_NE_s20_f100_sites200_GTR_bl1.0_d0.0_l0.0_t0.0_gc0.0_p0.0_pop10_ms0.0_mf0.0_seed19732311/runs/F81/generax
[00:00:35] End of GeneRax execution
