
RAxML-NG v. 1.1.0 released on 29.11.2021 by The Exelixis Lab.
Developed by: Alexey M. Kozlov and Alexandros Stamatakis.
Contributors: Diego Darriba, Tomas Flouri, Benoit Morel, Sarah Lutteropp, Ben Bettisworth.
Latest version: https://github.com/amkozlov/raxml-ng
Questions/problems/suggestions? Please visit: https://groups.google.com/forum/#!forum/raxml

System: AMD Ryzen 7 5800X 8-Core Processor, 8 cores, 31 GB RAM

RAxML-NG was called at 12-Jun-2023 12:38:47 as follows:

/home/fili/Documents/KIT/2023/BA/resources/tools/RAxML-NG/raxml-ng --msa /home/fili/Documents/KIT/2023/BA/code/output/families/ssim_dtl_s20_f100_sites200_GTR_bl1.0_d0.0_l0.0_t1.0_gc0.0_p0.0_pop10_ms0.0_mf0.0_seed42/families/family_089/alignment.msa --model F81 --prefix /home/fili/Documents/KIT/2023/BA/code/output/families/ssim_dtl_s20_f100_sites200_GTR_bl1.0_d0.0_l0.0_t1.0_gc0.0_p0.0_pop10_ms0.0_mf0.0_seed42/families/family_089/misc/raxml_output.F81

Analysis options:
  run mode: ML tree search
  start tree(s): random (10) + parsimony (10)
  random seed: 1686566327
  tip-inner: OFF
  pattern compression: ON
  per-rate scalers: OFF
  site repeats: ON
  fast spr radius: AUTO
  spr subtree cutoff: 1.000000
  branch lengths: proportional (ML estimate, algorithm: NR-FAST)
  SIMD kernels: AVX2
  parallelization: coarse-grained (auto), PTHREADS (auto)

[00:00:00] Reading alignment from file: /home/fili/Documents/KIT/2023/BA/code/output/families/ssim_dtl_s20_f100_sites200_GTR_bl1.0_d0.0_l0.0_t1.0_gc0.0_p0.0_pop10_ms0.0_mf0.0_seed42/families/family_089/alignment.msa
[00:00:00] Loaded alignment with 20 taxa and 106 sites

WARNING: Sequences 13_0_0 and 9_0_0 are exactly identical!
WARNING: Sequences 1_0_0 and 3_0_0 are exactly identical!
WARNING: Sequences 4_0_0 and 12_0_0 are exactly identical!
WARNING: Sequences 17_0_0 and 11_0_0 are exactly identical!
WARNING: Duplicate sequences found: 4

NOTE: Reduced alignment (with duplicates and gap-only sites/taxa removed) 
NOTE: was saved to: /home/fili/Documents/KIT/2023/BA/code/output/families/ssim_dtl_s20_f100_sites200_GTR_bl1.0_d0.0_l0.0_t1.0_gc0.0_p0.0_pop10_ms0.0_mf0.0_seed42/families/family_089/misc/raxml_output.F81.raxml.reduced.phy

Alignment comprises 1 partitions and 34 patterns

Partition 0: noname
Model: F81+FO
Alignment sites / patterns: 106 / 34
Gaps: 0.00 %
Invariant sites: 66.98 %


NOTE: Binary MSA file created: /home/fili/Documents/KIT/2023/BA/code/output/families/ssim_dtl_s20_f100_sites200_GTR_bl1.0_d0.0_l0.0_t1.0_gc0.0_p0.0_pop10_ms0.0_mf0.0_seed42/families/family_089/misc/raxml_output.F81.raxml.rba

Parallelization scheme autoconfig: 8 worker(s) x 1 thread(s)

Parallel reduction/worker buffer size: 1 KB  / 0 KB

[00:00:00] Generating 10 random starting tree(s) with 20 taxa
[00:00:00] Generating 10 parsimony starting tree(s) with 20 taxa
[00:00:00] Data distribution: max. partitions/sites/weight per thread: 1 / 34 / 136
[00:00:00] Data distribution: max. searches per worker: 3

Starting ML tree search with 20 distinct starting trees

[00:00:00 -993.704876] Initial branch length optimization
[00:00:00 -807.257498] Model parameter optimization (eps = 10.000000)
[00:00:00 -778.426674] AUTODETECT spr round 1 (radius: 5)
[00:00:00 -464.117996] AUTODETECT spr round 2 (radius: 10)
[00:00:00 -464.104133] SPR radius for FAST iterations: 5 (autodetect)
[00:00:00 -464.104133] Model parameter optimization (eps = 3.000000)
[00:00:00 -462.338839] FAST spr round 1 (radius: 5)
[00:00:00 -462.081117] FAST spr round 2 (radius: 5)
[00:00:00 -462.081117] Model parameter optimization (eps = 1.000000)
[00:00:00 -462.071322] SLOW spr round 1 (radius: 5)
[00:00:00] [worker #2] ML tree search #3, logLikelihood: -461.435794
[00:00:00] [worker #6] ML tree search #7, logLikelihood: -461.427830
[00:00:00] [worker #7] ML tree search #8, logLikelihood: -461.427831
[00:00:00 -462.071321] SLOW spr round 2 (radius: 10)
[00:00:00] [worker #3] ML tree search #4, logLikelihood: -461.435793
[00:00:00 -462.071321] SLOW spr round 3 (radius: 15)
[00:00:00 -462.071321] SLOW spr round 4 (radius: 20)
[00:00:00 -462.071321] Model parameter optimization (eps = 0.100000)

[00:00:00] [worker #0] ML tree search #1, logLikelihood: -462.071321

[00:00:00] [worker #4] ML tree search #5, logLikelihood: -461.435794
[00:00:00 -1014.365419] Initial branch length optimization
[00:00:00 -859.968671] Model parameter optimization (eps = 10.000000)
[00:00:00] [worker #1] ML tree search #2, logLikelihood: -462.302693
[00:00:00 -835.823845] AUTODETECT spr round 1 (radius: 5)
[00:00:00] [worker #5] ML tree search #6, logLikelihood: -462.302692
[00:00:00 -476.333872] AUTODETECT spr round 2 (radius: 10)
[00:00:00 -476.333872] SPR radius for FAST iterations: 5 (autodetect)
[00:00:00 -476.333872] Model parameter optimization (eps = 3.000000)
[00:00:00 -473.716893] FAST spr round 1 (radius: 5)
[00:00:00] [worker #6] ML tree search #15, logLikelihood: -463.977627
[00:00:00] [worker #2] ML tree search #11, logLikelihood: -462.071321
[00:00:00 -467.132620] FAST spr round 2 (radius: 5)
[00:00:00] [worker #7] ML tree search #16, logLikelihood: -461.427831
[00:00:00 -462.085615] FAST spr round 3 (radius: 5)
[00:00:00] [worker #3] ML tree search #12, logLikelihood: -461.868902
[00:00:00 -462.085615] Model parameter optimization (eps = 1.000000)
[00:00:00 -462.071356] SLOW spr round 1 (radius: 5)
[00:00:00] [worker #4] ML tree search #13, logLikelihood: -462.071321
[00:00:00 -462.071323] SLOW spr round 2 (radius: 10)
[00:00:00] [worker #2] ML tree search #19, logLikelihood: -461.435793
[00:00:00] [worker #1] ML tree search #10, logLikelihood: -462.302693
[00:00:00 -462.071323] SLOW spr round 3 (radius: 15)
[00:00:00] [worker #3] ML tree search #20, logLikelihood: -463.977627
[00:00:00 -462.071323] SLOW spr round 4 (radius: 20)
[00:00:00 -462.071323] Model parameter optimization (eps = 0.100000)

[00:00:00] [worker #0] ML tree search #9, logLikelihood: -462.071321

[00:00:00] [worker #5] ML tree search #14, logLikelihood: -461.435794
[00:00:00 -734.755817] Initial branch length optimization
[00:00:00 -472.258146] Model parameter optimization (eps = 10.000000)
[00:00:00 -466.445859] AUTODETECT spr round 1 (radius: 5)
[00:00:00 -464.173139] AUTODETECT spr round 2 (radius: 10)
[00:00:00 -464.173139] SPR radius for FAST iterations: 5 (autodetect)
[00:00:00 -464.173139] Model parameter optimization (eps = 3.000000)
[00:00:00 -463.977754] FAST spr round 1 (radius: 5)
[00:00:00 -463.977636] Model parameter optimization (eps = 1.000000)
[00:00:00 -463.977634] SLOW spr round 1 (radius: 5)
[00:00:00 -463.977627] SLOW spr round 2 (radius: 10)
[00:00:00] [worker #1] ML tree search #18, logLikelihood: -461.435794
[00:00:00 -463.977627] SLOW spr round 3 (radius: 15)
[00:00:00 -463.977627] SLOW spr round 4 (radius: 20)
[00:00:00 -463.977627] Model parameter optimization (eps = 0.100000)

[00:00:00] [worker #0] ML tree search #17, logLikelihood: -463.977627


Optimized model parameters:

   Partition 0: noname
   Rate heterogeneity: NONE
   Base frequencies (ML): 0.317533 0.195032 0.298955 0.188480 
   Substitution rates (model): 1.000000 1.000000 1.000000 1.000000 1.000000 1.000000 


Final LogLikelihood: -461.427830

AIC score: 1002.855661 / AICc score: 1053.317199 / BIC score: 1109.393224
Free parameters (model + branch lengths): 40

WARNING: Best ML tree contains 5 near-zero branches!

Best ML tree with collapsed near-zero branches saved to: /home/fili/Documents/KIT/2023/BA/code/output/families/ssim_dtl_s20_f100_sites200_GTR_bl1.0_d0.0_l0.0_t1.0_gc0.0_p0.0_pop10_ms0.0_mf0.0_seed42/families/family_089/misc/raxml_output.F81.raxml.bestTreeCollapsed
Best ML tree saved to: /home/fili/Documents/KIT/2023/BA/code/output/families/ssim_dtl_s20_f100_sites200_GTR_bl1.0_d0.0_l0.0_t1.0_gc0.0_p0.0_pop10_ms0.0_mf0.0_seed42/families/family_089/misc/raxml_output.F81.raxml.bestTree
All ML trees saved to: /home/fili/Documents/KIT/2023/BA/code/output/families/ssim_dtl_s20_f100_sites200_GTR_bl1.0_d0.0_l0.0_t1.0_gc0.0_p0.0_pop10_ms0.0_mf0.0_seed42/families/family_089/misc/raxml_output.F81.raxml.mlTrees
Optimized model saved to: /home/fili/Documents/KIT/2023/BA/code/output/families/ssim_dtl_s20_f100_sites200_GTR_bl1.0_d0.0_l0.0_t1.0_gc0.0_p0.0_pop10_ms0.0_mf0.0_seed42/families/family_089/misc/raxml_output.F81.raxml.bestModel

Execution log saved to: /home/fili/Documents/KIT/2023/BA/code/output/families/ssim_dtl_s20_f100_sites200_GTR_bl1.0_d0.0_l0.0_t1.0_gc0.0_p0.0_pop10_ms0.0_mf0.0_seed42/families/family_089/misc/raxml_output.F81.raxml.log

Analysis started: 12-Jun-2023 12:38:47 / finished: 12-Jun-2023 12:38:47

Elapsed time: 0.174 seconds

