
RAxML-NG v. 1.1.0 released on 29.11.2021 by The Exelixis Lab.
Developed by: Alexey M. Kozlov and Alexandros Stamatakis.
Contributors: Diego Darriba, Tomas Flouri, Benoit Morel, Sarah Lutteropp, Ben Bettisworth.
Latest version: https://github.com/amkozlov/raxml-ng
Questions/problems/suggestions? Please visit: https://groups.google.com/forum/#!forum/raxml

System: AMD Ryzen 7 5800X 8-Core Processor, 8 cores, 31 GB RAM

RAxML-NG was called at 05-Jun-2023 13:02:06 as follows:

/home/fili/Documents/KIT/2023/BA/resources/tools/RAxML-NG/raxml-ng --msa /home/fili/Documents/KIT/2023/BA/code/output/families/ssim_dtl_s20_f100_sites200_GTR_bl1.0_d0.0_l0.0_t1.0_gc0.0_p0.0_pop10_ms0.0_mf0.0_seed42/families/family_089/alignment.msa --model GTR+G --prefix /home/fili/Documents/KIT/2023/BA/code/output/families/ssim_dtl_s20_f100_sites200_GTR_bl1.0_d0.0_l0.0_t1.0_gc0.0_p0.0_pop10_ms0.0_mf0.0_seed42/families/family_089/misc/raxml_output.GTR+G

Analysis options:
  run mode: ML tree search
  start tree(s): random (10) + parsimony (10)
  random seed: 1685962926
  tip-inner: OFF
  pattern compression: ON
  per-rate scalers: OFF
  site repeats: ON
  fast spr radius: AUTO
  spr subtree cutoff: 1.000000
  branch lengths: proportional (ML estimate, algorithm: NR-FAST)
  SIMD kernels: AVX2
  parallelization: coarse-grained (auto), PTHREADS (auto)

[00:00:00] Reading alignment from file: /home/fili/Documents/KIT/2023/BA/code/output/families/ssim_dtl_s20_f100_sites200_GTR_bl1.0_d0.0_l0.0_t1.0_gc0.0_p0.0_pop10_ms0.0_mf0.0_seed42/families/family_089/alignment.msa
[00:00:00] Loaded alignment with 20 taxa and 106 sites

WARNING: Sequences 19_0_0 and 20_0_0 are exactly identical!
WARNING: Sequences 8_0_0 and 18_0_0 are exactly identical!
WARNING: Sequences 13_0_0 and 9_0_0 are exactly identical!
WARNING: Sequences 1_0_0 and 2_0_0 are exactly identical!
WARNING: Sequences 1_0_0 and 3_0_0 are exactly identical!
WARNING: Sequences 10_0_0 and 4_0_0 are exactly identical!
WARNING: Duplicate sequences found: 6

NOTE: Reduced alignment (with duplicates and gap-only sites/taxa removed) 
NOTE: was saved to: /home/fili/Documents/KIT/2023/BA/code/output/families/ssim_dtl_s20_f100_sites200_GTR_bl1.0_d0.0_l0.0_t1.0_gc0.0_p0.0_pop10_ms0.0_mf0.0_seed42/families/family_089/misc/raxml_output.GTR+G.raxml.reduced.phy

Alignment comprises 1 partitions and 46 patterns

Partition 0: noname
Model: GTR+FO+G4m
Alignment sites / patterns: 106 / 46
Gaps: 0.00 %
Invariant sites: 55.66 %


NOTE: Binary MSA file created: /home/fili/Documents/KIT/2023/BA/code/output/families/ssim_dtl_s20_f100_sites200_GTR_bl1.0_d0.0_l0.0_t1.0_gc0.0_p0.0_pop10_ms0.0_mf0.0_seed42/families/family_089/misc/raxml_output.GTR+G.raxml.rba

Parallelization scheme autoconfig: 8 worker(s) x 1 thread(s)

Parallel reduction/worker buffer size: 1 KB  / 0 KB

[00:00:00] Generating 10 random starting tree(s) with 20 taxa
[00:00:00] Generating 10 parsimony starting tree(s) with 20 taxa
[00:00:00] Data distribution: max. partitions/sites/weight per thread: 1 / 46 / 736
[00:00:00] Data distribution: max. searches per worker: 3

Starting ML tree search with 20 distinct starting trees

[00:00:00 -1033.822139] Initial branch length optimization
[00:00:00 -922.839701] Model parameter optimization (eps = 10.000000)
[00:00:00 -737.414374] AUTODETECT spr round 1 (radius: 5)
[00:00:00 -481.704633] AUTODETECT spr round 2 (radius: 10)
[00:00:00 -481.695496] SPR radius for FAST iterations: 5 (autodetect)
[00:00:00 -481.695496] Model parameter optimization (eps = 3.000000)
[00:00:00 -465.361913] FAST spr round 1 (radius: 5)
[00:00:00 -465.077357] FAST spr round 2 (radius: 5)
[00:00:00 -465.077225] Model parameter optimization (eps = 1.000000)
[00:00:00 -464.881015] SLOW spr round 1 (radius: 5)
[00:00:00 -464.864180] SLOW spr round 2 (radius: 10)
[00:00:00] [worker #1] ML tree search #2, logLikelihood: -464.418607
[00:00:00 -464.863540] SLOW spr round 3 (radius: 15)
[00:00:00 -464.863501] SLOW spr round 4 (radius: 20)
[00:00:00 -464.863497] Model parameter optimization (eps = 0.100000)
[00:00:00] [worker #6] ML tree search #7, logLikelihood: -464.718319

[00:00:00] [worker #0] ML tree search #1, logLikelihood: -464.674729

[00:00:00 -1019.020240] Initial branch length optimization
[00:00:00 -907.669531] Model parameter optimization (eps = 10.000000)
[00:00:00] [worker #2] ML tree search #3, logLikelihood: -464.746169
[00:00:00] [worker #7] ML tree search #8, logLikelihood: -464.649668
[00:00:00] [worker #3] ML tree search #4, logLikelihood: -464.736745
[00:00:00] [worker #5] ML tree search #6, logLikelihood: -464.745725
[00:00:00] [worker #4] ML tree search #5, logLikelihood: -464.737022
[00:00:00 -708.235806] AUTODETECT spr round 1 (radius: 5)
[00:00:00 -547.308841] AUTODETECT spr round 2 (radius: 10)
[00:00:00 -513.776555] AUTODETECT spr round 3 (radius: 15)
[00:00:00 -513.762149] SPR radius for FAST iterations: 10 (autodetect)
[00:00:00 -513.762149] Model parameter optimization (eps = 3.000000)
[00:00:00 -496.595696] FAST spr round 1 (radius: 10)
[00:00:00 -465.322822] FAST spr round 2 (radius: 10)
[00:00:00 -465.322094] Model parameter optimization (eps = 1.000000)
[00:00:00 -464.936838] SLOW spr round 1 (radius: 5)
[00:00:00] [worker #6] ML tree search #15, logLikelihood: -464.353674
[00:00:00] [worker #2] ML tree search #11, logLikelihood: -464.354470
[00:00:00] [worker #3] ML tree search #12, logLikelihood: -464.354079
[00:00:00] [worker #7] ML tree search #16, logLikelihood: -464.354216
[00:00:00] [worker #5] ML tree search #14, logLikelihood: -464.353509
[00:00:00] [worker #4] ML tree search #13, logLikelihood: -464.353533
[00:00:00 -464.919382] SLOW spr round 2 (radius: 10)
[00:00:00] [worker #1] ML tree search #10, logLikelihood: -464.674508
[00:00:00 -464.918935] SLOW spr round 3 (radius: 15)
[00:00:00 -464.918906] SLOW spr round 4 (radius: 20)
[00:00:00 -464.918904] Model parameter optimization (eps = 0.100000)

[00:00:00] [worker #0] ML tree search #9, logLikelihood: -464.704310

[00:00:00 -668.533360] Initial branch length optimization
[00:00:00 -542.968944] Model parameter optimization (eps = 10.000000)
[00:00:00 -464.415394] AUTODETECT spr round 1 (radius: 5)
[00:00:00 -464.407631] SPR radius for FAST iterations: 5 (autodetect)
[00:00:00 -464.407631] Model parameter optimization (eps = 3.000000)
[00:00:00 -464.367188] FAST spr round 1 (radius: 5)
[00:00:00 -464.365064] Model parameter optimization (eps = 1.000000)
[00:00:00 -464.356456] SLOW spr round 1 (radius: 5)
[00:00:00] [worker #2] ML tree search #19, logLikelihood: -464.354497
[00:00:00] [worker #3] ML tree search #20, logLikelihood: -464.353631
[00:00:00 -464.355998] SLOW spr round 2 (radius: 10)
[00:00:00] [worker #1] ML tree search #18, logLikelihood: -464.354595
[00:00:00 -464.355987] SLOW spr round 3 (radius: 15)
[00:00:00 -464.355986] SLOW spr round 4 (radius: 20)
[00:00:00 -464.355986] Model parameter optimization (eps = 0.100000)

[00:00:00] [worker #0] ML tree search #17, logLikelihood: -464.354166


Optimized model parameters:

   Partition 0: noname
   Rate heterogeneity: GAMMA (4 cats, mean),  alpha: 1.146262 (ML),  weights&rates: (0.250000,0.165180) (0.250000,0.516695) (0.250000,1.020560) (0.250000,2.297565) 
   Base frequencies (ML): 0.246963 0.201987 0.268038 0.283013 
   Substitution rates (ML): 0.443333 25.703249 0.611598 1.459960 1.064557 1.000000 


Final LogLikelihood: -464.353509

AIC score: 1020.707019 / AICc score: 1093.995154 / BIC score: 1143.225217
Free parameters (model + branch lengths): 46

WARNING: Best ML tree contains 4 near-zero branches!

Best ML tree with collapsed near-zero branches saved to: /home/fili/Documents/KIT/2023/BA/code/output/families/ssim_dtl_s20_f100_sites200_GTR_bl1.0_d0.0_l0.0_t1.0_gc0.0_p0.0_pop10_ms0.0_mf0.0_seed42/families/family_089/misc/raxml_output.GTR+G.raxml.bestTreeCollapsed
Best ML tree saved to: /home/fili/Documents/KIT/2023/BA/code/output/families/ssim_dtl_s20_f100_sites200_GTR_bl1.0_d0.0_l0.0_t1.0_gc0.0_p0.0_pop10_ms0.0_mf0.0_seed42/families/family_089/misc/raxml_output.GTR+G.raxml.bestTree
All ML trees saved to: /home/fili/Documents/KIT/2023/BA/code/output/families/ssim_dtl_s20_f100_sites200_GTR_bl1.0_d0.0_l0.0_t1.0_gc0.0_p0.0_pop10_ms0.0_mf0.0_seed42/families/family_089/misc/raxml_output.GTR+G.raxml.mlTrees
Optimized model saved to: /home/fili/Documents/KIT/2023/BA/code/output/families/ssim_dtl_s20_f100_sites200_GTR_bl1.0_d0.0_l0.0_t1.0_gc0.0_p0.0_pop10_ms0.0_mf0.0_seed42/families/family_089/misc/raxml_output.GTR+G.raxml.bestModel

Execution log saved to: /home/fili/Documents/KIT/2023/BA/code/output/families/ssim_dtl_s20_f100_sites200_GTR_bl1.0_d0.0_l0.0_t1.0_gc0.0_p0.0_pop10_ms0.0_mf0.0_seed42/families/family_089/misc/raxml_output.GTR+G.raxml.log

Analysis started: 05-Jun-2023 13:02:06 / finished: 05-Jun-2023 13:02:07

Elapsed time: 0.281 seconds

