
RAxML-NG v. 1.1.0 released on 29.11.2021 by The Exelixis Lab.
Developed by: Alexey M. Kozlov and Alexandros Stamatakis.
Contributors: Diego Darriba, Tomas Flouri, Benoit Morel, Sarah Lutteropp, Ben Bettisworth.
Latest version: https://github.com/amkozlov/raxml-ng
Questions/problems/suggestions? Please visit: https://groups.google.com/forum/#!forum/raxml

System: AMD Ryzen 7 5800X 8-Core Processor, 8 cores, 31 GB RAM

RAxML-NG was called at 27-Jun-2023 13:41:35 as follows:

/home/fili/Documents/KIT/2023/BA/resources/tools/RAxML-NG/raxml-ng --msa /home/fili/Documents/KIT/2023/BA/code/output/families/ssim_DL_s20_f100_sites200_GTR_bl1.0_d1.0_l1.0_t0.0_gc0.0_p0.0_pop10_ms0.0_mf0.0_seed121873/families/family_040/alignment.msa --model F81 --prefix /home/fili/Documents/KIT/2023/BA/code/output/families/ssim_DL_s20_f100_sites200_GTR_bl1.0_d1.0_l1.0_t0.0_gc0.0_p0.0_pop10_ms0.0_mf0.0_seed121873/families/family_040/misc/raxml_output.F81

Analysis options:
  run mode: ML tree search
  start tree(s): random (10) + parsimony (10)
  random seed: 1687866095
  tip-inner: OFF
  pattern compression: ON
  per-rate scalers: OFF
  site repeats: ON
  fast spr radius: AUTO
  spr subtree cutoff: 1.000000
  branch lengths: proportional (ML estimate, algorithm: NR-FAST)
  SIMD kernels: AVX2
  parallelization: coarse-grained (auto), PTHREADS (auto)

[00:00:00] Reading alignment from file: /home/fili/Documents/KIT/2023/BA/code/output/families/ssim_DL_s20_f100_sites200_GTR_bl1.0_d1.0_l1.0_t0.0_gc0.0_p0.0_pop10_ms0.0_mf0.0_seed121873/families/family_040/alignment.msa
[00:00:00] Loaded alignment with 19 taxa and 124 sites

WARNING: Sequences 12_0_0 and 2_0_0 are exactly identical!
WARNING: Duplicate sequences found: 1

NOTE: Reduced alignment (with duplicates and gap-only sites/taxa removed) 
NOTE: was saved to: /home/fili/Documents/KIT/2023/BA/code/output/families/ssim_DL_s20_f100_sites200_GTR_bl1.0_d1.0_l1.0_t0.0_gc0.0_p0.0_pop10_ms0.0_mf0.0_seed121873/families/family_040/misc/raxml_output.F81.raxml.reduced.phy

Alignment comprises 1 partitions and 66 patterns

Partition 0: noname
Model: F81+FO
Alignment sites / patterns: 124 / 66
Gaps: 0.00 %
Invariant sites: 43.55 %


NOTE: Binary MSA file created: /home/fili/Documents/KIT/2023/BA/code/output/families/ssim_DL_s20_f100_sites200_GTR_bl1.0_d1.0_l1.0_t0.0_gc0.0_p0.0_pop10_ms0.0_mf0.0_seed121873/families/family_040/misc/raxml_output.F81.raxml.rba

Parallelization scheme autoconfig: 8 worker(s) x 1 thread(s)

Parallel reduction/worker buffer size: 1 KB  / 0 KB

[00:00:00] Generating 10 random starting tree(s) with 19 taxa
[00:00:00] Generating 10 parsimony starting tree(s) with 19 taxa
[00:00:00] Data distribution: max. partitions/sites/weight per thread: 1 / 66 / 264
[00:00:00] Data distribution: max. searches per worker: 3

Starting ML tree search with 20 distinct starting trees

[00:00:00 -1593.962469] Initial branch length optimization
[00:00:00 -1434.489168] Model parameter optimization (eps = 10.000000)
[00:00:00 -1415.170666] AUTODETECT spr round 1 (radius: 5)
[00:00:00 -902.145637] AUTODETECT spr round 2 (radius: 10)
[00:00:00 -902.143394] SPR radius for FAST iterations: 5 (autodetect)
[00:00:00 -902.143394] Model parameter optimization (eps = 3.000000)
[00:00:00 -902.051257] FAST spr round 1 (radius: 5)
[00:00:00 -843.824989] FAST spr round 2 (radius: 5)
[00:00:00 -841.554739] FAST spr round 3 (radius: 5)
[00:00:00] [worker #7] ML tree search #8, logLikelihood: -841.421329
[00:00:00] [worker #2] ML tree search #3, logLikelihood: -841.421320
[00:00:00] [worker #5] ML tree search #6, logLikelihood: -841.421324
[00:00:00 -841.551533] Model parameter optimization (eps = 1.000000)
[00:00:00 -841.421650] SLOW spr round 1 (radius: 5)
[00:00:00] [worker #6] ML tree search #7, logLikelihood: -841.421331
[00:00:00] [worker #3] ML tree search #4, logLikelihood: -841.421322
[00:00:00] [worker #1] ML tree search #2, logLikelihood: -841.421343
[00:00:00 -841.421402] SLOW spr round 2 (radius: 10)
[00:00:00] [worker #4] ML tree search #5, logLikelihood: -841.421323
[00:00:00 -841.421389] SLOW spr round 3 (radius: 15)
[00:00:00 -841.421388] Model parameter optimization (eps = 0.100000)
[00:00:00] [worker #6] ML tree search #15, logLikelihood: -841.421321
[00:00:00] [worker #3] ML tree search #12, logLikelihood: -841.421320

[00:00:00] [worker #0] ML tree search #1, logLikelihood: -841.421322

[00:00:00] [worker #5] ML tree search #14, logLikelihood: -841.421320
[00:00:00 -1628.796210] Initial branch length optimization
[00:00:00 -1478.388888] Model parameter optimization (eps = 10.000000)
[00:00:00 -1456.289297] AUTODETECT spr round 1 (radius: 5)
[00:00:00 -849.082242] AUTODETECT spr round 2 (radius: 10)
[00:00:00] [worker #7] ML tree search #16, logLikelihood: -841.421321
[00:00:00 -849.067654] SPR radius for FAST iterations: 5 (autodetect)
[00:00:00 -849.067654] Model parameter optimization (eps = 3.000000)
[00:00:00] [worker #2] ML tree search #11, logLikelihood: -841.421320
[00:00:00 -848.587024] FAST spr round 1 (radius: 5)
[00:00:00] [worker #1] ML tree search #10, logLikelihood: -841.421320
[00:00:00 -841.464688] FAST spr round 2 (radius: 5)
[00:00:00 -841.464652] Model parameter optimization (eps = 1.000000)
[00:00:00 -841.422088] SLOW spr round 1 (radius: 5)
[00:00:00] [worker #3] ML tree search #20, logLikelihood: -841.421321
[00:00:00] [worker #4] ML tree search #13, logLikelihood: -841.421320
[00:00:00 -841.421533] SLOW spr round 2 (radius: 10)
[00:00:00] [worker #2] ML tree search #19, logLikelihood: -841.421320
[00:00:00] [worker #1] ML tree search #18, logLikelihood: -841.421320
[00:00:00 -841.421486] SLOW spr round 3 (radius: 15)
[00:00:00 -841.421482] Model parameter optimization (eps = 0.100000)

[00:00:00] [worker #0] ML tree search #9, logLikelihood: -841.421326

[00:00:00 -1030.312524] Initial branch length optimization
[00:00:00 -850.488495] Model parameter optimization (eps = 10.000000)
[00:00:00 -841.430853] AUTODETECT spr round 1 (radius: 5)
[00:00:00 -841.425356] SPR radius for FAST iterations: 5 (autodetect)
[00:00:00 -841.425356] Model parameter optimization (eps = 3.000000)
[00:00:00 -841.422916] FAST spr round 1 (radius: 5)
[00:00:00 -841.421707] Model parameter optimization (eps = 1.000000)
[00:00:00 -841.421422] SLOW spr round 1 (radius: 5)
[00:00:00 -841.421342] SLOW spr round 2 (radius: 10)
[00:00:00 -841.421333] SLOW spr round 3 (radius: 15)
[00:00:00 -841.421333] Model parameter optimization (eps = 0.100000)

[00:00:00] [worker #0] ML tree search #17, logLikelihood: -841.421320


Optimized model parameters:

   Partition 0: noname
   Rate heterogeneity: NONE
   Base frequencies (ML): 0.293477 0.152422 0.311225 0.242876 
   Substitution rates (model): 1.000000 1.000000 1.000000 1.000000 1.000000 1.000000 


Final LogLikelihood: -841.421320

AIC score: 1758.842640 / AICc score: 1793.713228 / BIC score: 1866.013339
Free parameters (model + branch lengths): 38

Best ML tree saved to: /home/fili/Documents/KIT/2023/BA/code/output/families/ssim_DL_s20_f100_sites200_GTR_bl1.0_d1.0_l1.0_t0.0_gc0.0_p0.0_pop10_ms0.0_mf0.0_seed121873/families/family_040/misc/raxml_output.F81.raxml.bestTree
All ML trees saved to: /home/fili/Documents/KIT/2023/BA/code/output/families/ssim_DL_s20_f100_sites200_GTR_bl1.0_d1.0_l1.0_t0.0_gc0.0_p0.0_pop10_ms0.0_mf0.0_seed121873/families/family_040/misc/raxml_output.F81.raxml.mlTrees
Optimized model saved to: /home/fili/Documents/KIT/2023/BA/code/output/families/ssim_DL_s20_f100_sites200_GTR_bl1.0_d1.0_l1.0_t0.0_gc0.0_p0.0_pop10_ms0.0_mf0.0_seed121873/families/family_040/misc/raxml_output.F81.raxml.bestModel

Execution log saved to: /home/fili/Documents/KIT/2023/BA/code/output/families/ssim_DL_s20_f100_sites200_GTR_bl1.0_d1.0_l1.0_t0.0_gc0.0_p0.0_pop10_ms0.0_mf0.0_seed121873/families/family_040/misc/raxml_output.F81.raxml.log

Analysis started: 27-Jun-2023 13:41:35 / finished: 27-Jun-2023 13:41:35

Elapsed time: 0.205 seconds

