
RAxML-NG v. 1.1.0 released on 29.11.2021 by The Exelixis Lab.
Developed by: Alexey M. Kozlov and Alexandros Stamatakis.
Contributors: Diego Darriba, Tomas Flouri, Benoit Morel, Sarah Lutteropp, Ben Bettisworth.
Latest version: https://github.com/amkozlov/raxml-ng
Questions/problems/suggestions? Please visit: https://groups.google.com/forum/#!forum/raxml

System: AMD Ryzen 7 5800X 8-Core Processor, 8 cores, 31 GB RAM

RAxML-NG was called at 27-Jun-2023 13:43:22 as follows:

/home/fili/Documents/KIT/2023/BA/resources/tools/RAxML-NG/raxml-ng --msa /home/fili/Documents/KIT/2023/BA/code/output/families/ssim_DL_s20_f100_sites200_GTR_bl1.0_d1.0_l1.0_t0.0_gc0.0_p0.0_pop10_ms0.0_mf0.0_seed14976684177860080345/families/family_093/alignment.msa --model F81 --prefix /home/fili/Documents/KIT/2023/BA/code/output/families/ssim_DL_s20_f100_sites200_GTR_bl1.0_d1.0_l1.0_t0.0_gc0.0_p0.0_pop10_ms0.0_mf0.0_seed14976684177860080345/families/family_093/misc/raxml_output.F81

Analysis options:
  run mode: ML tree search
  start tree(s): random (10) + parsimony (10)
  random seed: 1687866202
  tip-inner: OFF
  pattern compression: ON
  per-rate scalers: OFF
  site repeats: ON
  fast spr radius: AUTO
  spr subtree cutoff: 1.000000
  branch lengths: proportional (ML estimate, algorithm: NR-FAST)
  SIMD kernels: AVX2
  parallelization: coarse-grained (auto), PTHREADS (auto)

[00:00:00] Reading alignment from file: /home/fili/Documents/KIT/2023/BA/code/output/families/ssim_DL_s20_f100_sites200_GTR_bl1.0_d1.0_l1.0_t0.0_gc0.0_p0.0_pop10_ms0.0_mf0.0_seed14976684177860080345/families/family_093/alignment.msa
[00:00:00] Loaded alignment with 15 taxa and 202 sites

Alignment comprises 1 partitions and 63 patterns

Partition 0: noname
Model: F81+FO
Alignment sites / patterns: 202 / 63
Gaps: 0.00 %
Invariant sites: 53.47 %


NOTE: Binary MSA file created: /home/fili/Documents/KIT/2023/BA/code/output/families/ssim_DL_s20_f100_sites200_GTR_bl1.0_d1.0_l1.0_t0.0_gc0.0_p0.0_pop10_ms0.0_mf0.0_seed14976684177860080345/families/family_093/misc/raxml_output.F81.raxml.rba

Parallelization scheme autoconfig: 8 worker(s) x 1 thread(s)

Parallel reduction/worker buffer size: 1 KB  / 0 KB

[00:00:00] Generating 10 random starting tree(s) with 15 taxa
[00:00:00] Generating 10 parsimony starting tree(s) with 15 taxa
[00:00:00] Data distribution: max. partitions/sites/weight per thread: 1 / 63 / 252
[00:00:00] Data distribution: max. searches per worker: 3

Starting ML tree search with 20 distinct starting trees

[00:00:00 -1899.308828] Initial branch length optimization
[00:00:00 -1524.999009] Model parameter optimization (eps = 10.000000)
[00:00:00 -1504.264303] AUTODETECT spr round 1 (radius: 5)
[00:00:00 -948.996398] AUTODETECT spr round 2 (radius: 10)
[00:00:00 -946.732358] AUTODETECT spr round 3 (radius: 15)
[00:00:00 -946.732353] SPR radius for FAST iterations: 10 (autodetect)
[00:00:00 -946.732353] Model parameter optimization (eps = 3.000000)
[00:00:00 -946.384362] FAST spr round 1 (radius: 10)
[00:00:00 -896.364134] FAST spr round 2 (radius: 10)
[00:00:00 -894.125794] FAST spr round 3 (radius: 10)
[00:00:00 -894.125792] Model parameter optimization (eps = 1.000000)
[00:00:00 -894.086538] SLOW spr round 1 (radius: 5)
[00:00:00] [worker #3] ML tree search #4, logLikelihood: -894.086535
[00:00:00 -894.086538] SLOW spr round 2 (radius: 10)
[00:00:00] [worker #1] ML tree search #2, logLikelihood: -894.086535
[00:00:00 -894.086538] SLOW spr round 3 (radius: 15)
[00:00:00] [worker #6] ML tree search #7, logLikelihood: -894.086535
[00:00:00 -894.086538] Model parameter optimization (eps = 0.100000)

[00:00:00] [worker #0] ML tree search #1, logLikelihood: -894.086535

[00:00:00] [worker #4] ML tree search #5, logLikelihood: -894.086535
[00:00:00 -2208.113479] Initial branch length optimization
[00:00:00 -1786.416877] Model parameter optimization (eps = 10.000000)
[00:00:00] [worker #5] ML tree search #6, logLikelihood: -894.086535
[00:00:00 -1751.808246] AUTODETECT spr round 1 (radius: 5)
[00:00:00 -935.057082] AUTODETECT spr round 2 (radius: 10)
[00:00:00] [worker #2] ML tree search #3, logLikelihood: -894.086535
[00:00:00 -935.056584] SPR radius for FAST iterations: 5 (autodetect)
[00:00:00 -935.056584] Model parameter optimization (eps = 3.000000)
[00:00:00 -933.084546] FAST spr round 1 (radius: 5)
[00:00:00 -894.164563] FAST spr round 2 (radius: 5)
[00:00:00] [worker #7] ML tree search #8, logLikelihood: -894.086535
[00:00:00 -894.164563] Model parameter optimization (eps = 1.000000)
[00:00:00 -894.086548] SLOW spr round 1 (radius: 5)
[00:00:00] [worker #3] ML tree search #12, logLikelihood: -894.086535
[00:00:00] [worker #6] ML tree search #15, logLikelihood: -894.086535
[00:00:00 -894.086545] SLOW spr round 2 (radius: 10)
[00:00:00] [worker #4] ML tree search #13, logLikelihood: -894.086534
[00:00:00] [worker #1] ML tree search #10, logLikelihood: -894.086535
[00:00:00 -894.086545] SLOW spr round 3 (radius: 15)
[00:00:00 -894.086545] Model parameter optimization (eps = 0.100000)

[00:00:00] [worker #0] ML tree search #9, logLikelihood: -894.086535

[00:00:00] [worker #5] ML tree search #14, logLikelihood: -894.086535
[00:00:00 -1251.015046] Initial branch length optimization
[00:00:00 -908.783003] Model parameter optimization (eps = 10.000000)
[00:00:00 -897.911987] AUTODETECT spr round 1 (radius: 5)
[00:00:00 -896.390317] AUTODETECT spr round 2 (radius: 10)
[00:00:00 -894.290272] AUTODETECT spr round 3 (radius: 15)
[00:00:00 -894.290267] SPR radius for FAST iterations: 10 (autodetect)
[00:00:00 -894.290267] Model parameter optimization (eps = 3.000000)
[00:00:00 -894.272165] FAST spr round 1 (radius: 10)
[00:00:00 -894.088983] FAST spr round 2 (radius: 10)
[00:00:00 -894.088983] Model parameter optimization (eps = 1.000000)
[00:00:00 -894.086535] SLOW spr round 1 (radius: 5)
[00:00:00] [worker #3] ML tree search #20, logLikelihood: -894.086535
[00:00:00] [worker #2] ML tree search #11, logLikelihood: -894.086535
[00:00:00 -894.086535] SLOW spr round 2 (radius: 10)
[00:00:00] [worker #7] ML tree search #16, logLikelihood: -894.086535
[00:00:00 -894.086535] SLOW spr round 3 (radius: 15)
[00:00:00 -894.086535] Model parameter optimization (eps = 0.100000)

[00:00:00] [worker #0] ML tree search #17, logLikelihood: -894.086535

[00:00:00] [worker #1] ML tree search #18, logLikelihood: -894.086536
[00:00:00] [worker #2] ML tree search #19, logLikelihood: -894.086535

Optimized model parameters:

   Partition 0: noname
   Rate heterogeneity: NONE
   Base frequencies (ML): 0.320940 0.164345 0.289098 0.225617 
   Substitution rates (model): 1.000000 1.000000 1.000000 1.000000 1.000000 1.000000 


Final LogLikelihood: -894.086534

AIC score: 1848.173069 / AICc score: 1859.050262 / BIC score: 1947.421100
Free parameters (model + branch lengths): 30

WARNING: Best ML tree contains 1 near-zero branches!

Best ML tree with collapsed near-zero branches saved to: /home/fili/Documents/KIT/2023/BA/code/output/families/ssim_DL_s20_f100_sites200_GTR_bl1.0_d1.0_l1.0_t0.0_gc0.0_p0.0_pop10_ms0.0_mf0.0_seed14976684177860080345/families/family_093/misc/raxml_output.F81.raxml.bestTreeCollapsed
Best ML tree saved to: /home/fili/Documents/KIT/2023/BA/code/output/families/ssim_DL_s20_f100_sites200_GTR_bl1.0_d1.0_l1.0_t0.0_gc0.0_p0.0_pop10_ms0.0_mf0.0_seed14976684177860080345/families/family_093/misc/raxml_output.F81.raxml.bestTree
All ML trees saved to: /home/fili/Documents/KIT/2023/BA/code/output/families/ssim_DL_s20_f100_sites200_GTR_bl1.0_d1.0_l1.0_t0.0_gc0.0_p0.0_pop10_ms0.0_mf0.0_seed14976684177860080345/families/family_093/misc/raxml_output.F81.raxml.mlTrees
Optimized model saved to: /home/fili/Documents/KIT/2023/BA/code/output/families/ssim_DL_s20_f100_sites200_GTR_bl1.0_d1.0_l1.0_t0.0_gc0.0_p0.0_pop10_ms0.0_mf0.0_seed14976684177860080345/families/family_093/misc/raxml_output.F81.raxml.bestModel

Execution log saved to: /home/fili/Documents/KIT/2023/BA/code/output/families/ssim_DL_s20_f100_sites200_GTR_bl1.0_d1.0_l1.0_t0.0_gc0.0_p0.0_pop10_ms0.0_mf0.0_seed14976684177860080345/families/family_093/misc/raxml_output.F81.raxml.log

Analysis started: 27-Jun-2023 13:43:22 / finished: 27-Jun-2023 13:43:22

Elapsed time: 0.155 seconds

