
RAxML-NG v. 1.1.0 released on 29.11.2021 by The Exelixis Lab.
Developed by: Alexey M. Kozlov and Alexandros Stamatakis.
Contributors: Diego Darriba, Tomas Flouri, Benoit Morel, Sarah Lutteropp, Ben Bettisworth.
Latest version: https://github.com/amkozlov/raxml-ng
Questions/problems/suggestions? Please visit: https://groups.google.com/forum/#!forum/raxml

System: AMD Ryzen 7 5800X 8-Core Processor, 8 cores, 31 GB RAM

RAxML-NG was called at 27-Jun-2023 13:47:11 as follows:

/home/fili/Documents/KIT/2023/BA/resources/tools/RAxML-NG/raxml-ng --msa /home/fili/Documents/KIT/2023/BA/code/output/families/ssim_NE_s20_f100_sites200_GTR_bl1.0_d0.0_l0.0_t0.0_gc0.0_p0.0_pop10_ms0.0_mf0.0_seed121873/families/family_039/alignment.msa --model F81 --prefix /home/fili/Documents/KIT/2023/BA/code/output/families/ssim_NE_s20_f100_sites200_GTR_bl1.0_d0.0_l0.0_t0.0_gc0.0_p0.0_pop10_ms0.0_mf0.0_seed121873/families/family_039/misc/raxml_output.F81

Analysis options:
  run mode: ML tree search
  start tree(s): random (10) + parsimony (10)
  random seed: 1687866431
  tip-inner: OFF
  pattern compression: ON
  per-rate scalers: OFF
  site repeats: ON
  fast spr radius: AUTO
  spr subtree cutoff: 1.000000
  branch lengths: proportional (ML estimate, algorithm: NR-FAST)
  SIMD kernels: AVX2
  parallelization: coarse-grained (auto), PTHREADS (auto)

[00:00:00] Reading alignment from file: /home/fili/Documents/KIT/2023/BA/code/output/families/ssim_NE_s20_f100_sites200_GTR_bl1.0_d0.0_l0.0_t0.0_gc0.0_p0.0_pop10_ms0.0_mf0.0_seed121873/families/family_039/alignment.msa
[00:00:00] Loaded alignment with 20 taxa and 179 sites

WARNING: Sequences 19_0_0 and 13_0_0 are exactly identical!
WARNING: Duplicate sequences found: 1

NOTE: Reduced alignment (with duplicates and gap-only sites/taxa removed) 
NOTE: was saved to: /home/fili/Documents/KIT/2023/BA/code/output/families/ssim_NE_s20_f100_sites200_GTR_bl1.0_d0.0_l0.0_t0.0_gc0.0_p0.0_pop10_ms0.0_mf0.0_seed121873/families/family_039/misc/raxml_output.F81.raxml.reduced.phy

Alignment comprises 1 partitions and 58 patterns

Partition 0: noname
Model: F81+FO
Alignment sites / patterns: 179 / 58
Gaps: 0.00 %
Invariant sites: 67.04 %


NOTE: Binary MSA file created: /home/fili/Documents/KIT/2023/BA/code/output/families/ssim_NE_s20_f100_sites200_GTR_bl1.0_d0.0_l0.0_t0.0_gc0.0_p0.0_pop10_ms0.0_mf0.0_seed121873/families/family_039/misc/raxml_output.F81.raxml.rba

Parallelization scheme autoconfig: 8 worker(s) x 1 thread(s)

Parallel reduction/worker buffer size: 1 KB  / 0 KB

[00:00:00] Generating 10 random starting tree(s) with 20 taxa
[00:00:00] Generating 10 parsimony starting tree(s) with 20 taxa
[00:00:00] Data distribution: max. partitions/sites/weight per thread: 1 / 58 / 232
[00:00:00] Data distribution: max. searches per worker: 3

Starting ML tree search with 20 distinct starting trees

[00:00:00 -1855.189294] Initial branch length optimization
[00:00:00 -1652.231230] Model parameter optimization (eps = 10.000000)
[00:00:00 -1580.864703] AUTODETECT spr round 1 (radius: 5)
[00:00:00 -1053.677836] AUTODETECT spr round 2 (radius: 10)
[00:00:00 -1053.673377] SPR radius for FAST iterations: 5 (autodetect)
[00:00:00 -1053.673377] Model parameter optimization (eps = 3.000000)
[00:00:00 -1053.001027] FAST spr round 1 (radius: 5)
[00:00:00 -1041.269487] FAST spr round 2 (radius: 5)
[00:00:00 -1037.854662] FAST spr round 3 (radius: 5)
[00:00:00 -1036.997577] FAST spr round 4 (radius: 5)
[00:00:00 -1036.997576] Model parameter optimization (eps = 1.000000)
[00:00:00 -1036.872990] SLOW spr round 1 (radius: 5)
[00:00:00] [worker #3] ML tree search #4, logLikelihood: -1036.274663
[00:00:00 -1036.872985] SLOW spr round 2 (radius: 10)
[00:00:00] [worker #4] ML tree search #5, logLikelihood: -1036.274662
[00:00:00] [worker #5] ML tree search #6, logLikelihood: -1036.274662
[00:00:00 -1036.872985] SLOW spr round 3 (radius: 15)
[00:00:00] [worker #2] ML tree search #3, logLikelihood: -1036.213678
[00:00:00] [worker #1] ML tree search #2, logLikelihood: -1036.213678
[00:00:00] [worker #7] ML tree search #8, logLikelihood: -1036.213678
[00:00:00 -1036.872985] SLOW spr round 4 (radius: 20)
[00:00:00] [worker #6] ML tree search #7, logLikelihood: -1036.213678
[00:00:00 -1036.872985] Model parameter optimization (eps = 0.100000)

[00:00:00] [worker #0] ML tree search #1, logLikelihood: -1036.872983

[00:00:00 -1792.777819] Initial branch length optimization
[00:00:00 -1554.390895] Model parameter optimization (eps = 10.000000)
[00:00:00 -1488.937297] AUTODETECT spr round 1 (radius: 5)
[00:00:00 -1129.259687] AUTODETECT spr round 2 (radius: 10)
[00:00:00 -1052.749714] AUTODETECT spr round 3 (radius: 15)
[00:00:00 -1052.749182] SPR radius for FAST iterations: 10 (autodetect)
[00:00:00 -1052.749182] Model parameter optimization (eps = 3.000000)
[00:00:00 -1051.890232] FAST spr round 1 (radius: 10)
[00:00:00 -1036.388834] FAST spr round 2 (radius: 10)
[00:00:00] [worker #3] ML tree search #12, logLikelihood: -1036.213677
[00:00:00 -1036.388831] Model parameter optimization (eps = 1.000000)
[00:00:00 -1036.213682] SLOW spr round 1 (radius: 5)
[00:00:00 -1036.213678] SLOW spr round 2 (radius: 10)
[00:00:00] [worker #6] ML tree search #15, logLikelihood: -1036.213678
[00:00:00] [worker #4] ML tree search #13, logLikelihood: -1036.213678
[00:00:00] [worker #2] ML tree search #11, logLikelihood: -1036.274662
[00:00:00] [worker #7] ML tree search #16, logLikelihood: -1036.213677
[00:00:00 -1036.213678] SLOW spr round 3 (radius: 15)
[00:00:00 -1036.213678] SLOW spr round 4 (radius: 20)
[00:00:00] [worker #1] ML tree search #10, logLikelihood: -1036.213678
[00:00:00 -1036.213678] Model parameter optimization (eps = 0.100000)

[00:00:00] [worker #0] ML tree search #9, logLikelihood: -1036.213678

[00:00:00 -1401.413001] Initial branch length optimization
[00:00:00 -1084.505875] Model parameter optimization (eps = 10.000000)
[00:00:00 -1038.574037] AUTODETECT spr round 1 (radius: 5)
[00:00:00 -1037.271071] AUTODETECT spr round 2 (radius: 10)
[00:00:00] [worker #5] ML tree search #14, logLikelihood: -1036.274663
[00:00:00 -1037.271031] SPR radius for FAST iterations: 5 (autodetect)
[00:00:00 -1037.271031] Model parameter optimization (eps = 3.000000)
[00:00:00 -1037.269139] FAST spr round 1 (radius: 5)
[00:00:00 -1036.679395] FAST spr round 2 (radius: 5)
[00:00:00 -1036.334364] FAST spr round 3 (radius: 5)
[00:00:00] [worker #3] ML tree search #20, logLikelihood: -1036.274662
[00:00:00 -1036.334351] Model parameter optimization (eps = 1.000000)
[00:00:00 -1036.213693] SLOW spr round 1 (radius: 5)
[00:00:00 -1036.213679] SLOW spr round 2 (radius: 10)
[00:00:00] [worker #2] ML tree search #19, logLikelihood: -1036.213678
[00:00:00 -1036.213679] SLOW spr round 3 (radius: 15)
[00:00:00] [worker #1] ML tree search #18, logLikelihood: -1036.213678
[00:00:00 -1036.213679] SLOW spr round 4 (radius: 20)
[00:00:00 -1036.213679] Model parameter optimization (eps = 0.100000)

[00:00:00] [worker #0] ML tree search #17, logLikelihood: -1036.213678


Optimized model parameters:

   Partition 0: noname
   Rate heterogeneity: NONE
   Base frequencies (ML): 0.389773 0.079709 0.319932 0.210587 
   Substitution rates (model): 1.000000 1.000000 1.000000 1.000000 1.000000 1.000000 


Final LogLikelihood: -1036.213677

AIC score: 2152.427355 / AICc score: 2176.195471 / BIC score: 2279.922787
Free parameters (model + branch lengths): 40

Best ML tree saved to: /home/fili/Documents/KIT/2023/BA/code/output/families/ssim_NE_s20_f100_sites200_GTR_bl1.0_d0.0_l0.0_t0.0_gc0.0_p0.0_pop10_ms0.0_mf0.0_seed121873/families/family_039/misc/raxml_output.F81.raxml.bestTree
All ML trees saved to: /home/fili/Documents/KIT/2023/BA/code/output/families/ssim_NE_s20_f100_sites200_GTR_bl1.0_d0.0_l0.0_t0.0_gc0.0_p0.0_pop10_ms0.0_mf0.0_seed121873/families/family_039/misc/raxml_output.F81.raxml.mlTrees
Optimized model saved to: /home/fili/Documents/KIT/2023/BA/code/output/families/ssim_NE_s20_f100_sites200_GTR_bl1.0_d0.0_l0.0_t0.0_gc0.0_p0.0_pop10_ms0.0_mf0.0_seed121873/families/family_039/misc/raxml_output.F81.raxml.bestModel

Execution log saved to: /home/fili/Documents/KIT/2023/BA/code/output/families/ssim_NE_s20_f100_sites200_GTR_bl1.0_d0.0_l0.0_t0.0_gc0.0_p0.0_pop10_ms0.0_mf0.0_seed121873/families/family_039/misc/raxml_output.F81.raxml.log

Analysis started: 27-Jun-2023 13:47:11 / finished: 27-Jun-2023 13:47:11

Elapsed time: 0.183 seconds

