
RAxML-NG v. 1.1.0 released on 29.11.2021 by The Exelixis Lab.
Developed by: Alexey M. Kozlov and Alexandros Stamatakis.
Contributors: Diego Darriba, Tomas Flouri, Benoit Morel, Sarah Lutteropp, Ben Bettisworth.
Latest version: https://github.com/amkozlov/raxml-ng
Questions/problems/suggestions? Please visit: https://groups.google.com/forum/#!forum/raxml

System: AMD Ryzen 7 5800X 8-Core Processor, 8 cores, 31 GB RAM

RAxML-NG was called at 27-Jun-2023 13:41:27 as follows:

/home/fili/Documents/KIT/2023/BA/resources/tools/RAxML-NG/raxml-ng --msa /home/fili/Documents/KIT/2023/BA/code/output/families/ssim_DL_s20_f100_sites200_GTR_bl1.0_d1.0_l1.0_t0.0_gc0.0_p0.0_pop10_ms0.0_mf0.0_seed121873/families/family_045/alignment.msa --model F81 --prefix /home/fili/Documents/KIT/2023/BA/code/output/families/ssim_DL_s20_f100_sites200_GTR_bl1.0_d1.0_l1.0_t0.0_gc0.0_p0.0_pop10_ms0.0_mf0.0_seed121873/families/family_045/misc/raxml_output.F81

Analysis options:
  run mode: ML tree search
  start tree(s): random (10) + parsimony (10)
  random seed: 1687866087
  tip-inner: OFF
  pattern compression: ON
  per-rate scalers: OFF
  site repeats: ON
  fast spr radius: AUTO
  spr subtree cutoff: 1.000000
  branch lengths: proportional (ML estimate, algorithm: NR-FAST)
  SIMD kernels: AVX2
  parallelization: coarse-grained (auto), PTHREADS (auto)

[00:00:00] Reading alignment from file: /home/fili/Documents/KIT/2023/BA/code/output/families/ssim_DL_s20_f100_sites200_GTR_bl1.0_d1.0_l1.0_t0.0_gc0.0_p0.0_pop10_ms0.0_mf0.0_seed121873/families/family_045/alignment.msa
[00:00:00] Loaded alignment with 16 taxa and 181 sites

WARNING: Sequences 13_0_0 and 19_0_0 are exactly identical!
WARNING: Sequences 17_0_0 and 15_0_0 are exactly identical!
WARNING: Sequences 4_0_0 and 11_0_0 are exactly identical!
WARNING: Duplicate sequences found: 3

NOTE: Reduced alignment (with duplicates and gap-only sites/taxa removed) 
NOTE: was saved to: /home/fili/Documents/KIT/2023/BA/code/output/families/ssim_DL_s20_f100_sites200_GTR_bl1.0_d1.0_l1.0_t0.0_gc0.0_p0.0_pop10_ms0.0_mf0.0_seed121873/families/family_045/misc/raxml_output.F81.raxml.reduced.phy

Alignment comprises 1 partitions and 60 patterns

Partition 0: noname
Model: F81+FO
Alignment sites / patterns: 181 / 60
Gaps: 0.00 %
Invariant sites: 67.40 %


NOTE: Binary MSA file created: /home/fili/Documents/KIT/2023/BA/code/output/families/ssim_DL_s20_f100_sites200_GTR_bl1.0_d1.0_l1.0_t0.0_gc0.0_p0.0_pop10_ms0.0_mf0.0_seed121873/families/family_045/misc/raxml_output.F81.raxml.rba

Parallelization scheme autoconfig: 8 worker(s) x 1 thread(s)

Parallel reduction/worker buffer size: 1 KB  / 0 KB

[00:00:00] Generating 10 random starting tree(s) with 16 taxa
[00:00:00] Generating 10 parsimony starting tree(s) with 16 taxa
[00:00:00] Data distribution: max. partitions/sites/weight per thread: 1 / 60 / 240
[00:00:00] Data distribution: max. searches per worker: 3

Starting ML tree search with 20 distinct starting trees

[00:00:00 -1435.727371] Initial branch length optimization
[00:00:00 -1219.507442] Model parameter optimization (eps = 10.000000)
[00:00:00 -1194.719838] AUTODETECT spr round 1 (radius: 5)
[00:00:00 -798.745235] AUTODETECT spr round 2 (radius: 10)
[00:00:00 -798.745093] SPR radius for FAST iterations: 5 (autodetect)
[00:00:00 -798.745093] Model parameter optimization (eps = 3.000000)
[00:00:00 -796.528877] FAST spr round 1 (radius: 5)
[00:00:00 -760.408710] FAST spr round 2 (radius: 5)
[00:00:00 -760.408708] Model parameter optimization (eps = 1.000000)
[00:00:00 -760.235499] SLOW spr round 1 (radius: 5)
[00:00:00 -760.235451] SLOW spr round 2 (radius: 10)
[00:00:00 -760.235451] SLOW spr round 3 (radius: 15)
[00:00:00] [worker #1] ML tree search #2, logLikelihood: -760.235430
[00:00:00 -760.235451] Model parameter optimization (eps = 0.100000)
[00:00:00] [worker #7] ML tree search #8, logLikelihood: -760.235431
[00:00:00] [worker #3] ML tree search #4, logLikelihood: -760.235431

[00:00:00] [worker #0] ML tree search #1, logLikelihood: -760.235429

[00:00:00] [worker #5] ML tree search #6, logLikelihood: -760.235431
[00:00:00] [worker #4] ML tree search #5, logLikelihood: -760.235430
[00:00:00] [worker #6] ML tree search #7, logLikelihood: -760.235430
[00:00:00] [worker #2] ML tree search #3, logLikelihood: -760.235431
[00:00:00 -1505.904113] Initial branch length optimization
[00:00:00 -1261.222353] Model parameter optimization (eps = 10.000000)
[00:00:00 -1235.385980] AUTODETECT spr round 1 (radius: 5)
[00:00:00 -762.912111] AUTODETECT spr round 2 (radius: 10)
[00:00:00 -762.912103] SPR radius for FAST iterations: 5 (autodetect)
[00:00:00 -762.912103] Model parameter optimization (eps = 3.000000)
[00:00:00 -760.606607] FAST spr round 1 (radius: 5)
[00:00:00 -760.251740] FAST spr round 2 (radius: 5)
[00:00:00] [worker #7] ML tree search #16, logLikelihood: -760.235430
[00:00:00 -760.251737] Model parameter optimization (eps = 1.000000)
[00:00:00] [worker #5] ML tree search #14, logLikelihood: -760.235429
[00:00:00 -760.235436] SLOW spr round 1 (radius: 5)
[00:00:00] [worker #4] ML tree search #13, logLikelihood: -760.235430
[00:00:00] [worker #6] ML tree search #15, logLikelihood: -760.235430
[00:00:00] [worker #2] ML tree search #11, logLikelihood: -760.235429
[00:00:00] [worker #1] ML tree search #10, logLikelihood: -760.235431
[00:00:00 -760.235432] SLOW spr round 2 (radius: 10)
[00:00:00] [worker #3] ML tree search #12, logLikelihood: -760.235431
[00:00:00 -760.235432] SLOW spr round 3 (radius: 15)
[00:00:00 -760.235432] Model parameter optimization (eps = 0.100000)

[00:00:00] [worker #0] ML tree search #9, logLikelihood: -760.235431

[00:00:00 -1087.129090] Initial branch length optimization
[00:00:00 -788.099198] Model parameter optimization (eps = 10.000000)
[00:00:00] [worker #2] ML tree search #19, logLikelihood: -760.235429
[00:00:00 -772.519234] AUTODETECT spr round 1 (radius: 5)
[00:00:00] [worker #1] ML tree search #18, logLikelihood: -760.235429
[00:00:00 -762.199705] AUTODETECT spr round 2 (radius: 10)
[00:00:00 -762.199539] SPR radius for FAST iterations: 5 (autodetect)
[00:00:00 -762.199539] Model parameter optimization (eps = 3.000000)
[00:00:00 -762.180750] FAST spr round 1 (radius: 5)
[00:00:00 -760.240469] FAST spr round 2 (radius: 5)
[00:00:00 -760.240467] Model parameter optimization (eps = 1.000000)
[00:00:00 -760.235432] SLOW spr round 1 (radius: 5)
[00:00:00 -760.235430] SLOW spr round 2 (radius: 10)
[00:00:00] [worker #3] ML tree search #20, logLikelihood: -760.235429
[00:00:00 -760.235430] SLOW spr round 3 (radius: 15)
[00:00:00 -760.235430] Model parameter optimization (eps = 0.100000)

[00:00:00] [worker #0] ML tree search #17, logLikelihood: -760.235429


Optimized model parameters:

   Partition 0: noname
   Rate heterogeneity: NONE
   Base frequencies (ML): 0.263960 0.153948 0.373410 0.208682 
   Substitution rates (model): 1.000000 1.000000 1.000000 1.000000 1.000000 1.000000 


Final LogLikelihood: -760.235429

AIC score: 1584.470858 / AICc score: 1598.741129 / BIC score: 1686.822763
Free parameters (model + branch lengths): 32

WARNING: Best ML tree contains 1 near-zero branches!

Best ML tree with collapsed near-zero branches saved to: /home/fili/Documents/KIT/2023/BA/code/output/families/ssim_DL_s20_f100_sites200_GTR_bl1.0_d1.0_l1.0_t0.0_gc0.0_p0.0_pop10_ms0.0_mf0.0_seed121873/families/family_045/misc/raxml_output.F81.raxml.bestTreeCollapsed
Best ML tree saved to: /home/fili/Documents/KIT/2023/BA/code/output/families/ssim_DL_s20_f100_sites200_GTR_bl1.0_d1.0_l1.0_t0.0_gc0.0_p0.0_pop10_ms0.0_mf0.0_seed121873/families/family_045/misc/raxml_output.F81.raxml.bestTree
All ML trees saved to: /home/fili/Documents/KIT/2023/BA/code/output/families/ssim_DL_s20_f100_sites200_GTR_bl1.0_d1.0_l1.0_t0.0_gc0.0_p0.0_pop10_ms0.0_mf0.0_seed121873/families/family_045/misc/raxml_output.F81.raxml.mlTrees
Optimized model saved to: /home/fili/Documents/KIT/2023/BA/code/output/families/ssim_DL_s20_f100_sites200_GTR_bl1.0_d1.0_l1.0_t0.0_gc0.0_p0.0_pop10_ms0.0_mf0.0_seed121873/families/family_045/misc/raxml_output.F81.raxml.bestModel

Execution log saved to: /home/fili/Documents/KIT/2023/BA/code/output/families/ssim_DL_s20_f100_sites200_GTR_bl1.0_d1.0_l1.0_t0.0_gc0.0_p0.0_pop10_ms0.0_mf0.0_seed121873/families/family_045/misc/raxml_output.F81.raxml.log

Analysis started: 27-Jun-2023 13:41:27 / finished: 27-Jun-2023 13:41:28

Elapsed time: 0.135 seconds

