
RAxML-NG v. 1.1.0 released on 29.11.2021 by The Exelixis Lab.
Developed by: Alexey M. Kozlov and Alexandros Stamatakis.
Contributors: Diego Darriba, Tomas Flouri, Benoit Morel, Sarah Lutteropp, Ben Bettisworth.
Latest version: https://github.com/amkozlov/raxml-ng
Questions/problems/suggestions? Please visit: https://groups.google.com/forum/#!forum/raxml

System: AMD Ryzen 7 5800X 8-Core Processor, 8 cores, 31 GB RAM

RAxML-NG was called at 27-Jun-2023 13:43:50 as follows:

/home/fili/Documents/KIT/2023/BA/resources/tools/RAxML-NG/raxml-ng --msa /home/fili/Documents/KIT/2023/BA/code/output/families/ssim_DL_s20_f100_sites200_GTR_bl1.0_d1.0_l1.0_t0.0_gc0.0_p0.0_pop10_ms0.0_mf0.0_seed14976684177860080345/families/family_073/alignment.msa --model F81 --prefix /home/fili/Documents/KIT/2023/BA/code/output/families/ssim_DL_s20_f100_sites200_GTR_bl1.0_d1.0_l1.0_t0.0_gc0.0_p0.0_pop10_ms0.0_mf0.0_seed14976684177860080345/families/family_073/misc/raxml_output.F81

Analysis options:
  run mode: ML tree search
  start tree(s): random (10) + parsimony (10)
  random seed: 1687866230
  tip-inner: OFF
  pattern compression: ON
  per-rate scalers: OFF
  site repeats: ON
  fast spr radius: AUTO
  spr subtree cutoff: 1.000000
  branch lengths: proportional (ML estimate, algorithm: NR-FAST)
  SIMD kernels: AVX2
  parallelization: coarse-grained (auto), PTHREADS (auto)

[00:00:00] Reading alignment from file: /home/fili/Documents/KIT/2023/BA/code/output/families/ssim_DL_s20_f100_sites200_GTR_bl1.0_d1.0_l1.0_t0.0_gc0.0_p0.0_pop10_ms0.0_mf0.0_seed14976684177860080345/families/family_073/alignment.msa
[00:00:00] Loaded alignment with 6 taxa and 392 sites

Alignment comprises 1 partitions and 24 patterns

Partition 0: noname
Model: F81+FO
Alignment sites / patterns: 392 / 24
Gaps: 0.00 %
Invariant sites: 84.44 %


NOTE: Binary MSA file created: /home/fili/Documents/KIT/2023/BA/code/output/families/ssim_DL_s20_f100_sites200_GTR_bl1.0_d1.0_l1.0_t0.0_gc0.0_p0.0_pop10_ms0.0_mf0.0_seed14976684177860080345/families/family_073/misc/raxml_output.F81.raxml.rba

Parallelization scheme autoconfig: 8 worker(s) x 1 thread(s)

Parallel reduction/worker buffer size: 1 KB  / 0 KB

[00:00:00] Generating 10 random starting tree(s) with 6 taxa
[00:00:00] Generating 10 parsimony starting tree(s) with 6 taxa
[00:00:00] Data distribution: max. partitions/sites/weight per thread: 1 / 24 / 96
[00:00:00] Data distribution: max. searches per worker: 3

Starting ML tree search with 20 distinct starting trees

[00:00:00 -1144.429077] Initial branch length optimization
[00:00:00 -926.551077] Model parameter optimization (eps = 10.000000)
[00:00:00 -916.063169] AUTODETECT spr round 1 (radius: 5)
[00:00:00 -887.468480] SPR radius for FAST iterations: 5 (autodetect)
[00:00:00 -887.468480] Model parameter optimization (eps = 3.000000)
[00:00:00 -887.364732] FAST spr round 1 (radius: 5)
[00:00:00 -887.364732] Model parameter optimization (eps = 1.000000)
[00:00:00 -887.364731] SLOW spr round 1 (radius: 5)
[00:00:00] [worker #4] ML tree search #5, logLikelihood: -887.364731
[00:00:00] [worker #3] ML tree search #4, logLikelihood: -887.364730
[00:00:00] [worker #7] ML tree search #8, logLikelihood: -887.364731
[00:00:00] [worker #6] ML tree search #7, logLikelihood: -887.364730
[00:00:00] [worker #1] ML tree search #2, logLikelihood: -887.364731
[00:00:00] [worker #2] ML tree search #3, logLikelihood: -887.364731
[00:00:00] [worker #5] ML tree search #6, logLikelihood: -887.364731
[00:00:00 -887.364731] Model parameter optimization (eps = 0.100000)

[00:00:00] [worker #0] ML tree search #1, logLikelihood: -887.364731

[00:00:00] [worker #4] ML tree search #13, logLikelihood: -887.364730
[00:00:00 -1134.210718] Initial branch length optimization
[00:00:00 -926.551071] Model parameter optimization (eps = 10.000000)
[00:00:00 -916.063165] AUTODETECT spr round 1 (radius: 5)
[00:00:00] [worker #3] ML tree search #12, logLikelihood: -887.364730
[00:00:00 -887.468480] SPR radius for FAST iterations: 5 (autodetect)
[00:00:00 -887.468480] Model parameter optimization (eps = 3.000000)
[00:00:00 -887.364732] FAST spr round 1 (radius: 5)
[00:00:00] [worker #7] ML tree search #16, logLikelihood: -887.364730
[00:00:00] [worker #6] ML tree search #15, logLikelihood: -887.364730
[00:00:00 -887.364732] Model parameter optimization (eps = 1.000000)
[00:00:00 -887.364731] SLOW spr round 1 (radius: 5)
[00:00:00] [worker #2] ML tree search #11, logLikelihood: -887.364730
[00:00:00] [worker #1] ML tree search #10, logLikelihood: -887.364731
[00:00:00] [worker #5] ML tree search #14, logLikelihood: -887.364730
[00:00:00 -887.364731] Model parameter optimization (eps = 0.100000)

[00:00:00] [worker #0] ML tree search #9, logLikelihood: -887.364731

[00:00:00] [worker #3] ML tree search #20, logLikelihood: -887.364730
[00:00:00 -1101.011346] Initial branch length optimization
[00:00:00 -896.030034] Model parameter optimization (eps = 10.000000)
[00:00:00 -887.364731] AUTODETECT spr round 1 (radius: 5)
[00:00:00 -887.364730] SPR radius for FAST iterations: 5 (autodetect)
[00:00:00 -887.364730] Model parameter optimization (eps = 3.000000)
[00:00:00 -887.364730] FAST spr round 1 (radius: 5)
[00:00:00 -887.364730] Model parameter optimization (eps = 1.000000)
[00:00:00] [worker #2] ML tree search #19, logLikelihood: -887.364730
[00:00:00] [worker #1] ML tree search #18, logLikelihood: -887.364730
[00:00:00 -887.364730] SLOW spr round 1 (radius: 5)
[00:00:00 -887.364730] Model parameter optimization (eps = 0.100000)

[00:00:00] [worker #0] ML tree search #17, logLikelihood: -887.364730


Optimized model parameters:

   Partition 0: noname
   Rate heterogeneity: NONE
   Base frequencies (ML): 0.330409 0.195902 0.245420 0.228270 
   Substitution rates (model): 1.000000 1.000000 1.000000 1.000000 1.000000 1.000000 


Final LogLikelihood: -887.364730

AIC score: 1798.729460 / AICc score: 1799.552679 / BIC score: 1846.384603
Free parameters (model + branch lengths): 12

WARNING: Best ML tree contains 1 near-zero branches!

Best ML tree with collapsed near-zero branches saved to: /home/fili/Documents/KIT/2023/BA/code/output/families/ssim_DL_s20_f100_sites200_GTR_bl1.0_d1.0_l1.0_t0.0_gc0.0_p0.0_pop10_ms0.0_mf0.0_seed14976684177860080345/families/family_073/misc/raxml_output.F81.raxml.bestTreeCollapsed
Best ML tree saved to: /home/fili/Documents/KIT/2023/BA/code/output/families/ssim_DL_s20_f100_sites200_GTR_bl1.0_d1.0_l1.0_t0.0_gc0.0_p0.0_pop10_ms0.0_mf0.0_seed14976684177860080345/families/family_073/misc/raxml_output.F81.raxml.bestTree
All ML trees saved to: /home/fili/Documents/KIT/2023/BA/code/output/families/ssim_DL_s20_f100_sites200_GTR_bl1.0_d1.0_l1.0_t0.0_gc0.0_p0.0_pop10_ms0.0_mf0.0_seed14976684177860080345/families/family_073/misc/raxml_output.F81.raxml.mlTrees
Optimized model saved to: /home/fili/Documents/KIT/2023/BA/code/output/families/ssim_DL_s20_f100_sites200_GTR_bl1.0_d1.0_l1.0_t0.0_gc0.0_p0.0_pop10_ms0.0_mf0.0_seed14976684177860080345/families/family_073/misc/raxml_output.F81.raxml.bestModel

Execution log saved to: /home/fili/Documents/KIT/2023/BA/code/output/families/ssim_DL_s20_f100_sites200_GTR_bl1.0_d1.0_l1.0_t0.0_gc0.0_p0.0_pop10_ms0.0_mf0.0_seed14976684177860080345/families/family_073/misc/raxml_output.F81.raxml.log

Analysis started: 27-Jun-2023 13:43:50 / finished: 27-Jun-2023 13:43:50

Elapsed time: 0.042 seconds

