
RAxML-NG v. 1.1.0 released on 29.11.2021 by The Exelixis Lab.
Developed by: Alexey M. Kozlov and Alexandros Stamatakis.
Contributors: Diego Darriba, Tomas Flouri, Benoit Morel, Sarah Lutteropp, Ben Bettisworth.
Latest version: https://github.com/amkozlov/raxml-ng
Questions/problems/suggestions? Please visit: https://groups.google.com/forum/#!forum/raxml

System: AMD Ryzen 7 5800X 8-Core Processor, 8 cores, 31 GB RAM

RAxML-NG was called at 27-Jun-2023 13:43:36 as follows:

/home/fili/Documents/KIT/2023/BA/resources/tools/RAxML-NG/raxml-ng --msa /home/fili/Documents/KIT/2023/BA/code/output/families/ssim_DL_s20_f100_sites200_GTR_bl1.0_d1.0_l1.0_t0.0_gc0.0_p0.0_pop10_ms0.0_mf0.0_seed14976684177860080345/families/family_024/alignment.msa --model F81 --prefix /home/fili/Documents/KIT/2023/BA/code/output/families/ssim_DL_s20_f100_sites200_GTR_bl1.0_d1.0_l1.0_t0.0_gc0.0_p0.0_pop10_ms0.0_mf0.0_seed14976684177860080345/families/family_024/misc/raxml_output.F81

Analysis options:
  run mode: ML tree search
  start tree(s): random (10) + parsimony (10)
  random seed: 1687866216
  tip-inner: OFF
  pattern compression: ON
  per-rate scalers: OFF
  site repeats: ON
  fast spr radius: AUTO
  spr subtree cutoff: 1.000000
  branch lengths: proportional (ML estimate, algorithm: NR-FAST)
  SIMD kernels: AVX2
  parallelization: coarse-grained (auto), PTHREADS (auto)

[00:00:00] Reading alignment from file: /home/fili/Documents/KIT/2023/BA/code/output/families/ssim_DL_s20_f100_sites200_GTR_bl1.0_d1.0_l1.0_t0.0_gc0.0_p0.0_pop10_ms0.0_mf0.0_seed14976684177860080345/families/family_024/alignment.msa
[00:00:00] Loaded alignment with 8 taxa and 202 sites

Alignment comprises 1 partitions and 32 patterns

Partition 0: noname
Model: F81+FO
Alignment sites / patterns: 202 / 32
Gaps: 0.00 %
Invariant sites: 82.18 %


NOTE: Binary MSA file created: /home/fili/Documents/KIT/2023/BA/code/output/families/ssim_DL_s20_f100_sites200_GTR_bl1.0_d1.0_l1.0_t0.0_gc0.0_p0.0_pop10_ms0.0_mf0.0_seed14976684177860080345/families/family_024/misc/raxml_output.F81.raxml.rba

Parallelization scheme autoconfig: 8 worker(s) x 1 thread(s)

Parallel reduction/worker buffer size: 1 KB  / 0 KB

[00:00:00] Generating 10 random starting tree(s) with 8 taxa
[00:00:00] Generating 10 parsimony starting tree(s) with 8 taxa
[00:00:00] Data distribution: max. partitions/sites/weight per thread: 1 / 32 / 128
[00:00:00] Data distribution: max. searches per worker: 3

Starting ML tree search with 20 distinct starting trees

[00:00:00 -776.231854] Initial branch length optimization
[00:00:00 -624.922929] Model parameter optimization (eps = 10.000000)
[00:00:00 -613.807330] AUTODETECT spr round 1 (radius: 5)
[00:00:00 -589.615446] SPR radius for FAST iterations: 5 (autodetect)
[00:00:00 -589.615446] Model parameter optimization (eps = 3.000000)
[00:00:00 -589.531883] FAST spr round 1 (radius: 5)
[00:00:00 -589.531134] Model parameter optimization (eps = 1.000000)
[00:00:00 -589.531104] SLOW spr round 1 (radius: 5)
[00:00:00] [worker #6] ML tree search #7, logLikelihood: -556.635269
[00:00:00] [worker #3] ML tree search #4, logLikelihood: -556.663833
[00:00:00] [worker #5] ML tree search #6, logLikelihood: -556.635269
[00:00:00] [worker #1] ML tree search #2, logLikelihood: -556.635269
[00:00:00] [worker #7] ML tree search #8, logLikelihood: -556.663832
[00:00:00 -556.715071] SLOW spr round 2 (radius: 5)
[00:00:00] [worker #2] ML tree search #3, logLikelihood: -556.663832
[00:00:00] [worker #4] ML tree search #5, logLikelihood: -556.663832
[00:00:00 -556.715071] Model parameter optimization (eps = 0.100000)

[00:00:00] [worker #0] ML tree search #1, logLikelihood: -556.635269

[00:00:00 -759.667592] Initial branch length optimization
[00:00:00 -622.499258] Model parameter optimization (eps = 10.000000)
[00:00:00 -611.962457] AUTODETECT spr round 1 (radius: 5)
[00:00:00 -556.706002] SPR radius for FAST iterations: 5 (autodetect)
[00:00:00 -556.706002] Model parameter optimization (eps = 3.000000)
[00:00:00 -556.665327] FAST spr round 1 (radius: 5)
[00:00:00] [worker #3] ML tree search #12, logLikelihood: -556.663833
[00:00:00 -556.663921] Model parameter optimization (eps = 1.000000)
[00:00:00] [worker #1] ML tree search #10, logLikelihood: -556.635269
[00:00:00] [worker #5] ML tree search #14, logLikelihood: -556.663833
[00:00:00 -556.663854] SLOW spr round 1 (radius: 5)
[00:00:00] [worker #2] ML tree search #11, logLikelihood: -556.663832
[00:00:00] [worker #6] ML tree search #15, logLikelihood: -556.635269
[00:00:00] [worker #4] ML tree search #13, logLikelihood: -556.663832
[00:00:00 -556.663834] Model parameter optimization (eps = 0.100000)

[00:00:00] [worker #0] ML tree search #9, logLikelihood: -556.663833

[00:00:00] [worker #7] ML tree search #16, logLikelihood: -556.635269
[00:00:00 -709.161978] Initial branch length optimization
[00:00:00 -567.156427] Model parameter optimization (eps = 10.000000)
[00:00:00 -556.666917] AUTODETECT spr round 1 (radius: 5)
[00:00:00 -556.664368] SPR radius for FAST iterations: 5 (autodetect)
[00:00:00 -556.664368] Model parameter optimization (eps = 3.000000)
[00:00:00 -556.663914] FAST spr round 1 (radius: 5)
[00:00:00] [worker #3] ML tree search #20, logLikelihood: -556.635269
[00:00:00 -556.663837] Model parameter optimization (eps = 1.000000)
[00:00:00 -556.663833] SLOW spr round 1 (radius: 5)
[00:00:00] [worker #1] ML tree search #18, logLikelihood: -556.635268
[00:00:00] [worker #2] ML tree search #19, logLikelihood: -556.663833
[00:00:00 -556.663833] Model parameter optimization (eps = 0.100000)

[00:00:00] [worker #0] ML tree search #17, logLikelihood: -556.663833


Optimized model parameters:

   Partition 0: noname
   Rate heterogeneity: NONE
   Base frequencies (ML): 0.267175 0.139227 0.324489 0.269109 
   Substitution rates (model): 1.000000 1.000000 1.000000 1.000000 1.000000 1.000000 


Final LogLikelihood: -556.635268

AIC score: 1145.270536 / AICc score: 1148.211077 / BIC score: 1198.202819
Free parameters (model + branch lengths): 16

Best ML tree saved to: /home/fili/Documents/KIT/2023/BA/code/output/families/ssim_DL_s20_f100_sites200_GTR_bl1.0_d1.0_l1.0_t0.0_gc0.0_p0.0_pop10_ms0.0_mf0.0_seed14976684177860080345/families/family_024/misc/raxml_output.F81.raxml.bestTree
All ML trees saved to: /home/fili/Documents/KIT/2023/BA/code/output/families/ssim_DL_s20_f100_sites200_GTR_bl1.0_d1.0_l1.0_t0.0_gc0.0_p0.0_pop10_ms0.0_mf0.0_seed14976684177860080345/families/family_024/misc/raxml_output.F81.raxml.mlTrees
Optimized model saved to: /home/fili/Documents/KIT/2023/BA/code/output/families/ssim_DL_s20_f100_sites200_GTR_bl1.0_d1.0_l1.0_t0.0_gc0.0_p0.0_pop10_ms0.0_mf0.0_seed14976684177860080345/families/family_024/misc/raxml_output.F81.raxml.bestModel

Execution log saved to: /home/fili/Documents/KIT/2023/BA/code/output/families/ssim_DL_s20_f100_sites200_GTR_bl1.0_d1.0_l1.0_t0.0_gc0.0_p0.0_pop10_ms0.0_mf0.0_seed14976684177860080345/families/family_024/misc/raxml_output.F81.raxml.log

Analysis started: 27-Jun-2023 13:43:36 / finished: 27-Jun-2023 13:43:36

Elapsed time: 0.052 seconds

