
RAxML-NG v. 1.1.0 released on 29.11.2021 by The Exelixis Lab.
Developed by: Alexey M. Kozlov and Alexandros Stamatakis.
Contributors: Diego Darriba, Tomas Flouri, Benoit Morel, Sarah Lutteropp, Ben Bettisworth.
Latest version: https://github.com/amkozlov/raxml-ng
Questions/problems/suggestions? Please visit: https://groups.google.com/forum/#!forum/raxml

System: AMD Ryzen 7 5800X 8-Core Processor, 8 cores, 31 GB RAM

RAxML-NG was called at 13-Jun-2023 16:03:01 as follows:

/home/fili/Documents/KIT/2023/BA/resources/tools/RAxML-NG/raxml-ng --msa /home/fili/Documents/KIT/2023/BA/code/output/families/ssim_DL_s20_f100_sites200_GTR_bl1.0_d1.0_l1.0_t0.0_gc0.0_p0.0_pop10_ms0.0_mf0.0_seed42/families/family_028/alignment.msa --model F81 --prefix /home/fili/Documents/KIT/2023/BA/code/output/families/ssim_DL_s20_f100_sites200_GTR_bl1.0_d1.0_l1.0_t0.0_gc0.0_p0.0_pop10_ms0.0_mf0.0_seed42/families/family_028/misc/raxml_output.F81

Analysis options:
  run mode: ML tree search
  start tree(s): random (10) + parsimony (10)
  random seed: 1686664981
  tip-inner: OFF
  pattern compression: ON
  per-rate scalers: OFF
  site repeats: ON
  fast spr radius: AUTO
  spr subtree cutoff: 1.000000
  branch lengths: proportional (ML estimate, algorithm: NR-FAST)
  SIMD kernels: AVX2
  parallelization: coarse-grained (auto), PTHREADS (auto)

[00:00:00] Reading alignment from file: /home/fili/Documents/KIT/2023/BA/code/output/families/ssim_DL_s20_f100_sites200_GTR_bl1.0_d1.0_l1.0_t0.0_gc0.0_p0.0_pop10_ms0.0_mf0.0_seed42/families/family_028/alignment.msa
[00:00:00] Loaded alignment with 19 taxa and 137 sites

WARNING: Sequences 9_1_0 and 13_1_0 are exactly identical!
WARNING: Sequences 9_0_0 and 13_0_0 are exactly identical!
WARNING: Duplicate sequences found: 2

NOTE: Reduced alignment (with duplicates and gap-only sites/taxa removed) 
NOTE: was saved to: /home/fili/Documents/KIT/2023/BA/code/output/families/ssim_DL_s20_f100_sites200_GTR_bl1.0_d1.0_l1.0_t0.0_gc0.0_p0.0_pop10_ms0.0_mf0.0_seed42/families/family_028/misc/raxml_output.F81.raxml.reduced.phy

Alignment comprises 1 partitions and 35 patterns

Partition 0: noname
Model: F81+FO
Alignment sites / patterns: 137 / 35
Gaps: 0.00 %
Invariant sites: 77.37 %


NOTE: Binary MSA file created: /home/fili/Documents/KIT/2023/BA/code/output/families/ssim_DL_s20_f100_sites200_GTR_bl1.0_d1.0_l1.0_t0.0_gc0.0_p0.0_pop10_ms0.0_mf0.0_seed42/families/family_028/misc/raxml_output.F81.raxml.rba

Parallelization scheme autoconfig: 8 worker(s) x 1 thread(s)

Parallel reduction/worker buffer size: 1 KB  / 0 KB

[00:00:00] Generating 10 random starting tree(s) with 19 taxa
[00:00:00] Generating 10 parsimony starting tree(s) with 19 taxa
[00:00:00] Data distribution: max. partitions/sites/weight per thread: 1 / 35 / 140
[00:00:00] Data distribution: max. searches per worker: 3

Starting ML tree search with 20 distinct starting trees

[00:00:00 -1148.023719] Initial branch length optimization
[00:00:00 -941.748626] Model parameter optimization (eps = 10.000000)
[00:00:00 -935.901193] AUTODETECT spr round 1 (radius: 5)
[00:00:00 -684.889707] AUTODETECT spr round 2 (radius: 10)
[00:00:00 -684.868132] SPR radius for FAST iterations: 5 (autodetect)
[00:00:00 -684.868132] Model parameter optimization (eps = 3.000000)
[00:00:00 -683.920395] FAST spr round 1 (radius: 5)
[00:00:00 -656.346263] FAST spr round 2 (radius: 5)
[00:00:00 -656.346195] Model parameter optimization (eps = 1.000000)
[00:00:00 -656.239000] SLOW spr round 1 (radius: 5)
[00:00:00] [worker #5] ML tree search #6, logLikelihood: -658.921784
[00:00:00] [worker #4] ML tree search #5, logLikelihood: -657.274411
[00:00:00] [worker #1] ML tree search #2, logLikelihood: -657.274411
[00:00:00 -656.238999] SLOW spr round 2 (radius: 10)
[00:00:00] [worker #2] ML tree search #3, logLikelihood: -659.325997
[00:00:00] [worker #6] ML tree search #7, logLikelihood: -656.239000
[00:00:00] [worker #3] ML tree search #4, logLikelihood: -657.274411
[00:00:00 -656.238999] SLOW spr round 3 (radius: 15)
[00:00:00 -656.238999] Model parameter optimization (eps = 0.100000)

[00:00:00] [worker #0] ML tree search #1, logLikelihood: -656.238999

[00:00:00] [worker #7] ML tree search #8, logLikelihood: -657.274411
[00:00:00 -1184.027105] Initial branch length optimization
[00:00:00 -993.131885] Model parameter optimization (eps = 10.000000)
[00:00:00] [worker #4] ML tree search #13, logLikelihood: -659.325997
[00:00:00 -986.860022] AUTODETECT spr round 1 (radius: 5)
[00:00:00] [worker #5] ML tree search #14, logLikelihood: -657.274411
[00:00:00 -696.091627] AUTODETECT spr round 2 (radius: 10)
[00:00:00 -686.564221] AUTODETECT spr round 3 (radius: 15)
[00:00:00 -686.564216] SPR radius for FAST iterations: 10 (autodetect)
[00:00:00 -686.564216] Model parameter optimization (eps = 3.000000)
[00:00:00 -685.625623] FAST spr round 1 (radius: 10)
[00:00:00] [worker #6] ML tree search #15, logLikelihood: -657.274410
[00:00:00] [worker #2] ML tree search #11, logLikelihood: -657.274411
[00:00:00] [worker #1] ML tree search #10, logLikelihood: -657.274411
[00:00:00] [worker #3] ML tree search #12, logLikelihood: -656.238999
[00:00:00 -663.086193] FAST spr round 2 (radius: 10)
[00:00:00 -657.394704] FAST spr round 3 (radius: 10)
[00:00:00 -657.394703] Model parameter optimization (eps = 1.000000)
[00:00:00 -657.274457] SLOW spr round 1 (radius: 5)
[00:00:00] [worker #1] ML tree search #18, logLikelihood: -659.746763
[00:00:00] [worker #3] ML tree search #20, logLikelihood: -657.274411
[00:00:00 -657.274411] SLOW spr round 2 (radius: 10)
[00:00:00] [worker #7] ML tree search #16, logLikelihood: -656.238999
[00:00:00] [worker #2] ML tree search #19, logLikelihood: -657.274411
[00:00:00 -657.274411] SLOW spr round 3 (radius: 15)
[00:00:00 -657.274411] Model parameter optimization (eps = 0.100000)

[00:00:00] [worker #0] ML tree search #9, logLikelihood: -657.274411

[00:00:00 -930.285664] Initial branch length optimization
[00:00:00 -660.164101] Model parameter optimization (eps = 10.000000)
[00:00:00 -657.274913] AUTODETECT spr round 1 (radius: 5)
[00:00:00 -657.274742] SPR radius for FAST iterations: 5 (autodetect)
[00:00:00 -657.274742] Model parameter optimization (eps = 3.000000)
[00:00:00 -657.274516] FAST spr round 1 (radius: 5)
[00:00:00 -657.274516] Model parameter optimization (eps = 1.000000)
[00:00:00 -657.274515] SLOW spr round 1 (radius: 5)
[00:00:00 -657.274411] SLOW spr round 2 (radius: 10)
[00:00:00 -657.274411] SLOW spr round 3 (radius: 15)
[00:00:00 -657.274411] Model parameter optimization (eps = 0.100000)

[00:00:00] [worker #0] ML tree search #17, logLikelihood: -657.274411


Optimized model parameters:

   Partition 0: noname
   Rate heterogeneity: NONE
   Base frequencies (ML): 0.249455 0.248626 0.292571 0.209348 
   Substitution rates (model): 1.000000 1.000000 1.000000 1.000000 1.000000 1.000000 


Final LogLikelihood: -656.238999

AIC score: 1388.477998 / AICc score: 1418.722896 / BIC score: 1499.437274
Free parameters (model + branch lengths): 38

WARNING: Best ML tree contains 2 near-zero branches!

Best ML tree with collapsed near-zero branches saved to: /home/fili/Documents/KIT/2023/BA/code/output/families/ssim_DL_s20_f100_sites200_GTR_bl1.0_d1.0_l1.0_t0.0_gc0.0_p0.0_pop10_ms0.0_mf0.0_seed42/families/family_028/misc/raxml_output.F81.raxml.bestTreeCollapsed
Best ML tree saved to: /home/fili/Documents/KIT/2023/BA/code/output/families/ssim_DL_s20_f100_sites200_GTR_bl1.0_d1.0_l1.0_t0.0_gc0.0_p0.0_pop10_ms0.0_mf0.0_seed42/families/family_028/misc/raxml_output.F81.raxml.bestTree
All ML trees saved to: /home/fili/Documents/KIT/2023/BA/code/output/families/ssim_DL_s20_f100_sites200_GTR_bl1.0_d1.0_l1.0_t0.0_gc0.0_p0.0_pop10_ms0.0_mf0.0_seed42/families/family_028/misc/raxml_output.F81.raxml.mlTrees
Optimized model saved to: /home/fili/Documents/KIT/2023/BA/code/output/families/ssim_DL_s20_f100_sites200_GTR_bl1.0_d1.0_l1.0_t0.0_gc0.0_p0.0_pop10_ms0.0_mf0.0_seed42/families/family_028/misc/raxml_output.F81.raxml.bestModel

Execution log saved to: /home/fili/Documents/KIT/2023/BA/code/output/families/ssim_DL_s20_f100_sites200_GTR_bl1.0_d1.0_l1.0_t0.0_gc0.0_p0.0_pop10_ms0.0_mf0.0_seed42/families/family_028/misc/raxml_output.F81.raxml.log

Analysis started: 13-Jun-2023 16:03:01 / finished: 13-Jun-2023 16:03:01

Elapsed time: 0.168 seconds

