GeneRax was called as follow:
/home/fili/Documents/KIT/2023/BA/resources/tools/GeneRax/build/bin/generax -f /home/fili/Documents/KIT/2023/BA/code/output/families/ssim_dtl_s20_f100_sites200_GTR_bl1.0_d0.0_l0.0_t1.0_gc0.0_p0.0_pop10_ms0.0_mf0.0_seed42/families.txt -s /home/fili/Documents/KIT/2023/BA/code/output/families/ssim_dtl_s20_f100_sites200_GTR_bl1.0_d0.0_l0.0_t1.0_gc0.0_p0.0_pop10_ms0.0_mf0.0_seed42/species_trees/speciesTree.newick --strategy SPR -p /home/fili/Documents/KIT/2023/BA/code/output/families/ssim_dtl_s20_f100_sites200_GTR_bl1.0_d0.0_l0.0_t1.0_gc0.0_p0.0_pop10_ms0.0_mf0.0_seed42/misc/generax 

General information:
- Output prefix: /home/fili/Documents/KIT/2023/BA/code/output/families/ssim_dtl_s20_f100_sites200_GTR_bl1.0_d0.0_l0.0_t1.0_gc0.0_p0.0_pop10_ms0.0_mf0.0_seed42/misc/generax
- Families information: /home/fili/Documents/KIT/2023/BA/code/output/families/ssim_dtl_s20_f100_sites200_GTR_bl1.0_d0.0_l0.0_t1.0_gc0.0_p0.0_pop10_ms0.0_mf0.0_seed42/families.txt
- Species tree: /home/fili/Documents/KIT/2023/BA/code/output/families/ssim_dtl_s20_f100_sites200_GTR_bl1.0_d0.0_l0.0_t1.0_gc0.0_p0.0_pop10_ms0.0_mf0.0_seed42/species_trees/speciesTree.newick
- MPI Ranks: 1
- Random seed: 123
- Reconciliation model: UndatedDTL
- DTL rates: global rates
- Infer ML reconciliation: ON
- Unrooted reconciliation likelihood: OFF
- Prune species tree mode: OFF

Gene tree correction information:
- Gene tree search strategy: SPR
- Max gene SPR radius: 5

[00:00:00] Filtering invalid families...

Error in family family_047: Input starting gene tree file does not exist
Error in family family_064: Input starting gene tree file does not exist
Error in family family_012: Input starting gene tree file does not exist
Error in family family_090: Input starting gene tree file does not exist
Error in family family_095: Input starting gene tree file does not exist
Error in family family_033: Input starting gene tree file does not exist
Error in family family_011: Input starting gene tree file does not exist
Error in family family_042: Input starting gene tree file does not exist
Error in family family_085: Input starting gene tree file does not exist
Error in family family_020: Input starting gene tree file does not exist
Error in family family_055: Input starting gene tree file does not exist
Error in family family_098: Input starting gene tree file does not exist
Error in family family_089: Input starting gene tree file does not exist
Error in family family_062: Input starting gene tree file does not exist
Error in family family_031: Input starting gene tree file does not exist
Error in family family_094: Input starting gene tree file does not exist
Error in family family_079: Input starting gene tree file does not exist
Error in family family_009: Input starting gene tree file does not exist
Error in family family_073: Input starting gene tree file does not exist
Error in family family_043: Input starting gene tree file does not exist
Error in family family_067: Input starting gene tree file does not exist
Error in family family_010: Input starting gene tree file does not exist
Error in family family_027: Input starting gene tree file does not exist
Error in family family_091: Input starting gene tree file does not exist
Error in family family_038: Input starting gene tree file does not exist
Error in family family_016: Input starting gene tree file does not exist
Error in family family_063: Input starting gene tree file does not exist
Error in family family_013: Input starting gene tree file does not exist
Error in family family_046: Input starting gene tree file does not exist
Error in family family_048: Input starting gene tree file does not exist
Error in family family_052: Input starting gene tree file does not exist
Error in family family_023: Input starting gene tree file does not exist
Error in family family_080: Input starting gene tree file does not exist
Error in family family_007: Input starting gene tree file does not exist
Error in family family_087: Input starting gene tree file does not exist
Error in family family_059: Input starting gene tree file does not exist
Error in family family_096: Input starting gene tree file does not exist
Error in family family_004: Input starting gene tree file does not exist
Error in family family_034: Input starting gene tree file does not exist
Error in family family_070: Input starting gene tree file does not exist
Error in family family_002: Input starting gene tree file does not exist
Error in family family_006: Input starting gene tree file does not exist
Error in family family_037: Input starting gene tree file does not exist
Error in family family_014: Input starting gene tree file does not exist
Error in family family_035: Input starting gene tree file does not exist
Error in family family_099: Input starting gene tree file does not exist
Error in family family_029: Input starting gene tree file does not exist
Error in family family_071: Input starting gene tree file does not exist
Error in family family_005: Input starting gene tree file does not exist
Error in family family_075: Input starting gene tree file does not exist
Error in family family_100: Input starting gene tree file does not exist
Error in family family_021: Input starting gene tree file does not exist
Error in family family_084: Input starting gene tree file does not exist
Error in family family_086: Input starting gene tree file does not exist
Error in family family_030: Input starting gene tree file does not exist
Error in family family_054: Input starting gene tree file does not exist
Error in family family_081: Input starting gene tree file does not exist
Error in family family_041: Input starting gene tree file does not exist
Error in family family_097: Input starting gene tree file does not exist
Error in family family_088: Input starting gene tree file does not exist
Error in family family_015: Input starting gene tree file does not exist
Error in family family_092: Input starting gene tree file does not exist
Error in family family_050: Input starting gene tree file does not exist
Error in family family_001: Input starting gene tree file does not exist
Error in family family_019: Input starting gene tree file does not exist
Error in family family_060: Input starting gene tree file does not exist
Error in family family_049: Input starting gene tree file does not exist
Error in family family_093: Input starting gene tree file does not exist
Error in family family_053: Input starting gene tree file does not exist
Error in family family_065: Input starting gene tree file does not exist
Error in family family_044: Input starting gene tree file does not exist
Error in family family_074: Input starting gene tree file does not exist
Error in family family_078: Input starting gene tree file does not exist
Error in family family_003: Input starting gene tree file does not exist
Error in family family_069: Input starting gene tree file does not exist
Error in family family_058: Input starting gene tree file does not exist
Error in family family_032: Input starting gene tree file does not exist
Error in family family_076: Input starting gene tree file does not exist
Error in family family_056: Input starting gene tree file does not exist
Error in family family_018: Input starting gene tree file does not exist
Error in family family_066: Input starting gene tree file does not exist
Error in family family_040: Input starting gene tree file does not exist
Error in family family_082: Input starting gene tree file does not exist
Error in family family_057: Input starting gene tree file does not exist
Error in family family_072: Input starting gene tree file does not exist
Error in family family_022: Input starting gene tree file does not exist
Error in family family_051: Input starting gene tree file does not exist
Error in family family_045: Input starting gene tree file does not exist
Error in family family_026: Input starting gene tree file does not exist
Error in family family_077: Input starting gene tree file does not exist
Error in family family_039: Input starting gene tree file does not exist
Error in family family_025: Input starting gene tree file does not exist
Error in family family_024: Input starting gene tree file does not exist
Error in family family_068: Input starting gene tree file does not exist
Error in family family_036: Input starting gene tree file does not exist
Error in family family_017: Input starting gene tree file does not exist
Error in family family_008: Input starting gene tree file does not exist
Error in family family_028: Input starting gene tree file does not exist
Error in family family_083: Input starting gene tree file does not exist
Error in family family_061: Input starting gene tree file does not exist
WARNING!!! Found 100 invalid families (they will be discarded from the analysis)
[Error] No valid families! Aborting GeneRax
