
RAxML-NG v. 1.1.0 released on 29.11.2021 by The Exelixis Lab.
Developed by: Alexey M. Kozlov and Alexandros Stamatakis.
Contributors: Diego Darriba, Tomas Flouri, Benoit Morel, Sarah Lutteropp, Ben Bettisworth.
Latest version: https://github.com/amkozlov/raxml-ng
Questions/problems/suggestions? Please visit: https://groups.google.com/forum/#!forum/raxml

System: AMD Ryzen 7 5800X 8-Core Processor, 8 cores, 31 GB RAM

RAxML-NG was called at 12-Jun-2023 12:38:59 as follows:

/home/fili/Documents/KIT/2023/BA/resources/tools/RAxML-NG/raxml-ng --msa /home/fili/Documents/KIT/2023/BA/code/output/families/ssim_dtl_s20_f100_sites200_GTR_bl1.0_d0.0_l0.0_t1.0_gc0.0_p0.0_pop10_ms0.0_mf0.0_seed42/families/family_007/alignment.msa --model F81 --prefix /home/fili/Documents/KIT/2023/BA/code/output/families/ssim_dtl_s20_f100_sites200_GTR_bl1.0_d0.0_l0.0_t1.0_gc0.0_p0.0_pop10_ms0.0_mf0.0_seed42/families/family_007/misc/raxml_output.F81

Analysis options:
  run mode: ML tree search
  start tree(s): random (10) + parsimony (10)
  random seed: 1686566339
  tip-inner: OFF
  pattern compression: ON
  per-rate scalers: OFF
  site repeats: ON
  fast spr radius: AUTO
  spr subtree cutoff: 1.000000
  branch lengths: proportional (ML estimate, algorithm: NR-FAST)
  SIMD kernels: AVX2
  parallelization: coarse-grained (auto), PTHREADS (auto)

[00:00:00] Reading alignment from file: /home/fili/Documents/KIT/2023/BA/code/output/families/ssim_dtl_s20_f100_sites200_GTR_bl1.0_d0.0_l0.0_t1.0_gc0.0_p0.0_pop10_ms0.0_mf0.0_seed42/families/family_007/alignment.msa
[00:00:00] Loaded alignment with 20 taxa and 173 sites

WARNING: Sequences 10_0_0 and 12_0_0 are exactly identical!
WARNING: Sequences 10_0_0 and 4_0_0 are exactly identical!
WARNING: Sequences 13_0_0 and 9_0_0 are exactly identical!
WARNING: Sequences 2_0_0 and 3_0_0 are exactly identical!
WARNING: Duplicate sequences found: 4

NOTE: Reduced alignment (with duplicates and gap-only sites/taxa removed) 
NOTE: was saved to: /home/fili/Documents/KIT/2023/BA/code/output/families/ssim_dtl_s20_f100_sites200_GTR_bl1.0_d0.0_l0.0_t1.0_gc0.0_p0.0_pop10_ms0.0_mf0.0_seed42/families/family_007/misc/raxml_output.F81.raxml.reduced.phy

Alignment comprises 1 partitions and 93 patterns

Partition 0: noname
Model: F81+FO
Alignment sites / patterns: 173 / 93
Gaps: 0.00 %
Invariant sites: 38.73 %


NOTE: Binary MSA file created: /home/fili/Documents/KIT/2023/BA/code/output/families/ssim_dtl_s20_f100_sites200_GTR_bl1.0_d0.0_l0.0_t1.0_gc0.0_p0.0_pop10_ms0.0_mf0.0_seed42/families/family_007/misc/raxml_output.F81.raxml.rba

Parallelization scheme autoconfig: 8 worker(s) x 1 thread(s)

Parallel reduction/worker buffer size: 1 KB  / 0 KB

[00:00:00] Generating 10 random starting tree(s) with 20 taxa
[00:00:00] Generating 10 parsimony starting tree(s) with 20 taxa
[00:00:00] Data distribution: max. partitions/sites/weight per thread: 1 / 93 / 372
[00:00:00] Data distribution: max. searches per worker: 3

Starting ML tree search with 20 distinct starting trees

[00:00:00 -2600.024241] Initial branch length optimization
[00:00:00 -2219.915718] Model parameter optimization (eps = 10.000000)
[00:00:00 -2208.125303] AUTODETECT spr round 1 (radius: 5)
[00:00:00 -1227.690013] AUTODETECT spr round 2 (radius: 10)
[00:00:00 -1227.688516] SPR radius for FAST iterations: 5 (autodetect)
[00:00:00 -1227.688516] Model parameter optimization (eps = 3.000000)
[00:00:00 -1225.952623] FAST spr round 1 (radius: 5)
[00:00:00 -1220.217827] FAST spr round 2 (radius: 5)
[00:00:00 -1220.217614] Model parameter optimization (eps = 1.000000)
[00:00:00 -1220.203620] SLOW spr round 1 (radius: 5)
[00:00:00 -1220.203608] SLOW spr round 2 (radius: 10)
[00:00:00] [worker #1] ML tree search #2, logLikelihood: -1220.203607
[00:00:00] [worker #2] ML tree search #3, logLikelihood: -1220.203606
[00:00:00 -1220.203608] SLOW spr round 3 (radius: 15)
[00:00:00 -1220.203608] SLOW spr round 4 (radius: 20)
[00:00:00 -1220.203608] Model parameter optimization (eps = 0.100000)

[00:00:00] [worker #0] ML tree search #1, logLikelihood: -1220.203606

[00:00:00] [worker #7] ML tree search #8, logLikelihood: -1220.203607
[00:00:00] [worker #4] ML tree search #5, logLikelihood: -1220.203606
[00:00:00] [worker #5] ML tree search #6, logLikelihood: -1220.203605
[00:00:00] [worker #6] ML tree search #7, logLikelihood: -1220.203606
[00:00:00 -2564.322715] Initial branch length optimization
[00:00:00 -2308.469041] Model parameter optimization (eps = 10.000000)
[00:00:00 -2295.176054] AUTODETECT spr round 1 (radius: 5)
[00:00:00] [worker #3] ML tree search #4, logLikelihood: -1220.203605
[00:00:00 -1252.920474] AUTODETECT spr round 2 (radius: 10)
[00:00:00 -1252.919129] SPR radius for FAST iterations: 5 (autodetect)
[00:00:00 -1252.919129] Model parameter optimization (eps = 3.000000)
[00:00:00 -1250.224745] FAST spr round 1 (radius: 5)
[00:00:00 -1225.594743] FAST spr round 2 (radius: 5)
[00:00:00 -1225.594449] Model parameter optimization (eps = 1.000000)
[00:00:00 -1225.575216] SLOW spr round 1 (radius: 5)
[00:00:00 -1224.125042] SLOW spr round 2 (radius: 5)
[00:00:00] [worker #1] ML tree search #10, logLikelihood: -1220.203606
[00:00:00] [worker #2] ML tree search #11, logLikelihood: -1220.203608
[00:00:00] [worker #5] ML tree search #14, logLikelihood: -1220.203606
[00:00:00 -1220.978060] SLOW spr round 3 (radius: 5)
[00:00:00] [worker #7] ML tree search #16, logLikelihood: -1220.203605
[00:00:00] [worker #6] ML tree search #15, logLikelihood: -1220.203606
[00:00:00 -1220.256164] SLOW spr round 4 (radius: 5)
[00:00:00] [worker #4] ML tree search #13, logLikelihood: -1220.203608
[00:00:00] [worker #3] ML tree search #12, logLikelihood: -1220.203608
[00:00:00] [worker #1] ML tree search #18, logLikelihood: -1220.203606
[00:00:00 -1220.256148] SLOW spr round 5 (radius: 10)
[00:00:00 -1220.256148] SLOW spr round 6 (radius: 15)
[00:00:00 -1220.256148] SLOW spr round 7 (radius: 20)
[00:00:00] [worker #2] ML tree search #19, logLikelihood: -1220.203605
[00:00:00 -1220.256148] Model parameter optimization (eps = 0.100000)

[00:00:00] [worker #0] ML tree search #9, logLikelihood: -1220.203706

[00:00:00 -1565.850910] Initial branch length optimization
[00:00:00 -1234.964164] Model parameter optimization (eps = 10.000000)
[00:00:00 -1224.449586] AUTODETECT spr round 1 (radius: 5)
[00:00:00 -1220.241145] AUTODETECT spr round 2 (radius: 10)
[00:00:00 -1220.240732] SPR radius for FAST iterations: 5 (autodetect)
[00:00:00 -1220.240732] Model parameter optimization (eps = 3.000000)
[00:00:00 -1220.203702] FAST spr round 1 (radius: 5)
[00:00:00 -1220.203641] Model parameter optimization (eps = 1.000000)
[00:00:00 -1220.203606] SLOW spr round 1 (radius: 5)
[00:00:00 -1220.203606] SLOW spr round 2 (radius: 10)
[00:00:00 -1220.203606] SLOW spr round 3 (radius: 15)
[00:00:00 -1220.203606] SLOW spr round 4 (radius: 20)
[00:00:00 -1220.203606] Model parameter optimization (eps = 0.100000)

[00:00:00] [worker #0] ML tree search #17, logLikelihood: -1220.203606

[00:00:00] [worker #3] ML tree search #20, logLikelihood: -1220.203606

Optimized model parameters:

   Partition 0: noname
   Rate heterogeneity: NONE
   Base frequencies (ML): 0.239888 0.169007 0.340409 0.250695 
   Substitution rates (model): 1.000000 1.000000 1.000000 1.000000 1.000000 1.000000 


Final LogLikelihood: -1220.203605

AIC score: 2520.407211 / AICc score: 2545.255695 / BIC score: 2646.538874
Free parameters (model + branch lengths): 40

WARNING: Best ML tree contains 1 near-zero branches!

Best ML tree with collapsed near-zero branches saved to: /home/fili/Documents/KIT/2023/BA/code/output/families/ssim_dtl_s20_f100_sites200_GTR_bl1.0_d0.0_l0.0_t1.0_gc0.0_p0.0_pop10_ms0.0_mf0.0_seed42/families/family_007/misc/raxml_output.F81.raxml.bestTreeCollapsed
Best ML tree saved to: /home/fili/Documents/KIT/2023/BA/code/output/families/ssim_dtl_s20_f100_sites200_GTR_bl1.0_d0.0_l0.0_t1.0_gc0.0_p0.0_pop10_ms0.0_mf0.0_seed42/families/family_007/misc/raxml_output.F81.raxml.bestTree
All ML trees saved to: /home/fili/Documents/KIT/2023/BA/code/output/families/ssim_dtl_s20_f100_sites200_GTR_bl1.0_d0.0_l0.0_t1.0_gc0.0_p0.0_pop10_ms0.0_mf0.0_seed42/families/family_007/misc/raxml_output.F81.raxml.mlTrees
Optimized model saved to: /home/fili/Documents/KIT/2023/BA/code/output/families/ssim_dtl_s20_f100_sites200_GTR_bl1.0_d0.0_l0.0_t1.0_gc0.0_p0.0_pop10_ms0.0_mf0.0_seed42/families/family_007/misc/raxml_output.F81.raxml.bestModel

Execution log saved to: /home/fili/Documents/KIT/2023/BA/code/output/families/ssim_dtl_s20_f100_sites200_GTR_bl1.0_d0.0_l0.0_t1.0_gc0.0_p0.0_pop10_ms0.0_mf0.0_seed42/families/family_007/misc/raxml_output.F81.raxml.log

Analysis started: 12-Jun-2023 12:38:59 / finished: 12-Jun-2023 12:38:59

Elapsed time: 0.346 seconds

