
RAxML-NG v. 1.1.0 released on 29.11.2021 by The Exelixis Lab.
Developed by: Alexey M. Kozlov and Alexandros Stamatakis.
Contributors: Diego Darriba, Tomas Flouri, Benoit Morel, Sarah Lutteropp, Ben Bettisworth.
Latest version: https://github.com/amkozlov/raxml-ng
Questions/problems/suggestions? Please visit: https://groups.google.com/forum/#!forum/raxml

System: AMD Ryzen 7 5800X 8-Core Processor, 8 cores, 31 GB RAM

RAxML-NG was called at 27-Jun-2023 13:47:24 as follows:

/home/fili/Documents/KIT/2023/BA/resources/tools/RAxML-NG/raxml-ng --msa /home/fili/Documents/KIT/2023/BA/code/output/families/ssim_NE_s20_f100_sites200_GTR_bl1.0_d0.0_l0.0_t0.0_gc0.0_p0.0_pop10_ms0.0_mf0.0_seed121873/families/family_034/alignment.msa --model F81 --prefix /home/fili/Documents/KIT/2023/BA/code/output/families/ssim_NE_s20_f100_sites200_GTR_bl1.0_d0.0_l0.0_t0.0_gc0.0_p0.0_pop10_ms0.0_mf0.0_seed121873/families/family_034/misc/raxml_output.F81

Analysis options:
  run mode: ML tree search
  start tree(s): random (10) + parsimony (10)
  random seed: 1687866444
  tip-inner: OFF
  pattern compression: ON
  per-rate scalers: OFF
  site repeats: ON
  fast spr radius: AUTO
  spr subtree cutoff: 1.000000
  branch lengths: proportional (ML estimate, algorithm: NR-FAST)
  SIMD kernels: AVX2
  parallelization: coarse-grained (auto), PTHREADS (auto)

[00:00:00] Reading alignment from file: /home/fili/Documents/KIT/2023/BA/code/output/families/ssim_NE_s20_f100_sites200_GTR_bl1.0_d0.0_l0.0_t0.0_gc0.0_p0.0_pop10_ms0.0_mf0.0_seed121873/families/family_034/alignment.msa
[00:00:00] Loaded alignment with 20 taxa and 167 sites

WARNING: Sequences 2_0_0 and 12_0_0 are exactly identical!
WARNING: Sequences 15_0_0 and 17_0_0 are exactly identical!
WARNING: Duplicate sequences found: 2

NOTE: Reduced alignment (with duplicates and gap-only sites/taxa removed) 
NOTE: was saved to: /home/fili/Documents/KIT/2023/BA/code/output/families/ssim_NE_s20_f100_sites200_GTR_bl1.0_d0.0_l0.0_t0.0_gc0.0_p0.0_pop10_ms0.0_mf0.0_seed121873/families/family_034/misc/raxml_output.F81.raxml.reduced.phy

Alignment comprises 1 partitions and 94 patterns

Partition 0: noname
Model: F81+FO
Alignment sites / patterns: 167 / 94
Gaps: 0.00 %
Invariant sites: 36.53 %


NOTE: Binary MSA file created: /home/fili/Documents/KIT/2023/BA/code/output/families/ssim_NE_s20_f100_sites200_GTR_bl1.0_d0.0_l0.0_t0.0_gc0.0_p0.0_pop10_ms0.0_mf0.0_seed121873/families/family_034/misc/raxml_output.F81.raxml.rba

Parallelization scheme autoconfig: 8 worker(s) x 1 thread(s)

Parallel reduction/worker buffer size: 1 KB  / 0 KB

[00:00:00] Generating 10 random starting tree(s) with 20 taxa
[00:00:00] Generating 10 parsimony starting tree(s) with 20 taxa
[00:00:00] Data distribution: max. partitions/sites/weight per thread: 1 / 94 / 376
[00:00:00] Data distribution: max. searches per worker: 3

Starting ML tree search with 20 distinct starting trees

[00:00:00 -2235.625765] Initial branch length optimization
[00:00:00 -1936.746310] Model parameter optimization (eps = 10.000000)
[00:00:00 -1848.770800] AUTODETECT spr round 1 (radius: 5)
[00:00:00 -1264.998088] AUTODETECT spr round 2 (radius: 10)
[00:00:00 -1254.236330] AUTODETECT spr round 3 (radius: 15)
[00:00:00 -1254.235900] SPR radius for FAST iterations: 10 (autodetect)
[00:00:00 -1254.235900] Model parameter optimization (eps = 3.000000)
[00:00:00 -1253.583771] FAST spr round 1 (radius: 10)
[00:00:00 -1243.176017] FAST spr round 2 (radius: 10)
[00:00:00 -1242.442014] FAST spr round 3 (radius: 10)
[00:00:00 -1242.173843] FAST spr round 4 (radius: 10)
[00:00:00 -1242.173843] Model parameter optimization (eps = 1.000000)
[00:00:00 -1242.082830] SLOW spr round 1 (radius: 5)
[00:00:00 -1242.082659] SLOW spr round 2 (radius: 10)
[00:00:00 -1242.082657] SLOW spr round 3 (radius: 15)
[00:00:00] [worker #1] ML tree search #2, logLikelihood: -1242.082601
[00:00:00] [worker #4] ML tree search #5, logLikelihood: -1242.082599
[00:00:00] [worker #6] ML tree search #7, logLikelihood: -1242.082600
[00:00:00 -1242.082657] SLOW spr round 4 (radius: 20)
[00:00:00 -1242.082657] Model parameter optimization (eps = 0.100000)

[00:00:00] [worker #0] ML tree search #1, logLikelihood: -1242.082600

[00:00:00 -2337.135321] Initial branch length optimization
[00:00:00] [worker #3] ML tree search #4, logLikelihood: -1242.082600
[00:00:00 -2010.744086] Model parameter optimization (eps = 10.000000)
[00:00:00] [worker #7] ML tree search #8, logLikelihood: -1242.082600
[00:00:00 -1908.969621] AUTODETECT spr round 1 (radius: 5)
[00:00:00 -1291.494805] AUTODETECT spr round 2 (radius: 10)
[00:00:00 -1291.241028] AUTODETECT spr round 3 (radius: 15)
[00:00:00] [worker #5] ML tree search #6, logLikelihood: -1242.082601
[00:00:00 -1291.239718] SPR radius for FAST iterations: 10 (autodetect)
[00:00:00 -1291.239718] Model parameter optimization (eps = 3.000000)
[00:00:00 -1289.027629] FAST spr round 1 (radius: 10)
[00:00:00 -1246.893996] FAST spr round 2 (radius: 10)
[00:00:00 -1242.198661] FAST spr round 3 (radius: 10)
[00:00:00 -1242.198606] Model parameter optimization (eps = 1.000000)
[00:00:00 -1242.082785] SLOW spr round 1 (radius: 5)
[00:00:00] [worker #2] ML tree search #3, logLikelihood: -1242.082600
[00:00:00 -1242.082755] SLOW spr round 2 (radius: 10)
[00:00:00] [worker #4] ML tree search #13, logLikelihood: -1242.082599
[00:00:00] [worker #6] ML tree search #15, logLikelihood: -1242.082599
[00:00:00 -1242.082755] SLOW spr round 3 (radius: 15)
[00:00:00] [worker #1] ML tree search #10, logLikelihood: -1242.082600
[00:00:00] [worker #3] ML tree search #12, logLikelihood: -1242.082599
[00:00:00 -1242.082755] SLOW spr round 4 (radius: 20)
[00:00:00 -1242.082755] Model parameter optimization (eps = 0.100000)

[00:00:00] [worker #0] ML tree search #9, logLikelihood: -1242.082606

[00:00:00 -1581.834460] Initial branch length optimization
[00:00:00 -1296.160843] Model parameter optimization (eps = 10.000000)
[00:00:00] [worker #7] ML tree search #16, logLikelihood: -1242.082599
[00:00:00 -1249.869123] AUTODETECT spr round 1 (radius: 5)
[00:00:00 -1242.832521] AUTODETECT spr round 2 (radius: 10)
[00:00:00 -1242.831843] SPR radius for FAST iterations: 5 (autodetect)
[00:00:00 -1242.831843] Model parameter optimization (eps = 3.000000)
[00:00:00 -1242.822601] FAST spr round 1 (radius: 5)
[00:00:00 -1242.407862] FAST spr round 2 (radius: 5)
[00:00:00] [worker #5] ML tree search #14, logLikelihood: -1242.082600
[00:00:00 -1242.092280] FAST spr round 3 (radius: 5)
[00:00:00 -1242.092280] Model parameter optimization (eps = 1.000000)
[00:00:00 -1242.082613] SLOW spr round 1 (radius: 5)
[00:00:00 -1242.082599] SLOW spr round 2 (radius: 10)
[00:00:00] [worker #2] ML tree search #11, logLikelihood: -1242.082601
[00:00:00 -1242.082599] SLOW spr round 3 (radius: 15)
[00:00:00 -1242.082599] SLOW spr round 4 (radius: 20)
[00:00:00 -1242.082599] Model parameter optimization (eps = 0.100000)

[00:00:00] [worker #0] ML tree search #17, logLikelihood: -1242.082599

[00:00:00] [worker #3] ML tree search #20, logLikelihood: -1242.082599
[00:00:00] [worker #1] ML tree search #18, logLikelihood: -1242.082600
[00:00:00] [worker #2] ML tree search #19, logLikelihood: -1242.082599

Optimized model parameters:

   Partition 0: noname
   Rate heterogeneity: NONE
   Base frequencies (ML): 0.376898 0.117656 0.353246 0.152199 
   Substitution rates (model): 1.000000 1.000000 1.000000 1.000000 1.000000 1.000000 


Final LogLikelihood: -1242.082599

AIC score: 2564.165198 / AICc score: 2590.196944 / BIC score: 2688.884951
Free parameters (model + branch lengths): 40

WARNING: Best ML tree contains 1 near-zero branches!

Best ML tree with collapsed near-zero branches saved to: /home/fili/Documents/KIT/2023/BA/code/output/families/ssim_NE_s20_f100_sites200_GTR_bl1.0_d0.0_l0.0_t0.0_gc0.0_p0.0_pop10_ms0.0_mf0.0_seed121873/families/family_034/misc/raxml_output.F81.raxml.bestTreeCollapsed
Best ML tree saved to: /home/fili/Documents/KIT/2023/BA/code/output/families/ssim_NE_s20_f100_sites200_GTR_bl1.0_d0.0_l0.0_t0.0_gc0.0_p0.0_pop10_ms0.0_mf0.0_seed121873/families/family_034/misc/raxml_output.F81.raxml.bestTree
All ML trees saved to: /home/fili/Documents/KIT/2023/BA/code/output/families/ssim_NE_s20_f100_sites200_GTR_bl1.0_d0.0_l0.0_t0.0_gc0.0_p0.0_pop10_ms0.0_mf0.0_seed121873/families/family_034/misc/raxml_output.F81.raxml.mlTrees
Optimized model saved to: /home/fili/Documents/KIT/2023/BA/code/output/families/ssim_NE_s20_f100_sites200_GTR_bl1.0_d0.0_l0.0_t0.0_gc0.0_p0.0_pop10_ms0.0_mf0.0_seed121873/families/family_034/misc/raxml_output.F81.raxml.bestModel

Execution log saved to: /home/fili/Documents/KIT/2023/BA/code/output/families/ssim_NE_s20_f100_sites200_GTR_bl1.0_d0.0_l0.0_t0.0_gc0.0_p0.0_pop10_ms0.0_mf0.0_seed121873/families/family_034/misc/raxml_output.F81.raxml.log

Analysis started: 27-Jun-2023 13:47:24 / finished: 27-Jun-2023 13:47:24

Elapsed time: 0.275 seconds

