
RAxML-NG v. 1.1.0 released on 29.11.2021 by The Exelixis Lab.
Developed by: Alexey M. Kozlov and Alexandros Stamatakis.
Contributors: Diego Darriba, Tomas Flouri, Benoit Morel, Sarah Lutteropp, Ben Bettisworth.
Latest version: https://github.com/amkozlov/raxml-ng
Questions/problems/suggestions? Please visit: https://groups.google.com/forum/#!forum/raxml

System: AMD Ryzen 7 5800X 8-Core Processor, 8 cores, 31 GB RAM

RAxML-NG was called at 27-Jun-2023 13:47:14 as follows:

/home/fili/Documents/KIT/2023/BA/resources/tools/RAxML-NG/raxml-ng --msa /home/fili/Documents/KIT/2023/BA/code/output/families/ssim_NE_s20_f100_sites200_GTR_bl1.0_d0.0_l0.0_t0.0_gc0.0_p0.0_pop10_ms0.0_mf0.0_seed121873/families/family_018/alignment.msa --model F81 --prefix /home/fili/Documents/KIT/2023/BA/code/output/families/ssim_NE_s20_f100_sites200_GTR_bl1.0_d0.0_l0.0_t0.0_gc0.0_p0.0_pop10_ms0.0_mf0.0_seed121873/families/family_018/misc/raxml_output.F81

Analysis options:
  run mode: ML tree search
  start tree(s): random (10) + parsimony (10)
  random seed: 1687866434
  tip-inner: OFF
  pattern compression: ON
  per-rate scalers: OFF
  site repeats: ON
  fast spr radius: AUTO
  spr subtree cutoff: 1.000000
  branch lengths: proportional (ML estimate, algorithm: NR-FAST)
  SIMD kernels: AVX2
  parallelization: coarse-grained (auto), PTHREADS (auto)

[00:00:00] Reading alignment from file: /home/fili/Documents/KIT/2023/BA/code/output/families/ssim_NE_s20_f100_sites200_GTR_bl1.0_d0.0_l0.0_t0.0_gc0.0_p0.0_pop10_ms0.0_mf0.0_seed121873/families/family_018/alignment.msa
[00:00:00] Loaded alignment with 20 taxa and 162 sites

WARNING: Sequences 12_0_0 and 2_0_0 are exactly identical!
WARNING: Sequences 14_0_0 and 18_0_0 are exactly identical!
WARNING: Sequences 15_0_0 and 17_0_0 are exactly identical!
WARNING: Sequences 19_0_0 and 13_0_0 are exactly identical!
WARNING: Duplicate sequences found: 4

NOTE: Reduced alignment (with duplicates and gap-only sites/taxa removed) 
NOTE: was saved to: /home/fili/Documents/KIT/2023/BA/code/output/families/ssim_NE_s20_f100_sites200_GTR_bl1.0_d0.0_l0.0_t0.0_gc0.0_p0.0_pop10_ms0.0_mf0.0_seed121873/families/family_018/misc/raxml_output.F81.raxml.reduced.phy

Alignment comprises 1 partitions and 76 patterns

Partition 0: noname
Model: F81+FO
Alignment sites / patterns: 162 / 76
Gaps: 0.00 %
Invariant sites: 50.62 %


NOTE: Binary MSA file created: /home/fili/Documents/KIT/2023/BA/code/output/families/ssim_NE_s20_f100_sites200_GTR_bl1.0_d0.0_l0.0_t0.0_gc0.0_p0.0_pop10_ms0.0_mf0.0_seed121873/families/family_018/misc/raxml_output.F81.raxml.rba

Parallelization scheme autoconfig: 8 worker(s) x 1 thread(s)

Parallel reduction/worker buffer size: 1 KB  / 0 KB

[00:00:00] Generating 10 random starting tree(s) with 20 taxa
[00:00:00] Generating 10 parsimony starting tree(s) with 20 taxa
[00:00:00] Data distribution: max. partitions/sites/weight per thread: 1 / 76 / 304
[00:00:00] Data distribution: max. searches per worker: 3

Starting ML tree search with 20 distinct starting trees

[00:00:00 -1913.515090] Initial branch length optimization
[00:00:00 -1644.600595] Model parameter optimization (eps = 10.000000)
[00:00:00 -1575.258389] AUTODETECT spr round 1 (radius: 5)
[00:00:00 -954.240459] AUTODETECT spr round 2 (radius: 10)
[00:00:00 -954.239031] SPR radius for FAST iterations: 5 (autodetect)
[00:00:00 -954.239031] Model parameter optimization (eps = 3.000000)
[00:00:00 -952.281474] FAST spr round 1 (radius: 5)
[00:00:00 -929.081689] FAST spr round 2 (radius: 5)
[00:00:00 -927.858448] FAST spr round 3 (radius: 5)
[00:00:00 -927.858448] Model parameter optimization (eps = 1.000000)
[00:00:00 -927.620389] SLOW spr round 1 (radius: 5)
[00:00:00] [worker #5] ML tree search #6, logLikelihood: -927.620102
[00:00:00] [worker #1] ML tree search #2, logLikelihood: -927.620101
[00:00:00] [worker #7] ML tree search #8, logLikelihood: -928.813003
[00:00:00] [worker #4] ML tree search #5, logLikelihood: -927.620101
[00:00:00] [worker #3] ML tree search #4, logLikelihood: -927.620101
[00:00:00] [worker #2] ML tree search #3, logLikelihood: -927.620101
[00:00:00 -927.620304] SLOW spr round 2 (radius: 10)
[00:00:00] [worker #6] ML tree search #7, logLikelihood: -928.813005
[00:00:00 -927.620304] SLOW spr round 3 (radius: 15)
[00:00:00 -927.620304] SLOW spr round 4 (radius: 20)
[00:00:00 -927.620304] Model parameter optimization (eps = 0.100000)

[00:00:00] [worker #0] ML tree search #1, logLikelihood: -927.620101

[00:00:00 -2032.068678] Initial branch length optimization
[00:00:00 -1750.853257] Model parameter optimization (eps = 10.000000)
[00:00:00] [worker #7] ML tree search #16, logLikelihood: -927.620101
[00:00:00 -1664.778504] AUTODETECT spr round 1 (radius: 5)
[00:00:00] [worker #4] ML tree search #13, logLikelihood: -927.620101
[00:00:00] [worker #3] ML tree search #12, logLikelihood: -927.620101
[00:00:00 -1002.207902] AUTODETECT spr round 2 (radius: 10)
[00:00:00 -954.243668] AUTODETECT spr round 3 (radius: 15)
[00:00:00] [worker #2] ML tree search #11, logLikelihood: -927.620100
[00:00:00] [worker #5] ML tree search #14, logLikelihood: -927.620123
[00:00:00 -954.243663] SPR radius for FAST iterations: 10 (autodetect)
[00:00:00 -954.243663] Model parameter optimization (eps = 3.000000)
[00:00:00] [worker #1] ML tree search #10, logLikelihood: -927.620101
[00:00:00 -947.537898] FAST spr round 1 (radius: 10)
[00:00:00 -929.649489] FAST spr round 2 (radius: 10)
[00:00:00 -928.838163] FAST spr round 3 (radius: 10)
[00:00:00 -928.838163] Model parameter optimization (eps = 1.000000)
[00:00:00 -928.813007] SLOW spr round 1 (radius: 5)
[00:00:00] [worker #6] ML tree search #15, logLikelihood: -927.620101
[00:00:00] [worker #3] ML tree search #20, logLikelihood: -927.620100
[00:00:00 -928.813006] SLOW spr round 2 (radius: 10)
[00:00:00 -928.813006] SLOW spr round 3 (radius: 15)
[00:00:00 -928.813006] SLOW spr round 4 (radius: 20)
[00:00:00 -928.813006] Model parameter optimization (eps = 0.100000)

[00:00:00] [worker #0] ML tree search #9, logLikelihood: -928.813003

[00:00:00] [worker #1] ML tree search #18, logLikelihood: -927.620100
[00:00:00] [worker #2] ML tree search #19, logLikelihood: -927.620102
[00:00:00 -1283.804190] Initial branch length optimization
[00:00:00 -958.997268] Model parameter optimization (eps = 10.000000)
[00:00:00 -929.133730] AUTODETECT spr round 1 (radius: 5)
[00:00:00 -928.744991] AUTODETECT spr round 2 (radius: 10)
[00:00:00 -928.744980] SPR radius for FAST iterations: 5 (autodetect)
[00:00:00 -928.744980] Model parameter optimization (eps = 3.000000)
[00:00:00 -928.743901] FAST spr round 1 (radius: 5)
[00:00:00 -928.743899] Model parameter optimization (eps = 1.000000)
[00:00:00 -928.743898] SLOW spr round 1 (radius: 5)
[00:00:00 -927.678604] SLOW spr round 2 (radius: 5)
[00:00:00 -927.678604] SLOW spr round 3 (radius: 10)
[00:00:00 -927.678604] SLOW spr round 4 (radius: 15)
[00:00:00 -927.678604] SLOW spr round 5 (radius: 20)
[00:00:00 -927.678604] Model parameter optimization (eps = 0.100000)

[00:00:00] [worker #0] ML tree search #17, logLikelihood: -927.620123


Optimized model parameters:

   Partition 0: noname
   Rate heterogeneity: NONE
   Base frequencies (ML): 0.341678 0.097313 0.334077 0.226932 
   Substitution rates (model): 1.000000 1.000000 1.000000 1.000000 1.000000 1.000000 


Final LogLikelihood: -927.620100

AIC score: 1935.240200 / AICc score: 1962.347638 / BIC score: 2058.744054
Free parameters (model + branch lengths): 40

WARNING: Best ML tree contains 2 near-zero branches!

Best ML tree with collapsed near-zero branches saved to: /home/fili/Documents/KIT/2023/BA/code/output/families/ssim_NE_s20_f100_sites200_GTR_bl1.0_d0.0_l0.0_t0.0_gc0.0_p0.0_pop10_ms0.0_mf0.0_seed121873/families/family_018/misc/raxml_output.F81.raxml.bestTreeCollapsed
Best ML tree saved to: /home/fili/Documents/KIT/2023/BA/code/output/families/ssim_NE_s20_f100_sites200_GTR_bl1.0_d0.0_l0.0_t0.0_gc0.0_p0.0_pop10_ms0.0_mf0.0_seed121873/families/family_018/misc/raxml_output.F81.raxml.bestTree
All ML trees saved to: /home/fili/Documents/KIT/2023/BA/code/output/families/ssim_NE_s20_f100_sites200_GTR_bl1.0_d0.0_l0.0_t0.0_gc0.0_p0.0_pop10_ms0.0_mf0.0_seed121873/families/family_018/misc/raxml_output.F81.raxml.mlTrees
Optimized model saved to: /home/fili/Documents/KIT/2023/BA/code/output/families/ssim_NE_s20_f100_sites200_GTR_bl1.0_d0.0_l0.0_t0.0_gc0.0_p0.0_pop10_ms0.0_mf0.0_seed121873/families/family_018/misc/raxml_output.F81.raxml.bestModel

Execution log saved to: /home/fili/Documents/KIT/2023/BA/code/output/families/ssim_NE_s20_f100_sites200_GTR_bl1.0_d0.0_l0.0_t0.0_gc0.0_p0.0_pop10_ms0.0_mf0.0_seed121873/families/family_018/misc/raxml_output.F81.raxml.log

Analysis started: 27-Jun-2023 13:47:14 / finished: 27-Jun-2023 13:47:14

Elapsed time: 0.216 seconds

