
RAxML-NG v. 1.1.0 released on 29.11.2021 by The Exelixis Lab.
Developed by: Alexey M. Kozlov and Alexandros Stamatakis.
Contributors: Diego Darriba, Tomas Flouri, Benoit Morel, Sarah Lutteropp, Ben Bettisworth.
Latest version: https://github.com/amkozlov/raxml-ng
Questions/problems/suggestions? Please visit: https://groups.google.com/forum/#!forum/raxml

System: AMD Ryzen 7 5800X 8-Core Processor, 8 cores, 31 GB RAM

RAxML-NG was called at 27-Jun-2023 13:47:22 as follows:

/home/fili/Documents/KIT/2023/BA/resources/tools/RAxML-NG/raxml-ng --msa /home/fili/Documents/KIT/2023/BA/code/output/families/ssim_NE_s20_f100_sites200_GTR_bl1.0_d0.0_l0.0_t0.0_gc0.0_p0.0_pop10_ms0.0_mf0.0_seed121873/families/family_029/alignment.msa --model F81 --prefix /home/fili/Documents/KIT/2023/BA/code/output/families/ssim_NE_s20_f100_sites200_GTR_bl1.0_d0.0_l0.0_t0.0_gc0.0_p0.0_pop10_ms0.0_mf0.0_seed121873/families/family_029/misc/raxml_output.F81

Analysis options:
  run mode: ML tree search
  start tree(s): random (10) + parsimony (10)
  random seed: 1687866442
  tip-inner: OFF
  pattern compression: ON
  per-rate scalers: OFF
  site repeats: ON
  fast spr radius: AUTO
  spr subtree cutoff: 1.000000
  branch lengths: proportional (ML estimate, algorithm: NR-FAST)
  SIMD kernels: AVX2
  parallelization: coarse-grained (auto), PTHREADS (auto)

[00:00:00] Reading alignment from file: /home/fili/Documents/KIT/2023/BA/code/output/families/ssim_NE_s20_f100_sites200_GTR_bl1.0_d0.0_l0.0_t0.0_gc0.0_p0.0_pop10_ms0.0_mf0.0_seed121873/families/family_029/alignment.msa
[00:00:00] Loaded alignment with 20 taxa and 133 sites

Alignment comprises 1 partitions and 74 patterns

Partition 0: noname
Model: F81+FO
Alignment sites / patterns: 133 / 74
Gaps: 0.00 %
Invariant sites: 37.59 %


NOTE: Binary MSA file created: /home/fili/Documents/KIT/2023/BA/code/output/families/ssim_NE_s20_f100_sites200_GTR_bl1.0_d0.0_l0.0_t0.0_gc0.0_p0.0_pop10_ms0.0_mf0.0_seed121873/families/family_029/misc/raxml_output.F81.raxml.rba

Parallelization scheme autoconfig: 8 worker(s) x 1 thread(s)

Parallel reduction/worker buffer size: 1 KB  / 0 KB

[00:00:00] Generating 10 random starting tree(s) with 20 taxa
[00:00:00] Generating 10 parsimony starting tree(s) with 20 taxa
[00:00:00] Data distribution: max. partitions/sites/weight per thread: 1 / 74 / 296
[00:00:00] Data distribution: max. searches per worker: 3

Starting ML tree search with 20 distinct starting trees

[00:00:00 -1770.127210] Initial branch length optimization
[00:00:00 -1556.796029] Model parameter optimization (eps = 10.000000)
[00:00:00 -1511.621991] AUTODETECT spr round 1 (radius: 5)
[00:00:00 -937.799209] AUTODETECT spr round 2 (radius: 10)
[00:00:00 -937.798728] SPR radius for FAST iterations: 5 (autodetect)
[00:00:00 -937.798728] Model parameter optimization (eps = 3.000000)
[00:00:00 -937.740190] FAST spr round 1 (radius: 5)
[00:00:00 -918.248063] FAST spr round 2 (radius: 5)
[00:00:00 -917.333386] FAST spr round 3 (radius: 5)
[00:00:00 -917.333369] Model parameter optimization (eps = 1.000000)
[00:00:00 -917.227544] SLOW spr round 1 (radius: 5)
[00:00:00] [worker #7] ML tree search #8, logLikelihood: -919.176013
[00:00:00 -917.227524] SLOW spr round 2 (radius: 10)
[00:00:00] [worker #6] ML tree search #7, logLikelihood: -917.227447
[00:00:00] [worker #5] ML tree search #6, logLikelihood: -917.227437
[00:00:00] [worker #2] ML tree search #3, logLikelihood: -917.227444
[00:00:00] [worker #1] ML tree search #2, logLikelihood: -917.468352
[00:00:00 -917.227513] SLOW spr round 3 (radius: 15)
[00:00:00] [worker #3] ML tree search #4, logLikelihood: -917.227412
[00:00:00 -917.227506] SLOW spr round 4 (radius: 20)
[00:00:00 -917.227500] Model parameter optimization (eps = 0.100000)
[00:00:00] [worker #4] ML tree search #5, logLikelihood: -917.227625

[00:00:00] [worker #0] ML tree search #1, logLikelihood: -917.227409

[00:00:00 -1923.305721] Initial branch length optimization
[00:00:00 -1687.040306] Model parameter optimization (eps = 10.000000)
[00:00:00 -1638.654053] AUTODETECT spr round 1 (radius: 5)
[00:00:00 -995.546812] AUTODETECT spr round 2 (radius: 10)
[00:00:00 -939.427309] AUTODETECT spr round 3 (radius: 15)
[00:00:00 -939.426938] SPR radius for FAST iterations: 10 (autodetect)
[00:00:00 -939.426938] Model parameter optimization (eps = 3.000000)
[00:00:00 -939.022585] FAST spr round 1 (radius: 10)
[00:00:00 -919.385085] FAST spr round 2 (radius: 10)
[00:00:00 -917.363009] FAST spr round 3 (radius: 10)
[00:00:00] [worker #7] ML tree search #16, logLikelihood: -917.229319
[00:00:00] [worker #6] ML tree search #15, logLikelihood: -917.468353
[00:00:00] [worker #5] ML tree search #14, logLikelihood: -917.468352
[00:00:00 -917.361844] Model parameter optimization (eps = 1.000000)
[00:00:00 -917.232164] SLOW spr round 1 (radius: 5)
[00:00:00] [worker #2] ML tree search #11, logLikelihood: -919.066550
[00:00:00] [worker #3] ML tree search #12, logLikelihood: -919.066550
[00:00:00] [worker #1] ML tree search #10, logLikelihood: -917.928752
[00:00:00] [worker #4] ML tree search #13, logLikelihood: -919.066550
[00:00:00 -917.231308] SLOW spr round 2 (radius: 10)
[00:00:00 -917.230622] SLOW spr round 3 (radius: 15)
[00:00:00 -917.230060] SLOW spr round 4 (radius: 20)
[00:00:00 -917.229599] Model parameter optimization (eps = 0.100000)

[00:00:00] [worker #0] ML tree search #9, logLikelihood: -917.229278

[00:00:00 -1183.467316] Initial branch length optimization
[00:00:00 -950.860295] Model parameter optimization (eps = 10.000000)
[00:00:00 -927.149618] AUTODETECT spr round 1 (radius: 5)
[00:00:00 -918.214329] AUTODETECT spr round 2 (radius: 10)
[00:00:00 -918.214237] SPR radius for FAST iterations: 5 (autodetect)
[00:00:00 -918.214237] Model parameter optimization (eps = 3.000000)
[00:00:00 -918.183018] FAST spr round 1 (radius: 5)
[00:00:00 -917.477101] FAST spr round 2 (radius: 5)
[00:00:00 -917.477101] Model parameter optimization (eps = 1.000000)
[00:00:00] [worker #1] ML tree search #18, logLikelihood: -919.066550
[00:00:00 -917.468375] SLOW spr round 1 (radius: 5)
[00:00:00] [worker #3] ML tree search #20, logLikelihood: -919.066553
[00:00:00 -917.468353] SLOW spr round 2 (radius: 10)
[00:00:00] [worker #2] ML tree search #19, logLikelihood: -917.227442
[00:00:00 -917.468353] SLOW spr round 3 (radius: 15)
[00:00:00 -917.468353] SLOW spr round 4 (radius: 20)
[00:00:00 -917.468353] Model parameter optimization (eps = 0.100000)

[00:00:00] [worker #0] ML tree search #17, logLikelihood: -917.468353


Optimized model parameters:

   Partition 0: noname
   Rate heterogeneity: NONE
   Base frequencies (ML): 0.339607 0.155567 0.354143 0.150683 
   Substitution rates (model): 1.000000 1.000000 1.000000 1.000000 1.000000 1.000000 


Final LogLikelihood: -917.227409

AIC score: 1914.454818 / AICc score: 1950.106992 / BIC score: 2030.068783
Free parameters (model + branch lengths): 40

Best ML tree saved to: /home/fili/Documents/KIT/2023/BA/code/output/families/ssim_NE_s20_f100_sites200_GTR_bl1.0_d0.0_l0.0_t0.0_gc0.0_p0.0_pop10_ms0.0_mf0.0_seed121873/families/family_029/misc/raxml_output.F81.raxml.bestTree
All ML trees saved to: /home/fili/Documents/KIT/2023/BA/code/output/families/ssim_NE_s20_f100_sites200_GTR_bl1.0_d0.0_l0.0_t0.0_gc0.0_p0.0_pop10_ms0.0_mf0.0_seed121873/families/family_029/misc/raxml_output.F81.raxml.mlTrees
Optimized model saved to: /home/fili/Documents/KIT/2023/BA/code/output/families/ssim_NE_s20_f100_sites200_GTR_bl1.0_d0.0_l0.0_t0.0_gc0.0_p0.0_pop10_ms0.0_mf0.0_seed121873/families/family_029/misc/raxml_output.F81.raxml.bestModel

Execution log saved to: /home/fili/Documents/KIT/2023/BA/code/output/families/ssim_NE_s20_f100_sites200_GTR_bl1.0_d0.0_l0.0_t0.0_gc0.0_p0.0_pop10_ms0.0_mf0.0_seed121873/families/family_029/misc/raxml_output.F81.raxml.log

Analysis started: 27-Jun-2023 13:47:22 / finished: 27-Jun-2023 13:47:22

Elapsed time: 0.202 seconds

