
RAxML-NG v. 1.1.0 released on 29.11.2021 by The Exelixis Lab.
Developed by: Alexey M. Kozlov and Alexandros Stamatakis.
Contributors: Diego Darriba, Tomas Flouri, Benoit Morel, Sarah Lutteropp, Ben Bettisworth.
Latest version: https://github.com/amkozlov/raxml-ng
Questions/problems/suggestions? Please visit: https://groups.google.com/forum/#!forum/raxml

System: AMD Ryzen 7 5800X 8-Core Processor, 8 cores, 31 GB RAM

RAxML-NG was called at 27-Jun-2023 13:52:02 as follows:

/home/fili/Documents/KIT/2023/BA/resources/tools/RAxML-NG/raxml-ng --msa /home/fili/Documents/KIT/2023/BA/code/output/families/ssim_NE_s20_f100_sites200_GTR_bl1.0_d0.0_l0.0_t0.0_gc0.0_p0.0_pop10_ms0.0_mf0.0_seed14976684177860080345/families/family_091/alignment.msa --model F81 --prefix /home/fili/Documents/KIT/2023/BA/code/output/families/ssim_NE_s20_f100_sites200_GTR_bl1.0_d0.0_l0.0_t0.0_gc0.0_p0.0_pop10_ms0.0_mf0.0_seed14976684177860080345/families/family_091/misc/raxml_output.F81

Analysis options:
  run mode: ML tree search
  start tree(s): random (10) + parsimony (10)
  random seed: 1687866722
  tip-inner: OFF
  pattern compression: ON
  per-rate scalers: OFF
  site repeats: ON
  fast spr radius: AUTO
  spr subtree cutoff: 1.000000
  branch lengths: proportional (ML estimate, algorithm: NR-FAST)
  SIMD kernels: AVX2
  parallelization: coarse-grained (auto), PTHREADS (auto)

[00:00:00] Reading alignment from file: /home/fili/Documents/KIT/2023/BA/code/output/families/ssim_NE_s20_f100_sites200_GTR_bl1.0_d0.0_l0.0_t0.0_gc0.0_p0.0_pop10_ms0.0_mf0.0_seed14976684177860080345/families/family_091/alignment.msa
[00:00:00] Loaded alignment with 20 taxa and 261 sites

Alignment comprises 1 partitions and 105 patterns

Partition 0: noname
Model: F81+FO
Alignment sites / patterns: 261 / 105
Gaps: 0.00 %
Invariant sites: 56.32 %


NOTE: Binary MSA file created: /home/fili/Documents/KIT/2023/BA/code/output/families/ssim_NE_s20_f100_sites200_GTR_bl1.0_d0.0_l0.0_t0.0_gc0.0_p0.0_pop10_ms0.0_mf0.0_seed14976684177860080345/families/family_091/misc/raxml_output.F81.raxml.rba

Parallelization scheme autoconfig: 8 worker(s) x 1 thread(s)

Parallel reduction/worker buffer size: 1 KB  / 0 KB

[00:00:00] Generating 10 random starting tree(s) with 20 taxa
[00:00:00] Generating 10 parsimony starting tree(s) with 20 taxa
[00:00:00] Data distribution: max. partitions/sites/weight per thread: 1 / 105 / 420
[00:00:00] Data distribution: max. searches per worker: 3

Starting ML tree search with 20 distinct starting trees

[00:00:00 -3321.704965] Initial branch length optimization
[00:00:00 -2934.186134] Model parameter optimization (eps = 10.000000)
[00:00:00 -2886.474944] AUTODETECT spr round 1 (radius: 5)
[00:00:00 -1597.329979] AUTODETECT spr round 2 (radius: 10)
[00:00:00 -1547.358954] AUTODETECT spr round 3 (radius: 15)
[00:00:00 -1547.352863] SPR radius for FAST iterations: 10 (autodetect)
[00:00:00 -1547.352863] Model parameter optimization (eps = 3.000000)
[00:00:00 -1545.378109] FAST spr round 1 (radius: 10)
[00:00:00 -1483.690349] FAST spr round 2 (radius: 10)
[00:00:00 -1469.413319] FAST spr round 3 (radius: 10)
[00:00:00 -1469.413319] Model parameter optimization (eps = 1.000000)
[00:00:00 -1469.363686] SLOW spr round 1 (radius: 5)
[00:00:00] [worker #3] ML tree search #4, logLikelihood: -1469.363683
[00:00:00 -1469.363685] SLOW spr round 2 (radius: 10)
[00:00:00] [worker #1] ML tree search #2, logLikelihood: -1469.363683
[00:00:00] [worker #6] ML tree search #7, logLikelihood: -1469.363683
[00:00:00] [worker #2] ML tree search #3, logLikelihood: -1469.363686
[00:00:00 -1469.363685] SLOW spr round 3 (radius: 15)
[00:00:00 -1469.363685] SLOW spr round 4 (radius: 20)
[00:00:00 -1469.363685] Model parameter optimization (eps = 0.100000)

[00:00:00] [worker #0] ML tree search #1, logLikelihood: -1469.363684

[00:00:00 -3518.105004] Initial branch length optimization
[00:00:00] [worker #4] ML tree search #5, logLikelihood: -1469.363683
[00:00:00 -3016.941101] Model parameter optimization (eps = 10.000000)
[00:00:00 -2983.280984] AUTODETECT spr round 1 (radius: 5)
[00:00:00 -1630.841773] AUTODETECT spr round 2 (radius: 10)
[00:00:00] [worker #5] ML tree search #6, logLikelihood: -1469.363683
[00:00:00] [worker #7] ML tree search #8, logLikelihood: -1469.363684
[00:00:00 -1543.655928] AUTODETECT spr round 3 (radius: 15)
[00:00:00 -1543.655837] SPR radius for FAST iterations: 10 (autodetect)
[00:00:00 -1543.655837] Model parameter optimization (eps = 3.000000)
[00:00:00 -1543.183547] FAST spr round 1 (radius: 10)
[00:00:00] [worker #3] ML tree search #12, logLikelihood: -1469.363683
[00:00:00] [worker #6] ML tree search #15, logLikelihood: -1469.363683
[00:00:00 -1483.312582] FAST spr round 2 (radius: 10)
[00:00:00 -1469.484884] FAST spr round 3 (radius: 10)
[00:00:00] [worker #2] ML tree search #11, logLikelihood: -1469.363683
[00:00:00 -1469.484875] Model parameter optimization (eps = 1.000000)
[00:00:00] [worker #1] ML tree search #10, logLikelihood: -1469.363683
[00:00:00 -1469.363691] SLOW spr round 1 (radius: 5)
[00:00:00] [worker #4] ML tree search #13, logLikelihood: -1469.363683
[00:00:00 -1469.363686] SLOW spr round 2 (radius: 10)
[00:00:00 -1469.363686] SLOW spr round 3 (radius: 15)
[00:00:00 -1469.363686] SLOW spr round 4 (radius: 20)
[00:00:00 -1469.363686] Model parameter optimization (eps = 0.100000)

[00:00:00] [worker #0] ML tree search #9, logLikelihood: -1469.363684

[00:00:00 -2038.777406] Initial branch length optimization
[00:00:00 -1497.442364] Model parameter optimization (eps = 10.000000)
[00:00:00 -1480.488248] AUTODETECT spr round 1 (radius: 5)
[00:00:00] [worker #3] ML tree search #20, logLikelihood: -1469.363683
[00:00:00 -1469.478245] AUTODETECT spr round 2 (radius: 10)
[00:00:00] [worker #2] ML tree search #19, logLikelihood: -1469.363682
[00:00:00 -1469.478190] SPR radius for FAST iterations: 5 (autodetect)
[00:00:00 -1469.478190] Model parameter optimization (eps = 3.000000)
[00:00:00 -1469.363688] FAST spr round 1 (radius: 5)
[00:00:00 -1469.363684] Model parameter optimization (eps = 1.000000)
[00:00:00 -1469.363683] SLOW spr round 1 (radius: 5)
[00:00:00] [worker #1] ML tree search #18, logLikelihood: -1469.363684
[00:00:00] [worker #5] ML tree search #14, logLikelihood: -1469.363684
[00:00:00 -1469.363683] SLOW spr round 2 (radius: 10)
[00:00:00] [worker #7] ML tree search #16, logLikelihood: -1469.363683
[00:00:00 -1469.363683] SLOW spr round 3 (radius: 15)
[00:00:00 -1469.363683] SLOW spr round 4 (radius: 20)
[00:00:00 -1469.363683] Model parameter optimization (eps = 0.100000)

[00:00:00] [worker #0] ML tree search #17, logLikelihood: -1469.363683


Optimized model parameters:

   Partition 0: noname
   Rate heterogeneity: NONE
   Base frequencies (ML): 0.320343 0.152624 0.277403 0.249630 
   Substitution rates (model): 1.000000 1.000000 1.000000 1.000000 1.000000 1.000000 


Final LogLikelihood: -1469.363682

AIC score: 3018.727365 / AICc score: 3033.636456 / BIC score: 3161.308181
Free parameters (model + branch lengths): 40

WARNING: Best ML tree contains 2 near-zero branches!

Best ML tree with collapsed near-zero branches saved to: /home/fili/Documents/KIT/2023/BA/code/output/families/ssim_NE_s20_f100_sites200_GTR_bl1.0_d0.0_l0.0_t0.0_gc0.0_p0.0_pop10_ms0.0_mf0.0_seed14976684177860080345/families/family_091/misc/raxml_output.F81.raxml.bestTreeCollapsed
Best ML tree saved to: /home/fili/Documents/KIT/2023/BA/code/output/families/ssim_NE_s20_f100_sites200_GTR_bl1.0_d0.0_l0.0_t0.0_gc0.0_p0.0_pop10_ms0.0_mf0.0_seed14976684177860080345/families/family_091/misc/raxml_output.F81.raxml.bestTree
All ML trees saved to: /home/fili/Documents/KIT/2023/BA/code/output/families/ssim_NE_s20_f100_sites200_GTR_bl1.0_d0.0_l0.0_t0.0_gc0.0_p0.0_pop10_ms0.0_mf0.0_seed14976684177860080345/families/family_091/misc/raxml_output.F81.raxml.mlTrees
Optimized model saved to: /home/fili/Documents/KIT/2023/BA/code/output/families/ssim_NE_s20_f100_sites200_GTR_bl1.0_d0.0_l0.0_t0.0_gc0.0_p0.0_pop10_ms0.0_mf0.0_seed14976684177860080345/families/family_091/misc/raxml_output.F81.raxml.bestModel

Execution log saved to: /home/fili/Documents/KIT/2023/BA/code/output/families/ssim_NE_s20_f100_sites200_GTR_bl1.0_d0.0_l0.0_t0.0_gc0.0_p0.0_pop10_ms0.0_mf0.0_seed14976684177860080345/families/family_091/misc/raxml_output.F81.raxml.log

Analysis started: 27-Jun-2023 13:52:02 / finished: 27-Jun-2023 13:52:02

Elapsed time: 0.231 seconds

