
RAxML-NG v. 1.1.0 released on 29.11.2021 by The Exelixis Lab.
Developed by: Alexey M. Kozlov and Alexandros Stamatakis.
Contributors: Diego Darriba, Tomas Flouri, Benoit Morel, Sarah Lutteropp, Ben Bettisworth.
Latest version: https://github.com/amkozlov/raxml-ng
Questions/problems/suggestions? Please visit: https://groups.google.com/forum/#!forum/raxml

System: AMD Ryzen 7 5800X 8-Core Processor, 8 cores, 31 GB RAM

RAxML-NG was called at 27-Jun-2023 13:43:50 as follows:

/home/fili/Documents/KIT/2023/BA/resources/tools/RAxML-NG/raxml-ng --msa /home/fili/Documents/KIT/2023/BA/code/output/families/ssim_DL_s20_f100_sites200_GTR_bl1.0_d1.0_l1.0_t0.0_gc0.0_p0.0_pop10_ms0.0_mf0.0_seed14976684177860080345/families/family_016/alignment.msa --model F81 --prefix /home/fili/Documents/KIT/2023/BA/code/output/families/ssim_DL_s20_f100_sites200_GTR_bl1.0_d1.0_l1.0_t0.0_gc0.0_p0.0_pop10_ms0.0_mf0.0_seed14976684177860080345/families/family_016/misc/raxml_output.F81

Analysis options:
  run mode: ML tree search
  start tree(s): random (10) + parsimony (10)
  random seed: 1687866230
  tip-inner: OFF
  pattern compression: ON
  per-rate scalers: OFF
  site repeats: ON
  fast spr radius: AUTO
  spr subtree cutoff: 1.000000
  branch lengths: proportional (ML estimate, algorithm: NR-FAST)
  SIMD kernels: AVX2
  parallelization: coarse-grained (auto), PTHREADS (auto)

[00:00:00] Reading alignment from file: /home/fili/Documents/KIT/2023/BA/code/output/families/ssim_DL_s20_f100_sites200_GTR_bl1.0_d1.0_l1.0_t0.0_gc0.0_p0.0_pop10_ms0.0_mf0.0_seed14976684177860080345/families/family_016/alignment.msa
[00:00:00] Loaded alignment with 24 taxa and 186 sites

WARNING: Sequences 7_5_0 and 10_5_0 are exactly identical!
WARNING: Duplicate sequences found: 1

NOTE: Reduced alignment (with duplicates and gap-only sites/taxa removed) 
NOTE: was saved to: /home/fili/Documents/KIT/2023/BA/code/output/families/ssim_DL_s20_f100_sites200_GTR_bl1.0_d1.0_l1.0_t0.0_gc0.0_p0.0_pop10_ms0.0_mf0.0_seed14976684177860080345/families/family_016/misc/raxml_output.F81.raxml.reduced.phy

Alignment comprises 1 partitions and 55 patterns

Partition 0: noname
Model: F81+FO
Alignment sites / patterns: 186 / 55
Gaps: 0.00 %
Invariant sites: 68.82 %


NOTE: Binary MSA file created: /home/fili/Documents/KIT/2023/BA/code/output/families/ssim_DL_s20_f100_sites200_GTR_bl1.0_d1.0_l1.0_t0.0_gc0.0_p0.0_pop10_ms0.0_mf0.0_seed14976684177860080345/families/family_016/misc/raxml_output.F81.raxml.rba

Parallelization scheme autoconfig: 8 worker(s) x 1 thread(s)

Parallel reduction/worker buffer size: 1 KB  / 0 KB

[00:00:00] Generating 10 random starting tree(s) with 24 taxa
[00:00:00] Generating 10 parsimony starting tree(s) with 24 taxa
[00:00:00] Data distribution: max. partitions/sites/weight per thread: 1 / 55 / 220
[00:00:00] Data distribution: max. searches per worker: 3

Starting ML tree search with 20 distinct starting trees

[00:00:00 -2394.466791] Initial branch length optimization
[00:00:00 -1941.786535] Model parameter optimization (eps = 10.000000)
[00:00:00 -1917.703540] AUTODETECT spr round 1 (radius: 5)
[00:00:00 -1026.180367] AUTODETECT spr round 2 (radius: 10)
[00:00:00 -933.465486] AUTODETECT spr round 3 (radius: 15)
[00:00:00 -933.465486] SPR radius for FAST iterations: 10 (autodetect)
[00:00:00 -933.465486] Model parameter optimization (eps = 3.000000)
[00:00:00 -933.145368] FAST spr round 1 (radius: 10)
[00:00:00 -868.775938] FAST spr round 2 (radius: 10)
[00:00:00 -867.199070] FAST spr round 3 (radius: 10)
[00:00:00 -867.199070] Model parameter optimization (eps = 1.000000)
[00:00:00 -867.128507] SLOW spr round 1 (radius: 5)
[00:00:00 -867.128505] SLOW spr round 2 (radius: 10)
[00:00:00 -867.128505] SLOW spr round 3 (radius: 15)
[00:00:00] [worker #2] ML tree search #3, logLikelihood: -867.128501
[00:00:00 -867.128505] SLOW spr round 4 (radius: 20)
[00:00:00 -867.128505] Model parameter optimization (eps = 0.100000)

[00:00:00] [worker #0] ML tree search #1, logLikelihood: -867.128501

[00:00:00] [worker #1] ML tree search #2, logLikelihood: -873.389701
[00:00:00 -2343.425484] Initial branch length optimization
[00:00:00 -1925.514306] Model parameter optimization (eps = 10.000000)
[00:00:00 -1888.136123] AUTODETECT spr round 1 (radius: 5)
[00:00:00] [worker #5] ML tree search #6, logLikelihood: -867.128501
[00:00:00] [worker #7] ML tree search #8, logLikelihood: -867.128501
[00:00:00 -888.451886] AUTODETECT spr round 2 (radius: 10)
[00:00:00] [worker #6] ML tree search #7, logLikelihood: -867.128687
[00:00:00] [worker #3] ML tree search #4, logLikelihood: -867.128501
[00:00:00 -883.526457] AUTODETECT spr round 3 (radius: 15)
[00:00:00 -883.526454] SPR radius for FAST iterations: 10 (autodetect)
[00:00:00 -883.526454] Model parameter optimization (eps = 3.000000)
[00:00:00] [worker #4] ML tree search #5, logLikelihood: -867.128501
[00:00:00 -882.255838] FAST spr round 1 (radius: 10)
[00:00:00 -870.414883] FAST spr round 2 (radius: 10)
[00:00:00 -868.659385] FAST spr round 3 (radius: 10)
[00:00:00 -868.067350] FAST spr round 4 (radius: 10)
[00:00:00 -868.067350] Model parameter optimization (eps = 1.000000)
[00:00:00 -867.964513] SLOW spr round 1 (radius: 5)
[00:00:00 -867.137028] SLOW spr round 2 (radius: 5)
[00:00:00 -867.137028] SLOW spr round 3 (radius: 10)
[00:00:00] [worker #3] ML tree search #12, logLikelihood: -867.128501
[00:00:00] [worker #2] ML tree search #11, logLikelihood: -867.128500
[00:00:00] [worker #4] ML tree search #13, logLikelihood: -867.128774
[00:00:00] [worker #1] ML tree search #10, logLikelihood: -867.128501
[00:00:00 -867.137028] SLOW spr round 4 (radius: 15)
[00:00:00] [worker #5] ML tree search #14, logLikelihood: -867.129644
[00:00:00 -867.137028] SLOW spr round 5 (radius: 20)
[00:00:00 -867.137028] Model parameter optimization (eps = 0.100000)

[00:00:00] [worker #0] ML tree search #9, logLikelihood: -867.128500

[00:00:00] [worker #7] ML tree search #16, logLikelihood: -867.128501
[00:00:00 -1471.333339] Initial branch length optimization
[00:00:00 -911.420897] Model parameter optimization (eps = 10.000000)
[00:00:00] [worker #6] ML tree search #15, logLikelihood: -867.129346
[00:00:00 -899.447021] AUTODETECT spr round 1 (radius: 5)
[00:00:00 -876.901215] AUTODETECT spr round 2 (radius: 10)
[00:00:00 -876.894502] SPR radius for FAST iterations: 5 (autodetect)
[00:00:00 -876.894502] Model parameter optimization (eps = 3.000000)
[00:00:00 -876.878554] FAST spr round 1 (radius: 5)
[00:00:00 -874.245077] FAST spr round 2 (radius: 5)
[00:00:00 -874.091528] FAST spr round 3 (radius: 5)
[00:00:00 -869.513977] FAST spr round 4 (radius: 5)
[00:00:00 -867.973348] FAST spr round 5 (radius: 5)
[00:00:00 -867.973345] Model parameter optimization (eps = 1.000000)
[00:00:00 -867.964504] SLOW spr round 1 (radius: 5)
[00:00:00] [worker #2] ML tree search #19, logLikelihood: -867.128500
[00:00:00] [worker #1] ML tree search #18, logLikelihood: -867.128668
[00:00:00 -867.137226] SLOW spr round 2 (radius: 5)
[00:00:00] [worker #3] ML tree search #20, logLikelihood: -867.128757
[00:00:00 -867.137226] SLOW spr round 3 (radius: 10)
[00:00:00 -867.137226] SLOW spr round 4 (radius: 15)
[00:00:00 -867.137226] SLOW spr round 5 (radius: 20)
[00:00:00 -867.137226] Model parameter optimization (eps = 0.100000)

[00:00:00] [worker #0] ML tree search #17, logLikelihood: -867.128501


Optimized model parameters:

   Partition 0: noname
   Rate heterogeneity: NONE
   Base frequencies (ML): 0.288109 0.146294 0.316039 0.249558 
   Substitution rates (model): 1.000000 1.000000 1.000000 1.000000 1.000000 1.000000 


Final LogLikelihood: -867.128500

AIC score: 1830.257001 / AICc score: 1864.592767 / BIC score: 1985.092841
Free parameters (model + branch lengths): 48

WARNING: Best ML tree contains 4 near-zero branches!

Best ML tree with collapsed near-zero branches saved to: /home/fili/Documents/KIT/2023/BA/code/output/families/ssim_DL_s20_f100_sites200_GTR_bl1.0_d1.0_l1.0_t0.0_gc0.0_p0.0_pop10_ms0.0_mf0.0_seed14976684177860080345/families/family_016/misc/raxml_output.F81.raxml.bestTreeCollapsed
Best ML tree saved to: /home/fili/Documents/KIT/2023/BA/code/output/families/ssim_DL_s20_f100_sites200_GTR_bl1.0_d1.0_l1.0_t0.0_gc0.0_p0.0_pop10_ms0.0_mf0.0_seed14976684177860080345/families/family_016/misc/raxml_output.F81.raxml.bestTree
All ML trees saved to: /home/fili/Documents/KIT/2023/BA/code/output/families/ssim_DL_s20_f100_sites200_GTR_bl1.0_d1.0_l1.0_t0.0_gc0.0_p0.0_pop10_ms0.0_mf0.0_seed14976684177860080345/families/family_016/misc/raxml_output.F81.raxml.mlTrees
Optimized model saved to: /home/fili/Documents/KIT/2023/BA/code/output/families/ssim_DL_s20_f100_sites200_GTR_bl1.0_d1.0_l1.0_t0.0_gc0.0_p0.0_pop10_ms0.0_mf0.0_seed14976684177860080345/families/family_016/misc/raxml_output.F81.raxml.bestModel

Execution log saved to: /home/fili/Documents/KIT/2023/BA/code/output/families/ssim_DL_s20_f100_sites200_GTR_bl1.0_d1.0_l1.0_t0.0_gc0.0_p0.0_pop10_ms0.0_mf0.0_seed14976684177860080345/families/family_016/misc/raxml_output.F81.raxml.log

Analysis started: 27-Jun-2023 13:43:50 / finished: 27-Jun-2023 13:43:51

Elapsed time: 0.216 seconds

