
RAxML-NG v. 1.1.0 released on 29.11.2021 by The Exelixis Lab.
Developed by: Alexey M. Kozlov and Alexandros Stamatakis.
Contributors: Diego Darriba, Tomas Flouri, Benoit Morel, Sarah Lutteropp, Ben Bettisworth.
Latest version: https://github.com/amkozlov/raxml-ng
Questions/problems/suggestions? Please visit: https://groups.google.com/forum/#!forum/raxml

System: AMD Ryzen 7 5800X 8-Core Processor, 8 cores, 31 GB RAM

RAxML-NG was called at 16-Jun-2023 09:59:05 as follows:

/home/fili/Documents/KIT/2023/BA/resources/tools/RAxML-NG/raxml-ng --msa /home/fili/Documents/KIT/2023/BA/code/output/families/ssim_NE_s20_f100_sites200_GTR_bl1.0_d0.0_l0.0_t0.0_gc0.0_p0.0_pop10_ms0.0_mf0.0_seed1007/families/family_097/alignment.msa --model F81 --prefix /home/fili/Documents/KIT/2023/BA/code/output/families/ssim_NE_s20_f100_sites200_GTR_bl1.0_d0.0_l0.0_t0.0_gc0.0_p0.0_pop10_ms0.0_mf0.0_seed1007/families/family_097/misc/raxml_output.F81

Analysis options:
  run mode: ML tree search
  start tree(s): random (10) + parsimony (10)
  random seed: 1686902345
  tip-inner: OFF
  pattern compression: ON
  per-rate scalers: OFF
  site repeats: ON
  fast spr radius: AUTO
  spr subtree cutoff: 1.000000
  branch lengths: proportional (ML estimate, algorithm: NR-FAST)
  SIMD kernels: AVX2
  parallelization: coarse-grained (auto), PTHREADS (auto)

[00:00:00] Reading alignment from file: /home/fili/Documents/KIT/2023/BA/code/output/families/ssim_NE_s20_f100_sites200_GTR_bl1.0_d0.0_l0.0_t0.0_gc0.0_p0.0_pop10_ms0.0_mf0.0_seed1007/families/family_097/alignment.msa
[00:00:00] Loaded alignment with 20 taxa and 185 sites

WARNING: Sequences 20_0_0 and 19_0_0 are exactly identical!
WARNING: Sequences 20_0_0 and 12_0_0 are exactly identical!
WARNING: Sequences 8_0_0 and 2_0_0 are exactly identical!
WARNING: Duplicate sequences found: 3

NOTE: Reduced alignment (with duplicates and gap-only sites/taxa removed) 
NOTE: was saved to: /home/fili/Documents/KIT/2023/BA/code/output/families/ssim_NE_s20_f100_sites200_GTR_bl1.0_d0.0_l0.0_t0.0_gc0.0_p0.0_pop10_ms0.0_mf0.0_seed1007/families/family_097/misc/raxml_output.F81.raxml.reduced.phy

Alignment comprises 1 partitions and 84 patterns

Partition 0: noname
Model: F81+FO
Alignment sites / patterns: 185 / 84
Gaps: 0.00 %
Invariant sites: 48.11 %


NOTE: Binary MSA file created: /home/fili/Documents/KIT/2023/BA/code/output/families/ssim_NE_s20_f100_sites200_GTR_bl1.0_d0.0_l0.0_t0.0_gc0.0_p0.0_pop10_ms0.0_mf0.0_seed1007/families/family_097/misc/raxml_output.F81.raxml.rba

Parallelization scheme autoconfig: 8 worker(s) x 1 thread(s)

Parallel reduction/worker buffer size: 1 KB  / 0 KB

[00:00:00] Generating 10 random starting tree(s) with 20 taxa
[00:00:00] Generating 10 parsimony starting tree(s) with 20 taxa
[00:00:00] Data distribution: max. partitions/sites/weight per thread: 1 / 84 / 336
[00:00:00] Data distribution: max. searches per worker: 3

Starting ML tree search with 20 distinct starting trees

[00:00:00 -2059.838971] Initial branch length optimization
[00:00:00 -1775.801986] Model parameter optimization (eps = 10.000000)
[00:00:00 -1756.068852] AUTODETECT spr round 1 (radius: 5)
[00:00:00 -1171.308129] AUTODETECT spr round 2 (radius: 10)
[00:00:00 -1158.369807] AUTODETECT spr round 3 (radius: 15)
[00:00:00 -1158.369807] SPR radius for FAST iterations: 10 (autodetect)
[00:00:00 -1158.369807] Model parameter optimization (eps = 3.000000)
[00:00:00 -1157.035671] FAST spr round 1 (radius: 10)
[00:00:00 -1097.153106] FAST spr round 2 (radius: 10)
[00:00:00 -1087.977599] FAST spr round 3 (radius: 10)
[00:00:00 -1087.977599] Model parameter optimization (eps = 1.000000)
[00:00:00 -1087.849431] SLOW spr round 1 (radius: 5)
[00:00:00 -1087.849406] SLOW spr round 2 (radius: 10)
[00:00:00] [worker #7] ML tree search #8, logLikelihood: -1087.709131
[00:00:00] [worker #2] ML tree search #3, logLikelihood: -1090.707819
[00:00:00] [worker #1] ML tree search #2, logLikelihood: -1087.849374
[00:00:00 -1087.849406] SLOW spr round 3 (radius: 15)
[00:00:00 -1087.849406] SLOW spr round 4 (radius: 20)
[00:00:00 -1087.849406] Model parameter optimization (eps = 0.100000)

[00:00:00] [worker #0] ML tree search #1, logLikelihood: -1087.849375

[00:00:00 -2430.401269] Initial branch length optimization
[00:00:00 -2106.751923] Model parameter optimization (eps = 10.000000)
[00:00:00] [worker #4] ML tree search #5, logLikelihood: -1087.849374
[00:00:00 -2081.154612] AUTODETECT spr round 1 (radius: 5)
[00:00:00] [worker #3] ML tree search #4, logLikelihood: -1087.849374
[00:00:00 -1125.788498] AUTODETECT spr round 2 (radius: 10)
[00:00:00] [worker #5] ML tree search #6, logLikelihood: -1087.709133
[00:00:00 -1125.785712] SPR radius for FAST iterations: 5 (autodetect)
[00:00:00 -1125.785712] Model parameter optimization (eps = 3.000000)
[00:00:00 -1124.675632] FAST spr round 1 (radius: 5)
[00:00:00] [worker #6] ML tree search #7, logLikelihood: -1087.709131
[00:00:00 -1093.323035] FAST spr round 2 (radius: 5)
[00:00:00 -1087.769716] FAST spr round 3 (radius: 5)
[00:00:00 -1087.769713] Model parameter optimization (eps = 1.000000)
[00:00:00 -1087.709184] SLOW spr round 1 (radius: 5)
[00:00:00] [worker #7] ML tree search #16, logLikelihood: -1087.849373
[00:00:00] [worker #4] ML tree search #13, logLikelihood: -1087.849373
[00:00:00 -1087.709143] SLOW spr round 2 (radius: 10)
[00:00:00] [worker #3] ML tree search #12, logLikelihood: -1087.849373
[00:00:00] [worker #5] ML tree search #14, logLikelihood: -1087.849372
[00:00:00] [worker #1] ML tree search #10, logLikelihood: -1087.849372
[00:00:00 -1087.709143] SLOW spr round 3 (radius: 15)
[00:00:00 -1087.709143] SLOW spr round 4 (radius: 20)
[00:00:00 -1087.709143] Model parameter optimization (eps = 0.100000)

[00:00:00] [worker #0] ML tree search #9, logLikelihood: -1087.709132

[00:00:00 -1481.662538] Initial branch length optimization
[00:00:00 -1108.738019] Model parameter optimization (eps = 10.000000)
[00:00:00] [worker #6] ML tree search #15, logLikelihood: -1087.849372
[00:00:00 -1101.004591] AUTODETECT spr round 1 (radius: 5)
[00:00:00 -1087.744667] AUTODETECT spr round 2 (radius: 10)
[00:00:00 -1087.744664] SPR radius for FAST iterations: 5 (autodetect)
[00:00:00 -1087.744664] Model parameter optimization (eps = 3.000000)
[00:00:00 -1087.709132] FAST spr round 1 (radius: 5)
[00:00:00 -1087.709132] Model parameter optimization (eps = 1.000000)
[00:00:00 -1087.709132] SLOW spr round 1 (radius: 5)
[00:00:00] [worker #2] ML tree search #11, logLikelihood: -1087.849388
[00:00:00 -1087.709132] SLOW spr round 2 (radius: 10)
[00:00:00] [worker #1] ML tree search #18, logLikelihood: -1087.849373
[00:00:00 -1087.709132] SLOW spr round 3 (radius: 15)
[00:00:00 -1087.709132] SLOW spr round 4 (radius: 20)
[00:00:00 -1087.709132] Model parameter optimization (eps = 0.100000)

[00:00:00] [worker #0] ML tree search #17, logLikelihood: -1087.709132

[00:00:00] [worker #3] ML tree search #20, logLikelihood: -1090.707820
[00:00:00] [worker #2] ML tree search #19, logLikelihood: -1087.849373

Optimized model parameters:

   Partition 0: noname
   Rate heterogeneity: NONE
   Base frequencies (ML): 0.279377 0.216270 0.318934 0.185419 
   Substitution rates (model): 1.000000 1.000000 1.000000 1.000000 1.000000 1.000000 


Final LogLikelihood: -1087.709131

AIC score: 2255.418262 / AICc score: 2278.196040 / BIC score: 2384.232495
Free parameters (model + branch lengths): 40

WARNING: Best ML tree contains 2 near-zero branches!

Best ML tree with collapsed near-zero branches saved to: /home/fili/Documents/KIT/2023/BA/code/output/families/ssim_NE_s20_f100_sites200_GTR_bl1.0_d0.0_l0.0_t0.0_gc0.0_p0.0_pop10_ms0.0_mf0.0_seed1007/families/family_097/misc/raxml_output.F81.raxml.bestTreeCollapsed
Best ML tree saved to: /home/fili/Documents/KIT/2023/BA/code/output/families/ssim_NE_s20_f100_sites200_GTR_bl1.0_d0.0_l0.0_t0.0_gc0.0_p0.0_pop10_ms0.0_mf0.0_seed1007/families/family_097/misc/raxml_output.F81.raxml.bestTree
All ML trees saved to: /home/fili/Documents/KIT/2023/BA/code/output/families/ssim_NE_s20_f100_sites200_GTR_bl1.0_d0.0_l0.0_t0.0_gc0.0_p0.0_pop10_ms0.0_mf0.0_seed1007/families/family_097/misc/raxml_output.F81.raxml.mlTrees
Optimized model saved to: /home/fili/Documents/KIT/2023/BA/code/output/families/ssim_NE_s20_f100_sites200_GTR_bl1.0_d0.0_l0.0_t0.0_gc0.0_p0.0_pop10_ms0.0_mf0.0_seed1007/families/family_097/misc/raxml_output.F81.raxml.bestModel

Execution log saved to: /home/fili/Documents/KIT/2023/BA/code/output/families/ssim_NE_s20_f100_sites200_GTR_bl1.0_d0.0_l0.0_t0.0_gc0.0_p0.0_pop10_ms0.0_mf0.0_seed1007/families/family_097/misc/raxml_output.F81.raxml.log

Analysis started: 16-Jun-2023 09:59:05 / finished: 16-Jun-2023 09:59:05

Elapsed time: 0.200 seconds

