
RAxML-NG v. 1.1.0 released on 29.11.2021 by The Exelixis Lab.
Developed by: Alexey M. Kozlov and Alexandros Stamatakis.
Contributors: Diego Darriba, Tomas Flouri, Benoit Morel, Sarah Lutteropp, Ben Bettisworth.
Latest version: https://github.com/amkozlov/raxml-ng
Questions/problems/suggestions? Please visit: https://groups.google.com/forum/#!forum/raxml

System: AMD Ryzen 7 5800X 8-Core Processor, 8 cores, 31 GB RAM

RAxML-NG was called at 27-Jun-2023 13:03:56 as follows:

/home/fili/Documents/KIT/2023/BA/resources/tools/RAxML-NG/raxml-ng --msa /home/fili/Documents/KIT/2023/BA/code/output/families/ssim_DL_s20_f100_sites200_GTR_bl1.0_d1.0_l1.0_t0.0_gc0.0_p0.0_pop10_ms0.0_mf0.0_seed19732311/families/family_030/alignment.msa --model F81 --prefix /home/fili/Documents/KIT/2023/BA/code/output/families/ssim_DL_s20_f100_sites200_GTR_bl1.0_d1.0_l1.0_t0.0_gc0.0_p0.0_pop10_ms0.0_mf0.0_seed19732311/families/family_030/misc/raxml_output.F81

Analysis options:
  run mode: ML tree search
  start tree(s): random (10) + parsimony (10)
  random seed: 1687863836
  tip-inner: OFF
  pattern compression: ON
  per-rate scalers: OFF
  site repeats: ON
  fast spr radius: AUTO
  spr subtree cutoff: 1.000000
  branch lengths: proportional (ML estimate, algorithm: NR-FAST)
  SIMD kernels: AVX2
  parallelization: coarse-grained (auto), PTHREADS (auto)

[00:00:00] Reading alignment from file: /home/fili/Documents/KIT/2023/BA/code/output/families/ssim_DL_s20_f100_sites200_GTR_bl1.0_d1.0_l1.0_t0.0_gc0.0_p0.0_pop10_ms0.0_mf0.0_seed19732311/families/family_030/alignment.msa
[00:00:00] Loaded alignment with 24 taxa and 225 sites

Alignment comprises 1 partitions and 113 patterns

Partition 0: noname
Model: F81+FO
Alignment sites / patterns: 225 / 113
Gaps: 0.00 %
Invariant sites: 45.33 %


NOTE: Binary MSA file created: /home/fili/Documents/KIT/2023/BA/code/output/families/ssim_DL_s20_f100_sites200_GTR_bl1.0_d1.0_l1.0_t0.0_gc0.0_p0.0_pop10_ms0.0_mf0.0_seed19732311/families/family_030/misc/raxml_output.F81.raxml.rba

Parallelization scheme autoconfig: 8 worker(s) x 1 thread(s)

Parallel reduction/worker buffer size: 1 KB  / 0 KB

[00:00:00] Generating 10 random starting tree(s) with 24 taxa
[00:00:00] Generating 10 parsimony starting tree(s) with 24 taxa
[00:00:00] Data distribution: max. partitions/sites/weight per thread: 1 / 113 / 452
[00:00:00] Data distribution: max. searches per worker: 3

Starting ML tree search with 20 distinct starting trees

[00:00:00 -3422.213295] Initial branch length optimization
[00:00:00 -2919.408314] Model parameter optimization (eps = 10.000000)
[00:00:00 -2855.576977] AUTODETECT spr round 1 (radius: 5)
[00:00:00 -1595.927701] AUTODETECT spr round 2 (radius: 10)
[00:00:00 -1595.927480] SPR radius for FAST iterations: 5 (autodetect)
[00:00:00 -1595.927480] Model parameter optimization (eps = 3.000000)
[00:00:00 -1594.260268] FAST spr round 1 (radius: 5)
[00:00:00 -1546.212778] FAST spr round 2 (radius: 5)
[00:00:00 -1542.149781] FAST spr round 3 (radius: 5)
[00:00:00 -1541.330815] FAST spr round 4 (radius: 5)
[00:00:00 -1541.330646] Model parameter optimization (eps = 1.000000)
[00:00:00 -1541.255735] SLOW spr round 1 (radius: 5)
[00:00:00 -1541.255726] SLOW spr round 2 (radius: 10)
[00:00:00] [worker #1] ML tree search #2, logLikelihood: -1541.255702
[00:00:00] [worker #3] ML tree search #4, logLikelihood: -1541.255703
[00:00:00] [worker #2] ML tree search #3, logLikelihood: -1541.255702
[00:00:00] [worker #6] ML tree search #7, logLikelihood: -1541.255702
[00:00:00] [worker #4] ML tree search #5, logLikelihood: -1541.255702
[00:00:00 -1541.255726] SLOW spr round 3 (radius: 15)
[00:00:00 -1541.255726] SLOW spr round 4 (radius: 20)
[00:00:00 -1541.255726] Model parameter optimization (eps = 0.100000)
[00:00:00] [worker #7] ML tree search #8, logLikelihood: -1541.255702

[00:00:00] [worker #0] ML tree search #1, logLikelihood: -1541.255704

[00:00:00 -3414.440595] Initial branch length optimization
[00:00:00] [worker #5] ML tree search #6, logLikelihood: -1541.255703
[00:00:00 -2880.991047] Model parameter optimization (eps = 10.000000)
[00:00:00 -2827.331848] AUTODETECT spr round 1 (radius: 5)
[00:00:00 -1772.812452] AUTODETECT spr round 2 (radius: 10)
[00:00:00 -1591.377754] AUTODETECT spr round 3 (radius: 15)
[00:00:00 -1591.377587] SPR radius for FAST iterations: 10 (autodetect)
[00:00:00 -1591.377587] Model parameter optimization (eps = 3.000000)
[00:00:00 -1590.627700] FAST spr round 1 (radius: 10)
[00:00:00 -1543.974537] FAST spr round 2 (radius: 10)
[00:00:00 -1541.415374] FAST spr round 3 (radius: 10)
[00:00:00 -1541.351578] Model parameter optimization (eps = 1.000000)
[00:00:00 -1541.255800] SLOW spr round 1 (radius: 5)
[00:00:00] [worker #2] ML tree search #11, logLikelihood: -1541.255702
[00:00:00] [worker #3] ML tree search #12, logLikelihood: -1541.255702
[00:00:00] [worker #6] ML tree search #15, logLikelihood: -1541.255702
[00:00:00] [worker #4] ML tree search #13, logLikelihood: -1541.255702
[00:00:00] [worker #7] ML tree search #16, logLikelihood: -1541.255702
[00:00:00] [worker #5] ML tree search #14, logLikelihood: -1541.255702
[00:00:00 -1541.255749] SLOW spr round 2 (radius: 10)
[00:00:00 -1541.255748] SLOW spr round 3 (radius: 15)
[00:00:00 -1541.255748] SLOW spr round 4 (radius: 20)
[00:00:00] [worker #1] ML tree search #10, logLikelihood: -1541.255703
[00:00:00 -1541.255748] Model parameter optimization (eps = 0.100000)

[00:00:00] [worker #0] ML tree search #9, logLikelihood: -1541.255702

[00:00:00 -2088.088295] Initial branch length optimization
[00:00:00 -1574.905645] Model parameter optimization (eps = 10.000000)
[00:00:00 -1549.151582] AUTODETECT spr round 1 (radius: 5)
[00:00:00 -1541.451176] AUTODETECT spr round 2 (radius: 10)
[00:00:00 -1541.448681] SPR radius for FAST iterations: 5 (autodetect)
[00:00:00 -1541.448681] Model parameter optimization (eps = 3.000000)
[00:00:00 -1541.255950] FAST spr round 1 (radius: 5)
[00:00:00 -1541.255748] Model parameter optimization (eps = 1.000000)
[00:00:00 -1541.255704] SLOW spr round 1 (radius: 5)
[00:00:00] [worker #2] ML tree search #19, logLikelihood: -1541.255702
[00:00:00] [worker #3] ML tree search #20, logLikelihood: -1541.255702
[00:00:00 -1541.255704] SLOW spr round 2 (radius: 10)
[00:00:00 -1541.255704] SLOW spr round 3 (radius: 15)
[00:00:00] [worker #1] ML tree search #18, logLikelihood: -1541.255702
[00:00:00 -1541.255704] SLOW spr round 4 (radius: 20)
[00:00:00 -1541.255704] Model parameter optimization (eps = 0.100000)

[00:00:00] [worker #0] ML tree search #17, logLikelihood: -1541.255703


Optimized model parameters:

   Partition 0: noname
   Rate heterogeneity: NONE
   Base frequencies (ML): 0.282787 0.162388 0.364044 0.190781 
   Substitution rates (model): 1.000000 1.000000 1.000000 1.000000 1.000000 1.000000 


Final LogLikelihood: -1541.255702

AIC score: 3178.511403 / AICc score: 3205.238676 / BIC score: 3342.484223
Free parameters (model + branch lengths): 48

WARNING: Best ML tree contains 3 near-zero branches!

Best ML tree with collapsed near-zero branches saved to: /home/fili/Documents/KIT/2023/BA/code/output/families/ssim_DL_s20_f100_sites200_GTR_bl1.0_d1.0_l1.0_t0.0_gc0.0_p0.0_pop10_ms0.0_mf0.0_seed19732311/families/family_030/misc/raxml_output.F81.raxml.bestTreeCollapsed
Best ML tree saved to: /home/fili/Documents/KIT/2023/BA/code/output/families/ssim_DL_s20_f100_sites200_GTR_bl1.0_d1.0_l1.0_t0.0_gc0.0_p0.0_pop10_ms0.0_mf0.0_seed19732311/families/family_030/misc/raxml_output.F81.raxml.bestTree
All ML trees saved to: /home/fili/Documents/KIT/2023/BA/code/output/families/ssim_DL_s20_f100_sites200_GTR_bl1.0_d1.0_l1.0_t0.0_gc0.0_p0.0_pop10_ms0.0_mf0.0_seed19732311/families/family_030/misc/raxml_output.F81.raxml.mlTrees
Optimized model saved to: /home/fili/Documents/KIT/2023/BA/code/output/families/ssim_DL_s20_f100_sites200_GTR_bl1.0_d1.0_l1.0_t0.0_gc0.0_p0.0_pop10_ms0.0_mf0.0_seed19732311/families/family_030/misc/raxml_output.F81.raxml.bestModel

Execution log saved to: /home/fili/Documents/KIT/2023/BA/code/output/families/ssim_DL_s20_f100_sites200_GTR_bl1.0_d1.0_l1.0_t0.0_gc0.0_p0.0_pop10_ms0.0_mf0.0_seed19732311/families/family_030/misc/raxml_output.F81.raxml.log

Analysis started: 27-Jun-2023 13:03:56 / finished: 27-Jun-2023 13:03:56

Elapsed time: 0.277 seconds

