
RAxML-NG v. 1.1.0 released on 29.11.2021 by The Exelixis Lab.
Developed by: Alexey M. Kozlov and Alexandros Stamatakis.
Contributors: Diego Darriba, Tomas Flouri, Benoit Morel, Sarah Lutteropp, Ben Bettisworth.
Latest version: https://github.com/amkozlov/raxml-ng
Questions/problems/suggestions? Please visit: https://groups.google.com/forum/#!forum/raxml

System: AMD Ryzen 7 5800X 8-Core Processor, 8 cores, 31 GB RAM

RAxML-NG was called at 27-Jun-2023 13:01:29 as follows:

/home/fili/Documents/KIT/2023/BA/resources/tools/RAxML-NG/raxml-ng --msa /home/fili/Documents/KIT/2023/BA/code/output/families/ssim_DL_s20_f100_sites200_GTR_bl1.0_d1.0_l1.0_t0.0_gc0.0_p0.0_pop10_ms0.0_mf0.0_seed1007/families/family_050/alignment.msa --model F81 --prefix /home/fili/Documents/KIT/2023/BA/code/output/families/ssim_DL_s20_f100_sites200_GTR_bl1.0_d1.0_l1.0_t0.0_gc0.0_p0.0_pop10_ms0.0_mf0.0_seed1007/families/family_050/misc/raxml_output.F81

Analysis options:
  run mode: ML tree search
  start tree(s): random (10) + parsimony (10)
  random seed: 1687863689
  tip-inner: OFF
  pattern compression: ON
  per-rate scalers: OFF
  site repeats: ON
  fast spr radius: AUTO
  spr subtree cutoff: 1.000000
  branch lengths: proportional (ML estimate, algorithm: NR-FAST)
  SIMD kernels: AVX2
  parallelization: coarse-grained (auto), PTHREADS (auto)

[00:00:00] Reading alignment from file: /home/fili/Documents/KIT/2023/BA/code/output/families/ssim_DL_s20_f100_sites200_GTR_bl1.0_d1.0_l1.0_t0.0_gc0.0_p0.0_pop10_ms0.0_mf0.0_seed1007/families/family_050/alignment.msa
[00:00:00] Loaded alignment with 46 taxa and 222 sites

WARNING: Sequences 2_0_0 and 8_0_0 are exactly identical!
WARNING: Sequences 12_0_0 and 19_0_0 are exactly identical!
WARNING: Sequences 12_0_0 and 20_0_0 are exactly identical!
WARNING: Sequences 14_5_0 and 18_5_0 are exactly identical!
WARNING: Sequences 19_5_0 and 12_5_0 are exactly identical!
WARNING: Duplicate sequences found: 5

NOTE: Reduced alignment (with duplicates and gap-only sites/taxa removed) 
NOTE: was saved to: /home/fili/Documents/KIT/2023/BA/code/output/families/ssim_DL_s20_f100_sites200_GTR_bl1.0_d1.0_l1.0_t0.0_gc0.0_p0.0_pop10_ms0.0_mf0.0_seed1007/families/family_050/misc/raxml_output.F81.raxml.reduced.phy

Alignment comprises 1 partitions and 122 patterns

Partition 0: noname
Model: F81+FO
Alignment sites / patterns: 222 / 122
Gaps: 0.00 %
Invariant sites: 44.14 %


NOTE: Binary MSA file created: /home/fili/Documents/KIT/2023/BA/code/output/families/ssim_DL_s20_f100_sites200_GTR_bl1.0_d1.0_l1.0_t0.0_gc0.0_p0.0_pop10_ms0.0_mf0.0_seed1007/families/family_050/misc/raxml_output.F81.raxml.rba

Parallelization scheme autoconfig: 8 worker(s) x 1 thread(s)

Parallel reduction/worker buffer size: 1 KB  / 0 KB

[00:00:00] Generating 10 random starting tree(s) with 46 taxa
[00:00:00] Generating 10 parsimony starting tree(s) with 46 taxa
[00:00:00] Data distribution: max. partitions/sites/weight per thread: 1 / 122 / 488
[00:00:00] Data distribution: max. searches per worker: 3

Starting ML tree search with 20 distinct starting trees

[00:00:00 -5468.866294] Initial branch length optimization
[00:00:00 -4813.330708] Model parameter optimization (eps = 10.000000)
[00:00:00 -4547.471013] AUTODETECT spr round 1 (radius: 5)
[00:00:00 -2547.388315] AUTODETECT spr round 2 (radius: 10)
[00:00:00 -2389.312071] AUTODETECT spr round 3 (radius: 15)
[00:00:00 -2389.311315] SPR radius for FAST iterations: 10 (autodetect)
[00:00:00 -2389.311315] Model parameter optimization (eps = 3.000000)
[00:00:00 -2377.936214] FAST spr round 1 (radius: 10)
[00:00:00 -2140.805360] FAST spr round 2 (radius: 10)
[00:00:00 -2138.485459] FAST spr round 3 (radius: 10)
[00:00:00 -2138.485449] Model parameter optimization (eps = 1.000000)
[00:00:00 -2138.075133] SLOW spr round 1 (radius: 5)
[00:00:00 -2138.074812] SLOW spr round 2 (radius: 10)
[00:00:00 -2138.074812] SLOW spr round 3 (radius: 15)
[00:00:00 -2138.074812] SLOW spr round 4 (radius: 20)
[00:00:00 -2138.074812] SLOW spr round 5 (radius: 25)
[00:00:00 -2138.074812] Model parameter optimization (eps = 0.100000)
[00:00:00] [worker #7] ML tree search #8, logLikelihood: -2138.073296

[00:00:00] [worker #0] ML tree search #1, logLikelihood: -2138.073298

[00:00:00 -5399.359939] Initial branch length optimization
[00:00:00 -4751.492403] Model parameter optimization (eps = 10.000000)
[00:00:00 -4495.933088] AUTODETECT spr round 1 (radius: 5)
[00:00:00] [worker #5] ML tree search #6, logLikelihood: -2138.073299
[00:00:00 -2677.696887] AUTODETECT spr round 2 (radius: 10)
[00:00:00] [worker #1] ML tree search #2, logLikelihood: -2138.073293
[00:00:00] [worker #6] ML tree search #7, logLikelihood: -2138.073294
[00:00:00] [worker #4] ML tree search #5, logLikelihood: -2138.073291
[00:00:00] [worker #2] ML tree search #3, logLikelihood: -2138.073297
[00:00:00 -2419.417568] AUTODETECT spr round 3 (radius: 15)
[00:00:00 -2419.414509] SPR radius for FAST iterations: 10 (autodetect)
[00:00:00 -2419.414509] Model parameter optimization (eps = 3.000000)
[00:00:00] [worker #3] ML tree search #4, logLikelihood: -2138.073294
[00:00:00 -2413.392414] FAST spr round 1 (radius: 10)
[00:00:00 -2142.290451] FAST spr round 2 (radius: 10)
[00:00:00 -2139.154146] FAST spr round 3 (radius: 10)
[00:00:00 -2139.154015] Model parameter optimization (eps = 1.000000)
[00:00:00 -2138.809954] SLOW spr round 1 (radius: 5)
[00:00:00 -2138.079724] SLOW spr round 2 (radius: 5)
[00:00:00 -2138.079721] SLOW spr round 3 (radius: 10)
[00:00:00] [worker #5] ML tree search #14, logLikelihood: -2138.073289
[00:00:00] [worker #7] ML tree search #16, logLikelihood: -2138.073294
[00:00:00 -2138.079721] SLOW spr round 4 (radius: 15)
[00:00:00] [worker #6] ML tree search #15, logLikelihood: -2138.073293
[00:00:00 -2138.079721] SLOW spr round 5 (radius: 20)
[00:00:00 -2138.079721] SLOW spr round 6 (radius: 25)
[00:00:00 -2138.079721] Model parameter optimization (eps = 0.100000)

[00:00:00] [worker #0] ML tree search #9, logLikelihood: -2138.073296

[00:00:00 -3382.722863] Initial branch length optimization
[00:00:00 -2229.114645] Model parameter optimization (eps = 10.000000)
[00:00:00] [worker #4] ML tree search #13, logLikelihood: -2138.073293
[00:00:00 -2155.215818] AUTODETECT spr round 1 (radius: 5)
[00:00:00] [worker #2] ML tree search #11, logLikelihood: -2138.073293
[00:00:00 -2139.077758] AUTODETECT spr round 2 (radius: 10)
[00:00:00] [worker #3] ML tree search #12, logLikelihood: -2138.073293
[00:00:00 -2139.077538] SPR radius for FAST iterations: 5 (autodetect)
[00:00:00 -2139.077538] Model parameter optimization (eps = 3.000000)
[00:00:00 -2138.983394] FAST spr round 1 (radius: 5)
[00:00:00] [worker #1] ML tree search #10, logLikelihood: -2138.073294
[00:00:00 -2138.085610] FAST spr round 2 (radius: 5)
[00:00:00 -2138.085608] Model parameter optimization (eps = 1.000000)
[00:00:00 -2138.073408] SLOW spr round 1 (radius: 5)
[00:00:00 -2138.073296] SLOW spr round 2 (radius: 10)
[00:00:00 -2138.073296] SLOW spr round 3 (radius: 15)
[00:00:00 -2138.073296] SLOW spr round 4 (radius: 20)
[00:00:00 -2138.073296] SLOW spr round 5 (radius: 25)
[00:00:00 -2138.073296] Model parameter optimization (eps = 0.100000)

[00:00:00] [worker #0] ML tree search #17, logLikelihood: -2138.073290

[00:00:00] [worker #2] ML tree search #19, logLikelihood: -2138.073293
[00:00:00] [worker #1] ML tree search #18, logLikelihood: -2138.073289
[00:00:00] [worker #3] ML tree search #20, logLikelihood: -2138.073293

Optimized model parameters:

   Partition 0: noname
   Rate heterogeneity: NONE
   Base frequencies (ML): 0.412803 0.125129 0.329823 0.132245 
   Substitution rates (model): 1.000000 1.000000 1.000000 1.000000 1.000000 1.000000 


Final LogLikelihood: -2138.073289

AIC score: 4460.146578 / AICc score: 4592.797740 / BIC score: 4773.192897
Free parameters (model + branch lengths): 92

WARNING: Best ML tree contains 4 near-zero branches!

Best ML tree with collapsed near-zero branches saved to: /home/fili/Documents/KIT/2023/BA/code/output/families/ssim_DL_s20_f100_sites200_GTR_bl1.0_d1.0_l1.0_t0.0_gc0.0_p0.0_pop10_ms0.0_mf0.0_seed1007/families/family_050/misc/raxml_output.F81.raxml.bestTreeCollapsed
Best ML tree saved to: /home/fili/Documents/KIT/2023/BA/code/output/families/ssim_DL_s20_f100_sites200_GTR_bl1.0_d1.0_l1.0_t0.0_gc0.0_p0.0_pop10_ms0.0_mf0.0_seed1007/families/family_050/misc/raxml_output.F81.raxml.bestTree
All ML trees saved to: /home/fili/Documents/KIT/2023/BA/code/output/families/ssim_DL_s20_f100_sites200_GTR_bl1.0_d1.0_l1.0_t0.0_gc0.0_p0.0_pop10_ms0.0_mf0.0_seed1007/families/family_050/misc/raxml_output.F81.raxml.mlTrees
Optimized model saved to: /home/fili/Documents/KIT/2023/BA/code/output/families/ssim_DL_s20_f100_sites200_GTR_bl1.0_d1.0_l1.0_t0.0_gc0.0_p0.0_pop10_ms0.0_mf0.0_seed1007/families/family_050/misc/raxml_output.F81.raxml.bestModel

Execution log saved to: /home/fili/Documents/KIT/2023/BA/code/output/families/ssim_DL_s20_f100_sites200_GTR_bl1.0_d1.0_l1.0_t0.0_gc0.0_p0.0_pop10_ms0.0_mf0.0_seed1007/families/family_050/misc/raxml_output.F81.raxml.log

Analysis started: 27-Jun-2023 13:01:29 / finished: 27-Jun-2023 13:01:30

Elapsed time: 0.976 seconds

