
RAxML-NG v. 1.1.0 released on 29.11.2021 by The Exelixis Lab.
Developed by: Alexey M. Kozlov and Alexandros Stamatakis.
Contributors: Diego Darriba, Tomas Flouri, Benoit Morel, Sarah Lutteropp, Ben Bettisworth.
Latest version: https://github.com/amkozlov/raxml-ng
Questions/problems/suggestions? Please visit: https://groups.google.com/forum/#!forum/raxml

System: AMD Ryzen 7 5800X 8-Core Processor, 8 cores, 31 GB RAM

RAxML-NG was called at 05-Jun-2023 13:02:30 as follows:

/home/fili/Documents/KIT/2023/BA/resources/tools/RAxML-NG/raxml-ng --msa /home/fili/Documents/KIT/2023/BA/code/output/families/ssim_dtl_s20_f100_sites200_GTR_bl1.0_d0.0_l0.0_t1.0_gc0.0_p0.0_pop10_ms0.0_mf0.0_seed42/families/family_046/alignment.msa --model GTR+G --prefix /home/fili/Documents/KIT/2023/BA/code/output/families/ssim_dtl_s20_f100_sites200_GTR_bl1.0_d0.0_l0.0_t1.0_gc0.0_p0.0_pop10_ms0.0_mf0.0_seed42/families/family_046/misc/raxml_output.GTR+G

Analysis options:
  run mode: ML tree search
  start tree(s): random (10) + parsimony (10)
  random seed: 1685962950
  tip-inner: OFF
  pattern compression: ON
  per-rate scalers: OFF
  site repeats: ON
  fast spr radius: AUTO
  spr subtree cutoff: 1.000000
  branch lengths: proportional (ML estimate, algorithm: NR-FAST)
  SIMD kernels: AVX2
  parallelization: coarse-grained (auto), PTHREADS (auto)

[00:00:00] Reading alignment from file: /home/fili/Documents/KIT/2023/BA/code/output/families/ssim_dtl_s20_f100_sites200_GTR_bl1.0_d0.0_l0.0_t1.0_gc0.0_p0.0_pop10_ms0.0_mf0.0_seed42/families/family_046/alignment.msa
[00:00:00] Loaded alignment with 20 taxa and 173 sites

WARNING: Sequences 9_0_0 and 13_0_0 are exactly identical!
WARNING: Sequences 12_0_0 and 4_0_0 are exactly identical!
WARNING: Sequences 10_0_0 and 5_0_0 are exactly identical!
WARNING: Duplicate sequences found: 3

NOTE: Reduced alignment (with duplicates and gap-only sites/taxa removed) 
NOTE: was saved to: /home/fili/Documents/KIT/2023/BA/code/output/families/ssim_dtl_s20_f100_sites200_GTR_bl1.0_d0.0_l0.0_t1.0_gc0.0_p0.0_pop10_ms0.0_mf0.0_seed42/families/family_046/misc/raxml_output.GTR+G.raxml.reduced.phy

Alignment comprises 1 partitions and 102 patterns

Partition 0: noname
Model: GTR+FO+G4m
Alignment sites / patterns: 173 / 102
Gaps: 0.00 %
Invariant sites: 36.42 %


NOTE: Binary MSA file created: /home/fili/Documents/KIT/2023/BA/code/output/families/ssim_dtl_s20_f100_sites200_GTR_bl1.0_d0.0_l0.0_t1.0_gc0.0_p0.0_pop10_ms0.0_mf0.0_seed42/families/family_046/misc/raxml_output.GTR+G.raxml.rba

Parallelization scheme autoconfig: 8 worker(s) x 1 thread(s)

Parallel reduction/worker buffer size: 1 KB  / 0 KB

[00:00:00] Generating 10 random starting tree(s) with 20 taxa
[00:00:00] Generating 10 parsimony starting tree(s) with 20 taxa
[00:00:00] Data distribution: max. partitions/sites/weight per thread: 1 / 102 / 1632
[00:00:00] Data distribution: max. searches per worker: 3

Starting ML tree search with 20 distinct starting trees

[00:00:00 -2375.002881] Initial branch length optimization
[00:00:00 -2108.390215] Model parameter optimization (eps = 10.000000)
[00:00:00 -1723.438426] AUTODETECT spr round 1 (radius: 5)
[00:00:00 -1138.480396] AUTODETECT spr round 2 (radius: 10)
[00:00:00 -1138.480181] SPR radius for FAST iterations: 5 (autodetect)
[00:00:00 -1138.480181] Model parameter optimization (eps = 3.000000)
[00:00:00 -1128.061881] FAST spr round 1 (radius: 5)
[00:00:00 -1067.223537] FAST spr round 2 (radius: 5)
[00:00:00 -1063.874513] FAST spr round 3 (radius: 5)
[00:00:00 -1063.873720] Model parameter optimization (eps = 1.000000)
[00:00:00 -1061.370948] SLOW spr round 1 (radius: 5)
[00:00:00 -1061.342871] SLOW spr round 2 (radius: 10)
[00:00:00] [worker #3] ML tree search #4, logLikelihood: -1061.184555
[00:00:00] [worker #7] ML tree search #8, logLikelihood: -1061.192947
[00:00:00 -1061.342655] SLOW spr round 3 (radius: 15)
[00:00:00] [worker #5] ML tree search #6, logLikelihood: -1061.173783
[00:00:00 -1061.342653] SLOW spr round 4 (radius: 20)
[00:00:00] [worker #2] ML tree search #3, logLikelihood: -1061.173853
[00:00:00 -1061.342653] Model parameter optimization (eps = 0.100000)
[00:00:00] [worker #6] ML tree search #7, logLikelihood: -1061.177359
[00:00:00] [worker #1] ML tree search #2, logLikelihood: -1061.195773

[00:00:00] [worker #0] ML tree search #1, logLikelihood: -1061.176468

[00:00:00 -2339.956934] Initial branch length optimization
[00:00:00 -2075.661279] Model parameter optimization (eps = 10.000000)
[00:00:00 -1717.373112] AUTODETECT spr round 1 (radius: 5)
[00:00:00] [worker #4] ML tree search #5, logLikelihood: -1061.193638
[00:00:00 -1158.885684] AUTODETECT spr round 2 (radius: 10)
[00:00:00 -1113.022915] AUTODETECT spr round 3 (radius: 15)
[00:00:00 -1113.001541] SPR radius for FAST iterations: 10 (autodetect)
[00:00:00 -1113.001541] Model parameter optimization (eps = 3.000000)
[00:00:00 -1096.812036] FAST spr round 1 (radius: 10)
[00:00:00 -1068.759796] FAST spr round 2 (radius: 10)
[00:00:00] [worker #3] ML tree search #12, logLikelihood: -1061.165327
[00:00:00 -1062.594241] FAST spr round 3 (radius: 10)
[00:00:00] [worker #7] ML tree search #16, logLikelihood: -1061.165922
[00:00:00] [worker #2] ML tree search #11, logLikelihood: -1061.166073
[00:00:00] [worker #6] ML tree search #15, logLikelihood: -1061.165912
[00:00:00 -1062.591371] Model parameter optimization (eps = 1.000000)
[00:00:00] [worker #5] ML tree search #14, logLikelihood: -1061.166203
[00:00:00 -1061.305411] SLOW spr round 1 (radius: 5)
[00:00:00] [worker #1] ML tree search #10, logLikelihood: -1061.189048
[00:00:00 -1061.281007] SLOW spr round 2 (radius: 10)
[00:00:00] [worker #4] ML tree search #13, logLikelihood: -1061.166412
[00:00:00 -1061.280857] SLOW spr round 3 (radius: 15)
[00:00:00 -1061.280855] SLOW spr round 4 (radius: 20)
[00:00:00 -1061.280855] Model parameter optimization (eps = 0.100000)

[00:00:00] [worker #0] ML tree search #9, logLikelihood: -1061.194221

[00:00:00 -1435.223729] Initial branch length optimization
[00:00:00 -1249.459314] Model parameter optimization (eps = 10.000000)
[00:00:00 -1067.198299] AUTODETECT spr round 1 (radius: 5)
[00:00:00 -1061.867232] AUTODETECT spr round 2 (radius: 10)
[00:00:00 -1061.866984] SPR radius for FAST iterations: 5 (autodetect)
[00:00:00 -1061.866984] Model parameter optimization (eps = 3.000000)
[00:00:00] [worker #2] ML tree search #19, logLikelihood: -1061.166216
[00:00:00 -1061.463419] FAST spr round 1 (radius: 5)
[00:00:00] [worker #3] ML tree search #20, logLikelihood: -1061.166456
[00:00:00 -1061.288144] FAST spr round 2 (radius: 5)
[00:00:00] [worker #1] ML tree search #18, logLikelihood: -1061.166326
[00:00:00 -1061.288067] Model parameter optimization (eps = 1.000000)
[00:00:00 -1061.181018] SLOW spr round 1 (radius: 5)
[00:00:00 -1061.180233] SLOW spr round 2 (radius: 10)
[00:00:00 -1061.180230] SLOW spr round 3 (radius: 15)
[00:00:00 -1061.180230] SLOW spr round 4 (radius: 20)
[00:00:00 -1061.180230] Model parameter optimization (eps = 0.100000)

[00:00:00] [worker #0] ML tree search #17, logLikelihood: -1061.166045


Optimized model parameters:

   Partition 0: noname
   Rate heterogeneity: GAMMA (4 cats, mean),  alpha: 1.548222 (ML),  weights&rates: (0.250000,0.232677) (0.250000,0.596391) (0.250000,1.053132) (0.250000,2.117800) 
   Base frequencies (ML): 0.216549 0.207793 0.283016 0.292642 
   Substitution rates (ML): 1.236924 20.778404 0.344553 0.270240 1.530247 1.000000 


Final LogLikelihood: -1061.165327

AIC score: 2214.330655 / AICc score: 2248.648115 / BIC score: 2359.382068
Free parameters (model + branch lengths): 46

WARNING: Best ML tree contains 3 near-zero branches!

Best ML tree with collapsed near-zero branches saved to: /home/fili/Documents/KIT/2023/BA/code/output/families/ssim_dtl_s20_f100_sites200_GTR_bl1.0_d0.0_l0.0_t1.0_gc0.0_p0.0_pop10_ms0.0_mf0.0_seed42/families/family_046/misc/raxml_output.GTR+G.raxml.bestTreeCollapsed
Best ML tree saved to: /home/fili/Documents/KIT/2023/BA/code/output/families/ssim_dtl_s20_f100_sites200_GTR_bl1.0_d0.0_l0.0_t1.0_gc0.0_p0.0_pop10_ms0.0_mf0.0_seed42/families/family_046/misc/raxml_output.GTR+G.raxml.bestTree
All ML trees saved to: /home/fili/Documents/KIT/2023/BA/code/output/families/ssim_dtl_s20_f100_sites200_GTR_bl1.0_d0.0_l0.0_t1.0_gc0.0_p0.0_pop10_ms0.0_mf0.0_seed42/families/family_046/misc/raxml_output.GTR+G.raxml.mlTrees
Optimized model saved to: /home/fili/Documents/KIT/2023/BA/code/output/families/ssim_dtl_s20_f100_sites200_GTR_bl1.0_d0.0_l0.0_t1.0_gc0.0_p0.0_pop10_ms0.0_mf0.0_seed42/families/family_046/misc/raxml_output.GTR+G.raxml.bestModel

Execution log saved to: /home/fili/Documents/KIT/2023/BA/code/output/families/ssim_dtl_s20_f100_sites200_GTR_bl1.0_d0.0_l0.0_t1.0_gc0.0_p0.0_pop10_ms0.0_mf0.0_seed42/families/family_046/misc/raxml_output.GTR+G.raxml.log

Analysis started: 05-Jun-2023 13:02:30 / finished: 05-Jun-2023 13:02:31

Elapsed time: 0.565 seconds

