
RAxML-NG v. 1.1.0 released on 29.11.2021 by The Exelixis Lab.
Developed by: Alexey M. Kozlov and Alexandros Stamatakis.
Contributors: Diego Darriba, Tomas Flouri, Benoit Morel, Sarah Lutteropp, Ben Bettisworth.
Latest version: https://github.com/amkozlov/raxml-ng
Questions/problems/suggestions? Please visit: https://groups.google.com/forum/#!forum/raxml

System: AMD Ryzen 7 5800X 8-Core Processor, 8 cores, 31 GB RAM

RAxML-NG was called at 16-Jun-2023 09:59:05 as follows:

/home/fili/Documents/KIT/2023/BA/resources/tools/RAxML-NG/raxml-ng --msa /home/fili/Documents/KIT/2023/BA/code/output/families/ssim_NE_s20_f100_sites200_GTR_bl1.0_d0.0_l0.0_t0.0_gc0.0_p0.0_pop10_ms0.0_mf0.0_seed1007/families/family_054/alignment.msa --model F81 --prefix /home/fili/Documents/KIT/2023/BA/code/output/families/ssim_NE_s20_f100_sites200_GTR_bl1.0_d0.0_l0.0_t0.0_gc0.0_p0.0_pop10_ms0.0_mf0.0_seed1007/families/family_054/misc/raxml_output.F81

Analysis options:
  run mode: ML tree search
  start tree(s): random (10) + parsimony (10)
  random seed: 1686902345
  tip-inner: OFF
  pattern compression: ON
  per-rate scalers: OFF
  site repeats: ON
  fast spr radius: AUTO
  spr subtree cutoff: 1.000000
  branch lengths: proportional (ML estimate, algorithm: NR-FAST)
  SIMD kernels: AVX2
  parallelization: coarse-grained (auto), PTHREADS (auto)

[00:00:00] Reading alignment from file: /home/fili/Documents/KIT/2023/BA/code/output/families/ssim_NE_s20_f100_sites200_GTR_bl1.0_d0.0_l0.0_t0.0_gc0.0_p0.0_pop10_ms0.0_mf0.0_seed1007/families/family_054/alignment.msa
[00:00:00] Loaded alignment with 20 taxa and 138 sites

WARNING: Sequences 20_0_0 and 19_0_0 are exactly identical!
WARNING: Sequences 20_0_0 and 12_0_0 are exactly identical!
WARNING: Sequences 2_0_0 and 8_0_0 are exactly identical!
WARNING: Sequences 7_0_0 and 11_0_0 are exactly identical!
WARNING: Duplicate sequences found: 4

NOTE: Reduced alignment (with duplicates and gap-only sites/taxa removed) 
NOTE: was saved to: /home/fili/Documents/KIT/2023/BA/code/output/families/ssim_NE_s20_f100_sites200_GTR_bl1.0_d0.0_l0.0_t0.0_gc0.0_p0.0_pop10_ms0.0_mf0.0_seed1007/families/family_054/misc/raxml_output.F81.raxml.reduced.phy

Alignment comprises 1 partitions and 58 patterns

Partition 0: noname
Model: F81+FO
Alignment sites / patterns: 138 / 58
Gaps: 0.00 %
Invariant sites: 57.25 %


NOTE: Binary MSA file created: /home/fili/Documents/KIT/2023/BA/code/output/families/ssim_NE_s20_f100_sites200_GTR_bl1.0_d0.0_l0.0_t0.0_gc0.0_p0.0_pop10_ms0.0_mf0.0_seed1007/families/family_054/misc/raxml_output.F81.raxml.rba

Parallelization scheme autoconfig: 8 worker(s) x 1 thread(s)

Parallel reduction/worker buffer size: 1 KB  / 0 KB

[00:00:00] Generating 10 random starting tree(s) with 20 taxa
[00:00:00] Generating 10 parsimony starting tree(s) with 20 taxa
[00:00:00] Data distribution: max. partitions/sites/weight per thread: 1 / 58 / 232
[00:00:00] Data distribution: max. searches per worker: 3

Starting ML tree search with 20 distinct starting trees

[00:00:00 -1345.201123] Initial branch length optimization
[00:00:00 -1101.680860] Model parameter optimization (eps = 10.000000)
[00:00:00 -1086.494295] AUTODETECT spr round 1 (radius: 5)
[00:00:00 -742.191855] AUTODETECT spr round 2 (radius: 10)
[00:00:00 -722.503097] AUTODETECT spr round 3 (radius: 15)
[00:00:00 -722.502553] SPR radius for FAST iterations: 10 (autodetect)
[00:00:00 -722.502553] Model parameter optimization (eps = 3.000000)
[00:00:00 -721.848034] FAST spr round 1 (radius: 10)
[00:00:00 -703.558194] FAST spr round 2 (radius: 10)
[00:00:00 -696.425979] FAST spr round 3 (radius: 10)
[00:00:00 -696.425978] Model parameter optimization (eps = 1.000000)
[00:00:00 -696.296307] SLOW spr round 1 (radius: 5)
[00:00:00 -696.296294] SLOW spr round 2 (radius: 10)
[00:00:00] [worker #6] ML tree search #7, logLikelihood: -696.510860
[00:00:00] [worker #5] ML tree search #6, logLikelihood: -696.510860
[00:00:00] [worker #2] ML tree search #3, logLikelihood: -696.510861
[00:00:00] [worker #7] ML tree search #8, logLikelihood: -696.296288
[00:00:00 -696.296294] SLOW spr round 3 (radius: 15)
[00:00:00 -696.296294] SLOW spr round 4 (radius: 20)
[00:00:00 -696.296294] Model parameter optimization (eps = 0.100000)

[00:00:00] [worker #0] ML tree search #1, logLikelihood: -696.296290

[00:00:00] [worker #3] ML tree search #4, logLikelihood: -696.296288
[00:00:00] [worker #1] ML tree search #2, logLikelihood: -696.296290
[00:00:00 -1493.925032] Initial branch length optimization
[00:00:00 -1272.637241] Model parameter optimization (eps = 10.000000)
[00:00:00] [worker #4] ML tree search #5, logLikelihood: -696.510861
[00:00:00 -1256.882433] AUTODETECT spr round 1 (radius: 5)
[00:00:00 -802.830277] AUTODETECT spr round 2 (radius: 10)
[00:00:00 -720.445164] AUTODETECT spr round 3 (radius: 15)
[00:00:00 -720.444712] SPR radius for FAST iterations: 10 (autodetect)
[00:00:00 -720.444712] Model parameter optimization (eps = 3.000000)
[00:00:00 -719.326139] FAST spr round 1 (radius: 10)
[00:00:00 -696.524476] FAST spr round 2 (radius: 10)
[00:00:00 -696.524470] Model parameter optimization (eps = 1.000000)
[00:00:00 -696.510861] SLOW spr round 1 (radius: 5)
[00:00:00] [worker #6] ML tree search #15, logLikelihood: -696.510860
[00:00:00] [worker #5] ML tree search #14, logLikelihood: -696.296288
[00:00:00] [worker #2] ML tree search #11, logLikelihood: -696.296289
[00:00:00] [worker #7] ML tree search #16, logLikelihood: -696.296289
[00:00:00 -696.510859] SLOW spr round 2 (radius: 10)
[00:00:00] [worker #4] ML tree search #13, logLikelihood: -696.510860
[00:00:00 -696.510859] SLOW spr round 3 (radius: 15)
[00:00:00 -696.510859] SLOW spr round 4 (radius: 20)
[00:00:00 -696.510859] Model parameter optimization (eps = 0.100000)

[00:00:00] [worker #0] ML tree search #9, logLikelihood: -696.510859

[00:00:00] [worker #3] ML tree search #12, logLikelihood: -696.296288
[00:00:00 -1007.008489] Initial branch length optimization
[00:00:00 -704.893576] Model parameter optimization (eps = 10.000000)
[00:00:00 -696.576953] AUTODETECT spr round 1 (radius: 5)
[00:00:00] [worker #1] ML tree search #10, logLikelihood: -696.510859
[00:00:00 -696.299740] AUTODETECT spr round 2 (radius: 10)
[00:00:00 -696.297629] SPR radius for FAST iterations: 5 (autodetect)
[00:00:00 -696.297629] Model parameter optimization (eps = 3.000000)
[00:00:00 -696.296292] FAST spr round 1 (radius: 5)
[00:00:00 -696.296289] Model parameter optimization (eps = 1.000000)
[00:00:00 -696.296289] SLOW spr round 1 (radius: 5)
[00:00:00] [worker #2] ML tree search #19, logLikelihood: -696.510861
[00:00:00 -696.296289] SLOW spr round 2 (radius: 10)
[00:00:00 -696.296289] SLOW spr round 3 (radius: 15)
[00:00:00 -696.296289] SLOW spr round 4 (radius: 20)
[00:00:00 -696.296289] Model parameter optimization (eps = 0.100000)

[00:00:00] [worker #0] ML tree search #17, logLikelihood: -696.296289

[00:00:00] [worker #3] ML tree search #20, logLikelihood: -696.510861
[00:00:00] [worker #1] ML tree search #18, logLikelihood: -696.296288

Optimized model parameters:

   Partition 0: noname
   Rate heterogeneity: NONE
   Base frequencies (ML): 0.215605 0.160233 0.316587 0.307575 
   Substitution rates (model): 1.000000 1.000000 1.000000 1.000000 1.000000 1.000000 


Final LogLikelihood: -696.296288

AIC score: 1472.592576 / AICc score: 1506.407009 / BIC score: 1589.682723
Free parameters (model + branch lengths): 40

WARNING: Best ML tree contains 1 near-zero branches!

Best ML tree with collapsed near-zero branches saved to: /home/fili/Documents/KIT/2023/BA/code/output/families/ssim_NE_s20_f100_sites200_GTR_bl1.0_d0.0_l0.0_t0.0_gc0.0_p0.0_pop10_ms0.0_mf0.0_seed1007/families/family_054/misc/raxml_output.F81.raxml.bestTreeCollapsed
Best ML tree saved to: /home/fili/Documents/KIT/2023/BA/code/output/families/ssim_NE_s20_f100_sites200_GTR_bl1.0_d0.0_l0.0_t0.0_gc0.0_p0.0_pop10_ms0.0_mf0.0_seed1007/families/family_054/misc/raxml_output.F81.raxml.bestTree
All ML trees saved to: /home/fili/Documents/KIT/2023/BA/code/output/families/ssim_NE_s20_f100_sites200_GTR_bl1.0_d0.0_l0.0_t0.0_gc0.0_p0.0_pop10_ms0.0_mf0.0_seed1007/families/family_054/misc/raxml_output.F81.raxml.mlTrees
Optimized model saved to: /home/fili/Documents/KIT/2023/BA/code/output/families/ssim_NE_s20_f100_sites200_GTR_bl1.0_d0.0_l0.0_t0.0_gc0.0_p0.0_pop10_ms0.0_mf0.0_seed1007/families/family_054/misc/raxml_output.F81.raxml.bestModel

Execution log saved to: /home/fili/Documents/KIT/2023/BA/code/output/families/ssim_NE_s20_f100_sites200_GTR_bl1.0_d0.0_l0.0_t0.0_gc0.0_p0.0_pop10_ms0.0_mf0.0_seed1007/families/family_054/misc/raxml_output.F81.raxml.log

Analysis started: 16-Jun-2023 09:59:05 / finished: 16-Jun-2023 09:59:05

Elapsed time: 0.151 seconds

