
RAxML-NG v. 1.1.0 released on 29.11.2021 by The Exelixis Lab.
Developed by: Alexey M. Kozlov and Alexandros Stamatakis.
Contributors: Diego Darriba, Tomas Flouri, Benoit Morel, Sarah Lutteropp, Ben Bettisworth.
Latest version: https://github.com/amkozlov/raxml-ng
Questions/problems/suggestions? Please visit: https://groups.google.com/forum/#!forum/raxml

System: AMD Ryzen 7 5800X 8-Core Processor, 8 cores, 31 GB RAM

RAxML-NG was called at 27-Jun-2023 13:02:21 as follows:

/home/fili/Documents/KIT/2023/BA/resources/tools/RAxML-NG/raxml-ng --msa /home/fili/Documents/KIT/2023/BA/code/output/families/ssim_DL_s20_f100_sites200_GTR_bl1.0_d1.0_l1.0_t0.0_gc0.0_p0.0_pop10_ms0.0_mf0.0_seed1007/families/family_013/alignment.msa --model F81 --prefix /home/fili/Documents/KIT/2023/BA/code/output/families/ssim_DL_s20_f100_sites200_GTR_bl1.0_d1.0_l1.0_t0.0_gc0.0_p0.0_pop10_ms0.0_mf0.0_seed1007/families/family_013/misc/raxml_output.F81

Analysis options:
  run mode: ML tree search
  start tree(s): random (10) + parsimony (10)
  random seed: 1687863741
  tip-inner: OFF
  pattern compression: ON
  per-rate scalers: OFF
  site repeats: ON
  fast spr radius: AUTO
  spr subtree cutoff: 1.000000
  branch lengths: proportional (ML estimate, algorithm: NR-FAST)
  SIMD kernels: AVX2
  parallelization: coarse-grained (auto), PTHREADS (auto)

[00:00:00] Reading alignment from file: /home/fili/Documents/KIT/2023/BA/code/output/families/ssim_DL_s20_f100_sites200_GTR_bl1.0_d1.0_l1.0_t0.0_gc0.0_p0.0_pop10_ms0.0_mf0.0_seed1007/families/family_013/alignment.msa
[00:00:00] Loaded alignment with 38 taxa and 193 sites

WARNING: Sequences 12_0_0 and 19_0_0 are exactly identical!
WARNING: Sequences 19_1_0 and 12_1_0 are exactly identical!
WARNING: Duplicate sequences found: 2

NOTE: Reduced alignment (with duplicates and gap-only sites/taxa removed) 
NOTE: was saved to: /home/fili/Documents/KIT/2023/BA/code/output/families/ssim_DL_s20_f100_sites200_GTR_bl1.0_d1.0_l1.0_t0.0_gc0.0_p0.0_pop10_ms0.0_mf0.0_seed1007/families/family_013/misc/raxml_output.F81.raxml.reduced.phy

Alignment comprises 1 partitions and 148 patterns

Partition 0: noname
Model: F81+FO
Alignment sites / patterns: 193 / 148
Gaps: 0.00 %
Invariant sites: 20.21 %


NOTE: Binary MSA file created: /home/fili/Documents/KIT/2023/BA/code/output/families/ssim_DL_s20_f100_sites200_GTR_bl1.0_d1.0_l1.0_t0.0_gc0.0_p0.0_pop10_ms0.0_mf0.0_seed1007/families/family_013/misc/raxml_output.F81.raxml.rba

Parallelization scheme autoconfig: 8 worker(s) x 1 thread(s)

Parallel reduction/worker buffer size: 1 KB  / 0 KB

[00:00:00] Generating 10 random starting tree(s) with 38 taxa
[00:00:00] Generating 10 parsimony starting tree(s) with 38 taxa
[00:00:00] Data distribution: max. partitions/sites/weight per thread: 1 / 148 / 592
[00:00:00] Data distribution: max. searches per worker: 3

Starting ML tree search with 20 distinct starting trees

[00:00:00 -5437.740349] Initial branch length optimization
[00:00:00 -4693.819239] Model parameter optimization (eps = 10.000000)
[00:00:00 -4685.223479] AUTODETECT spr round 1 (radius: 5)
[00:00:00 -2852.569388] AUTODETECT spr round 2 (radius: 10)
[00:00:00 -2619.788456] AUTODETECT spr round 3 (radius: 15)
[00:00:00 -2619.788337] SPR radius for FAST iterations: 10 (autodetect)
[00:00:00 -2619.788337] Model parameter optimization (eps = 3.000000)
[00:00:00 -2611.952102] FAST spr round 1 (radius: 10)
[00:00:00 -2558.707918] FAST spr round 2 (radius: 10)
[00:00:00 -2546.369201] FAST spr round 3 (radius: 10)
[00:00:00 -2546.369185] Model parameter optimization (eps = 1.000000)
[00:00:00 -2546.063044] SLOW spr round 1 (radius: 5)
[00:00:00 -2546.062730] SLOW spr round 2 (radius: 10)
[00:00:00 -2546.062730] SLOW spr round 3 (radius: 15)
[00:00:00 -2546.062730] SLOW spr round 4 (radius: 20)
[00:00:00 -2546.062730] SLOW spr round 5 (radius: 25)
[00:00:00 -2546.062730] Model parameter optimization (eps = 0.100000)

[00:00:00] [worker #0] ML tree search #1, logLikelihood: -2546.062400

[00:00:00 -4991.095205] Initial branch length optimization
[00:00:00 -4389.337855] Model parameter optimization (eps = 10.000000)
[00:00:00] [worker #6] ML tree search #7, logLikelihood: -2545.468751
[00:00:00] [worker #2] ML tree search #3, logLikelihood: -2546.062399
[00:00:00 -4374.872667] AUTODETECT spr round 1 (radius: 5)
[00:00:00] [worker #1] ML tree search #2, logLikelihood: -2545.468751
[00:00:00] [worker #3] ML tree search #4, logLikelihood: -2546.062400
[00:00:00 -2970.777877] AUTODETECT spr round 2 (radius: 10)
[00:00:00] [worker #7] ML tree search #8, logLikelihood: -2546.062398
[00:00:00] [worker #4] ML tree search #5, logLikelihood: -2546.062400
[00:00:00 -2824.873755] AUTODETECT spr round 3 (radius: 15)
[00:00:00 -2824.866609] SPR radius for FAST iterations: 10 (autodetect)
[00:00:00 -2824.866609] Model parameter optimization (eps = 3.000000)
[00:00:00 -2814.965396] FAST spr round 1 (radius: 10)
[00:00:00] [worker #5] ML tree search #6, logLikelihood: -2546.062421
[00:00:00 -2551.745847] FAST spr round 2 (radius: 10)
[00:00:00 -2546.813407] FAST spr round 3 (radius: 10)
[00:00:00 -2546.400741] FAST spr round 4 (radius: 10)
[00:00:00 -2546.400734] Model parameter optimization (eps = 1.000000)
[00:00:00 -2546.062870] SLOW spr round 1 (radius: 5)
[00:00:00 -2546.062636] SLOW spr round 2 (radius: 10)
[00:00:00] [worker #2] ML tree search #11, logLikelihood: -2546.062399
[00:00:00 -2546.062636] SLOW spr round 3 (radius: 15)
[00:00:00] [worker #7] ML tree search #16, logLikelihood: -2546.062397
[00:00:00 -2546.062636] SLOW spr round 4 (radius: 20)
[00:00:00] [worker #4] ML tree search #13, logLikelihood: -2546.062398
[00:00:00 -2546.062636] SLOW spr round 5 (radius: 25)
[00:00:00 -2546.062636] Model parameter optimization (eps = 0.100000)

[00:00:00] [worker #0] ML tree search #9, logLikelihood: -2546.062399

[00:00:00 -3182.103270] Initial branch length optimization
[00:00:00] [worker #6] ML tree search #15, logLikelihood: -2546.062399
[00:00:00 -2569.277771] Model parameter optimization (eps = 10.000000)
[00:00:00] [worker #1] ML tree search #10, logLikelihood: -2546.062398
[00:00:00 -2555.104566] AUTODETECT spr round 1 (radius: 5)
[00:00:00 -2551.351742] AUTODETECT spr round 2 (radius: 10)
[00:00:00 -2551.349101] SPR radius for FAST iterations: 5 (autodetect)
[00:00:00 -2551.349101] Model parameter optimization (eps = 3.000000)
[00:00:00] [worker #5] ML tree search #14, logLikelihood: -2546.062399
[00:00:00 -2551.315359] FAST spr round 1 (radius: 5)
[00:00:00 -2546.188866] FAST spr round 2 (radius: 5)
[00:00:00] [worker #3] ML tree search #12, logLikelihood: -2546.062413
[00:00:00 -2546.188824] Model parameter optimization (eps = 1.000000)
[00:00:00 -2546.062767] SLOW spr round 1 (radius: 5)
[00:00:00 -2546.062567] SLOW spr round 2 (radius: 10)
[00:00:00 -2546.062566] SLOW spr round 3 (radius: 15)
[00:00:00 -2546.062566] SLOW spr round 4 (radius: 20)
[00:00:00 -2546.062566] SLOW spr round 5 (radius: 25)
[00:00:00 -2546.062566] Model parameter optimization (eps = 0.100000)

[00:00:00] [worker #0] ML tree search #17, logLikelihood: -2546.062399

[00:00:00] [worker #2] ML tree search #19, logLikelihood: -2546.062420
[00:00:00] [worker #1] ML tree search #18, logLikelihood: -2546.062398
[00:00:00] [worker #3] ML tree search #20, logLikelihood: -2546.062398

Optimized model parameters:

   Partition 0: noname
   Rate heterogeneity: NONE
   Base frequencies (ML): 0.272378 0.178738 0.325007 0.223877 
   Substitution rates (model): 1.000000 1.000000 1.000000 1.000000 1.000000 1.000000 


Final LogLikelihood: -2545.468751

AIC score: 5242.937501 / AICc score: 5343.834053 / BIC score: 5490.901955
Free parameters (model + branch lengths): 76

WARNING: Best ML tree contains 3 near-zero branches!

Best ML tree with collapsed near-zero branches saved to: /home/fili/Documents/KIT/2023/BA/code/output/families/ssim_DL_s20_f100_sites200_GTR_bl1.0_d1.0_l1.0_t0.0_gc0.0_p0.0_pop10_ms0.0_mf0.0_seed1007/families/family_013/misc/raxml_output.F81.raxml.bestTreeCollapsed
Best ML tree saved to: /home/fili/Documents/KIT/2023/BA/code/output/families/ssim_DL_s20_f100_sites200_GTR_bl1.0_d1.0_l1.0_t0.0_gc0.0_p0.0_pop10_ms0.0_mf0.0_seed1007/families/family_013/misc/raxml_output.F81.raxml.bestTree
All ML trees saved to: /home/fili/Documents/KIT/2023/BA/code/output/families/ssim_DL_s20_f100_sites200_GTR_bl1.0_d1.0_l1.0_t0.0_gc0.0_p0.0_pop10_ms0.0_mf0.0_seed1007/families/family_013/misc/raxml_output.F81.raxml.mlTrees
Optimized model saved to: /home/fili/Documents/KIT/2023/BA/code/output/families/ssim_DL_s20_f100_sites200_GTR_bl1.0_d1.0_l1.0_t0.0_gc0.0_p0.0_pop10_ms0.0_mf0.0_seed1007/families/family_013/misc/raxml_output.F81.raxml.bestModel

Execution log saved to: /home/fili/Documents/KIT/2023/BA/code/output/families/ssim_DL_s20_f100_sites200_GTR_bl1.0_d1.0_l1.0_t0.0_gc0.0_p0.0_pop10_ms0.0_mf0.0_seed1007/families/family_013/misc/raxml_output.F81.raxml.log

Analysis started: 27-Jun-2023 13:02:21 / finished: 27-Jun-2023 13:02:22

Elapsed time: 0.821 seconds

