
RAxML-NG v. 1.1.0 released on 29.11.2021 by The Exelixis Lab.
Developed by: Alexey M. Kozlov and Alexandros Stamatakis.
Contributors: Diego Darriba, Tomas Flouri, Benoit Morel, Sarah Lutteropp, Ben Bettisworth.
Latest version: https://github.com/amkozlov/raxml-ng
Questions/problems/suggestions? Please visit: https://groups.google.com/forum/#!forum/raxml

System: AMD Ryzen 7 5800X 8-Core Processor, 8 cores, 31 GB RAM

RAxML-NG was called at 21-Jun-2023 14:53:25 as follows:

/home/fili/Documents/KIT/2023/BA/resources/tools/RAxML-NG/raxml-ng --msa /home/fili/Documents/KIT/2023/BA/code/output/families/ssim_NE_s20_f100_sites200_GTR_bl1.0_d0.0_l0.0_t0.0_gc0.0_p0.0_pop10_ms0.0_mf0.0_seed19732311/families/family_066/alignment.msa --model F81 --prefix /home/fili/Documents/KIT/2023/BA/code/output/families/ssim_NE_s20_f100_sites200_GTR_bl1.0_d0.0_l0.0_t0.0_gc0.0_p0.0_pop10_ms0.0_mf0.0_seed19732311/families/family_066/misc/raxml_output.F81

Analysis options:
  run mode: ML tree search
  start tree(s): random (10) + parsimony (10)
  random seed: 1687352005
  tip-inner: OFF
  pattern compression: ON
  per-rate scalers: OFF
  site repeats: ON
  fast spr radius: AUTO
  spr subtree cutoff: 1.000000
  branch lengths: proportional (ML estimate, algorithm: NR-FAST)
  SIMD kernels: AVX2
  parallelization: coarse-grained (auto), PTHREADS (auto)

[00:00:00] Reading alignment from file: /home/fili/Documents/KIT/2023/BA/code/output/families/ssim_NE_s20_f100_sites200_GTR_bl1.0_d0.0_l0.0_t0.0_gc0.0_p0.0_pop10_ms0.0_mf0.0_seed19732311/families/family_066/alignment.msa
[00:00:00] Loaded alignment with 20 taxa and 220 sites

Alignment comprises 1 partitions and 137 patterns

Partition 0: noname
Model: F81+FO
Alignment sites / patterns: 220 / 137
Gaps: 0.00 %
Invariant sites: 28.64 %


NOTE: Binary MSA file created: /home/fili/Documents/KIT/2023/BA/code/output/families/ssim_NE_s20_f100_sites200_GTR_bl1.0_d0.0_l0.0_t0.0_gc0.0_p0.0_pop10_ms0.0_mf0.0_seed19732311/families/family_066/misc/raxml_output.F81.raxml.rba

Parallelization scheme autoconfig: 8 worker(s) x 1 thread(s)

Parallel reduction/worker buffer size: 1 KB  / 0 KB

[00:00:00] Generating 10 random starting tree(s) with 20 taxa
[00:00:00] Generating 10 parsimony starting tree(s) with 20 taxa
[00:00:00] Data distribution: max. partitions/sites/weight per thread: 1 / 137 / 548
[00:00:00] Data distribution: max. searches per worker: 3

Starting ML tree search with 20 distinct starting trees

[00:00:00 -3844.888174] Initial branch length optimization
[00:00:00 -3220.465421] Model parameter optimization (eps = 10.000000)
[00:00:00 -3168.085461] AUTODETECT spr round 1 (radius: 5)
[00:00:00 -2004.781145] AUTODETECT spr round 2 (radius: 10)
[00:00:00 -1988.953159] AUTODETECT spr round 3 (radius: 15)
[00:00:00 -1988.942249] SPR radius for FAST iterations: 10 (autodetect)
[00:00:00 -1988.942249] Model parameter optimization (eps = 3.000000)
[00:00:00 -1987.539817] FAST spr round 1 (radius: 10)
[00:00:00 -1950.371949] FAST spr round 2 (radius: 10)
[00:00:00 -1950.194045] FAST spr round 3 (radius: 10)
[00:00:00 -1950.193933] Model parameter optimization (eps = 1.000000)
[00:00:00 -1950.107484] SLOW spr round 1 (radius: 5)
[00:00:00 -1949.621248] SLOW spr round 2 (radius: 5)
[00:00:00] [worker #4] ML tree search #5, logLikelihood: -1949.618103
[00:00:00] [worker #2] ML tree search #3, logLikelihood: -1949.618098
[00:00:00] [worker #5] ML tree search #6, logLikelihood: -1948.689865
[00:00:00] [worker #1] ML tree search #2, logLikelihood: -1949.618098
[00:00:00 -1949.620230] SLOW spr round 3 (radius: 10)
[00:00:00 -1949.620219] SLOW spr round 4 (radius: 15)
[00:00:00 -1949.620219] SLOW spr round 5 (radius: 20)
[00:00:00] [worker #3] ML tree search #4, logLikelihood: -1948.689865
[00:00:00 -1949.620219] Model parameter optimization (eps = 0.100000)

[00:00:00] [worker #0] ML tree search #1, logLikelihood: -1949.618101

[00:00:00] [worker #6] ML tree search #7, logLikelihood: -1948.689868
[00:00:00 -4093.187694] Initial branch length optimization
[00:00:00 -3594.787275] Model parameter optimization (eps = 10.000000)
[00:00:00 -3540.814081] AUTODETECT spr round 1 (radius: 5)
[00:00:00] [worker #7] ML tree search #8, logLikelihood: -1949.618103
[00:00:00 -1961.351146] AUTODETECT spr round 2 (radius: 10)
[00:00:00 -1961.347735] SPR radius for FAST iterations: 5 (autodetect)
[00:00:00 -1961.347735] Model parameter optimization (eps = 3.000000)
[00:00:00 -1958.714015] FAST spr round 1 (radius: 5)
[00:00:00 -1949.863336] FAST spr round 2 (radius: 5)
[00:00:00 -1948.702755] FAST spr round 3 (radius: 5)
[00:00:00] [worker #4] ML tree search #13, logLikelihood: -1948.689865
[00:00:00 -1948.702544] Model parameter optimization (eps = 1.000000)
[00:00:00] [worker #2] ML tree search #11, logLikelihood: -1948.689866
[00:00:00 -1948.689885] SLOW spr round 1 (radius: 5)
[00:00:00] [worker #5] ML tree search #14, logLikelihood: -1948.689866
[00:00:00] [worker #1] ML tree search #10, logLikelihood: -1948.689869
[00:00:00] [worker #6] ML tree search #15, logLikelihood: -1949.618097
[00:00:00 -1948.689866] SLOW spr round 2 (radius: 10)
[00:00:00] [worker #3] ML tree search #12, logLikelihood: -1948.689867
[00:00:00 -1948.689865] SLOW spr round 3 (radius: 15)
[00:00:00 -1948.689865] SLOW spr round 4 (radius: 20)
[00:00:00 -1948.689865] Model parameter optimization (eps = 0.100000)

[00:00:00] [worker #0] ML tree search #9, logLikelihood: -1948.689865

[00:00:00 -2313.832954] Initial branch length optimization
[00:00:00 -1994.448228] Model parameter optimization (eps = 10.000000)
[00:00:00 -1952.226399] AUTODETECT spr round 1 (radius: 5)
[00:00:00] [worker #7] ML tree search #16, logLikelihood: -1949.618101
[00:00:00 -1949.954734] AUTODETECT spr round 2 (radius: 10)
[00:00:00 -1949.953740] SPR radius for FAST iterations: 5 (autodetect)
[00:00:00 -1949.953740] Model parameter optimization (eps = 3.000000)
[00:00:00 -1949.951749] FAST spr round 1 (radius: 5)
[00:00:00 -1949.828867] FAST spr round 2 (radius: 5)
[00:00:00 -1948.705950] FAST spr round 3 (radius: 5)
[00:00:00] [worker #2] ML tree search #19, logLikelihood: -1948.689868
[00:00:00 -1948.705562] Model parameter optimization (eps = 1.000000)
[00:00:00 -1948.689920] SLOW spr round 1 (radius: 5)
[00:00:00] [worker #3] ML tree search #20, logLikelihood: -1949.618097
[00:00:00] [worker #1] ML tree search #18, logLikelihood: -1949.618096
[00:00:00 -1948.689871] SLOW spr round 2 (radius: 10)
[00:00:00 -1948.689870] SLOW spr round 3 (radius: 15)
[00:00:00 -1948.689870] SLOW spr round 4 (radius: 20)
[00:00:00 -1948.689869] Model parameter optimization (eps = 0.100000)

[00:00:00] [worker #0] ML tree search #17, logLikelihood: -1948.689867


Optimized model parameters:

   Partition 0: noname
   Rate heterogeneity: NONE
   Base frequencies (ML): 0.307012 0.143317 0.369213 0.180458 
   Substitution rates (model): 1.000000 1.000000 1.000000 1.000000 1.000000 1.000000 


Final LogLikelihood: -1948.689865

AIC score: 3977.379729 / AICc score: 3995.703752 / BIC score: 4113.124831
Free parameters (model + branch lengths): 40

Best ML tree saved to: /home/fili/Documents/KIT/2023/BA/code/output/families/ssim_NE_s20_f100_sites200_GTR_bl1.0_d0.0_l0.0_t0.0_gc0.0_p0.0_pop10_ms0.0_mf0.0_seed19732311/families/family_066/misc/raxml_output.F81.raxml.bestTree
All ML trees saved to: /home/fili/Documents/KIT/2023/BA/code/output/families/ssim_NE_s20_f100_sites200_GTR_bl1.0_d0.0_l0.0_t0.0_gc0.0_p0.0_pop10_ms0.0_mf0.0_seed19732311/families/family_066/misc/raxml_output.F81.raxml.mlTrees
Optimized model saved to: /home/fili/Documents/KIT/2023/BA/code/output/families/ssim_NE_s20_f100_sites200_GTR_bl1.0_d0.0_l0.0_t0.0_gc0.0_p0.0_pop10_ms0.0_mf0.0_seed19732311/families/family_066/misc/raxml_output.F81.raxml.bestModel

Execution log saved to: /home/fili/Documents/KIT/2023/BA/code/output/families/ssim_NE_s20_f100_sites200_GTR_bl1.0_d0.0_l0.0_t0.0_gc0.0_p0.0_pop10_ms0.0_mf0.0_seed19732311/families/family_066/misc/raxml_output.F81.raxml.log

Analysis started: 21-Jun-2023 14:53:25 / finished: 21-Jun-2023 14:53:25

Elapsed time: 0.295 seconds

