
RAxML-NG v. 1.1.0 released on 29.11.2021 by The Exelixis Lab.
Developed by: Alexey M. Kozlov and Alexandros Stamatakis.
Contributors: Diego Darriba, Tomas Flouri, Benoit Morel, Sarah Lutteropp, Ben Bettisworth.
Latest version: https://github.com/amkozlov/raxml-ng
Questions/problems/suggestions? Please visit: https://groups.google.com/forum/#!forum/raxml

System: AMD Ryzen 7 5800X 8-Core Processor, 8 cores, 31 GB RAM

RAxML-NG was called at 13-Jun-2023 16:03:57 as follows:

/home/fili/Documents/KIT/2023/BA/resources/tools/RAxML-NG/raxml-ng --msa /home/fili/Documents/KIT/2023/BA/code/output/families/ssim_DL_s20_f100_sites200_GTR_bl1.0_d1.0_l1.0_t0.0_gc0.0_p0.0_pop10_ms0.0_mf0.0_seed42/families/family_099/alignment.msa --model F81 --prefix /home/fili/Documents/KIT/2023/BA/code/output/families/ssim_DL_s20_f100_sites200_GTR_bl1.0_d1.0_l1.0_t0.0_gc0.0_p0.0_pop10_ms0.0_mf0.0_seed42/families/family_099/misc/raxml_output.F81

Analysis options:
  run mode: ML tree search
  start tree(s): random (10) + parsimony (10)
  random seed: 1686665037
  tip-inner: OFF
  pattern compression: ON
  per-rate scalers: OFF
  site repeats: ON
  fast spr radius: AUTO
  spr subtree cutoff: 1.000000
  branch lengths: proportional (ML estimate, algorithm: NR-FAST)
  SIMD kernels: AVX2
  parallelization: coarse-grained (auto), PTHREADS (auto)

[00:00:00] Reading alignment from file: /home/fili/Documents/KIT/2023/BA/code/output/families/ssim_DL_s20_f100_sites200_GTR_bl1.0_d1.0_l1.0_t0.0_gc0.0_p0.0_pop10_ms0.0_mf0.0_seed42/families/family_099/alignment.msa
[00:00:00] Loaded alignment with 22 taxa and 158 sites

WARNING: Sequences 4_0_0 and 12_0_0 are exactly identical!
WARNING: Sequences 4_0_0 and 10_0_0 are exactly identical!
WARNING: Sequences 4_3_0 and 12_3_0 are exactly identical!
WARNING: Sequences 4_3_0 and 10_3_0 are exactly identical!
WARNING: Duplicate sequences found: 4

NOTE: Reduced alignment (with duplicates and gap-only sites/taxa removed) 
NOTE: was saved to: /home/fili/Documents/KIT/2023/BA/code/output/families/ssim_DL_s20_f100_sites200_GTR_bl1.0_d1.0_l1.0_t0.0_gc0.0_p0.0_pop10_ms0.0_mf0.0_seed42/families/family_099/misc/raxml_output.F81.raxml.reduced.phy

Alignment comprises 1 partitions and 62 patterns

Partition 0: noname
Model: F81+FO
Alignment sites / patterns: 158 / 62
Gaps: 0.00 %
Invariant sites: 62.03 %


NOTE: Binary MSA file created: /home/fili/Documents/KIT/2023/BA/code/output/families/ssim_DL_s20_f100_sites200_GTR_bl1.0_d1.0_l1.0_t0.0_gc0.0_p0.0_pop10_ms0.0_mf0.0_seed42/families/family_099/misc/raxml_output.F81.raxml.rba

Parallelization scheme autoconfig: 8 worker(s) x 1 thread(s)

Parallel reduction/worker buffer size: 1 KB  / 0 KB

[00:00:00] Generating 10 random starting tree(s) with 22 taxa
[00:00:00] Generating 10 parsimony starting tree(s) with 22 taxa
[00:00:00] Data distribution: max. partitions/sites/weight per thread: 1 / 62 / 248
[00:00:00] Data distribution: max. searches per worker: 3

Starting ML tree search with 20 distinct starting trees

[00:00:00 -1722.577785] Initial branch length optimization
[00:00:00 -1452.084269] Model parameter optimization (eps = 10.000000)
[00:00:00 -1422.730127] AUTODETECT spr round 1 (radius: 5)
[00:00:00 -945.294477] AUTODETECT spr round 2 (radius: 10)
[00:00:00 -945.294475] SPR radius for FAST iterations: 5 (autodetect)
[00:00:00 -945.294475] Model parameter optimization (eps = 3.000000)
[00:00:00 -941.941992] FAST spr round 1 (radius: 5)
[00:00:00 -929.930474] FAST spr round 2 (radius: 5)
[00:00:00 -929.930467] Model parameter optimization (eps = 1.000000)
[00:00:00 -929.904439] SLOW spr round 1 (radius: 5)
[00:00:00 -929.904338] SLOW spr round 2 (radius: 10)
[00:00:00] [worker #1] ML tree search #2, logLikelihood: -929.904330
[00:00:00 -929.904338] SLOW spr round 3 (radius: 15)
[00:00:00 -929.904338] SLOW spr round 4 (radius: 20)
[00:00:00 -929.904338] Model parameter optimization (eps = 0.100000)

[00:00:00] [worker #0] ML tree search #1, logLikelihood: -929.904330

[00:00:00 -1754.366987] Initial branch length optimization
[00:00:00 -1510.422448] Model parameter optimization (eps = 10.000000)
[00:00:00] [worker #5] ML tree search #6, logLikelihood: -929.904330
[00:00:00] [worker #2] ML tree search #3, logLikelihood: -933.462062
[00:00:00 -1484.801353] AUTODETECT spr round 1 (radius: 5)
[00:00:00 -963.103162] AUTODETECT spr round 2 (radius: 10)
[00:00:00] [worker #6] ML tree search #7, logLikelihood: -929.904330
[00:00:00] [worker #7] ML tree search #8, logLikelihood: -933.462062
[00:00:00] [worker #4] ML tree search #5, logLikelihood: -929.904330
[00:00:00 -963.103157] SPR radius for FAST iterations: 5 (autodetect)
[00:00:00 -963.103157] Model parameter optimization (eps = 3.000000)
[00:00:00 -959.396475] FAST spr round 1 (radius: 5)
[00:00:00] [worker #3] ML tree search #4, logLikelihood: -929.904330
[00:00:00 -933.890491] FAST spr round 2 (radius: 5)
[00:00:00 -933.491828] FAST spr round 3 (radius: 5)
[00:00:00 -929.954024] FAST spr round 4 (radius: 5)
[00:00:00 -929.953961] Model parameter optimization (eps = 1.000000)
[00:00:00 -929.904344] SLOW spr round 1 (radius: 5)
[00:00:00] [worker #1] ML tree search #10, logLikelihood: -929.904330
[00:00:00] [worker #5] ML tree search #14, logLikelihood: -929.904331
[00:00:00 -929.904339] SLOW spr round 2 (radius: 10)
[00:00:00] [worker #6] ML tree search #15, logLikelihood: -929.904330
[00:00:00] [worker #4] ML tree search #13, logLikelihood: -929.904330
[00:00:00] [worker #7] ML tree search #16, logLikelihood: -933.462062
[00:00:00 -929.904339] SLOW spr round 3 (radius: 15)
[00:00:00] [worker #3] ML tree search #12, logLikelihood: -929.904330
[00:00:00 -929.904339] SLOW spr round 4 (radius: 20)
[00:00:00 -929.904339] Model parameter optimization (eps = 0.100000)

[00:00:00] [worker #0] ML tree search #9, logLikelihood: -929.904331

[00:00:00 -1297.561864] Initial branch length optimization
[00:00:00 -937.272373] Model parameter optimization (eps = 10.000000)
[00:00:00] [worker #2] ML tree search #11, logLikelihood: -929.904359
[00:00:00 -930.568386] AUTODETECT spr round 1 (radius: 5)
[00:00:00 -929.912771] AUTODETECT spr round 2 (radius: 10)
[00:00:00 -929.912660] SPR radius for FAST iterations: 5 (autodetect)
[00:00:00 -929.912660] Model parameter optimization (eps = 3.000000)
[00:00:00 -929.904428] FAST spr round 1 (radius: 5)
[00:00:00 -929.904420] Model parameter optimization (eps = 1.000000)
[00:00:00 -929.904416] SLOW spr round 1 (radius: 5)
[00:00:00 -929.904331] SLOW spr round 2 (radius: 10)
[00:00:00] [worker #1] ML tree search #18, logLikelihood: -929.904331
[00:00:00] [worker #3] ML tree search #20, logLikelihood: -933.462062
[00:00:00 -929.904331] SLOW spr round 3 (radius: 15)
[00:00:00 -929.904331] SLOW spr round 4 (radius: 20)
[00:00:00 -929.904331] Model parameter optimization (eps = 0.100000)

[00:00:00] [worker #0] ML tree search #17, logLikelihood: -929.904330

[00:00:00] [worker #2] ML tree search #19, logLikelihood: -929.904430

Optimized model parameters:

   Partition 0: noname
   Rate heterogeneity: NONE
   Base frequencies (ML): 0.330195 0.189572 0.256138 0.224095 
   Substitution rates (model): 1.000000 1.000000 1.000000 1.000000 1.000000 1.000000 


Final LogLikelihood: -929.904330

AIC score: 1947.808660 / AICc score: 1982.852907 / BIC score: 2082.562841
Free parameters (model + branch lengths): 44

WARNING: Best ML tree contains 3 near-zero branches!

Best ML tree with collapsed near-zero branches saved to: /home/fili/Documents/KIT/2023/BA/code/output/families/ssim_DL_s20_f100_sites200_GTR_bl1.0_d1.0_l1.0_t0.0_gc0.0_p0.0_pop10_ms0.0_mf0.0_seed42/families/family_099/misc/raxml_output.F81.raxml.bestTreeCollapsed
Best ML tree saved to: /home/fili/Documents/KIT/2023/BA/code/output/families/ssim_DL_s20_f100_sites200_GTR_bl1.0_d1.0_l1.0_t0.0_gc0.0_p0.0_pop10_ms0.0_mf0.0_seed42/families/family_099/misc/raxml_output.F81.raxml.bestTree
All ML trees saved to: /home/fili/Documents/KIT/2023/BA/code/output/families/ssim_DL_s20_f100_sites200_GTR_bl1.0_d1.0_l1.0_t0.0_gc0.0_p0.0_pop10_ms0.0_mf0.0_seed42/families/family_099/misc/raxml_output.F81.raxml.mlTrees
Optimized model saved to: /home/fili/Documents/KIT/2023/BA/code/output/families/ssim_DL_s20_f100_sites200_GTR_bl1.0_d1.0_l1.0_t0.0_gc0.0_p0.0_pop10_ms0.0_mf0.0_seed42/families/family_099/misc/raxml_output.F81.raxml.bestModel

Execution log saved to: /home/fili/Documents/KIT/2023/BA/code/output/families/ssim_DL_s20_f100_sites200_GTR_bl1.0_d1.0_l1.0_t0.0_gc0.0_p0.0_pop10_ms0.0_mf0.0_seed42/families/family_099/misc/raxml_output.F81.raxml.log

Analysis started: 13-Jun-2023 16:03:57 / finished: 13-Jun-2023 16:03:57

Elapsed time: 0.188 seconds

