
RAxML-NG v. 1.1.0 released on 29.11.2021 by The Exelixis Lab.
Developed by: Alexey M. Kozlov and Alexandros Stamatakis.
Contributors: Diego Darriba, Tomas Flouri, Benoit Morel, Sarah Lutteropp, Ben Bettisworth.
Latest version: https://github.com/amkozlov/raxml-ng
Questions/problems/suggestions? Please visit: https://groups.google.com/forum/#!forum/raxml

System: AMD Ryzen 7 5800X 8-Core Processor, 8 cores, 31 GB RAM

RAxML-NG was called at 27-Jun-2023 13:02:15 as follows:

/home/fili/Documents/KIT/2023/BA/resources/tools/RAxML-NG/raxml-ng --msa /home/fili/Documents/KIT/2023/BA/code/output/families/ssim_DL_s20_f100_sites200_GTR_bl1.0_d1.0_l1.0_t0.0_gc0.0_p0.0_pop10_ms0.0_mf0.0_seed1007/families/family_007/alignment.msa --model F81 --prefix /home/fili/Documents/KIT/2023/BA/code/output/families/ssim_DL_s20_f100_sites200_GTR_bl1.0_d1.0_l1.0_t0.0_gc0.0_p0.0_pop10_ms0.0_mf0.0_seed1007/families/family_007/misc/raxml_output.F81

Analysis options:
  run mode: ML tree search
  start tree(s): random (10) + parsimony (10)
  random seed: 1687863735
  tip-inner: OFF
  pattern compression: ON
  per-rate scalers: OFF
  site repeats: ON
  fast spr radius: AUTO
  spr subtree cutoff: 1.000000
  branch lengths: proportional (ML estimate, algorithm: NR-FAST)
  SIMD kernels: AVX2
  parallelization: coarse-grained (auto), PTHREADS (auto)

[00:00:00] Reading alignment from file: /home/fili/Documents/KIT/2023/BA/code/output/families/ssim_DL_s20_f100_sites200_GTR_bl1.0_d1.0_l1.0_t0.0_gc0.0_p0.0_pop10_ms0.0_mf0.0_seed1007/families/family_007/alignment.msa
[00:00:00] Loaded alignment with 31 taxa and 197 sites

WARNING: Sequences 17_0_0 and 16_0_0 are exactly identical!
WARNING: Sequences 18_0_0 and 14_0_0 are exactly identical!
WARNING: Sequences 8_0_0 and 2_0_0 are exactly identical!
WARNING: Sequences 2_2_0 and 8_2_0 are exactly identical!
WARNING: Duplicate sequences found: 4

NOTE: Reduced alignment (with duplicates and gap-only sites/taxa removed) 
NOTE: was saved to: /home/fili/Documents/KIT/2023/BA/code/output/families/ssim_DL_s20_f100_sites200_GTR_bl1.0_d1.0_l1.0_t0.0_gc0.0_p0.0_pop10_ms0.0_mf0.0_seed1007/families/family_007/misc/raxml_output.F81.raxml.reduced.phy

Alignment comprises 1 partitions and 90 patterns

Partition 0: noname
Model: F81+FO
Alignment sites / patterns: 197 / 90
Gaps: 0.00 %
Invariant sites: 53.81 %


NOTE: Binary MSA file created: /home/fili/Documents/KIT/2023/BA/code/output/families/ssim_DL_s20_f100_sites200_GTR_bl1.0_d1.0_l1.0_t0.0_gc0.0_p0.0_pop10_ms0.0_mf0.0_seed1007/families/family_007/misc/raxml_output.F81.raxml.rba

Parallelization scheme autoconfig: 8 worker(s) x 1 thread(s)

Parallel reduction/worker buffer size: 1 KB  / 0 KB

[00:00:00] Generating 10 random starting tree(s) with 31 taxa
[00:00:00] Generating 10 parsimony starting tree(s) with 31 taxa
[00:00:00] Data distribution: max. partitions/sites/weight per thread: 1 / 90 / 360
[00:00:00] Data distribution: max. searches per worker: 3

Starting ML tree search with 20 distinct starting trees

[00:00:00 -2733.797540] Initial branch length optimization
[00:00:00 -2185.031238] Model parameter optimization (eps = 10.000000)
[00:00:00 -2136.607297] AUTODETECT spr round 1 (radius: 5)
[00:00:00 -1178.713923] AUTODETECT spr round 2 (radius: 10)
[00:00:00 -1178.711505] SPR radius for FAST iterations: 5 (autodetect)
[00:00:00 -1178.711505] Model parameter optimization (eps = 3.000000)
[00:00:00 -1174.125399] FAST spr round 1 (radius: 5)
[00:00:00 -1162.206377] FAST spr round 2 (radius: 5)
[00:00:00 -1162.206376] Model parameter optimization (eps = 1.000000)
[00:00:00 -1162.170355] SLOW spr round 1 (radius: 5)
[00:00:00 -1162.170214] SLOW spr round 2 (radius: 10)
[00:00:00 -1162.170214] SLOW spr round 3 (radius: 15)
[00:00:00 -1162.170214] SLOW spr round 4 (radius: 20)
[00:00:00 -1162.170214] SLOW spr round 5 (radius: 25)
[00:00:00 -1162.170214] Model parameter optimization (eps = 0.100000)

[00:00:00] [worker #0] ML tree search #1, logLikelihood: -1162.170204

[00:00:00 -2762.091686] Initial branch length optimization
[00:00:00] [worker #4] ML tree search #5, logLikelihood: -1162.170205
[00:00:00 -2273.129345] Model parameter optimization (eps = 10.000000)
[00:00:00] [worker #6] ML tree search #7, logLikelihood: -1162.170204
[00:00:00 -2218.712484] AUTODETECT spr round 1 (radius: 5)
[00:00:00 -1207.966697] AUTODETECT spr round 2 (radius: 10)
[00:00:00 -1207.965843] SPR radius for FAST iterations: 5 (autodetect)
[00:00:00 -1207.965843] Model parameter optimization (eps = 3.000000)
[00:00:00] [worker #3] ML tree search #4, logLikelihood: -1162.170203
[00:00:00 -1200.243136] FAST spr round 1 (radius: 5)
[00:00:00] [worker #5] ML tree search #6, logLikelihood: -1162.170204
[00:00:00 -1164.245641] FAST spr round 2 (radius: 5)
[00:00:00 -1162.235992] FAST spr round 3 (radius: 5)
[00:00:00] [worker #7] ML tree search #8, logLikelihood: -1162.170204
[00:00:00] [worker #1] ML tree search #2, logLikelihood: -1162.170204
[00:00:00] [worker #2] ML tree search #3, logLikelihood: -1162.170204
[00:00:00 -1162.235977] Model parameter optimization (eps = 1.000000)
[00:00:00 -1162.170280] SLOW spr round 1 (radius: 5)
[00:00:00 -1162.170212] SLOW spr round 2 (radius: 10)
[00:00:00] [worker #6] ML tree search #15, logLikelihood: -1162.170206
[00:00:00] [worker #4] ML tree search #13, logLikelihood: -1162.170204
[00:00:00 -1162.170212] SLOW spr round 3 (radius: 15)
[00:00:00 -1162.170212] SLOW spr round 4 (radius: 20)
[00:00:00] [worker #3] ML tree search #12, logLikelihood: -1162.170204
[00:00:00 -1162.170212] SLOW spr round 5 (radius: 25)
[00:00:00 -1162.170212] Model parameter optimization (eps = 0.100000)

[00:00:00] [worker #0] ML tree search #9, logLikelihood: -1162.170204

[00:00:00 -1927.456320] Initial branch length optimization
[00:00:00 -1180.765779] Model parameter optimization (eps = 10.000000)
[00:00:00] [worker #5] ML tree search #14, logLikelihood: -1162.170205
[00:00:00 -1166.515480] AUTODETECT spr round 1 (radius: 5)
[00:00:00 -1162.177011] AUTODETECT spr round 2 (radius: 10)
[00:00:00] [worker #7] ML tree search #16, logLikelihood: -1162.170204
[00:00:00 -1162.177010] SPR radius for FAST iterations: 5 (autodetect)
[00:00:00 -1162.177010] Model parameter optimization (eps = 3.000000)
[00:00:00 -1162.170271] FAST spr round 1 (radius: 5)
[00:00:00] [worker #2] ML tree search #11, logLikelihood: -1162.170204
[00:00:00 -1162.170267] Model parameter optimization (eps = 1.000000)
[00:00:00 -1162.170266] SLOW spr round 1 (radius: 5)
[00:00:00 -1162.170204] SLOW spr round 2 (radius: 10)
[00:00:00] [worker #1] ML tree search #10, logLikelihood: -1162.170204
[00:00:00] [worker #3] ML tree search #20, logLikelihood: -1162.170204
[00:00:00 -1162.170204] SLOW spr round 3 (radius: 15)
[00:00:00 -1162.170204] SLOW spr round 4 (radius: 20)
[00:00:00 -1162.170204] SLOW spr round 5 (radius: 25)
[00:00:00 -1162.170204] Model parameter optimization (eps = 0.100000)

[00:00:00] [worker #0] ML tree search #17, logLikelihood: -1162.170204

[00:00:00] [worker #2] ML tree search #19, logLikelihood: -1162.170204
[00:00:00] [worker #1] ML tree search #18, logLikelihood: -1162.170204

Optimized model parameters:

   Partition 0: noname
   Rate heterogeneity: NONE
   Base frequencies (ML): 0.289633 0.259306 0.310227 0.140834 
   Substitution rates (model): 1.000000 1.000000 1.000000 1.000000 1.000000 1.000000 


Final LogLikelihood: -1162.170203

AIC score: 2448.340407 / AICc score: 2506.638914 / BIC score: 2651.899038
Free parameters (model + branch lengths): 62

WARNING: Best ML tree contains 3 near-zero branches!

Best ML tree with collapsed near-zero branches saved to: /home/fili/Documents/KIT/2023/BA/code/output/families/ssim_DL_s20_f100_sites200_GTR_bl1.0_d1.0_l1.0_t0.0_gc0.0_p0.0_pop10_ms0.0_mf0.0_seed1007/families/family_007/misc/raxml_output.F81.raxml.bestTreeCollapsed
Best ML tree saved to: /home/fili/Documents/KIT/2023/BA/code/output/families/ssim_DL_s20_f100_sites200_GTR_bl1.0_d1.0_l1.0_t0.0_gc0.0_p0.0_pop10_ms0.0_mf0.0_seed1007/families/family_007/misc/raxml_output.F81.raxml.bestTree
All ML trees saved to: /home/fili/Documents/KIT/2023/BA/code/output/families/ssim_DL_s20_f100_sites200_GTR_bl1.0_d1.0_l1.0_t0.0_gc0.0_p0.0_pop10_ms0.0_mf0.0_seed1007/families/family_007/misc/raxml_output.F81.raxml.mlTrees
Optimized model saved to: /home/fili/Documents/KIT/2023/BA/code/output/families/ssim_DL_s20_f100_sites200_GTR_bl1.0_d1.0_l1.0_t0.0_gc0.0_p0.0_pop10_ms0.0_mf0.0_seed1007/families/family_007/misc/raxml_output.F81.raxml.bestModel

Execution log saved to: /home/fili/Documents/KIT/2023/BA/code/output/families/ssim_DL_s20_f100_sites200_GTR_bl1.0_d1.0_l1.0_t0.0_gc0.0_p0.0_pop10_ms0.0_mf0.0_seed1007/families/family_007/misc/raxml_output.F81.raxml.log

Analysis started: 27-Jun-2023 13:02:15 / finished: 27-Jun-2023 13:02:15

Elapsed time: 0.419 seconds

