
RAxML-NG v. 1.1.0 released on 29.11.2021 by The Exelixis Lab.
Developed by: Alexey M. Kozlov and Alexandros Stamatakis.
Contributors: Diego Darriba, Tomas Flouri, Benoit Morel, Sarah Lutteropp, Ben Bettisworth.
Latest version: https://github.com/amkozlov/raxml-ng
Questions/problems/suggestions? Please visit: https://groups.google.com/forum/#!forum/raxml

System: AMD Ryzen 7 5800X 8-Core Processor, 8 cores, 31 GB RAM

RAxML-NG was called at 19-Jun-2023 17:11:13 as follows:

/home/fili/Documents/KIT/2023/BA/resources/tools/RAxML-NG/raxml-ng --msa /home/fili/Documents/KIT/2023/BA/code/output/families/ssim_NE_s20_f100_sites200_GTR_bl1.0_d0.0_l0.0_t0.0_gc0.0_p0.0_pop10_ms0.0_mf0.0_seed42/families/family_002/alignment.msa --model F81 --prefix /home/fili/Documents/KIT/2023/BA/code/output/families/ssim_NE_s20_f100_sites200_GTR_bl1.0_d0.0_l0.0_t0.0_gc0.0_p0.0_pop10_ms0.0_mf0.0_seed42/families/family_002/misc/raxml_output.F81

Analysis options:
  run mode: ML tree search
  start tree(s): random (10) + parsimony (10)
  random seed: 1687187472
  tip-inner: OFF
  pattern compression: ON
  per-rate scalers: OFF
  site repeats: ON
  fast spr radius: AUTO
  spr subtree cutoff: 1.000000
  branch lengths: proportional (ML estimate, algorithm: NR-FAST)
  SIMD kernels: AVX2
  parallelization: coarse-grained (auto), PTHREADS (auto)

[00:00:00] Reading alignment from file: /home/fili/Documents/KIT/2023/BA/code/output/families/ssim_NE_s20_f100_sites200_GTR_bl1.0_d0.0_l0.0_t0.0_gc0.0_p0.0_pop10_ms0.0_mf0.0_seed42/families/family_002/alignment.msa
[00:00:00] Loaded alignment with 20 taxa and 221 sites

WARNING: Sequences 9_0_0 and 13_0_0 are exactly identical!
WARNING: Sequences 4_0_0 and 10_0_0 are exactly identical!
WARNING: Duplicate sequences found: 2

NOTE: Reduced alignment (with duplicates and gap-only sites/taxa removed) 
NOTE: was saved to: /home/fili/Documents/KIT/2023/BA/code/output/families/ssim_NE_s20_f100_sites200_GTR_bl1.0_d0.0_l0.0_t0.0_gc0.0_p0.0_pop10_ms0.0_mf0.0_seed42/families/family_002/misc/raxml_output.F81.raxml.reduced.phy

Alignment comprises 1 partitions and 143 patterns

Partition 0: noname
Model: F81+FO
Alignment sites / patterns: 221 / 143
Gaps: 0.00 %
Invariant sites: 31.67 %


NOTE: Binary MSA file created: /home/fili/Documents/KIT/2023/BA/code/output/families/ssim_NE_s20_f100_sites200_GTR_bl1.0_d0.0_l0.0_t0.0_gc0.0_p0.0_pop10_ms0.0_mf0.0_seed42/families/family_002/misc/raxml_output.F81.raxml.rba

Parallelization scheme autoconfig: 8 worker(s) x 1 thread(s)

Parallel reduction/worker buffer size: 1 KB  / 0 KB

[00:00:00] Generating 10 random starting tree(s) with 20 taxa
[00:00:00] Generating 10 parsimony starting tree(s) with 20 taxa
[00:00:00] Data distribution: max. partitions/sites/weight per thread: 1 / 143 / 572
[00:00:00] Data distribution: max. searches per worker: 3

Starting ML tree search with 20 distinct starting trees

[00:00:00 -3398.690217] Initial branch length optimization
[00:00:00 -3047.845228] Model parameter optimization (eps = 10.000000)
[00:00:00 -2935.527965] AUTODETECT spr round 1 (radius: 5)
[00:00:00 -1979.582832] AUTODETECT spr round 2 (radius: 10)
[00:00:00 -1919.054202] AUTODETECT spr round 3 (radius: 15)
[00:00:00 -1919.053262] SPR radius for FAST iterations: 10 (autodetect)
[00:00:00 -1919.053262] Model parameter optimization (eps = 3.000000)
[00:00:00 -1918.719712] FAST spr round 1 (radius: 10)
[00:00:00 -1901.919320] FAST spr round 2 (radius: 10)
[00:00:00 -1900.064318] FAST spr round 3 (radius: 10)
[00:00:00 -1898.479251] FAST spr round 4 (radius: 10)
[00:00:00 -1898.479203] Model parameter optimization (eps = 1.000000)
[00:00:00 -1898.474463] SLOW spr round 1 (radius: 5)
[00:00:00] [worker #1] ML tree search #2, logLikelihood: -1898.474454
[00:00:00] [worker #2] ML tree search #3, logLikelihood: -1898.474454
[00:00:00] [worker #4] ML tree search #5, logLikelihood: -1898.474455
[00:00:00] [worker #6] ML tree search #7, logLikelihood: -1898.474453
[00:00:00 -1898.474459] SLOW spr round 2 (radius: 10)
[00:00:00] [worker #5] ML tree search #6, logLikelihood: -1898.474454
[00:00:00] [worker #3] ML tree search #4, logLikelihood: -1898.474454
[00:00:00] [worker #7] ML tree search #8, logLikelihood: -1898.474454
[00:00:00 -1898.474459] SLOW spr round 3 (radius: 15)
[00:00:00 -1898.474459] SLOW spr round 4 (radius: 20)
[00:00:00 -1898.474459] Model parameter optimization (eps = 0.100000)

[00:00:00] [worker #0] ML tree search #1, logLikelihood: -1898.474454

[00:00:00 -3380.803390] Initial branch length optimization
[00:00:00 -3024.021302] Model parameter optimization (eps = 10.000000)
[00:00:00 -2926.674314] AUTODETECT spr round 1 (radius: 5)
[00:00:00] [worker #1] ML tree search #10, logLikelihood: -1898.474454
[00:00:00 -1950.126896] AUTODETECT spr round 2 (radius: 10)
[00:00:00 -1911.376358] AUTODETECT spr round 3 (radius: 15)
[00:00:00 -1911.376194] SPR radius for FAST iterations: 10 (autodetect)
[00:00:00 -1911.376194] Model parameter optimization (eps = 3.000000)
[00:00:00] [worker #2] ML tree search #11, logLikelihood: -1898.474537
[00:00:00 -1911.306295] FAST spr round 1 (radius: 10)
[00:00:00 -1898.522514] FAST spr round 2 (radius: 10)
[00:00:00 -1898.522487] Model parameter optimization (eps = 1.000000)
[00:00:00 -1898.474468] SLOW spr round 1 (radius: 5)
[00:00:00] [worker #6] ML tree search #15, logLikelihood: -1898.474525
[00:00:00] [worker #7] ML tree search #16, logLikelihood: -1898.474457
[00:00:00 -1898.474457] SLOW spr round 2 (radius: 10)
[00:00:00] [worker #5] ML tree search #14, logLikelihood: -1898.474539
[00:00:00] [worker #4] ML tree search #13, logLikelihood: -1898.474459
[00:00:00] [worker #2] ML tree search #19, logLikelihood: -1898.474454
[00:00:00] [worker #1] ML tree search #18, logLikelihood: -1898.474454
[00:00:00 -1898.474457] SLOW spr round 3 (radius: 15)
[00:00:00 -1898.474457] SLOW spr round 4 (radius: 20)
[00:00:00 -1898.474457] Model parameter optimization (eps = 0.100000)

[00:00:00] [worker #0] ML tree search #9, logLikelihood: -1898.474455

[00:00:00] [worker #3] ML tree search #12, logLikelihood: -1898.474459
[00:00:00 -2304.292743] Initial branch length optimization
[00:00:00 -1965.771022] Model parameter optimization (eps = 10.000000)
[00:00:00 -1901.328410] AUTODETECT spr round 1 (radius: 5)
[00:00:00 -1901.327493] SPR radius for FAST iterations: 5 (autodetect)
[00:00:00 -1901.327493] Model parameter optimization (eps = 3.000000)
[00:00:00 -1901.327331] FAST spr round 1 (radius: 5)
[00:00:00 -1901.327329] Model parameter optimization (eps = 1.000000)
[00:00:00 -1901.327328] SLOW spr round 1 (radius: 5)
[00:00:00 -1898.533351] SLOW spr round 2 (radius: 5)
[00:00:00 -1898.533107] SLOW spr round 3 (radius: 10)
[00:00:00 -1898.533106] SLOW spr round 4 (radius: 15)
[00:00:00 -1898.533106] SLOW spr round 5 (radius: 20)
[00:00:00 -1898.533106] Model parameter optimization (eps = 0.100000)

[00:00:00] [worker #0] ML tree search #17, logLikelihood: -1898.474530

[00:00:00] [worker #3] ML tree search #20, logLikelihood: -1898.474454

Optimized model parameters:

   Partition 0: noname
   Rate heterogeneity: NONE
   Base frequencies (ML): 0.363905 0.104166 0.347514 0.184415 
   Substitution rates (model): 1.000000 1.000000 1.000000 1.000000 1.000000 1.000000 


Final LogLikelihood: -1898.474453

AIC score: 3876.948907 / AICc score: 3895.171129 / BIC score: 4012.875415
Free parameters (model + branch lengths): 40

WARNING: Best ML tree contains 1 near-zero branches!

Best ML tree with collapsed near-zero branches saved to: /home/fili/Documents/KIT/2023/BA/code/output/families/ssim_NE_s20_f100_sites200_GTR_bl1.0_d0.0_l0.0_t0.0_gc0.0_p0.0_pop10_ms0.0_mf0.0_seed42/families/family_002/misc/raxml_output.F81.raxml.bestTreeCollapsed
Best ML tree saved to: /home/fili/Documents/KIT/2023/BA/code/output/families/ssim_NE_s20_f100_sites200_GTR_bl1.0_d0.0_l0.0_t0.0_gc0.0_p0.0_pop10_ms0.0_mf0.0_seed42/families/family_002/misc/raxml_output.F81.raxml.bestTree
All ML trees saved to: /home/fili/Documents/KIT/2023/BA/code/output/families/ssim_NE_s20_f100_sites200_GTR_bl1.0_d0.0_l0.0_t0.0_gc0.0_p0.0_pop10_ms0.0_mf0.0_seed42/families/family_002/misc/raxml_output.F81.raxml.mlTrees
Optimized model saved to: /home/fili/Documents/KIT/2023/BA/code/output/families/ssim_NE_s20_f100_sites200_GTR_bl1.0_d0.0_l0.0_t0.0_gc0.0_p0.0_pop10_ms0.0_mf0.0_seed42/families/family_002/misc/raxml_output.F81.raxml.bestModel

Execution log saved to: /home/fili/Documents/KIT/2023/BA/code/output/families/ssim_NE_s20_f100_sites200_GTR_bl1.0_d0.0_l0.0_t0.0_gc0.0_p0.0_pop10_ms0.0_mf0.0_seed42/families/family_002/misc/raxml_output.F81.raxml.log

Analysis started: 19-Jun-2023 17:11:13 / finished: 19-Jun-2023 17:11:13

Elapsed time: 0.462 seconds

