
RAxML-NG v. 1.1.0 released on 29.11.2021 by The Exelixis Lab.
Developed by: Alexey M. Kozlov and Alexandros Stamatakis.
Contributors: Diego Darriba, Tomas Flouri, Benoit Morel, Sarah Lutteropp, Ben Bettisworth.
Latest version: https://github.com/amkozlov/raxml-ng
Questions/problems/suggestions? Please visit: https://groups.google.com/forum/#!forum/raxml

System: AMD Ryzen 7 5800X 8-Core Processor, 8 cores, 31 GB RAM

RAxML-NG was called at 12-May-2023 21:00:23 as follows:

/home/fili/Documents/KIT/2023/BA/resources/tools/RAxML-NG/raxml-ng --msa /home/fili/Documents/KIT/2023/BA/code/output/families/ssim_dtl_s20_f100_sites200_GTR_bl1.0_d0.0_l0.0_t1.0_gc0.0_p0.0_pop10_ms0.0_mf0.0_seed42/families/family_076/alignment.msa --model GTR+G --prefix /home/fili/Documents/KIT/2023/BA/code/output/families/ssim_dtl_s20_f100_sites200_GTR_bl1.0_d0.0_l0.0_t1.0_gc0.0_p0.0_pop10_ms0.0_mf0.0_seed42/families/family_076/misc/raxml_output.GTR+G

Analysis options:
  run mode: ML tree search
  start tree(s): random (10) + parsimony (10)
  random seed: 1683918023
  tip-inner: OFF
  pattern compression: ON
  per-rate scalers: OFF
  site repeats: ON
  fast spr radius: AUTO
  spr subtree cutoff: 1.000000
  branch lengths: proportional (ML estimate, algorithm: NR-FAST)
  SIMD kernels: AVX2
  parallelization: coarse-grained (auto), PTHREADS (auto)

[00:00:00] Reading alignment from file: /home/fili/Documents/KIT/2023/BA/code/output/families/ssim_dtl_s20_f100_sites200_GTR_bl1.0_d0.0_l0.0_t1.0_gc0.0_p0.0_pop10_ms0.0_mf0.0_seed42/families/family_076/alignment.msa
[00:00:00] Loaded alignment with 20 taxa and 186 sites

WARNING: Sequences 10_0_0 and 4_0_0 are exactly identical!
WARNING: Sequences 3_0_0 and 2_0_0 are exactly identical!
WARNING: Sequences 3_0_0 and 1_0_0 are exactly identical!
WARNING: Sequences 13_0_0 and 9_0_0 are exactly identical!
WARNING: Duplicate sequences found: 4

NOTE: Reduced alignment (with duplicates and gap-only sites/taxa removed) 
NOTE: was saved to: /home/fili/Documents/KIT/2023/BA/code/output/families/ssim_dtl_s20_f100_sites200_GTR_bl1.0_d0.0_l0.0_t1.0_gc0.0_p0.0_pop10_ms0.0_mf0.0_seed42/families/family_076/misc/raxml_output.GTR+G.raxml.reduced.phy

Alignment comprises 1 partitions and 95 patterns

Partition 0: noname
Model: GTR+FO+G4m
Alignment sites / patterns: 186 / 95
Gaps: 0.00 %
Invariant sites: 42.47 %


NOTE: Binary MSA file created: /home/fili/Documents/KIT/2023/BA/code/output/families/ssim_dtl_s20_f100_sites200_GTR_bl1.0_d0.0_l0.0_t1.0_gc0.0_p0.0_pop10_ms0.0_mf0.0_seed42/families/family_076/misc/raxml_output.GTR+G.raxml.rba

Parallelization scheme autoconfig: 8 worker(s) x 1 thread(s)

Parallel reduction/worker buffer size: 1 KB  / 0 KB

[00:00:00] Generating 10 random starting tree(s) with 20 taxa
[00:00:00] Generating 10 parsimony starting tree(s) with 20 taxa
[00:00:00] Data distribution: max. partitions/sites/weight per thread: 1 / 95 / 1520
[00:00:00] Data distribution: max. searches per worker: 3

Starting ML tree search with 20 distinct starting trees

[00:00:00 -2403.961603] Initial branch length optimization
[00:00:00 -2042.018125] Model parameter optimization (eps = 10.000000)
[00:00:00 -1740.003208] AUTODETECT spr round 1 (radius: 5)
[00:00:00 -1139.887049] AUTODETECT spr round 2 (radius: 10)
[00:00:00 -1139.881892] SPR radius for FAST iterations: 5 (autodetect)
[00:00:00 -1139.881892] Model parameter optimization (eps = 3.000000)
[00:00:00 -1126.010357] FAST spr round 1 (radius: 5)
[00:00:00 -1067.031488] FAST spr round 2 (radius: 5)
[00:00:00 -1067.029468] Model parameter optimization (eps = 1.000000)
[00:00:00 -1064.726942] SLOW spr round 1 (radius: 5)
[00:00:00] [worker #5] ML tree search #6, logLikelihood: -1064.698481
[00:00:00 -1064.722985] SLOW spr round 2 (radius: 10)
[00:00:00] [worker #3] ML tree search #4, logLikelihood: -1064.699781
[00:00:00] [worker #1] ML tree search #2, logLikelihood: -1064.704795
[00:00:00] [worker #6] ML tree search #7, logLikelihood: -1064.699799
[00:00:00] [worker #2] ML tree search #3, logLikelihood: -1064.704251
[00:00:00] [worker #4] ML tree search #5, logLikelihood: -1064.689457
[00:00:00 -1064.722942] SLOW spr round 3 (radius: 15)
[00:00:00 -1064.722940] SLOW spr round 4 (radius: 20)
[00:00:00 -1064.722940] Model parameter optimization (eps = 0.100000)

[00:00:00] [worker #0] ML tree search #1, logLikelihood: -1064.692576

[00:00:00 -2374.762972] Initial branch length optimization
[00:00:00 -2062.091127] Model parameter optimization (eps = 10.000000)
[00:00:00] [worker #7] ML tree search #8, logLikelihood: -1064.697111
[00:00:00 -1792.062313] AUTODETECT spr round 1 (radius: 5)
[00:00:00 -1115.163909] AUTODETECT spr round 2 (radius: 10)
[00:00:00 -1085.540177] AUTODETECT spr round 3 (radius: 15)
[00:00:00 -1085.534363] SPR radius for FAST iterations: 10 (autodetect)
[00:00:00 -1085.534363] Model parameter optimization (eps = 3.000000)
[00:00:00 -1070.874174] FAST spr round 1 (radius: 10)
[00:00:00 -1065.453893] FAST spr round 2 (radius: 10)
[00:00:00 -1065.127466] FAST spr round 3 (radius: 10)
[00:00:00] [worker #5] ML tree search #14, logLikelihood: -1064.687857
[00:00:00] [worker #3] ML tree search #12, logLikelihood: -1064.687468
[00:00:00] [worker #4] ML tree search #13, logLikelihood: -1064.687790
[00:00:00 -1065.127448] Model parameter optimization (eps = 1.000000)
[00:00:00] [worker #6] ML tree search #15, logLikelihood: -1064.687621
[00:00:00 -1064.735160] SLOW spr round 1 (radius: 5)
[00:00:00] [worker #2] ML tree search #11, logLikelihood: -1064.687607
[00:00:00 -1064.733439] SLOW spr round 2 (radius: 10)
[00:00:00] [worker #7] ML tree search #16, logLikelihood: -1064.687489
[00:00:00] [worker #1] ML tree search #10, logLikelihood: -1064.703989
[00:00:00 -1064.733391] SLOW spr round 3 (radius: 15)
[00:00:00 -1064.733389] SLOW spr round 4 (radius: 20)
[00:00:00 -1064.733389] Model parameter optimization (eps = 0.100000)

[00:00:00] [worker #0] ML tree search #9, logLikelihood: -1064.693899

[00:00:00 -1442.941800] Initial branch length optimization
[00:00:00 -1225.675025] Model parameter optimization (eps = 10.000000)
[00:00:00 -1066.526691] AUTODETECT spr round 1 (radius: 5)
[00:00:00 -1065.036707] AUTODETECT spr round 2 (radius: 10)
[00:00:00] [worker #3] ML tree search #20, logLikelihood: -1064.687647
[00:00:00 -1065.033240] SPR radius for FAST iterations: 5 (autodetect)
[00:00:00 -1065.033240] Model parameter optimization (eps = 3.000000)
[00:00:00 -1064.726190] FAST spr round 1 (radius: 5)
[00:00:00] [worker #2] ML tree search #19, logLikelihood: -1064.687390
[00:00:00 -1064.722550] Model parameter optimization (eps = 1.000000)
[00:00:00 -1064.693602] SLOW spr round 1 (radius: 5)
[00:00:00 -1064.693066] SLOW spr round 2 (radius: 10)
[00:00:00] [worker #1] ML tree search #18, logLikelihood: -1064.688007
[00:00:00 -1064.693049] SLOW spr round 3 (radius: 15)
[00:00:00 -1064.693049] SLOW spr round 4 (radius: 20)
[00:00:00 -1064.693049] Model parameter optimization (eps = 0.100000)

[00:00:00] [worker #0] ML tree search #17, logLikelihood: -1064.687671


Optimized model parameters:

   Partition 0: noname
   Rate heterogeneity: GAMMA (4 cats, mean),  alpha: 1.132244 (ML),  weights&rates: (0.250000,0.162560) (0.250000,0.513186) (0.250000,1.018870) (0.250000,2.305384) 
   Base frequencies (ML): 0.192000 0.140233 0.261347 0.406420 
   Substitution rates (ML): 5.375464 42.341535 0.571276 3.812163 6.088192 1.000000 


Final LogLikelihood: -1064.687390

AIC score: 2221.374781 / AICc score: 2252.482694 / BIC score: 2369.759128
Free parameters (model + branch lengths): 46

WARNING: Best ML tree contains 2 near-zero branches!

Best ML tree with collapsed near-zero branches saved to: /home/fili/Documents/KIT/2023/BA/code/output/families/ssim_dtl_s20_f100_sites200_GTR_bl1.0_d0.0_l0.0_t1.0_gc0.0_p0.0_pop10_ms0.0_mf0.0_seed42/families/family_076/misc/raxml_output.GTR+G.raxml.bestTreeCollapsed
Best ML tree saved to: /home/fili/Documents/KIT/2023/BA/code/output/families/ssim_dtl_s20_f100_sites200_GTR_bl1.0_d0.0_l0.0_t1.0_gc0.0_p0.0_pop10_ms0.0_mf0.0_seed42/families/family_076/misc/raxml_output.GTR+G.raxml.bestTree
All ML trees saved to: /home/fili/Documents/KIT/2023/BA/code/output/families/ssim_dtl_s20_f100_sites200_GTR_bl1.0_d0.0_l0.0_t1.0_gc0.0_p0.0_pop10_ms0.0_mf0.0_seed42/families/family_076/misc/raxml_output.GTR+G.raxml.mlTrees
Optimized model saved to: /home/fili/Documents/KIT/2023/BA/code/output/families/ssim_dtl_s20_f100_sites200_GTR_bl1.0_d0.0_l0.0_t1.0_gc0.0_p0.0_pop10_ms0.0_mf0.0_seed42/families/family_076/misc/raxml_output.GTR+G.raxml.bestModel

Execution log saved to: /home/fili/Documents/KIT/2023/BA/code/output/families/ssim_dtl_s20_f100_sites200_GTR_bl1.0_d0.0_l0.0_t1.0_gc0.0_p0.0_pop10_ms0.0_mf0.0_seed42/families/family_076/misc/raxml_output.GTR+G.raxml.log

Analysis started: 12-May-2023 21:00:23 / finished: 12-May-2023 21:00:24

Elapsed time: 0.484 seconds

