
RAxML-NG v. 1.1.0 released on 29.11.2021 by The Exelixis Lab.
Developed by: Alexey M. Kozlov and Alexandros Stamatakis.
Contributors: Diego Darriba, Tomas Flouri, Benoit Morel, Sarah Lutteropp, Ben Bettisworth.
Latest version: https://github.com/amkozlov/raxml-ng
Questions/problems/suggestions? Please visit: https://groups.google.com/forum/#!forum/raxml

System: AMD Ryzen 7 5800X 8-Core Processor, 8 cores, 31 GB RAM

RAxML-NG was called at 21-Jun-2023 14:53:24 as follows:

/home/fili/Documents/KIT/2023/BA/resources/tools/RAxML-NG/raxml-ng --msa /home/fili/Documents/KIT/2023/BA/code/output/families/ssim_NE_s20_f100_sites200_GTR_bl1.0_d0.0_l0.0_t0.0_gc0.0_p0.0_pop10_ms0.0_mf0.0_seed19732311/families/family_022/alignment.msa --model F81 --prefix /home/fili/Documents/KIT/2023/BA/code/output/families/ssim_NE_s20_f100_sites200_GTR_bl1.0_d0.0_l0.0_t0.0_gc0.0_p0.0_pop10_ms0.0_mf0.0_seed19732311/families/family_022/misc/raxml_output.F81

Analysis options:
  run mode: ML tree search
  start tree(s): random (10) + parsimony (10)
  random seed: 1687352004
  tip-inner: OFF
  pattern compression: ON
  per-rate scalers: OFF
  site repeats: ON
  fast spr radius: AUTO
  spr subtree cutoff: 1.000000
  branch lengths: proportional (ML estimate, algorithm: NR-FAST)
  SIMD kernels: AVX2
  parallelization: coarse-grained (auto), PTHREADS (auto)

[00:00:00] Reading alignment from file: /home/fili/Documents/KIT/2023/BA/code/output/families/ssim_NE_s20_f100_sites200_GTR_bl1.0_d0.0_l0.0_t0.0_gc0.0_p0.0_pop10_ms0.0_mf0.0_seed19732311/families/family_022/alignment.msa
[00:00:00] Loaded alignment with 20 taxa and 217 sites

Alignment comprises 1 partitions and 131 patterns

Partition 0: noname
Model: F81+FO
Alignment sites / patterns: 217 / 131
Gaps: 0.00 %
Invariant sites: 34.10 %


NOTE: Binary MSA file created: /home/fili/Documents/KIT/2023/BA/code/output/families/ssim_NE_s20_f100_sites200_GTR_bl1.0_d0.0_l0.0_t0.0_gc0.0_p0.0_pop10_ms0.0_mf0.0_seed19732311/families/family_022/misc/raxml_output.F81.raxml.rba

Parallelization scheme autoconfig: 8 worker(s) x 1 thread(s)

Parallel reduction/worker buffer size: 1 KB  / 0 KB

[00:00:00] Generating 10 random starting tree(s) with 20 taxa
[00:00:00] Generating 10 parsimony starting tree(s) with 20 taxa
[00:00:00] Data distribution: max. partitions/sites/weight per thread: 1 / 131 / 524
[00:00:00] Data distribution: max. searches per worker: 3

Starting ML tree search with 20 distinct starting trees

[00:00:00 -3548.450686] Initial branch length optimization
[00:00:00 -3165.397501] Model parameter optimization (eps = 10.000000)
[00:00:00 -3036.861175] AUTODETECT spr round 1 (radius: 5)
[00:00:00 -1698.532143] AUTODETECT spr round 2 (radius: 10)
[00:00:00 -1698.527220] SPR radius for FAST iterations: 5 (autodetect)
[00:00:00 -1698.527220] Model parameter optimization (eps = 3.000000)
[00:00:00 -1697.174750] FAST spr round 1 (radius: 5)
[00:00:00 -1629.733715] FAST spr round 2 (radius: 5)
[00:00:00 -1629.733715] Model parameter optimization (eps = 1.000000)
[00:00:00 -1629.688955] SLOW spr round 1 (radius: 5)
[00:00:00 -1629.688932] SLOW spr round 2 (radius: 10)
[00:00:00 -1629.688932] SLOW spr round 3 (radius: 15)
[00:00:00 -1629.688932] SLOW spr round 4 (radius: 20)
[00:00:00 -1629.688932] Model parameter optimization (eps = 0.100000)

[00:00:00] [worker #0] ML tree search #1, logLikelihood: -1629.688878

[00:00:00] [worker #4] ML tree search #5, logLikelihood: -1629.688874
[00:00:00 -3701.836686] Initial branch length optimization
[00:00:00] [worker #5] ML tree search #6, logLikelihood: -1629.663600
[00:00:00 -3283.890883] Model parameter optimization (eps = 10.000000)
[00:00:00] [worker #6] ML tree search #7, logLikelihood: -1629.663596
[00:00:00] [worker #2] ML tree search #3, logLikelihood: -1629.663596
[00:00:00 -3175.172629] AUTODETECT spr round 1 (radius: 5)
[00:00:00] [worker #1] ML tree search #2, logLikelihood: -1629.693802
[00:00:00] [worker #7] ML tree search #8, logLikelihood: -1629.663596
[00:00:00 -1714.621107] AUTODETECT spr round 2 (radius: 10)
[00:00:00 -1672.042325] AUTODETECT spr round 3 (radius: 15)
[00:00:00 -1672.037925] SPR radius for FAST iterations: 10 (autodetect)
[00:00:00 -1672.037925] Model parameter optimization (eps = 3.000000)
[00:00:00 -1670.742730] FAST spr round 1 (radius: 10)
[00:00:00] [worker #3] ML tree search #4, logLikelihood: -1629.673644
[00:00:00 -1629.844511] FAST spr round 2 (radius: 10)
[00:00:00 -1629.795468] Model parameter optimization (eps = 1.000000)
[00:00:00 -1629.693839] SLOW spr round 1 (radius: 5)
[00:00:00] [worker #2] ML tree search #11, logLikelihood: -1629.663596
[00:00:00] [worker #6] ML tree search #15, logLikelihood: -1629.673645
[00:00:00] [worker #4] ML tree search #13, logLikelihood: -1629.673645
[00:00:00] [worker #5] ML tree search #14, logLikelihood: -1629.693803
[00:00:00 -1629.693827] SLOW spr round 2 (radius: 10)
[00:00:00] [worker #3] ML tree search #12, logLikelihood: -1629.673646
[00:00:00] [worker #1] ML tree search #10, logLikelihood: -1629.663596
[00:00:00 -1629.693827] SLOW spr round 3 (radius: 15)
[00:00:00] [worker #7] ML tree search #16, logLikelihood: -1629.663595
[00:00:00 -1629.693827] SLOW spr round 4 (radius: 20)
[00:00:00 -1629.693827] Model parameter optimization (eps = 0.100000)

[00:00:00] [worker #0] ML tree search #9, logLikelihood: -1629.693804

[00:00:00 -2022.179067] Initial branch length optimization
[00:00:00 -1680.100050] Model parameter optimization (eps = 10.000000)
[00:00:00 -1632.779771] AUTODETECT spr round 1 (radius: 5)
[00:00:00 -1629.683974] AUTODETECT spr round 2 (radius: 10)
[00:00:00 -1629.683854] SPR radius for FAST iterations: 5 (autodetect)
[00:00:00 -1629.683854] Model parameter optimization (eps = 3.000000)
[00:00:00] [worker #2] ML tree search #19, logLikelihood: -1629.663595
[00:00:00 -1629.673647] FAST spr round 1 (radius: 5)
[00:00:00 -1629.673645] Model parameter optimization (eps = 1.000000)
[00:00:00 -1629.673644] SLOW spr round 1 (radius: 5)
[00:00:00] [worker #3] ML tree search #20, logLikelihood: -1629.673645
[00:00:00] [worker #1] ML tree search #18, logLikelihood: -1629.693802
[00:00:00 -1629.673644] SLOW spr round 2 (radius: 10)
[00:00:00 -1629.673644] SLOW spr round 3 (radius: 15)
[00:00:00 -1629.673644] SLOW spr round 4 (radius: 20)
[00:00:00 -1629.673644] Model parameter optimization (eps = 0.100000)

[00:00:00] [worker #0] ML tree search #17, logLikelihood: -1629.673644


Optimized model parameters:

   Partition 0: noname
   Rate heterogeneity: NONE
   Base frequencies (ML): 0.336991 0.126045 0.370147 0.166817 
   Substitution rates (model): 1.000000 1.000000 1.000000 1.000000 1.000000 1.000000 


Final LogLikelihood: -1629.663595

AIC score: 3339.327190 / AICc score: 3357.963553 / BIC score: 3474.523084
Free parameters (model + branch lengths): 40

WARNING: Best ML tree contains 1 near-zero branches!

Best ML tree with collapsed near-zero branches saved to: /home/fili/Documents/KIT/2023/BA/code/output/families/ssim_NE_s20_f100_sites200_GTR_bl1.0_d0.0_l0.0_t0.0_gc0.0_p0.0_pop10_ms0.0_mf0.0_seed19732311/families/family_022/misc/raxml_output.F81.raxml.bestTreeCollapsed
Best ML tree saved to: /home/fili/Documents/KIT/2023/BA/code/output/families/ssim_NE_s20_f100_sites200_GTR_bl1.0_d0.0_l0.0_t0.0_gc0.0_p0.0_pop10_ms0.0_mf0.0_seed19732311/families/family_022/misc/raxml_output.F81.raxml.bestTree
All ML trees saved to: /home/fili/Documents/KIT/2023/BA/code/output/families/ssim_NE_s20_f100_sites200_GTR_bl1.0_d0.0_l0.0_t0.0_gc0.0_p0.0_pop10_ms0.0_mf0.0_seed19732311/families/family_022/misc/raxml_output.F81.raxml.mlTrees
Optimized model saved to: /home/fili/Documents/KIT/2023/BA/code/output/families/ssim_NE_s20_f100_sites200_GTR_bl1.0_d0.0_l0.0_t0.0_gc0.0_p0.0_pop10_ms0.0_mf0.0_seed19732311/families/family_022/misc/raxml_output.F81.raxml.bestModel

Execution log saved to: /home/fili/Documents/KIT/2023/BA/code/output/families/ssim_NE_s20_f100_sites200_GTR_bl1.0_d0.0_l0.0_t0.0_gc0.0_p0.0_pop10_ms0.0_mf0.0_seed19732311/families/family_022/misc/raxml_output.F81.raxml.log

Analysis started: 21-Jun-2023 14:53:24 / finished: 21-Jun-2023 14:53:24

Elapsed time: 0.242 seconds

