
RAxML-NG v. 1.1.0 released on 29.11.2021 by The Exelixis Lab.
Developed by: Alexey M. Kozlov and Alexandros Stamatakis.
Contributors: Diego Darriba, Tomas Flouri, Benoit Morel, Sarah Lutteropp, Ben Bettisworth.
Latest version: https://github.com/amkozlov/raxml-ng
Questions/problems/suggestions? Please visit: https://groups.google.com/forum/#!forum/raxml

System: AMD Ryzen 7 5800X 8-Core Processor, 8 cores, 31 GB RAM

RAxML-NG was called at 12-Jun-2023 12:38:45 as follows:

/home/fili/Documents/KIT/2023/BA/resources/tools/RAxML-NG/raxml-ng --msa /home/fili/Documents/KIT/2023/BA/code/output/families/ssim_dtl_s20_f100_sites200_GTR_bl1.0_d0.0_l0.0_t1.0_gc0.0_p0.0_pop10_ms0.0_mf0.0_seed42/families/family_040/alignment.msa --model F81 --prefix /home/fili/Documents/KIT/2023/BA/code/output/families/ssim_dtl_s20_f100_sites200_GTR_bl1.0_d0.0_l0.0_t1.0_gc0.0_p0.0_pop10_ms0.0_mf0.0_seed42/families/family_040/misc/raxml_output.F81

Analysis options:
  run mode: ML tree search
  start tree(s): random (10) + parsimony (10)
  random seed: 1686566325
  tip-inner: OFF
  pattern compression: ON
  per-rate scalers: OFF
  site repeats: ON
  fast spr radius: AUTO
  spr subtree cutoff: 1.000000
  branch lengths: proportional (ML estimate, algorithm: NR-FAST)
  SIMD kernels: AVX2
  parallelization: coarse-grained (auto), PTHREADS (auto)

[00:00:00] Reading alignment from file: /home/fili/Documents/KIT/2023/BA/code/output/families/ssim_dtl_s20_f100_sites200_GTR_bl1.0_d0.0_l0.0_t1.0_gc0.0_p0.0_pop10_ms0.0_mf0.0_seed42/families/family_040/alignment.msa
[00:00:00] Loaded alignment with 20 taxa and 217 sites

WARNING: Sequences 8_0_0 and 18_0_0 are exactly identical!
WARNING: Sequences 13_0_0 and 9_0_0 are exactly identical!
WARNING: Sequences 12_0_0 and 4_0_0 are exactly identical!
WARNING: Sequences 11_0_0 and 17_0_0 are exactly identical!
WARNING: Sequences 1_0_0 and 3_0_0 are exactly identical!
WARNING: Sequences 1_0_0 and 2_0_0 are exactly identical!
WARNING: Duplicate sequences found: 6

NOTE: Reduced alignment (with duplicates and gap-only sites/taxa removed) 
NOTE: was saved to: /home/fili/Documents/KIT/2023/BA/code/output/families/ssim_dtl_s20_f100_sites200_GTR_bl1.0_d0.0_l0.0_t1.0_gc0.0_p0.0_pop10_ms0.0_mf0.0_seed42/families/family_040/misc/raxml_output.F81.raxml.reduced.phy

Alignment comprises 1 partitions and 136 patterns

Partition 0: noname
Model: F81+FO
Alignment sites / patterns: 217 / 136
Gaps: 0.00 %
Invariant sites: 23.50 %


NOTE: Binary MSA file created: /home/fili/Documents/KIT/2023/BA/code/output/families/ssim_dtl_s20_f100_sites200_GTR_bl1.0_d0.0_l0.0_t1.0_gc0.0_p0.0_pop10_ms0.0_mf0.0_seed42/families/family_040/misc/raxml_output.F81.raxml.rba

Parallelization scheme autoconfig: 8 worker(s) x 1 thread(s)

Parallel reduction/worker buffer size: 1 KB  / 0 KB

[00:00:00] Generating 10 random starting tree(s) with 20 taxa
[00:00:00] Generating 10 parsimony starting tree(s) with 20 taxa
[00:00:00] Data distribution: max. partitions/sites/weight per thread: 1 / 136 / 544
[00:00:00] Data distribution: max. searches per worker: 3

Starting ML tree search with 20 distinct starting trees

[00:00:00 -3502.776340] Initial branch length optimization
[00:00:00 -3014.212346] Model parameter optimization (eps = 10.000000)
[00:00:00 -2991.888941] AUTODETECT spr round 1 (radius: 5)
[00:00:00 -1759.638539] AUTODETECT spr round 2 (radius: 10)
[00:00:00 -1738.545262] AUTODETECT spr round 3 (radius: 15)
[00:00:00 -1738.545262] SPR radius for FAST iterations: 10 (autodetect)
[00:00:00 -1738.545262] Model parameter optimization (eps = 3.000000)
[00:00:00 -1737.980134] FAST spr round 1 (radius: 10)
[00:00:00 -1721.142652] FAST spr round 2 (radius: 10)
[00:00:00 -1721.142650] Model parameter optimization (eps = 1.000000)
[00:00:00 -1720.955523] SLOW spr round 1 (radius: 5)
[00:00:00 -1720.955469] SLOW spr round 2 (radius: 10)
[00:00:00 -1720.955469] SLOW spr round 3 (radius: 15)
[00:00:00 -1720.955469] SLOW spr round 4 (radius: 20)
[00:00:00] [worker #6] ML tree search #7, logLikelihood: -1720.955412
[00:00:00 -1720.955469] Model parameter optimization (eps = 0.100000)

[00:00:00] [worker #0] ML tree search #1, logLikelihood: -1720.955414

[00:00:00 -3331.860337] Initial branch length optimization
[00:00:00 -2866.893816] Model parameter optimization (eps = 10.000000)
[00:00:00 -2837.256455] AUTODETECT spr round 1 (radius: 5)
[00:00:00 -1802.890432] AUTODETECT spr round 2 (radius: 10)
[00:00:00] [worker #3] ML tree search #4, logLikelihood: -1720.955436
[00:00:00] [worker #5] ML tree search #6, logLikelihood: -1720.955415
[00:00:00 -1757.326560] AUTODETECT spr round 3 (radius: 15)
[00:00:00 -1757.325082] SPR radius for FAST iterations: 10 (autodetect)
[00:00:00 -1757.325082] Model parameter optimization (eps = 3.000000)
[00:00:00] [worker #2] ML tree search #3, logLikelihood: -1720.955412
[00:00:00 -1757.130294] FAST spr round 1 (radius: 10)
[00:00:00] [worker #7] ML tree search #8, logLikelihood: -1720.955418
[00:00:00] [worker #4] ML tree search #5, logLikelihood: -1720.955411
[00:00:00] [worker #1] ML tree search #2, logLikelihood: -1720.955412
[00:00:00 -1721.259771] FAST spr round 2 (radius: 10)
[00:00:00 -1721.259754] Model parameter optimization (eps = 1.000000)
[00:00:00 -1720.955719] SLOW spr round 1 (radius: 5)
[00:00:00] [worker #6] ML tree search #15, logLikelihood: -1720.955413
[00:00:00] [worker #2] ML tree search #11, logLikelihood: -1720.955412
[00:00:00 -1720.955553] SLOW spr round 2 (radius: 10)
[00:00:00] [worker #3] ML tree search #12, logLikelihood: -1720.955412
[00:00:00] [worker #4] ML tree search #13, logLikelihood: -1720.955414
[00:00:00] [worker #7] ML tree search #16, logLikelihood: -1720.955413
[00:00:00 -1720.955553] SLOW spr round 3 (radius: 15)
[00:00:00 -1720.955553] SLOW spr round 4 (radius: 20)
[00:00:00 -1720.955553] Model parameter optimization (eps = 0.100000)

[00:00:00] [worker #0] ML tree search #9, logLikelihood: -1720.955412

[00:00:00] [worker #5] ML tree search #14, logLikelihood: -1720.955411
[00:00:00 -2204.943769] Initial branch length optimization
[00:00:00 -1744.671030] Model parameter optimization (eps = 10.000000)
[00:00:00 -1724.874585] AUTODETECT spr round 1 (radius: 5)
[00:00:00 -1724.221332] AUTODETECT spr round 2 (radius: 10)
[00:00:00 -1724.221100] SPR radius for FAST iterations: 5 (autodetect)
[00:00:00 -1724.221100] Model parameter optimization (eps = 3.000000)
[00:00:00 -1724.221016] FAST spr round 1 (radius: 5)
[00:00:00] [worker #1] ML tree search #10, logLikelihood: -1720.955412
[00:00:00 -1723.467884] FAST spr round 2 (radius: 5)
[00:00:00] [worker #3] ML tree search #20, logLikelihood: -1720.955412
[00:00:00] [worker #2] ML tree search #19, logLikelihood: -1720.955412
[00:00:00 -1723.439709] Model parameter optimization (eps = 1.000000)
[00:00:00 -1723.429004] SLOW spr round 1 (radius: 5)
[00:00:00 -1720.982586] SLOW spr round 2 (radius: 5)
[00:00:00 -1720.982518] SLOW spr round 3 (radius: 10)
[00:00:00] [worker #1] ML tree search #18, logLikelihood: -1720.955412
[00:00:00 -1720.982518] SLOW spr round 4 (radius: 15)
[00:00:00 -1720.982518] SLOW spr round 5 (radius: 20)
[00:00:00 -1720.982518] Model parameter optimization (eps = 0.100000)

[00:00:00] [worker #0] ML tree search #17, logLikelihood: -1720.955438


Optimized model parameters:

   Partition 0: noname
   Rate heterogeneity: NONE
   Base frequencies (ML): 0.290052 0.185147 0.338046 0.186755 
   Substitution rates (model): 1.000000 1.000000 1.000000 1.000000 1.000000 1.000000 


Final LogLikelihood: -1720.955411

AIC score: 3521.910823 / AICc score: 3540.547187 / BIC score: 3657.106717
Free parameters (model + branch lengths): 40

WARNING: Best ML tree contains 2 near-zero branches!

Best ML tree with collapsed near-zero branches saved to: /home/fili/Documents/KIT/2023/BA/code/output/families/ssim_dtl_s20_f100_sites200_GTR_bl1.0_d0.0_l0.0_t1.0_gc0.0_p0.0_pop10_ms0.0_mf0.0_seed42/families/family_040/misc/raxml_output.F81.raxml.bestTreeCollapsed
Best ML tree saved to: /home/fili/Documents/KIT/2023/BA/code/output/families/ssim_dtl_s20_f100_sites200_GTR_bl1.0_d0.0_l0.0_t1.0_gc0.0_p0.0_pop10_ms0.0_mf0.0_seed42/families/family_040/misc/raxml_output.F81.raxml.bestTree
All ML trees saved to: /home/fili/Documents/KIT/2023/BA/code/output/families/ssim_dtl_s20_f100_sites200_GTR_bl1.0_d0.0_l0.0_t1.0_gc0.0_p0.0_pop10_ms0.0_mf0.0_seed42/families/family_040/misc/raxml_output.F81.raxml.mlTrees
Optimized model saved to: /home/fili/Documents/KIT/2023/BA/code/output/families/ssim_dtl_s20_f100_sites200_GTR_bl1.0_d0.0_l0.0_t1.0_gc0.0_p0.0_pop10_ms0.0_mf0.0_seed42/families/family_040/misc/raxml_output.F81.raxml.bestModel

Execution log saved to: /home/fili/Documents/KIT/2023/BA/code/output/families/ssim_dtl_s20_f100_sites200_GTR_bl1.0_d0.0_l0.0_t1.0_gc0.0_p0.0_pop10_ms0.0_mf0.0_seed42/families/family_040/misc/raxml_output.F81.raxml.log

Analysis started: 12-Jun-2023 12:38:45 / finished: 12-Jun-2023 12:38:45

Elapsed time: 0.387 seconds

