
RAxML-NG v. 1.1.0 released on 29.11.2021 by The Exelixis Lab.
Developed by: Alexey M. Kozlov and Alexandros Stamatakis.
Contributors: Diego Darriba, Tomas Flouri, Benoit Morel, Sarah Lutteropp, Ben Bettisworth.
Latest version: https://github.com/amkozlov/raxml-ng
Questions/problems/suggestions? Please visit: https://groups.google.com/forum/#!forum/raxml

System: AMD Ryzen 7 5800X 8-Core Processor, 8 cores, 31 GB RAM

RAxML-NG was called at 27-Jun-2023 13:47:24 as follows:

/home/fili/Documents/KIT/2023/BA/resources/tools/RAxML-NG/raxml-ng --msa /home/fili/Documents/KIT/2023/BA/code/output/families/ssim_NE_s20_f100_sites200_GTR_bl1.0_d0.0_l0.0_t0.0_gc0.0_p0.0_pop10_ms0.0_mf0.0_seed121873/families/family_002/alignment.msa --model F81 --prefix /home/fili/Documents/KIT/2023/BA/code/output/families/ssim_NE_s20_f100_sites200_GTR_bl1.0_d0.0_l0.0_t0.0_gc0.0_p0.0_pop10_ms0.0_mf0.0_seed121873/families/family_002/misc/raxml_output.F81

Analysis options:
  run mode: ML tree search
  start tree(s): random (10) + parsimony (10)
  random seed: 1687866444
  tip-inner: OFF
  pattern compression: ON
  per-rate scalers: OFF
  site repeats: ON
  fast spr radius: AUTO
  spr subtree cutoff: 1.000000
  branch lengths: proportional (ML estimate, algorithm: NR-FAST)
  SIMD kernels: AVX2
  parallelization: coarse-grained (auto), PTHREADS (auto)

[00:00:00] Reading alignment from file: /home/fili/Documents/KIT/2023/BA/code/output/families/ssim_NE_s20_f100_sites200_GTR_bl1.0_d0.0_l0.0_t0.0_gc0.0_p0.0_pop10_ms0.0_mf0.0_seed121873/families/family_002/alignment.msa
[00:00:00] Loaded alignment with 20 taxa and 184 sites

Alignment comprises 1 partitions and 112 patterns

Partition 0: noname
Model: F81+FO
Alignment sites / patterns: 184 / 112
Gaps: 0.00 %
Invariant sites: 34.24 %


NOTE: Binary MSA file created: /home/fili/Documents/KIT/2023/BA/code/output/families/ssim_NE_s20_f100_sites200_GTR_bl1.0_d0.0_l0.0_t0.0_gc0.0_p0.0_pop10_ms0.0_mf0.0_seed121873/families/family_002/misc/raxml_output.F81.raxml.rba

Parallelization scheme autoconfig: 8 worker(s) x 1 thread(s)

Parallel reduction/worker buffer size: 1 KB  / 0 KB

[00:00:00] Generating 10 random starting tree(s) with 20 taxa
[00:00:00] Generating 10 parsimony starting tree(s) with 20 taxa
[00:00:00] Data distribution: max. partitions/sites/weight per thread: 1 / 112 / 448
[00:00:00] Data distribution: max. searches per worker: 3

Starting ML tree search with 20 distinct starting trees

[00:00:00 -2735.070253] Initial branch length optimization
[00:00:00 -2527.656298] Model parameter optimization (eps = 10.000000)
[00:00:00 -2443.313495] AUTODETECT spr round 1 (radius: 5)
[00:00:00 -1566.764604] AUTODETECT spr round 2 (radius: 10)
[00:00:00 -1566.764106] SPR radius for FAST iterations: 5 (autodetect)
[00:00:00 -1566.764106] Model parameter optimization (eps = 3.000000)
[00:00:00 -1562.885318] FAST spr round 1 (radius: 5)
[00:00:00 -1536.326666] FAST spr round 2 (radius: 5)
[00:00:00 -1535.663933] FAST spr round 3 (radius: 5)
[00:00:00 -1535.663915] Model parameter optimization (eps = 1.000000)
[00:00:00 -1535.584160] SLOW spr round 1 (radius: 5)
[00:00:00 -1535.399647] SLOW spr round 2 (radius: 5)
[00:00:00] [worker #6] ML tree search #7, logLikelihood: -1535.384467
[00:00:00] [worker #5] ML tree search #6, logLikelihood: -1535.384467
[00:00:00] [worker #7] ML tree search #8, logLikelihood: -1535.384468
[00:00:00] [worker #3] ML tree search #4, logLikelihood: -1535.384467
[00:00:00] [worker #4] ML tree search #5, logLikelihood: -1535.384467
[00:00:00] [worker #1] ML tree search #2, logLikelihood: -1535.384467
[00:00:00 -1535.399635] SLOW spr round 3 (radius: 10)
[00:00:00 -1535.399635] SLOW spr round 4 (radius: 15)
[00:00:00 -1535.399635] SLOW spr round 5 (radius: 20)
[00:00:00 -1535.399635] Model parameter optimization (eps = 0.100000)
[00:00:00] [worker #2] ML tree search #3, logLikelihood: -1535.384480

[00:00:00] [worker #0] ML tree search #1, logLikelihood: -1535.384478

[00:00:00 -2816.362195] Initial branch length optimization
[00:00:00 -2547.319705] Model parameter optimization (eps = 10.000000)
[00:00:00 -2477.107719] AUTODETECT spr round 1 (radius: 5)
[00:00:00 -1629.583944] AUTODETECT spr round 2 (radius: 10)
[00:00:00 -1613.380072] AUTODETECT spr round 3 (radius: 15)
[00:00:00 -1613.368427] SPR radius for FAST iterations: 10 (autodetect)
[00:00:00 -1613.368427] Model parameter optimization (eps = 3.000000)
[00:00:00 -1612.546521] FAST spr round 1 (radius: 10)
[00:00:00 -1539.732430] FAST spr round 2 (radius: 10)
[00:00:00] [worker #4] ML tree search #13, logLikelihood: -1535.384467
[00:00:00 -1535.629455] FAST spr round 3 (radius: 10)
[00:00:00] [worker #7] ML tree search #16, logLikelihood: -1535.384468
[00:00:00] [worker #5] ML tree search #14, logLikelihood: -1535.384468
[00:00:00] [worker #6] ML tree search #15, logLikelihood: -1535.384481
[00:00:00 -1535.629451] Model parameter optimization (eps = 1.000000)
[00:00:00 -1535.384716] SLOW spr round 1 (radius: 5)
[00:00:00] [worker #3] ML tree search #12, logLikelihood: -1535.384479
[00:00:00] [worker #1] ML tree search #10, logLikelihood: -1535.384468
[00:00:00 -1535.384563] SLOW spr round 2 (radius: 10)
[00:00:00] [worker #2] ML tree search #11, logLikelihood: -1535.384480
[00:00:00 -1535.384563] SLOW spr round 3 (radius: 15)
[00:00:00 -1535.384563] SLOW spr round 4 (radius: 20)
[00:00:00 -1535.384563] Model parameter optimization (eps = 0.100000)

[00:00:00] [worker #0] ML tree search #9, logLikelihood: -1535.384467

[00:00:00 -1815.257822] Initial branch length optimization
[00:00:00 -1581.520177] Model parameter optimization (eps = 10.000000)
[00:00:00 -1537.526359] AUTODETECT spr round 1 (radius: 5)
[00:00:00 -1535.626772] AUTODETECT spr round 2 (radius: 10)
[00:00:00 -1535.624148] SPR radius for FAST iterations: 5 (autodetect)
[00:00:00 -1535.624148] Model parameter optimization (eps = 3.000000)
[00:00:00 -1535.584136] FAST spr round 1 (radius: 5)
[00:00:00] [worker #3] ML tree search #20, logLikelihood: -1535.384467
[00:00:00 -1535.584108] Model parameter optimization (eps = 1.000000)
[00:00:00 -1535.584102] SLOW spr round 1 (radius: 5)
[00:00:00] [worker #1] ML tree search #18, logLikelihood: -1535.384468
[00:00:00 -1535.400597] SLOW spr round 2 (radius: 5)
[00:00:00] [worker #2] ML tree search #19, logLikelihood: -1535.384470
[00:00:00 -1535.400594] SLOW spr round 3 (radius: 10)
[00:00:00 -1535.400594] SLOW spr round 4 (radius: 15)
[00:00:00 -1535.400594] SLOW spr round 5 (radius: 20)
[00:00:00 -1535.400594] Model parameter optimization (eps = 0.100000)

[00:00:00] [worker #0] ML tree search #17, logLikelihood: -1535.384480


Optimized model parameters:

   Partition 0: noname
   Rate heterogeneity: NONE
   Base frequencies (ML): 0.349340 0.105526 0.343742 0.201392 
   Substitution rates (model): 1.000000 1.000000 1.000000 1.000000 1.000000 1.000000 


Final LogLikelihood: -1535.384467

AIC score: 3150.768933 / AICc score: 3173.705996 / BIC score: 3279.366364
Free parameters (model + branch lengths): 40

Best ML tree saved to: /home/fili/Documents/KIT/2023/BA/code/output/families/ssim_NE_s20_f100_sites200_GTR_bl1.0_d0.0_l0.0_t0.0_gc0.0_p0.0_pop10_ms0.0_mf0.0_seed121873/families/family_002/misc/raxml_output.F81.raxml.bestTree
All ML trees saved to: /home/fili/Documents/KIT/2023/BA/code/output/families/ssim_NE_s20_f100_sites200_GTR_bl1.0_d0.0_l0.0_t0.0_gc0.0_p0.0_pop10_ms0.0_mf0.0_seed121873/families/family_002/misc/raxml_output.F81.raxml.mlTrees
Optimized model saved to: /home/fili/Documents/KIT/2023/BA/code/output/families/ssim_NE_s20_f100_sites200_GTR_bl1.0_d0.0_l0.0_t0.0_gc0.0_p0.0_pop10_ms0.0_mf0.0_seed121873/families/family_002/misc/raxml_output.F81.raxml.bestModel

Execution log saved to: /home/fili/Documents/KIT/2023/BA/code/output/families/ssim_NE_s20_f100_sites200_GTR_bl1.0_d0.0_l0.0_t0.0_gc0.0_p0.0_pop10_ms0.0_mf0.0_seed121873/families/family_002/misc/raxml_output.F81.raxml.log

Analysis started: 27-Jun-2023 13:47:24 / finished: 27-Jun-2023 13:47:24

Elapsed time: 0.266 seconds

