
RAxML-NG v. 1.1.0 released on 29.11.2021 by The Exelixis Lab.
Developed by: Alexey M. Kozlov and Alexandros Stamatakis.
Contributors: Diego Darriba, Tomas Flouri, Benoit Morel, Sarah Lutteropp, Ben Bettisworth.
Latest version: https://github.com/amkozlov/raxml-ng
Questions/problems/suggestions? Please visit: https://groups.google.com/forum/#!forum/raxml

System: AMD Ryzen 7 5800X 8-Core Processor, 8 cores, 31 GB RAM

RAxML-NG was called at 27-Jun-2023 13:04:21 as follows:

/home/fili/Documents/KIT/2023/BA/resources/tools/RAxML-NG/raxml-ng --msa /home/fili/Documents/KIT/2023/BA/code/output/families/ssim_DL_s20_f100_sites200_GTR_bl1.0_d1.0_l1.0_t0.0_gc0.0_p0.0_pop10_ms0.0_mf0.0_seed19732311/families/family_033/alignment.msa --model F81 --prefix /home/fili/Documents/KIT/2023/BA/code/output/families/ssim_DL_s20_f100_sites200_GTR_bl1.0_d1.0_l1.0_t0.0_gc0.0_p0.0_pop10_ms0.0_mf0.0_seed19732311/families/family_033/misc/raxml_output.F81

Analysis options:
  run mode: ML tree search
  start tree(s): random (10) + parsimony (10)
  random seed: 1687863861
  tip-inner: OFF
  pattern compression: ON
  per-rate scalers: OFF
  site repeats: ON
  fast spr radius: AUTO
  spr subtree cutoff: 1.000000
  branch lengths: proportional (ML estimate, algorithm: NR-FAST)
  SIMD kernels: AVX2
  parallelization: coarse-grained (auto), PTHREADS (auto)

[00:00:00] Reading alignment from file: /home/fili/Documents/KIT/2023/BA/code/output/families/ssim_DL_s20_f100_sites200_GTR_bl1.0_d1.0_l1.0_t0.0_gc0.0_p0.0_pop10_ms0.0_mf0.0_seed19732311/families/family_033/alignment.msa
[00:00:00] Loaded alignment with 19 taxa and 180 sites

Alignment comprises 1 partitions and 92 patterns

Partition 0: noname
Model: F81+FO
Alignment sites / patterns: 180 / 92
Gaps: 0.00 %
Invariant sites: 36.67 %


NOTE: Binary MSA file created: /home/fili/Documents/KIT/2023/BA/code/output/families/ssim_DL_s20_f100_sites200_GTR_bl1.0_d1.0_l1.0_t0.0_gc0.0_p0.0_pop10_ms0.0_mf0.0_seed19732311/families/family_033/misc/raxml_output.F81.raxml.rba

Parallelization scheme autoconfig: 8 worker(s) x 1 thread(s)

Parallel reduction/worker buffer size: 1 KB  / 0 KB

[00:00:00] Generating 10 random starting tree(s) with 19 taxa
[00:00:00] Generating 10 parsimony starting tree(s) with 19 taxa
[00:00:00] Data distribution: max. partitions/sites/weight per thread: 1 / 92 / 368
[00:00:00] Data distribution: max. searches per worker: 3

Starting ML tree search with 20 distinct starting trees

[00:00:00 -2925.076790] Initial branch length optimization
[00:00:00 -2547.074462] Model parameter optimization (eps = 10.000000)
[00:00:00 -2436.200027] AUTODETECT spr round 1 (radius: 5)
[00:00:00 -1197.833634] AUTODETECT spr round 2 (radius: 10)
[00:00:00 -1186.077486] AUTODETECT spr round 3 (radius: 15)
[00:00:00 -1186.077453] SPR radius for FAST iterations: 10 (autodetect)
[00:00:00 -1186.077453] Model parameter optimization (eps = 3.000000)
[00:00:00 -1184.107781] FAST spr round 1 (radius: 10)
[00:00:00 -1173.858522] FAST spr round 2 (radius: 10)
[00:00:00 -1165.560751] FAST spr round 3 (radius: 10)
[00:00:00 -1165.560183] Model parameter optimization (eps = 1.000000)
[00:00:00 -1165.403660] SLOW spr round 1 (radius: 5)
[00:00:00 -1165.403403] SLOW spr round 2 (radius: 10)
[00:00:00] [worker #3] ML tree search #4, logLikelihood: -1166.082743
[00:00:00 -1165.403397] SLOW spr round 3 (radius: 15)
[00:00:00 -1165.403397] Model parameter optimization (eps = 0.100000)

[00:00:00] [worker #0] ML tree search #1, logLikelihood: -1165.403332

[00:00:00] [worker #5] ML tree search #6, logLikelihood: -1161.475247
[00:00:00] [worker #7] ML tree search #8, logLikelihood: -1161.475250
[00:00:00 -2904.080540] Initial branch length optimization
[00:00:00 -2610.924782] Model parameter optimization (eps = 10.000000)
[00:00:00] [worker #6] ML tree search #7, logLikelihood: -1161.475248
[00:00:00] [worker #4] ML tree search #5, logLikelihood: -1161.475246
[00:00:00 -2495.583492] AUTODETECT spr round 1 (radius: 5)
[00:00:00] [worker #1] ML tree search #2, logLikelihood: -1161.475246
[00:00:00 -1190.578656] AUTODETECT spr round 2 (radius: 10)
[00:00:00 -1190.578650] SPR radius for FAST iterations: 5 (autodetect)
[00:00:00 -1190.578650] Model parameter optimization (eps = 3.000000)
[00:00:00] [worker #2] ML tree search #3, logLikelihood: -1166.082775
[00:00:00 -1185.529360] FAST spr round 1 (radius: 5)
[00:00:00 -1163.318573] FAST spr round 2 (radius: 5)
[00:00:00 -1163.291819] Model parameter optimization (eps = 1.000000)
[00:00:00 -1163.233887] SLOW spr round 1 (radius: 5)
[00:00:00] [worker #3] ML tree search #12, logLikelihood: -1161.475246
[00:00:00 -1161.479674] SLOW spr round 2 (radius: 5)
[00:00:00] [worker #5] ML tree search #14, logLikelihood: -1161.475245
[00:00:00] [worker #6] ML tree search #15, logLikelihood: -1161.475245
[00:00:00 -1161.479662] SLOW spr round 3 (radius: 10)
[00:00:00] [worker #1] ML tree search #10, logLikelihood: -1161.475246
[00:00:00] [worker #7] ML tree search #16, logLikelihood: -1161.475248
[00:00:00 -1161.479661] SLOW spr round 4 (radius: 15)
[00:00:00 -1161.479661] Model parameter optimization (eps = 0.100000)

[00:00:00] [worker #0] ML tree search #9, logLikelihood: -1161.475247

[00:00:00 -1526.571287] Initial branch length optimization
[00:00:00 -1201.849054] Model parameter optimization (eps = 10.000000)
[00:00:00 -1166.676857] AUTODETECT spr round 1 (radius: 5)
[00:00:00] [worker #2] ML tree search #11, logLikelihood: -1161.475248
[00:00:00] [worker #4] ML tree search #13, logLikelihood: -1161.475248
[00:00:00 -1163.094087] AUTODETECT spr round 2 (radius: 10)
[00:00:00 -1163.093971] SPR radius for FAST iterations: 5 (autodetect)
[00:00:00 -1163.093971] Model parameter optimization (eps = 3.000000)
[00:00:00 -1163.084372] FAST spr round 1 (radius: 5)
[00:00:00] [worker #3] ML tree search #20, logLikelihood: -1161.475245
[00:00:00 -1163.084343] Model parameter optimization (eps = 1.000000)
[00:00:00 -1163.084341] SLOW spr round 1 (radius: 5)
[00:00:00 -1162.687911] SLOW spr round 2 (radius: 5)
[00:00:00] [worker #1] ML tree search #18, logLikelihood: -1161.475245
[00:00:00 -1161.476513] SLOW spr round 3 (radius: 5)
[00:00:00 -1161.476497] SLOW spr round 4 (radius: 10)
[00:00:00] [worker #2] ML tree search #19, logLikelihood: -1161.475248
[00:00:00 -1161.476497] SLOW spr round 5 (radius: 15)
[00:00:00 -1161.476497] Model parameter optimization (eps = 0.100000)

[00:00:00] [worker #0] ML tree search #17, logLikelihood: -1161.475248


Optimized model parameters:

   Partition 0: noname
   Rate heterogeneity: NONE
   Base frequencies (ML): 0.377800 0.140280 0.326799 0.155122 
   Substitution rates (model): 1.000000 1.000000 1.000000 1.000000 1.000000 1.000000 


Final LogLikelihood: -1161.475245

AIC score: 2398.950491 / AICc score: 2419.971767 / BIC score: 2520.282851
Free parameters (model + branch lengths): 38

WARNING: Best ML tree contains 1 near-zero branches!

Best ML tree with collapsed near-zero branches saved to: /home/fili/Documents/KIT/2023/BA/code/output/families/ssim_DL_s20_f100_sites200_GTR_bl1.0_d1.0_l1.0_t0.0_gc0.0_p0.0_pop10_ms0.0_mf0.0_seed19732311/families/family_033/misc/raxml_output.F81.raxml.bestTreeCollapsed
Best ML tree saved to: /home/fili/Documents/KIT/2023/BA/code/output/families/ssim_DL_s20_f100_sites200_GTR_bl1.0_d1.0_l1.0_t0.0_gc0.0_p0.0_pop10_ms0.0_mf0.0_seed19732311/families/family_033/misc/raxml_output.F81.raxml.bestTree
All ML trees saved to: /home/fili/Documents/KIT/2023/BA/code/output/families/ssim_DL_s20_f100_sites200_GTR_bl1.0_d1.0_l1.0_t0.0_gc0.0_p0.0_pop10_ms0.0_mf0.0_seed19732311/families/family_033/misc/raxml_output.F81.raxml.mlTrees
Optimized model saved to: /home/fili/Documents/KIT/2023/BA/code/output/families/ssim_DL_s20_f100_sites200_GTR_bl1.0_d1.0_l1.0_t0.0_gc0.0_p0.0_pop10_ms0.0_mf0.0_seed19732311/families/family_033/misc/raxml_output.F81.raxml.bestModel

Execution log saved to: /home/fili/Documents/KIT/2023/BA/code/output/families/ssim_DL_s20_f100_sites200_GTR_bl1.0_d1.0_l1.0_t0.0_gc0.0_p0.0_pop10_ms0.0_mf0.0_seed19732311/families/family_033/misc/raxml_output.F81.raxml.log

Analysis started: 27-Jun-2023 13:04:21 / finished: 27-Jun-2023 13:04:21

Elapsed time: 0.218 seconds

