
RAxML-NG v. 1.1.0 released on 29.11.2021 by The Exelixis Lab.
Developed by: Alexey M. Kozlov and Alexandros Stamatakis.
Contributors: Diego Darriba, Tomas Flouri, Benoit Morel, Sarah Lutteropp, Ben Bettisworth.
Latest version: https://github.com/amkozlov/raxml-ng
Questions/problems/suggestions? Please visit: https://groups.google.com/forum/#!forum/raxml

System: AMD Ryzen 7 5800X 8-Core Processor, 8 cores, 31 GB RAM

RAxML-NG was called at 27-Jun-2023 13:04:19 as follows:

/home/fili/Documents/KIT/2023/BA/resources/tools/RAxML-NG/raxml-ng --msa /home/fili/Documents/KIT/2023/BA/code/output/families/ssim_DL_s20_f100_sites200_GTR_bl1.0_d1.0_l1.0_t0.0_gc0.0_p0.0_pop10_ms0.0_mf0.0_seed19732311/families/family_098/alignment.msa --model F81 --prefix /home/fili/Documents/KIT/2023/BA/code/output/families/ssim_DL_s20_f100_sites200_GTR_bl1.0_d1.0_l1.0_t0.0_gc0.0_p0.0_pop10_ms0.0_mf0.0_seed19732311/families/family_098/misc/raxml_output.F81

Analysis options:
  run mode: ML tree search
  start tree(s): random (10) + parsimony (10)
  random seed: 1687863859
  tip-inner: OFF
  pattern compression: ON
  per-rate scalers: OFF
  site repeats: ON
  fast spr radius: AUTO
  spr subtree cutoff: 1.000000
  branch lengths: proportional (ML estimate, algorithm: NR-FAST)
  SIMD kernels: AVX2
  parallelization: coarse-grained (auto), PTHREADS (auto)

[00:00:00] Reading alignment from file: /home/fili/Documents/KIT/2023/BA/code/output/families/ssim_DL_s20_f100_sites200_GTR_bl1.0_d1.0_l1.0_t0.0_gc0.0_p0.0_pop10_ms0.0_mf0.0_seed19732311/families/family_098/alignment.msa
[00:00:00] Loaded alignment with 18 taxa and 207 sites

WARNING: Sequences 2_2_0 and 1_2_0 are exactly identical!
WARNING: Duplicate sequences found: 1

NOTE: Reduced alignment (with duplicates and gap-only sites/taxa removed) 
NOTE: was saved to: /home/fili/Documents/KIT/2023/BA/code/output/families/ssim_DL_s20_f100_sites200_GTR_bl1.0_d1.0_l1.0_t0.0_gc0.0_p0.0_pop10_ms0.0_mf0.0_seed19732311/families/family_098/misc/raxml_output.F81.raxml.reduced.phy

Alignment comprises 1 partitions and 105 patterns

Partition 0: noname
Model: F81+FO
Alignment sites / patterns: 207 / 105
Gaps: 0.00 %
Invariant sites: 44.44 %


NOTE: Binary MSA file created: /home/fili/Documents/KIT/2023/BA/code/output/families/ssim_DL_s20_f100_sites200_GTR_bl1.0_d1.0_l1.0_t0.0_gc0.0_p0.0_pop10_ms0.0_mf0.0_seed19732311/families/family_098/misc/raxml_output.F81.raxml.rba

Parallelization scheme autoconfig: 8 worker(s) x 1 thread(s)

Parallel reduction/worker buffer size: 1 KB  / 0 KB

[00:00:00] Generating 10 random starting tree(s) with 18 taxa
[00:00:00] Generating 10 parsimony starting tree(s) with 18 taxa
[00:00:00] Data distribution: max. partitions/sites/weight per thread: 1 / 105 / 420
[00:00:00] Data distribution: max. searches per worker: 3

Starting ML tree search with 20 distinct starting trees

[00:00:00 -2877.808996] Initial branch length optimization
[00:00:00 -2538.092491] Model parameter optimization (eps = 10.000000)
[00:00:00 -2512.954617] AUTODETECT spr round 1 (radius: 5)
[00:00:00 -1373.982127] AUTODETECT spr round 2 (radius: 10)
[00:00:00 -1373.981987] SPR radius for FAST iterations: 5 (autodetect)
[00:00:00 -1373.981987] Model parameter optimization (eps = 3.000000)
[00:00:00 -1373.348253] FAST spr round 1 (radius: 5)
[00:00:00 -1350.027679] FAST spr round 2 (radius: 5)
[00:00:00 -1349.567219] FAST spr round 3 (radius: 5)
[00:00:00 -1349.354967] FAST spr round 4 (radius: 5)
[00:00:00 -1348.015569] FAST spr round 5 (radius: 5)
[00:00:00 -1348.015338] Model parameter optimization (eps = 1.000000)
[00:00:00 -1347.917078] SLOW spr round 1 (radius: 5)
[00:00:00] [worker #3] ML tree search #4, logLikelihood: -1347.917063
[00:00:00] [worker #1] ML tree search #2, logLikelihood: -1347.917062
[00:00:00] [worker #6] ML tree search #7, logLikelihood: -1347.917064
[00:00:00] [worker #7] ML tree search #8, logLikelihood: -1347.917064
[00:00:00] [worker #4] ML tree search #5, logLikelihood: -1347.917064
[00:00:00 -1347.917063] SLOW spr round 2 (radius: 10)
[00:00:00] [worker #2] ML tree search #3, logLikelihood: -1347.917064
[00:00:00 -1347.917063] SLOW spr round 3 (radius: 15)
[00:00:00 -1347.917063] Model parameter optimization (eps = 0.100000)

[00:00:00] [worker #0] ML tree search #1, logLikelihood: -1347.917062

[00:00:00] [worker #5] ML tree search #6, logLikelihood: -1347.917065
[00:00:00 -2826.035827] Initial branch length optimization
[00:00:00 -2473.799437] Model parameter optimization (eps = 10.000000)
[00:00:00 -2439.289085] AUTODETECT spr round 1 (radius: 5)
[00:00:00 -1379.226729] AUTODETECT spr round 2 (radius: 10)
[00:00:00 -1379.226188] SPR radius for FAST iterations: 5 (autodetect)
[00:00:00 -1379.226188] Model parameter optimization (eps = 3.000000)
[00:00:00 -1377.873118] FAST spr round 1 (radius: 5)
[00:00:00 -1348.068960] FAST spr round 2 (radius: 5)
[00:00:00 -1348.068960] Model parameter optimization (eps = 1.000000)
[00:00:00 -1347.917088] SLOW spr round 1 (radius: 5)
[00:00:00] [worker #3] ML tree search #12, logLikelihood: -1347.917062
[00:00:00] [worker #6] ML tree search #15, logLikelihood: -1347.917062
[00:00:00] [worker #7] ML tree search #16, logLikelihood: -1347.917062
[00:00:00] [worker #2] ML tree search #11, logLikelihood: -1347.917062
[00:00:00 -1347.917074] SLOW spr round 2 (radius: 10)
[00:00:00] [worker #1] ML tree search #10, logLikelihood: -1347.917064
[00:00:00] [worker #4] ML tree search #13, logLikelihood: -1347.917064
[00:00:00] [worker #5] ML tree search #14, logLikelihood: -1347.917062
[00:00:00 -1347.917074] SLOW spr round 3 (radius: 15)
[00:00:00 -1347.917074] Model parameter optimization (eps = 0.100000)

[00:00:00] [worker #0] ML tree search #9, logLikelihood: -1347.917066

[00:00:00 -1707.369052] Initial branch length optimization
[00:00:00 -1376.072917] Model parameter optimization (eps = 10.000000)
[00:00:00 -1361.635202] AUTODETECT spr round 1 (radius: 5)
[00:00:00 -1349.578766] AUTODETECT spr round 2 (radius: 10)
[00:00:00 -1349.575642] SPR radius for FAST iterations: 5 (autodetect)
[00:00:00 -1349.575642] Model parameter optimization (eps = 3.000000)
[00:00:00 -1349.545558] FAST spr round 1 (radius: 5)
[00:00:00] [worker #3] ML tree search #20, logLikelihood: -1347.917061
[00:00:00 -1349.298514] FAST spr round 2 (radius: 5)
[00:00:00 -1347.951145] FAST spr round 3 (radius: 5)
[00:00:00 -1347.951122] Model parameter optimization (eps = 1.000000)
[00:00:00 -1347.917068] SLOW spr round 1 (radius: 5)
[00:00:00] [worker #2] ML tree search #19, logLikelihood: -1347.917062
[00:00:00] [worker #1] ML tree search #18, logLikelihood: -1347.917061
[00:00:00 -1347.917065] SLOW spr round 2 (radius: 10)
[00:00:00 -1347.917065] SLOW spr round 3 (radius: 15)
[00:00:00 -1347.917065] Model parameter optimization (eps = 0.100000)

[00:00:00] [worker #0] ML tree search #17, logLikelihood: -1347.917063


Optimized model parameters:

   Partition 0: noname
   Rate heterogeneity: NONE
   Base frequencies (ML): 0.271573 0.322972 0.249362 0.156093 
   Substitution rates (model): 1.000000 1.000000 1.000000 1.000000 1.000000 1.000000 


Final LogLikelihood: -1347.917061

AIC score: 2767.834122 / AICc score: 2783.504710 / BIC score: 2887.811998
Free parameters (model + branch lengths): 36

Best ML tree saved to: /home/fili/Documents/KIT/2023/BA/code/output/families/ssim_DL_s20_f100_sites200_GTR_bl1.0_d1.0_l1.0_t0.0_gc0.0_p0.0_pop10_ms0.0_mf0.0_seed19732311/families/family_098/misc/raxml_output.F81.raxml.bestTree
All ML trees saved to: /home/fili/Documents/KIT/2023/BA/code/output/families/ssim_DL_s20_f100_sites200_GTR_bl1.0_d1.0_l1.0_t0.0_gc0.0_p0.0_pop10_ms0.0_mf0.0_seed19732311/families/family_098/misc/raxml_output.F81.raxml.mlTrees
Optimized model saved to: /home/fili/Documents/KIT/2023/BA/code/output/families/ssim_DL_s20_f100_sites200_GTR_bl1.0_d1.0_l1.0_t0.0_gc0.0_p0.0_pop10_ms0.0_mf0.0_seed19732311/families/family_098/misc/raxml_output.F81.raxml.bestModel

Execution log saved to: /home/fili/Documents/KIT/2023/BA/code/output/families/ssim_DL_s20_f100_sites200_GTR_bl1.0_d1.0_l1.0_t0.0_gc0.0_p0.0_pop10_ms0.0_mf0.0_seed19732311/families/family_098/misc/raxml_output.F81.raxml.log

Analysis started: 27-Jun-2023 13:04:19 / finished: 27-Jun-2023 13:04:20

Elapsed time: 0.214 seconds

