
RAxML-NG v. 1.1.0 released on 29.11.2021 by The Exelixis Lab.
Developed by: Alexey M. Kozlov and Alexandros Stamatakis.
Contributors: Diego Darriba, Tomas Flouri, Benoit Morel, Sarah Lutteropp, Ben Bettisworth.
Latest version: https://github.com/amkozlov/raxml-ng
Questions/problems/suggestions? Please visit: https://groups.google.com/forum/#!forum/raxml

System: AMD Ryzen 7 5800X 8-Core Processor, 8 cores, 31 GB RAM

RAxML-NG was called at 05-Jun-2023 13:01:53 as follows:

/home/fili/Documents/KIT/2023/BA/resources/tools/RAxML-NG/raxml-ng --msa /home/fili/Documents/KIT/2023/BA/code/output/families/ssim_dtl_s20_f100_sites200_GTR_bl1.0_d0.0_l0.0_t1.0_gc0.0_p0.0_pop10_ms0.0_mf0.0_seed42/families/family_086/alignment.msa --model GTR+G --prefix /home/fili/Documents/KIT/2023/BA/code/output/families/ssim_dtl_s20_f100_sites200_GTR_bl1.0_d0.0_l0.0_t1.0_gc0.0_p0.0_pop10_ms0.0_mf0.0_seed42/families/family_086/misc/raxml_output.GTR+G

Analysis options:
  run mode: ML tree search
  start tree(s): random (10) + parsimony (10)
  random seed: 1685962913
  tip-inner: OFF
  pattern compression: ON
  per-rate scalers: OFF
  site repeats: ON
  fast spr radius: AUTO
  spr subtree cutoff: 1.000000
  branch lengths: proportional (ML estimate, algorithm: NR-FAST)
  SIMD kernels: AVX2
  parallelization: coarse-grained (auto), PTHREADS (auto)

[00:00:00] Reading alignment from file: /home/fili/Documents/KIT/2023/BA/code/output/families/ssim_dtl_s20_f100_sites200_GTR_bl1.0_d0.0_l0.0_t1.0_gc0.0_p0.0_pop10_ms0.0_mf0.0_seed42/families/family_086/alignment.msa
[00:00:00] Loaded alignment with 20 taxa and 215 sites

WARNING: Sequences 3_0_0 and 1_0_0 are exactly identical!
WARNING: Sequences 13_0_0 and 9_0_0 are exactly identical!
WARNING: Sequences 4_0_0 and 10_0_0 are exactly identical!
WARNING: Duplicate sequences found: 3

NOTE: Reduced alignment (with duplicates and gap-only sites/taxa removed) 
NOTE: was saved to: /home/fili/Documents/KIT/2023/BA/code/output/families/ssim_dtl_s20_f100_sites200_GTR_bl1.0_d0.0_l0.0_t1.0_gc0.0_p0.0_pop10_ms0.0_mf0.0_seed42/families/family_086/misc/raxml_output.GTR+G.raxml.reduced.phy

Alignment comprises 1 partitions and 65 patterns

Partition 0: noname
Model: GTR+FO+G4m
Alignment sites / patterns: 215 / 65
Gaps: 0.00 %
Invariant sites: 70.23 %


NOTE: Binary MSA file created: /home/fili/Documents/KIT/2023/BA/code/output/families/ssim_dtl_s20_f100_sites200_GTR_bl1.0_d0.0_l0.0_t1.0_gc0.0_p0.0_pop10_ms0.0_mf0.0_seed42/families/family_086/misc/raxml_output.GTR+G.raxml.rba

Parallelization scheme autoconfig: 8 worker(s) x 1 thread(s)

Parallel reduction/worker buffer size: 1 KB  / 0 KB

[00:00:00] Generating 10 random starting tree(s) with 20 taxa
[00:00:00] Generating 10 parsimony starting tree(s) with 20 taxa
[00:00:00] Data distribution: max. partitions/sites/weight per thread: 1 / 65 / 1040
[00:00:00] Data distribution: max. searches per worker: 3

Starting ML tree search with 20 distinct starting trees

[00:00:00 -1702.537167] Initial branch length optimization
[00:00:00 -1483.141500] Model parameter optimization (eps = 10.000000)
[00:00:00 -1182.626674] AUTODETECT spr round 1 (radius: 5)
[00:00:00 -886.818850] AUTODETECT spr round 2 (radius: 10)
[00:00:00 -886.818098] SPR radius for FAST iterations: 5 (autodetect)
[00:00:00 -886.818098] Model parameter optimization (eps = 3.000000)
[00:00:00 -876.761633] FAST spr round 1 (radius: 5)
[00:00:00 -864.607193] FAST spr round 2 (radius: 5)
[00:00:00 -864.606984] Model parameter optimization (eps = 1.000000)
[00:00:00 -864.227188] SLOW spr round 1 (radius: 5)
[00:00:00 -864.226338] SLOW spr round 2 (radius: 10)
[00:00:00 -864.226336] SLOW spr round 3 (radius: 15)
[00:00:00 -864.226336] SLOW spr round 4 (radius: 20)
[00:00:00 -864.226336] Model parameter optimization (eps = 0.100000)

[00:00:00] [worker #0] ML tree search #1, logLikelihood: -864.212043

[00:00:00 -1751.473998] Initial branch length optimization
[00:00:00 -1594.801933] Model parameter optimization (eps = 10.000000)
[00:00:00] [worker #7] ML tree search #8, logLikelihood: -864.210212
[00:00:00] [worker #2] ML tree search #3, logLikelihood: -864.212168
[00:00:00] [worker #1] ML tree search #2, logLikelihood: -864.209709
[00:00:00] [worker #3] ML tree search #4, logLikelihood: -864.212891
[00:00:00] [worker #6] ML tree search #7, logLikelihood: -864.219645
[00:00:00 -1261.429203] AUTODETECT spr round 1 (radius: 5)
[00:00:00 -942.829559] AUTODETECT spr round 2 (radius: 10)
[00:00:00 -887.222868] AUTODETECT spr round 3 (radius: 15)
[00:00:00 -887.221453] SPR radius for FAST iterations: 10 (autodetect)
[00:00:00 -887.221453] Model parameter optimization (eps = 3.000000)
[00:00:00] [worker #5] ML tree search #6, logLikelihood: -864.210804
[00:00:00] [worker #4] ML tree search #5, logLikelihood: -864.210986
[00:00:00 -877.279445] FAST spr round 1 (radius: 10)
[00:00:00 -864.963430] FAST spr round 2 (radius: 10)
[00:00:00 -864.963427] Model parameter optimization (eps = 1.000000)
[00:00:00 -864.605523] SLOW spr round 1 (radius: 5)
[00:00:00] [worker #7] ML tree search #16, logLikelihood: -864.212304
[00:00:00] [worker #2] ML tree search #11, logLikelihood: -864.211436
[00:00:00] [worker #3] ML tree search #12, logLikelihood: -864.212763
[00:00:00] [worker #6] ML tree search #15, logLikelihood: -864.213865
[00:00:00 -864.325848] SLOW spr round 2 (radius: 5)
[00:00:00] [worker #1] ML tree search #10, logLikelihood: -864.209740
[00:00:00] [worker #5] ML tree search #14, logLikelihood: -864.213068
[00:00:00] [worker #4] ML tree search #13, logLikelihood: -864.212891
[00:00:00 -864.325018] SLOW spr round 3 (radius: 10)
[00:00:00 -864.325005] SLOW spr round 4 (radius: 15)
[00:00:00 -864.325004] SLOW spr round 5 (radius: 20)
[00:00:00 -864.325004] Model parameter optimization (eps = 0.100000)

[00:00:00] [worker #0] ML tree search #9, logLikelihood: -864.210168

[00:00:00 -1198.039775] Initial branch length optimization
[00:00:00 -981.267739] Model parameter optimization (eps = 10.000000)
[00:00:00 -868.971152] AUTODETECT spr round 1 (radius: 5)
[00:00:00 -867.075584] AUTODETECT spr round 2 (radius: 10)
[00:00:00 -867.075088] SPR radius for FAST iterations: 5 (autodetect)
[00:00:00 -867.075088] Model parameter optimization (eps = 3.000000)
[00:00:00] [worker #2] ML tree search #19, logLikelihood: -864.213527
[00:00:00 -866.678952] FAST spr round 1 (radius: 5)
[00:00:00 -864.938421] FAST spr round 2 (radius: 5)
[00:00:00] [worker #3] ML tree search #20, logLikelihood: -864.222365
[00:00:00 -864.938306] Model parameter optimization (eps = 1.000000)
[00:00:00 -864.279314] SLOW spr round 1 (radius: 5)
[00:00:00 -864.275868] SLOW spr round 2 (radius: 10)
[00:00:00] [worker #1] ML tree search #18, logLikelihood: -864.210768
[00:00:00 -864.275842] SLOW spr round 3 (radius: 15)
[00:00:00 -864.275842] SLOW spr round 4 (radius: 20)
[00:00:00 -864.275842] Model parameter optimization (eps = 0.100000)

[00:00:00] [worker #0] ML tree search #17, logLikelihood: -864.220862


Optimized model parameters:

   Partition 0: noname
   Rate heterogeneity: GAMMA (4 cats, mean),  alpha: 0.173325 (ML),  weights&rates: (0.250000,0.000183) (0.250000,0.019941) (0.250000,0.310577) (0.250000,3.669299) 
   Base frequencies (ML): 0.241606 0.166299 0.293548 0.298547 
   Substitution rates (ML): 0.490210 18.344016 0.402805 0.838394 1.831239 1.000000 


Final LogLikelihood: -864.209709

AIC score: 1820.419419 / AICc score: 1846.157514 / BIC score: 1975.468768
Free parameters (model + branch lengths): 46

WARNING: Best ML tree contains 5 near-zero branches!

Best ML tree with collapsed near-zero branches saved to: /home/fili/Documents/KIT/2023/BA/code/output/families/ssim_dtl_s20_f100_sites200_GTR_bl1.0_d0.0_l0.0_t1.0_gc0.0_p0.0_pop10_ms0.0_mf0.0_seed42/families/family_086/misc/raxml_output.GTR+G.raxml.bestTreeCollapsed
Best ML tree saved to: /home/fili/Documents/KIT/2023/BA/code/output/families/ssim_dtl_s20_f100_sites200_GTR_bl1.0_d0.0_l0.0_t1.0_gc0.0_p0.0_pop10_ms0.0_mf0.0_seed42/families/family_086/misc/raxml_output.GTR+G.raxml.bestTree
All ML trees saved to: /home/fili/Documents/KIT/2023/BA/code/output/families/ssim_dtl_s20_f100_sites200_GTR_bl1.0_d0.0_l0.0_t1.0_gc0.0_p0.0_pop10_ms0.0_mf0.0_seed42/families/family_086/misc/raxml_output.GTR+G.raxml.mlTrees
Optimized model saved to: /home/fili/Documents/KIT/2023/BA/code/output/families/ssim_dtl_s20_f100_sites200_GTR_bl1.0_d0.0_l0.0_t1.0_gc0.0_p0.0_pop10_ms0.0_mf0.0_seed42/families/family_086/misc/raxml_output.GTR+G.raxml.bestModel

Execution log saved to: /home/fili/Documents/KIT/2023/BA/code/output/families/ssim_dtl_s20_f100_sites200_GTR_bl1.0_d0.0_l0.0_t1.0_gc0.0_p0.0_pop10_ms0.0_mf0.0_seed42/families/family_086/misc/raxml_output.GTR+G.raxml.log

Analysis started: 05-Jun-2023 13:01:53 / finished: 05-Jun-2023 13:01:53

Elapsed time: 0.381 seconds

