
RAxML-NG v. 1.1.0 released on 29.11.2021 by The Exelixis Lab.
Developed by: Alexey M. Kozlov and Alexandros Stamatakis.
Contributors: Diego Darriba, Tomas Flouri, Benoit Morel, Sarah Lutteropp, Ben Bettisworth.
Latest version: https://github.com/amkozlov/raxml-ng
Questions/problems/suggestions? Please visit: https://groups.google.com/forum/#!forum/raxml

System: AMD Ryzen 7 5800X 8-Core Processor, 8 cores, 31 GB RAM

RAxML-NG was called at 27-Jun-2023 13:51:58 as follows:

/home/fili/Documents/KIT/2023/BA/resources/tools/RAxML-NG/raxml-ng --msa /home/fili/Documents/KIT/2023/BA/code/output/families/ssim_NE_s20_f100_sites200_GTR_bl1.0_d0.0_l0.0_t0.0_gc0.0_p0.0_pop10_ms0.0_mf0.0_seed14976684177860080345/families/family_024/alignment.msa --model F81 --prefix /home/fili/Documents/KIT/2023/BA/code/output/families/ssim_NE_s20_f100_sites200_GTR_bl1.0_d0.0_l0.0_t0.0_gc0.0_p0.0_pop10_ms0.0_mf0.0_seed14976684177860080345/families/family_024/misc/raxml_output.F81

Analysis options:
  run mode: ML tree search
  start tree(s): random (10) + parsimony (10)
  random seed: 1687866718
  tip-inner: OFF
  pattern compression: ON
  per-rate scalers: OFF
  site repeats: ON
  fast spr radius: AUTO
  spr subtree cutoff: 1.000000
  branch lengths: proportional (ML estimate, algorithm: NR-FAST)
  SIMD kernels: AVX2
  parallelization: coarse-grained (auto), PTHREADS (auto)

[00:00:00] Reading alignment from file: /home/fili/Documents/KIT/2023/BA/code/output/families/ssim_NE_s20_f100_sites200_GTR_bl1.0_d0.0_l0.0_t0.0_gc0.0_p0.0_pop10_ms0.0_mf0.0_seed14976684177860080345/families/family_024/alignment.msa
[00:00:00] Loaded alignment with 20 taxa and 202 sites

WARNING: Sequences 2_0_0 and 14_0_0 are exactly identical!
WARNING: Sequences 4_0_0 and 10_0_0 are exactly identical!
WARNING: Duplicate sequences found: 2

NOTE: Reduced alignment (with duplicates and gap-only sites/taxa removed) 
NOTE: was saved to: /home/fili/Documents/KIT/2023/BA/code/output/families/ssim_NE_s20_f100_sites200_GTR_bl1.0_d0.0_l0.0_t0.0_gc0.0_p0.0_pop10_ms0.0_mf0.0_seed14976684177860080345/families/family_024/misc/raxml_output.F81.raxml.reduced.phy

Alignment comprises 1 partitions and 54 patterns

Partition 0: noname
Model: F81+FO
Alignment sites / patterns: 202 / 54
Gaps: 0.00 %
Invariant sites: 74.26 %


NOTE: Binary MSA file created: /home/fili/Documents/KIT/2023/BA/code/output/families/ssim_NE_s20_f100_sites200_GTR_bl1.0_d0.0_l0.0_t0.0_gc0.0_p0.0_pop10_ms0.0_mf0.0_seed14976684177860080345/families/family_024/misc/raxml_output.F81.raxml.rba

Parallelization scheme autoconfig: 8 worker(s) x 1 thread(s)

Parallel reduction/worker buffer size: 1 KB  / 0 KB

[00:00:00] Generating 10 random starting tree(s) with 20 taxa
[00:00:00] Generating 10 parsimony starting tree(s) with 20 taxa
[00:00:00] Data distribution: max. partitions/sites/weight per thread: 1 / 54 / 216
[00:00:00] Data distribution: max. searches per worker: 3

Starting ML tree search with 20 distinct starting trees

[00:00:00 -2117.965398] Initial branch length optimization
[00:00:00 -1858.804694] Model parameter optimization (eps = 10.000000)
[00:00:00 -1844.404371] AUTODETECT spr round 1 (radius: 5)
[00:00:00 -1052.994295] AUTODETECT spr round 2 (radius: 10)
[00:00:00 -1031.400002] AUTODETECT spr round 3 (radius: 15)
[00:00:00 -1031.395328] SPR radius for FAST iterations: 10 (autodetect)
[00:00:00 -1031.395328] Model parameter optimization (eps = 3.000000)
[00:00:00 -1029.787035] FAST spr round 1 (radius: 10)
[00:00:00 -1002.212987] FAST spr round 2 (radius: 10)
[00:00:00 -999.770596] FAST spr round 3 (radius: 10)
[00:00:00 -999.394355] FAST spr round 4 (radius: 10)
[00:00:00 -999.178931] FAST spr round 5 (radius: 10)
[00:00:00 -999.178785] Model parameter optimization (eps = 1.000000)
[00:00:00 -999.087013] SLOW spr round 1 (radius: 5)
[00:00:00] [worker #5] ML tree search #6, logLikelihood: -1002.100549
[00:00:00] [worker #6] ML tree search #7, logLikelihood: -1002.100548
[00:00:00] [worker #1] ML tree search #2, logLikelihood: -1002.100548
[00:00:00] [worker #7] ML tree search #8, logLikelihood: -1002.100550
[00:00:00 -999.086968] SLOW spr round 2 (radius: 10)
[00:00:00] [worker #3] ML tree search #4, logLikelihood: -999.086955
[00:00:00] [worker #2] ML tree search #3, logLikelihood: -1002.100550
[00:00:00] [worker #4] ML tree search #5, logLikelihood: -999.086954
[00:00:00 -999.086968] SLOW spr round 3 (radius: 15)
[00:00:00 -999.086968] SLOW spr round 4 (radius: 20)
[00:00:00 -999.086968] Model parameter optimization (eps = 0.100000)

[00:00:00] [worker #0] ML tree search #1, logLikelihood: -999.086953

[00:00:00 -2152.792823] Initial branch length optimization
[00:00:00 -1899.033381] Model parameter optimization (eps = 10.000000)
[00:00:00 -1886.177574] AUTODETECT spr round 1 (radius: 5)
[00:00:00 -1013.447849] AUTODETECT spr round 2 (radius: 10)
[00:00:00 -1013.440903] SPR radius for FAST iterations: 5 (autodetect)
[00:00:00 -1013.440903] Model parameter optimization (eps = 3.000000)
[00:00:00 -1011.636809] FAST spr round 1 (radius: 5)
[00:00:00 -1003.464533] FAST spr round 2 (radius: 5)
[00:00:00] [worker #6] ML tree search #15, logLikelihood: -999.086954
[00:00:00 -1002.614572] FAST spr round 3 (radius: 5)
[00:00:00 -1002.147343] FAST spr round 4 (radius: 5)
[00:00:00 -1002.147246] Model parameter optimization (eps = 1.000000)
[00:00:00 -1002.100563] SLOW spr round 1 (radius: 5)
[00:00:00] [worker #3] ML tree search #12, logLikelihood: -999.086953
[00:00:00] [worker #7] ML tree search #16, logLikelihood: -999.086953
[00:00:00 -1002.100553] SLOW spr round 2 (radius: 10)
[00:00:00 -1002.100553] SLOW spr round 3 (radius: 15)
[00:00:00 -1002.100553] SLOW spr round 4 (radius: 20)
[00:00:00 -1002.100553] Model parameter optimization (eps = 0.100000)

[00:00:00] [worker #0] ML tree search #9, logLikelihood: -1002.100551

[00:00:00] [worker #2] ML tree search #11, logLikelihood: -999.086954
[00:00:00 -1446.575761] Initial branch length optimization
[00:00:00 -1015.975515] Model parameter optimization (eps = 10.000000)
[00:00:00 -1000.504196] AUTODETECT spr round 1 (radius: 5)
[00:00:00] [worker #5] ML tree search #14, logLikelihood: -999.086953
[00:00:00] [worker #4] ML tree search #13, logLikelihood: -999.086955
[00:00:00 -999.102775] AUTODETECT spr round 2 (radius: 10)
[00:00:00 -999.102597] SPR radius for FAST iterations: 5 (autodetect)
[00:00:00 -999.102597] Model parameter optimization (eps = 3.000000)
[00:00:00 -999.086973] FAST spr round 1 (radius: 5)
[00:00:00] [worker #3] ML tree search #20, logLikelihood: -999.086955
[00:00:00 -999.086956] Model parameter optimization (eps = 1.000000)
[00:00:00 -999.086954] SLOW spr round 1 (radius: 5)
[00:00:00] [worker #1] ML tree search #10, logLikelihood: -999.086957
[00:00:00 -999.086954] SLOW spr round 2 (radius: 10)
[00:00:00 -999.086954] SLOW spr round 3 (radius: 15)
[00:00:00 -999.086954] SLOW spr round 4 (radius: 20)
[00:00:00 -999.086954] Model parameter optimization (eps = 0.100000)

[00:00:00] [worker #0] ML tree search #17, logLikelihood: -999.086954

[00:00:00] [worker #2] ML tree search #19, logLikelihood: -999.086953
[00:00:00] [worker #1] ML tree search #18, logLikelihood: -999.086953

Optimized model parameters:

   Partition 0: noname
   Rate heterogeneity: NONE
   Base frequencies (ML): 0.219362 0.145779 0.344643 0.290216 
   Substitution rates (model): 1.000000 1.000000 1.000000 1.000000 1.000000 1.000000 


Final LogLikelihood: -999.086953

AIC score: 2078.173906 / AICc score: 2098.546577 / BIC score: 2210.504614
Free parameters (model + branch lengths): 40

WARNING: Best ML tree contains 2 near-zero branches!

Best ML tree with collapsed near-zero branches saved to: /home/fili/Documents/KIT/2023/BA/code/output/families/ssim_NE_s20_f100_sites200_GTR_bl1.0_d0.0_l0.0_t0.0_gc0.0_p0.0_pop10_ms0.0_mf0.0_seed14976684177860080345/families/family_024/misc/raxml_output.F81.raxml.bestTreeCollapsed
Best ML tree saved to: /home/fili/Documents/KIT/2023/BA/code/output/families/ssim_NE_s20_f100_sites200_GTR_bl1.0_d0.0_l0.0_t0.0_gc0.0_p0.0_pop10_ms0.0_mf0.0_seed14976684177860080345/families/family_024/misc/raxml_output.F81.raxml.bestTree
All ML trees saved to: /home/fili/Documents/KIT/2023/BA/code/output/families/ssim_NE_s20_f100_sites200_GTR_bl1.0_d0.0_l0.0_t0.0_gc0.0_p0.0_pop10_ms0.0_mf0.0_seed14976684177860080345/families/family_024/misc/raxml_output.F81.raxml.mlTrees
Optimized model saved to: /home/fili/Documents/KIT/2023/BA/code/output/families/ssim_NE_s20_f100_sites200_GTR_bl1.0_d0.0_l0.0_t0.0_gc0.0_p0.0_pop10_ms0.0_mf0.0_seed14976684177860080345/families/family_024/misc/raxml_output.F81.raxml.bestModel

Execution log saved to: /home/fili/Documents/KIT/2023/BA/code/output/families/ssim_NE_s20_f100_sites200_GTR_bl1.0_d0.0_l0.0_t0.0_gc0.0_p0.0_pop10_ms0.0_mf0.0_seed14976684177860080345/families/family_024/misc/raxml_output.F81.raxml.log

Analysis started: 27-Jun-2023 13:51:58 / finished: 27-Jun-2023 13:51:58

Elapsed time: 0.169 seconds

