
RAxML-NG v. 1.1.0 released on 29.11.2021 by The Exelixis Lab.
Developed by: Alexey M. Kozlov and Alexandros Stamatakis.
Contributors: Diego Darriba, Tomas Flouri, Benoit Morel, Sarah Lutteropp, Ben Bettisworth.
Latest version: https://github.com/amkozlov/raxml-ng
Questions/problems/suggestions? Please visit: https://groups.google.com/forum/#!forum/raxml

System: AMD Ryzen 7 5800X 8-Core Processor, 8 cores, 31 GB RAM

RAxML-NG was called at 16-Jun-2023 09:59:11 as follows:

/home/fili/Documents/KIT/2023/BA/resources/tools/RAxML-NG/raxml-ng --msa /home/fili/Documents/KIT/2023/BA/code/output/families/ssim_NE_s20_f100_sites200_GTR_bl1.0_d0.0_l0.0_t0.0_gc0.0_p0.0_pop10_ms0.0_mf0.0_seed1007/families/family_066/alignment.msa --model F81 --prefix /home/fili/Documents/KIT/2023/BA/code/output/families/ssim_NE_s20_f100_sites200_GTR_bl1.0_d0.0_l0.0_t0.0_gc0.0_p0.0_pop10_ms0.0_mf0.0_seed1007/families/family_066/misc/raxml_output.F81

Analysis options:
  run mode: ML tree search
  start tree(s): random (10) + parsimony (10)
  random seed: 1686902351
  tip-inner: OFF
  pattern compression: ON
  per-rate scalers: OFF
  site repeats: ON
  fast spr radius: AUTO
  spr subtree cutoff: 1.000000
  branch lengths: proportional (ML estimate, algorithm: NR-FAST)
  SIMD kernels: AVX2
  parallelization: coarse-grained (auto), PTHREADS (auto)

[00:00:00] Reading alignment from file: /home/fili/Documents/KIT/2023/BA/code/output/families/ssim_NE_s20_f100_sites200_GTR_bl1.0_d0.0_l0.0_t0.0_gc0.0_p0.0_pop10_ms0.0_mf0.0_seed1007/families/family_066/alignment.msa
[00:00:00] Loaded alignment with 20 taxa and 306 sites

WARNING: Sequences 12_0_0 and 19_0_0 are exactly identical!
WARNING: Duplicate sequences found: 1

NOTE: Reduced alignment (with duplicates and gap-only sites/taxa removed) 
NOTE: was saved to: /home/fili/Documents/KIT/2023/BA/code/output/families/ssim_NE_s20_f100_sites200_GTR_bl1.0_d0.0_l0.0_t0.0_gc0.0_p0.0_pop10_ms0.0_mf0.0_seed1007/families/family_066/misc/raxml_output.F81.raxml.reduced.phy

Alignment comprises 1 partitions and 140 patterns

Partition 0: noname
Model: F81+FO
Alignment sites / patterns: 306 / 140
Gaps: 0.00 %
Invariant sites: 49.02 %


NOTE: Binary MSA file created: /home/fili/Documents/KIT/2023/BA/code/output/families/ssim_NE_s20_f100_sites200_GTR_bl1.0_d0.0_l0.0_t0.0_gc0.0_p0.0_pop10_ms0.0_mf0.0_seed1007/families/family_066/misc/raxml_output.F81.raxml.rba

Parallelization scheme autoconfig: 8 worker(s) x 1 thread(s)

Parallel reduction/worker buffer size: 1 KB  / 0 KB

[00:00:00] Generating 10 random starting tree(s) with 20 taxa
[00:00:00] Generating 10 parsimony starting tree(s) with 20 taxa
[00:00:00] Data distribution: max. partitions/sites/weight per thread: 1 / 140 / 560
[00:00:00] Data distribution: max. searches per worker: 3

Starting ML tree search with 20 distinct starting trees

[00:00:00 -4360.655673] Initial branch length optimization
[00:00:00 -3833.678730] Model parameter optimization (eps = 10.000000)
[00:00:00 -3761.694636] AUTODETECT spr round 1 (radius: 5)
[00:00:00 -2093.270300] AUTODETECT spr round 2 (radius: 10)
[00:00:00 -2093.270274] SPR radius for FAST iterations: 5 (autodetect)
[00:00:00 -2093.270274] Model parameter optimization (eps = 3.000000)
[00:00:00 -2090.721426] FAST spr round 1 (radius: 5)
[00:00:00 -2050.202182] FAST spr round 2 (radius: 5)
[00:00:00 -2044.696030] FAST spr round 3 (radius: 5)
[00:00:00 -2044.696027] Model parameter optimization (eps = 1.000000)
[00:00:00 -2044.626640] SLOW spr round 1 (radius: 5)
[00:00:00 -2044.626606] SLOW spr round 2 (radius: 10)
[00:00:00] [worker #1] ML tree search #2, logLikelihood: -2044.626603
[00:00:00 -2044.626606] SLOW spr round 3 (radius: 15)
[00:00:00 -2044.626606] SLOW spr round 4 (radius: 20)
[00:00:00] [worker #5] ML tree search #6, logLikelihood: -2044.626600
[00:00:00 -2044.626606] Model parameter optimization (eps = 0.100000)

[00:00:00] [worker #0] ML tree search #1, logLikelihood: -2044.626603

[00:00:00] [worker #4] ML tree search #5, logLikelihood: -2044.626602
[00:00:00] [worker #2] ML tree search #3, logLikelihood: -2044.626602
[00:00:00 -4424.748577] Initial branch length optimization
[00:00:00] [worker #7] ML tree search #8, logLikelihood: -2044.626605
[00:00:00] [worker #6] ML tree search #7, logLikelihood: -2044.626600
[00:00:00 -4001.586823] Model parameter optimization (eps = 10.000000)
[00:00:00 -3945.262382] AUTODETECT spr round 1 (radius: 5)
[00:00:00] [worker #3] ML tree search #4, logLikelihood: -2044.626604
[00:00:00 -2057.866174] AUTODETECT spr round 2 (radius: 10)
[00:00:00 -2057.865567] SPR radius for FAST iterations: 5 (autodetect)
[00:00:00 -2057.865567] Model parameter optimization (eps = 3.000000)
[00:00:00 -2056.706740] FAST spr round 1 (radius: 5)
[00:00:00 -2044.642814] FAST spr round 2 (radius: 5)
[00:00:00 -2044.642814] Model parameter optimization (eps = 1.000000)
[00:00:00 -2044.626605] SLOW spr round 1 (radius: 5)
[00:00:00 -2044.626603] SLOW spr round 2 (radius: 10)
[00:00:00] [worker #5] ML tree search #14, logLikelihood: -2044.626600
[00:00:00] [worker #7] ML tree search #16, logLikelihood: -2044.626601
[00:00:00 -2044.626603] SLOW spr round 3 (radius: 15)
[00:00:00 -2044.626603] SLOW spr round 4 (radius: 20)
[00:00:00 -2044.626603] Model parameter optimization (eps = 0.100000)
[00:00:00] [worker #6] ML tree search #15, logLikelihood: -2044.626600

[00:00:00] [worker #0] ML tree search #9, logLikelihood: -2044.626602

[00:00:00] [worker #4] ML tree search #13, logLikelihood: -2044.626601
[00:00:00] [worker #2] ML tree search #11, logLikelihood: -2044.626601
[00:00:00 -2625.948176] Initial branch length optimization
[00:00:00 -2073.831453] Model parameter optimization (eps = 10.000000)
[00:00:00] [worker #1] ML tree search #10, logLikelihood: -2044.626601
[00:00:00 -2052.087040] AUTODETECT spr round 1 (radius: 5)
[00:00:00] [worker #3] ML tree search #12, logLikelihood: -2044.626601
[00:00:00 -2048.397097] AUTODETECT spr round 2 (radius: 10)
[00:00:00 -2048.395036] SPR radius for FAST iterations: 5 (autodetect)
[00:00:00 -2048.395036] Model parameter optimization (eps = 3.000000)
[00:00:00 -2048.382986] FAST spr round 1 (radius: 5)
[00:00:00 -2044.627883] FAST spr round 2 (radius: 5)
[00:00:00 -2044.627760] Model parameter optimization (eps = 1.000000)
[00:00:00 -2044.626601] SLOW spr round 1 (radius: 5)
[00:00:00 -2044.626601] SLOW spr round 2 (radius: 10)
[00:00:00 -2044.626601] SLOW spr round 3 (radius: 15)
[00:00:00 -2044.626601] SLOW spr round 4 (radius: 20)
[00:00:00 -2044.626601] Model parameter optimization (eps = 0.100000)

[00:00:00] [worker #0] ML tree search #17, logLikelihood: -2044.626601

[00:00:00] [worker #2] ML tree search #19, logLikelihood: -2044.626601
[00:00:00] [worker #1] ML tree search #18, logLikelihood: -2044.626600
[00:00:00] [worker #3] ML tree search #20, logLikelihood: -2044.626601

Optimized model parameters:

   Partition 0: noname
   Rate heterogeneity: NONE
   Base frequencies (ML): 0.263244 0.149611 0.305282 0.281863 
   Substitution rates (model): 1.000000 1.000000 1.000000 1.000000 1.000000 1.000000 


Final LogLikelihood: -2044.626600

AIC score: 4169.253200 / AICc score: 4181.630559 / BIC score: 4318.196604
Free parameters (model + branch lengths): 40

Best ML tree saved to: /home/fili/Documents/KIT/2023/BA/code/output/families/ssim_NE_s20_f100_sites200_GTR_bl1.0_d0.0_l0.0_t0.0_gc0.0_p0.0_pop10_ms0.0_mf0.0_seed1007/families/family_066/misc/raxml_output.F81.raxml.bestTree
All ML trees saved to: /home/fili/Documents/KIT/2023/BA/code/output/families/ssim_NE_s20_f100_sites200_GTR_bl1.0_d0.0_l0.0_t0.0_gc0.0_p0.0_pop10_ms0.0_mf0.0_seed1007/families/family_066/misc/raxml_output.F81.raxml.mlTrees
Optimized model saved to: /home/fili/Documents/KIT/2023/BA/code/output/families/ssim_NE_s20_f100_sites200_GTR_bl1.0_d0.0_l0.0_t0.0_gc0.0_p0.0_pop10_ms0.0_mf0.0_seed1007/families/family_066/misc/raxml_output.F81.raxml.bestModel

Execution log saved to: /home/fili/Documents/KIT/2023/BA/code/output/families/ssim_NE_s20_f100_sites200_GTR_bl1.0_d0.0_l0.0_t0.0_gc0.0_p0.0_pop10_ms0.0_mf0.0_seed1007/families/family_066/misc/raxml_output.F81.raxml.log

Analysis started: 16-Jun-2023 09:59:11 / finished: 16-Jun-2023 09:59:12

Elapsed time: 0.271 seconds

