
RAxML-NG v. 1.1.0 released on 29.11.2021 by The Exelixis Lab.
Developed by: Alexey M. Kozlov and Alexandros Stamatakis.
Contributors: Diego Darriba, Tomas Flouri, Benoit Morel, Sarah Lutteropp, Ben Bettisworth.
Latest version: https://github.com/amkozlov/raxml-ng
Questions/problems/suggestions? Please visit: https://groups.google.com/forum/#!forum/raxml

System: AMD Ryzen 7 5800X 8-Core Processor, 8 cores, 31 GB RAM

RAxML-NG was called at 27-Jun-2023 13:04:20 as follows:

/home/fili/Documents/KIT/2023/BA/resources/tools/RAxML-NG/raxml-ng --msa /home/fili/Documents/KIT/2023/BA/code/output/families/ssim_DL_s20_f100_sites200_GTR_bl1.0_d1.0_l1.0_t0.0_gc0.0_p0.0_pop10_ms0.0_mf0.0_seed19732311/families/family_085/alignment.msa --model F81 --prefix /home/fili/Documents/KIT/2023/BA/code/output/families/ssim_DL_s20_f100_sites200_GTR_bl1.0_d1.0_l1.0_t0.0_gc0.0_p0.0_pop10_ms0.0_mf0.0_seed19732311/families/family_085/misc/raxml_output.F81

Analysis options:
  run mode: ML tree search
  start tree(s): random (10) + parsimony (10)
  random seed: 1687863860
  tip-inner: OFF
  pattern compression: ON
  per-rate scalers: OFF
  site repeats: ON
  fast spr radius: AUTO
  spr subtree cutoff: 1.000000
  branch lengths: proportional (ML estimate, algorithm: NR-FAST)
  SIMD kernels: AVX2
  parallelization: coarse-grained (auto), PTHREADS (auto)

[00:00:00] Reading alignment from file: /home/fili/Documents/KIT/2023/BA/code/output/families/ssim_DL_s20_f100_sites200_GTR_bl1.0_d1.0_l1.0_t0.0_gc0.0_p0.0_pop10_ms0.0_mf0.0_seed19732311/families/family_085/alignment.msa
[00:00:00] Loaded alignment with 27 taxa and 121 sites

Alignment comprises 1 partitions and 69 patterns

Partition 0: noname
Model: F81+FO
Alignment sites / patterns: 121 / 69
Gaps: 0.00 %
Invariant sites: 45.45 %


NOTE: Binary MSA file created: /home/fili/Documents/KIT/2023/BA/code/output/families/ssim_DL_s20_f100_sites200_GTR_bl1.0_d1.0_l1.0_t0.0_gc0.0_p0.0_pop10_ms0.0_mf0.0_seed19732311/families/family_085/misc/raxml_output.F81.raxml.rba

Parallelization scheme autoconfig: 8 worker(s) x 1 thread(s)

Parallel reduction/worker buffer size: 1 KB  / 0 KB

[00:00:00] Generating 10 random starting tree(s) with 27 taxa
[00:00:00] Generating 10 parsimony starting tree(s) with 27 taxa
[00:00:00] Data distribution: max. partitions/sites/weight per thread: 1 / 69 / 276
[00:00:00] Data distribution: max. searches per worker: 3

Starting ML tree search with 20 distinct starting trees

[00:00:00 -2510.023259] Initial branch length optimization
[00:00:00 -2302.466997] Model parameter optimization (eps = 10.000000)
[00:00:00 -2282.301638] AUTODETECT spr round 1 (radius: 5)
[00:00:00 -1407.402006] AUTODETECT spr round 2 (radius: 10)
[00:00:00 -1401.752614] AUTODETECT spr round 3 (radius: 15)
[00:00:00 -1401.750162] SPR radius for FAST iterations: 10 (autodetect)
[00:00:00 -1401.750162] Model parameter optimization (eps = 3.000000)
[00:00:00 -1400.403328] FAST spr round 1 (radius: 10)
[00:00:00 -1371.689477] FAST spr round 2 (radius: 10)
[00:00:00 -1371.688957] Model parameter optimization (eps = 1.000000)
[00:00:00 -1371.005109] SLOW spr round 1 (radius: 5)
[00:00:00 -1370.998913] SLOW spr round 2 (radius: 10)
[00:00:00 -1370.998855] SLOW spr round 3 (radius: 15)
[00:00:00 -1370.998854] SLOW spr round 4 (radius: 20)
[00:00:00 -1370.998854] SLOW spr round 5 (radius: 25)
[00:00:00 -1370.998854] Model parameter optimization (eps = 0.100000)

[00:00:00] [worker #0] ML tree search #1, logLikelihood: -1370.995050

[00:00:00] [worker #2] ML tree search #3, logLikelihood: -1371.440170
[00:00:00 -2582.615701] Initial branch length optimization
[00:00:00 -2370.694011] Model parameter optimization (eps = 10.000000)
[00:00:00 -2349.431995] AUTODETECT spr round 1 (radius: 5)
[00:00:00] [worker #1] ML tree search #2, logLikelihood: -1371.440161
[00:00:00] [worker #5] ML tree search #6, logLikelihood: -1371.440160
[00:00:00 -1414.495107] AUTODETECT spr round 2 (radius: 10)
[00:00:00 -1407.341133] AUTODETECT spr round 3 (radius: 15)
[00:00:00] [worker #6] ML tree search #7, logLikelihood: -1370.757243
[00:00:00 -1407.338993] SPR radius for FAST iterations: 10 (autodetect)
[00:00:00 -1407.338993] Model parameter optimization (eps = 3.000000)
[00:00:00 -1404.217243] FAST spr round 1 (radius: 10)
[00:00:00] [worker #4] ML tree search #5, logLikelihood: -1370.994993
[00:00:00] [worker #3] ML tree search #4, logLikelihood: -1371.440199
[00:00:00] [worker #7] ML tree search #8, logLikelihood: -1370.757263
[00:00:00 -1377.574030] FAST spr round 2 (radius: 10)
[00:00:00 -1375.550422] FAST spr round 3 (radius: 10)
[00:00:00 -1374.946220] FAST spr round 4 (radius: 10)
[00:00:00 -1371.786561] FAST spr round 5 (radius: 10)
[00:00:00 -1371.502789] FAST spr round 6 (radius: 10)
[00:00:00 -1371.502659] Model parameter optimization (eps = 1.000000)
[00:00:00 -1370.763563] SLOW spr round 1 (radius: 5)
[00:00:00] [worker #2] ML tree search #11, logLikelihood: -1370.994980
[00:00:00 -1370.759166] SLOW spr round 2 (radius: 10)
[00:00:00] [worker #3] ML tree search #12, logLikelihood: -1370.994985
[00:00:00] [worker #4] ML tree search #13, logLikelihood: -1370.757237
[00:00:00] [worker #1] ML tree search #10, logLikelihood: -1370.757237
[00:00:00 -1370.759127] SLOW spr round 3 (radius: 15)
[00:00:00 -1370.759127] SLOW spr round 4 (radius: 20)
[00:00:00] [worker #6] ML tree search #15, logLikelihood: -1370.757241
[00:00:00 -1370.759127] SLOW spr round 5 (radius: 25)
[00:00:00 -1370.759127] Model parameter optimization (eps = 0.100000)

[00:00:00] [worker #0] ML tree search #9, logLikelihood: -1370.757252

[00:00:00] [worker #5] ML tree search #14, logLikelihood: -1370.757237
[00:00:00 -1598.246642] Initial branch length optimization
[00:00:00 -1386.672469] Model parameter optimization (eps = 10.000000)
[00:00:00 -1377.775864] AUTODETECT spr round 1 (radius: 5)
[00:00:00 -1372.483292] AUTODETECT spr round 2 (radius: 10)
[00:00:00 -1372.482839] SPR radius for FAST iterations: 5 (autodetect)
[00:00:00 -1372.482839] Model parameter optimization (eps = 3.000000)
[00:00:00 -1372.435001] FAST spr round 1 (radius: 5)
[00:00:00 -1370.901070] FAST spr round 2 (radius: 5)
[00:00:00 -1370.777751] FAST spr round 3 (radius: 5)
[00:00:00] [worker #7] ML tree search #16, logLikelihood: -1370.757349
[00:00:00] [worker #2] ML tree search #19, logLikelihood: -1370.757239
[00:00:00 -1370.777569] Model parameter optimization (eps = 1.000000)
[00:00:00 -1370.757306] SLOW spr round 1 (radius: 5)
[00:00:00 -1370.757250] SLOW spr round 2 (radius: 10)
[00:00:00] [worker #1] ML tree search #18, logLikelihood: -1371.440157
[00:00:00] [worker #3] ML tree search #20, logLikelihood: -1371.441263
[00:00:00 -1370.757250] SLOW spr round 3 (radius: 15)
[00:00:00 -1370.757250] SLOW spr round 4 (radius: 20)
[00:00:00 -1370.757250] SLOW spr round 5 (radius: 25)
[00:00:00 -1370.757250] Model parameter optimization (eps = 0.100000)

[00:00:00] [worker #0] ML tree search #17, logLikelihood: -1370.757238


Optimized model parameters:

   Partition 0: noname
   Rate heterogeneity: NONE
   Base frequencies (ML): 0.329978 0.190461 0.274282 0.205278 
   Substitution rates (model): 1.000000 1.000000 1.000000 1.000000 1.000000 1.000000 


Final LogLikelihood: -1370.757237

AIC score: 2849.514474 / AICc score: 2939.514474 / BIC score: 3000.487164
Free parameters (model + branch lengths): 54

Best ML tree saved to: /home/fili/Documents/KIT/2023/BA/code/output/families/ssim_DL_s20_f100_sites200_GTR_bl1.0_d1.0_l1.0_t0.0_gc0.0_p0.0_pop10_ms0.0_mf0.0_seed19732311/families/family_085/misc/raxml_output.F81.raxml.bestTree
All ML trees saved to: /home/fili/Documents/KIT/2023/BA/code/output/families/ssim_DL_s20_f100_sites200_GTR_bl1.0_d1.0_l1.0_t0.0_gc0.0_p0.0_pop10_ms0.0_mf0.0_seed19732311/families/family_085/misc/raxml_output.F81.raxml.mlTrees
Optimized model saved to: /home/fili/Documents/KIT/2023/BA/code/output/families/ssim_DL_s20_f100_sites200_GTR_bl1.0_d1.0_l1.0_t0.0_gc0.0_p0.0_pop10_ms0.0_mf0.0_seed19732311/families/family_085/misc/raxml_output.F81.raxml.bestModel

Execution log saved to: /home/fili/Documents/KIT/2023/BA/code/output/families/ssim_DL_s20_f100_sites200_GTR_bl1.0_d1.0_l1.0_t0.0_gc0.0_p0.0_pop10_ms0.0_mf0.0_seed19732311/families/family_085/misc/raxml_output.F81.raxml.log

Analysis started: 27-Jun-2023 13:04:20 / finished: 27-Jun-2023 13:04:20

Elapsed time: 0.290 seconds

