
RAxML-NG v. 1.1.0 released on 29.11.2021 by The Exelixis Lab.
Developed by: Alexey M. Kozlov and Alexandros Stamatakis.
Contributors: Diego Darriba, Tomas Flouri, Benoit Morel, Sarah Lutteropp, Ben Bettisworth.
Latest version: https://github.com/amkozlov/raxml-ng
Questions/problems/suggestions? Please visit: https://groups.google.com/forum/#!forum/raxml

System: AMD Ryzen 7 5800X 8-Core Processor, 8 cores, 31 GB RAM

RAxML-NG was called at 13-Jun-2023 13:44:24 as follows:

/home/fili/Documents/KIT/2023/BA/resources/tools/RAxML-NG/raxml-ng --msa /home/fili/Documents/KIT/2023/BA/code/output/families/ssim_NE_s20_f100_sites200_GTR_bl1.0_d0.0_l0.0_t0.0_gc0.0_p0.0_pop10_ms0.0_mf0.0_seed42/families/family_063/alignment.msa --model F81 --prefix /home/fili/Documents/KIT/2023/BA/code/output/families/ssim_NE_s20_f100_sites200_GTR_bl1.0_d0.0_l0.0_t0.0_gc0.0_p0.0_pop10_ms0.0_mf0.0_seed42/families/family_063/misc/raxml_output.F81

Analysis options:
  run mode: ML tree search
  start tree(s): random (10) + parsimony (10)
  random seed: 1686656664
  tip-inner: OFF
  pattern compression: ON
  per-rate scalers: OFF
  site repeats: ON
  fast spr radius: AUTO
  spr subtree cutoff: 1.000000
  branch lengths: proportional (ML estimate, algorithm: NR-FAST)
  SIMD kernels: AVX2
  parallelization: coarse-grained (auto), PTHREADS (auto)

[00:00:00] Reading alignment from file: /home/fili/Documents/KIT/2023/BA/code/output/families/ssim_NE_s20_f100_sites200_GTR_bl1.0_d0.0_l0.0_t0.0_gc0.0_p0.0_pop10_ms0.0_mf0.0_seed42/families/family_063/alignment.msa
[00:00:00] Loaded alignment with 20 taxa and 139 sites

WARNING: Sequences 13_0_0 and 9_0_0 are exactly identical!
WARNING: Duplicate sequences found: 1

NOTE: Reduced alignment (with duplicates and gap-only sites/taxa removed) 
NOTE: was saved to: /home/fili/Documents/KIT/2023/BA/code/output/families/ssim_NE_s20_f100_sites200_GTR_bl1.0_d0.0_l0.0_t0.0_gc0.0_p0.0_pop10_ms0.0_mf0.0_seed42/families/family_063/misc/raxml_output.F81.raxml.reduced.phy

Alignment comprises 1 partitions and 83 patterns

Partition 0: noname
Model: F81+FO
Alignment sites / patterns: 139 / 83
Gaps: 0.00 %
Invariant sites: 33.09 %


NOTE: Binary MSA file created: /home/fili/Documents/KIT/2023/BA/code/output/families/ssim_NE_s20_f100_sites200_GTR_bl1.0_d0.0_l0.0_t0.0_gc0.0_p0.0_pop10_ms0.0_mf0.0_seed42/families/family_063/misc/raxml_output.F81.raxml.rba

Parallelization scheme autoconfig: 8 worker(s) x 1 thread(s)

Parallel reduction/worker buffer size: 1 KB  / 0 KB

[00:00:00] Generating 10 random starting tree(s) with 20 taxa
[00:00:00] Generating 10 parsimony starting tree(s) with 20 taxa
[00:00:00] Data distribution: max. partitions/sites/weight per thread: 1 / 83 / 332
[00:00:00] Data distribution: max. searches per worker: 3

Starting ML tree search with 20 distinct starting trees

[00:00:00 -2076.711296] Initial branch length optimization
[00:00:00 -1890.128269] Model parameter optimization (eps = 10.000000)
[00:00:00 -1761.089492] AUTODETECT spr round 1 (radius: 5)
[00:00:00 -1013.377793] AUTODETECT spr round 2 (radius: 10)
[00:00:00 -1013.357149] SPR radius for FAST iterations: 5 (autodetect)
[00:00:00 -1013.357149] Model parameter optimization (eps = 3.000000)
[00:00:00 -1011.446578] FAST spr round 1 (radius: 5)
[00:00:00 -1005.834313] FAST spr round 2 (radius: 5)
[00:00:00 -1004.415131] FAST spr round 3 (radius: 5)
[00:00:00 -1004.266722] FAST spr round 4 (radius: 5)
[00:00:00 -1004.215112] Model parameter optimization (eps = 1.000000)
[00:00:00 -1004.182020] SLOW spr round 1 (radius: 5)
[00:00:00 -1004.182002] SLOW spr round 2 (radius: 10)
[00:00:00] [worker #1] ML tree search #2, logLikelihood: -1006.202677
[00:00:00] [worker #7] ML tree search #8, logLikelihood: -1004.181990
[00:00:00 -1004.182002] SLOW spr round 3 (radius: 15)
[00:00:00] [worker #5] ML tree search #6, logLikelihood: -1004.181988
[00:00:00 -1004.182002] SLOW spr round 4 (radius: 20)
[00:00:00] [worker #3] ML tree search #4, logLikelihood: -1006.202675
[00:00:00 -1004.182002] Model parameter optimization (eps = 0.100000)

[00:00:00] [worker #0] ML tree search #1, logLikelihood: -1004.181989

[00:00:00 -2121.564375] Initial branch length optimization
[00:00:00 -1893.453755] Model parameter optimization (eps = 10.000000)
[00:00:00] [worker #2] ML tree search #3, logLikelihood: -1004.181993
[00:00:00 -1769.569851] AUTODETECT spr round 1 (radius: 5)
[00:00:00] [worker #6] ML tree search #7, logLikelihood: -1006.074142
[00:00:00 -1033.359545] AUTODETECT spr round 2 (radius: 10)
[00:00:00 -1019.006865] AUTODETECT spr round 3 (radius: 15)
[00:00:00] [worker #4] ML tree search #5, logLikelihood: -1004.181988
[00:00:00 -1019.006632] SPR radius for FAST iterations: 10 (autodetect)
[00:00:00 -1019.006632] Model parameter optimization (eps = 3.000000)
[00:00:00 -1017.307509] FAST spr round 1 (radius: 10)
[00:00:00 -1014.444844] FAST spr round 2 (radius: 10)
[00:00:00 -1006.720800] FAST spr round 3 (radius: 10)
[00:00:00 -1004.323316] FAST spr round 4 (radius: 10)
[00:00:00 -1004.323312] Model parameter optimization (eps = 1.000000)
[00:00:00 -1004.182011] SLOW spr round 1 (radius: 5)
[00:00:00] [worker #6] ML tree search #15, logLikelihood: -1006.074139
[00:00:00] [worker #5] ML tree search #14, logLikelihood: -1004.181987
[00:00:00] [worker #4] ML tree search #13, logLikelihood: -1006.074140
[00:00:00 -1004.182004] SLOW spr round 2 (radius: 10)
[00:00:00 -1004.182004] SLOW spr round 3 (radius: 15)
[00:00:00] [worker #1] ML tree search #10, logLikelihood: -1004.181986
[00:00:00] [worker #7] ML tree search #16, logLikelihood: -1004.181991
[00:00:00 -1004.182004] SLOW spr round 4 (radius: 20)
[00:00:00 -1004.182004] Model parameter optimization (eps = 0.100000)

[00:00:00] [worker #0] ML tree search #9, logLikelihood: -1004.181989

[00:00:00 -1334.392164] Initial branch length optimization
[00:00:00 -1063.063938] Model parameter optimization (eps = 10.000000)
[00:00:00] [worker #3] ML tree search #12, logLikelihood: -1004.181987
[00:00:00 -1007.404730] AUTODETECT spr round 1 (radius: 5)
[00:00:00] [worker #2] ML tree search #11, logLikelihood: -1004.181987
[00:00:00 -1004.231841] AUTODETECT spr round 2 (radius: 10)
[00:00:00 -1004.212848] SPR radius for FAST iterations: 5 (autodetect)
[00:00:00 -1004.212848] Model parameter optimization (eps = 3.000000)
[00:00:00 -1004.182013] FAST spr round 1 (radius: 5)
[00:00:00 -1004.181997] Model parameter optimization (eps = 1.000000)
[00:00:00 -1004.181989] SLOW spr round 1 (radius: 5)
[00:00:00 -1004.181989] SLOW spr round 2 (radius: 10)
[00:00:00 -1004.181989] SLOW spr round 3 (radius: 15)
[00:00:00 -1004.181989] SLOW spr round 4 (radius: 20)
[00:00:00 -1004.181989] Model parameter optimization (eps = 0.100000)

[00:00:00] [worker #0] ML tree search #17, logLikelihood: -1004.181987

[00:00:00] [worker #1] ML tree search #18, logLikelihood: -1006.202674
[00:00:00] [worker #3] ML tree search #20, logLikelihood: -1006.074147
[00:00:00] [worker #2] ML tree search #19, logLikelihood: -1004.181988

Optimized model parameters:

   Partition 0: noname
   Rate heterogeneity: NONE
   Base frequencies (ML): 0.383404 0.112333 0.388770 0.115493 
   Substitution rates (model): 1.000000 1.000000 1.000000 1.000000 1.000000 1.000000 


Final LogLikelihood: -1004.181986

AIC score: 2088.363973 / AICc score: 2121.833360 / BIC score: 2205.742930
Free parameters (model + branch lengths): 40

WARNING: Best ML tree contains 1 near-zero branches!

Best ML tree with collapsed near-zero branches saved to: /home/fili/Documents/KIT/2023/BA/code/output/families/ssim_NE_s20_f100_sites200_GTR_bl1.0_d0.0_l0.0_t0.0_gc0.0_p0.0_pop10_ms0.0_mf0.0_seed42/families/family_063/misc/raxml_output.F81.raxml.bestTreeCollapsed
Best ML tree saved to: /home/fili/Documents/KIT/2023/BA/code/output/families/ssim_NE_s20_f100_sites200_GTR_bl1.0_d0.0_l0.0_t0.0_gc0.0_p0.0_pop10_ms0.0_mf0.0_seed42/families/family_063/misc/raxml_output.F81.raxml.bestTree
All ML trees saved to: /home/fili/Documents/KIT/2023/BA/code/output/families/ssim_NE_s20_f100_sites200_GTR_bl1.0_d0.0_l0.0_t0.0_gc0.0_p0.0_pop10_ms0.0_mf0.0_seed42/families/family_063/misc/raxml_output.F81.raxml.mlTrees
Optimized model saved to: /home/fili/Documents/KIT/2023/BA/code/output/families/ssim_NE_s20_f100_sites200_GTR_bl1.0_d0.0_l0.0_t0.0_gc0.0_p0.0_pop10_ms0.0_mf0.0_seed42/families/family_063/misc/raxml_output.F81.raxml.bestModel

Execution log saved to: /home/fili/Documents/KIT/2023/BA/code/output/families/ssim_NE_s20_f100_sites200_GTR_bl1.0_d0.0_l0.0_t0.0_gc0.0_p0.0_pop10_ms0.0_mf0.0_seed42/families/family_063/misc/raxml_output.F81.raxml.log

Analysis started: 13-Jun-2023 13:44:24 / finished: 13-Jun-2023 13:44:24

Elapsed time: 0.261 seconds

