
RAxML-NG v. 1.1.0 released on 29.11.2021 by The Exelixis Lab.
Developed by: Alexey M. Kozlov and Alexandros Stamatakis.
Contributors: Diego Darriba, Tomas Flouri, Benoit Morel, Sarah Lutteropp, Ben Bettisworth.
Latest version: https://github.com/amkozlov/raxml-ng
Questions/problems/suggestions? Please visit: https://groups.google.com/forum/#!forum/raxml

System: AMD Ryzen 7 5800X 8-Core Processor, 8 cores, 31 GB RAM

RAxML-NG was called at 27-Jun-2023 13:01:38 as follows:

/home/fili/Documents/KIT/2023/BA/resources/tools/RAxML-NG/raxml-ng --msa /home/fili/Documents/KIT/2023/BA/code/output/families/ssim_DL_s20_f100_sites200_GTR_bl1.0_d1.0_l1.0_t0.0_gc0.0_p0.0_pop10_ms0.0_mf0.0_seed1007/families/family_084/alignment.msa --model F81 --prefix /home/fili/Documents/KIT/2023/BA/code/output/families/ssim_DL_s20_f100_sites200_GTR_bl1.0_d1.0_l1.0_t0.0_gc0.0_p0.0_pop10_ms0.0_mf0.0_seed1007/families/family_084/misc/raxml_output.F81

Analysis options:
  run mode: ML tree search
  start tree(s): random (10) + parsimony (10)
  random seed: 1687863698
  tip-inner: OFF
  pattern compression: ON
  per-rate scalers: OFF
  site repeats: ON
  fast spr radius: AUTO
  spr subtree cutoff: 1.000000
  branch lengths: proportional (ML estimate, algorithm: NR-FAST)
  SIMD kernels: AVX2
  parallelization: coarse-grained (auto), PTHREADS (auto)

[00:00:00] Reading alignment from file: /home/fili/Documents/KIT/2023/BA/code/output/families/ssim_DL_s20_f100_sites200_GTR_bl1.0_d1.0_l1.0_t0.0_gc0.0_p0.0_pop10_ms0.0_mf0.0_seed1007/families/family_084/alignment.msa
[00:00:00] Loaded alignment with 22 taxa and 167 sites

WARNING: Sequences 2_0_0 and 8_0_0 are exactly identical!
WARNING: Sequences 7_0_0 and 7_1_0 are exactly identical!
WARNING: Sequences 12_2_0 and 19_2_0 are exactly identical!
WARNING: Sequences 19_0_0 and 12_0_0 are exactly identical!
WARNING: Duplicate sequences found: 4

NOTE: Reduced alignment (with duplicates and gap-only sites/taxa removed) 
NOTE: was saved to: /home/fili/Documents/KIT/2023/BA/code/output/families/ssim_DL_s20_f100_sites200_GTR_bl1.0_d1.0_l1.0_t0.0_gc0.0_p0.0_pop10_ms0.0_mf0.0_seed1007/families/family_084/misc/raxml_output.F81.raxml.reduced.phy

Alignment comprises 1 partitions and 79 patterns

Partition 0: noname
Model: F81+FO
Alignment sites / patterns: 167 / 79
Gaps: 0.00 %
Invariant sites: 47.90 %


NOTE: Binary MSA file created: /home/fili/Documents/KIT/2023/BA/code/output/families/ssim_DL_s20_f100_sites200_GTR_bl1.0_d1.0_l1.0_t0.0_gc0.0_p0.0_pop10_ms0.0_mf0.0_seed1007/families/family_084/misc/raxml_output.F81.raxml.rba

Parallelization scheme autoconfig: 8 worker(s) x 1 thread(s)

Parallel reduction/worker buffer size: 1 KB  / 0 KB

[00:00:00] Generating 10 random starting tree(s) with 22 taxa
[00:00:00] Generating 10 parsimony starting tree(s) with 22 taxa
[00:00:00] Data distribution: max. partitions/sites/weight per thread: 1 / 79 / 316
[00:00:00] Data distribution: max. searches per worker: 3

Starting ML tree search with 20 distinct starting trees

[00:00:00 -2068.432430] Initial branch length optimization
[00:00:00 -1813.464766] Model parameter optimization (eps = 10.000000)
[00:00:00 -1739.512087] AUTODETECT spr round 1 (radius: 5)
[00:00:00 -1007.486654] AUTODETECT spr round 2 (radius: 10)
[00:00:00 -1002.012824] AUTODETECT spr round 3 (radius: 15)
[00:00:00 -1002.011809] SPR radius for FAST iterations: 10 (autodetect)
[00:00:00 -1002.011809] Model parameter optimization (eps = 3.000000)
[00:00:00 -996.982232] FAST spr round 1 (radius: 10)
[00:00:00 -967.983977] FAST spr round 2 (radius: 10)
[00:00:00 -966.926317] FAST spr round 3 (radius: 10)
[00:00:00 -966.675353] FAST spr round 4 (radius: 10)
[00:00:00 -966.675353] Model parameter optimization (eps = 1.000000)
[00:00:00 -966.595036] SLOW spr round 1 (radius: 5)
[00:00:00] [worker #6] ML tree search #7, logLikelihood: -966.595012
[00:00:00] [worker #1] ML tree search #2, logLikelihood: -966.595012
[00:00:00] [worker #5] ML tree search #6, logLikelihood: -966.595013
[00:00:00 -966.595034] SLOW spr round 2 (radius: 10)
[00:00:00] [worker #4] ML tree search #5, logLikelihood: -966.595011
[00:00:00] [worker #7] ML tree search #8, logLikelihood: -966.595011
[00:00:00 -966.595034] SLOW spr round 3 (radius: 15)
[00:00:00 -966.595034] SLOW spr round 4 (radius: 20)
[00:00:00 -966.595034] Model parameter optimization (eps = 0.100000)

[00:00:00] [worker #0] ML tree search #1, logLikelihood: -966.595013

[00:00:00 -2124.725532] Initial branch length optimization
[00:00:00 -1842.829738] Model parameter optimization (eps = 10.000000)
[00:00:00 -1765.143757] AUTODETECT spr round 1 (radius: 5)
[00:00:00] [worker #3] ML tree search #4, logLikelihood: -966.595011
[00:00:00 -1035.809313] AUTODETECT spr round 2 (radius: 10)
[00:00:00 -1021.525338] AUTODETECT spr round 3 (radius: 15)
[00:00:00] [worker #2] ML tree search #3, logLikelihood: -966.595011
[00:00:00 -1021.525162] SPR radius for FAST iterations: 10 (autodetect)
[00:00:00 -1021.525162] Model parameter optimization (eps = 3.000000)
[00:00:00 -1015.365504] FAST spr round 1 (radius: 10)
[00:00:00 -966.678751] FAST spr round 2 (radius: 10)
[00:00:00 -966.678749] Model parameter optimization (eps = 1.000000)
[00:00:00] [worker #5] ML tree search #14, logLikelihood: -966.595012
[00:00:00 -966.595077] SLOW spr round 1 (radius: 5)
[00:00:00] [worker #6] ML tree search #15, logLikelihood: -966.595012
[00:00:00] [worker #7] ML tree search #16, logLikelihood: -966.595011
[00:00:00] [worker #4] ML tree search #13, logLikelihood: -966.595011
[00:00:00] [worker #1] ML tree search #10, logLikelihood: -966.595011
[00:00:00 -966.595067] SLOW spr round 2 (radius: 10)
[00:00:00] [worker #3] ML tree search #12, logLikelihood: -966.595010
[00:00:00] [worker #2] ML tree search #11, logLikelihood: -966.595011
[00:00:00 -966.595067] SLOW spr round 3 (radius: 15)
[00:00:00 -966.595067] SLOW spr round 4 (radius: 20)
[00:00:00 -966.595067] Model parameter optimization (eps = 0.100000)

[00:00:00] [worker #0] ML tree search #9, logLikelihood: -966.595011

[00:00:00 -1384.361307] Initial branch length optimization
[00:00:00 -996.107162] Model parameter optimization (eps = 10.000000)
[00:00:00 -975.408381] AUTODETECT spr round 1 (radius: 5)
[00:00:00 -966.868575] AUTODETECT spr round 2 (radius: 10)
[00:00:00 -966.867891] SPR radius for FAST iterations: 5 (autodetect)
[00:00:00 -966.867891] Model parameter optimization (eps = 3.000000)
[00:00:00 -966.853401] FAST spr round 1 (radius: 5)
[00:00:00 -966.595322] FAST spr round 2 (radius: 5)
[00:00:00 -966.595322] Model parameter optimization (eps = 1.000000)
[00:00:00 -966.595011] SLOW spr round 1 (radius: 5)
[00:00:00] [worker #1] ML tree search #18, logLikelihood: -966.595010
[00:00:00] [worker #3] ML tree search #20, logLikelihood: -966.595011
[00:00:00] [worker #2] ML tree search #19, logLikelihood: -966.595011
[00:00:00 -966.595011] SLOW spr round 2 (radius: 10)
[00:00:00 -966.595011] SLOW spr round 3 (radius: 15)
[00:00:00 -966.595011] SLOW spr round 4 (radius: 20)
[00:00:00 -966.595011] Model parameter optimization (eps = 0.100000)

[00:00:00] [worker #0] ML tree search #17, logLikelihood: -966.595011


Optimized model parameters:

   Partition 0: noname
   Rate heterogeneity: NONE
   Base frequencies (ML): 0.341732 0.148260 0.330707 0.179301 
   Substitution rates (model): 1.000000 1.000000 1.000000 1.000000 1.000000 1.000000 


Final LogLikelihood: -966.595010

AIC score: 2021.190020 / AICc score: 2053.649036 / BIC score: 2158.381748
Free parameters (model + branch lengths): 44

WARNING: Best ML tree contains 3 near-zero branches!

Best ML tree with collapsed near-zero branches saved to: /home/fili/Documents/KIT/2023/BA/code/output/families/ssim_DL_s20_f100_sites200_GTR_bl1.0_d1.0_l1.0_t0.0_gc0.0_p0.0_pop10_ms0.0_mf0.0_seed1007/families/family_084/misc/raxml_output.F81.raxml.bestTreeCollapsed
Best ML tree saved to: /home/fili/Documents/KIT/2023/BA/code/output/families/ssim_DL_s20_f100_sites200_GTR_bl1.0_d1.0_l1.0_t0.0_gc0.0_p0.0_pop10_ms0.0_mf0.0_seed1007/families/family_084/misc/raxml_output.F81.raxml.bestTree
All ML trees saved to: /home/fili/Documents/KIT/2023/BA/code/output/families/ssim_DL_s20_f100_sites200_GTR_bl1.0_d1.0_l1.0_t0.0_gc0.0_p0.0_pop10_ms0.0_mf0.0_seed1007/families/family_084/misc/raxml_output.F81.raxml.mlTrees
Optimized model saved to: /home/fili/Documents/KIT/2023/BA/code/output/families/ssim_DL_s20_f100_sites200_GTR_bl1.0_d1.0_l1.0_t0.0_gc0.0_p0.0_pop10_ms0.0_mf0.0_seed1007/families/family_084/misc/raxml_output.F81.raxml.bestModel

Execution log saved to: /home/fili/Documents/KIT/2023/BA/code/output/families/ssim_DL_s20_f100_sites200_GTR_bl1.0_d1.0_l1.0_t0.0_gc0.0_p0.0_pop10_ms0.0_mf0.0_seed1007/families/family_084/misc/raxml_output.F81.raxml.log

Analysis started: 27-Jun-2023 13:01:38 / finished: 27-Jun-2023 13:01:38

Elapsed time: 0.207 seconds

