
RAxML-NG v. 1.1.0 released on 29.11.2021 by The Exelixis Lab.
Developed by: Alexey M. Kozlov and Alexandros Stamatakis.
Contributors: Diego Darriba, Tomas Flouri, Benoit Morel, Sarah Lutteropp, Ben Bettisworth.
Latest version: https://github.com/amkozlov/raxml-ng
Questions/problems/suggestions? Please visit: https://groups.google.com/forum/#!forum/raxml

System: AMD Ryzen 7 5800X 8-Core Processor, 8 cores, 31 GB RAM

RAxML-NG was called at 27-Jun-2023 13:41:40 as follows:

/home/fili/Documents/KIT/2023/BA/resources/tools/RAxML-NG/raxml-ng --msa /home/fili/Documents/KIT/2023/BA/code/output/families/ssim_DL_s20_f100_sites200_GTR_bl1.0_d1.0_l1.0_t0.0_gc0.0_p0.0_pop10_ms0.0_mf0.0_seed121873/families/family_043/alignment.msa --model F81 --prefix /home/fili/Documents/KIT/2023/BA/code/output/families/ssim_DL_s20_f100_sites200_GTR_bl1.0_d1.0_l1.0_t0.0_gc0.0_p0.0_pop10_ms0.0_mf0.0_seed121873/families/family_043/misc/raxml_output.F81

Analysis options:
  run mode: ML tree search
  start tree(s): random (10) + parsimony (10)
  random seed: 1687866100
  tip-inner: OFF
  pattern compression: ON
  per-rate scalers: OFF
  site repeats: ON
  fast spr radius: AUTO
  spr subtree cutoff: 1.000000
  branch lengths: proportional (ML estimate, algorithm: NR-FAST)
  SIMD kernels: AVX2
  parallelization: coarse-grained (auto), PTHREADS (auto)

[00:00:00] Reading alignment from file: /home/fili/Documents/KIT/2023/BA/code/output/families/ssim_DL_s20_f100_sites200_GTR_bl1.0_d1.0_l1.0_t0.0_gc0.0_p0.0_pop10_ms0.0_mf0.0_seed121873/families/family_043/alignment.msa
[00:00:00] Loaded alignment with 29 taxa and 147 sites

WARNING: Sequences 15_2_0 and 17_2_0 are exactly identical!
WARNING: Duplicate sequences found: 1

NOTE: Reduced alignment (with duplicates and gap-only sites/taxa removed) 
NOTE: was saved to: /home/fili/Documents/KIT/2023/BA/code/output/families/ssim_DL_s20_f100_sites200_GTR_bl1.0_d1.0_l1.0_t0.0_gc0.0_p0.0_pop10_ms0.0_mf0.0_seed121873/families/family_043/misc/raxml_output.F81.raxml.reduced.phy

Alignment comprises 1 partitions and 123 patterns

Partition 0: noname
Model: F81+FO
Alignment sites / patterns: 147 / 123
Gaps: 0.00 %
Invariant sites: 14.97 %


NOTE: Binary MSA file created: /home/fili/Documents/KIT/2023/BA/code/output/families/ssim_DL_s20_f100_sites200_GTR_bl1.0_d1.0_l1.0_t0.0_gc0.0_p0.0_pop10_ms0.0_mf0.0_seed121873/families/family_043/misc/raxml_output.F81.raxml.rba

Parallelization scheme autoconfig: 8 worker(s) x 1 thread(s)

Parallel reduction/worker buffer size: 1 KB  / 0 KB

[00:00:00] Generating 10 random starting tree(s) with 29 taxa
[00:00:00] Generating 10 parsimony starting tree(s) with 29 taxa
[00:00:00] Data distribution: max. partitions/sites/weight per thread: 1 / 123 / 492
[00:00:00] Data distribution: max. searches per worker: 3

Starting ML tree search with 20 distinct starting trees

[00:00:00 -3350.020374] Initial branch length optimization
[00:00:00 -3048.254165] Model parameter optimization (eps = 10.000000)
[00:00:00 -3018.300369] AUTODETECT spr round 1 (radius: 5)
[00:00:00 -2175.125433] AUTODETECT spr round 2 (radius: 10)
[00:00:00 -2171.066109] AUTODETECT spr round 3 (radius: 15)
[00:00:00 -2171.065716] SPR radius for FAST iterations: 10 (autodetect)
[00:00:00 -2171.065716] Model parameter optimization (eps = 3.000000)
[00:00:00 -2170.511939] FAST spr round 1 (radius: 10)
[00:00:00 -2088.955537] FAST spr round 2 (radius: 10)
[00:00:00 -2077.509124] FAST spr round 3 (radius: 10)
[00:00:00 -2077.509070] Model parameter optimization (eps = 1.000000)
[00:00:00 -2077.373721] SLOW spr round 1 (radius: 5)
[00:00:00] [worker #4] ML tree search #5, logLikelihood: -2077.373566
[00:00:00] [worker #6] ML tree search #7, logLikelihood: -2077.373565
[00:00:00] [worker #2] ML tree search #3, logLikelihood: -2077.477867
[00:00:00] [worker #3] ML tree search #4, logLikelihood: -2077.373565
[00:00:00] [worker #5] ML tree search #6, logLikelihood: -2077.373566
[00:00:00] [worker #1] ML tree search #2, logLikelihood: -2077.373565
[00:00:00 -2077.373658] SLOW spr round 2 (radius: 10)
[00:00:00 -2077.373658] SLOW spr round 3 (radius: 15)
[00:00:00] [worker #7] ML tree search #8, logLikelihood: -2077.373567
[00:00:00 -2077.373658] SLOW spr round 4 (radius: 20)
[00:00:00 -2077.373658] SLOW spr round 5 (radius: 25)
[00:00:00 -2077.373658] Model parameter optimization (eps = 0.100000)

[00:00:00] [worker #0] ML tree search #1, logLikelihood: -2077.373565

[00:00:00 -3547.835644] Initial branch length optimization
[00:00:00 -3079.101538] Model parameter optimization (eps = 10.000000)
[00:00:00 -3073.518406] AUTODETECT spr round 1 (radius: 5)
[00:00:00 -2245.533635] AUTODETECT spr round 2 (radius: 10)
[00:00:00 -2193.710548] AUTODETECT spr round 3 (radius: 15)
[00:00:00 -2193.708518] SPR radius for FAST iterations: 10 (autodetect)
[00:00:00 -2193.708518] Model parameter optimization (eps = 3.000000)
[00:00:00 -2192.275805] FAST spr round 1 (radius: 10)
[00:00:00 -2082.357973] FAST spr round 2 (radius: 10)
[00:00:00 -2077.809566] FAST spr round 3 (radius: 10)
[00:00:00] [worker #6] ML tree search #15, logLikelihood: -2077.477867
[00:00:00] [worker #3] ML tree search #12, logLikelihood: -2077.373566
[00:00:00] [worker #4] ML tree search #13, logLikelihood: -2077.477866
[00:00:00 -2077.809559] Model parameter optimization (eps = 1.000000)
[00:00:00 -2077.478029] SLOW spr round 1 (radius: 5)
[00:00:00] [worker #5] ML tree search #14, logLikelihood: -2077.373566
[00:00:00] [worker #2] ML tree search #11, logLikelihood: -2077.477868
[00:00:00] [worker #1] ML tree search #10, logLikelihood: -2077.373565
[00:00:00 -2077.477948] SLOW spr round 2 (radius: 10)
[00:00:00] [worker #7] ML tree search #16, logLikelihood: -2077.373568
[00:00:00 -2077.477948] SLOW spr round 3 (radius: 15)
[00:00:00 -2077.477948] SLOW spr round 4 (radius: 20)
[00:00:00 -2077.477948] SLOW spr round 5 (radius: 25)
[00:00:00 -2077.477948] Model parameter optimization (eps = 0.100000)

[00:00:00] [worker #0] ML tree search #9, logLikelihood: -2077.477870

[00:00:00 -2388.121232] Initial branch length optimization
[00:00:00 -2098.422217] Model parameter optimization (eps = 10.000000)
[00:00:00 -2090.549207] AUTODETECT spr round 1 (radius: 5)
[00:00:00 -2078.368884] AUTODETECT spr round 2 (radius: 10)
[00:00:00 -2078.368787] SPR radius for FAST iterations: 5 (autodetect)
[00:00:00 -2078.368787] Model parameter optimization (eps = 3.000000)
[00:00:00 -2078.267992] FAST spr round 1 (radius: 5)
[00:00:00] [worker #3] ML tree search #20, logLikelihood: -2077.373566
[00:00:00 -2077.376885] FAST spr round 2 (radius: 5)
[00:00:00] [worker #2] ML tree search #19, logLikelihood: -2077.373568
[00:00:00 -2077.376877] Model parameter optimization (eps = 1.000000)
[00:00:00 -2077.373568] SLOW spr round 1 (radius: 5)
[00:00:00] [worker #1] ML tree search #18, logLikelihood: -2077.373566
[00:00:00 -2077.373566] SLOW spr round 2 (radius: 10)
[00:00:00 -2077.373566] SLOW spr round 3 (radius: 15)
[00:00:00 -2077.373566] SLOW spr round 4 (radius: 20)
[00:00:00 -2077.373566] SLOW spr round 5 (radius: 25)
[00:00:00 -2077.373566] Model parameter optimization (eps = 0.100000)

[00:00:00] [worker #0] ML tree search #17, logLikelihood: -2077.373565


Optimized model parameters:

   Partition 0: noname
   Rate heterogeneity: NONE
   Base frequencies (ML): 0.311472 0.196300 0.236415 0.255813 
   Substitution rates (model): 1.000000 1.000000 1.000000 1.000000 1.000000 1.000000 


Final LogLikelihood: -2077.373565

AIC score: 4270.747130 / AICc score: 4348.519857 / BIC score: 4444.192220
Free parameters (model + branch lengths): 58

Best ML tree saved to: /home/fili/Documents/KIT/2023/BA/code/output/families/ssim_DL_s20_f100_sites200_GTR_bl1.0_d1.0_l1.0_t0.0_gc0.0_p0.0_pop10_ms0.0_mf0.0_seed121873/families/family_043/misc/raxml_output.F81.raxml.bestTree
All ML trees saved to: /home/fili/Documents/KIT/2023/BA/code/output/families/ssim_DL_s20_f100_sites200_GTR_bl1.0_d1.0_l1.0_t0.0_gc0.0_p0.0_pop10_ms0.0_mf0.0_seed121873/families/family_043/misc/raxml_output.F81.raxml.mlTrees
Optimized model saved to: /home/fili/Documents/KIT/2023/BA/code/output/families/ssim_DL_s20_f100_sites200_GTR_bl1.0_d1.0_l1.0_t0.0_gc0.0_p0.0_pop10_ms0.0_mf0.0_seed121873/families/family_043/misc/raxml_output.F81.raxml.bestModel

Execution log saved to: /home/fili/Documents/KIT/2023/BA/code/output/families/ssim_DL_s20_f100_sites200_GTR_bl1.0_d1.0_l1.0_t0.0_gc0.0_p0.0_pop10_ms0.0_mf0.0_seed121873/families/family_043/misc/raxml_output.F81.raxml.log

Analysis started: 27-Jun-2023 13:41:40 / finished: 27-Jun-2023 13:41:40

Elapsed time: 0.522 seconds

