
RAxML-NG v. 1.1.0 released on 29.11.2021 by The Exelixis Lab.
Developed by: Alexey M. Kozlov and Alexandros Stamatakis.
Contributors: Diego Darriba, Tomas Flouri, Benoit Morel, Sarah Lutteropp, Ben Bettisworth.
Latest version: https://github.com/amkozlov/raxml-ng
Questions/problems/suggestions? Please visit: https://groups.google.com/forum/#!forum/raxml

System: AMD Ryzen 7 5800X 8-Core Processor, 8 cores, 31 GB RAM

RAxML-NG was called at 27-Jun-2023 13:52:09 as follows:

/home/fili/Documents/KIT/2023/BA/resources/tools/RAxML-NG/raxml-ng --msa /home/fili/Documents/KIT/2023/BA/code/output/families/ssim_NE_s20_f100_sites200_GTR_bl1.0_d0.0_l0.0_t0.0_gc0.0_p0.0_pop10_ms0.0_mf0.0_seed14976684177860080345/families/family_023/alignment.msa --model F81 --prefix /home/fili/Documents/KIT/2023/BA/code/output/families/ssim_NE_s20_f100_sites200_GTR_bl1.0_d0.0_l0.0_t0.0_gc0.0_p0.0_pop10_ms0.0_mf0.0_seed14976684177860080345/families/family_023/misc/raxml_output.F81

Analysis options:
  run mode: ML tree search
  start tree(s): random (10) + parsimony (10)
  random seed: 1687866729
  tip-inner: OFF
  pattern compression: ON
  per-rate scalers: OFF
  site repeats: ON
  fast spr radius: AUTO
  spr subtree cutoff: 1.000000
  branch lengths: proportional (ML estimate, algorithm: NR-FAST)
  SIMD kernels: AVX2
  parallelization: coarse-grained (auto), PTHREADS (auto)

[00:00:00] Reading alignment from file: /home/fili/Documents/KIT/2023/BA/code/output/families/ssim_NE_s20_f100_sites200_GTR_bl1.0_d0.0_l0.0_t0.0_gc0.0_p0.0_pop10_ms0.0_mf0.0_seed14976684177860080345/families/family_023/alignment.msa
[00:00:00] Loaded alignment with 20 taxa and 178 sites

Alignment comprises 1 partitions and 108 patterns

Partition 0: noname
Model: F81+FO
Alignment sites / patterns: 178 / 108
Gaps: 0.00 %
Invariant sites: 32.02 %


NOTE: Binary MSA file created: /home/fili/Documents/KIT/2023/BA/code/output/families/ssim_NE_s20_f100_sites200_GTR_bl1.0_d0.0_l0.0_t0.0_gc0.0_p0.0_pop10_ms0.0_mf0.0_seed14976684177860080345/families/family_023/misc/raxml_output.F81.raxml.rba

Parallelization scheme autoconfig: 8 worker(s) x 1 thread(s)

Parallel reduction/worker buffer size: 1 KB  / 0 KB

[00:00:00] Generating 10 random starting tree(s) with 20 taxa
[00:00:00] Generating 10 parsimony starting tree(s) with 20 taxa
[00:00:00] Data distribution: max. partitions/sites/weight per thread: 1 / 108 / 432
[00:00:00] Data distribution: max. searches per worker: 3

Starting ML tree search with 20 distinct starting trees

[00:00:00 -3176.093334] Initial branch length optimization
[00:00:00 -2666.825148] Model parameter optimization (eps = 10.000000)
[00:00:00 -2642.603343] AUTODETECT spr round 1 (radius: 5)
[00:00:00 -1366.222540] AUTODETECT spr round 2 (radius: 10)
[00:00:00 -1366.221747] SPR radius for FAST iterations: 5 (autodetect)
[00:00:00 -1366.221747] Model parameter optimization (eps = 3.000000)
[00:00:00 -1364.738851] FAST spr round 1 (radius: 5)
[00:00:00 -1337.110683] FAST spr round 2 (radius: 5)
[00:00:00 -1337.110652] Model parameter optimization (eps = 1.000000)
[00:00:00 -1337.093532] SLOW spr round 1 (radius: 5)
[00:00:00 -1337.093426] SLOW spr round 2 (radius: 10)
[00:00:00 -1337.093426] SLOW spr round 3 (radius: 15)
[00:00:00 -1337.093426] SLOW spr round 4 (radius: 20)
[00:00:00 -1337.093426] Model parameter optimization (eps = 0.100000)

[00:00:00] [worker #0] ML tree search #1, logLikelihood: -1337.093422

[00:00:00 -3212.280161] Initial branch length optimization
[00:00:00 -2687.458730] Model parameter optimization (eps = 10.000000)
[00:00:00 -2669.432905] AUTODETECT spr round 1 (radius: 5)
[00:00:00] [worker #1] ML tree search #2, logLikelihood: -1337.093422
[00:00:00] [worker #3] ML tree search #4, logLikelihood: -1337.093424
[00:00:00 -1390.725093] AUTODETECT spr round 2 (radius: 10)
[00:00:00 -1390.725093] SPR radius for FAST iterations: 5 (autodetect)
[00:00:00 -1390.725093] Model parameter optimization (eps = 3.000000)
[00:00:00] [worker #2] ML tree search #3, logLikelihood: -1337.093422
[00:00:00 -1390.049115] FAST spr round 1 (radius: 5)
[00:00:00] [worker #4] ML tree search #5, logLikelihood: -1337.093440
[00:00:00 -1353.502073] FAST spr round 2 (radius: 5)
[00:00:00 -1339.236146] FAST spr round 3 (radius: 5)
[00:00:00] [worker #6] ML tree search #7, logLikelihood: -1337.093430
[00:00:00] [worker #7] ML tree search #8, logLikelihood: -1337.093430
[00:00:00] [worker #5] ML tree search #6, logLikelihood: -1337.093429
[00:00:00 -1338.950723] FAST spr round 4 (radius: 5)
[00:00:00 -1338.950676] Model parameter optimization (eps = 1.000000)
[00:00:00 -1338.925611] SLOW spr round 1 (radius: 5)
[00:00:00 -1337.121932] SLOW spr round 2 (radius: 5)
[00:00:00] [worker #3] ML tree search #12, logLikelihood: -1337.093423
[00:00:00] [worker #4] ML tree search #13, logLikelihood: -1337.093422
[00:00:00] [worker #2] ML tree search #11, logLikelihood: -1337.093422
[00:00:00 -1337.121844] SLOW spr round 3 (radius: 10)
[00:00:00] [worker #1] ML tree search #10, logLikelihood: -1337.093422
[00:00:00] [worker #7] ML tree search #16, logLikelihood: -1337.093423
[00:00:00 -1337.121843] SLOW spr round 4 (radius: 15)
[00:00:00] [worker #6] ML tree search #15, logLikelihood: -1337.093423
[00:00:00 -1337.121843] SLOW spr round 5 (radius: 20)
[00:00:00 -1337.121843] Model parameter optimization (eps = 0.100000)

[00:00:00] [worker #0] ML tree search #9, logLikelihood: -1337.093430

[00:00:00 -1685.118789] Initial branch length optimization
[00:00:00 -1361.214288] Model parameter optimization (eps = 10.000000)
[00:00:00] [worker #5] ML tree search #14, logLikelihood: -1337.093422
[00:00:00 -1348.929793] AUTODETECT spr round 1 (radius: 5)
[00:00:00 -1337.571645] AUTODETECT spr round 2 (radius: 10)
[00:00:00 -1337.570759] SPR radius for FAST iterations: 5 (autodetect)
[00:00:00 -1337.570759] Model parameter optimization (eps = 3.000000)
[00:00:00 -1337.560231] FAST spr round 1 (radius: 5)
[00:00:00 -1337.297672] FAST spr round 2 (radius: 5)
[00:00:00 -1337.094168] FAST spr round 3 (radius: 5)
[00:00:00] [worker #3] ML tree search #20, logLikelihood: -1337.093423
[00:00:00 -1337.094168] Model parameter optimization (eps = 1.000000)
[00:00:00 -1337.093425] SLOW spr round 1 (radius: 5)
[00:00:00] [worker #2] ML tree search #19, logLikelihood: -1337.093423
[00:00:00 -1337.093423] SLOW spr round 2 (radius: 10)
[00:00:00] [worker #1] ML tree search #18, logLikelihood: -1337.093423
[00:00:00 -1337.093423] SLOW spr round 3 (radius: 15)
[00:00:00 -1337.093423] SLOW spr round 4 (radius: 20)
[00:00:00 -1337.093423] Model parameter optimization (eps = 0.100000)

[00:00:00] [worker #0] ML tree search #17, logLikelihood: -1337.093423


Optimized model parameters:

   Partition 0: noname
   Rate heterogeneity: NONE
   Base frequencies (ML): 0.299817 0.159526 0.292419 0.248237 
   Substitution rates (model): 1.000000 1.000000 1.000000 1.000000 1.000000 1.000000 


Final LogLikelihood: -1337.093422

AIC score: 2754.186844 / AICc score: 2778.128449 / BIC score: 2881.458186
Free parameters (model + branch lengths): 40

WARNING: Best ML tree contains 2 near-zero branches!

Best ML tree with collapsed near-zero branches saved to: /home/fili/Documents/KIT/2023/BA/code/output/families/ssim_NE_s20_f100_sites200_GTR_bl1.0_d0.0_l0.0_t0.0_gc0.0_p0.0_pop10_ms0.0_mf0.0_seed14976684177860080345/families/family_023/misc/raxml_output.F81.raxml.bestTreeCollapsed
Best ML tree saved to: /home/fili/Documents/KIT/2023/BA/code/output/families/ssim_NE_s20_f100_sites200_GTR_bl1.0_d0.0_l0.0_t0.0_gc0.0_p0.0_pop10_ms0.0_mf0.0_seed14976684177860080345/families/family_023/misc/raxml_output.F81.raxml.bestTree
All ML trees saved to: /home/fili/Documents/KIT/2023/BA/code/output/families/ssim_NE_s20_f100_sites200_GTR_bl1.0_d0.0_l0.0_t0.0_gc0.0_p0.0_pop10_ms0.0_mf0.0_seed14976684177860080345/families/family_023/misc/raxml_output.F81.raxml.mlTrees
Optimized model saved to: /home/fili/Documents/KIT/2023/BA/code/output/families/ssim_NE_s20_f100_sites200_GTR_bl1.0_d0.0_l0.0_t0.0_gc0.0_p0.0_pop10_ms0.0_mf0.0_seed14976684177860080345/families/family_023/misc/raxml_output.F81.raxml.bestModel

Execution log saved to: /home/fili/Documents/KIT/2023/BA/code/output/families/ssim_NE_s20_f100_sites200_GTR_bl1.0_d0.0_l0.0_t0.0_gc0.0_p0.0_pop10_ms0.0_mf0.0_seed14976684177860080345/families/family_023/misc/raxml_output.F81.raxml.log

Analysis started: 27-Jun-2023 13:52:09 / finished: 27-Jun-2023 13:52:10

Elapsed time: 0.240 seconds

