
RAxML-NG v. 1.1.0 released on 29.11.2021 by The Exelixis Lab.
Developed by: Alexey M. Kozlov and Alexandros Stamatakis.
Contributors: Diego Darriba, Tomas Flouri, Benoit Morel, Sarah Lutteropp, Ben Bettisworth.
Latest version: https://github.com/amkozlov/raxml-ng
Questions/problems/suggestions? Please visit: https://groups.google.com/forum/#!forum/raxml

System: AMD Ryzen 7 5800X 8-Core Processor, 8 cores, 31 GB RAM

RAxML-NG was called at 16-Jun-2023 09:59:03 as follows:

/home/fili/Documents/KIT/2023/BA/resources/tools/RAxML-NG/raxml-ng --msa /home/fili/Documents/KIT/2023/BA/code/output/families/ssim_NE_s20_f100_sites200_GTR_bl1.0_d0.0_l0.0_t0.0_gc0.0_p0.0_pop10_ms0.0_mf0.0_seed1007/families/family_001/alignment.msa --model F81 --prefix /home/fili/Documents/KIT/2023/BA/code/output/families/ssim_NE_s20_f100_sites200_GTR_bl1.0_d0.0_l0.0_t0.0_gc0.0_p0.0_pop10_ms0.0_mf0.0_seed1007/families/family_001/misc/raxml_output.F81

Analysis options:
  run mode: ML tree search
  start tree(s): random (10) + parsimony (10)
  random seed: 1686902343
  tip-inner: OFF
  pattern compression: ON
  per-rate scalers: OFF
  site repeats: ON
  fast spr radius: AUTO
  spr subtree cutoff: 1.000000
  branch lengths: proportional (ML estimate, algorithm: NR-FAST)
  SIMD kernels: AVX2
  parallelization: coarse-grained (auto), PTHREADS (auto)

[00:00:00] Reading alignment from file: /home/fili/Documents/KIT/2023/BA/code/output/families/ssim_NE_s20_f100_sites200_GTR_bl1.0_d0.0_l0.0_t0.0_gc0.0_p0.0_pop10_ms0.0_mf0.0_seed1007/families/family_001/alignment.msa
[00:00:00] Loaded alignment with 20 taxa and 195 sites

WARNING: Sequences 19_0_0 and 12_0_0 are exactly identical!
WARNING: Sequences 8_0_0 and 2_0_0 are exactly identical!
WARNING: Duplicate sequences found: 2

NOTE: Reduced alignment (with duplicates and gap-only sites/taxa removed) 
NOTE: was saved to: /home/fili/Documents/KIT/2023/BA/code/output/families/ssim_NE_s20_f100_sites200_GTR_bl1.0_d0.0_l0.0_t0.0_gc0.0_p0.0_pop10_ms0.0_mf0.0_seed1007/families/family_001/misc/raxml_output.F81.raxml.reduced.phy

Alignment comprises 1 partitions and 81 patterns

Partition 0: noname
Model: F81+FO
Alignment sites / patterns: 195 / 81
Gaps: 0.00 %
Invariant sites: 55.90 %


NOTE: Binary MSA file created: /home/fili/Documents/KIT/2023/BA/code/output/families/ssim_NE_s20_f100_sites200_GTR_bl1.0_d0.0_l0.0_t0.0_gc0.0_p0.0_pop10_ms0.0_mf0.0_seed1007/families/family_001/misc/raxml_output.F81.raxml.rba

Parallelization scheme autoconfig: 8 worker(s) x 1 thread(s)

Parallel reduction/worker buffer size: 1 KB  / 0 KB

[00:00:00] Generating 10 random starting tree(s) with 20 taxa
[00:00:00] Generating 10 parsimony starting tree(s) with 20 taxa
[00:00:00] Data distribution: max. partitions/sites/weight per thread: 1 / 81 / 324
[00:00:00] Data distribution: max. searches per worker: 3

Starting ML tree search with 20 distinct starting trees

[00:00:00 -2422.654325] Initial branch length optimization
[00:00:00 -2113.400766] Model parameter optimization (eps = 10.000000)
[00:00:00 -2111.093245] AUTODETECT spr round 1 (radius: 5)
[00:00:00 -1545.302369] AUTODETECT spr round 2 (radius: 10)
[00:00:00 -1436.776094] AUTODETECT spr round 3 (radius: 15)
[00:00:00 -1436.774242] SPR radius for FAST iterations: 10 (autodetect)
[00:00:00 -1436.774242] Model parameter optimization (eps = 3.000000)
[00:00:00 -1436.287431] FAST spr round 1 (radius: 10)
[00:00:00 -1299.261090] FAST spr round 2 (radius: 10)
[00:00:00 -1297.242887] FAST spr round 3 (radius: 10)
[00:00:00 -1295.052744] FAST spr round 4 (radius: 10)
[00:00:00 -1292.123583] FAST spr round 5 (radius: 10)
[00:00:00 -1292.123575] Model parameter optimization (eps = 1.000000)
[00:00:00 -1292.053918] SLOW spr round 1 (radius: 5)
[00:00:00] [worker #2] ML tree search #3, logLikelihood: -1292.053906
[00:00:00] [worker #5] ML tree search #6, logLikelihood: -1291.834108
[00:00:00 -1292.053909] SLOW spr round 2 (radius: 10)
[00:00:00] [worker #3] ML tree search #4, logLikelihood: -1292.053907
[00:00:00 -1292.053909] SLOW spr round 3 (radius: 15)
[00:00:00] [worker #6] ML tree search #7, logLikelihood: -1292.053906
[00:00:00 -1292.053909] SLOW spr round 4 (radius: 20)
[00:00:00 -1292.053909] Model parameter optimization (eps = 0.100000)

[00:00:00] [worker #0] ML tree search #1, logLikelihood: -1292.053906

[00:00:00] [worker #4] ML tree search #5, logLikelihood: -1291.751694
[00:00:00] [worker #1] ML tree search #2, logLikelihood: -1291.751693
[00:00:00 -2555.946580] Initial branch length optimization
[00:00:00 -2334.562878] Model parameter optimization (eps = 10.000000)
[00:00:00 -2330.835969] AUTODETECT spr round 1 (radius: 5)
[00:00:00] [worker #7] ML tree search #8, logLikelihood: -1291.751694
[00:00:00 -1331.754991] AUTODETECT spr round 2 (radius: 10)
[00:00:00 -1331.747061] SPR radius for FAST iterations: 5 (autodetect)
[00:00:00 -1331.747061] Model parameter optimization (eps = 3.000000)
[00:00:00 -1330.887149] FAST spr round 1 (radius: 5)
[00:00:00 -1292.286307] FAST spr round 2 (radius: 5)
[00:00:00 -1292.286306] Model parameter optimization (eps = 1.000000)
[00:00:00 -1292.053970] SLOW spr round 1 (radius: 5)
[00:00:00] [worker #5] ML tree search #14, logLikelihood: -1291.751694
[00:00:00] [worker #2] ML tree search #11, logLikelihood: -1291.834105
[00:00:00 -1292.053929] SLOW spr round 2 (radius: 10)
[00:00:00] [worker #3] ML tree search #12, logLikelihood: -1294.639245
[00:00:00 -1292.053929] SLOW spr round 3 (radius: 15)
[00:00:00 -1292.053929] SLOW spr round 4 (radius: 20)
[00:00:00 -1292.053929] Model parameter optimization (eps = 0.100000)

[00:00:00] [worker #0] ML tree search #9, logLikelihood: -1292.053914

[00:00:00] [worker #4] ML tree search #13, logLikelihood: -1291.751695
[00:00:00 -1643.562425] Initial branch length optimization
[00:00:00 -1301.537749] Model parameter optimization (eps = 10.000000)
[00:00:00 -1300.450058] AUTODETECT spr round 1 (radius: 5)
[00:00:00] [worker #7] ML tree search #16, logLikelihood: -1291.834108
[00:00:00 -1291.843672] AUTODETECT spr round 2 (radius: 10)
[00:00:00] [worker #1] ML tree search #10, logLikelihood: -1291.751693
[00:00:00 -1291.843208] SPR radius for FAST iterations: 5 (autodetect)
[00:00:00 -1291.843208] Model parameter optimization (eps = 3.000000)
[00:00:00 -1291.834124] FAST spr round 1 (radius: 5)
[00:00:00 -1291.834108] Model parameter optimization (eps = 1.000000)
[00:00:00 -1291.834106] SLOW spr round 1 (radius: 5)
[00:00:00] [worker #2] ML tree search #19, logLikelihood: -1291.751694
[00:00:00] [worker #6] ML tree search #15, logLikelihood: -1292.053912
[00:00:00 -1291.834106] SLOW spr round 2 (radius: 10)
[00:00:00 -1291.834106] SLOW spr round 3 (radius: 15)
[00:00:00 -1291.834106] SLOW spr round 4 (radius: 20)
[00:00:00 -1291.834106] Model parameter optimization (eps = 0.100000)

[00:00:00] [worker #0] ML tree search #17, logLikelihood: -1291.834106

[00:00:00] [worker #1] ML tree search #18, logLikelihood: -1294.836993
[00:00:00] [worker #3] ML tree search #20, logLikelihood: -1292.053907

Optimized model parameters:

   Partition 0: noname
   Rate heterogeneity: NONE
   Base frequencies (ML): 0.239056 0.236169 0.244308 0.280467 
   Substitution rates (model): 1.000000 1.000000 1.000000 1.000000 1.000000 1.000000 


Final LogLikelihood: -1291.751693

AIC score: 2663.503386 / AICc score: 2684.802087 / BIC score: 2794.423369
Free parameters (model + branch lengths): 40

WARNING: Best ML tree contains 1 near-zero branches!

Best ML tree with collapsed near-zero branches saved to: /home/fili/Documents/KIT/2023/BA/code/output/families/ssim_NE_s20_f100_sites200_GTR_bl1.0_d0.0_l0.0_t0.0_gc0.0_p0.0_pop10_ms0.0_mf0.0_seed1007/families/family_001/misc/raxml_output.F81.raxml.bestTreeCollapsed
Best ML tree saved to: /home/fili/Documents/KIT/2023/BA/code/output/families/ssim_NE_s20_f100_sites200_GTR_bl1.0_d0.0_l0.0_t0.0_gc0.0_p0.0_pop10_ms0.0_mf0.0_seed1007/families/family_001/misc/raxml_output.F81.raxml.bestTree
All ML trees saved to: /home/fili/Documents/KIT/2023/BA/code/output/families/ssim_NE_s20_f100_sites200_GTR_bl1.0_d0.0_l0.0_t0.0_gc0.0_p0.0_pop10_ms0.0_mf0.0_seed1007/families/family_001/misc/raxml_output.F81.raxml.mlTrees
Optimized model saved to: /home/fili/Documents/KIT/2023/BA/code/output/families/ssim_NE_s20_f100_sites200_GTR_bl1.0_d0.0_l0.0_t0.0_gc0.0_p0.0_pop10_ms0.0_mf0.0_seed1007/families/family_001/misc/raxml_output.F81.raxml.bestModel

Execution log saved to: /home/fili/Documents/KIT/2023/BA/code/output/families/ssim_NE_s20_f100_sites200_GTR_bl1.0_d0.0_l0.0_t0.0_gc0.0_p0.0_pop10_ms0.0_mf0.0_seed1007/families/family_001/misc/raxml_output.F81.raxml.log

Analysis started: 16-Jun-2023 09:59:03 / finished: 16-Jun-2023 09:59:04

Elapsed time: 0.224 seconds

