
RAxML-NG v. 1.1.0 released on 29.11.2021 by The Exelixis Lab.
Developed by: Alexey M. Kozlov and Alexandros Stamatakis.
Contributors: Diego Darriba, Tomas Flouri, Benoit Morel, Sarah Lutteropp, Ben Bettisworth.
Latest version: https://github.com/amkozlov/raxml-ng
Questions/problems/suggestions? Please visit: https://groups.google.com/forum/#!forum/raxml

System: AMD Ryzen 7 5800X 8-Core Processor, 8 cores, 31 GB RAM

RAxML-NG was called at 13-Jun-2023 13:44:02 as follows:

/home/fili/Documents/KIT/2023/BA/resources/tools/RAxML-NG/raxml-ng --msa /home/fili/Documents/KIT/2023/BA/code/output/families/ssim_NE_s20_f100_sites200_GTR_bl1.0_d0.0_l0.0_t0.0_gc0.0_p0.0_pop10_ms0.0_mf0.0_seed42/families/family_097/alignment.msa --model F81 --prefix /home/fili/Documents/KIT/2023/BA/code/output/families/ssim_NE_s20_f100_sites200_GTR_bl1.0_d0.0_l0.0_t0.0_gc0.0_p0.0_pop10_ms0.0_mf0.0_seed42/families/family_097/misc/raxml_output.F81

Analysis options:
  run mode: ML tree search
  start tree(s): random (10) + parsimony (10)
  random seed: 1686656642
  tip-inner: OFF
  pattern compression: ON
  per-rate scalers: OFF
  site repeats: ON
  fast spr radius: AUTO
  spr subtree cutoff: 1.000000
  branch lengths: proportional (ML estimate, algorithm: NR-FAST)
  SIMD kernels: AVX2
  parallelization: coarse-grained (auto), PTHREADS (auto)

[00:00:00] Reading alignment from file: /home/fili/Documents/KIT/2023/BA/code/output/families/ssim_NE_s20_f100_sites200_GTR_bl1.0_d0.0_l0.0_t0.0_gc0.0_p0.0_pop10_ms0.0_mf0.0_seed42/families/family_097/alignment.msa
[00:00:00] Loaded alignment with 20 taxa and 218 sites

WARNING: Sequences 7_0_0 and 13_0_0 are exactly identical!
WARNING: Sequences 7_0_0 and 9_0_0 are exactly identical!
WARNING: Sequences 1_0_0 and 3_0_0 are exactly identical!
WARNING: Sequences 1_0_0 and 2_0_0 are exactly identical!
WARNING: Duplicate sequences found: 4

NOTE: Reduced alignment (with duplicates and gap-only sites/taxa removed) 
NOTE: was saved to: /home/fili/Documents/KIT/2023/BA/code/output/families/ssim_NE_s20_f100_sites200_GTR_bl1.0_d0.0_l0.0_t0.0_gc0.0_p0.0_pop10_ms0.0_mf0.0_seed42/families/family_097/misc/raxml_output.F81.raxml.reduced.phy

Alignment comprises 1 partitions and 128 patterns

Partition 0: noname
Model: F81+FO
Alignment sites / patterns: 218 / 128
Gaps: 0.00 %
Invariant sites: 33.03 %


NOTE: Binary MSA file created: /home/fili/Documents/KIT/2023/BA/code/output/families/ssim_NE_s20_f100_sites200_GTR_bl1.0_d0.0_l0.0_t0.0_gc0.0_p0.0_pop10_ms0.0_mf0.0_seed42/families/family_097/misc/raxml_output.F81.raxml.rba

Parallelization scheme autoconfig: 8 worker(s) x 1 thread(s)

Parallel reduction/worker buffer size: 1 KB  / 0 KB

[00:00:00] Generating 10 random starting tree(s) with 20 taxa
[00:00:00] Generating 10 parsimony starting tree(s) with 20 taxa
[00:00:00] Data distribution: max. partitions/sites/weight per thread: 1 / 128 / 512
[00:00:00] Data distribution: max. searches per worker: 3

Starting ML tree search with 20 distinct starting trees

[00:00:00 -3529.899298] Initial branch length optimization
[00:00:00 -3062.204488] Model parameter optimization (eps = 10.000000)
[00:00:00 -2966.129731] AUTODETECT spr round 1 (radius: 5)
[00:00:00 -1643.145930] AUTODETECT spr round 2 (radius: 10)
[00:00:00 -1643.145743] SPR radius for FAST iterations: 5 (autodetect)
[00:00:00 -1643.145743] Model parameter optimization (eps = 3.000000)
[00:00:00 -1641.924433] FAST spr round 1 (radius: 5)
[00:00:00 -1605.211076] FAST spr round 2 (radius: 5)
[00:00:00 -1605.036510] FAST spr round 3 (radius: 5)
[00:00:00 -1605.036345] Model parameter optimization (eps = 1.000000)
[00:00:00 -1604.990861] SLOW spr round 1 (radius: 5)
[00:00:00] [worker #7] ML tree search #8, logLikelihood: -1605.025586
[00:00:00] [worker #2] ML tree search #3, logLikelihood: -1604.990842
[00:00:00] [worker #1] ML tree search #2, logLikelihood: -1604.990840
[00:00:00] [worker #5] ML tree search #6, logLikelihood: -1604.990842
[00:00:00] [worker #3] ML tree search #4, logLikelihood: -1605.025583
[00:00:00] [worker #6] ML tree search #7, logLikelihood: -1604.990843
[00:00:00 -1604.990842] SLOW spr round 2 (radius: 10)
[00:00:00 -1604.990842] SLOW spr round 3 (radius: 15)
[00:00:00 -1604.990842] SLOW spr round 4 (radius: 20)
[00:00:00 -1604.990842] Model parameter optimization (eps = 0.100000)

[00:00:00] [worker #0] ML tree search #1, logLikelihood: -1604.990841

[00:00:00] [worker #7] ML tree search #16, logLikelihood: -1604.990841
[00:00:00] [worker #4] ML tree search #5, logLikelihood: -1604.990840
[00:00:00 -3220.340293] Initial branch length optimization
[00:00:00 -2732.540312] Model parameter optimization (eps = 10.000000)
[00:00:00] [worker #2] ML tree search #11, logLikelihood: -1605.025583
[00:00:00 -2662.165486] AUTODETECT spr round 1 (radius: 5)
[00:00:00] [worker #3] ML tree search #12, logLikelihood: -1605.025582
[00:00:00 -1824.244630] AUTODETECT spr round 2 (radius: 10)
[00:00:00] [worker #5] ML tree search #14, logLikelihood: -1605.025585
[00:00:00 -1785.646202] AUTODETECT spr round 3 (radius: 15)
[00:00:00 -1785.645810] SPR radius for FAST iterations: 10 (autodetect)
[00:00:00 -1785.645810] Model parameter optimization (eps = 3.000000)
[00:00:00 -1784.391028] FAST spr round 1 (radius: 10)
[00:00:00] [worker #1] ML tree search #10, logLikelihood: -1604.990842
[00:00:00] [worker #6] ML tree search #15, logLikelihood: -1605.025586
[00:00:00 -1605.050186] FAST spr round 2 (radius: 10)
[00:00:00 -1605.050156] Model parameter optimization (eps = 1.000000)
[00:00:00 -1605.025588] SLOW spr round 1 (radius: 5)
[00:00:00 -1605.025586] SLOW spr round 2 (radius: 10)
[00:00:00] [worker #4] ML tree search #13, logLikelihood: -1604.990840
[00:00:00] [worker #2] ML tree search #19, logLikelihood: -1605.025585
[00:00:00] [worker #3] ML tree search #20, logLikelihood: -1605.025582
[00:00:00 -1605.025586] SLOW spr round 3 (radius: 15)
[00:00:00 -1605.025586] SLOW spr round 4 (radius: 20)
[00:00:00 -1605.025586] Model parameter optimization (eps = 0.100000)

[00:00:00] [worker #0] ML tree search #9, logLikelihood: -1605.025583

[00:00:00 -2071.931221] Initial branch length optimization
[00:00:00 -1644.487567] Model parameter optimization (eps = 10.000000)
[00:00:00 -1606.254208] AUTODETECT spr round 1 (radius: 5)
[00:00:00 -1605.013321] AUTODETECT spr round 2 (radius: 10)
[00:00:00 -1605.012608] SPR radius for FAST iterations: 5 (autodetect)
[00:00:00 -1605.012608] Model parameter optimization (eps = 3.000000)
[00:00:00] [worker #1] ML tree search #18, logLikelihood: -1605.025587
[00:00:00 -1604.990850] FAST spr round 1 (radius: 5)
[00:00:00 -1604.990842] Model parameter optimization (eps = 1.000000)
[00:00:00 -1604.990841] SLOW spr round 1 (radius: 5)
[00:00:00 -1604.990841] SLOW spr round 2 (radius: 10)
[00:00:00 -1604.990841] SLOW spr round 3 (radius: 15)
[00:00:00 -1604.990841] SLOW spr round 4 (radius: 20)
[00:00:00 -1604.990841] Model parameter optimization (eps = 0.100000)

[00:00:00] [worker #0] ML tree search #17, logLikelihood: -1604.990841


Optimized model parameters:

   Partition 0: noname
   Rate heterogeneity: NONE
   Base frequencies (ML): 0.322923 0.143577 0.360331 0.173169 
   Substitution rates (model): 1.000000 1.000000 1.000000 1.000000 1.000000 1.000000 


Final LogLikelihood: -1604.990840

AIC score: 3289.981679 / AICc score: 3308.512753 / BIC score: 3425.361482
Free parameters (model + branch lengths): 40

WARNING: Best ML tree contains 3 near-zero branches!

Best ML tree with collapsed near-zero branches saved to: /home/fili/Documents/KIT/2023/BA/code/output/families/ssim_NE_s20_f100_sites200_GTR_bl1.0_d0.0_l0.0_t0.0_gc0.0_p0.0_pop10_ms0.0_mf0.0_seed42/families/family_097/misc/raxml_output.F81.raxml.bestTreeCollapsed
Best ML tree saved to: /home/fili/Documents/KIT/2023/BA/code/output/families/ssim_NE_s20_f100_sites200_GTR_bl1.0_d0.0_l0.0_t0.0_gc0.0_p0.0_pop10_ms0.0_mf0.0_seed42/families/family_097/misc/raxml_output.F81.raxml.bestTree
All ML trees saved to: /home/fili/Documents/KIT/2023/BA/code/output/families/ssim_NE_s20_f100_sites200_GTR_bl1.0_d0.0_l0.0_t0.0_gc0.0_p0.0_pop10_ms0.0_mf0.0_seed42/families/family_097/misc/raxml_output.F81.raxml.mlTrees
Optimized model saved to: /home/fili/Documents/KIT/2023/BA/code/output/families/ssim_NE_s20_f100_sites200_GTR_bl1.0_d0.0_l0.0_t0.0_gc0.0_p0.0_pop10_ms0.0_mf0.0_seed42/families/family_097/misc/raxml_output.F81.raxml.bestModel

Execution log saved to: /home/fili/Documents/KIT/2023/BA/code/output/families/ssim_NE_s20_f100_sites200_GTR_bl1.0_d0.0_l0.0_t0.0_gc0.0_p0.0_pop10_ms0.0_mf0.0_seed42/families/family_097/misc/raxml_output.F81.raxml.log

Analysis started: 13-Jun-2023 13:44:02 / finished: 13-Jun-2023 13:44:02

Elapsed time: 0.278 seconds

