
RAxML-NG v. 1.1.0 released on 29.11.2021 by The Exelixis Lab.
Developed by: Alexey M. Kozlov and Alexandros Stamatakis.
Contributors: Diego Darriba, Tomas Flouri, Benoit Morel, Sarah Lutteropp, Ben Bettisworth.
Latest version: https://github.com/amkozlov/raxml-ng
Questions/problems/suggestions? Please visit: https://groups.google.com/forum/#!forum/raxml

System: AMD Ryzen 7 5800X 8-Core Processor, 8 cores, 31 GB RAM

RAxML-NG was called at 27-Jun-2023 13:47:23 as follows:

/home/fili/Documents/KIT/2023/BA/resources/tools/RAxML-NG/raxml-ng --msa /home/fili/Documents/KIT/2023/BA/code/output/families/ssim_NE_s20_f100_sites200_GTR_bl1.0_d0.0_l0.0_t0.0_gc0.0_p0.0_pop10_ms0.0_mf0.0_seed121873/families/family_006/alignment.msa --model F81 --prefix /home/fili/Documents/KIT/2023/BA/code/output/families/ssim_NE_s20_f100_sites200_GTR_bl1.0_d0.0_l0.0_t0.0_gc0.0_p0.0_pop10_ms0.0_mf0.0_seed121873/families/family_006/misc/raxml_output.F81

Analysis options:
  run mode: ML tree search
  start tree(s): random (10) + parsimony (10)
  random seed: 1687866443
  tip-inner: OFF
  pattern compression: ON
  per-rate scalers: OFF
  site repeats: ON
  fast spr radius: AUTO
  spr subtree cutoff: 1.000000
  branch lengths: proportional (ML estimate, algorithm: NR-FAST)
  SIMD kernels: AVX2
  parallelization: coarse-grained (auto), PTHREADS (auto)

[00:00:00] Reading alignment from file: /home/fili/Documents/KIT/2023/BA/code/output/families/ssim_NE_s20_f100_sites200_GTR_bl1.0_d0.0_l0.0_t0.0_gc0.0_p0.0_pop10_ms0.0_mf0.0_seed121873/families/family_006/alignment.msa
[00:00:00] Loaded alignment with 20 taxa and 232 sites

Alignment comprises 1 partitions and 126 patterns

Partition 0: noname
Model: F81+FO
Alignment sites / patterns: 232 / 126
Gaps: 0.00 %
Invariant sites: 38.36 %


NOTE: Binary MSA file created: /home/fili/Documents/KIT/2023/BA/code/output/families/ssim_NE_s20_f100_sites200_GTR_bl1.0_d0.0_l0.0_t0.0_gc0.0_p0.0_pop10_ms0.0_mf0.0_seed121873/families/family_006/misc/raxml_output.F81.raxml.rba

Parallelization scheme autoconfig: 8 worker(s) x 1 thread(s)

Parallel reduction/worker buffer size: 1 KB  / 0 KB

[00:00:00] Generating 10 random starting tree(s) with 20 taxa
[00:00:00] Generating 10 parsimony starting tree(s) with 20 taxa
[00:00:00] Data distribution: max. partitions/sites/weight per thread: 1 / 126 / 504
[00:00:00] Data distribution: max. searches per worker: 3

Starting ML tree search with 20 distinct starting trees

[00:00:00 -3457.527211] Initial branch length optimization
[00:00:00 -3149.143771] Model parameter optimization (eps = 10.000000)
[00:00:00 -3114.122004] AUTODETECT spr round 1 (radius: 5)
[00:00:00 -1787.178356] AUTODETECT spr round 2 (radius: 10)
[00:00:00 -1787.178295] SPR radius for FAST iterations: 5 (autodetect)
[00:00:00 -1787.178295] Model parameter optimization (eps = 3.000000)
[00:00:00 -1785.569006] FAST spr round 1 (radius: 5)
[00:00:00 -1714.462939] FAST spr round 2 (radius: 5)
[00:00:00 -1706.301269] FAST spr round 3 (radius: 5)
[00:00:00 -1705.474434] FAST spr round 4 (radius: 5)
[00:00:00] [worker #4] ML tree search #5, logLikelihood: -1705.425885
[00:00:00] [worker #3] ML tree search #4, logLikelihood: -1705.425882
[00:00:00 -1705.474414] Model parameter optimization (eps = 1.000000)
[00:00:00 -1705.425891] SLOW spr round 1 (radius: 5)
[00:00:00] [worker #1] ML tree search #2, logLikelihood: -1705.425882
[00:00:00] [worker #2] ML tree search #3, logLikelihood: -1705.425883
[00:00:00 -1705.425883] SLOW spr round 2 (radius: 10)
[00:00:00] [worker #6] ML tree search #7, logLikelihood: -1705.425883
[00:00:00 -1705.425883] SLOW spr round 3 (radius: 15)
[00:00:00 -1705.425883] SLOW spr round 4 (radius: 20)
[00:00:00 -1705.425883] Model parameter optimization (eps = 0.100000)

[00:00:00] [worker #0] ML tree search #1, logLikelihood: -1705.425882

[00:00:00] [worker #7] ML tree search #8, logLikelihood: -1705.425887
[00:00:00 -3681.142562] Initial branch length optimization
[00:00:00 -3320.467376] Model parameter optimization (eps = 10.000000)
[00:00:00 -3264.292784] AUTODETECT spr round 1 (radius: 5)
[00:00:00 -1774.108512] AUTODETECT spr round 2 (radius: 10)
[00:00:00 -1774.104933] SPR radius for FAST iterations: 5 (autodetect)
[00:00:00 -1774.104933] Model parameter optimization (eps = 3.000000)
[00:00:00] [worker #3] ML tree search #12, logLikelihood: -1705.425881
[00:00:00 -1772.523656] FAST spr round 1 (radius: 5)
[00:00:00] [worker #4] ML tree search #13, logLikelihood: -1705.425882
[00:00:00] [worker #5] ML tree search #6, logLikelihood: -1705.425881
[00:00:00 -1705.620438] FAST spr round 2 (radius: 5)
[00:00:00 -1705.620436] Model parameter optimization (eps = 1.000000)
[00:00:00 -1705.425941] SLOW spr round 1 (radius: 5)
[00:00:00] [worker #2] ML tree search #11, logLikelihood: -1705.425882
[00:00:00] [worker #1] ML tree search #10, logLikelihood: -1705.425885
[00:00:00 -1705.425896] SLOW spr round 2 (radius: 10)
[00:00:00 -1705.425896] SLOW spr round 3 (radius: 15)
[00:00:00 -1705.425896] SLOW spr round 4 (radius: 20)
[00:00:00 -1705.425896] Model parameter optimization (eps = 0.100000)

[00:00:00] [worker #0] ML tree search #9, logLikelihood: -1705.425884

[00:00:00 -2130.834382] Initial branch length optimization
[00:00:00 -1732.620708] Model parameter optimization (eps = 10.000000)
[00:00:00 -1719.804388] AUTODETECT spr round 1 (radius: 5)
[00:00:00 -1707.956550] AUTODETECT spr round 2 (radius: 10)
[00:00:00] [worker #3] ML tree search #20, logLikelihood: -1705.425882
[00:00:00] [worker #6] ML tree search #15, logLikelihood: -1705.425881
[00:00:00 -1707.954166] SPR radius for FAST iterations: 5 (autodetect)
[00:00:00 -1707.954166] Model parameter optimization (eps = 3.000000)
[00:00:00] [worker #7] ML tree search #16, logLikelihood: -1705.425896
[00:00:00 -1707.889621] FAST spr round 1 (radius: 5)
[00:00:00] [worker #2] ML tree search #19, logLikelihood: -1705.425882
[00:00:00 -1705.434007] FAST spr round 2 (radius: 5)
[00:00:00 -1705.433976] Model parameter optimization (eps = 1.000000)
[00:00:00 -1705.425886] SLOW spr round 1 (radius: 5)
[00:00:00] [worker #1] ML tree search #18, logLikelihood: -1705.425882
[00:00:00 -1705.425885] SLOW spr round 2 (radius: 10)
[00:00:00 -1705.425885] SLOW spr round 3 (radius: 15)
[00:00:00 -1705.425885] SLOW spr round 4 (radius: 20)
[00:00:00 -1705.425885] Model parameter optimization (eps = 0.100000)

[00:00:00] [worker #0] ML tree search #17, logLikelihood: -1705.425883

[00:00:00] [worker #5] ML tree search #14, logLikelihood: -1705.425883

Optimized model parameters:

   Partition 0: noname
   Rate heterogeneity: NONE
   Base frequencies (ML): 0.175465 0.247722 0.247905 0.328909 
   Substitution rates (model): 1.000000 1.000000 1.000000 1.000000 1.000000 1.000000 


Final LogLikelihood: -1705.425881

AIC score: 3490.851762 / AICc score: 3508.024537 / BIC score: 3628.721257
Free parameters (model + branch lengths): 40

WARNING: Best ML tree contains 1 near-zero branches!

Best ML tree with collapsed near-zero branches saved to: /home/fili/Documents/KIT/2023/BA/code/output/families/ssim_NE_s20_f100_sites200_GTR_bl1.0_d0.0_l0.0_t0.0_gc0.0_p0.0_pop10_ms0.0_mf0.0_seed121873/families/family_006/misc/raxml_output.F81.raxml.bestTreeCollapsed
Best ML tree saved to: /home/fili/Documents/KIT/2023/BA/code/output/families/ssim_NE_s20_f100_sites200_GTR_bl1.0_d0.0_l0.0_t0.0_gc0.0_p0.0_pop10_ms0.0_mf0.0_seed121873/families/family_006/misc/raxml_output.F81.raxml.bestTree
All ML trees saved to: /home/fili/Documents/KIT/2023/BA/code/output/families/ssim_NE_s20_f100_sites200_GTR_bl1.0_d0.0_l0.0_t0.0_gc0.0_p0.0_pop10_ms0.0_mf0.0_seed121873/families/family_006/misc/raxml_output.F81.raxml.mlTrees
Optimized model saved to: /home/fili/Documents/KIT/2023/BA/code/output/families/ssim_NE_s20_f100_sites200_GTR_bl1.0_d0.0_l0.0_t0.0_gc0.0_p0.0_pop10_ms0.0_mf0.0_seed121873/families/family_006/misc/raxml_output.F81.raxml.bestModel

Execution log saved to: /home/fili/Documents/KIT/2023/BA/code/output/families/ssim_NE_s20_f100_sites200_GTR_bl1.0_d0.0_l0.0_t0.0_gc0.0_p0.0_pop10_ms0.0_mf0.0_seed121873/families/family_006/misc/raxml_output.F81.raxml.log

Analysis started: 27-Jun-2023 13:47:23 / finished: 27-Jun-2023 13:47:24

Elapsed time: 0.256 seconds

